2.995832562446594238e-01
3.489844799041748047e-01
2.559110820293426514e-01
3.634625971317291260e-01
3.660719096660614014e-01
3.915193974971771240e-01
2.672699093818664551e-01
2.403520941734313965e-01
2.437173426151275635e-01
3.746665716171264648e-01
2.779644131660461426e-01
2.707906663417816162e-01
3.591459989547729492e-01
3.666176795959472656e-01
1.661377549171447754e-01
2.719451189041137695e-01
2.876304984092712402e-01
2.891743779182434082e-01
3.427243232727050781e-01
2.830082178115844727e-01
3.177797198295593262e-01
3.848003745079040527e-01
1.919664740562438965e-01
2.980327606201171875e-01
3.127994537353515625e-01
3.126482963562011719e-01
3.068394958972930908e-01
3.014819025993347168e-01
3.119503855705261230e-01
2.994528412818908691e-01
2.665110230445861816e-01
2.940235137939453125e-01
2.869577407836914062e-01
2.949108481407165527e-01
2.857256531715393066e-01
2.933456897735595703e-01
3.150181174278259277e-01
2.729385495185852051e-01
2.325616180896759033e-01
2.341801226139068604e-01
3.236963748931884766e-01
2.663961052894592285e-01
2.334775030612945557e-01
2.919204235076904297e-01
2.863033413887023926e-01
2.365154922008514404e-01
3.287220001220703125e-01
2.763176560401916504e-01
2.666591107845306396e-01
2.681498825550079346e-01
2.668659687042236328e-01
3.129371404647827148e-01
2.671133875846862793e-01
3.101434707641601562e-01
2.975721955299377441e-01
2.858565449714660645e-01
2.675454616546630859e-01
2.890980243682861328e-01
2.674511671066284180e-01
2.960698604583740234e-01
2.872668206691741943e-01
2.946938276290893555e-01
2.936347126960754395e-01
2.879756093025207520e-01
2.852413058280944824e-01
2.781354188919067383e-01
2.932718992233276367e-01
2.816070318222045898e-01
2.836487889289855957e-01
2.857387959957122803e-01
2.861558198928833008e-01
2.984122037887573242e-01
3.023250102996826172e-01
2.460612356662750244e-01
2.870124578475952148e-01
2.969177961349487305e-01
2.946573495864868164e-01
3.891279697418212891e-01
3.273615241050720215e-01
2.914282083511352539e-01
3.500990867614746094e-01
2.671458125114440918e-01
3.016034066677093506e-01
2.818279862403869629e-01
2.834579944610595703e-01
2.992193102836608887e-01
2.669169902801513672e-01
3.742384314537048340e-01
2.841036319732666016e-01
2.851002514362335205e-01
2.884573638439178467e-01
3.052893877029418945e-01
2.672234177589416504e-01
3.258787989616394043e-01
2.677007913589477539e-01
2.901933491230010986e-01
2.927381396293640137e-01
2.672158181667327881e-01
2.937260270118713379e-01
3.048298060894012451e-01
2.961844205856323242e-01
2.887208461761474609e-01
3.056944608688354492e-01
2.930086851119995117e-01
3.036884367465972900e-01
3.018320202827453613e-01
3.027670383453369141e-01
2.960754632949829102e-01
2.868022620677947998e-01
2.672681212425231934e-01
2.858293950557708740e-01
2.953293025493621826e-01
3.021143674850463867e-01
2.901262938976287842e-01
2.687380313873291016e-01
2.864139676094055176e-01
2.904469370841979980e-01
3.009166419506072998e-01
2.796293497085571289e-01
2.855603098869323730e-01
2.822108864784240723e-01
2.801685929298400879e-01
2.983236312866210938e-01
2.796690464019775391e-01
2.952170372009277344e-01
2.810899019241333008e-01
2.796921730041503906e-01
2.912948429584503174e-01
2.813909649848937988e-01
2.899226546287536621e-01
2.848391532897949219e-01
2.955497205257415771e-01
2.807291150093078613e-01
2.942844629287719727e-01
2.776671946048736572e-01
2.777644395828247070e-01
2.787195146083831787e-01
2.786750197410583496e-01
2.835229337215423584e-01
2.812652587890625000e-01
2.789455056190490723e-01
2.792993783950805664e-01
2.846404910087585449e-01
2.926772832870483398e-01
2.790615558624267578e-01
2.788154780864715576e-01
2.782309055328369141e-01
2.822391986846923828e-01
2.805719673633575439e-01
2.957828342914581299e-01
2.947938740253448486e-01
2.787118256092071533e-01
2.777873873710632324e-01
2.777864336967468262e-01
2.772843241691589355e-01
2.855033576488494873e-01
2.773831486701965332e-01
2.969704866409301758e-01
3.010141551494598389e-01
2.848832607269287109e-01
2.773427963256835938e-01
2.796115279197692871e-01
2.771825790405273438e-01
2.780403494834899902e-01
2.809947729110717773e-01
2.768864631652832031e-01
2.763634920120239258e-01
2.767969369888305664e-01
2.766875624656677246e-01
2.762727737426757812e-01
2.769151329994201660e-01
2.764936089515686035e-01
2.768722176551818848e-01
2.764647305011749268e-01
2.761479616165161133e-01
2.771228551864624023e-01
2.771541774272918701e-01
2.765779495239257812e-01
2.774552404880523682e-01
2.774146795272827148e-01
2.762497067451477051e-01
2.758629918098449707e-01
2.773601710796356201e-01
2.776838839054107666e-01
2.767108976840972900e-01
2.760336697101593018e-01
2.768260240554809570e-01
2.758469879627227783e-01
2.770048379898071289e-01
2.770462632179260254e-01
2.773343324661254883e-01
2.759814262390136719e-01
2.770962715148925781e-01
2.782954573631286621e-01
2.778208255767822266e-01
2.758865356445312500e-01
2.775778174400329590e-01
2.751999199390411377e-01
2.760609090328216553e-01
2.731454372406005859e-01
2.748634219169616699e-01
2.748377919197082520e-01
2.755677998065948486e-01
2.760613560676574707e-01
2.763264775276184082e-01
2.761935591697692871e-01
2.762430906295776367e-01
2.763397395610809326e-01
2.753543257713317871e-01
2.750104665756225586e-01
2.750736474990844727e-01
2.740186452865600586e-01
2.741538882255554199e-01
2.744306325912475586e-01
2.748513519763946533e-01
2.757075130939483643e-01
2.738686800003051758e-01
2.744003534317016602e-01
2.737098336219787598e-01
2.756383121013641357e-01
2.739046216011047363e-01
2.735999226570129395e-01
2.736921906471252441e-01
2.739729881286621094e-01
2.741612792015075684e-01
2.742527723312377930e-01
2.740876078605651855e-01
2.738878130912780762e-01
2.738230824470520020e-01
2.740550041198730469e-01
2.738703489303588867e-01
2.739373445510864258e-01
2.740192413330078125e-01
2.741187214851379395e-01
2.758899033069610596e-01
2.769051194190979004e-01
2.773603200912475586e-01
2.777451276779174805e-01
2.775165438652038574e-01
2.772909402847290039e-01
2.774347662925720215e-01
2.773757576942443848e-01
2.760388255119323730e-01
2.772411704063415527e-01
2.754820585250854492e-01
2.777151763439178467e-01
2.773464918136596680e-01
2.781380712985992432e-01
2.767454981803894043e-01
2.776623368263244629e-01
2.771795988082885742e-01
2.773326039314270020e-01
2.777584195137023926e-01
2.769718170166015625e-01
2.776953577995300293e-01
2.781758904457092285e-01
2.774638831615447998e-01
2.761520743370056152e-01
2.776591181755065918e-01
2.775556445121765137e-01
2.776932716369628906e-01
2.776874601840972900e-01
2.778012752532958984e-01
2.765621542930603027e-01
2.770668268203735352e-01
2.776371836662292480e-01
2.778581976890563965e-01
2.773362398147583008e-01
2.774288058280944824e-01
2.772559523582458496e-01
2.775865495204925537e-01
2.777799069881439209e-01
2.778771519660949707e-01
2.768276333808898926e-01
2.775858938694000244e-01
2.778128981590270996e-01
2.774701714515686035e-01
2.777169346809387207e-01
2.779200077056884766e-01
2.774002254009246826e-01
2.774764299392700195e-01
2.768711447715759277e-01
2.774102687835693359e-01
2.772528529167175293e-01
2.772605419158935547e-01
2.772502303123474121e-01
2.772828936576843262e-01
2.763839960098266602e-01
2.775083780288696289e-01
2.774115800857543945e-01
2.775673866271972656e-01
2.772863805294036865e-01
2.765173017978668213e-01
2.768266797065734863e-01
2.770100831985473633e-01
2.766378223896026611e-01
2.764109373092651367e-01
2.763655781745910645e-01
2.762141227722167969e-01
2.764792442321777344e-01
2.767973840236663818e-01
2.767694294452667236e-01
2.767732441425323486e-01
2.765181064605712891e-01
2.766405940055847168e-01
2.765281498432159424e-01
2.766031324863433838e-01
2.762343883514404297e-01
2.754777967929840088e-01
2.752112150192260742e-01
2.756493687629699707e-01
2.752823531627655029e-01
2.759610712528228760e-01
2.761713266372680664e-01
2.763289213180541992e-01
2.759643495082855225e-01
2.758902907371520996e-01
2.757430374622344971e-01
2.756746411323547363e-01
2.755351364612579346e-01
2.764261960983276367e-01
2.764250338077545166e-01
2.761805057525634766e-01
2.756421267986297607e-01
2.758748531341552734e-01
2.758945226669311523e-01
2.760563194751739502e-01
2.747130692005157471e-01
2.742904126644134521e-01
2.745513916015625000e-01
