4.426528811454772949e-01
4.426057934761047363e-01
4.428415596485137939e-01
4.430016577243804932e-01
4.430130124092102051e-01
4.428598284721374512e-01
4.429444074630737305e-01
4.430800974369049072e-01
4.430263936519622803e-01
4.430307447910308838e-01
4.430080950260162354e-01
4.429847002029418945e-01
4.429458379745483398e-01
4.429902434349060059e-01
4.430530369281768799e-01
4.434799849987030029e-01
3.788025975227355957e-01
3.772212266921997070e-01
4.417797625064849854e-01
4.434087872505187988e-01
3.783068656921386719e-01
3.778539896011352539e-01
4.436272680759429932e-01
4.472122192382812500e-01
4.856343865394592285e-01
4.548903405666351318e-01
3.249900937080383301e-01
4.690786302089691162e-01
4.351859986782073975e-01
3.420361280441284180e-01
3.513454198837280273e-01
3.342182934284210205e-01
4.888300597667694092e-01
4.881331622600555420e-01
3.378165364265441895e-01
3.366313576698303223e-01
3.360475301742553711e-01
3.920908868312835693e-01
3.419960737228393555e-01
3.556114733219146729e-01
3.473366796970367432e-01
4.979461133480072021e-01
3.992771208286285400e-01
3.976340889930725098e-01
4.046118855476379395e-01
3.730803132057189941e-01
3.775383532047271729e-01
3.786808848381042480e-01
4.432945251464843750e-01
3.743716478347778320e-01
3.767739534378051758e-01
4.434641003608703613e-01
3.777111172676086426e-01
4.431217014789581299e-01
3.819850385189056396e-01
4.425057470798492432e-01
4.433072507381439209e-01
4.432491064071655273e-01
4.432025253772735596e-01
4.431787431240081787e-01
4.431429505348205566e-01
4.432761967182159424e-01
4.433110952377319336e-01
4.433539807796478271e-01
4.433662593364715576e-01
4.433522820472717285e-01
4.437100887298583984e-01
4.444481730461120605e-01
3.736427426338195801e-01
3.787571787834167480e-01
4.438031017780303955e-01
4.439474642276763916e-01
4.441231787204742432e-01
4.447261989116668701e-01
4.452589154243469238e-01
4.455610513687133789e-01
4.461261928081512451e-01
4.463983476161956787e-01
4.460515677928924561e-01
4.460276663303375244e-01
4.460387825965881348e-01
4.461862146854400635e-01
4.461405277252197266e-01
4.460904002189636230e-01
4.461745023727416992e-01
4.462953805923461914e-01
4.462933540344238281e-01
4.460229575634002686e-01
4.460687935352325439e-01
4.460810422897338867e-01
4.460174441337585449e-01
4.461163282394409180e-01
4.460619688034057617e-01
4.463074505329132080e-01
4.465968608856201172e-01
4.467289149761199951e-01
4.466466903686523438e-01
4.464681744575500488e-01
4.466166794300079346e-01
4.466866254806518555e-01
4.467421174049377441e-01
4.465794563293457031e-01
4.466337561607360840e-01
4.467388689517974854e-01
4.464536309242248535e-01
4.464407563209533691e-01
4.465725719928741455e-01
4.464378952980041504e-01
4.467907845973968506e-01
4.468360841274261475e-01
4.466126263141632080e-01
4.469166398048400879e-01
4.465168714523315430e-01
4.475688934326171875e-01
4.464448690414428711e-01
4.468122720718383789e-01
4.468612074851989746e-01
4.472935795783996582e-01
4.464898705482482910e-01
4.468975365161895752e-01
4.469994008541107178e-01
4.465842247009277344e-01
4.477549195289611816e-01
4.464064240455627441e-01
4.467683732509613037e-01
4.470317363739013672e-01
4.466599225997924805e-01
4.470266103744506836e-01
4.467417299747467041e-01
4.468846917152404785e-01
4.468885958194732666e-01
4.467643499374389648e-01
4.468270540237426758e-01
4.469756484031677246e-01
4.468289017677307129e-01
4.466958642005920410e-01
4.472597241401672363e-01
4.466387331485748291e-01
4.477002918720245361e-01
4.468407630920410156e-01
4.468194246292114258e-01
4.472144246101379395e-01
4.468238949775695801e-01
4.470386803150177002e-01
4.467340111732482910e-01
4.472417533397674561e-01
4.467826783657073975e-01
4.474504590034484863e-01
4.468007683753967285e-01
4.470480978488922119e-01
4.469837546348571777e-01
4.469136297702789307e-01
4.470346868038177490e-01
4.471154212951660156e-01
4.469369351863861084e-01
4.471239745616912842e-01
4.469782412052154541e-01
4.470512568950653076e-01
4.469787180423736572e-01
4.469329118728637695e-01
4.473060667514801025e-01
4.467396140098571777e-01
4.475919604301452637e-01
4.471080899238586426e-01
4.469068348407745361e-01
4.471950531005859375e-01
4.466795027256011963e-01
4.452662169933319092e-01
4.454417228698730469e-01
4.456684589385986328e-01
4.466429352760314941e-01
4.463047683238983154e-01
4.461452960968017578e-01
4.473035335540771484e-01
4.456476867198944092e-01
4.456524550914764404e-01
4.470145404338836670e-01
4.463033676147460938e-01
4.461292624473571777e-01
4.466577172279357910e-01
4.465711414813995361e-01
4.462482333183288574e-01
4.462506771087646484e-01
4.467142820358276367e-01
4.463793933391571045e-01
4.460234642028808594e-01
4.466963410377502441e-01
4.464347362518310547e-01
4.460512995719909668e-01
4.473165571689605713e-01
4.463469982147216797e-01
4.471122324466705322e-01
4.460377991199493408e-01
4.463269412517547607e-01
4.470210075378417969e-01
4.464623034000396729e-01
4.460134506225585938e-01
4.465548098087310791e-01
4.465431869029998779e-01
4.462457299232482910e-01
4.465690851211547852e-01
4.464557766914367676e-01
4.463865756988525391e-01
4.464828073978424072e-01
4.466398954391479492e-01
4.463139474391937256e-01
4.462003409862518311e-01
4.468460381031036377e-01
4.464351832866668701e-01
4.461656212806701660e-01
4.465223848819732666e-01
4.462217688560485840e-01
4.462260603904724121e-01
4.465366601943969727e-01
4.464930295944213867e-01
4.465057849884033203e-01
4.465210735797882080e-01
4.464469254016876221e-01
4.472069144248962402e-01
4.462318718433380127e-01
4.459698796272277832e-01
4.466397166252136230e-01
4.464732706546783447e-01
4.466449320316314697e-01
4.463003575801849365e-01
4.462856054306030273e-01
4.465821087360382080e-01
4.462833106517791748e-01
4.465267956256866455e-01
4.463268816471099854e-01
4.467847943305969238e-01
4.465542435646057129e-01
4.464161992073059082e-01
4.465043544769287109e-01
4.465740919113159180e-01
4.465105831623077393e-01
4.465155601501464844e-01
4.467625916004180908e-01
4.464337527751922607e-01
4.465166926383972168e-01
4.465397298336029053e-01
4.466620683670043945e-01
4.467512965202331543e-01
4.465751647949218750e-01
4.465745687484741211e-01
4.466425478458404541e-01
4.466026425361633301e-01
4.467899203300476074e-01
4.465365707874298096e-01
4.467474818229675293e-01
4.465554356575012207e-01
4.467968940734863281e-01
4.468196630477905273e-01
4.468502104282379150e-01
4.467834532260894775e-01
4.468092322349548340e-01
4.469184577465057373e-01
4.470418393611907959e-01
4.466958940029144287e-01
4.467067718505859375e-01
4.478161931037902832e-01
4.458134472370147705e-01
4.460005462169647217e-01
4.454211592674255371e-01
4.453005194664001465e-01
4.454199969768524170e-01
4.458808898925781250e-01
4.460787177085876465e-01
4.452466070652008057e-01
4.454761445522308350e-01
4.456450045108795166e-01
4.456556737422943115e-01
4.453336894512176514e-01
4.457004368305206299e-01
4.459571242332458496e-01
4.457202851772308350e-01
4.459190070629119873e-01
4.463854730129241943e-01
4.461764097213745117e-01
4.460141360759735107e-01
4.462834298610687256e-01
4.462196826934814453e-01
4.460754096508026123e-01
4.464189410209655762e-01
4.462141394615173340e-01
4.462526440620422363e-01
4.462916851043701172e-01
4.461887478828430176e-01
4.464444518089294434e-01
4.474412798881530762e-01
4.451158940792083740e-01
4.453383684158325195e-01
4.468739330768585205e-01
4.454817473888397217e-01
4.453988373279571533e-01
4.457005858421325684e-01
4.453582763671875000e-01
4.456865787506103516e-01
4.459177553653717041e-01
4.456988573074340820e-01
4.455753564834594727e-01
4.461252689361572266e-01
4.462415874004364014e-01
4.461302757263183594e-01
4.461296498775482178e-01
4.461296200752258301e-01
4.464754760265350342e-01
4.461083114147186279e-01
4.462280273437500000e-01
4.463136792182922363e-01
4.462687969207763672e-01
4.463744163513183594e-01
4.462629556655883789e-01
4.463593363761901855e-01
4.464141428470611572e-01
4.463939368724822998e-01
4.464145302772521973e-01
4.465509355068206787e-01
4.465164542198181152e-01
4.463722109794616699e-01
4.468423128128051758e-01
4.464635848999023438e-01
4.468132853507995605e-01
4.467378258705139160e-01
4.464638829231262207e-01
4.463351964950561523e-01
4.466547667980194092e-01
4.464226961135864258e-01
4.466064870357513428e-01
4.465969800949096680e-01
4.466336369514465332e-01
4.465916752815246582e-01
4.465644955635070801e-01
4.466604590415954590e-01
4.464243054389953613e-01
4.464987218379974365e-01
4.464737772941589355e-01
4.465330541133880615e-01
4.465897083282470703e-01
4.467253386974334717e-01
4.466075301170349121e-01
4.467509388923645020e-01
4.468264281749725342e-01
4.467012584209442139e-01
4.468236267566680908e-01
4.470717906951904297e-01
4.472753703594207764e-01
4.468475282192230225e-01
4.469834864139556885e-01
4.467852115631103516e-01
4.470433592796325684e-01
4.468540549278259277e-01
4.468681216239929199e-01
4.469125270843505859e-01
4.469457268714904785e-01
4.467892944812774658e-01
4.468201994895935059e-01
4.474360644817352295e-01
4.465903043746948242e-01
4.469616413116455078e-01
4.470854103565216064e-01
4.468103647232055664e-01
4.472561180591583252e-01
4.472327828407287598e-01
4.467634558677673340e-01
4.472648203372955322e-01
4.468809962272644043e-01
4.469363391399383545e-01
4.472104012966156006e-01
4.468127191066741943e-01
4.471682608127593994e-01
4.468817412853240967e-01
4.469962716102600098e-01
4.469614028930664062e-01
4.471338093280792236e-01
4.468882679939270020e-01
4.469889998435974121e-01
4.470545053482055664e-01
4.468838274478912354e-01
4.471862912178039551e-01
4.469081163406372070e-01
4.470156431198120117e-01
4.469761252403259277e-01
4.470576345920562744e-01
4.468168616294860840e-01
4.469385147094726562e-01
4.470967650413513184e-01
4.467355608940124512e-01
4.471130371093750000e-01
4.469462335109710693e-01
4.468674957752227783e-01
4.469991326332092285e-01
4.469218850135803223e-01
4.469955563545227051e-01
4.468525648117065430e-01
4.469856917858123779e-01
4.469172060489654541e-01
4.469744563102722168e-01
4.469351470470428467e-01
4.469971656799316406e-01
4.469855427742004395e-01
4.468756616115570068e-01
4.470324218273162842e-01
4.469225406646728516e-01
4.469361901283264160e-01
4.469542503356933594e-01
4.469057321548461914e-01
4.469664692878723145e-01
4.468690156936645508e-01
4.471320807933807373e-01
4.468813836574554443e-01
4.468926191329956055e-01
4.470857381820678711e-01
4.467185139656066895e-01
4.470545053482055664e-01
4.467221498489379883e-01
4.475157260894775391e-01
4.464832544326782227e-01
4.470656812191009521e-01
4.469993710517883301e-01
4.469666182994842529e-01
4.470445513725280762e-01
4.469725489616394043e-01
4.468787014484405518e-01
4.470014572143554688e-01
4.469003677368164062e-01
4.470814168453216553e-01
4.470219910144805908e-01
4.470252096652984619e-01
4.469898045063018799e-01
4.469372630119323730e-01
4.470308125019073486e-01
4.468591809272766113e-01
4.471395909786224365e-01
4.468657374382019043e-01
4.470092356204986572e-01
4.469442665576934814e-01
4.469627737998962402e-01
4.468946456909179688e-01
4.469098746776580811e-01
4.469766616821289062e-01
4.470792412757873535e-01
4.468957781791687012e-01
4.469613432884216309e-01
4.469279646873474121e-01
4.470416009426116943e-01
4.468112289905548096e-01
4.469613730907440186e-01
4.468908607959747314e-01
4.468771815299987793e-01
4.469565153121948242e-01
4.469411671161651611e-01
4.468474388122558594e-01
4.468059837818145752e-01
4.469814002513885498e-01
4.469411671161651611e-01
4.467516541481018066e-01
4.469993114471435547e-01
4.468273222446441650e-01
4.468630552291870117e-01
4.469835758209228516e-01
4.468271136283874512e-01
4.466667175292968750e-01
4.471836090087890625e-01
4.467333555221557617e-01
4.469536244869232178e-01
4.468523263931274414e-01
4.468854367733001709e-01
4.468610584735870361e-01
4.468431472778320312e-01
4.468849599361419678e-01
4.468437731266021729e-01
4.468549191951751709e-01
4.468971192836761475e-01
4.468556642532348633e-01
4.468867480754852295e-01
4.468037784099578857e-01
4.469134807586669922e-01
4.467859268188476562e-01
4.469256401062011719e-01
4.469120800495147705e-01
4.467343091964721680e-01
4.470590054988861084e-01
4.469135403633117676e-01
4.468109309673309326e-01
4.468719363212585449e-01
4.469494223594665527e-01
4.468441903591156006e-01
4.468629956245422363e-01
4.470280408859252930e-01
4.467899501323699951e-01
4.470469653606414795e-01
4.469285309314727783e-01
4.468879401683807373e-01
4.469601511955261230e-01
4.469164609909057617e-01
4.469391703605651855e-01
4.470833241939544678e-01
4.468891024589538574e-01
4.470463395118713379e-01
4.468750953674316406e-01
4.470117390155792236e-01
4.469783902168273926e-01
4.469438493251800537e-01
4.470285177230834961e-01
4.469410479068756104e-01
4.469947218894958496e-01
4.469833672046661377e-01
4.469423890113830566e-01
4.469510018825531006e-01
4.469419419765472412e-01
4.469344019889831543e-01
4.468877911567687988e-01
4.471710026264190674e-01
4.467492103576660156e-01
4.469923079013824463e-01
4.473212957382202148e-01
4.467927217483520508e-01
4.469842612743377686e-01
4.471149444580078125e-01
4.469077289104461670e-01
4.470888972282409668e-01
4.470246732234954834e-01
4.469714462757110596e-01
4.470029175281524658e-01
4.469332695007324219e-01
4.469395279884338379e-01
4.470455050468444824e-01
4.468992650508880615e-01
4.470054507255554199e-01
4.469404816627502441e-01
4.469519853591918945e-01
4.469632506370544434e-01
4.469370841979980469e-01
4.474563300609588623e-01
4.475501775741577148e-01
4.484173357486724854e-01
4.446352124214172363e-01
4.444451034069061279e-01
4.440591037273406982e-01
4.451183676719665527e-01
4.436647891998291016e-01
4.451017081737518311e-01
4.433723092079162598e-01
4.453458786010742188e-01
4.437046647071838379e-01
4.448181688785552979e-01
4.444686770439147949e-01
4.443097412586212158e-01
4.446644186973571777e-01
4.441675543785095215e-01
4.446570277214050293e-01
4.441106319427490234e-01
4.446291625499725342e-01
4.440400302410125732e-01
4.447099268436431885e-01
4.439881742000579834e-01
4.445266127586364746e-01
4.427735209465026855e-01
4.428305029869079590e-01
4.426989853382110596e-01
4.426605105400085449e-01
4.427302479743957520e-01
4.426279067993164062e-01
4.426765739917755127e-01
4.426273703575134277e-01
4.427243769168853760e-01
4.426233768463134766e-01
4.426497519016265869e-01
4.425850212574005127e-01
4.425758719444274902e-01
4.425740838050842285e-01
4.424953162670135498e-01
4.424816966056823730e-01
4.424769580364227295e-01
4.425616860389709473e-01
4.426065981388092041e-01
4.426074326038360596e-01
4.424924254417419434e-01
4.911629855632781982e-01
4.841304123401641846e-01
4.752564430236816406e-01
4.603353142738342285e-01
4.613360166549682617e-01
4.402442276477813721e-01
4.740749895572662354e-01
3.352272510528564453e-01
3.319953680038452148e-01
4.114134013652801514e-01
3.040224909782409668e-01
4.878129363059997559e-01
4.844319224357604980e-01
3.328245282173156738e-01
4.549331963062286377e-01
4.227901101112365723e-01
4.853667914867401123e-01
4.068381190299987793e-01
3.372683525085449219e-01
4.878378510475158691e-01
4.474483430385589600e-01
5.023815035820007324e-01
4.968961775302886963e-01
3.350331187248229980e-01
4.641187787055969238e-01
3.334292173385620117e-01
3.360551595687866211e-01
3.377180099487304688e-01
3.345239162445068359e-01
4.893744885921478271e-01
4.890541136264801025e-01
3.290393352508544922e-01
3.375319838523864746e-01
3.419512808322906494e-01
3.326764702796936035e-01
3.494573235511779785e-01
3.350432515144348145e-01
3.338024914264678955e-01
3.376530408859252930e-01
3.725754618644714355e-01
3.724566102027893066e-01
3.736726045608520508e-01
5.104584693908691406e-01
3.357140421867370605e-01
4.317945837974548340e-01
4.512319564819335938e-01
4.809668958187103271e-01
4.526391923427581787e-01
4.476335048675537109e-01
4.907357990741729736e-01
4.286952018737792969e-01
3.342563211917877197e-01
4.382540881633758545e-01
3.309980630874633789e-01
4.589281678199768066e-01
4.422526359558105469e-01
3.329021036624908447e-01
4.348833262920379639e-01
4.922552108764648438e-01
4.731351733207702637e-01
4.935872852802276611e-01
4.578458666801452637e-01
4.524953365325927734e-01
4.443598985671997070e-01
4.873988032341003418e-01
3.372675776481628418e-01
3.704695701599121094e-01
3.723152875900268555e-01
3.721809983253479004e-01
3.725701272487640381e-01
3.724496364593505859e-01
3.720657229423522949e-01
3.715569972991943359e-01
3.715462684631347656e-01
3.713836073875427246e-01
3.717247545719146729e-01
3.719228506088256836e-01
3.720326423645019531e-01
3.723946809768676758e-01
3.727805912494659424e-01
3.727702498435974121e-01
3.738661408424377441e-01
3.738106191158294678e-01
3.732454180717468262e-01
3.728872835636138916e-01
3.748709559440612793e-01
3.769088089466094971e-01
3.771545886993408203e-01
3.741650581359863281e-01
3.728539943695068359e-01
3.733973503112792969e-01
3.732644021511077881e-01
3.749875426292419434e-01
3.730546832084655762e-01
3.733983039855957031e-01
3.773458600044250488e-01
3.769040703773498535e-01
3.771888911724090576e-01
3.761561512947082520e-01
3.770045042037963867e-01
4.296037852764129639e-01
4.615730047225952148e-01
3.504532575607299805e-01
3.272668719291687012e-01
4.738997220993041992e-01
3.401566743850708008e-01
4.510400593280792236e-01
3.385934829711914062e-01
3.365451395511627197e-01
4.871015846729278564e-01
5.063689947128295898e-01
4.859913885593414307e-01
3.465239107608795166e-01
3.338606357574462891e-01
4.860875606536865234e-01
4.249182939529418945e-01
4.850459098815917969e-01
4.446344971656799316e-01
4.377413988113403320e-01
3.387059569358825684e-01
3.304161429405212402e-01
4.025544226169586182e-01
4.371661543846130371e-01
3.176634013652801514e-01
3.313766121864318848e-01
4.042199254035949707e-01
3.857192099094390869e-01
3.727573752403259277e-01
3.732728362083435059e-01
3.788588941097259521e-01
3.764665722846984863e-01
4.002881646156311035e-01
3.716910481452941895e-01
3.723715543746948242e-01
3.728123009204864502e-01
3.728277683258056641e-01
3.739078044891357422e-01
3.754799365997314453e-01
3.734710812568664551e-01
3.725484013557434082e-01
3.726480007171630859e-01
4.273294806480407715e-01
3.797717988491058350e-01
3.660553097724914551e-01
3.557409048080444336e-01
3.726159334182739258e-01
3.725854754447937012e-01
3.777102231979370117e-01
4.344817101955413818e-01
3.102632761001586914e-01
3.347051143646240234e-01
3.362926840782165527e-01
4.104532003402709961e-01
3.800378441810607910e-01
3.741793036460876465e-01
3.725615739822387695e-01
3.746845126152038574e-01
3.741406798362731934e-01
3.739655613899230957e-01
3.770597279071807861e-01
3.725510835647583008e-01
3.733367919921875000e-01
3.728955090045928955e-01
3.742567896842956543e-01
3.746014237403869629e-01
3.731834292411804199e-01
3.729820251464843750e-01
3.738800287246704102e-01
3.739084005355834961e-01
3.760060667991638184e-01
3.773902952671051025e-01
3.815291523933410645e-01
3.725892901420593262e-01
3.727761507034301758e-01
3.725457787513732910e-01
3.728913366794586182e-01
3.727153837680816650e-01
3.729507923126220703e-01
3.734889626502990723e-01
3.783658444881439209e-01
3.728066384792327881e-01
3.737692236900329590e-01
3.732569813728332520e-01
3.726517558097839355e-01
3.742133080959320068e-01
3.726890087127685547e-01
3.730507791042327881e-01
3.730253875255584717e-01
3.743672370910644531e-01
3.732087016105651855e-01
3.744248747825622559e-01
3.734918236732482910e-01
3.737404942512512207e-01
3.740766644477844238e-01
3.739356100559234619e-01
3.730157911777496338e-01
3.735009431838989258e-01
3.737988173961639404e-01
3.742779195308685303e-01
3.731536269187927246e-01
3.739789128303527832e-01
3.749943375587463379e-01
3.732135295867919922e-01
3.794794976711273193e-01
3.732690811157226562e-01
3.778726756572723389e-01
4.437752962112426758e-01
3.748303055763244629e-01
3.778546750545501709e-01
3.905413448810577393e-01
3.775432705879211426e-01
3.746584057807922363e-01
3.778674900531768799e-01
4.379258155822753906e-01
4.435925781726837158e-01
4.435195922851562500e-01
4.434419572353363037e-01
4.434716701507568359e-01
4.444500505924224854e-01
3.870528042316436768e-01
3.739741146564483643e-01
3.887010216712951660e-01
3.790520429611206055e-01
3.788938522338867188e-01
4.224627017974853516e-01
3.726981878280639648e-01
3.764088153839111328e-01
3.829553723335266113e-01
3.802961111068725586e-01
3.764839470386505127e-01
3.829590678215026855e-01
3.797529935836791992e-01
3.801700472831726074e-01
4.465938806533813477e-01
3.808670341968536377e-01
3.952298164367675781e-01
4.471016526222229004e-01
4.456704854965209961e-01
4.454703330993652344e-01
4.464061558246612549e-01
4.458710551261901855e-01
4.455939531326293945e-01
4.456622898578643799e-01
4.445610344409942627e-01
4.437212646007537842e-01
4.445240497589111328e-01
4.443434178829193115e-01
4.435950219631195068e-01
4.454696178436279297e-01
4.460809230804443359e-01
4.453162848949432373e-01
4.454696178436279297e-01
4.456616044044494629e-01
4.453718960285186768e-01
4.457952380180358887e-01
4.455702900886535645e-01
4.453749358654022217e-01
4.454800784587860107e-01
4.449946880340576172e-01
4.455687105655670166e-01
4.459908604621887207e-01
4.461409151554107666e-01
4.466890096664428711e-01
4.455151855945587158e-01
4.455981850624084473e-01
4.466656148433685303e-01
4.455302357673645020e-01
4.455605149269104004e-01
4.457021951675415039e-01
4.448017477989196777e-01
4.447751343250274658e-01
4.445689320564270020e-01
4.445223510265350342e-01
4.445605874061584473e-01
4.447255134582519531e-01
4.443463385105133057e-01
4.443574845790863037e-01
4.440905749797821045e-01
4.439280033111572266e-01
4.444582760334014893e-01
4.445021748542785645e-01
4.449114799499511719e-01
4.452991485595703125e-01
4.451239705085754395e-01
4.454246163368225098e-01
4.456848800182342529e-01
4.458708763122558594e-01
4.464192390441894531e-01
4.463437497615814209e-01
4.462752640247344971e-01
4.466893970966339111e-01
4.464424550533294678e-01
4.462900459766387939e-01
4.465712904930114746e-01
4.465310871601104736e-01
4.464990794658660889e-01
4.464916288852691650e-01
4.464991688728332520e-01
4.463300406932830811e-01
4.462116658687591553e-01
4.464555978775024414e-01
4.464834928512573242e-01
4.465452134609222412e-01
4.466512203216552734e-01
4.464477896690368652e-01
4.465098381042480469e-01
4.470214843750000000e-01
4.464799761772155762e-01
4.461334347724914551e-01
4.466358125209808350e-01
4.464823007583618164e-01
4.463007748126983643e-01
4.464393258094787598e-01
4.464623332023620605e-01
4.465137124061584473e-01
4.465664625167846680e-01
4.467590451240539551e-01
4.467775225639343262e-01
4.469608068466186523e-01
4.467031955718994141e-01
4.467871785163879395e-01
4.468425214290618896e-01
4.468237161636352539e-01
4.467710256576538086e-01
4.469387829303741455e-01
4.468905627727508545e-01
4.469201862812042236e-01
4.469167590141296387e-01
4.469541907310485840e-01
4.468497633934020996e-01
4.470127820968627930e-01
4.468560218811035156e-01
4.469409883022308350e-01
4.469687342643737793e-01
4.468024075031280518e-01
4.471645951271057129e-01
4.468345642089843750e-01
4.469189047813415527e-01
4.470800459384918213e-01
4.468236565589904785e-01
4.469952285289764404e-01
4.478662908077239990e-01
4.467920362949371338e-01
4.471496343612670898e-01
4.471207261085510254e-01
4.471093118190765381e-01
4.479515850543975830e-01
4.477415382862091064e-01
4.478599429130554199e-01
4.476858675479888916e-01
4.467942714691162109e-01
4.466165602207183838e-01
4.444995522499084473e-01
4.443907141685485840e-01
4.457230865955352783e-01
4.453283548355102539e-01
4.450632333755493164e-01
4.452827870845794678e-01
4.451025128364562988e-01
4.447261393070220947e-01
4.451166093349456787e-01
4.449548721313476562e-01
4.449070990085601807e-01
4.450877308845520020e-01
4.449959397315979004e-01
4.451778233051300049e-01
4.452728033065795898e-01
4.449612796306610107e-01
4.453081488609313965e-01
4.451167285442352295e-01
4.445877969264984131e-01
4.445568919181823730e-01
4.437729716300964355e-01
4.437375962734222412e-01
4.439060688018798828e-01
4.436847269535064697e-01
4.437958598136901855e-01
4.440051615238189697e-01
4.438606202602386475e-01
4.439667761325836182e-01
4.439666569232940674e-01
4.441067278385162354e-01
4.442931711673736572e-01
4.439657330513000488e-01
4.444813728332519531e-01
4.448750615119934082e-01
4.445366859436035156e-01
4.449554383754730225e-01
4.450389444828033447e-01
4.448414444923400879e-01
4.455143213272094727e-01
4.989947974681854248e-01
4.127765297889709473e-01
3.755594491958618164e-01
4.456787705421447754e-01
4.461424648761749268e-01
4.459496140480041504e-01
4.459930062294006348e-01
4.458168745040893555e-01
4.461883902549743652e-01
4.457303285598754883e-01
4.458019137382507324e-01
4.463528096675872803e-01
4.462235569953918457e-01
4.463404715061187744e-01
4.462735056877136230e-01
4.459944963455200195e-01
4.460178911685943604e-01
4.463179409503936768e-01
4.461689889430999756e-01
4.464240074157714844e-01
4.463769793510437012e-01
4.458336532115936279e-01
4.461030364036560059e-01
4.461209774017333984e-01
4.460192322731018066e-01
4.460875689983367920e-01
4.463856518268585205e-01
4.463394284248352051e-01
4.464697837829589844e-01
4.455626904964447021e-01
4.456740319728851318e-01
4.461198449134826660e-01
4.457804262638092041e-01
4.461478590965270996e-01
4.461832344532012939e-01
4.461717605590820312e-01
4.460682570934295654e-01
4.460347592830657959e-01
4.462883174419403076e-01
4.462356269359588623e-01
4.462980329990386963e-01
4.477654397487640381e-01
4.449467957019805908e-01
4.451187849044799805e-01
4.468298256397247314e-01
4.461281001567840576e-01
4.460454285144805908e-01
4.463421106338500977e-01
4.464496374130249023e-01
4.463909268379211426e-01
4.463204443454742432e-01
4.463849961757659912e-01
4.464909732341766357e-01
4.462572932243347168e-01
4.462341666221618652e-01
4.461747109889984131e-01
4.461280107498168945e-01
4.462521672248840332e-01
4.461707770824432373e-01
4.461000859737396240e-01
4.463230669498443604e-01
4.461170732975006104e-01
4.460052847862243652e-01
4.462371170520782471e-01
4.462765157222747803e-01
4.453927278518676758e-01
4.457018375396728516e-01
4.463778138160705566e-01
4.456970095634460449e-01
4.457312524318695068e-01
4.459017217159271240e-01
4.458407759666442871e-01
4.460535347461700439e-01
4.461016356945037842e-01
4.462114274501800537e-01
4.460870027542114258e-01
4.460936486721038818e-01
4.465079307556152344e-01
4.462154209613800049e-01
4.462928473949432373e-01
4.462831020355224609e-01
4.463196992874145508e-01
4.465216696262359619e-01
4.461334943771362305e-01
4.460738301277160645e-01
4.466195106506347656e-01
4.458595514297485352e-01
4.459379017353057861e-01
4.465117752552032471e-01
4.460431933403015137e-01
4.458724558353424072e-01
4.464986622333526611e-01
4.455561935901641846e-01
4.458604454994201660e-01
4.459360539913177490e-01
4.454377889633178711e-01
4.456805586814880371e-01
4.458640217781066895e-01
4.457893073558807373e-01
4.456105530261993408e-01
4.459879100322723389e-01
4.458325207233428955e-01
4.457430839538574219e-01
4.459221363067626953e-01
4.459232091903686523e-01
4.459271728992462158e-01
4.456752538681030273e-01
4.459706246852874756e-01
4.460475444793701172e-01
4.457515478134155273e-01
4.460674524307250977e-01
4.459953308105468750e-01
4.453059732913970947e-01
4.456136822700500488e-01
4.458015561103820801e-01
4.458064436912536621e-01
4.456418156623840332e-01
4.459101557731628418e-01
4.459744989871978760e-01
4.456257224082946777e-01
4.458984434604644775e-01
4.456778764724731445e-01
4.457455873489379883e-01
4.456242322921752930e-01
4.453496336936950684e-01
4.456354677677154541e-01
4.454363584518432617e-01
4.454734325408935547e-01
4.455599784851074219e-01
4.456325471401214600e-01
4.455178976058959961e-01
4.451306760311126709e-01
4.450564682483673096e-01
4.458610415458679199e-01
4.457293450832366943e-01
4.447278380393981934e-01
4.439851045608520508e-01
4.439656734466552734e-01
4.440547525882720947e-01
4.439826905727386475e-01
4.433736205101013184e-01
4.434369802474975586e-01
4.436589479446411133e-01
4.437038302421569824e-01
4.440516829490661621e-01
4.437129795551300049e-01
4.437462389469146729e-01
4.435491859912872314e-01
4.434383809566497803e-01
4.435558319091796875e-01
4.435731172561645508e-01
4.434494674205780029e-01
4.434108138084411621e-01
4.433858394622802734e-01
4.432709813117980957e-01
4.433546662330627441e-01
4.433768093585968018e-01
4.432276189327239990e-01
4.434470832347869873e-01
4.433448612689971924e-01
4.432765245437622070e-01
4.433377981185913086e-01
4.433537423610687256e-01
4.432736635208129883e-01
4.432694315910339355e-01
4.434405863285064697e-01
4.433772861957550049e-01
4.433321952819824219e-01
4.432601332664489746e-01
4.432713091373443604e-01
4.433167576789855957e-01
4.433196783065795898e-01
4.433293640613555908e-01
4.433178901672363281e-01
4.433363080024719238e-01
4.433610737323760986e-01
4.433425068855285645e-01
4.432797431945800781e-01
4.432316422462463379e-01
4.433315396308898926e-01
4.435637593269348145e-01
4.434553086757659912e-01
4.435334205627441406e-01
4.439330995082855225e-01
4.433118700981140137e-01
4.438054859638214111e-01
4.438191652297973633e-01
4.438451826572418213e-01
4.439648985862731934e-01
4.440048336982727051e-01
4.440923929214477539e-01
4.441981911659240723e-01
4.440177083015441895e-01
4.441219866275787354e-01
4.444156587123870850e-01
4.446964859962463379e-01
4.445253014564514160e-01
4.444584250450134277e-01
4.444120824337005615e-01
4.445537030696868896e-01
4.445439875125885010e-01
4.440385103225708008e-01
4.442532062530517578e-01
4.439201354980468750e-01
4.438127279281616211e-01
4.439070224761962891e-01
4.439223706722259521e-01
4.437858164310455322e-01
4.440842568874359131e-01
4.443021714687347412e-01
4.444195926189422607e-01
4.445399940013885498e-01
4.446842372417449951e-01
4.449340403079986572e-01
4.448387324810028076e-01
4.446763992309570312e-01
4.447407126426696777e-01
4.444135725498199463e-01
4.443749189376831055e-01
4.443298578262329102e-01
4.442522823810577393e-01
4.443471729755401611e-01
4.444943964481353760e-01
4.446448981761932373e-01
4.446841776371002197e-01
4.448442459106445312e-01
4.450944662094116211e-01
4.452867805957794189e-01
4.454444646835327148e-01
4.455285370349884033e-01
4.456554353237152100e-01
4.456827938556671143e-01
4.461256265640258789e-01
4.463714361190795898e-01
4.462756812572479248e-01
4.465731382369995117e-01
4.463867545127868652e-01
4.457733631134033203e-01
4.454246759414672852e-01
4.460512995719909668e-01
4.463484585285186768e-01
4.461613297462463379e-01
4.461582005023956299e-01
4.462161660194396973e-01
4.461344480514526367e-01
4.457820355892181396e-01
4.460809230804443359e-01
4.461625516414642334e-01
4.458914697170257568e-01
4.461854100227355957e-01
4.462717771530151367e-01
4.456977844238281250e-01
4.458086788654327393e-01
4.461568593978881836e-01
4.454474449157714844e-01
4.459100365638732910e-01
4.462380111217498779e-01
4.452376663684844971e-01
4.456073045730590820e-01
4.458425045013427734e-01
4.454736411571502686e-01
4.455264210700988770e-01
4.457117617130279541e-01
4.455446004867553711e-01
4.451655447483062744e-01
4.453949630260467529e-01
4.453271031379699707e-01
4.452135264873504639e-01
4.455787539482116699e-01
4.453433454036712646e-01
4.452527463436126709e-01
4.455823302268981934e-01
4.451183378696441650e-01
4.450422227382659912e-01
4.451761841773986816e-01
4.445482194423675537e-01
4.446280300617218018e-01
4.442998468875885010e-01
4.438071548938751221e-01
4.440271854400634766e-01
4.438413679599761963e-01
4.438941776752471924e-01
4.439651668071746826e-01
4.436676502227783203e-01
4.438231885433197021e-01
4.435297846794128418e-01
4.433664083480834961e-01
4.434586763381958008e-01
4.433153867721557617e-01
4.433240294456481934e-01
4.433316290378570557e-01
4.432871043682098389e-01
4.432814419269561768e-01
4.432521462440490723e-01
4.432494938373565674e-01
4.432098269462585449e-01
4.432047605514526367e-01
4.431646168231964111e-01
4.431852698326110840e-01
4.431662559509277344e-01
4.431498944759368896e-01
4.431643187999725342e-01
4.431664049625396729e-01
4.431836009025573730e-01
4.431644678115844727e-01
4.431577324867248535e-01
4.431354701519012451e-01
4.431240260601043701e-01
4.432211220264434814e-01
4.432646036148071289e-01
4.432804882526397705e-01
4.432263374328613281e-01
4.432328045368194580e-01
4.432003498077392578e-01
4.432445764541625977e-01
4.432702064514160156e-01
4.432817995548248291e-01
4.432931840419769287e-01
4.434193074703216553e-01
4.433593750000000000e-01
4.433061778545379639e-01
4.434862434864044189e-01
4.434448778629302979e-01
4.435422420501708984e-01
4.436334669589996338e-01
4.441213905811309814e-01
4.445022940635681152e-01
4.442068934440612793e-01
4.445710480213165283e-01
4.453028142452239990e-01
4.454207420349121094e-01
4.460370242595672607e-01
4.467453360557556152e-01
4.463212788105010986e-01
4.459739625453948975e-01
4.460064768791198730e-01
4.462830424308776855e-01
4.462202191352844238e-01
4.460651874542236328e-01
4.463590979576110840e-01
4.461047947406768799e-01
4.458064138889312744e-01
4.462465047836303711e-01
4.463786184787750244e-01
4.462758898735046387e-01
4.462519586086273193e-01
4.463186860084533691e-01
4.465006887912750244e-01
4.463938474655151367e-01
4.463987648487091064e-01
4.465934932231903076e-01
4.464945793151855469e-01
4.463843703269958496e-01
4.462645053863525391e-01
4.463609457015991211e-01
4.465053081512451172e-01
4.464290142059326172e-01
4.464034438133239746e-01
4.463578164577484131e-01
4.464831650257110596e-01
4.464564621448516846e-01
4.464329183101654053e-01
4.464301764965057373e-01
4.464550018310546875e-01
4.464158415794372559e-01
4.463374912738800049e-01
4.464986324310302734e-01
4.463348984718322754e-01
4.463224411010742188e-01
4.465048313140869141e-01
4.464165270328521729e-01
4.465068876743316650e-01
4.466410875320434570e-01
4.466528296470642090e-01
4.469141960144042969e-01
4.471267759799957275e-01
4.467661380767822266e-01
