4.978895485401153564e-01
4.978541433811187744e-01
4.978075921535491943e-01
4.977465569972991943e-01
4.976801574230194092e-01
4.976072907447814941e-01
4.975535869598388672e-01
4.975176155567169189e-01
4.974969029426574707e-01
4.974902868270874023e-01
4.974929094314575195e-01
4.974999129772186279e-01
4.975078701972961426e-01
4.975158870220184326e-01
4.975203275680541992e-01
4.975205957889556885e-01
4.975159466266632080e-01
4.974962174892425537e-01
4.974834024906158447e-01
4.974674582481384277e-01
4.974511265754699707e-01
4.974234104156494141e-01
4.974029660224914551e-01
4.973828792572021484e-01
4.973624348640441895e-01
4.973430335521697998e-01
4.973251819610595703e-01
4.973109960556030273e-01
4.972985088825225830e-01
4.972843825817108154e-01
4.972769021987915039e-01
4.972811937332153320e-01
4.972923398017883301e-01
4.972943067550659180e-01
4.972980618476867676e-01
4.973127841949462891e-01
4.973303675651550293e-01
4.973508417606353760e-01
4.973693788051605225e-01
4.973941445350646973e-01
4.974280893802642822e-01
4.974630177021026611e-01
4.974970817565917969e-01
4.975394606590270996e-01
4.975882470607757568e-01
4.976922571659088135e-01
4.975623190402984619e-01
4.969120323657989502e-01
4.960449635982513428e-01
4.953967332839965820e-01
4.949935078620910645e-01
4.948579370975494385e-01
4.948006272315979004e-01
4.947741329669952393e-01
4.947670400142669678e-01
4.948052465915679932e-01
4.948285818099975586e-01
4.948303699493408203e-01
4.948222935199737549e-01
4.947962164878845215e-01
4.947698116302490234e-01
4.947361648082733154e-01
4.947046041488647461e-01
4.946774840354919434e-01
4.946542382240295410e-01
4.946404397487640381e-01
4.946288764476776123e-01
4.946155548095703125e-01
4.945969879627227783e-01
4.945480823516845703e-01
4.944028258323669434e-01
4.940227568149566650e-01
4.933487772941589355e-01
4.928273856639862061e-01
4.926517307758331299e-01
4.925955832004547119e-01
4.925830960273742676e-01
4.925877153873443604e-01
4.925853908061981201e-01
4.926376938819885254e-01
4.933219850063323975e-01
4.942466020584106445e-01
4.945042729377746582e-01
4.945434331893920898e-01
4.945394694805145264e-01
4.945213198661804199e-01
4.943746328353881836e-01
4.934915304183959961e-01
4.926167428493499756e-01
4.925839006900787354e-01
4.926611185073852539e-01
4.926527738571166992e-01
4.926518499851226807e-01
4.926707148551940918e-01
4.927264750003814697e-01
4.926926791667938232e-01
4.926955997943878174e-01
4.926895201206207275e-01
4.926883578300476074e-01
4.926883876323699951e-01
4.926884174346923828e-01
4.926882684230804443e-01
4.927125871181488037e-01
4.927347302436828613e-01
4.927266538143157959e-01
4.927265644073486328e-01
4.927270412445068359e-01
4.927276074886322021e-01
4.927347004413604736e-01
4.927267432212829590e-01
4.927277266979217529e-01
4.927269518375396729e-01
4.927270412445068359e-01
4.927262663841247559e-01
4.927278161048889160e-01
4.927017390727996826e-01
4.926947951316833496e-01
4.926959574222564697e-01
4.926971793174743652e-01
4.927007555961608887e-01
4.927048981189727783e-01
4.927084445953369141e-01
4.927409887313842773e-01
4.927608668804168701e-01
4.927352666854858398e-01
4.927401542663574219e-01
4.927432835102081299e-01
4.927481710910797119e-01
4.927511811256408691e-01
4.927468001842498779e-01
4.927478432655334473e-01
4.927488863468170166e-01
4.927513301372528076e-01
4.927495419979095459e-01
4.927504956722259521e-01
4.927549362182617188e-01
4.927520751953125000e-01
4.927471280097961426e-01
4.927604198455810547e-01
4.927591681480407715e-01
4.927611052989959717e-01
4.927603602409362793e-01
4.927588999271392822e-01
4.927756190299987793e-01
4.927660226821899414e-01
4.927667081356048584e-01
4.927643239498138428e-01
4.927616119384765625e-01
4.927593469619750977e-01
4.927574396133422852e-01
4.927562177181243896e-01
4.927554130554199219e-01
4.927547574043273926e-01
4.927546381950378418e-01
4.927543103694915771e-01
4.927548468112945557e-01
4.927574992179870605e-01
4.395830035209655762e-01
4.381823837757110596e-01
4.724184274673461914e-01
4.386984407901763916e-01
4.386447072029113770e-01
4.385415613651275635e-01
4.388584494590759277e-01
4.400591254234313965e-01
4.927931129932403564e-01
4.348182082176208496e-01
4.927431344985961914e-01
4.927625060081481934e-01
4.927468001842498779e-01
4.927513301372528076e-01
4.927451908588409424e-01
4.927470684051513672e-01
4.927441775798797607e-01
4.927439689636230469e-01
4.927437305450439453e-01
4.927436709403991699e-01
4.927434921264648438e-01
4.927434921264648438e-01
4.927493035793304443e-01
4.927630722522735596e-01
4.927551150321960449e-01
4.927929043769836426e-01
4.927396774291992188e-01
4.927397072315216064e-01
4.927396476268768311e-01
4.927566349506378174e-01
4.928188621997833252e-01
4.927484393119812012e-01
4.927592575550079346e-01
4.927649199962615967e-01
4.927742481231689453e-01
4.927836358547210693e-01
4.927952289581298828e-01
4.927952587604522705e-01
4.927991926670074463e-01
4.928110241889953613e-01
4.928043186664581299e-01
4.928050041198730469e-01
4.928073287010192871e-01
4.928068518638610840e-01
4.928075373172760010e-01
4.928106069564819336e-01
4.928091168403625488e-01
4.928098022937774658e-01
4.928099215030670166e-01
4.928102791309356689e-01
4.928108751773834229e-01
4.928098917007446289e-01
4.928201138973236084e-01
4.928184151649475098e-01
4.928113520145416260e-01
4.928119480609893799e-01
4.928125739097595215e-01
4.928131401538848877e-01
4.928137362003326416e-01
4.928143322467803955e-01
4.928151667118072510e-01
4.928153753280639648e-01
4.928176105022430420e-01
4.928187429904937744e-01
4.928226172924041748e-01
4.928169250488281250e-01
4.928166568279266357e-01
4.928162992000579834e-01
4.928160905838012695e-01
4.928161203861236572e-01
4.928160011768341064e-01
4.928157627582550049e-01
4.928168356418609619e-01
4.928197264671325684e-01
4.927644729614257812e-01
4.926704764366149902e-01
4.926741719245910645e-01
4.926691353321075439e-01
4.926727712154388428e-01
4.926556944847106934e-01
4.926739335060119629e-01
4.926703572273254395e-01
4.926547408103942871e-01
4.926562607288360596e-01
4.926593601703643799e-01
4.926491975784301758e-01
4.926627576351165771e-01
4.926510155200958252e-01
4.925956726074218750e-01
4.925968348979949951e-01
4.926004707813262939e-01
4.925962984561920166e-01
4.925990104675292969e-01
4.925949275493621826e-01
4.925947189331054688e-01
4.925950467586517334e-01
4.925957322120666504e-01
4.925946593284606934e-01
4.925945401191711426e-01
4.925945699214935303e-01
4.925945699214935303e-01
4.925947785377502441e-01
4.925953745841979980e-01
4.925951361656188965e-01
4.925964474678039551e-01
4.926050007343292236e-01
4.926523566246032715e-01
4.926735758781433105e-01
4.926639497280120850e-01
4.926639497280120850e-01
4.926639497280120850e-01
4.926639199256896973e-01
4.926639795303344727e-01
4.926647245883941650e-01
4.926638603210449219e-01
4.926638901233673096e-01
4.926638901233673096e-01
4.926639199256896973e-01
4.926640093326568604e-01
4.926826059818267822e-01
4.927161931991577148e-01
4.927618205547332764e-01
4.896019995212554932e-01
5.005535483360290527e-01
4.927355647087097168e-01
4.927355647087097168e-01
4.927355647087097168e-01
4.927355647087097168e-01
4.927355647087097168e-01
4.927355647087097168e-01
4.927355647087097168e-01
4.927358627319335938e-01
4.927379190921783447e-01
4.927359521389007568e-01
4.927391111850738525e-01
4.927379190921783447e-01
4.927363991737365723e-01
4.927425980567932129e-01
4.927355349063873291e-01
4.927355051040649414e-01
4.927358329296112061e-01
4.927382469177246094e-01
4.927353262901306152e-01
4.927365481853485107e-01
4.927309155464172363e-01
4.927338957786560059e-01
4.927454292774200439e-01
4.927515685558319092e-01
4.927556514739990234e-01
4.927556514739990234e-01
4.927571117877960205e-01
4.927586913108825684e-01
4.927618205547332764e-01
4.927670955657958984e-01
4.927778244018554688e-01
4.928025603294372559e-01
4.928576052188873291e-01
4.929589331150054932e-01
4.930701255798339844e-01
4.931930601596832275e-01
4.933362901210784912e-01
4.934978485107421875e-01
4.936422705650329590e-01
4.936516284942626953e-01
4.935618638992309570e-01
4.934687912464141846e-01
4.934838414192199707e-01
4.935734868049621582e-01
4.936124086380004883e-01
4.935404360294342041e-01
4.933211207389831543e-01
4.930990338325500488e-01
4.929578006267547607e-01
4.928816854953765869e-01
4.928331375122070312e-01
4.927999377250671387e-01
4.927771687507629395e-01
4.927629232406616211e-01
4.927560985088348389e-01
4.927544891834259033e-01
4.927559792995452881e-01
4.927592575550079346e-01
4.927650690078735352e-01
4.927796125411987305e-01
4.928639829158782959e-01
4.928962588310241699e-01
4.936368465423583984e-01
4.948368966579437256e-01
4.932119846343994141e-01
4.932402372360229492e-01
4.932360649108886719e-01
4.930593669414520264e-01
4.928415417671203613e-01
4.927470386028289795e-01
4.927606284618377686e-01
4.929838776588439941e-01
4.933491051197052002e-01
4.936882257461547852e-01
4.940885603427886963e-01
4.945077896118164062e-01
4.947330057621002197e-01
4.948118925094604492e-01
4.948428571224212646e-01
4.948562681674957275e-01
4.948641955852508545e-01
4.948729574680328369e-01
4.948813617229461670e-01
4.948773980140686035e-01
4.948136806488037109e-01
4.943898618221282959e-01
4.931436777114868164e-01
4.925906956195831299e-01
4.925849437713623047e-01
4.925920367240905762e-01
4.925879240036010742e-01
4.925877153873443604e-01
4.925875663757324219e-01
4.925875067710876465e-01
4.925877749919891357e-01
4.925884306430816650e-01
4.925873875617980957e-01
4.925873577594757080e-01
4.925872981548309326e-01
4.925917387008666992e-01
4.926358163356781006e-01
4.926697611808776855e-01
4.926590323448181152e-01
4.926589727401733398e-01
4.926587343215942383e-01
4.926588535308837891e-01
4.926596879959106445e-01
4.926600456237792969e-01
4.926604330539703369e-01
4.926584064960479736e-01
4.926583468914031982e-01
4.926582872867584229e-01
4.926578104496002197e-01
4.926570057868957520e-01
4.926588237285614014e-01
4.926581084728240967e-01
4.926598370075225830e-01
4.926601946353912354e-01
4.926610887050628662e-01
4.926617443561553955e-01
4.926604330539703369e-01
4.926603734493255615e-01
4.926638007164001465e-01
4.926687479019165039e-01
4.926634132862091064e-01
4.926708936691284180e-01
4.926623106002807617e-01
4.926805794239044189e-01
4.927060902118682861e-01
4.926978349685668945e-01
4.926977753639221191e-01
4.926977753639221191e-01
4.926976561546325684e-01
4.926977157592773438e-01
4.926986992359161377e-01
4.927015304565429688e-01
4.926976561546325684e-01
4.926976859569549561e-01
4.926974773406982422e-01
4.926975369453430176e-01
4.926975667476654053e-01
4.926977157592773438e-01
4.926939606666564941e-01
4.926897883415222168e-01
4.926951825618743896e-01
4.926986694335937500e-01
4.927002787590026855e-01
4.927047789096832275e-01
4.927006065845489502e-01
4.927009940147399902e-01
4.927004873752593994e-01
4.927002787590026855e-01
4.927003085613250732e-01
4.927006065845489502e-01
4.927010834217071533e-01
4.927016198635101318e-01
4.926924705505371094e-01
4.926909506320953369e-01
4.928908050060272217e-01
4.926677644252777100e-01
4.926660060882568359e-01
4.926589727401733398e-01
4.927020967006683350e-01
4.928184747695922852e-01
4.928763806819915771e-01
4.929780066013336182e-01
4.931046366691589355e-01
4.932903945446014404e-01
4.934378564357757568e-01
4.935177862644195557e-01
4.934856593608856201e-01
4.933660030364990234e-01
4.932891726493835449e-01
4.932619333267211914e-01
4.932551085948944092e-01
4.932519793510437012e-01
4.931996464729309082e-01
4.931253790855407715e-01
4.930175244808197021e-01
4.928624629974365234e-01
4.927117824554443359e-01
4.933830201625823975e-01
4.963570535182952881e-01
4.930424392223358154e-01
4.930310249328613281e-01
4.987865090370178223e-01
4.966950118541717529e-01
4.994798600673675537e-01
5.058557987213134766e-01
5.130110383033752441e-01
5.112853050231933594e-01
5.132202506065368652e-01
5.061537027359008789e-01
5.050438046455383301e-01
5.108341574668884277e-01
5.138143897056579590e-01
5.149694085121154785e-01
5.185106396675109863e-01
5.212002396583557129e-01
5.232645273208618164e-01
5.282930731773376465e-01
5.467282533645629883e-01
5.643607974052429199e-01
5.750625133514404297e-01
5.821424722671508789e-01
5.863116383552551270e-01
5.885401368141174316e-01
5.747624039649963379e-01
5.361331105232238770e-01
5.254082679748535156e-01
4.856793284416198730e-01
4.855818748474121094e-01
4.910675287246704102e-01
4.931330978870391846e-01
4.936710894107818604e-01
4.939457178115844727e-01
4.941039085388183594e-01
4.942005574703216553e-01
4.942456483840942383e-01
4.942609071731567383e-01
4.942515194416046143e-01
4.942311644554138184e-01
4.942331910133361816e-01
4.942159950733184814e-01
4.941846430301666260e-01
4.941968917846679688e-01
4.942294955253601074e-01
4.941976070404052734e-01
4.941015243530273438e-01
4.940136671066284180e-01
4.939153790473937988e-01
4.938277304172515869e-01
4.936320483684539795e-01
4.936097264289855957e-01
4.936613738536834717e-01
4.936135709285736084e-01
4.931173324584960938e-01
4.926817119121551514e-01
4.926579296588897705e-01
4.928890168666839600e-01
4.936044812202453613e-01
4.943610131740570068e-01
4.946254491806030273e-01
4.947708547115325928e-01
4.948193132877349854e-01
4.948483705520629883e-01
4.948620796203613281e-01
4.948617517948150635e-01
4.948331117630004883e-01
4.945472776889801025e-01
4.934531450271606445e-01
4.925846457481384277e-01
4.926108419895172119e-01
4.925897717475891113e-01
4.925893247127532959e-01
4.925989806652069092e-01
4.926583468914031982e-01
4.926769435405731201e-01
4.926715195178985596e-01
4.926695823669433594e-01
4.926724433898925781e-01
4.926710724830627441e-01
4.926723837852478027e-01
4.926718473434448242e-01
4.926718771457672119e-01
4.926708340644836426e-01
4.926675260066986084e-01
4.926693439483642578e-01
4.927097558975219727e-01
4.926734566688537598e-01
4.926636815071105957e-01
4.926390647888183594e-01
4.925856292247772217e-01
4.925834238529205322e-01
4.925816953182220459e-01
4.925781488418579102e-01
4.926094114780426025e-01
4.926726520061492920e-01
4.926378130912780762e-01
4.926416277885437012e-01
4.926362931728363037e-01
4.926387965679168701e-01
4.926451146602630615e-01
4.926357865333557129e-01
4.925795197486877441e-01
4.940205216407775879e-01
4.945420920848846436e-01
4.927074015140533447e-01
4.927679598331451416e-01
4.928850531578063965e-01
4.930737912654876709e-01
4.932100176811218262e-01
4.931698739528656006e-01
4.931548535823822021e-01
4.931572079658508301e-01
4.930353760719299316e-01
4.928300380706787109e-01
4.925995469093322754e-01
4.925793111324310303e-01
4.925913810729980469e-01
4.926637709140777588e-01
4.926681220531463623e-01
4.926695227622985840e-01
4.926724433898925781e-01
4.926719069480895996e-01
4.926717877388000488e-01
4.926716387271881104e-01
4.926705956459045410e-01
4.926699697971343994e-01
4.926767051219940186e-01
4.929643571376800537e-01
4.926046431064605713e-01
4.926058053970336914e-01
4.925820827484130859e-01
4.926371574401855469e-01
4.940726161003112793e-01
4.944043457508087158e-01
4.944099485874176025e-01
