4.594930112361907959e-01
4.580733180046081543e-01
4.577927291393280029e-01
4.578809738159179688e-01
4.578508734703063965e-01
4.578916132450103760e-01
4.579859972000122070e-01
4.577510952949523926e-01
4.575839936733245850e-01
4.577684998512268066e-01
4.581167995929718018e-01
4.580518901348114014e-01
4.577187597751617432e-01
4.573462903499603271e-01
4.572955071926116943e-01
4.572950303554534912e-01
4.572950303554534912e-01
4.572909176349639893e-01
4.575311541557312012e-01
4.579051434993743896e-01
4.579596519470214844e-01
4.579605162143707275e-01
4.579612016677856445e-01
4.578947722911834717e-01
4.578969776630401611e-01
4.577780663967132568e-01
4.577296972274780273e-01
4.564128816127777100e-01
4.568837285041809082e-01
4.581252336502075195e-01
4.578897356986999512e-01
4.578889310359954834e-01
4.578889310359954834e-01
4.578889310359954834e-01
4.578889310359954834e-01
4.578889310359954834e-01
4.578860700130462646e-01
4.580103754997253418e-01
4.583588838577270508e-01
4.583455026149749756e-01
4.583454132080078125e-01
4.583454132080078125e-01
4.583454132080078125e-01
4.583449363708496094e-01
4.583665132522583008e-01
4.584057629108428955e-01
4.584048986434936523e-01
4.584048390388488770e-01
4.584048390388488770e-01
4.584048390388488770e-01
4.584048390388488770e-01
4.584048390388488770e-01
4.584049284458160400e-01
4.584048390388488770e-01
4.584048390388488770e-01
4.584097564220428467e-01
4.581964313983917236e-01
4.580157101154327393e-01
4.583288729190826416e-01
4.583812355995178223e-01
4.586590230464935303e-01
4.576718211174011230e-01
4.583868682384490967e-01
4.583362340927124023e-01
4.582195281982421875e-01
4.578311145305633545e-01
4.579616785049438477e-01
4.579342305660247803e-01
4.579676985740661621e-01
4.582467973232269287e-01
4.583605229854583740e-01
4.583454132080078125e-01
4.583454132080078125e-01
4.583454132080078125e-01
4.583454132080078125e-01
4.583454132080078125e-01
4.583489298820495605e-01
4.582754969596862793e-01
4.571418166160583496e-01
4.575640559196472168e-01
4.576383829116821289e-01
4.576682448387145996e-01
4.574370682239532471e-01
4.571853280067443848e-01
4.547970294952392578e-01
4.563894867897033691e-01
4.563896059989929199e-01
4.563868343830108643e-01
4.564745128154754639e-01
4.566482007503509521e-01
4.567326307296752930e-01
4.568710923194885254e-01
4.569819271564483643e-01
4.558801651000976562e-01
4.565783739089965820e-01
4.566954076290130615e-01
4.565988481044769287e-01
4.567299783229827881e-01
4.567299783229827881e-01
4.567299783229827881e-01
4.567299783229827881e-01
4.567289650440216064e-01
4.567621946334838867e-01
4.568349123001098633e-01
4.568227231502532959e-01
4.568227231502532959e-01
4.568227231502532959e-01
4.568227231502532959e-01
4.568227231502532959e-01
4.568227231502532959e-01
4.568227231502532959e-01
4.568227231502532959e-01
4.568227231502532959e-01
4.568227231502532959e-01
4.568227231502532959e-01
4.568227231502532959e-01
4.568227231502532959e-01
4.568227231502532959e-01
4.568228721618652344e-01
4.568227231502532959e-01
4.568227231502532959e-01
4.568227231502532959e-01
4.568227231502532959e-01
4.568227231502532959e-01
4.568227231502532959e-01
4.568227231502532959e-01
4.568227529525756836e-01
4.568227231502532959e-01
4.568227231502532959e-01
4.568227231502532959e-01
4.568227231502532959e-01
4.568227231502532959e-01
4.568227231502532959e-01
4.568227231502532959e-01
4.568218886852264404e-01
4.568926095962524414e-01
4.563562572002410889e-01
4.565912187099456787e-01
4.564180672168731689e-01
4.564177393913269043e-01
4.564177393913269043e-01
4.564177393913269043e-01
4.564177393913269043e-01
4.564177393913269043e-01
4.564154744148254395e-01
4.565028250217437744e-01
4.566808342933654785e-01
4.566774964332580566e-01
4.566774964332580566e-01
4.566774964332580566e-01
4.566774964332580566e-01
4.566774964332580566e-01
4.566775262355804443e-01
4.566842019557952881e-01
4.564402997493743896e-01
4.556870162487030029e-01
4.566774070262908936e-01
4.566889405250549316e-01
4.565933942794799805e-01
4.566417038440704346e-01
4.566808342933654785e-01
4.566774964332580566e-01
4.566774964332580566e-01
4.566774964332580566e-01
4.566774964332580566e-01
4.566774964332580566e-01
4.566774964332580566e-01
4.566774964332580566e-01
4.566774964332580566e-01
4.566774964332580566e-01
4.566774964332580566e-01
4.566774964332580566e-01
4.566774964332580566e-01
4.566774964332580566e-01
4.566774964332580566e-01
4.566774964332580566e-01
4.566774964332580566e-01
4.566774964332580566e-01
4.566775262355804443e-01
4.566827416419982910e-01
4.564905464649200439e-01
4.559808671474456787e-01
4.552603363990783691e-01
4.554920792579650879e-01
4.554889500141143799e-01
4.554889500141143799e-01
4.554889798164367676e-01
4.554945528507232666e-01
4.555319845676422119e-01
4.557700753211975098e-01
4.554892480373382568e-01
4.554889500141143799e-01
4.554889500141143799e-01
4.554889500141143799e-01
4.554889500141143799e-01
4.554890394210815430e-01
4.554910659790039062e-01
4.554889500141143799e-01
4.554889500141143799e-01
4.554889500141143799e-01
4.554889500141143799e-01
4.554889500141143799e-01
4.554889500141143799e-01
4.554889500141143799e-01
4.554889500141143799e-01
4.554889500141143799e-01
4.554889500141143799e-01
4.554889500141143799e-01
4.554889500141143799e-01
4.554889500141143799e-01
4.554889500141143799e-01
4.554889500141143799e-01
4.554889500141143799e-01
4.554889500141143799e-01
4.554889500141143799e-01
4.554890096187591553e-01
4.554889500141143799e-01
4.554889500141143799e-01
4.554889500141143799e-01
4.554889500141143799e-01
4.554889500141143799e-01
4.554889500141143799e-01
4.554889500141143799e-01
4.554889500141143799e-01
4.554889500141143799e-01
4.554889500141143799e-01
4.554889500141143799e-01
4.554889500141143799e-01
4.554889500141143799e-01
4.554889500141143799e-01
4.554889500141143799e-01
4.554889500141143799e-01
4.554889500141143799e-01
4.554889500141143799e-01
4.554899930953979492e-01
4.554880857467651367e-01
4.555657207965850830e-01
4.553485214710235596e-01
4.546941816806793213e-01
4.546936452388763428e-01
4.546925127506256104e-01
4.546925127506256104e-01
4.546925127506256104e-01
4.546925127506256104e-01
4.546925425529479980e-01
4.546928405761718750e-01
4.565678536891937256e-01
4.561607837677001953e-01
4.546925127506256104e-01
4.551025032997131348e-01
4.547007977962493896e-01
4.549573957920074463e-01
4.548326134681701660e-01
4.548254013061523438e-01
4.549299180507659912e-01
4.546925127506256104e-01
4.577024579048156738e-01
4.548234939575195312e-01
4.550710916519165039e-01
4.548311829566955566e-01
4.576184749603271484e-01
4.546566605567932129e-01
4.550454318523406982e-01
4.552221298217773438e-01
4.548122286796569824e-01
4.551776945590972900e-01
4.551157653331756592e-01
4.569307267665863037e-01
4.547888338565826416e-01
4.546684026718139648e-01
4.548899531364440918e-01
4.548966884613037109e-01
4.566482007503509521e-01
4.546840190887451172e-01
4.548572301864624023e-01
4.550493955612182617e-01
4.550678133964538574e-01
4.547752737998962402e-01
4.546804130077362061e-01
4.561678171157836914e-01
4.547797441482543945e-01
4.552387893199920654e-01
4.570759832859039307e-01
4.552731812000274658e-01
4.573348462581634521e-01
4.781005680561065674e-01
4.802016019821166992e-01
4.800473749637603760e-01
4.794787466526031494e-01
4.803432822227478027e-01
4.621322453022003174e-01
4.565824866294860840e-01
4.546196460723876953e-01
4.547809660434722900e-01
4.570827782154083252e-01
4.547395706176757812e-01
4.549780189990997314e-01
4.587790966033935547e-01
4.546196460723876953e-01
4.546405673027038574e-01
4.546197652816772461e-01
4.550508856773376465e-01
4.549107551574707031e-01
4.564576745033264160e-01
4.545854032039642334e-01
4.578357636928558350e-01
4.558611512184143066e-01
4.546201527118682861e-01
4.546202719211578369e-01
4.546201825141906738e-01
4.556436538696289062e-01
4.569159746170043945e-01
4.547396600246429443e-01
4.546514451503753662e-01
4.561480879783630371e-01
4.553012251853942871e-01
4.549063444137573242e-01
4.547411203384399414e-01
4.548151195049285889e-01
4.547080099582672119e-01
4.546052217483520508e-01
4.570971429347991943e-01
4.803758263587951660e-01
4.562968015670776367e-01
4.545120298862457275e-01
4.549567401409149170e-01
4.572001099586486816e-01
4.572409689426422119e-01
4.592404961585998535e-01
4.568454623222351074e-01
4.568251669406890869e-01
4.573093354701995850e-01
4.598496258258819580e-01
4.583360552787780762e-01
4.579883813858032227e-01
4.581765830516815186e-01
4.589308500289916992e-01
4.606043100357055664e-01
4.633477330207824707e-01
4.673658013343811035e-01
4.670279622077941895e-01
4.623715579509735107e-01
4.584977030754089355e-01
4.783077239990234375e-01
4.655308425426483154e-01
4.655458033084869385e-01
4.670693278312683105e-01
4.655417501926422119e-01
4.665098786354064941e-01
4.655232429504394531e-01
4.655245542526245117e-01
4.655737876892089844e-01
4.655247926712036133e-01
4.636947512626647949e-01
4.567353427410125732e-01
4.607342779636383057e-01
4.599994421005249023e-01
4.623523652553558350e-01
4.605798125267028809e-01
4.600080251693725586e-01
4.600019156932830811e-01
4.600034058094024658e-01
4.600017666816711426e-01
4.592595696449279785e-01
4.591612815856933594e-01
4.614031910896301270e-01
4.582237899303436279e-01
4.578704237937927246e-01
4.593888223171234131e-01
4.592547118663787842e-01
4.586617052555084229e-01
4.580860733985900879e-01
4.590288400650024414e-01
4.583534598350524902e-01
4.573366045951843262e-01
4.570192992687225342e-01
4.551413059234619141e-01
4.653910100460052490e-01
4.577910006046295166e-01
4.545081853866577148e-01
4.544193148612976074e-01
4.545876979827880859e-01
4.553052484989166260e-01
4.713059365749359131e-01
4.939548671245574951e-01
4.566923975944519043e-01
4.607750177383422852e-01
4.623979032039642334e-01
4.619198143482208252e-01
4.625914096832275391e-01
4.619210660457611084e-01
4.619165360927581787e-01
4.619269669055938721e-01
4.619754254817962646e-01
4.619319140911102295e-01
4.619027078151702881e-01
4.620395600795745850e-01
4.634201228618621826e-01
4.629588425159454346e-01
4.631766080856323242e-01
4.627291858196258545e-01
4.619103074073791504e-01
4.625153839588165283e-01
4.631010591983795166e-01
4.628131687641143799e-01
4.679681062698364258e-01
4.809657633304595947e-01
4.670879542827606201e-01
4.626613855361938477e-01
4.789966642856597900e-01
4.800799489021301270e-01
4.837746918201446533e-01
4.832935333251953125e-01
4.828523695468902588e-01
4.796438515186309814e-01
4.795110225677490234e-01
4.819108843803405762e-01
4.804966449737548828e-01
4.825957417488098145e-01
4.687179625034332275e-01
4.689398705959320068e-01
4.785797894001007080e-01
4.805235266685485840e-01
4.735016226768493652e-01
4.796206355094909668e-01
4.758383631706237793e-01
4.621104001998901367e-01
4.713733494281768799e-01
4.784216880798339844e-01
4.757242798805236816e-01
4.747822582721710205e-01
4.723784625530242920e-01
4.716180264949798584e-01
4.728372693061828613e-01
4.663065969944000244e-01
4.618498682975769043e-01
4.691307842731475830e-01
4.797509908676147461e-01
4.549224674701690674e-01
4.501820802688598633e-01
4.584431946277618408e-01
4.776044785976409912e-01
4.738131761550903320e-01
4.775780439376831055e-01
4.676894843578338623e-01
4.664945900440216064e-01
4.694486260414123535e-01
4.705214500427246094e-01
4.650714099407196045e-01
4.568049609661102295e-01
4.588496685028076172e-01
4.569149017333984375e-01
4.566958844661712646e-01
4.568648636341094971e-01
4.568938612937927246e-01
4.569137394428253174e-01
4.569644927978515625e-01
4.569233655929565430e-01
4.568760395050048828e-01
4.569469392299652100e-01
4.572449922561645508e-01
4.569462537765502930e-01
4.574791491031646729e-01
4.564181864261627197e-01
4.563410282135009766e-01
4.567697644233703613e-01
4.568274021148681641e-01
4.568294584751129150e-01
4.569917619228363037e-01
4.569313526153564453e-01
4.568687975406646729e-01
4.568309783935546875e-01
4.570837020874023438e-01
4.564775824546813965e-01
4.567326903343200684e-01
4.566192328929901123e-01
4.566180706024169922e-01
4.566822648048400879e-01
4.565251469612121582e-01
4.566358327865600586e-01
4.568455517292022705e-01
4.560031890869140625e-01
4.564792215824127197e-01
4.564647972583770752e-01
4.564089477062225342e-01
4.563352465629577637e-01
4.563013315200805664e-01
4.564948976039886475e-01
4.565313756465911865e-01
4.562891125679016113e-01
4.561800956726074219e-01
4.561172425746917725e-01
4.561203718185424805e-01
4.561852514743804932e-01
4.560015797615051270e-01
4.560624957084655762e-01
4.560821652412414551e-01
4.560456871986389160e-01
4.560674130916595459e-01
4.561704099178314209e-01
4.561573565006256104e-01
4.559093713760375977e-01
4.555892348289489746e-01
4.556585550308227539e-01
4.556774795055389404e-01
4.557999372482299805e-01
4.607755243778228760e-01
4.561357200145721436e-01
4.548434615135192871e-01
4.556166231632232666e-01
4.556165933609008789e-01
4.556142091751098633e-01
4.557225406169891357e-01
4.559748470783233643e-01
4.561282992362976074e-01
4.559635221958160400e-01
4.559108912944793701e-01
4.559889137744903564e-01
4.562319219112396240e-01
4.551326632499694824e-01
4.558758437633514404e-01
4.557911455631256104e-01
4.558226764202117920e-01
