3.470774292945861816e-01
4.247348904609680176e-01
3.434760570526123047e-01
4.134632647037506104e-01
3.468265235424041748e-01
3.340162634849548340e-01
3.345624208450317383e-01
3.378632664680480957e-01
4.288631081581115723e-01
3.336789011955261230e-01
3.708461821079254150e-01
4.314666390419006348e-01
4.224948883056640625e-01
4.297026395797729492e-01
3.062506914138793945e-01
2.916360497474670410e-01
3.241836726665496826e-01
3.298523724079132080e-01
3.082723021507263184e-01
3.078860044479370117e-01
3.090254366397857666e-01
2.949254512786865234e-01
3.053317368030548096e-01
3.040280938148498535e-01
3.195859789848327637e-01
3.727124333381652832e-01
3.287340700626373291e-01
3.142467439174652100e-01
2.979088723659515381e-01
4.309151470661163330e-01
3.334637284278869629e-01
3.102244734764099121e-01
3.170915842056274414e-01
3.072908222675323486e-01
3.261409401893615723e-01
3.188025355339050293e-01
3.205775022506713867e-01
3.226961493492126465e-01
3.166874051094055176e-01
2.994765639305114746e-01
3.191239237785339355e-01
3.222347199916839600e-01
3.976253867149353027e-01
4.126727581024169922e-01
4.321247637271881104e-01
4.512790143489837646e-01
4.045161306858062744e-01
4.358033537864685059e-01
4.393549859523773193e-01
2.834422290325164795e-01
3.413814008235931396e-01
2.978100776672363281e-01
3.353087306022644043e-01
3.516401052474975586e-01
3.318980336189270020e-01
3.168709278106689453e-01
3.164188861846923828e-01
3.253090977668762207e-01
3.106936812400817871e-01
3.219735026359558105e-01
3.184543251991271973e-01
3.061776757240295410e-01
3.068664669990539551e-01
3.052553236484527588e-01
2.931103706359863281e-01
3.052075803279876709e-01
3.041426539421081543e-01
2.961507141590118408e-01
3.178392350673675537e-01
3.140072822570800781e-01
3.232684731483459473e-01
3.156490921974182129e-01
3.513072431087493896e-01
3.294743299484252930e-01
3.291615843772888184e-01
3.358658552169799805e-01
3.364807069301605225e-01
3.366939425468444824e-01
3.451529443264007568e-01
3.500989675521850586e-01
3.349415063858032227e-01
3.511013984680175781e-01
3.798125684261322021e-01
3.167426586151123047e-01
3.400230407714843750e-01
3.926194906234741211e-01
3.240803778171539307e-01
4.159085154533386230e-01
3.648173213005065918e-01
4.243588447570800781e-01
4.660913050174713135e-01
3.316172957420349121e-01
4.578124284744262695e-01
3.117818236351013184e-01
3.235586881637573242e-01
3.509189486503601074e-01
4.301152229309082031e-01
4.089236557483673096e-01
3.377680778503417969e-01
4.496363103389739990e-01
4.597234129905700684e-01
4.811850786209106445e-01
4.587194919586181641e-01
3.388163447380065918e-01
4.790432453155517578e-01
4.665626585483551025e-01
4.444071352481842041e-01
4.226517975330352783e-01
4.450702071189880371e-01
4.827835559844970703e-01
4.681921601295471191e-01
3.309676349163055420e-01
4.663249850273132324e-01
4.722553193569183350e-01
4.315765202045440674e-01
4.304873645305633545e-01
4.043592512607574463e-01
4.314251542091369629e-01
4.317504465579986572e-01
4.312903285026550293e-01
4.315673410892486572e-01
4.313818216323852539e-01
4.315287768840789795e-01
4.313932955265045166e-01
4.315673112869262695e-01
4.314593672752380371e-01
4.312298595905303955e-01
4.314145743846893311e-01
4.056411385536193848e-01
4.314412474632263184e-01
4.315136671066284180e-01
4.311620593070983887e-01
4.314717352390289307e-01
4.312662184238433838e-01
4.316139817237854004e-01
4.317396283149719238e-01
4.315869510173797607e-01
4.316169619560241699e-01
4.313503503799438477e-01
4.317504465579986572e-01
4.317504465579986572e-01
4.316877126693725586e-01
4.317047297954559326e-01
4.315824210643768311e-01
4.317504465579986572e-01
4.317504465579986572e-01
4.316278398036956787e-01
4.317276477813720703e-01
4.316174387931823730e-01
4.315398633480072021e-01
4.313552379608154297e-01
4.314865469932556152e-01
4.314685165882110596e-01
4.314278364181518555e-01
4.313868582248687744e-01
4.312693476676940918e-01
4.313492774963378906e-01
4.313952028751373291e-01
4.314191937446594238e-01
4.314812719821929932e-01
4.308159947395324707e-01
4.315780103206634521e-01
4.311929345130920410e-01
4.311400055885314941e-01
4.310882091522216797e-01
4.310504794120788574e-01
4.313332438468933105e-01
4.313318133354187012e-01
4.310845136642456055e-01
4.313344955444335938e-01
4.313262701034545898e-01
4.317463934421539307e-01
4.317504465579986572e-01
4.313889145851135254e-01
4.317504465579986572e-01
4.314240217208862305e-01
4.317504465579986572e-01
4.317618310451507568e-01
4.319170117378234863e-01
4.318629503250122070e-01
4.318631291389465332e-01
4.318629503250122070e-01
4.318629503250122070e-01
4.318629503250122070e-01
4.318629503250122070e-01
4.318629503250122070e-01
4.318237900733947754e-01
4.317566752433776855e-01
4.317554533481597900e-01
4.317554533481597900e-01
4.317554533481597900e-01
4.317554533481597900e-01
4.317554533481597900e-01
4.317554533481597900e-01
4.318411946296691895e-01
4.317616224288940430e-01
4.318629503250122070e-01
4.318629503250122070e-01
4.318629503250122070e-01
4.318629503250122070e-01
4.318631887435913086e-01
4.318629503250122070e-01
4.318629503250122070e-01
4.310120046138763428e-01
4.246509969234466553e-01
4.386313259601593018e-01
4.318246841430664062e-01
4.319371581077575684e-01
4.314022958278656006e-01
4.315967559814453125e-01
4.317504465579986572e-01
4.317504465579986572e-01
4.317504465579986572e-01
4.317504465579986572e-01
4.318331480026245117e-01
4.318333268165588379e-01
4.317733943462371826e-01
4.317504465579986572e-01
4.317504465579986572e-01
4.318125545978546143e-01
4.320130348205566406e-01
4.320158660411834717e-01
4.319043755531311035e-01
4.317504465579986572e-01
4.317504465579986572e-01
4.317504465579986572e-01
4.317504465579986572e-01
4.318237900733947754e-01
4.359859526157379150e-01
4.320112764835357666e-01
4.318984746932983398e-01
4.317504465579986572e-01
4.317504465579986572e-01
4.317504465579986572e-01
4.317504465579986572e-01
4.317504465579986572e-01
4.317504465579986572e-01
4.317504465579986572e-01
4.317504465579986572e-01
4.317504465579986572e-01
4.328563511371612549e-01
4.352934956550598145e-01
4.365513026714324951e-01
4.387117326259613037e-01
4.390399158000946045e-01
4.398803710937500000e-01
4.399346709251403809e-01
4.399045109748840332e-01
4.398995041847229004e-01
4.399037063121795654e-01
4.400378465652465820e-01
4.399357438087463379e-01
4.400433003902435303e-01
4.400207698345184326e-01
4.399906396865844727e-01
4.398514926433563232e-01
4.399830102920532227e-01
4.400128722190856934e-01
4.400399327278137207e-01
4.400354921817779541e-01
4.400361776351928711e-01
4.400361776351928711e-01
4.400361776351928711e-01
4.400361776351928711e-01
4.400425255298614502e-01
4.397577643394470215e-01
4.398244917392730713e-01
4.400447607040405273e-01
4.400395154953002930e-01
4.399874210357666016e-01
4.398885369300842285e-01
4.398500621318817139e-01
4.398252964019775391e-01
4.400545954704284668e-01
4.400115311145782471e-01
4.400504827499389648e-01
4.400185048580169678e-01
4.399647414684295654e-01
4.399023354053497314e-01
4.397970139980316162e-01
4.395059347152709961e-01
4.393840134143829346e-01
4.393452703952789307e-01
4.393452703952789307e-01
4.402402639389038086e-01
4.317504465579986572e-01
4.317504465579986572e-01
4.317552447319030762e-01
4.334485530853271484e-01
4.317504465579986572e-01
4.318567514419555664e-01
4.395294189453125000e-01
4.395714104175567627e-01
4.396622776985168457e-01
4.317504465579986572e-01
4.318752884864807129e-01
4.317762255668640137e-01
4.317995309829711914e-01
4.398437142372131348e-01
4.396155476570129395e-01
4.321106374263763428e-01
4.393583238124847412e-01
4.320847988128662109e-01
4.321323633193969727e-01
4.395737648010253906e-01
4.320824742317199707e-01
4.319327473640441895e-01
4.318807423114776611e-01
4.317654371261596680e-01
4.320540130138397217e-01
4.318487942218780518e-01
4.320598244667053223e-01
4.324539303779602051e-01
4.322303533554077148e-01
4.320658147335052490e-01
4.319902062416076660e-01
4.321834444999694824e-01
4.320718944072723389e-01
4.320031702518463135e-01
4.322512745857238770e-01
4.321612119674682617e-01
4.321022927761077881e-01
4.322039484977722168e-01
4.322591722011566162e-01
4.324499666690826416e-01
4.322575926780700684e-01
4.324580729007720947e-01
4.323974251747131348e-01
4.324374198913574219e-01
4.321887493133544922e-01
4.323365092277526855e-01
4.326013922691345215e-01
4.324203729629516602e-01
4.323643445968627930e-01
4.323470592498779297e-01
4.324477612972259521e-01
4.324225783348083496e-01
4.365019500255584717e-01
4.323114156723022461e-01
4.323930740356445312e-01
4.355764687061309814e-01
4.324217736721038818e-01
4.323664009571075439e-01
4.325566291809082031e-01
4.324186444282531738e-01
4.323629140853881836e-01
4.365832209587097168e-01
4.332788586616516113e-01
4.333360791206359863e-01
4.354348182678222656e-01
4.396176934242248535e-01
4.357839226722717285e-01
4.396120905876159668e-01
4.372301101684570312e-01
4.396111071109771729e-01
4.405950605869293213e-01
4.337288737297058105e-01
4.323339462280273438e-01
4.323019683361053467e-01
4.396051764488220215e-01
4.331483244895935059e-01
4.322472810745239258e-01
4.322472810745239258e-01
4.323097467422485352e-01
4.360560774803161621e-01
4.387917518615722656e-01
4.323764443397521973e-01
4.324101209640502930e-01
4.380254149436950684e-01
4.398696124553680420e-01
4.387217462062835693e-01
4.352099001407623291e-01
4.396108984947204590e-01
4.413259625434875488e-01
4.343095123767852783e-01
4.323580265045166016e-01
4.404225647449493408e-01
4.323604702949523926e-01
4.324218630790710449e-01
4.321639537811279297e-01
4.408223032951354980e-01
4.403253197669982910e-01
4.345099925994873047e-01
4.411350488662719727e-01
4.414717555046081543e-01
4.408122301101684570e-01
4.402222335338592529e-01
4.390400052070617676e-01
4.375115633010864258e-01
4.375348687171936035e-01
4.378694891929626465e-01
4.375571608543395996e-01
4.374440312385559082e-01
4.372902810573577881e-01
4.371474981307983398e-01
4.366697669029235840e-01
4.376298785209655762e-01
4.383137226104736328e-01
4.379408359527587891e-01
4.396256208419799805e-01
4.370334446430206299e-01
4.357009232044219971e-01
4.336177706718444824e-01
4.404952824115753174e-01
4.380106925964355469e-01
4.368261694908142090e-01
4.363361001014709473e-01
4.358948767185211182e-01
4.356550872325897217e-01
4.356893002986907959e-01
4.353129267692565918e-01
4.351295530796051025e-01
4.357816576957702637e-01
4.361347556114196777e-01
4.364884793758392334e-01
4.366382956504821777e-01
4.370263814926147461e-01
4.366480112075805664e-01
4.362410604953765869e-01
4.383275508880615234e-01
4.369925260543823242e-01
4.359803199768066406e-01
4.333394765853881836e-01
4.406810402870178223e-01
4.373345971107482910e-01
4.399129748344421387e-01
4.374395608901977539e-01
4.381993412971496582e-01
4.372178912162780762e-01
4.371316432952880859e-01
4.372365772724151611e-01
4.372300803661346436e-01
4.370541572570800781e-01
4.369764924049377441e-01
4.369864165782928467e-01
4.369188547134399414e-01
4.361658692359924316e-01
4.359730482101440430e-01
4.361047446727752686e-01
4.362233579158782959e-01
4.365690648555755615e-01
4.367474913597106934e-01
4.367986917495727539e-01
4.367990791797637939e-01
4.370333254337310791e-01
4.371315836906433105e-01
4.366838932037353516e-01
4.363892078399658203e-01
4.361033439636230469e-01
4.360025227069854736e-01
4.359996914863586426e-01
4.359761178493499756e-01
4.393208324909210205e-01
4.371545910835266113e-01
4.371536374092102051e-01
4.377759695053100586e-01
4.377695322036743164e-01
4.377615451812744141e-01
4.377973973751068115e-01
4.406766295433044434e-01
4.383181631565093994e-01
4.383847713470458984e-01
4.382661879062652588e-01
4.381805062294006348e-01
4.380824565887451172e-01
4.379426538944244385e-01
4.378885924816131592e-01
4.378416538238525391e-01
4.378724992275238037e-01
4.379515945911407471e-01
4.381027519702911377e-01
4.381876885890960693e-01
4.383650124073028564e-01
4.384139478206634521e-01
4.384269416332244873e-01
4.386341571807861328e-01
4.380427300930023193e-01
4.366963505744934082e-01
4.404321312904357910e-01
4.383576512336730957e-01
4.373463392257690430e-01
4.369731247425079346e-01
4.381373226642608643e-01
4.391067624092102051e-01
4.384955763816833496e-01
4.378554522991180420e-01
4.380491077899932861e-01
4.375247359275817871e-01
4.367196559906005859e-01
4.361494481563568115e-01
4.363126754760742188e-01
4.364796876907348633e-01
4.373947083950042725e-01
4.385954737663269043e-01
4.383547902107238770e-01
4.383862018585205078e-01
4.385186731815338135e-01
4.385092258453369141e-01
4.385417997837066650e-01
4.385105073451995850e-01
4.385347664356231689e-01
4.385743439197540283e-01
4.385533332824707031e-01
4.385623633861541748e-01
4.386520087718963623e-01
4.387365579605102539e-01
4.386713504791259766e-01
4.386561810970306396e-01
4.384734034538269043e-01
4.384644627571105957e-01
4.382945597171783447e-01
4.383848905563354492e-01
4.384841918945312500e-01
4.385850429534912109e-01
4.386467635631561279e-01
4.384592771530151367e-01
4.384183287620544434e-01
4.385839700698852539e-01
4.378894567489624023e-01
4.379940330982208252e-01
4.389039278030395508e-01
4.395136833190917969e-01
4.395367801189422607e-01
4.397700130939483643e-01
4.403318762779235840e-01
4.321952164173126221e-01
4.397288262844085693e-01
4.379642605781555176e-01
4.379557371139526367e-01
4.379543066024780273e-01
4.379656314849853516e-01
4.379438757896423340e-01
4.379774332046508789e-01
4.379332065582275391e-01
4.379743635654449463e-01
4.379428923130035400e-01
4.379692077636718750e-01
4.379619657993316650e-01
4.379689693450927734e-01
4.379619061946868896e-01
4.378258585929870605e-01
4.385625422000885010e-01
4.388871788978576660e-01
4.386913776397705078e-01
4.383907616138458252e-01
4.384862184524536133e-01
4.383908510208129883e-01
4.382043480873107910e-01
4.382100105285644531e-01
4.381682276725769043e-01
4.381954669952392578e-01
4.382213056087493896e-01
4.382656514644622803e-01
4.380886256694793701e-01
4.378284215927124023e-01
4.376065731048583984e-01
4.374138414859771729e-01
4.372354149818420410e-01
4.371455907821655273e-01
4.371283054351806641e-01
4.370979368686676025e-01
4.371407628059387207e-01
4.371753334999084473e-01
4.371840953826904297e-01
4.373437464237213135e-01
4.372312724590301514e-01
4.375124871730804443e-01
4.374403655529022217e-01
4.375492334365844727e-01
4.376741051673889160e-01
4.377017617225646973e-01
4.375929832458496094e-01
4.373485147953033447e-01
4.371389448642730713e-01
4.369170665740966797e-01
4.367007613182067871e-01
4.365567862987518311e-01
4.359677731990814209e-01
4.338468611240386963e-01
4.356597065925598145e-01
4.364007413387298584e-01
4.366140365600585938e-01
4.363022446632385254e-01
4.377342462539672852e-01
4.414068758487701416e-01
4.400238990783691406e-01
4.400647282600402832e-01
4.400331079959869385e-01
4.387531280517578125e-01
4.378091394901275635e-01
4.364741444587707520e-01
4.365519881248474121e-01
4.367290139198303223e-01
4.364940822124481201e-01
4.356005489826202393e-01
4.338381588459014893e-01
4.340069890022277832e-01
4.338700175285339355e-01
4.338083863258361816e-01
4.336701929569244385e-01
4.335720837116241455e-01
4.333875179290771484e-01
4.333667755126953125e-01
4.334499835968017578e-01
4.335550069808959961e-01
4.338191747665405273e-01
4.342257082462310791e-01
4.343050718307495117e-01
4.344325363636016846e-01
4.344490170478820801e-01
4.345446228981018066e-01
4.345856606960296631e-01
4.338051080703735352e-01
4.327521324157714844e-01
4.326383471488952637e-01
4.326049983501434326e-01
4.326520264148712158e-01
4.361069798469543457e-01
4.338463544845581055e-01
4.334165155887603760e-01
4.343362450599670410e-01
4.351771175861358643e-01
4.350948929786682129e-01
4.346966743469238281e-01
4.340017735958099365e-01
4.339107871055603027e-01
4.341700375080108643e-01
4.342372417449951172e-01
4.342696070671081543e-01
4.344966411590576172e-01
4.345760941505432129e-01
4.347184598445892334e-01
4.349387586116790771e-01
4.350629150867462158e-01
4.352285265922546387e-01
4.353273808956146240e-01
4.355014264583587646e-01
4.355519413948059082e-01
4.356333315372467041e-01
4.357331395149230957e-01
4.357604682445526123e-01
4.358699917793273926e-01
4.358858764171600342e-01
4.359596073627471924e-01
4.358422458171844482e-01
4.360802173614501953e-01
4.373120069503784180e-01
4.384429454803466797e-01
4.382241964340209961e-01
4.373356103897094727e-01
4.364562928676605225e-01
4.356422424316406250e-01
4.351713657379150391e-01
4.350730180740356445e-01
4.351174533367156982e-01
4.352704584598541260e-01
4.351736903190612793e-01
4.345315098762512207e-01
4.346958398818969727e-01
4.348024725914001465e-01
4.345893561840057373e-01
4.344966709613800049e-01
4.361788630485534668e-01
4.322969019412994385e-01
4.343671202659606934e-01
4.341855645179748535e-01
4.345721006393432617e-01
4.358020424842834473e-01
4.324224591255187988e-01
4.378338158130645752e-01
4.369352161884307861e-01
4.368397593498229980e-01
4.366975426673889160e-01
4.368383884429931641e-01
4.368085563182830811e-01
4.369632005691528320e-01
4.370685815811157227e-01
4.377039074897766113e-01
4.379370212554931641e-01
4.374473094940185547e-01
4.365893900394439697e-01
4.345417022705078125e-01
4.326248466968536377e-01
4.336361289024353027e-01
4.338316321372985840e-01
4.343522191047668457e-01
4.350550770759582520e-01
4.371157288551330566e-01
4.404302835464477539e-01
4.323493540287017822e-01
