4.370988905429840088e-01
4.330407083034515381e-01
4.346808493137359619e-01
4.344908297061920166e-01
4.331285357475280762e-01
4.335789382457733154e-01
4.344525337219238281e-01
4.319921731948852539e-01
4.327551126480102539e-01
4.324271678924560547e-01
4.345359206199645996e-01
4.342511296272277832e-01
4.327695369720458984e-01
4.330259263515472412e-01
4.324027895927429199e-01
4.332153201103210449e-01
4.321345686912536621e-01
4.345737695693969727e-01
4.344493448734283447e-01
4.345499873161315918e-01
4.340294599533081055e-01
4.321492314338684082e-01
4.345910251140594482e-01
4.343497455120086670e-01
4.323454499244689941e-01
4.323012828826904297e-01
4.339022338390350342e-01
4.328195750713348389e-01
4.344606101512908936e-01
4.333207905292510986e-01
4.342683255672454834e-01
4.343048632144927979e-01
4.340256154537200928e-01
4.338325560092926025e-01
4.330108463764190674e-01
4.330372512340545654e-01
4.323634505271911621e-01
4.320465624332427979e-01
4.331744313240051270e-01
4.333459138870239258e-01
4.324617385864257812e-01
4.330979585647583008e-01
4.347196221351623535e-01
4.344553351402282715e-01
4.321075081825256348e-01
4.320861399173736572e-01
4.347001612186431885e-01
4.321559071540832520e-01
4.326161146163940430e-01
4.320715963840484619e-01
4.321963787078857422e-01
4.345676898956298828e-01
4.343422949314117432e-01
4.346799254417419434e-01
4.324106574058532715e-01
4.323327541351318359e-01
4.331738054752349854e-01
4.327168166637420654e-01
4.330150783061981201e-01
4.320110082626342773e-01
4.322957992553710938e-01
4.328377544879913330e-01
4.322607815265655518e-01
4.345462322235107422e-01
4.345772862434387207e-01
4.337525963783264160e-01
4.343542754650115967e-01
4.324893951416015625e-01
4.332454800605773926e-01
4.329482018947601318e-01
4.340417981147766113e-01
4.334534704685211182e-01
4.336085021495819092e-01
4.343956410884857178e-01
4.340382814407348633e-01
4.331453144550323486e-01
4.341011345386505127e-01
4.341406822204589844e-01
4.339900016784667969e-01
5.001915693283081055e-01
5.020983219146728516e-01
4.985251426696777344e-01
4.945153295993804932e-01
4.952116608619689941e-01
4.964979290962219238e-01
4.993508458137512207e-01
4.941870868206024170e-01
4.998283684253692627e-01
5.014390349388122559e-01
4.997247755527496338e-01
4.824354350566864014e-01
4.997680187225341797e-01
4.990876317024230957e-01
4.877838790416717529e-01
5.005013346672058105e-01
4.984855353832244873e-01
4.905618429183959961e-01
5.015189647674560547e-01
4.966858029365539551e-01
4.882524907588958740e-01
4.941232502460479736e-01
5.013119578361511230e-01
4.930959045886993408e-01
5.003537535667419434e-01
5.016725063323974609e-01
4.925765097141265869e-01
4.562431573867797852e-01
4.950178265571594238e-01
4.602400958538055420e-01
4.596564471721649170e-01
4.666692018508911133e-01
4.797447025775909424e-01
4.735954999923706055e-01
4.924550950527191162e-01
5.013005137443542480e-01
4.999511837959289551e-01
4.247462153434753418e-01
4.574834406375885010e-01
4.333825409412384033e-01
4.346728920936584473e-01
4.341060519218444824e-01
4.345313310623168945e-01
4.346942007541656494e-01
4.589836895465850830e-01
4.345047473907470703e-01
4.350561499595642090e-01
4.347686171531677246e-01
4.346577525138854980e-01
4.325460195541381836e-01
4.327357709407806396e-01
4.323177039623260498e-01
4.347360134124755859e-01
4.241642653942108154e-01
4.335028827190399170e-01
4.339844584465026855e-01
4.336106777191162109e-01
4.377222359180450439e-01
4.353510737419128418e-01
4.349496662616729736e-01
4.325033426284790039e-01
4.637225270271301270e-01
4.347184896469116211e-01
4.322785437107086182e-01
4.321551322937011719e-01
4.330708384513854980e-01
4.320417940616607666e-01
4.325895309448242188e-01
4.328129887580871582e-01
4.335866570472717285e-01
4.334291219711303711e-01
4.341318607330322266e-01
4.329738318920135498e-01
4.349735081195831299e-01
4.321793913841247559e-01
4.344151020050048828e-01
4.346198141574859619e-01
4.344628453254699707e-01
4.323384761810302734e-01
4.323352575302124023e-01
4.348220527172088623e-01
4.349016249179840088e-01
4.335865080356597900e-01
4.345824122428894043e-01
4.324029088020324707e-01
4.347553849220275879e-01
4.342869520187377930e-01
4.345059692859649658e-01
4.326784014701843262e-01
4.328654706478118896e-01
4.330386817455291748e-01
5.021003484725952148e-01
4.336901903152465820e-01
4.332711696624755859e-01
5.023178458213806152e-01
4.585681557655334473e-01
4.999040961265563965e-01
4.946866631507873535e-01
4.942939281463623047e-01
5.014646649360656738e-01
4.991155564785003662e-01
4.998295307159423828e-01
5.000370144844055176e-01
4.968904256820678711e-01
4.971680045127868652e-01
4.958675801753997803e-01
4.982505738735198975e-01
4.980496764183044434e-01
4.946755468845367432e-01
4.948333501815795898e-01
4.957329034805297852e-01
4.978710412979125977e-01
4.999994337558746338e-01
4.962149858474731445e-01
4.928613603115081787e-01
4.935813546180725098e-01
4.980849325656890869e-01
4.976308643817901611e-01
5.002214312553405762e-01
5.003070831298828125e-01
5.014259815216064453e-01
5.018846988677978516e-01
5.011053681373596191e-01
5.014986991882324219e-01
5.013465285301208496e-01
5.018904805183410645e-01
5.017405748367309570e-01
5.018690228462219238e-01
5.019609332084655762e-01
5.012560486793518066e-01
5.013741254806518555e-01
5.015019774436950684e-01
4.949334561824798584e-01
5.011367797851562500e-01
4.855900704860687256e-01
4.899064898490905762e-01
4.968297183513641357e-01
5.012130141258239746e-01
5.013924837112426758e-01
5.014222264289855957e-01
5.013274550437927246e-01
5.011441707611083984e-01
4.991126656532287598e-01
4.942252635955810547e-01
4.926918447017669678e-01
4.625030755996704102e-01
4.332235455513000488e-01
4.302920699119567871e-01
4.340597987174987793e-01
4.334724545478820801e-01
4.336400032043457031e-01
4.337890446186065674e-01
4.303694963455200195e-01
4.336331486701965332e-01
4.338484108448028564e-01
4.623712003231048584e-01
4.339529871940612793e-01
4.327763020992279053e-01
4.340887665748596191e-01
4.954853653907775879e-01
4.983484148979187012e-01
4.986225366592407227e-01
4.982136785984039307e-01
5.001211762428283691e-01
4.356015026569366455e-01
4.992620646953582764e-01
4.970195293426513672e-01
4.975517690181732178e-01
5.130342841148376465e-01
4.367197453975677490e-01
4.997697174549102783e-01
4.345679581165313721e-01
4.977540969848632812e-01
4.999981820583343506e-01
5.002506375312805176e-01
4.347604513168334961e-01
4.340524077415466309e-01
4.995327293872833252e-01
4.987543821334838867e-01
4.977845847606658936e-01
4.969369173049926758e-01
4.983255863189697266e-01
4.952809214591979980e-01
4.854109585285186768e-01
5.011699795722961426e-01
4.994998574256896973e-01
4.945812225341796875e-01
4.990338981151580811e-01
4.895820915699005127e-01
4.983537197113037109e-01
4.948236942291259766e-01
4.953318834304809570e-01
4.960738122463226318e-01
4.997492432594299316e-01
4.960570037364959717e-01
4.981943368911743164e-01
4.996389746665954590e-01
4.883822500705718994e-01
4.933632016181945801e-01
4.985718429088592529e-01
4.956640303134918213e-01
4.947343766689300537e-01
4.936251938343048096e-01
4.994635879993438721e-01
4.976085722446441650e-01
4.910051822662353516e-01
4.863968789577484131e-01
4.990189373493194580e-01
4.940914511680603027e-01
4.939031004905700684e-01
4.926074147224426270e-01
4.957933723926544189e-01
4.945315122604370117e-01
4.940366446971893311e-01
4.989700317382812500e-01
4.953230619430541992e-01
4.969045221805572510e-01
5.012295246124267578e-01
5.019714832305908203e-01
5.013870596885681152e-01
5.002163052558898926e-01
5.015493631362915039e-01
5.006642937660217285e-01
4.963723421096801758e-01
4.925097227096557617e-01
5.004302859306335449e-01
5.000605583190917969e-01
4.982040524482727051e-01
4.975754320621490479e-01
4.932247400283813477e-01
5.013718008995056152e-01
5.013243556022644043e-01
4.850347638130187988e-01
4.887794852256774902e-01
4.965992271900177002e-01
4.922562837600708008e-01
4.963496029376983643e-01
5.006432533264160156e-01
5.018545985221862793e-01
4.987842738628387451e-01
4.979873299598693848e-01
4.993562102317810059e-01
4.982887208461761475e-01
4.970023036003112793e-01
4.890533089637756348e-01
5.001019835472106934e-01
5.010899305343627930e-01
4.841595888137817383e-01
4.831142127513885498e-01
4.822278022766113281e-01
4.990411996841430664e-01
5.002878308296203613e-01
4.772957265377044678e-01
5.007351040840148926e-01
5.004354119300842285e-01
4.999870657920837402e-01
4.977228343486785889e-01
4.979611635208129883e-01
4.939922392368316650e-01
4.344356060028076172e-01
4.346743822097778320e-01
4.339034557342529297e-01
4.972441792488098145e-01
4.333510994911193848e-01
4.969216883182525635e-01
5.009642243385314941e-01
4.979996681213378906e-01
4.992994070053100586e-01
5.025686621665954590e-01
5.005995631217956543e-01
5.006469488143920898e-01
4.348128437995910645e-01
5.009348988533020020e-01
5.025764703750610352e-01
5.020511746406555176e-01
5.014849901199340820e-01
4.993330538272857666e-01
4.968290328979492188e-01
4.956119656562805176e-01
4.946456551551818848e-01
4.938163161277770996e-01
4.608114957809448242e-01
5.021979212760925293e-01
4.616169631481170654e-01
4.362215697765350342e-01
4.693247973918914795e-01
4.338648915290832520e-01
4.337753057479858398e-01
4.987154603004455566e-01
4.949693083763122559e-01
4.976972043514251709e-01
4.968274831771850586e-01
4.983741939067840576e-01
4.984379708766937256e-01
4.989543259143829346e-01
4.982821643352508545e-01
4.978418648242950439e-01
4.986258447170257568e-01
4.988581538200378418e-01
5.013014078140258789e-01
4.986987411975860596e-01
4.942182600498199463e-01
4.985179603099822998e-01
4.955753982067108154e-01
4.980736970901489258e-01
4.984203577041625977e-01
4.983639717102050781e-01
4.981623291969299316e-01
4.976297616958618164e-01
4.999890923500061035e-01
4.988801479339599609e-01
4.983368813991546631e-01
4.964204728603363037e-01
5.012543797492980957e-01
4.987484514713287354e-01
4.986972510814666748e-01
4.982896447181701660e-01
4.979654550552368164e-01
4.972970187664031982e-01
4.955701828002929688e-01
4.980982542037963867e-01
4.928568303585052490e-01
4.943330883979797363e-01
4.928926527500152588e-01
4.987769126892089844e-01
4.952115416526794434e-01
4.988732039928436279e-01
4.986885190010070801e-01
4.929069280624389648e-01
5.007331967353820801e-01
4.980231225490570068e-01
5.010251998901367188e-01
5.013636350631713867e-01
5.004484057426452637e-01
5.005182027816772461e-01
4.925307631492614746e-01
4.990225434303283691e-01
4.977428317070007324e-01
4.952849149703979492e-01
4.967819750308990479e-01
4.967433512210845947e-01
4.995762705802917480e-01
5.011631250381469727e-01
4.999553859233856201e-01
4.981674849987030029e-01
4.966075718402862549e-01
4.967880249023437500e-01
4.978170990943908691e-01
4.963338673114776611e-01
4.979877769947052002e-01
4.980159699916839600e-01
4.948651194572448730e-01
4.965063631534576416e-01
4.969151616096496582e-01
4.944847822189331055e-01
4.981014132499694824e-01
4.959786534309387207e-01
4.956085085868835449e-01
4.940387308597564697e-01
4.960127770900726318e-01
4.988581836223602295e-01
4.991168975830078125e-01
4.947098195552825928e-01
4.978600442409515381e-01
4.974629282951354980e-01
4.976792633533477783e-01
4.979098141193389893e-01
4.980213344097137451e-01
4.968269467353820801e-01
4.942496120929718018e-01
4.969150125980377197e-01
4.977289736270904541e-01
4.978316426277160645e-01
4.979566335678100586e-01
4.970288574695587158e-01
4.977253675460815430e-01
4.974522292613983154e-01
4.976884722709655762e-01
4.979451596736907959e-01
4.980328083038330078e-01
4.979550242424011230e-01
4.978014528751373291e-01
4.975272715091705322e-01
4.982742965221405029e-01
4.981196224689483643e-01
4.978812634944915771e-01
4.976524710655212402e-01
4.981571435928344727e-01
4.982159733772277832e-01
4.977775216102600098e-01
4.978006482124328613e-01
4.980692267417907715e-01
4.980154633522033691e-01
4.981161653995513916e-01
4.978935718536376953e-01
4.982084929943084717e-01
4.979892373085021973e-01
4.975390136241912842e-01
4.978964626789093018e-01
4.976938962936401367e-01
4.976872801780700684e-01
4.980752766132354736e-01
4.946334064006805420e-01
4.960560500621795654e-01
4.966221749782562256e-01
4.980533719062805176e-01
4.977311789989471436e-01
4.978549182415008545e-01
4.980104267597198486e-01
4.985565245151519775e-01
4.988786876201629639e-01
4.984352588653564453e-01
4.983642101287841797e-01
4.982439577579498291e-01
4.979703426361083984e-01
4.978501796722412109e-01
4.979887008666992188e-01
4.980211257934570312e-01
4.979568421840667725e-01
4.981669187545776367e-01
4.980617463588714600e-01
4.984252452850341797e-01
4.984760880470275879e-01
4.998930692672729492e-01
4.988413453102111816e-01
4.985824525356292725e-01
4.985643029212951660e-01
4.992540478706359863e-01
4.993043839931488037e-01
4.999144971370697021e-01
4.991952776908874512e-01
4.982820749282836914e-01
4.984680712223052979e-01
4.984462261199951172e-01
4.991135001182556152e-01
4.996956288814544678e-01
4.995237588882446289e-01
4.984249472618103027e-01
4.984502196311950684e-01
4.981614053249359131e-01
4.985640943050384521e-01
4.983543455600738525e-01
4.987863898277282715e-01
4.983827173709869385e-01
4.985107481479644775e-01
4.994347691535949707e-01
4.993885755538940430e-01
4.983608424663543701e-01
4.983351230621337891e-01
4.984457790851593018e-01
4.988434910774230957e-01
4.986938536167144775e-01
4.981675148010253906e-01
4.982813596725463867e-01
4.983803927898406982e-01
4.982835054397583008e-01
4.980818033218383789e-01
4.985063970088958740e-01
4.982870519161224365e-01
4.987453222274780273e-01
4.983987510204315186e-01
4.980963170528411865e-01
4.982769489288330078e-01
4.978961646556854248e-01
4.976620376110076904e-01
4.985422790050506592e-01
4.989754259586334229e-01
4.996050000190734863e-01
4.978647530078887939e-01
4.988329708576202393e-01
4.985730350017547607e-01
4.991536140441894531e-01
4.994515776634216309e-01
4.985498189926147461e-01
4.982459545135498047e-01
4.982868731021881104e-01
4.984661638736724854e-01
4.988971352577209473e-01
4.987251758575439453e-01
4.986655116081237793e-01
4.980474710464477539e-01
4.983433485031127930e-01
4.983734488487243652e-01
4.980693459510803223e-01
4.985180795192718506e-01
4.991294145584106445e-01
4.993903040885925293e-01
4.995153844356536865e-01
4.996373355388641357e-01
4.991088509559631348e-01
4.992068707942962646e-01
4.986362457275390625e-01
4.988454878330230713e-01
4.984922707080841064e-01
4.994791448116302490e-01
4.996541738510131836e-01
4.995421767234802246e-01
4.997974336147308350e-01
4.987000524997711182e-01
4.998319447040557861e-01
4.996830821037292480e-01
4.989258050918579102e-01
4.987554848194122314e-01
4.993710219860076904e-01
4.996554851531982422e-01
4.996297359466552734e-01
4.998359382152557373e-01
4.997951090335845947e-01
4.984513223171234131e-01
4.998774528503417969e-01
4.999008774757385254e-01
4.998914599418640137e-01
4.998490810394287109e-01
4.998935461044311523e-01
4.998413026332855225e-01
4.998123347759246826e-01
4.998919963836669922e-01
5.000301003456115723e-01
4.999164640903472900e-01
5.013369917869567871e-01
5.013789534568786621e-01
4.999187588691711426e-01
4.999404847621917725e-01
4.999369084835052490e-01
4.998655319213867188e-01
4.997884333133697510e-01
4.998339414596557617e-01
4.998259246349334717e-01
4.999283552169799805e-01
4.999126791954040527e-01
4.999535977840423584e-01
4.998820126056671143e-01
4.998482167720794678e-01
4.999954998493194580e-01
4.987277388572692871e-01
4.985066354274749756e-01
4.985756576061248779e-01
5.000380873680114746e-01
4.992862045764923096e-01
4.999851286411285400e-01
5.000115036964416504e-01
4.999110698699951172e-01
4.995771348476409912e-01
4.996502101421356201e-01
4.984110593795776367e-01
4.988178610801696777e-01
4.996083378791809082e-01
4.984001815319061279e-01
4.997654259204864502e-01
4.997872114181518555e-01
4.997915923595428467e-01
4.997621774673461914e-01
4.998009502887725830e-01
4.997654855251312256e-01
4.994832277297973633e-01
4.996227324008941650e-01
4.989497661590576172e-01
4.997617602348327637e-01
4.999198913574218750e-01
5.000935792922973633e-01
4.999939203262329102e-01
4.999412000179290771e-01
4.999760091304779053e-01
4.997799098491668701e-01
4.996691942214965820e-01
4.996356070041656494e-01
4.993724524974822998e-01
4.996886253356933594e-01
4.997215867042541504e-01
4.997980892658233643e-01
4.997301697731018066e-01
4.997053444385528564e-01
4.997955262660980225e-01
4.997802674770355225e-01
4.997626543045043945e-01
4.996670782566070557e-01
4.995312988758087158e-01
4.995016455650329590e-01
4.995380640029907227e-01
4.996125400066375732e-01
4.997743368148803711e-01
4.996885955333709717e-01
4.997107684612274170e-01
4.996389448642730713e-01
4.995706677436828613e-01
4.996412098407745361e-01
4.997032284736633301e-01
4.995932281017303467e-01
4.985786974430084229e-01
4.995840787887573242e-01
4.997240304946899414e-01
4.996558129787445068e-01
4.996082186698913574e-01
4.996098875999450684e-01
4.996646940708160400e-01
4.996785223484039307e-01
4.996975064277648926e-01
4.983131289482116699e-01
4.984484314918518066e-01
4.983953237533569336e-01
4.983940720558166504e-01
4.998272061347961426e-01
4.998946189880371094e-01
4.998906552791595459e-01
4.998585879802703857e-01
4.999776184558868408e-01
4.999270141124725342e-01
4.999084472656250000e-01
4.998316764831542969e-01
4.999018013477325439e-01
4.998397529125213623e-01
4.998253583908081055e-01
4.998385012149810791e-01
4.999029934406280518e-01
4.999250471591949463e-01
4.998471438884735107e-01
4.999267756938934326e-01
4.999375343322753906e-01
4.999032616615295410e-01
4.998518526554107666e-01
4.997528791427612305e-01
4.996820688247680664e-01
4.999362826347351074e-01
4.997992515563964844e-01
4.996872544288635254e-01
4.997403025627136230e-01
4.998536705970764160e-01
4.997188746929168701e-01
4.997308552265167236e-01
4.997062385082244873e-01
4.998112022876739502e-01
4.997468590736389160e-01
4.997158050537109375e-01
4.997117221355438232e-01
4.996978342533111572e-01
4.997550249099731445e-01
4.997512996196746826e-01
4.997407793998718262e-01
4.997391104698181152e-01
4.997418820858001709e-01
4.998485147953033447e-01
4.997788667678833008e-01
4.998137056827545166e-01
4.998037219047546387e-01
4.997986853122711182e-01
4.997442066669464111e-01
4.996820688247680664e-01
4.996838867664337158e-01
4.996923208236694336e-01
4.996406137943267822e-01
4.996435940265655518e-01
4.996705055236816406e-01
4.996125400066375732e-01
4.997804760932922363e-01
4.996199309825897217e-01
4.996176064014434814e-01
4.996466636657714844e-01
4.996919929981231689e-01
4.996434152126312256e-01
4.995945096015930176e-01
4.996942579746246338e-01
4.996705353260040283e-01
4.996889829635620117e-01
4.996275305747985840e-01
4.996162354946136475e-01
4.996761381626129150e-01
4.997061192989349365e-01
4.996727705001831055e-01
4.996767342090606689e-01
4.996718168258666992e-01
4.996774792671203613e-01
4.996165037155151367e-01
4.998053908348083496e-01
4.996500611305236816e-01
4.996537268161773682e-01
4.997342824935913086e-01
4.996660649776458740e-01
4.997448325157165527e-01
4.996920228004455566e-01
4.998302161693572998e-01
4.998015761375427246e-01
4.998174905776977539e-01
4.998538196086883545e-01
4.998412430286407471e-01
5.000776052474975586e-01
4.998588263988494873e-01
4.997844099998474121e-01
4.997903406620025635e-01
4.997566938400268555e-01
4.997514486312866211e-01
4.997570812702178955e-01
4.996995031833648682e-01
4.997329711914062500e-01
4.997689425945281982e-01
4.997862577438354492e-01
4.997658133506774902e-01
4.997533559799194336e-01
4.997386336326599121e-01
4.997603893280029297e-01
4.997731447219848633e-01
4.997723698616027832e-01
4.997843801975250244e-01
4.998034238815307617e-01
4.997553825378417969e-01
4.997298121452331543e-01
4.997352957725524902e-01
4.997367262840270996e-01
4.996885359287261963e-01
4.996057748794555664e-01
4.995879828929901123e-01
4.995889663696289062e-01
4.995909035205841064e-01
4.995822012424468994e-01
4.995958805084228516e-01
4.996193349361419678e-01
4.996464550495147705e-01
4.998869001865386963e-01
4.997290670871734619e-01
4.998260736465454102e-01
4.997487664222717285e-01
4.997262954711914062e-01
4.997430741786956787e-01
4.997352957725524902e-01
4.997420310974121094e-01
4.997191727161407471e-01
4.996993839740753174e-01
4.997671544551849365e-01
4.997435808181762695e-01
4.997967481613159180e-01
4.997832179069519043e-01
4.997813105583190918e-01
4.997598826885223389e-01
4.997502863407135010e-01
4.997450709342956543e-01
4.997791647911071777e-01
4.998005330562591553e-01
5.000682473182678223e-01
4.999223053455352783e-01
4.999262988567352295e-01
5.010674595832824707e-01
5.001431107521057129e-01
4.991680681705474854e-01
4.990802407264709473e-01
4.990412294864654541e-01
4.989224374294281006e-01
5.000518560409545898e-01
5.002387762069702148e-01
5.001441836357116699e-01
4.998947978019714355e-01
4.999173581600189209e-01
4.998190104961395264e-01
4.996988177299499512e-01
4.996745884418487549e-01
4.996801614761352539e-01
4.996433556079864502e-01
4.997436106204986572e-01
4.997330605983734131e-01
4.997014999389648438e-01
4.997448921203613281e-01
4.997582137584686279e-01
4.982478618621826172e-01
4.996148645877838135e-01
4.995442032814025879e-01
4.995696246623992920e-01
4.994909167289733887e-01
4.993548691272735596e-01
4.993957281112670898e-01
4.992037415504455566e-01
4.981012046337127686e-01
4.985941648483276367e-01
4.981987178325653076e-01
4.980160295963287354e-01
4.995294511318206787e-01
4.994508922100067139e-01
4.997594654560089111e-01
4.989498853683471680e-01
4.984955489635467529e-01
4.982394278049468994e-01
4.982113838195800781e-01
4.985436201095581055e-01
4.991720914840698242e-01
4.987132847309112549e-01
4.979204535484313965e-01
5.006235837936401367e-01
5.023790001869201660e-01
4.991174936294555664e-01
4.981115460395812988e-01
4.979900121688842773e-01
4.983094334602355957e-01
4.982212781906127930e-01
4.981209635734558105e-01
4.978284537792205811e-01
4.979328513145446777e-01
4.980136454105377197e-01
4.979283809661865234e-01
4.980525970458984375e-01
4.984329640865325928e-01
4.997250735759735107e-01
4.984281063079833984e-01
4.983018338680267334e-01
4.978878200054168701e-01
4.978871643543243408e-01
4.982282817363739014e-01
4.988766014575958252e-01
4.989128708839416504e-01
4.981177151203155518e-01
4.984087944030761719e-01
4.985786378383636475e-01
4.984208047389984131e-01
4.983332753181457520e-01
4.980868399143218994e-01
4.984471201896667480e-01
4.981095194816589355e-01
4.980353713035583496e-01
4.989144206047058105e-01
4.981047809123992920e-01
4.990918934345245361e-01
4.982868731021881104e-01
4.985390901565551758e-01
4.985724985599517822e-01
4.987415969371795654e-01
4.984673261642456055e-01
4.983242452144622803e-01
4.988048970699310303e-01
4.997290372848510742e-01
4.997115135192871094e-01
4.991903901100158691e-01
4.984358251094818115e-01
4.987399578094482422e-01
4.986856877803802490e-01
4.988050162792205811e-01
4.980955421924591064e-01
4.991874396800994873e-01
5.014293789863586426e-01
4.989979863166809082e-01
5.017747282981872559e-01
5.022529363632202148e-01
5.025896430015563965e-01
5.013784170150756836e-01
5.006278753280639648e-01
4.986200034618377686e-01
4.976810216903686523e-01
4.990930855274200439e-01
5.025948882102966309e-01
5.026783347129821777e-01
5.015221834182739258e-01
5.016122460365295410e-01
5.023422241210937500e-01
5.025758743286132812e-01
4.968786537647247314e-01
4.981292188167572021e-01
4.986740648746490479e-01
4.984457194805145264e-01
5.015140771865844727e-01
5.036701560020446777e-01
4.918837547302246094e-01
5.034697651863098145e-01
4.974206387996673584e-01
4.987527430057525635e-01
4.843106269836425781e-01
4.976912736892700195e-01
4.929208755493164062e-01
5.095624327659606934e-01
4.995994269847869873e-01
5.000097155570983887e-01
4.642341434955596924e-01
5.037719607353210449e-01
4.336354434490203857e-01
4.336147606372833252e-01
4.335292279720306396e-01
4.319657385349273682e-01
5.017163753509521484e-01
5.019724965095520020e-01
5.012268424034118652e-01
5.002192258834838867e-01
4.993708133697509766e-01
4.988102912902832031e-01
4.994812607765197754e-01
4.984275996685028076e-01
4.983414709568023682e-01
4.983765482902526855e-01
4.979147911071777344e-01
4.984770715236663818e-01
4.977222681045532227e-01
4.987148344516754150e-01
4.989001154899597168e-01
4.979180097579956055e-01
4.977761209011077881e-01
4.991492927074432373e-01
4.975252151489257812e-01
4.986982047557830811e-01
4.980507493019104004e-01
4.982564449310302734e-01
4.984770417213439941e-01
4.984164535999298096e-01
4.983937740325927734e-01
4.986616969108581543e-01
4.986943304538726807e-01
4.983130693435668945e-01
4.981690049171447754e-01
4.980696737766265869e-01
4.978541433811187744e-01
4.979708194732666016e-01
4.983420968055725098e-01
4.996802806854248047e-01
4.987567961215972900e-01
5.010779500007629395e-01
5.010192990303039551e-01
4.999304115772247314e-01
4.984705448150634766e-01
4.985712170600891113e-01
4.986178278923034668e-01
4.966779649257659912e-01
4.986119568347930908e-01
4.951916337013244629e-01
4.957857131958007812e-01
4.984243810176849365e-01
4.974861741065979004e-01
4.962939620018005371e-01
4.910427033901214600e-01
4.972990155220031738e-01
4.962641298770904541e-01
4.959792792797088623e-01
4.959423542022705078e-01
4.969495236873626709e-01
4.978024661540985107e-01
4.971366822719573975e-01
4.973376691341400146e-01
4.930287599563598633e-01
4.939741790294647217e-01
4.970859587192535400e-01
4.981570243835449219e-01
4.974894523620605469e-01
4.977076053619384766e-01
4.982614815235137939e-01
4.977991282939910889e-01
4.984940886497497559e-01
4.986236691474914551e-01
4.984037578105926514e-01
4.978823363780975342e-01
4.978275895118713379e-01
4.978262186050415039e-01
4.977948963642120361e-01
4.978652596473693848e-01
4.981675148010253906e-01
4.981350004673004150e-01
4.982743859291076660e-01
4.983018934726715088e-01
4.981968998908996582e-01
4.978812932968139648e-01
4.983471035957336426e-01
4.980496466159820557e-01
4.983895123004913330e-01
4.983403682708740234e-01
4.983670115470886230e-01
4.982188642024993896e-01
4.980261027812957764e-01
4.978821575641632080e-01
4.981458783149719238e-01
4.982582926750183105e-01
4.977981150150299072e-01
4.959071278572082520e-01
4.966032207012176514e-01
4.977485835552215576e-01
4.974780082702636719e-01
4.978917837142944336e-01
4.967793524265289307e-01
4.976011514663696289e-01
4.982171356678009033e-01
4.984685778617858887e-01
4.982643127441406250e-01
4.978711903095245361e-01
4.977009594440460205e-01
4.982167780399322510e-01
4.983152151107788086e-01
4.978459179401397705e-01
4.978238344192504883e-01
4.978817701339721680e-01
4.977987706661224365e-01
4.984760880470275879e-01
4.973210096359252930e-01
4.963325560092926025e-01
4.990546107292175293e-01
4.982068538665771484e-01
4.981371164321899414e-01
4.983247518539428711e-01
4.982288181781768799e-01
4.990081489086151123e-01
4.988123476505279541e-01
4.997782707214355469e-01
4.993714094161987305e-01
4.992843866348266602e-01
4.998584091663360596e-01
4.987358450889587402e-01
4.984370470046997070e-01
4.983949661254882812e-01
4.992284178733825684e-01
4.993445277214050293e-01
4.983532130718231201e-01
4.980205595493316650e-01
4.985604584217071533e-01
4.996486604213714600e-01
4.988614022731781006e-01
4.984798729419708252e-01
4.985043108463287354e-01
4.985564053058624268e-01
4.996070265769958496e-01
4.984301924705505371e-01
4.983009099960327148e-01
4.982564747333526611e-01
4.982916414737701416e-01
4.990999102592468262e-01
4.983067512512207031e-01
4.984811246395111084e-01
4.984996616840362549e-01
4.984326362609863281e-01
4.985627233982086182e-01
4.984724521636962891e-01
4.981741309165954590e-01
4.983271658420562744e-01
4.984149932861328125e-01
4.980677664279937744e-01
4.981984496116638184e-01
4.980993568897247314e-01
4.980400204658508301e-01
4.982898235321044922e-01
4.985703527927398682e-01
4.985272586345672607e-01
4.995889961719512939e-01
4.980361759662628174e-01
4.987304210662841797e-01
4.984644949436187744e-01
4.982458055019378662e-01
4.982658028602600098e-01
4.982333183288574219e-01
4.984921216964721680e-01
4.990282356739044189e-01
4.983206987380981445e-01
4.979708492755889893e-01
4.980194866657257080e-01
4.988712966442108154e-01
4.983311593532562256e-01
4.985266923904418945e-01
5.000649690628051758e-01
4.985901415348052979e-01
4.985766410827636719e-01
4.981109201908111572e-01
4.985733330249786377e-01
4.983477592468261719e-01
4.986858963966369629e-01
4.991054534912109375e-01
5.008368492126464844e-01
4.992501437664031982e-01
4.989502727985382080e-01
4.992978870868682861e-01
4.981543123722076416e-01
4.981543123722076416e-01
4.982823729515075684e-01
4.977106750011444092e-01
4.977574348449707031e-01
4.984185397624969482e-01
4.979728460311889648e-01
4.981154203414916992e-01
5.007786750793457031e-01
4.980401098728179932e-01
4.975449144840240479e-01
4.978943169116973877e-01
4.983607232570648193e-01
4.980399608612060547e-01
4.978684782981872559e-01
4.982105493545532227e-01
4.998892545700073242e-01
4.981982707977294922e-01
4.975694119930267334e-01
4.980553090572357178e-01
4.980088472366333008e-01
4.978969693183898926e-01
4.980817735195159912e-01
4.978386163711547852e-01
4.986346065998077393e-01
5.000693798065185547e-01
4.973660707473754883e-01
4.941934645175933838e-01
4.982707500457763672e-01
5.013350248336791992e-01
4.995875060558319092e-01
5.004317164421081543e-01
4.986476600170135498e-01
4.987050592899322510e-01
4.979099929332733154e-01
4.983114004135131836e-01
4.972063302993774414e-01
4.972277879714965820e-01
4.984928369522094727e-01
4.951641857624053955e-01
4.975427091121673584e-01
4.994443356990814209e-01
4.971931874752044678e-01
4.981408417224884033e-01
4.988567829132080078e-01
4.988434612751007080e-01
4.996522068977355957e-01
4.997296631336212158e-01
4.996865987777709961e-01
4.998102188110351562e-01
4.996821880340576172e-01
4.986723661422729492e-01
4.988964498043060303e-01
4.996583163738250732e-01
4.994943141937255859e-01
4.999439120292663574e-01
4.999701678752899170e-01
4.998860061168670654e-01
5.001574754714965820e-01
5.001371502876281738e-01
5.001402497291564941e-01
5.000960230827331543e-01
4.986723661422729492e-01
4.996333122253417969e-01
4.986805021762847900e-01
4.984675347805023193e-01
4.982337355613708496e-01
4.984081089496612549e-01
4.984092414379119873e-01
4.984134435653686523e-01
4.990069866180419922e-01
4.999096989631652832e-01
4.993150234222412109e-01
4.986460208892822266e-01
4.984983205795288086e-01
4.984670281410217285e-01
4.982018768787384033e-01
4.981245994567871094e-01
4.981742501258850098e-01
4.988973736763000488e-01
4.995163381099700928e-01
4.996354877948760986e-01
4.994629919528961182e-01
4.986667633056640625e-01
4.983691275119781494e-01
4.983693659305572510e-01
4.983256757259368896e-01
4.982365965843200684e-01
4.986559152603149414e-01
4.978721439838409424e-01
4.980631172657012939e-01
4.981090426445007324e-01
4.990364015102386475e-01
4.979841411113739014e-01
4.977369308471679688e-01
4.983378946781158447e-01
4.980996847152709961e-01
4.981705248355865479e-01
4.980683326721191406e-01
4.989726841449737549e-01
4.981784820556640625e-01
4.984901845455169678e-01
4.989731311798095703e-01
4.991005361080169678e-01
4.989768862724304199e-01
4.993749856948852539e-01
4.996497333049774170e-01
4.982734620571136475e-01
4.981197118759155273e-01
4.985762238502502441e-01
4.983699619770050049e-01
4.983616173267364502e-01
4.984768927097320557e-01
4.995024502277374268e-01
4.985099732875823975e-01
4.977250397205352783e-01
4.981013238430023193e-01
4.982780218124389648e-01
4.996770918369293213e-01
4.982378184795379639e-01
4.996044039726257324e-01
4.980844557285308838e-01
4.981479048728942871e-01
4.987860918045043945e-01
4.981895983219146729e-01
4.982956647872924805e-01
4.990443587303161621e-01
4.998954832553863525e-01
4.985694885253906250e-01
4.987929463386535645e-01
4.995630383491516113e-01
4.988499879837036133e-01
4.986148774623870850e-01
4.986566901206970215e-01
4.985216557979583740e-01
4.985629320144653320e-01
4.980499148368835449e-01
4.994868338108062744e-01
4.981139898300170898e-01
4.983176887035369873e-01
4.998017251491546631e-01
4.984775483608245850e-01
4.986019432544708252e-01
4.984605610370635986e-01
4.984953105449676514e-01
4.983550608158111572e-01
4.987700283527374268e-01
4.983160495758056641e-01
4.988536238670349121e-01
4.979398250579833984e-01
4.981892108917236328e-01
4.982341825962066650e-01
4.987748563289642334e-01
4.983393549919128418e-01
4.976136386394500732e-01
4.979853630065917969e-01
4.978409707546234131e-01
4.983004033565521240e-01
4.997667074203491211e-01
4.986099600791931152e-01
4.988668859004974365e-01
4.985713660717010498e-01
4.978600144386291504e-01
4.983949065208435059e-01
4.978843033313751221e-01
5.004687905311584473e-01
4.982294738292694092e-01
4.983439445495605469e-01
4.996984601020812988e-01
4.981572926044464111e-01
4.977270066738128662e-01
4.982363879680633545e-01
4.974640011787414551e-01
4.983339607715606689e-01
4.982447028160095215e-01
4.981617927551269531e-01
4.980925619602203369e-01
4.979692697525024414e-01
4.975378513336181641e-01
4.984092414379119873e-01
4.979379773139953613e-01
4.976928532123565674e-01
4.976061880588531494e-01
4.979332685470581055e-01
4.986461400985717773e-01
4.991294443607330322e-01
4.982447028160095215e-01
4.980607032775878906e-01
4.983393549919128418e-01
4.992901086807250977e-01
4.993510246276855469e-01
4.990663230419158936e-01
4.989001750946044922e-01
4.982720017433166504e-01
4.985429048538208008e-01
4.985620677471160889e-01
4.979449212551116943e-01
4.995357096195220947e-01
4.982927739620208740e-01
4.983974397182464600e-01
4.982940554618835449e-01
4.995108842849731445e-01
4.994308054447174072e-01
4.995120167732238770e-01
4.994771480560302734e-01
4.986007213592529297e-01
4.996826350688934326e-01
5.007805824279785156e-01
5.000237226486206055e-01
4.997253417968750000e-01
4.996277093887329102e-01
4.997107386589050293e-01
4.998675584793090820e-01
4.987719058990478516e-01
4.998356401920318604e-01
4.999784827232360840e-01
4.997666776180267334e-01
4.995688796043395996e-01
4.988587796688079834e-01
4.985900223255157471e-01
4.985879063606262207e-01
4.980703890323638916e-01
4.979910552501678467e-01
4.980350434780120850e-01
4.980919659137725830e-01
4.982564151287078857e-01
4.983686506748199463e-01
4.983775913715362549e-01
4.983692467212677002e-01
4.996348917484283447e-01
4.997196495532989502e-01
4.996917545795440674e-01
4.997139275074005127e-01
4.997328519821166992e-01
4.997071027755737305e-01
4.996681213378906250e-01
4.997234642505645752e-01
4.997073411941528320e-01
4.996707439422607422e-01
4.997422397136688232e-01
4.997839331626892090e-01
4.997929632663726807e-01
4.998138546943664551e-01
4.995647072792053223e-01
5.001473426818847656e-01
4.999077618122100830e-01
4.998029172420501709e-01
4.997736811637878418e-01
4.997950196266174316e-01
4.997885525226593018e-01
4.996050298213958740e-01
4.996134936809539795e-01
4.996871054172515869e-01
4.982072114944458008e-01
4.995457828044891357e-01
5.005362629890441895e-01
5.009452104568481445e-01
5.008946061134338379e-01
4.999283254146575928e-01
4.997722506523132324e-01
4.995573163032531738e-01
4.996173977851867676e-01
4.996952116489410400e-01
4.996372759342193604e-01
4.995542764663696289e-01
4.994850456714630127e-01
4.994575679302215576e-01
4.994538128376007080e-01
5.007563829421997070e-01
4.994711279869079590e-01
5.008032917976379395e-01
4.994005858898162842e-01
4.994159042835235596e-01
4.994888603687286377e-01
4.994721114635467529e-01
4.993569552898406982e-01
4.990988373756408691e-01
4.989477694034576416e-01
4.989005625247955322e-01
4.986985623836517334e-01
4.985224008560180664e-01
4.985757470130920410e-01
4.974909722805023193e-01
4.990025758743286133e-01
4.982454478740692139e-01
4.997113645076751709e-01
5.004670619964599609e-01
4.983741343021392822e-01
4.990448355674743652e-01
4.997740089893341064e-01
4.996397197246551514e-01
4.991237223148345947e-01
4.986606538295745850e-01
5.003314018249511719e-01
4.999540150165557861e-01
4.997647106647491455e-01
4.992476701736450195e-01
4.992187023162841797e-01
4.992748498916625977e-01
4.991455376148223877e-01
5.001131892204284668e-01
4.993081092834472656e-01
4.990212023258209229e-01
4.984972476959228516e-01
4.991518855094909668e-01
4.991123676300048828e-01
5.004057288169860840e-01
4.984674751758575439e-01
4.989077150821685791e-01
4.985586702823638916e-01
4.986036121845245361e-01
4.981895983219146729e-01
4.982433319091796875e-01
4.980204701423645020e-01
4.976984560489654541e-01
4.978959858417510986e-01
4.985255897045135498e-01
4.980216324329376221e-01
4.978582262992858887e-01
4.967466294765472412e-01
4.965652227401733398e-01
4.963370859622955322e-01
4.957381784915924072e-01
4.978672266006469727e-01
4.977851212024688721e-01
4.976426661014556885e-01
4.974893331527709961e-01
4.973900020122528076e-01
4.974225461483001709e-01
4.959648847579956055e-01
4.964587688446044922e-01
4.967107474803924561e-01
4.966858029365539551e-01
4.964065849781036377e-01
