2.894713878631591797e-01
2.894766628742218018e-01
2.894300818443298340e-01
2.893763184547424316e-01
2.894786894321441650e-01
2.894598245620727539e-01
2.894030809402465820e-01
2.894010543823242188e-01
2.893546521663665771e-01
2.893943786621093750e-01
2.893648743629455566e-01
2.893404364585876465e-01
2.893533706665039062e-01
2.893590927124023438e-01
2.893292307853698730e-01
2.893598675727844238e-01
2.893407940864562988e-01
2.893188595771789551e-01
2.893329262733459473e-01
2.893590927124023438e-01
2.893204092979431152e-01
2.893733978271484375e-01
2.893295884132385254e-01
2.893128395080566406e-01
2.893821299076080322e-01
2.893745899200439453e-01
2.893042564392089844e-01
2.893404066562652588e-01
2.893208265304565430e-01
2.893442511558532715e-01
2.893683016300201416e-01
2.893399000167846680e-01
2.893833518028259277e-01
2.893338203430175781e-01
2.893370389938354492e-01
2.893667817115783691e-01
2.893667817115783691e-01
2.893861532211303711e-01
2.893786430358886719e-01
2.893790602684020996e-01
2.893829941749572754e-01
2.894410490989685059e-01
2.894209921360015869e-01
2.894692420959472656e-01
2.894340753555297852e-01
2.894262075424194336e-01
2.894728183746337891e-01
2.895438373088836670e-01
2.895706295967102051e-01
2.896142005920410156e-01
2.895380854606628418e-01
2.895503938198089600e-01
2.894961833953857422e-01
2.895792722702026367e-01
2.895383834838867188e-01
2.895185351371765137e-01
2.895311713218688965e-01
2.895606756210327148e-01
2.895618081092834473e-01
2.895594239234924316e-01
2.896161675453186035e-01
2.895709872245788574e-01
2.895798087120056152e-01
2.895874381065368652e-01
2.895863652229309082e-01
2.896450459957122803e-01
2.895583510398864746e-01
2.896636724472045898e-01
2.896291613578796387e-01
2.896389961242675781e-01
2.896246314048767090e-01
2.896001935005187988e-01
2.896033525466918945e-01
2.895318269729614258e-01
2.895357608795166016e-01
2.894849777221679688e-01
2.893032431602478027e-01
2.892675399780273438e-01
2.890531420707702637e-01
2.890968322753906250e-01
2.891286313533782959e-01
2.893272042274475098e-01
2.892646193504333496e-01
2.893114984035491943e-01
2.893291711807250977e-01
2.893209457397460938e-01
2.893240451812744141e-01
2.893546819686889648e-01
2.893695235252380371e-01
2.894200682640075684e-01
2.892408967018127441e-01
2.895791530609130859e-01
2.894578278064727783e-01
2.895855903625488281e-01
2.895179092884063721e-01
2.896059751510620117e-01
2.895931601524353027e-01
2.895756959915161133e-01
2.895782589912414551e-01
2.894912362098693848e-01
2.895167171955108643e-01
2.895134389400482178e-01
2.894768416881561279e-01
2.895472645759582520e-01
2.895289957523345947e-01
2.894475460052490234e-01
2.895814180374145508e-01
2.895569801330566406e-01
2.895544767379760742e-01
2.895517349243164062e-01
2.895271182060241699e-01
2.896222472190856934e-01
2.895939350128173828e-01
2.896130084991455078e-01
2.896247506141662598e-01
2.896112203598022461e-01
2.896121144294738770e-01
2.895981669425964355e-01
2.895922064781188965e-01
2.896156609058380127e-01
2.896469533443450928e-01
2.896403074264526367e-01
2.895261049270629883e-01
2.895980477333068848e-01
2.896258234977722168e-01
2.895784080028533936e-01
2.896248698234558105e-01
2.896090149879455566e-01
2.895907759666442871e-01
2.896206378936767578e-01
2.894632220268249512e-01
2.895912826061248779e-01
2.895370721817016602e-01
2.895488142967224121e-01
2.895511388778686523e-01
2.895263433456420898e-01
2.895317673683166504e-01
2.896193563938140869e-01
2.895538806915283203e-01
2.894667088985443115e-01
2.895680069923400879e-01
2.894619107246398926e-01
2.894621491432189941e-01
2.895292937755584717e-01
2.895516753196716309e-01
2.895965874195098877e-01
2.896034419536590576e-01
2.896042466163635254e-01
2.896003723144531250e-01
2.896445989608764648e-01
2.896248400211334229e-01
2.895950078964233398e-01
2.896081209182739258e-01
2.895197868347167969e-01
2.895328104496002197e-01
2.896075546741485596e-01
2.895545363426208496e-01
2.895238399505615234e-01
2.895188331604003906e-01
2.895154953002929688e-01
2.895426154136657715e-01
2.895445227622985840e-01
2.895224094390869141e-01
2.895349264144897461e-01
2.895333766937255859e-01
2.895894050598144531e-01
2.896023988723754883e-01
2.895295023918151855e-01
2.894471883773803711e-01
2.894816398620605469e-01
2.895589172840118408e-01
2.894560098648071289e-01
2.895423173904418945e-01
2.895386219024658203e-01
2.892935872077941895e-01
2.895568311214447021e-01
2.894792258739471436e-01
2.894240617752075195e-01
2.894750237464904785e-01
2.894915342330932617e-01
2.894219756126403809e-01
2.895045280456542969e-01
2.894476354122161865e-01
2.893809676170349121e-01
2.894529104232788086e-01
2.894570231437683105e-01
2.894304394721984863e-01
2.893842458724975586e-01
2.893486022949218750e-01
2.893603444099426270e-01
2.894037961959838867e-01
2.893902063369750977e-01
2.893722057342529297e-01
2.894843816757202148e-01
2.894436717033386230e-01
2.894335985183715820e-01
2.894929647445678711e-01
2.894857227802276611e-01
2.893473505973815918e-01
2.894645333290100098e-01
2.893654108047485352e-01
2.893729209899902344e-01
2.894204854965209961e-01
2.893244922161102295e-01
2.893750667572021484e-01
2.894183397293090820e-01
2.894580364227294922e-01
2.894709706306457520e-01
2.895445823669433594e-01
2.895268201828002930e-01
2.893652021884918213e-01
2.894775271415710449e-01
2.895400226116180420e-01
2.895315289497375488e-01
2.895566225051879883e-01
2.895012497901916504e-01
2.895121872425079346e-01
2.894862890243530273e-01
2.894958555698394775e-01
2.894699573516845703e-01
2.894834578037261963e-01
2.894611358642578125e-01
2.894604802131652832e-01
2.894282341003417969e-01
2.893911302089691162e-01
2.894710302352905273e-01
2.894880771636962891e-01
2.894865870475769043e-01
2.895077466964721680e-01
2.894509434700012207e-01
2.893669605255126953e-01
2.893838286399841309e-01
2.893854379653930664e-01
2.892882227897644043e-01
2.892413735389709473e-01
2.891743183135986328e-01
2.888892889022827148e-01
2.890752553939819336e-01
2.888371348381042480e-01
2.891360819339752197e-01
2.889480292797088623e-01
2.889893651008605957e-01
2.891569733619689941e-01
2.889810800552368164e-01
2.890473008155822754e-01
2.890775799751281738e-01
2.890814244747161865e-01
2.889066934585571289e-01
2.890278100967407227e-01
2.888287305831909180e-01
2.888046503067016602e-01
2.889159917831420898e-01
2.888194024562835693e-01
2.888427972793579102e-01
2.890000939369201660e-01
2.886709272861480713e-01
2.888320982456207275e-01
2.886217236518859863e-01
2.885640263557434082e-01
2.885715961456298828e-01
2.886153161525726318e-01
2.885403931140899658e-01
2.885281741619110107e-01
2.885057628154754639e-01
2.883141636848449707e-01
2.885171771049499512e-01
2.883752882480621338e-01
2.882609963417053223e-01
2.886102199554443359e-01
2.885437309741973877e-01
2.884232997894287109e-01
2.884707450866699219e-01
2.882377505302429199e-01
2.874736189842224121e-01
2.875077724456787109e-01
2.872475385665893555e-01
2.863151431083679199e-01
2.864365577697753906e-01
2.868651151657104492e-01
2.871007323265075684e-01
2.872436046600341797e-01
2.878350913524627686e-01
2.879665791988372803e-01
2.879710197448730469e-01
2.880077362060546875e-01
2.878663539886474609e-01
2.878587543964385986e-01
2.870769500732421875e-01
2.863864898681640625e-01
2.871255874633789062e-01
2.867362201213836670e-01
2.865763008594512939e-01
2.874291837215423584e-01
2.870265245437622070e-01
2.873557209968566895e-01
2.872761487960815430e-01
2.879343628883361816e-01
2.877081930637359619e-01
2.871837019920349121e-01
2.876482009887695312e-01
2.869507670402526855e-01
2.867864668369293213e-01
2.867383062839508057e-01
2.868110537528991699e-01
2.869898974895477295e-01
2.870684266090393066e-01
2.870176434516906738e-01
2.870135903358459473e-01
2.869746983051300049e-01
2.869675159454345703e-01
2.870588898658752441e-01
2.871033549308776855e-01
2.878493666648864746e-01
2.884755134582519531e-01
2.879764735698699951e-01
2.882043421268463135e-01
2.886716723442077637e-01
2.879535555839538574e-01
2.874433994293212891e-01
2.888296246528625488e-01
2.883579134941101074e-01
2.880496382713317871e-01
2.882663011550903320e-01
2.877415418624877930e-01
2.876346707344055176e-01
2.878149151802062988e-01
2.879607081413269043e-01
2.886481285095214844e-01
2.900381088256835938e-01
2.899253666400909424e-01
2.900688052177429199e-01
2.902302145957946777e-01
2.895407676696777344e-01
2.893974184989929199e-01
2.894368171691894531e-01
2.889642119407653809e-01
2.895811498165130615e-01
2.895776033401489258e-01
2.897049784660339355e-01
2.894774675369262695e-01
2.895885407924652100e-01
2.886072695255279541e-01
2.891738712787628174e-01
2.889194488525390625e-01
2.883544862270355225e-01
2.887075841426849365e-01
2.884609997272491455e-01
2.878351509571075439e-01
2.882218658924102783e-01
2.886484265327453613e-01
2.885588109493255615e-01
2.890745699405670166e-01
2.893055677413940430e-01
2.893503904342651367e-01
2.894941270351409912e-01
2.894731163978576660e-01
2.895638346672058105e-01
2.893512845039367676e-01
2.894515395164489746e-01
2.879490256309509277e-01
2.889208793640136719e-01
2.883847057819366455e-01
2.882689833641052246e-01
2.892199158668518066e-01
2.889840006828308105e-01
2.891644239425659180e-01
2.899531722068786621e-01
2.885020375251770020e-01
2.888760864734649658e-01
2.889567613601684570e-01
2.892345190048217773e-01
2.899473905563354492e-01
2.882199585437774658e-01
2.889181375503540039e-01
2.895800471305847168e-01
2.898502349853515625e-01
2.899458408355712891e-01
2.900121808052062988e-01
2.892262339591979980e-01
2.890996336936950684e-01
2.887568473815917969e-01
2.888083159923553467e-01
2.892319560050964355e-01
2.887428700923919678e-01
2.894282937049865723e-01
2.897580265998840332e-01
2.898693084716796875e-01
2.901317477226257324e-01
2.899168133735656738e-01
2.898746132850646973e-01
2.887469530105590820e-01
2.875680029392242432e-01
2.876900732517242432e-01
2.869559526443481445e-01
2.873153388500213623e-01
2.871431410312652588e-01
2.879224121570587158e-01
2.881543040275573730e-01
2.883435785770416260e-01
2.877968847751617432e-01
2.880250215530395508e-01
2.869236469268798828e-01
2.863535881042480469e-01
2.871301770210266113e-01
2.867914438247680664e-01
2.868890762329101562e-01
2.873085141181945801e-01
2.870669960975646973e-01
2.880659699440002441e-01
2.871845960617065430e-01
2.865742444992065430e-01
2.878723144531250000e-01
2.869431078433990479e-01
2.868925929069519043e-01
2.869778275489807129e-01
2.870968580245971680e-01
2.871622741222381592e-01
2.870828807353973389e-01
2.872003316879272461e-01
2.871226668357849121e-01
2.871142625808715820e-01
2.875956594944000244e-01
2.869254946708679199e-01
2.873146533966064453e-01
2.871336936950683594e-01
2.867169082164764404e-01
2.869113087654113770e-01
2.869507968425750732e-01
2.870056629180908203e-01
2.874500453472137451e-01
2.873513102531433105e-01
2.870718240737915039e-01
2.871501445770263672e-01
2.870035171508789062e-01
2.868209779262542725e-01
2.871756553649902344e-01
2.875708341598510742e-01
2.882763743400573730e-01
2.877770066261291504e-01
2.878065705299377441e-01
2.876418828964233398e-01
2.865428328514099121e-01
2.866865992546081543e-01
2.868266105651855469e-01
2.872216105461120605e-01
2.868673205375671387e-01
2.869164943695068359e-01
2.870518863201141357e-01
2.870070338249206543e-01
2.872176766395568848e-01
2.868583798408508301e-01
2.869292497634887695e-01
2.870562374591827393e-01
2.870315611362457275e-01
2.870386838912963867e-01
2.869339585304260254e-01
2.880102694034576416e-01
2.871511578559875488e-01
2.873918712139129639e-01
2.870986461639404297e-01
2.873030304908752441e-01
2.880506515502929688e-01
2.878186702728271484e-01
2.881648540496826172e-01
2.874475121498107910e-01
2.875479459762573242e-01
2.872472405433654785e-01
2.869279086589813232e-01
2.876564264297485352e-01
2.870615422725677490e-01
2.870547175407409668e-01
2.874128222465515137e-01
2.870218753814697266e-01
2.874143123626708984e-01
2.870901226997375488e-01
2.872305512428283691e-01
2.870447635650634766e-01
2.870335578918457031e-01
2.873588800430297852e-01
2.873764038085937500e-01
2.875838875770568848e-01
2.870254218578338623e-01
2.876505255699157715e-01
2.870789766311645508e-01
2.870621085166931152e-01
2.878645658493041992e-01
2.870252132415771484e-01
2.869625687599182129e-01
2.877928316593170166e-01
2.875495851039886475e-01
2.879682779312133789e-01
2.874279022216796875e-01
2.888147234916687012e-01
2.892904281616210938e-01
2.884038090705871582e-01
2.891983985900878906e-01
2.888050675392150879e-01
2.888034582138061523e-01
2.894332408905029297e-01
2.888924479484558105e-01
2.890793085098266602e-01
2.893033027648925781e-01
2.890731096267700195e-01
2.888470292091369629e-01
2.889588475227355957e-01
2.889383733272552490e-01
2.888210415840148926e-01
2.893418669700622559e-01
2.889221906661987305e-01
2.891989350318908691e-01
2.892743945121765137e-01
2.890254855155944824e-01
2.888114452362060547e-01
2.889655232429504395e-01
2.893200516700744629e-01
2.896196842193603516e-01
2.896017134189605713e-01
2.895269095897674561e-01
2.895953059196472168e-01
2.895724773406982422e-01
2.893550395965576172e-01
2.891522049903869629e-01
2.894842028617858887e-01
2.894950509071350098e-01
2.890962362289428711e-01
2.894275188446044922e-01
2.895206809043884277e-01
2.896246314048767090e-01
2.900524735450744629e-01
2.901051044464111328e-01
2.906609177589416504e-01
2.905929088592529297e-01
2.906918525695800781e-01
2.908687591552734375e-01
2.904836535453796387e-01
2.906655669212341309e-01
2.904915213584899902e-01
2.907168865203857422e-01
2.907166481018066406e-01
2.906652092933654785e-01
2.907110452651977539e-01
2.903878092765808105e-01
2.903750538825988770e-01
2.898829579353332520e-01
2.899426817893981934e-01
2.900001406669616699e-01
2.897807657718658447e-01
2.904632687568664551e-01
2.904760241508483887e-01
2.907095551490783691e-01
2.908401489257812500e-01
2.906958758831024170e-01
2.907385230064392090e-01
2.905673384666442871e-01
2.908779382705688477e-01
2.909468412399291992e-01
2.906889319419860840e-01
2.908271551132202148e-01
2.907602190971374512e-01
2.903909683227539062e-01
2.902209758758544922e-01
2.902606129646301270e-01
2.905617654323577881e-01
2.904016971588134766e-01
2.902981936931610107e-01
2.905561327934265137e-01
2.895064949989318848e-01
2.894103527069091797e-01
2.902794778347015381e-01
2.896163463592529297e-01
2.892317473888397217e-01
2.898874878883361816e-01
2.902422845363616943e-01
2.899135351181030273e-01
2.900625467300415039e-01
2.902975082397460938e-01
2.896788120269775391e-01
2.900289893150329590e-01
2.899026870727539062e-01
2.894520759582519531e-01
2.898572683334350586e-01
2.899292707443237305e-01
2.899951338768005371e-01
2.901229858398437500e-01
2.902440428733825684e-01
2.903259992599487305e-01
2.906509041786193848e-01
2.911930978298187256e-01
2.914495468139648438e-01
2.918100953102111816e-01
2.921233773231506348e-01
2.917430400848388672e-01
2.908734083175659180e-01
2.906954884529113770e-01
2.901185154914855957e-01
2.895762026309967041e-01
2.904295325279235840e-01
2.896592319011688232e-01
2.901310920715332031e-01
2.909688055515289307e-01
2.908301055431365967e-01
2.906184792518615723e-01
2.903326153755187988e-01
2.902363836765289307e-01
2.900767922401428223e-01
2.900409102439880371e-01
2.905536890029907227e-01
2.900451123714447021e-01
2.902837097644805908e-01
2.908746600151062012e-01
2.902846932411193848e-01
2.905697226524353027e-01
2.905820608139038086e-01
2.907516956329345703e-01
2.913019657135009766e-01
2.914233207702636719e-01
2.912887930870056152e-01
2.914038896560668945e-01
2.909903526306152344e-01
2.912700176239013672e-01
2.907877266407012939e-01
2.899047434329986572e-01
2.914780378341674805e-01
2.913412749767303467e-01
2.916184663772583008e-01
2.918665409088134766e-01
2.917377352714538574e-01
2.917974889278411865e-01
2.918346822261810303e-01
2.917273044586181641e-01
2.918453812599182129e-01
2.916563749313354492e-01
2.919836938381195068e-01
2.918424010276794434e-01
2.917980551719665527e-01
2.922491431236267090e-01
2.917739748954772949e-01
2.919585108757019043e-01
2.920191287994384766e-01
2.918959856033325195e-01
2.918778061866760254e-01
2.917535901069641113e-01
2.917252182960510254e-01
2.918692231178283691e-01
2.921481728553771973e-01
2.921165823936462402e-01
2.920453250408172607e-01
2.917402386665344238e-01
2.920401096343994141e-01
2.918605208396911621e-01
2.919420301914215088e-01
2.921235561370849609e-01
2.904818058013916016e-01
2.919539809226989746e-01
2.919690012931823730e-01
2.912743985652923584e-01
2.914016246795654297e-01
2.918934226036071777e-01
2.920677065849304199e-01
2.921905219554901123e-01
2.913091778755187988e-01
2.914864122867584229e-01
2.919227480888366699e-01
2.917815446853637695e-01
2.920321226119995117e-01
2.917760014533996582e-01
2.921050786972045898e-01
2.911526560783386230e-01
2.915796637535095215e-01
2.918036282062530518e-01
2.920178174972534180e-01
2.920117974281311035e-01
2.916381061077117920e-01
2.921017110347747803e-01
2.923928499221801758e-01
2.918118834495544434e-01
2.919812798500061035e-01
2.913162410259246826e-01
2.914186120033264160e-01
2.918157577514648438e-01
2.921288013458251953e-01
2.910706400871276855e-01
2.919771671295166016e-01
2.922221124172210693e-01
2.921655476093292236e-01
2.908878028392791748e-01
2.911999821662902832e-01
2.912982106208801270e-01
2.922013103961944580e-01
2.923243045806884766e-01
2.923590242862701416e-01
2.923170924186706543e-01
2.922492921352386475e-01
2.922667264938354492e-01
2.921717762947082520e-01
2.914229929447174072e-01
2.920344769954681396e-01
2.922180294990539551e-01
2.924095392227172852e-01
2.923196554183959961e-01
2.924258112907409668e-01
2.923377752304077148e-01
2.923794984817504883e-01
2.924080491065979004e-01
2.922111749649047852e-01
2.923503220081329346e-01
2.923902869224548340e-01
2.921301424503326416e-01
2.922956347465515137e-01
2.920599579811096191e-01
2.923855185508728027e-01
2.923485040664672852e-01
2.921896874904632568e-01
2.905551791191101074e-01
2.917363047599792480e-01
2.918763160705566406e-01
2.909191250801086426e-01
2.907968163490295410e-01
2.910638451576232910e-01
2.913110852241516113e-01
2.914277911186218262e-01
2.905989885330200195e-01
2.918069064617156982e-01
2.915922403335571289e-01
2.910305261611938477e-01
2.918080091476440430e-01
2.915548682212829590e-01
2.916008234024047852e-01
2.916910052299499512e-01
2.915539145469665527e-01
2.917953729629516602e-01
2.918382883071899414e-01
2.916091084480285645e-01
2.913720607757568359e-01
2.914937734603881836e-01
2.912361621856689453e-01
2.911762595176696777e-01
2.911994755268096924e-01
2.908259332180023193e-01
2.913489937782287598e-01
2.914855480194091797e-01
2.916161417961120605e-01
2.918367087841033936e-01
2.917919754981994629e-01
2.920257449150085449e-01
2.916490137577056885e-01
2.918631434440612793e-01
2.924118936061859131e-01
2.919102907180786133e-01
2.921677231788635254e-01
2.921052277088165283e-01
2.921035289764404297e-01
2.924396395683288574e-01
2.927521467208862305e-01
2.925546765327453613e-01
2.922979295253753662e-01
2.928882539272308350e-01
2.935185432434082031e-01
2.943367362022399902e-01
2.942798733711242676e-01
2.944422066211700439e-01
2.960772514343261719e-01
2.972354590892791748e-01
2.974923253059387207e-01
2.975478768348693848e-01
2.974332571029663086e-01
2.966339588165283203e-01
2.963742613792419434e-01
2.956519722938537598e-01
2.949914336204528809e-01
2.962884902954101562e-01
2.993990778923034668e-01
3.055726289749145508e-01
3.043774366378784180e-01
3.086809217929840088e-01
3.069660961627960205e-01
2.839164435863494873e-01
2.969439625740051270e-01
3.068202137947082520e-01
3.059168457984924316e-01
2.966315448284149170e-01
2.915077507495880127e-01
2.894062101840972900e-01
2.795226573944091797e-01
2.813394665718078613e-01
2.781696617603302002e-01
2.705042660236358643e-01
2.701318562030792236e-01
2.705698013305664062e-01
2.710095942020416260e-01
2.777003049850463867e-01
2.747581601142883301e-01
2.746178209781646729e-01
2.734241485595703125e-01
2.736573219299316406e-01
2.778431177139282227e-01
2.910081148147583008e-01
2.863898575305938721e-01
2.941501736640930176e-01
3.015255928039550781e-01
3.021111488342285156e-01
3.020995259284973145e-01
3.022041618824005127e-01
2.898007631301879883e-01
2.790268957614898682e-01
2.875108718872070312e-01
2.854801416397094727e-01
2.988861203193664551e-01
3.018512427806854248e-01
3.081284165382385254e-01
3.080062568187713623e-01
3.075644671916961670e-01
3.066557645797729492e-01
3.055481910705566406e-01
3.090236186981201172e-01
3.093994855880737305e-01
2.996293306350708008e-01
3.023002743721008301e-01
3.057126998901367188e-01
3.048807978630065918e-01
3.034124374389648438e-01
3.026269674301147461e-01
3.077763319015502930e-01
3.020201325416564941e-01
3.033721446990966797e-01
3.038843870162963867e-01
3.036656975746154785e-01
3.042182922363281250e-01
3.069259226322174072e-01
3.024114370346069336e-01
2.948928475379943848e-01
3.023896217346191406e-01
2.805597782135009766e-01
2.801142930984497070e-01
2.791617512702941895e-01
2.841970324516296387e-01
2.743129730224609375e-01
3.186503350734710693e-01
3.287391662597656250e-01
3.193760812282562256e-01
3.387765288352966309e-01
2.902412414550781250e-01
3.346832394599914551e-01
2.846338748931884766e-01
2.821866869926452637e-01
2.904537320137023926e-01
2.827473878860473633e-01
2.822118997573852539e-01
3.070293366909027100e-01
2.975132763385772705e-01
3.051967024803161621e-01
3.360992670059204102e-01
3.381851315498352051e-01
2.931860983371734619e-01
3.402822613716125488e-01
3.404597640037536621e-01
2.737381756305694580e-01
3.288168311119079590e-01
3.069262504577636719e-01
2.892838716506958008e-01
2.988158464431762695e-01
3.025714457035064697e-01
3.160036802291870117e-01
3.199301362037658691e-01
3.058465421199798584e-01
3.100569844245910645e-01
2.851296067237854004e-01
3.108800351619720459e-01
3.212202787399291992e-01
3.132369518280029297e-01
3.100460171699523926e-01
3.140113353729248047e-01
3.358899354934692383e-01
3.433523476123809814e-01
3.102976977825164795e-01
3.418944478034973145e-01
3.168808221817016602e-01
3.072841763496398926e-01
3.087845146656036377e-01
3.504752516746520996e-01
3.176133632659912109e-01
3.202314376831054688e-01
3.211886584758758545e-01
3.707337677478790283e-01
3.180660307407379150e-01
3.204787969589233398e-01
3.226510882377624512e-01
3.201190233230590820e-01
3.047600388526916504e-01
3.114632368087768555e-01
2.968215346336364746e-01
3.153069317340850830e-01
3.144825100898742676e-01
3.009837567806243896e-01
3.126487731933593750e-01
3.174872994422912598e-01
3.322800397872924805e-01
3.369761407375335693e-01
3.291949033737182617e-01
3.603368699550628662e-01
4.020416140556335449e-01
3.234209418296813965e-01
3.266150653362274170e-01
3.660868704319000244e-01
2.949967384338378906e-01
3.211064338684082031e-01
3.230946063995361328e-01
3.363193273544311523e-01
3.234505057334899902e-01
3.242282271385192871e-01
3.497501611709594727e-01
3.022426962852478027e-01
3.295301795005798340e-01
3.243032097816467285e-01
3.277731239795684814e-01
2.914958000183105469e-01
3.295125365257263184e-01
3.344964683055877686e-01
3.487156033515930176e-01
3.671416938304901123e-01
3.520528674125671387e-01
3.789064288139343262e-01
3.703272938728332520e-01
3.734732270240783691e-01
3.876436650753021240e-01
3.851038813591003418e-01
3.804478645324707031e-01
3.578534126281738281e-01
3.869915604591369629e-01
4.022572636604309082e-01
3.991510570049285889e-01
3.799132406711578369e-01
3.562363386154174805e-01
3.792495131492614746e-01
3.973149061203002930e-01
4.066900014877319336e-01
4.431380629539489746e-01
3.859651088714599609e-01
3.643862009048461914e-01
4.177021384239196777e-01
3.897824585437774658e-01
3.903382420539855957e-01
3.716540932655334473e-01
3.617043495178222656e-01
3.727628588676452637e-01
4.395741224288940430e-01
4.070931077003479004e-01
3.882644772529602051e-01
4.052325785160064697e-01
4.235469698905944824e-01
4.111135601997375488e-01
4.315211176872253418e-01
4.420095682144165039e-01
4.142229557037353516e-01
4.417974948883056641e-01
4.282500743865966797e-01
4.252454936504364014e-01
4.201076030731201172e-01
4.197014272212982178e-01
3.814987242221832275e-01
3.934725522994995117e-01
3.958411216735839844e-01
3.478408753871917725e-01
3.684316873550415039e-01
3.455692529678344727e-01
3.351969718933105469e-01
3.594360947608947754e-01
3.710328638553619385e-01
4.416137039661407471e-01
3.658488392829895020e-01
3.827053904533386230e-01
3.740108907222747803e-01
3.808524608612060547e-01
3.869805335998535156e-01
3.797324597835540771e-01
4.338237643241882324e-01
3.869782090187072754e-01
4.293358325958251953e-01
3.765589594841003418e-01
4.290091097354888916e-01
4.049013853073120117e-01
3.800187110900878906e-01
4.100203514099121094e-01
3.969093561172485352e-01
3.776386380195617676e-01
3.865693807601928711e-01
4.076465666294097900e-01
3.766725659370422363e-01
4.180356264114379883e-01
3.734927773475646973e-01
3.723613619804382324e-01
3.683318197727203369e-01
3.748551011085510254e-01
3.796722292900085449e-01
4.021560251712799072e-01
3.838832974433898926e-01
3.948284983634948730e-01
3.880494236946105957e-01
3.397929072380065918e-01
4.122495651245117188e-01
4.281775653362274170e-01
4.370099902153015137e-01
3.854661285877227783e-01
4.168503880500793457e-01
3.995770215988159180e-01
3.945544362068176270e-01
4.388435184955596924e-01
4.140877723693847656e-01
3.896630108356475830e-01
4.558222889900207520e-01
3.843464553356170654e-01
3.804268240928649902e-01
3.702473640441894531e-01
3.544397354125976562e-01
4.120914936065673828e-01
4.389093816280364990e-01
3.653424382209777832e-01
4.043650031089782715e-01
4.035852551460266113e-01
4.096303284168243408e-01
4.251452088356018066e-01
2.859870195388793945e-01
3.958206474781036377e-01
4.444945156574249268e-01
3.702107071876525879e-01
3.765898942947387695e-01
3.847770988941192627e-01
4.005477726459503174e-01
3.838069438934326172e-01
3.112678527832031250e-01
3.512538373470306396e-01
3.896954059600830078e-01
3.593738675117492676e-01
3.686166405677795410e-01
4.085889160633087158e-01
3.647033870220184326e-01
3.417675495147705078e-01
3.140920400619506836e-01
3.229495882987976074e-01
3.336440920829772949e-01
3.813765048980712891e-01
3.220209777355194092e-01
3.137874603271484375e-01
3.094037771224975586e-01
3.113127052783966064e-01
3.138899207115173340e-01
3.703346550464630127e-01
3.288565874099731445e-01
3.344683349132537842e-01
3.076630830764770508e-01
3.439252078533172607e-01
3.594831228256225586e-01
3.759158849716186523e-01
3.731556534767150879e-01
3.701625168323516846e-01
3.751866817474365234e-01
3.710746169090270996e-01
3.632057905197143555e-01
3.677147030830383301e-01
3.836794495582580566e-01
3.680081367492675781e-01
3.321793079376220703e-01
3.614419996738433838e-01
3.719748556613922119e-01
3.509846329689025879e-01
3.579488694667816162e-01
3.298384547233581543e-01
3.330530822277069092e-01
3.384824097156524658e-01
2.630694508552551270e-01
3.181535005569458008e-01
3.121231198310852051e-01
3.130871653556823730e-01
3.777221441268920898e-01
3.564876914024353027e-01
3.963531851768493652e-01
3.945579826831817627e-01
4.146316349506378174e-01
4.037947058677673340e-01
3.982963562011718750e-01
3.953377008438110352e-01
4.204280972480773926e-01
4.286538064479827881e-01
3.914061784744262695e-01
3.108237385749816895e-01
4.245723187923431396e-01
4.146714210510253906e-01
4.050430059432983398e-01
4.074229598045349121e-01
4.082994461059570312e-01
3.680137991905212402e-01
3.225868642330169678e-01
3.569532632827758789e-01
3.834249675273895264e-01
3.884395062923431396e-01
4.066523313522338867e-01
3.220252990722656250e-01
2.662404775619506836e-01
3.804758787155151367e-01
3.695259690284729004e-01
3.762217462062835693e-01
3.618171513080596924e-01
3.766934275627136230e-01
3.362440466880798340e-01
3.170922696590423584e-01
3.542909622192382812e-01
3.240329027175903320e-01
3.335038423538208008e-01
3.491846323013305664e-01
3.397196233272552490e-01
3.447581529617309570e-01
3.335609734058380127e-01
3.217875957489013672e-01
3.534826636314392090e-01
3.446358442306518555e-01
3.346456885337829590e-01
3.317609429359436035e-01
3.327723443508148193e-01
3.400200307369232178e-01
3.497105836868286133e-01
3.473037481307983398e-01
3.260300755500793457e-01
3.213464021682739258e-01
3.499876558780670166e-01
3.324664533138275146e-01
3.530362844467163086e-01
3.552336096763610840e-01
3.521924018859863281e-01
3.521530628204345703e-01
3.329750895500183105e-01
3.184022903442382812e-01
3.205502629280090332e-01
3.352016806602478027e-01
3.276139497756958008e-01
3.504329323768615723e-01
3.420121371746063232e-01
3.383148908615112305e-01
3.259947001934051514e-01
3.345457911491394043e-01
3.337850272655487061e-01
3.378617763519287109e-01
3.280467391014099121e-01
3.516042232513427734e-01
3.295960724353790283e-01
3.428148031234741211e-01
3.404308557510375977e-01
3.351308107376098633e-01
3.644080162048339844e-01
3.411603569984436035e-01
3.578166365623474121e-01
3.562490642070770264e-01
3.280437588691711426e-01
3.510738611221313477e-01
3.309751451015472412e-01
3.269119858741760254e-01
3.216830492019653320e-01
3.454182147979736328e-01
3.139311671257019043e-01
3.440491557121276855e-01
3.306099772453308105e-01
3.403861820697784424e-01
3.451403379440307617e-01
3.157216906547546387e-01
3.199258744716644287e-01
3.303759098052978516e-01
3.507024049758911133e-01
3.593552708625793457e-01
4.043865501880645752e-01
3.482137322425842285e-01
3.177233338356018066e-01
3.383386731147766113e-01
3.572622537612915039e-01
3.388241529464721680e-01
3.792702853679656982e-01
3.310762941837310791e-01
3.354275226593017578e-01
3.359605073928833008e-01
3.709695637226104736e-01
3.391385674476623535e-01
3.528870046138763428e-01
3.541485071182250977e-01
3.509538173675537109e-01
3.365986943244934082e-01
3.553842008113861084e-01
3.571075797080993652e-01
3.478330373764038086e-01
3.339157700538635254e-01
3.445363044738769531e-01
3.370366096496582031e-01
3.515657782554626465e-01
3.528711795806884766e-01
3.579203486442565918e-01
3.321090638637542725e-01
3.262270092964172363e-01
3.508266806602478027e-01
3.543964028358459473e-01
3.664454519748687744e-01
3.719228506088256836e-01
3.969018459320068359e-01
3.577099442481994629e-01
3.563677072525024414e-01
3.570681214332580566e-01
3.440806269645690918e-01
3.176968395709991455e-01
3.459797501564025879e-01
3.437163531780242920e-01
3.533044457435607910e-01
3.255923986434936523e-01
3.463062047958374023e-01
3.546476364135742188e-01
3.428656458854675293e-01
3.406275510787963867e-01
3.362829685211181641e-01
3.519218564033508301e-01
3.450121283531188965e-01
3.374050855636596680e-01
3.420611023902893066e-01
3.399069905281066895e-01
3.396688699722290039e-01
3.427817225456237793e-01
3.562414050102233887e-01
3.454640507698059082e-01
3.377023637294769287e-01
3.457795381546020508e-01
3.403691649436950684e-01
3.254691362380981445e-01
3.421522974967956543e-01
3.290424942970275879e-01
3.438057899475097656e-01
3.482676148414611816e-01
3.535267710685729980e-01
3.310080170631408691e-01
3.378493189811706543e-01
3.377402722835540771e-01
3.322526812553405762e-01
3.458290696144104004e-01
3.529840707778930664e-01
3.418420851230621338e-01
3.274933099746704102e-01
3.441135883331298828e-01
3.310536444187164307e-01
3.321383595466613770e-01
3.587408661842346191e-01
3.702557086944580078e-01
3.431634902954101562e-01
3.458276987075805664e-01
3.525250256061553955e-01
3.440339565277099609e-01
3.546400666236877441e-01
3.479642271995544434e-01
3.550792932510375977e-01
3.391558825969696045e-01
3.338371813297271729e-01
3.362126946449279785e-01
3.395774066448211670e-01
3.194884657859802246e-01
3.369444012641906738e-01
3.247407078742980957e-01
3.450272083282470703e-01
3.483665287494659424e-01
3.401559293270111084e-01
3.332995772361755371e-01
3.416766524314880371e-01
3.471606969833374023e-01
3.333331048488616943e-01
3.345034718513488770e-01
3.344995975494384766e-01
3.354687988758087158e-01
3.430162072181701660e-01
3.231230080127716064e-01
3.384752869606018066e-01
3.458514213562011719e-01
3.518823981285095215e-01
3.363932669162750244e-01
3.280273079872131348e-01
3.311485350131988525e-01
3.358672857284545898e-01
3.586755394935607910e-01
3.417941331863403320e-01
3.502940535545349121e-01
3.567594289779663086e-01
3.354483842849731445e-01
3.296980261802673340e-01
3.541112840175628662e-01
3.372455835342407227e-01
3.289788961410522461e-01
3.332483172416687012e-01
3.300454020500183105e-01
3.362052440643310547e-01
3.338587880134582520e-01
3.386055827140808105e-01
3.428970575332641602e-01
3.650107383728027344e-01
3.718075156211853027e-01
3.333883881568908691e-01
3.462559580802917480e-01
3.210839629173278809e-01
3.327589333057403564e-01
3.330745100975036621e-01
3.431013822555541992e-01
3.366493284702301025e-01
3.288753032684326172e-01
3.466575741767883301e-01
3.582080602645874023e-01
3.432172834873199463e-01
3.482030630111694336e-01
3.413543701171875000e-01
3.538372516632080078e-01
3.531969189643859863e-01
3.492897152900695801e-01
3.480662107467651367e-01
3.366886377334594727e-01
3.416188657283782959e-01
3.383476138114929199e-01
3.400736451148986816e-01
3.482751548290252686e-01
3.470849692821502686e-01
3.358818888664245605e-01
3.368920683860778809e-01
3.503645062446594238e-01
3.652452230453491211e-01
3.408638238906860352e-01
3.508774042129516602e-01
3.347947001457214355e-01
3.473480343818664551e-01
3.331925272941589355e-01
3.298786580562591553e-01
3.357292115688323975e-01
3.224758207798004150e-01
3.439000248908996582e-01
3.403856754302978516e-01
3.361540138721466064e-01
3.454205393791198730e-01
3.433620929718017578e-01
3.566500544548034668e-01
3.461455702781677246e-01
3.403929769992828369e-01
3.568143248558044434e-01
3.463203310966491699e-01
3.196411132812500000e-01
3.366897106170654297e-01
3.377086818218231201e-01
3.354079723358154297e-01
3.376621007919311523e-01
3.383490145206451416e-01
3.360896706581115723e-01
3.384024500846862793e-01
3.319834470748901367e-01
3.436126708984375000e-01
3.424494266510009766e-01
3.341675996780395508e-01
3.337972760200500488e-01
3.362753391265869141e-01
3.323198556900024414e-01
3.387260437011718750e-01
3.652918934822082520e-01
3.452649116516113281e-01
3.376702666282653809e-01
3.368268907070159912e-01
3.404338359832763672e-01
3.428011536598205566e-01
3.344410955905914307e-01
3.240106105804443359e-01
3.301211595535278320e-01
3.408657312393188477e-01
3.328398466110229492e-01
3.373724222183227539e-01
3.306488394737243652e-01
3.360415101051330566e-01
3.327187299728393555e-01
3.332112729549407959e-01
3.334657549858093262e-01
3.316012024879455566e-01
3.416057229042053223e-01
3.323330879211425781e-01
3.344626128673553467e-01
3.336043953895568848e-01
3.371197879314422607e-01
3.549638390541076660e-01
3.349106013774871826e-01
3.428397476673126221e-01
3.285542726516723633e-01
3.351899981498718262e-01
3.530637621879577637e-01
3.369045853614807129e-01
3.397642374038696289e-01
3.464512228965759277e-01
3.405607044696807861e-01
3.450259864330291748e-01
3.399886488914489746e-01
3.506078720092773438e-01
3.342851400375366211e-01
3.605041205883026123e-01
3.170069456100463867e-01
3.338697552680969238e-01
3.348349034786224365e-01
3.324488699436187744e-01
3.417872786521911621e-01
3.406223356723785400e-01
3.343397676944732666e-01
3.532494306564331055e-01
3.553886413574218750e-01
3.367985486984252930e-01
3.467658162117004395e-01
3.331836462020874023e-01
3.244864940643310547e-01
3.438750505447387695e-01
3.332759737968444824e-01
3.295559883117675781e-01
3.392502069473266602e-01
3.429934978485107422e-01
3.260662555694580078e-01
3.336352109909057617e-01
3.490882515907287598e-01
3.268226385116577148e-01
3.268662989139556885e-01
3.322211802005767822e-01
3.304094076156616211e-01
3.581468760967254639e-01
3.374603688716888428e-01
3.441576361656188965e-01
3.396251201629638672e-01
3.376510441303253174e-01
3.405326008796691895e-01
3.402993381023406982e-01
3.429962992668151855e-01
3.485338091850280762e-01
3.529518246650695801e-01
3.317037224769592285e-01
3.413041830062866211e-01
3.366586565971374512e-01
3.449007868766784668e-01
3.343776464462280273e-01
3.196823000907897949e-01
3.598861098289489746e-01
3.190276622772216797e-01
3.367828726768493652e-01
3.520652949810028076e-01
3.392934203147888184e-01
3.484914898872375488e-01
3.313766419887542725e-01
3.322915434837341309e-01
3.372374176979064941e-01
3.488360941410064697e-01
3.647553324699401855e-01
3.163924813270568848e-01
3.496271967887878418e-01
3.506223261356353760e-01
3.469346165657043457e-01
3.366044759750366211e-01
3.536328077316284180e-01
3.409298062324523926e-01
3.307885527610778809e-01
3.267740011215209961e-01
3.433080315589904785e-01
3.640092611312866211e-01
3.165939450263977051e-01
3.424891829490661621e-01
3.352484703063964844e-01
3.390766382217407227e-01
3.452855348587036133e-01
3.511683344841003418e-01
3.309576213359832764e-01
3.344658315181732178e-01
3.249369263648986816e-01
3.456052243709564209e-01
3.312450647354125977e-01
3.317189812660217285e-01
3.590564727783203125e-01
3.401970863342285156e-01
3.459272086620330811e-01
3.611296415328979492e-01
3.275712132453918457e-01
3.275379836559295654e-01
3.403632640838623047e-01
3.449285030364990234e-01
3.367349207401275635e-01
3.366134166717529297e-01
3.368074297904968262e-01
3.332020044326782227e-01
3.450005054473876953e-01
3.462917208671569824e-01
3.377362489700317383e-01
3.418902754783630371e-01
3.313025534152984619e-01
3.285786509513854980e-01
3.374496698379516602e-01
3.231973052024841309e-01
3.493034243583679199e-01
3.368759751319885254e-01
3.354738354682922363e-01
3.516383171081542969e-01
3.309649229049682617e-01
3.405175805091857910e-01
3.384239077568054199e-01
3.454608619213104248e-01
3.285893797874450684e-01
3.451088070869445801e-01
3.575832247734069824e-01
3.343338966369628906e-01
3.383465409278869629e-01
3.200465440750122070e-01
3.406021893024444580e-01
3.417904973030090332e-01
3.615136444568634033e-01
3.299750685691833496e-01
3.436692357063293457e-01
3.410733342170715332e-01
3.342200517654418945e-01
3.342421352863311768e-01
3.464409708976745605e-01
3.334638476371765137e-01
3.292228877544403076e-01
3.400813341140747070e-01
3.302811384201049805e-01
3.398112952709197998e-01
3.463780879974365234e-01
3.200839161872863770e-01
3.357509076595306396e-01
3.387275636196136475e-01
3.408080041408538818e-01
3.407003283500671387e-01
3.338785767555236816e-01
3.328826427459716797e-01
3.353863954544067383e-01
3.307995200157165527e-01
3.378750681877136230e-01
3.206889033317565918e-01
3.465434908866882324e-01
3.341339826583862305e-01
3.414657115936279297e-01
3.381292819976806641e-01
3.524881899356842041e-01
3.250440061092376709e-01
3.470054268836975098e-01
3.354148566722869873e-01
3.525523543357849121e-01
3.528886437416076660e-01
3.289678096771240234e-01
3.548955023288726807e-01
3.385778665542602539e-01
3.474213480949401855e-01
3.485143780708312988e-01
3.397402763366699219e-01
3.545455336570739746e-01
3.625283241271972656e-01
3.334461450576782227e-01
3.397230505943298340e-01
3.650593757629394531e-01
3.357137143611907959e-01
3.601822555065155029e-01
3.357222080230712891e-01
3.329192996025085449e-01
3.327728509902954102e-01
3.492815494537353516e-01
3.635582923889160156e-01
3.515218496322631836e-01
3.539399504661560059e-01
3.675130605697631836e-01
3.461674451828002930e-01
3.356186747550964355e-01
3.559492826461791992e-01
3.588548302650451660e-01
3.428239524364471436e-01
3.340261280536651611e-01
3.349834084510803223e-01
3.579597473144531250e-01
3.498626351356506348e-01
3.503099083900451660e-01
3.550605773925781250e-01
3.502727150917053223e-01
3.379765152931213379e-01
3.481301665306091309e-01
3.612105846405029297e-01
3.492095470428466797e-01
3.437570929527282715e-01
3.502255678176879883e-01
3.409564495086669922e-01
3.464031517505645752e-01
3.292621970176696777e-01
3.362841010093688965e-01
3.476287126541137695e-01
3.591029345989227295e-01
3.274641931056976318e-01
3.544207513332366943e-01
3.811584413051605225e-01
3.517822325229644775e-01
3.582048714160919189e-01
3.550779819488525391e-01
3.214016258716583252e-01
3.284831047058105469e-01
3.560147881507873535e-01
3.472060561180114746e-01
3.486019372940063477e-01
3.403673171997070312e-01
3.623552620410919189e-01
3.599645197391510010e-01
3.451563119888305664e-01
3.427036404609680176e-01
3.489131331443786621e-01
3.672859072685241699e-01
3.230399489402770996e-01
3.134595155715942383e-01
3.365032076835632324e-01
3.550525307655334473e-01
3.375233411788940430e-01
3.293212056159973145e-01
3.470409512519836426e-01
3.585975170135498047e-01
3.609991073608398438e-01
3.445146679878234863e-01
3.349130749702453613e-01
3.098063170909881592e-01
3.263226151466369629e-01
3.376151025295257568e-01
3.114927709102630615e-01
3.407526612281799316e-01
3.329108953475952148e-01
3.636792302131652832e-01
3.639501929283142090e-01
2.919264733791351318e-01
3.070904612541198730e-01
3.278580904006958008e-01
3.076065182685852051e-01
2.989467680454254150e-01
3.321782350540161133e-01
3.345845341682434082e-01
3.113701343536376953e-01
3.480719625949859619e-01
3.436314165592193604e-01
3.225843310356140137e-01
3.182914257049560547e-01
3.279941082000732422e-01
3.520758152008056641e-01
2.986683845520019531e-01
3.057271838188171387e-01
3.055616021156311035e-01
2.895488739013671875e-01
2.732831239700317383e-01
2.996726036071777344e-01
3.201032280921936035e-01
2.853902876377105713e-01
2.722484469413757324e-01
3.260940313339233398e-01
3.040062189102172852e-01
3.015218675136566162e-01
3.017526268959045410e-01
2.613485455513000488e-01
2.989576458930969238e-01
3.287528157234191895e-01
3.023556470870971680e-01
2.564532160758972168e-01
3.140524029731750488e-01
2.887263894081115723e-01
2.771125733852386475e-01
2.890696823596954346e-01
3.004550933837890625e-01
3.008627295494079590e-01
3.032470941543579102e-01
2.975247502326965332e-01
3.217614889144897461e-01
2.922082543373107910e-01
2.590924203395843506e-01
2.683382630348205566e-01
2.716335058212280273e-01
2.806575298309326172e-01
2.779965102672576904e-01
2.748294174671173096e-01
2.771768569946289062e-01
2.565132379531860352e-01
2.882732748985290527e-01
2.922410070896148682e-01
2.965289950370788574e-01
2.963711917400360107e-01
2.952647507190704346e-01
2.746097445487976074e-01
2.946357429027557373e-01
2.923203706741333008e-01
2.975175380706787109e-01
3.063739836215972900e-01
2.901511788368225098e-01
2.952752709388732910e-01
3.372553586959838867e-01
3.383978605270385742e-01
2.909089326858520508e-01
2.708032727241516113e-01
2.676906585693359375e-01
2.858177423477172852e-01
2.758569717407226562e-01
2.979926764965057373e-01
3.263574838638305664e-01
2.666698694229125977e-01
2.689935863018035889e-01
2.956154346466064453e-01
2.934685349464416504e-01
2.636685073375701904e-01
3.266554474830627441e-01
2.578439116477966309e-01
2.928203940391540527e-01
2.592093944549560547e-01
2.571855187416076660e-01
3.054902553558349609e-01
3.431716561317443848e-01
2.734328210353851318e-01
2.569008469581604004e-01
2.885504961013793945e-01
2.809917926788330078e-01
2.754200398921966553e-01
2.880226373672485352e-01
2.804914116859436035e-01
3.036516308784484863e-01
2.389225065708160400e-01
2.614056468009948730e-01
2.637742161750793457e-01
3.165665268898010254e-01
3.037237524986267090e-01
3.187720477581024170e-01
2.852001786231994629e-01
3.174085617065429688e-01
2.917434573173522949e-01
2.939209342002868652e-01
3.001692295074462891e-01
2.304327487945556641e-01
2.652654051780700684e-01
2.489316165447235107e-01
2.379720509052276611e-01
2.868200540542602539e-01
2.786661386489868164e-01
2.751111388206481934e-01
2.688046991825103760e-01
2.763840556144714355e-01
2.452473938465118408e-01
2.415787279605865479e-01
2.730408906936645508e-01
2.746806740760803223e-01
2.605097293853759766e-01
2.676776945590972900e-01
2.693280577659606934e-01
2.511036396026611328e-01
2.402468621730804443e-01
2.734841108322143555e-01
2.371564209461212158e-01
2.489797174930572510e-01
2.338517308235168457e-01
2.347605228424072266e-01
2.600180208683013916e-01
2.566399872303009033e-01
2.431162893772125244e-01
2.476389706134796143e-01
2.411558032035827637e-01
2.477106750011444092e-01
2.425121068954467773e-01
2.478399574756622314e-01
2.852123975753784180e-01
2.677503228187561035e-01
2.709257006645202637e-01
2.683350145816802979e-01
2.640411257743835449e-01
2.563569843769073486e-01
2.449134588241577148e-01
2.662309408187866211e-01
2.660852670669555664e-01
2.360729575157165527e-01
2.344632148742675781e-01
2.660160064697265625e-01
2.652174830436706543e-01
2.532590031623840332e-01
2.846890687942504883e-01
2.460918426513671875e-01
2.860629558563232422e-01
2.635381221771240234e-01
2.649598717689514160e-01
2.412671744823455811e-01
2.441835403442382812e-01
2.852352857589721680e-01
2.883934974670410156e-01
2.866016030311584473e-01
2.912233471870422363e-01
2.376916408538818359e-01
2.580938339233398438e-01
2.586420178413391113e-01
2.630384266376495361e-01
2.522397637367248535e-01
2.688017487525939941e-01
2.459989786148071289e-01
2.644877135753631592e-01
2.360535860061645508e-01
2.852864265441894531e-01
2.638682723045349121e-01
2.634341716766357422e-01
2.867606282234191895e-01
2.843828797340393066e-01
2.333554029464721680e-01
2.864918708801269531e-01
2.647021412849426270e-01
2.420091927051544189e-01
2.458448708057403564e-01
2.361058592796325684e-01
2.467431724071502686e-01
2.604886293411254883e-01
2.518373727798461914e-01
2.371325492858886719e-01
2.542573213577270508e-01
2.666941881179809570e-01
2.858684360980987549e-01
2.624907195568084717e-01
2.844656407833099365e-01
2.502956390380859375e-01
2.837343811988830566e-01
2.851162254810333252e-01
2.427189946174621582e-01
2.607970535755157471e-01
2.319232821464538574e-01
2.394918501377105713e-01
2.273359894752502441e-01
2.452212572097778320e-01
2.447051107883453369e-01
2.614944577217102051e-01
2.710453867912292480e-01
2.913884520530700684e-01
2.883517742156982422e-01
2.901002764701843262e-01
2.686614394187927246e-01
2.284599244594573975e-01
2.717584371566772461e-01
2.295536398887634277e-01
2.280675768852233887e-01
2.300607860088348389e-01
2.360584437847137451e-01
2.637657523155212402e-01
2.862447202205657959e-01
2.986778616905212402e-01
2.971558570861816406e-01
2.843497991561889648e-01
2.559621036052703857e-01
2.897341847419738770e-01
2.694718837738037109e-01
2.334039211273193359e-01
2.322322130203247070e-01
2.331742048263549805e-01
2.299115657806396484e-01
2.528207898139953613e-01
2.831785678863525391e-01
2.321852445602416992e-01
2.605829834938049316e-01
2.877478003501892090e-01
2.367845475673675537e-01
2.464152574539184570e-01
2.487607002258300781e-01
2.280308902263641357e-01
2.301053404808044434e-01
2.312146425247192383e-01
2.413510978221893311e-01
2.649836540222167969e-01
2.602462470531463623e-01
2.860453724861145020e-01
2.384218871593475342e-01
2.592924237251281738e-01
2.857150435447692871e-01
2.426777482032775879e-01
2.484188675880432129e-01
2.635868787765502930e-01
2.471163868904113770e-01
2.312336862087249756e-01
2.330653667449951172e-01
2.200261056423187256e-01
2.245313525199890137e-01
2.886650860309600830e-01
2.310917675495147705e-01
2.264289557933807373e-01
2.248107492923736572e-01
2.256062030792236328e-01
2.233931422233581543e-01
2.404553890228271484e-01
2.463349401950836182e-01
2.298951745033264160e-01
2.291714251041412354e-01
2.273705005645751953e-01
2.597211897373199463e-01
2.292580902576446533e-01
2.252126336097717285e-01
2.272853851318359375e-01
2.501759231090545654e-01
2.284371852874755859e-01
2.273159623146057129e-01
2.516506612300872803e-01
2.891354560852050781e-01
2.209073007106781006e-01
2.198514640331268311e-01
2.236395180225372314e-01
2.559598982334136963e-01
2.261029183864593506e-01
2.413585186004638672e-01
2.165804207324981689e-01
2.226321399211883545e-01
2.328201234340667725e-01
2.327152192592620850e-01
2.469157576560974121e-01
2.476973533630371094e-01
2.705975472927093506e-01
2.294479012489318848e-01
2.279672622680664062e-01
2.527594864368438721e-01
2.195445895195007324e-01
2.212661802768707275e-01
2.212139368057250977e-01
2.223097085952758789e-01
2.731609344482421875e-01
2.279881238937377930e-01
2.228235006332397461e-01
2.546616196632385254e-01
2.252305150032043457e-01
2.237234413623809814e-01
2.317937612533569336e-01
2.301422357559204102e-01
2.637763619422912598e-01
2.227498590946197510e-01
2.218922674655914307e-01
2.235742211341857910e-01
2.288212776184082031e-01
2.272988557815551758e-01
2.264527082443237305e-01
2.259957194328308105e-01
2.461013793945312500e-01
2.277582585811614990e-01
2.319740951061248779e-01
2.617427706718444824e-01
2.306708693504333496e-01
2.334223091602325439e-01
2.374056577682495117e-01
2.347391843795776367e-01
2.573407888412475586e-01
2.251962125301361084e-01
2.277644574642181396e-01
2.238118350505828857e-01
2.295255064964294434e-01
2.304453849792480469e-01
2.401989102363586426e-01
2.266468107700347900e-01
2.581028938293457031e-01
2.617509067058563232e-01
2.841445207595825195e-01
2.337743937969207764e-01
2.650430500507354736e-01
2.642900943756103516e-01
2.635676264762878418e-01
2.651050686836242676e-01
2.341616749763488770e-01
2.390591502189636230e-01
2.317850589752197266e-01
2.334884703159332275e-01
2.638492584228515625e-01
2.777470946311950684e-01
2.567927539348602295e-01
2.885506749153137207e-01
2.483216226100921631e-01
2.377001643180847168e-01
2.283005714416503906e-01
2.327176630496978760e-01
2.379538714885711670e-01
2.320138514041900635e-01
2.329542934894561768e-01
2.398448884487152100e-01
2.478416562080383301e-01
2.574708461761474609e-01
2.919877469539642334e-01
2.890695333480834961e-01
2.836804986000061035e-01
2.300048470497131348e-01
2.290454208850860596e-01
2.262089252471923828e-01
2.271029949188232422e-01
2.487282156944274902e-01
2.484304308891296387e-01
2.623056173324584961e-01
2.599896192550659180e-01
2.332906723022460938e-01
2.618610858917236328e-01
2.560698986053466797e-01
2.273928225040435791e-01
2.620129287242889404e-01
2.546881437301635742e-01
2.292400598526000977e-01
2.243545651435852051e-01
2.189573943614959717e-01
2.451375126838684082e-01
2.272199690341949463e-01
2.280323803424835205e-01
2.340331971645355225e-01
2.317683100700378418e-01
2.580922245979309082e-01
2.734557390213012695e-01
2.226187288761138916e-01
2.267650663852691650e-01
2.456152141094207764e-01
2.618384361267089844e-01
2.928885221481323242e-01
2.627989947795867920e-01
2.266241014003753662e-01
2.281720042228698730e-01
2.581307291984558105e-01
2.938064932823181152e-01
2.770322561264038086e-01
2.577433586120605469e-01
2.393664717674255371e-01
2.675876021385192871e-01
2.219953835010528564e-01
2.174248695373535156e-01
2.349568009376525879e-01
2.231130301952362061e-01
2.597870230674743652e-01
2.886255979537963867e-01
2.588507533073425293e-01
2.393953204154968262e-01
2.723876237869262695e-01
2.884361147880554199e-01
2.649483978748321533e-01
2.238871157169342041e-01
2.342948317527770996e-01
2.563973665237426758e-01
2.153339684009552002e-01
2.313991785049438477e-01
2.297185361385345459e-01
2.661907076835632324e-01
2.579711675643920898e-01
2.849716544151306152e-01
2.846582531929016113e-01
2.636224329471588135e-01
2.448661029338836670e-01
2.945117652416229248e-01
2.883239388465881348e-01
2.418624758720397949e-01
2.826244533061981201e-01
2.317956387996673584e-01
2.483716309070587158e-01
2.316416501998901367e-01
2.670880556106567383e-01
2.514938116073608398e-01
2.664222717285156250e-01
2.700883746147155762e-01
2.437252700328826904e-01
2.472792863845825195e-01
2.866361737251281738e-01
2.447632849216461182e-01
2.669113874435424805e-01
2.304510176181793213e-01
2.411574423313140869e-01
2.392470538616180420e-01
2.446735799312591553e-01
2.484693825244903564e-01
2.477417290210723877e-01
2.480799555778503418e-01
2.577890753746032715e-01
2.883449792861938477e-01
2.868806123733520508e-01
2.421799004077911377e-01
2.392297685146331787e-01
2.819550037384033203e-01
2.752652168273925781e-01
2.737297415733337402e-01
2.360656261444091797e-01
2.488458156585693359e-01
2.946371138095855713e-01
2.481857836246490479e-01
2.464127838611602783e-01
2.528979778289794922e-01
2.826351523399353027e-01
2.510160207748413086e-01
2.797177433967590332e-01
2.502285242080688477e-01
2.790758013725280762e-01
2.473617196083068848e-01
2.807262241840362549e-01
2.510647177696228027e-01
2.612646818161010742e-01
2.374471724033355713e-01
2.500041425228118896e-01
2.779087722301483154e-01
2.771346569061279297e-01
2.894315421581268311e-01
2.739312648773193359e-01
2.910638451576232910e-01
2.448831200599670410e-01
2.893452048301696777e-01
2.461917698383331299e-01
2.643048167228698730e-01
2.686498463153839111e-01
2.444617450237274170e-01
3.149608671665191650e-01
2.557322978973388672e-01
2.787026762962341309e-01
2.751835286617279053e-01
2.743031382560729980e-01
2.442902624607086182e-01
2.522847652435302734e-01
2.636608183383941650e-01
2.716025710105895996e-01
2.460251450538635254e-01
2.699593305587768555e-01
2.607409954071044922e-01
2.645017504692077637e-01
2.608289122581481934e-01
2.714117169380187988e-01
2.663187980651855469e-01
2.654632925987243652e-01
2.655017971992492676e-01
2.438642382621765137e-01
2.789766788482666016e-01
2.804110944271087646e-01
2.500885725021362305e-01
2.400555610656738281e-01
2.485092282295227051e-01
2.516008615493774414e-01
2.461445927619934082e-01
2.946487665176391602e-01
2.702884972095489502e-01
2.537613511085510254e-01
2.628055214881896973e-01
2.435325980186462402e-01
2.472918331623077393e-01
2.410162687301635742e-01
2.503665685653686523e-01
2.652680873870849609e-01
2.476369142532348633e-01
2.638109028339385986e-01
2.548464536666870117e-01
2.707768380641937256e-01
2.453943490982055664e-01
2.523064017295837402e-01
2.751097083091735840e-01
2.760945558547973633e-01
2.470504939556121826e-01
2.407104372978210449e-01
2.635001242160797119e-01
2.561872005462646484e-01
2.548821866512298584e-01
2.548728585243225098e-01
2.765730321407318115e-01
2.883207201957702637e-01
2.854204773902893066e-01
2.643135190010070801e-01
2.885286211967468262e-01
2.840880155563354492e-01
2.672834396362304688e-01
2.440182566642761230e-01
2.770119905471801758e-01
2.762411534786224365e-01
2.443324923515319824e-01
2.495660781860351562e-01
2.737787663936614990e-01
2.529282867908477783e-01
2.536912560462951660e-01
2.606660127639770508e-01
2.349280416965484619e-01
2.433383464813232422e-01
2.526084780693054199e-01
2.492916584014892578e-01
2.444770932197570801e-01
2.456223964691162109e-01
2.889469861984252930e-01
2.500984668731689453e-01
2.432218790054321289e-01
2.897239327430725098e-01
2.439528107643127441e-01
2.322333455085754395e-01
2.402727007865905762e-01
2.375000417232513428e-01
2.475733458995819092e-01
2.643153071403503418e-01
2.321200370788574219e-01
2.608502507209777832e-01
2.478038966655731201e-01
2.425879538059234619e-01
2.648380100727081299e-01
2.756613194942474365e-01
2.436256706714630127e-01
2.687761485576629639e-01
2.514326572418212891e-01
2.329751849174499512e-01
2.591222524642944336e-01
2.882212400436401367e-01
2.873826026916503906e-01
2.754855155944824219e-01
2.698661684989929199e-01
2.368421256542205811e-01
2.893036007881164551e-01
2.477178275585174561e-01
2.498243153095245361e-01
2.357685565948486328e-01
2.873552441596984863e-01
2.564918994903564453e-01
2.379957735538482666e-01
2.652837634086608887e-01
2.932852208614349365e-01
2.924079895019531250e-01
2.601962089538574219e-01
2.336801290512084961e-01
2.818073630332946777e-01
2.521354556083679199e-01
2.668762505054473877e-01
2.699208259582519531e-01
2.312109470367431641e-01
2.487152516841888428e-01
2.554075121879577637e-01
2.865141034126281738e-01
2.237016558647155762e-01
2.882078886032104492e-01
2.596050500869750977e-01
2.534844279289245605e-01
2.444130182266235352e-01
2.750053405761718750e-01
2.322930395603179932e-01
2.838459014892578125e-01
2.363034486770629883e-01
2.774453759193420410e-01
2.776081264019012451e-01
2.330991625785827637e-01
2.680068910121917725e-01
2.967625260353088379e-01
2.530969083309173584e-01
2.742330431938171387e-01
2.554872334003448486e-01
2.733477950096130371e-01
2.970576882362365723e-01
2.920928001403808594e-01
2.945862412452697754e-01
2.759527564048767090e-01
2.597835659980773926e-01
2.398338615894317627e-01
2.672990560531616211e-01
2.595873475074768066e-01
2.331186234951019287e-01
2.349976301193237305e-01
2.549104988574981689e-01
2.547199130058288574e-01
2.561868727207183838e-01
2.866522967815399170e-01
2.838742136955261230e-01
2.317731678485870361e-01
2.380449175834655762e-01
2.414218187332153320e-01
2.585722506046295166e-01
2.460572719573974609e-01
2.327394485473632812e-01
2.334578037261962891e-01
2.594532370567321777e-01
2.435548007488250732e-01
2.476475834846496582e-01
2.675589025020599365e-01
2.770334482192993164e-01
2.490972876548767090e-01
2.466785609722137451e-01
2.686741352081298828e-01
2.710029780864715576e-01
2.446253597736358643e-01
2.663413882255554199e-01
2.415021955966949463e-01
2.390704751014709473e-01
2.335938811302185059e-01
2.345630824565887451e-01
2.323908805847167969e-01
2.298394739627838135e-01
2.321228384971618652e-01
2.334687411785125732e-01
2.306081354618072510e-01
2.355912029743194580e-01
2.827785611152648926e-01
2.844884395599365234e-01
2.841398119926452637e-01
2.568431496620178223e-01
2.551595568656921387e-01
2.314286530017852783e-01
2.540853917598724365e-01
2.577109932899475098e-01
2.621755003929138184e-01
2.496514618396759033e-01
2.389197945594787598e-01
2.336677610874176025e-01
2.303510308265686035e-01
2.619546055793762207e-01
2.338777482509613037e-01
2.597341537475585938e-01
2.572604417800903320e-01
2.301482558250427246e-01
2.289986312389373779e-01
2.356923222541809082e-01
2.644962072372436523e-01
2.594788074493408203e-01
2.253614366054534912e-01
2.274257540702819824e-01
2.341679036617279053e-01
2.400448322296142578e-01
2.312782406806945801e-01
2.186557054519653320e-01
2.610602676868438721e-01
2.589753866195678711e-01
2.354248464107513428e-01
2.850858271121978760e-01
2.292571663856506348e-01
2.288822531700134277e-01
2.252604365348815918e-01
2.297478914260864258e-01
2.259847521781921387e-01
2.372468411922454834e-01
2.375039458274841309e-01
2.353888154029846191e-01
2.203823924064636230e-01
2.308761179447174072e-01
2.271766066551208496e-01
2.340748310089111328e-01
2.296741306781768799e-01
2.849359512329101562e-01
2.823866009712219238e-01
2.841877341270446777e-01
2.254013121128082275e-01
2.576026022434234619e-01
2.255662083625793457e-01
2.409308254718780518e-01
2.287627756595611572e-01
2.163110077381134033e-01
2.384218573570251465e-01
2.239572107791900635e-01
2.245334684848785400e-01
2.280058860778808594e-01
2.849518060684204102e-01
2.855665683746337891e-01
2.227389514446258545e-01
2.547295391559600830e-01
2.216773629188537598e-01
2.572635412216186523e-01
2.238111495971679688e-01
2.362063527107238770e-01
2.175429165363311768e-01
2.214063405990600586e-01
2.527327537536621094e-01
2.401283085346221924e-01
2.570650875568389893e-01
2.213990092277526855e-01
2.543229460716247559e-01
2.279621064662933350e-01
2.571603357791900635e-01
2.299979329109191895e-01
2.595923244953155518e-01
2.492165267467498779e-01
2.244305312633514404e-01
2.163900732994079590e-01
2.257168889045715332e-01
2.494512796401977539e-01
2.507181763648986816e-01
2.194942235946655273e-01
2.547987699508666992e-01
2.849203944206237793e-01
2.254489064216613770e-01
2.176560759544372559e-01
2.198793590068817139e-01
2.183786034584045410e-01
2.230443358421325684e-01
2.181628942489624023e-01
2.222997248172760010e-01
2.195602059364318848e-01
2.185754626989364624e-01
2.216077744960784912e-01
