5.043709874153137207e-01
5.041744709014892578e-01
5.045056939125061035e-01
5.039294958114624023e-01
5.043895840644836426e-01
4.965535700321197510e-01
5.035873651504516602e-01
5.043734312057495117e-01
5.044737458229064941e-01
5.032812356948852539e-01
5.033907294273376465e-01
5.036556124687194824e-01
5.026426911354064941e-01
5.038069486618041992e-01
5.035203099250793457e-01
5.035002827644348145e-01
5.037643909454345703e-01
5.034551024436950684e-01
5.033742189407348633e-01
5.035335421562194824e-01
5.034250020980834961e-01
5.027956366539001465e-01
5.043396949768066406e-01
5.020003914833068848e-01
4.978079795837402344e-01
5.045780539512634277e-01
5.045511722564697266e-01
5.047507882118225098e-01
4.978865385055541992e-01
4.984463453292846680e-01
5.042939186096191406e-01
5.045580863952636719e-01
5.046505331993103027e-01
5.046756267547607422e-01
5.012363791465759277e-01
5.046033263206481934e-01
4.973855018615722656e-01
4.984857141971588135e-01
5.043202042579650879e-01
5.043718218803405762e-01
5.043573379516601562e-01
4.970468580722808838e-01
5.044821500778198242e-01
4.946458339691162109e-01
5.038309693336486816e-01
4.996815025806427002e-01
4.868726730346679688e-01
5.033572912216186523e-01
5.021995306015014648e-01
5.023876428604125977e-01
5.015797019004821777e-01
5.033040642738342285e-01
5.028698444366455078e-01
5.042959451675415039e-01
5.040463209152221680e-01
5.033786892890930176e-01
5.037792921066284180e-01
5.036771297454833984e-01
5.030124783515930176e-01
5.034089088439941406e-01
5.034182071685791016e-01
5.025004744529724121e-01
5.001005530357360840e-01
5.032767057418823242e-01
5.025712847709655762e-01
5.001527070999145508e-01
5.026373863220214844e-01
5.029330253601074219e-01
5.029056072235107422e-01
5.036500692367553711e-01
5.023574829101562500e-01
5.025301575660705566e-01
4.986746609210968018e-01
5.037510395050048828e-01
5.023077130317687988e-01
5.004488825798034668e-01
5.028746128082275391e-01
5.020214915275573730e-01
5.020610690116882324e-01
5.034258365631103516e-01
5.025297403335571289e-01
5.019444227218627930e-01
5.025377273559570312e-01
5.023549795150756836e-01
5.025096535682678223e-01
5.028680562973022461e-01
5.013634562492370605e-01
5.017457008361816406e-01
5.014599561691284180e-01
5.018938183784484863e-01
4.953066408634185791e-01
5.002651214599609375e-01
5.017334818840026855e-01
5.031946301460266113e-01
4.987441301345825195e-01
4.999820888042449951e-01
4.991124570369720459e-01
4.985411167144775391e-01
5.007928609848022461e-01
5.006159543991088867e-01
4.994448423385620117e-01
4.988893568515777588e-01
4.988932013511657715e-01
4.991745650768280029e-01
5.008491873741149902e-01
4.995537996292114258e-01
5.027343630790710449e-01
4.989403784275054932e-01
4.988069236278533936e-01
4.951167702674865723e-01
5.023787021636962891e-01
5.018188953399658203e-01
4.912049770355224609e-01
4.981324076652526855e-01
4.872288107872009277e-01
4.989656209945678711e-01
4.911451637744903564e-01
5.008221268653869629e-01
4.993597567081451416e-01
4.987476766109466553e-01
4.989309310913085938e-01
5.005197525024414062e-01
5.005021691322326660e-01
4.994124770164489746e-01
4.993178248405456543e-01
4.988681972026824951e-01
4.994106888771057129e-01
4.927495121955871582e-01
4.846594631671905518e-01
4.827867448329925537e-01
4.841439723968505859e-01
4.846133291721343994e-01
4.810469746589660645e-01
4.835715293884277344e-01
4.805870950222015381e-01
4.799311757087707520e-01
4.799747467041015625e-01
4.806812703609466553e-01
4.846588373184204102e-01
4.806556701660156250e-01
4.825139045715332031e-01
4.805914461612701416e-01
4.827588200569152832e-01
4.804514944553375244e-01
4.803416132926940918e-01
4.803727269172668457e-01
4.819151759147644043e-01
4.804258346557617188e-01
4.841941893100738525e-01
4.836298227310180664e-01
4.800021946430206299e-01
4.810106456279754639e-01
4.823843836784362793e-01
4.918818175792694092e-01
4.798912405967712402e-01
4.799258410930633545e-01
4.794288873672485352e-01
4.811575710773468018e-01
4.661533236503601074e-01
4.661811590194702148e-01
4.677227139472961426e-01
4.736540913581848145e-01
4.798262119293212891e-01
4.798741340637207031e-01
4.798125326633453369e-01
4.799109697341918945e-01
4.799415171146392822e-01
4.798810184001922607e-01
4.799099862575531006e-01
4.799493253231048584e-01
4.798572659492492676e-01
4.798260927200317383e-01
4.799704551696777344e-01
4.799676537513732910e-01
4.799374341964721680e-01
4.798812270164489746e-01
4.799439311027526855e-01
4.798306822776794434e-01
4.798930883407592773e-01
4.800172746181488037e-01
4.800711274147033691e-01
4.814929664134979248e-01
4.799177348613739014e-01
4.799121022224426270e-01
4.798833727836608887e-01
4.798628389835357666e-01
4.799461066722869873e-01
4.802164137363433838e-01
4.807811379432678223e-01
4.833431243896484375e-01
4.835135340690612793e-01
4.808355569839477539e-01
4.841828942298889160e-01
4.833178520202636719e-01
4.822756648063659668e-01
4.818499386310577393e-01
4.810872375965118408e-01
4.822573065757751465e-01
4.816579818725585938e-01
4.829790294170379639e-01
4.817655384540557861e-01
4.844230413436889648e-01
4.821975231170654297e-01
4.824702739715576172e-01
4.810654222965240479e-01
4.822727441787719727e-01
4.811809659004211426e-01
4.805966317653656006e-01
4.813178181648254395e-01
4.821069538593292236e-01
4.807707071304321289e-01
4.865957796573638916e-01
4.806894958019256592e-01
4.825030863285064697e-01
4.832808077335357666e-01
4.849190413951873779e-01
4.853955209255218506e-01
4.837319552898406982e-01
4.954289793968200684e-01
4.817229807376861572e-01
4.997467994689941406e-01
4.986378252506256104e-01
5.008748769760131836e-01
4.928312003612518311e-01
5.006228089332580566e-01
5.027251839637756348e-01
4.868093430995941162e-01
5.010352134704589844e-01
4.863013029098510742e-01
5.005887746810913086e-01
4.994334280490875244e-01
4.867663383483886719e-01
4.993591606616973877e-01
4.994006752967834473e-01
4.856376647949218750e-01
4.987622201442718506e-01
4.901294708251953125e-01
5.031663775444030762e-01
4.990774989128112793e-01
5.025756955146789551e-01
5.030475854873657227e-01
5.016621947288513184e-01
5.016174912452697754e-01
5.023289918899536133e-01
5.029953122138977051e-01
5.013154149055480957e-01
5.029014945030212402e-01
5.017639398574829102e-01
5.034421086311340332e-01
5.031499862670898438e-01
5.024708509445190430e-01
5.027393698692321777e-01
4.995508193969726562e-01
5.028553009033203125e-01
5.031697154045104980e-01
5.007170438766479492e-01
5.029000639915466309e-01
5.028228163719177246e-01
5.023955106735229492e-01
5.035089254379272461e-01
4.991906881332397461e-01
5.030966997146606445e-01
5.024273991584777832e-01
5.015146136283874512e-01
5.015001296997070312e-01
5.020393729209899902e-01
5.017475485801696777e-01
5.012347698211669922e-01
5.017712116241455078e-01
5.044214129447937012e-01
5.036908984184265137e-01
5.031491518020629883e-01
5.022051930427551270e-01
5.035744905471801758e-01
5.043228268623352051e-01
5.046010017395019531e-01
5.035490989685058594e-01
5.027807950973510742e-01
5.044006109237670898e-01
4.998460710048675537e-01
5.027542114257812500e-01
4.972555935382843018e-01
4.977138638496398926e-01
5.043578147888183594e-01
5.013114213943481445e-01
4.958397448062896729e-01
4.963486790657043457e-01
5.044767856597900391e-01
5.045326948165893555e-01
5.047095417976379395e-01
4.986200034618377686e-01
5.045385360717773438e-01
5.045262575149536133e-01
5.045391917228698730e-01
5.044182538986206055e-01
5.033658742904663086e-01
5.033437013626098633e-01
5.045269727706909180e-01
5.034030675888061523e-01
5.035648941993713379e-01
5.038337707519531250e-01
5.010334849357604980e-01
5.033758878707885742e-01
5.029885172843933105e-01
5.026954412460327148e-01
5.037299990653991699e-01
5.027809739112854004e-01
5.008791685104370117e-01
5.038297176361083984e-01
5.031008124351501465e-01
5.033754110336303711e-01
5.018578767776489258e-01
5.033639073371887207e-01
5.045760869979858398e-01
5.038570165634155273e-01
5.032862424850463867e-01
5.043066740036010742e-01
5.031719207763671875e-01
5.044742822647094727e-01
5.046156048774719238e-01
5.032095313072204590e-01
5.046298503875732422e-01
5.032542347908020020e-01
5.045630335807800293e-01
5.040625333786010742e-01
5.046157240867614746e-01
5.045011043548583984e-01
5.039278268814086914e-01
5.036383867263793945e-01
4.988045096397399902e-01
5.028901100158691406e-01
5.032653212547302246e-01
5.038833022117614746e-01
5.029436945915222168e-01
5.028829574584960938e-01
5.032608509063720703e-01
5.025617480278015137e-01
5.026575922966003418e-01
5.038074254989624023e-01
5.003846883773803711e-01
5.028793811798095703e-01
5.025039911270141602e-01
5.016436576843261719e-01
5.030770301818847656e-01
5.010270476341247559e-01
5.035539269447326660e-01
5.037928223609924316e-01
5.030165910720825195e-01
5.033142566680908203e-01
5.030208826065063477e-01
5.024852752685546875e-01
5.025087594985961914e-01
5.030556321144104004e-01
5.039709210395812988e-01
5.033239126205444336e-01
5.032140612602233887e-01
5.034321546554565430e-01
5.035886764526367188e-01
5.024446845054626465e-01
5.044598579406738281e-01
5.038189291954040527e-01
5.030142664909362793e-01
5.042852163314819336e-01
5.042359232902526855e-01
5.045041441917419434e-01
5.043341517448425293e-01
5.046657919883728027e-01
5.045911073684692383e-01
5.042708516120910645e-01
5.046912431716918945e-01
5.035188794136047363e-01
5.044888854026794434e-01
4.983229637145996094e-01
5.046231150627136230e-01
5.046128630638122559e-01
5.044901371002197266e-01
5.025337338447570801e-01
5.043796300888061523e-01
5.042970776557922363e-01
5.044701695442199707e-01
5.031268000602722168e-01
5.039222240447998047e-01
4.965718388557434082e-01
5.020924806594848633e-01
5.033447742462158203e-01
5.029606819152832031e-01
5.046021342277526855e-01
5.041447281837463379e-01
5.046310424804687500e-01
5.047007203102111816e-01
5.048016905784606934e-01
5.047528743743896484e-01
4.989225566387176514e-01
4.987286925315856934e-01
5.032987594604492188e-01
4.946901202201843262e-01
5.045253634452819824e-01
5.045868754386901855e-01
4.973497390747070312e-01
5.045745372772216797e-01
5.045500993728637695e-01
5.043645501136779785e-01
5.042458772659301758e-01
5.035895705223083496e-01
5.042229294776916504e-01
5.043162107467651367e-01
5.032247900962829590e-01
5.043134689331054688e-01
5.046231150627136230e-01
5.045527219772338867e-01
5.043780207633972168e-01
5.045412182807922363e-01
5.033832788467407227e-01
5.039373040199279785e-01
5.028100013732910156e-01
5.034836530685424805e-01
5.044820308685302734e-01
5.033006668090820312e-01
5.032117962837219238e-01
5.042328834533691406e-01
5.044384002685546875e-01
5.034555792808532715e-01
5.032904148101806641e-01
5.027797818183898926e-01
5.035806894302368164e-01
5.034126043319702148e-01
5.020067691802978516e-01
5.030193924903869629e-01
5.005784630775451660e-01
4.868325293064117432e-01
5.028500556945800781e-01
5.008083581924438477e-01
5.022269487380981445e-01
5.011200308799743652e-01
5.031313300132751465e-01
5.022108554840087891e-01
5.011228322982788086e-01
5.023952722549438477e-01
5.017532706260681152e-01
4.999693930149078369e-01
5.029650330543518066e-01
5.018330216407775879e-01
5.036219358444213867e-01
5.028732419013977051e-01
5.022208094596862793e-01
5.039110183715820312e-01
5.036280155181884766e-01
5.036245584487915039e-01
5.030143260955810547e-01
5.041013956069946289e-01
5.043069124221801758e-01
5.046323537826538086e-01
5.045992732048034668e-01
5.045795440673828125e-01
5.047124624252319336e-01
5.046035051345825195e-01
5.045629143714904785e-01
5.039208531379699707e-01
5.036104321479797363e-01
5.041372776031494141e-01
5.033271908760070801e-01
5.043537616729736328e-01
5.022041797637939453e-01
5.030267238616943359e-01
5.033313632011413574e-01
5.031709074974060059e-01
5.032476186752319336e-01
5.025243163108825684e-01
5.035685300827026367e-01
5.035178661346435547e-01
5.020072460174560547e-01
5.033421516418457031e-01
5.029846429824829102e-01
5.029267072677612305e-01
5.043516755104064941e-01
4.980663061141967773e-01
5.032817721366882324e-01
5.034041404724121094e-01
5.034303069114685059e-01
5.044978260993957520e-01
5.045629739761352539e-01
5.043672323226928711e-01
5.040997862815856934e-01
5.045125484466552734e-01
5.039872527122497559e-01
5.046245455741882324e-01
5.046283602714538574e-01
5.046777129173278809e-01
5.044766068458557129e-01
5.044454932212829590e-01
5.046789050102233887e-01
5.046290755271911621e-01
5.044094920158386230e-01
5.047026872634887695e-01
5.043336749076843262e-01
4.982065558433532715e-01
5.046076178550720215e-01
5.047652721405029297e-01
4.983276128768920898e-01
4.982969164848327637e-01
5.035413503646850586e-01
5.035802721977233887e-01
5.029575824737548828e-01
5.031192302703857422e-01
5.027208328247070312e-01
5.047263503074645996e-01
5.041114091873168945e-01
5.044653415679931641e-01
5.041519403457641602e-01
4.980020523071289062e-01
5.043674707412719727e-01
5.044382810592651367e-01
5.037353038787841797e-01
5.034564733505249023e-01
5.028892159461975098e-01
5.042514204978942871e-01
5.030016899108886719e-01
5.045636296272277832e-01
5.044839978218078613e-01
5.042768120765686035e-01
5.038981437683105469e-01
5.037285089492797852e-01
5.031604766845703125e-01
5.044792294502258301e-01
5.039569139480590820e-01
5.035718083381652832e-01
5.038664937019348145e-01
5.025449991226196289e-01
5.033622384071350098e-01
5.036396384239196777e-01
5.033942461013793945e-01
5.047535300254821777e-01
5.047430396080017090e-01
5.046134591102600098e-01
5.034071803092956543e-01
5.046692490577697754e-01
5.045683383941650391e-01
5.034930706024169922e-01
5.047303438186645508e-01
5.048643946647644043e-01
4.987949430942535400e-01
5.048106908798217773e-01
5.047510266304016113e-01
5.047603249549865723e-01
5.048393607139587402e-01
5.047925710678100586e-01
5.043288469314575195e-01
5.043163299560546875e-01
5.006561279296875000e-01
5.047095417976379395e-01
4.985093176364898682e-01
5.045963525772094727e-01
5.047959089279174805e-01
5.046707391738891602e-01
5.045740008354187012e-01
5.046959519386291504e-01
5.047271847724914551e-01
5.018422603607177734e-01
4.989849328994750977e-01
5.047424435615539551e-01
5.048295855522155762e-01
5.044724345207214355e-01
5.046554207801818848e-01
5.046397447586059570e-01
5.045935511589050293e-01
5.032001137733459473e-01
4.980504512786865234e-01
5.046170949935913086e-01
4.965101182460784912e-01
4.975888431072235107e-01
5.049069523811340332e-01
5.050588846206665039e-01
5.046930313110351562e-01
5.038819313049316406e-01
4.939043223857879639e-01
4.932495355606079102e-01
4.962866604328155518e-01
5.024784803390502930e-01
4.705216586589813232e-01
5.005827546119689941e-01
4.911677837371826172e-01
4.928072094917297363e-01
4.888318181037902832e-01
4.888275563716888428e-01
4.881871044635772705e-01
4.934157431125640869e-01
4.886262118816375732e-01
4.868753552436828613e-01
4.643968939781188965e-01
4.532766938209533691e-01
4.510367214679718018e-01
4.601609706878662109e-01
4.312402904033660889e-01
4.249396026134490967e-01
4.174641370773315430e-01
4.790713787078857422e-01
5.333834290504455566e-01
4.258053004741668701e-01
4.390862882137298584e-01
4.408791661262512207e-01
4.420905411243438721e-01
4.542402029037475586e-01
4.395290315151214600e-01
4.615981280803680420e-01
4.273181557655334473e-01
4.468695223331451416e-01
5.413496494293212891e-01
5.494025945663452148e-01
5.269908905029296875e-01
5.495447516441345215e-01
4.896196424961090088e-01
5.499646663665771484e-01
4.921955168247222900e-01
5.326295495033264160e-01
5.088015198707580566e-01
4.558245241641998291e-01
4.370770454406738281e-01
4.271612763404846191e-01
4.844081997871398926e-01
5.157977938652038574e-01
5.045406222343444824e-01
5.020926594734191895e-01
5.021156668663024902e-01
5.026874542236328125e-01
5.022037625312805176e-01
5.036821365356445312e-01
5.124228000640869141e-01
4.825543463230133057e-01
5.048660635948181152e-01
5.037408471107482910e-01
5.034231543540954590e-01
5.014868378639221191e-01
5.044453144073486328e-01
4.976652860641479492e-01
4.988857507705688477e-01
5.037915110588073730e-01
4.978410303592681885e-01
4.936189949512481689e-01
4.689007997512817383e-01
4.713888168334960938e-01
4.823510050773620605e-01
5.041887164115905762e-01
4.472619593143463135e-01
4.846435785293579102e-01
5.037623047828674316e-01
5.176100134849548340e-01
5.062552690505981445e-01
5.058897733688354492e-01
5.052915811538696289e-01
5.056176185607910156e-01
5.113345980644226074e-01
5.130518078804016113e-01
5.043787956237792969e-01
4.954886138439178467e-01
5.010303854942321777e-01
5.039753317832946777e-01
5.005007982254028320e-01
5.028373003005981445e-01
5.006921291351318359e-01
5.050026178359985352e-01
4.970796108245849609e-01
5.030838251113891602e-01
4.945115447044372559e-01
5.004758834838867188e-01
4.988500177860260010e-01
5.033750534057617188e-01
4.936031699180603027e-01
4.946463108062744141e-01
4.946597516536712646e-01
4.923739731311798096e-01
5.011337995529174805e-01
4.961779415607452393e-01
4.430981874465942383e-01
4.877203106880187988e-01
4.921623766422271729e-01
4.874473512172698975e-01
4.876473248004913330e-01
4.532117843627929688e-01
4.847466945648193359e-01
4.842428267002105713e-01
4.824005067348480225e-01
4.709612131118774414e-01
4.430637657642364502e-01
4.838775396347045898e-01
5.136099457740783691e-01
5.026165246963500977e-01
4.965728521347045898e-01
5.050413608551025391e-01
5.033725500106811523e-01
5.121096372604370117e-01
5.032357573509216309e-01
5.030431151390075684e-01
5.211647152900695801e-01
5.032780170440673828e-01
5.038719177246093750e-01
5.016682147979736328e-01
5.008980631828308105e-01
4.923944771289825439e-01
4.915227293968200684e-01
4.946537017822265625e-01
4.899939298629760742e-01
4.891716539859771729e-01
4.896866679191589355e-01
4.828349947929382324e-01
4.697370231151580811e-01
4.574545621871948242e-01
4.666760861873626709e-01
5.255390405654907227e-01
4.439152479171752930e-01
4.370525777339935303e-01
4.278930127620697021e-01
4.608015418052673340e-01
4.280762076377868652e-01
4.951737523078918457e-01
4.482706487178802490e-01
4.401838183403015137e-01
4.433728158473968506e-01
4.492745697498321533e-01
4.830107688903808594e-01
4.935268759727478027e-01
5.098699927330017090e-01
5.046442151069641113e-01
5.141110420227050781e-01
5.009237527847290039e-01
5.023999810218811035e-01
5.059227943420410156e-01
5.054503083229064941e-01
5.060287714004516602e-01
5.055469274520874023e-01
5.057908892631530762e-01
5.060452222824096680e-01
5.058380961418151855e-01
5.059202313423156738e-01
5.054649710655212402e-01
5.128245353698730469e-01
4.961085915565490723e-01
4.856328368186950684e-01
5.019947886466979980e-01
5.036754012107849121e-01
5.052546262741088867e-01
5.067079663276672363e-01
5.060346722602844238e-01
5.020436048507690430e-01
5.297055244445800781e-01
5.055816173553466797e-01
5.014118552207946777e-01
5.056296586990356445e-01
5.054379105567932129e-01
5.054053068161010742e-01
5.047920942306518555e-01
5.037939548492431641e-01
5.085083842277526855e-01
5.017791986465454102e-01
5.063188672065734863e-01
5.057809948921203613e-01
5.112838149070739746e-01
5.060033798217773438e-01
5.060968995094299316e-01
5.056270360946655273e-01
5.016278028488159180e-01
5.061408281326293945e-01
5.063618421554565430e-01
5.062445402145385742e-01
5.055310130119323730e-01
5.095130801200866699e-01
5.066186189651489258e-01
5.062918663024902344e-01
5.062450170516967773e-01
5.061596035957336426e-01
5.075842738151550293e-01
5.057344436645507812e-01
5.058678984642028809e-01
5.056481361389160156e-01
5.056625604629516602e-01
5.051102638244628906e-01
5.203536152839660645e-01
5.054630637168884277e-01
4.972070753574371338e-01
5.025388002395629883e-01
4.976555407047271729e-01
4.994263947010040283e-01
5.038693547248840332e-01
4.942131638526916504e-01
4.945508539676666260e-01
5.047943592071533203e-01
5.044416785240173340e-01
4.984490573406219482e-01
5.021097660064697266e-01
4.940698444843292236e-01
4.971550703048706055e-01
4.974528551101684570e-01
4.969476163387298584e-01
4.994605779647827148e-01
4.965968728065490723e-01
4.955185651779174805e-01
4.979656040668487549e-01
5.046648383140563965e-01
4.992464780807495117e-01
4.954909980297088623e-01
5.047688484191894531e-01
4.992843568325042725e-01
5.044893026351928711e-01
5.031147599220275879e-01
5.047155618667602539e-01
5.048049688339233398e-01
5.047331452369689941e-01
5.047589540481567383e-01
5.018248558044433594e-01
5.035198330879211426e-01
5.046715736389160156e-01
4.961955249309539795e-01
5.046893358230590820e-01
4.994996488094329834e-01
4.999730288982391357e-01
4.988383054733276367e-01
5.046781301498413086e-01
5.045444369316101074e-01
5.044670104980468750e-01
5.043755769729614258e-01
5.043292045593261719e-01
5.035597681999206543e-01
4.975653886795043945e-01
5.044298171997070312e-01
5.029435157775878906e-01
5.014033913612365723e-01
5.018934607505798340e-01
5.037039518356323242e-01
5.025844573974609375e-01
5.025542974472045898e-01
5.037404298782348633e-01
5.021700859069824219e-01
5.031914114952087402e-01
5.021138787269592285e-01
5.016509294509887695e-01
5.016946196556091309e-01
5.024663805961608887e-01
4.995913505554199219e-01
5.023367404937744141e-01
5.027195215225219727e-01
5.033599138259887695e-01
5.006417036056518555e-01
4.869978427886962891e-01
5.035653710365295410e-01
5.044261813163757324e-01
5.033067464828491211e-01
5.029306411743164062e-01
4.997083544731140137e-01
5.021393895149230957e-01
5.012295842170715332e-01
4.999994635581970215e-01
5.023387670516967773e-01
4.987199008464813232e-01
5.007701516151428223e-01
4.867998957633972168e-01
4.806157350540161133e-01
5.030999183654785156e-01
4.866435527801513672e-01
4.864098429679870605e-01
4.980613887310028076e-01
4.882805049419403076e-01
4.985703229904174805e-01
4.888412654399871826e-01
4.992563426494598389e-01
4.858186244964599609e-01
4.921293556690216064e-01
4.990006387233734131e-01
4.867281913757324219e-01
4.846099019050598145e-01
4.869889616966247559e-01
4.858163595199584961e-01
4.865373671054840088e-01
4.869126081466674805e-01
4.865048229694366455e-01
4.993699789047241211e-01
4.913102984428405762e-01
4.863497912883758545e-01
4.829514622688293457e-01
4.847552776336669922e-01
4.840747117996215820e-01
4.810349345207214355e-01
4.803095161914825439e-01
4.823153913021087646e-01
4.802739322185516357e-01
4.815101623535156250e-01
4.866947829723358154e-01
4.874452352523803711e-01
4.991956353187561035e-01
5.003255009651184082e-01
4.998155534267425537e-01
4.998695850372314453e-01
4.991976320743560791e-01
4.993014633655548096e-01
5.010122656822204590e-01
4.880407452583312988e-01
5.002236366271972656e-01
4.842363893985748291e-01
4.849179089069366455e-01
4.831232428550720215e-01
4.819838404655456543e-01
4.872204661369323730e-01
4.802156388759613037e-01
4.808832108974456787e-01
4.805924296379089355e-01
4.805672168731689453e-01
4.688411056995391846e-01
4.669155776500701904e-01
4.656656682491302490e-01
4.656258821487426758e-01
4.656928479671478271e-01
4.655553102493286133e-01
4.655550122261047363e-01
4.655086696147918701e-01
4.658098518848419189e-01
4.655076265335083008e-01
4.658919870853424072e-01
4.655168056488037109e-01
4.653921723365783691e-01
4.653161764144897461e-01
4.654136002063751221e-01
4.653558731079101562e-01
4.654276371002197266e-01
4.655514955520629883e-01
4.654161334037780762e-01
4.654850065708160400e-01
4.657869637012481689e-01
4.658095240592956543e-01
4.662040770053863525e-01
4.658521413803100586e-01
4.662747979164123535e-01
4.660474956035614014e-01
4.662499725818634033e-01
4.665167927742004395e-01
4.661330580711364746e-01
4.683453142642974854e-01
4.700364768505096436e-01
4.818902313709259033e-01
4.805981814861297607e-01
4.803324043750762939e-01
4.812870919704437256e-01
4.805491268634796143e-01
4.812557697296142578e-01
4.804021716117858887e-01
4.825651049613952637e-01
4.805966019630432129e-01
4.802577793598175049e-01
4.801329672336578369e-01
4.823238253593444824e-01
4.800862073898315430e-01
4.800892770290374756e-01
4.800785481929779053e-01
4.800677001476287842e-01
4.800387620925903320e-01
4.799157381057739258e-01
4.666209518909454346e-01
4.659728109836578369e-01
4.659672975540161133e-01
4.660637080669403076e-01
4.659667909145355225e-01
4.793688058853149414e-01
4.715449810028076172e-01
4.701234698295593262e-01
4.705407619476318359e-01
4.699622690677642822e-01
4.681165516376495361e-01
4.706857800483703613e-01
4.665615856647491455e-01
4.667282104492187500e-01
4.679208695888519287e-01
4.669678807258605957e-01
4.658176898956298828e-01
4.657884836196899414e-01
4.657114148139953613e-01
4.656319320201873779e-01
4.657520055770874023e-01
4.660083353519439697e-01
4.660229384899139404e-01
4.664162397384643555e-01
4.660239219665527344e-01
4.661597907543182373e-01
4.658093750476837158e-01
4.654066860675811768e-01
4.656264185905456543e-01
4.659622013568878174e-01
4.657734334468841553e-01
4.687736332416534424e-01
4.798987209796905518e-01
4.705185294151306152e-01
4.803376793861389160e-01
4.800909459590911865e-01
4.808710515499114990e-01
4.800084531307220459e-01
4.799982905387878418e-01
4.800389111042022705e-01
4.799804687500000000e-01
4.799706339836120605e-01
4.799509644508361816e-01
4.798466861248016357e-01
4.800098240375518799e-01
4.798427522182464600e-01
4.773520529270172119e-01
4.734920859336853027e-01
4.663048386573791504e-01
4.661799967288970947e-01
4.661771059036254883e-01
4.663883149623870850e-01
4.674397408962249756e-01
4.725909829139709473e-01
4.688936471939086914e-01
4.798370599746704102e-01
4.778331816196441650e-01
4.796388149261474609e-01
4.797020256519317627e-01
4.753842949867248535e-01
4.697816967964172363e-01
4.690936207771301270e-01
4.769290089607238770e-01
4.799310863018035889e-01
4.789614677429199219e-01
4.798828065395355225e-01
4.797787666320800781e-01
4.798535406589508057e-01
4.786102473735809326e-01
4.798877537250518799e-01
4.798055589199066162e-01
4.798499047756195068e-01
4.798707365989685059e-01
4.798462092876434326e-01
4.742641150951385498e-01
4.661871492862701416e-01
4.662559032440185547e-01
4.662484824657440186e-01
4.657889604568481445e-01
4.657847881317138672e-01
4.656457006931304932e-01
4.657008349895477295e-01
4.655617177486419678e-01
4.655299782752990723e-01
4.655337929725646973e-01
4.656032025814056396e-01
4.655150473117828369e-01
4.655867516994476318e-01
4.658051431179046631e-01
4.656819999217987061e-01
4.659952819347381592e-01
4.658010900020599365e-01
4.661398530006408691e-01
4.660018682479858398e-01
4.661844372749328613e-01
4.660677611827850342e-01
4.660447537899017334e-01
4.662413001060485840e-01
4.659408628940582275e-01
4.699539840221405029e-01
4.665924608707427979e-01
4.665779173374176025e-01
4.661060869693756104e-01
4.658501148223876953e-01
4.660433530807495117e-01
4.659385681152343750e-01
4.661720097064971924e-01
4.660177230834960938e-01
4.663500189781188965e-01
4.661719799041748047e-01
4.668118059635162354e-01
4.660010337829589844e-01
4.655756950378417969e-01
4.658818840980529785e-01
4.657959938049316406e-01
4.658767879009246826e-01
4.657661914825439453e-01
4.657692611217498779e-01
4.657598733901977539e-01
4.657579660415649414e-01
4.657941460609436035e-01
4.658290147781372070e-01
4.658121764659881592e-01
4.659422338008880615e-01
4.658826589584350586e-01
4.656965434551239014e-01
4.656958281993865967e-01
4.656364023685455322e-01
4.655831158161163330e-01
4.655832052230834961e-01
4.656804502010345459e-01
4.659080505371093750e-01
4.654938876628875732e-01
4.654851853847503662e-01
4.655651450157165527e-01
4.656467735767364502e-01
4.655600190162658691e-01
4.655215144157409668e-01
4.655884504318237305e-01
4.655486345291137695e-01
4.656149744987487793e-01
4.656248688697814941e-01
4.657464325428009033e-01
4.657277762889862061e-01
4.656263887882232666e-01
4.655561149120330811e-01
4.655718505382537842e-01
4.655439555644989014e-01
4.655936360359191895e-01
4.656552970409393311e-01
4.656739830970764160e-01
4.656544625759124756e-01
4.658173024654388428e-01
4.657044708728790283e-01
4.657367765903472900e-01
4.656361937522888184e-01
4.656700491905212402e-01
4.656345546245574951e-01
4.656319618225097656e-01
4.657139778137207031e-01
4.655694365501403809e-01
4.656496345996856689e-01
4.656133949756622314e-01
4.656549394130706787e-01
4.656188488006591797e-01
4.656725227832794189e-01
4.656620323657989502e-01
4.656315743923187256e-01
4.656605422496795654e-01
4.653752148151397705e-01
4.652748107910156250e-01
4.651875197887420654e-01
4.652088880538940430e-01
4.651982486248016357e-01
4.651283919811248779e-01
4.670989513397216797e-01
4.651909470558166504e-01
4.651198387145996094e-01
4.651039838790893555e-01
4.652715623378753662e-01
4.650823473930358887e-01
4.650804996490478516e-01
4.652583301067352295e-01
4.650243818759918213e-01
4.650233983993530273e-01
4.650985002517700195e-01
4.651954174041748047e-01
4.650486111640930176e-01
4.650380015373229980e-01
4.650356471538543701e-01
4.651033282279968262e-01
4.650479555130004883e-01
4.650689959526062012e-01
4.650507271289825439e-01
4.650656580924987793e-01
4.651204645633697510e-01
4.650958180427551270e-01
4.650971591472625732e-01
4.650306403636932373e-01
4.650098681449890137e-01
4.650549590587615967e-01
4.650788307189941406e-01
4.650174379348754883e-01
4.652752876281738281e-01
4.650827646255493164e-01
4.650722444057464600e-01
4.652026891708374023e-01
4.650045037269592285e-01
4.650495052337646484e-01
4.650632441043853760e-01
4.650475978851318359e-01
4.650375843048095703e-01
4.650350511074066162e-01
4.650164246559143066e-01
4.650180041790008545e-01
4.650067687034606934e-01
4.650164246559143066e-01
4.650194644927978516e-01
4.650696516036987305e-01
4.650757312774658203e-01
4.650346934795379639e-01
4.650019109249114990e-01
4.650166034698486328e-01
4.650193154811859131e-01
4.650530815124511719e-01
4.650996625423431396e-01
4.663396477699279785e-01
4.652212858200073242e-01
4.651018083095550537e-01
4.651035368442535400e-01
4.651178419589996338e-01
4.650967717170715332e-01
4.651030898094177246e-01
4.651011526584625244e-01
4.650785028934478760e-01
4.650736749172210693e-01
4.651135802268981934e-01
4.650990068912506104e-01
4.650557041168212891e-01
4.652444422245025635e-01
4.649973809719085693e-01
4.652368128299713135e-01
4.650318026542663574e-01
4.650235176086425781e-01
4.650351703166961670e-01
4.650770127773284912e-01
4.650696814060211182e-01
4.650281071662902832e-01
4.650436341762542725e-01
4.650805890560150146e-01
4.655953347682952881e-01
4.652211368083953857e-01
4.653660058975219727e-01
4.654690921306610107e-01
4.654527902603149414e-01
4.654522836208343506e-01
4.653886258602142334e-01
4.654103815555572510e-01
4.652898609638214111e-01
4.652736485004425049e-01
4.652949571609497070e-01
4.652444720268249512e-01
4.652279913425445557e-01
4.652217030525207520e-01
4.652116298675537109e-01
4.651959836483001709e-01
4.651688337326049805e-01
4.651554822921752930e-01
4.651845097541809082e-01
4.652165472507476807e-01
4.652685821056365967e-01
4.652797877788543701e-01
4.652405679225921631e-01
4.652360677719116211e-01
4.652552306652069092e-01
4.653067588806152344e-01
4.653278589248657227e-01
4.653435349464416504e-01
4.653368294239044189e-01
4.654294252395629883e-01
4.653386473655700684e-01
4.654126763343811035e-01
4.653669595718383789e-01
4.657838344573974609e-01
4.652566611766815186e-01
4.652159214019775391e-01
4.652136266231536865e-01
4.651449620723724365e-01
4.651359319686889648e-01
4.652000963687896729e-01
4.651756286621093750e-01
4.651739895343780518e-01
4.650727808475494385e-01
4.650892317295074463e-01
4.651305377483367920e-01
4.651378691196441650e-01
4.651758670806884766e-01
4.651275575160980225e-01
4.650911390781402588e-01
4.650749266147613525e-01
4.650791883468627930e-01
4.650952219963073730e-01
4.650900065898895264e-01
4.650785028934478760e-01
4.651160836219787598e-01
4.651319086551666260e-01
4.651370346546173096e-01
4.651239216327667236e-01
4.651339054107666016e-01
4.651132822036743164e-01
4.651256203651428223e-01
4.651375114917755127e-01
4.651349484920501709e-01
4.651171267032623291e-01
4.651160836219787598e-01
4.651015698909759521e-01
4.651499390602111816e-01
4.650791287422180176e-01
4.650823473930358887e-01
4.650658667087554932e-01
4.650906622409820557e-01
4.650949239730834961e-01
4.650848209857940674e-01
4.650555551052093506e-01
4.650794863700866699e-01
4.650782644748687744e-01
4.651010930538177490e-01
4.651106595993041992e-01
4.651020467281341553e-01
4.650574326515197754e-01
4.650622010231018066e-01
4.650494456291198730e-01
4.650855660438537598e-01
4.652178287506103516e-01
4.652664065361022949e-01
4.653658270835876465e-01
4.650377333164215088e-01
4.650520682334899902e-01
4.649258852005004883e-01
4.649525284767150879e-01
4.651901423931121826e-01
4.650615751743316650e-01
4.649029374122619629e-01
4.648868441581726074e-01
4.649005234241485596e-01
4.649281501770019531e-01
4.649804532527923584e-01
4.649268984794616699e-01
4.649547934532165527e-01
4.649687707424163818e-01
4.649305045604705811e-01
4.650153815746307373e-01
4.648787081241607666e-01
4.648941457271575928e-01
4.649180769920349121e-01
4.649370312690734863e-01
4.649604558944702148e-01
4.649276733398437500e-01
4.649967253208160400e-01
4.649403393268585205e-01
4.651971757411956787e-01
4.649538695812225342e-01
4.649915695190429688e-01
4.649333059787750244e-01
4.649589061737060547e-01
4.649569988250732422e-01
4.649570882320404053e-01
4.649261832237243652e-01
4.649440944194793701e-01
4.649291038513183594e-01
4.649274647235870361e-01
4.649458825588226318e-01
4.649201035499572754e-01
4.649076759815216064e-01
4.649850726127624512e-01
4.649638831615447998e-01
4.649144411087036133e-01
4.649887979030609131e-01
4.649677276611328125e-01
4.649013578891754150e-01
4.649688005447387695e-01
4.651604592800140381e-01
4.650425016880035400e-01
4.650116562843322754e-01
4.651446342468261719e-01
4.650622308254241943e-01
4.650071561336517334e-01
4.649798572063446045e-01
4.649954736232757568e-01
4.650213420391082764e-01
4.649690091609954834e-01
4.649815559387207031e-01
4.649669826030731201e-01
4.650153219699859619e-01
4.650380909442901611e-01
4.656252264976501465e-01
4.650538563728332520e-01
4.649848937988281250e-01
4.649362862110137939e-01
4.649573564529418945e-01
4.649522304534912109e-01
4.649280905723571777e-01
4.649892449378967285e-01
4.649353027343750000e-01
4.649382829666137695e-01
4.649260640144348145e-01
4.649649262428283691e-01
4.649606049060821533e-01
4.649787247180938721e-01
4.649505913257598877e-01
4.649596810340881348e-01
4.649626314640045166e-01
4.649868309497833252e-01
4.650513529777526855e-01
4.650942087173461914e-01
4.652624726295471191e-01
4.651010632514953613e-01
4.650959670543670654e-01
4.651159942150115967e-01
4.651051759719848633e-01
4.651674926280975342e-01
4.653145372867584229e-01
4.653390645980834961e-01
4.651876688003540039e-01
4.651992917060852051e-01
4.652045071125030518e-01
4.651913344860076904e-01
4.651984572410583496e-01
4.651319980621337891e-01
4.652211070060729980e-01
4.651655852794647217e-01
4.651832282543182373e-01
4.652836620807647705e-01
4.652085304260253906e-01
4.652268886566162109e-01
4.651944041252136230e-01
4.651902914047241211e-01
4.651951193809509277e-01
4.651708900928497314e-01
4.651389718055725098e-01
4.651417732238769531e-01
4.651526808738708496e-01
4.651752114295959473e-01
4.651413857936859131e-01
4.651184380054473877e-01
4.650911986827850342e-01
4.651146829128265381e-01
4.651325047016143799e-01
4.651111364364624023e-01
4.651045203208923340e-01
4.651192128658294678e-01
4.651699364185333252e-01
4.651988744735717773e-01
4.652113318443298340e-01
4.652056396007537842e-01
4.651738405227661133e-01
4.651921987533569336e-01
4.652279615402221680e-01
4.652897119522094727e-01
4.654748439788818359e-01
4.654083549976348877e-01
4.654876887798309326e-01
4.655432403087615967e-01
4.662679731845855713e-01
4.659329652786254883e-01
4.660218060016632080e-01
4.690780639648437500e-01
4.801985919475555420e-01
4.722932577133178711e-01
4.800765514373779297e-01
4.799710810184478760e-01
4.689430594444274902e-01
4.785752296447753906e-01
4.805192053318023682e-01
4.801991283893585205e-01
4.800596833229064941e-01
4.801496267318725586e-01
4.799422621726989746e-01
4.800283908843994141e-01
4.799983501434326172e-01
4.799979329109191895e-01
4.800371527671813965e-01
4.799260497093200684e-01
4.799706637859344482e-01
4.799412786960601807e-01
4.792830944061279297e-01
4.801311790943145752e-01
4.694674313068389893e-01
4.688538908958435059e-01
4.694361388683319092e-01
4.794562458992004395e-01
4.693004786968231201e-01
4.772056937217712402e-01
4.700580537319183350e-01
4.773795306682586670e-01
4.683467447757720947e-01
4.798426330089569092e-01
4.798806309700012207e-01
4.730023443698883057e-01
4.670910835266113281e-01
4.663018882274627686e-01
4.671882987022399902e-01
4.658962488174438477e-01
4.662865698337554932e-01
4.658226370811462402e-01
4.659463763236999512e-01
4.657676219940185547e-01
4.654932618141174316e-01
4.657106995582580566e-01
4.656724333763122559e-01
4.659717679023742676e-01
4.658951461315155029e-01
4.657168090343475342e-01
4.659833908081054688e-01
4.660007059574127197e-01
4.658448100090026855e-01
4.660109281539916992e-01
4.661156535148620605e-01
4.655360877513885498e-01
4.661524295806884766e-01
4.660183191299438477e-01
4.690703749656677246e-01
4.661540687084197998e-01
4.661178886890411377e-01
4.695856571197509766e-01
4.801038205623626709e-01
4.799950420856475830e-01
4.796183705329895020e-01
4.800863564014434814e-01
4.703203439712524414e-01
4.799316823482513428e-01
4.789057374000549316e-01
4.698614776134490967e-01
4.689833223819732666e-01
4.692041277885437012e-01
4.805441796779632568e-01
4.804359376430511475e-01
4.806213080883026123e-01
4.806835949420928955e-01
4.807910025119781494e-01
4.834305346012115479e-01
4.809443354606628418e-01
4.808726906776428223e-01
4.841262996196746826e-01
4.810121059417724609e-01
4.838652908802032471e-01
4.831029772758483887e-01
4.891443848609924316e-01
4.980577528476715088e-01
4.988277256488800049e-01
4.897347688674926758e-01
4.976300299167633057e-01
4.993050098419189453e-01
4.982547163963317871e-01
5.019238591194152832e-01
4.888835847377777100e-01
4.871003031730651855e-01
4.871245622634887695e-01
4.813602566719055176e-01
4.865887463092803955e-01
4.870524704456329346e-01
4.848868846893310547e-01
4.865921437740325928e-01
4.846916794776916504e-01
4.825800061225891113e-01
4.861371517181396484e-01
4.840477406978607178e-01
4.810862541198730469e-01
4.863674938678741455e-01
4.842702448368072510e-01
4.854400753974914551e-01
4.983150362968444824e-01
5.024891495704650879e-01
4.867389798164367676e-01
4.865107834339141846e-01
4.892835319042205811e-01
4.866641759872436523e-01
4.849424064159393311e-01
4.820954203605651855e-01
4.949184358119964600e-01
4.989875257015228271e-01
4.837206900119781494e-01
4.959192872047424316e-01
4.855515956878662109e-01
4.840786457061767578e-01
5.004249215126037598e-01
4.995041191577911377e-01
4.986195266246795654e-01
4.982676804065704346e-01
5.021581649780273438e-01
5.022181272506713867e-01
5.014207363128662109e-01
5.008275508880615234e-01
5.009185075759887695e-01
5.013275146484375000e-01
5.025422573089599609e-01
5.011183619499206543e-01
4.995158612728118896e-01
5.037755966186523438e-01
5.023918747901916504e-01
5.010650753974914551e-01
5.024041533470153809e-01
5.020216107368469238e-01
4.988138973712921143e-01
5.021380186080932617e-01
5.017647147178649902e-01
4.988735914230346680e-01
4.999363720417022705e-01
4.893798530101776123e-01
5.046404004096984863e-01
4.983837008476257324e-01
5.008053779602050781e-01
5.029779076576232910e-01
5.024147033691406250e-01
4.976558685302734375e-01
5.006429553031921387e-01
4.988628625869750977e-01
5.046609640121459961e-01
5.027072429656982422e-01
5.041604638099670410e-01
5.012760758399963379e-01
5.036242604255676270e-01
5.035258531570434570e-01
5.030893683433532715e-01
5.019415020942687988e-01
5.033691525459289551e-01
5.043402910232543945e-01
5.034800767898559570e-01
5.033020377159118652e-01
5.044205784797668457e-01
5.034172534942626953e-01
5.030769705772399902e-01
5.014029741287231445e-01
5.045241117477416992e-01
5.034093260765075684e-01
5.043971538543701172e-01
4.981039464473724365e-01
5.024363994598388672e-01
5.037239193916320801e-01
4.986400008201599121e-01
4.981128573417663574e-01
4.952367246150970459e-01
4.998870790004730225e-01
5.026189684867858887e-01
4.989480972290039062e-01
5.005464553833007812e-01
5.021833181381225586e-01
5.020859241485595703e-01
5.009827613830566406e-01
5.026167631149291992e-01
5.012143850326538086e-01
4.833346903324127197e-01
4.867153465747833252e-01
4.974099099636077881e-01
4.864532947540283203e-01
4.981418848037719727e-01
4.992871582508087158e-01
4.982095956802368164e-01
4.982419908046722412e-01
4.981744289398193359e-01
4.868282675743103027e-01
4.871683716773986816e-01
5.025733709335327148e-01
4.862850308418273926e-01
4.984083473682403564e-01
4.993882477283477783e-01
4.983516931533813477e-01
4.856274425983428955e-01
4.866096377372741699e-01
4.863011240959167480e-01
4.867720901966094971e-01
4.910049140453338623e-01
4.830541014671325684e-01
4.820499420166015625e-01
4.807399809360504150e-01
4.867841899394989014e-01
4.824825823307037354e-01
4.852806031703948975e-01
4.868922233581542969e-01
4.816379249095916748e-01
4.981968104839324951e-01
4.841607809066772461e-01
5.011516213417053223e-01
4.982649385929107666e-01
4.991960525512695312e-01
4.989190399646759033e-01
4.991113841533660889e-01
4.926968812942504883e-01
4.846215546131134033e-01
4.967920780181884766e-01
4.909537136554718018e-01
4.837821125984191895e-01
4.867680966854095459e-01
4.862146973609924316e-01
4.987941384315490723e-01
4.989240169525146484e-01
4.987334907054901123e-01
4.986792206764221191e-01
4.988560974597930908e-01
4.883517622947692871e-01
4.991618990898132324e-01
4.840433597564697266e-01
4.865431785583496094e-01
4.868899285793304443e-01
4.835197627544403076e-01
4.835233092308044434e-01
4.839236736297607422e-01
4.903086423873901367e-01
4.980614483356475830e-01
5.019019842147827148e-01
4.839825034141540527e-01
5.004060268402099609e-01
5.025550127029418945e-01
5.018569231033325195e-01
5.017050504684448242e-01
5.016754865646362305e-01
4.988610744476318359e-01
5.008438229560852051e-01
5.015236139297485352e-01
5.011755824089050293e-01
4.991599917411804199e-01
4.988623261451721191e-01
5.000165700912475586e-01
4.999075233936309814e-01
4.987537264823913574e-01
5.021039843559265137e-01
5.009229779243469238e-01
4.995964169502258301e-01
5.016219615936279297e-01
4.978286325931549072e-01
5.027451515197753906e-01
5.017712116241455078e-01
5.022272467613220215e-01
5.021084547042846680e-01
5.021434426307678223e-01
5.018448829650878906e-01
5.020493865013122559e-01
5.024545788764953613e-01
5.004672408103942871e-01
4.995579719543457031e-01
5.000168681144714355e-01
4.950278103351593018e-01
4.852384328842163086e-01
4.993870854377746582e-01
4.992947876453399658e-01
4.991878867149353027e-01
4.861044287681579590e-01
4.989721775054931641e-01
4.894479215145111084e-01
4.983303546905517578e-01
5.007541775703430176e-01
4.996919631958007812e-01
5.012759566307067871e-01
5.015050172805786133e-01
5.009796023368835449e-01
5.010373592376708984e-01
4.983418881893157959e-01
5.030757188796997070e-01
5.037897229194641113e-01
5.027847886085510254e-01
5.033810138702392578e-01
5.025925040245056152e-01
5.031346678733825684e-01
5.025296807289123535e-01
5.032241940498352051e-01
5.036574602127075195e-01
5.032676458358764648e-01
5.043851137161254883e-01
5.034481883049011230e-01
5.020492076873779297e-01
5.037012100219726562e-01
5.032964944839477539e-01
5.037456750869750977e-01
5.034029483795166016e-01
5.048089623451232910e-01
5.044068098068237305e-01
5.044756531715393066e-01
5.046245455741882324e-01
5.044745802879333496e-01
5.046364665031433105e-01
5.035244226455688477e-01
5.027815103530883789e-01
5.034103989601135254e-01
5.045444369316101074e-01
4.999174773693084717e-01
5.049189329147338867e-01
5.047004222869873047e-01
4.984531998634338379e-01
5.047262907028198242e-01
4.981024265289306641e-01
5.046525001525878906e-01
5.035311579704284668e-01
5.029764771461486816e-01
5.046552419662475586e-01
5.044639110565185547e-01
5.045098066329956055e-01
4.968916177749633789e-01
5.033076405525207520e-01
5.034793615341186523e-01
5.047495365142822266e-01
5.050557851791381836e-01
4.994006156921386719e-01
5.002842545509338379e-01
4.970051348209381104e-01
5.035180449485778809e-01
5.031998157501220703e-01
5.035631060600280762e-01
5.034998059272766113e-01
5.034020543098449707e-01
5.031800270080566406e-01
4.996133148670196533e-01
4.978033602237701416e-01
4.967911243438720703e-01
4.893308877944946289e-01
4.943843781948089600e-01
4.868825078010559082e-01
4.791273176670074463e-01
4.664941132068634033e-01
4.629312157630920410e-01
4.557418227195739746e-01
4.378223717212677002e-01
4.511260092258453369e-01
4.718980193138122559e-01
4.693781435489654541e-01
4.781188368797302246e-01
5.124604105949401855e-01
5.072708725929260254e-01
4.880270957946777344e-01
4.690365195274353027e-01
5.211020708084106445e-01
4.936415553092956543e-01
5.062466859817504883e-01
4.935902953147888184e-01
5.086604952812194824e-01
5.144284367561340332e-01
4.939889609813690186e-01
5.342988967895507812e-01
5.190005302429199219e-01
4.615446329116821289e-01
4.682143032550811768e-01
5.099090337753295898e-01
4.886558353900909424e-01
4.412779510021209717e-01
4.510727524757385254e-01
4.966460466384887695e-01
