4.753397107124328613e-01
4.738817512989044189e-01
5.115672349929809570e-01
4.841129183769226074e-01
4.852345585823059082e-01
4.865775704383850098e-01
4.868835210800170898e-01
4.844897091388702393e-01
5.278707146644592285e-01
4.876303076744079590e-01
4.867021739482879639e-01
4.833717048168182373e-01
4.961599707603454590e-01
4.821822047233581543e-01
5.137292146682739258e-01
5.119679570198059082e-01
4.863905310630798340e-01
4.881090819835662842e-01
5.016500353813171387e-01
5.035594105720520020e-01
5.118051171302795410e-01
5.037090182304382324e-01
4.852415621280670166e-01
5.126829743385314941e-01
4.789350926876068115e-01
5.132881402969360352e-01
5.000606179237365723e-01
5.059257149696350098e-01
4.966561794281005859e-01
4.860261380672454834e-01
4.854568243026733398e-01
4.862650334835052490e-01
4.832717776298522949e-01
4.861882030963897705e-01
4.937956929206848145e-01
5.141689777374267578e-01
4.842623472213745117e-01
5.258945226669311523e-01
4.849767684936523438e-01
4.844852089881896973e-01
4.820792973041534424e-01
4.854275286197662354e-01
4.830330312252044678e-01
4.835089147090911865e-01
4.849869310855865479e-01
4.846122264862060547e-01
4.812006652355194092e-01
4.934341609477996826e-01
4.762685894966125488e-01
4.752836823463439941e-01
4.803914427757263184e-01
4.909595847129821777e-01
4.837182164192199707e-01
4.870739579200744629e-01
4.835357069969177246e-01
4.844996333122253418e-01
5.025011301040649414e-01
4.840705394744873047e-01
4.895189702510833740e-01
4.982588589191436768e-01
4.830211400985717773e-01
5.004757642745971680e-01
4.971400499343872070e-01
4.796764552593231201e-01
4.876773953437805176e-01
4.590651392936706543e-01
4.752881824970245361e-01
4.857293665409088135e-01
4.660224616527557373e-01
4.877233803272247314e-01
4.627871811389923096e-01
4.829416275024414062e-01
4.906084239482879639e-01
4.882288873195648193e-01
4.801545739173889160e-01
4.817079305648803711e-01
4.862010478973388672e-01
4.916703701019287109e-01
4.967251121997833252e-01
4.809231758117675781e-01
4.843209385871887207e-01
4.797340035438537598e-01
4.848153293132781982e-01
4.781977832317352295e-01
4.803999364376068115e-01
4.785539507865905762e-01
4.901371598243713379e-01
4.648911058902740479e-01
4.897087812423706055e-01
5.246706008911132812e-01
5.030486583709716797e-01
4.779462516307830811e-01
4.886848330497741699e-01
4.679026305675506592e-01
4.822910428047180176e-01
4.878887832164764404e-01
4.880820810794830322e-01
5.038670301437377930e-01
4.848671853542327881e-01
4.812248349189758301e-01
4.770062863826751709e-01
4.860327243804931641e-01
4.835174083709716797e-01
4.829392433166503906e-01
4.846597909927368164e-01
4.869501292705535889e-01
4.834060966968536377e-01
4.833126664161682129e-01
4.845725893974304199e-01
4.850988090038299561e-01
5.239241123199462891e-01
4.845497906208038330e-01
4.715325832366943359e-01
4.963189959526062012e-01
5.239297747611999512e-01
5.073831081390380859e-01
4.960800707340240479e-01
5.024923086166381836e-01
4.857683181762695312e-01
4.872778952121734619e-01
4.744400978088378906e-01
4.858398437500000000e-01
4.813741147518157959e-01
4.821487367153167725e-01
4.859783351421356201e-01
4.890873134136199951e-01
5.143567323684692383e-01
4.871220886707305908e-01
5.055999159812927246e-01
4.849376082420349121e-01
4.867641925811767578e-01
4.850145876407623291e-01
4.991176128387451172e-01
4.848202466964721680e-01
4.821919500827789307e-01
4.835435748100280762e-01
4.851925969123840332e-01
5.095749497413635254e-01
4.852024912834167480e-01
5.065743923187255859e-01
4.851274788379669189e-01
4.867884516716003418e-01
4.750392436981201172e-01
4.797973036766052246e-01
5.020281672477722168e-01
4.915141463279724121e-01
4.850661754608154297e-01
4.844540655612945557e-01
4.828167855739593506e-01
4.925358891487121582e-01
4.845017194747924805e-01
5.129743814468383789e-01
4.840426445007324219e-01
4.830833971500396729e-01
4.848744869232177734e-01
4.821617305278778076e-01
4.787080287933349609e-01
4.894213378429412842e-01
5.140951871871948242e-01
4.802259206771850586e-01
4.865976870059967041e-01
4.836551845073699951e-01
4.794688522815704346e-01
4.884836971759796143e-01
5.156883001327514648e-01
4.835429191589355469e-01
4.915198981761932373e-01
4.860506653785705566e-01
4.899704158306121826e-01
4.849607944488525391e-01
4.989383220672607422e-01
5.081874132156372070e-01
4.834035634994506836e-01
4.826279878616333008e-01
4.844981729984283447e-01
4.852900207042694092e-01
4.841613769531250000e-01
4.832361638545989990e-01
4.842870831489562988e-01
4.850456416606903076e-01
4.851368665695190430e-01
4.974995851516723633e-01
4.850003123283386230e-01
4.795770049095153809e-01
4.854049682617187500e-01
4.705864787101745605e-01
4.834808409214019775e-01
4.830514788627624512e-01
4.799411892890930176e-01
4.835436046123504639e-01
4.848378598690032959e-01
4.835367202758789062e-01
4.844390153884887695e-01
4.840210378170013428e-01
4.811406731605529785e-01
4.833475351333618164e-01
4.827120006084442139e-01
4.849765598773956299e-01
4.843821823596954346e-01
4.810837805271148682e-01
4.850648641586303711e-01
4.835127294063568115e-01
4.841826260089874268e-01
4.720757901668548584e-01
4.834775328636169434e-01
4.841689467430114746e-01
4.848973751068115234e-01
4.768531024456024170e-01
4.737795889377593994e-01
4.830055534839630127e-01
4.775363206863403320e-01
4.859384000301361084e-01
4.850487709045410156e-01
4.801027476787567139e-01
4.879331886768341064e-01
5.150305032730102539e-01
4.855672121047973633e-01
4.877595007419586182e-01
4.887424707412719727e-01
4.828001856803894043e-01
4.862057864665985107e-01
4.890798926353454590e-01
4.862137138843536377e-01
4.796472787857055664e-01
4.848015606403350830e-01
4.865279197692871094e-01
4.871188998222351074e-01
4.792855083942413330e-01
4.855186343193054199e-01
5.005974769592285156e-01
4.888598322868347168e-01
4.871079325675964355e-01
5.125415921211242676e-01
4.891801774501800537e-01
4.838646948337554932e-01
4.846097230911254883e-01
4.950995743274688721e-01
5.122047066688537598e-01
5.101657509803771973e-01
5.045284628868103027e-01
4.883783757686614990e-01
4.840525090694427490e-01
4.798853993415832520e-01
4.724670350551605225e-01
5.149586200714111328e-01
4.827768802642822266e-01
5.051800608634948730e-01
5.022530555725097656e-01
5.051955580711364746e-01
4.887120723724365234e-01
4.853272438049316406e-01
4.688470959663391113e-01
4.834413826465606689e-01
4.849653542041778564e-01
4.787434041500091553e-01
4.850697815418243408e-01
4.852758347988128662e-01
4.928798675537109375e-01
4.912765026092529297e-01
5.270630121231079102e-01
4.917083978652954102e-01
4.872996807098388672e-01
4.872676134109497070e-01
4.934606850147247314e-01
5.169465541839599609e-01
4.849337637424468994e-01
4.882429540157318115e-01
4.867347180843353271e-01
4.873803853988647461e-01
4.855197668075561523e-01
5.120123028755187988e-01
5.108057260513305664e-01
4.991436898708343506e-01
5.123057365417480469e-01
5.122646689414978027e-01
5.081972479820251465e-01
5.073489546775817871e-01
4.786856472492218018e-01
4.852387905120849609e-01
4.962499737739562988e-01
4.849091470241546631e-01
4.841336905956268311e-01
4.876213073730468750e-01
5.105046629905700684e-01
5.123265981674194336e-01
5.135858654975891113e-01
5.123655200004577637e-01
4.842015802860260010e-01
4.794481992721557617e-01
4.879992008209228516e-01
4.820317924022674561e-01
4.859350621700286865e-01
4.808182120323181152e-01
4.888843894004821777e-01
4.780467450618743896e-01
4.795210957527160645e-01
4.857805669307708740e-01
4.944613873958587646e-01
4.840916991233825684e-01
5.074912309646606445e-01
4.842174351215362549e-01
5.029129385948181152e-01
5.036387443542480469e-01
4.811833500862121582e-01
4.832071661949157715e-01
4.847255647182464600e-01
4.827505350112915039e-01
5.130522251129150391e-01
4.960763752460479736e-01
5.006638765335083008e-01
4.859995245933532715e-01
4.852663576602935791e-01
4.872971773147583008e-01
4.868982732295989990e-01
4.860956072807312012e-01
4.930135905742645264e-01
4.881402254104614258e-01
4.847649335861206055e-01
4.850078523159027100e-01
4.841035902500152588e-01
4.792502224445343018e-01
4.861190915107727051e-01
4.814900457859039307e-01
4.853488206863403320e-01
4.866399168968200684e-01
4.848064482212066650e-01
4.919863045215606689e-01
4.868074059486389160e-01
4.792655706405639648e-01
4.853100180625915527e-01
5.060663223266601562e-01
5.086649060249328613e-01
4.834220707416534424e-01
4.808534085750579834e-01
4.883273243904113770e-01
4.872829318046569824e-01
4.843418300151824951e-01
4.865135848522186279e-01
4.875908493995666504e-01
5.180279612541198730e-01
4.796878695487976074e-01
4.863773882389068604e-01
4.850082993507385254e-01
4.919364452362060547e-01
4.851185977458953857e-01
5.155550241470336914e-01
5.095901489257812500e-01
4.957075119018554688e-01
4.790789783000946045e-01
4.876331090927124023e-01
4.867383837699890137e-01
5.087624788284301758e-01
5.139198899269104004e-01
4.997876584529876709e-01
4.841201007366180420e-01
4.888940155506134033e-01
4.953316450119018555e-01
4.859185218811035156e-01
4.867130219936370850e-01
5.059130191802978516e-01
4.854441881179809570e-01
4.923554062843322754e-01
5.053886771202087402e-01
5.140607357025146484e-01
4.851983189582824707e-01
5.152664184570312500e-01
5.145124793052673340e-01
4.852570593357086182e-01
5.129259228706359863e-01
4.833245873451232910e-01
4.836770594120025635e-01
4.837875962257385254e-01
4.846668243408203125e-01
4.847071766853332520e-01
4.853506386280059814e-01
4.839940965175628662e-01
4.833180308341979980e-01
4.872436225414276123e-01
4.729881882667541504e-01
4.841872453689575195e-01
4.848128557205200195e-01
4.839882254600524902e-01
4.824042618274688721e-01
4.863126575946807861e-01
4.867919385433197021e-01
4.834626913070678711e-01
4.860189557075500488e-01
4.818189144134521484e-01
4.810293018817901611e-01
4.844039678573608398e-01
4.817576110363006592e-01
4.855279624462127686e-01
5.085698962211608887e-01
4.802460074424743652e-01
4.859697520732879639e-01
4.832461774349212646e-01
4.890575408935546875e-01
4.634321331977844238e-01
4.856286048889160156e-01
4.869021177291870117e-01
4.867970943450927734e-01
4.850570261478424072e-01
5.085040926933288574e-01
4.829626977443695068e-01
4.617754817008972168e-01
4.859224557876586914e-01
4.874727129936218262e-01
4.854792654514312744e-01
4.811476767063140869e-01
4.858860969543457031e-01
4.842827618122100830e-01
4.844197928905487061e-01
4.763319492340087891e-01
4.841912686824798584e-01
4.827757477760314941e-01
4.515220522880554199e-01
4.990222454071044922e-01
4.872284531593322754e-01
5.308289527893066406e-01
4.863114058971405029e-01
4.834014177322387695e-01
4.831617772579193115e-01
4.898668527603149414e-01
4.849652349948883057e-01
4.863151609897613525e-01
4.868256747722625732e-01
4.861719310283660889e-01
4.871508181095123291e-01
4.851585626602172852e-01
4.918552041053771973e-01
4.852127730846405029e-01
4.850836396217346191e-01
4.850172698497772217e-01
5.005809664726257324e-01
4.829469621181488037e-01
4.943576455116271973e-01
4.808082878589630127e-01
4.872945547103881836e-01
4.828529953956604004e-01
4.818391203880310059e-01
4.750360548496246338e-01
4.712774753570556641e-01
4.846598505973815918e-01
4.878146350383758545e-01
4.835346341133117676e-01
4.748812615871429443e-01
4.778983294963836670e-01
4.890476167201995850e-01
4.829728305339813232e-01
4.831161797046661377e-01
4.785984754562377930e-01
4.859922528266906738e-01
4.846155047416687012e-01
4.771588742733001709e-01
4.835520386695861816e-01
4.847723841667175293e-01
4.795134365558624268e-01
4.830084741115570068e-01
4.812902808189392090e-01
4.822415113449096680e-01
4.863597750663757324e-01
4.848773479461669922e-01
4.748072922229766846e-01
4.874440729618072510e-01
4.918071925640106201e-01
4.790399372577667236e-01
4.961904585361480713e-01
4.863522648811340332e-01
4.830244183540344238e-01
4.844609498977661133e-01
4.797817170619964600e-01
4.856507480144500732e-01
4.990080296993255615e-01
4.775914549827575684e-01
4.811013638973236084e-01
5.075516104698181152e-01
5.101991891860961914e-01
4.992062151432037354e-01
4.867179393768310547e-01
5.126456618309020996e-01
5.003141164779663086e-01
5.020590424537658691e-01
4.884284436702728271e-01
4.846413731575012207e-01
4.831831455230712891e-01
4.783220887184143066e-01
4.777992665767669678e-01
4.794753193855285645e-01
4.849970340728759766e-01
4.861030876636505127e-01
4.911195337772369385e-01
4.867115020751953125e-01
4.907711148262023926e-01
4.848875403404235840e-01
4.843251109123229980e-01
4.847453534603118896e-01
4.781987667083740234e-01
5.077548027038574219e-01
4.829248785972595215e-01
4.835014343261718750e-01
4.862294793128967285e-01
4.779640436172485352e-01
4.806641042232513428e-01
4.848269224166870117e-01
4.880714416503906250e-01
4.876465797424316406e-01
4.749412238597869873e-01
4.920573532581329346e-01
4.837723076343536377e-01
4.840722084045410156e-01
4.849284589290618896e-01
4.674696326255798340e-01
4.856963455677032471e-01
4.841156601905822754e-01
4.832843542098999023e-01
4.788922667503356934e-01
5.213143825531005859e-01
4.929238855838775635e-01
4.850076138973236084e-01
4.845191836357116699e-01
4.844394624233245850e-01
5.055189728736877441e-01
5.219356417655944824e-01
5.405318140983581543e-01
5.127649903297424316e-01
5.119130611419677734e-01
5.175442099571228027e-01
5.148941278457641602e-01
4.938099086284637451e-01
4.838151335716247559e-01
4.851910769939422607e-01
5.003835558891296387e-01
4.807009696960449219e-01
4.824728667736053467e-01
4.956654906272888184e-01
5.005529522895812988e-01
5.126287341117858887e-01
5.103746652603149414e-01
4.783103466033935547e-01
4.995730519294738770e-01
4.841482043266296387e-01
4.927535951137542725e-01
4.796909689903259277e-01
4.777191877365112305e-01
5.119797587394714355e-01
5.018579363822937012e-01
4.784883260726928711e-01
4.828950762748718262e-01
4.831145405769348145e-01
4.831266701221466064e-01
4.852563440799713135e-01
4.582250118255615234e-01
5.027795433998107910e-01
4.852853119373321533e-01
4.826913475990295410e-01
5.105487704277038574e-01
4.992208182811737061e-01
4.833013713359832764e-01
5.163943767547607422e-01
5.043811798095703125e-01
4.974945783615112305e-01
4.851439297199249268e-01
4.847434461116790771e-01
4.883314967155456543e-01
5.179073214530944824e-01
4.877501726150512695e-01
4.884979426860809326e-01
4.872307777404785156e-01
4.882920682430267334e-01
4.854483902454376221e-01
5.150089263916015625e-01
5.127233862876892090e-01
4.706782102584838867e-01
4.870739579200744629e-01
4.846552312374114990e-01
4.862465262413024902e-01
4.869151711463928223e-01
4.969056546688079834e-01
4.980814158916473389e-01
4.831451773643493652e-01
4.863804876804351807e-01
5.037224292755126953e-01
4.864299893379211426e-01
4.954111874103546143e-01
4.862454533576965332e-01
4.975411295890808105e-01
5.096634626388549805e-01
4.856884479522705078e-01
4.910143017768859863e-01
4.845303297042846680e-01
5.152259469032287598e-01
4.850741028785705566e-01
4.922787845134735107e-01
4.899315834045410156e-01
4.873953461647033691e-01
4.812790155410766602e-01
4.852707386016845703e-01
4.836635589599609375e-01
4.842265546321868896e-01
4.826819300651550293e-01
4.916458427906036377e-01
4.911392033100128174e-01
4.788222014904022217e-01
5.069350004196166992e-01
4.880912899971008301e-01
4.946270585060119629e-01
5.018623471260070801e-01
4.859640002250671387e-01
5.009706616401672363e-01
4.573943912982940674e-01
4.914471507072448730e-01
4.753693938255310059e-01
4.937191009521484375e-01
4.803162515163421631e-01
4.765918254852294922e-01
4.678648412227630615e-01
4.829138815402984619e-01
4.868257641792297363e-01
5.098431706428527832e-01
4.948077499866485596e-01
4.765052497386932373e-01
4.918981492519378662e-01
5.006029605865478516e-01
4.850084781646728516e-01
4.800281822681427002e-01
4.835249185562133789e-01
5.003523230552673340e-01
4.814411699771881104e-01
4.845171570777893066e-01
4.751873612403869629e-01
4.823845028877258301e-01
4.806937575340270996e-01
5.061194300651550293e-01
4.941730797290802002e-01
4.942837953567504883e-01
4.901152253150939941e-01
4.714664518833160400e-01
5.124313235282897949e-01
4.885625839233398438e-01
5.077924132347106934e-01
5.122550725936889648e-01
5.125612616539001465e-01
4.933007955551147461e-01
5.137022733688354492e-01
4.851890802383422852e-01
4.839658141136169434e-01
4.850534498691558838e-01
4.849998652935028076e-01
4.845663905143737793e-01
4.699264764785766602e-01
4.851240515708923340e-01
4.833756685256958008e-01
4.850717782974243164e-01
4.826533496379852295e-01
4.842701852321624756e-01
4.837425351142883301e-01
4.835983812808990479e-01
5.145058035850524902e-01
4.847444593906402588e-01
5.155974626541137695e-01
4.926970899105072021e-01
4.870267808437347412e-01
4.985626637935638428e-01
5.037770867347717285e-01
4.792630672454833984e-01
4.930054247379302979e-01
5.065429210662841797e-01
4.897463023662567139e-01
5.045202374458312988e-01
4.844191372394561768e-01
4.826021194458007812e-01
5.127236247062683105e-01
4.854874014854431152e-01
4.844269156455993652e-01
4.843544960021972656e-01
4.817458391189575195e-01
4.742431044578552246e-01
4.810179471969604492e-01
4.762046933174133301e-01
4.876184761524200439e-01
4.851289987564086914e-01
4.791744351387023926e-01
4.841874837875366211e-01
4.864610135555267334e-01
4.902489781379699707e-01
4.854924082756042480e-01
4.838973879814147949e-01
4.815640449523925781e-01
5.000825524330139160e-01
5.106207132339477539e-01
4.817850589752197266e-01
4.892702996730804443e-01
4.873338341712951660e-01
4.877463281154632568e-01
4.863886535167694092e-01
4.876729846000671387e-01
4.989871978759765625e-01
4.824075102806091309e-01
4.982087910175323486e-01
5.098040103912353516e-01
4.920377731323242188e-01
4.959087967872619629e-01
4.796874821186065674e-01
4.850189089775085449e-01
4.824240803718566895e-01
4.837845563888549805e-01
4.892082214355468750e-01
4.877611994743347168e-01
4.875408113002777100e-01
4.860060811042785645e-01
4.854757487773895264e-01
5.035318732261657715e-01
4.846038520336151123e-01
4.861442148685455322e-01
4.673571586608886719e-01
4.797264039516448975e-01
4.875531792640686035e-01
4.860789477825164795e-01
4.855653643608093262e-01
4.876514673233032227e-01
4.837585687637329102e-01
4.809799790382385254e-01
4.948155283927917480e-01
4.864171147346496582e-01
4.872437715530395508e-01
4.852235019207000732e-01
4.876132011413574219e-01
4.851664900779724121e-01
4.842573404312133789e-01
5.433076024055480957e-01
4.866611361503601074e-01
4.874808192253112793e-01
4.855697751045227051e-01
4.878151416778564453e-01
4.771887660026550293e-01
4.863812625408172607e-01
4.922671318054199219e-01
4.868199229240417480e-01
4.869613647460937500e-01
4.809157848358154297e-01
4.839929342269897461e-01
4.855074584484100342e-01
4.732323288917541504e-01
5.063061714172363281e-01
5.096523761749267578e-01
4.878176152706146240e-01
5.125840902328491211e-01
4.920098781585693359e-01
4.857337176799774170e-01
4.859856367111206055e-01
5.000409483909606934e-01
4.850497543811798096e-01
4.805963635444641113e-01
4.869270622730255127e-01
4.873494207859039307e-01
4.859438836574554443e-01
4.856601953506469727e-01
4.851077198982238770e-01
4.850791394710540771e-01
4.861042797565460205e-01
4.850727617740631104e-01
4.845503270626068115e-01
4.873357415199279785e-01
4.852741360664367676e-01
4.852843582630157471e-01
4.851131737232208252e-01
4.869365394115447998e-01
4.861845970153808594e-01
4.870525896549224854e-01
5.164934396743774414e-01
4.839818477630615234e-01
4.882709085941314697e-01
4.852115809917449951e-01
4.826373457908630371e-01
4.828247725963592529e-01
5.141790509223937988e-01
5.062212944030761719e-01
4.991871416568756104e-01
5.132970809936523438e-01
4.866957068443298340e-01
4.819518923759460449e-01
4.798404574394226074e-01
4.860553443431854248e-01
4.852622747421264648e-01
4.816651642322540283e-01
4.833028614521026611e-01
4.868400096893310547e-01
4.973187446594238281e-01
4.974499642848968506e-01
4.835897088050842285e-01
4.940739572048187256e-01
4.894277751445770264e-01
4.865581989288330078e-01
4.855209887027740479e-01
4.874161481857299805e-01
4.874410033226013184e-01
5.132118463516235352e-01
4.865972697734832764e-01
4.832957088947296143e-01
5.024681091308593750e-01
4.865149557590484619e-01
4.865212440490722656e-01
4.856665730476379395e-01
4.806075096130371094e-01
4.808663129806518555e-01
4.865843057632446289e-01
4.796878695487976074e-01
4.841305613517761230e-01
4.866397082805633545e-01
4.601437747478485107e-01
4.917977452278137207e-01
4.872322976589202881e-01
4.849507212638854980e-01
4.977592527866363525e-01
4.823844730854034424e-01
4.855666160583496094e-01
4.852539002895355225e-01
4.879947304725646973e-01
4.828659594058990479e-01
4.820822179317474365e-01
4.850028753280639648e-01
4.611270427703857422e-01
5.046069025993347168e-01
4.850153923034667969e-01
5.037981867790222168e-01
4.866142570972442627e-01
4.867167770862579346e-01
4.983397424221038818e-01
4.876459836959838867e-01
5.017210841178894043e-01
4.853350818157196045e-01
4.833345413208007812e-01
4.882495701313018799e-01
4.926010072231292725e-01
4.906121492385864258e-01
5.100437402725219727e-01
5.131283998489379883e-01
4.850912094116210938e-01
4.853487312793731689e-01
4.967648386955261230e-01
4.848445057868957520e-01
4.862730503082275391e-01
4.854934215545654297e-01
4.895072877407073975e-01
4.873612523078918457e-01
4.877618253231048584e-01
4.874700307846069336e-01
4.869909882545471191e-01
4.833850562572479248e-01
4.831413626670837402e-01
4.827725291252136230e-01
4.859590530395507812e-01
4.867475926876068115e-01
5.145739316940307617e-01
4.845971167087554932e-01
4.808492958545684814e-01
4.864288866519927979e-01
4.843684732913970947e-01
4.778141081333160400e-01
5.028371810913085938e-01
4.813411533832550049e-01
4.834154546260833740e-01
4.859398901462554932e-01
4.870216250419616699e-01
4.857238233089447021e-01
4.856439530849456787e-01
4.843753874301910400e-01
4.984470605850219727e-01
5.002790093421936035e-01
5.131732225418090820e-01
4.871868193149566650e-01
4.759025573730468750e-01
4.983759224414825439e-01
4.862434267997741699e-01
5.150114297866821289e-01
4.874907732009887695e-01
4.942003488540649414e-01
4.849897027015686035e-01
4.941651225090026855e-01
4.842429459095001221e-01
5.093169212341308594e-01
5.003977417945861816e-01
4.839340150356292725e-01
4.832402169704437256e-01
4.782688319683074951e-01
4.764852523803710938e-01
4.884563088417053223e-01
4.841459095478057861e-01
4.834400117397308350e-01
4.859358966350555420e-01
4.848806858062744141e-01
4.589070379734039307e-01
4.806739687919616699e-01
4.866376221179962158e-01
4.864977598190307617e-01
4.820028543472290039e-01
4.989527761936187744e-01
4.946495592594146729e-01
4.850045442581176758e-01
5.126983523368835449e-01
4.853079020977020264e-01
4.874855577945709229e-01
4.851498305797576904e-01
4.853982329368591309e-01
4.857679903507232666e-01
4.924721717834472656e-01
4.861728250980377197e-01
4.860900938510894775e-01
4.950086474418640137e-01
4.870751202106475830e-01
5.009286999702453613e-01
5.114234089851379395e-01
5.165511965751647949e-01
4.861936569213867188e-01
4.856159090995788574e-01
4.962005317211151123e-01
4.953693449497222900e-01
4.899981319904327393e-01
4.839198291301727295e-01
4.853909015655517578e-01
4.867118895053863525e-01
4.753061532974243164e-01
4.867095351219177246e-01
4.919908642768859863e-01
4.907802343368530273e-01
4.845359623432159424e-01
4.848932623863220215e-01
4.863601028919219971e-01
4.856601059436798096e-01
4.867945611476898193e-01
4.840748012065887451e-01
4.796337783336639404e-01
4.814922511577606201e-01
4.770292639732360840e-01
5.077444911003112793e-01
4.852485060691833496e-01
4.909183084964752197e-01
4.872914552688598633e-01
4.915788769721984863e-01
4.858878850936889648e-01
4.851038455963134766e-01
4.889461994171142578e-01
4.852306544780731201e-01
4.903969466686248779e-01
4.849628806114196777e-01
5.086666345596313477e-01
5.023087859153747559e-01
5.246774554252624512e-01
5.147279500961303711e-01
5.141711235046386719e-01
4.867761731147766113e-01
4.862967729568481445e-01
5.108103156089782715e-01
5.152686238288879395e-01
4.844243824481964111e-01
4.933477640151977539e-01
5.129964351654052734e-01
4.933564364910125732e-01
4.922211468219757080e-01
5.118426680564880371e-01
5.051830410957336426e-01
4.825237989425659180e-01
5.108449459075927734e-01
4.975620806217193604e-01
4.839473068714141846e-01
4.884246885776519775e-01
4.848949611186981201e-01
4.852254986763000488e-01
4.849313497543334961e-01
4.852149784564971924e-01
4.922520518302917480e-01
4.872068166732788086e-01
4.816662073135375977e-01
4.987814128398895264e-01
4.753492474555969238e-01
4.644200205802917480e-01
4.790931642055511475e-01
4.889294505119323730e-01
4.877238273620605469e-01
5.115671157836914062e-01
4.908717870712280273e-01
4.875771999359130859e-01
4.826478362083435059e-01
4.825193285942077637e-01
4.800898432731628418e-01
5.123782753944396973e-01
5.019212961196899414e-01
4.847190380096435547e-01
5.097070336341857910e-01
4.842106401920318604e-01
4.871653616428375244e-01
4.901303648948669434e-01
4.794170558452606201e-01
4.918914437294006348e-01
5.111823081970214844e-01
4.836951196193695068e-01
4.845667183399200439e-01
4.833438694477081299e-01
4.835397899150848389e-01
4.851137697696685791e-01
4.969589710235595703e-01
4.772929251194000244e-01
4.812528491020202637e-01
4.869080781936645508e-01
4.737659394741058350e-01
4.844229817390441895e-01
4.856674373149871826e-01
4.778962135314941406e-01
4.835057556629180908e-01
4.803327023983001709e-01
4.866424798965454102e-01
4.752600193023681641e-01
4.883764982223510742e-01
4.839076995849609375e-01
5.133736133575439453e-01
4.856915175914764404e-01
4.869126975536346436e-01
5.103872418403625488e-01
4.950510561466217041e-01
4.828366041183471680e-01
4.854786396026611328e-01
5.122990012168884277e-01
4.851774275302886963e-01
4.866279661655426025e-01
5.123454332351684570e-01
4.974342882633209229e-01
5.087220072746276855e-01
4.830429852008819580e-01
4.862385094165802002e-01
4.946323633193969727e-01
4.894334971904754639e-01
4.799751043319702148e-01
5.009472370147705078e-01
5.141363739967346191e-01
4.706683456897735596e-01
4.848987162113189697e-01
4.843853414058685303e-01
4.871990978717803955e-01
4.850358366966247559e-01
4.849999547004699707e-01
4.725764095783233643e-01
4.829605221748352051e-01
4.875957071781158447e-01
4.869165718555450439e-01
4.861630499362945557e-01
4.851095080375671387e-01
4.830434620380401611e-01
4.797444045543670654e-01
4.831138253211975098e-01
4.811611771583557129e-01
4.861696660518646240e-01
5.121470689773559570e-01
4.909018278121948242e-01
4.871574640274047852e-01
4.790281355381011963e-01
4.875544011592864990e-01
4.902485311031341553e-01
4.839578270912170410e-01
4.900304973125457764e-01
4.831001162528991699e-01
4.839864075183868408e-01
4.865917265415191650e-01
4.866792261600494385e-01
4.887402057647705078e-01
4.871253967285156250e-01
4.879359602928161621e-01
4.804271459579467773e-01
4.778668284416198730e-01
4.552937150001525879e-01
4.789780378341674805e-01
4.767298400402069092e-01
5.042881369590759277e-01
5.099002718925476074e-01
4.878631830215454102e-01
4.965244531631469727e-01
4.711927771568298340e-01
5.090358257293701172e-01
4.894579648971557617e-01
4.893203973770141602e-01
4.666720926761627197e-01
4.865616858005523682e-01
4.820908308029174805e-01
4.916633665561676025e-01
4.736129045486450195e-01
4.770142436027526855e-01
4.864404797554016113e-01
4.900815486907958984e-01
4.813635051250457764e-01
4.904232919216156006e-01
4.833145439624786377e-01
4.691679477691650391e-01
4.757748246192932129e-01
4.854323565959930420e-01
4.818570017814636230e-01
4.883725643157958984e-01
4.876700639724731445e-01
4.815663397312164307e-01
4.907748699188232422e-01
4.857904016971588135e-01
4.847204983234405518e-01
4.882597029209136963e-01
4.880356192588806152e-01
4.840508997440338135e-01
4.873920083045959473e-01
4.832102954387664795e-01
4.878801405429840088e-01
4.854777157306671143e-01
4.858742952346801758e-01
4.844005703926086426e-01
4.848101735115051270e-01
5.049794316291809082e-01
4.851150810718536377e-01
4.843520224094390869e-01
4.802728891372680664e-01
4.869465529918670654e-01
4.795961678028106689e-01
4.800027012825012207e-01
4.844619631767272949e-01
4.871178865432739258e-01
4.794753193855285645e-01
4.878048896789550781e-01
4.950791001319885254e-01
5.127220749855041504e-01
5.016906261444091797e-01
4.848626852035522461e-01
4.865117669105529785e-01
4.860273301601409912e-01
4.887419342994689941e-01
4.848750233650207520e-01
4.820514619350433350e-01
4.822853803634643555e-01
4.836537837982177734e-01
4.849625527858734131e-01
4.858380556106567383e-01
5.132700204849243164e-01
4.899013042449951172e-01
4.835405945777893066e-01
4.777047932147979736e-01
4.790617823600769043e-01
4.850079417228698730e-01
4.845254421234130859e-01
4.833030700683593750e-01
4.821996092796325684e-01
4.844695627689361572e-01
4.793324470520019531e-01
4.782987534999847412e-01
4.880849123001098633e-01
4.857880175113677979e-01
5.151869654655456543e-01
4.849865436553955078e-01
4.809744954109191895e-01
4.816871881484985352e-01
5.082437396049499512e-01
5.132865309715270996e-01
4.844670295715332031e-01
4.844399988651275635e-01
4.852802455425262451e-01
4.950122237205505371e-01
4.816994369029998779e-01
4.782630205154418945e-01
5.139312744140625000e-01
4.837520718574523926e-01
4.858919680118560791e-01
5.123109221458435059e-01
4.802852869033813477e-01
4.824160635471343994e-01
4.949283599853515625e-01
4.835827648639678955e-01
4.907368421554565430e-01
5.028287172317504883e-01
4.805551767349243164e-01
4.873017668724060059e-01
5.079340934753417969e-01
5.215952396392822266e-01
4.849562644958496094e-01
4.894157052040100098e-01
5.100473761558532715e-01
5.111557245254516602e-01
4.794463217258453369e-01
5.133401751518249512e-01
5.032247304916381836e-01
4.804856479167938232e-01
4.976294636726379395e-01
4.844449162483215332e-01
4.799705147743225098e-01
4.854539334774017334e-01
4.832951426506042480e-01
4.833810031414031982e-01
4.834789037704467773e-01
4.839286804199218750e-01
4.848475754261016846e-01
4.849848449230194092e-01
4.872775077819824219e-01
5.089152455329895020e-01
4.819733500480651855e-01
4.850226044654846191e-01
4.800751805305480957e-01
5.110170841217041016e-01
5.148265361785888672e-01
4.909153878688812256e-01
4.831508398056030273e-01
5.095216631889343262e-01
4.820894896984100342e-01
4.842697381973266602e-01
4.895620942115783691e-01
4.840986430644989014e-01
4.835840761661529541e-01
4.819790124893188477e-01
4.775025546550750732e-01
4.858261644840240479e-01
4.859679341316223145e-01
4.809132218360900879e-01
4.843484759330749512e-01
4.825854897499084473e-01
4.810014367103576660e-01
4.762885272502899170e-01
4.749777019023895264e-01
4.847513139247894287e-01
5.025733113288879395e-01
4.831975102424621582e-01
4.822624325752258301e-01
4.911203086376190186e-01
4.836797416210174561e-01
4.843690395355224609e-01
4.867717325687408447e-01
4.765108227729797363e-01
4.851788580417633057e-01
4.858343601226806641e-01
4.862534403800964355e-01
4.828342795372009277e-01
4.936522245407104492e-01
4.878212511539459229e-01
4.911563098430633545e-01
4.794885218143463135e-01
4.834016859531402588e-01
4.845556318759918213e-01
4.832363724708557129e-01
4.750800430774688721e-01
4.953596591949462891e-01
4.849446415901184082e-01
4.857804477214813232e-01
4.921162724494934082e-01
4.820435941219329834e-01
4.875752925872802734e-01
4.763548374176025391e-01
4.728226661682128906e-01
5.067299604415893555e-01
5.105503797531127930e-01
5.135584473609924316e-01
4.945748150348663330e-01
5.055178403854370117e-01
5.037707090377807617e-01
4.833078980445861816e-01
4.807593524456024170e-01
4.870301783084869385e-01
4.853659272193908691e-01
4.865297675132751465e-01
4.918858408927917480e-01
4.756975173950195312e-01
4.847498536109924316e-01
4.866894483566284180e-01
4.871371090412139893e-01
4.870919585227966309e-01
5.149759054183959961e-01
4.863015115261077881e-01
4.946614205837249756e-01
5.126245617866516113e-01
5.063914060592651367e-01
4.844526648521423340e-01
4.908046126365661621e-01
4.834880232810974121e-01
5.058262348175048828e-01
4.851713478565216064e-01
4.893117547035217285e-01
5.053462982177734375e-01
4.851886928081512451e-01
4.865942895412445068e-01
4.840108752250671387e-01
4.851653873920440674e-01
4.850126504898071289e-01
4.804338812828063965e-01
4.837901890277862549e-01
4.874503016471862793e-01
4.829382002353668213e-01
4.814062416553497314e-01
4.865722358226776123e-01
4.871706962585449219e-01
4.845595657825469971e-01
4.836653769016265869e-01
4.826785326004028320e-01
4.802565276622772217e-01
4.782654345035552979e-01
4.783272445201873779e-01
4.843900799751281738e-01
4.790273308753967285e-01
4.848366379737854004e-01
4.827522039413452148e-01
4.849356710910797119e-01
4.812783300876617432e-01
4.988462328910827637e-01
4.885313510894775391e-01
4.842347204685211182e-01
4.848280251026153564e-01
4.888448119163513184e-01
4.925648272037506104e-01
5.046552419662475586e-01
4.859272837638854980e-01
4.850023686885833740e-01
4.849716424942016602e-01
4.820028543472290039e-01
4.800509810447692871e-01
5.035054087638854980e-01
5.124331712722778320e-01
4.841282367706298828e-01
4.803507328033447266e-01
4.857518076896667480e-01
4.648114442825317383e-01
4.851652383804321289e-01
4.882125556468963623e-01
4.861599802970886230e-01
4.661868810653686523e-01
4.915158450603485107e-01
4.846881926059722900e-01
4.865621030330657959e-01
4.908699989318847656e-01
5.048124790191650391e-01
4.937109351158142090e-01
4.982192218303680420e-01
4.847369790077209473e-01
5.155081748962402344e-01
5.142006278038024902e-01
5.106726884841918945e-01
4.972171783447265625e-01
4.964190721511840820e-01
5.138523578643798828e-01
4.867350459098815918e-01
4.844968020915985107e-01
5.123228430747985840e-01
5.112814307212829590e-01
4.977140128612518311e-01
5.117412209510803223e-01
4.878524541854858398e-01
4.867575168609619141e-01
4.871164560317993164e-01
4.945752620697021484e-01
4.982084631919860840e-01
4.904206395149230957e-01
5.076351165771484375e-01
4.838649332523345947e-01
5.063890814781188965e-01
5.077621936798095703e-01
4.852420687675476074e-01
4.937007427215576172e-01
4.854338467121124268e-01
4.867271780967712402e-01
4.885877966880798340e-01
4.862163960933685303e-01
4.871008694171905518e-01
4.861545860767364502e-01
4.866881966590881348e-01
4.870296418666839600e-01
4.875425398349761963e-01
5.135283470153808594e-01
4.798184335231781006e-01
4.832962751388549805e-01
4.854900240898132324e-01
4.875968098640441895e-01
5.076421499252319336e-01
4.852272570133209229e-01
4.915746450424194336e-01
4.801048040390014648e-01
4.801218807697296143e-01
4.849381148815155029e-01
4.825375378131866455e-01
4.852222502231597900e-01
4.862213730812072754e-01
4.862830638885498047e-01
4.827124178409576416e-01
4.864424765110015869e-01
4.806171059608459473e-01
4.798599481582641602e-01
4.835565984249114990e-01
5.076130032539367676e-01
4.821178615093231201e-01
4.831673502922058105e-01
4.859631955623626709e-01
4.882645308971405029e-01
4.966603219509124756e-01
4.824394881725311279e-01
4.813336133956909180e-01
4.854300916194915771e-01
4.845257997512817383e-01
4.867004752159118652e-01
4.891245067119598389e-01
4.854923784732818604e-01
5.060147047042846680e-01
4.984351694583892822e-01
5.124509930610656738e-01
4.835692942142486572e-01
5.103424191474914551e-01
4.797776639461517334e-01
4.875553548336029053e-01
4.829821586608886719e-01
4.995590150356292725e-01
4.843636155128479004e-01
4.852593541145324707e-01
4.666645526885986328e-01
4.842097163200378418e-01
4.870387613773345947e-01
4.866274297237396240e-01
4.829649627208709717e-01
4.736044704914093018e-01
4.842910468578338623e-01
4.834605753421783447e-01
4.843451082706451416e-01
4.852254390716552734e-01
4.825024902820587158e-01
4.815587103366851807e-01
5.107911825180053711e-01
4.825214147567749023e-01
4.843857884407043457e-01
5.163706541061401367e-01
4.724350869655609131e-01
4.982945919036865234e-01
4.985584318637847900e-01
5.152865052223205566e-01
4.837946593761444092e-01
4.826056361198425293e-01
5.109835267066955566e-01
4.954878091812133789e-01
4.868155121803283691e-01
4.854134321212768555e-01
4.866727888584136963e-01
4.863809943199157715e-01
4.933415055274963379e-01
5.132704973220825195e-01
4.809918403625488281e-01
4.812074601650238037e-01
4.838638007640838623e-01
5.053169131278991699e-01
4.730741679668426514e-01
4.795759320259094238e-01
4.864684641361236572e-01
5.134173035621643066e-01
4.841347038745880127e-01
4.857285022735595703e-01
4.857746958732604980e-01
5.135113000869750977e-01
4.852371215820312500e-01
4.993155002593994141e-01
5.118085741996765137e-01
4.923822283744812012e-01
4.876142740249633789e-01
4.871263206005096436e-01
4.971466362476348877e-01
4.929028749465942383e-01
5.141903758049011230e-01
4.883140027523040771e-01
4.797753095626831055e-01
4.918408095836639404e-01
4.867188632488250732e-01
5.429552793502807617e-01
5.048795342445373535e-01
4.918997287750244141e-01
4.838736355304718018e-01
4.827021658420562744e-01
4.833459258079528809e-01
4.980098903179168701e-01
4.837587475776672363e-01
5.066825151443481445e-01
5.142520070075988770e-01
4.736604094505310059e-01
5.060153007507324219e-01
4.841643273830413818e-01
4.854559898376464844e-01
4.813726544380187988e-01
4.927933812141418457e-01
4.857236444950103760e-01
4.639223217964172363e-01
4.621781408786773682e-01
4.759837687015533447e-01
4.602942168712615967e-01
4.766337275505065918e-01
4.877275824546813965e-01
4.849542379379272461e-01
4.778829813003540039e-01
5.119172930717468262e-01
4.860731661319732666e-01
4.809513688087463379e-01
4.881095886230468750e-01
4.908659160137176514e-01
4.871762394905090332e-01
4.859804213047027588e-01
4.731615185737609863e-01
4.899621605873107910e-01
4.658880233764648438e-01
4.850174188613891602e-01
4.872975349426269531e-01
4.852491319179534912e-01
4.880784451961517334e-01
4.668339788913726807e-01
4.888029098510742188e-01
4.812965393066406250e-01
4.871489405632019043e-01
4.891532361507415771e-01
4.870521128177642822e-01
4.860413670539855957e-01
4.876885116100311279e-01
4.836571812629699707e-01
4.877096116542816162e-01
5.112293958663940430e-01
4.916430115699768066e-01
4.790430366992950439e-01
4.867321550846099854e-01
5.034729242324829102e-01
4.851082563400268555e-01
4.848929643630981445e-01
4.979900717735290527e-01
4.861881136894226074e-01
4.839395582675933838e-01
4.847923815250396729e-01
4.880491495132446289e-01
4.844020605087280273e-01
4.826476871967315674e-01
4.836361408233642578e-01
4.757091403007507324e-01
5.046483278274536133e-01
4.852915406227111816e-01
4.869818687438964844e-01
4.753343462944030762e-01
4.761776328086853027e-01
4.854120612144470215e-01
4.957756102085113525e-01
5.039570331573486328e-01
4.757323563098907471e-01
4.896928071975708008e-01
4.854047000408172607e-01
4.853389561176300049e-01
4.907068908214569092e-01
4.890354871749877930e-01
4.834839701652526855e-01
4.917931258678436279e-01
4.846824705600738525e-01
5.140532255172729492e-01
4.866472482681274414e-01
4.858417212963104248e-01
4.855660796165466309e-01
4.849904775619506836e-01
4.983751475811004639e-01
4.966472089290618896e-01
4.823815524578094482e-01
4.852668046951293945e-01
4.844383299350738525e-01
4.874061644077301025e-01
5.136861801147460938e-01
4.841627478599548340e-01
4.835407435894012451e-01
5.124685764312744141e-01
4.739851057529449463e-01
4.818542301654815674e-01
4.829788208007812500e-01
4.847068190574645996e-01
4.848361909389495850e-01
4.849306643009185791e-01
4.861293435096740723e-01
4.851600229740142822e-01
4.835003614425659180e-01
4.824639558792114258e-01
4.841472804546356201e-01
4.843103885650634766e-01
4.989432096481323242e-01
4.903470277786254883e-01
4.852557182312011719e-01
5.135930776596069336e-01
4.945614635944366455e-01
4.824090600013732910e-01
5.042997598648071289e-01
4.840334057807922363e-01
4.696304798126220703e-01
4.883493781089782715e-01
4.822309911251068115e-01
4.840444624423980713e-01
4.875508844852447510e-01
4.889102280139923096e-01
4.872243404388427734e-01
4.836580455303192139e-01
5.110020041465759277e-01
4.836184978485107422e-01
4.803979992866516113e-01
4.996886551380157471e-01
5.114379525184631348e-01
5.004832148551940918e-01
4.853317141532897949e-01
4.841703176498413086e-01
4.852022528648376465e-01
4.866456985473632812e-01
4.849437177181243896e-01
4.809216558933258057e-01
4.761134982109069824e-01
4.678487181663513184e-01
5.037673115730285645e-01
5.007303357124328613e-01
4.852930605411529541e-01
5.076678395271301270e-01
5.050033926963806152e-01
4.720650315284729004e-01
4.833250045776367188e-01
4.864760637283325195e-01
4.846139550209045410e-01
4.867875277996063232e-01
4.843200743198394775e-01
4.943910837173461914e-01
4.973953962326049805e-01
5.121365189552307129e-01
4.894153177738189697e-01
5.183913111686706543e-01
5.118518471717834473e-01
4.651210606098175049e-01
4.849554300308227539e-01
5.007537603378295898e-01
4.834349155426025391e-01
4.873630702495574951e-01
5.118582844734191895e-01
5.020714998245239258e-01
5.117339491844177246e-01
4.846880435943603516e-01
4.835175275802612305e-01
4.827886521816253662e-01
4.959880709648132324e-01
4.848360717296600342e-01
5.021219849586486816e-01
4.850942790508270264e-01
4.853916466236114502e-01
4.835585057735443115e-01
4.775913953781127930e-01
4.932178854942321777e-01
4.810026586055755615e-01
4.860040247440338135e-01
4.759894609451293945e-01
4.805781543254852295e-01
5.115662813186645508e-01
4.814461171627044678e-01
4.882954359054565430e-01
4.881020188331604004e-01
5.066015124320983887e-01
4.840106368064880371e-01
4.968319535255432129e-01
4.918530583381652832e-01
4.704002141952514648e-01
4.852089881896972656e-01
4.876510500907897949e-01
4.850561022758483887e-01
4.826062023639678955e-01
4.920757114887237549e-01
4.811550080776214600e-01
4.889335334300994873e-01
4.847483634948730469e-01
4.799293875694274902e-01
4.824623167514801025e-01
5.096951723098754883e-01
4.594505131244659424e-01
4.896031320095062256e-01
4.877392053604125977e-01
4.822208583354949951e-01
5.121573209762573242e-01
5.005612969398498535e-01
4.829515814781188965e-01
5.057296156883239746e-01
5.137211084365844727e-01
5.083659291267395020e-01
5.044832825660705566e-01
5.071552991867065430e-01
5.134527087211608887e-01
5.078002214431762695e-01
4.861646592617034912e-01
4.816592633724212646e-01
5.133674740791320801e-01
4.761479794979095459e-01
4.784384667873382568e-01
5.107185244560241699e-01
4.985259175300598145e-01
5.122315287590026855e-01
5.254096984863281250e-01
5.013493895530700684e-01
5.196325778961181641e-01
4.715786278247833252e-01
4.874502718448638916e-01
5.284327268600463867e-01
4.887124300003051758e-01
4.858805835247039795e-01
5.113860368728637695e-01
5.089785456657409668e-01
5.013690590858459473e-01
4.878201186656951904e-01
4.865737557411193848e-01
4.912774860858917236e-01
4.872535169124603271e-01
4.903434514999389648e-01
5.076450705528259277e-01
5.126191973686218262e-01
4.873341023921966553e-01
5.097308158874511719e-01
5.084304213523864746e-01
4.845031201839447021e-01
5.029022097587585449e-01
4.931715130805969238e-01
4.932682216167449951e-01
4.933291673660278320e-01
4.863177239894866943e-01
4.874130487442016602e-01
4.845057725906372070e-01
4.843450188636779785e-01
4.854699969291687012e-01
4.876679778099060059e-01
4.862902462482452393e-01
4.863883554935455322e-01
4.864873886108398438e-01
4.907483458518981934e-01
5.135126113891601562e-01
4.700196981430053711e-01
4.878675043582916260e-01
4.868108332157135010e-01
5.144594311714172363e-01
4.856044054031372070e-01
4.867177009582519531e-01
4.852331578731536865e-01
4.869117736816406250e-01
4.874814748764038086e-01
4.826064407825469971e-01
5.096001625061035156e-01
5.096653103828430176e-01
4.860454797744750977e-01
4.857318401336669922e-01
4.859124124050140381e-01
4.962288439273834229e-01
4.873236715793609619e-01
5.140756964683532715e-01
5.130874514579772949e-01
5.139737725257873535e-01
4.995818734169006348e-01
4.905481934547424316e-01
4.914039075374603271e-01
5.145914554595947266e-01
4.864578843116760254e-01
4.920800030231475830e-01
5.142213106155395508e-01
5.085503458976745605e-01
5.480161905288696289e-01
5.142042636871337891e-01
4.861612617969512939e-01
4.874130785465240479e-01
5.202867984771728516e-01
5.099136233329772949e-01
4.854885935783386230e-01
5.086153745651245117e-01
4.870764017105102539e-01
4.865000247955322266e-01
4.890984594821929932e-01
4.957804679870605469e-01
4.854847788810729980e-01
4.861619472503662109e-01
4.859827756881713867e-01
4.877190589904785156e-01
4.864873886108398438e-01
4.911557734012603760e-01
4.863742887973785400e-01
5.024498105049133301e-01
4.975875616073608398e-01
4.906471967697143555e-01
4.848296344280242920e-01
5.147060751914978027e-01
4.902703166007995605e-01
4.862366914749145508e-01
4.923696815967559814e-01
5.034040808677673340e-01
4.848618507385253906e-01
5.146428942680358887e-01
4.696180522441864014e-01
4.890624582767486572e-01
5.107463598251342773e-01
4.828098416328430176e-01
4.831543564796447754e-01
4.857304394245147705e-01
4.853134155273437500e-01
4.839832186698913574e-01
4.842433035373687744e-01
4.835423231124877930e-01
5.012555718421936035e-01
4.959113895893096924e-01
4.830146431922912598e-01
5.209562778472900391e-01
4.724516570568084717e-01
4.871893227100372314e-01
4.985763132572174072e-01
4.962195754051208496e-01
4.900051951408386230e-01
4.873835444450378418e-01
4.844083487987518311e-01
4.804288744926452637e-01
4.860318005084991455e-01
4.857788085937500000e-01
4.856545925140380859e-01
4.858419001102447510e-01
4.813311398029327393e-01
4.804233610630035400e-01
5.062184333801269531e-01
4.839197695255279541e-01
4.813578724861145020e-01
5.062733292579650879e-01
4.724284112453460693e-01
4.846476316452026367e-01
5.125824213027954102e-01
5.071706771850585938e-01
4.805673956871032715e-01
4.998150467872619629e-01
5.135418176651000977e-01
5.068011879920959473e-01
4.820362329483032227e-01
4.722735583782196045e-01
4.811460077762603760e-01
4.817253053188323975e-01
4.835345149040222168e-01
4.839920997619628906e-01
4.817115366458892822e-01
4.798696935176849365e-01
4.843328297138214111e-01
4.833024442195892334e-01
4.841248989105224609e-01
4.810622036457061768e-01
4.809891879558563232e-01
4.860918223857879639e-01
4.801154136657714844e-01
4.890441596508026123e-01
4.871862530708312988e-01
4.918379783630371094e-01
4.891329109668731689e-01
4.861911237239837646e-01
4.806242883205413818e-01
4.852014780044555664e-01
5.127267241477966309e-01
4.800991415977478027e-01
4.932263195514678955e-01
4.863470792770385742e-01
4.853200912475585938e-01
4.808718860149383545e-01
4.822468757629394531e-01
4.867889285087585449e-01
4.817331731319427490e-01
4.796918928623199463e-01
4.913527667522430420e-01
4.878866374492645264e-01
4.789046347141265869e-01
4.833503365516662598e-01
5.147927403450012207e-01
4.945721924304962158e-01
4.835401475429534912e-01
4.827076494693756104e-01
4.807453751564025879e-01
4.868391752243041992e-01
4.877450168132781982e-01
5.012150406837463379e-01
4.844804406166076660e-01
4.866547584533691406e-01
4.862655103206634521e-01
4.860711693763732910e-01
5.151892304420471191e-01
4.861617088317871094e-01
4.867324233055114746e-01
5.067702531814575195e-01
5.108841061592102051e-01
5.084870457649230957e-01
4.858478009700775146e-01
4.917014539241790771e-01
5.101519823074340820e-01
4.968266189098358154e-01
4.984250962734222412e-01
5.021200180053710938e-01
4.988983571529388428e-01
4.973221123218536377e-01
4.926373958587646484e-01
5.098099708557128906e-01
5.017635226249694824e-01
4.854733943939208984e-01
4.847058057785034180e-01
4.796725511550903320e-01
4.824844896793365479e-01
5.079788565635681152e-01
5.113838911056518555e-01
4.850393831729888916e-01
4.862253665924072266e-01
4.855649769306182861e-01
4.834911227226257324e-01
4.830464422702789307e-01
5.102942585945129395e-01
5.105045437812805176e-01
4.880468249320983887e-01
4.879937767982482910e-01
4.864975214004516602e-01
4.985376000404357910e-01
4.825600385665893555e-01
4.839594364166259766e-01
5.094606876373291016e-01
5.061154961585998535e-01
5.117402076721191406e-01
4.830560982227325439e-01
4.838346540927886963e-01
4.824323952198028564e-01
4.868020713329315186e-01
4.844053983688354492e-01
4.834670126438140869e-01
4.848903715610504150e-01
4.830280244350433350e-01
4.828773140907287598e-01
4.834620058536529541e-01
4.837443232536315918e-01
4.835434556007385254e-01
4.834991991519927979e-01
4.810962080955505371e-01
4.797767698764801025e-01
4.805531203746795654e-01
4.813447892665863037e-01
5.021894574165344238e-01
4.865725636482238770e-01
4.875649213790893555e-01
4.800729751586914062e-01
4.838831126689910889e-01
4.802191853523254395e-01
4.738681018352508545e-01
4.804561436176300049e-01
4.875151515007019043e-01
4.904508888721466064e-01
4.812334775924682617e-01
4.890552163124084473e-01
4.852584600448608398e-01
4.860669076442718506e-01
4.883350431919097900e-01
4.803998172283172607e-01
4.771270751953125000e-01
4.844175875186920166e-01
4.892071187496185303e-01
4.835274815559387207e-01
4.888466000556945801e-01
4.841130971908569336e-01
4.740837216377258301e-01
4.877057671546936035e-01
4.924151599407196045e-01
4.874677360057830811e-01
4.910465776920318604e-01
4.793732464313507080e-01
4.846180081367492676e-01
4.883236885070800781e-01
4.846146404743194580e-01
4.864474534988403320e-01
4.836431741714477539e-01
4.748459458351135254e-01
4.919852614402770996e-01
5.037940740585327148e-01
5.041593313217163086e-01
4.851742088794708252e-01
4.970920979976654053e-01
5.065789222717285156e-01
4.844621121883392334e-01
5.114306211471557617e-01
4.835595190525054932e-01
4.909083545207977295e-01
5.029986500740051270e-01
5.010078549385070801e-01
4.838864803314208984e-01
4.856770336627960205e-01
4.761452078819274902e-01
4.799718856811523438e-01
4.882521331310272217e-01
4.876615703105926514e-01
4.837726652622222900e-01
4.848753809928894043e-01
4.832736253738403320e-01
5.117367506027221680e-01
5.186572074890136719e-01
4.822621643543243408e-01
4.849724173545837402e-01
4.835433363914489746e-01
4.833093881607055664e-01
4.840905368328094482e-01
4.830935597419738770e-01
4.801638722419738770e-01
4.833705723285675049e-01
4.844631850719451904e-01
4.835385084152221680e-01
4.777925908565521240e-01
4.833922982215881348e-01
4.816745519638061523e-01
4.850078523159027100e-01
4.746477901935577393e-01
4.823619127273559570e-01
4.808736443519592285e-01
4.809467792510986328e-01
5.168079733848571777e-01
4.789459109306335449e-01
4.793846905231475830e-01
4.818669259548187256e-01
4.810417890548706055e-01
4.793237149715423584e-01
4.683145880699157715e-01
4.817410409450531006e-01
5.131629109382629395e-01
4.799464643001556396e-01
4.853599965572357178e-01
5.118256211280822754e-01
4.790987670421600342e-01
4.826606512069702148e-01
4.778918027877807617e-01
4.920925199985504150e-01
4.849563241004943848e-01
4.881248474121093750e-01
4.880383014678955078e-01
4.959449470043182373e-01
4.834845662117004395e-01
4.836112260818481445e-01
4.870807826519012451e-01
4.998037219047546387e-01
4.826272428035736084e-01
4.709306061267852783e-01
4.860908389091491699e-01
4.876055717468261719e-01
4.874883890151977539e-01
4.977539181709289551e-01
4.884856641292572021e-01
4.896681010723114014e-01
5.142070651054382324e-01
5.161720514297485352e-01
4.826682507991790771e-01
4.843078255653381348e-01
4.850636720657348633e-01
5.014506578445434570e-01
4.852971434593200684e-01
4.784548282623291016e-01
4.849213361740112305e-01
5.135087370872497559e-01
4.831896424293518066e-01
4.843813478946685791e-01
4.824091196060180664e-01
4.834315478801727295e-01
5.045711994171142578e-01
4.850520193576812744e-01
4.834226667881011963e-01
5.122368335723876953e-01
4.850173890590667725e-01
4.837169051170349121e-01
4.961695075035095215e-01
4.864259362220764160e-01
5.139717459678649902e-01
4.858067631721496582e-01
5.029313564300537109e-01
4.871283173561096191e-01
4.814442396163940430e-01
4.832250475883483887e-01
4.847376346588134766e-01
4.913755953311920166e-01
4.842536747455596924e-01
4.861309230327606201e-01
4.842999577522277832e-01
4.798203706741333008e-01
4.791403710842132568e-01
4.752871692180633545e-01
5.136035084724426270e-01
4.868974387645721436e-01
4.794800281524658203e-01
4.843789339065551758e-01
4.802334606647491455e-01
4.812140464782714844e-01
4.821352958679199219e-01
4.892487823963165283e-01
4.825950860977172852e-01
4.844036102294921875e-01
4.915232956409454346e-01
4.839742779731750488e-01
4.856911599636077881e-01
4.871085286140441895e-01
4.894153773784637451e-01
4.853557348251342773e-01
4.841842949390411377e-01
4.842250645160675049e-01
4.871429800987243652e-01
4.856621026992797852e-01
5.147995352745056152e-01
4.854882359504699707e-01
4.856554567813873291e-01
4.797701835632324219e-01
4.856446087360382080e-01
5.127040147781372070e-01
4.997994601726531982e-01
4.852204322814941406e-01
4.879036545753479004e-01
5.068202018737792969e-01
5.078184008598327637e-01
4.852009415626525879e-01
4.856210947036743164e-01
5.062946677207946777e-01
4.851744174957275391e-01
4.867987930774688721e-01
4.990903735160827637e-01
4.850368797779083252e-01
4.859023690223693848e-01
4.964024424552917480e-01
4.877234399318695068e-01
4.857093691825866699e-01
4.915103018283843994e-01
4.831926226615905762e-01
4.896006286144256592e-01
4.897632300853729248e-01
4.962737858295440674e-01
4.852410554885864258e-01
4.844880998134613037e-01
4.864241182804107666e-01
4.851292371749877930e-01
4.837255477905273438e-01
4.846431612968444824e-01
4.875436723232269287e-01
4.856477379798889160e-01
4.878593981266021729e-01
5.146102309226989746e-01
4.903959929943084717e-01
5.153166651725769043e-01
5.147883296012878418e-01
4.867095649242401123e-01
4.921008646488189697e-01
5.058347582817077637e-01
5.026987195014953613e-01
4.867196381092071533e-01
4.872919619083404541e-01
4.806072115898132324e-01
5.108984708786010742e-01
4.854279160499572754e-01
4.835505783557891846e-01
4.846240580081939697e-01
5.066588521003723145e-01
4.848242700099945068e-01
4.803971946239471436e-01
4.876265823841094971e-01
5.105711221694946289e-01
4.826615154743194580e-01
4.852460324764251709e-01
4.876104891300201416e-01
5.159535408020019531e-01
5.155953168869018555e-01
4.852677285671234131e-01
4.806812405586242676e-01
4.877792894840240479e-01
4.839749932289123535e-01
4.815847575664520264e-01
4.849018156528472900e-01
4.851794838905334473e-01
4.867514669895172119e-01
4.830118119716644287e-01
4.933710694313049316e-01
4.766840934753417969e-01
4.858370423316955566e-01
4.855201840400695801e-01
5.148946046829223633e-01
4.889943599700927734e-01
4.870982766151428223e-01
4.852721095085144043e-01
4.809637367725372314e-01
4.867315292358398438e-01
4.858739376068115234e-01
4.854356348514556885e-01
4.863961935043334961e-01
5.113412141799926758e-01
5.026651024818420410e-01
5.056265592575073242e-01
4.851100742816925049e-01
5.074895024299621582e-01
4.763927757740020752e-01
4.875857532024383545e-01
4.858307540416717529e-01
4.743344485759735107e-01
4.675363302230834961e-01
4.719443023204803467e-01
4.864571392536163330e-01
4.806501865386962891e-01
4.822765588760375977e-01
4.864272475242614746e-01
4.915432035923004150e-01
4.762483239173889160e-01
4.861263930797576904e-01
4.842004776000976562e-01
4.874895811080932617e-01
4.867352247238159180e-01
4.857522547245025635e-01
4.870408773422241211e-01
4.867186248302459717e-01
4.831883907318115234e-01
4.872848689556121826e-01
4.851164817810058594e-01
4.808881878852844238e-01
4.864690601825714111e-01
4.876149296760559082e-01
4.718194007873535156e-01
4.866094887256622314e-01
4.839360415935516357e-01
4.878687262535095215e-01
4.775389432907104492e-01
4.850353002548217773e-01
4.858821034431457520e-01
4.850201606750488281e-01
5.118315815925598145e-01
4.896222054958343506e-01
4.856708943843841553e-01
4.962768852710723877e-01
4.871485829353332520e-01
4.840209484100341797e-01
4.843753576278686523e-01
4.830653667449951172e-01
4.829309582710266113e-01
4.815125763416290283e-01
5.142470598220825195e-01
5.136252045631408691e-01
4.926423728466033936e-01
5.081830024719238281e-01
4.289856553077697754e-01
4.833290576934814453e-01
5.044180750846862793e-01
5.129407644271850586e-01
4.827074408531188965e-01
4.873314499855041504e-01
4.852972626686096191e-01
4.850078523159027100e-01
4.846530556678771973e-01
4.884178638458251953e-01
4.867172539234161377e-01
5.177502036094665527e-01
5.131679773330688477e-01
5.124671459197998047e-01
4.849997162818908691e-01
4.850122630596160889e-01
5.037246346473693848e-01
4.793713390827178955e-01
4.895059466361999512e-01
4.854286015033721924e-01
4.939591288566589355e-01
5.000662207603454590e-01
4.916681945323944092e-01
4.967400729656219482e-01
4.915409684181213379e-01
4.690426886081695557e-01
4.849317371845245361e-01
4.889512658119201660e-01
4.836762547492980957e-01
4.859583973884582520e-01
5.124768614768981934e-01
5.119175314903259277e-01
5.116935968399047852e-01
4.857488870620727539e-01
5.121859908103942871e-01
5.025859475135803223e-01
4.838163256645202637e-01
4.978786110877990723e-01
5.275483727455139160e-01
5.111193656921386719e-01
4.836381375789642334e-01
5.092197656631469727e-01
5.079401135444641113e-01
4.831126630306243896e-01
4.843933284282684326e-01
4.908419549465179443e-01
4.895952939987182617e-01
4.816915690898895264e-01
4.803638756275177002e-01
4.824523329734802246e-01
5.152168273925781250e-01
5.035032033920288086e-01
5.134950280189514160e-01
4.850078523159027100e-01
4.827895760536193848e-01
4.814921319484710693e-01
4.813913702964782715e-01
4.846200644969940186e-01
5.101069211959838867e-01
4.976142346858978271e-01
4.789675772190093994e-01
4.822838306427001953e-01
4.812934696674346924e-01
4.867621362209320068e-01
4.803496897220611572e-01
4.837467670440673828e-01
4.840545654296875000e-01
4.720925688743591309e-01
4.807018041610717773e-01
4.851053953170776367e-01
4.833775758743286133e-01
4.838114678859710693e-01
4.851738810539245605e-01
4.807965159416198730e-01
4.889240860939025879e-01
4.881834685802459717e-01
4.852633774280548096e-01
4.851775467395782471e-01
4.833068847656250000e-01
4.825538694858551025e-01
4.783972203731536865e-01
4.861482381820678711e-01
4.860717952251434326e-01
4.866818189620971680e-01
4.805033504962921143e-01
4.595700204372406006e-01
5.139838457107543945e-01
4.963187277317047119e-01
4.623091816902160645e-01
4.912801086902618408e-01
4.763010144233703613e-01
4.890160262584686279e-01
4.893975555896759033e-01
4.826755821704864502e-01
4.854423105716705322e-01
4.851655364036560059e-01
4.838174879550933838e-01
4.851525425910949707e-01
4.718984365463256836e-01
4.868293404579162598e-01
5.053007602691650391e-01
4.852756261825561523e-01
4.843474924564361572e-01
4.862668812274932861e-01
4.852666258811950684e-01
4.829876422882080078e-01
4.755804538726806641e-01
4.973208308219909668e-01
5.156527757644653320e-01
5.099091529846191406e-01
4.950954914093017578e-01
4.866614341735839844e-01
4.889952242374420166e-01
4.850141704082489014e-01
4.919508099555969238e-01
4.992412626743316650e-01
4.899311065673828125e-01
4.692631363868713379e-01
4.855802357196807861e-01
5.127272009849548340e-01
4.853216111660003662e-01
4.835350513458251953e-01
4.875568151473999023e-01
4.850156605243682861e-01
4.807841777801513672e-01
4.816620051860809326e-01
4.860009253025054932e-01
4.719186127185821533e-01
4.847400188446044922e-01
4.840516448020935059e-01
4.847273528575897217e-01
4.845619797706604004e-01
4.808343350887298584e-01
4.866862595081329346e-01
4.867281019687652588e-01
4.862358272075653076e-01
4.842363893985748291e-01
4.860176742076873779e-01
5.097357630729675293e-01
4.753912985324859619e-01
4.874863624572753906e-01
4.807883203029632568e-01
4.864676296710968018e-01
4.876551628112792969e-01
5.132679939270019531e-01
4.776090085506439209e-01
4.877315163612365723e-01
5.117470622062683105e-01
4.902484118938446045e-01
5.100777149200439453e-01
5.136613845825195312e-01
4.854572415351867676e-01
4.874989092350006104e-01
4.936352968215942383e-01
4.874002039432525635e-01
4.887947142124176025e-01
4.890448451042175293e-01
4.784106612205505371e-01
5.029410719871520996e-01
4.862967431545257568e-01
4.850476086139678955e-01
4.867638647556304932e-01
4.773460626602172852e-01
4.856655895709991455e-01
5.009250640869140625e-01
5.114867687225341797e-01
4.922437369823455811e-01
5.148156285285949707e-01
5.136862397193908691e-01
4.849863648414611816e-01
4.900688230991363525e-01
4.853508174419403076e-01
4.944862425327301025e-01
4.875808954238891602e-01
4.861864149570465088e-01
4.867071509361267090e-01
4.875727295875549316e-01
5.040555000305175781e-01
5.107428431510925293e-01
5.138645172119140625e-01
4.992031455039978027e-01
4.849890470504760742e-01
4.830687046051025391e-01
5.105988979339599609e-01
4.829623699188232422e-01
4.942689538002014160e-01
4.853695034980773926e-01
4.791917502880096436e-01
