4.669678807258605957e-01
4.646439850330352783e-01
4.632048606872558594e-01
4.401194155216217041e-01
4.753915667533874512e-01
4.693328440189361572e-01
6.728029251098632812e-01
4.693328440189361572e-01
4.693328440189361572e-01
6.728029251098632812e-01
6.664813756942749023e-01
5.602160692214965820e-01
4.670272469520568848e-01
6.728029251098632812e-01
6.572850942611694336e-01
6.003381013870239258e-01
6.196752786636352539e-01
4.672697782516479492e-01
4.693328440189361572e-01
4.678413569927215576e-01
4.330663383007049561e-01
4.693328440189361572e-01
4.683136045932769775e-01
4.330663383007049561e-01
4.330663383007049561e-01
4.330663383007049561e-01
4.362442791461944580e-01
4.330663383007049561e-01
4.330663383007049561e-01
4.330663383007049561e-01
4.330663383007049561e-01
4.330661296844482422e-01
4.330574870109558105e-01
4.330629706382751465e-01
4.330658614635467529e-01
4.330584108829498291e-01
4.330613315105438232e-01
4.330607056617736816e-01
4.330582022666931152e-01
4.330663084983825684e-01
4.330662488937377930e-01
4.330663383007049561e-01
4.330663383007049561e-01
4.330663383007049561e-01
4.330663383007049561e-01
4.330663383007049561e-01
4.330663383007049561e-01
4.330663383007049561e-01
4.330663383007049561e-01
4.679633975028991699e-01
4.330663383007049561e-01
4.631220996379852295e-01
4.330663383007049561e-01
4.330663383007049561e-01
4.330663383007049561e-01
4.330663383007049561e-01
4.330663383007049561e-01
4.330663383007049561e-01
4.330663383007049561e-01
4.330663383007049561e-01
4.330663383007049561e-01
4.330663383007049561e-01
4.330663383007049561e-01
4.330663383007049561e-01
4.330663383007049561e-01
4.330663383007049561e-01
4.330663383007049561e-01
4.330663383007049561e-01
4.330663383007049561e-01
4.330663383007049561e-01
4.330663383007049561e-01
4.330663084983825684e-01
4.330640733242034912e-01
4.604954421520233154e-01
4.586623609066009521e-01
4.598682224750518799e-01
4.330203831195831299e-01
4.330663383007049561e-01
4.330208003520965576e-01
4.330580532550811768e-01
4.330191612243652344e-01
4.330663383007049561e-01
4.330117702484130859e-01
4.673262834548950195e-01
4.330663383007049561e-01
4.330663383007049561e-01
4.330663383007049561e-01
4.607697427272796631e-01
4.378862977027893066e-01
4.330663383007049561e-01
4.330663383007049561e-01
4.330663383007049561e-01
4.614715278148651123e-01
4.330663383007049561e-01
4.330663383007049561e-01
4.330663383007049561e-01
4.330663383007049561e-01
4.330663383007049561e-01
4.330663383007049561e-01
4.330663383007049561e-01
4.330663383007049561e-01
4.330663383007049561e-01
4.330663383007049561e-01
4.330663383007049561e-01
4.330663383007049561e-01
4.330663383007049561e-01
4.330663383007049561e-01
4.330663383007049561e-01
4.330663383007049561e-01
4.678176045417785645e-01
4.330663383007049561e-01
4.330663383007049561e-01
4.330663383007049561e-01
4.330663383007049561e-01
4.630044996738433838e-01
4.330663383007049561e-01
4.727275371551513672e-01
4.776197075843811035e-01
4.330663383007049561e-01
4.330663383007049561e-01
4.330663383007049561e-01
4.330663383007049561e-01
4.330663084983825684e-01
4.598682224750518799e-01
4.330663383007049561e-01
4.330662488937377930e-01
4.706088602542877197e-01
4.330613017082214355e-01
4.330663383007049561e-01
4.330663383007049561e-01
4.330663084983825684e-01
4.330663383007049561e-01
4.330663383007049561e-01
4.330663383007049561e-01
4.681471586227416992e-01
4.330663383007049561e-01
4.330663383007049561e-01
4.330663383007049561e-01
4.330663383007049561e-01
4.330663383007049561e-01
4.490929841995239258e-01
4.330663383007049561e-01
4.330663383007049561e-01
4.330663383007049561e-01
4.330663383007049561e-01
4.330663383007049561e-01
4.330663383007049561e-01
4.330663383007049561e-01
4.330663383007049561e-01
4.330663383007049561e-01
4.330663383007049561e-01
4.330663383007049561e-01
4.330663383007049561e-01
4.330663383007049561e-01
4.330663383007049561e-01
4.330663383007049561e-01
4.330663383007049561e-01
4.330663383007049561e-01
4.330663383007049561e-01
4.620177447795867920e-01
4.330663383007049561e-01
4.330663383007049561e-01
4.330663383007049561e-01
4.330663383007049561e-01
4.330663383007049561e-01
4.330663383007049561e-01
4.330663383007049561e-01
4.330663383007049561e-01
4.330663383007049561e-01
4.330663383007049561e-01
4.330663383007049561e-01
4.330663383007049561e-01
4.330663383007049561e-01
4.330663383007049561e-01
4.330663383007049561e-01
4.330663383007049561e-01
4.330663383007049561e-01
4.330663383007049561e-01
4.330663383007049561e-01
4.327459931373596191e-01
4.330663383007049561e-01
4.617570638656616211e-01
4.973465502262115479e-01
4.330663383007049561e-01
4.330663383007049561e-01
4.330663383007049561e-01
4.598682224750518799e-01
4.330663383007049561e-01
4.330663383007049561e-01
4.526293873786926270e-01
4.330663084983825684e-01
4.599111974239349365e-01
4.737984538078308105e-01
4.525256156921386719e-01
4.330663383007049561e-01
4.330663383007049561e-01
4.777427017688751221e-01
4.330663383007049561e-01
4.330663383007049561e-01
4.330663383007049561e-01
4.330663383007049561e-01
4.330663383007049561e-01
4.330663383007049561e-01
4.330663084983825684e-01
4.330663084983825684e-01
4.330663383007049561e-01
4.330663383007049561e-01
4.330663383007049561e-01
4.330663383007049561e-01
4.330663383007049561e-01
4.330663383007049561e-01
4.330663383007049561e-01
4.598682224750518799e-01
4.330663383007049561e-01
4.330663383007049561e-01
4.330663383007049561e-01
4.330663383007049561e-01
4.330663383007049561e-01
4.330663383007049561e-01
4.745618999004364014e-01
4.392580687999725342e-01
4.330663383007049561e-01
4.330663383007049561e-01
4.680195748805999756e-01
4.330663383007049561e-01
4.330663084983825684e-01
4.330663084983825684e-01
4.330663383007049561e-01
4.402620196342468262e-01
4.377548992633819580e-01
4.330663383007049561e-01
4.330663383007049561e-01
4.330663383007049561e-01
4.330663383007049561e-01
4.330663383007049561e-01
4.330663084983825684e-01
4.330663383007049561e-01
4.330663084983825684e-01
4.330663383007049561e-01
4.330663084983825684e-01
4.591098129749298096e-01
4.330663383007049561e-01
4.392773211002349854e-01
4.330663383007049561e-01
4.330662786960601807e-01
4.330663383007049561e-01
4.330663383007049561e-01
4.330663383007049561e-01
4.424311816692352295e-01
4.424311816692352295e-01
4.330663383007049561e-01
4.330663383007049561e-01
4.330663383007049561e-01
4.330663383007049561e-01
4.330663383007049561e-01
4.330663383007049561e-01
4.330663383007049561e-01
4.330663383007049561e-01
4.330663383007049561e-01
4.330663383007049561e-01
4.330663383007049561e-01
4.330663383007049561e-01
4.330663383007049561e-01
4.330654144287109375e-01
4.598682224750518799e-01
4.330663383007049561e-01
4.330663383007049561e-01
4.330661296844482422e-01
4.330661892890930176e-01
4.330663383007049561e-01
4.330663383007049561e-01
4.395673274993896484e-01
4.330663084983825684e-01
4.399302005767822266e-01
4.330663383007049561e-01
4.483801126480102539e-01
4.330663383007049561e-01
4.330663383007049561e-01
4.673373103141784668e-01
4.330663383007049561e-01
4.491614997386932373e-01
4.330663383007049561e-01
4.330663383007049561e-01
4.330657720565795898e-01
4.330663383007049561e-01
4.330663383007049561e-01
4.330659508705139160e-01
4.330663383007049561e-01
4.330662488937377930e-01
4.330663383007049561e-01
4.330663383007049561e-01
4.330663383007049561e-01
4.330663383007049561e-01
4.330663383007049561e-01
4.330663383007049561e-01
4.330663383007049561e-01
4.330663383007049561e-01
4.330663383007049561e-01
4.330663383007049561e-01
4.330663383007049561e-01
4.330663383007049561e-01
4.330663383007049561e-01
4.330663383007049561e-01
4.330663383007049561e-01
4.330663383007049561e-01
4.330663383007049561e-01
4.330663383007049561e-01
4.330663383007049561e-01
4.511222243309020996e-01
4.330663383007049561e-01
4.330663383007049561e-01
4.330663383007049561e-01
4.330663383007049561e-01
4.457331895828247070e-01
4.330663383007049561e-01
4.330663383007049561e-01
4.330663383007049561e-01
4.330663383007049561e-01
4.330663383007049561e-01
4.330663383007049561e-01
4.643452763557434082e-01
4.330663383007049561e-01
4.598682224750518799e-01
4.683125317096710205e-01
4.330662488937377930e-01
4.330638647079467773e-01
4.330663383007049561e-01
4.330663383007049561e-01
4.330663383007049561e-01
4.330663383007049561e-01
4.330663383007049561e-01
4.330663383007049561e-01
4.330663383007049561e-01
4.330663383007049561e-01
4.330663383007049561e-01
4.330663383007049561e-01
4.330663383007049561e-01
4.330663383007049561e-01
4.330663383007049561e-01
4.330663383007049561e-01
4.330663383007049561e-01
4.330663383007049561e-01
4.330663383007049561e-01
4.330663383007049561e-01
4.330663383007049561e-01
4.330663383007049561e-01
4.330663383007049561e-01
4.330663383007049561e-01
4.378083050251007080e-01
4.330663383007049561e-01
4.330663383007049561e-01
4.330663383007049561e-01
4.330663383007049561e-01
4.330663383007049561e-01
4.330663383007049561e-01
4.330663383007049561e-01
4.330663383007049561e-01
4.330663383007049561e-01
4.330663383007049561e-01
4.330663383007049561e-01
4.330663383007049561e-01
4.330663383007049561e-01
4.330663383007049561e-01
4.330663383007049561e-01
4.330663383007049561e-01
4.330663383007049561e-01
4.330663383007049561e-01
4.330663383007049561e-01
4.330663383007049561e-01
4.330659508705139160e-01
4.330663383007049561e-01
4.330663383007049561e-01
4.333230853080749512e-01
4.330663383007049561e-01
4.330659806728363037e-01
4.330660700798034668e-01
4.330659508705139160e-01
4.330654144287109375e-01
4.330649077892303467e-01
4.330663383007049561e-01
4.330663383007049561e-01
4.330663383007049561e-01
4.330663383007049561e-01
4.330663383007049561e-01
4.330663383007049561e-01
4.330663383007049561e-01
4.330663383007049561e-01
4.330663383007049561e-01
4.330663383007049561e-01
4.330663383007049561e-01
4.330663383007049561e-01
4.330663383007049561e-01
4.330663383007049561e-01
4.330663383007049561e-01
4.330663383007049561e-01
4.330663383007049561e-01
4.330663383007049561e-01
4.330663383007049561e-01
4.330663383007049561e-01
4.330663383007049561e-01
4.330663383007049561e-01
4.329447150230407715e-01
4.656122326850891113e-01
4.330663383007049561e-01
4.330663383007049561e-01
4.330663383007049561e-01
4.330663383007049561e-01
4.330663383007049561e-01
4.330663383007049561e-01
4.330663383007049561e-01
4.330663383007049561e-01
4.330663383007049561e-01
4.330663383007049561e-01
4.330663383007049561e-01
4.330663383007049561e-01
4.362264871597290039e-01
4.330663383007049561e-01
4.330663084983825684e-01
4.330663383007049561e-01
4.330663383007049561e-01
4.330663383007049561e-01
4.330663383007049561e-01
4.330663383007049561e-01
4.330663383007049561e-01
4.330663383007049561e-01
4.330663383007049561e-01
4.330663383007049561e-01
4.330663383007049561e-01
4.330663383007049561e-01
4.330663383007049561e-01
4.330663383007049561e-01
4.330663383007049561e-01
4.330663383007049561e-01
4.330663383007049561e-01
4.330663383007049561e-01
4.330663383007049561e-01
4.330663383007049561e-01
4.330663383007049561e-01
4.330663383007049561e-01
4.330663383007049561e-01
4.330663383007049561e-01
4.330663383007049561e-01
4.330663383007049561e-01
4.330663383007049561e-01
4.330663383007049561e-01
4.330663383007049561e-01
4.330663383007049561e-01
4.330663383007049561e-01
4.330663383007049561e-01
4.330663383007049561e-01
4.330663383007049561e-01
4.330663383007049561e-01
4.330663383007049561e-01
4.330662488937377930e-01
4.330556094646453857e-01
4.326729178428649902e-01
4.330663383007049561e-01
4.497950673103332520e-01
4.330663383007049561e-01
4.330660402774810791e-01
4.330663383007049561e-01
4.330663383007049561e-01
4.330663084983825684e-01
4.330663383007049561e-01
4.330663383007049561e-01
4.330663383007049561e-01
4.330663383007049561e-01
4.330663383007049561e-01
4.330663383007049561e-01
4.330662190914154053e-01
4.330663084983825684e-01
4.330663383007049561e-01
4.330663383007049561e-01
4.330663383007049561e-01
4.330663383007049561e-01
4.330663383007049561e-01
4.346932768821716309e-01
4.330663383007049561e-01
4.330663383007049561e-01
4.330663383007049561e-01
4.330662190914154053e-01
4.330656230449676514e-01
4.330663383007049561e-01
4.598682224750518799e-01
4.330662786960601807e-01
4.330663084983825684e-01
4.598682224750518799e-01
4.330660402774810791e-01
4.330662488937377930e-01
4.380010664463043213e-01
4.330663383007049561e-01
4.603987932205200195e-01
4.412690103054046631e-01
4.330661892890930176e-01
4.330662488937377930e-01
4.330660104751586914e-01
4.330663383007049561e-01
4.330663383007049561e-01
4.330663383007049561e-01
4.674743413925170898e-01
4.330663383007049561e-01
4.330663383007049561e-01
4.330663383007049561e-01
4.330663383007049561e-01
4.330663383007049561e-01
4.330663383007049561e-01
4.330663383007049561e-01
4.330663383007049561e-01
4.330663383007049561e-01
4.330663383007049561e-01
4.330663383007049561e-01
4.336510896682739258e-01
4.330663383007049561e-01
4.330663383007049561e-01
4.330663383007049561e-01
4.330663383007049561e-01
4.330663383007049561e-01
4.330663383007049561e-01
4.330663383007049561e-01
4.330663383007049561e-01
4.330663383007049561e-01
4.330663383007049561e-01
4.330663383007049561e-01
4.330663383007049561e-01
4.330663383007049561e-01
4.330663383007049561e-01
4.330663383007049561e-01
4.330663383007049561e-01
4.330663383007049561e-01
4.330663383007049561e-01
4.330663383007049561e-01
4.682933092117309570e-01
4.330663383007049561e-01
4.330663383007049561e-01
4.330663383007049561e-01
4.330663383007049561e-01
4.330663383007049561e-01
4.330663383007049561e-01
4.330660402774810791e-01
4.321926832199096680e-01
4.330663383007049561e-01
4.330663383007049561e-01
4.330663383007049561e-01
4.425811767578125000e-01
4.315937161445617676e-01
4.316063523292541504e-01
4.319776296615600586e-01
4.316074252128601074e-01
4.323880076408386230e-01
4.330663383007049561e-01
4.327861368656158447e-01
4.330543279647827148e-01
4.323222339153289795e-01
4.330663383007049561e-01
4.330663383007049561e-01
4.330663383007049561e-01
4.330663383007049561e-01
4.330663383007049561e-01
4.330663383007049561e-01
4.351930618286132812e-01
4.330663383007049561e-01
4.598682224750518799e-01
4.330663383007049561e-01
4.330663383007049561e-01
4.594534337520599365e-01
4.330663383007049561e-01
4.438160657882690430e-01
4.330663383007049561e-01
4.330663383007049561e-01
4.330663383007049561e-01
4.330663383007049561e-01
6.690064668655395508e-01
4.729210734367370605e-01
4.330663383007049561e-01
4.330663383007049561e-01
4.643622338771820068e-01
4.330663383007049561e-01
4.558556675910949707e-01
4.330663383007049561e-01
4.346903562545776367e-01
4.330663383007049561e-01
4.776945710182189941e-01
4.330663383007049561e-01
4.354060292243957520e-01
4.330663383007049561e-01
4.330663383007049561e-01
4.330618977546691895e-01
4.330663383007049561e-01
4.330663383007049561e-01
4.330663383007049561e-01
4.330663383007049561e-01
4.330663383007049561e-01
4.596959650516510010e-01
4.330663383007049561e-01
4.330663383007049561e-01
4.330663383007049561e-01
4.330663383007049561e-01
4.330663383007049561e-01
4.330602288246154785e-01
4.361657798290252686e-01
4.507485926151275635e-01
4.352304339408874512e-01
4.330663383007049561e-01
4.330663383007049561e-01
4.330663383007049561e-01
4.330568015575408936e-01
4.330663383007049561e-01
4.330663383007049561e-01
4.330663383007049561e-01
4.330663383007049561e-01
4.330663383007049561e-01
4.328589737415313721e-01
4.330663383007049561e-01
4.330228567123413086e-01
4.330663383007049561e-01
4.330663084983825684e-01
4.330529570579528809e-01
4.330663383007049561e-01
4.330662786960601807e-01
4.330663084983825684e-01
4.330661594867706299e-01
4.330663383007049561e-01
4.330663383007049561e-01
4.330599308013916016e-01
4.330616295337677002e-01
4.330662488937377930e-01
4.330615103244781494e-01
4.330663383007049561e-01
4.330644011497497559e-01
4.330662190914154053e-01
4.330661892890930176e-01
4.330659806728363037e-01
4.330663383007049561e-01
4.330662190914154053e-01
4.330658614635467529e-01
4.330662786960601807e-01
4.330660998821258545e-01
4.330663383007049561e-01
4.330663084983825684e-01
4.330663084983825684e-01
4.330663383007049561e-01
4.330663383007049561e-01
4.330663383007049561e-01
4.330663383007049561e-01
4.330663383007049561e-01
4.330663383007049561e-01
4.330663383007049561e-01
4.330663383007049561e-01
4.330663084983825684e-01
5.027320981025695801e-01
4.392245411872863770e-01
4.330663383007049561e-01
4.330663383007049561e-01
4.330663084983825684e-01
4.580155909061431885e-01
4.330663383007049561e-01
4.330663383007049561e-01
4.330659210681915283e-01
4.330441057682037354e-01
4.330663383007049561e-01
4.330446124076843262e-01
4.330610930919647217e-01
4.660741984844207764e-01
4.751892387866973877e-01
4.330661892890930176e-01
4.330663383007049561e-01
4.330663084983825684e-01
4.330661296844482422e-01
4.330663383007049561e-01
4.330663383007049561e-01
4.330663383007049561e-01
4.330663383007049561e-01
4.330663383007049561e-01
4.330662190914154053e-01
4.330663383007049561e-01
4.330663084983825684e-01
4.330663383007049561e-01
4.598682224750518799e-01
4.330663383007049561e-01
4.330663383007049561e-01
4.330663383007049561e-01
4.330663383007049561e-01
4.330663383007049561e-01
4.568523168563842773e-01
4.330663383007049561e-01
4.330663383007049561e-01
4.396547377109527588e-01
4.330663383007049561e-01
4.330663383007049561e-01
4.330663084983825684e-01
4.776922464370727539e-01
4.330615401268005371e-01
4.353636503219604492e-01
4.448229372501373291e-01
4.311550855636596680e-01
4.415660798549652100e-01
4.330663383007049561e-01
4.330663383007049561e-01
4.330663383007049561e-01
4.330663383007049561e-01
4.330663383007049561e-01
4.330663383007049561e-01
4.350253641605377197e-01
4.330663383007049561e-01
4.330663383007049561e-01
4.347781240940093994e-01
4.330663383007049561e-01
4.375627636909484863e-01
4.320277571678161621e-01
4.330663383007049561e-01
4.330639243125915527e-01
4.330663383007049561e-01
4.330663383007049561e-01
4.330663383007049561e-01
4.330663383007049561e-01
4.330663383007049561e-01
4.330663383007049561e-01
4.330663383007049561e-01
4.329978525638580322e-01
4.487800896167755127e-01
4.330663383007049561e-01
4.386575818061828613e-01
4.330663383007049561e-01
4.352024793624877930e-01
4.330663383007049561e-01
4.682911932468414307e-01
4.663156569004058838e-01
4.674451649188995361e-01
4.585214853286743164e-01
4.744658470153808594e-01
4.595305919647216797e-01
4.455884695053100586e-01
4.330663383007049561e-01
4.460752010345458984e-01
4.330663084983825684e-01
4.330663383007049561e-01
4.330663383007049561e-01
4.330663383007049561e-01
4.330663383007049561e-01
4.330663383007049561e-01
4.330663383007049561e-01
4.330663383007049561e-01
4.330663383007049561e-01
4.330663383007049561e-01
4.330663383007049561e-01
4.330663383007049561e-01
4.330663383007049561e-01
4.330663383007049561e-01
4.330663383007049561e-01
4.330663383007049561e-01
4.330663383007049561e-01
4.330663383007049561e-01
4.330663383007049561e-01
4.330663383007049561e-01
4.330663383007049561e-01
4.330663383007049561e-01
4.330663383007049561e-01
4.330663383007049561e-01
4.330663383007049561e-01
4.330663383007049561e-01
4.330663383007049561e-01
4.330663383007049561e-01
4.330663383007049561e-01
4.330663383007049561e-01
4.330663383007049561e-01
4.330663383007049561e-01
4.330663383007049561e-01
4.635030627250671387e-01
4.330663383007049561e-01
4.330663383007049561e-01
4.330663383007049561e-01
4.330663383007049561e-01
4.330663383007049561e-01
4.377262294292449951e-01
4.330663383007049561e-01
4.330663383007049561e-01
4.330663383007049561e-01
4.330663383007049561e-01
4.330663383007049561e-01
4.356480836868286133e-01
4.330663383007049561e-01
4.330663383007049561e-01
4.330663383007049561e-01
4.330663383007049561e-01
4.330663383007049561e-01
4.330663383007049561e-01
4.330663383007049561e-01
4.330663383007049561e-01
4.330663383007049561e-01
4.330663383007049561e-01
4.330663383007049561e-01
4.330663383007049561e-01
4.330663383007049561e-01
4.330663383007049561e-01
4.330663383007049561e-01
4.330663383007049561e-01
4.330663383007049561e-01
4.330663383007049561e-01
4.330663383007049561e-01
4.330663383007049561e-01
4.330663383007049561e-01
4.325008988380432129e-01
4.314754605293273926e-01
4.330663383007049561e-01
4.330463707447052002e-01
4.316141307353973389e-01
4.329672455787658691e-01
4.317374825477600098e-01
4.330270886421203613e-01
4.330655634403228760e-01
4.330546259880065918e-01
4.330405592918395996e-01
4.330581724643707275e-01
4.330663084983825684e-01
4.330572485923767090e-01
4.330634474754333496e-01
4.330663383007049561e-01
4.330663383007049561e-01
4.391484558582305908e-01
4.368793368339538574e-01
4.330662786960601807e-01
4.330663383007049561e-01
4.330378174781799316e-01
4.322729408740997314e-01
4.521939754486083984e-01
4.321338832378387451e-01
4.416307508945465088e-01
4.330663383007049561e-01
4.330663383007049561e-01
4.352508783340454102e-01
4.342042505741119385e-01
4.330663383007049561e-01
4.372596144676208496e-01
4.330663383007049561e-01
4.330663383007049561e-01
4.330663383007049561e-01
4.330663383007049561e-01
4.330663383007049561e-01
4.415033459663391113e-01
4.330663383007049561e-01
4.361106753349304199e-01
4.330663383007049561e-01
4.374884366989135742e-01
4.330663383007049561e-01
4.330663383007049561e-01
4.330663383007049561e-01
4.330663383007049561e-01
4.330663383007049561e-01
4.330663383007049561e-01
4.399154186248779297e-01
4.620140194892883301e-01
4.330663383007049561e-01
4.330663383007049561e-01
4.481178820133209229e-01
4.330663383007049561e-01
4.330663383007049561e-01
4.330663383007049561e-01
4.330663383007049561e-01
4.360738098621368408e-01
4.330663383007049561e-01
4.330663383007049561e-01
4.330663383007049561e-01
4.330663383007049561e-01
4.330663383007049561e-01
4.330663383007049561e-01
4.415458440780639648e-01
4.330663383007049561e-01
4.593473374843597412e-01
4.330663383007049561e-01
4.330663383007049561e-01
4.330663383007049561e-01
4.770985543727874756e-01
4.683067202568054199e-01
4.768118560314178467e-01
4.330663084983825684e-01
4.330657124519348145e-01
4.636093974113464355e-01
4.399385154247283936e-01
4.561200141906738281e-01
4.330663383007049561e-01
4.320037961006164551e-01
4.323291778564453125e-01
4.330660700798034668e-01
4.330623447895050049e-01
4.330645203590393066e-01
4.329699277877807617e-01
4.330656230449676514e-01
4.330663084983825684e-01
4.428766965866088867e-01
4.330663383007049561e-01
4.330663383007049561e-01
4.330663383007049561e-01
4.330663383007049561e-01
4.330663383007049561e-01
4.330663383007049561e-01
4.330663383007049561e-01
4.330663383007049561e-01
4.331150054931640625e-01
4.441918432712554932e-01
4.330663383007049561e-01
4.330663383007049561e-01
4.330663383007049561e-01
4.330663383007049561e-01
4.330663383007049561e-01
4.330663383007049561e-01
4.330663383007049561e-01
4.330663383007049561e-01
4.330663383007049561e-01
4.330663383007049561e-01
4.330663383007049561e-01
4.330663383007049561e-01
4.330663383007049561e-01
4.330663383007049561e-01
4.330663383007049561e-01
4.330663383007049561e-01
4.330663383007049561e-01
4.330663383007049561e-01
4.330663383007049561e-01
4.678154289722442627e-01
4.330663383007049561e-01
4.330663383007049561e-01
4.330663383007049561e-01
4.330663383007049561e-01
4.330663383007049561e-01
4.330663383007049561e-01
4.330663383007049561e-01
4.330663383007049561e-01
4.330663383007049561e-01
4.330663383007049561e-01
4.330663383007049561e-01
4.330663383007049561e-01
4.330663383007049561e-01
4.330663383007049561e-01
4.330663383007049561e-01
4.330663383007049561e-01
4.330663383007049561e-01
4.330663383007049561e-01
4.330663383007049561e-01
4.330663383007049561e-01
4.330663383007049561e-01
4.330663383007049561e-01
4.330662786960601807e-01
4.330663084983825684e-01
4.389659166336059570e-01
4.598682224750518799e-01
4.342479705810546875e-01
4.330663383007049561e-01
4.604892134666442871e-01
4.330663383007049561e-01
4.330663383007049561e-01
4.330663383007049561e-01
4.330663084983825684e-01
4.330663383007049561e-01
4.330663084983825684e-01
4.330663383007049561e-01
4.330663383007049561e-01
4.330663383007049561e-01
4.330663383007049561e-01
4.330663383007049561e-01
4.331365227699279785e-01
4.330663084983825684e-01
4.330663383007049561e-01
4.330663383007049561e-01
4.330663383007049561e-01
4.417100548744201660e-01
4.359326660633087158e-01
4.330663383007049561e-01
4.330663383007049561e-01
4.330663383007049561e-01
4.330663084983825684e-01
4.330663383007049561e-01
4.330389499664306641e-01
4.330663383007049561e-01
4.330663383007049561e-01
4.330663383007049561e-01
4.330663383007049561e-01
4.330663383007049561e-01
4.330663383007049561e-01
4.342334866523742676e-01
4.330663383007049561e-01
4.330663383007049561e-01
4.330663383007049561e-01
4.330663383007049561e-01
4.330663383007049561e-01
4.330649077892303467e-01
4.330663383007049561e-01
4.330663383007049561e-01
4.330663383007049561e-01
4.330663383007049561e-01
4.330663383007049561e-01
4.329582154750823975e-01
4.330663383007049561e-01
4.330401122570037842e-01
4.327746033668518066e-01
4.330663383007049561e-01
4.330663084983825684e-01
4.330663383007049561e-01
4.362544119358062744e-01
4.330663383007049561e-01
4.330663383007049561e-01
4.330663383007049561e-01
4.330663383007049561e-01
4.330663383007049561e-01
4.328042566776275635e-01
4.330655336380004883e-01
4.374380707740783691e-01
4.330663383007049561e-01
4.330530762672424316e-01
4.330663383007049561e-01
4.330663383007049561e-01
4.329766929149627686e-01
4.330663084983825684e-01
4.326105117797851562e-01
4.321179091930389404e-01
4.330634474754333496e-01
4.321870207786560059e-01
4.330649971961975098e-01
4.330661594867706299e-01
4.401419460773468018e-01
4.330663383007049561e-01
4.330662786960601807e-01
4.330631792545318604e-01
4.330611824989318848e-01
4.320898354053497314e-01
4.330638349056243896e-01
4.330662488937377930e-01
4.330435693264007568e-01
4.677020609378814697e-01
4.330663383007049561e-01
4.330663383007049561e-01
4.330628812313079834e-01
4.669773876667022705e-01
4.330663383007049561e-01
4.330661296844482422e-01
4.678386449813842773e-01
4.332447052001953125e-01
4.330663383007049561e-01
4.330663383007049561e-01
4.330663383007049561e-01
4.330663383007049561e-01
4.330663383007049561e-01
4.330663383007049561e-01
4.330663383007049561e-01
4.330663383007049561e-01
4.330663383007049561e-01
4.330663383007049561e-01
4.330663383007049561e-01
4.330663383007049561e-01
4.330663383007049561e-01
4.330663383007049561e-01
4.330663383007049561e-01
4.330663383007049561e-01
4.330663383007049561e-01
4.330663383007049561e-01
4.330663383007049561e-01
4.330663383007049561e-01
4.330663383007049561e-01
4.330663383007049561e-01
4.452513754367828369e-01
4.330663383007049561e-01
4.330663383007049561e-01
4.681316912174224854e-01
4.330663383007049561e-01
4.330663383007049561e-01
4.330663383007049561e-01
4.330143928527832031e-01
4.320073723793029785e-01
4.461147785186767578e-01
4.330663383007049561e-01
4.736280143260955811e-01
4.330602288246154785e-01
4.330663383007049561e-01
4.657478034496307373e-01
4.330610632896423340e-01
4.330663383007049561e-01
4.330663383007049561e-01
4.330663383007049561e-01
4.330663383007049561e-01
4.330663383007049561e-01
4.407197833061218262e-01
4.330663383007049561e-01
4.330663383007049561e-01
4.330663383007049561e-01
4.330663383007049561e-01
4.330663383007049561e-01
4.330663383007049561e-01
4.330663383007049561e-01
4.330663383007049561e-01
4.330663383007049561e-01
4.665264487266540527e-01
4.330663383007049561e-01
4.330663383007049561e-01
4.650468826293945312e-01
4.330663383007049561e-01
4.330663383007049561e-01
4.330663383007049561e-01
4.330663383007049561e-01
4.330663383007049561e-01
4.330663383007049561e-01
4.330663383007049561e-01
4.330663383007049561e-01
4.330663383007049561e-01
4.330663383007049561e-01
4.330663383007049561e-01
4.330663383007049561e-01
4.330663383007049561e-01
4.330663383007049561e-01
4.330663383007049561e-01
4.330663383007049561e-01
4.330663383007049561e-01
4.330663383007049561e-01
4.330663383007049561e-01
4.330663383007049561e-01
4.330663383007049561e-01
4.330663383007049561e-01
4.330663084983825684e-01
4.330660700798034668e-01
4.330663383007049561e-01
4.330660104751586914e-01
4.330623447895050049e-01
4.330663383007049561e-01
4.330663084983825684e-01
4.330624341964721680e-01
4.330654740333557129e-01
4.330661892890930176e-01
4.330660104751586914e-01
4.330663084983825684e-01
4.330663383007049561e-01
4.330663383007049561e-01
4.330663383007049561e-01
4.562434852123260498e-01
4.589762687683105469e-01
4.330663383007049561e-01
4.330663084983825684e-01
4.330663383007049561e-01
4.710698127746582031e-01
4.330663383007049561e-01
4.330663383007049561e-01
4.330663383007049561e-01
4.330663383007049561e-01
4.481554031372070312e-01
4.625431001186370850e-01
4.330663383007049561e-01
4.330663383007049561e-01
4.388164281845092773e-01
4.330663383007049561e-01
4.330663383007049561e-01
4.629163146018981934e-01
4.330663383007049561e-01
4.330663383007049561e-01
4.623960554599761963e-01
4.330663383007049561e-01
4.558048844337463379e-01
4.330663383007049561e-01
4.330663383007049561e-01
4.598682224750518799e-01
4.330663383007049561e-01
4.330663383007049561e-01
4.657366871833801270e-01
4.426656663417816162e-01
4.330663084983825684e-01
4.330663383007049561e-01
4.330663383007049561e-01
4.591476321220397949e-01
4.330414235591888428e-01
4.330256879329681396e-01
4.330391585826873779e-01
4.330581724643707275e-01
4.330663383007049561e-01
4.330098927021026611e-01
4.330598711967468262e-01
4.330663383007049561e-01
4.330663383007049561e-01
4.330663383007049561e-01
4.330663383007049561e-01
4.330663383007049561e-01
4.330656528472900391e-01
4.330639839172363281e-01
4.330663383007049561e-01
4.330632090568542480e-01
4.330663383007049561e-01
4.330663383007049561e-01
4.330663383007049561e-01
4.330663383007049561e-01
4.330663383007049561e-01
4.330663383007049561e-01
4.330663383007049561e-01
4.330663383007049561e-01
4.330449998378753662e-01
4.330663383007049561e-01
4.330663383007049561e-01
4.682078957557678223e-01
4.330663084983825684e-01
4.683134853839874268e-01
4.330663383007049561e-01
4.330663383007049561e-01
4.330661296844482422e-01
4.330663383007049561e-01
4.330662786960601807e-01
4.330663383007049561e-01
4.337342679500579834e-01
4.330663383007049561e-01
4.330663383007049561e-01
4.624868333339691162e-01
4.571738243103027344e-01
4.330663383007049561e-01
4.330663383007049561e-01
4.330663383007049561e-01
4.766443073749542236e-01
4.330663383007049561e-01
4.330663383007049561e-01
4.330663383007049561e-01
4.330663383007049561e-01
4.330663383007049561e-01
4.330663383007049561e-01
4.330663383007049561e-01
4.330663383007049561e-01
4.330663383007049561e-01
4.330663383007049561e-01
4.330663383007049561e-01
4.330663383007049561e-01
4.330663383007049561e-01
4.330663383007049561e-01
4.330635070800781250e-01
4.330634176731109619e-01
4.365132153034210205e-01
4.330663383007049561e-01
4.330663383007049561e-01
4.330663383007049561e-01
4.330663383007049561e-01
4.330663383007049561e-01
4.330663383007049561e-01
4.330661892890930176e-01
4.330663383007049561e-01
4.330663383007049561e-01
4.330663383007049561e-01
4.330663383007049561e-01
4.330663383007049561e-01
4.485895633697509766e-01
4.330663383007049561e-01
4.330663383007049561e-01
4.618121385574340820e-01
4.330663383007049561e-01
4.330663383007049561e-01
4.330663383007049561e-01
4.618121385574340820e-01
4.330663383007049561e-01
4.330663383007049561e-01
4.330663383007049561e-01
4.330663383007049561e-01
4.330663383007049561e-01
4.330663383007049561e-01
4.330663383007049561e-01
4.330663383007049561e-01
4.330663383007049561e-01
4.490164220333099365e-01
4.330663383007049561e-01
4.330663383007049561e-01
4.330663383007049561e-01
4.330663383007049561e-01
4.330663383007049561e-01
4.330663383007049561e-01
4.330663383007049561e-01
4.330663383007049561e-01
4.330663383007049561e-01
4.330663383007049561e-01
4.333378672599792480e-01
4.406822621822357178e-01
4.405654072761535645e-01
4.498461782932281494e-01
4.441186487674713135e-01
4.777982831001281738e-01
4.330663383007049561e-01
4.330663383007049561e-01
4.329634904861450195e-01
4.329707622528076172e-01
4.329102337360382080e-01
4.330663383007049561e-01
4.379328489303588867e-01
4.329791069030761719e-01
4.331437349319458008e-01
4.330662786960601807e-01
4.330663383007049561e-01
4.330663383007049561e-01
4.330663383007049561e-01
4.330662488937377930e-01
4.330663084983825684e-01
4.330663084983825684e-01
4.330662786960601807e-01
4.330663084983825684e-01
4.330663383007049561e-01
4.330663383007049561e-01
4.330639541149139404e-01
4.558619558811187744e-01
4.436606466770172119e-01
4.330663383007049561e-01
4.330340325832366943e-01
4.329097867012023926e-01
4.330312311649322510e-01
4.330059885978698730e-01
4.330661892890930176e-01
4.330048859119415283e-01
4.765240550041198730e-01
4.330663383007049561e-01
4.330663383007049561e-01
4.330560564994812012e-01
4.330663383007049561e-01
4.330663383007049561e-01
4.330663383007049561e-01
4.330663383007049561e-01
4.330663383007049561e-01
4.330663383007049561e-01
4.330663383007049561e-01
4.330663383007049561e-01
4.330663383007049561e-01
4.330663383007049561e-01
4.330663383007049561e-01
4.330663383007049561e-01
4.330663383007049561e-01
4.330663383007049561e-01
4.330663383007049561e-01
4.330663383007049561e-01
4.330663383007049561e-01
4.330663383007049561e-01
4.330663383007049561e-01
4.330663383007049561e-01
4.330663383007049561e-01
4.330663383007049561e-01
4.330663383007049561e-01
4.330663383007049561e-01
4.330663383007049561e-01
4.330663383007049561e-01
4.330663383007049561e-01
4.330663383007049561e-01
4.330663383007049561e-01
4.330663383007049561e-01
4.598358273506164551e-01
4.330663383007049561e-01
4.330663383007049561e-01
4.330529868602752686e-01
4.330660998821258545e-01
4.330657720565795898e-01
4.330663084983825684e-01
4.330663383007049561e-01
4.330663383007049561e-01
4.330663383007049561e-01
4.330663383007049561e-01
4.330663383007049561e-01
4.330663383007049561e-01
4.330663383007049561e-01
4.330663383007049561e-01
4.330663383007049561e-01
4.330663383007049561e-01
4.330663383007049561e-01
4.330663383007049561e-01
4.330663383007049561e-01
4.539853334426879883e-01
4.330663383007049561e-01
4.330663383007049561e-01
4.330663383007049561e-01
4.330663383007049561e-01
4.330663383007049561e-01
4.330663383007049561e-01
4.330663383007049561e-01
4.330663383007049561e-01
4.330663383007049561e-01
4.330663383007049561e-01
4.330663383007049561e-01
4.330663383007049561e-01
4.330663383007049561e-01
4.330663383007049561e-01
4.330663383007049561e-01
4.330663383007049561e-01
4.330663383007049561e-01
4.330663383007049561e-01
4.330663383007049561e-01
4.330663383007049561e-01
4.330663383007049561e-01
4.330663383007049561e-01
4.330663084983825684e-01
4.330652356147766113e-01
4.314964413642883301e-01
4.316963553428649902e-01
4.330663383007049561e-01
4.323060512542724609e-01
4.325384497642517090e-01
4.330663383007049561e-01
4.330663383007049561e-01
4.330476224422454834e-01
4.391529560089111328e-01
4.317907094955444336e-01
4.330663383007049561e-01
4.330663383007049561e-01
4.337291717529296875e-01
4.320533573627471924e-01
4.330663383007049561e-01
4.319298565387725830e-01
4.330663383007049561e-01
4.328062832355499268e-01
4.330652654170989990e-01
4.330663383007049561e-01
4.330568909645080566e-01
4.330638051033020020e-01
4.330660402774810791e-01
4.330662190914154053e-01
4.330663383007049561e-01
4.330663383007049561e-01
4.330663383007049561e-01
4.337191581726074219e-01
4.330663084983825684e-01
4.330663383007049561e-01
4.330663383007049561e-01
4.330663383007049561e-01
4.330663383007049561e-01
4.330663084983825684e-01
4.330663383007049561e-01
4.330663084983825684e-01
4.330663084983825684e-01
4.330663383007049561e-01
4.330663383007049561e-01
4.330663383007049561e-01
4.330663383007049561e-01
4.330663084983825684e-01
4.330663084983825684e-01
4.392835199832916260e-01
4.330663383007049561e-01
4.330658614635467529e-01
4.330662786960601807e-01
4.330657422542572021e-01
4.330663383007049561e-01
4.330663383007049561e-01
4.330641031265258789e-01
4.330663383007049561e-01
4.330378472805023193e-01
4.322472512722015381e-01
4.412981569766998291e-01
4.317916035652160645e-01
4.330663383007049561e-01
4.329687654972076416e-01
4.321092665195465088e-01
4.330663383007049561e-01
4.325425326824188232e-01
4.330663383007049561e-01
4.503402709960937500e-01
4.329909682273864746e-01
4.330663383007049561e-01
4.330663383007049561e-01
4.329975247383117676e-01
4.330663383007049561e-01
4.330615103244781494e-01
4.330561161041259766e-01
4.330663383007049561e-01
4.330663383007049561e-01
4.330663383007049561e-01
4.330658912658691406e-01
4.330663383007049561e-01
4.340931177139282227e-01
4.330663383007049561e-01
4.338334500789642334e-01
4.330663383007049561e-01
4.330663383007049561e-01
4.330663383007049561e-01
4.330663084983825684e-01
4.330663383007049561e-01
4.330663084983825684e-01
4.330662786960601807e-01
4.330663383007049561e-01
4.330663383007049561e-01
4.359219968318939209e-01
4.330663084983825684e-01
4.330662786960601807e-01
4.330663383007049561e-01
4.330662786960601807e-01
4.330663084983825684e-01
4.330663383007049561e-01
4.330662488937377930e-01
4.330663383007049561e-01
4.330663383007049561e-01
4.623435735702514648e-01
4.343244731426239014e-01
4.498982429504394531e-01
4.341793656349182129e-01
4.430702328681945801e-01
4.330663383007049561e-01
4.330663383007049561e-01
4.417642652988433838e-01
4.332462549209594727e-01
4.363288581371307373e-01
4.427444934844970703e-01
4.330663383007049561e-01
4.330663383007049561e-01
4.330663383007049561e-01
4.354880452156066895e-01
4.330663383007049561e-01
4.330663383007049561e-01
4.340846538543701172e-01
4.330663383007049561e-01
4.330663383007049561e-01
4.406409561634063721e-01
4.330663383007049561e-01
4.343917369842529297e-01
4.432130455970764160e-01
4.486106634140014648e-01
4.330663383007049561e-01
4.345839023590087891e-01
4.360870420932769775e-01
4.415633678436279297e-01
4.399300515651702881e-01
4.343370199203491211e-01
4.372192621231079102e-01
4.343808293342590332e-01
4.346966445446014404e-01
4.339037537574768066e-01
4.330663383007049561e-01
4.330663383007049561e-01
4.330663383007049561e-01
4.330663383007049561e-01
4.377950727939605713e-01
4.464602470397949219e-01
4.332022368907928467e-01
4.439651370048522949e-01
4.610165953636169434e-01
4.578556418418884277e-01
4.330663383007049561e-01
4.330663383007049561e-01
4.330663383007049561e-01
4.330663383007049561e-01
4.330663383007049561e-01
4.330663383007049561e-01
4.330663383007049561e-01
4.330663383007049561e-01
4.330663383007049561e-01
4.330663383007049561e-01
4.330663383007049561e-01
4.330663383007049561e-01
4.330663383007049561e-01
4.330663383007049561e-01
4.330663383007049561e-01
4.330663383007049561e-01
4.330663383007049561e-01
4.330663084983825684e-01
4.330663383007049561e-01
4.330663383007049561e-01
4.330663383007049561e-01
4.330663383007049561e-01
4.330663383007049561e-01
4.330662190914154053e-01
4.330663383007049561e-01
4.330663383007049561e-01
4.330663383007049561e-01
4.330663383007049561e-01
4.330663383007049561e-01
4.330663383007049561e-01
4.330663383007049561e-01
4.330663383007049561e-01
4.330663383007049561e-01
4.330663383007049561e-01
4.330663383007049561e-01
4.330663383007049561e-01
4.424311816692352295e-01
4.330663383007049561e-01
4.330663383007049561e-01
4.776540398597717285e-01
4.330661594867706299e-01
4.329899847507476807e-01
4.330635666847229004e-01
4.330663383007049561e-01
4.330663383007049561e-01
4.330663383007049561e-01
4.330663383007049561e-01
4.330663383007049561e-01
4.330663383007049561e-01
4.330663383007049561e-01
4.330663383007049561e-01
4.330663383007049561e-01
4.330580234527587891e-01
4.330663084983825684e-01
4.319656193256378174e-01
4.326057434082031250e-01
4.330658614635467529e-01
