4.004054367542266846e-01
4.004054367542266846e-01
4.004054367542266846e-01
4.004054367542266846e-01
4.004054367542266846e-01
4.004054367542266846e-01
4.004054367542266846e-01
4.004054367542266846e-01
4.004054367542266846e-01
4.004054367542266846e-01
4.004054367542266846e-01
4.004054367542266846e-01
4.004054367542266846e-01
4.004054367542266846e-01
5.009955763816833496e-01
4.004054367542266846e-01
5.075523853302001953e-01
5.060564279556274414e-01
4.004054367542266846e-01
5.082961916923522949e-01
4.004054367542266846e-01
4.004054367542266846e-01
4.559508264064788818e-01
4.004054367542266846e-01
4.004054367542266846e-01
4.004054367542266846e-01
4.004054367542266846e-01
4.333423376083374023e-01
4.487692415714263916e-01
4.560647010803222656e-01
4.951895475387573242e-01
4.569751024246215820e-01
4.004054367542266846e-01
4.004054367542266846e-01
4.004054367542266846e-01
4.004054367542266846e-01
4.004054367542266846e-01
4.004054367542266846e-01
4.004054367542266846e-01
4.004054367542266846e-01
4.004054367542266846e-01
4.004054367542266846e-01
4.004054367542266846e-01
4.004054367542266846e-01
4.004054367542266846e-01
4.004054367542266846e-01
4.004054367542266846e-01
4.004054367542266846e-01
4.004054367542266846e-01
4.004054367542266846e-01
4.004054367542266846e-01
4.004054367542266846e-01
4.004054367542266846e-01
4.004054367542266846e-01
4.004054367542266846e-01
4.004054367542266846e-01
4.004054367542266846e-01
4.004054367542266846e-01
4.004054367542266846e-01
4.004054367542266846e-01
4.004054367542266846e-01
4.004054367542266846e-01
4.004054367542266846e-01
4.004054367542266846e-01
4.004054367542266846e-01
4.004054367542266846e-01
4.004054367542266846e-01
4.004054367542266846e-01
4.004054367542266846e-01
4.004054367542266846e-01
4.004054367542266846e-01
4.004054367542266846e-01
4.004054367542266846e-01
4.004054367542266846e-01
4.004054367542266846e-01
4.004054367542266846e-01
4.004054367542266846e-01
4.004054367542266846e-01
4.004054367542266846e-01
4.004054367542266846e-01
4.004054367542266846e-01
4.927310943603515625e-01
4.004054367542266846e-01
4.004054367542266846e-01
4.004054367542266846e-01
4.004054367542266846e-01
4.004054367542266846e-01
4.004054367542266846e-01
4.004054367542266846e-01
4.004054367542266846e-01
4.004054367542266846e-01
4.004054367542266846e-01
4.004054367542266846e-01
4.004054367542266846e-01
4.004054367542266846e-01
4.004054367542266846e-01
4.004054367542266846e-01
4.004054367542266846e-01
4.004054367542266846e-01
4.004054367542266846e-01
4.004054367542266846e-01
4.004054367542266846e-01
4.004054367542266846e-01
4.004054367542266846e-01
4.004054367542266846e-01
5.081921219825744629e-01
4.004054367542266846e-01
4.004054367542266846e-01
4.004054367542266846e-01
4.004054367542266846e-01
5.171804428100585938e-01
4.004054367542266846e-01
4.004054367542266846e-01
4.004054367542266846e-01
4.004054367542266846e-01
4.004054367542266846e-01
4.004054367542266846e-01
4.004054367542266846e-01
4.004054367542266846e-01
4.004054367542266846e-01
4.004054367542266846e-01
4.004054367542266846e-01
4.004054367542266846e-01
5.086557865142822266e-01
4.004054367542266846e-01
4.004054367542266846e-01
4.004054367542266846e-01
4.004054367542266846e-01
4.004054367542266846e-01
4.004054367542266846e-01
4.004054367542266846e-01
4.004054367542266846e-01
4.004054367542266846e-01
4.004054367542266846e-01
4.004054367542266846e-01
4.004054367542266846e-01
4.333423376083374023e-01
4.004054367542266846e-01
4.004054367542266846e-01
4.004054367542266846e-01
4.004054367542266846e-01
4.004054367542266846e-01
4.004054367542266846e-01
4.004054367542266846e-01
4.004054367542266846e-01
4.004054367542266846e-01
4.004054367542266846e-01
4.004054367542266846e-01
4.004054367542266846e-01
4.004054367542266846e-01
4.004054367542266846e-01
4.004054367542266846e-01
4.004054367542266846e-01
4.004054367542266846e-01
4.004054367542266846e-01
4.004054367542266846e-01
4.004054367542266846e-01
4.004054367542266846e-01
4.004054367542266846e-01
4.004054367542266846e-01
4.004054367542266846e-01
4.004054367542266846e-01
4.004054367542266846e-01
4.372108578681945801e-01
4.004054367542266846e-01
4.910616278648376465e-01
4.004054367542266846e-01
4.004054367542266846e-01
4.004054367542266846e-01
4.004054367542266846e-01
4.004054367542266846e-01
4.004054367542266846e-01
4.004054367542266846e-01
4.004054367542266846e-01
4.004054367542266846e-01
4.004054367542266846e-01
4.004054367542266846e-01
4.004054367542266846e-01
4.004054367542266846e-01
4.004054367542266846e-01
4.004054367542266846e-01
4.004054367542266846e-01
4.004054367542266846e-01
4.004054367542266846e-01
4.004054367542266846e-01
4.004054367542266846e-01
4.004054367542266846e-01
4.004054367542266846e-01
4.004054367542266846e-01
4.004054367542266846e-01
4.004054367542266846e-01
4.004054367542266846e-01
4.004054367542266846e-01
4.004054367542266846e-01
4.004054367542266846e-01
4.004054367542266846e-01
4.004054367542266846e-01
4.333423376083374023e-01
4.004054367542266846e-01
4.004054367542266846e-01
4.004054367542266846e-01
4.004054367542266846e-01
4.004054367542266846e-01
4.004054367542266846e-01
4.004054367542266846e-01
4.004054367542266846e-01
4.004054367542266846e-01
4.004054367542266846e-01
4.004054367542266846e-01
4.004054367542266846e-01
4.004054367542266846e-01
4.004054367542266846e-01
4.004054367542266846e-01
4.004054367542266846e-01
4.004054367542266846e-01
4.004054367542266846e-01
4.004054367542266846e-01
4.004054367542266846e-01
5.132606029510498047e-01
4.004054367542266846e-01
4.910616278648376465e-01
5.068850517272949219e-01
4.004054367542266846e-01
4.004054367542266846e-01
4.004054367542266846e-01
4.004054367542266846e-01
4.596306681632995605e-01
4.004054367542266846e-01
4.004054367542266846e-01
4.004054367542266846e-01
4.004054367542266846e-01
4.004054367542266846e-01
4.004054367542266846e-01
4.004054367542266846e-01
4.004054367542266846e-01
4.004054367542266846e-01
4.004054367542266846e-01
4.004054367542266846e-01
4.004054367542266846e-01
4.004054367542266846e-01
4.004054367542266846e-01
4.004054367542266846e-01
4.004054367542266846e-01
4.333423376083374023e-01
4.004054367542266846e-01
4.333423376083374023e-01
4.004054367542266846e-01
4.004054367542266846e-01
4.004054367542266846e-01
4.004054367542266846e-01
4.004054367542266846e-01
4.004054367542266846e-01
4.004054367542266846e-01
4.004054367542266846e-01
4.004054367542266846e-01
4.004054367542266846e-01
4.004054367542266846e-01
4.004054367542266846e-01
4.004054367542266846e-01
4.004054367542266846e-01
4.004054367542266846e-01
4.004054367542266846e-01
4.004054367542266846e-01
4.004054367542266846e-01
4.004054367542266846e-01
4.004054367542266846e-01
4.004054367542266846e-01
4.004054367542266846e-01
4.004054367542266846e-01
4.004054367542266846e-01
4.004054367542266846e-01
4.004054367542266846e-01
4.004054367542266846e-01
4.004054367542266846e-01
4.004054367542266846e-01
4.004054367542266846e-01
4.004054367542266846e-01
4.004054367542266846e-01
4.004054367542266846e-01
4.004054367542266846e-01
4.004054367542266846e-01
4.004054367542266846e-01
4.004054367542266846e-01
4.004054367542266846e-01
4.004054367542266846e-01
4.004054367542266846e-01
4.004054367542266846e-01
4.004054367542266846e-01
4.004054367542266846e-01
4.004054367542266846e-01
4.004054367542266846e-01
4.004054367542266846e-01
4.004054367542266846e-01
4.004054367542266846e-01
4.004054367542266846e-01
4.004054367542266846e-01
4.004054367542266846e-01
4.004054367542266846e-01
4.004054367542266846e-01
4.004054367542266846e-01
4.004054367542266846e-01
4.004054367542266846e-01
4.004054367542266846e-01
4.004054367542266846e-01
4.004054367542266846e-01
4.004054367542266846e-01
4.333423376083374023e-01
4.004054367542266846e-01
4.004054367542266846e-01
4.004054367542266846e-01
4.004054367542266846e-01
4.004054367542266846e-01
4.004054367542266846e-01
4.333423376083374023e-01
4.004054367542266846e-01
4.004054367542266846e-01
4.004054367542266846e-01
4.004054367542266846e-01
4.004054367542266846e-01
4.004054367542266846e-01
4.004054367542266846e-01
4.004054367542266846e-01
4.004054367542266846e-01
4.004054367542266846e-01
4.004054367542266846e-01
4.004054367542266846e-01
4.004054367542266846e-01
4.004054367542266846e-01
4.004054367542266846e-01
4.004054367542266846e-01
4.004054367542266846e-01
4.004054367542266846e-01
4.004054367542266846e-01
4.004054367542266846e-01
4.004054367542266846e-01
4.004054367542266846e-01
4.004054367542266846e-01
4.004054367542266846e-01
4.004054367542266846e-01
4.004054367542266846e-01
4.004054367542266846e-01
4.004054367542266846e-01
4.004054367542266846e-01
4.004054367542266846e-01
4.004054367542266846e-01
4.004054367542266846e-01
4.004054367542266846e-01
4.004054367542266846e-01
4.004054367542266846e-01
4.004054367542266846e-01
4.004054367542266846e-01
4.004054367542266846e-01
4.004054367542266846e-01
4.004054367542266846e-01
4.004054367542266846e-01
4.004054367542266846e-01
4.004054367542266846e-01
4.004054367542266846e-01
4.004054367542266846e-01
4.004054367542266846e-01
4.004054367542266846e-01
4.004054367542266846e-01
4.004054367542266846e-01
4.004054367542266846e-01
4.004054367542266846e-01
4.004054367542266846e-01
4.004054367542266846e-01
4.004054367542266846e-01
4.004054367542266846e-01
4.004054367542266846e-01
4.004054367542266846e-01
4.004054367542266846e-01
4.004054367542266846e-01
4.004054367542266846e-01
4.004054367542266846e-01
4.004054367542266846e-01
4.004054367542266846e-01
4.004054367542266846e-01
4.004054367542266846e-01
4.004054367542266846e-01
4.004054367542266846e-01
4.004054367542266846e-01
4.004054367542266846e-01
4.004054367542266846e-01
4.004054367542266846e-01
4.004054367542266846e-01
4.004054367542266846e-01
4.004054367542266846e-01
4.004054367542266846e-01
4.004054367542266846e-01
4.004054367542266846e-01
4.004054367542266846e-01
4.004054367542266846e-01
4.004054367542266846e-01
4.004054367542266846e-01
4.004054367542266846e-01
4.004054367542266846e-01
4.004054367542266846e-01
4.004054367542266846e-01
4.004054367542266846e-01
4.004054367542266846e-01
4.004054367542266846e-01
4.004054367542266846e-01
4.004054367542266846e-01
4.004054367542266846e-01
4.004054367542266846e-01
4.004054367542266846e-01
4.004054367542266846e-01
4.004054367542266846e-01
4.004054367542266846e-01
4.004054367542266846e-01
4.004054367542266846e-01
4.004054367542266846e-01
4.004054367542266846e-01
4.004054367542266846e-01
4.004054367542266846e-01
4.004054367542266846e-01
4.004054367542266846e-01
4.004054367542266846e-01
4.004054367542266846e-01
4.004054367542266846e-01
4.004054367542266846e-01
4.004054367542266846e-01
4.004054367542266846e-01
4.004054367542266846e-01
4.004054367542266846e-01
4.004054367542266846e-01
4.004054367542266846e-01
4.004054367542266846e-01
4.004054367542266846e-01
4.004054367542266846e-01
4.004054367542266846e-01
4.004054367542266846e-01
4.004054367542266846e-01
4.004054367542266846e-01
4.004054367542266846e-01
4.004054367542266846e-01
4.004054367542266846e-01
4.004054367542266846e-01
4.004054367542266846e-01
4.004054367542266846e-01
4.004054367542266846e-01
4.004054367542266846e-01
4.004054367542266846e-01
4.004054367542266846e-01
4.004054367542266846e-01
4.004054367542266846e-01
4.004054367542266846e-01
4.004054367542266846e-01
4.004054367542266846e-01
4.004054367542266846e-01
4.004054367542266846e-01
4.004054367542266846e-01
4.004054367542266846e-01
4.004054367542266846e-01
4.004054367542266846e-01
4.004054367542266846e-01
4.004054367542266846e-01
4.004054367542266846e-01
4.004054367542266846e-01
4.004054367542266846e-01
4.004054367542266846e-01
4.004054367542266846e-01
4.004054367542266846e-01
4.004054367542266846e-01
4.004054367542266846e-01
4.004054367542266846e-01
4.004054367542266846e-01
4.004054367542266846e-01
4.004054367542266846e-01
4.004054367542266846e-01
4.004054367542266846e-01
4.004054367542266846e-01
4.004054367542266846e-01
4.004054367542266846e-01
4.004054367542266846e-01
4.004054367542266846e-01
4.004054367542266846e-01
4.004054367542266846e-01
4.004054367542266846e-01
4.004054367542266846e-01
4.004054367542266846e-01
4.004054367542266846e-01
4.004054367542266846e-01
4.004054367542266846e-01
4.004054367542266846e-01
4.004054367542266846e-01
4.004054367542266846e-01
4.004054367542266846e-01
4.004054367542266846e-01
4.004054367542266846e-01
4.004054367542266846e-01
4.004054367542266846e-01
4.004054367542266846e-01
4.004054367542266846e-01
4.004054367542266846e-01
4.910616278648376465e-01
4.004054367542266846e-01
4.004054367542266846e-01
4.004054367542266846e-01
4.004054367542266846e-01
4.004054367542266846e-01
4.004054367542266846e-01
4.004054367542266846e-01
4.004054367542266846e-01
4.004054367542266846e-01
4.004054367542266846e-01
4.004054367542266846e-01
4.004054367542266846e-01
4.004054367542266846e-01
4.004054367542266846e-01
4.004054367542266846e-01
4.004054367542266846e-01
4.004054367542266846e-01
4.004054367542266846e-01
4.004054367542266846e-01
4.004054367542266846e-01
4.004054367542266846e-01
4.004054367542266846e-01
4.004054367542266846e-01
4.004054367542266846e-01
4.004054367542266846e-01
4.004054367542266846e-01
4.004054367542266846e-01
4.004054367542266846e-01
4.004054367542266846e-01
4.004054367542266846e-01
4.004054367542266846e-01
4.004054367542266846e-01
4.004054367542266846e-01
4.004054367542266846e-01
4.004054367542266846e-01
4.004054367542266846e-01
4.004054367542266846e-01
4.004054367542266846e-01
4.004054367542266846e-01
4.004054367542266846e-01
4.004054367542266846e-01
4.004054367542266846e-01
4.004054367542266846e-01
4.004054367542266846e-01
4.004054367542266846e-01
4.004054367542266846e-01
4.004054367542266846e-01
4.004054367542266846e-01
4.004054367542266846e-01
4.004054367542266846e-01
4.004054367542266846e-01
4.004054367542266846e-01
4.004054367542266846e-01
4.004054367542266846e-01
4.004054367542266846e-01
4.004054367542266846e-01
4.004054367542266846e-01
4.004054367542266846e-01
4.004054367542266846e-01
4.004054367542266846e-01
4.004054367542266846e-01
4.004054367542266846e-01
4.004054367542266846e-01
4.004054367542266846e-01
4.004054367542266846e-01
4.004054367542266846e-01
4.004054367542266846e-01
4.004054367542266846e-01
4.004054367542266846e-01
4.004054367542266846e-01
4.004054367542266846e-01
4.004054367542266846e-01
4.004054367542266846e-01
4.004054367542266846e-01
4.004054367542266846e-01
4.004054367542266846e-01
4.004054367542266846e-01
4.004054367542266846e-01
4.004054367542266846e-01
4.004054367542266846e-01
4.004054367542266846e-01
4.004054367542266846e-01
4.004054367542266846e-01
4.004054367542266846e-01
4.004054367542266846e-01
4.004054367542266846e-01
4.004054367542266846e-01
4.004054367542266846e-01
4.004054367542266846e-01
4.004054367542266846e-01
4.004054367542266846e-01
4.004054367542266846e-01
4.004054367542266846e-01
4.004054367542266846e-01
4.004054367542266846e-01
4.004054367542266846e-01
4.004054367542266846e-01
4.004054367542266846e-01
4.004054367542266846e-01
4.004054367542266846e-01
4.004054367542266846e-01
4.004054367542266846e-01
4.004054367542266846e-01
4.004054367542266846e-01
4.004054367542266846e-01
4.004054367542266846e-01
4.004054367542266846e-01
4.004054367542266846e-01
4.004054367542266846e-01
4.609109759330749512e-01
4.004054367542266846e-01
4.004054367542266846e-01
4.004054367542266846e-01
4.910616278648376465e-01
4.004054367542266846e-01
4.004054367542266846e-01
4.004054367542266846e-01
4.004054367542266846e-01
4.004054367542266846e-01
5.021959543228149414e-01
4.004054367542266846e-01
4.337747097015380859e-01
4.814757704734802246e-01
4.910616278648376465e-01
4.004054367542266846e-01
4.004054367542266846e-01
4.004054367542266846e-01
4.910616278648376465e-01
4.004054367542266846e-01
4.333423376083374023e-01
4.984906315803527832e-01
4.004054367542266846e-01
4.004054367542266846e-01
4.004054367542266846e-01
4.333423376083374023e-01
4.004054367542266846e-01
4.333423376083374023e-01
4.004054367542266846e-01
4.004054367542266846e-01
4.681140482425689697e-01
4.659925401210784912e-01
4.004054367542266846e-01
4.004054367542266846e-01
4.004054367542266846e-01
4.004054367542266846e-01
4.881294965744018555e-01
5.071614384651184082e-01
4.848416149616241455e-01
4.809637665748596191e-01
5.016551613807678223e-01
4.910616278648376465e-01
4.004054367542266846e-01
4.004054367542266846e-01
4.816503822803497314e-01
4.333423376083374023e-01
4.004054367542266846e-01
4.004054367542266846e-01
5.045610666275024414e-01
4.004054367542266846e-01
4.004054367542266846e-01
4.004054367542266846e-01
4.004054367542266846e-01
4.004054367542266846e-01
4.004054367542266846e-01
4.004054367542266846e-01
4.004054367542266846e-01
4.004054367542266846e-01
4.004054367542266846e-01
4.004054367542266846e-01
4.004054367542266846e-01
4.004054367542266846e-01
4.004054367542266846e-01
4.004054367542266846e-01
4.004054367542266846e-01
4.004054367542266846e-01
4.004054367542266846e-01
4.004054367542266846e-01
4.004054367542266846e-01
4.004054367542266846e-01
4.004054367542266846e-01
4.004054367542266846e-01
4.004054367542266846e-01
4.004054367542266846e-01
4.004054367542266846e-01
4.004054367542266846e-01
4.004054367542266846e-01
4.004054367542266846e-01
4.004054367542266846e-01
4.004054367542266846e-01
4.004054367542266846e-01
4.004054367542266846e-01
4.004054367542266846e-01
4.004054367542266846e-01
4.004054367542266846e-01
4.004054367542266846e-01
4.004054367542266846e-01
4.004054367542266846e-01
4.004054367542266846e-01
4.004054367542266846e-01
4.004054367542266846e-01
4.004054367542266846e-01
4.004054367542266846e-01
4.004054367542266846e-01
4.004054367542266846e-01
4.004054367542266846e-01
4.004054367542266846e-01
4.004054367542266846e-01
4.004054367542266846e-01
4.004054367542266846e-01
4.004054367542266846e-01
4.004054367542266846e-01
4.004054367542266846e-01
4.004054367542266846e-01
4.004054367542266846e-01
4.004054367542266846e-01
4.004054367542266846e-01
4.004054367542266846e-01
4.004054367542266846e-01
4.004054367542266846e-01
4.004054367542266846e-01
4.004054367542266846e-01
4.004054367542266846e-01
4.004054367542266846e-01
4.004054367542266846e-01
4.004054367542266846e-01
4.004054367542266846e-01
4.004054367542266846e-01
4.004054367542266846e-01
4.004054367542266846e-01
4.004054367542266846e-01
4.004054367542266846e-01
4.004054367542266846e-01
4.004054367542266846e-01
4.004054367542266846e-01
4.004054367542266846e-01
4.004054367542266846e-01
4.004054367542266846e-01
4.004054367542266846e-01
4.004054367542266846e-01
4.004054367542266846e-01
4.004054367542266846e-01
4.004054367542266846e-01
4.004054367542266846e-01
4.004054367542266846e-01
4.004054367542266846e-01
4.004054367542266846e-01
4.004054367542266846e-01
4.004054367542266846e-01
4.004054367542266846e-01
4.004054367542266846e-01
4.004054367542266846e-01
4.004054367542266846e-01
4.004054367542266846e-01
4.004054367542266846e-01
4.004054367542266846e-01
4.004054367542266846e-01
4.004054367542266846e-01
4.323834180831909180e-01
4.004054367542266846e-01
4.004054367542266846e-01
4.004054367542266846e-01
4.004054367542266846e-01
4.004054367542266846e-01
4.004054367542266846e-01
4.004054367542266846e-01
4.004054367542266846e-01
4.004054367542266846e-01
4.004054367542266846e-01
4.004054367542266846e-01
4.004054367542266846e-01
4.004054367542266846e-01
4.004054367542266846e-01
4.004054367542266846e-01
4.004054367542266846e-01
4.004054367542266846e-01
4.004054367542266846e-01
4.004054367542266846e-01
4.004054367542266846e-01
4.004054367542266846e-01
4.004054367542266846e-01
4.004054367542266846e-01
4.004054367542266846e-01
4.004054367542266846e-01
4.004054367542266846e-01
4.004054367542266846e-01
4.004054367542266846e-01
4.004054367542266846e-01
4.004054367542266846e-01
4.004054367542266846e-01
4.004054367542266846e-01
4.004054367542266846e-01
4.004054367542266846e-01
4.720092117786407471e-01
4.004054367542266846e-01
5.672941803932189941e-01
4.004054367542266846e-01
4.004054367542266846e-01
4.004054367542266846e-01
4.004054367542266846e-01
4.004054367542266846e-01
4.004054367542266846e-01
4.004054367542266846e-01
4.004054367542266846e-01
4.004054367542266846e-01
4.004054367542266846e-01
4.004054367542266846e-01
4.004054367542266846e-01
4.004054367542266846e-01
4.004054367542266846e-01
4.004054367542266846e-01
4.004054367542266846e-01
4.004054367542266846e-01
4.004054367542266846e-01
4.004054367542266846e-01
4.004054367542266846e-01
4.004054367542266846e-01
4.004054367542266846e-01
4.004054367542266846e-01
4.004054367542266846e-01
4.004054367542266846e-01
4.004054367542266846e-01
4.004054367542266846e-01
4.004054367542266846e-01
4.004054367542266846e-01
4.004054367542266846e-01
4.004054367542266846e-01
4.004054367542266846e-01
4.004054367542266846e-01
4.004054367542266846e-01
4.004054367542266846e-01
4.004054367542266846e-01
4.004054367542266846e-01
4.004054367542266846e-01
4.004054367542266846e-01
4.004054367542266846e-01
4.004054367542266846e-01
4.004054367542266846e-01
4.004054367542266846e-01
4.298481941223144531e-01
4.004054367542266846e-01
4.004054367542266846e-01
4.004054367542266846e-01
4.004054367542266846e-01
4.004054367542266846e-01
4.004054367542266846e-01
4.004054367542266846e-01
4.004054367542266846e-01
4.004054367542266846e-01
4.004054367542266846e-01
4.004054367542266846e-01
4.004054367542266846e-01
4.004054367542266846e-01
4.004054367542266846e-01
4.004054367542266846e-01
4.004054367542266846e-01
4.004054367542266846e-01
4.004054367542266846e-01
4.004054367542266846e-01
4.004054367542266846e-01
4.004054367542266846e-01
4.004054367542266846e-01
4.004054367542266846e-01
4.004054367542266846e-01
4.004054367542266846e-01
4.004054367542266846e-01
4.004054367542266846e-01
4.004054367542266846e-01
4.004054367542266846e-01
4.004054367542266846e-01
4.004054367542266846e-01
4.004054367542266846e-01
4.004054367542266846e-01
4.004054367542266846e-01
4.004054367542266846e-01
4.004054367542266846e-01
4.004054367542266846e-01
4.004054367542266846e-01
4.004054367542266846e-01
4.004054367542266846e-01
4.004054367542266846e-01
4.004054367542266846e-01
4.709564745426177979e-01
4.004054367542266846e-01
4.004054367542266846e-01
4.004054367542266846e-01
4.004054367542266846e-01
4.004054367542266846e-01
4.004054367542266846e-01
4.004054367542266846e-01
4.004054367542266846e-01
4.004054367542266846e-01
4.004054367542266846e-01
4.004054367542266846e-01
4.004054367542266846e-01
4.004054367542266846e-01
4.004054367542266846e-01
4.004054367542266846e-01
4.004054367542266846e-01
4.004054367542266846e-01
4.004054367542266846e-01
4.004054367542266846e-01
4.004054367542266846e-01
4.004054367542266846e-01
4.004054367542266846e-01
4.004054367542266846e-01
4.004054367542266846e-01
4.004054367542266846e-01
4.004054367542266846e-01
4.004054367542266846e-01
4.004054367542266846e-01
4.004054367542266846e-01
4.004054367542266846e-01
4.004054367542266846e-01
4.004054367542266846e-01
4.004054367542266846e-01
4.004054367542266846e-01
4.004054367542266846e-01
4.004054367542266846e-01
4.004054367542266846e-01
4.004054367542266846e-01
4.004054367542266846e-01
4.004054367542266846e-01
4.004054367542266846e-01
4.004054367542266846e-01
4.004054367542266846e-01
4.004054367542266846e-01
4.004054367542266846e-01
4.004054367542266846e-01
4.004054367542266846e-01
4.004054367542266846e-01
4.004054367542266846e-01
4.004054367542266846e-01
4.004054367542266846e-01
4.004054367542266846e-01
4.004054367542266846e-01
4.004054367542266846e-01
5.088668465614318848e-01
4.004054367542266846e-01
4.004054367542266846e-01
4.004054367542266846e-01
4.004054367542266846e-01
4.004054367542266846e-01
4.004054367542266846e-01
4.004054367542266846e-01
4.004054367542266846e-01
4.004054367542266846e-01
4.004054367542266846e-01
4.004054367542266846e-01
4.004054367542266846e-01
4.004054367542266846e-01
4.004054367542266846e-01
4.004054367542266846e-01
4.004054367542266846e-01
4.004054367542266846e-01
4.004054367542266846e-01
4.004054367542266846e-01
4.004054367542266846e-01
4.004054367542266846e-01
4.004054367542266846e-01
4.035373032093048096e-01
4.004054367542266846e-01
4.004054367542266846e-01
4.004054367542266846e-01
4.004054367542266846e-01
4.004054367542266846e-01
4.004054367542266846e-01
4.004054367542266846e-01
4.004054367542266846e-01
4.004054367542266846e-01
4.004054367542266846e-01
4.004054367542266846e-01
4.004054367542266846e-01
4.004054367542266846e-01
4.004054367542266846e-01
4.004054367542266846e-01
4.004054367542266846e-01
4.004054367542266846e-01
4.004054367542266846e-01
4.004054367542266846e-01
4.004054367542266846e-01
4.004054367542266846e-01
4.004054367542266846e-01
4.004054367542266846e-01
4.004054367542266846e-01
4.004054367542266846e-01
4.004054367542266846e-01
4.004054367542266846e-01
4.004054367542266846e-01
4.004054367542266846e-01
4.004054367542266846e-01
4.004054367542266846e-01
4.004054367542266846e-01
4.004054367542266846e-01
4.004054367542266846e-01
4.004054367542266846e-01
4.004054367542266846e-01
4.004054367542266846e-01
4.004054367542266846e-01
4.004054367542266846e-01
4.004054367542266846e-01
4.004054367542266846e-01
4.004054367542266846e-01
4.004054367542266846e-01
4.004054367542266846e-01
4.004054367542266846e-01
4.004054367542266846e-01
4.004054367542266846e-01
4.004054367542266846e-01
4.004054367542266846e-01
4.004054367542266846e-01
4.004054367542266846e-01
4.004054367542266846e-01
4.004054367542266846e-01
4.004054367542266846e-01
4.004054367542266846e-01
4.004054367542266846e-01
4.004054367542266846e-01
4.004054367542266846e-01
4.004054367542266846e-01
4.004054367542266846e-01
4.004054367542266846e-01
4.004054367542266846e-01
4.004054367542266846e-01
4.004054367542266846e-01
4.004054367542266846e-01
4.333423376083374023e-01
4.004054367542266846e-01
4.004054367542266846e-01
4.004054367542266846e-01
4.004054367542266846e-01
4.004054367542266846e-01
4.795353114604949951e-01
4.004054367542266846e-01
4.004054367542266846e-01
4.004054367542266846e-01
4.004054367542266846e-01
4.004054367542266846e-01
4.632582962512969971e-01
4.004054367542266846e-01
4.004054367542266846e-01
4.004054367542266846e-01
4.004054367542266846e-01
4.004054367542266846e-01
4.004054367542266846e-01
4.004054367542266846e-01
4.004054367542266846e-01
4.004054367542266846e-01
4.004054367542266846e-01
4.004054367542266846e-01
4.004054367542266846e-01
4.004054367542266846e-01
4.004054367542266846e-01
4.004054367542266846e-01
4.004054367542266846e-01
4.004054367542266846e-01
4.004054367542266846e-01
4.004054367542266846e-01
4.004054367542266846e-01
4.004054367542266846e-01
4.004054367542266846e-01
4.004054367542266846e-01
4.004054367542266846e-01
4.004054367542266846e-01
4.004054367542266846e-01
4.004054367542266846e-01
4.004054367542266846e-01
4.004054367542266846e-01
4.004054367542266846e-01
4.004054367542266846e-01
4.004054367542266846e-01
4.004054367542266846e-01
4.004054367542266846e-01
4.004054367542266846e-01
4.004054367542266846e-01
4.004054367542266846e-01
4.004054367542266846e-01
4.004054367542266846e-01
4.004054367542266846e-01
4.004054367542266846e-01
4.004054367542266846e-01
4.004054367542266846e-01
4.004054367542266846e-01
4.004054367542266846e-01
4.004054367542266846e-01
4.004054367542266846e-01
4.004054367542266846e-01
4.004054367542266846e-01
4.004054367542266846e-01
4.004054367542266846e-01
4.004054367542266846e-01
4.004054367542266846e-01
4.004054367542266846e-01
4.004054367542266846e-01
4.004054367542266846e-01
4.004054367542266846e-01
4.004054367542266846e-01
4.004054367542266846e-01
4.004054367542266846e-01
4.004054367542266846e-01
4.004054367542266846e-01
4.004054367542266846e-01
4.004054367542266846e-01
4.004054367542266846e-01
4.004054367542266846e-01
4.004054367542266846e-01
4.004054367542266846e-01
4.004054367542266846e-01
4.004054367542266846e-01
4.004054367542266846e-01
4.004054367542266846e-01
5.091142654418945312e-01
4.004054367542266846e-01
4.004054367542266846e-01
4.004054367542266846e-01
4.004054367542266846e-01
4.004054367542266846e-01
4.004054367542266846e-01
4.004054367542266846e-01
4.004054367542266846e-01
4.004054367542266846e-01
4.004054367542266846e-01
4.004054367542266846e-01
4.004054367542266846e-01
4.004054367542266846e-01
4.004054367542266846e-01
4.004054367542266846e-01
4.004054367542266846e-01
4.004054367542266846e-01
4.004054367542266846e-01
4.004054367542266846e-01
4.004054367542266846e-01
4.004054367542266846e-01
4.004054367542266846e-01
4.004054367542266846e-01
4.004054367542266846e-01
4.004054367542266846e-01
4.004054367542266846e-01
4.004054367542266846e-01
4.004054367542266846e-01
4.004054367542266846e-01
4.004054367542266846e-01
4.004054367542266846e-01
4.004054367542266846e-01
4.004054367542266846e-01
4.004054367542266846e-01
4.004054367542266846e-01
4.004054367542266846e-01
4.004054367542266846e-01
4.004054367542266846e-01
4.004054367542266846e-01
4.004054367542266846e-01
4.004054367542266846e-01
4.004054367542266846e-01
4.004054367542266846e-01
4.004054367542266846e-01
4.004054367542266846e-01
4.004054367542266846e-01
4.004054367542266846e-01
4.004054367542266846e-01
4.004054367542266846e-01
4.004054367542266846e-01
4.004054367542266846e-01
4.004054367542266846e-01
4.004054367542266846e-01
4.004054367542266846e-01
4.004054367542266846e-01
4.004054367542266846e-01
4.004054367542266846e-01
4.004054367542266846e-01
4.004054367542266846e-01
4.004054367542266846e-01
4.004054367542266846e-01
4.004054367542266846e-01
4.004054367542266846e-01
4.004054367542266846e-01
4.004054367542266846e-01
4.004054367542266846e-01
4.004054367542266846e-01
4.004054367542266846e-01
4.004054367542266846e-01
4.004054367542266846e-01
4.004054367542266846e-01
4.004054367542266846e-01
4.004054367542266846e-01
4.004054367542266846e-01
4.004054367542266846e-01
4.004054367542266846e-01
4.004054367542266846e-01
4.004054367542266846e-01
4.004054367542266846e-01
4.004054367542266846e-01
4.004054367542266846e-01
4.004054367542266846e-01
4.004054367542266846e-01
4.004054367542266846e-01
4.004054367542266846e-01
4.004054367542266846e-01
4.004054367542266846e-01
4.004054367542266846e-01
4.004054367542266846e-01
4.004054367542266846e-01
4.004054367542266846e-01
4.004054367542266846e-01
4.004054367542266846e-01
4.004054367542266846e-01
4.004054367542266846e-01
4.004054367542266846e-01
4.004054367542266846e-01
4.004054367542266846e-01
4.004054367542266846e-01
4.004054367542266846e-01
4.004054367542266846e-01
4.004054367542266846e-01
4.004054367542266846e-01
4.004054367542266846e-01
4.004054367542266846e-01
4.004054367542266846e-01
4.004054367542266846e-01
4.004054367542266846e-01
4.004054367542266846e-01
4.004054367542266846e-01
4.004054367542266846e-01
4.004054367542266846e-01
4.004054367542266846e-01
4.004054367542266846e-01
4.004054367542266846e-01
4.004054367542266846e-01
4.004054367542266846e-01
4.004054367542266846e-01
4.004054367542266846e-01
4.004054367542266846e-01
4.004054367542266846e-01
4.004054367542266846e-01
4.004054367542266846e-01
4.004054367542266846e-01
4.004054367542266846e-01
4.004054367542266846e-01
4.004054367542266846e-01
4.004054367542266846e-01
4.004054367542266846e-01
4.004054367542266846e-01
4.004054367542266846e-01
4.004054367542266846e-01
4.004054367542266846e-01
4.004054367542266846e-01
4.004054367542266846e-01
4.004054367542266846e-01
4.004054367542266846e-01
4.004054367542266846e-01
4.004054367542266846e-01
4.004054367542266846e-01
4.004054367542266846e-01
4.004054367542266846e-01
4.004054367542266846e-01
4.004054367542266846e-01
4.004054367542266846e-01
4.004054367542266846e-01
4.004054367542266846e-01
4.004054367542266846e-01
4.004054367542266846e-01
4.004054367542266846e-01
4.004054367542266846e-01
4.004054367542266846e-01
4.004054367542266846e-01
4.004054367542266846e-01
4.004054367542266846e-01
4.004054367542266846e-01
4.004054367542266846e-01
4.004054367542266846e-01
4.004054367542266846e-01
4.004054367542266846e-01
4.004054367542266846e-01
4.004054367542266846e-01
4.333423376083374023e-01
4.333423376083374023e-01
4.910616278648376465e-01
6.376764774322509766e-01
4.932941198348999023e-01
4.932949244976043701e-01
4.004054367542266846e-01
4.774349033832550049e-01
6.353638768196105957e-01
4.004054367542266846e-01
4.004054367542266846e-01
4.004054367542266846e-01
4.004054367542266846e-01
4.004054367542266846e-01
4.004054367542266846e-01
4.004054367542266846e-01
4.004054367542266846e-01
4.004054367542266846e-01
4.004054367542266846e-01
4.004054367542266846e-01
4.004054367542266846e-01
4.004054367542266846e-01
4.004054367542266846e-01
4.004054367542266846e-01
4.004054367542266846e-01
4.004054367542266846e-01
4.004054367542266846e-01
4.004054367542266846e-01
4.004054367542266846e-01
4.004054367542266846e-01
4.004054367542266846e-01
4.004054367542266846e-01
4.004054367542266846e-01
4.004054367542266846e-01
4.004054367542266846e-01
4.004054367542266846e-01
4.004054367542266846e-01
4.004054367542266846e-01
4.004054367542266846e-01
4.004054367542266846e-01
4.004054367542266846e-01
4.004054367542266846e-01
4.004054367542266846e-01
4.004054367542266846e-01
4.004054367542266846e-01
4.004054367542266846e-01
4.004054367542266846e-01
4.004054367542266846e-01
4.004054367542266846e-01
4.004054367542266846e-01
4.004054367542266846e-01
4.004054367542266846e-01
4.004054367542266846e-01
4.004054367542266846e-01
4.004054367542266846e-01
4.004054367542266846e-01
4.004054367542266846e-01
4.004054367542266846e-01
4.004054367542266846e-01
4.004054367542266846e-01
4.004054367542266846e-01
6.247808933258056641e-01
4.983784556388854980e-01
5.017188191413879395e-01
5.082115530967712402e-01
4.004054367542266846e-01
4.004054367542266846e-01
4.004054367542266846e-01
4.004054367542266846e-01
4.004054367542266846e-01
4.004054367542266846e-01
4.004054367542266846e-01
4.004054367542266846e-01
4.004054367542266846e-01
4.004054367542266846e-01
4.004054367542266846e-01
4.004054367542266846e-01
4.004054367542266846e-01
4.004054367542266846e-01
4.004054367542266846e-01
4.004054367542266846e-01
4.004054367542266846e-01
4.004054367542266846e-01
4.004054367542266846e-01
4.004054367542266846e-01
5.347889065742492676e-01
4.004054367542266846e-01
4.004054367542266846e-01
4.004054367542266846e-01
4.004054367542266846e-01
4.004054367542266846e-01
4.004054367542266846e-01
4.004054367542266846e-01
4.004054367542266846e-01
4.004054367542266846e-01
4.004054367542266846e-01
4.004054367542266846e-01
4.004054367542266846e-01
4.004054367542266846e-01
4.004054367542266846e-01
4.004054367542266846e-01
4.004054367542266846e-01
4.004054367542266846e-01
4.004054367542266846e-01
4.004054367542266846e-01
4.004054367542266846e-01
4.004054367542266846e-01
4.004054367542266846e-01
4.004054367542266846e-01
4.004054367542266846e-01
4.004054367542266846e-01
4.004054367542266846e-01
4.004054367542266846e-01
4.004054367542266846e-01
4.004054367542266846e-01
4.004054367542266846e-01
4.004054367542266846e-01
4.004054367542266846e-01
4.004054367542266846e-01
4.004054367542266846e-01
4.004054367542266846e-01
4.004054367542266846e-01
4.582760632038116455e-01
4.004054367542266846e-01
4.004054367542266846e-01
4.004054367542266846e-01
4.004054367542266846e-01
4.004054367542266846e-01
4.004054367542266846e-01
4.004054367542266846e-01
4.004054367542266846e-01
4.004054367542266846e-01
4.004054367542266846e-01
4.004054367542266846e-01
4.004054367542266846e-01
4.004054367542266846e-01
4.004054367542266846e-01
4.004054367542266846e-01
4.004054367542266846e-01
4.004054367542266846e-01
4.004054367542266846e-01
4.004054367542266846e-01
4.004054367542266846e-01
4.004054367542266846e-01
4.004054367542266846e-01
4.004054367542266846e-01
4.004054367542266846e-01
4.004054367542266846e-01
4.004054367542266846e-01
4.004054367542266846e-01
4.004054367542266846e-01
4.004054367542266846e-01
4.004054367542266846e-01
4.004054367542266846e-01
4.004054367542266846e-01
4.004054367542266846e-01
4.004054367542266846e-01
4.004054367542266846e-01
4.004054367542266846e-01
4.004054367542266846e-01
4.004054367542266846e-01
4.004054367542266846e-01
4.004054367542266846e-01
4.004054367542266846e-01
4.004054367542266846e-01
4.004054367542266846e-01
4.004054367542266846e-01
4.004054367542266846e-01
4.004054367542266846e-01
4.004054367542266846e-01
4.004054367542266846e-01
4.004054367542266846e-01
4.004054367542266846e-01
4.004054367542266846e-01
4.004054367542266846e-01
4.004054367542266846e-01
4.004054367542266846e-01
4.004054367542266846e-01
4.004054367542266846e-01
4.004054367542266846e-01
4.004054367542266846e-01
4.004054367542266846e-01
4.004054367542266846e-01
4.004054367542266846e-01
4.004054367542266846e-01
4.004054367542266846e-01
4.004054367542266846e-01
4.004054367542266846e-01
4.004054367542266846e-01
4.004054367542266846e-01
4.004054367542266846e-01
4.004054367542266846e-01
4.004054367542266846e-01
4.004054367542266846e-01
4.004054367542266846e-01
4.004054367542266846e-01
4.004054367542266846e-01
4.004054367542266846e-01
4.004054367542266846e-01
4.004054367542266846e-01
4.004054367542266846e-01
4.004054367542266846e-01
4.004054367542266846e-01
4.004054367542266846e-01
4.004054367542266846e-01
4.004054367542266846e-01
4.004054367542266846e-01
4.004054367542266846e-01
4.004054367542266846e-01
4.004054367542266846e-01
4.004054367542266846e-01
4.004054367542266846e-01
4.004054367542266846e-01
4.004054367542266846e-01
4.004054367542266846e-01
4.004054367542266846e-01
4.004054367542266846e-01
4.004054367542266846e-01
4.004054367542266846e-01
4.004054367542266846e-01
4.004054367542266846e-01
4.004054367542266846e-01
4.004054367542266846e-01
4.004054367542266846e-01
4.004054367542266846e-01
4.975151419639587402e-01
4.333417415618896484e-01
4.004054367542266846e-01
4.004054367542266846e-01
4.004054367542266846e-01
4.004054367542266846e-01
4.004054367542266846e-01
4.004054367542266846e-01
5.089191198348999023e-01
4.004054367542266846e-01
4.004054367542266846e-01
4.004054367542266846e-01
4.004054367542266846e-01
4.004054367542266846e-01
4.004054367542266846e-01
4.004054367542266846e-01
4.004054367542266846e-01
4.004054367542266846e-01
4.004054367542266846e-01
4.004054367542266846e-01
4.004054367542266846e-01
4.004054367542266846e-01
4.004054367542266846e-01
4.004054367542266846e-01
4.004054367542266846e-01
4.004054367542266846e-01
4.004054367542266846e-01
4.004054367542266846e-01
4.004054367542266846e-01
4.004054367542266846e-01
4.004054367542266846e-01
4.004054367542266846e-01
4.004054367542266846e-01
4.004054367542266846e-01
4.004054367542266846e-01
4.004054367542266846e-01
4.004054367542266846e-01
4.004054367542266846e-01
4.004054367542266846e-01
4.004054367542266846e-01
4.004054367542266846e-01
4.004054367542266846e-01
4.004054367542266846e-01
4.004054367542266846e-01
4.004054367542266846e-01
4.004054367542266846e-01
4.004054367542266846e-01
4.004054367542266846e-01
4.004054367542266846e-01
4.004054367542266846e-01
4.004054367542266846e-01
4.004054367542266846e-01
4.004054367542266846e-01
4.004054367542266846e-01
4.004054367542266846e-01
4.004054367542266846e-01
4.004054367542266846e-01
4.004054367542266846e-01
4.004054367542266846e-01
4.004054367542266846e-01
4.004054367542266846e-01
4.004054367542266846e-01
4.004054367542266846e-01
4.004054367542266846e-01
4.004054367542266846e-01
4.004054367542266846e-01
4.004054367542266846e-01
4.004054367542266846e-01
4.004054367542266846e-01
4.004054367542266846e-01
4.004054367542266846e-01
4.004054367542266846e-01
4.004054367542266846e-01
4.004054367542266846e-01
4.004054367542266846e-01
4.004054367542266846e-01
4.004054367542266846e-01
4.004054367542266846e-01
4.004054367542266846e-01
4.004054367542266846e-01
4.004054367542266846e-01
4.004054367542266846e-01
4.004054367542266846e-01
4.004054367542266846e-01
4.004054367542266846e-01
4.004054367542266846e-01
4.004054367542266846e-01
4.004054367542266846e-01
4.004054367542266846e-01
4.004054367542266846e-01
4.004054367542266846e-01
4.004054367542266846e-01
4.004054367542266846e-01
4.004054367542266846e-01
4.004054367542266846e-01
4.004054367542266846e-01
4.004054367542266846e-01
4.004054367542266846e-01
4.004054367542266846e-01
4.004054367542266846e-01
4.004054367542266846e-01
4.004054367542266846e-01
4.004054367542266846e-01
4.004054367542266846e-01
4.004054367542266846e-01
4.004054367542266846e-01
4.004054367542266846e-01
4.004054367542266846e-01
4.004054367542266846e-01
4.004054367542266846e-01
4.004054367542266846e-01
4.004054367542266846e-01
4.004054367542266846e-01
4.004054367542266846e-01
4.004054367542266846e-01
4.004054367542266846e-01
4.004054367542266846e-01
4.004054367542266846e-01
4.004054367542266846e-01
4.004054367542266846e-01
4.004054367542266846e-01
4.004054367542266846e-01
4.004054367542266846e-01
4.004054367542266846e-01
4.004054367542266846e-01
4.004054367542266846e-01
4.004054367542266846e-01
4.004054367542266846e-01
4.004054367542266846e-01
4.004054367542266846e-01
4.004054367542266846e-01
4.004054367542266846e-01
4.004054367542266846e-01
4.004054367542266846e-01
4.004054367542266846e-01
4.004054367542266846e-01
4.004054367542266846e-01
4.004054367542266846e-01
4.004054367542266846e-01
4.004054367542266846e-01
4.004054367542266846e-01
4.004054367542266846e-01
4.004054367542266846e-01
4.004054367542266846e-01
4.004054367542266846e-01
4.004054367542266846e-01
4.004054367542266846e-01
4.004054367542266846e-01
4.004054367542266846e-01
4.004054367542266846e-01
4.004054367542266846e-01
4.004054367542266846e-01
4.004054367542266846e-01
4.004054367542266846e-01
4.004054367542266846e-01
4.004054367542266846e-01
4.004054367542266846e-01
4.004054367542266846e-01
4.004054367542266846e-01
4.004054367542266846e-01
4.004054367542266846e-01
4.004054367542266846e-01
4.004054367542266846e-01
4.004054367542266846e-01
4.004054367542266846e-01
4.004054367542266846e-01
4.004054367542266846e-01
4.004054367542266846e-01
4.004054367542266846e-01
4.004054367542266846e-01
4.004054367542266846e-01
4.004054367542266846e-01
4.004054367542266846e-01
4.004054367542266846e-01
4.004054367542266846e-01
4.004054367542266846e-01
4.004054367542266846e-01
4.004054367542266846e-01
4.004054367542266846e-01
4.231021404266357422e-01
4.004054367542266846e-01
4.004054367542266846e-01
4.004054367542266846e-01
4.004054367542266846e-01
4.004054367542266846e-01
4.004054367542266846e-01
4.004054367542266846e-01
4.004054367542266846e-01
4.004054367542266846e-01
4.004054367542266846e-01
4.004054367542266846e-01
4.004054367542266846e-01
4.004054367542266846e-01
4.004054367542266846e-01
4.004054367542266846e-01
4.004054367542266846e-01
4.004054367542266846e-01
4.004054367542266846e-01
4.004054367542266846e-01
4.004054367542266846e-01
4.004054367542266846e-01
4.004054367542266846e-01
4.004054367542266846e-01
4.004054367542266846e-01
4.004054367542266846e-01
4.004054367542266846e-01
4.004054367542266846e-01
4.004054367542266846e-01
4.004054367542266846e-01
4.004054367542266846e-01
5.071929097175598145e-01
5.091190934181213379e-01
4.004054367542266846e-01
4.004054367542266846e-01
4.004054367542266846e-01
6.503732800483703613e-01
4.004054367542266846e-01
4.004054367542266846e-01
4.004054367542266846e-01
5.092007517814636230e-01
4.004054367542266846e-01
4.004054367542266846e-01
4.955790638923645020e-01
4.103081822395324707e-01
5.016772150993347168e-01
4.004054367542266846e-01
4.004054367542266846e-01
4.004054367542266846e-01
4.004054367542266846e-01
4.004054367542266846e-01
4.763795733451843262e-01
4.004054367542266846e-01
4.004054367542266846e-01
4.004054367542266846e-01
4.004054367542266846e-01
4.004054367542266846e-01
4.004054367542266846e-01
4.004054367542266846e-01
4.004054367542266846e-01
4.004054367542266846e-01
4.004054367542266846e-01
4.004054367542266846e-01
4.004054367542266846e-01
4.004054367542266846e-01
4.004054367542266846e-01
4.004054367542266846e-01
4.004054367542266846e-01
4.004054367542266846e-01
4.004054367542266846e-01
4.004054367542266846e-01
4.004054367542266846e-01
4.004054367542266846e-01
4.004054367542266846e-01
4.004054367542266846e-01
4.004054367542266846e-01
4.004054367542266846e-01
4.004054367542266846e-01
4.004054367542266846e-01
4.004054367542266846e-01
4.004054367542266846e-01
4.004054367542266846e-01
4.004054367542266846e-01
4.004054367542266846e-01
4.004054367542266846e-01
4.004054367542266846e-01
4.004054367542266846e-01
4.004054367542266846e-01
4.004054367542266846e-01
4.004054367542266846e-01
4.004054367542266846e-01
4.004054367542266846e-01
4.004054367542266846e-01
4.004054367542266846e-01
4.004054367542266846e-01
4.004054367542266846e-01
4.004054367542266846e-01
4.004054367542266846e-01
4.004054367542266846e-01
4.004054367542266846e-01
4.004054367542266846e-01
4.004054367542266846e-01
4.004054367542266846e-01
4.004054367542266846e-01
4.004054367542266846e-01
4.004054367542266846e-01
4.004054367542266846e-01
4.004054367542266846e-01
4.004054367542266846e-01
4.004054367542266846e-01
4.004054367542266846e-01
4.333423376083374023e-01
4.004054367542266846e-01
4.004054367542266846e-01
4.333423376083374023e-01
4.333423376083374023e-01
4.004054367542266846e-01
4.333423376083374023e-01
4.004054367542266846e-01
4.004054367542266846e-01
4.004054367542266846e-01
4.004054367542266846e-01
4.352056980133056641e-01
4.004054367542266846e-01
5.048779249191284180e-01
5.017666816711425781e-01
5.070091485977172852e-01
4.004054367542266846e-01
5.088162422180175781e-01
4.004054367542266846e-01
4.004054367542266846e-01
4.004054367542266846e-01
4.004054367542266846e-01
4.004054367542266846e-01
4.892797172069549561e-01
4.004054367542266846e-01
4.004054367542266846e-01
4.004054367542266846e-01
4.004054367542266846e-01
4.004054367542266846e-01
4.004054367542266846e-01
4.004054367542266846e-01
4.004054367542266846e-01
4.004054367542266846e-01
4.004054367542266846e-01
4.004054367542266846e-01
4.004054367542266846e-01
4.004054367542266846e-01
4.004054367542266846e-01
4.004054367542266846e-01
4.004054367542266846e-01
4.004054367542266846e-01
4.004054367542266846e-01
4.004054367542266846e-01
4.004054367542266846e-01
4.004054367542266846e-01
4.004054367542266846e-01
4.004054367542266846e-01
4.004054367542266846e-01
4.004054367542266846e-01
4.004054367542266846e-01
4.004054367542266846e-01
4.004054367542266846e-01
4.004054367542266846e-01
4.004054367542266846e-01
4.004054367542266846e-01
4.004054367542266846e-01
4.004054367542266846e-01
4.004054367542266846e-01
4.004054367542266846e-01
4.004054367542266846e-01
4.004054367542266846e-01
4.004054367542266846e-01
4.004054367542266846e-01
4.004054367542266846e-01
4.004054367542266846e-01
4.004054367542266846e-01
4.004054367542266846e-01
4.004054367542266846e-01
4.004054367542266846e-01
4.004054367542266846e-01
4.004054367542266846e-01
4.004054367542266846e-01
4.004054367542266846e-01
4.004054367542266846e-01
4.004054367542266846e-01
4.004054367542266846e-01
4.004054367542266846e-01
4.004054367542266846e-01
4.004054367542266846e-01
4.004054367542266846e-01
4.004054367542266846e-01
4.004054367542266846e-01
4.004054367542266846e-01
4.004054367542266846e-01
4.004054367542266846e-01
4.004054367542266846e-01
4.360921382904052734e-01
5.084345936775207520e-01
4.964726865291595459e-01
4.004054367542266846e-01
4.004054367542266846e-01
4.004054367542266846e-01
4.004054367542266846e-01
4.004054367542266846e-01
4.004054367542266846e-01
4.004054367542266846e-01
4.004054367542266846e-01
4.004054367542266846e-01
4.004054367542266846e-01
4.004054367542266846e-01
4.004054367542266846e-01
4.004054367542266846e-01
4.004054367542266846e-01
4.004054367542266846e-01
4.004054367542266846e-01
4.004054367542266846e-01
4.004054367542266846e-01
4.004054367542266846e-01
4.004054367542266846e-01
4.004054367542266846e-01
4.004054367542266846e-01
4.004054367542266846e-01
4.004054367542266846e-01
4.004054367542266846e-01
4.004054367542266846e-01
4.004054367542266846e-01
4.004054367542266846e-01
4.004054367542266846e-01
4.004054367542266846e-01
4.004054367542266846e-01
4.004054367542266846e-01
4.004054367542266846e-01
4.004054367542266846e-01
4.004054367542266846e-01
4.004054367542266846e-01
4.004054367542266846e-01
4.004054367542266846e-01
4.004054367542266846e-01
4.004054367542266846e-01
4.004054367542266846e-01
4.004054367542266846e-01
4.004054367542266846e-01
4.004054367542266846e-01
4.004054367542266846e-01
4.004054367542266846e-01
4.004054367542266846e-01
4.004054367542266846e-01
4.004054367542266846e-01
4.004054367542266846e-01
4.004054367542266846e-01
4.004054367542266846e-01
4.004054367542266846e-01
4.004054367542266846e-01
4.004054367542266846e-01
4.004054367542266846e-01
4.004054367542266846e-01
4.004054367542266846e-01
4.004054367542266846e-01
4.004054367542266846e-01
4.004054367542266846e-01
4.004054367542266846e-01
4.004054367542266846e-01
4.004054367542266846e-01
4.004054367542266846e-01
4.004054367542266846e-01
4.004054367542266846e-01
4.004054367542266846e-01
4.004054367542266846e-01
4.004054367542266846e-01
4.004054367542266846e-01
4.004054367542266846e-01
4.004054367542266846e-01
4.004054367542266846e-01
4.004054367542266846e-01
4.004054367542266846e-01
4.004054367542266846e-01
4.004054367542266846e-01
4.004054367542266846e-01
4.004054367542266846e-01
4.004054367542266846e-01
4.004054367542266846e-01
4.004054367542266846e-01
4.004054367542266846e-01
4.004054367542266846e-01
4.004054367542266846e-01
4.004054367542266846e-01
4.004054367542266846e-01
4.004054367542266846e-01
4.004054367542266846e-01
4.004054367542266846e-01
4.004054367542266846e-01
4.004054367542266846e-01
4.004054367542266846e-01
4.004054367542266846e-01
4.004054367542266846e-01
4.007138609886169434e-01
4.910616278648376465e-01
4.004054367542266846e-01
4.004054367542266846e-01
4.004054367542266846e-01
4.004054367542266846e-01
4.004054367542266846e-01
4.004054367542266846e-01
4.004054367542266846e-01
4.004054367542266846e-01
4.004054367542266846e-01
4.004054367542266846e-01
4.004054367542266846e-01
4.004054367542266846e-01
4.004054367542266846e-01
4.004054367542266846e-01
4.004054367542266846e-01
4.004054367542266846e-01
4.004054367542266846e-01
4.004054367542266846e-01
4.004054367542266846e-01
4.004054367542266846e-01
4.004054367542266846e-01
4.004054367542266846e-01
4.004054367542266846e-01
4.004054367542266846e-01
4.004054367542266846e-01
4.004054367542266846e-01
4.004054367542266846e-01
4.004054367542266846e-01
4.004054367542266846e-01
4.004054367542266846e-01
4.004054367542266846e-01
4.004054367542266846e-01
4.004054367542266846e-01
4.004054367542266846e-01
4.004054367542266846e-01
4.004054367542266846e-01
4.004054367542266846e-01
4.004054367542266846e-01
4.004054367542266846e-01
4.004054367542266846e-01
4.004054367542266846e-01
4.004054367542266846e-01
4.004054367542266846e-01
4.004054367542266846e-01
4.004054367542266846e-01
4.004054367542266846e-01
4.004054367542266846e-01
4.004054367542266846e-01
4.004054367542266846e-01
4.004054367542266846e-01
4.004054367542266846e-01
4.004054367542266846e-01
4.004054367542266846e-01
4.004054367542266846e-01
4.004054367542266846e-01
4.004054367542266846e-01
4.004054367542266846e-01
4.004054367542266846e-01
4.004054367542266846e-01
4.004054367542266846e-01
4.004054367542266846e-01
4.004054367542266846e-01
4.004054367542266846e-01
4.004054367542266846e-01
4.004054367542266846e-01
4.004054367542266846e-01
4.004054367542266846e-01
4.004054367542266846e-01
4.004054367542266846e-01
4.004054367542266846e-01
4.004054367542266846e-01
4.004054367542266846e-01
4.004054367542266846e-01
4.004054367542266846e-01
4.004054367542266846e-01
4.004054367542266846e-01
4.004054367542266846e-01
4.004054367542266846e-01
4.004054367542266846e-01
4.004054367542266846e-01
4.333423376083374023e-01
4.004054367542266846e-01
4.004054367542266846e-01
5.086269378662109375e-01
4.004054367542266846e-01
4.004054367542266846e-01
4.004054367542266846e-01
4.004054367542266846e-01
4.004054367542266846e-01
4.004054367542266846e-01
4.004054367542266846e-01
5.036795139312744141e-01
4.004054367542266846e-01
4.004054367542266846e-01
4.004054367542266846e-01
4.004054367542266846e-01
4.004054367542266846e-01
4.004054367542266846e-01
4.004054367542266846e-01
4.004054367542266846e-01
4.004054367542266846e-01
4.004054367542266846e-01
4.004054367542266846e-01
4.931806325912475586e-01
4.333423376083374023e-01
4.004054367542266846e-01
4.910616278648376465e-01
4.333423376083374023e-01
4.004054367542266846e-01
4.004054367542266846e-01
4.004054367542266846e-01
4.004054367542266846e-01
5.002258419990539551e-01
4.004054367542266846e-01
4.004054367542266846e-01
5.067110061645507812e-01
5.060651302337646484e-01
5.090885162353515625e-01
5.083416700363159180e-01
4.636622965335845947e-01
4.004054367542266846e-01
5.090201497077941895e-01
5.065080523490905762e-01
4.910616278648376465e-01
5.088751912117004395e-01
4.866160154342651367e-01
5.092405676841735840e-01
4.955017268657684326e-01
4.910616278648376465e-01
4.684095680713653564e-01
4.004054367542266846e-01
4.333423376083374023e-01
4.004054367542266846e-01
4.004054367542266846e-01
4.004054367542266846e-01
4.004054367542266846e-01
4.004054367542266846e-01
4.004054367542266846e-01
4.004054367542266846e-01
4.004054367542266846e-01
4.004054367542266846e-01
4.004054367542266846e-01
4.004054367542266846e-01
4.004054367542266846e-01
4.004054367542266846e-01
4.004054367542266846e-01
4.004054367542266846e-01
4.004054367542266846e-01
4.004054367542266846e-01
4.004054367542266846e-01
4.004054367542266846e-01
4.004054367542266846e-01
4.004054367542266846e-01
4.004054367542266846e-01
4.004054367542266846e-01
4.004054367542266846e-01
4.004054367542266846e-01
4.004054367542266846e-01
4.004054367542266846e-01
4.004054367542266846e-01
4.004054367542266846e-01
4.756184220314025879e-01
4.004054367542266846e-01
4.004054367542266846e-01
4.004054367542266846e-01
4.004054367542266846e-01
4.004054367542266846e-01
4.004054367542266846e-01
4.004054367542266846e-01
4.004054367542266846e-01
4.004054367542266846e-01
4.004054367542266846e-01
4.004054367542266846e-01
4.004054367542266846e-01
4.004054367542266846e-01
4.004054367542266846e-01
4.004054367542266846e-01
4.004054367542266846e-01
4.004054367542266846e-01
4.004054367542266846e-01
4.004054367542266846e-01
4.004054367542266846e-01
4.004054367542266846e-01
4.004054367542266846e-01
4.004054367542266846e-01
4.004054367542266846e-01
4.004054367542266846e-01
4.004054367542266846e-01
4.004054367542266846e-01
4.004054367542266846e-01
4.004054367542266846e-01
4.004054367542266846e-01
4.004054367542266846e-01
4.004054367542266846e-01
4.004054367542266846e-01
4.004054367542266846e-01
4.004054367542266846e-01
4.004054367542266846e-01
4.004054367542266846e-01
4.004054367542266846e-01
4.004054367542266846e-01
4.004054367542266846e-01
4.004054367542266846e-01
4.004054367542266846e-01
4.004054367542266846e-01
4.004054367542266846e-01
4.004054367542266846e-01
4.004054367542266846e-01
4.004054367542266846e-01
4.004054367542266846e-01
4.004054367542266846e-01
4.004054367542266846e-01
4.004054367542266846e-01
4.004054367542266846e-01
4.004054367542266846e-01
4.004054367542266846e-01
4.004054367542266846e-01
4.004054367542266846e-01
4.004054367542266846e-01
4.004054367542266846e-01
4.004054367542266846e-01
4.004054367542266846e-01
4.004054367542266846e-01
4.004054367542266846e-01
4.004054367542266846e-01
4.004054367542266846e-01
4.004054367542266846e-01
4.004054367542266846e-01
4.004054367542266846e-01
4.004054367542266846e-01
4.004054367542266846e-01
4.004054367542266846e-01
4.004054367542266846e-01
4.004054367542266846e-01
4.004054367542266846e-01
4.004054367542266846e-01
4.004054367542266846e-01
4.004054367542266846e-01
4.004054367542266846e-01
4.004054367542266846e-01
4.004054367542266846e-01
4.004054367542266846e-01
4.004054367542266846e-01
4.004054367542266846e-01
4.004054367542266846e-01
4.004054367542266846e-01
4.004054367542266846e-01
4.004054367542266846e-01
4.004054367542266846e-01
4.004054367542266846e-01
4.004054367542266846e-01
4.004054367542266846e-01
4.004054367542266846e-01
4.004054367542266846e-01
4.004054367542266846e-01
4.004054367542266846e-01
4.004054367542266846e-01
4.004054367542266846e-01
4.004054367542266846e-01
4.004054367542266846e-01
4.004054367542266846e-01
4.004054367542266846e-01
4.004054367542266846e-01
4.004054367542266846e-01
4.004054367542266846e-01
4.004054367542266846e-01
4.004054367542266846e-01
4.004054367542266846e-01
4.004054367542266846e-01
4.004054367542266846e-01
4.004054367542266846e-01
4.004054367542266846e-01
4.004054367542266846e-01
4.004054367542266846e-01
4.004054367542266846e-01
4.004054367542266846e-01
4.004054367542266846e-01
4.004054367542266846e-01
4.004054367542266846e-01
4.004054367542266846e-01
4.004054367542266846e-01
4.004054367542266846e-01
4.004054367542266846e-01
4.004054367542266846e-01
4.004054367542266846e-01
4.004054367542266846e-01
4.004054367542266846e-01
4.004054367542266846e-01
4.004054367542266846e-01
4.004054367542266846e-01
4.004054367542266846e-01
4.004054367542266846e-01
4.004054367542266846e-01
4.004054367542266846e-01
4.004054367542266846e-01
4.004054367542266846e-01
4.004054367542266846e-01
4.004054367542266846e-01
4.004054367542266846e-01
4.004054367542266846e-01
4.004054367542266846e-01
4.004054367542266846e-01
4.004054367542266846e-01
4.004054367542266846e-01
4.004054367542266846e-01
4.004054367542266846e-01
4.004054367542266846e-01
4.004054367542266846e-01
4.004054367542266846e-01
4.004054367542266846e-01
4.004054367542266846e-01
4.004054367542266846e-01
4.004054367542266846e-01
4.004054367542266846e-01
4.004054367542266846e-01
4.004054367542266846e-01
4.004054367542266846e-01
4.004054367542266846e-01
4.004054367542266846e-01
4.004054367542266846e-01
4.004054367542266846e-01
4.004054367542266846e-01
4.979209303855895996e-01
4.004054367542266846e-01
4.004054367542266846e-01
4.004054367542266846e-01
4.004054367542266846e-01
4.004054367542266846e-01
4.004054367542266846e-01
4.004054367542266846e-01
4.004054367542266846e-01
4.004054367542266846e-01
4.004054367542266846e-01
4.004054367542266846e-01
4.004054367542266846e-01
4.004054367542266846e-01
4.004054367542266846e-01
4.004054367542266846e-01
4.004054367542266846e-01
4.004054367542266846e-01
4.004054367542266846e-01
4.004054367542266846e-01
4.004054367542266846e-01
4.004054367542266846e-01
4.004054367542266846e-01
4.004054367542266846e-01
4.004054367542266846e-01
4.004054367542266846e-01
4.004054367542266846e-01
4.004054367542266846e-01
4.004054367542266846e-01
4.004054367542266846e-01
4.004054367542266846e-01
4.004054367542266846e-01
4.004054367542266846e-01
4.004054367542266846e-01
4.004054367542266846e-01
4.004054367542266846e-01
4.004054367542266846e-01
4.004054367542266846e-01
4.004054367542266846e-01
4.004054367542266846e-01
4.004054367542266846e-01
4.004054367542266846e-01
4.004054367542266846e-01
4.004054367542266846e-01
4.004054367542266846e-01
4.004054367542266846e-01
4.004054367542266846e-01
4.004054367542266846e-01
4.004054367542266846e-01
4.004054367542266846e-01
4.004054367542266846e-01
4.004054367542266846e-01
4.004054367542266846e-01
4.004054367542266846e-01
4.004054367542266846e-01
4.004054367542266846e-01
4.004054367542266846e-01
4.004054367542266846e-01
4.004054367542266846e-01
4.004054367542266846e-01
4.004054367542266846e-01
4.004054367542266846e-01
4.004054367542266846e-01
4.004054367542266846e-01
4.004054367542266846e-01
4.004054367542266846e-01
4.004054367542266846e-01
4.004054367542266846e-01
4.004054367542266846e-01
4.004054367542266846e-01
4.004054367542266846e-01
4.004054367542266846e-01
4.004054367542266846e-01
4.004054367542266846e-01
4.964491426944732666e-01
4.004054367542266846e-01
4.004054367542266846e-01
4.004054367542266846e-01
4.004054367542266846e-01
4.004054367542266846e-01
4.004054367542266846e-01
4.004054367542266846e-01
4.004054367542266846e-01
4.004054367542266846e-01
4.004054367542266846e-01
4.004054367542266846e-01
4.004054367542266846e-01
4.004054367542266846e-01
4.004054367542266846e-01
4.004054367542266846e-01
4.004054367542266846e-01
4.004054367542266846e-01
4.004054367542266846e-01
4.004054367542266846e-01
4.004054367542266846e-01
4.004054367542266846e-01
4.004054367542266846e-01
4.004054367542266846e-01
4.004054367542266846e-01
4.004054367542266846e-01
4.004054367542266846e-01
4.004054367542266846e-01
4.004054367542266846e-01
4.004054367542266846e-01
4.004054367542266846e-01
4.004054367542266846e-01
4.004054367542266846e-01
4.004054367542266846e-01
4.004054367542266846e-01
4.004054367542266846e-01
4.004054367542266846e-01
4.004054367542266846e-01
4.004054367542266846e-01
4.004054367542266846e-01
4.004054367542266846e-01
4.004054367542266846e-01
4.004054367542266846e-01
4.004054367542266846e-01
4.004054367542266846e-01
4.004054367542266846e-01
4.004054367542266846e-01
4.004054367542266846e-01
4.004054367542266846e-01
4.004054367542266846e-01
4.004054367542266846e-01
4.004054367542266846e-01
4.004054367542266846e-01
4.004054367542266846e-01
4.004054367542266846e-01
4.004054367542266846e-01
4.004054367542266846e-01
4.004054367542266846e-01
4.004054367542266846e-01
4.004054367542266846e-01
4.004054367542266846e-01
4.004054367542266846e-01
4.004054367542266846e-01
4.004054367542266846e-01
4.004054367542266846e-01
4.004054367542266846e-01
4.004054367542266846e-01
4.004054367542266846e-01
4.004054367542266846e-01
4.004054367542266846e-01
4.004054367542266846e-01
4.004054367542266846e-01
4.004054367542266846e-01
4.004054367542266846e-01
4.004054367542266846e-01
4.004054367542266846e-01
4.004054367542266846e-01
4.004054367542266846e-01
4.004054367542266846e-01
4.004054367542266846e-01
4.004054367542266846e-01
4.004054367542266846e-01
4.004054367542266846e-01
4.004054367542266846e-01
4.004054367542266846e-01
4.004054367542266846e-01
4.004054367542266846e-01
4.004054367542266846e-01
4.004054367542266846e-01
4.004054367542266846e-01
4.004054367542266846e-01
4.004054367542266846e-01
4.004054367542266846e-01
4.004054367542266846e-01
4.004054367542266846e-01
4.004054367542266846e-01
4.004054367542266846e-01
4.004054367542266846e-01
4.004054367542266846e-01
4.004054367542266846e-01
4.004054367542266846e-01
4.004054367542266846e-01
4.004054367542266846e-01
4.004054367542266846e-01
4.004054367542266846e-01
4.004054367542266846e-01
4.004054367542266846e-01
4.004054367542266846e-01
4.004054367542266846e-01
4.004054367542266846e-01
4.004054367542266846e-01
4.004054367542266846e-01
4.004054367542266846e-01
4.004054367542266846e-01
4.004054367542266846e-01
4.004054367542266846e-01
4.333423376083374023e-01
4.004054367542266846e-01
4.004054367542266846e-01
4.004054367542266846e-01
4.004054367542266846e-01
4.004054367542266846e-01
4.004054367542266846e-01
4.004054367542266846e-01
4.004054367542266846e-01
4.004054367542266846e-01
4.004054367542266846e-01
4.004054367542266846e-01
4.004054367542266846e-01
4.004054367542266846e-01
4.004054367542266846e-01
4.004054367542266846e-01
4.004054367542266846e-01
4.004054367542266846e-01
4.004054367542266846e-01
4.004054367542266846e-01
4.004054367542266846e-01
4.004054367542266846e-01
4.004054367542266846e-01
4.004054367542266846e-01
4.004054367542266846e-01
4.004054367542266846e-01
4.004054367542266846e-01
4.333423376083374023e-01
4.004054367542266846e-01
4.004054367542266846e-01
4.004054367542266846e-01
4.004054367542266846e-01
4.004054367542266846e-01
4.004054367542266846e-01
4.004054367542266846e-01
4.004054367542266846e-01
4.333423376083374023e-01
4.004054367542266846e-01
5.065080523490905762e-01
4.004054367542266846e-01
4.004054367542266846e-01
4.004054367542266846e-01
4.004054367542266846e-01
4.004054367542266846e-01
4.004054367542266846e-01
4.004054367542266846e-01
4.004054367542266846e-01
4.004054367542266846e-01
4.004054367542266846e-01
4.004054367542266846e-01
4.004054367542266846e-01
4.004054367542266846e-01
4.004054367542266846e-01
4.004054367542266846e-01
4.004054367542266846e-01
4.004054367542266846e-01
4.004054367542266846e-01
4.004054367542266846e-01
4.004054367542266846e-01
4.004054367542266846e-01
4.004054367542266846e-01
4.004054367542266846e-01
4.004054367542266846e-01
4.004054367542266846e-01
4.004054367542266846e-01
4.004054367542266846e-01
4.004054367542266846e-01
4.004054367542266846e-01
4.004054367542266846e-01
4.004054367542266846e-01
4.004054367542266846e-01
4.004054367542266846e-01
4.004054367542266846e-01
4.004054367542266846e-01
4.004054367542266846e-01
4.004054367542266846e-01
4.004054367542266846e-01
4.004054367542266846e-01
4.004054367542266846e-01
4.004054367542266846e-01
4.004054367542266846e-01
4.004054367542266846e-01
4.004054367542266846e-01
4.004054367542266846e-01
4.004054367542266846e-01
4.004054367542266846e-01
4.004054367542266846e-01
4.004054367542266846e-01
4.004054367542266846e-01
4.004054367542266846e-01
4.004054367542266846e-01
4.004054367542266846e-01
4.004054367542266846e-01
4.004054367542266846e-01
4.004054367542266846e-01
4.004054367542266846e-01
4.004054367542266846e-01
4.004054367542266846e-01
4.004054367542266846e-01
4.004054367542266846e-01
4.004054367542266846e-01
4.004054367542266846e-01
4.004054367542266846e-01
4.004054367542266846e-01
4.004054367542266846e-01
4.004054367542266846e-01
4.004054367542266846e-01
4.004054367542266846e-01
4.004054367542266846e-01
4.004054367542266846e-01
4.004054367542266846e-01
4.004054367542266846e-01
4.004054367542266846e-01
4.004054367542266846e-01
4.004054367542266846e-01
4.004054367542266846e-01
4.004054367542266846e-01
4.004054367542266846e-01
4.004054367542266846e-01
4.004054367542266846e-01
4.004054367542266846e-01
4.004054367542266846e-01
4.004054367542266846e-01
4.004054367542266846e-01
4.004054367542266846e-01
4.004054367542266846e-01
4.004054367542266846e-01
4.004054367542266846e-01
4.004054367542266846e-01
4.004054367542266846e-01
4.004054367542266846e-01
4.004054367542266846e-01
4.004054367542266846e-01
4.004054367542266846e-01
4.004054367542266846e-01
4.004054367542266846e-01
4.004054367542266846e-01
5.065080523490905762e-01
5.087267160415649414e-01
4.004054367542266846e-01
4.004054367542266846e-01
4.004054367542266846e-01
4.004054367542266846e-01
4.004054367542266846e-01
4.004054367542266846e-01
4.004054367542266846e-01
4.004054367542266846e-01
4.004054367542266846e-01
6.332185864448547363e-01
4.004054367542266846e-01
6.409906148910522461e-01
4.004054367542266846e-01
5.231124758720397949e-01
4.004054367542266846e-01
4.004054367542266846e-01
4.004054367542266846e-01
4.004054367542266846e-01
4.004054367542266846e-01
4.004054367542266846e-01
4.004054367542266846e-01
4.004054367542266846e-01
4.004054367542266846e-01
4.004054367542266846e-01
4.004054367542266846e-01
4.004054367542266846e-01
4.004054367542266846e-01
4.004054367542266846e-01
4.004054367542266846e-01
4.004054367542266846e-01
4.004054367542266846e-01
4.004054367542266846e-01
4.004054367542266846e-01
4.004054367542266846e-01
4.004054367542266846e-01
4.004054367542266846e-01
4.004054367542266846e-01
4.004054367542266846e-01
4.004054367542266846e-01
4.004054367542266846e-01
4.004054367542266846e-01
4.004054367542266846e-01
4.004054367542266846e-01
4.004054367542266846e-01
4.004054367542266846e-01
4.004054367542266846e-01
4.004054367542266846e-01
4.004054367542266846e-01
4.004054367542266846e-01
4.004054367542266846e-01
4.004054367542266846e-01
4.004054367542266846e-01
4.004054367542266846e-01
4.004054367542266846e-01
4.004054367542266846e-01
4.004054367542266846e-01
4.004054367542266846e-01
4.004054367542266846e-01
4.004054367542266846e-01
4.004054367542266846e-01
4.004054367542266846e-01
4.004054367542266846e-01
4.004054367542266846e-01
4.004054367542266846e-01
4.004054367542266846e-01
4.004054367542266846e-01
4.004054367542266846e-01
4.004054367542266846e-01
4.004054367542266846e-01
4.004054367542266846e-01
4.004054367542266846e-01
4.004054367542266846e-01
4.004054367542266846e-01
4.004054367542266846e-01
4.004054367542266846e-01
4.004054367542266846e-01
4.004054367542266846e-01
4.004054367542266846e-01
4.004054367542266846e-01
4.004054367542266846e-01
4.004054367542266846e-01
4.004054367542266846e-01
4.004054367542266846e-01
4.004054367542266846e-01
4.004054367542266846e-01
4.004054367542266846e-01
4.004054367542266846e-01
4.004054367542266846e-01
4.004054367542266846e-01
4.004054367542266846e-01
4.004054367542266846e-01
4.004054367542266846e-01
4.004054367542266846e-01
4.004054367542266846e-01
4.004054367542266846e-01
4.004054367542266846e-01
4.004054367542266846e-01
4.004054367542266846e-01
4.004054367542266846e-01
4.004054367542266846e-01
4.004054367542266846e-01
4.004054367542266846e-01
4.004054367542266846e-01
4.004054367542266846e-01
4.004054367542266846e-01
4.004054367542266846e-01
4.004054367542266846e-01
4.004054367542266846e-01
4.004054367542266846e-01
4.004054367542266846e-01
4.004054367542266846e-01
4.004054367542266846e-01
4.004054367542266846e-01
4.004054367542266846e-01
4.004054367542266846e-01
4.004054367542266846e-01
4.004054367542266846e-01
4.004054367542266846e-01
4.004054367542266846e-01
4.004054367542266846e-01
4.004054367542266846e-01
4.004054367542266846e-01
4.004054367542266846e-01
4.004054367542266846e-01
4.004054367542266846e-01
4.004054367542266846e-01
4.004054367542266846e-01
4.004054367542266846e-01
4.004054367542266846e-01
4.004054367542266846e-01
4.004054367542266846e-01
4.004054367542266846e-01
4.004054367542266846e-01
4.004054367542266846e-01
4.004054367542266846e-01
4.004054367542266846e-01
4.004054367542266846e-01
4.004054367542266846e-01
4.004054367542266846e-01
4.004054367542266846e-01
4.004054367542266846e-01
4.004054367542266846e-01
4.004054367542266846e-01
4.004054367542266846e-01
4.004054367542266846e-01
4.004054367542266846e-01
4.004054367542266846e-01
4.004054367542266846e-01
4.004054367542266846e-01
4.004054367542266846e-01
4.004054367542266846e-01
4.004054367542266846e-01
4.004054367542266846e-01
4.004054367542266846e-01
4.004054367542266846e-01
4.004054367542266846e-01
4.004054367542266846e-01
4.004054367542266846e-01
4.004054367542266846e-01
4.004054367542266846e-01
4.004054367542266846e-01
4.004054367542266846e-01
4.004054367542266846e-01
4.004054367542266846e-01
4.004054367542266846e-01
4.004054367542266846e-01
4.004054367542266846e-01
4.004054367542266846e-01
4.004054367542266846e-01
4.004054367542266846e-01
4.004054367542266846e-01
4.004054367542266846e-01
4.004054367542266846e-01
4.004054367542266846e-01
4.004054367542266846e-01
4.004054367542266846e-01
4.004054367542266846e-01
4.004054367542266846e-01
4.004054367542266846e-01
4.004054367542266846e-01
4.004054367542266846e-01
4.004054367542266846e-01
4.004054367542266846e-01
4.004054367542266846e-01
4.004054367542266846e-01
4.004054367542266846e-01
4.004054367542266846e-01
4.004054367542266846e-01
4.004054367542266846e-01
4.004054367542266846e-01
4.004054367542266846e-01
4.004054367542266846e-01
4.004054367542266846e-01
4.004054367542266846e-01
4.004054367542266846e-01
4.004054367542266846e-01
4.004054367542266846e-01
4.004054367542266846e-01
4.004054367542266846e-01
4.004054367542266846e-01
4.004054367542266846e-01
4.004054367542266846e-01
4.004054367542266846e-01
4.004054367542266846e-01
4.004054367542266846e-01
4.004054367542266846e-01
4.004054367542266846e-01
4.004054367542266846e-01
4.004054367542266846e-01
4.004054367542266846e-01
4.004054367542266846e-01
4.004054367542266846e-01
4.004054367542266846e-01
4.004054367542266846e-01
4.004054367542266846e-01
4.004054367542266846e-01
4.004054367542266846e-01
4.004054367542266846e-01
4.004054367542266846e-01
4.004054367542266846e-01
4.004054367542266846e-01
4.004054367542266846e-01
4.004054367542266846e-01
4.004054367542266846e-01
4.004054367542266846e-01
4.004054367542266846e-01
4.004054367542266846e-01
4.004054367542266846e-01
4.004054367542266846e-01
4.004054367542266846e-01
5.065074563026428223e-01
4.910616278648376465e-01
5.079644918441772461e-01
5.065080523490905762e-01
4.004054367542266846e-01
4.004054367542266846e-01
4.004054367542266846e-01
4.004054367542266846e-01
4.004054367542266846e-01
4.004054367542266846e-01
4.004054367542266846e-01
4.004054367542266846e-01
4.004054367542266846e-01
5.105961561203002930e-01
4.276659488677978516e-01
6.421421766281127930e-01
5.921930074691772461e-01
4.004054367542266846e-01
4.333423376083374023e-01
4.004054367542266846e-01
4.457680881023406982e-01
4.004054367542266846e-01
4.462754726409912109e-01
4.910616278648376465e-01
4.910616278648376465e-01
7.237137556076049805e-01
5.266768336296081543e-01
5.052004456520080566e-01
4.333423376083374023e-01
4.275182485580444336e-01
4.345466792583465576e-01
4.333423376083374023e-01
4.333423376083374023e-01
4.333423376083374023e-01
4.004054367542266846e-01
4.305588901042938232e-01
4.333423376083374023e-01
5.011731386184692383e-01
4.333423376083374023e-01
4.333423376083374023e-01
4.812166988849639893e-01
4.853361248970031738e-01
