4.686174094676971436e-01
4.686174094676971436e-01
4.686174094676971436e-01
4.686174094676971436e-01
4.686174094676971436e-01
4.686174094676971436e-01
4.686174094676971436e-01
4.686174094676971436e-01
4.686174094676971436e-01
4.686174094676971436e-01
4.686174094676971436e-01
4.686174094676971436e-01
4.686174094676971436e-01
4.686174094676971436e-01
4.686174094676971436e-01
4.686174094676971436e-01
4.686174094676971436e-01
4.686174094676971436e-01
4.686174094676971436e-01
4.686174094676971436e-01
4.686174094676971436e-01
4.686174094676971436e-01
4.686174094676971436e-01
4.686174094676971436e-01
4.686174094676971436e-01
4.686174094676971436e-01
4.686174094676971436e-01
4.686174094676971436e-01
4.686174094676971436e-01
4.686174094676971436e-01
4.686174094676971436e-01
4.686174094676971436e-01
4.686174094676971436e-01
4.686174094676971436e-01
4.686174094676971436e-01
4.686174094676971436e-01
4.686174094676971436e-01
4.686174094676971436e-01
4.686174094676971436e-01
4.686174094676971436e-01
4.686174094676971436e-01
4.686174094676971436e-01
4.686174094676971436e-01
4.686174094676971436e-01
4.686174094676971436e-01
4.686174094676971436e-01
4.686174094676971436e-01
4.686174094676971436e-01
4.686174094676971436e-01
4.686174094676971436e-01
4.686174094676971436e-01
4.686174094676971436e-01
4.686174094676971436e-01
4.686174094676971436e-01
4.686174094676971436e-01
4.686174094676971436e-01
4.686174094676971436e-01
4.686174094676971436e-01
4.686174094676971436e-01
4.686174094676971436e-01
4.686174094676971436e-01
4.686174094676971436e-01
4.686174094676971436e-01
4.686174094676971436e-01
4.686174094676971436e-01
4.686174094676971436e-01
4.686174094676971436e-01
