2.700381875038146973e-01
2.520714402198791504e-01
2.626525163650512695e-01
2.388190627098083496e-01
2.492795288562774658e-01
2.353189289569854736e-01
2.544720172882080078e-01
2.755492627620697021e-01
2.395864427089691162e-01
1.750929057598114014e-01
2.035496830940246582e-01
2.196154296398162842e-01
2.133790850639343262e-01
2.039392590522766113e-01
1.840635538101196289e-01
2.208922505378723145e-01
2.380188703536987305e-01
1.969100236892700195e-01
2.462168633937835693e-01
2.853004932403564453e-01
2.547134757041931152e-01
2.973001599311828613e-01
2.340905666351318359e-01
2.421961724758148193e-01
2.137389183044433594e-01
2.055142521858215332e-01
2.020860910415649414e-01
2.660428583621978760e-01
2.123491764068603516e-01
1.603618860244750977e-01
2.152383923530578613e-01
1.497172713279724121e-01
2.630538940429687500e-01
1.986730396747589111e-01
2.360368669033050537e-01
2.130151987075805664e-01
2.611935138702392578e-01
2.041880786418914795e-01
2.209906578063964844e-01
2.365075349807739258e-01
2.767809033393859863e-01
1.500571370124816895e-01
2.499685883522033691e-01
2.233121693134307861e-01
2.586030364036560059e-01
1.901586055755615234e-01
2.208675146102905273e-01
2.170595824718475342e-01
2.502647042274475098e-01
1.629683077335357666e-01
2.407027184963226318e-01
2.235213816165924072e-01
2.201890647411346436e-01
2.494456768035888672e-01
2.502988278865814209e-01
2.280873358249664307e-01
2.416703402996063232e-01
2.663317620754241943e-01
2.590455412864685059e-01
2.029349803924560547e-01
2.404753565788269043e-01
2.341631352901458740e-01
2.481150329113006592e-01
2.076354324817657471e-01
2.158913612365722656e-01
2.294451594352722168e-01
2.045130431652069092e-01
1.976925432682037354e-01
2.429642379283905029e-01
2.222820520401000977e-01
2.321110069751739502e-01
2.488495707511901855e-01
2.612307667732238770e-01
1.461127102375030518e-01
2.550839185714721680e-01
2.540453672409057617e-01
2.558133006095886230e-01
2.514790892601013184e-01
2.929374873638153076e-01
1.963284313678741455e-01
1.679494976997375488e-01
2.445177435874938965e-01
1.872571706771850586e-01
1.705966293811798096e-01
2.533306479454040527e-01
2.351391315460205078e-01
2.759452462196350098e-01
2.316101491451263428e-01
1.566278040409088135e-01
1.626989841461181641e-01
2.421863377094268799e-01
2.352373003959655762e-01
2.450768053531646729e-01
2.371678948402404785e-01
1.788940727710723877e-01
2.663423418998718262e-01
2.399156093597412109e-01
2.507039308547973633e-01
1.707138419151306152e-01
2.319736778736114502e-01
2.480003237724304199e-01
2.007846534252166748e-01
2.391490638256072998e-01
2.385889291763305664e-01
1.640346348285675049e-01
2.626403570175170898e-01
2.501724064350128174e-01
2.285633683204650879e-01
2.389981448650360107e-01
2.762618064880371094e-01
2.446962893009185791e-01
1.933107078075408936e-01
2.803566157817840576e-01
2.287549972534179688e-01
2.398732006549835205e-01
2.238395810127258301e-01
2.530074715614318848e-01
2.548980116844177246e-01
2.364766299724578857e-01
2.587470412254333496e-01
2.259541451930999756e-01
2.346945106983184814e-01
2.077380418777465820e-01
2.367869913578033447e-01
2.822786867618560791e-01
2.526861429214477539e-01
2.434542775154113770e-01
2.560413479804992676e-01
2.529879510402679443e-01
2.572208642959594727e-01
2.866373658180236816e-01
2.370310425758361816e-01
2.559657692909240723e-01
2.548589706420898438e-01
2.317855060100555420e-01
2.365445196628570557e-01
2.776114344596862793e-01
2.102212309837341309e-01
2.569854855537414551e-01
2.143158018589019775e-01
2.481687963008880615e-01
2.500755488872528076e-01
2.419910430908203125e-01
2.667627334594726562e-01
2.500787377357482910e-01
2.454369664192199707e-01
2.484061717987060547e-01
2.451876699924468994e-01
1.904076635837554932e-01
1.518029272556304932e-01
1.773533225059509277e-01
2.423558235168457031e-01
2.461560368537902832e-01
2.622627019882202148e-01
2.368396818637847900e-01
2.717059552669525146e-01
1.615233123302459717e-01
2.390511631965637207e-01
2.733493447303771973e-01
2.661956548690795898e-01
1.970455050468444824e-01
2.424069941043853760e-01
2.260472178459167480e-01
2.311968207359313965e-01
2.179037630558013916e-01
2.858851253986358643e-01
2.086983919143676758e-01
2.123311758041381836e-01
2.660682499408721924e-01
2.326586842536926270e-01
2.046453654766082764e-01
2.646530866622924805e-01
2.286548912525177002e-01
2.685034573078155518e-01
2.197065353393554688e-01
1.724106967449188232e-01
2.502505183219909668e-01
1.488079130649566650e-01
2.514475584030151367e-01
2.189188897609710693e-01
2.617789506912231445e-01
2.256052792072296143e-01
2.325525581836700439e-01
2.638951539993286133e-01
1.929759979248046875e-01
2.478195726871490479e-01
1.870126724243164062e-01
2.381093800067901611e-01
2.261193692684173584e-01
2.304359674453735352e-01
2.374927401542663574e-01
2.016422152519226074e-01
2.367207407951354980e-01
2.579389810562133789e-01
2.143945395946502686e-01
2.218819856643676758e-01
2.587293982505798340e-01
2.689339518547058105e-01
1.983127593994140625e-01
2.637474834918975830e-01
2.563573122024536133e-01
2.463311254978179932e-01
2.693053483963012695e-01
2.285650670528411865e-01
1.970834136009216309e-01
2.566879987716674805e-01
2.806992530822753906e-01
2.402002811431884766e-01
2.498139739036560059e-01
2.518399953842163086e-01
2.527883946895599365e-01
1.942151486873626709e-01
2.828759253025054932e-01
2.271042168140411377e-01
2.276898324489593506e-01
2.201462388038635254e-01
2.343955934047698975e-01
2.620190978050231934e-01
2.503967285156250000e-01
2.209824323654174805e-01
2.224150896072387695e-01
2.875874042510986328e-01
2.154400050640106201e-01
2.222800254821777344e-01
2.845118641853332520e-01
3.129504323005676270e-01
2.268269956111907959e-01
2.334631383419036865e-01
2.154506444931030273e-01
2.657195925712585449e-01
2.695725262165069580e-01
2.525566816329956055e-01
2.512853145599365234e-01
2.298382520675659180e-01
2.327434420585632324e-01
2.941622138023376465e-01
2.460126280784606934e-01
1.978111863136291504e-01
2.618972063064575195e-01
2.235684990882873535e-01
2.591149210929870605e-01
2.246189117431640625e-01
2.382368743419647217e-01
2.161057889461517334e-01
2.265759408473968506e-01
2.495692968368530273e-01
1.480486989021301270e-01
2.326577901840209961e-01
2.233061492443084717e-01
2.222867906093597412e-01
1.641492247581481934e-01
2.338625788688659668e-01
2.416439950466156006e-01
2.495948970317840576e-01
2.746710181236267090e-01
2.751098573207855225e-01
2.856545746326446533e-01
2.624303996562957764e-01
1.634479761123657227e-01
2.363207936286926270e-01
2.518864870071411133e-01
2.228763401508331299e-01
2.397939562797546387e-01
1.970225870609283447e-01
2.533859014511108398e-01
2.965897917747497559e-01
2.661010026931762695e-01
2.773947715759277344e-01
1.944745481014251709e-01
2.469428479671478271e-01
2.332474291324615479e-01
2.458446323871612549e-01
2.741209566593170166e-01
2.343894839286804199e-01
2.496554851531982422e-01
2.837518453598022461e-01
2.160279452800750732e-01
2.339147031307220459e-01
2.616537213325500488e-01
1.467237770557403564e-01
2.762411236763000488e-01
2.306322157382965088e-01
1.781196892261505127e-01
2.214445769786834717e-01
2.155333459377288818e-01
2.359139025211334229e-01
2.746037244796752930e-01
2.119757831096649170e-01
2.454447448253631592e-01
2.176006734371185303e-01
2.670214772224426270e-01
2.431184351444244385e-01
2.327839732170104980e-01
2.104993164539337158e-01
2.824710011482238770e-01
2.041820883750915527e-01
2.277622818946838379e-01
2.317438721656799316e-01
2.425928115844726562e-01
2.029374837875366211e-01
2.002447247505187988e-01
2.846804261207580566e-01
1.994848847389221191e-01
2.448558807373046875e-01
2.291210591793060303e-01
2.359772622585296631e-01
2.366263568401336670e-01
2.402839660644531250e-01
2.547212243080139160e-01
2.103257179260253906e-01
2.065807878971099854e-01
2.588208317756652832e-01
2.483710646629333496e-01
2.492123246192932129e-01
2.630135416984558105e-01
2.489379644393920898e-01
2.390433847904205322e-01
2.046104967594146729e-01
2.325421273708343506e-01
2.482182383537292480e-01
2.499917745590209961e-01
2.126598954200744629e-01
2.451032102108001709e-01
1.996000409126281738e-01
2.101014256477355957e-01
2.482893466949462891e-01
2.429911494255065918e-01
1.694283783435821533e-01
2.236786186695098877e-01
2.373539507389068604e-01
1.955676972866058350e-01
2.494992911815643311e-01
2.535640597343444824e-01
1.872053444385528564e-01
2.486345171928405762e-01
2.898375391960144043e-01
2.503933906555175781e-01
1.868630051612854004e-01
2.543908357620239258e-01
2.377703785896301270e-01
2.724950015544891357e-01
2.884221673011779785e-01
2.233661413192749023e-01
2.323584258556365967e-01
2.359858453273773193e-01
2.761720716953277588e-01
2.679766118526458740e-01
2.501141428947448730e-01
2.658764719963073730e-01
2.618271410465240479e-01
2.459666430950164795e-01
2.382312715053558350e-01
2.300498187541961670e-01
2.531476020812988281e-01
2.456969320774078369e-01
2.561462819576263428e-01
2.369858026504516602e-01
2.149940431118011475e-01
2.307190299034118652e-01
2.532784938812255859e-01
2.616694569587707520e-01
2.760066986083984375e-01
2.251060605049133301e-01
2.163161635398864746e-01
2.279090583324432373e-01
2.528612017631530762e-01
2.021613419055938721e-01
2.255663871765136719e-01
2.424899637699127197e-01
2.485089302062988281e-01
2.276581525802612305e-01
2.259549498558044434e-01
2.170920372009277344e-01
2.046334445476531982e-01
2.578966021537780762e-01
2.521840333938598633e-01
2.267175018787384033e-01
2.472607493400573730e-01
2.144432067871093750e-01
2.101692855358123779e-01
2.202703058719635010e-01
2.499671876430511475e-01
2.115182578563690186e-01
2.391721606254577637e-01
2.664493620395660400e-01
2.430926859378814697e-01
2.858646512031555176e-01
2.640274763107299805e-01
2.441063225269317627e-01
2.187201678752899170e-01
2.376187443733215332e-01
2.101061940193176270e-01
2.361316680908203125e-01
2.083340585231781006e-01
2.521250247955322266e-01
2.167396545410156250e-01
2.625051736831665039e-01
2.721100449562072754e-01
2.568373084068298340e-01
2.821035087108612061e-01
2.525013685226440430e-01
2.595116496086120605e-01
2.550083398818969727e-01
2.460295855998992920e-01
2.791531383991241455e-01
2.271083891391754150e-01
2.270057797431945801e-01
2.381272912025451660e-01
2.507494091987609863e-01
2.679166197776794434e-01
2.127129733562469482e-01
2.587230205535888672e-01
2.207245528697967529e-01
2.628293633460998535e-01
2.610671520233154297e-01
2.676868438720703125e-01
2.692482471466064453e-01
2.479813098907470703e-01
2.656406760215759277e-01
2.290262281894683838e-01
2.424677908420562744e-01
2.174117565155029297e-01
2.502539455890655518e-01
2.334442734718322754e-01
2.340290546417236328e-01
2.288344204425811768e-01
2.783098816871643066e-01
2.481386363506317139e-01
2.142391502857208252e-01
1.793140470981597900e-01
2.319240868091583252e-01
2.319637537002563477e-01
2.616018652915954590e-01
2.441358268260955811e-01
2.441232204437255859e-01
2.489201426506042480e-01
1.521042585372924805e-01
1.504304409027099609e-01
1.693536937236785889e-01
1.636898219585418701e-01
2.188504338264465332e-01
2.077763378620147705e-01
2.102766931056976318e-01
2.421691715717315674e-01
2.534754574298858643e-01
1.917483806610107422e-01
2.586197853088378906e-01
2.479837238788604736e-01
1.486128866672515869e-01
2.583585381507873535e-01
1.763201951980590820e-01
2.345170378684997559e-01
2.114363610744476318e-01
2.659958004951477051e-01
2.139866352081298828e-01
2.847408056259155273e-01
2.450690567493438721e-01
2.406899034976959229e-01
2.652370929718017578e-01
2.530237138271331787e-01
2.908005118370056152e-01
2.375298142433166504e-01
2.744799256324768066e-01
2.718787491321563721e-01
2.391630709171295166e-01
2.366309463977813721e-01
2.597233653068542480e-01
2.338552772998809814e-01
2.347455024719238281e-01
1.521406471729278564e-01
2.847136855125427246e-01
2.276619374752044678e-01
2.226786315441131592e-01
2.393858730792999268e-01
2.200073301792144775e-01
2.630853056907653809e-01
2.182627916336059570e-01
2.468362450599670410e-01
2.158180475234985352e-01
2.643599212169647217e-01
2.310082912445068359e-01
2.364797890186309814e-01
2.514010667800903320e-01
2.273958027362823486e-01
2.538585662841796875e-01
2.020392417907714844e-01
2.394660115242004395e-01
2.574827671051025391e-01
2.321765124797821045e-01
2.225969135761260986e-01
2.564028501510620117e-01
2.478122115135192871e-01
2.388267219066619873e-01
1.501419246196746826e-01
2.863391935825347900e-01
2.557393312454223633e-01
2.529970109462738037e-01
2.235960960388183594e-01
2.300986349582672119e-01
2.385181188583374023e-01
2.325522899627685547e-01
2.430478334426879883e-01
2.886056900024414062e-01
2.902017831802368164e-01
1.917558908462524414e-01
1.898277997970581055e-01
2.627556622028350830e-01
2.300286889076232910e-01
2.106883823871612549e-01
1.630941629409790039e-01
2.161773443222045898e-01
2.406281828880310059e-01
2.363486886024475098e-01
2.731301784515380859e-01
1.643075942993164062e-01
2.387485802173614502e-01
2.061055004596710205e-01
2.117202579975128174e-01
1.801658570766448975e-01
1.675650477409362793e-01
2.067937850952148438e-01
2.280134260654449463e-01
2.124963998794555664e-01
2.289081811904907227e-01
2.368358671665191650e-01
1.496652662754058838e-01
2.496800422668457031e-01
2.563645243644714355e-01
2.363257408142089844e-01
2.761677205562591553e-01
2.651498913764953613e-01
2.421029210090637207e-01
2.465141713619232178e-01
2.746235430240631104e-01
2.267287969589233398e-01
2.148807644844055176e-01
2.544354200363159180e-01
2.345812916755676270e-01
2.421979606151580811e-01
2.575994133949279785e-01
2.154156565666198730e-01
2.661347985267639160e-01
2.622308433055877686e-01
2.432292103767395020e-01
2.515176534652709961e-01
1.907474398612976074e-01
2.322189807891845703e-01
2.771519422531127930e-01
2.727558016777038574e-01
2.088691294193267822e-01
2.542562484741210938e-01
2.743746638298034668e-01
2.222602069377899170e-01
2.353566884994506836e-01
2.295652627944946289e-01
2.255183160305023193e-01
2.368457019329071045e-01
2.156503498554229736e-01
2.264761328697204590e-01
2.406829297542572021e-01
2.136982679367065430e-01
2.191527485847473145e-01
2.424531280994415283e-01
2.395416498184204102e-01
2.102436423301696777e-01
2.558092474937438965e-01
2.460028231143951416e-01
2.195431888103485107e-01
2.236251831054687500e-01
1.568610370159149170e-01
1.609672009944915771e-01
2.446289956569671631e-01
2.333185076713562012e-01
1.465211510658264160e-01
2.162381410598754883e-01
2.386955618858337402e-01
2.681839466094970703e-01
2.158054113388061523e-01
2.038590013980865479e-01
2.220710813999176025e-01
1.464467048645019531e-01
2.096436917781829834e-01
2.138921320438385010e-01
1.490674316883087158e-01
1.542135477066040039e-01
1.830953955650329590e-01
2.195504903793334961e-01
2.197200059890747070e-01
2.547401785850524902e-01
2.506995499134063721e-01
2.671379446983337402e-01
2.043333649635314941e-01
2.429796159267425537e-01
1.924149394035339355e-01
2.327086627483367920e-01
2.124466300010681152e-01
2.221562564373016357e-01
1.964927315711975098e-01
2.343720495700836182e-01
2.589326500892639160e-01
1.939905285835266113e-01
2.348801195621490479e-01
2.289810776710510254e-01
2.192891538143157959e-01
2.279987335205078125e-01
2.928894162178039551e-01
2.259831130504608154e-01
2.521790266036987305e-01
2.550237178802490234e-01
2.208100855350494385e-01
2.841778993606567383e-01
2.775459885597229004e-01
2.175748944282531738e-01
2.421441972255706787e-01
2.842360734939575195e-01
2.124378085136413574e-01
2.354637086391448975e-01
2.508020699024200439e-01
2.060974538326263428e-01
2.248783707618713379e-01
2.422518432140350342e-01
2.310709953308105469e-01
2.799465060234069824e-01
2.562087476253509521e-01
2.477341890335083008e-01
2.243449985980987549e-01
1.631653904914855957e-01
2.102494537830352783e-01
2.277012765407562256e-01
1.505102217197418213e-01
2.622135281562805176e-01
2.600913941860198975e-01
2.541654706001281738e-01
2.749877572059631348e-01
2.852201163768768311e-01
2.556926608085632324e-01
2.486390769481658936e-01
2.591418921947479248e-01
2.276920080184936523e-01
2.675747275352478027e-01
2.892746031284332275e-01
2.387672364711761475e-01
2.503045797348022461e-01
2.382481694221496582e-01
2.499012053012847900e-01
2.440381646156311035e-01
2.773537635803222656e-01
2.885175645351409912e-01
2.392503917217254639e-01
2.373538911342620850e-01
1.963724792003631592e-01
2.619333267211914062e-01
2.526954412460327148e-01
2.506158947944641113e-01
2.460768520832061768e-01
2.320387661457061768e-01
2.045119702816009521e-01
2.668392062187194824e-01
2.639070153236389160e-01
2.325672805309295654e-01
2.609663605690002441e-01
2.594940662384033203e-01
2.619666457176208496e-01
2.309412062168121338e-01
2.376324534416198730e-01
2.258067131042480469e-01
2.433616220951080322e-01
2.081306874752044678e-01
2.607865333557128906e-01
2.696300745010375977e-01
2.876873016357421875e-01
1.428200900554656982e-01
2.012914717197418213e-01
2.786288857460021973e-01
1.974754035472869873e-01
2.343879640102386475e-01
2.130456268787384033e-01
1.930907964706420898e-01
2.648125290870666504e-01
2.430491149425506592e-01
1.789604425430297852e-01
2.246920466423034668e-01
2.682587504386901855e-01
2.632816731929779053e-01
1.644650101661682129e-01
2.372439503669738770e-01
2.419257164001464844e-01
2.486929595470428467e-01
2.547542452812194824e-01
2.540194988250732422e-01
2.341915369033813477e-01
2.430926561355590820e-01
2.876268625259399414e-01
2.395793497562408447e-01
2.530100941658020020e-01
2.370429635047912598e-01
2.165116369724273682e-01
2.617560625076293945e-01
2.506119906902313232e-01
2.503789663314819336e-01
2.188432216644287109e-01
2.580165863037109375e-01
2.550902068614959717e-01
2.027550041675567627e-01
2.459493875503540039e-01
2.212010622024536133e-01
2.911508083343505859e-01
2.219465970993041992e-01
2.214808166027069092e-01
2.631686925888061523e-01
2.194328010082244873e-01
2.383904755115509033e-01
2.610803842544555664e-01
2.583889365196228027e-01
2.391783297061920166e-01
2.688685655593872070e-01
2.604209780693054199e-01
2.116509974002838135e-01
2.821864485740661621e-01
2.457503378391265869e-01
1.694616973400115967e-01
1.984201967716217041e-01
2.291395068168640137e-01
2.800857424736022949e-01
2.694699764251708984e-01
2.473818361759185791e-01
2.249904870986938477e-01
2.590191066265106201e-01
2.546761631965637207e-01
2.845071554183959961e-01
2.287419438362121582e-01
2.704074382781982422e-01
2.863250374794006348e-01
2.618114054203033447e-01
2.542768120765686035e-01
2.680923342704772949e-01
2.778909206390380859e-01
2.656330466270446777e-01
3.215456902980804443e-01
2.790808081626892090e-01
2.749232053756713867e-01
2.200971841812133789e-01
2.489428222179412842e-01
2.143985629081726074e-01
2.603269219398498535e-01
3.125694990158081055e-01
1.785088181495666504e-01
2.701472938060760498e-01
1.915620863437652588e-01
2.667125761508941650e-01
2.828719913959503174e-01
2.294991910457611084e-01
2.465094923973083496e-01
2.507895231246948242e-01
2.088520526885986328e-01
2.287060320377349854e-01
2.570232152938842773e-01
2.623665034770965576e-01
2.124170064926147461e-01
2.390051782131195068e-01
2.738990187644958496e-01
2.507775127887725830e-01
2.777951955795288086e-01
2.917148768901824951e-01
2.707076668739318848e-01
2.504909038543701172e-01
2.646173834800720215e-01
2.378658652305603027e-01
2.601226270198822021e-01
2.532893419265747070e-01
2.619853019714355469e-01
2.614496946334838867e-01
2.677102684974670410e-01
2.593535780906677246e-01
2.319692969322204590e-01
2.243955433368682861e-01
2.235581576824188232e-01
2.561790943145751953e-01
2.329227030277252197e-01
2.525723576545715332e-01
2.514137625694274902e-01
1.987898647785186768e-01
2.408821582794189453e-01
2.342224121093750000e-01
2.588120698928833008e-01
2.659078836441040039e-01
2.299475073814392090e-01
2.358403205871582031e-01
2.057137787342071533e-01
2.709421515464782715e-01
2.600821852684020996e-01
1.421411037445068359e-01
2.326608598232269287e-01
2.308156788349151611e-01
2.463242113590240479e-01
2.457177340984344482e-01
2.805227339267730713e-01
1.504588723182678223e-01
1.340608298778533936e-01
2.346310019493103027e-01
2.764337062835693359e-01
1.865170598030090332e-01
2.348399162292480469e-01
2.997025251388549805e-01
2.224786579608917236e-01
2.367466688156127930e-01
2.228216826915740967e-01
2.536182701587677002e-01
2.401349544525146484e-01
2.413425445556640625e-01
2.588683962821960449e-01
2.568744421005249023e-01
2.686219811439514160e-01
2.752200961112976074e-01
3.128311038017272949e-01
2.513321638107299805e-01
2.441582083702087402e-01
2.634916901588439941e-01
2.159762978553771973e-01
2.907082736492156982e-01
2.464430928230285645e-01
2.711999118328094482e-01
2.662875056266784668e-01
2.178543508052825928e-01
2.294639050960540771e-01
2.676621675491333008e-01
2.535484433174133301e-01
2.350410223007202148e-01
2.294912934303283691e-01
2.076030969619750977e-01
2.248940467834472656e-01
2.287280559539794922e-01
2.233117520809173584e-01
2.308468520641326904e-01
2.300319969654083252e-01
2.474435865879058838e-01
2.049369215965270996e-01
2.086961865425109863e-01
2.367625534534454346e-01
1.824203729629516602e-01
2.243227064609527588e-01
2.677494883537292480e-01
2.656534314155578613e-01
2.614391446113586426e-01
2.274498641490936279e-01
2.715811729431152344e-01
1.639367640018463135e-01
2.660445570945739746e-01
2.445360422134399414e-01
2.494167685508728027e-01
2.519910931587219238e-01
1.794508397579193115e-01
2.112248837947845459e-01
2.889672517776489258e-01
2.514812350273132324e-01
2.720671892166137695e-01
1.972322165966033936e-01
2.692224383354187012e-01
2.024967670440673828e-01
1.740614771842956543e-01
2.297848165035247803e-01
2.412369549274444580e-01
2.274423837661743164e-01
2.461608648300170898e-01
1.986460685729980469e-01
2.091848552227020264e-01
2.328179776668548584e-01
2.564699649810791016e-01
2.415968179702758789e-01
2.177717983722686768e-01
2.252297103404998779e-01
2.408725619316101074e-01
2.461359798908233643e-01
2.597247362136840820e-01
2.272284626960754395e-01
2.602747678756713867e-01
2.463318407535552979e-01
2.337110936641693115e-01
2.296268343925476074e-01
2.394431233406066895e-01
2.415428161621093750e-01
2.609750628471374512e-01
1.996542811393737793e-01
2.426592409610748291e-01
2.591437399387359619e-01
2.507398426532745361e-01
2.600588798522949219e-01
2.667179405689239502e-01
1.994921267032623291e-01
2.304991185665130615e-01
2.514064311981201172e-01
2.703275978565216064e-01
2.568470537662506104e-01
2.647523581981658936e-01
2.569940090179443359e-01
2.561523914337158203e-01
2.413476109504699707e-01
2.748860120773315430e-01
2.134122550487518311e-01
2.519507408142089844e-01
2.113158106803894043e-01
2.340252101421356201e-01
2.136379778385162354e-01
2.534778714179992676e-01
2.065203189849853516e-01
2.658953368663787842e-01
2.039821743965148926e-01
2.578620910644531250e-01
2.129257917404174805e-01
2.600374817848205566e-01
2.166124284267425537e-01
2.012879848480224609e-01
2.892854809761047363e-01
3.066098690032958984e-01
1.982772648334503174e-01
2.713793516159057617e-01
2.719531655311584473e-01
2.334558963775634766e-01
3.062355518341064453e-01
2.062852978706359863e-01
2.020954787731170654e-01
2.391665577888488770e-01
2.430869340896606445e-01
2.906500101089477539e-01
2.853754162788391113e-01
2.863630652427673340e-01
2.859003543853759766e-01
2.615081667900085449e-01
2.293914854526519775e-01
2.428037524223327637e-01
1.916988492012023926e-01
2.219935357570648193e-01
2.555941939353942871e-01
2.612391710281372070e-01
2.159205675125122070e-01
2.560810446739196777e-01
2.787723541259765625e-01
2.700570821762084961e-01
1.658198237419128418e-01
2.206606566905975342e-01
2.586966753005981445e-01
2.498392164707183838e-01
2.324080169200897217e-01
2.490465939044952393e-01
2.735682725906372070e-01
2.649854421615600586e-01
2.611972093582153320e-01
2.472547292709350586e-01
2.705280184745788574e-01
2.651797533035278320e-01
2.126951515674591064e-01
2.613553404808044434e-01
2.732340693473815918e-01
2.492643296718597412e-01
2.806332111358642578e-01
2.501881122589111328e-01
2.714802324771881104e-01
2.591781616210937500e-01
2.487719058990478516e-01
2.075363993644714355e-01
2.519877552986145020e-01
2.263703644275665283e-01
2.687119841575622559e-01
2.441954910755157471e-01
2.848167121410369873e-01
2.546668350696563721e-01
2.643616497516632080e-01
2.695297598838806152e-01
2.399589717388153076e-01
2.746241986751556396e-01
2.705715894699096680e-01
2.763405740261077881e-01
2.481481432914733887e-01
2.525593638420104980e-01
2.983606457710266113e-01
2.581484913825988770e-01
2.429264187812805176e-01
2.644656896591186523e-01
2.595591545104980469e-01
2.336350977420806885e-01
2.782555818557739258e-01
2.478047907352447510e-01
2.814892530441284180e-01
2.562092840671539307e-01
2.352884709835052490e-01
2.522255480289459229e-01
2.797796130180358887e-01
2.606188356876373291e-01
2.708927392959594727e-01
2.685834467411041260e-01
2.275104224681854248e-01
2.792341113090515137e-01
2.999008595943450928e-01
2.188644111156463623e-01
3.051587045192718506e-01
2.581812739372253418e-01
2.689398229122161865e-01
2.668812274932861328e-01
2.856748700141906738e-01
2.636496126651763916e-01
2.377547323703765869e-01
2.711626291275024414e-01
2.631418704986572266e-01
2.596363723278045654e-01
2.232235372066497803e-01
2.232288122177124023e-01
2.612637281417846680e-01
2.663522362709045410e-01
2.589809596538543701e-01
2.537611126899719238e-01
2.853664457798004150e-01
2.207229137420654297e-01
2.180451750755310059e-01
2.397344112396240234e-01
2.710181772708892822e-01
1.706391572952270508e-01
2.261694967746734619e-01
2.567055225372314453e-01
2.291191518306732178e-01
2.617119252681732178e-01
2.237429022789001465e-01
2.314700484275817871e-01
2.196222245693206787e-01
1.532403528690338135e-01
2.668175697326660156e-01
2.361245751380920410e-01
2.356110513210296631e-01
1.846962273120880127e-01
2.369206845760345459e-01
2.534707784652709961e-01
1.838963031768798828e-01
2.574629783630371094e-01
2.179686725139617920e-01
2.648245096206665039e-01
2.429121732711791992e-01
2.666206359863281250e-01
1.560524702072143555e-01
1.642935276031494141e-01
1.496818065643310547e-01
1.706778705120086670e-01
2.566118538379669189e-01
2.357998788356781006e-01
2.392185926437377930e-01
2.208765149116516113e-01
2.447606325149536133e-01
2.634848058223724365e-01
2.273935377597808838e-01
2.665942907333374023e-01
2.781031429767608643e-01
3.058727979660034180e-01
2.539542913436889648e-01
2.597084045410156250e-01
2.722163796424865723e-01
2.758325934410095215e-01
2.311473488807678223e-01
2.650922238826751709e-01
2.608352303504943848e-01
2.410647273063659668e-01
2.634200751781463623e-01
2.137887179851531982e-01
2.469880580902099609e-01
2.430613338947296143e-01
2.309636175632476807e-01
2.239237129688262939e-01
2.501679956912994385e-01
2.280527949333190918e-01
2.053475081920623779e-01
2.320314645767211914e-01
2.331123054027557373e-01
2.241162061691284180e-01
1.977890431880950928e-01
2.597633004188537598e-01
2.227801978588104248e-01
2.397544980049133301e-01
2.599216699600219727e-01
2.656495571136474609e-01
2.459598183631896973e-01
2.260647416114807129e-01
2.526687085628509521e-01
2.476049661636352539e-01
3.055221438407897949e-01
2.373099029064178467e-01
2.602424621582031250e-01
2.582354545593261719e-01
2.406889796257019043e-01
2.650015652179718018e-01
2.461617887020111084e-01
2.916446626186370850e-01
2.459114789962768555e-01
2.380032539367675781e-01
2.373951077461242676e-01
2.319492995738983154e-01
2.242646217346191406e-01
2.477586865425109863e-01
2.438602745532989502e-01
2.746179699897766113e-01
2.703976631164550781e-01
1.843398809432983398e-01
2.101426422595977783e-01
2.179860472679138184e-01
2.509433329105377197e-01
2.093702256679534912e-01
1.951116025447845459e-01
1.752391755580902100e-01
2.666740417480468750e-01
2.575269341468811035e-01
1.602334976196289062e-01
2.272701561450958252e-01
2.521353662014007568e-01
1.947629749774932861e-01
2.052842676639556885e-01
2.025026977062225342e-01
2.607035040855407715e-01
2.455770075321197510e-01
2.388214468955993652e-01
2.492495775222778320e-01
2.571600973606109619e-01
2.885637283325195312e-01
2.540128827095031738e-01
2.066107988357543945e-01
2.351471483707427979e-01
2.416861057281494141e-01
2.720750570297241211e-01
2.531104981899261475e-01
2.448156774044036865e-01
2.483870685100555420e-01
2.487491965293884277e-01
2.082699835300445557e-01
2.761096358299255371e-01
2.157340943813323975e-01
2.426665425300598145e-01
2.709729969501495361e-01
2.616475224494934082e-01
2.529132366180419922e-01
2.715177536010742188e-01
2.327289283275604248e-01
2.266831099987030029e-01
2.388778030872344971e-01
2.538531422615051270e-01
2.561272978782653809e-01
2.431338131427764893e-01
2.684221863746643066e-01
2.440915107727050781e-01
2.687724828720092773e-01
2.601334452629089355e-01
2.466561496257781982e-01
2.492001652717590332e-01
2.543564438819885254e-01
2.406953871250152588e-01
2.815269827842712402e-01
2.650671303272247314e-01
2.250846922397613525e-01
2.549053430557250977e-01
2.675574421882629395e-01
2.886770367622375488e-01
2.686460018157958984e-01
2.888497114181518555e-01
2.722622156143188477e-01
2.025527060031890869e-01
2.518056631088256836e-01
2.905936539173126221e-01
2.741288542747497559e-01
2.493886947631835938e-01
2.835130095481872559e-01
2.383769750595092773e-01
2.769211828708648682e-01
2.476211190223693848e-01
2.428068518638610840e-01
2.798199057579040527e-01
2.122974693775177002e-01
3.038824796676635742e-01
2.790415287017822266e-01
2.480800449848175049e-01
2.195419371128082275e-01
2.003180980682373047e-01
2.717460393905639648e-01
2.370090782642364502e-01
2.554948925971984863e-01
2.556430399417877197e-01
2.703275382518768311e-01
2.519343495368957520e-01
2.600874304771423340e-01
2.433305680751800537e-01
2.604777812957763672e-01
2.378430962562561035e-01
2.546454370021820068e-01
1.978270709514617920e-01
2.530661225318908691e-01
2.434804141521453857e-01
2.153788506984710693e-01
2.814899682998657227e-01
2.630579471588134766e-01
2.659415602684020996e-01
2.795546948909759521e-01
2.886158823966979980e-01
2.765929400920867920e-01
1.908199489116668701e-01
2.895515561103820801e-01
2.529093027114868164e-01
1.915897428989410400e-01
2.021698951721191406e-01
1.631692945957183838e-01
2.344329953193664551e-01
2.286942899227142334e-01
2.376564145088195801e-01
1.512400209903717041e-01
1.602538526058197021e-01
2.063309252262115479e-01
2.462139725685119629e-01
2.202453315258026123e-01
2.101837396621704102e-01
2.107841074466705322e-01
2.547022104263305664e-01
1.878007948398590088e-01
2.782343626022338867e-01
1.668699681758880615e-01
2.312583029270172119e-01
2.270855903625488281e-01
2.757350206375122070e-01
1.838609278202056885e-01
1.313274502754211426e-01
1.984330415725708008e-01
1.510875821113586426e-01
1.484339535236358643e-01
2.295170128345489502e-01
2.461202442646026611e-01
1.660410463809967041e-01
1.628014147281646729e-01
2.191788256168365479e-01
2.498175203800201416e-01
1.343325674533843994e-01
1.602416634559631348e-01
2.234317660331726074e-01
1.441542506217956543e-01
1.723776161670684814e-01
1.347119510173797607e-01
1.522467732429504395e-01
2.311609983444213867e-01
2.116501629352569580e-01
2.541179955005645752e-01
2.278454303741455078e-01
1.434976160526275635e-01
2.454172372817993164e-01
1.640456318855285645e-01
1.593308150768280029e-01
2.442385852336883545e-01
1.736687421798706055e-01
2.444106936454772949e-01
2.440739572048187256e-01
2.304511964321136475e-01
1.785203814506530762e-01
1.565255224704742432e-01
1.536833643913269043e-01
2.761284112930297852e-01
2.588426470756530762e-01
1.962540149688720703e-01
1.503304541110992432e-01
1.729084551334381104e-01
2.569288611412048340e-01
2.628920078277587891e-01
2.533683776855468750e-01
2.447223365306854248e-01
1.621978878974914551e-01
1.744509637355804443e-01
2.498990595340728760e-01
2.617006897926330566e-01
2.830515503883361816e-01
2.386572659015655518e-01
2.395451664924621582e-01
2.665099501609802246e-01
2.103219926357269287e-01
2.198940217494964600e-01
2.378982007503509521e-01
2.140068709850311279e-01
2.444701194763183594e-01
2.154418230056762695e-01
2.493084073066711426e-01
2.750686407089233398e-01
2.478356361389160156e-01
2.673095464706420898e-01
2.287050187587738037e-01
2.175660431385040283e-01
2.332502007484436035e-01
2.645164430141448975e-01
2.202450037002563477e-01
2.704152166843414307e-01
2.623028755187988281e-01
2.254372537136077881e-01
2.193574905395507812e-01
1.723586320877075195e-01
2.297430932521820068e-01
1.311232447624206543e-01
2.420510947704315186e-01
2.023007571697235107e-01
2.589231133460998535e-01
2.649425268173217773e-01
1.997587382793426514e-01
2.189204394817352295e-01
2.898736596107482910e-01
2.404530942440032959e-01
2.174478173255920410e-01
2.623584866523742676e-01
2.543157339096069336e-01
2.342146635055541992e-01
2.353373169898986816e-01
3.144214153289794922e-01
2.435245513916015625e-01
2.135600447654724121e-01
2.467462718486785889e-01
2.348435223102569580e-01
2.582875490188598633e-01
2.369849681854248047e-01
2.522893249988555908e-01
2.801644206047058105e-01
2.227435111999511719e-01
2.751100957393646240e-01
2.010023593902587891e-01
2.468610405921936035e-01
1.882069110870361328e-01
2.596670389175415039e-01
2.512398958206176758e-01
2.155550420284271240e-01
1.558853685855865479e-01
2.815625071525573730e-01
2.470595240592956543e-01
2.355958223342895508e-01
2.618023157119750977e-01
2.512183189392089844e-01
2.551354169845581055e-01
2.728534042835235596e-01
2.243644297122955322e-01
2.410276830196380615e-01
2.498115897178649902e-01
2.221041321754455566e-01
2.746027410030364990e-01
1.978647410869598389e-01
2.628345489501953125e-01
2.559675574302673340e-01
2.814562022686004639e-01
2.459486424922943115e-01
2.603520750999450684e-01
2.260445058345794678e-01
2.522173523902893066e-01
2.592487931251525879e-01
2.467780411243438721e-01
2.736735045909881592e-01
2.746856808662414551e-01
2.506034076213836670e-01
2.388068735599517822e-01
2.673387229442596436e-01
2.568067014217376709e-01
2.502624094486236572e-01
2.678745985031127930e-01
2.662247121334075928e-01
2.325259745121002197e-01
2.503158450126647949e-01
2.924639880657196045e-01
2.717921733856201172e-01
1.520483493804931641e-01
2.562304139137268066e-01
2.539259791374206543e-01
2.610993385314941406e-01
2.857247889041900635e-01
2.757482528686523438e-01
2.719954252243041992e-01
1.596141755580902100e-01
2.579748630523681641e-01
1.388409435749053955e-01
2.725417017936706543e-01
2.502925693988800049e-01
2.275603711605072021e-01
2.486407756805419922e-01
2.274742126464843750e-01
1.839022040367126465e-01
2.397397458553314209e-01
2.407751083374023438e-01
2.673149108886718750e-01
2.221214175224304199e-01
2.525010108947753906e-01
2.467491924762725830e-01
1.729946732521057129e-01
2.475788891315460205e-01
2.662526369094848633e-01
2.734334468841552734e-01
1.376817822456359863e-01
2.159861922264099121e-01
2.048678100109100342e-01
2.461144030094146729e-01
2.288547456264495850e-01
1.885861158370971680e-01
1.838168799877166748e-01
2.461569309234619141e-01
2.595022320747375488e-01
2.812217473983764648e-01
2.479511797428131104e-01
2.695664763450622559e-01
2.584289312362670898e-01
2.842903733253479004e-01
2.800142765045166016e-01
2.809264063835144043e-01
2.076679468154907227e-01
2.536237835884094238e-01
2.545208930969238281e-01
2.184751629829406738e-01
2.654751837253570557e-01
2.754893898963928223e-01
2.306444942951202393e-01
1.949315667152404785e-01
2.778927683830261230e-01
2.570057809352874756e-01
2.382290661334991455e-01
2.526999115943908691e-01
2.864105105400085449e-01
2.398682534694671631e-01
2.533439695835113525e-01
2.088176906108856201e-01
2.125861644744873047e-01
2.114431560039520264e-01
2.613922357559204102e-01
2.268219888210296631e-01
2.497412264347076416e-01
2.728113532066345215e-01
2.202532291412353516e-01
2.715389728546142578e-01
2.747666239738464355e-01
2.550120949745178223e-01
2.346593141555786133e-01
2.765531539916992188e-01
2.320218384265899658e-01
2.061925530433654785e-01
2.617663443088531494e-01
2.360847592353820801e-01
2.379745841026306152e-01
2.281198203563690186e-01
2.307268977165222168e-01
2.494421303272247314e-01
2.588385939598083496e-01
2.351765036582946777e-01
2.373852133750915527e-01
2.580302655696868896e-01
2.503408491611480713e-01
2.410731613636016846e-01
2.090903520584106445e-01
2.265121042728424072e-01
2.396647930145263672e-01
2.561708688735961914e-01
2.644179463386535645e-01
2.609582245349884033e-01
2.267091572284698486e-01
2.529843449592590332e-01
2.644837498664855957e-01
2.833773493766784668e-01
2.362053692340850830e-01
2.387827634811401367e-01
2.405008673667907715e-01
2.382116019725799561e-01
2.327113151550292969e-01
2.696853876113891602e-01
2.270440757274627686e-01
2.519624829292297363e-01
2.406716644763946533e-01
2.390077412128448486e-01
2.334131896495819092e-01
2.461672127246856689e-01
2.388136982917785645e-01
2.607368826866149902e-01
2.409363389015197754e-01
2.360372841358184814e-01
2.812994718551635742e-01
2.442806065082550049e-01
2.016080915927886963e-01
2.522015869617462158e-01
2.668182849884033203e-01
2.213335335254669189e-01
2.768274545669555664e-01
2.419757843017578125e-01
2.511563599109649658e-01
2.650058865547180176e-01
2.476861178874969482e-01
2.450031042098999023e-01
2.545573115348815918e-01
2.507015466690063477e-01
2.647786140441894531e-01
2.697728276252746582e-01
2.200519740581512451e-01
2.863218188285827637e-01
2.609943151473999023e-01
1.423175036907196045e-01
2.575944066047668457e-01
2.655479311943054199e-01
2.467216253280639648e-01
2.275978326797485352e-01
1.617146134376525879e-01
1.823924779891967773e-01
1.692343652248382568e-01
1.706347167491912842e-01
1.649727225303649902e-01
2.220133543014526367e-01
2.431452572345733643e-01
2.328508496284484863e-01
2.530039846897125244e-01
2.453158795833587646e-01
2.552090883255004883e-01
2.682713568210601807e-01
2.157181501388549805e-01
2.368253171443939209e-01
2.366574704647064209e-01
2.510296106338500977e-01
2.302986681461334229e-01
2.202135920524597168e-01
2.654519975185394287e-01
2.785372734069824219e-01
2.316862940788269043e-01
2.408182919025421143e-01
2.347806096076965332e-01
2.457831501960754395e-01
2.301241159439086914e-01
2.671298980712890625e-01
2.827905416488647461e-01
2.261519432067871094e-01
2.807212471961975098e-01
2.588732242584228516e-01
2.066847980022430420e-01
2.581479549407958984e-01
2.538118362426757812e-01
2.480569183826446533e-01
2.522416710853576660e-01
2.917977869510650635e-01
2.767380475997924805e-01
2.249996364116668701e-01
2.871468663215637207e-01
3.284736275672912598e-01
2.681904733180999756e-01
3.340858221054077148e-01
2.618642747402191162e-01
2.704960107803344727e-01
2.631462812423706055e-01
2.515695989131927490e-01
2.277954518795013428e-01
3.113815188407897949e-01
2.744746208190917969e-01
2.321648597717285156e-01
2.041512131690979004e-01
2.686447501182556152e-01
2.652246952056884766e-01
2.344062626361846924e-01
2.567369937896728516e-01
2.327866852283477783e-01
2.450087368488311768e-01
2.682791948318481445e-01
2.237153053283691406e-01
2.611513733863830566e-01
2.971996366977691650e-01
2.353920340538024902e-01
2.637605667114257812e-01
2.632728517055511475e-01
2.466304004192352295e-01
2.144905626773834229e-01
2.602801024913787842e-01
2.607426941394805908e-01
2.518178224563598633e-01
2.285959124565124512e-01
2.650802135467529297e-01
2.549457550048828125e-01
2.325589358806610107e-01
2.590941190719604492e-01
2.347249090671539307e-01
2.521980404853820801e-01
2.275218665599822998e-01
2.500465214252471924e-01
2.659558653831481934e-01
2.557756304740905762e-01
2.298093140125274658e-01
2.692658305168151855e-01
2.498563528060913086e-01
2.464771270751953125e-01
2.395189404487609863e-01
2.304148972034454346e-01
2.502138316631317139e-01
2.471682429313659668e-01
1.562283933162689209e-01
1.563636064529418945e-01
1.439924538135528564e-01
2.622071206569671631e-01
2.687836885452270508e-01
1.961893141269683838e-01
2.595709562301635742e-01
2.449972033500671387e-01
2.536142468452453613e-01
2.443102598190307617e-01
2.678773999214172363e-01
2.327183485031127930e-01
2.415849864482879639e-01
2.585630416870117188e-01
2.151123583316802979e-01
2.419161200523376465e-01
2.511808574199676514e-01
2.101237475872039795e-01
2.903105616569519043e-01
2.604406177997589111e-01
1.703368127346038818e-01
2.325033545494079590e-01
2.465746104717254639e-01
2.517326772212982178e-01
2.477139532566070557e-01
2.887609004974365234e-01
2.600039541721343994e-01
2.491883635520935059e-01
2.500482201576232910e-01
2.899022996425628662e-01
2.634889781475067139e-01
2.722885012626647949e-01
2.783787250518798828e-01
2.815091609954833984e-01
2.566915452480316162e-01
2.565860152244567871e-01
2.538930773735046387e-01
2.331942915916442871e-01
2.456836700439453125e-01
2.404802143573760986e-01
2.398107051849365234e-01
2.506881356239318848e-01
2.854995727539062500e-01
2.456557154655456543e-01
2.458235621452331543e-01
2.666722238063812256e-01
1.912222206592559814e-01
2.838991284370422363e-01
2.401620745658874512e-01
2.888056039810180664e-01
2.090168297290802002e-01
2.305217683315277100e-01
2.897469401359558105e-01
1.989832222461700439e-01
2.217709720134735107e-01
2.177951633930206299e-01
2.067329287528991699e-01
2.250964641571044922e-01
2.685198485851287842e-01
2.291879057884216309e-01
2.362332344055175781e-01
1.975226700305938721e-01
2.776758670806884766e-01
2.216950356960296631e-01
2.405649721622467041e-01
2.305795848369598389e-01
2.705455422401428223e-01
1.935771405696868896e-01
2.358204126358032227e-01
2.562334835529327393e-01
2.103718221187591553e-01
2.277779281139373779e-01
2.564518153667449951e-01
2.682119607925415039e-01
2.030368745326995850e-01
2.433634102344512939e-01
2.537729144096374512e-01
2.486599385738372803e-01
2.567813396453857422e-01
2.602962553501129150e-01
1.991071105003356934e-01
2.291346192359924316e-01
2.019993066787719727e-01
2.480339407920837402e-01
2.286876142024993896e-01
2.095790207386016846e-01
2.746141552925109863e-01
2.283395230770111084e-01
2.854499220848083496e-01
2.767397761344909668e-01
2.668693065643310547e-01
2.304008305072784424e-01
2.882170677185058594e-01
2.503421008586883545e-01
2.737649381160736084e-01
2.828165888786315918e-01
2.167548537254333496e-01
2.308945655822753906e-01
2.347730696201324463e-01
2.373795807361602783e-01
2.764399647712707520e-01
2.101334035396575928e-01
2.411407232284545898e-01
2.395354807376861572e-01
2.752431333065032959e-01
2.830489277839660645e-01
2.484855055809020996e-01
2.123601436614990234e-01
2.539851665496826172e-01
1.456444263458251953e-01
2.713926434516906738e-01
1.632887721061706543e-01
1.839415729045867920e-01
2.630186080932617188e-01
1.757283508777618408e-01
1.895775496959686279e-01
2.312122881412506104e-01
2.788865268230438232e-01
1.921003460884094238e-01
2.351486682891845703e-01
2.503138780593872070e-01
2.331795096397399902e-01
1.911253631114959717e-01
1.904811263084411621e-01
2.661359310150146484e-01
2.801875472068786621e-01
2.124931514263153076e-01
2.786326706409454346e-01
2.593203485012054443e-01
1.712799370288848877e-01
2.936356663703918457e-01
3.051643371582031250e-01
2.582841515541076660e-01
2.571228146553039551e-01
2.970350086688995361e-01
2.583328485488891602e-01
2.081165611743927002e-01
2.492595613002777100e-01
3.182299733161926270e-01
2.932958006858825684e-01
2.714086472988128662e-01
2.415123581886291504e-01
2.677850723266601562e-01
2.333795428276062012e-01
2.688990235328674316e-01
2.726938724517822266e-01
2.479676604270935059e-01
2.475930750370025635e-01
2.108486890792846680e-01
2.601056993007659912e-01
2.667559981346130371e-01
2.362170815467834473e-01
2.408508062362670898e-01
2.347687780857086182e-01
2.599827647209167480e-01
2.782691717147827148e-01
2.510627806186676025e-01
2.604333758354187012e-01
2.086929082870483398e-01
2.334214448928833008e-01
2.736342549324035645e-01
2.257210612297058105e-01
2.561210989952087402e-01
2.049228250980377197e-01
2.596772611141204834e-01
2.319390475749969482e-01
2.309965491294860840e-01
2.412950098514556885e-01
2.123867571353912354e-01
2.609496116638183594e-01
2.273422181606292725e-01
2.483895719051361084e-01
2.245358228683471680e-01
2.534541487693786621e-01
2.156057059764862061e-01
2.542666792869567871e-01
2.239676415920257568e-01
2.123696208000183105e-01
2.060641944408416748e-01
2.460924386978149414e-01
1.430404186248779297e-01
2.809437215328216553e-01
1.366350352764129639e-01
2.175844013690948486e-01
2.025525867938995361e-01
1.921209394931793213e-01
1.826293468475341797e-01
2.804846763610839844e-01
2.195886373519897461e-01
2.312652766704559326e-01
2.522216141223907471e-01
1.917593181133270264e-01
2.487642168998718262e-01
2.585898041725158691e-01
2.673996388912200928e-01
2.736933231353759766e-01
2.484994232654571533e-01
2.031485736370086670e-01
2.643992006778717041e-01
2.807813286781311035e-01
2.092058360576629639e-01
2.414021790027618408e-01
2.100783288478851318e-01
2.491162717342376709e-01
2.307532131671905518e-01
2.428917288780212402e-01
2.093473672866821289e-01
2.379105389118194580e-01
2.673631906509399414e-01
2.335407137870788574e-01
2.266458570957183838e-01
2.224104106426239014e-01
2.806695699691772461e-01
2.756664752960205078e-01
2.995632290840148926e-01
2.321457266807556152e-01
2.668079435825347900e-01
2.705365717411041260e-01
2.562983334064483643e-01
2.684599757194519043e-01
2.691949605941772461e-01
2.763260602951049805e-01
2.548764944076538086e-01
2.829105854034423828e-01
2.755202054977416992e-01
2.638850510120391846e-01
2.519299387931823730e-01
2.779417037963867188e-01
2.738802731037139893e-01
2.602902352809906006e-01
2.618598341941833496e-01
2.254754602909088135e-01
2.705625593662261963e-01
2.640008628368377686e-01
2.566304504871368408e-01
2.263655066490173340e-01
2.184384763240814209e-01
3.058711290359497070e-01
2.686463594436645508e-01
2.307240664958953857e-01
2.690144181251525879e-01
2.424026727676391602e-01
2.670621871948242188e-01
2.518829703330993652e-01
2.615979313850402832e-01
3.044199943542480469e-01
2.813556790351867676e-01
2.759530544281005859e-01
2.817199826240539551e-01
2.491512894630432129e-01
2.970908284187316895e-01
2.511450052261352539e-01
2.555771172046661377e-01
2.839954495429992676e-01
2.869503498077392578e-01
2.769997715950012207e-01
2.921832799911499023e-01
2.782184481620788574e-01
2.721129655838012695e-01
2.534202039241790771e-01
2.284865677356719971e-01
2.410537898540496826e-01
2.284359037876129150e-01
2.931743264198303223e-01
2.491345703601837158e-01
2.590826749801635742e-01
2.864919304847717285e-01
2.563539147377014160e-01
2.777954041957855225e-01
2.319546937942504883e-01
2.502810359001159668e-01
2.605249285697937012e-01
2.714099586009979248e-01
2.734256982803344727e-01
2.779225409030914307e-01
2.493686676025390625e-01
2.527474462985992432e-01
2.674660980701446533e-01
2.649120092391967773e-01
2.495415210723876953e-01
2.573885321617126465e-01
2.770642638206481934e-01
2.335613965988159180e-01
2.732861042022705078e-01
2.500604987144470215e-01
2.893495261669158936e-01
2.711317241191864014e-01
2.382577061653137207e-01
2.494332194328308105e-01
2.542207241058349609e-01
1.959045529365539551e-01
2.408947944641113281e-01
1.975715458393096924e-01
2.763898968696594238e-01
2.348196804523468018e-01
2.286366224288940430e-01
2.337264716625213623e-01
2.162903547286987305e-01
2.409235835075378418e-01
2.316901683807373047e-01
2.711251974105834961e-01
2.830266952514648438e-01
2.444030642509460449e-01
2.030383348464965820e-01
2.338905930519104004e-01
2.195800840854644775e-01
2.289379239082336426e-01
2.399036288261413574e-01
2.429445981979370117e-01
1.740414500236511230e-01
2.744945287704467773e-01
2.073152661323547363e-01
2.643405497074127197e-01
2.505244016647338867e-01
2.314086258411407471e-01
2.487405240535736084e-01
2.419688701629638672e-01
1.729929149150848389e-01
2.124444842338562012e-01
2.397941946983337402e-01
2.376494109630584717e-01
2.528420686721801758e-01
2.508434057235717773e-01
2.401108145713806152e-01
2.604221105575561523e-01
2.263157963752746582e-01
2.770958542823791504e-01
2.483576238155364990e-01
2.036978602409362793e-01
2.236682176589965820e-01
1.802533566951751709e-01
1.433713734149932861e-01
1.729989051818847656e-01
2.059974968433380127e-01
1.744283139705657959e-01
1.997872591018676758e-01
2.191345989704132080e-01
2.500171661376953125e-01
2.727069556713104248e-01
2.305048108100891113e-01
2.515466213226318359e-01
2.660050392150878906e-01
2.217224538326263428e-01
2.378380000591278076e-01
2.491365075111389160e-01
2.685954272747039795e-01
2.404141426086425781e-01
2.797710299491882324e-01
2.664914429187774658e-01
2.599503993988037109e-01
2.745659947395324707e-01
2.900186479091644287e-01
2.338945567607879639e-01
2.776495218276977539e-01
2.602592706680297852e-01
2.541868090629577637e-01
2.594323158264160156e-01
2.898663282394409180e-01
2.308806777000427246e-01
2.754603028297424316e-01
2.899222373962402344e-01
2.805175483226776123e-01
2.413988709449768066e-01
2.417007386684417725e-01
2.412401735782623291e-01
2.422797977924346924e-01
2.590786218643188477e-01
2.418678402900695801e-01
2.311819195747375488e-01
2.278746664524078369e-01
2.459111213684082031e-01
2.700646519660949707e-01
1.377434432506561279e-01
2.547715902328491211e-01
2.448246479034423828e-01
2.623217403888702393e-01
2.461851537227630615e-01
2.914080023765563965e-01
2.542259693145751953e-01
2.193850874900817871e-01
2.655175924301147461e-01
2.506000995635986328e-01
2.350283861160278320e-01
2.130587100982666016e-01
2.397886216640472412e-01
2.268926799297332764e-01
2.526420354843139648e-01
2.738551497459411621e-01
2.381443679332733154e-01
2.441372573375701904e-01
2.879029512405395508e-01
2.915940284729003906e-01
2.849888205528259277e-01
2.618886530399322510e-01
2.148374617099761963e-01
2.406639754772186279e-01
2.571229338645935059e-01
2.313761711120605469e-01
2.466567456722259521e-01
1.856118738651275635e-01
1.461370885372161865e-01
2.051441073417663574e-01
2.837792336940765381e-01
2.445124387741088867e-01
2.887748479843139648e-01
2.396926879882812500e-01
2.773044109344482422e-01
2.535179257392883301e-01
2.614886760711669922e-01
2.975972592830657959e-01
3.007590770721435547e-01
2.511610388755798340e-01
2.263955175876617432e-01
2.814696431159973145e-01
2.603809535503387451e-01
2.527266740798950195e-01
2.480144500732421875e-01
2.603125572204589844e-01
2.173861861228942871e-01
1.955749690532684326e-01
2.599791288375854492e-01
2.781070768833160400e-01
1.794715821743011475e-01
2.343734204769134521e-01
2.052153944969177246e-01
2.266363203525543213e-01
2.614276409149169922e-01
2.475250363349914551e-01
2.411696016788482666e-01
2.447760999202728271e-01
1.841532886028289795e-01
1.953801810741424561e-01
2.240894138813018799e-01
2.634559869766235352e-01
2.691830992698669434e-01
1.936500966548919678e-01
2.059069275856018066e-01
2.350282371044158936e-01
2.675711512565612793e-01
2.758619487285614014e-01
2.687838673591613770e-01
1.472370922565460205e-01
2.694343626499176025e-01
2.110408544540405273e-01
2.450695037841796875e-01
2.761324048042297363e-01
2.818672358989715576e-01
2.653377652168273926e-01
2.699032425880432129e-01
1.981019675731658936e-01
2.174392342567443848e-01
2.145941555500030518e-01
2.705386281013488770e-01
2.476379871368408203e-01
2.524317204952239990e-01
2.287732064723968506e-01
2.090145349502563477e-01
2.472534477710723877e-01
2.769683003425598145e-01
2.437668442726135254e-01
2.771928310394287109e-01
1.996051073074340820e-01
2.855142652988433838e-01
2.488681375980377197e-01
2.229355871677398682e-01
2.168947756290435791e-01
2.229637503623962402e-01
2.529046535491943359e-01
2.697013616561889648e-01
2.536948323249816895e-01
2.472364008426666260e-01
2.311626076698303223e-01
2.670356631278991699e-01
2.317737340927124023e-01
2.432338297367095947e-01
2.439571619033813477e-01
2.740587294101715088e-01
2.608006000518798828e-01
2.073028981685638428e-01
2.298606336116790771e-01
2.329685389995574951e-01
2.238447964191436768e-01
2.645607292652130127e-01
2.214253544807434082e-01
1.894032061100006104e-01
2.259175479412078857e-01
2.230732142925262451e-01
2.533112168312072754e-01
2.538013458251953125e-01
2.435003519058227539e-01
1.921869814395904541e-01
2.754805684089660645e-01
2.189102768898010254e-01
2.231130897998809814e-01
2.344856560230255127e-01
2.120179235935211182e-01
2.124035358428955078e-01
2.501934468746185303e-01
1.408375501632690430e-01
2.265518903732299805e-01
1.477271616458892822e-01
2.376598715782165527e-01
2.587020397186279297e-01
2.110863327980041504e-01
2.240490317344665527e-01
2.393686473369598389e-01
2.739938795566558838e-01
1.709928214550018311e-01
2.074822783470153809e-01
2.599330544471740723e-01
2.194114625453948975e-01
2.080970108509063721e-01
2.411173582077026367e-01
2.381435632705688477e-01
2.655992507934570312e-01
2.120484113693237305e-01
2.093175351619720459e-01
2.140664756298065186e-01
1.951978504657745361e-01
2.124929428100585938e-01
1.932024061679840088e-01
2.845460772514343262e-01
2.084417343139648438e-01
1.856619417667388916e-01
2.321989238262176514e-01
2.286991477012634277e-01
2.436227202415466309e-01
2.282117605209350586e-01
2.220166623592376709e-01
2.137636244297027588e-01
2.530108392238616943e-01
2.157931029796600342e-01
2.336493730545043945e-01
2.103776335716247559e-01
2.102214694023132324e-01
2.250296473503112793e-01
2.398303151130676270e-01
2.627114653587341309e-01
2.684572935104370117e-01
3.203873932361602783e-01
1.987662315368652344e-01
2.659722566604614258e-01
2.732662558555603027e-01
2.389814257621765137e-01
2.194091379642486572e-01
1.954163312911987305e-01
2.890702784061431885e-01
2.155738770961761475e-01
2.238197922706604004e-01
2.432366609573364258e-01
2.117361128330230713e-01
2.809018492698669434e-01
1.442721188068389893e-01
2.235577106475830078e-01
2.246385514736175537e-01
2.683269381523132324e-01
2.165240347385406494e-01
2.105236351490020752e-01
2.026937603950500488e-01
2.404241561889648438e-01
2.596098780632019043e-01
2.659292221069335938e-01
2.216898798942565918e-01
2.352164983749389648e-01
1.904937624931335449e-01
2.102421224117279053e-01
2.828620672225952148e-01
2.317761480808258057e-01
2.538253962993621826e-01
2.325964570045471191e-01
1.912032067775726318e-01
2.336968481540679932e-01
1.877472698688507080e-01
2.447272837162017822e-01
2.333461940288543701e-01
2.341186404228210449e-01
2.538866400718688965e-01
2.342742979526519775e-01
2.830485105514526367e-01
2.582112550735473633e-01
2.498298287391662598e-01
2.722027897834777832e-01
2.332746386528015137e-01
2.279087603092193604e-01
2.342343330383300781e-01
1.934135854244232178e-01
2.689810395240783691e-01
2.800161540508270264e-01
2.004578709602355957e-01
2.613901495933532715e-01
2.150605618953704834e-01
2.533815503120422363e-01
2.535212635993957520e-01
2.474198341369628906e-01
2.401776313781738281e-01
1.754682660102844238e-01
2.317733168601989746e-01
2.450234889984130859e-01
2.128556072711944580e-01
2.161659598350524902e-01
2.205288112163543701e-01
2.858092784881591797e-01
2.304069101810455322e-01
2.421089410781860352e-01
2.551757097244262695e-01
2.229421138763427734e-01
2.531525790691375732e-01
2.123764455318450928e-01
2.500668466091156006e-01
2.694453895092010498e-01
2.470196485519409180e-01
2.254267334938049316e-01
2.308176457881927490e-01
1.321576535701751709e-01
2.489529252052307129e-01
2.620934545993804932e-01
1.331792175769805908e-01
2.178015410900115967e-01
1.686379015445709229e-01
1.900183558464050293e-01
1.988023817539215088e-01
2.763206362724304199e-01
2.432335913181304932e-01
2.755494713783264160e-01
2.673430442810058594e-01
2.564304769039154053e-01
2.623269855976104736e-01
2.599708437919616699e-01
2.521303296089172363e-01
2.633056640625000000e-01
2.569938898086547852e-01
2.665834426879882812e-01
2.465149164199829102e-01
2.614396810531616211e-01
2.850164175033569336e-01
2.494592964649200439e-01
2.267286181449890137e-01
2.618674337863922119e-01
2.593371272087097168e-01
2.133400440216064453e-01
2.530449628829956055e-01
2.729067802429199219e-01
2.436517775058746338e-01
2.452370822429656982e-01
2.650826573371887207e-01
2.298061847686767578e-01
1.873771548271179199e-01
2.465494573116302490e-01
2.236773371696472168e-01
2.073449790477752686e-01
1.972959935665130615e-01
2.578857541084289551e-01
2.601798176765441895e-01
2.225642502307891846e-01
2.536187171936035156e-01
2.282903492450714111e-01
2.726111710071563721e-01
2.372516393661499023e-01
2.085225582122802734e-01
2.181330621242523193e-01
2.194432318210601807e-01
2.276218831539154053e-01
2.072296142578125000e-01
2.246296107769012451e-01
1.968218684196472168e-01
1.385287642478942871e-01
2.315889894962310791e-01
2.066358327865600586e-01
2.353322207927703857e-01
2.237457633018493652e-01
2.012838125228881836e-01
2.257100939750671387e-01
1.774282753467559814e-01
2.336147725582122803e-01
2.617582678794860840e-01
2.726398706436157227e-01
1.943684816360473633e-01
2.216548621654510498e-01
2.328402101993560791e-01
2.186608612537384033e-01
2.597615718841552734e-01
2.178498506546020508e-01
2.540472745895385742e-01
2.548225522041320801e-01
2.286742329597473145e-01
2.782962322235107422e-01
2.059092521667480469e-01
2.257939577102661133e-01
2.036086320877075195e-01
1.903390586376190186e-01
2.498714625835418701e-01
2.384898960590362549e-01
2.325624823570251465e-01
2.927951216697692871e-01
2.629048228263854980e-01
2.330109179019927979e-01
2.752068042755126953e-01
2.777480185031890869e-01
2.965601682662963867e-01
2.462655901908874512e-01
2.700912058353424072e-01
2.402929067611694336e-01
