4.869023859500885010e-01
4.868883788585662842e-01
4.865042269229888916e-01
4.912985861301422119e-01
4.870761930942535400e-01
5.226088762283325195e-01
5.198695063591003418e-01
5.178664326667785645e-01
5.165051221847534180e-01
5.165051221847534180e-01
5.165051221847534180e-01
4.870474338531494141e-01
4.870091378688812256e-01
4.870091080665588379e-01
4.870091080665588379e-01
4.870091378688812256e-01
4.870097935199737549e-01
4.870360493659973145e-01
4.871038794517517090e-01
4.871038794517517090e-01
4.863276481628417969e-01
4.857684671878814697e-01
4.857684671878814697e-01
4.857684671878814697e-01
4.857684671878814697e-01
4.857684671878814697e-01
4.857684671878814697e-01
4.857684671878814697e-01
4.857684671878814697e-01
4.857684671878814697e-01
4.857684671878814697e-01
4.857684671878814697e-01
4.857684671878814697e-01
4.857684671878814697e-01
4.857684671878814697e-01
4.857684671878814697e-01
4.857684671878814697e-01
4.857684671878814697e-01
4.857684671878814697e-01
4.857684671878814697e-01
4.857684671878814697e-01
4.920719265937805176e-01
5.112792253494262695e-01
4.923153519630432129e-01
4.857684671878814697e-01
5.227079987525939941e-01
4.857684671878814697e-01
5.039774775505065918e-01
5.894003510475158691e-01
5.210034847259521484e-01
5.002694129943847656e-01
5.399465560913085938e-01
4.957343637943267822e-01
4.958504438400268555e-01
5.000703930854797363e-01
4.878796041011810303e-01
5.024853944778442383e-01
5.284155607223510742e-01
5.041579604148864746e-01
4.926620423793792725e-01
4.869630038738250732e-01
4.869446754455566406e-01
4.759987294673919678e-01
5.175405144691467285e-01
5.245272517204284668e-01
5.771855115890502930e-01
4.857684671878814697e-01
4.857684671878814697e-01
4.857684671878814697e-01
4.857684671878814697e-01
4.857684671878814697e-01
4.857684671878814697e-01
4.857684671878814697e-01
5.271666646003723145e-01
4.524828493595123291e-01
4.866522252559661865e-01
4.857684671878814697e-01
4.857684671878814697e-01
4.857684671878814697e-01
5.375015735626220703e-01
4.807099699974060059e-01
4.998514652252197266e-01
4.857684671878814697e-01
4.857684671878814697e-01
4.857684671878814697e-01
4.907067120075225830e-01
4.865347743034362793e-01
4.792423248291015625e-01
4.973848462104797363e-01
4.868485629558563232e-01
5.560713410377502441e-01
5.807700753211975098e-01
6.067876815795898438e-01
5.966356992721557617e-01
4.910092353820800781e-01
4.909149706363677979e-01
4.709496498107910156e-01
4.698484241962432861e-01
4.711751341819763184e-01
