2.858403921127319336e-01
2.573879361152648926e-01
2.683496475219726562e-01
2.812732160091400146e-01
2.652353644371032715e-01
2.688288390636444092e-01
2.690953612327575684e-01
2.890362739562988281e-01
2.661540508270263672e-01
2.696887850761413574e-01
2.662928700447082520e-01
2.413396537303924561e-01
2.639577984809875488e-01
2.556545138359069824e-01
2.676667273044586182e-01
2.906250953674316406e-01
2.541912198066711426e-01
2.659370601177215576e-01
2.677949070930480957e-01
2.637254595756530762e-01
2.549600899219512939e-01
2.885339856147766113e-01
2.656718492507934570e-01
2.529993653297424316e-01
2.521318793296813965e-01
2.543721199035644531e-01
2.458979487419128418e-01
2.681486010551452637e-01
2.698968648910522461e-01
2.695286273956298828e-01
2.897593080997467041e-01
2.523236572742462158e-01
2.696669101715087891e-01
2.680798172950744629e-01
2.647611498832702637e-01
2.647146582603454590e-01
2.539232671260833740e-01
2.775717079639434814e-01
2.651321887969970703e-01
2.669900655746459961e-01
2.642995715141296387e-01
2.521426677703857422e-01
2.639442086219787598e-01
2.761404812335968018e-01
2.529514729976654053e-01
2.281388044357299805e-01
2.567639350891113281e-01
2.800337672233581543e-01
2.677959203720092773e-01
2.657125592231750488e-01
2.676631808280944824e-01
2.607101202011108398e-01
2.718539237976074219e-01
2.857386171817779541e-01
2.617986500263214111e-01
2.796770334243774414e-01
2.205238044261932373e-01
2.360080480575561523e-01
2.868348360061645508e-01
2.393864691257476807e-01
2.970600724220275879e-01
2.652204632759094238e-01
2.406052350997924805e-01
2.221233248710632324e-01
2.517381906509399414e-01
2.395731210708618164e-01
2.647818326950073242e-01
2.367000281810760498e-01
2.714675664901733398e-01
2.802822887897491455e-01
2.574149668216705322e-01
2.615581452846527100e-01
2.474513649940490723e-01
2.405448257923126221e-01
2.787866592407226562e-01
2.367307841777801514e-01
2.574706673622131348e-01
2.373268306255340576e-01
2.601667344570159912e-01
2.503091096878051758e-01
2.618562579154968262e-01
2.623555064201354980e-01
2.808762788772583008e-01
2.663004994392395020e-01
2.727845013141632080e-01
2.416837513446807861e-01
2.430472970008850098e-01
2.944760918617248535e-01
2.484689652919769287e-01
3.074966967105865479e-01
2.670634090900421143e-01
2.500086724758148193e-01
2.559941709041595459e-01
2.601354122161865234e-01
2.509340047836303711e-01
2.684537172317504883e-01
2.620545029640197754e-01
2.829803228378295898e-01
2.601661384105682373e-01
2.663318812847137451e-01
2.575675845146179199e-01
2.650611400604248047e-01
2.772934436798095703e-01
2.502393126487731934e-01
2.575232684612274170e-01
2.446484565734863281e-01
2.579745352268218994e-01
2.472932636737823486e-01
2.806650996208190918e-01
2.609941363334655762e-01
2.850867807865142822e-01
2.614002823829650879e-01
2.679503560066223145e-01
2.487726509571075439e-01
2.691211700439453125e-01
2.845311760902404785e-01
3.006928563117980957e-01
2.684546709060668945e-01
2.819949090480804443e-01
2.681966722011566162e-01
2.698881030082702637e-01
2.710678577423095703e-01
2.670462131500244141e-01
2.651348710060119629e-01
2.638604044914245605e-01
2.584633827209472656e-01
2.795451283454895020e-01
2.608147859573364258e-01
2.508162856101989746e-01
2.764493227005004883e-01
2.510680556297302246e-01
2.753168344497680664e-01
2.700321674346923828e-01
2.741716802120208740e-01
2.684026956558227539e-01
2.647303938865661621e-01
2.381159365177154541e-01
2.593249678611755371e-01
2.818190455436706543e-01
2.735519409179687500e-01
2.541852891445159912e-01
2.661524415016174316e-01
2.399427294731140137e-01
2.488481700420379639e-01
2.994056940078735352e-01
2.661598324775695801e-01
2.699201703071594238e-01
2.694159150123596191e-01
2.584642469882965088e-01
2.576147019863128662e-01
2.489377558231353760e-01
2.501903176307678223e-01
2.720934152603149414e-01
2.730233371257781982e-01
2.407718896865844727e-01
2.505146861076354980e-01
2.638139724731445312e-01
2.696549296379089355e-01
2.590267062187194824e-01
2.483902871608734131e-01
2.588224411010742188e-01
2.513970136642456055e-01
2.373837828636169434e-01
2.544645667076110840e-01
2.968100309371948242e-01
2.721243500709533691e-01
2.597819566726684570e-01
2.663090229034423828e-01
2.586719393730163574e-01
2.526974081993103027e-01
2.687206864356994629e-01
2.562230229377746582e-01
2.488501667976379395e-01
2.407493293285369873e-01
3.014841675758361816e-01
2.584502995014190674e-01
2.555097341537475586e-01
2.563044428825378418e-01
2.420667707920074463e-01
2.398328185081481934e-01
2.600647509098052979e-01
2.252889871597290039e-01
2.828801274299621582e-01
2.374174594879150391e-01
2.715393900871276855e-01
2.395251989364624023e-01
2.760140895843505859e-01
2.367309927940368652e-01
2.412293255329132080e-01
2.669899165630340576e-01
2.558940052986145020e-01
2.661714553833007812e-01
2.703434228897094727e-01
2.727094888687133789e-01
2.669657468795776367e-01
2.668613195419311523e-01
2.647209763526916504e-01
2.681111097335815430e-01
2.343058884143829346e-01
2.637500166893005371e-01
2.637420296669006348e-01
2.631765007972717285e-01
2.686278820037841797e-01
2.655447721481323242e-01
2.482809126377105713e-01
2.645749747753143311e-01
2.626733779907226562e-01
2.477043867111206055e-01
2.578042745590209961e-01
2.635646462440490723e-01
2.639546990394592285e-01
2.666788101196289062e-01
2.673438787460327148e-01
2.684249579906463623e-01
2.550609111785888672e-01
2.682464718818664551e-01
2.646498382091522217e-01
2.721121907234191895e-01
2.717928886413574219e-01
2.656617462635040283e-01
2.713453769683837891e-01
2.687027454376220703e-01
2.644862532615661621e-01
2.693433165550231934e-01
2.631930112838745117e-01
2.724801898002624512e-01
2.701911926269531250e-01
2.615466415882110596e-01
2.693207561969757080e-01
2.764122486114501953e-01
2.717267870903015137e-01
2.712828218936920166e-01
2.709482610225677490e-01
2.816954851150512695e-01
2.690445184707641602e-01
2.631033062934875488e-01
2.687903642654418945e-01
2.646526992321014404e-01
2.664988040924072266e-01
2.679024934768676758e-01
2.697063684463500977e-01
2.752355933189392090e-01
2.698566317558288574e-01
2.673813104629516602e-01
2.682907581329345703e-01
2.736894488334655762e-01
2.687356472015380859e-01
2.786249220371246338e-01
2.602733969688415527e-01
2.657848596572875977e-01
2.661520242691040039e-01
2.566995620727539062e-01
2.688000202178955078e-01
2.802120447158813477e-01
2.917599976062774658e-01
2.957071065902709961e-01
2.589730322360992432e-01
2.767302989959716797e-01
2.655844092369079590e-01
2.621251940727233887e-01
2.704761028289794922e-01
2.469125092029571533e-01
2.797176539897918701e-01
2.570067942142486572e-01
2.527920901775360107e-01
2.647125422954559326e-01
2.263593971729278564e-01
2.639756202697753906e-01
2.629964351654052734e-01
2.382052242755889893e-01
2.373397052288055420e-01
2.512823939323425293e-01
2.801132202148437500e-01
2.322970926761627197e-01
2.564855217933654785e-01
2.555655837059020996e-01
2.553399205207824707e-01
2.519490122795104980e-01
2.507071495056152344e-01
2.403771877288818359e-01
2.638936638832092285e-01
2.676829099655151367e-01
2.447558343410491943e-01
2.398952543735504150e-01
2.430673837661743164e-01
2.470413744449615479e-01
2.548119425773620605e-01
2.510931193828582764e-01
2.696669697761535645e-01
2.561691403388977051e-01
2.793401479721069336e-01
2.584643363952636719e-01
2.659777998924255371e-01
2.618432641029357910e-01
2.678883969783782959e-01
2.657816410064697266e-01
2.532369494438171387e-01
2.784256637096405029e-01
2.485841214656829834e-01
2.598110139369964600e-01
2.634668350219726562e-01
2.662970423698425293e-01
2.506434023380279541e-01
2.293787598609924316e-01
2.430484592914581299e-01
3.017286658287048340e-01
2.701009809970855713e-01
2.538670301437377930e-01
2.680788040161132812e-01
2.608457803726196289e-01
2.356714010238647461e-01
2.563713788986206055e-01
3.256060481071472168e-01
2.619565129280090332e-01
2.615265250205993652e-01
2.916526198387145996e-01
2.329181432723999023e-01
2.789031267166137695e-01
2.714221775531768799e-01
2.318160235881805420e-01
2.788341641426086426e-01
2.903391718864440918e-01
2.710003554821014404e-01
2.661229372024536133e-01
2.805625796318054199e-01
2.572869360446929932e-01
2.736923396587371826e-01
2.731978893280029297e-01
2.697147130966186523e-01
2.682491540908813477e-01
2.670553326606750488e-01
2.656167447566986084e-01
2.651394307613372803e-01
2.485558390617370605e-01
2.675817906856536865e-01
2.446569800376892090e-01
2.809804677963256836e-01
2.667953968048095703e-01
2.714160680770874023e-01
2.706368565559387207e-01
2.711539864540100098e-01
2.700854241847991943e-01
2.714847326278686523e-01
2.601099014282226562e-01
2.472498118877410889e-01
2.900772690773010254e-01
2.652605772018432617e-01
2.769445776939392090e-01
2.539944648742675781e-01
2.402404844760894775e-01
2.649012207984924316e-01
2.472075521945953369e-01
2.568170726299285889e-01
2.585033178329467773e-01
2.675761282444000244e-01
2.430471777915954590e-01
2.786260545253753662e-01
2.572925388813018799e-01
2.799016535282135010e-01
2.437546551227569580e-01
2.600802481174468994e-01
2.478896975517272949e-01
2.662781476974487305e-01
2.706469297409057617e-01
2.597307860851287842e-01
2.785894572734832764e-01
2.682975530624389648e-01
2.316942512989044189e-01
2.643809318542480469e-01
2.765679955482482910e-01
2.601163089275360107e-01
2.515985369682312012e-01
2.665323615074157715e-01
2.696642577648162842e-01
2.634429335594177246e-01
2.674937844276428223e-01
2.706495523452758789e-01
2.693387269973754883e-01
2.706182897090911865e-01
2.679728865623474121e-01
2.856528759002685547e-01
2.607749700546264648e-01
2.680398225784301758e-01
2.618028819561004639e-01
2.661526203155517578e-01
2.521358430385589600e-01
2.594265639781951904e-01
2.701851427555084229e-01
2.668064236640930176e-01
2.560437619686126709e-01
2.567321062088012695e-01
2.444892525672912598e-01
2.541410326957702637e-01
2.521346211433410645e-01
2.927270233631134033e-01
3.097522854804992676e-01
2.561257481575012207e-01
2.529763579368591309e-01
2.667913138866424561e-01
2.661740183830261230e-01
2.963799536228179932e-01
2.639729976654052734e-01
2.580534815788269043e-01
2.718690037727355957e-01
2.424965798854827881e-01
2.570984959602355957e-01
2.777358591556549072e-01
2.334813475608825684e-01
2.704942226409912109e-01
2.870387434959411621e-01
2.765563726425170898e-01
2.430472970008850098e-01
2.714725732803344727e-01
2.430471777915954590e-01
2.510491311550140381e-01
2.790390253067016602e-01
2.796757519245147705e-01
2.547339797019958496e-01
2.267216742038726807e-01
2.505331635475158691e-01
2.416764199733734131e-01
2.590067982673645020e-01
2.661526203155517578e-01
2.826260924339294434e-01
2.411850988864898682e-01
2.647150456905364990e-01
2.693125009536743164e-01
2.734009325504302979e-01
2.452171742916107178e-01
2.552904486656188965e-01
2.673541903495788574e-01
2.542691826820373535e-01
2.679185867309570312e-01
2.879235744476318359e-01
2.363865673542022705e-01
2.572229504585266113e-01
2.663190364837646484e-01
2.730438411235809326e-01
2.684190273284912109e-01
2.705222070217132568e-01
2.743484973907470703e-01
2.756469845771789551e-01
2.309810221195220947e-01
2.621251940727233887e-01
2.457565963268280029e-01
2.531831264495849609e-01
2.381008267402648926e-01
2.647366523742675781e-01
2.458628714084625244e-01
2.708170413970947266e-01
2.763415575027465820e-01
2.680612206459045410e-01
2.812358736991882324e-01
2.666181623935699463e-01
2.717705965042114258e-01
2.657738029956817627e-01
2.564222812652587891e-01
2.644730806350708008e-01
2.633672356605529785e-01
2.452195286750793457e-01
2.576975226402282715e-01
2.974711060523986816e-01
2.620454430580139160e-01
2.720486223697662354e-01
2.695557773113250732e-01
2.668604254722595215e-01
2.683118879795074463e-01
2.614300251007080078e-01
2.696324586868286133e-01
2.819136381149291992e-01
2.686800062656402588e-01
2.679052352905273438e-01
2.675079405307769775e-01
2.801123857498168945e-01
2.696117162704467773e-01
2.720893025398254395e-01
2.661286592483520508e-01
2.666221261024475098e-01
2.698739767074584961e-01
2.687413692474365234e-01
2.678093612194061279e-01
2.792349159717559814e-01
2.723190784454345703e-01
2.713609933853149414e-01
2.709751129150390625e-01
2.699044942855834961e-01
2.663826048374176025e-01
2.652798593044281006e-01
2.642005681991577148e-01
2.721568346023559570e-01
2.629489004611968994e-01
2.849634885787963867e-01
2.796734571456909180e-01
2.690888345241546631e-01
2.719283103942871094e-01
2.694671154022216797e-01
2.715279459953308105e-01
2.607210874557495117e-01
2.677664160728454590e-01
2.216478586196899414e-01
2.916453778743743896e-01
2.637194693088531494e-01
2.677691578865051270e-01
2.388713359832763672e-01
2.446577250957489014e-01
3.095687031745910645e-01
2.650289833545684814e-01
2.720877528190612793e-01
2.673959732055664062e-01
2.730239033699035645e-01
2.623412907123565674e-01
2.804104685783386230e-01
2.623521685600280762e-01
2.623039484024047852e-01
2.436452209949493408e-01
2.411459088325500488e-01
2.534186840057373047e-01
2.770212888717651367e-01
2.623029053211212158e-01
2.784289121627807617e-01
3.273441195487976074e-01
2.610959410667419434e-01
2.708608210086822510e-01
2.797755599021911621e-01
2.602214515209197998e-01
2.810696959495544434e-01
2.601594924926757812e-01
2.601661384105682373e-01
2.791216969490051270e-01
2.528522312641143799e-01
2.377001941204071045e-01
2.518326044082641602e-01
2.601659893989562988e-01
2.936960458755493164e-01
2.473433315753936768e-01
2.508779168128967285e-01
2.685330808162689209e-01
2.455516457557678223e-01
2.476486861705780029e-01
2.759154736995697021e-01
2.433019578456878662e-01
2.507400512695312500e-01
2.365932166576385498e-01
2.323241233825683594e-01
2.372728884220123291e-01
2.598471939563751221e-01
2.383278310298919678e-01
2.450145483016967773e-01
2.654654383659362793e-01
2.655901014804840088e-01
2.658683061599731445e-01
2.676327824592590332e-01
2.709569931030273438e-01
2.635712623596191406e-01
2.917299866676330566e-01
2.467161715030670166e-01
2.882665991783142090e-01
2.617714405059814453e-01
2.666596174240112305e-01
2.801332473754882812e-01
2.531824707984924316e-01
2.818193435668945312e-01
2.341494262218475342e-01
2.408742010593414307e-01
2.517711520195007324e-01
2.644357681274414062e-01
2.300973534584045410e-01
2.825227379798889160e-01
2.661035060882568359e-01
2.564391493797302246e-01
2.436693906784057617e-01
2.567315101623535156e-01
2.366239130496978760e-01
2.718106508255004883e-01
2.809733152389526367e-01
2.689334154129028320e-01
2.720193564891815186e-01
2.676217555999755859e-01
2.441931962966918945e-01
2.393706738948822021e-01
2.594382166862487793e-01
2.593268156051635742e-01
2.318149209022521973e-01
2.953068614006042480e-01
2.601724863052368164e-01
2.633159458637237549e-01
2.625608146190643311e-01
2.577093243598937988e-01
2.623055279254913330e-01
2.618957459926605225e-01
2.606321573257446289e-01
2.623525261878967285e-01
2.803258895874023438e-01
2.522931993007659912e-01
2.601650059223175049e-01
2.615442276000976562e-01
2.647610306739807129e-01
2.695138454437255859e-01
2.667542695999145508e-01
2.647543847560882568e-01
2.647121548652648926e-01
2.647602260112762451e-01
2.640852332115173340e-01
2.620198726654052734e-01
2.740203738212585449e-01
2.509020864963531494e-01
2.822817564010620117e-01
2.682425677776336670e-01
2.694672048091888428e-01
2.562518119812011719e-01
2.682385444641113281e-01
2.626520395278930664e-01
2.593576312065124512e-01
2.718585729598999023e-01
2.619777917861938477e-01
2.663090229034423828e-01
2.694872617721557617e-01
2.789312303066253662e-01
2.582891285419464111e-01
2.513410449028015137e-01
2.680824398994445801e-01
2.630183994770050049e-01
2.408199310302734375e-01
2.447694242000579834e-01
2.473018467426300049e-01
2.544789612293243408e-01
2.548126578330993652e-01
2.280593514442443848e-01
2.705207467079162598e-01
2.704728841781616211e-01
2.550265192985534668e-01
2.615829110145568848e-01
2.567385435104370117e-01
2.912615537643432617e-01
2.641988396644592285e-01
2.677509486675262451e-01
2.656593918800354004e-01
2.677987813949584961e-01
2.676579654216766357e-01
2.661408185958862305e-01
2.493163943290710449e-01
2.580017745494842529e-01
2.524412274360656738e-01
2.374351024627685547e-01
2.808176577091217041e-01
2.908031940460205078e-01
2.341485619544982910e-01
2.768386006355285645e-01
2.764983475208282471e-01
2.547051310539245605e-01
2.694411873817443848e-01
2.529150247573852539e-01
2.663219571113586426e-01
2.718964815139770508e-01
2.466936707496643066e-01
2.736987769603729248e-01
2.682852149009704590e-01
2.553487718105316162e-01
2.670941352844238281e-01
2.682427763938903809e-01
2.682856917381286621e-01
2.690604031085968018e-01
2.648081481456756592e-01
2.655584812164306641e-01
2.734709382057189941e-01
2.676909565925598145e-01
2.691344022750854492e-01
2.770342826843261719e-01
2.649520933628082275e-01
2.671076357364654541e-01
2.722222208976745605e-01
2.680720090866088867e-01
2.621256113052368164e-01
2.706330418586730957e-01
2.698968648910522461e-01
2.677040100097656250e-01
2.673195600509643555e-01
2.638962864875793457e-01
2.679647803306579590e-01
2.721663415431976318e-01
2.713349461555480957e-01
2.682471871376037598e-01
2.821453213691711426e-01
2.701783776283264160e-01
2.815297245979309082e-01
2.833055257797241211e-01
2.774422168731689453e-01
2.714108824729919434e-01
2.616117596626281738e-01
2.350139021873474121e-01
2.744146287441253662e-01
2.707459926605224609e-01
2.668640315532684326e-01
2.728324234485626221e-01
2.615194022655487061e-01
2.407571673393249512e-01
2.707045376300811768e-01
2.699052393436431885e-01
2.682425677776336670e-01
2.625735700130462646e-01
2.680319547653198242e-01
2.699205875396728516e-01
2.803297340869903564e-01
2.793977260589599609e-01
2.903417050838470459e-01
2.596043646335601807e-01
2.598862051963806152e-01
2.308096587657928467e-01
2.473488152027130127e-01
2.571602463722229004e-01
2.607655525207519531e-01
2.657864093780517578e-01
2.709330320358276367e-01
2.697384953498840332e-01
2.713190317153930664e-01
2.641187012195587158e-01
2.627190947532653809e-01
2.662470340728759766e-01
2.667883634567260742e-01
2.701626420021057129e-01
2.665901184082031250e-01
2.704264819622039795e-01
2.706263065338134766e-01
2.682903409004211426e-01
2.420284748077392578e-01
2.462480366230010986e-01
2.609587609767913818e-01
2.716476321220397949e-01
2.661100924015045166e-01
2.720294594764709473e-01
2.695477902889251709e-01
2.703613638877868652e-01
2.702264487743377686e-01
2.710285186767578125e-01
2.707811594009399414e-01
2.716853618621826172e-01
2.716122269630432129e-01
2.737628817558288574e-01
2.666658163070678711e-01
2.755515277385711670e-01
2.718351781368255615e-01
2.807582020759582520e-01
2.720207571983337402e-01
2.676878869533538818e-01
2.647737860679626465e-01
2.698544859886169434e-01
2.661252021789550781e-01
2.745548486709594727e-01
2.606763839721679688e-01
2.691972851753234863e-01
2.666172385215759277e-01
2.692772448062896729e-01
2.776771485805511475e-01
2.658988237380981445e-01
2.666997909545898438e-01
2.680799365043640137e-01
2.682851552963256836e-01
2.983521819114685059e-01
2.713518142700195312e-01
2.961794137954711914e-01
2.718622088432312012e-01
2.705460488796234131e-01
2.639730572700500488e-01
2.746664285659790039e-01
2.775466144084930420e-01
2.629435062408447266e-01
2.946946024894714355e-01
2.425519526004791260e-01
2.687661349773406982e-01
2.622767984867095947e-01
2.652692198753356934e-01
2.678264975547790527e-01
2.567346096038818359e-01
2.379500865936279297e-01
2.560373544692993164e-01
2.649798989295959473e-01
2.562941908836364746e-01
2.709248065948486328e-01
2.972907125949859619e-01
2.666155099868774414e-01
2.705376148223876953e-01
2.833609580993652344e-01
2.904378175735473633e-01
2.803990244865417480e-01
2.806051373481750488e-01
2.698793709278106689e-01
2.695243358612060547e-01
2.521358430385589600e-01
2.662156820297241211e-01
2.702636718750000000e-01
2.819100618362426758e-01
2.679622173309326172e-01
2.689273357391357422e-01
2.563579678535461426e-01
2.718638181686401367e-01
2.703425288200378418e-01
2.711523175239562988e-01
2.722279429435729980e-01
2.640160322189331055e-01
2.818855047225952148e-01
2.690380811691284180e-01
2.695504426956176758e-01
2.769233584403991699e-01
2.713847756385803223e-01
2.720513641834259033e-01
2.659834325313568115e-01
2.767633795738220215e-01
2.705150246620178223e-01
2.541913390159606934e-01
2.367241382598876953e-01
2.567351162433624268e-01
2.443216145038604736e-01
2.678487300872802734e-01
2.659112215042114258e-01
2.712353467941284180e-01
2.585850954055786133e-01
2.446112632751464844e-01
2.643401622772216797e-01
2.470648288726806641e-01
2.828799188137054443e-01
2.559468448162078857e-01
2.341416478157043457e-01
2.592632472515106201e-01
2.615989744663238525e-01
2.573586106300354004e-01
2.404919266700744629e-01
2.766147553920745850e-01
2.972270250320434570e-01
2.586166560649871826e-01
3.032568693161010742e-01
2.798629999160766602e-01
2.515825629234313965e-01
2.471059262752532959e-01
2.685881555080413818e-01
2.404501438140869141e-01
2.627404332160949707e-01
2.657665908336639404e-01
2.675304114818572998e-01
2.696099877357482910e-01
2.921602129936218262e-01
2.668393254280090332e-01
2.330125272274017334e-01
2.678964138031005859e-01
2.583527266979217529e-01
2.823782563209533691e-01
2.556114792823791504e-01
2.695312500000000000e-01
2.775413990020751953e-01
2.636581063270568848e-01
2.780210375785827637e-01
2.557953596115112305e-01
2.645041048526763916e-01
2.636932134628295898e-01
2.587658166885375977e-01
2.689537405967712402e-01
2.652452290058135986e-01
2.679466009140014648e-01
2.715512514114379883e-01
2.812466025352478027e-01
2.876483201980590820e-01
2.653062939643859863e-01
2.664204835891723633e-01
2.561283409595489502e-01
2.790754437446594238e-01
2.632610797882080078e-01
2.709959745407104492e-01
2.679632306098937988e-01
2.715631127357482910e-01
2.649404406547546387e-01
2.631401717662811279e-01
2.656252980232238770e-01
2.690428793430328369e-01
2.683460414409637451e-01
2.642909884452819824e-01
2.796961665153503418e-01
2.478738725185394287e-01
2.708328366279602051e-01
2.793829441070556641e-01
2.680402994155883789e-01
2.818166613578796387e-01
2.638613283634185791e-01
2.486290335655212402e-01
2.586348652839660645e-01
2.622556090354919434e-01
2.667383253574371338e-01
2.355420887470245361e-01
2.526675164699554443e-01
2.575462460517883301e-01
2.600160539150238037e-01
2.578850686550140381e-01
2.396654188632965088e-01
2.544087767601013184e-01
2.647482156753540039e-01
2.644929289817810059e-01
2.319808900356292725e-01
2.623534202575683594e-01
2.751222550868988037e-01
2.637913227081298828e-01
2.570882439613342285e-01
2.560591399669647217e-01
2.489387094974517822e-01
2.541301846504211426e-01
2.903304696083068848e-01
2.987484335899353027e-01
2.765575647354125977e-01
2.644233405590057373e-01
2.516490221023559570e-01
2.621250748634338379e-01
2.576188445091247559e-01
2.644944787025451660e-01
2.465125918388366699e-01
2.628822326660156250e-01
2.624590396881103516e-01
2.441752552986145020e-01
2.657816410064697266e-01
2.588224411010742188e-01
2.372704744338989258e-01
2.364397943019866943e-01
2.639175355434417725e-01
2.630204260349273682e-01
2.623507976531982422e-01
2.389115989208221436e-01
2.807572782039642334e-01
2.430096864700317383e-01
2.521452009677886963e-01
2.551876902580261230e-01
2.634151577949523926e-01
2.443780899047851562e-01
2.695379555225372314e-01
2.384504079818725586e-01
2.579151391983032227e-01
2.601656615734100342e-01
2.558118104934692383e-01
2.676730751991271973e-01
2.695174217224121094e-01
2.646685242652893066e-01
2.654288709163665771e-01
2.704720497131347656e-01
2.442562580108642578e-01
2.679553031921386719e-01
2.669325470924377441e-01
2.952992916107177734e-01
2.756768167018890381e-01
2.672955691814422607e-01
2.783047556877136230e-01
2.661129534244537354e-01
2.331710159778594971e-01
2.687542438507080078e-01
2.799386978149414062e-01
2.679926156997680664e-01
2.687139511108398438e-01
2.660410404205322266e-01
2.410115301609039307e-01
2.724137902259826660e-01
2.797722518444061279e-01
2.436636984348297119e-01
2.809966802597045898e-01
2.821080684661865234e-01
2.713344693183898926e-01
2.583367228507995605e-01
2.676076889038085938e-01
2.724112272262573242e-01
2.559285759925842285e-01
2.555221021175384521e-01
2.692374885082244873e-01
2.640138268470764160e-01
2.629436254501342773e-01
2.691493034362792969e-01
2.750190794467926025e-01
2.662339806556701660e-01
2.763328254222869873e-01
2.740869224071502686e-01
2.522651255130767822e-01
2.635700702667236328e-01
2.706365883350372314e-01
2.679713070392608643e-01
2.601177096366882324e-01
2.620348334312438965e-01
2.764388620853424072e-01
2.655631303787231445e-01
2.433615326881408691e-01
2.619739770889282227e-01
2.822633385658264160e-01
2.346141934394836426e-01
2.668620347976684570e-01
2.337581217288970947e-01
2.658265233039855957e-01
2.529772222042083740e-01
2.692606449127197266e-01
2.750477790832519531e-01
2.828118205070495605e-01
2.679954171180725098e-01
2.674783766269683838e-01
2.693290710449218750e-01
2.735430002212524414e-01
2.682425677776336670e-01
2.705081403255462646e-01
2.608134746551513672e-01
2.647007107734680176e-01
2.509750723838806152e-01
2.655848562717437744e-01
2.692352235317230225e-01
2.818233370780944824e-01
2.829689681529998779e-01
2.852551341056823730e-01
2.514395117759704590e-01
2.631556987762451172e-01
2.469991147518157959e-01
2.659756541252136230e-01
2.852338552474975586e-01
2.677201032638549805e-01
2.656012177467346191e-01
2.833429872989654541e-01
2.647770047187805176e-01
2.695912420749664307e-01
2.693269252777099609e-01
2.640779018402099609e-01
2.845862507820129395e-01
2.697319984436035156e-01
2.820186913013458252e-01
2.676461040973663330e-01
2.613519430160522461e-01
2.966192960739135742e-01
2.708041369915008545e-01
2.762703597545623779e-01
2.671834230422973633e-01
2.636708021163940430e-01
2.629933953285217285e-01
2.441455721855163574e-01
2.456760406494140625e-01
2.456371486186981201e-01
2.638921737670898438e-01
2.612381577491760254e-01
2.374174594879150391e-01
3.019252121448516846e-01
2.894273400306701660e-01
2.686836123466491699e-01
2.393813133239746094e-01
2.464931011199951172e-01
2.644460797309875488e-01
2.356820702552795410e-01
2.277799546718597412e-01
2.659330368041992188e-01
2.580808997154235840e-01
2.577925622463226318e-01
2.669703364372253418e-01
2.822929024696350098e-01
2.586708664894104004e-01
2.424524426460266113e-01
2.507754564285278320e-01
2.739098668098449707e-01
2.560141980648040771e-01
2.273802757263183594e-01
2.444793283939361572e-01
2.748322486877441406e-01
2.395040690898895264e-01
2.604784667491912842e-01
2.759555876255035400e-01
2.647250592708587646e-01
2.684704661369323730e-01
2.849755883216857910e-01
2.351292073726654053e-01
2.408409714698791504e-01
2.508933842182159424e-01
2.626443803310394287e-01
2.633348703384399414e-01
2.628342509269714355e-01
2.621142864227294922e-01
2.698448896408081055e-01
2.622009515762329102e-01
2.384379804134368896e-01
2.747843861579895020e-01
2.785727381706237793e-01
2.688917517662048340e-01
2.676153779029846191e-01
2.628830969333648682e-01
2.682425677776336670e-01
2.778290212154388428e-01
2.634371221065521240e-01
2.430509030818939209e-01
2.953120470046997070e-01
2.722300589084625244e-01
2.722890377044677734e-01
2.649185955524444580e-01
2.684108018875122070e-01
2.692368626594543457e-01
2.695922255516052246e-01
2.722336053848266602e-01
2.851946949958801270e-01
2.724265456199645996e-01
2.572698295116424561e-01
2.778652012348175049e-01
2.736904919147491455e-01
2.640517354011535645e-01
2.609883546829223633e-01
2.554579973220825195e-01
2.649967074394226074e-01
2.557753324508666992e-01
2.707777619361877441e-01
2.548505663871765137e-01
2.573217749595642090e-01
2.647636532783508301e-01
2.673581242561340332e-01
2.567322254180908203e-01
2.910304665565490723e-01
2.700202465057373047e-01
2.699204683303833008e-01
2.580078840255737305e-01
2.698966264724731445e-01
2.467374801635742188e-01
2.598949968814849854e-01
2.729762792587280273e-01
2.671950459480285645e-01
2.423239350318908691e-01
2.634872794151306152e-01
2.179943323135375977e-01
2.644120752811431885e-01
2.652311325073242188e-01
2.680461406707763672e-01
2.683160901069641113e-01
2.297976613044738770e-01
2.559229731559753418e-01
2.267143130302429199e-01
2.580212056636810303e-01
2.182747125625610352e-01
2.686992883682250977e-01
2.703779935836791992e-01
2.517382800579071045e-01
2.576664090156555176e-01
2.647611498832702637e-01
2.372725605964660645e-01
2.662495374679565430e-01
2.435910701751708984e-01
2.685306072235107422e-01
2.623806595802307129e-01
2.559434175491333008e-01
2.826191186904907227e-01
2.585251927375793457e-01
2.678581178188323975e-01
2.701631784439086914e-01
2.622490525245666504e-01
2.470352649688720703e-01
2.324354350566864014e-01
2.746804356575012207e-01
2.620225846767425537e-01
2.315367758274078369e-01
2.601660490036010742e-01
2.840088903903961182e-01
2.601667046546936035e-01
2.979274392127990723e-01
2.840737104415893555e-01
2.615313827991485596e-01
2.372760772705078125e-01
2.398623526096343994e-01
2.533523738384246826e-01
2.675735056400299072e-01
2.507400512695312500e-01
2.564386725425720215e-01
2.663045525550842285e-01
2.745554149150848389e-01
2.640662789344787598e-01
2.883340120315551758e-01
2.509525120258331299e-01
2.591111063957214355e-01
2.758945226669311523e-01
2.645292878150939941e-01
2.749629020690917969e-01
2.504584491252899170e-01
2.953064441680908203e-01
2.562695741653442383e-01
2.585330605506896973e-01
2.489877343177795410e-01
2.680935859680175781e-01
2.469872534275054932e-01
2.604412436485290527e-01
2.480254769325256348e-01
2.804121375083923340e-01
2.745772898197174072e-01
2.694322466850280762e-01
2.362000346183776855e-01
2.561691403388977051e-01
2.759148776531219482e-01
2.669599652290344238e-01
2.781193256378173828e-01
2.384819388389587402e-01
2.661741673946380615e-01
2.500048875808715820e-01
2.767057120800018311e-01
2.953064441680908203e-01
2.618826031684875488e-01
2.575527429580688477e-01
2.500565350055694580e-01
2.600000798702239990e-01
2.831899523735046387e-01
2.667030990123748779e-01
2.661381959915161133e-01
2.663159370422363281e-01
2.835540771484375000e-01
2.621251940727233887e-01
2.676796913146972656e-01
2.856148481369018555e-01
2.644007802009582520e-01
2.567448616027832031e-01
2.624882459640502930e-01
2.688367366790771484e-01
2.701673209667205811e-01
2.721520960330963135e-01
2.973127961158752441e-01
2.654777765274047852e-01
2.629693746566772461e-01
2.480781078338623047e-01
2.777301073074340820e-01
2.775080204010009766e-01
2.697407901287078857e-01
2.657333016395568848e-01
2.728427648544311523e-01
2.691314220428466797e-01
2.695534229278564453e-01
2.671747803688049316e-01
2.616916894912719727e-01
2.677949368953704834e-01
2.762680649757385254e-01
2.661182284355163574e-01
2.648054063320159912e-01
2.666744589805603027e-01
2.810878157615661621e-01
2.624499797821044922e-01
2.662885189056396484e-01
2.675255537033081055e-01
2.701914906501770020e-01
2.724809646606445312e-01
2.660788595676422119e-01
2.681308984756469727e-01
2.850993275642395020e-01
2.890616655349731445e-01
2.696220278739929199e-01
2.661526203155517578e-01
2.681043744087219238e-01
2.681280672550201416e-01
2.679712176322937012e-01
2.799022793769836426e-01
2.606623768806457520e-01
2.507776618003845215e-01
2.819850444793701172e-01
2.617456912994384766e-01
2.686549723148345947e-01
2.860831022262573242e-01
2.698458135128021240e-01
2.723097801208496094e-01
2.634061574935913086e-01
2.604889869689941406e-01
2.638892531394958496e-01
2.638142406940460205e-01
2.594707310199737549e-01
3.216589689254760742e-01
2.663492560386657715e-01
2.430523931980133057e-01
2.758638262748718262e-01
2.616368830204010010e-01
2.682888507843017578e-01
2.344373464584350586e-01
2.441505491733551025e-01
2.704324722290039062e-01
2.668256163597106934e-01
2.704959213733673096e-01
2.346399426460266113e-01
2.709681093692779541e-01
2.915585637092590332e-01
2.836041450500488281e-01
2.792182564735412598e-01
2.780586481094360352e-01
2.724687457084655762e-01
2.639232277870178223e-01
2.488172352313995361e-01
2.615535855293273926e-01
2.325748205184936523e-01
2.482505142688751221e-01
2.614732384681701660e-01
2.628242969512939453e-01
2.396166026592254639e-01
2.664664387702941895e-01
2.970749735832214355e-01
2.622106671333312988e-01
2.813661098480224609e-01
2.467800974845886230e-01
2.678987383842468262e-01
2.071794271469116211e-01
2.325564622879028320e-01
2.811243534088134766e-01
2.351774275302886963e-01
2.494613528251647949e-01
2.871749699115753174e-01
2.637369036674499512e-01
2.482419312000274658e-01
2.300866842269897461e-01
2.231941819190979004e-01
2.671443223953247070e-01
2.629517316818237305e-01
1.972452402114868164e-01
2.453170716762542725e-01
2.620313465595245361e-01
2.618893980979919434e-01
2.626606822013854980e-01
2.668694853782653809e-01
2.801157832145690918e-01
2.811911106109619141e-01
2.592451870441436768e-01
2.678681612014770508e-01
2.579092383384704590e-01
2.333602607250213623e-01
2.654103636741638184e-01
2.564869523048400879e-01
2.549723386764526367e-01
2.655403912067413330e-01
2.706988453865051270e-01
2.834189534187316895e-01
2.533524036407470703e-01
2.652392685413360596e-01
2.781370878219604492e-01
2.807508707046508789e-01
2.531355917453765869e-01
2.784064412117004395e-01
2.594161033630371094e-01
2.692194879055023193e-01
2.627589702606201172e-01
2.560939192771911621e-01
2.750247716903686523e-01
2.721170783042907715e-01
2.644107043743133545e-01
2.529966235160827637e-01
2.407294511795043945e-01
2.599711418151855469e-01
2.416731715202331543e-01
2.626171112060546875e-01
2.584967017173767090e-01
2.649767398834228516e-01
2.730886936187744141e-01
2.660254240036010742e-01
2.580626904964447021e-01
2.680965065956115723e-01
2.653363645076751709e-01
2.698393464088439941e-01
2.792736887931823730e-01
2.896693348884582520e-01
2.430471777915954590e-01
2.664706110954284668e-01
2.405295073986053467e-01
2.568843960762023926e-01
2.602425813674926758e-01
2.896935343742370605e-01
2.372893393039703369e-01
2.552165389060974121e-01
2.463640570640563965e-01
2.583186030387878418e-01
2.554221451282501221e-01
2.962649464607238770e-01
2.479349374771118164e-01
2.673284709453582764e-01
2.706832289695739746e-01
2.413413524627685547e-01
2.807126343250274658e-01
2.275180816650390625e-01
2.647594213485717773e-01
2.504304051399230957e-01
2.995280027389526367e-01
2.674563527107238770e-01
2.597425580024719238e-01
2.619971632957458496e-01
2.451334297657012939e-01
2.941226363182067871e-01
2.647609114646911621e-01
2.671305537223815918e-01
2.357297241687774658e-01
2.521486580371856689e-01
3.054581284523010254e-01
2.609936594963073730e-01
2.350348532199859619e-01
2.627852559089660645e-01
2.639479041099548340e-01
2.301104366779327393e-01
2.668755352497100830e-01
2.773243486881256104e-01
2.810818254947662354e-01
2.461602687835693359e-01
2.562424540519714355e-01
2.615370750427246094e-01
2.507323622703552246e-01
2.687134146690368652e-01
2.658490538597106934e-01
2.540683746337890625e-01
2.625532150268554688e-01
2.635557353496551514e-01
2.567803859710693359e-01
2.701573967933654785e-01
2.455521523952484131e-01
3.037983179092407227e-01
2.725812792778015137e-01
2.598975002765655518e-01
2.526887059211730957e-01
2.949511408805847168e-01
2.833968997001647949e-01
2.637532353401184082e-01
2.442747950553894043e-01
2.337652444839477539e-01
2.572687268257141113e-01
2.427344322204589844e-01
2.331450879573822021e-01
2.655092477798461914e-01
2.448742985725402832e-01
2.636194825172424316e-01
2.784054279327392578e-01
3.011248409748077393e-01
2.803851366043090820e-01
2.454133927822113037e-01
2.519481182098388672e-01
2.553221583366394043e-01
2.803717255592346191e-01
2.807864546775817871e-01
2.979839444160461426e-01
2.661526203155517578e-01
2.826260626316070557e-01
2.547707259654998779e-01
2.763218879699707031e-01
2.882061600685119629e-01
2.664424180984497070e-01
2.462920844554901123e-01
2.801043987274169922e-01
2.447885870933532715e-01
2.764092087745666504e-01
2.431620061397552490e-01
2.407722175121307373e-01
2.484751343727111816e-01
2.402981817722320557e-01
2.264432311058044434e-01
2.662947773933410645e-01
2.456612586975097656e-01
2.550734877586364746e-01
2.653974294662475586e-01
2.705161273479461670e-01
2.662147581577301025e-01
2.366701066493988037e-01
2.789261639118194580e-01
2.430471777915954590e-01
2.529181241989135742e-01
2.454107403755187988e-01
2.695891559123992920e-01
2.769124507904052734e-01
2.658920288085937500e-01
2.689799666404724121e-01
2.417159676551818848e-01
2.816805243492126465e-01
2.685296535491943359e-01
2.533317804336547852e-01
2.526890635490417480e-01
2.694155573844909668e-01
2.507714033126831055e-01
2.694053053855895996e-01
2.643545866012573242e-01
2.651682198047637939e-01
2.650244832038879395e-01
2.781473994255065918e-01
2.733060717582702637e-01
2.350282371044158936e-01
2.657272517681121826e-01
2.624605894088745117e-01
2.560881972312927246e-01
2.655388712882995605e-01
2.784176170825958252e-01
2.721514701843261719e-01
2.655861377716064453e-01
2.695583999156951904e-01
2.663305103778839111e-01
2.677846550941467285e-01
2.639150619506835938e-01
2.853453159332275391e-01
2.981691956520080566e-01
2.664471268653869629e-01
2.715269923210144043e-01
2.720702886581420898e-01
2.700714468955993652e-01
2.585409283638000488e-01
2.819093465805053711e-01
2.760128676891326904e-01
2.765839099884033203e-01
2.534567713737487793e-01
2.604717910289764404e-01
2.652303576469421387e-01
2.673595547676086426e-01
2.642139792442321777e-01
2.633217573165893555e-01
2.718441188335418701e-01
2.678398191928863525e-01
2.692429721355438232e-01
2.552735805511474609e-01
2.783418297767639160e-01
2.724751234054565430e-01
2.724183201789855957e-01
2.724126875400543213e-01
2.805215716361999512e-01
2.698156237602233887e-01
2.882789969444274902e-01
2.660607099533081055e-01
2.373915314674377441e-01
2.627753019332885742e-01
2.405344545841217041e-01
2.523195743560791016e-01
2.555203437805175781e-01
2.741736173629760742e-01
2.418985068798065186e-01
2.647423744201660156e-01
2.642683982849121094e-01
2.623077332973480225e-01
2.600193023681640625e-01
2.812441289424896240e-01
2.647549510002136230e-01
2.507339715957641602e-01
2.488410174846649170e-01
2.954996228218078613e-01
2.527891993522644043e-01
2.762654423713684082e-01
2.956867218017578125e-01
2.635663151741027832e-01
2.342886924743652344e-01
2.690122723579406738e-01
2.487922310829162598e-01
2.832688689231872559e-01
2.704245448112487793e-01
2.490711808204650879e-01
2.559976577758789062e-01
2.625122666358947754e-01
2.647113204002380371e-01
2.615207731723785400e-01
2.619506716728210449e-01
2.647121548652648926e-01
2.644114792346954346e-01
2.454910576343536377e-01
2.883529067039489746e-01
2.621175050735473633e-01
2.661526203155517578e-01
2.616330981254577637e-01
2.688209414482116699e-01
2.648487091064453125e-01
2.892352640628814697e-01
2.686517834663391113e-01
2.687874436378479004e-01
2.514843940734863281e-01
2.546872496604919434e-01
2.433910071849822998e-01
2.866216897964477539e-01
2.552188038825988770e-01
2.567940652370452881e-01
2.577670812606811523e-01
3.002150654792785645e-01
2.804078459739685059e-01
2.407923638820648193e-01
2.651317417621612549e-01
2.794654965400695801e-01
2.784703373908996582e-01
2.801421880722045898e-01
2.563344240188598633e-01
2.648102641105651855e-01
2.737226486206054688e-01
2.640316486358642578e-01
2.783210575580596924e-01
2.735813856124877930e-01
2.419095933437347412e-01
2.497896850109100342e-01
2.910959422588348389e-01
2.665309906005859375e-01
2.707022428512573242e-01
2.508347928524017334e-01
2.804586291313171387e-01
2.643007040023803711e-01
2.317947447299957275e-01
2.617129087448120117e-01
2.647602260112762451e-01
2.898275852203369141e-01
2.639471888542175293e-01
2.661573886871337891e-01
2.521375417709350586e-01
2.317321002483367920e-01
2.603627443313598633e-01
2.596887648105621338e-01
2.651487886905670166e-01
2.610404491424560547e-01
2.531377673149108887e-01
2.624804377555847168e-01
2.581766247749328613e-01
2.810365557670593262e-01
2.588597536087036133e-01
2.548708021640777588e-01
2.843154668807983398e-01
2.612285315990447998e-01
2.563758492469787598e-01
2.593333721160888672e-01
2.582699060440063477e-01
2.508904933929443359e-01
2.488353550434112549e-01
3.285930752754211426e-01
2.558487653732299805e-01
2.516338825225830078e-01
2.837740778923034668e-01
2.350409030914306641e-01
2.564868927001953125e-01
2.620159387588500977e-01
2.567785978317260742e-01
2.667717933654785156e-01
2.394250035285949707e-01
2.521358430385589600e-01
2.562521994113922119e-01
2.645273208618164062e-01
2.588244676589965820e-01
2.763677239418029785e-01
2.582444250583648682e-01
2.512297630310058594e-01
2.450716495513916016e-01
2.662447690963745117e-01
2.579694390296936035e-01
2.587144076824188232e-01
2.695820927619934082e-01
2.603318691253662109e-01
2.696820497512817383e-01
2.600674331188201904e-01
2.641878724098205566e-01
2.636619210243225098e-01
2.729609012603759766e-01
2.693183124065399170e-01
2.317136228084564209e-01
2.528479695320129395e-01
2.450982630252838135e-01
2.588577568531036377e-01
2.536500990390777588e-01
2.565665841102600098e-01
2.682280540466308594e-01
2.800699770450592041e-01
2.641819119453430176e-01
2.725535631179809570e-01
2.708408236503601074e-01
2.786478400230407715e-01
2.612949013710021973e-01
2.644046545028686523e-01
2.870545685291290283e-01
2.586195170879364014e-01
2.430452108383178711e-01
2.796357870101928711e-01
2.565028667449951172e-01
2.549607753753662109e-01
2.936831712722778320e-01
2.567314505577087402e-01
2.661444246768951416e-01
2.349730432033538818e-01
2.621228098869323730e-01
2.682905495166778564e-01
2.832301855087280273e-01
2.721421122550964355e-01
2.645937502384185791e-01
2.647532820701599121e-01
2.699896097183227539e-01
2.647605240345001221e-01
2.585212588310241699e-01
2.640705704689025879e-01
2.187620401382446289e-01
2.670646905899047852e-01
2.704679369926452637e-01
2.646526992321014404e-01
2.714287638664245605e-01
2.317121326923370361e-01
2.501165270805358887e-01
2.616956830024719238e-01
2.519728243350982666e-01
2.699467539787292480e-01
2.498137950897216797e-01
2.530038952827453613e-01
2.397971153259277344e-01
2.707070112228393555e-01
2.513594627380371094e-01
2.697608768939971924e-01
2.374132573604583740e-01
3.022118806838989258e-01
2.247901260852813721e-01
2.638669013977050781e-01
2.607749700546264648e-01
2.699579596519470215e-01
2.572446763515472412e-01
2.521673142910003662e-01
2.720966935157775879e-01
2.594774663448333740e-01
2.548427283763885498e-01
2.799162864685058594e-01
2.570978403091430664e-01
2.823216319084167480e-01
2.724263668060302734e-01
2.521358430385589600e-01
2.681030631065368652e-01
2.717640399932861328e-01
2.813371419906616211e-01
2.529441118240356445e-01
2.584797739982604980e-01
2.706525921821594238e-01
2.684764266014099121e-01
2.910657525062561035e-01
2.678154706954956055e-01
3.118630945682525635e-01
2.672463655471801758e-01
2.687975764274597168e-01
2.706179916858673096e-01
2.849713861942291260e-01
