2.933812737464904785e-01
2.735026776790618896e-01
2.961925864219665527e-01
2.826792895793914795e-01
2.933202981948852539e-01
2.673566341400146484e-01
2.904224395751953125e-01
2.958477437496185303e-01
2.961212098598480225e-01
3.312584757804870605e-01
2.708061337471008301e-01
2.783296406269073486e-01
2.783012986183166504e-01
2.939521074295043945e-01
2.926976084709167480e-01
2.882593274116516113e-01
2.860405147075653076e-01
2.706043720245361328e-01
2.683217227458953857e-01
2.808059155941009521e-01
2.670786678791046143e-01
2.753211855888366699e-01
2.902600169181823730e-01
3.011968731880187988e-01
2.909981012344360352e-01
2.658821940422058105e-01
2.706043720245361328e-01
2.707217335700988770e-01
2.944191098213195801e-01
2.895589470863342285e-01
2.863085865974426270e-01
2.822477817535400391e-01
2.943798005580902100e-01
2.706043720245361328e-01
2.855581343173980713e-01
2.683216929435729980e-01
3.062259554862976074e-01
2.869799137115478516e-01
2.877607345581054688e-01
2.909237742424011230e-01
2.725846171379089355e-01
2.719528079032897949e-01
2.927142977714538574e-01
2.839156985282897949e-01
2.665104866027832031e-01
2.656794190406799316e-01
2.998173832893371582e-01
2.763064205646514893e-01
2.686131000518798828e-01
2.543621957302093506e-01
2.908063530921936035e-01
2.939993739128112793e-01
2.824865579605102539e-01
2.827574014663696289e-01
2.845164537429809570e-01
2.808878123760223389e-01
2.804238200187683105e-01
2.913252115249633789e-01
2.753230333328247070e-01
2.656784057617187500e-01
2.906565666198730469e-01
2.963216304779052734e-01
2.758250832557678223e-01
2.855095863342285156e-01
2.835898399353027344e-01
3.229564428329467773e-01
2.759820222854614258e-01
2.860405147075653076e-01
2.782838940620422363e-01
2.706430554389953613e-01
2.961926162242889404e-01
2.708656191825866699e-01
2.708151340484619141e-01
2.895443737506866455e-01
2.923942804336547852e-01
2.685484886169433594e-01
2.752575874328613281e-01
2.794185876846313477e-01
2.906567752361297607e-01
2.551601529121398926e-01
2.856446504592895508e-01
2.660654187202453613e-01
2.768613100051879883e-01
2.613237798213958740e-01
2.757108807563781738e-01
2.793882489204406738e-01
3.005093634128570557e-01
2.913959622383117676e-01
2.940674126148223877e-01
3.215897083282470703e-01
2.935513854026794434e-01
2.827862501144409180e-01
2.913252115249633789e-01
2.834784388542175293e-01
2.940672039985656738e-01
2.701439261436462402e-01
2.906567454338073730e-01
2.868439555168151855e-01
2.940263748168945312e-01
2.882983088493347168e-01
2.940418720245361328e-01
2.909862995147705078e-01
2.818429768085479736e-01
2.903977036476135254e-01
2.568412125110626221e-01
2.649364471435546875e-01
2.897174358367919922e-01
2.880083918571472168e-01
2.909225523471832275e-01
2.833330035209655762e-01
2.809882164001464844e-01
2.783680558204650879e-01
2.663218379020690918e-01
2.809897661209106445e-01
2.860956490039825439e-01
2.979479134082794189e-01
2.756893336772918701e-01
2.910015285015106201e-01
2.982224822044372559e-01
2.793006896972656250e-01
2.708182632923126221e-01
2.676244378089904785e-01
2.775688767433166504e-01
2.859466969966888428e-01
2.723380327224731445e-01
2.681278586387634277e-01
2.880175709724426270e-01
2.819920778274536133e-01
2.913959622383117676e-01
2.882803082466125488e-01
2.880495488643646240e-01
3.065580725669860840e-01
2.904664874076843262e-01
3.134616613388061523e-01
2.722918391227722168e-01
2.885560393333435059e-01
2.940692305564880371e-01
2.914180159568786621e-01
2.950680255889892578e-01
2.841778993606567383e-01
2.939995527267456055e-01
2.950598001480102539e-01
3.295857310295104980e-01
3.165383040904998779e-01
3.140956163406372070e-01
2.939804494380950928e-01
2.927610278129577637e-01
2.833605110645294189e-01
2.909654080867767334e-01
3.075243234634399414e-01
3.120842576026916504e-01
2.824362516403198242e-01
2.897377610206604004e-01
2.908817529678344727e-01
2.951681017875671387e-01
2.900079488754272461e-01
3.138130009174346924e-01
2.909169495105743408e-01
2.913959622383117676e-01
2.909225821495056152e-01
2.930424809455871582e-01
2.659620940685272217e-01
2.809787988662719727e-01
2.862820625305175781e-01
2.939889430999755859e-01
2.833463251590728760e-01
2.909225523471832275e-01
2.839156985282897949e-01
2.884500026702880859e-01
2.839143872261047363e-01
2.801415324211120605e-01
2.908156514167785645e-01
2.649215459823608398e-01
2.839125096797943115e-01
2.724457383155822754e-01
2.961926162242889404e-01
2.909206151962280273e-01
2.909225523471832275e-01
3.179802596569061279e-01
2.680641710758209229e-01
2.782835662364959717e-01
2.687036395072937012e-01
2.778306007385253906e-01
2.593853175640106201e-01
2.813346385955810547e-01
2.686293721199035645e-01
2.949870824813842773e-01
2.625683248043060303e-01
3.046064376831054688e-01
2.882848381996154785e-01
2.786763310432434082e-01
2.893561720848083496e-01
3.045182228088378906e-01
3.140409588813781738e-01
2.869123816490173340e-01
2.883666753768920898e-01
2.810047566890716553e-01
2.807997465133666992e-01
3.123173117637634277e-01
3.046486079692840576e-01
2.884878516197204590e-01
2.908816337585449219e-01
2.872684597969055176e-01
2.884878516197204590e-01
2.909194827079772949e-01
2.953708171844482422e-01
2.839335799217224121e-01
3.045885562896728516e-01
2.987239360809326172e-01
2.884878516197204590e-01
2.922944426536560059e-01
3.038161695003509521e-01
2.937104105949401855e-01
2.946721315383911133e-01
3.219290673732757568e-01
3.200758099555969238e-01
2.928541004657745361e-01
2.884878516197204590e-01
3.140409588813781738e-01
3.161870241165161133e-01
3.067556917667388916e-01
2.941510677337646484e-01
2.877358198165893555e-01
2.783012986183166504e-01
2.989964485168457031e-01
2.725460827350616455e-01
2.792350947856903076e-01
3.045182526111602783e-01
2.961924672126770020e-01
3.097128272056579590e-01
3.271420896053314209e-01
2.961926162242889404e-01
2.995100021362304688e-01
2.810051441192626953e-01
2.913252115249633789e-01
2.743741869926452637e-01
2.783001065254211426e-01
2.940626740455627441e-01
2.614648342132568359e-01
2.942422628402709961e-01
2.885313034057617188e-01
2.855318486690521240e-01
2.839336395263671875e-01
2.845640778541564941e-01
2.891317009925842285e-01
2.880080342292785645e-01
2.763731777667999268e-01
2.708614170551300049e-01
2.905957102775573730e-01
2.820865809917449951e-01
2.807437777519226074e-01
2.905438542366027832e-01
2.933137416839599609e-01
2.930389046669006348e-01
2.838194966316223145e-01
2.532687783241271973e-01
2.665469050407409668e-01
2.860402762889862061e-01
2.939959168434143066e-01
2.888751924037933350e-01
2.810205221176147461e-01
2.883034348487854004e-01
2.692875862121582031e-01
2.782832980155944824e-01
2.785041928291320801e-01
2.864796519279479980e-01
2.766937613487243652e-01
2.980850338935852051e-01
3.200758099555969238e-01
2.866180539131164551e-01
2.865475714206695557e-01
2.963486313819885254e-01
3.067503571510314941e-01
2.678965628147125244e-01
3.043185770511627197e-01
3.281821608543395996e-01
3.406751155853271484e-01
3.387561142444610596e-01
3.029803335666656494e-01
2.723972797393798828e-01
3.103347420692443848e-01
3.330290317535400391e-01
2.909748554229736328e-01
3.088345527648925781e-01
2.993305921554565430e-01
2.959351539611816406e-01
2.939921617507934570e-01
2.997102737426757812e-01
2.908776402473449707e-01
3.126253783702850342e-01
3.061430156230926514e-01
3.115414381027221680e-01
2.942058444023132324e-01
2.688516378402709961e-01
2.889860868453979492e-01
2.936132550239562988e-01
2.754206359386444092e-01
2.918010354042053223e-01
2.783012986183166504e-01
2.934206724166870117e-01
2.841354310512542725e-01
2.932355403900146484e-01
3.002863228321075439e-01
3.066850602626800537e-01
3.035503029823303223e-01
2.909169197082519531e-01
3.045787215232849121e-01
3.278679251670837402e-01
2.940031886100769043e-01
2.913205623626708984e-01
2.860408723354339600e-01
2.670379281044006348e-01
2.731258869171142578e-01
2.834513187408447266e-01
3.235274851322174072e-01
3.395430445671081543e-01
2.707674503326416016e-01
2.882985174655914307e-01
2.796082496643066406e-01
2.939811944961547852e-01
2.869744300842285156e-01
2.811637520790100098e-01
2.839358448982238770e-01
2.876487374305725098e-01
2.789783477783203125e-01
2.922385632991790771e-01
3.143672943115234375e-01
2.540002763271331787e-01
3.243149518966674805e-01
3.421119451522827148e-01
2.924014329910278320e-01
3.344759345054626465e-01
3.162617087364196777e-01
3.187058269977569580e-01
3.121521174907684326e-01
3.415705561637878418e-01
3.242583870887756348e-01
3.324396014213562012e-01
3.501587510108947754e-01
2.644653916358947754e-01
3.086615204811096191e-01
2.987824082374572754e-01
3.488217592239379883e-01
3.164920210838317871e-01
3.421095609664916992e-01
2.899430692195892334e-01
3.225741982460021973e-01
3.436938524246215820e-01
3.052600622177124023e-01
3.134827613830566406e-01
3.197224140167236328e-01
3.348309695720672607e-01
2.641084194183349609e-01
2.922753989696502686e-01
3.057468533515930176e-01
2.868774533271789551e-01
2.801516652107238770e-01
3.046505749225616455e-01
2.671219110488891602e-01
2.716007232666015625e-01
3.386229872703552246e-01
3.054741919040679932e-01
3.002326786518096924e-01
3.028339743614196777e-01
3.303326368331909180e-01
2.651596367359161377e-01
2.981885671615600586e-01
3.060194849967956543e-01
2.756640911102294922e-01
3.014571070671081543e-01
3.057646155357360840e-01
2.892684936523437500e-01
2.803269624710083008e-01
3.200918138027191162e-01
2.841531634330749512e-01
2.839170992374420166e-01
2.804687619209289551e-01
2.851493358612060547e-01
3.024955987930297852e-01
2.757161259651184082e-01
3.004323840141296387e-01
2.926217615604400635e-01
2.851266264915466309e-01
3.462724983692169189e-01
2.627111375331878662e-01
2.909231781959533691e-01
2.839129269123077393e-01
2.910080254077911377e-01
2.751375734806060791e-01
2.894119620323181152e-01
2.664149105548858643e-01
2.708636522293090820e-01
2.899881601333618164e-01
2.978626489639282227e-01
2.663218379020690918e-01
2.713367342948913574e-01
3.437300622463226318e-01
2.674880921840667725e-01
2.839156985282897949e-01
3.425339460372924805e-01
3.073274493217468262e-01
2.839127480983734131e-01
2.942159771919250488e-01
2.715800404548645020e-01
2.626462578773498535e-01
2.769008874893188477e-01
2.880124151706695557e-01
2.642739713191986084e-01
2.704096138477325439e-01
2.702505290508270264e-01
2.839336395263671875e-01
2.887094318866729736e-01
2.664233446121215820e-01
2.694817781448364258e-01
2.625226974487304688e-01
2.587089240550994873e-01
2.855357527732849121e-01
2.940588593482971191e-01
2.757068574428558350e-01
2.803270220756530762e-01
2.765309810638427734e-01
2.939995527267456055e-01
2.808837592601776123e-01
2.934160232543945312e-01
2.782394886016845703e-01
2.659354209899902344e-01
2.942131757736206055e-01
2.891380786895751953e-01
2.706043720245361328e-01
2.882410585880279541e-01
2.829338610172271729e-01
2.809706926345825195e-01
2.586462795734405518e-01
2.940776944160461426e-01
2.873325347900390625e-01
2.839336395263671875e-01
2.779390811920166016e-01
2.800903320312500000e-01
3.026450872421264648e-01
2.978399991989135742e-01
2.652649879455566406e-01
2.783012986183166504e-01
2.904666066169738770e-01
2.908661663532257080e-01
2.962181568145751953e-01
2.945462465286254883e-01
2.901389300823211670e-01
2.982968091964721680e-01
3.067556917667388916e-01
3.088261485099792480e-01
2.924979925155639648e-01
3.039488792419433594e-01
2.860806286334991455e-01
2.765581309795379639e-01
2.901859879493713379e-01
2.839156985282897949e-01
2.766010761260986328e-01
2.881739735603332520e-01
2.774671912193298340e-01
2.982920408248901367e-01
2.708635032176971436e-01
2.876408696174621582e-01
2.841275036334991455e-01
3.159697651863098145e-01
2.930309772491455078e-01
2.958130836486816406e-01
3.107732534408569336e-01
2.901277542114257812e-01
2.995398044586181641e-01
3.004010915756225586e-01
2.906445860862731934e-01
2.937382459640502930e-01
3.009299635887145996e-01
3.005735278129577637e-01
3.146193623542785645e-01
3.409312963485717773e-01
3.411419987678527832e-01
2.883607745170593262e-01
2.584989070892333984e-01
2.719116210937500000e-01
2.830823659896850586e-01
2.656190991401672363e-01
3.106308579444885254e-01
3.067556917667388916e-01
2.833522558212280273e-01
3.009200096130371094e-01
2.911527752876281738e-01
2.708547711372375488e-01
3.108054995536804199e-01
2.913344502449035645e-01
2.956734299659729004e-01
2.906092703342437744e-01
3.109160661697387695e-01
2.936477959156036377e-01
2.848598957061767578e-01
3.090945184230804443e-01
2.939811944961547852e-01
2.906567752361297607e-01
2.999429106712341309e-01
2.886724770069122314e-01
2.982920408248901367e-01
3.499113917350769043e-01
2.884667813777923584e-01
2.839693427085876465e-01
2.939835190773010254e-01
2.980513572692871094e-01
2.786198258399963379e-01
2.810467481613159180e-01
2.937200665473937988e-01
2.967455387115478516e-01
3.045583367347717285e-01
2.832815051078796387e-01
2.824464440345764160e-01
3.009627759456634521e-01
3.045182228088378906e-01
3.006159663200378418e-01
3.045885562896728516e-01
3.089581727981567383e-01
3.067556917667388916e-01
3.002339005470275879e-01
3.105150163173675537e-01
3.122070431709289551e-01
2.709913849830627441e-01
2.978861927986145020e-01
2.680526971817016602e-01
2.787544429302215576e-01
3.018448948860168457e-01
3.034651279449462891e-01
3.006857633590698242e-01
2.727972269058227539e-01
2.860408127307891846e-01
3.044940233230590820e-01
2.813426256179809570e-01
3.045885562896728516e-01
2.951103150844573975e-01
2.856814265251159668e-01
2.940684854984283447e-01
3.021279573440551758e-01
2.940684854984283447e-01
3.386673927307128906e-01
2.883666753768920898e-01
3.186410069465637207e-01
2.940684854984283447e-01
3.172026574611663818e-01
2.948763668537139893e-01
2.961669564247131348e-01
2.935563921928405762e-01
3.161699175834655762e-01
2.913154959678649902e-01
3.073670268058776855e-01
2.752608954906463623e-01
3.078320026397705078e-01
2.955328226089477539e-01
3.110891878604888916e-01
2.909324765205383301e-01
2.884878516197204590e-01
3.260696530342102051e-01
3.042502403259277344e-01
3.045157194137573242e-01
2.762849628925323486e-01
2.940090000629425049e-01
2.778409123420715332e-01
3.041338622570037842e-01
3.226747512817382812e-01
2.639817297458648682e-01
3.249974548816680908e-01
3.058846592903137207e-01
3.060182332992553711e-01
3.544549345970153809e-01
3.003416061401367188e-01
2.891067862510681152e-01
2.876334786415100098e-01
2.970955669879913330e-01
3.022159337997436523e-01
3.145627081394195557e-01
2.884560823440551758e-01
2.941914796829223633e-01
3.054136037826538086e-01
3.179154992103576660e-01
3.289212882518768311e-01
2.825721204280853271e-01
3.014539480209350586e-01
2.781524062156677246e-01
2.913078963756561279e-01
2.948652803897857666e-01
3.021913766860961914e-01
2.872518301010131836e-01
2.940089106559753418e-01
3.373459577560424805e-01
2.963667213916778564e-01
2.939814329147338867e-01
2.895770072937011719e-01
2.986418008804321289e-01
2.912160456180572510e-01
2.723935842514038086e-01
2.782835662364959717e-01
3.193936347961425781e-01
2.687863111495971680e-01
2.909274101257324219e-01
2.660490870475769043e-01
2.839118838310241699e-01
2.940684854984283447e-01
2.961926162242889404e-01
2.886506319046020508e-01
2.827371060848236084e-01
2.815440893173217773e-01
2.917431592941284180e-01
2.909239232540130615e-01
2.835202813148498535e-01
2.933134138584136963e-01
3.080948591232299805e-01
3.106919229030609131e-01
2.884878516197204590e-01
2.927375435829162598e-01
2.971685528755187988e-01
2.939995527267456055e-01
3.265308141708374023e-01
2.909283339977264404e-01
3.005339503288269043e-01
3.013949990272521973e-01
3.002699315547943115e-01
2.914893925189971924e-01
3.045885562896728516e-01
3.113383352756500244e-01
2.885015606880187988e-01
3.059666156768798828e-01
2.868790030479431152e-01
2.860406935214996338e-01
2.901961803436279297e-01
2.909343242645263672e-01
3.073195219039916992e-01
3.013364076614379883e-01
2.974030375480651855e-01
2.909645438194274902e-01
2.829569578170776367e-01
3.286319077014923096e-01
2.721896171569824219e-01
2.829983830451965332e-01
2.961926460266113281e-01
2.966293692588806152e-01
2.917935848236083984e-01
2.860001623630523682e-01
2.796736955642700195e-01
2.909168601036071777e-01
3.024643659591674805e-01
2.894284129142761230e-01
2.749183177947998047e-01
2.855318188667297363e-01
2.706043720245361328e-01
2.687863111495971680e-01
2.882985174655914307e-01
2.961926162242889404e-01
2.844738066196441650e-01
2.752836346626281738e-01
2.810658812522888184e-01
2.808974385261535645e-01
2.983862161636352539e-01
2.766926884651184082e-01
2.957122027873992920e-01
2.967190742492675781e-01
2.930349111557006836e-01
2.759767770767211914e-01
2.839125394821166992e-01
2.839336395263671875e-01
2.711623609066009521e-01
2.779728472232818604e-01
2.998873293399810791e-01
2.665921151638031006e-01
2.939907312393188477e-01
2.753310203552246094e-01
2.940684854984283447e-01
2.722047567367553711e-01
2.779021263122558594e-01
2.587888240814208984e-01
3.225373625755310059e-01
2.708638310432434082e-01
2.939811944961547852e-01
2.917928397655487061e-01
2.753290534019470215e-01
2.808945775032043457e-01
2.754786908626556396e-01
2.750009298324584961e-01
2.668356299400329590e-01
3.140409588813781738e-01
2.500813901424407959e-01
2.950000762939453125e-01
2.752313315868377686e-01
2.958106994628906250e-01
2.979495227336883545e-01
2.912574112415313721e-01
2.920470833778381348e-01
2.727489471435546875e-01
2.782835662364959717e-01
2.839348018169403076e-01
2.906441390514373779e-01
2.931274175643920898e-01
2.763730883598327637e-01
3.006215393543243408e-01
2.882794737815856934e-01
2.880081534385681152e-01
2.917478680610656738e-01
2.763730883598327637e-01
2.880313396453857422e-01
3.047641515731811523e-01
2.903143167495727539e-01
2.812840938568115234e-01
2.832163274288177490e-01
2.961387634277343750e-01
2.940684854984283447e-01
2.896004319190979004e-01
2.930437922477722168e-01
2.942668497562408447e-01
2.876543700695037842e-01
2.830144464969635010e-01
2.923956513404846191e-01
2.890615761280059814e-01
3.023639917373657227e-01
2.782865166664123535e-01
3.002038598060607910e-01
2.626684308052062988e-01
2.884601950645446777e-01
2.920020818710327148e-01
2.904666066169738770e-01
2.835782170295715332e-01
2.819803059101104736e-01
2.782835662364959717e-01
3.045390248298645020e-01
2.863916158676147461e-01
2.706968188285827637e-01
2.708572447299957275e-01
2.909863889217376709e-01
2.946552932262420654e-01
2.828215956687927246e-01
2.961926162242889404e-01
2.863085865974426270e-01
2.592821121215820312e-01
2.917516827583312988e-01
2.936950922012329102e-01
2.942211031913757324e-01
2.913252115249633789e-01
3.201218247413635254e-01
2.940164804458618164e-01
2.762479782104492188e-01
2.979748845100402832e-01
2.841451764106750488e-01
2.708245515823364258e-01
2.952565550804138184e-01
2.906567752361297607e-01
2.906567752361297607e-01
2.912970781326293945e-01
2.961913347244262695e-01
2.878786325454711914e-01
3.104528784751892090e-01
3.047127723693847656e-01
2.943996191024780273e-01
2.942241132259368896e-01
2.913273870944976807e-01
2.837616801261901855e-01
2.913709282875061035e-01
2.940004467964172363e-01
2.636650800704956055e-01
2.913959622383117676e-01
2.912848591804504395e-01
2.886146008968353271e-01
2.836363315582275391e-01
2.905882894992828369e-01
2.588729858398437500e-01
2.913959920406341553e-01
2.765398919582366943e-01
2.809047102928161621e-01
2.945453226566314697e-01
2.908240854740142822e-01
2.909134924411773682e-01
3.088129758834838867e-01
2.879140377044677734e-01
2.713681757450103760e-01
2.876825630664825439e-01
2.855712175369262695e-01
2.831587195396423340e-01
2.801348865032196045e-01
2.914556860923767090e-01
3.013871908187866211e-01
2.834022641181945801e-01
2.913264632225036621e-01
2.909864187240600586e-01
2.814222574234008789e-01
2.939284145832061768e-01
2.909876108169555664e-01
2.846527099609375000e-01
2.755850553512573242e-01
2.886078655719757080e-01
2.882668673992156982e-01
2.906197607517242432e-01
2.910287380218505859e-01
2.930420041084289551e-01
2.904175519943237305e-01
2.900079488754272461e-01
2.765489816665649414e-01
2.906571924686431885e-01
3.141121566295623779e-01
2.942066788673400879e-01
2.940672039985656738e-01
2.940684556961059570e-01
2.811496257781982422e-01
2.913956642150878906e-01
2.708625793457031250e-01
2.961233854293823242e-01
3.098238110542297363e-01
2.927610278129577637e-01
2.930335700511932373e-01
2.813120484352111816e-01
2.940684854984283447e-01
2.940684854984283447e-01
2.827373743057250977e-01
2.930364608764648438e-01
2.696294784545898438e-01
2.885112166404724121e-01
3.053939342498779297e-01
2.881375551223754883e-01
2.934810519218444824e-01
2.806894183158874512e-01
2.939973771572113037e-01
3.107022345066070557e-01
2.768815457820892334e-01
2.930656075477600098e-01
2.829058170318603516e-01
2.940590083599090576e-01
2.927775382995605469e-01
2.939973473548889160e-01
3.030984401702880859e-01
2.909252047538757324e-01
2.927610278129577637e-01
2.832316160202026367e-01
3.045083582401275635e-01
3.054138422012329102e-01
2.829539775848388672e-01
2.892752289772033691e-01
2.953405976295471191e-01
2.940512299537658691e-01
3.274014294147491455e-01
2.927610278129577637e-01
2.817341983318328857e-01
3.103292584419250488e-01
3.029252290725708008e-01
3.325002193450927734e-01
3.385887742042541504e-01
3.048765361309051514e-01
3.008579611778259277e-01
3.420895934104919434e-01
3.188757896423339844e-01
3.045318126678466797e-01
2.859074771404266357e-01
3.324981629848480225e-01
3.180254101753234863e-01
2.810836434364318848e-01
3.416090309619903564e-01
3.200846314430236816e-01
3.139126896858215332e-01
3.355785310268402100e-01
3.033655285835266113e-01
3.393706679344177246e-01
3.150749802589416504e-01
3.134013414382934570e-01
3.037450909614562988e-01
2.962015271186828613e-01
3.150791227817535400e-01
3.294172585010528564e-01
3.406419157981872559e-01
3.029553890228271484e-01
3.414527177810668945e-01
3.200648427009582520e-01
3.466848134994506836e-01
3.291817307472229004e-01
3.169598579406738281e-01
3.207173347473144531e-01
3.303385376930236816e-01
3.242716789245605469e-01
2.817969620227813721e-01
3.029012680053710938e-01
3.050105273723602295e-01
2.961720824241638184e-01
3.043259382247924805e-01
3.296790719032287598e-01
3.160755634307861328e-01
2.939360141754150391e-01
2.703282535076141357e-01
3.448247909545898438e-01
2.913224399089813232e-01
2.918348908424377441e-01
2.806646227836608887e-01
2.618937492370605469e-01
2.815354466438293457e-01
3.042679429054260254e-01
2.884878516197204590e-01
2.856004834175109863e-01
2.976352572441101074e-01
2.909613847732543945e-01
2.839336395263671875e-01
2.803441882133483887e-01
2.756362557411193848e-01
3.067556917667388916e-01
2.939758896827697754e-01
2.884878516197204590e-01
3.033433258533477783e-01
2.871933579444885254e-01
3.045885562896728516e-01
2.856920063495635986e-01
2.942171096801757812e-01
2.862856388092041016e-01
2.914406657218933105e-01
2.815407812595367432e-01
2.904666066169738770e-01
3.045160174369812012e-01
2.840054631233215332e-01
2.951167225837707520e-01
2.939979135990142822e-01
2.835901975631713867e-01
2.883077859878540039e-01
2.819030582904815674e-01
2.940948605537414551e-01
3.061207532882690430e-01
2.707979083061218262e-01
2.782835662364959717e-01
2.684120833873748779e-01
2.841263115406036377e-01
3.065595030784606934e-01
2.904387712478637695e-01
2.782840728759765625e-01
3.096630573272705078e-01
2.951158285140991211e-01
2.887107133865356445e-01
2.939813733100891113e-01
2.941370010375976562e-01
2.839126586914062500e-01
2.924293279647827148e-01
2.908490598201751709e-01
2.783012986183166504e-01
2.818661928176879883e-01
2.843008041381835938e-01
2.930346727371215820e-01
2.845325171947479248e-01
2.844459712505340576e-01
2.788139581680297852e-01
2.930346727371215820e-01
2.987092733383178711e-01
2.848710715770721436e-01
2.831822335720062256e-01
