1.992039382457733154e-01
2.532500028610229492e-01
2.415156662464141846e-01
2.209142148494720459e-01
2.413397431373596191e-01
2.304604053497314453e-01
2.188433110713958740e-01
2.423416674137115479e-01
2.038189470767974854e-01
2.122847139835357666e-01
2.375950813293457031e-01
2.173936069011688232e-01
2.327027320861816406e-01
2.186384797096252441e-01
1.757331788539886475e-01
1.848086714744567871e-01
1.865589320659637451e-01
2.055029571056365967e-01
1.874812841415405273e-01
1.620450615882873535e-01
1.889656186103820801e-01
1.883176565170288086e-01
1.745450198650360107e-01
2.027447819709777832e-01
1.351340711116790771e-01
1.459802389144897461e-01
1.706131100654602051e-01
1.760030388832092285e-01
1.564123034477233887e-01
1.563628911972045898e-01
1.575715243816375732e-01
1.567319035530090332e-01
1.481755077838897705e-01
1.418015956878662109e-01
1.571041941642761230e-01
1.715290844440460205e-01
1.591517031192779541e-01
1.473565399646759033e-01
1.454391777515411377e-01
1.440190076828002930e-01
1.526505053043365479e-01
1.320118010044097900e-01
1.353107988834381104e-01
1.235689222812652588e-01
1.491826176643371582e-01
1.419234275817871094e-01
1.329298913478851318e-01
1.736243665218353271e-01
2.191056311130523682e-01
1.713535785675048828e-01
1.402480602264404297e-01
1.643170416355133057e-01
1.371316313743591309e-01
1.612663865089416504e-01
1.867446005344390869e-01
1.453435719013214111e-01
1.645559668540954590e-01
1.737744510173797607e-01
1.435876488685607910e-01
1.866946816444396973e-01
1.814355552196502686e-01
1.549069583415985107e-01
2.106166779994964600e-01
1.929565668106079102e-01
1.878877580165863037e-01
2.163410484790802002e-01
2.104680240154266357e-01
2.153608798980712891e-01
2.097787261009216309e-01
2.569561600685119629e-01
2.124461531639099121e-01
2.230795621871948242e-01
2.631134092807769775e-01
2.099662423133850098e-01
2.564129233360290527e-01
2.165249884128570557e-01
2.663754522800445557e-01
2.106944918632507324e-01
2.140955626964569092e-01
2.290532588958740234e-01
2.339689731597900391e-01
2.433632910251617432e-01
2.483059763908386230e-01
2.409848570823669434e-01
2.563646435737609863e-01
2.723763585090637207e-01
2.124461531639099121e-01
2.038989365100860596e-01
2.305790781974792480e-01
2.078841924667358398e-01
2.195648849010467529e-01
2.342516183853149414e-01
2.306051552295684814e-01
2.310241758823394775e-01
2.132491767406463623e-01
1.966622769832611084e-01
2.191743552684783936e-01
2.076727747917175293e-01
2.175897657871246338e-01
1.777262985706329346e-01
2.369332015514373779e-01
2.285911738872528076e-01
2.413709163665771484e-01
2.259193956851959229e-01
2.468807399272918701e-01
2.003408670425415039e-01
2.144298851490020752e-01
2.175268530845642090e-01
2.158295810222625732e-01
2.454827725887298584e-01
2.139270901679992676e-01
2.099941968917846680e-01
1.597287356853485107e-01
1.531796455383300781e-01
1.716574132442474365e-01
1.539640426635742188e-01
1.617491543292999268e-01
1.431641280651092529e-01
1.360391676425933838e-01
1.909876167774200439e-01
1.789653897285461426e-01
1.557343304157257080e-01
1.774330437183380127e-01
1.908292174339294434e-01
1.891145110130310059e-01
1.932816207408905029e-01
1.914961040019989014e-01
1.973307430744171143e-01
1.904918849468231201e-01
1.766539514064788818e-01
1.991196870803833008e-01
1.785727739334106445e-01
2.402049303054809570e-01
2.325081229209899902e-01
2.572104632854461670e-01
2.377814054489135742e-01
2.513449788093566895e-01
2.475906610488891602e-01
2.430054545402526855e-01
2.454247474670410156e-01
2.672851085662841797e-01
2.618216276168823242e-01
2.471325695514678955e-01
2.522596120834350586e-01
2.514603137969970703e-01
2.446374297142028809e-01
2.492555677890777588e-01
2.404012978076934814e-01
2.463618814945220947e-01
2.316195666790008545e-01
2.332518100738525391e-01
2.382509410381317139e-01
2.492530047893524170e-01
2.474611997604370117e-01
2.644067704677581787e-01
2.584463357925415039e-01
2.392235100269317627e-01
2.074798345565795898e-01
1.920603513717651367e-01
2.323808073997497559e-01
2.386736571788787842e-01
2.246547341346740723e-01
1.963098347187042236e-01
2.398532927036285400e-01
2.108652591705322266e-01
2.533621191978454590e-01
2.023122608661651611e-01
2.280888259410858154e-01
1.871724426746368408e-01
2.383131682872772217e-01
2.260994911193847656e-01
2.364120781421661377e-01
2.252811789512634277e-01
2.306915819644927979e-01
2.314528226852416992e-01
2.342033088207244873e-01
2.347868382930755615e-01
2.671481966972351074e-01
2.301248610019683838e-01
2.362233102321624756e-01
2.315543293952941895e-01
2.318725883960723877e-01
2.330031394958496094e-01
2.202860713005065918e-01
2.170763015747070312e-01
2.025194466114044189e-01
2.097132205963134766e-01
1.611318886280059814e-01
1.594597995281219482e-01
1.505259275436401367e-01
1.807705461978912354e-01
1.841388046741485596e-01
1.700696945190429688e-01
1.953771710395812988e-01
1.778354346752166748e-01
1.619955301284790039e-01
1.679709255695343018e-01
1.682943999767303467e-01
1.760978698730468750e-01
2.414608895778656006e-01
2.253887355327606201e-01
2.334466874599456787e-01
2.344095408916473389e-01
2.329310774803161621e-01
1.943248808383941650e-01
1.572935283184051514e-01
1.696501374244689941e-01
1.633150577545166016e-01
1.230297982692718506e-01
1.625344753265380859e-01
1.865794658660888672e-01
1.754307746887207031e-01
1.761704683303833008e-01
1.757438182830810547e-01
1.606929898262023926e-01
1.818048357963562012e-01
1.501457095146179199e-01
1.770096123218536377e-01
1.679039895534515381e-01
1.751870512962341309e-01
1.985865235328674316e-01
1.894012689590454102e-01
1.610009074211120605e-01
1.754820346832275391e-01
1.381420791149139404e-01
1.837128102779388428e-01
1.887682974338531494e-01
1.668941080570220947e-01
2.173179686069488525e-01
8.108919858932495117e-02
1.810632944107055664e-01
1.851077079772949219e-01
1.948269605636596680e-01
2.374206185340881348e-01
1.190939843654632568e-01
1.755461096763610840e-01
1.729939877986907959e-01
2.146602571010589600e-01
2.154264450073242188e-01
2.113953828811645508e-01
1.992186903953552246e-01
1.489619612693786621e-01
1.767558455467224121e-01
1.212998926639556885e-01
1.467399597167968750e-01
1.608575582504272461e-01
1.784914135932922363e-01
1.926236450672149658e-01
2.069503962993621826e-01
1.972629725933074951e-01
2.168821394443511963e-01
1.800036132335662842e-01
2.026018500328063965e-01
1.971842646598815918e-01
2.017997503280639648e-01
2.439803183078765869e-01
2.184927463531494141e-01
2.179582715034484863e-01
1.268877983093261719e-01
1.690290868282318115e-01
2.007901370525360107e-01
1.859547793865203857e-01
2.115719020366668701e-01
1.704981327056884766e-01
1.982946693897247314e-01
2.113514542579650879e-01
1.964810490608215332e-01
1.858962178230285645e-01
1.869949102401733398e-01
1.925071179866790771e-01
2.162419855594635010e-01
2.014803290367126465e-01
2.209471166133880615e-01
2.120746672153472900e-01
2.287789583206176758e-01
2.016032040119171143e-01
2.157787978649139404e-01
2.028169631958007812e-01
2.221632003784179688e-01
2.202862799167633057e-01
2.041040062904357910e-01
2.075129747390747070e-01
2.517538666725158691e-01
2.332262396812438965e-01
2.604055106639862061e-01
2.096029818058013916e-01
2.284995913505554199e-01
2.210422754287719727e-01
2.195121645927429199e-01
2.100033462047576904e-01
2.401687204837799072e-01
2.489571869373321533e-01
2.517972588539123535e-01
2.538992464542388916e-01
2.728050053119659424e-01
2.670571804046630859e-01
2.624757885932922363e-01
2.580638527870178223e-01
2.618756592273712158e-01
2.586201429367065430e-01
2.634633481502532959e-01
2.625755965709686279e-01
2.572370171546936035e-01
2.622745931148529053e-01
2.592390775680541992e-01
2.409032285213470459e-01
2.169952392578125000e-01
2.037773728370666504e-01
2.228059768676757812e-01
2.124461531639099121e-01
2.331804931163787842e-01
2.141869664192199707e-01
2.570487260818481445e-01
2.513967752456665039e-01
2.299320697784423828e-01
1.988165974617004395e-01
2.281036674976348877e-01
2.279182374477386475e-01
2.314485311508178711e-01
2.377467453479766846e-01
2.361352741718292236e-01
2.362626492977142334e-01
2.298369109630584717e-01
2.306731939315795898e-01
2.126460969448089600e-01
2.242478132247924805e-01
1.912168562412261963e-01
2.288331985473632812e-01
2.361769378185272217e-01
1.868817210197448730e-01
1.910529732704162598e-01
1.945893168449401855e-01
2.133720219135284424e-01
1.509918868541717529e-01
1.996888220310211182e-01
2.076142430305480957e-01
2.391467988491058350e-01
1.996692419052124023e-01
1.234442889690399170e-01
1.826726496219635010e-01
2.202303111553192139e-01
2.329848408699035645e-01
2.527998089790344238e-01
2.543594241142272949e-01
2.360987067222595215e-01
2.497681677341461182e-01
2.339652180671691895e-01
2.530585527420043945e-01
2.457313537597656250e-01
2.355216443538665771e-01
2.355037033557891846e-01
2.213340401649475098e-01
2.252055406570434570e-01
2.315994203090667725e-01
2.370064854621887207e-01
2.625030279159545898e-01
2.177166640758514404e-01
2.204194366931915283e-01
2.535130977630615234e-01
2.347855865955352783e-01
2.265867292881011963e-01
2.199665009975433350e-01
2.310465276241302490e-01
2.516951858997344971e-01
2.191536128520965576e-01
2.395480871200561523e-01
2.344916462898254395e-01
2.426718473434448242e-01
2.000917196273803711e-01
2.383098304271697998e-01
2.303129434585571289e-01
1.883098185062408447e-01
1.896600425243377686e-01
2.289759814739227295e-01
2.336591780185699463e-01
2.360654771327972412e-01
2.067218720912933350e-01
2.302726209163665771e-01
2.307876944541931152e-01
2.296017408370971680e-01
2.384274005889892578e-01
2.357506752014160156e-01
2.429858446121215820e-01
2.457977533340454102e-01
2.363435029983520508e-01
2.304360270500183105e-01
2.355153262615203857e-01
2.162284553050994873e-01
2.434009313583374023e-01
2.247046828269958496e-01
2.362834513187408447e-01
2.182250022888183594e-01
2.426460087299346924e-01
2.202776670455932617e-01
2.393382489681243896e-01
2.420151233673095703e-01
2.474721372127532959e-01
2.397760152816772461e-01
2.334222197532653809e-01
2.211709916591644287e-01
2.195121645927429199e-01
2.203837037086486816e-01
2.012026607990264893e-01
1.906313300132751465e-01
2.114931941032409668e-01
2.187956571578979492e-01
2.069145441055297852e-01
1.819210350513458252e-01
2.030665576457977295e-01
2.191391289234161377e-01
2.200826108455657959e-01
2.275936007499694824e-01
2.032937407493591309e-01
2.225054502487182617e-01
1.954153776168823242e-01
2.163584232330322266e-01
2.190221846103668213e-01
2.160596847534179688e-01
2.137159407138824463e-01
2.011407315731048584e-01
2.395735085010528564e-01
2.342738807201385498e-01
2.287729084491729736e-01
2.315586209297180176e-01
2.257038652896881104e-01
2.364823222160339355e-01
2.293420732021331787e-01
2.378869354724884033e-01
2.322512269020080566e-01
1.733181178569793701e-01
1.606767773628234863e-01
1.866551339626312256e-01
1.499028205871582031e-01
1.774781942367553711e-01
1.874351799488067627e-01
1.840809285640716553e-01
1.530425846576690674e-01
1.980476379394531250e-01
2.009617686271667480e-01
2.111133038997650146e-01
1.886322498321533203e-01
2.202447950839996338e-01
1.823524832725524902e-01
2.152793407440185547e-01
1.882973313331604004e-01
2.379459738731384277e-01
1.897120177745819092e-01
2.216613888740539551e-01
1.896388828754425049e-01
2.417023777961730957e-01
2.473697364330291748e-01
2.611566781997680664e-01
2.538467645645141602e-01
2.280675172805786133e-01
2.403026521205902100e-01
2.405546903610229492e-01
2.453283369541168213e-01
2.324169576168060303e-01
2.588569521903991699e-01
2.539814710617065430e-01
2.550056576728820801e-01
2.337217330932617188e-01
2.418124079704284668e-01
2.276559472084045410e-01
2.403243482112884521e-01
2.664499878883361816e-01
2.329891026020050049e-01
2.298196256160736084e-01
2.236567437648773193e-01
1.874966323375701904e-01
1.900696754455566406e-01
2.038015425205230713e-01
2.155740559101104736e-01
2.033721804618835449e-01
1.885937750339508057e-01
2.342389225959777832e-01
2.124015986919403076e-01
2.061457037925720215e-01
1.947565972805023193e-01
2.185898423194885254e-01
2.109304964542388916e-01
2.014547288417816162e-01
1.994529664516448975e-01
2.035520374774932861e-01
2.036934494972229004e-01
1.872518062591552734e-01
1.903376281261444092e-01
1.872321069240570068e-01
1.875865161418914795e-01
1.524161994457244873e-01
1.736635565757751465e-01
1.600664854049682617e-01
1.778184175491333008e-01
1.786714196205139160e-01
1.938845515251159668e-01
1.825322508811950684e-01
1.681627035140991211e-01
1.870734989643096924e-01
1.881066262722015381e-01
1.700778305530548096e-01
1.675835549831390381e-01
1.940893530845642090e-01
1.869616806507110596e-01
1.908576488494873047e-01
1.865933537483215332e-01
1.857743263244628906e-01
1.861543059349060059e-01
1.907595992088317871e-01
1.903043687343597412e-01
1.903041303157806396e-01
1.900792717933654785e-01
1.901177167892456055e-01
1.893521249294281006e-01
1.857147812843322754e-01
1.915490031242370605e-01
1.882796287536621094e-01
2.041814923286437988e-01
2.041977345943450928e-01
1.984465718269348145e-01
1.901042759418487549e-01
2.027489840984344482e-01
2.249668836593627930e-01
1.966149210929870605e-01
1.941784620285034180e-01
1.915193796157836914e-01
1.911081075668334961e-01
2.049624323844909668e-01
1.900903880596160889e-01
1.904191970825195312e-01
1.890940964221954346e-01
1.948664784431457520e-01
1.911587715148925781e-01
2.116072177886962891e-01
1.891828179359436035e-01
1.846634447574615479e-01
2.054512798786163330e-01
1.866925656795501709e-01
1.883006393909454346e-01
1.891835927963256836e-01
1.876154541969299316e-01
1.821422576904296875e-01
1.891847848892211914e-01
1.873955428600311279e-01
2.262131869792938232e-01
2.442983984947204590e-01
2.451954185962677002e-01
2.351029217243194580e-01
2.208676636219024658e-01
2.173668146133422852e-01
1.982925832271575928e-01
2.378484010696411133e-01
2.055244147777557373e-01
2.205830812454223633e-01
2.276670932769775391e-01
2.224696874618530273e-01
1.871054470539093018e-01
2.352047264575958252e-01
2.300167381763458252e-01
2.295470535755157471e-01
2.267319262027740479e-01
2.312610149383544922e-01
2.011552453041076660e-01
2.409412860870361328e-01
2.011561393737792969e-01
2.389342784881591797e-01
2.113545835018157959e-01
2.376742362976074219e-01
2.388233244419097900e-01
2.118726074695587158e-01
2.162452936172485352e-01
2.187146544456481934e-01
2.413690388202667236e-01
2.256450951099395752e-01
1.900836527347564697e-01
2.204976081848144531e-01
2.111465334892272949e-01
1.915111541748046875e-01
2.375690042972564697e-01
1.904191970825195312e-01
2.011041045188903809e-01
2.003778517246246338e-01
2.013335227966308594e-01
1.889588534832000732e-01
2.252054214477539062e-01
2.318028509616851807e-01
2.258879542350769043e-01
1.742633581161499023e-01
1.496642231941223145e-01
1.790469884872436523e-01
1.577606499195098877e-01
1.684163808822631836e-01
2.170550525188446045e-01
2.188021242618560791e-01
2.344105839729309082e-01
2.046758830547332764e-01
2.157193720340728760e-01
2.125265002250671387e-01
2.141789495944976807e-01
2.164795696735382080e-01
2.166184782981872559e-01
2.265582084655761719e-01
2.259491086006164551e-01
2.018046081066131592e-01
1.613170802593231201e-01
1.701563596725463867e-01
1.857077777385711670e-01
1.898838579654693604e-01
1.911362409591674805e-01
1.568328440189361572e-01
1.860637366771697998e-01
1.836625337600708008e-01
1.636060178279876709e-01
1.641874313354492188e-01
1.520324945449829102e-01
1.354691386222839355e-01
1.395244002342224121e-01
1.760116815567016602e-01
1.760753989219665527e-01
1.858801245689392090e-01
2.354114651679992676e-01
2.200657725334167480e-01
2.226751744747161865e-01
2.226803600788116455e-01
2.357348799705505371e-01
2.355412840843200684e-01
2.107857763767242432e-01
2.174073755741119385e-01
1.923555135726928711e-01
1.891418695449829102e-01
2.296351492404937744e-01
2.263326048851013184e-01
2.494551837444305420e-01
2.465739250183105469e-01
2.299276888370513916e-01
2.326709628105163574e-01
2.556477189064025879e-01
1.900759339332580566e-01
1.902424097061157227e-01
1.195907592773437500e-01
1.840064525604248047e-01
1.617039740085601807e-01
2.155439853668212891e-01
1.443318724632263184e-01
1.682722270488739014e-01
1.607042551040649414e-01
1.716218888759613037e-01
1.830640733242034912e-01
1.899907886981964111e-01
2.486488819122314453e-01
2.347050011157989502e-01
2.211656868457794189e-01
2.289471924304962158e-01
2.425679266452789307e-01
2.315770983695983887e-01
2.264590263366699219e-01
2.330062985420227051e-01
2.266456484794616699e-01
2.362868189811706543e-01
2.416589260101318359e-01
2.357842326164245605e-01
2.355161607265472412e-01
2.400227189064025879e-01
2.211298644542694092e-01
2.185974419116973877e-01
2.216258645057678223e-01
2.233299911022186279e-01
2.203658223152160645e-01
2.297267019748687744e-01
2.106178998947143555e-01
2.137301266193389893e-01
2.159871757030487061e-01
1.910984516143798828e-01
2.075341939926147461e-01
2.288849055767059326e-01
2.269389629364013672e-01
1.950232982635498047e-01
1.674297451972961426e-01
2.052002847194671631e-01
2.104935050010681152e-01
1.895509362220764160e-01
1.806139945983886719e-01
1.903202235698699951e-01
2.666472792625427246e-01
2.641896009445190430e-01
2.727983593940734863e-01
2.611404955387115479e-01
2.124461531639099121e-01
2.124461531639099121e-01
2.317821681499481201e-01
2.268870770931243896e-01
1.975447833538055420e-01
2.097555696964263916e-01
2.057567238807678223e-01
2.327960133552551270e-01
2.470484972000122070e-01
2.280274331569671631e-01
2.543138861656188965e-01
2.207334041595458984e-01
2.440560460090637207e-01
2.124461531639099121e-01
2.296904325485229492e-01
2.235628962516784668e-01
2.226461172103881836e-01
2.363919317722320557e-01
2.133759558200836182e-01
2.157100141048431396e-01
2.306033670902252197e-01
2.237797081470489502e-01
2.245431840419769287e-01
2.168883085250854492e-01
1.988627612590789795e-01
2.066881358623504639e-01
2.059739232063293457e-01
1.970147192478179932e-01
1.587867736816406250e-01
2.088782489299774170e-01
1.526452302932739258e-01
1.743078231811523438e-01
1.838779747486114502e-01
1.831665933132171631e-01
1.570977866649627686e-01
2.117924094200134277e-01
1.771086454391479492e-01
2.272233068943023682e-01
1.941671967506408691e-01
2.053830921649932861e-01
2.125439643859863281e-01
1.848286390304565430e-01
2.154316306114196777e-01
2.207410335540771484e-01
2.290739119052886963e-01
2.101199626922607422e-01
2.056593000888824463e-01
2.066341936588287354e-01
2.061709463596343994e-01
2.495017945766448975e-01
2.464615106582641602e-01
1.981887817382812500e-01
2.151421308517456055e-01
2.193209230899810791e-01
2.620980143547058105e-01
2.225627303123474121e-01
2.186208665370941162e-01
2.134388089179992676e-01
2.167797982692718506e-01
2.208852767944335938e-01
2.497091293334960938e-01
2.199837565422058105e-01
2.636378109455108643e-01
2.200584709644317627e-01
2.167204618453979492e-01
2.255628407001495361e-01
2.175174951553344727e-01
2.433398067951202393e-01
2.681523561477661133e-01
2.234208285808563232e-01
2.638264000415802002e-01
2.636979818344116211e-01
1.926281154155731201e-01
1.501725912094116211e-01
2.000817060470581055e-01
2.064690291881561279e-01
2.178986668586730957e-01
2.169799208641052246e-01
2.060469686985015869e-01
2.114128470420837402e-01
2.159321904182434082e-01
2.043772637844085693e-01
1.960906982421875000e-01
2.409819364547729492e-01
2.279173731803894043e-01
1.661940217018127441e-01
1.970130205154418945e-01
1.956469118595123291e-01
2.046798169612884521e-01
2.139412760734558105e-01
2.211718857288360596e-01
2.275841236114501953e-01
2.126480937004089355e-01
1.860981285572052002e-01
2.425555288791656494e-01
2.344331145286560059e-01
2.029707133769989014e-01
2.105651199817657471e-01
1.935043334960937500e-01
2.050257325172424316e-01
2.343854010105133057e-01
1.768628656864166260e-01
2.192461192607879639e-01
1.982259154319763184e-01
2.044490873813629150e-01
2.282519042491912842e-01
2.081359326839447021e-01
2.042711973190307617e-01
1.984533071517944336e-01
2.250873446464538574e-01
1.652244329452514648e-01
1.422049999237060547e-01
1.951242983341217041e-01
2.007088363170623779e-01
1.885980665683746338e-01
1.862135827541351318e-01
1.777443289756774902e-01
1.721756458282470703e-01
1.279624104499816895e-01
1.698745787143707275e-01
2.001200616359710693e-01
1.899377405643463135e-01
1.282243728637695312e-01
1.579402387142181396e-01
1.367796659469604492e-01
1.465182900428771973e-01
1.519205868244171143e-01
1.868733167648315430e-01
1.760356724262237549e-01
1.713883280754089355e-01
1.750909388065338135e-01
1.715080738067626953e-01
1.728098392486572266e-01
1.371338665485382080e-01
1.888189613819122314e-01
2.263289093971252441e-01
2.064687311649322510e-01
1.623618304729461670e-01
1.342351734638214111e-01
1.725642085075378418e-01
2.013773024082183838e-01
2.215621471405029297e-01
1.895855665206909180e-01
2.042888998985290527e-01
1.999428868293762207e-01
2.255038022994995117e-01
2.203387916088104248e-01
1.788823902606964111e-01
2.166966497898101807e-01
2.129191160202026367e-01
1.224232912063598633e-01
2.145261764526367188e-01
1.989153325557708740e-01
2.218254506587982178e-01
2.233556509017944336e-01
2.125391364097595215e-01
2.246674001216888428e-01
2.217287421226501465e-01
2.227717638015747070e-01
2.105607688426971436e-01
2.458762526512145996e-01
2.231321632862091064e-01
2.280958890914916992e-01
2.281386256217956543e-01
2.300765812397003174e-01
2.305618524551391602e-01
2.084557712078094482e-01
2.354915142059326172e-01
2.330769002437591553e-01
2.251144051551818848e-01
2.220771312713623047e-01
2.348827123641967773e-01
2.555359005928039551e-01
2.282603979110717773e-01
2.553989887237548828e-01
2.249209582805633545e-01
2.234206795692443848e-01
2.255890071392059326e-01
2.297013998031616211e-01
2.112764418125152588e-01
2.321243286132812500e-01
2.507210075855255127e-01
1.994473636150360107e-01
2.314952313899993896e-01
1.861594915390014648e-01
1.639661788940429688e-01
1.700840592384338379e-01
1.934503614902496338e-01
1.893830299377441406e-01
1.395862102508544922e-01
1.768249571323394775e-01
1.709508299827575684e-01
1.514096260070800781e-01
1.796188056468963623e-01
1.785551905632019043e-01
1.831844449043273926e-01
1.926906406879425049e-01
1.883497834205627441e-01
1.627150774002075195e-01
1.695126891136169434e-01
1.883371174335479736e-01
2.002602815628051758e-01
1.675840020179748535e-01
1.749571561813354492e-01
1.487207412719726562e-01
1.883955299854278564e-01
1.905350983142852783e-01
1.895842552185058594e-01
2.210580110549926758e-01
1.915019154548645020e-01
2.146151959896087646e-01
2.395707666873931885e-01
1.951762139797210693e-01
2.135652899742126465e-01
1.902082264423370361e-01
2.134841084480285645e-01
1.957341432571411133e-01
1.900798380374908447e-01
2.134317159652709961e-01
2.034863531589508057e-01
1.928267776966094971e-01
2.377960085868835449e-01
2.378392815589904785e-01
2.387722432613372803e-01
2.398961186408996582e-01
2.386055886745452881e-01
2.311471700668334961e-01
2.414515614509582520e-01
2.368658781051635742e-01
2.580905556678771973e-01
2.373306453227996826e-01
2.355512082576751709e-01
2.316432893276214600e-01
2.270874083042144775e-01
2.286061346530914307e-01
2.011764347553253174e-01
2.121910452842712402e-01
1.901177167892456055e-01
2.012285590171813965e-01
2.112452685832977295e-01
1.918022334575653076e-01
2.011808156967163086e-01
2.258619368076324463e-01
2.291766405105590820e-01
1.865700185298919678e-01
1.868936121463775635e-01
1.994518041610717773e-01
2.017851173877716064e-01
1.923421025276184082e-01
1.999694406986236572e-01
1.847951710224151611e-01
1.923952996730804443e-01
1.887436509132385254e-01
1.889910399913787842e-01
1.879825592041015625e-01
1.901564300060272217e-01
1.999694406986236572e-01
1.848269402980804443e-01
1.907115578651428223e-01
1.892017722129821777e-01
1.893447935581207275e-01
1.910448372364044189e-01
2.010793685913085938e-01
2.044167518615722656e-01
2.062287628650665283e-01
2.336356043815612793e-01
2.319129407405853271e-01
2.305766344070434570e-01
2.311750054359436035e-01
2.317125201225280762e-01
2.294656038284301758e-01
2.286661863327026367e-01
2.057055532932281494e-01
1.660402715206146240e-01
2.061346769332885742e-01
1.919810175895690918e-01
1.919502615928649902e-01
1.888214647769927979e-01
2.227995693683624268e-01
2.232240736484527588e-01
2.229683995246887207e-01
2.371212542057037354e-01
2.483024895191192627e-01
2.284362614154815674e-01
2.365025877952575684e-01
2.341279089450836182e-01
2.233733236789703369e-01
2.169988453388214111e-01
2.225424647331237793e-01
2.059209942817687988e-01
2.065027356147766113e-01
2.509034872055053711e-01
2.316466867923736572e-01
1.561253070831298828e-01
1.518799364566802979e-01
1.456960439682006836e-01
1.732722818851470947e-01
1.811559796333312988e-01
1.816354095935821533e-01
1.313298642635345459e-01
1.670585274696350098e-01
1.928192973136901855e-01
1.583290398120880127e-01
1.418558657169342041e-01
1.749397814273834229e-01
1.759857237339019775e-01
2.221185564994812012e-01
1.822050809860229492e-01
1.957335174083709717e-01
1.524523794651031494e-01
2.175894081592559814e-01
1.824799776077270508e-01
1.827095746994018555e-01
1.460589170455932617e-01
1.556262671947479248e-01
1.800761818885803223e-01
1.880295574665069580e-01
1.632763743400573730e-01
1.490159630775451660e-01
1.566619277000427246e-01
1.709949970245361328e-01
1.709949970245361328e-01
1.468349397182464600e-01
1.282604932785034180e-01
1.659682989120483398e-01
1.709562242031097412e-01
1.618133783340454102e-01
1.860651075839996338e-01
1.723315119743347168e-01
1.792104542255401611e-01
1.409801244735717773e-01
1.672717034816741943e-01
1.673867702484130859e-01
1.784074306488037109e-01
1.683995723724365234e-01
1.564256250858306885e-01
2.103066742420196533e-01
1.641274392604827881e-01
1.620844006538391113e-01
1.622054874897003174e-01
1.789210438728332520e-01
1.770519614219665527e-01
1.865711808204650879e-01
1.577344238758087158e-01
1.587813496589660645e-01
1.645641326904296875e-01
1.778070032596588135e-01
1.193986535072326660e-01
1.518678665161132812e-01
1.789681911468505859e-01
1.752974092960357666e-01
1.800761818885803223e-01
1.455303728580474854e-01
1.730180382728576660e-01
1.652100384235382080e-01
1.723623573780059814e-01
1.800761818885803223e-01
1.755287051200866699e-01
1.719092726707458496e-01
1.800761818885803223e-01
1.800761818885803223e-01
1.879825592041015625e-01
1.800761818885803223e-01
1.867303550243377686e-01
1.879825592041015625e-01
1.907622814178466797e-01
1.936483085155487061e-01
1.879825592041015625e-01
1.960113942623138428e-01
1.999694406986236572e-01
1.934591531753540039e-01
1.811148524284362793e-01
1.713883876800537109e-01
1.882018148899078369e-01
1.804202497005462646e-01
1.458695828914642334e-01
1.802935302257537842e-01
1.856927275657653809e-01
2.345122396945953369e-01
2.195045351982116699e-01
2.532475888729095459e-01
2.304303348064422607e-01
2.375757396221160889e-01
2.052864432334899902e-01
2.166941761970520020e-01
2.159094512462615967e-01
2.134928107261657715e-01
2.146109044551849365e-01
2.141635715961456299e-01
2.167846262454986572e-01
2.149825096130371094e-01
2.212320268154144287e-01
2.190598845481872559e-01
2.137819230556488037e-01
2.308635711669921875e-01
2.394844889640808105e-01
2.422722578048706055e-01
2.364977002143859863e-01
2.653908431529998779e-01
2.366984188556671143e-01
2.390919327735900879e-01
2.729383111000061035e-01
2.193036079406738281e-01
2.375963330268859863e-01
2.415619790554046631e-01
2.391127645969390869e-01
2.372227907180786133e-01
2.285592257976531982e-01
1.900796592235565186e-01
2.400327324867248535e-01
1.870987415313720703e-01
1.915577948093414307e-01
2.329059243202209473e-01
1.939958930015563965e-01
1.912127137184143066e-01
1.917469799518585205e-01
1.918772757053375244e-01
1.939774453639984131e-01
2.411824762821197510e-01
2.662829458713531494e-01
2.124461531639099121e-01
2.235056459903717041e-01
2.624827623367309570e-01
2.432999014854431152e-01
1.996210217475891113e-01
2.089067995548248291e-01
1.819536983966827393e-01
1.904138624668121338e-01
1.935109496116638184e-01
2.303755879402160645e-01
2.324079573154449463e-01
2.124461531639099121e-01
2.224429547786712646e-01
1.822830140590667725e-01
2.152289450168609619e-01
2.150996029376983643e-01
1.994890272617340088e-01
2.031185925006866455e-01
2.020872533321380615e-01
2.345309853553771973e-01
2.084827721118927002e-01
2.296471595764160156e-01
2.073754966259002686e-01
2.324843704700469971e-01
1.945244371891021729e-01
1.996577978134155273e-01
1.978990137577056885e-01
1.672194600105285645e-01
1.469643712043762207e-01
1.663292348384857178e-01
1.720595061779022217e-01
1.174456477165222168e-01
1.739033758640289307e-01
1.504565775394439697e-01
1.452190279960632324e-01
1.785757541656494141e-01
1.785446405410766602e-01
1.606921553611755371e-01
1.692099869251251221e-01
1.873809099197387695e-01
1.545614898204803467e-01
1.696796417236328125e-01
1.376870572566986084e-01
1.463258862495422363e-01
1.699951291084289551e-01
1.947982311248779297e-01
1.918866038322448730e-01
1.929778456687927246e-01
1.690030992031097412e-01
1.739542782306671143e-01
1.926215589046478271e-01
2.385305762290954590e-01
1.850650608539581299e-01
1.914955079555511475e-01
2.017019391059875488e-01
2.172259390354156494e-01
2.104368507862091064e-01
1.941820681095123291e-01
2.176519036293029785e-01
1.910911202430725098e-01
2.105023860931396484e-01
2.285499572753906250e-01
2.320732176303863525e-01
2.282475531101226807e-01
2.375168204307556152e-01
2.301560342311859131e-01
2.319686710834503174e-01
2.471321225166320801e-01
2.424159646034240723e-01
2.378158271312713623e-01
2.075615227222442627e-01
1.900764405727386475e-01
2.390281260013580322e-01
2.389179468154907227e-01
2.475484907627105713e-01
2.342729866504669189e-01
2.262456119060516357e-01
2.149492800235748291e-01
2.344064116477966309e-01
2.212791442871093750e-01
2.370008528232574463e-01
2.413688302040100098e-01
2.167623937129974365e-01
2.458748221397399902e-01
2.298076450824737549e-01
1.893778145313262939e-01
2.300712764263153076e-01
2.425620853900909424e-01
2.131583392620086670e-01
2.377875149250030518e-01
2.357205450534820557e-01
2.395444512367248535e-01
2.341628372669219971e-01
2.228080332279205322e-01
2.208425998687744141e-01
2.331289052963256836e-01
2.254011034965515137e-01
2.237151265144348145e-01
2.195101976394653320e-01
2.347099781036376953e-01
2.291002273559570312e-01
2.196384370326995850e-01
2.269880473613739014e-01
1.598680317401885986e-01
2.002465426921844482e-01
1.957243978977203369e-01
1.816552877426147461e-01
2.104960680007934570e-01
2.056346237659454346e-01
2.126953601837158203e-01
1.911713182926177979e-01
2.278610765933990479e-01
2.169273793697357178e-01
1.890391111373901367e-01
1.879578232765197754e-01
1.744633913040161133e-01
1.799422800540924072e-01
1.919989883899688721e-01
2.068456113338470459e-01
2.050533294677734375e-01
2.133746147155761719e-01
1.956547498703002930e-01
1.984062194824218750e-01
1.977037489414215088e-01
2.246257066726684570e-01
2.373530566692352295e-01
1.730104088783264160e-01
1.900762021541595459e-01
2.095855176448822021e-01
2.144097685813903809e-01
2.014719843864440918e-01
1.437826156616210938e-01
1.967410445213317871e-01
1.611374020576477051e-01
1.987563073635101318e-01
2.248117625713348389e-01
2.024457156658172607e-01
2.154840528964996338e-01
2.190979421138763428e-01
2.298447489738464355e-01
1.851991117000579834e-01
1.676911413669586182e-01
1.769775450229644775e-01
1.819966733455657959e-01
1.513315439224243164e-01
1.975465714931488037e-01
1.722039580345153809e-01
1.377867162227630615e-01
1.741282939910888672e-01
1.430097520351409912e-01
2.243831753730773926e-01
2.282019853591918945e-01
2.073160409927368164e-01
2.124330103397369385e-01
2.202243804931640625e-01
2.043712735176086426e-01
1.910813748836517334e-01
2.182180583477020264e-01
1.904277205467224121e-01
1.912895441055297852e-01
2.187936007976531982e-01
2.333548665046691895e-01
2.034864425659179688e-01
2.117799222469329834e-01
2.116315364837646484e-01
2.123219072818756104e-01
2.131996750831604004e-01
2.325857579708099365e-01
2.206211686134338379e-01
2.029196023941040039e-01
2.389769852161407471e-01
2.065248191356658936e-01
2.054939270019531250e-01
1.900781989097595215e-01
2.089593708515167236e-01
2.404330968856811523e-01
2.090935707092285156e-01
2.266976833343505859e-01
2.187911570072174072e-01
1.900772154331207275e-01
2.091145515441894531e-01
1.904784739017486572e-01
1.923952996730804443e-01
2.011559605598449707e-01
1.904191970825195312e-01
2.066440582275390625e-01
1.901593208312988281e-01
1.988117694854736328e-01
1.893506646156311035e-01
1.973387897014617920e-01
1.910956799983978271e-01
1.930769383907318115e-01
2.170884311199188232e-01
1.891828179359436035e-01
2.403604984283447266e-01
2.435589730739593506e-01
2.290230393409729004e-01
2.346960902214050293e-01
2.124461531639099121e-01
2.356903851032257080e-01
2.245355546474456787e-01
2.126115262508392334e-01
2.277033627033233643e-01
2.195682227611541748e-01
2.084432244300842285e-01
1.968928277492523193e-01
1.939986944198608398e-01
2.236824333667755127e-01
2.370066344738006592e-01
2.054194211959838867e-01
2.043467760086059570e-01
2.190018892288208008e-01
2.470904886722564697e-01
2.243699133396148682e-01
2.251849174499511719e-01
1.913072466850280762e-01
1.882749795913696289e-01
1.960086822509765625e-01
2.352531254291534424e-01
2.226788699626922607e-01
1.771713495254516602e-01
2.192083895206451416e-01
2.184284329414367676e-01
2.014903426170349121e-01
2.356226146221160889e-01
1.960538625717163086e-01
2.331320941448211670e-01
2.214668393135070801e-01
2.306262254714965820e-01
2.333754599094390869e-01
2.401639223098754883e-01
2.106412649154663086e-01
2.197337150573730469e-01
2.098106443881988525e-01
2.494522631168365479e-01
2.341947853565216064e-01
1.848447918891906738e-01
1.588487029075622559e-01
2.317775487899780273e-01
2.073156237602233887e-01
1.733365952968597412e-01
2.001965343952178955e-01
1.723250150680541992e-01
1.722162365913391113e-01
1.473100781440734863e-01
1.826692819595336914e-01
1.358966827392578125e-01
1.766145825386047363e-01
1.836595535278320312e-01
2.291315495967864990e-01
2.234119474887847900e-01
2.142695486545562744e-01
2.045204639434814453e-01
2.415524721145629883e-01
2.710276246070861816e-01
2.305893003940582275e-01
1.905784308910369873e-01
2.264164090156555176e-01
2.389793992042541504e-01
2.416019439697265625e-01
2.074759304523468018e-01
2.124461531639099121e-01
1.621238291263580322e-01
2.292762696743011475e-01
2.171821296215057373e-01
2.191832959651947021e-01
2.257713973522186279e-01
2.255399227142333984e-01
2.257413566112518311e-01
2.190191149711608887e-01
1.884246766567230225e-01
2.302600145339965820e-01
2.330667376518249512e-01
2.300952672958374023e-01
2.610011994838714600e-01
2.124461531639099121e-01
2.032518386840820312e-01
2.463972866535186768e-01
2.639107704162597656e-01
2.652564346790313721e-01
2.515238821506500244e-01
2.557044625282287598e-01
2.662231326103210449e-01
2.630192041397094727e-01
2.629536390304565430e-01
2.634711265563964844e-01
2.643327116966247559e-01
2.622720003128051758e-01
2.719411253929138184e-01
2.732269763946533203e-01
2.605229616165161133e-01
2.546878457069396973e-01
2.709939777851104736e-01
2.650977969169616699e-01
2.663623094558715820e-01
2.693680822849273682e-01
2.574774622917175293e-01
2.268957197666168213e-01
2.037228047847747803e-01
2.344955205917358398e-01
2.249160110950469971e-01
2.584530711174011230e-01
2.419167757034301758e-01
1.923952996730804443e-01
2.162829637527465820e-01
2.313203811645507812e-01
2.144186496734619141e-01
1.900762617588043213e-01
1.927486956119537354e-01
1.911203563213348389e-01
1.999410986900329590e-01
1.999694406986236572e-01
1.987610459327697754e-01
1.999694406986236572e-01
1.920281648635864258e-01
1.907892227172851562e-01
1.903956830501556396e-01
2.174575030803680420e-01
2.185836732387542725e-01
2.480735182762145996e-01
2.419831454753875732e-01
2.550754547119140625e-01
2.707586288452148438e-01
2.506045699119567871e-01
2.546621859073638916e-01
2.103980183601379395e-01
1.636328101158142090e-01
1.720440387725830078e-01
2.208928167819976807e-01
2.132630050182342529e-01
2.211751043796539307e-01
2.193755209445953369e-01
2.149436473846435547e-01
2.407562732696533203e-01
2.284363508224487305e-01
1.430589258670806885e-01
1.675770282745361328e-01
1.678485572338104248e-01
1.745921075344085693e-01
1.649985611438751221e-01
1.533358991146087646e-01
1.648713946342468262e-01
1.608226597309112549e-01
1.388365626335144043e-01
1.532252430915832520e-01
1.494075655937194824e-01
1.643007993698120117e-01
1.382286250591278076e-01
2.025594413280487061e-01
1.920628249645233154e-01
1.790257096290588379e-01
2.069801390171051025e-01
1.762787103652954102e-01
2.134294211864471436e-01
2.134338915348052979e-01
1.941710412502288818e-01
2.128060162067413330e-01
2.134316265583038330e-01
2.092030644416809082e-01
2.091990113258361816e-01
1.861975491046905518e-01
2.150415778160095215e-01
1.861975789070129395e-01
1.861969232559204102e-01
2.116240561008453369e-01
1.870931684970855713e-01
2.048129737377166748e-01
2.118632793426513672e-01
1.901677250862121582e-01
1.901051700115203857e-01
2.622038125991821289e-01
2.657021880149841309e-01
2.156611382961273193e-01
2.376155555248260498e-01
2.610264718532562256e-01
2.382023632526397705e-01
2.626750171184539795e-01
2.411752641201019287e-01
2.643067538738250732e-01
2.362834513187408447e-01
2.521000504493713379e-01
2.666049599647521973e-01
2.484083771705627441e-01
2.219857275485992432e-01
2.295482158660888672e-01
2.307862639427185059e-01
2.320139110088348389e-01
2.274652719497680664e-01
2.304411530494689941e-01
2.611274719238281250e-01
2.457408308982849121e-01
2.380265295505523682e-01
2.342329919338226318e-01
2.336937487125396729e-01
2.223396003246307373e-01
2.586795091629028320e-01
2.124461531639099121e-01
2.163464426994323730e-01
2.141130268573760986e-01
2.319139242172241211e-01
2.396584153175354004e-01
2.322112023830413818e-01
2.443141639232635498e-01
1.910319030284881592e-01
2.437983453273773193e-01
2.378611266613006592e-01
2.415075600147247314e-01
2.291269898414611816e-01
2.281713783740997314e-01
2.406459450721740723e-01
2.263394892215728760e-01
2.603413462638854980e-01
2.332621812820434570e-01
2.284786701202392578e-01
2.224066853523254395e-01
2.082782387733459473e-01
2.337238490581512451e-01
2.363369464874267578e-01
2.577619552612304688e-01
2.462933659553527832e-01
2.204197645187377930e-01
2.015564739704132080e-01
2.360480129718780518e-01
2.104327082633972168e-01
2.297253012657165527e-01
2.221608757972717285e-01
2.134569585323333740e-01
2.134307026863098145e-01
2.117387950420379639e-01
2.210700511932373047e-01
2.311818599700927734e-01
1.895993351936340332e-01
2.122445702552795410e-01
1.783128082752227783e-01
1.810993552207946777e-01
2.415152192115783691e-01
1.966229379177093506e-01
2.300683259963989258e-01
2.307607233524322510e-01
2.417341172695159912e-01
2.307736277580261230e-01
2.263148725032806396e-01
2.396311759948730469e-01
2.579825520515441895e-01
2.497883439064025879e-01
2.544008493423461914e-01
2.222918272018432617e-01
2.489921748638153076e-01
2.353895604610443115e-01
1.842272877693176270e-01
2.639102935791015625e-01
2.513306140899658203e-01
2.211264073848724365e-01
2.466153800487518311e-01
2.008943557739257812e-01
2.485695481300354004e-01
2.314780652523040771e-01
2.238851189613342285e-01
2.017112672328948975e-01
2.037620842456817627e-01
2.148327827453613281e-01
2.135137915611267090e-01
2.060298025608062744e-01
2.083501815795898438e-01
2.046616971492767334e-01
1.898614466190338135e-01
2.033025026321411133e-01
2.154483199119567871e-01
2.002728581428527832e-01
2.064163982868194580e-01
2.024766206741333008e-01
1.900758445262908936e-01
1.944779455661773682e-01
2.056779265403747559e-01
1.976917386054992676e-01
2.018063664436340332e-01
1.872321069240570068e-01
1.914948225021362305e-01
1.909158229827880859e-01
2.055942416191101074e-01
2.032490670680999756e-01
1.872321069240570068e-01
1.913585662841796875e-01
1.824733316898345947e-01
2.007037401199340820e-01
1.941672265529632568e-01
1.943098008632659912e-01
1.891832649707794189e-01
1.912462711334228516e-01
1.891841888427734375e-01
2.216929793357849121e-01
2.188971936702728271e-01
2.013449072837829590e-01
1.928585469722747803e-01
1.894650757312774658e-01
1.902219951152801514e-01
1.859337687492370605e-01
2.267396450042724609e-01
2.315210700035095215e-01
2.222940027713775635e-01
2.349840104579925537e-01
2.357475757598876953e-01
2.359527349472045898e-01
2.360635697841644287e-01
2.267884016036987305e-01
2.238299250602722168e-01
2.197915017604827881e-01
2.094593644142150879e-01
2.414941489696502686e-01
2.075085341930389404e-01
2.190797924995422363e-01
2.185507714748382568e-01
2.138165235519409180e-01
2.209485471248626709e-01
2.082546651363372803e-01
2.489832937717437744e-01
2.373475134372711182e-01
2.125445604324340820e-01
2.256664931774139404e-01
2.358756959438323975e-01
2.148478329181671143e-01
2.420156300067901611e-01
2.126228213310241699e-01
2.508600056171417236e-01
2.683860957622528076e-01
2.293569445610046387e-01
2.339497804641723633e-01
2.728192210197448730e-01
2.507281303405761719e-01
2.556765079498291016e-01
2.457776367664337158e-01
2.446547746658325195e-01
2.320013344287872314e-01
2.388414144515991211e-01
2.417876720428466797e-01
2.484380304813385010e-01
2.389246523380279541e-01
2.471593916416168213e-01
2.446370422840118408e-01
2.119098305702209473e-01
2.549745440483093262e-01
2.332113385200500488e-01
2.324675321578979492e-01
2.299986183643341064e-01
2.115252912044525146e-01
2.166973352432250977e-01
1.750502288341522217e-01
2.064298391342163086e-01
2.109756767749786377e-01
2.172892689704895020e-01
2.133023440837860107e-01
2.114141285419464111e-01
2.229931354522705078e-01
2.120136916637420654e-01
1.942404508590698242e-01
2.242204546928405762e-01
2.237669825553894043e-01
2.084847092628479004e-01
2.200562357902526855e-01
2.301339805126190186e-01
2.323518991470336914e-01
2.167611420154571533e-01
2.005664706230163574e-01
2.098829448223114014e-01
1.934238374233245850e-01
2.090080082416534424e-01
2.028777003288269043e-01
2.438689470291137695e-01
1.893224716186523438e-01
2.021791636943817139e-01
2.512483894824981689e-01
1.736563742160797119e-01
1.902439296245574951e-01
2.037615180015563965e-01
1.940166354179382324e-01
2.211818099021911621e-01
1.938577294349670410e-01
2.037351727485656738e-01
1.861428618431091309e-01
1.997334361076354980e-01
1.697517037391662598e-01
1.854252219200134277e-01
1.939514875411987305e-01
1.937882006168365479e-01
2.196688652038574219e-01
1.604959070682525635e-01
1.600582599639892578e-01
2.148277461528778076e-01
2.067919373512268066e-01
1.823909580707550049e-01
1.960137784481048584e-01
1.939980387687683105e-01
2.331364452838897705e-01
2.201255857944488525e-01
2.119564414024353027e-01
2.361668348312377930e-01
2.033807933330535889e-01
2.133128941059112549e-01
2.265685796737670898e-01
2.107852697372436523e-01
2.250986099243164062e-01
2.195531129837036133e-01
2.405012845993041992e-01
2.194069027900695801e-01
2.194512486457824707e-01
2.201877236366271973e-01
1.942591071128845215e-01
2.095425724983215332e-01
2.116805016994476318e-01
2.151241898536682129e-01
2.522690296173095703e-01
2.225086987018585205e-01
1.974999606609344482e-01
2.420505881309509277e-01
2.149513065814971924e-01
2.456757724285125732e-01
2.086167037487030029e-01
2.647795379161834717e-01
2.170382440090179443e-01
2.346569597721099854e-01
2.138838171958923340e-01
2.261049747467041016e-01
1.879240274429321289e-01
2.094787955284118652e-01
2.234070897102355957e-01
1.771701276302337646e-01
1.507149040699005127e-01
1.400563716888427734e-01
1.477799117565155029e-01
1.688968837261199951e-01
1.606963276863098145e-01
2.042926549911499023e-01
2.105288207530975342e-01
2.236525714397430420e-01
2.174533605575561523e-01
2.316829860210418701e-01
2.117532193660736084e-01
2.124365568161010742e-01
2.214854061603546143e-01
2.195186614990234375e-01
1.970923840999603271e-01
1.719576120376586914e-01
1.430746912956237793e-01
1.817874312400817871e-01
2.040799558162689209e-01
2.062567174434661865e-01
1.872184574604034424e-01
1.691044867038726807e-01
2.029362618923187256e-01
1.540170907974243164e-01
1.647696793079376221e-01
1.060059964656829834e-01
1.541318595409393311e-01
1.907113194465637207e-01
1.649392545223236084e-01
1.723410487174987793e-01
1.971893310546875000e-01
1.767624914646148682e-01
2.036956846714019775e-01
2.252435088157653809e-01
1.153214871883392334e-01
1.581025123596191406e-01
1.395324468612670898e-01
2.081018388271331787e-01
1.094538569450378418e-01
2.055345475673675537e-01
2.158804833889007568e-01
2.036985158920288086e-01
1.653976738452911377e-01
1.179147064685821533e-01
1.527148187160491943e-01
1.266973316669464111e-01
1.756928563117980957e-01
1.762351393699645996e-01
2.267599701881408691e-01
2.059809565544128418e-01
2.099583446979522705e-01
1.580269634723663330e-01
1.467964947223663330e-01
2.081740200519561768e-01
1.949245333671569824e-01
1.603012979030609131e-01
1.638521850109100342e-01
1.901718080043792725e-01
2.127760350704193115e-01
2.108601629734039307e-01
2.159099578857421875e-01
2.380867004394531250e-01
2.312709689140319824e-01
2.305567860603332520e-01
2.381417751312255859e-01
1.976600885391235352e-01
2.063474953174591064e-01
1.712956428527832031e-01
1.990036070346832275e-01
1.680669188499450684e-01
1.732043921947479248e-01
1.729086935520172119e-01
1.962758898735046387e-01
1.904534697532653809e-01
1.961263418197631836e-01
2.346100211143493652e-01
2.058457136154174805e-01
2.124677896499633789e-01
2.049722969532012939e-01
2.137933969497680664e-01
1.787356734275817871e-01
2.353007197380065918e-01
2.326016724109649658e-01
2.317351996898651123e-01
1.929991841316223145e-01
2.125939130783081055e-01
2.141447663307189941e-01
2.224994003772735596e-01
2.138364315032958984e-01
2.227536439895629883e-01
2.071483731269836426e-01
2.196350097656250000e-01
2.230037152767181396e-01
2.065594792366027832e-01
1.962040662765502930e-01
1.841278374195098877e-01
1.804509758949279785e-01
2.124701738357543945e-01
1.846293210983276367e-01
1.702842116355895996e-01
1.811727881431579590e-01
2.061571478843688965e-01
1.801537573337554932e-01
1.820494532585144043e-01
2.127766907215118408e-01
1.570267677307128906e-01
1.689727902412414551e-01
2.042322754859924316e-01
1.901204884052276611e-01
1.735385954380035400e-01
1.979411840438842773e-01
1.979117989540100098e-01
1.812414228916168213e-01
1.901937127113342285e-01
1.954027712345123291e-01
1.647447645664215088e-01
1.965828835964202881e-01
1.763378977775573730e-01
1.348322629928588867e-01
1.657638251781463623e-01
1.686740219593048096e-01
2.087176442146301270e-01
1.726434230804443359e-01
1.778469979763031006e-01
1.851181387901306152e-01
1.837912201881408691e-01
2.183342874050140381e-01
2.300541400909423828e-01
2.269644439220428467e-01
2.493540942668914795e-01
2.594779729843139648e-01
1.775233745574951172e-01
1.821737289428710938e-01
1.546905040740966797e-01
1.903319060802459717e-01
1.816391944885253906e-01
1.676447689533233643e-01
1.906623840332031250e-01
1.629717648029327393e-01
1.899912953376770020e-01
1.715212464332580566e-01
1.681120693683624268e-01
1.348157823085784912e-01
1.546669900417327881e-01
2.034532725811004639e-01
1.394724249839782715e-01
1.713531911373138428e-01
1.814981102943420410e-01
1.512636244297027588e-01
1.511664390563964844e-01
2.149257063865661621e-01
1.972956657409667969e-01
1.916689574718475342e-01
2.123392522335052490e-01
2.399903833866119385e-01
2.384023666381835938e-01
2.183435857295989990e-01
2.384642362594604492e-01
2.319392561912536621e-01
2.440410256385803223e-01
2.076755762100219727e-01
2.131642997264862061e-01
2.017638683319091797e-01
2.398267686367034912e-01
2.341922223567962646e-01
2.207208573818206787e-01
2.260195910930633545e-01
2.589859366416931152e-01
2.397819161415100098e-01
2.308069169521331787e-01
2.292217612266540527e-01
2.401970624923706055e-01
2.404686808586120605e-01
2.407885491847991943e-01
2.438376843929290771e-01
2.146098911762237549e-01
2.444282472133636475e-01
2.320616841316223145e-01
2.530662119388580322e-01
2.604345381259918213e-01
2.057358920574188232e-01
2.536924779415130615e-01
1.903022825717926025e-01
2.251587808132171631e-01
2.143684029579162598e-01
2.077887654304504395e-01
2.060322165489196777e-01
1.863731145858764648e-01
2.081539034843444824e-01
1.891828179359436035e-01
1.928822994232177734e-01
1.999694406986236572e-01
2.084140777587890625e-01
1.508582532405853271e-01
1.884214580059051514e-01
2.242082953453063965e-01
2.183448672294616699e-01
1.820948719978332520e-01
1.820397078990936279e-01
2.067883014678955078e-01
2.201965749263763428e-01
1.876862049102783203e-01
1.739795506000518799e-01
2.069267928600311279e-01
1.600221395492553711e-01
1.794944703578948975e-01
1.320781409740447998e-01
1.622241139411926270e-01
1.810393035411834717e-01
2.231935858726501465e-01
2.240035235881805420e-01
2.010268270969390869e-01
2.065269947052001953e-01
2.448678314685821533e-01
2.226192951202392578e-01
2.448105812072753906e-01
2.277459502220153809e-01
2.321280241012573242e-01
2.618694901466369629e-01
2.582323551177978516e-01
2.047103345394134521e-01
2.327214479446411133e-01
2.388804554939270020e-01
2.085814177989959717e-01
2.287928462028503418e-01
2.468484044075012207e-01
2.530711889266967773e-01
2.372314631938934326e-01
2.384912073612213135e-01
2.325669825077056885e-01
2.317891716957092285e-01
2.316901087760925293e-01
2.255887389183044434e-01
2.368012666702270508e-01
1.962505280971527100e-01
1.887630820274353027e-01
1.606813371181488037e-01
2.241207361221313477e-01
1.897772848606109619e-01
1.582875847816467285e-01
2.210181951522827148e-01
2.225622534751892090e-01
2.047133445739746094e-01
1.982622444629669189e-01
1.952628493309020996e-01
1.977708935737609863e-01
1.704780459403991699e-01
1.680461764335632324e-01
2.111020088195800781e-01
2.063966393470764160e-01
1.978913247585296631e-01
1.809475719928741455e-01
1.652102768421173096e-01
1.794540882110595703e-01
2.295553088188171387e-01
1.622473895549774170e-01
1.768102943897247314e-01
1.836101710796356201e-01
2.143847644329071045e-01
1.833769083023071289e-01
2.043947577476501465e-01
1.987968981266021729e-01
1.441097259521484375e-01
2.029866576194763184e-01
1.058857142925262451e-01
1.851215958595275879e-01
2.154667079448699951e-01
2.050010859966278076e-01
2.353597879409790039e-01
2.102438509464263916e-01
2.191133499145507812e-01
2.120879292488098145e-01
2.090881168842315674e-01
2.127690017223358154e-01
1.906262636184692383e-01
2.171815931797027588e-01
2.107296884059906006e-01
2.191451489925384521e-01
2.160883843898773193e-01
2.164292335510253906e-01
2.587196826934814453e-01
2.641029357910156250e-01
2.588656246662139893e-01
2.583696246147155762e-01
2.618015110492706299e-01
1.791245937347412109e-01
2.106779068708419800e-01
1.870743930339813232e-01
1.904191970825195312e-01
1.909338980913162231e-01
