5.446738004684448242e-01
5.332586169242858887e-01
5.244930386543273926e-01
5.252079963684082031e-01
5.246519446372985840e-01
5.297117829322814941e-01
5.340081453323364258e-01
5.252079963684082031e-01
5.371606945991516113e-01
5.435054898262023926e-01
5.393641591072082520e-01
5.478841066360473633e-01
5.393639802932739258e-01
5.491566658020019531e-01
5.309968590736389160e-01
5.480884313583374023e-01
5.467376112937927246e-01
5.416607856750488281e-01
5.355833172798156738e-01
5.444419384002685547e-01
5.443493127822875977e-01
5.368658304214477539e-01
5.391852855682373047e-01
5.351887941360473633e-01
5.270280838012695312e-01
5.313630700111389160e-01
5.466478466987609863e-01
5.373861789703369141e-01
5.380820035934448242e-01
5.513989925384521484e-01
5.443063974380493164e-01
5.426595807075500488e-01
5.314049720764160156e-01
5.352262258529663086e-01
5.359666347503662109e-01
5.374998450279235840e-01
5.449015498161315918e-01
5.302651524543762207e-01
5.276454687118530273e-01
5.358627438545227051e-01
5.319647192955017090e-01
5.238175988197326660e-01
5.415446758270263672e-01
5.380880236625671387e-01
5.251986384391784668e-01
5.283495783805847168e-01
5.399425625801086426e-01
5.283619761466979980e-01
5.348547697067260742e-01
5.569026470184326172e-01
5.412973761558532715e-01
5.523939132690429688e-01
5.403081774711608887e-01
5.369676351547241211e-01
5.328956246376037598e-01
5.472787022590637207e-01
5.531998872756958008e-01
5.471427440643310547e-01
5.776231884956359863e-01
5.395694375038146973e-01
5.423902273178100586e-01
5.554510354995727539e-01
5.503516793251037598e-01
5.344689488410949707e-01
5.330032110214233398e-01
5.305047631263732910e-01
5.526625514030456543e-01
5.313137769699096680e-01
5.322412252426147461e-01
5.367880463600158691e-01
5.476664900779724121e-01
5.509722828865051270e-01
5.161991715431213379e-01
5.278806686401367188e-01
5.303790569305419922e-01
5.503057241439819336e-01
5.305191278457641602e-01
5.410380959510803223e-01
5.444369912147521973e-01
5.453101396560668945e-01
5.083347558975219727e-01
5.605256557464599609e-01
5.298109054565429688e-01
5.610202550888061523e-01
5.357875227928161621e-01
5.520259141921997070e-01
5.474452376365661621e-01
5.352615118026733398e-01
5.252835154533386230e-01
5.470452308654785156e-01
5.415359735488891602e-01
5.252079963684082031e-01
5.396528840065002441e-01
5.400820374488830566e-01
5.413953661918640137e-01
5.204619169235229492e-01
5.339853763580322266e-01
5.339484810829162598e-01
5.427930355072021484e-01
5.181705951690673828e-01
5.280789732933044434e-01
5.476261973381042480e-01
5.481358170509338379e-01
5.167823433876037598e-01
5.393989682197570801e-01
5.322855114936828613e-01
5.331358313560485840e-01
5.374624133110046387e-01
5.323195457458496094e-01
5.305665135383605957e-01
5.199965834617614746e-01
5.386627316474914551e-01
5.211696624755859375e-01
5.290897488594055176e-01
5.362365841865539551e-01
5.346426963806152344e-01
5.423833727836608887e-01
5.265001654624938965e-01
5.230564475059509277e-01
5.330032110214233398e-01
4.943666756153106689e-01
5.389977097511291504e-01
5.275606513023376465e-01
5.581919550895690918e-01
5.225498080253601074e-01
5.434842109680175781e-01
5.505885481834411621e-01
5.007256269454956055e-01
5.453296303749084473e-01
5.405670404434204102e-01
5.323856472969055176e-01
5.346974730491638184e-01
5.498983860015869141e-01
5.363413095474243164e-01
5.495870113372802734e-01
5.261812806129455566e-01
5.456154942512512207e-01
5.324474573135375977e-01
5.455399751663208008e-01
5.242431759834289551e-01
5.271168351173400879e-01
5.518677830696105957e-01
5.203444957733154297e-01
5.277339816093444824e-01
5.190420746803283691e-01
5.348790287971496582e-01
5.394082665443420410e-01
5.472869277000427246e-01
5.293902754783630371e-01
5.244667530059814453e-01
5.139302611351013184e-01
5.463637113571166992e-01
5.405995249748229980e-01
5.367210507392883301e-01
5.367521047592163086e-01
5.393643975257873535e-01
5.303023457527160645e-01
5.313400030136108398e-01
5.356125831604003906e-01
5.413722395896911621e-01
5.369377136230468750e-01
5.331410765647888184e-01
5.557020306587219238e-01
5.347906947135925293e-01
5.480831265449523926e-01
5.532431602478027344e-01
5.309968590736389160e-01
5.406808257102966309e-01
5.397216081619262695e-01
5.289666056632995605e-01
5.309574007987976074e-01
5.252079963684082031e-01
5.298823714256286621e-01
5.218312740325927734e-01
5.156472921371459961e-01
5.387379527091979980e-01
5.420300960540771484e-01
5.317780971527099609e-01
5.562718510627746582e-01
5.107884407043457031e-01
5.069614648818969727e-01
5.425060391426086426e-01
5.373260974884033203e-01
5.352153182029724121e-01
5.378404855728149414e-01
5.382016897201538086e-01
5.300392508506774902e-01
5.267665982246398926e-01
5.403532981872558594e-01
5.451805591583251953e-01
5.442059636116027832e-01
5.344414114952087402e-01
5.333403944969177246e-01
5.371699929237365723e-01
5.513989925384521484e-01
5.606652498245239258e-01
5.546252727508544922e-01
5.383318066596984863e-01
5.340945124626159668e-01
5.455099344253540039e-01
5.555207729339599609e-01
5.393623709678649902e-01
5.332077145576477051e-01
5.309968590736389160e-01
5.431101918220520020e-01
5.513989925384521484e-01
5.513989925384521484e-01
5.395705103874206543e-01
5.513989925384521484e-01
5.252079963684082031e-01
5.550733804702758789e-01
5.369377136230468750e-01
5.336888432502746582e-01
5.479423999786376953e-01
5.328226089477539062e-01
5.442401766777038574e-01
5.419616699218750000e-01
5.490278005599975586e-01
5.483355522155761719e-01
5.458443164825439453e-01
5.463193655014038086e-01
5.470345616340637207e-01
5.445309281349182129e-01
5.216827988624572754e-01
5.207939743995666504e-01
5.383208990097045898e-01
5.305764079093933105e-01
5.262467265129089355e-01
5.293604731559753418e-01
5.330625176429748535e-01
5.521513819694519043e-01
5.289202928543090820e-01
5.447409152984619141e-01
5.321583747863769531e-01
5.267078876495361328e-01
5.358776450157165527e-01
5.323427915573120117e-01
5.434594750404357910e-01
5.400820374488830566e-01
5.252079963684082031e-01
5.397215485572814941e-01
5.318437814712524414e-01
5.302538871765136719e-01
5.393953919410705566e-01
5.429012179374694824e-01
5.299401879310607910e-01
5.327610969543457031e-01
5.437399148941040039e-01
5.428076982498168945e-01
5.321580767631530762e-01
5.345935821533203125e-01
5.321583747863769531e-01
5.511925220489501953e-01
5.436938405036926270e-01
5.401809215545654297e-01
5.274519324302673340e-01
5.351990461349487305e-01
5.277485847473144531e-01
5.395752787590026855e-01
5.397360920906066895e-01
5.245556831359863281e-01
5.574747323989868164e-01
5.397216081619262695e-01
5.326036810874938965e-01
5.504173040390014648e-01
5.309966206550598145e-01
5.610975623130798340e-01
5.526267886161804199e-01
5.695811510086059570e-01
5.308827161788940430e-01
5.252077579498291016e-01
5.232959985733032227e-01
5.458971261978149414e-01
5.472863912582397461e-01
5.526930093765258789e-01
5.407149791717529297e-01
5.321583747863769531e-01
5.311682224273681641e-01
5.327610969543457031e-01
5.287685990333557129e-01
5.149596333503723145e-01
5.462573766708374023e-01
5.298056602478027344e-01
5.266126394271850586e-01
5.551280379295349121e-01
5.251986384391784668e-01
5.468248128890991211e-01
5.351581573486328125e-01
5.292451381683349609e-01
5.534296035766601562e-01
5.318878889083862305e-01
5.457755923271179199e-01
5.219430327415466309e-01
5.307993888854980469e-01
5.300431847572326660e-01
5.220244526863098145e-01
5.364174842834472656e-01
5.197746157646179199e-01
5.488193631172180176e-01
5.320127606391906738e-01
5.514564514160156250e-01
5.415188074111938477e-01
5.291323661804199219e-01
5.300876498222351074e-01
5.256463885307312012e-01
5.492869615554809570e-01
5.428580641746520996e-01
5.656352639198303223e-01
5.091609358787536621e-01
5.557369589805603027e-01
5.628412365913391113e-01
5.318150520324707031e-01
5.520515441894531250e-01
5.429440736770629883e-01
5.488792657852172852e-01
5.233299136161804199e-01
5.441169738769531250e-01
5.459099411964416504e-01
5.353637933731079102e-01
5.433720946311950684e-01
5.201651453971862793e-01
5.361511707305908203e-01
5.644914507865905762e-01
5.407250523567199707e-01
5.219939947128295898e-01
5.226939320564270020e-01
5.376461148262023926e-01
5.550066232681274414e-01
5.408478975296020508e-01
5.326378345489501953e-01
5.310367345809936523e-01
5.647509098052978516e-01
5.459933280944824219e-01
5.412756204605102539e-01
5.272628664970397949e-01
5.613292455673217773e-01
5.251899361610412598e-01
5.148984193801879883e-01
5.307050347328186035e-01
5.393766760826110840e-01
5.348438024520874023e-01
5.351393222808837891e-01
5.393961668014526367e-01
5.273360610008239746e-01
5.130904912948608398e-01
5.327906608581542969e-01
5.384103059768676758e-01
5.517052412033081055e-01
5.437821149826049805e-01
5.314093828201293945e-01
5.550938844680786133e-01
5.363047719001770020e-01
5.315386652946472168e-01
5.594140887260437012e-01
5.632488131523132324e-01
5.480030775070190430e-01
5.406972169876098633e-01
5.215756297111511230e-01
5.290462374687194824e-01
5.253834724426269531e-01
5.240598320960998535e-01
5.400714278221130371e-01
5.270913243293762207e-01
5.217462182044982910e-01
5.383594036102294922e-01
5.283775925636291504e-01
5.331932306289672852e-01
5.425314903259277344e-01
5.529736280441284180e-01
5.513989925384521484e-01
5.356829166412353516e-01
5.225943922996520996e-01
5.065557360649108887e-01
5.332282781600952148e-01
5.531425476074218750e-01
5.330032110214233398e-01
5.230548977851867676e-01
5.263670086860656738e-01
5.325267314910888672e-01
5.252934098243713379e-01
5.282759070396423340e-01
5.441082119941711426e-01
5.620021224021911621e-01
5.287674665451049805e-01
5.575463175773620605e-01
5.438656210899353027e-01
5.345600843429565430e-01
5.286098122596740723e-01
5.437928438186645508e-01
5.314300656318664551e-01
5.398350358009338379e-01
5.390969514846801758e-01
5.344550013542175293e-01
5.381261110305786133e-01
5.479618906974792480e-01
5.271751880645751953e-01
5.403301715850830078e-01
5.274195671081542969e-01
5.491399168968200684e-01
5.299288630485534668e-01
5.513988137245178223e-01
5.329478979110717773e-01
5.307430624961853027e-01
5.321583747863769531e-01
5.320445895195007324e-01
5.438655018806457520e-01
5.562021732330322266e-01
5.420030355453491211e-01
5.504043102264404297e-01
5.361511707305908203e-01
5.311366915702819824e-01
5.575618147850036621e-01
5.309968590736389160e-01
5.315249562263488770e-01
5.164449810981750488e-01
5.183342099189758301e-01
5.366274714469909668e-01
5.001800656318664551e-01
5.259903669357299805e-01
5.650872588157653809e-01
5.564815402030944824e-01
5.371912717819213867e-01
5.337392091751098633e-01
5.267768502235412598e-01
5.133265256881713867e-01
5.477153062820434570e-01
5.346038937568664551e-01
5.439970493316650391e-01
5.575463175773620605e-01
5.274747610092163086e-01
5.481191277503967285e-01
5.429349541664123535e-01
5.397215485572814941e-01
5.164827108383178711e-01
5.484387874603271484e-01
5.371063351631164551e-01
5.145267844200134277e-01
5.315812230110168457e-01
5.276746749877929688e-01
5.371692776679992676e-01
5.377370119094848633e-01
5.331712961196899414e-01
5.449234843254089355e-01
5.575542449951171875e-01
5.132477283477783203e-01
5.375347137451171875e-01
5.330166220664978027e-01
5.559267401695251465e-01
5.135227441787719727e-01
5.427225232124328613e-01
5.522476434707641602e-01
5.265057682991027832e-01
5.439462065696716309e-01
5.347462892532348633e-01
5.575486421585083008e-01
5.190432071685791016e-01
5.562742948532104492e-01
5.270563364028930664e-01
5.369340777397155762e-01
5.296921133995056152e-01
5.390162467956542969e-01
5.416461825370788574e-01
5.343587994575500488e-01
5.252199769020080566e-01
5.365731120109558105e-01
5.340981483459472656e-01
5.230536460876464844e-01
5.346745848655700684e-01
5.393636822700500488e-01
5.302506685256958008e-01
5.377593040466308594e-01
5.473247766494750977e-01
5.428230166435241699e-01
5.257990956306457520e-01
5.431231260299682617e-01
5.569297075271606445e-01
5.369392633438110352e-01
5.343180894851684570e-01
5.294795632362365723e-01
5.448737740516662598e-01
5.393636226654052734e-01
5.363367199897766113e-01
5.447655916213989258e-01
5.187742710113525391e-01
5.126136541366577148e-01
5.396528840065002441e-01
5.416087508201599121e-01
5.256309509277343750e-01
5.501745343208312988e-01
5.558745265007019043e-01
5.326945781707763672e-01
5.340799689292907715e-01
5.293766260147094727e-01
5.269079208374023438e-01
5.299478173255920410e-01
5.512253642082214355e-01
5.330052375793457031e-01
5.245539546012878418e-01
5.232039690017700195e-01
5.271263122558593750e-01
5.535466670989990234e-01
5.353929996490478516e-01
5.499420166015625000e-01
5.547905564308166504e-01
5.298193693161010742e-01
5.484715104103088379e-01
5.534806847572326660e-01
5.299547314643859863e-01
5.659989714622497559e-01
5.502194166183471680e-01
5.299913883209228516e-01
5.508948564529418945e-01
5.521206855773925781e-01
5.315539240837097168e-01
5.556983351707458496e-01
5.257450342178344727e-01
5.356238484382629395e-01
5.269786119461059570e-01
5.350382328033447266e-01
5.375180244445800781e-01
5.252082347869873047e-01
5.499865412712097168e-01
5.457739830017089844e-01
5.414974093437194824e-01
5.513989925384521484e-01
5.167639255523681641e-01
5.393636226654052734e-01
5.331287980079650879e-01
5.321670174598693848e-01
5.393636226654052734e-01
5.513989925384521484e-01
5.513989925384521484e-01
5.333135128021240234e-01
5.431603789329528809e-01
5.393636822700500488e-01
5.499748587608337402e-01
5.382225513458251953e-01
5.470502972602844238e-01
5.404950976371765137e-01
5.169101357460021973e-01
5.380151867866516113e-01
5.417747497558593750e-01
5.320063829421997070e-01
5.321703553199768066e-01
5.463998317718505859e-01
5.316057205200195312e-01
5.397215485572814941e-01
5.343006849288940430e-01
5.430300235748291016e-01
5.321933031082153320e-01
5.204774141311645508e-01
5.514305233955383301e-01
5.309969186782836914e-01
5.475733280181884766e-01
5.324193835258483887e-01
5.170164108276367188e-01
5.514813065528869629e-01
5.269968509674072266e-01
5.364388227462768555e-01
5.375929474830627441e-01
5.513989925384521484e-01
5.606652498245239258e-01
5.522119998931884766e-01
5.252079963684082031e-01
5.252079963684082031e-01
5.343177318572998047e-01
5.372955799102783203e-01
5.317871570587158203e-01
5.287219882011413574e-01
5.361511707305908203e-01
5.309565663337707520e-01
5.297104120254516602e-01
5.321951508522033691e-01
5.172696113586425781e-01
5.289255380630493164e-01
5.252079963684082031e-01
5.386769175529479980e-01
5.392445921897888184e-01
5.185712575912475586e-01
5.254878997802734375e-01
5.269694924354553223e-01
5.320429801940917969e-01
5.545306205749511719e-01
5.569418668746948242e-01
5.324123501777648926e-01
5.525648593902587891e-01
5.408610701560974121e-01
5.185682177543640137e-01
5.466147661209106445e-01
5.509722232818603516e-01
5.468291044235229492e-01
5.330886840820312500e-01
5.270871520042419434e-01
5.286965966224670410e-01
5.397215485572814941e-01
5.371168255805969238e-01
5.335066318511962891e-01
5.398958921432495117e-01
5.409873723983764648e-01
5.460786819458007812e-01
5.257455110549926758e-01
5.309967398643493652e-01
5.348697900772094727e-01
5.426118969917297363e-01
5.527920722961425781e-01
5.369623303413391113e-01
5.281608104705810547e-01
5.246456265449523926e-01
5.399973988533020020e-01
5.371970534324645996e-01
5.334622859954833984e-01
5.398959517478942871e-01
5.470297336578369141e-01
5.103462934494018555e-01
5.293586850166320801e-01
5.326230525970458984e-01
5.246098637580871582e-01
5.492032170295715332e-01
5.464220643043518066e-01
5.316830873489379883e-01
5.272418260574340820e-01
5.334995985031127930e-01
5.278280377388000488e-01
5.240901708602905273e-01
5.476749539375305176e-01
5.346472859382629395e-01
5.506451725959777832e-01
5.266886949539184570e-01
5.241578221321105957e-01
5.379760861396789551e-01
5.284449458122253418e-01
5.291427969932556152e-01
5.366258025169372559e-01
5.333742499351501465e-01
5.396107435226440430e-01
5.163601636886596680e-01
5.520210266113281250e-01
5.539571642875671387e-01
5.244750380516052246e-01
5.535482168197631836e-01
5.259816050529479980e-01
5.526821017265319824e-01
5.311055183410644531e-01
5.374370813369750977e-01
5.464795827865600586e-01
5.546067357063293457e-01
5.381418466567993164e-01
5.431190133094787598e-01
5.576736927032470703e-01
5.437274575233459473e-01
5.442161560058593750e-01
5.513989925384521484e-01
5.513989925384521484e-01
5.429367423057556152e-01
5.370672941207885742e-01
5.606652498245239258e-01
5.399532318115234375e-01
5.306399464607238770e-01
5.295164585113525391e-01
5.293107628822326660e-01
5.368362069129943848e-01
5.315017700195312500e-01
5.294830203056335449e-01
5.303736925125122070e-01
5.316643714904785156e-01
5.368575453758239746e-01
5.431633591651916504e-01
5.408366322517395020e-01
5.300890207290649414e-01
5.375542044639587402e-01
5.332058072090148926e-01
5.393636226654052734e-01
5.478768944740295410e-01
5.377168059349060059e-01
5.517132282257080078e-01
5.210541486740112305e-01
5.356651544570922852e-01
5.407459139823913574e-01
5.504921078681945801e-01
5.412186384201049805e-01
5.431032776832580566e-01
5.492973327636718750e-01
5.433068871498107910e-01
5.457761287689208984e-01
5.216979384422302246e-01
5.211800932884216309e-01
5.477759838104248047e-01
5.497921705245971680e-01
5.296596288681030273e-01
5.089987516403198242e-01
5.414199233055114746e-01
5.248845815658569336e-01
5.340115427970886230e-01
5.149249434471130371e-01
5.419322848320007324e-01
5.255269408226013184e-01
5.379012227058410645e-01
5.712864398956298828e-01
5.415714979171752930e-01
5.238623023033142090e-01
5.482820272445678711e-01
5.387767553329467773e-01
5.372638106346130371e-01
5.490479469299316406e-01
5.424162745475769043e-01
5.276414752006530762e-01
5.283697843551635742e-01
5.394232869148254395e-01
5.362997651100158691e-01
5.369705557823181152e-01
5.197066068649291992e-01
5.311584472656250000e-01
5.313591957092285156e-01
5.314521789550781250e-01
5.330806970596313477e-01
5.451900362968444824e-01
5.432045459747314453e-01
5.162139534950256348e-01
5.413906574249267578e-01
5.321121811866760254e-01
5.584753155708312988e-01
5.248968005180358887e-01
5.046102404594421387e-01
5.489117503166198730e-01
5.335694551467895508e-01
5.381112098693847656e-01
5.296103358268737793e-01
5.402889251708984375e-01
5.312324166297912598e-01
5.417891144752502441e-01
5.484477281570434570e-01
5.258591771125793457e-01
5.435507893562316895e-01
5.316155552864074707e-01
5.344774723052978516e-01
4.891378283500671387e-01
5.565446615219116211e-01
5.376737117767333984e-01
5.600503683090209961e-01
5.413355827331542969e-01
5.229119062423706055e-01
5.303042531013488770e-01
5.365170836448669434e-01
5.650523304939270020e-01
5.160319805145263672e-01
5.249663591384887695e-01
5.230972170829772949e-01
5.398544669151306152e-01
5.477228164672851562e-01
5.237027406692504883e-01
5.335158109664916992e-01
5.296059250831604004e-01
5.388275384902954102e-01
5.193877816200256348e-01
5.397971868515014648e-01
5.380771160125732422e-01
5.302833914756774902e-01
5.353273153305053711e-01
5.202104449272155762e-01
5.300849676132202148e-01
5.374333858489990234e-01
5.399049520492553711e-01
5.479714870452880859e-01
5.277312397956848145e-01
5.187578201293945312e-01
5.252916216850280762e-01
5.454995632171630859e-01
5.278212428092956543e-01
5.345481038093566895e-01
5.392547249794006348e-01
5.283269882202148438e-01
5.326682925224304199e-01
5.337828397750854492e-01
5.351949334144592285e-01
5.309968590736389160e-01
5.371440649032592773e-01
5.452407002449035645e-01
5.252079963684082031e-01
5.498483777046203613e-01
5.417436957359313965e-01
5.523304343223571777e-01
5.342612266540527344e-01
5.338874459266662598e-01
5.513989925384521484e-01
5.309968590736389160e-01
5.352544784545898438e-01
5.364074707031250000e-01
5.436871647834777832e-01
5.581448674201965332e-01
5.347673892974853516e-01
5.393636226654052734e-01
5.256222486495971680e-01
5.504677891731262207e-01
5.438665747642517090e-01
5.383284687995910645e-01
5.474883317947387695e-01
5.364871025085449219e-01
5.463371276855468750e-01
5.322412252426147461e-01
5.340270996093750000e-01
5.513989925384521484e-01
5.319496989250183105e-01
5.373934507369995117e-01
5.477563142776489258e-01
5.487649440765380859e-01
5.644504427909851074e-01
5.396773219108581543e-01
5.327115654945373535e-01
5.424920320510864258e-01
5.367397069931030273e-01
5.323895215988159180e-01
5.433045625686645508e-01
5.290086269378662109e-01
5.241620540618896484e-01
5.447289943695068359e-01
5.083337426185607910e-01
5.231207013130187988e-01
5.348069667816162109e-01
5.448814630508422852e-01
5.615099668502807617e-01
5.409849286079406738e-01
5.502806901931762695e-01
5.360845327377319336e-01
5.244162082672119141e-01
5.381678938865661621e-01
5.540539622306823730e-01
5.393495559692382812e-01
5.313357710838317871e-01
5.325562953948974609e-01
5.415673255920410156e-01
5.236588716506958008e-01
5.318566560745239258e-01
5.200648903846740723e-01
5.252065658569335938e-01
5.382418632507324219e-01
5.232363343238830566e-01
5.432374477386474609e-01
5.155622363090515137e-01
5.534279346466064453e-01
5.586280822753906250e-01
5.469552874565124512e-01
5.365805029869079590e-01
5.532625317573547363e-01
5.117945671081542969e-01
5.513989925384521484e-01
5.394075512886047363e-01
5.478944778442382812e-01
5.575916767120361328e-01
5.321583747863769531e-01
5.622475743293762207e-01
5.302581191062927246e-01
5.391131639480590820e-01
5.413004755973815918e-01
5.384120941162109375e-01
5.252079963684082031e-01
5.397215485572814941e-01
5.309970974922180176e-01
5.146020650863647461e-01
5.402414798736572266e-01
5.344395637512207031e-01
5.387804508209228516e-01
5.361509919166564941e-01
5.371912717819213867e-01
5.369377136230468750e-01
5.495539903640747070e-01
5.545539259910583496e-01
5.347776412963867188e-01
5.263772606849670410e-01
5.393670201301574707e-01
5.488973259925842285e-01
5.397215485572814941e-01
5.373152494430541992e-01
5.393829941749572754e-01
5.480213761329650879e-01
5.513989925384521484e-01
5.513989925384521484e-01
5.323600769042968750e-01
5.513988137245178223e-01
5.513989925384521484e-01
5.475181341171264648e-01
5.381692051887512207e-01
5.397215485572814941e-01
5.431745648384094238e-01
5.278009176254272461e-01
5.507031083106994629e-01
5.363237857818603516e-01
5.434519052505493164e-01
5.370252728462219238e-01
5.484067201614379883e-01
5.476769804954528809e-01
5.328950285911560059e-01
5.272043347358703613e-01
5.382227301597595215e-01
5.410350561141967773e-01
5.392085909843444824e-01
5.477777123451232910e-01
5.513989925384521484e-01
5.491551160812377930e-01
5.497826933860778809e-01
5.491086840629577637e-01
5.513989925384521484e-01
5.513989925384521484e-01
5.513989925384521484e-01
5.513989925384521484e-01
5.513989925384521484e-01
5.513989925384521484e-01
5.513989925384521484e-01
5.513989925384521484e-01
5.513989925384521484e-01
5.509644746780395508e-01
5.513989925384521484e-01
5.513989925384521484e-01
5.512895584106445312e-01
5.512208938598632812e-01
5.509994626045227051e-01
5.290071368217468262e-01
5.554447770118713379e-01
5.513989925384521484e-01
5.309968590736389160e-01
5.200422406196594238e-01
5.283620357513427734e-01
5.353201627731323242e-01
5.330032110214233398e-01
5.313053131103515625e-01
5.311926603317260742e-01
5.316082835197448730e-01
5.534424781799316406e-01
5.290071368217468262e-01
5.384345054626464844e-01
5.352502465248107910e-01
5.323691368103027344e-01
5.536634325981140137e-01
5.108320713043212891e-01
5.208618044853210449e-01
5.182277560234069824e-01
5.210788249969482422e-01
5.076889991760253906e-01
5.326814651489257812e-01
5.404837131500244141e-01
5.237630009651184082e-01
5.109335780143737793e-01
5.185245275497436523e-01
5.144007205963134766e-01
5.264830589294433594e-01
5.372985601425170898e-01
5.290071368217468262e-01
5.118948221206665039e-01
5.396299958229064941e-01
5.431190133094787598e-01
5.309968590736389160e-01
5.255441665649414062e-01
5.208735466003417969e-01
5.304464101791381836e-01
5.399680733680725098e-01
5.213197469711303711e-01
5.330032110214233398e-01
5.202166438102722168e-01
5.297831892967224121e-01
5.513989925384521484e-01
5.389319658279418945e-01
5.315421223640441895e-01
5.345601439476013184e-01
5.228683352470397949e-01
5.479449629783630371e-01
5.495716929435729980e-01
5.351968407630920410e-01
5.314107537269592285e-01
5.255647897720336914e-01
5.328080058097839355e-01
5.190557837486267090e-01
5.535489916801452637e-01
5.502800941467285156e-01
5.438912510871887207e-01
5.408456325531005859e-01
5.295307636260986328e-01
5.408968925476074219e-01
5.357367992401123047e-01
5.389833450317382812e-01
5.204208493232727051e-01
5.347915291786193848e-01
5.673860311508178711e-01
5.300970077514648438e-01
5.534424781799316406e-01
5.293214321136474609e-01
5.220386981964111328e-01
5.309159159660339355e-01
5.480709075927734375e-01
5.330032110214233398e-01
5.305598974227905273e-01
5.412437319755554199e-01
5.447854399681091309e-01
5.330030322074890137e-01
5.294378995895385742e-01
5.405946373939514160e-01
5.359830260276794434e-01
5.312959551811218262e-01
5.429042577743530273e-01
5.430543422698974609e-01
5.441228747367858887e-01
5.435201525688171387e-01
5.157447457313537598e-01
5.236572623252868652e-01
5.342782139778137207e-01
5.234752893447875977e-01
5.411923527717590332e-01
5.201843976974487305e-01
5.422678589820861816e-01
5.328438282012939453e-01
5.258117318153381348e-01
5.353929996490478516e-01
5.346028208732604980e-01
5.555272102355957031e-01
5.129149556159973145e-01
5.418381690979003906e-01
5.363327860832214355e-01
5.451805591583251953e-01
5.425634384155273438e-01
5.335038900375366211e-01
5.361801981925964355e-01
5.397215485572814941e-01
5.291764140129089355e-01
5.401485562324523926e-01
5.364969372749328613e-01
5.286492705345153809e-01
5.369735956192016602e-01
5.393636226654052734e-01
5.369275212287902832e-01
5.317291021347045898e-01
5.330032110214233398e-01
5.205724239349365234e-01
5.293405055999755859e-01
5.377369523048400879e-01
5.116516947746276855e-01
5.210971236228942871e-01
5.410858988761901855e-01
5.301384329795837402e-01
5.384098887443542480e-01
5.181369781494140625e-01
5.311102271080017090e-01
5.393717288970947266e-01
5.284109115600585938e-01
5.312030315399169922e-01
5.458971261978149414e-01
5.400820374488830566e-01
5.274624228477478027e-01
5.557267665863037109e-01
5.309968590736389160e-01
5.349042415618896484e-01
5.282930731773376465e-01
5.204269886016845703e-01
5.185815095901489258e-01
5.433092117309570312e-01
5.393720269203186035e-01
5.366091728210449219e-01
5.499493479728698730e-01
5.480929017066955566e-01
5.368255376815795898e-01
5.467856526374816895e-01
5.300560593605041504e-01
5.319871902465820312e-01
5.322412252426147461e-01
5.252511501312255859e-01
5.425503253936767578e-01
5.487295389175415039e-01
5.481341481208801270e-01
5.380659103393554688e-01
5.393640398979187012e-01
5.223209261894226074e-01
5.242026448249816895e-01
5.225948691368103027e-01
5.436348319053649902e-01
5.402120351791381836e-01
5.417622923851013184e-01
5.391770005226135254e-01
5.375560522079467773e-01
5.513989925384521484e-01
5.309968590736389160e-01
5.471701025962829590e-01
5.297940373420715332e-01
5.282930731773376465e-01
5.405155420303344727e-01
5.335941314697265625e-01
5.575463175773620605e-01
5.538688898086547852e-01
5.545920729637145996e-01
5.309968590736389160e-01
5.294055342674255371e-01
5.476842522621154785e-01
5.134879946708679199e-01
5.605193376541137695e-01
5.400818586349487305e-01
5.252079963684082031e-01
5.508456230163574219e-01
5.309968590736389160e-01
5.162703394889831543e-01
5.518243908882141113e-01
5.313417315483093262e-01
5.370216965675354004e-01
5.417870879173278809e-01
5.323612689971923828e-01
5.472844243049621582e-01
5.312001109123229980e-01
5.252079963684082031e-01
5.397215485572814941e-01
5.369377136230468750e-01
5.397215485572814941e-01
5.281063318252563477e-01
5.269008874893188477e-01
5.337404012680053711e-01
5.479103326797485352e-01
5.395920872688293457e-01
5.255239605903625488e-01
5.255125164985656738e-01
5.287548899650573730e-01
5.534424781799316406e-01
5.253202915191650391e-01
5.372492671012878418e-01
5.164855718612670898e-01
5.279258489608764648e-01
5.263671278953552246e-01
5.252079963684082031e-01
5.772194266319274902e-01
5.360473990440368652e-01
5.491279959678649902e-01
5.446237921714782715e-01
5.349925756454467773e-01
5.349664688110351562e-01
5.360178351402282715e-01
5.270211696624755859e-01
5.516242980957031250e-01
5.484529733657836914e-01
5.517169237136840820e-01
5.328191518783569336e-01
5.155217051506042480e-01
5.667365789413452148e-01
5.400487780570983887e-01
5.465806126594543457e-01
5.564742684364318848e-01
5.475641489028930664e-01
5.168957710266113281e-01
5.372236371040344238e-01
5.349059104919433594e-01
5.282589197158813477e-01
5.483750104904174805e-01
5.459371805191040039e-01
5.249839425086975098e-01
5.250525474548339844e-01
5.422731041908264160e-01
5.314247608184814453e-01
4.830205142498016357e-01
5.272198915481567383e-01
5.306717157363891602e-01
5.330412983894348145e-01
5.258494019508361816e-01
5.256245136260986328e-01
5.324207544326782227e-01
5.354539155960083008e-01
5.378777384757995605e-01
5.568097233772277832e-01
5.618832111358642578e-01
5.468872189521789551e-01
5.634739398956298828e-01
5.612109303474426270e-01
5.497550964355468750e-01
5.457122921943664551e-01
4.996196329593658447e-01
5.188922882080078125e-01
5.258278846740722656e-01
5.162945389747619629e-01
5.367166399955749512e-01
5.353741049766540527e-01
5.252130031585693359e-01
5.431379079818725586e-01
5.327416658401489258e-01
5.317339301109313965e-01
4.661913514137268066e-01
5.515265464782714844e-01
5.257756114006042480e-01
5.410650968551635742e-01
5.327503681182861328e-01
5.449854731559753418e-01
5.265343785285949707e-01
5.221759080886840820e-01
5.267273783683776855e-01
5.283074378967285156e-01
5.426085591316223145e-01
5.304681062698364258e-01
5.291048288345336914e-01
5.390591025352478027e-01
5.539830327033996582e-01
5.394437909126281738e-01
5.228728652000427246e-01
5.155652165412902832e-01
5.381542444229125977e-01
5.219760537147521973e-01
5.354102253913879395e-01
5.157297849655151367e-01
5.322577953338623047e-01
5.419475436210632324e-01
5.403844714164733887e-01
5.412547588348388672e-01
5.441365242004394531e-01
5.159754753112792969e-01
5.476662516593933105e-01
5.232921838760375977e-01
5.343140959739685059e-01
5.208840966224670410e-01
5.252079963684082031e-01
5.513989925384521484e-01
5.368151664733886719e-01
5.276414752006530762e-01
5.410588383674621582e-01
5.187837481498718262e-01
5.338150858879089355e-01
5.587472915649414062e-01
5.335882306098937988e-01
5.450120568275451660e-01
5.487009286880493164e-01
5.350388288497924805e-01
5.373405218124389648e-01
5.665310025215148926e-01
5.270563364028930664e-01
5.640825629234313965e-01
5.520753860473632812e-01
5.284697413444519043e-01
5.417354702949523926e-01
5.419805049896240234e-01
5.462568402290344238e-01
5.252079963684082031e-01
5.538319349288940430e-01
5.305076241493225098e-01
5.371553301811218262e-01
5.322875380516052246e-01
5.334055423736572266e-01
5.513989925384521484e-01
5.595036149024963379e-01
5.507946014404296875e-01
5.508518815040588379e-01
5.480718612670898438e-01
5.283620357513427734e-01
5.381543040275573730e-01
5.290635824203491211e-01
5.369377136230468750e-01
