1.650622189044952393e-01
2.474349737167358398e-01
1.744893193244934082e-01
2.307524979114532471e-01
2.065314054489135742e-01
2.493132948875427246e-01
1.790837049484252930e-01
2.529373168945312500e-01
2.211860716342926025e-01
1.957362592220306396e-01
2.292924523353576660e-01
2.716749906539916992e-01
1.910724639892578125e-01
2.079292833805084229e-01
2.284522652626037598e-01
2.172364592552185059e-01
2.244037091732025146e-01
2.044610977172851562e-01
2.026861906051635742e-01
2.376678287982940674e-01
2.522880434989929199e-01
2.285462319850921631e-01
2.073958218097686768e-01
1.997545063495635986e-01
2.469041347503662109e-01
2.128383219242095947e-01
1.605829894542694092e-01
2.109292149543762207e-01
2.621012330055236816e-01
2.063772976398468018e-01
1.846146285533905029e-01
2.106425166130065918e-01
1.936117708683013916e-01
2.165924608707427979e-01
2.142778933048248291e-01
1.816883981227874756e-01
1.214719712734222412e-01
1.943223774433135986e-01
2.628462314605712891e-01
1.869319379329681396e-01
2.180298864841461182e-01
1.785685122013092041e-01
2.794826924800872803e-01
2.102723419666290283e-01
2.230499088764190674e-01
2.249945998191833496e-01
1.751631498336791992e-01
1.596529781818389893e-01
3.137176632881164551e-01
2.818624377250671387e-01
1.884303689002990723e-01
2.601194381713867188e-01
3.418519794940948486e-01
2.153045833110809326e-01
1.690361499786376953e-01
1.714708209037780762e-01
1.554933786392211914e-01
2.471556961536407471e-01
2.896185517311096191e-01
1.506870985031127930e-01
2.432515025138854980e-01
3.337157964706420898e-01
1.755729317665100098e-01
2.709424495697021484e-01
1.876851916313171387e-01
1.541845202445983887e-01
1.650469601154327393e-01
3.455964922904968262e-01
1.790666282176971436e-01
2.165204286575317383e-01
1.872737109661102295e-01
1.534258723258972168e-01
2.109481394290924072e-01
1.512329578399658203e-01
2.411269545555114746e-01
2.146621346473693848e-01
2.025446891784667969e-01
1.841039955615997314e-01
2.039484977722167969e-01
2.517785429954528809e-01
2.266426682472229004e-01
1.683444380760192871e-01
2.079408466815948486e-01
2.963269650936126709e-01
2.019053995609283447e-01
2.118203341960906982e-01
2.067706882953643799e-01
1.923314630985260010e-01
1.929891407489776611e-01
1.893568336963653564e-01
2.067389786243438721e-01
2.079994082450866699e-01
2.083396315574645996e-01
1.741506159305572510e-01
2.201239466667175293e-01
2.106621563434600830e-01
2.081406414508819580e-01
1.871092319488525391e-01
1.927521526813507080e-01
2.052555084228515625e-01
2.226802408695220947e-01
1.895138919353485107e-01
2.030951678752899170e-01
2.052967250347137451e-01
1.759006977081298828e-01
2.169111371040344238e-01
1.861290633678436279e-01
1.496764421463012695e-01
1.905579268932342529e-01
2.375255525112152100e-01
1.809354722499847412e-01
1.970475018024444580e-01
1.668736636638641357e-01
1.843796968460083008e-01
1.693689525127410889e-01
1.935911476612091064e-01
2.102586328983306885e-01
1.955246329307556152e-01
1.900188326835632324e-01
1.888597905635833740e-01
1.957157850265502930e-01
2.264315187931060791e-01
2.006295323371887207e-01
2.134391963481903076e-01
1.888597309589385986e-01
1.815447807312011719e-01
2.337579131126403809e-01
1.983001828193664551e-01
1.852575540542602539e-01
1.911430358886718750e-01
2.022218108177185059e-01
2.020785212516784668e-01
2.150017023086547852e-01
2.003236114978790283e-01
2.220593094825744629e-01
1.833700537681579590e-01
1.547484695911407471e-01
1.657793819904327393e-01
2.151907384395599365e-01
2.324207723140716553e-01
2.254927754402160645e-01
2.115366756916046143e-01
2.464905977249145508e-01
1.676618456840515137e-01
2.026284039020538330e-01
2.272882461547851562e-01
2.088617384433746338e-01
1.838010549545288086e-01
2.383697330951690674e-01
2.422957420349121094e-01
2.076455056667327881e-01
2.433367669582366943e-01
2.329371273517608643e-01
2.289735078811645508e-01
2.101019620895385742e-01
2.667100727558135986e-01
2.421319484710693359e-01
2.117053866386413574e-01
2.196571230888366699e-01
2.135416865348815918e-01
2.082917392253875732e-01
2.150964438915252686e-01
2.303685843944549561e-01
2.279952168464660645e-01
2.504380047321319580e-01
2.631981372833251953e-01
1.838921606540679932e-01
1.714980304241180420e-01
2.376302778720855713e-01
2.217025458812713623e-01
2.142027914524078369e-01
2.509099245071411133e-01
2.399091124534606934e-01
2.289684116840362549e-01
2.047006785869598389e-01
2.243486642837524414e-01
2.123629450798034668e-01
2.061954140663146973e-01
2.127980589866638184e-01
1.438607275485992432e-01
2.252872884273529053e-01
1.947324573993682861e-01
2.371936142444610596e-01
1.986111402511596680e-01
1.936648488044738770e-01
2.017981410026550293e-01
2.290683686733245850e-01
2.025772631168365479e-01
2.428026199340820312e-01
2.079149186611175537e-01
2.244049310684204102e-01
2.107496261596679688e-01
1.516600847244262695e-01
2.089073061943054199e-01
1.529519557952880859e-01
2.326557934284210205e-01
1.917516291141510010e-01
1.907167136669158936e-01
1.819618642330169678e-01
1.873646378517150879e-01
1.955377459526062012e-01
2.258981168270111084e-01
2.164058387279510498e-01
2.066743075847625732e-01
2.114320695400238037e-01
2.009240686893463135e-01
2.105807065963745117e-01
2.232165634632110596e-01
2.270656824111938477e-01
2.080245614051818848e-01
2.265121638774871826e-01
1.837738752365112305e-01
1.524271667003631592e-01
1.850433945655822754e-01
1.915997564792633057e-01
2.101272046566009521e-01
1.983778178691864014e-01
2.195987999439239502e-01
1.873568296432495117e-01
2.344930768013000488e-01
2.247332930564880371e-01
1.646429002285003662e-01
2.248581349849700928e-01
1.697768270969390869e-01
2.401334941387176514e-01
2.515370845794677734e-01
2.874999344348907471e-01
1.610949337482452393e-01
2.418244779109954834e-01
2.876027226448059082e-01
3.826216161251068115e-01
2.460229694843292236e-01
1.920710206031799316e-01
2.666947245597839355e-01
1.880208551883697510e-01
2.831150293350219727e-01
1.557510495185852051e-01
2.189114689826965332e-01
2.228763401508331299e-01
3.142780959606170654e-01
2.805566489696502686e-01
2.071493268013000488e-01
2.743378877639770508e-01
2.834982275962829590e-01
2.106184661388397217e-01
2.542065978050231934e-01
2.911133766174316406e-01
2.166279554367065430e-01
1.989266574382781982e-01
2.215326428413391113e-01
2.310946583747863770e-01
2.536551952362060547e-01
2.087207436561584473e-01
2.239246368408203125e-01
2.270042300224304199e-01
2.551432847976684570e-01
3.188698887825012207e-01
2.470849752426147461e-01
2.243227064609527588e-01
2.072504162788391113e-01
1.987370550632476807e-01
2.362482845783233643e-01
2.593230605125427246e-01
1.941433250904083252e-01
2.174581289291381836e-01
1.913092732429504395e-01
2.049825489521026611e-01
1.880106031894683838e-01
1.993955075740814209e-01
1.652043759822845459e-01
2.271911799907684326e-01
1.846823394298553467e-01
2.156966328620910645e-01
1.820956766605377197e-01
2.632572054862976074e-01
2.994755208492279053e-01
2.259621620178222656e-01
2.273566424846649170e-01
1.915997564792633057e-01
1.825898885726928711e-01
2.223974168300628662e-01
1.867044270038604736e-01
2.195152342319488525e-01
2.543993592262268066e-01
1.812570989131927490e-01
2.111321389675140381e-01
1.887992918491363525e-01
1.897569596767425537e-01
2.253094017505645752e-01
2.240634858608245850e-01
2.402313351631164551e-01
2.245191931724548340e-01
2.246339023113250732e-01
1.484055221080780029e-01
2.319716215133666992e-01
2.170455157756805420e-01
2.099352777004241943e-01
2.560085654258728027e-01
2.189664244651794434e-01
2.214283943176269531e-01
2.140169739723205566e-01
2.275277972221374512e-01
2.402307689189910889e-01
2.138434946537017822e-01
2.107098698616027832e-01
2.070033550262451172e-01
2.143539190292358398e-01
2.101921439170837402e-01
2.175364196300506592e-01
2.413842976093292236e-01
2.197280526161193848e-01
2.248708903789520264e-01
2.039805650711059570e-01
2.232086360454559326e-01
2.106755971908569336e-01
2.038552463054656982e-01
1.916208565235137939e-01
1.450637280941009521e-01
1.739503145217895508e-01
1.820624172687530518e-01
1.929247975349426270e-01
2.119534313678741455e-01
2.373706102371215820e-01
1.734158396720886230e-01
2.148377001285552979e-01
2.325686514377593994e-01
1.780216097831726074e-01
1.748704016208648682e-01
2.553532719612121582e-01
1.539007127285003662e-01
2.069582939147949219e-01
1.920347511768341064e-01
2.120342850685119629e-01
2.052981853485107422e-01
2.073315382003784180e-01
2.275286912918090820e-01
2.246292233467102051e-01
2.462531626224517822e-01
2.437267899513244629e-01
2.127052545547485352e-01
2.147734463214874268e-01
2.176187634468078613e-01
2.233333885669708252e-01
2.008583247661590576e-01
2.096022963523864746e-01
2.199035584926605225e-01
2.084039747714996338e-01
2.325545549392700195e-01
1.885129809379577637e-01
2.004738450050354004e-01
1.970771849155426025e-01
2.315768301486968994e-01
2.144615948200225830e-01
1.710421741008758545e-01
2.189894914627075195e-01
2.562041878700256348e-01
1.923511028289794922e-01
1.916049718856811523e-01
1.827140450477600098e-01
2.139475941658020020e-01
2.111080288887023926e-01
1.826592683792114258e-01
2.076585888862609863e-01
2.349517643451690674e-01
2.247581481933593750e-01
2.170593142509460449e-01
1.994118392467498779e-01
2.714197039604187012e-01
2.354829013347625732e-01
2.012270987033843994e-01
1.871944367885589600e-01
2.225343585014343262e-01
2.239584624767303467e-01
2.065109908580780029e-01
2.543119788169860840e-01
2.026006281375885010e-01
2.400929033756256104e-01
2.388863563537597656e-01
2.179954051971435547e-01
2.157685756683349609e-01
2.328014671802520752e-01
1.968987584114074707e-01
2.460029125213623047e-01
1.697602570056915283e-01
2.434661388397216797e-01
1.870793700218200684e-01
2.197127938270568848e-01
2.274822294712066650e-01
2.453087270259857178e-01
2.275039255619049072e-01
2.489086687564849854e-01
2.106878757476806641e-01
2.326563298702239990e-01
2.006382346153259277e-01
2.113399803638458252e-01
2.708311080932617188e-01
2.234588563442230225e-01
2.302748262882232666e-01
2.021681368350982666e-01
2.406181097030639648e-01
1.997226774692535400e-01
2.300847172737121582e-01
2.258832752704620361e-01
2.289988100528717041e-01
2.275155186653137207e-01
2.067706286907196045e-01
1.996424794197082520e-01
2.437937855720520020e-01
2.280763089656829834e-01
1.896664798259735107e-01
2.240143418312072754e-01
1.928979754447937012e-01
2.396890819072723389e-01
1.818162202835083008e-01
2.117726504802703857e-01
2.348612248897552490e-01
2.513470649719238281e-01
2.173616588115692139e-01
2.478420138359069824e-01
2.557836472988128662e-01
2.222812175750732422e-01
2.346087694168090820e-01
3.244365155696868896e-01
2.177619636058807373e-01
2.001858651638031006e-01
1.857905089855194092e-01
1.950838863849639893e-01
2.294255793094635010e-01
1.960354745388031006e-01
2.570265829563140869e-01
2.005694210529327393e-01
2.378535866737365723e-01
2.137426137924194336e-01
1.908151507377624512e-01
2.316106259822845459e-01
2.403621077537536621e-01
1.601477861404418945e-01
2.091021537780761719e-01
2.287980616092681885e-01
2.005411982536315918e-01
1.423148214817047119e-01
1.650588810443878174e-01
1.957407295703887939e-01
1.726507842540740967e-01
1.489209532737731934e-01
2.401022315025329590e-01
2.709270417690277100e-01
2.104737460613250732e-01
1.555419266223907471e-01
1.686220765113830566e-01
1.672311723232269287e-01
2.899903059005737305e-01
2.024236619472503662e-01
1.524586081504821777e-01
1.485491991043090820e-01
1.626346707344055176e-01
1.704912185668945312e-01
2.104220092296600342e-01
1.842430233955383301e-01
2.018358111381530762e-01
1.751973628997802734e-01
1.786359548568725586e-01
2.529925107955932617e-01
2.250558733940124512e-01
2.476494908332824707e-01
1.449956297874450684e-01
1.975865662097930908e-01
2.194623947143554688e-01
2.491105794906616211e-01
3.416874706745147705e-01
2.147693932056427002e-01
2.303405404090881348e-01
2.416540086269378662e-01
2.483098804950714111e-01
1.747874021530151367e-01
2.160110473632812500e-01
2.289930582046508789e-01
2.613147497177124023e-01
2.345643341541290283e-01
1.434775292873382568e-01
2.611678838729858398e-01
2.129320502281188965e-01
1.933989822864532471e-01
2.020972669124603271e-01
2.020160853862762451e-01
2.214437127113342285e-01
2.040520608425140381e-01
2.512924671173095703e-01
2.245690226554870605e-01
2.542650699615478516e-01
1.889899969100952148e-01
1.777490675449371338e-01
1.468258798122406006e-01
2.092191874980926514e-01
1.755662858486175537e-01
2.002945244312286377e-01
1.587566435337066650e-01
1.810926198959350586e-01
1.885995864868164062e-01
2.226892411708831787e-01
2.134175002574920654e-01
1.927521526813507080e-01
2.157957553863525391e-01
1.861498057842254639e-01
1.993339061737060547e-01
1.900083720684051514e-01
2.000410556793212891e-01
2.252083122730255127e-01
2.668573260307312012e-01
2.227792143821716309e-01
2.087783515453338623e-01
1.997225880622863770e-01
2.231768369674682617e-01
2.195729613304138184e-01
1.923874914646148682e-01
2.246204018592834473e-01
2.308346927165985107e-01
2.042661905288696289e-01
2.093132436275482178e-01
2.175202071666717529e-01
2.080364227294921875e-01
2.134936153888702393e-01
2.572118639945983887e-01
2.555193603038787842e-01
2.073369920253753662e-01
2.168799638748168945e-01
2.270411550998687744e-01
1.919969618320465088e-01
2.190262079238891602e-01
2.164234519004821777e-01
1.912719905376434326e-01
1.810398995876312256e-01
2.186997234821319580e-01
2.054147720336914062e-01
2.134589552879333496e-01
2.336401343345642090e-01
2.425405085086822510e-01
2.067384421825408936e-01
2.192063629627227783e-01
2.106020152568817139e-01
2.303712666034698486e-01
2.339800000190734863e-01
1.676191091537475586e-01
1.333974599838256836e-01
1.725205183029174805e-01
2.129349112510681152e-01
1.724133491516113281e-01
2.896564006805419922e-01
1.908610463142395020e-01
2.205826640129089355e-01
2.033181786537170410e-01
1.812221407890319824e-01
2.427287697792053223e-01
2.291662096977233887e-01
2.210758328437805176e-01
2.899809479713439941e-01
2.499504983425140381e-01
2.195669114589691162e-01
2.287494242191314697e-01
1.856564283370971680e-01
2.710458338260650635e-01
2.006879001855850220e-01
1.971820145845413208e-01
1.974455565214157104e-01
2.275155633687973022e-01
2.724660634994506836e-01
