4.513949453830718994e-01
4.385329186916351318e-01
4.514821767807006836e-01
4.452493190765380859e-01
4.478544592857360840e-01
4.426865875720977783e-01
4.443797171115875244e-01
4.514829218387603760e-01
4.379834234714508057e-01
4.433995783329010010e-01
4.279284477233886719e-01
4.374129176139831543e-01
4.514829218387603760e-01
4.494460225105285645e-01
4.406901299953460693e-01
4.514829218387603760e-01
4.242205917835235596e-01
4.514829218387603760e-01
4.239300489425659180e-01
4.341942369937896729e-01
4.301766157150268555e-01
4.349322319030761719e-01
4.264818727970123291e-01
4.447421133518218994e-01
4.569714367389678955e-01
4.467537999153137207e-01
4.355674982070922852e-01
4.514829218387603760e-01
4.514829218387603760e-01
4.477798342704772949e-01
4.426865875720977783e-01
4.566371440887451172e-01
4.472207129001617432e-01
4.466995596885681152e-01
4.514710009098052979e-01
4.514715671539306641e-01
4.355674982070922852e-01
4.514648914337158203e-01
4.535011947154998779e-01
4.514829218387603760e-01
4.533374905586242676e-01
4.654980897903442383e-01
4.630002379417419434e-01
4.611691236495971680e-01
4.498418271541595459e-01
4.505189657211303711e-01
4.478544592857360840e-01
4.478544592857360840e-01
4.342897832393646240e-01
4.478544592857360840e-01
4.490672945976257324e-01
4.514829218387603760e-01
4.505981504917144775e-01
4.494647085666656494e-01
4.242642819881439209e-01
4.396485090255737305e-01
4.268559813499450684e-01
4.500114619731903076e-01
4.511292278766632080e-01
4.425014555454254150e-01
4.275653660297393799e-01
4.325410127639770508e-01
4.355679750442504883e-01
4.452272355556488037e-01
4.530720114707946777e-01
4.432777166366577148e-01
4.428454637527465820e-01
4.324694275856018066e-01
4.434978961944580078e-01
4.756547808647155762e-01
4.161781072616577148e-01
4.312302470207214355e-01
4.514829218387603760e-01
4.478345215320587158e-01
4.365376532077789307e-01
4.191338121891021729e-01
4.381907880306243896e-01
4.510352015495300293e-01
4.366541504859924316e-01
4.487791359424591064e-01
4.315786957740783691e-01
4.356209337711334229e-01
4.443813264369964600e-01
4.384410083293914795e-01
4.449510276317596436e-01
4.514829218387603760e-01
4.456947147846221924e-01
4.219068884849548340e-01
4.503133594989776611e-01
4.090352952480316162e-01
4.405215680599212646e-01
4.373384118080139160e-01
4.515237212181091309e-01
4.098594188690185547e-01
4.313613176345825195e-01
4.275301396846771240e-01
4.158447086811065674e-01
4.259243011474609375e-01
4.337981939315795898e-01
4.605011940002441406e-01
4.360597729682922363e-01
4.248454570770263672e-01
4.507172107696533203e-01
4.208568036556243896e-01
4.442421495914459229e-01
4.311187863349914551e-01
4.481473267078399658e-01
4.349108934402465820e-01
4.350354671478271484e-01
4.495438933372497559e-01
4.480114579200744629e-01
4.540943205356597900e-01
4.271899163722991943e-01
4.559846222400665283e-01
4.726599454879760742e-01
4.482393264770507812e-01
4.464354515075683594e-01
4.224705100059509277e-01
4.622061252593994141e-01
4.481517076492309570e-01
4.383818209171295166e-01
4.224098026752471924e-01
4.459463357925415039e-01
4.338786602020263672e-01
4.528176486492156982e-01
4.506385922431945801e-01
4.461811482906341553e-01
4.424999356269836426e-01
4.297772645950317383e-01
4.292311370372772217e-01
4.580526053905487061e-01
4.503850638866424561e-01
4.511076211929321289e-01
4.427189230918884277e-01
4.493276476860046387e-01
4.597567319869995117e-01
4.385593533515930176e-01
4.518316686153411865e-01
4.246950447559356689e-01
4.645312428474426270e-01
4.330922365188598633e-01
4.486099779605865479e-01
4.350284337997436523e-01
4.471597373485565186e-01
4.284982085227966309e-01
4.576341509819030762e-01
4.345529675483703613e-01
4.514829218387603760e-01
4.514827132225036621e-01
4.427028298377990723e-01
4.322718083858489990e-01
4.231404960155487061e-01
4.415334463119506836e-01
4.367034733295440674e-01
4.425989389419555664e-01
4.494214951992034912e-01
4.428743124008178711e-01
4.440673589706420898e-01
4.514829218387603760e-01
4.440364539623260498e-01
4.356527328491210938e-01
4.427110552787780762e-01
4.514829218387603760e-01
4.277936816215515137e-01
4.456615447998046875e-01
4.350304305553436279e-01
4.444856941699981689e-01
4.280097782611846924e-01
4.486479759216308594e-01
4.238851070404052734e-01
4.514829218387603760e-01
4.366331100463867188e-01
4.232406616210937500e-01
4.325104355812072754e-01
4.362017512321472168e-01
4.479555785655975342e-01
4.397656321525573730e-01
4.355627894401550293e-01
4.384359121322631836e-01
4.226549267768859863e-01
4.594271183013916016e-01
4.416950047016143799e-01
4.277935624122619629e-01
3.983832001686096191e-01
4.355553686618804932e-01
4.418019056320190430e-01
4.410117566585540771e-01
4.529444575309753418e-01
4.410170316696166992e-01
4.478542506694793701e-01
4.370225667953491211e-01
4.555893242359161377e-01
4.420876502990722656e-01
4.628615379333496094e-01
4.376315772533416748e-01
4.311041235923767090e-01
4.442268908023834229e-01
4.530715942382812500e-01
4.711432754993438721e-01
4.489353001117706299e-01
4.434854090213775635e-01
4.659538269042968750e-01
4.186171889305114746e-01
4.441649913787841797e-01
4.250736832618713379e-01
4.623612463474273682e-01
4.251398146152496338e-01
3.965644538402557373e-01
4.358693063259124756e-01
4.504521787166595459e-01
4.118600487709045410e-01
4.412017166614532471e-01
4.372196793556213379e-01
4.383180737495422363e-01
4.321777224540710449e-01
4.250416755676269531e-01
4.091326594352722168e-01
4.270876646041870117e-01
4.271385669708251953e-01
4.412449002265930176e-01
4.081718325614929199e-01
4.247850179672241211e-01
4.308504164218902588e-01
4.334487020969390869e-01
4.171075522899627686e-01
4.425989389419555664e-01
4.438420832157135010e-01
4.562490582466125488e-01
4.424034357070922852e-01
4.057050645351409912e-01
4.280270934104919434e-01
4.003039896488189697e-01
3.969135582447052002e-01
4.283582270145416260e-01
4.409334957599639893e-01
4.514829218387603760e-01
4.352183341979980469e-01
4.307746887207031250e-01
4.252554178237915039e-01
4.668602347373962402e-01
4.482271969318389893e-01
4.243105649948120117e-01
4.487877786159515381e-01
4.116401672363281250e-01
4.064226150512695312e-01
4.426903128623962402e-01
4.166273474693298340e-01
4.514829218387603760e-01
4.289203584194183350e-01
4.424805939197540283e-01
4.488394558429718018e-01
4.239874482154846191e-01
4.430643022060394287e-01
4.707641005516052246e-01
4.309303164482116699e-01
4.420480132102966309e-01
4.364619851112365723e-01
4.422927796840667725e-01
4.161002933979034424e-01
4.178747832775115967e-01
4.161624610424041748e-01
4.101797640323638916e-01
4.514346122741699219e-01
4.514816403388977051e-01
4.514829218387603760e-01
4.309082329273223877e-01
4.395210742950439453e-01
4.426865577697753906e-01
4.368427693843841553e-01
4.514829516410827637e-01
4.360284805297851562e-01
4.593345820903778076e-01
4.447971880435943604e-01
4.359396696090698242e-01
4.450264275074005127e-01
4.426865577697753906e-01
4.439013898372650146e-01
4.639094471931457520e-01
4.427095651626586914e-01
4.496189355850219727e-01
4.481968283653259277e-01
4.254640042781829834e-01
4.488145709037780762e-01
4.434210360050201416e-01
4.270616173744201660e-01
4.313105642795562744e-01
4.426764845848083496e-01
4.201822578907012939e-01
4.366944432258605957e-01
4.426865577697753906e-01
4.478544592857360840e-01
4.669480919837951660e-01
4.509569406509399414e-01
4.327380359172821045e-01
4.413157105445861816e-01
4.328193664550781250e-01
4.345235824584960938e-01
4.348334074020385742e-01
4.278455972671508789e-01
4.420650601387023926e-01
4.604981243610382080e-01
4.514827132225036621e-01
4.273566603660583496e-01
4.244535863399505615e-01
4.443436861038208008e-01
4.355120956897735596e-01
4.172578454017639160e-01
4.389047026634216309e-01
4.354091286659240723e-01
4.477669000625610352e-01
4.319378435611724854e-01
4.268397092819213867e-01
4.317484200000762939e-01
4.289951920509338379e-01
4.286595582962036133e-01
4.509209096431732178e-01
4.490201175212860107e-01
4.195065200328826904e-01
4.172320961952209473e-01
4.444673359394073486e-01
4.462636113166809082e-01
4.295873045921325684e-01
4.495692551136016846e-01
4.390052258968353271e-01
4.433546066284179688e-01
4.418576061725616455e-01
4.191454052925109863e-01
4.416820108890533447e-01
4.382055997848510742e-01
4.327168166637420654e-01
4.448818564414978027e-01
4.324075281620025635e-01
4.327168166637420654e-01
4.601288735866546631e-01
4.340992569923400879e-01
4.359044432640075684e-01
4.182383716106414795e-01
4.437624216079711914e-01
4.423395991325378418e-01
4.195609688758850098e-01
4.478377401828765869e-01
4.578349292278289795e-01
4.355815052986145020e-01
4.246664941310882568e-01
4.491127431392669678e-01
4.419912397861480713e-01
4.176517128944396973e-01
4.360466599464416504e-01
4.191578030586242676e-01
4.336640238761901855e-01
4.200890958309173584e-01
4.191012680530548096e-01
4.489801526069641113e-01
4.186678528785705566e-01
4.231922328472137451e-01
4.382562041282653809e-01
4.681033790111541748e-01
4.325671494007110596e-01
4.010894000530242920e-01
4.355674982070922852e-01
4.514372348785400391e-01
4.151424765586853027e-01
4.457568228244781494e-01
4.566761851310729980e-01
4.429853856563568115e-01
4.225569963455200195e-01
4.268397092819213867e-01
4.739107489585876465e-01
4.288543462753295898e-01
4.380649328231811523e-01
4.425989389419555664e-01
4.524098038673400879e-01
4.641212224960327148e-01
4.516016244888305664e-01
4.093354940414428711e-01
4.423701167106628418e-01
4.694141447544097900e-01
4.631952047348022461e-01
4.313255548477172852e-01
4.192861616611480713e-01
4.323175549507141113e-01
4.310512840747833252e-01
4.219975769519805908e-01
4.403829574584960938e-01
4.305447340011596680e-01
4.222419559955596924e-01
3.941886126995086670e-01
3.964408040046691895e-01
4.402828514575958252e-01
4.386003017425537109e-01
4.442420899868011475e-01
4.332727193832397461e-01
4.408590495586395264e-01
3.809404373168945312e-01
3.979136347770690918e-01
4.336634874343872070e-01
4.514104127883911133e-01
4.110218882560729980e-01
4.287357032299041748e-01
4.461086094379425049e-01
4.715589880943298340e-01
4.545514285564422607e-01
4.509676992893218994e-01
4.244473874568939209e-01
4.201651513576507568e-01
4.065469801425933838e-01
4.405603110790252686e-01
4.343633055686950684e-01
4.451524317264556885e-01
4.513567686080932617e-01
4.006406962871551514e-01
4.478544592857360840e-01
4.522042870521545410e-01
4.577753245830535889e-01
4.526429772377014160e-01
4.310092031955718994e-01
4.476630687713623047e-01
4.256758689880371094e-01
4.313613176345825195e-01
4.477666318416595459e-01
4.421196281909942627e-01
4.405415058135986328e-01
4.395210444927215576e-01
4.474737346172332764e-01
4.113567471504211426e-01
4.447665512561798096e-01
4.538018703460693359e-01
4.325956106185913086e-01
4.197947382926940918e-01
4.259666800498962402e-01
4.380496740341186523e-01
4.349452555179595947e-01
4.219296574592590332e-01
4.316424727439880371e-01
4.129565060138702393e-01
4.421641230583190918e-01
4.478592872619628906e-01
4.200496375560760498e-01
4.429458081722259521e-01
4.307346045970916748e-01
4.191332757472991943e-01
4.490429461002349854e-01
4.126517772674560547e-01
4.230807423591613770e-01
4.366888701915740967e-01
4.307747185230255127e-01
4.300545156002044678e-01
4.232419133186340332e-01
4.338465332984924316e-01
4.478544592857360840e-01
4.438489377498626709e-01
4.512127339839935303e-01
4.356417357921600342e-01
4.387367963790893555e-01
4.355463981628417969e-01
4.325115382671356201e-01
4.508429765701293945e-01
4.577860832214355469e-01
4.318875372409820557e-01
4.502323865890502930e-01
4.514824450016021729e-01
4.335405528545379639e-01
4.264746010303497314e-01
4.514829218387603760e-01
4.328872263431549072e-01
4.355213046073913574e-01
4.244535863399505615e-01
4.514808356761932373e-01
4.499385654926300049e-01
4.532817006111145020e-01
4.570583105087280273e-01
4.472448229789733887e-01
4.514466822147369385e-01
4.456057250499725342e-01
4.514829218387603760e-01
4.433225989341735840e-01
4.447790980339050293e-01
4.514829218387603760e-01
4.545552730560302734e-01
4.400084614753723145e-01
4.508457183837890625e-01
4.365140497684478760e-01
4.355053007602691650e-01
4.266793131828308105e-01
4.276770353317260742e-01
4.247788786888122559e-01
4.317359924316406250e-01
4.332956373691558838e-01
4.481542408466339111e-01
4.461705982685089111e-01
4.320884644985198975e-01
4.309227466583251953e-01
4.224385917186737061e-01
4.250411391258239746e-01
4.316667318344116211e-01
4.355674982070922852e-01
4.325754046440124512e-01
4.371449947357177734e-01
4.296201169490814209e-01
4.212243854999542236e-01
4.303102493286132812e-01
4.325111806392669678e-01
4.401416778564453125e-01
4.428518414497375488e-01
4.513949453830718994e-01
4.469234645366668701e-01
4.608165323734283447e-01
4.455844163894653320e-01
4.471328556537628174e-01
4.475181102752685547e-01
4.360520243644714355e-01
4.262068867683410645e-01
4.277936816215515137e-01
4.410781562328338623e-01
4.524482786655426025e-01
4.514829218387603760e-01
4.472207129001617432e-01
4.397999048233032227e-01
4.514909386634826660e-01
4.485244154930114746e-01
4.121479392051696777e-01
4.433487951755523682e-01
4.417130351066589355e-01
4.278945624828338623e-01
4.268399477005004883e-01
4.149960279464721680e-01
4.028036296367645264e-01
4.526413679122924805e-01
4.514794051647186279e-01
4.497036337852478027e-01
4.384403824806213379e-01
4.456614255905151367e-01
4.514828920364379883e-01
4.445048570632934570e-01
4.384393990039825439e-01
4.426865577697753906e-01
4.484390318393707275e-01
4.406689703464508057e-01
4.094634652137756348e-01
4.362968206405639648e-01
4.508429765701293945e-01
4.340622127056121826e-01
4.437102973461151123e-01
4.307577908039093018e-01
4.252246022224426270e-01
4.422766864299774170e-01
4.484030902385711670e-01
4.514829218387603760e-01
4.601801931858062744e-01
4.336656033992767334e-01
4.351954162120819092e-01
4.348162710666656494e-01
4.433825016021728516e-01
4.289286732673645020e-01
4.313062429428100586e-01
4.360305368900299072e-01
4.395438432693481445e-01
4.335153102874755859e-01
4.350259304046630859e-01
4.144305288791656494e-01
4.514351785182952881e-01
4.523992836475372314e-01
4.429852068424224854e-01
4.402384757995605469e-01
4.255741238594055176e-01
4.280006885528564453e-01
4.111616313457489014e-01
4.491217434406280518e-01
4.353206157684326172e-01
4.078469276428222656e-01
4.426406025886535645e-01
4.200368523597717285e-01
4.494159817695617676e-01
4.295221269130706787e-01
4.437745809555053711e-01
4.442234933376312256e-01
4.460389614105224609e-01
4.425331950187683105e-01
4.511886835098266602e-01
4.640300869941711426e-01
4.478542506694793701e-01
4.355674982070922852e-01
4.313613176345825195e-01
4.512783586978912354e-01
4.605014026165008545e-01
4.454264044761657715e-01
4.303385615348815918e-01
4.426864981651306152e-01
4.412558376789093018e-01
4.054951369762420654e-01
4.622625410556793213e-01
4.693535864353179932e-01
4.280024468898773193e-01
4.443427324295043945e-01
4.327087998390197754e-01
4.598016738891601562e-01
4.328905045986175537e-01
4.394075870513916016e-01
4.388871490955352783e-01
4.485911726951599121e-01
4.466315805912017822e-01
4.440796971321105957e-01
4.531958997249603271e-01
4.498184919357299805e-01
4.358191192150115967e-01
4.402424991130828857e-01
4.383710324764251709e-01
4.605796337127685547e-01
4.268399477005004883e-01
4.426865577697753906e-01
3.931221365928649902e-01
4.506223797798156738e-01
4.522583186626434326e-01
4.526741206645965576e-01
4.567983746528625488e-01
4.379997551441192627e-01
4.595495462417602539e-01
4.367192387580871582e-01
4.391134977340698242e-01
4.350275695323944092e-01
4.514830112457275391e-01
4.504810869693756104e-01
4.359305202960968018e-01
4.512434005737304688e-01
4.461766183376312256e-01
4.514829218387603760e-01
4.514829218387603760e-01
4.481750428676605225e-01
4.383648931980133057e-01
4.355674982070922852e-01
3.977611362934112549e-01
4.514829218387603760e-01
4.537386298179626465e-01
4.510687291622161865e-01
4.307747185230255127e-01
4.356836080551147461e-01
4.491155743598937988e-01
4.504491090774536133e-01
4.157329201698303223e-01
4.306897521018981934e-01
4.520027339458465576e-01
4.596866965293884277e-01
4.135628342628479004e-01
4.194021224975585938e-01
4.406426548957824707e-01
4.483499825000762939e-01
4.514827132225036621e-01
4.248902201652526855e-01
4.274233579635620117e-01
4.299893081188201904e-01
4.355674982070922852e-01
4.490128159523010254e-01
4.268399477005004883e-01
4.270617961883544922e-01
4.514825344085693359e-01
4.307098090648651123e-01
4.470959901809692383e-01
4.367192089557647705e-01
4.277936816215515137e-01
4.367192387580871582e-01
4.514852166175842285e-01
4.317998886108398438e-01
4.268319904804229736e-01
4.298854172229766846e-01
4.273719489574432373e-01
4.275477230548858643e-01
4.198016524314880371e-01
4.469368457794189453e-01
4.323175549507141113e-01
4.345640838146209717e-01
4.378837049007415771e-01
4.305714666843414307e-01
4.426865577697753906e-01
4.325104355812072754e-01
4.193533360958099365e-01
4.480582773685455322e-01
4.378198981285095215e-01
4.348337948322296143e-01
4.362590014934539795e-01
4.465506374835968018e-01
4.590623080730438232e-01
4.607961177825927734e-01
4.304445981979370117e-01
4.260691702365875244e-01
4.227496087551116943e-01
4.345110952854156494e-01
4.513949453830718994e-01
4.342094659805297852e-01
4.310020804405212402e-01
4.469371140003204346e-01
3.876435160636901855e-01
3.816067576408386230e-01
4.242868721485137939e-01
4.243017137050628662e-01
4.514830112457275391e-01
4.592517316341400146e-01
4.349710643291473389e-01
4.294435083866119385e-01
4.375984668731689453e-01
4.386509358882904053e-01
4.491263628005981445e-01
4.342116713523864746e-01
4.109204113483428955e-01
4.299106597900390625e-01
4.268400669097900391e-01
4.514829218387603760e-01
4.169064760208129883e-01
4.388235807418823242e-01
4.188224673271179199e-01
4.604976177215576172e-01
4.228576421737670898e-01
4.355047941207885742e-01
4.262420237064361572e-01
4.410525858402252197e-01
4.404125511646270752e-01
4.474181234836578369e-01
4.470246434211730957e-01
4.305421411991119385e-01
4.648520648479461670e-01
4.390847384929656982e-01
4.279631972312927246e-01
4.265124797821044922e-01
4.355289041996002197e-01
4.505776166915893555e-01
4.271301329135894775e-01
4.243973791599273682e-01
4.790062308311462402e-01
4.426865577697753906e-01
4.395649731159210205e-01
4.514829218387603760e-01
4.384409189224243164e-01
4.354527294635772705e-01
4.553434252738952637e-01
4.033165276050567627e-01
4.350949823856353760e-01
4.461731910705566406e-01
4.193294644355773926e-01
4.562659561634063721e-01
4.411088824272155762e-01
3.826047778129577637e-01
4.530657529830932617e-01
4.030501544475555420e-01
4.384616911411285400e-01
4.166524410247802734e-01
4.433483481407165527e-01
4.582889676094055176e-01
4.323388636112213135e-01
4.449821710586547852e-01
4.465712010860443115e-01
4.333490729331970215e-01
4.253051578998565674e-01
4.485819637775421143e-01
4.341850876808166504e-01
4.637523889541625977e-01
4.292081296443939209e-01
4.323811531066894531e-01
4.427847266197204590e-01
4.367139339447021484e-01
4.325107932090759277e-01
4.349579513072967529e-01
4.427829384803771973e-01
4.339708089828491211e-01
4.325729608535766602e-01
4.325104653835296631e-01
4.447794258594512939e-01
4.472836852073669434e-01
4.321163892745971680e-01
4.415633082389831543e-01
4.325109422206878662e-01
4.417505860328674316e-01
4.325107932090759277e-01
4.513074755668640137e-01
4.325146377086639404e-01
4.531584978103637695e-01
4.437463879585266113e-01
4.472154676914215088e-01
4.256540536880493164e-01
4.424400627613067627e-01
4.325138926506042480e-01
4.325349032878875732e-01
4.325514733791351318e-01
4.325388073921203613e-01
4.325142502784729004e-01
4.325137734413146973e-01
4.604463279247283936e-01
4.334884881973266602e-01
4.339726269245147705e-01
4.418577253818511963e-01
4.545833170413970947e-01
4.515474736690521240e-01
4.253723025321960449e-01
4.098445177078247070e-01
4.487395882606506348e-01
4.367187023162841797e-01
4.479168355464935303e-01
4.398401081562042236e-01
4.279631972312927246e-01
4.504999220371246338e-01
4.280091226100921631e-01
4.418560862541198730e-01
4.325142502784729004e-01
4.313170313835144043e-01
4.391194880008697510e-01
4.468093514442443848e-01
4.325487613677978516e-01
4.328563511371612549e-01
4.344419240951538086e-01
4.321196079254150391e-01
4.358352422714233398e-01
4.277477264404296875e-01
4.496261477470397949e-01
4.330063760280609131e-01
4.514829218387603760e-01
4.514863193035125732e-01
4.514763653278350830e-01
4.494154453277587891e-01
4.507404565811157227e-01
4.457680284976959229e-01
4.664457142353057861e-01
4.771864414215087891e-01
4.523665308952331543e-01
4.391507804393768311e-01
4.402078092098236084e-01
4.242662787437438965e-01
4.244535863399505615e-01
4.151321053504943848e-01
4.297944009304046631e-01
4.508957862854003906e-01
4.472207129001617432e-01
4.426867067813873291e-01
4.384291172027587891e-01
4.486226439476013184e-01
4.472448229789733887e-01
4.436228871345520020e-01
4.401780068874359131e-01
4.323476552963256836e-01
4.226653575897216797e-01
4.490110278129577637e-01
4.398498833179473877e-01
4.490026831626892090e-01
4.478551745414733887e-01
4.563739895820617676e-01
4.659840464591979980e-01
4.331432580947875977e-01
4.484957456588745117e-01
4.608973562717437744e-01
4.496868848800659180e-01
4.346371889114379883e-01
4.433075189590454102e-01
4.440887272357940674e-01
4.468776583671569824e-01
4.433195292949676514e-01
4.444902837276458740e-01
4.026034474372863770e-01
4.346688985824584961e-01
4.384689331054687500e-01
4.362732768058776855e-01
4.396174848079681396e-01
4.346857070922851562e-01
4.321242570877075195e-01
4.504441022872924805e-01
4.168704748153686523e-01
4.619192183017730713e-01
4.325104355812072754e-01
4.049896597862243652e-01
4.404779672622680664e-01
4.576638340950012207e-01
4.420490860939025879e-01
4.426506161689758301e-01
4.358249902725219727e-01
4.366213977336883545e-01
4.446087479591369629e-01
4.246440827846527100e-01
4.170936942100524902e-01
4.451028108596801758e-01
4.425989389419555664e-01
4.518289268016815186e-01
4.514262974262237549e-01
4.514829218387603760e-01
4.523673951625823975e-01
3.975493013858795166e-01
4.630296826362609863e-01
4.330137968063354492e-01
4.514805078506469727e-01
4.559665322303771973e-01
4.465842247009277344e-01
4.472127854824066162e-01
4.550731480121612549e-01
4.628666937351226807e-01
4.579378366470336914e-01
4.326307177543640137e-01
4.361568689346313477e-01
4.391807615756988525e-01
4.312427639961242676e-01
4.456621408462524414e-01
4.374153017997741699e-01
4.357903003692626953e-01
4.290660023689270020e-01
4.414209425449371338e-01
4.514809846878051758e-01
4.362562894821166992e-01
4.475339353084564209e-01
4.463046193122863770e-01
4.514829218387603760e-01
4.601491391658782959e-01
4.333515763282775879e-01
4.426865577697753906e-01
4.252860546112060547e-01
4.364050626754760742e-01
4.491023123264312744e-01
4.466670751571655273e-01
4.574658870697021484e-01
4.548816978931427002e-01
4.162330627441406250e-01
4.250193238258361816e-01
4.328220486640930176e-01
4.507311582565307617e-01
4.514827132225036621e-01
4.464023113250732422e-01
4.509320855140686035e-01
4.279450178146362305e-01
4.611682295799255371e-01
4.508429765701293945e-01
4.398095905780792236e-01
4.524482488632202148e-01
4.343782663345336914e-01
4.524482786655426025e-01
4.229663908481597900e-01
4.514829218387603760e-01
4.494673311710357666e-01
3.798256814479827881e-01
4.514829218387603760e-01
4.457547664642333984e-01
4.250416457653045654e-01
4.426865577697753906e-01
3.964205086231231689e-01
4.364763200283050537e-01
4.420490562915802002e-01
4.435805082321166992e-01
4.515103101730346680e-01
4.510370492935180664e-01
4.604994952678680420e-01
4.471196532249450684e-01
4.406115114688873291e-01
4.347390830516815186e-01
4.419252276420593262e-01
4.319809973239898682e-01
4.514829218387603760e-01
4.510676264762878418e-01
4.205320477485656738e-01
4.410822987556457520e-01
4.357191920280456543e-01
4.218630790710449219e-01
4.407697319984436035e-01
4.125466942787170410e-01
4.331731498241424561e-01
4.325104355812072754e-01
4.310762882232666016e-01
4.325104355812072754e-01
4.285778999328613281e-01
4.386977553367614746e-01
4.222727715969085693e-01
4.325104355812072754e-01
4.318587779998779297e-01
4.514829218387603760e-01
3.846004605293273926e-01
4.307641983032226562e-01
4.518006742000579834e-01
4.302577376365661621e-01
4.354074001312255859e-01
4.348200857639312744e-01
4.351068735122680664e-01
4.315766096115112305e-01
4.478790163993835449e-01
3.946929574012756348e-01
4.426891207695007324e-01
4.408715069293975830e-01
4.683168530464172363e-01
4.319135844707489014e-01
4.550698399543762207e-01
4.389627575874328613e-01
4.574515819549560547e-01
4.238522052764892578e-01
4.054843485355377197e-01
4.515119194984436035e-01
4.201202988624572754e-01
4.577356576919555664e-01
4.329407513141632080e-01
4.150032997131347656e-01
4.361804425716400146e-01
4.390760362148284912e-01
4.563021063804626465e-01
4.502725601196289062e-01
4.477986991405487061e-01
4.347648322582244873e-01
3.847992420196533203e-01
4.529673457145690918e-01
4.813377857208251953e-01
4.589939117431640625e-01
4.601702988147735596e-01
4.325112998485565186e-01
4.375035166740417480e-01
4.438985288143157959e-01
4.496201276779174805e-01
4.384596347808837891e-01
4.244893789291381836e-01
4.198269248008728027e-01
4.672578871250152588e-01
4.465501606464385986e-01
4.263340532779693604e-01
4.526047408580780029e-01
4.496858417987823486e-01
4.130785465240478516e-01
4.274889826774597168e-01
4.436482191085815430e-01
4.267925620079040527e-01
4.033724665641784668e-01
4.267262518405914307e-01
4.417080581188201904e-01
4.240375459194183350e-01
4.372352361679077148e-01
4.357904195785522461e-01
4.514827430248260498e-01
4.323629736900329590e-01
3.911135792732238770e-01
4.384650290012359619e-01
4.514829218387603760e-01
4.135387241840362549e-01
4.514829218387603760e-01
4.313613176345825195e-01
4.356385767459869385e-01
4.403004944324493408e-01
4.428099691867828369e-01
4.148577749729156494e-01
4.780591726303100586e-01
4.673380553722381592e-01
4.304740428924560547e-01
4.329395294189453125e-01
4.325190782546997070e-01
4.432992637157440186e-01
4.446773231029510498e-01
4.311037361621856689e-01
4.313613176345825195e-01
4.757176041603088379e-01
4.576093852519989014e-01
4.574488997459411621e-01
4.338142871856689453e-01
4.478853344917297363e-01
4.693536162376403809e-01
4.475846588611602783e-01
4.580411612987518311e-01
4.407676756381988525e-01
4.274096786975860596e-01
4.514710009098052979e-01
4.514710009098052979e-01
4.433061182498931885e-01
4.367192387580871582e-01
4.259366989135742188e-01
4.325122237205505371e-01
4.646258950233459473e-01
4.277566671371459961e-01
4.390924572944641113e-01
4.315992295742034912e-01
4.514629840850830078e-01
