4.780345559120178223e-01
4.920561611652374268e-01
4.780345559120178223e-01
4.780345559120178223e-01
4.780345559120178223e-01
4.780345559120178223e-01
4.780345559120178223e-01
4.780345559120178223e-01
4.780345559120178223e-01
4.780345559120178223e-01
4.780345559120178223e-01
4.780345559120178223e-01
4.780345559120178223e-01
5.068283081054687500e-01
4.780345559120178223e-01
4.780345559120178223e-01
4.780345559120178223e-01
4.780345559120178223e-01
4.780345559120178223e-01
4.780345559120178223e-01
4.780345559120178223e-01
4.780345559120178223e-01
4.780345559120178223e-01
4.780345559120178223e-01
4.780345559120178223e-01
4.780345559120178223e-01
4.780345559120178223e-01
4.780345559120178223e-01
4.780345559120178223e-01
4.780345559120178223e-01
4.780345559120178223e-01
4.780345559120178223e-01
4.780345559120178223e-01
4.780345559120178223e-01
4.780345559120178223e-01
4.780345559120178223e-01
4.780345559120178223e-01
4.780345559120178223e-01
4.780345559120178223e-01
4.780345559120178223e-01
4.780345559120178223e-01
4.780345559120178223e-01
4.780345559120178223e-01
4.780345559120178223e-01
4.780345559120178223e-01
4.780345559120178223e-01
4.780345559120178223e-01
4.780345559120178223e-01
4.780345559120178223e-01
4.780345559120178223e-01
4.780345559120178223e-01
4.780345559120178223e-01
4.780345559120178223e-01
4.780345559120178223e-01
4.780345559120178223e-01
4.780345559120178223e-01
4.780345559120178223e-01
4.780345559120178223e-01
4.780345559120178223e-01
4.780345559120178223e-01
4.780345559120178223e-01
4.780345559120178223e-01
4.780345559120178223e-01
4.780345559120178223e-01
4.780345559120178223e-01
4.780345559120178223e-01
5.098897218704223633e-01
4.780345559120178223e-01
4.780345559120178223e-01
4.780345559120178223e-01
4.780345559120178223e-01
4.949011504650115967e-01
4.780345559120178223e-01
4.780345559120178223e-01
4.780345559120178223e-01
4.780345559120178223e-01
4.780345559120178223e-01
4.780345559120178223e-01
4.780345559120178223e-01
4.780345559120178223e-01
4.780345559120178223e-01
4.780345559120178223e-01
4.780345559120178223e-01
4.780345559120178223e-01
4.780345559120178223e-01
4.780345559120178223e-01
4.780345559120178223e-01
4.780345559120178223e-01
4.780345559120178223e-01
4.780345559120178223e-01
4.780345559120178223e-01
4.780345559120178223e-01
4.780345559120178223e-01
4.780345559120178223e-01
4.940426349639892578e-01
5.068283081054687500e-01
4.780345559120178223e-01
4.780345559120178223e-01
4.780345559120178223e-01
4.780345559120178223e-01
4.780345559120178223e-01
4.780345559120178223e-01
4.780345559120178223e-01
4.780345559120178223e-01
4.780345559120178223e-01
4.780345559120178223e-01
4.780345559120178223e-01
5.068283081054687500e-01
4.780345559120178223e-01
4.780345559120178223e-01
4.991120994091033936e-01
4.780345559120178223e-01
4.780345559120178223e-01
5.068283081054687500e-01
4.780345559120178223e-01
4.780345559120178223e-01
4.780345559120178223e-01
4.780345559120178223e-01
4.780345559120178223e-01
5.075253248214721680e-01
4.780345559120178223e-01
4.965940713882446289e-01
4.999606609344482422e-01
4.780345559120178223e-01
4.780345559120178223e-01
4.780345559120178223e-01
4.780345559120178223e-01
4.780345559120178223e-01
4.924740791320800781e-01
4.780345559120178223e-01
4.780345559120178223e-01
4.780345559120178223e-01
4.780345559120178223e-01
4.999606609344482422e-01
4.866486191749572754e-01
4.780345559120178223e-01
4.780345559120178223e-01
4.780345559120178223e-01
4.780345559120178223e-01
4.780345559120178223e-01
4.780345559120178223e-01
4.780345559120178223e-01
5.068283081054687500e-01
4.780345559120178223e-01
4.780345559120178223e-01
4.780345559120178223e-01
4.780345559120178223e-01
4.780345559120178223e-01
4.780345559120178223e-01
5.180393457412719727e-01
4.780345559120178223e-01
5.102061033248901367e-01
4.780345559120178223e-01
4.780345559120178223e-01
4.780345559120178223e-01
4.780345559120178223e-01
4.780345559120178223e-01
4.780345559120178223e-01
4.780345559120178223e-01
5.068283081054687500e-01
4.780345559120178223e-01
4.780345559120178223e-01
4.796816706657409668e-01
4.780345559120178223e-01
4.801154136657714844e-01
4.780345559120178223e-01
4.780345559120178223e-01
4.780345559120178223e-01
4.780345559120178223e-01
4.780345559120178223e-01
4.840469658374786377e-01
4.780345559120178223e-01
4.780345559120178223e-01
4.780345559120178223e-01
5.068283081054687500e-01
4.780345559120178223e-01
4.780345559120178223e-01
4.963534474372863770e-01
5.116764307022094727e-01
4.780345559120178223e-01
4.913904070854187012e-01
4.780345559120178223e-01
5.169866085052490234e-01
4.780345559120178223e-01
5.068283081054687500e-01
4.780345559120178223e-01
4.780345559120178223e-01
4.780345559120178223e-01
4.780345559120178223e-01
4.780345559120178223e-01
4.780345559120178223e-01
4.780345559120178223e-01
4.821493923664093018e-01
4.780345559120178223e-01
4.780345559120178223e-01
4.780345559120178223e-01
4.780345559120178223e-01
4.780345559120178223e-01
4.780345559120178223e-01
4.780345559120178223e-01
4.780345559120178223e-01
4.780345559120178223e-01
5.068273544311523438e-01
4.780345559120178223e-01
4.780345559120178223e-01
4.780345559120178223e-01
4.780345559120178223e-01
4.780345559120178223e-01
4.780345559120178223e-01
4.780345559120178223e-01
4.780345559120178223e-01
4.780345559120178223e-01
4.780345559120178223e-01
4.780345559120178223e-01
4.780345559120178223e-01
4.780345559120178223e-01
4.780345559120178223e-01
4.892117679119110107e-01
4.780345559120178223e-01
4.780345559120178223e-01
4.780345559120178223e-01
4.780345559120178223e-01
4.780345559120178223e-01
4.780345559120178223e-01
4.780345559120178223e-01
4.780345559120178223e-01
4.780345559120178223e-01
4.780345559120178223e-01
4.780345559120178223e-01
4.780345559120178223e-01
4.780345559120178223e-01
4.780345559120178223e-01
4.780345559120178223e-01
4.780345559120178223e-01
4.818682372570037842e-01
4.780345559120178223e-01
4.780345559120178223e-01
4.780345559120178223e-01
4.832265377044677734e-01
5.043025612831115723e-01
4.780345559120178223e-01
4.780345559120178223e-01
5.057921409606933594e-01
4.780345559120178223e-01
4.780345559120178223e-01
4.780345559120178223e-01
4.780345559120178223e-01
4.935401380062103271e-01
4.821833670139312744e-01
4.780345559120178223e-01
5.014836192131042480e-01
5.020595192909240723e-01
4.780345559120178223e-01
4.970560967922210693e-01
4.780345559120178223e-01
4.780345559120178223e-01
4.780345559120178223e-01
4.780345559120178223e-01
4.780345559120178223e-01
4.780345559120178223e-01
4.780345559120178223e-01
4.780345559120178223e-01
4.780345559120178223e-01
4.780345559120178223e-01
4.780345559120178223e-01
4.780345559120178223e-01
4.780345559120178223e-01
4.780345559120178223e-01
4.780345559120178223e-01
5.068275332450866699e-01
4.780345559120178223e-01
5.048208236694335938e-01
4.780345559120178223e-01
4.780345559120178223e-01
4.780345559120178223e-01
4.780345559120178223e-01
4.780345559120178223e-01
4.780345559120178223e-01
4.780345559120178223e-01
4.780345559120178223e-01
4.780345559120178223e-01
4.780345559120178223e-01
4.780345559120178223e-01
4.999606609344482422e-01
4.780345559120178223e-01
5.039334893226623535e-01
5.040934681892395020e-01
4.780345559120178223e-01
4.780345559120178223e-01
4.780345559120178223e-01
4.990822672843933105e-01
4.780345559120178223e-01
4.780345559120178223e-01
4.780345559120178223e-01
4.780345559120178223e-01
4.893629848957061768e-01
4.780345559120178223e-01
4.780345559120178223e-01
4.780345559120178223e-01
4.780345559120178223e-01
4.780345559120178223e-01
4.780345559120178223e-01
4.780345559120178223e-01
4.780345559120178223e-01
4.780345559120178223e-01
4.780345559120178223e-01
4.780345559120178223e-01
4.780345559120178223e-01
4.780345559120178223e-01
4.780345559120178223e-01
4.780345559120178223e-01
4.780345559120178223e-01
4.806776344776153564e-01
4.811816215515136719e-01
4.780345559120178223e-01
4.780345559120178223e-01
4.817492663860321045e-01
4.780345559120178223e-01
4.780345559120178223e-01
4.780345559120178223e-01
4.780345559120178223e-01
4.780345559120178223e-01
4.780345559120178223e-01
4.780345559120178223e-01
4.780345559120178223e-01
4.780345559120178223e-01
5.107138752937316895e-01
4.780345559120178223e-01
4.780345559120178223e-01
4.780345559120178223e-01
4.780345559120178223e-01
4.780345559120178223e-01
4.780345559120178223e-01
4.780345559120178223e-01
4.780345559120178223e-01
4.780345559120178223e-01
4.780345559120178223e-01
4.780345559120178223e-01
4.780345559120178223e-01
4.780345559120178223e-01
4.780345559120178223e-01
4.780345559120178223e-01
4.780345559120178223e-01
4.780345559120178223e-01
4.937407970428466797e-01
4.780345559120178223e-01
4.780345559120178223e-01
4.780345559120178223e-01
4.780345559120178223e-01
4.780345559120178223e-01
4.780345559120178223e-01
4.780345559120178223e-01
4.780345559120178223e-01
4.780345559120178223e-01
4.780345559120178223e-01
4.780345559120178223e-01
4.780345559120178223e-01
4.780345559120178223e-01
4.780345559120178223e-01
4.780345559120178223e-01
4.910416603088378906e-01
4.780345559120178223e-01
4.780345559120178223e-01
4.780345559120178223e-01
5.068283081054687500e-01
4.780345559120178223e-01
4.780345559120178223e-01
4.780345559120178223e-01
4.780345559120178223e-01
4.780345559120178223e-01
4.780345559120178223e-01
4.780345559120178223e-01
4.780345559120178223e-01
4.780345559120178223e-01
4.780345559120178223e-01
4.780345559120178223e-01
4.780345559120178223e-01
4.780345559120178223e-01
4.780345559120178223e-01
4.780345559120178223e-01
4.780345559120178223e-01
4.780345559120178223e-01
4.780345559120178223e-01
4.780345559120178223e-01
4.780345559120178223e-01
4.780345559120178223e-01
4.780345559120178223e-01
4.780345559120178223e-01
4.780345559120178223e-01
4.780345559120178223e-01
4.780345559120178223e-01
4.780345559120178223e-01
4.780345559120178223e-01
4.926295578479766846e-01
4.780345559120178223e-01
4.780345559120178223e-01
4.780345559120178223e-01
4.999033510684967041e-01
4.780345559120178223e-01
4.780345559120178223e-01
4.780345559120178223e-01
4.780345559120178223e-01
4.780345559120178223e-01
4.912416934967041016e-01
5.068282485008239746e-01
4.780345559120178223e-01
4.780345559120178223e-01
4.780345559120178223e-01
4.780345559120178223e-01
4.780345559120178223e-01
4.962878525257110596e-01
5.068283081054687500e-01
4.780345559120178223e-01
4.780345559120178223e-01
4.780345559120178223e-01
4.780345559120178223e-01
4.780345559120178223e-01
4.780345559120178223e-01
5.063231587409973145e-01
4.780345559120178223e-01
4.780345559120178223e-01
5.225787758827209473e-01
4.938061237335205078e-01
4.780345559120178223e-01
4.780345559120178223e-01
4.780345559120178223e-01
4.780345559120178223e-01
4.780345559120178223e-01
4.780345559120178223e-01
5.068283081054687500e-01
4.780345559120178223e-01
4.780345559120178223e-01
4.780345559120178223e-01
4.780345559120178223e-01
4.780345559120178223e-01
4.780345559120178223e-01
4.780345559120178223e-01
4.780345559120178223e-01
4.780345559120178223e-01
4.780345559120178223e-01
4.780345559120178223e-01
4.780345559120178223e-01
4.780345559120178223e-01
4.780345559120178223e-01
4.780345559120178223e-01
4.780345559120178223e-01
4.780345559120178223e-01
4.780345559120178223e-01
4.780345559120178223e-01
4.780345559120178223e-01
4.780345559120178223e-01
4.780345559120178223e-01
4.780345559120178223e-01
4.780345559120178223e-01
4.780345559120178223e-01
5.068283081054687500e-01
5.068283081054687500e-01
4.780345559120178223e-01
4.780345559120178223e-01
4.780345559120178223e-01
5.068283081054687500e-01
4.780345559120178223e-01
4.780345559120178223e-01
4.780345559120178223e-01
4.780345559120178223e-01
4.780345559120178223e-01
4.780345559120178223e-01
5.017268657684326172e-01
4.780345559120178223e-01
5.198641419410705566e-01
4.780345559120178223e-01
5.068283081054687500e-01
5.019217729568481445e-01
4.780345559120178223e-01
5.068283081054687500e-01
4.780345559120178223e-01
4.780345559120178223e-01
4.780345559120178223e-01
4.780345559120178223e-01
4.780345559120178223e-01
4.780345559120178223e-01
4.780345559120178223e-01
4.780345559120178223e-01
4.780345559120178223e-01
4.780345559120178223e-01
4.780345559120178223e-01
4.780345559120178223e-01
4.780345559120178223e-01
4.780345559120178223e-01
4.780345559120178223e-01
4.780345559120178223e-01
4.780345559120178223e-01
4.780345559120178223e-01
4.780345559120178223e-01
4.780345559120178223e-01
4.780345559120178223e-01
4.780345559120178223e-01
4.780345559120178223e-01
4.780345559120178223e-01
5.050510764122009277e-01
4.780345559120178223e-01
4.780345559120178223e-01
4.780345559120178223e-01
4.780345559120178223e-01
4.780345559120178223e-01
4.780345559120178223e-01
4.780345559120178223e-01
4.780345559120178223e-01
4.780345559120178223e-01
4.780345559120178223e-01
4.999606609344482422e-01
4.780345559120178223e-01
4.780345559120178223e-01
4.780345559120178223e-01
5.068283081054687500e-01
4.780345559120178223e-01
4.780345559120178223e-01
5.016314387321472168e-01
4.780345559120178223e-01
4.780345559120178223e-01
4.780345559120178223e-01
5.040576457977294922e-01
4.780345559120178223e-01
4.780345559120178223e-01
4.780345559120178223e-01
4.780345559120178223e-01
4.780345559120178223e-01
5.067263841629028320e-01
5.035882592201232910e-01
4.780345559120178223e-01
4.780345559120178223e-01
4.780345559120178223e-01
4.780345559120178223e-01
4.780345559120178223e-01
4.780345559120178223e-01
4.780345559120178223e-01
4.780345559120178223e-01
4.780345559120178223e-01
4.780345559120178223e-01
4.780345559120178223e-01
4.780345559120178223e-01
4.780345559120178223e-01
4.780345559120178223e-01
4.780345559120178223e-01
4.780345559120178223e-01
4.780345559120178223e-01
4.780345559120178223e-01
4.780345559120178223e-01
4.780345559120178223e-01
4.780345559120178223e-01
4.780345559120178223e-01
4.780345559120178223e-01
4.780345559120178223e-01
4.780345559120178223e-01
4.780345559120178223e-01
4.780345559120178223e-01
4.780345559120178223e-01
4.780345559120178223e-01
4.780345559120178223e-01
4.780345559120178223e-01
4.780345559120178223e-01
4.780345559120178223e-01
4.780345559120178223e-01
4.780345559120178223e-01
4.780345559120178223e-01
4.780345559120178223e-01
4.780345559120178223e-01
4.780345559120178223e-01
4.780345559120178223e-01
4.780345559120178223e-01
4.780345559120178223e-01
4.780345559120178223e-01
4.780345559120178223e-01
4.780345559120178223e-01
4.780345559120178223e-01
4.780345559120178223e-01
4.780345559120178223e-01
4.780345559120178223e-01
4.780345559120178223e-01
4.780345559120178223e-01
4.780345559120178223e-01
4.780345559120178223e-01
4.447123706340789795e-01
4.780345559120178223e-01
4.780345559120178223e-01
4.780345559120178223e-01
4.780345559120178223e-01
5.042212009429931641e-01
5.068283081054687500e-01
4.780345559120178223e-01
4.780345559120178223e-01
4.780345559120178223e-01
4.780345559120178223e-01
4.780345559120178223e-01
4.780345559120178223e-01
4.780345559120178223e-01
4.780345559120178223e-01
4.780345559120178223e-01
4.780345559120178223e-01
5.068283081054687500e-01
5.068283081054687500e-01
4.780345559120178223e-01
4.780345559120178223e-01
4.780345559120178223e-01
4.780345559120178223e-01
4.780345559120178223e-01
4.780345559120178223e-01
4.780345559120178223e-01
4.780345559120178223e-01
4.780345559120178223e-01
4.780345559120178223e-01
4.780345559120178223e-01
4.780345559120178223e-01
4.780345559120178223e-01
4.780345559120178223e-01
4.780345559120178223e-01
4.977481663227081299e-01
4.780345559120178223e-01
4.780345559120178223e-01
4.947103261947631836e-01
4.780345559120178223e-01
5.068283081054687500e-01
4.930689036846160889e-01
4.780345559120178223e-01
4.780345559120178223e-01
4.780345559120178223e-01
4.780345559120178223e-01
4.780345559120178223e-01
4.780345559120178223e-01
4.780345559120178223e-01
4.780345559120178223e-01
4.780345559120178223e-01
4.780345559120178223e-01
4.780345559120178223e-01
4.780345559120178223e-01
4.780345559120178223e-01
4.780345559120178223e-01
4.780345559120178223e-01
4.780345559120178223e-01
4.780345559120178223e-01
4.780345559120178223e-01
4.780345559120178223e-01
4.780345559120178223e-01
4.780345559120178223e-01
4.780345559120178223e-01
4.780345559120178223e-01
4.780345559120178223e-01
4.780345559120178223e-01
5.068283081054687500e-01
4.780345559120178223e-01
4.780345559120178223e-01
4.780345559120178223e-01
4.780345559120178223e-01
4.780345559120178223e-01
4.780345559120178223e-01
4.780345559120178223e-01
4.780345559120178223e-01
4.780345559120178223e-01
4.780345559120178223e-01
4.780345559120178223e-01
4.780345559120178223e-01
4.780345559120178223e-01
4.780345559120178223e-01
4.780345559120178223e-01
4.780345559120178223e-01
4.780345559120178223e-01
4.780345559120178223e-01
4.780345559120178223e-01
4.780345559120178223e-01
4.780345559120178223e-01
4.780345559120178223e-01
4.780345559120178223e-01
4.780345559120178223e-01
4.780345559120178223e-01
4.780345559120178223e-01
4.780345559120178223e-01
4.780345559120178223e-01
4.780345559120178223e-01
4.780345559120178223e-01
4.780345559120178223e-01
4.780345559120178223e-01
4.780345559120178223e-01
4.780345559120178223e-01
4.780345559120178223e-01
4.780345559120178223e-01
4.780345559120178223e-01
4.780345559120178223e-01
4.780345559120178223e-01
4.780345559120178223e-01
4.780345559120178223e-01
4.780345559120178223e-01
4.780345559120178223e-01
4.780345559120178223e-01
4.780345559120178223e-01
4.780345559120178223e-01
4.780345559120178223e-01
4.780345559120178223e-01
4.780345559120178223e-01
4.780345559120178223e-01
4.780345559120178223e-01
4.780345559120178223e-01
4.780345559120178223e-01
4.780345559120178223e-01
4.985201060771942139e-01
4.780345559120178223e-01
4.780345559120178223e-01
4.780345559120178223e-01
5.068283081054687500e-01
4.967547059059143066e-01
4.780345559120178223e-01
5.068283081054687500e-01
4.780345559120178223e-01
4.780345559120178223e-01
4.780345559120178223e-01
4.780345559120178223e-01
4.780345559120178223e-01
4.780345559120178223e-01
4.780345559120178223e-01
4.780345559120178223e-01
4.780345559120178223e-01
4.780345559120178223e-01
4.780345559120178223e-01
4.780345559120178223e-01
4.780345559120178223e-01
4.780345559120178223e-01
4.780345559120178223e-01
4.780345559120178223e-01
4.780345559120178223e-01
4.780345559120178223e-01
4.780345559120178223e-01
4.780345559120178223e-01
4.780345559120178223e-01
4.780345559120178223e-01
4.780345559120178223e-01
4.780345559120178223e-01
4.780345559120178223e-01
4.780345559120178223e-01
4.780345559120178223e-01
4.780345559120178223e-01
4.780345559120178223e-01
4.780345559120178223e-01
4.780345559120178223e-01
4.780345559120178223e-01
4.780345559120178223e-01
4.780345559120178223e-01
4.780345559120178223e-01
4.780345559120178223e-01
4.780345559120178223e-01
4.780345559120178223e-01
4.780345559120178223e-01
4.780345559120178223e-01
4.780345559120178223e-01
4.780345559120178223e-01
4.780345559120178223e-01
4.780345559120178223e-01
4.780345559120178223e-01
4.780345559120178223e-01
4.780345559120178223e-01
4.780345559120178223e-01
4.857400655746459961e-01
4.947313964366912842e-01
4.780345559120178223e-01
4.780345559120178223e-01
4.963687956333160400e-01
4.780345559120178223e-01
4.780345559120178223e-01
4.985012710094451904e-01
4.780345559120178223e-01
4.780345559120178223e-01
4.983403980731964111e-01
4.780345559120178223e-01
4.780345559120178223e-01
4.780345559120178223e-01
4.780345559120178223e-01
4.780345559120178223e-01
4.917077124118804932e-01
4.780345559120178223e-01
4.780345559120178223e-01
4.780345559120178223e-01
5.068283081054687500e-01
4.780345559120178223e-01
4.780345559120178223e-01
4.780345559120178223e-01
4.780345559120178223e-01
4.780345559120178223e-01
4.780345559120178223e-01
4.780345559120178223e-01
4.780345559120178223e-01
4.780345559120178223e-01
4.780345559120178223e-01
4.780345559120178223e-01
5.033130645751953125e-01
4.780345559120178223e-01
4.780345559120178223e-01
4.780345559120178223e-01
4.780345559120178223e-01
4.780345559120178223e-01
4.780345559120178223e-01
4.780345559120178223e-01
4.807635843753814697e-01
4.975266158580780029e-01
4.780345559120178223e-01
4.780345559120178223e-01
5.068277120590209961e-01
5.289285778999328613e-01
5.094604492187500000e-01
5.029460191726684570e-01
5.068283081054687500e-01
5.381729602813720703e-01
5.058323740959167480e-01
4.780345559120178223e-01
5.206117630004882812e-01
5.068283081054687500e-01
4.780345559120178223e-01
4.780345559120178223e-01
4.780345559120178223e-01
4.780345559120178223e-01
4.780345559120178223e-01
5.068153738975524902e-01
4.780345559120178223e-01
4.780345559120178223e-01
4.780345559120178223e-01
4.780345559120178223e-01
4.780345559120178223e-01
4.780345559120178223e-01
4.780345559120178223e-01
4.780345559120178223e-01
4.780345559120178223e-01
4.780345559120178223e-01
4.780345559120178223e-01
4.780345559120178223e-01
4.780345559120178223e-01
4.780345559120178223e-01
4.780345559120178223e-01
4.849278628826141357e-01
4.780345559120178223e-01
4.780345559120178223e-01
4.780345559120178223e-01
4.780345559120178223e-01
4.780345559120178223e-01
4.780345559120178223e-01
4.780345559120178223e-01
4.780345559120178223e-01
4.780345559120178223e-01
4.780345559120178223e-01
4.780345559120178223e-01
4.780345559120178223e-01
4.780345559120178223e-01
4.780345559120178223e-01
4.780345559120178223e-01
4.780345559120178223e-01
4.780345559120178223e-01
4.780345559120178223e-01
4.780345559120178223e-01
4.780345559120178223e-01
4.780345559120178223e-01
4.780345559120178223e-01
4.780345559120178223e-01
4.780345559120178223e-01
4.780345559120178223e-01
4.780345559120178223e-01
4.780345559120178223e-01
4.780345559120178223e-01
4.780345559120178223e-01
4.811201989650726318e-01
4.780345559120178223e-01
4.780345559120178223e-01
4.780345559120178223e-01
4.780345559120178223e-01
4.780345559120178223e-01
4.780345559120178223e-01
4.780345559120178223e-01
4.780345559120178223e-01
4.780345559120178223e-01
4.780345559120178223e-01
4.780345559120178223e-01
4.780345559120178223e-01
4.780345559120178223e-01
4.780345559120178223e-01
4.780345559120178223e-01
4.780345559120178223e-01
4.780345559120178223e-01
4.780345559120178223e-01
4.780345559120178223e-01
4.780345559120178223e-01
5.068283081054687500e-01
4.780345559120178223e-01
4.780345559120178223e-01
4.780345559120178223e-01
4.780345559120178223e-01
4.780345559120178223e-01
4.780345559120178223e-01
4.780345559120178223e-01
4.780345559120178223e-01
5.068224072456359863e-01
4.864416122436523438e-01
4.780345559120178223e-01
4.780345559120178223e-01
4.780345559120178223e-01
4.904025793075561523e-01
4.780345559120178223e-01
4.780345559120178223e-01
4.780345559120178223e-01
4.780345559120178223e-01
4.780345559120178223e-01
4.780345559120178223e-01
4.780345559120178223e-01
4.780345559120178223e-01
