4.904336631298065186e-01
4.904336631298065186e-01
4.904336631298065186e-01
4.904336631298065186e-01
4.904336631298065186e-01
4.904336631298065186e-01
4.904336631298065186e-01
4.904336631298065186e-01
4.904336631298065186e-01
4.904336631298065186e-01
4.904336631298065186e-01
4.904336631298065186e-01
4.904336631298065186e-01
4.904336631298065186e-01
4.904336631298065186e-01
4.904336631298065186e-01
4.904336631298065186e-01
4.904336631298065186e-01
4.904336631298065186e-01
4.904336631298065186e-01
4.904336631298065186e-01
4.904336631298065186e-01
4.904336631298065186e-01
4.904336631298065186e-01
4.904336631298065186e-01
4.904336631298065186e-01
4.904336631298065186e-01
4.904336631298065186e-01
4.904336631298065186e-01
4.904336631298065186e-01
4.904336631298065186e-01
4.904336631298065186e-01
4.904336631298065186e-01
4.853441119194030762e-01
4.904336631298065186e-01
4.904336631298065186e-01
4.904336631298065186e-01
4.904336631298065186e-01
4.904336631298065186e-01
4.904336631298065186e-01
4.904336631298065186e-01
4.904336631298065186e-01
4.904336631298065186e-01
4.904336631298065186e-01
4.904336631298065186e-01
4.904336631298065186e-01
4.904336631298065186e-01
4.904336631298065186e-01
4.904336631298065186e-01
4.904336631298065186e-01
4.904336631298065186e-01
4.904336631298065186e-01
4.904336631298065186e-01
4.904336631298065186e-01
4.904336631298065186e-01
4.904336631298065186e-01
4.904336631298065186e-01
4.904336631298065186e-01
4.904336631298065186e-01
4.904336631298065186e-01
4.904336631298065186e-01
4.904336631298065186e-01
4.904336631298065186e-01
4.939690530300140381e-01
4.904336631298065186e-01
4.904336631298065186e-01
4.904336631298065186e-01
4.904336631298065186e-01
4.904336631298065186e-01
4.904336631298065186e-01
4.904336631298065186e-01
4.904336631298065186e-01
4.904336631298065186e-01
4.904336631298065186e-01
4.904336631298065186e-01
4.904336631298065186e-01
4.904336631298065186e-01
4.904336631298065186e-01
4.904336631298065186e-01
4.904336631298065186e-01
4.904336631298065186e-01
4.904336631298065186e-01
4.904336631298065186e-01
4.904336631298065186e-01
4.904336631298065186e-01
4.904336631298065186e-01
4.904336631298065186e-01
4.904336631298065186e-01
4.904336631298065186e-01
4.904336631298065186e-01
4.904336631298065186e-01
4.904336631298065186e-01
4.904336631298065186e-01
4.904336631298065186e-01
4.904336631298065186e-01
4.904336631298065186e-01
4.904336631298065186e-01
4.904336631298065186e-01
4.904336631298065186e-01
4.904336631298065186e-01
4.904336631298065186e-01
4.904336631298065186e-01
4.904336631298065186e-01
4.904336631298065186e-01
4.904336631298065186e-01
4.904336631298065186e-01
4.904336631298065186e-01
4.904336631298065186e-01
4.904336631298065186e-01
4.904336631298065186e-01
4.904336631298065186e-01
4.904336631298065186e-01
4.904336631298065186e-01
4.904336631298065186e-01
4.904336631298065186e-01
4.904336631298065186e-01
4.904336631298065186e-01
4.904336631298065186e-01
4.904336631298065186e-01
4.904336631298065186e-01
4.904336631298065186e-01
4.904336631298065186e-01
4.904336631298065186e-01
4.904336631298065186e-01
5.218089222908020020e-01
4.904336631298065186e-01
4.904336631298065186e-01
4.904336631298065186e-01
4.904336631298065186e-01
5.155650973320007324e-01
4.904336631298065186e-01
4.904336631298065186e-01
4.904336631298065186e-01
4.904336631298065186e-01
5.189028978347778320e-01
4.904336631298065186e-01
4.904336631298065186e-01
4.904336631298065186e-01
4.904336631298065186e-01
4.904336631298065186e-01
4.904336631298065186e-01
4.904336631298065186e-01
4.904336631298065186e-01
4.904336631298065186e-01
4.904336631298065186e-01
4.904336631298065186e-01
4.904336631298065186e-01
4.904336631298065186e-01
4.904336631298065186e-01
4.904336631298065186e-01
4.904336631298065186e-01
4.904336631298065186e-01
4.904336631298065186e-01
4.904336631298065186e-01
4.904336631298065186e-01
4.904336631298065186e-01
4.904336631298065186e-01
4.904336631298065186e-01
4.904336631298065186e-01
4.904336631298065186e-01
4.904336631298065186e-01
4.904336631298065186e-01
4.904336631298065186e-01
4.904336631298065186e-01
4.904336631298065186e-01
4.904336631298065186e-01
4.904336631298065186e-01
4.904336631298065186e-01
4.904336631298065186e-01
4.904336631298065186e-01
4.904336631298065186e-01
4.904336631298065186e-01
4.904336631298065186e-01
4.904336631298065186e-01
4.904336631298065186e-01
4.904336631298065186e-01
4.904336631298065186e-01
4.904336631298065186e-01
4.957309365272521973e-01
4.904336631298065186e-01
4.904336631298065186e-01
4.904336631298065186e-01
4.904336631298065186e-01
4.904336631298065186e-01
4.904336631298065186e-01
4.904336631298065186e-01
4.904336631298065186e-01
4.904336631298065186e-01
4.904336631298065186e-01
4.904336631298065186e-01
4.904336631298065186e-01
4.904336631298065186e-01
4.904336631298065186e-01
4.904336631298065186e-01
4.904336631298065186e-01
4.904336631298065186e-01
4.904336631298065186e-01
4.904336631298065186e-01
4.904336631298065186e-01
4.904336631298065186e-01
4.904336631298065186e-01
4.904336631298065186e-01
4.904336631298065186e-01
4.904336631298065186e-01
4.904336631298065186e-01
4.904336631298065186e-01
4.904336631298065186e-01
4.904336631298065186e-01
4.904336631298065186e-01
4.904336631298065186e-01
4.904336631298065186e-01
4.904336631298065186e-01
4.904336631298065186e-01
4.904336631298065186e-01
4.904336631298065186e-01
4.904336631298065186e-01
4.904336631298065186e-01
4.904336631298065186e-01
4.904336631298065186e-01
4.904336631298065186e-01
4.904336631298065186e-01
4.904336631298065186e-01
4.904336631298065186e-01
4.904336631298065186e-01
4.904336631298065186e-01
4.904336631298065186e-01
4.904336631298065186e-01
4.904336631298065186e-01
4.904336631298065186e-01
4.904336631298065186e-01
4.904336631298065186e-01
4.904336631298065186e-01
4.904336631298065186e-01
4.904336631298065186e-01
4.904336631298065186e-01
4.904336631298065186e-01
4.904336631298065186e-01
4.904336631298065186e-01
4.904336631298065186e-01
4.904336631298065186e-01
4.904336631298065186e-01
4.904336631298065186e-01
4.904336631298065186e-01
4.904336631298065186e-01
4.904336631298065186e-01
4.904336631298065186e-01
4.904336631298065186e-01
4.904336631298065186e-01
4.904336631298065186e-01
4.904336631298065186e-01
4.904336631298065186e-01
4.904336631298065186e-01
4.904336631298065186e-01
4.904336631298065186e-01
4.904336631298065186e-01
4.904336631298065186e-01
4.904336631298065186e-01
4.904336631298065186e-01
4.904336631298065186e-01
4.904336631298065186e-01
4.904336631298065186e-01
4.904336631298065186e-01
5.139288306236267090e-01
4.904336631298065186e-01
4.904336631298065186e-01
4.904336631298065186e-01
4.904336631298065186e-01
4.904336631298065186e-01
4.904336631298065186e-01
4.904336631298065186e-01
4.904336631298065186e-01
4.904336631298065186e-01
4.904336631298065186e-01
4.904336631298065186e-01
5.316349864006042480e-01
4.904336631298065186e-01
5.316349864006042480e-01
4.904336631298065186e-01
4.904336631298065186e-01
4.904336631298065186e-01
4.904336631298065186e-01
4.904336631298065186e-01
4.904336631298065186e-01
4.904336631298065186e-01
4.904336631298065186e-01
4.904336631298065186e-01
4.904336631298065186e-01
4.904336631298065186e-01
4.904336631298065186e-01
4.904336631298065186e-01
4.904336631298065186e-01
4.904336631298065186e-01
4.904336631298065186e-01
4.904336631298065186e-01
4.904336631298065186e-01
4.904336631298065186e-01
4.904336631298065186e-01
4.904336631298065186e-01
4.904336631298065186e-01
4.904336631298065186e-01
5.316349864006042480e-01
5.060723423957824707e-01
4.904336631298065186e-01
4.904336631298065186e-01
5.189028978347778320e-01
4.904336631298065186e-01
5.189028978347778320e-01
4.904336631298065186e-01
4.904336631298065186e-01
4.904336631298065186e-01
4.904336631298065186e-01
4.904336631298065186e-01
4.904336631298065186e-01
4.904336631298065186e-01
4.904336631298065186e-01
5.106639266014099121e-01
4.904336631298065186e-01
4.904336631298065186e-01
4.904336631298065186e-01
4.904336631298065186e-01
4.904336631298065186e-01
4.904336631298065186e-01
4.904336631298065186e-01
4.904336631298065186e-01
4.904336631298065186e-01
4.904336631298065186e-01
4.904336631298065186e-01
4.904336631298065186e-01
4.904336631298065186e-01
4.904336631298065186e-01
4.904336631298065186e-01
4.904336631298065186e-01
4.904336631298065186e-01
4.904336631298065186e-01
4.904336631298065186e-01
4.904336631298065186e-01
4.967735409736633301e-01
4.904336631298065186e-01
4.904336631298065186e-01
4.904336631298065186e-01
5.052039623260498047e-01
4.904336631298065186e-01
4.904336631298065186e-01
4.904336631298065186e-01
4.904336631298065186e-01
4.904336631298065186e-01
4.928330481052398682e-01
4.904336631298065186e-01
4.904336631298065186e-01
4.904336631298065186e-01
4.904336631298065186e-01
4.904336631298065186e-01
4.904336631298065186e-01
4.904336631298065186e-01
5.103764533996582031e-01
4.904336631298065186e-01
4.904336631298065186e-01
4.904336631298065186e-01
4.904336631298065186e-01
4.904336631298065186e-01
