4.713015854358673096e-01
4.672433137893676758e-01
4.212931394577026367e-01
4.586403369903564453e-01
4.376286268234252930e-01
4.337138533592224121e-01
4.175957441329956055e-01
4.103290438652038574e-01
4.309843182563781738e-01
4.319310784339904785e-01
3.987941145896911621e-01
4.312997460365295410e-01
4.277801513671875000e-01
4.608300030231475830e-01
4.323414266109466553e-01
4.626430273056030273e-01
4.636055827140808105e-01
4.268887341022491455e-01
3.941662013530731201e-01
4.053584933280944824e-01
4.111825227737426758e-01
4.246661067008972168e-01
4.710911810398101807e-01
4.108231067657470703e-01
4.406745433807373047e-01
4.307813644409179688e-01
3.962465226650238037e-01
4.054469466209411621e-01
4.674852788448333740e-01
4.199275672435760498e-01
4.190236628055572510e-01
4.202739298343658447e-01
4.390602409839630127e-01
4.422304332256317139e-01
4.340386092662811279e-01
4.056164622306823730e-01
4.521887004375457764e-01
4.049341976642608643e-01
4.006481170654296875e-01
3.996275365352630615e-01
4.556651115417480469e-01
4.291064441204071045e-01
4.496431350708007812e-01
4.331112802028656006e-01
4.397248923778533936e-01
4.157854914665222168e-01
4.572392106056213379e-01
4.172829389572143555e-01
4.417203962802886963e-01
4.283047318458557129e-01
4.665561616420745850e-01
4.054015278816223145e-01
4.261587262153625488e-01
4.169338345527648926e-01
4.464960098266601562e-01
4.429945349693298340e-01
4.309315681457519531e-01
4.568416178226470947e-01
4.368941187858581543e-01
4.447041451930999756e-01
4.316265583038330078e-01
4.409456849098205566e-01
4.341747164726257324e-01
4.173799157142639160e-01
4.387522339820861816e-01
4.748088121414184570e-01
4.284852743148803711e-01
4.347796440124511719e-01
4.354551434516906738e-01
4.269918203353881836e-01
4.155991971492767334e-01
4.320110976696014404e-01
4.675350785255432129e-01
4.164519906044006348e-01
4.313105344772338867e-01
4.237281978130340576e-01
4.329570531845092773e-01
4.458432495594024658e-01
4.520998895168304443e-01
4.362039566040039062e-01
4.354178905487060547e-01
4.157217741012573242e-01
4.344914555549621582e-01
4.404747486114501953e-01
4.237236976623535156e-01
4.443449378013610840e-01
4.362863600254058838e-01
4.564562141895294189e-01
4.185354113578796387e-01
4.015696346759796143e-01
4.035086035728454590e-01
4.118825197219848633e-01
4.485827088356018066e-01
4.350300431251525879e-01
4.957188665866851807e-01
4.031852781772613525e-01
4.613668024539947510e-01
3.997273147106170654e-01
4.038079679012298584e-01
3.979303538799285889e-01
4.237032830715179443e-01
4.487453699111938477e-01
4.384537637233734131e-01
4.169578552246093750e-01
4.690743982791900635e-01
4.036290049552917480e-01
4.276722669601440430e-01
4.475298821926116943e-01
4.385554492473602295e-01
4.480395913124084473e-01
4.248003959655761719e-01
4.250407814979553223e-01
4.383201301097869873e-01
4.104408621788024902e-01
4.242858886718750000e-01
4.586991071701049805e-01
4.467561841011047363e-01
4.156186580657958984e-01
4.540287852287292480e-01
4.581873416900634766e-01
4.567799270153045654e-01
4.428145289421081543e-01
4.380894899368286133e-01
4.471862018108367920e-01
4.169158339500427246e-01
4.503565728664398193e-01
4.477950930595397949e-01
4.430815577507019043e-01
4.682875871658325195e-01
4.327887892723083496e-01
4.425929188728332520e-01
4.855995774269104004e-01
4.936732351779937744e-01
4.421659111976623535e-01
4.685832858085632324e-01
4.226055741310119629e-01
4.670947790145874023e-01
4.562875628471374512e-01
4.753273725509643555e-01
4.538667201995849609e-01
4.678588211536407471e-01
4.751909971237182617e-01
4.247260093688964844e-01
4.231469333171844482e-01
4.383750557899475098e-01
4.284062981605529785e-01
4.436441957950592041e-01
4.240037500858306885e-01
4.582229256629943848e-01
4.396350681781768799e-01
4.467893242835998535e-01
4.551239311695098877e-01
4.083421826362609863e-01
4.178873598575592041e-01
4.362281262874603271e-01
4.308556020259857178e-01
4.322991073131561279e-01
4.701054096221923828e-01
4.356940388679504395e-01
4.646606147289276123e-01
4.583949148654937744e-01
4.533264040946960449e-01
4.328291416168212891e-01
4.248383939266204834e-01
4.452579915523529053e-01
4.221459925174713135e-01
4.407261013984680176e-01
4.203190505504608154e-01
4.432621896266937256e-01
4.391000270843505859e-01
4.186952710151672363e-01
4.396974742412567139e-01
4.302310347557067871e-01
4.299257695674896240e-01
4.356654882431030273e-01
4.303966462612152100e-01
4.264584481716156006e-01
4.198887348175048828e-01
4.438089132308959961e-01
4.093176722526550293e-01
4.358086585998535156e-01
4.438890218734741211e-01
4.295097589492797852e-01
4.461547136306762695e-01
4.468684494495391846e-01
4.508452415466308594e-01
4.240932464599609375e-01
4.378207027912139893e-01
4.698395729064941406e-01
4.637668132781982422e-01
4.503656923770904541e-01
4.136413335800170898e-01
4.383441805839538574e-01
4.393989145755767822e-01
4.204399585723876953e-01
4.254493713378906250e-01
4.218360781669616699e-01
4.485232830047607422e-01
4.163017272949218750e-01
4.441022872924804688e-01
4.156673550605773926e-01
4.237659275531768799e-01
4.334996640682220459e-01
4.419179558753967285e-01
4.438658654689788818e-01
4.318016171455383301e-01
4.465279877185821533e-01
4.402155876159667969e-01
4.233859777450561523e-01
4.576094150543212891e-01
4.469762146472930908e-01
4.152628779411315918e-01
4.381749033927917480e-01
4.204418659210205078e-01
4.316875934600830078e-01
4.364828765392303467e-01
4.240057170391082764e-01
4.233686923980712891e-01
4.155546128749847412e-01
4.365767836570739746e-01
4.415734410285949707e-01
4.536979496479034424e-01
4.419130682945251465e-01
4.388241767883300781e-01
3.990041315555572510e-01
4.518394470214843750e-01
4.314133524894714355e-01
4.507059156894683838e-01
4.586954414844512939e-01
4.013493657112121582e-01
4.373429417610168457e-01
4.004791378974914551e-01
4.134651422500610352e-01
4.355624616146087646e-01
4.614338576793670654e-01
4.425744712352752686e-01
4.503712654113769531e-01
4.326196312904357910e-01
4.337124526500701904e-01
4.338041841983795166e-01
4.562546908855438232e-01
4.512321949005126953e-01
4.410592913627624512e-01
4.415763020515441895e-01
4.434333741664886475e-01
4.400343298912048340e-01
4.238929450511932373e-01
4.394912719726562500e-01
4.403393268585205078e-01
4.323718547821044922e-01
4.461178481578826904e-01
4.463627636432647705e-01
4.264094531536102295e-01
4.255931973457336426e-01
4.356559216976165771e-01
4.401011466979980469e-01
4.347507953643798828e-01
4.397502243518829346e-01
4.562360346317291260e-01
4.589976966381072998e-01
4.377786517143249512e-01
4.239220023155212402e-01
4.366748332977294922e-01
4.274486303329467773e-01
4.481808543205261230e-01
4.247250854969024658e-01
4.191908836364746094e-01
4.227209687232971191e-01
4.163950383663177490e-01
4.195456802845001221e-01
4.094703793525695801e-01
4.082887768745422363e-01
4.801950156688690186e-01
4.213352799415588379e-01
3.943636417388916016e-01
4.153637886047363281e-01
4.524052441120147705e-01
4.434553980827331543e-01
4.484808743000030518e-01
4.563455283641815186e-01
4.138353765010833740e-01
4.187495708465576172e-01
3.854182064533233643e-01
4.481123983860015869e-01
4.155203700065612793e-01
4.252417087554931641e-01
3.966980278491973877e-01
4.363408982753753662e-01
4.289938211441040039e-01
4.309345483779907227e-01
3.927563428878784180e-01
4.494923949241638184e-01
4.365070164203643799e-01
4.326598346233367920e-01
4.515475630760192871e-01
4.546740949153900146e-01
4.413917064666748047e-01
4.415182769298553467e-01
4.251133203506469727e-01
4.353680014610290527e-01
4.360252916812896729e-01
4.213713407516479492e-01
4.425718486309051514e-01
4.405215680599212646e-01
4.468306899070739746e-01
4.180179536342620850e-01
4.092037081718444824e-01
4.110376238822937012e-01
4.283793270587921143e-01
4.505653381347656250e-01
4.373972713947296143e-01
4.462027549743652344e-01
4.346127808094024658e-01
4.400865137577056885e-01
4.420272409915924072e-01
4.334471225738525391e-01
4.553303420543670654e-01
4.376342296600341797e-01
4.513805210590362549e-01
4.442836940288543701e-01
4.295560121536254883e-01
4.479607045650482178e-01
4.229956865310668945e-01
4.438146948814392090e-01
4.411351680755615234e-01
4.333433210849761963e-01
4.526252150535583496e-01
4.457958340644836426e-01
4.573347866535186768e-01
4.305734336376190186e-01
4.449996054172515869e-01
4.339317679405212402e-01
4.443812072277069092e-01
4.284529387950897217e-01
4.266684651374816895e-01
4.331595599651336670e-01
4.422506093978881836e-01
4.236470758914947510e-01
4.134311079978942871e-01
4.416479766368865967e-01
4.257165491580963135e-01
4.330678880214691162e-01
4.329674839973449707e-01
4.431531429290771484e-01
4.154318273067474365e-01
4.557518661022186279e-01
4.445585310459136963e-01
4.289371073246002197e-01
4.511426389217376709e-01
4.454692900180816650e-01
4.405732452869415283e-01
4.395520091056823730e-01
4.049423336982727051e-01
4.260790646076202393e-01
4.455484747886657715e-01
4.505377709865570068e-01
4.361035525798797607e-01
4.311740398406982422e-01
4.487439990043640137e-01
4.423781633377075195e-01
4.391435682773590088e-01
4.401106536388397217e-01
4.271886348724365234e-01
4.310775101184844971e-01
4.324257373809814453e-01
4.841638207435607910e-01
4.257205724716186523e-01
4.175822436809539795e-01
4.364184737205505371e-01
4.200471937656402588e-01
4.277766942977905273e-01
4.684478938579559326e-01
4.393165409564971924e-01
4.376288056373596191e-01
4.347524344921112061e-01
4.193102717399597168e-01
4.790965020656585693e-01
4.223423004150390625e-01
4.243022501468658447e-01
4.474018812179565430e-01
4.367705285549163818e-01
4.430683851242065430e-01
4.271619021892547607e-01
4.422354996204376221e-01
4.399271011352539062e-01
4.574329257011413574e-01
4.354797303676605225e-01
4.578841924667358398e-01
4.523960351943969727e-01
4.161049127578735352e-01
4.274806380271911621e-01
4.719010591506958008e-01
4.364978969097137451e-01
4.650887548923492432e-01
3.808330595493316650e-01
4.483385086059570312e-01
4.056072533130645752e-01
4.146135151386260986e-01
4.372919201850891113e-01
4.343805611133575439e-01
4.315374493598937988e-01
4.382885694503784180e-01
4.415789544582366943e-01
4.340524673461914062e-01
4.754564464092254639e-01
4.242952466011047363e-01
4.217194914817810059e-01
4.212191700935363770e-01
4.303832352161407471e-01
4.390195906162261963e-01
4.479516744613647461e-01
4.335029125213623047e-01
4.303338527679443359e-01
4.499615728855133057e-01
4.440489411354064941e-01
4.360109567642211914e-01
4.379711151123046875e-01
4.526961147785186768e-01
4.627506732940673828e-01
4.432814419269561768e-01
4.273104667663574219e-01
4.195837676525115967e-01
4.204080104827880859e-01
4.343437254428863525e-01
4.520783424377441406e-01
4.402057528495788574e-01
4.633162021636962891e-01
4.434805214405059814e-01
4.309125244617462158e-01
4.634380340576171875e-01
4.234012365341186523e-01
4.334280490875244141e-01
4.564384818077087402e-01
4.377249479293823242e-01
4.460493326187133789e-01
4.340562224388122559e-01
4.319891631603240967e-01
4.387210309505462646e-01
4.189381301403045654e-01
4.259147346019744873e-01
4.182232916355133057e-01
4.359123110771179199e-01
4.223334491252899170e-01
4.038170874118804932e-01
4.114686846733093262e-01
4.312190115451812744e-01
4.538677930831909180e-01
4.237998425960540771e-01
4.229728281497955322e-01
4.725608527660369873e-01
4.195519983768463135e-01
4.761089086532592773e-01
4.582486152648925781e-01
4.203708767890930176e-01
4.291095137596130371e-01
4.693336486816406250e-01
4.361864924430847168e-01
4.395675063133239746e-01
4.196083545684814453e-01
4.285854697227478027e-01
4.414106309413909912e-01
4.479605555534362793e-01
4.639395177364349365e-01
4.311980009078979492e-01
4.796262383460998535e-01
4.191058576107025146e-01
4.029917716979980469e-01
4.373711645603179932e-01
4.210064113140106201e-01
4.275742471218109131e-01
4.276123940944671631e-01
4.150433242321014404e-01
4.298548102378845215e-01
4.303120374679565430e-01
4.257242679595947266e-01
4.110970497131347656e-01
4.202372729778289795e-01
4.096492230892181396e-01
4.369933307170867920e-01
4.368720948696136475e-01
4.368225932121276855e-01
4.465227723121643066e-01
4.387256503105163574e-01
4.395827054977416992e-01
4.354907870292663574e-01
4.128437638282775879e-01
4.253443479537963867e-01
4.384162425994873047e-01
4.315871000289916992e-01
4.333603978157043457e-01
4.649054706096649170e-01
4.176267981529235840e-01
4.366322755813598633e-01
4.790596067905426025e-01
4.703339636325836182e-01
4.865347445011138916e-01
4.773853123188018799e-01
4.511452913284301758e-01
4.617804586887359619e-01
4.208044409751892090e-01
4.617007374763488770e-01
4.053791165351867676e-01
4.216740429401397705e-01
4.361252784729003906e-01
4.631145000457763672e-01
4.365513026714324951e-01
4.206150472164154053e-01
4.157197475433349609e-01
4.222557544708251953e-01
4.394877552986145020e-01
4.293112158775329590e-01
4.281173944473266602e-01
4.324102401733398438e-01
4.870329499244689941e-01
4.808469712734222412e-01
4.670316278934478760e-01
4.159411489963531494e-01
4.374634325504302979e-01
4.494855701923370361e-01
4.200294613838195801e-01
4.202847480773925781e-01
4.647271633148193359e-01
4.369626641273498535e-01
4.272458255290985107e-01
4.412872195243835449e-01
4.438244402408599854e-01
4.388156533241271973e-01
4.414846301078796387e-01
4.444350004196166992e-01
4.277615845203399658e-01
4.546675384044647217e-01
4.595144987106323242e-01
4.448962211608886719e-01
4.301266670227050781e-01
4.481312632560729980e-01
4.608366489410400391e-01
4.538230001926422119e-01
4.042169451713562012e-01
3.970587849617004395e-01
4.946468472480773926e-01
4.456752538681030273e-01
4.438734650611877441e-01
4.469565153121948242e-01
4.094586968421936035e-01
4.712817072868347168e-01
4.353846013545989990e-01
4.791648089885711670e-01
4.386784732341766357e-01
4.108803272247314453e-01
4.786678850650787354e-01
4.682416319847106934e-01
3.840262591838836670e-01
4.800743758678436279e-01
4.396971464157104492e-01
4.532016217708587646e-01
4.364671707153320312e-01
4.156597256660461426e-01
4.879661202430725098e-01
4.612277746200561523e-01
4.005791246891021729e-01
4.375584125518798828e-01
3.499819040298461914e-01
4.730781614780426025e-01
4.500782191753387451e-01
4.519775807857513428e-01
4.306073188781738281e-01
4.373635649681091309e-01
4.479691088199615479e-01
4.199581146240234375e-01
4.436136782169342041e-01
4.321157932281494141e-01
4.681840538978576660e-01
4.888479113578796387e-01
4.636330306529998779e-01
4.308455586433410645e-01
4.399996995925903320e-01
4.372416734695434570e-01
4.201903641223907471e-01
4.165073633193969727e-01
4.295207858085632324e-01
4.394023716449737549e-01
4.296175241470336914e-01
4.160974919795989990e-01
4.124310314655303955e-01
3.944424986839294434e-01
4.382640719413757324e-01
3.921944499015808105e-01
4.681173861026763916e-01
4.148717224597930908e-01
4.170378744602203369e-01
4.485577344894409180e-01
4.162908792495727539e-01
4.466296434402465820e-01
4.036007523536682129e-01
4.331161975860595703e-01
4.390919506549835205e-01
4.135294556617736816e-01
4.202935695648193359e-01
4.599795937538146973e-01
4.253051280975341797e-01
4.238830506801605225e-01
4.186100065708160400e-01
4.380210638046264648e-01
4.145638942718505859e-01
4.109665155410766602e-01
4.192453026771545410e-01
4.206365346908569336e-01
4.253807961940765381e-01
4.450362324714660645e-01
4.524199366569519043e-01
4.468035697937011719e-01
4.342433214187622070e-01
4.369027018547058105e-01
4.144712686538696289e-01
4.307385087013244629e-01
4.200463593006134033e-01
4.284195899963378906e-01
4.198559522628784180e-01
4.332423806190490723e-01
4.185621738433837891e-01
4.518415927886962891e-01
4.361919164657592773e-01
4.333209395408630371e-01
4.413379132747650146e-01
4.408088028430938721e-01
4.395250976085662842e-01
4.539328813552856445e-01
4.049037098884582520e-01
4.551335275173187256e-01
4.712726175785064697e-01
4.843350648880004883e-01
4.727548062801361084e-01
4.436533749103546143e-01
4.120803177356719971e-01
4.656415283679962158e-01
4.547005295753479004e-01
4.396528303623199463e-01
4.362950623035430908e-01
4.305195808410644531e-01
4.755024909973144531e-01
4.303883910179138184e-01
4.374085664749145508e-01
4.057328104972839355e-01
4.394339025020599365e-01
4.536808133125305176e-01
4.445129930973052979e-01
4.423722922801971436e-01
4.533521533012390137e-01
4.563090503215789795e-01
4.367634356021881104e-01
4.182365536689758301e-01
4.726023077964782715e-01
4.452621936798095703e-01
4.420964121818542480e-01
4.521181583404541016e-01
4.564978778362274170e-01
4.692685604095458984e-01
4.358155131340026855e-01
4.408506751060485840e-01
4.404504895210266113e-01
4.248868227005004883e-01
4.571685791015625000e-01
4.676134884357452393e-01
4.636543989181518555e-01
4.227986037731170654e-01
4.147954881191253662e-01
4.612719416618347168e-01
4.636305570602416992e-01
4.146452546119689941e-01
4.223160743713378906e-01
4.636330306529998779e-01
4.178415238857269287e-01
4.330288171768188477e-01
4.581613242626190186e-01
4.471138417720794678e-01
4.591655135154724121e-01
4.656408429145812988e-01
4.780932962894439697e-01
3.978993594646453857e-01
4.400478005409240723e-01
4.371832311153411865e-01
4.302974343299865723e-01
4.353782832622528076e-01
4.379382431507110596e-01
4.357809722423553467e-01
4.052469134330749512e-01
4.407800436019897461e-01
4.290191531181335449e-01
4.100139141082763672e-01
4.324191212654113770e-01
4.480136036872863770e-01
4.279064536094665527e-01
4.366719722747802734e-01
4.348891079425811768e-01
4.491735100746154785e-01
4.307758808135986328e-01
4.687064290046691895e-01
4.313250184059143066e-01
4.572969079017639160e-01
4.254418015480041504e-01
4.305306673049926758e-01
4.201068878173828125e-01
4.115610718727111816e-01
4.384680688381195068e-01
4.564683139324188232e-01
4.676639437675476074e-01
4.234460592269897461e-01
4.506413340568542480e-01
4.374109506607055664e-01
4.371425211429595947e-01
4.480979442596435547e-01
4.193298816680908203e-01
4.143328666687011719e-01
4.357330203056335449e-01
4.438243508338928223e-01
4.433988630771636963e-01
4.263085126876831055e-01
4.050213098526000977e-01
4.412742257118225098e-01
4.686314165592193604e-01
3.947013616561889648e-01
4.198479950428009033e-01
4.231671988964080811e-01
4.383963942527770996e-01
4.363670051097869873e-01
4.900550246238708496e-01
4.333269596099853516e-01
4.111301004886627197e-01
4.370149672031402588e-01
4.226110577583312988e-01
4.370843768119812012e-01
4.342677593231201172e-01
4.497798085212707520e-01
4.153679609298706055e-01
4.189364910125732422e-01
4.362141191959381104e-01
4.304170906543731689e-01
4.390444159507751465e-01
4.289593696594238281e-01
4.287380576133728027e-01
4.227638840675354004e-01
4.304109513759613037e-01
4.303204417228698730e-01
4.304227828979492188e-01
4.303104877471923828e-01
4.501383304595947266e-01
4.240938723087310791e-01
4.191747605800628662e-01
4.311092495918273926e-01
4.072401225566864014e-01
4.314951598644256592e-01
4.202710092067718506e-01
4.333712458610534668e-01
4.306802749633789062e-01
4.195449948310852051e-01
4.445230066776275635e-01
4.313776195049285889e-01
4.333250224590301514e-01
4.210416078567504883e-01
4.355931580066680908e-01
4.520645141601562500e-01
4.516936540603637695e-01
4.349225759506225586e-01
4.431447386741638184e-01
4.218811988830566406e-01
4.407693445682525635e-01
4.523667693138122559e-01
4.559997022151947021e-01
4.369888305664062500e-01
4.381868839263916016e-01
4.466118216514587402e-01
4.378616213798522949e-01
4.215347468852996826e-01
4.385578334331512451e-01
4.229956269264221191e-01
4.494508206844329834e-01
4.147740602493286133e-01
4.390213787555694580e-01
4.469743669033050537e-01
4.705070853233337402e-01
4.249977171421051025e-01
4.275431931018829346e-01
4.322156906127929688e-01
4.319638013839721680e-01
4.468993544578552246e-01
4.367081820964813232e-01
4.255495965480804443e-01
4.297868311405181885e-01
4.477548003196716309e-01
4.281160533428192139e-01
4.284408986568450928e-01
4.444054365158081055e-01
4.303897917270660400e-01
4.375015199184417725e-01
4.306743144989013672e-01
4.567362666130065918e-01
4.422508180141448975e-01
4.317393898963928223e-01
4.430610239505767822e-01
4.300514161586761475e-01
4.344233870506286621e-01
4.389702677726745605e-01
4.271438419818878174e-01
4.227256774902343750e-01
4.251586794853210449e-01
4.583141207695007324e-01
4.395250082015991211e-01
4.271073639392852783e-01
4.302605986595153809e-01
4.303735494613647461e-01
4.311369061470031738e-01
4.355539679527282715e-01
4.161108434200286865e-01
4.313671588897705078e-01
4.168567061424255371e-01
4.305988550186157227e-01
4.319319128990173340e-01
4.251924157142639160e-01
4.255062043666839600e-01
4.415078461170196533e-01
4.266853630542755127e-01
4.303916692733764648e-01
4.442619383335113525e-01
4.785438179969787598e-01
4.409104883670806885e-01
4.455376863479614258e-01
4.230326712131500244e-01
4.277809560298919678e-01
4.161408245563507080e-01
4.209193885326385498e-01
4.159285724163055420e-01
4.212821125984191895e-01
4.533214569091796875e-01
4.410327076911926270e-01
4.360101819038391113e-01
4.179033041000366211e-01
4.219712615013122559e-01
4.235208630561828613e-01
4.364463388919830322e-01
4.436522126197814941e-01
4.532617628574371338e-01
4.363642930984497070e-01
4.235370755195617676e-01
4.124357402324676514e-01
4.403570890426635742e-01
4.374754726886749268e-01
4.591805934906005859e-01
4.458124339580535889e-01
4.353084564208984375e-01
4.367101788520812988e-01
4.359140694141387939e-01
4.408721327781677246e-01
4.328599274158477783e-01
4.295119941234588623e-01
4.407615661621093750e-01
4.466655552387237549e-01
4.195263087749481201e-01
4.206928014755249023e-01
4.235989451408386230e-01
4.366592168807983398e-01
4.468985795974731445e-01
4.453340470790863037e-01
4.443436563014984131e-01
4.391845762729644775e-01
4.742837250232696533e-01
4.390755295753479004e-01
4.428590238094329834e-01
4.514043331146240234e-01
4.561475515365600586e-01
4.409683644771575928e-01
4.173442721366882324e-01
4.247615337371826172e-01
4.283644556999206543e-01
4.324144124984741211e-01
4.244320392608642578e-01
4.407825171947479248e-01
4.079674184322357178e-01
4.706282615661621094e-01
4.151371121406555176e-01
4.345804452896118164e-01
4.676521718502044678e-01
4.728825688362121582e-01
4.754575788974761963e-01
4.734866917133331299e-01
4.716795086860656738e-01
4.627303779125213623e-01
4.396394491195678711e-01
4.244131743907928467e-01
4.362573027610778809e-01
4.369450211524963379e-01
4.478308260440826416e-01
4.155966341495513916e-01
4.343418180942535400e-01
4.290969371795654297e-01
4.468223154544830322e-01
4.457482993602752686e-01
4.620508253574371338e-01
4.390216469764709473e-01
4.631993174552917480e-01
4.159981906414031982e-01
4.568112492561340332e-01
4.256938099861145020e-01
4.502153694629669189e-01
4.151348173618316650e-01
4.253261089324951172e-01
4.469678401947021484e-01
4.393051266670227051e-01
4.366775751113891602e-01
4.178520739078521729e-01
4.310989081859588623e-01
4.209839105606079102e-01
4.164461791515350342e-01
4.328657090663909912e-01
4.435126483440399170e-01
4.797145128250122070e-01
4.309318363666534424e-01
4.473667740821838379e-01
4.418603479862213135e-01
4.298111498355865479e-01
4.340874254703521729e-01
4.292182326316833496e-01
4.337285757064819336e-01
4.364131987094879150e-01
4.231061935424804688e-01
4.400710165500640869e-01
4.356292486190795898e-01
4.457529783248901367e-01
4.259835481643676758e-01
4.577083885669708252e-01
4.238718450069427490e-01
4.338733851909637451e-01
4.202139675617218018e-01
4.431522488594055176e-01
4.363030195236206055e-01
4.377047419548034668e-01
4.326806068420410156e-01
4.379539191722869873e-01
4.380876421928405762e-01
4.321160614490509033e-01
4.395120143890380859e-01
4.416051208972930908e-01
4.251359105110168457e-01
4.296032488346099854e-01
4.551993310451507568e-01
4.476238787174224854e-01
4.214552342891693115e-01
4.463233947753906250e-01
4.302930235862731934e-01
4.253423213958740234e-01
4.261447191238403320e-01
4.472640454769134521e-01
4.337323307991027832e-01
4.337164759635925293e-01
4.268547296524047852e-01
4.280037581920623779e-01
4.416646361351013184e-01
4.464507699012756348e-01
4.431706964969635010e-01
4.179672300815582275e-01
5.062597990036010742e-01
4.633818864822387695e-01
4.364196658134460449e-01
4.288115501403808594e-01
4.150267243385314941e-01
4.369554817676544189e-01
4.475657939910888672e-01
4.578574001789093018e-01
4.380190670490264893e-01
4.561538994312286377e-01
4.323928952217102051e-01
4.313326179981231689e-01
4.155270457267761230e-01
4.482917189598083496e-01
4.437255263328552246e-01
4.402845501899719238e-01
4.339450001716613770e-01
4.391406774520874023e-01
4.372589290142059326e-01
4.556818008422851562e-01
4.286930561065673828e-01
4.337626993656158447e-01
4.294858872890472412e-01
4.371449947357177734e-01
4.477058649063110352e-01
4.198319315910339355e-01
4.486118853092193604e-01
4.331088066101074219e-01
4.393056631088256836e-01
4.277871549129486084e-01
4.362969398498535156e-01
4.327759742736816406e-01
4.495297968387603760e-01
4.463809430599212646e-01
4.413102269172668457e-01
4.186297655105590820e-01
4.289558231830596924e-01
4.368894994258880615e-01
4.163496196269989014e-01
4.247194826602935791e-01
4.384749531745910645e-01
4.154936671257019043e-01
4.406634867191314697e-01
4.263250827789306641e-01
4.340360462665557861e-01
4.456097483634948730e-01
4.629697203636169434e-01
4.482275843620300293e-01
4.481166005134582520e-01
4.424460828304290771e-01
4.166201055049896240e-01
4.340204000473022461e-01
4.146824479103088379e-01
4.277226328849792480e-01
4.514298141002655029e-01
4.511010944843292236e-01
4.290000796318054199e-01
4.738973081111907959e-01
4.407441318035125732e-01
4.516220390796661377e-01
4.292576909065246582e-01
4.312145411968231201e-01
4.247193932533264160e-01
3.995432853698730469e-01
4.742718636989593506e-01
4.353154599666595459e-01
4.320868849754333496e-01
4.246075153350830078e-01
4.621599614620208740e-01
4.238395690917968750e-01
4.164309203624725342e-01
4.431740641593933105e-01
4.426399767398834229e-01
4.085767865180969238e-01
4.434615373611450195e-01
4.374096393585205078e-01
4.538617432117462158e-01
4.324894547462463379e-01
4.499026536941528320e-01
4.462757408618927002e-01
4.281673729419708252e-01
4.464733004570007324e-01
4.435046911239624023e-01
4.263537526130676270e-01
4.263567924499511719e-01
4.430621564388275146e-01
4.326378107070922852e-01
4.324663579463958740e-01
4.409345984458923340e-01
4.154357612133026123e-01
4.305098652839660645e-01
4.338009059429168701e-01
4.402365088462829590e-01
4.330006837844848633e-01
4.479117989540100098e-01
4.245033264160156250e-01
4.540050923824310303e-01
4.385723471641540527e-01
4.165724515914916992e-01
4.289547502994537354e-01
4.476925730705261230e-01
4.446907639503479004e-01
4.141533970832824707e-01
4.336399137973785400e-01
4.275153875350952148e-01
4.288608133792877197e-01
4.242477416992187500e-01
4.215349853038787842e-01
4.561943113803863525e-01
4.315824210643768311e-01
4.587929844856262207e-01
4.584128260612487793e-01
4.305894970893859863e-01
4.696082472801208496e-01
4.493265450000762939e-01
4.265944063663482666e-01
4.206429421901702881e-01
4.418632090091705322e-01
4.361394345760345459e-01
4.467336833477020264e-01
4.780189394950866699e-01
4.399480223655700684e-01
4.942123591899871826e-01
4.347738623619079590e-01
4.667566418647766113e-01
4.871758520603179932e-01
4.416127502918243408e-01
4.951715767383575439e-01
4.458847641944885254e-01
4.728798568248748779e-01
4.409200847148895264e-01
4.805982410907745361e-01
4.663708508014678955e-01
4.914242327213287354e-01
4.574049413204193115e-01
4.665944576263427734e-01
4.709379673004150391e-01
4.565372467041015625e-01
4.696804583072662354e-01
4.507375359535217285e-01
4.414628446102142334e-01
4.310254454612731934e-01
4.915569424629211426e-01
4.869318306446075439e-01
4.764858186244964600e-01
4.572810530662536621e-01
4.410825371742248535e-01
4.292064607143402100e-01
4.554331004619598389e-01
4.656499326229095459e-01
4.783665239810943604e-01
4.535543024539947510e-01
4.357347190380096436e-01
4.438371062278747559e-01
4.309177398681640625e-01
4.313892424106597900e-01
4.159328937530517578e-01
4.159335792064666748e-01
4.152632653713226318e-01
4.154906272888183594e-01
4.418017864227294922e-01
4.481226801872253418e-01
4.304115772247314453e-01
4.452021718025207520e-01
4.218613505363464355e-01
4.183845520019531250e-01
4.381653666496276855e-01
4.232789576053619385e-01
4.374001920223236084e-01
4.193093776702880859e-01
4.303005337715148926e-01
4.991327226161956787e-01
4.169630706310272217e-01
4.122644066810607910e-01
4.226477146148681641e-01
4.231086373329162598e-01
4.231062531471252441e-01
4.199499785900115967e-01
4.656404554843902588e-01
4.234993159770965576e-01
4.237074851989746094e-01
4.283991754055023193e-01
4.438468217849731445e-01
4.324535131454467773e-01
4.408883154392242432e-01
4.464635550975799561e-01
4.354469478130340576e-01
4.406886100769042969e-01
4.590559303760528564e-01
4.253542423248291016e-01
4.170395135879516602e-01
4.342070817947387695e-01
4.479473233222961426e-01
4.468507468700408936e-01
4.385874271392822266e-01
4.362238645553588867e-01
4.135426282882690430e-01
4.141770303249359131e-01
4.408994913101196289e-01
4.203729927539825439e-01
4.525674879550933838e-01
4.546054601669311523e-01
4.483596384525299072e-01
4.178763031959533691e-01
4.407212734222412109e-01
4.369972050189971924e-01
4.383739233016967773e-01
4.229017198085784912e-01
4.292542338371276855e-01
4.282990694046020508e-01
3.985723555088043213e-01
4.531437158584594727e-01
4.234109222888946533e-01
4.154118597507476807e-01
4.661488831043243408e-01
4.904139637947082520e-01
4.702830314636230469e-01
4.881843924522399902e-01
4.918190538883209229e-01
4.686923027038574219e-01
4.847599565982818604e-01
4.737280011177062988e-01
4.917761087417602539e-01
4.614641964435577393e-01
4.410527348518371582e-01
4.491140842437744141e-01
4.277023673057556152e-01
4.340184330940246582e-01
4.608082175254821777e-01
4.267635345458984375e-01
4.421901106834411621e-01
4.422902166843414307e-01
4.411377906799316406e-01
4.393484890460968018e-01
4.183626770973205566e-01
4.318585991859436035e-01
4.314198493957519531e-01
4.342952370643615723e-01
4.457927048206329346e-01
4.299466609954833984e-01
4.317655265331268311e-01
4.395546913146972656e-01
4.500276148319244385e-01
4.361253380775451660e-01
4.244571924209594727e-01
4.201342463493347168e-01
4.312525093555450439e-01
4.230126738548278809e-01
4.401374757289886475e-01
4.312300086021423340e-01
4.324571192264556885e-01
4.303952753543853760e-01
4.209132492542266846e-01
4.362641274929046631e-01
4.361071586608886719e-01
4.456116557121276855e-01
4.192704558372497559e-01
4.416118860244750977e-01
4.203760027885437012e-01
4.698782563209533691e-01
4.750194549560546875e-01
4.574708938598632812e-01
4.665310978889465332e-01
4.169560670852661133e-01
4.469761848449707031e-01
4.021964371204376221e-01
4.431112408638000488e-01
4.699496030807495117e-01
4.375319182872772217e-01
4.339024424552917480e-01
4.332404732704162598e-01
4.465644359588623047e-01
4.123419821262359619e-01
4.506624042987823486e-01
4.342707991600036621e-01
4.367555379867553711e-01
4.423667788505554199e-01
4.286948144435882568e-01
4.831860661506652832e-01
4.133756160736083984e-01
4.382071793079376221e-01
4.395200014114379883e-01
4.381299018859863281e-01
4.515779614448547363e-01
4.191603958606719971e-01
4.492467939853668213e-01
4.546676278114318848e-01
4.263030290603637695e-01
4.258718192577362061e-01
4.222235977649688721e-01
4.272426366806030273e-01
5.005116462707519531e-01
4.376368224620819092e-01
4.091449677944183350e-01
4.462311863899230957e-01
4.339371323585510254e-01
4.349290132522583008e-01
4.241078197956085205e-01
4.467739164829254150e-01
4.423694610595703125e-01
4.622189998626708984e-01
4.653993844985961914e-01
4.622179269790649414e-01
4.636338055133819580e-01
4.593053460121154785e-01
4.320256412029266357e-01
4.365602731704711914e-01
4.142063260078430176e-01
4.299780726432800293e-01
4.086270034313201904e-01
4.451689720153808594e-01
4.208751320838928223e-01
4.304775595664978027e-01
4.461495280265808105e-01
3.699824512004852295e-01
4.069382250308990479e-01
4.641532897949218750e-01
4.140352308750152588e-01
4.590302705764770508e-01
4.132545888423919678e-01
4.342569112777709961e-01
4.441806972026824951e-01
4.119827449321746826e-01
4.562810063362121582e-01
4.327774643898010254e-01
4.377828836441040039e-01
4.370592534542083740e-01
4.461860060691833496e-01
4.362455010414123535e-01
4.528955221176147461e-01
4.324893355369567871e-01
4.348448514938354492e-01
4.409603774547576904e-01
4.390865862369537354e-01
4.363047480583190918e-01
4.520762562751770020e-01
4.305842518806457520e-01
4.305649399757385254e-01
4.454705119132995605e-01
4.321691393852233887e-01
4.414582252502441406e-01
4.131261706352233887e-01
4.747051298618316650e-01
4.249366521835327148e-01
4.389694035053253174e-01
4.620811641216278076e-01
4.440554380416870117e-01
4.633986949920654297e-01
4.465853869915008545e-01
4.676340818405151367e-01
3.980095386505126953e-01
4.153283536434173584e-01
4.317348599433898926e-01
4.370195865631103516e-01
4.342238903045654297e-01
4.700188636779785156e-01
4.711013138294219971e-01
4.144185483455657959e-01
4.149277508258819580e-01
4.176555871963500977e-01
4.189385473728179932e-01
4.160305857658386230e-01
4.164521098136901855e-01
4.120159745216369629e-01
4.153854846954345703e-01
4.245201051235198975e-01
4.240674376487731934e-01
4.167832732200622559e-01
3.837435841560363770e-01
4.158040583133697510e-01
4.169261455535888672e-01
4.296527504920959473e-01
4.624330401420593262e-01
4.235474467277526855e-01
4.404337108135223389e-01
4.361568391323089600e-01
4.186055064201354980e-01
4.385921657085418701e-01
4.188188314437866211e-01
4.128287434577941895e-01
4.331280589103698730e-01
4.111582934856414795e-01
4.529181122779846191e-01
4.207321703433990479e-01
4.189224541187286377e-01
4.174540936946868896e-01
4.442787468433380127e-01
4.181348681449890137e-01
4.519650936126708984e-01
4.361848831176757812e-01
4.481867551803588867e-01
4.433526694774627686e-01
4.409702420234680176e-01
4.305728077888488770e-01
4.321469068527221680e-01
4.288230538368225098e-01
4.433348774909973145e-01
4.336916804313659668e-01
4.556500911712646484e-01
4.651311039924621582e-01
4.544242620468139648e-01
4.418115913867950439e-01
4.103094935417175293e-01
4.183772802352905273e-01
4.333158135414123535e-01
4.475148022174835205e-01
3.861510753631591797e-01
4.294054210186004639e-01
4.362331330776214600e-01
4.438436627388000488e-01
4.083828628063201904e-01
4.641431272029876709e-01
4.697055220603942871e-01
4.104679524898529053e-01
4.043349921703338623e-01
4.228327274322509766e-01
3.937363624572753906e-01
4.262617826461791992e-01
4.321655333042144775e-01
4.258876442909240723e-01
4.165932834148406982e-01
4.127521812915802002e-01
4.245662391185760498e-01
4.132444858551025391e-01
4.127910733222961426e-01
4.315631985664367676e-01
4.252955317497253418e-01
4.259407222270965576e-01
4.335398077964782715e-01
4.453841149806976318e-01
4.281115531921386719e-01
4.613770246505737305e-01
4.543546736240386963e-01
4.440470039844512939e-01
4.168492257595062256e-01
4.473383128643035889e-01
4.522467255592346191e-01
3.914777934551239014e-01
4.321608543395996094e-01
4.198756217956542969e-01
4.440557360649108887e-01
4.895301461219787598e-01
4.834706783294677734e-01
4.386906623840332031e-01
4.346865415573120117e-01
4.361604154109954834e-01
4.378135800361633301e-01
4.430455267429351807e-01
4.243039488792419434e-01
4.329502880573272705e-01
4.193476438522338867e-01
4.156281948089599609e-01
4.335167407989501953e-01
4.240164458751678467e-01
3.884080648422241211e-01
3.974804580211639404e-01
4.124982357025146484e-01
4.408152699470520020e-01
4.538841545581817627e-01
4.366525411605834961e-01
4.303875863552093506e-01
4.322740137577056885e-01
4.407786726951599121e-01
4.305752515792846680e-01
4.298232793807983398e-01
4.468355774879455566e-01
4.238340258598327637e-01
4.147833585739135742e-01
4.306861758232116699e-01
4.237439930438995361e-01
4.286952912807464600e-01
4.203199446201324463e-01
4.324620664119720459e-01
4.306150078773498535e-01
4.314727783203125000e-01
4.209021925926208496e-01
4.463354349136352539e-01
4.434441924095153809e-01
4.263364970684051514e-01
4.332980513572692871e-01
4.653243720531463623e-01
4.327869415283203125e-01
4.309954047203063965e-01
4.388329684734344482e-01
4.397265911102294922e-01
4.265076518058776855e-01
4.693119823932647705e-01
4.321511685848236084e-01
4.531335532665252686e-01
4.699129164218902588e-01
4.474545717239379883e-01
4.744237363338470459e-01
4.500779509544372559e-01
4.262319207191467285e-01
4.797507226467132568e-01
4.360866546630859375e-01
4.414538443088531494e-01
4.516014456748962402e-01
4.113705158233642578e-01
4.529060423374176025e-01
4.560121893882751465e-01
4.365513324737548828e-01
4.467433393001556396e-01
4.591152966022491455e-01
4.319509863853454590e-01
4.268047511577606201e-01
4.165209829807281494e-01
4.451597630977630615e-01
4.053244590759277344e-01
4.334947764873504639e-01
4.494449794292449951e-01
4.218969941139221191e-01
4.268897175788879395e-01
4.406669139862060547e-01
4.195632934570312500e-01
4.390889704227447510e-01
4.396826624870300293e-01
4.280454516410827637e-01
4.289543628692626953e-01
4.256938099861145020e-01
4.146029949188232422e-01
4.388640522956848145e-01
4.270116686820983887e-01
4.779650270938873291e-01
4.328185021877288818e-01
4.439922869205474854e-01
4.698847532272338867e-01
4.676555395126342773e-01
4.264006018638610840e-01
4.339957237243652344e-01
4.145107269287109375e-01
4.383898675441741943e-01
4.933299124240875244e-01
4.088075459003448486e-01
4.473622143268585205e-01
4.851337373256683350e-01
4.805392324924468994e-01
4.719779491424560547e-01
4.331905841827392578e-01
4.570531547069549561e-01
4.039437174797058105e-01
4.598284363746643066e-01
4.211882948875427246e-01
4.236520826816558838e-01
4.881899356842041016e-01
4.424864947795867920e-01
4.791293144226074219e-01
4.382828474044799805e-01
4.368182718753814697e-01
4.543208479881286621e-01
4.417336881160736084e-01
4.686625897884368896e-01
4.551908075809478760e-01
4.625721871852874756e-01
4.843146800994873047e-01
4.306597113609313965e-01
4.383978545665740967e-01
4.459565579891204834e-01
4.365883767604827881e-01
4.027688205242156982e-01
4.079822897911071777e-01
4.303892850875854492e-01
4.491834342479705811e-01
4.542401134967803955e-01
4.367319643497467041e-01
4.241603016853332520e-01
4.299678802490234375e-01
4.497663378715515137e-01
4.469463825225830078e-01
4.420179724693298340e-01
4.439222514629364014e-01
4.381319880485534668e-01
4.338133335113525391e-01
4.475435018539428711e-01
4.361240863800048828e-01
4.251157045364379883e-01
4.561695456504821777e-01
4.256353378295898438e-01
4.449222087860107422e-01
4.329026639461517334e-01
4.492600858211517334e-01
4.301731288433074951e-01
4.513992667198181152e-01
4.570214748382568359e-01
4.417885839939117432e-01
4.308851063251495361e-01
4.869898259639739990e-01
4.313326776027679443e-01
4.600178301334381104e-01
4.398159384727478027e-01
4.446044266223907471e-01
4.712205231189727783e-01
4.804188609123229980e-01
4.262091219425201416e-01
4.432532489299774170e-01
4.458203911781311035e-01
4.527810513973236084e-01
4.280766844749450684e-01
4.298106729984283447e-01
4.318428635597229004e-01
4.231331348419189453e-01
4.325661063194274902e-01
4.264489114284515381e-01
4.292390644550323486e-01
4.365583658218383789e-01
4.449099004268646240e-01
4.455253183841705322e-01
4.790279865264892578e-01
4.034058153629302979e-01
4.619553983211517334e-01
4.309040904045104980e-01
4.320499300956726074e-01
4.848301112651824951e-01
4.463461339473724365e-01
4.333612918853759766e-01
4.122611880302429199e-01
4.148234426975250244e-01
4.188271164894104004e-01
4.160904288291931152e-01
4.202451109886169434e-01
4.396087527275085449e-01
4.352088570594787598e-01
4.445494413375854492e-01
4.559002816677093506e-01
4.279654026031494141e-01
4.458157122135162354e-01
4.298467636108398438e-01
4.160113036632537842e-01
4.203048646450042725e-01
4.308405816555023193e-01
4.553654491901397705e-01
4.457941353321075439e-01
4.508286714553833008e-01
4.559760987758636475e-01
4.186004400253295898e-01
4.366524815559387207e-01
4.296732842922210693e-01
4.267573356628417969e-01
4.312812685966491699e-01
4.099885523319244385e-01
4.312086105346679688e-01
4.486127197742462158e-01
4.302169978618621826e-01
4.529412984848022461e-01
4.659483432769775391e-01
4.283475577831268311e-01
4.485480189323425293e-01
4.582219719886779785e-01
4.592528343200683594e-01
4.492883682250976562e-01
4.334628582000732422e-01
4.310988783836364746e-01
4.172798991203308105e-01
4.667945802211761475e-01
4.330227971076965332e-01
4.160112440586090088e-01
4.448797106742858887e-01
4.197061657905578613e-01
4.319021999835968018e-01
4.607303440570831299e-01
4.261172115802764893e-01
4.586488604545593262e-01
4.293946623802185059e-01
4.327191412448883057e-01
4.308456778526306152e-01
4.465815126895904541e-01
4.204923510551452637e-01
4.438045918941497803e-01
4.341740310192108154e-01
4.302646815776824951e-01
4.454143345355987549e-01
4.742712080478668213e-01
4.227218627929687500e-01
4.215992093086242676e-01
4.324917197227478027e-01
4.367356300354003906e-01
4.711135029792785645e-01
4.299076199531555176e-01
4.433951675891876221e-01
4.212795794010162354e-01
4.151956439018249512e-01
4.381856322288513184e-01
4.281503558158874512e-01
4.233081340789794922e-01
4.114431142807006836e-01
4.653176665306091309e-01
4.324423074722290039e-01
4.453872442245483398e-01
4.556186199188232422e-01
4.470031559467315674e-01
4.802958071231842041e-01
4.591982066631317139e-01
4.249061346054077148e-01
4.322511255741119385e-01
4.276723861694335938e-01
4.539821147918701172e-01
4.344624876976013184e-01
4.121580421924591064e-01
4.207312762737274170e-01
4.423936307430267334e-01
4.160219132900238037e-01
4.281415939331054688e-01
4.477944970130920410e-01
4.496068358421325684e-01
4.283610284328460693e-01
4.213646948337554932e-01
4.401874840259552002e-01
4.289934635162353516e-01
4.136382043361663818e-01
4.480861723423004150e-01
4.464126825332641602e-01
4.433901309967041016e-01
4.429581165313720703e-01
4.249024391174316406e-01
4.234057068824768066e-01
4.212137758731842041e-01
4.420606493949890137e-01
4.177253544330596924e-01
4.383819103240966797e-01
4.242083728313446045e-01
4.196176528930664062e-01
4.207237660884857178e-01
4.210004508495330811e-01
4.272552132606506348e-01
4.175539612770080566e-01
4.239891171455383301e-01
4.096697866916656494e-01
4.697574079036712646e-01
4.364508688449859619e-01
4.440171718597412109e-01
4.341357350349426270e-01
4.438299834728240967e-01
4.140086174011230469e-01
4.539997875690460205e-01
4.411457180976867676e-01
4.439769983291625977e-01
4.287322163581848145e-01
4.448398947715759277e-01
4.352993965148925781e-01
4.372612237930297852e-01
4.563356637954711914e-01
4.344558119773864746e-01
4.471991956233978271e-01
4.310593307018280029e-01
4.307451546192169189e-01
4.723872542381286621e-01
4.277660846710205078e-01
4.466556310653686523e-01
4.387649595737457275e-01
4.239166975021362305e-01
4.422626495361328125e-01
4.390902221202850342e-01
4.454979896545410156e-01
4.470838904380798340e-01
4.464094042778015137e-01
4.743472933769226074e-01
4.460130929946899414e-01
4.557429254055023193e-01
4.569191336631774902e-01
4.366350471973419189e-01
4.162597954273223877e-01
4.335381388664245605e-01
4.706742167472839355e-01
4.675483405590057373e-01
4.317372441291809082e-01
4.441174864768981934e-01
4.351508915424346924e-01
4.266547262668609619e-01
4.329956173896789551e-01
4.323896765708923340e-01
4.292953610420227051e-01
4.353662133216857910e-01
4.166069924831390381e-01
4.337989687919616699e-01
4.154989123344421387e-01
4.306298196315765381e-01
4.290102422237396240e-01
4.232943654060363770e-01
4.294101595878601074e-01
4.441201388835906982e-01
4.307251572608947754e-01
4.765589535236358643e-01
4.525449275970458984e-01
4.475992918014526367e-01
4.380082488059997559e-01
4.804020226001739502e-01
4.547471702098846436e-01
4.298555850982666016e-01
4.483728408813476562e-01
4.280393719673156738e-01
4.305240809917449951e-01
4.363104403018951416e-01
4.263498783111572266e-01
4.317389428615570068e-01
4.343016147613525391e-01
4.304171800613403320e-01
4.537903964519500732e-01
4.294178485870361328e-01
4.374853670597076416e-01
4.241360425949096680e-01
4.305723905563354492e-01
4.380830228328704834e-01
4.181493818759918213e-01
4.391382336616516113e-01
4.361245930194854736e-01
4.333009123802185059e-01
4.211548566818237305e-01
4.324882924556732178e-01
4.232509136199951172e-01
4.366170167922973633e-01
4.398840665817260742e-01
4.441914260387420654e-01
4.393450617790222168e-01
4.597038328647613525e-01
4.255990386009216309e-01
4.482970833778381348e-01
4.251636266708374023e-01
4.489949345588684082e-01
4.369001984596252441e-01
4.221398234367370605e-01
4.327872693538665771e-01
4.441119432449340820e-01
4.370181262493133545e-01
4.587992727756500244e-01
4.608854651451110840e-01
4.116232097148895264e-01
4.329530596733093262e-01
4.145233035087585449e-01
4.180633425712585449e-01
4.344010055065155029e-01
4.450726509094238281e-01
4.356535673141479492e-01
4.335372149944305420e-01
4.422888159751892090e-01
4.187186956405639648e-01
4.337485432624816895e-01
4.298744201660156250e-01
4.231546521186828613e-01
4.141512811183929443e-01
4.511883258819580078e-01
4.514759778976440430e-01
4.468445777893066406e-01
4.350606799125671387e-01
4.737979471683502197e-01
4.307897090911865234e-01
4.313080906867980957e-01
4.357706010341644287e-01
4.560009837150573730e-01
4.502713680267333984e-01
4.404368400573730469e-01
4.138025641441345215e-01
4.424695074558258057e-01
4.593413770198822021e-01
4.618267714977264404e-01
4.343709349632263184e-01
4.613892436027526855e-01
4.296983480453491211e-01
4.562120139598846436e-01
4.500311613082885742e-01
4.736921489238739014e-01
4.482652246952056885e-01
4.717626273632049561e-01
4.402571618556976318e-01
4.462484419345855713e-01
4.386932849884033203e-01
4.752960801124572754e-01
4.149127006530761719e-01
4.361243546009063721e-01
4.244881272315979004e-01
4.285436868667602539e-01
4.701336324214935303e-01
4.583108723163604736e-01
4.143133163452148438e-01
4.377107620239257812e-01
4.141044318675994873e-01
4.179795384407043457e-01
4.297193586826324463e-01
4.309338331222534180e-01
4.290646910667419434e-01
4.131269454956054688e-01
4.325188100337982178e-01
4.175880849361419678e-01
4.304377436637878418e-01
4.346832334995269775e-01
4.216557145118713379e-01
4.281810522079467773e-01
4.405340850353240967e-01
4.171786308288574219e-01
4.228979647159576416e-01
4.222338199615478516e-01
4.320750236511230469e-01
4.153450429439544678e-01
4.449346661567687988e-01
4.147650599479675293e-01
4.149755239486694336e-01
4.324304461479187012e-01
4.304964840412139893e-01
4.429811537265777588e-01
4.257841110229492188e-01
4.332036972045898438e-01
4.309235215187072754e-01
4.084299504756927490e-01
4.239941239356994629e-01
4.453228116035461426e-01
4.245036244392395020e-01
4.202138185501098633e-01
4.617675244808197021e-01
4.149177074432373047e-01
4.426325261592864990e-01
4.387105107307434082e-01
4.252909421920776367e-01
4.647781252861022949e-01
4.299823045730590820e-01
4.524305462837219238e-01
4.269951879978179932e-01
4.494707882404327393e-01
4.571201205253601074e-01
4.608489871025085449e-01
4.588377475738525391e-01
4.501176774501800537e-01
4.299538731575012207e-01
4.341360926628112793e-01
4.419057369232177734e-01
4.307833313941955566e-01
4.426534473896026611e-01
4.386909604072570801e-01
4.453274011611938477e-01
4.367155432701110840e-01
4.365864992141723633e-01
4.382738471031188965e-01
4.544228315353393555e-01
4.510071277618408203e-01
4.470287263393402100e-01
4.592492878437042236e-01
4.339942336082458496e-01
4.405119717121124268e-01
4.321367144584655762e-01
4.530903995037078857e-01
4.530902504920959473e-01
4.298288524150848389e-01
4.273497164249420166e-01
4.645663201808929443e-01
4.326682686805725098e-01
4.332644045352935791e-01
4.144161045551300049e-01
4.571772813796997070e-01
4.211073219776153564e-01
4.152677357196807861e-01
4.269948303699493408e-01
4.620161354541778564e-01
4.099879562854766846e-01
4.087042510509490967e-01
4.550436139106750488e-01
4.064686298370361328e-01
4.262487292289733887e-01
4.076828956604003906e-01
4.180323481559753418e-01
4.232455193996429443e-01
4.740966856479644775e-01
4.663348793983459473e-01
4.172300696372985840e-01
4.698172807693481445e-01
4.542798101902008057e-01
4.386248588562011719e-01
4.518334865570068359e-01
4.132782220840454102e-01
3.978811502456665039e-01
4.265808165073394775e-01
4.647932052612304688e-01
4.386835396289825439e-01
4.703862965106964111e-01
4.366855025291442871e-01
4.170955419540405273e-01
4.361494183540344238e-01
4.314092695713043213e-01
4.183008968830108643e-01
4.554809331893920898e-01
4.191115498542785645e-01
4.576286375522613525e-01
4.178187549114227295e-01
4.244652986526489258e-01
4.310594797134399414e-01
4.624771773815155029e-01
4.406981170177459717e-01
4.492659866809844971e-01
4.468143582344055176e-01
4.403734505176544189e-01
4.487780630588531494e-01
4.545489847660064697e-01
4.349616169929504395e-01
4.528623223304748535e-01
4.419354498386383057e-01
4.341772794723510742e-01
4.369833469390869141e-01
4.556899070739746094e-01
4.648828506469726562e-01
4.489930868148803711e-01
4.557576179504394531e-01
4.467531740665435791e-01
4.325478374958038330e-01
4.539396762847900391e-01
4.243652224540710449e-01
4.420247673988342285e-01
4.221713244915008545e-01
4.763771295547485352e-01
4.415356218814849854e-01
4.646680355072021484e-01
4.200715422630310059e-01
4.860906600952148438e-01
4.643361568450927734e-01
4.491544067859649658e-01
4.609610736370086670e-01
4.998458623886108398e-01
4.562591910362243652e-01
4.588596820831298828e-01
4.639959633350372314e-01
4.834437072277069092e-01
4.705931544303894043e-01
4.818095266819000244e-01
4.725410640239715576e-01
4.860299527645111084e-01
4.276157617568969727e-01
4.456325173377990723e-01
4.249984920024871826e-01
4.151289761066436768e-01
4.334631264209747314e-01
4.354534745216369629e-01
4.211832582950592041e-01
4.135435223579406738e-01
4.146482050418853760e-01
4.695976376533508301e-01
4.470431208610534668e-01
4.626241922378540039e-01
4.492559432983398438e-01
4.457846283912658691e-01
4.449028372764587402e-01
4.663042724132537842e-01
4.882166385650634766e-01
4.418362975120544434e-01
4.656574428081512451e-01
4.219088554382324219e-01
4.384991228580474854e-01
4.513005316257476807e-01
4.299012720584869385e-01
4.215297102928161621e-01
4.891316890716552734e-01
4.444974064826965332e-01
4.085991382598876953e-01
3.905141949653625488e-01
4.321729242801666260e-01
4.177366197109222412e-01
4.612536430358886719e-01
4.082615971565246582e-01
4.304991364479064941e-01
4.416129887104034424e-01
4.571613371372222900e-01
4.521970152854919434e-01
4.470842182636260986e-01
4.081802368164062500e-01
4.166853725910186768e-01
4.392107129096984863e-01
4.192735552787780762e-01
4.468959271907806396e-01
4.426984488964080811e-01
4.411310553550720215e-01
4.402610659599304199e-01
4.361273348331451416e-01
4.529073834419250488e-01
4.930334985256195068e-01
4.542938768863677979e-01
4.573293030261993408e-01
4.180312156677246094e-01
4.326004683971405029e-01
4.230394959449768066e-01
4.358972609043121338e-01
4.404811263084411621e-01
4.503130316734313965e-01
4.164002537727355957e-01
4.681882858276367188e-01
4.349108040332794189e-01
4.527492225170135498e-01
4.681852757930755615e-01
4.619292020797729492e-01
4.485831856727600098e-01
4.293318390846252441e-01
4.472015500068664551e-01
4.631268084049224854e-01
4.466088712215423584e-01
4.573498964309692383e-01
4.456459879875183105e-01
4.205198287963867188e-01
4.634526968002319336e-01
4.637467861175537109e-01
4.774407744407653809e-01
4.393735229969024658e-01
4.260098934173583984e-01
4.431306123733520508e-01
4.426490366458892822e-01
4.305736422538757324e-01
4.107660949230194092e-01
4.120993912220001221e-01
4.203803539276123047e-01
4.187448322772979736e-01
4.402625560760498047e-01
4.107123315334320068e-01
4.191808104515075684e-01
4.329651594161987305e-01
4.465800821781158447e-01
4.185662865638732910e-01
4.240774810314178467e-01
4.061063528060913086e-01
4.155441522598266602e-01
4.330279231071472168e-01
4.546031057834625244e-01
4.541509151458740234e-01
4.454429745674133301e-01
4.260086119174957275e-01
4.426958858966827393e-01
4.296782612800598145e-01
4.092157781124114990e-01
4.132849574089050293e-01
4.274651110172271729e-01
4.181815385818481445e-01
4.444209933280944824e-01
4.371907114982604980e-01
4.397377371788024902e-01
4.670384228229522705e-01
4.251433610916137695e-01
4.378771781921386719e-01
4.657773673534393311e-01
3.616016209125518799e-01
4.678384661674499512e-01
4.922768473625183105e-01
4.534440636634826660e-01
4.601286947727203369e-01
4.259128272533416748e-01
4.703228175640106201e-01
4.240362644195556641e-01
4.228032827377319336e-01
4.432557225227355957e-01
4.379787743091583252e-01
4.259974956512451172e-01
4.429996907711029053e-01
4.704945683479309082e-01
4.301109910011291504e-01
4.427892565727233887e-01
4.469329714775085449e-01
4.042166471481323242e-01
4.386664032936096191e-01
4.419274032115936279e-01
4.308649599552154541e-01
4.276541769504547119e-01
4.456031620502471924e-01
4.464536607265472412e-01
4.234057664871215820e-01
4.399316906929016113e-01
4.420122504234313965e-01
4.264141321182250977e-01
4.461304545402526855e-01
4.414060413837432861e-01
4.364912211894989014e-01
4.571165144443511963e-01
4.661875367164611816e-01
4.449979066848754883e-01
4.477096199989318848e-01
4.343922734260559082e-01
4.617988467216491699e-01
4.541211426258087158e-01
4.170257747173309326e-01
4.322326779365539551e-01
4.111530780792236328e-01
4.427774250507354736e-01
4.200629293918609619e-01
4.379884600639343262e-01
4.163146018981933594e-01
4.218512177467346191e-01
4.077166914939880371e-01
4.427603483200073242e-01
4.147420227527618408e-01
4.140479862689971924e-01
4.337002038955688477e-01
4.308648109436035156e-01
4.202431440353393555e-01
4.170226454734802246e-01
4.706620275974273682e-01
4.731640517711639404e-01
4.394230842590332031e-01
4.387411773204803467e-01
4.337711930274963379e-01
4.317393302917480469e-01
4.604798257350921631e-01
4.383157491683959961e-01
4.182796478271484375e-01
4.341564774513244629e-01
4.417016208171844482e-01
4.322203397750854492e-01
4.175197482109069824e-01
4.486884474754333496e-01
4.079274237155914307e-01
4.301061034202575684e-01
4.124554693698883057e-01
4.573867917060852051e-01
4.421329200267791748e-01
4.563794732093811035e-01
4.113076925277709961e-01
4.324770271778106689e-01
4.631059765815734863e-01
4.038282632827758789e-01
4.231786131858825684e-01
4.115306138992309570e-01
4.017798006534576416e-01
4.431244730949401855e-01
4.388267695903778076e-01
4.417732656002044678e-01
4.308768510818481445e-01
4.359230995178222656e-01
4.330459833145141602e-01
4.364153146743774414e-01
4.171417653560638428e-01
4.138671159744262695e-01
4.339924454689025879e-01
4.483814239501953125e-01
4.418448209762573242e-01
4.356968402862548828e-01
4.308757185935974121e-01
4.489094614982604980e-01
4.326103329658508301e-01
4.460174143314361572e-01
4.266333878040313721e-01
4.590484499931335449e-01
4.103435575962066650e-01
4.515275061130523682e-01
4.588305652141571045e-01
4.346477985382080078e-01
4.551119506359100342e-01
4.116958975791931152e-01
4.327984452247619629e-01
4.565500020980834961e-01
4.560161828994750977e-01
4.629898667335510254e-01
4.044536352157592773e-01
4.396961033344268799e-01
4.022729396820068359e-01
4.447456598281860352e-01
3.802566230297088623e-01
4.514981806278228760e-01
4.241125881671905518e-01
4.242187738418579102e-01
4.400762915611267090e-01
4.777218699455261230e-01
4.246690869331359863e-01
4.209928512573242188e-01
4.184345602989196777e-01
4.315193295478820801e-01
3.985169529914855957e-01
4.553826749324798584e-01
4.027298688888549805e-01
4.417029619216918945e-01
4.284668862819671631e-01
4.500269293785095215e-01
4.698269367218017578e-01
4.190734624862670898e-01
4.317340850830078125e-01
4.212988018989562988e-01
4.093371629714965820e-01
4.324304461479187012e-01
4.531514048576354980e-01
4.378344416618347168e-01
4.390027821063995361e-01
4.397966265678405762e-01
4.040831923484802246e-01
4.211509227752685547e-01
4.331198930740356445e-01
4.405045807361602783e-01
4.394806623458862305e-01
4.376764595508575439e-01
4.289491176605224609e-01
4.348611235618591309e-01
4.492638111114501953e-01
4.561817049980163574e-01
4.616578817367553711e-01
4.419096708297729492e-01
4.559256434440612793e-01
4.530855119228363037e-01
4.424355328083038330e-01
4.058275222778320312e-01
3.983661234378814697e-01
4.773388504981994629e-01
4.586926400661468506e-01
4.711114764213562012e-01
4.195211827754974365e-01
4.249380826950073242e-01
4.282735586166381836e-01
4.396046996116638184e-01
4.174452722072601318e-01
4.437893033027648926e-01
4.314287006855010986e-01
4.400455951690673828e-01
4.127894937992095947e-01
4.226846098899841309e-01
4.365269541740417480e-01
4.187103211879730225e-01
4.215813279151916504e-01
4.246777296066284180e-01
4.306031465530395508e-01
4.240777790546417236e-01
4.420709311962127686e-01
4.352908432483673096e-01
4.388340711593627930e-01
4.634416103363037109e-01
4.391211569309234619e-01
4.169446825981140137e-01
4.008948504924774170e-01
4.231579899787902832e-01
4.447022080421447754e-01
4.450777471065521240e-01
4.328358471393585205e-01
4.570500254631042480e-01
4.304777383804321289e-01
4.382129311561584473e-01
4.233030974864959717e-01
4.233228266239166260e-01
4.215929806232452393e-01
4.149642586708068848e-01
4.257690310478210449e-01
4.219260215759277344e-01
4.253538548946380615e-01
4.459314048290252686e-01
4.231201410293579102e-01
4.263494312763214111e-01
4.210892319679260254e-01
4.404699802398681641e-01
4.302453100681304932e-01
4.439029991626739502e-01
4.345256984233856201e-01
4.167239665985107422e-01
4.311940670013427734e-01
4.306707978248596191e-01
4.247494637966156006e-01
4.465234279632568359e-01
4.398529231548309326e-01
4.309055805206298828e-01
4.309605360031127930e-01
4.365687072277069092e-01
4.272607266902923584e-01
4.482741951942443848e-01
4.296231567859649658e-01
4.414996802806854248e-01
4.274800121784210205e-01
4.196987152099609375e-01
4.463376104831695557e-01
4.518417418003082275e-01
4.356152117252349854e-01
4.216594696044921875e-01
4.279543161392211914e-01
4.216175377368927002e-01
4.295841455459594727e-01
4.457500874996185303e-01
4.412339627742767334e-01
4.238061904907226562e-01
4.135839939117431641e-01
4.331053495407104492e-01
4.300599992275238037e-01
4.671207070350646973e-01
4.561758041381835938e-01
4.554598927497863770e-01
4.506949782371520996e-01
4.069228172302246094e-01
4.090008139610290527e-01
4.234092533588409424e-01
4.411630630493164062e-01
4.592698812484741211e-01
4.179960191249847412e-01
4.217468202114105225e-01
4.654672145843505859e-01
4.636206328868865967e-01
4.175987541675567627e-01
4.154593348503112793e-01
4.163622856140136719e-01
4.563500583171844482e-01
4.162091612815856934e-01
4.489321708679199219e-01
4.386824369430541992e-01
4.377726912498474121e-01
4.410070180892944336e-01
4.296017289161682129e-01
4.532784521579742432e-01
4.328019022941589355e-01
4.323142766952514648e-01
4.560974240303039551e-01
4.468083977699279785e-01
4.436115324497222900e-01
4.450573325157165527e-01
4.482668638229370117e-01
4.160473048686981201e-01
4.540852308273315430e-01
4.219530820846557617e-01
4.234668314456939697e-01
4.376373291015625000e-01
4.261780381202697754e-01
4.413568973541259766e-01
4.442991018295288086e-01
4.735461771488189697e-01
4.311723709106445312e-01
4.560725986957550049e-01
4.337054491043090820e-01
4.411048889160156250e-01
4.678674638271331787e-01
4.609240293502807617e-01
4.217856228351593018e-01
4.315617680549621582e-01
4.327064454555511475e-01
4.324961900711059570e-01
4.623109996318817139e-01
4.393665194511413574e-01
4.594441950321197510e-01
4.308573901653289795e-01
4.327268898487091064e-01
4.386071860790252686e-01
4.366126060485839844e-01
4.380598664283752441e-01
4.402677118778228760e-01
4.323230385780334473e-01
4.309756457805633545e-01
4.374386370182037354e-01
4.461879432201385498e-01
4.324417412281036377e-01
4.398981034755706787e-01
4.419705271720886230e-01
4.403077661991119385e-01
4.364268183708190918e-01
4.320135116577148438e-01
4.316536486148834229e-01
4.294303655624389648e-01
4.399918615818023682e-01
4.311450719833374023e-01
4.148043096065521240e-01
4.201206564903259277e-01
4.307265281677246094e-01
4.334848225116729736e-01
4.315766394138336182e-01
4.293630719184875488e-01
4.297958612442016602e-01
4.226860105991363525e-01
4.651986062526702881e-01
4.275557696819305420e-01
4.142664670944213867e-01
4.532425701618194580e-01
4.344068467617034912e-01
4.218403697013854980e-01
4.389274716377258301e-01
4.151814579963684082e-01
4.154314398765563965e-01
4.459889531135559082e-01
4.554451704025268555e-01
4.002040624618530273e-01
4.643509984016418457e-01
4.362213015556335449e-01
4.351303875446319580e-01
4.283986389636993408e-01
4.408953785896301270e-01
3.689345121383666992e-01
4.317578673362731934e-01
4.363668859004974365e-01
4.353548288345336914e-01
4.709482192993164062e-01
4.711917638778686523e-01
4.172857999801635742e-01
4.374246895313262939e-01
4.250354170799255371e-01
4.324898421764373779e-01
3.737450838088989258e-01
4.516621232032775879e-01
4.439398646354675293e-01
4.258021414279937744e-01
4.631257057189941406e-01
4.142786264419555664e-01
4.305903017520904541e-01
4.503088593482971191e-01
4.718184173107147217e-01
4.325081110000610352e-01
4.328984618186950684e-01
4.583037495613098145e-01
4.259803593158721924e-01
4.194163978099822998e-01
4.293520152568817139e-01
4.313466548919677734e-01
4.573149681091308594e-01
4.297289848327636719e-01
4.455451965332031250e-01
4.307168722152709961e-01
4.373683333396911621e-01
4.004817605018615723e-01
4.465587139129638672e-01
3.922858238220214844e-01
4.321778416633605957e-01
4.385846853256225586e-01
4.449023306369781494e-01
4.370472431182861328e-01
4.322976171970367432e-01
4.430933594703674316e-01
4.208451211452484131e-01
4.365268945693969727e-01
4.147533178329467773e-01
4.366529583930969238e-01
4.333588480949401855e-01
4.154903888702392578e-01
4.220034182071685791e-01
4.157364666461944580e-01
4.765491783618927002e-01
4.381763041019439697e-01
4.152180254459381104e-01
4.243336319923400879e-01
4.199803173542022705e-01
4.288142919540405273e-01
4.286188483238220215e-01
4.134014248847961426e-01
4.248753786087036133e-01
4.488319754600524902e-01
4.454849064350128174e-01
4.325516819953918457e-01
4.232374429702758789e-01
4.425540268421173096e-01
4.550908505916595459e-01
4.168758690357208252e-01
4.273764491081237793e-01
4.379419088363647461e-01
4.344862401485443115e-01
4.357615709304809570e-01
4.918610155582427979e-01
4.651592969894409180e-01
4.522622227668762207e-01
4.603390097618103027e-01
4.461339414119720459e-01
4.626293182373046875e-01
4.824211597442626953e-01
4.912491738796234131e-01
4.608498215675354004e-01
4.443773627281188965e-01
4.699392318725585938e-01
4.157906770706176758e-01
4.177394211292266846e-01
4.245141744613647461e-01
4.185028672218322754e-01
4.317775368690490723e-01
4.307997226715087891e-01
4.328185915946960449e-01
4.203829765319824219e-01
4.989489018917083740e-01
4.359793365001678467e-01
4.762341082096099854e-01
4.025544226169586182e-01
4.291591644287109375e-01
4.660823345184326172e-01
4.162395596504211426e-01
4.310732185840606689e-01
4.401545822620391846e-01
4.154749512672424316e-01
4.222319722175598145e-01
4.227918982505798340e-01
4.323259294033050537e-01
4.369104504585266113e-01
4.621600210666656494e-01
4.541117846965789795e-01
4.352353215217590332e-01
4.146645069122314453e-01
4.640012979507446289e-01
4.537426233291625977e-01
4.580638110637664795e-01
4.595218002796173096e-01
4.636330306529998779e-01
4.301685094833374023e-01
4.447547495365142822e-01
4.193578958511352539e-01
4.559772908687591553e-01
4.334467649459838867e-01
4.299730062484741211e-01
4.409467875957489014e-01
4.736310243606567383e-01
4.152278900146484375e-01
4.462176561355590820e-01
4.073059260845184326e-01
4.746078252792358398e-01
4.916327893733978271e-01
3.996777534484863281e-01
4.770212471485137939e-01
4.797056913375854492e-01
4.320299327373504639e-01
5.148507952690124512e-01
4.110735058784484863e-01
4.209897220134735107e-01
4.428946673870086670e-01
4.098162651062011719e-01
4.234465062618255615e-01
4.112907350063323975e-01
4.369332790374755859e-01
4.458557665348052979e-01
4.335244297981262207e-01
4.437808394432067871e-01
4.315625131130218506e-01
4.432565271854400635e-01
4.240800440311431885e-01
4.438233971595764160e-01
4.242602884769439697e-01
4.589339196681976318e-01
4.577581584453582764e-01
4.593339562416076660e-01
4.488891661167144775e-01
4.371574819087982178e-01
4.376244843006134033e-01
4.203457236289978027e-01
4.473409950733184814e-01
4.586558640003204346e-01
4.476459026336669922e-01
4.213304519653320312e-01
4.434856176376342773e-01
4.463344216346740723e-01
4.303007721900939941e-01
4.331585168838500977e-01
4.155757427215576172e-01
4.766761064529418945e-01
4.704251885414123535e-01
4.254890084266662598e-01
4.422959983348846436e-01
4.582450687885284424e-01
4.342344105243682861e-01
4.131380617618560791e-01
4.377231001853942871e-01
4.131384789943695068e-01
4.254616200923919678e-01
4.125133156776428223e-01
4.332050085067749023e-01
4.333907961845397949e-01
4.032102525234222412e-01
4.346396923065185547e-01
4.435372650623321533e-01
4.531663954257965088e-01
4.512664079666137695e-01
4.241929054260253906e-01
4.443891346454620361e-01
4.137892127037048340e-01
4.123960435390472412e-01
4.170817434787750244e-01
4.456230401992797852e-01
4.319797158241271973e-01
4.069736301898956299e-01
4.632945358753204346e-01
4.619346261024475098e-01
4.274408221244812012e-01
4.169601202011108398e-01
4.681020677089691162e-01
4.207388758659362793e-01
4.153755009174346924e-01
4.581050276756286621e-01
4.630855321884155273e-01
4.636329710483551025e-01
4.636330306529998779e-01
4.237127900123596191e-01
4.531511068344116211e-01
4.522325396537780762e-01
4.464109241962432861e-01
4.419338107109069824e-01
4.045792222023010254e-01
4.151976704597473145e-01
4.155440032482147217e-01
4.680372178554534912e-01
4.202879369258880615e-01
4.525574147701263428e-01
4.635550081729888916e-01
4.141278266906738281e-01
4.156782627105712891e-01
4.283981621265411377e-01
4.516143500804901123e-01
4.323925673961639404e-01
3.997592926025390625e-01
4.264925718307495117e-01
4.465799331665039062e-01
4.539698958396911621e-01
4.400862455368041992e-01
4.503124654293060303e-01
4.439865350723266602e-01
4.448761641979217529e-01
4.020172357559204102e-01
4.237924814224243164e-01
4.115154147148132324e-01
4.253462851047515869e-01
4.412957727909088135e-01
4.175435900688171387e-01
4.374390840530395508e-01
4.234780371189117432e-01
4.196633696556091309e-01
4.537283182144165039e-01
4.351375699043273926e-01
4.295887351036071777e-01
4.362810254096984863e-01
4.443783164024353027e-01
4.221906065940856934e-01
4.410428702831268311e-01
4.243271350860595703e-01
4.465343952178955078e-01
4.806959033012390137e-01
4.489554464817047119e-01
4.258791208267211914e-01
4.290653765201568604e-01
4.537371397018432617e-01
4.304957091808319092e-01
4.330589473247528076e-01
4.325340688228607178e-01
4.147696793079376221e-01
4.425238966941833496e-01
4.368834495544433594e-01
4.233207702636718750e-01
4.513974189758300781e-01
4.369262754917144775e-01
4.434155523777008057e-01
4.308538436889648438e-01
4.274225831031799316e-01
4.330113232135772705e-01
4.114756584167480469e-01
4.300877153873443604e-01
4.266312718391418457e-01
3.990299701690673828e-01
4.267858266830444336e-01
4.136469662189483643e-01
4.193677604198455811e-01
4.084641337394714355e-01
4.262338280677795410e-01
4.674950242042541504e-01
4.188766777515411377e-01
4.077152907848358154e-01
4.090723395347595215e-01
4.389691948890686035e-01
4.501716196537017822e-01
4.234283566474914551e-01
4.352008998394012451e-01
4.748024642467498779e-01
4.669544100761413574e-01
4.302948713302612305e-01
4.707665443420410156e-01
4.668346345424652100e-01
3.911182880401611328e-01
4.737208783626556396e-01
4.661378562450408936e-01
4.163865149021148682e-01
4.386873543262481689e-01
4.246016740798950195e-01
4.102880954742431641e-01
4.430840909481048584e-01
4.305713474750518799e-01
4.134848713874816895e-01
4.095956087112426758e-01
4.169579446315765381e-01
4.055677950382232666e-01
4.367658495903015137e-01
4.182789921760559082e-01
4.483501911163330078e-01
4.213490486145019531e-01
4.463315010070800781e-01
4.326515197753906250e-01
4.174692630767822266e-01
4.080778360366821289e-01
4.097570776939392090e-01
4.250504970550537109e-01
4.309337437152862549e-01
4.727415740489959717e-01
4.253674149513244629e-01
4.325158298015594482e-01
4.311828017234802246e-01
4.312567710876464844e-01
4.351350069046020508e-01
4.218275547027587891e-01
4.177619218826293945e-01
4.077461361885070801e-01
4.311888217926025391e-01
4.144891798496246338e-01
4.536693990230560303e-01
4.464404582977294922e-01
4.263188838958740234e-01
4.619280993938446045e-01
4.472002685070037842e-01
4.157095849514007568e-01
4.447161853313446045e-01
4.331363737583160400e-01
4.103528857231140137e-01
4.385043680667877197e-01
4.631975293159484863e-01
4.299162626266479492e-01
4.473923742771148682e-01
4.437149167060852051e-01
4.509411454200744629e-01
4.307985305786132812e-01
4.486356973648071289e-01
4.448693096637725830e-01
4.318067729473114014e-01
4.558347463607788086e-01
4.337713420391082764e-01
4.925233423709869385e-01
4.845430850982666016e-01
5.049598217010498047e-01
4.796509444713592529e-01
4.757585525512695312e-01
4.744709432125091553e-01
4.759394228458404541e-01
4.797885715961456299e-01
4.757160246372222900e-01
4.816243052482604980e-01
4.691764414310455322e-01
5.035988092422485352e-01
5.122363567352294922e-01
4.857474565505981445e-01
4.953716993331909180e-01
4.469232857227325439e-01
5.028599500656127930e-01
4.466999769210815430e-01
4.186053872108459473e-01
4.581853151321411133e-01
4.433102011680603027e-01
4.665269851684570312e-01
4.376688301563262939e-01
4.258140027523040771e-01
4.223890304565429688e-01
4.438750743865966797e-01
4.312433302402496338e-01
4.217013120651245117e-01
4.445114433765411377e-01
4.498986601829528809e-01
4.132616519927978516e-01
4.389275908470153809e-01
4.403949379920959473e-01
4.558754861354827881e-01
4.279803037643432617e-01
4.564061462879180908e-01
4.536027014255523682e-01
4.340861439704895020e-01
4.295438528060913086e-01
4.423658251762390137e-01
4.352642893791198730e-01
4.630179703235626221e-01
4.584403634071350098e-01
3.961290419101715088e-01
4.418196976184844971e-01
4.147420227527618408e-01
4.190774261951446533e-01
4.423649013042449951e-01
4.299344420433044434e-01
4.601552486419677734e-01
4.624335169792175293e-01
4.757231175899505615e-01
4.494335055351257324e-01
4.525234997272491455e-01
4.821940064430236816e-01
4.753738045692443848e-01
4.689110219478607178e-01
4.785802960395812988e-01
4.447214901447296143e-01
4.629373550415039062e-01
4.733271300792694092e-01
4.710146188735961914e-01
4.865048229694366455e-01
4.331116080284118652e-01
4.789901077747344971e-01
4.374775886535644531e-01
4.163430333137512207e-01
4.163376092910766602e-01
4.207255542278289795e-01
4.669438600540161133e-01
4.164661765098571777e-01
4.271013438701629639e-01
4.209150671958923340e-01
4.126081168651580811e-01
4.407031238079071045e-01
4.216943681240081787e-01
4.156540036201477051e-01
4.240822196006774902e-01
4.326919913291931152e-01
4.210946559906005859e-01
4.306161701679229736e-01
4.400773346424102783e-01
4.190584421157836914e-01
4.611480236053466797e-01
4.269456565380096436e-01
4.647999107837677002e-01
4.574871659278869629e-01
4.571491181850433350e-01
4.469510912895202637e-01
4.718452095985412598e-01
4.662736654281616211e-01
4.763983190059661865e-01
4.425287246704101562e-01
4.083831608295440674e-01
4.323744177818298340e-01
4.763998687267303467e-01
4.332109093666076660e-01
3.812622129917144775e-01
4.131370782852172852e-01
4.625475108623504639e-01
4.318152070045471191e-01
4.392552971839904785e-01
3.850000798702239990e-01
4.261457920074462891e-01
4.514666199684143066e-01
4.376848936080932617e-01
4.836839735507965088e-01
4.496889114379882812e-01
4.534582197666168213e-01
4.164758920669555664e-01
4.518246948719024658e-01
4.510606825351715088e-01
4.344318509101867676e-01
4.715497195720672607e-01
4.379088878631591797e-01
4.313420355319976807e-01
4.132924377918243408e-01
4.110795855522155762e-01
4.489395022392272949e-01
3.873972892761230469e-01
4.145410060882568359e-01
4.170980453491210938e-01
4.091305434703826904e-01
4.076805412769317627e-01
4.294168353080749512e-01
4.251034259796142578e-01
3.986330926418304443e-01
4.332799315452575684e-01
4.518379569053649902e-01
4.297555387020111084e-01
4.051399528980255127e-01
4.112983345985412598e-01
4.296705424785614014e-01
4.306123256683349609e-01
4.331560730934143066e-01
4.209133684635162354e-01
4.256595969200134277e-01
4.336755871772766113e-01
4.154117703437805176e-01
4.310602843761444092e-01
4.147481024265289307e-01
4.441607892513275146e-01
4.437964856624603271e-01
4.298286437988281250e-01
4.155336916446685791e-01
4.210040867328643799e-01
4.334080517292022705e-01
4.383063316345214844e-01
4.312492609024047852e-01
4.276571273803710938e-01
4.240532219409942627e-01
4.408574700355529785e-01
3.876996636390686035e-01
4.351560771465301514e-01
4.626963734626770020e-01
4.391543269157409668e-01
3.799422979354858398e-01
4.411818981170654297e-01
4.390996396541595459e-01
4.124552905559539795e-01
4.179020524024963379e-01
4.171780943870544434e-01
4.387289881706237793e-01
4.334541559219360352e-01
4.222115576267242432e-01
4.447054564952850342e-01
4.359408020973205566e-01
4.650178849697113037e-01
4.571391046047210693e-01
4.622128605842590332e-01
4.267967641353607178e-01
4.298695921897888184e-01
4.304290413856506348e-01
4.483857452869415283e-01
4.877436459064483643e-01
4.115555584430694580e-01
4.103295207023620605e-01
3.986627459526062012e-01
4.307865202426910400e-01
3.951916396617889404e-01
4.172926545143127441e-01
4.669015109539031982e-01
4.127813279628753662e-01
4.252481460571289062e-01
4.326810836791992188e-01
4.324368238449096680e-01
4.257757663726806641e-01
4.109417200088500977e-01
4.115176200866699219e-01
4.728493392467498779e-01
4.338739812374114990e-01
4.593940973281860352e-01
4.673760235309600830e-01
4.709641635417938232e-01
4.623335897922515869e-01
4.616451859474182129e-01
4.555716812610626221e-01
4.659065604209899902e-01
4.694686532020568848e-01
4.684994816780090332e-01
4.622701108455657959e-01
4.015256762504577637e-01
4.457873106002807617e-01
4.658493101596832275e-01
4.177177548408508301e-01
4.259350597858428955e-01
4.068845212459564209e-01
4.291292726993560791e-01
4.641019701957702637e-01
4.740842580795288086e-01
4.168523550033569336e-01
4.136136472225189209e-01
4.231106936931610107e-01
4.219807088375091553e-01
4.175540506839752197e-01
4.138649404048919678e-01
4.108147919178009033e-01
4.233185052871704102e-01
4.368219971656799316e-01
4.176175296306610107e-01
4.139252305030822754e-01
4.413411915302276611e-01
4.129620790481567383e-01
4.277194738388061523e-01
4.330654144287109375e-01
4.552265405654907227e-01
4.173798561096191406e-01
4.313167333602905273e-01
4.724039435386657715e-01
4.153107404708862305e-01
4.260405004024505615e-01
4.184899628162384033e-01
4.166960120201110840e-01
4.368588626384735107e-01
4.587009549140930176e-01
4.346465468406677246e-01
4.146431386470794678e-01
4.388313591480255127e-01
4.255772233009338379e-01
4.094791412353515625e-01
4.379201531410217285e-01
4.365344047546386719e-01
4.273206889629364014e-01
4.025082886219024658e-01
4.289556741714477539e-01
4.359554648399353027e-01
4.173532128334045410e-01
4.276095032691955566e-01
4.241836965084075928e-01
3.953262865543365479e-01
3.909954428672790527e-01
4.603956341743469238e-01
4.199805855751037598e-01
4.220174551010131836e-01
4.669594168663024902e-01
4.166857004165649414e-01
4.221301972866058350e-01
4.546140432357788086e-01
4.204714000225067139e-01
4.570014774799346924e-01
4.299872517585754395e-01
4.463126361370086670e-01
4.458494186401367188e-01
4.384504556655883789e-01
4.343835711479187012e-01
4.366460442543029785e-01
4.147751927375793457e-01
4.126951694488525391e-01
4.673664271831512451e-01
4.203546643257141113e-01
4.278647899627685547e-01
4.294396638870239258e-01
4.307401478290557861e-01
4.389214217662811279e-01
4.629369080066680908e-01
4.564360082149505615e-01
4.240804910659790039e-01
4.360923767089843750e-01
4.150528609752655029e-01
4.263927340507507324e-01
4.211735129356384277e-01
4.363533854484558105e-01
4.420846700668334961e-01
4.469989538192749023e-01
4.359753429889678955e-01
4.434687495231628418e-01
4.377633631229400635e-01
4.217400550842285156e-01
4.289574623107910156e-01
4.268454611301422119e-01
4.370099306106567383e-01
4.176457524299621582e-01
4.424732625484466553e-01
4.516941308975219727e-01
4.439640343189239502e-01
4.356071352958679199e-01
4.234172701835632324e-01
4.224576354026794434e-01
4.577660560607910156e-01
4.285307526588439941e-01
4.735763072967529297e-01
4.296151697635650635e-01
4.500884115695953369e-01
4.443638324737548828e-01
4.280089139938354492e-01
4.378609657287597656e-01
4.323726892471313477e-01
4.478437602519989014e-01
4.389926195144653320e-01
4.652123749256134033e-01
4.538667500019073486e-01
4.224414825439453125e-01
4.271795749664306641e-01
4.283438920974731445e-01
4.386494457721710205e-01
4.389051795005798340e-01
4.404789209365844727e-01
4.533488750457763672e-01
4.403404295444488525e-01
4.395703673362731934e-01
4.585734307765960693e-01
4.560298025608062744e-01
4.352377653121948242e-01
4.290065169334411621e-01
4.580742120742797852e-01
4.662046730518341064e-01
4.524991810321807861e-01
4.226331114768981934e-01
4.519847035408020020e-01
4.465179443359375000e-01
4.377583563327789307e-01
4.372123181819915771e-01
4.402889609336853027e-01
4.421499669551849365e-01
4.366537928581237793e-01
4.397169947624206543e-01
4.127193689346313477e-01
4.483922421932220459e-01
4.325713515281677246e-01
4.707529842853546143e-01
4.272748827934265137e-01
4.619565904140472412e-01
4.297974109649658203e-01
4.213044047355651855e-01
4.409439563751220703e-01
4.201713204383850098e-01
4.095049202442169189e-01
4.092967510223388672e-01
4.502127170562744141e-01
4.459616243839263916e-01
4.466820061206817627e-01
4.030407667160034180e-01
4.495115578174591064e-01
4.621528983116149902e-01
4.385214447975158691e-01
4.516208171844482422e-01
4.372737407684326172e-01
4.480128884315490723e-01
4.290363788604736328e-01
4.433994591236114502e-01
4.675475955009460449e-01
4.489782750606536865e-01
4.704526066780090332e-01
4.614365100860595703e-01
4.456749260425567627e-01
4.400300979614257812e-01
4.599455595016479492e-01
4.709858894348144531e-01
4.224064350128173828e-01
4.676486551761627197e-01
4.686444401741027832e-01
4.652347266674041748e-01
4.604745507240295410e-01
4.328448474407196045e-01
4.325858354568481445e-01
4.585827291011810303e-01
4.225758910179138184e-01
4.409045875072479248e-01
4.250915348529815674e-01
4.423377811908721924e-01
4.300720095634460449e-01
4.439167976379394531e-01
4.394425749778747559e-01
4.248805046081542969e-01
4.424680471420288086e-01
4.825759530067443848e-01
4.577994644641876221e-01
4.553380608558654785e-01
4.422071874141693115e-01
4.567035734653472900e-01
4.330967664718627930e-01
4.411202669143676758e-01
4.315210878849029541e-01
4.338450431823730469e-01
4.182928204536437988e-01
4.229184389114379883e-01
4.492731690406799316e-01
4.784855246543884277e-01
5.107064843177795410e-01
4.734436869621276855e-01
4.741342961788177490e-01
4.679604768753051758e-01
4.819532632827758789e-01
4.360974133014678955e-01
4.147473573684692383e-01
4.380513131618499756e-01
4.663525521755218506e-01
4.574294686317443848e-01
5.127848386764526367e-01
4.390114247798919678e-01
4.264144897460937500e-01
4.778054356575012207e-01
4.161313474178314209e-01
4.367017447948455811e-01
4.784649908542633057e-01
4.783431887626647949e-01
4.411954283714294434e-01
4.374776780605316162e-01
5.034440159797668457e-01
4.410804808139801025e-01
4.693135917186737061e-01
4.247032999992370605e-01
4.305106997489929199e-01
4.255250096321105957e-01
4.842098057270050049e-01
4.491731524467468262e-01
4.785728752613067627e-01
4.184319078922271729e-01
4.115283191204071045e-01
4.083068072795867920e-01
4.579533934593200684e-01
4.289444684982299805e-01
4.829080700874328613e-01
4.668350517749786377e-01
4.437583088874816895e-01
4.366816878318786621e-01
4.353581070899963379e-01
4.578251242637634277e-01
4.484533071517944336e-01
4.240103960037231445e-01
4.541273117065429688e-01
4.636698961257934570e-01
4.168980121612548828e-01
4.166958928108215332e-01
4.211350679397583008e-01
4.613412022590637207e-01
3.975666165351867676e-01
4.243568181991577148e-01
4.388093948364257812e-01
4.514575898647308350e-01
4.441319108009338379e-01
4.413778781890869141e-01
4.367452561855316162e-01
4.493433535099029541e-01
4.266398251056671143e-01
4.322280883789062500e-01
4.398492574691772461e-01
4.204396009445190430e-01
4.390916824340820312e-01
4.199473857879638672e-01
4.529622793197631836e-01
4.218988120555877686e-01
4.245928823947906494e-01
4.131741821765899658e-01
4.026663005352020264e-01
4.479479789733886719e-01
4.387297034263610840e-01
4.167424440383911133e-01
4.520339369773864746e-01
4.160503745079040527e-01
4.059560000896453857e-01
4.222477078437805176e-01
3.976636528968811035e-01
4.256331622600555420e-01
4.321413040161132812e-01
4.156311750411987305e-01
4.217863678932189941e-01
4.123034477233886719e-01
4.449236094951629639e-01
4.432305395603179932e-01
4.397662281990051270e-01
4.508841633796691895e-01
4.282260835170745850e-01
4.484217166900634766e-01
4.439878165721893311e-01
4.430136084556579590e-01
4.324910640716552734e-01
4.510687589645385742e-01
4.471881687641143799e-01
4.235202968120574951e-01
4.253697991371154785e-01
4.362968206405639648e-01
4.197858572006225586e-01
4.392953515052795410e-01
4.500086903572082520e-01
4.138938784599304199e-01
4.309323728084564209e-01
4.321142435073852539e-01
4.250043034553527832e-01
4.407391250133514404e-01
4.132153093814849854e-01
4.145827293395996094e-01
4.612901806831359863e-01
4.111197590827941895e-01
4.085287153720855713e-01
4.405144453048706055e-01
4.588204622268676758e-01
4.417312741279602051e-01
4.836919307708740234e-01
4.465043246746063232e-01
4.634363949298858643e-01
4.152379631996154785e-01
4.175184369087219238e-01
4.188572764396667480e-01
4.010567069053649902e-01
4.085551798343658447e-01
4.014649391174316406e-01
4.116975963115692139e-01
4.406653940677642822e-01
4.456216692924499512e-01
4.338972866535186768e-01
4.185073673725128174e-01
4.147179424762725830e-01
4.519134163856506348e-01
4.200697541236877441e-01
4.198210537433624268e-01
4.006000161170959473e-01
4.381655156612396240e-01
4.593496620655059814e-01
4.262376427650451660e-01
4.297497570514678955e-01
4.294602572917938232e-01
4.407564103603363037e-01
4.711035788059234619e-01
4.669598042964935303e-01
4.200057983398437500e-01
4.176168739795684814e-01
4.209338426589965820e-01
4.825232326984405518e-01
4.695509970188140869e-01
4.353635311126708984e-01
4.270677268505096436e-01
4.766816496849060059e-01
4.236052036285400391e-01
4.323582947254180908e-01
4.344535470008850098e-01
4.670076072216033936e-01
4.689366221427917480e-01
4.651436805725097656e-01
4.527052640914916992e-01
4.193174540996551514e-01
4.678755104541778564e-01
4.012922346591949463e-01
4.148503839969635010e-01
4.456529319286346436e-01
4.266930818557739258e-01
4.456636309623718262e-01
4.626386761665344238e-01
4.295947551727294922e-01
4.572724699974060059e-01
4.406208992004394531e-01
4.524020254611968994e-01
4.508943259716033936e-01
4.636330306529998779e-01
4.569681882858276367e-01
4.542535841464996338e-01
4.609351158142089844e-01
4.310884475708007812e-01
4.395828247070312500e-01
4.206102788448333740e-01
4.374809861183166504e-01
4.274528026580810547e-01
4.178496301174163818e-01
4.587793052196502686e-01
4.636330306529998779e-01
4.157218039035797119e-01
4.633395671844482422e-01
4.288257360458374023e-01
4.359729290008544922e-01
4.636330306529998779e-01
4.584785401821136475e-01
4.152804911136627197e-01
4.266973137855529785e-01
4.315836429595947266e-01
4.313404262065887451e-01
4.524039328098297119e-01
4.353457391262054443e-01
4.360616207122802734e-01
4.518843293190002441e-01
4.382108747959136963e-01
4.578538537025451660e-01
4.510714411735534668e-01
4.241770207881927490e-01
4.276971220970153809e-01
4.108065366744995117e-01
4.342000484466552734e-01
4.618439078330993652e-01
4.791144132614135742e-01
4.521296620368957520e-01
4.436364769935607910e-01
4.101435840129852295e-01
4.426318407058715820e-01
4.409950673580169678e-01
4.988635778427124023e-01
4.685002267360687256e-01
4.970549643039703369e-01
4.685644209384918213e-01
4.105589687824249268e-01
4.053640663623809814e-01
4.394074380397796631e-01
4.443776011466979980e-01
4.375442862510681152e-01
4.734254777431488037e-01
4.799521863460540771e-01
4.413083791732788086e-01
5.017020702362060547e-01
4.647251069545745850e-01
4.517972767353057861e-01
4.369869232177734375e-01
3.759006261825561523e-01
4.131147265434265137e-01
4.367921948432922363e-01
3.917473256587982178e-01
4.102013707160949707e-01
3.958429694175720215e-01
4.318087399005889893e-01
4.317015707492828369e-01
4.622426331043243408e-01
4.778504073619842529e-01
4.514624178409576416e-01
4.273026585578918457e-01
4.260207414627075195e-01
3.884678184986114502e-01
4.325673878192901611e-01
4.314952492713928223e-01
4.430952370166778564e-01
4.404138922691345215e-01
4.610103070735931396e-01
4.365892708301544189e-01
4.478160142898559570e-01
4.504102468490600586e-01
4.409518539905548096e-01
4.295377135276794434e-01
4.788179397583007812e-01
