3.348999023437500000e-01
3.414271175861358643e-01
3.509096503257751465e-01
3.276039361953735352e-01
3.367336392402648926e-01
3.436368405818939209e-01
3.328879475593566895e-01
3.380151391029357910e-01
3.366044163703918457e-01
3.339982032775878906e-01
3.392902612686157227e-01
3.826223313808441162e-01
3.786813616752624512e-01
3.218076825141906738e-01
3.846137821674346924e-01
3.675589561462402344e-01
3.841571211814880371e-01
3.601381182670593262e-01
3.567553758621215820e-01
3.911174535751342773e-01
3.832616209983825684e-01
3.543331325054168701e-01
3.772532641887664795e-01
3.662069737911224365e-01
3.444719314575195312e-01
3.984072804450988770e-01
3.230793476104736328e-01
3.421100080013275146e-01
3.375369310379028320e-01
3.524828553199768066e-01
3.501731753349304199e-01
3.296809792518615723e-01
3.506175279617309570e-01
3.537116050720214844e-01
3.261759281158447266e-01
3.394707441329956055e-01
3.455683588981628418e-01
3.324881792068481445e-01
3.545278310775756836e-01
3.464906811714172363e-01
3.530352711677551270e-01
3.638883829116821289e-01
3.257291018962860107e-01
3.542217910289764404e-01
3.304898142814636230e-01
3.476362228393554688e-01
3.548668920993804932e-01
3.623608946800231934e-01
3.447358608245849609e-01
3.252027630805969238e-01
3.554817438125610352e-01
3.422154784202575684e-01
3.533227443695068359e-01
3.512822985649108887e-01
3.691538572311401367e-01
3.584809899330139160e-01
3.294782042503356934e-01
3.399093449115753174e-01
3.237470388412475586e-01
3.300678133964538574e-01
3.404255509376525879e-01
3.493109941482543945e-01
3.526002764701843262e-01
3.249909877777099609e-01
3.074711561203002930e-01
3.421503901481628418e-01
3.513544201850891113e-01
3.503939807415008545e-01
3.429948091506958008e-01
3.225095272064208984e-01
3.593367338180541992e-01
3.474867343902587891e-01
3.962898552417755127e-01
3.777562677860260010e-01
3.421087265014648438e-01
2.976624667644500732e-01
3.541545867919921875e-01
3.599048256874084473e-01
3.805136680603027344e-01
3.509727418422698975e-01
4.004192352294921875e-01
3.446984887123107910e-01
2.835306823253631592e-01
3.367840051651000977e-01
3.369522690773010254e-01
3.377629220485687256e-01
3.579818308353424072e-01
3.588480949401855469e-01
3.375449776649475098e-01
3.371831774711608887e-01
3.642990589141845703e-01
3.830000460147857666e-01
3.565016388893127441e-01
3.673018813133239746e-01
3.564509749412536621e-01
3.247621953487396240e-01
3.591167330741882324e-01
3.511700630187988281e-01
3.419881165027618408e-01
4.007638096809387207e-01
3.841597437858581543e-01
3.123932480812072754e-01
3.458157181739807129e-01
3.885813653469085693e-01
3.212569952011108398e-01
3.825333714485168457e-01
3.539592325687408447e-01
3.398864269256591797e-01
3.911709189414978027e-01
3.267229199409484863e-01
3.887221515178680420e-01
3.711414933204650879e-01
3.269684314727783203e-01
3.438445329666137695e-01
4.007000923156738281e-01
3.432994782924652100e-01
3.523638546466827393e-01
3.406149744987487793e-01
3.290022611618041992e-01
3.502222895622253418e-01
3.392863273620605469e-01
3.612169027328491211e-01
3.457633256912231445e-01
3.385063409805297852e-01
3.835555315017700195e-01
3.262321949005126953e-01
3.262357115745544434e-01
3.336595296859741211e-01
3.160146176815032959e-01
3.335495591163635254e-01
3.328040242195129395e-01
3.402894139289855957e-01
3.456426262855529785e-01
2.560817003250122070e-01
3.167724311351776123e-01
2.661216259002685547e-01
3.541389703750610352e-01
3.318835496902465820e-01
3.426502346992492676e-01
3.635469079017639160e-01
3.465209007263183594e-01
3.378921747207641602e-01
3.522360920906066895e-01
3.343679308891296387e-01
3.530740737915039062e-01
3.494969010353088379e-01
3.136475980281829834e-01
3.184491097927093506e-01
3.345654010772705078e-01
3.328057527542114258e-01
3.261542916297912598e-01
3.600327074527740479e-01
3.660230338573455811e-01
3.848482370376586914e-01
2.969011664390563965e-01
3.368111848831176758e-01
3.841158747673034668e-01
3.347189426422119141e-01
3.620999455451965332e-01
3.872539699077606201e-01
3.713365197181701660e-01
3.557874858379364014e-01
3.462911248207092285e-01
3.213310837745666504e-01
3.693953156471252441e-01
3.163570463657379150e-01
3.613700866699218750e-01
3.413105607032775879e-01
3.483769595623016357e-01
3.386875092983245850e-01
3.410939872264862061e-01
3.176242113113403320e-01
3.574019372463226318e-01
