4.305204749107360840e-01
4.533269703388214111e-01
4.305204749107360840e-01
4.305204749107360840e-01
4.305204749107360840e-01
4.305204749107360840e-01
4.305204749107360840e-01
4.533269405364990234e-01
4.305204749107360840e-01
4.305204749107360840e-01
4.305204749107360840e-01
4.305204749107360840e-01
4.305204749107360840e-01
4.305204749107360840e-01
4.305204749107360840e-01
4.305204749107360840e-01
4.305204749107360840e-01
4.305204749107360840e-01
4.305204749107360840e-01
4.305204749107360840e-01
4.305204749107360840e-01
4.305204749107360840e-01
4.305204749107360840e-01
4.305204749107360840e-01
4.305204749107360840e-01
4.305204749107360840e-01
4.305204749107360840e-01
4.305204749107360840e-01
4.305204749107360840e-01
4.305204749107360840e-01
4.305204749107360840e-01
4.305204749107360840e-01
4.305204749107360840e-01
4.305204749107360840e-01
4.305204749107360840e-01
4.305204749107360840e-01
4.305204749107360840e-01
4.305204749107360840e-01
4.305204749107360840e-01
4.306023120880126953e-01
4.324304163455963135e-01
4.305204749107360840e-01
4.305204749107360840e-01
4.273067712783813477e-01
4.305204749107360840e-01
4.305204749107360840e-01
4.342854619026184082e-01
4.305204749107360840e-01
4.305204749107360840e-01
4.336811900138854980e-01
4.305204749107360840e-01
4.305204749107360840e-01
4.305204749107360840e-01
4.305204749107360840e-01
4.305204749107360840e-01
4.305204749107360840e-01
4.305204749107360840e-01
4.305204749107360840e-01
4.305204749107360840e-01
4.305204749107360840e-01
4.305204749107360840e-01
4.305204749107360840e-01
4.305204749107360840e-01
4.305204749107360840e-01
4.305204749107360840e-01
4.305204749107360840e-01
4.305204749107360840e-01
4.305204749107360840e-01
4.305204749107360840e-01
4.305204749107360840e-01
4.305204749107360840e-01
4.305204749107360840e-01
4.305204749107360840e-01
4.305204749107360840e-01
4.305204749107360840e-01
4.305204749107360840e-01
4.305204749107360840e-01
4.305204749107360840e-01
4.392133951187133789e-01
4.305204749107360840e-01
4.305204749107360840e-01
4.305204749107360840e-01
4.305204749107360840e-01
4.305204749107360840e-01
4.305204749107360840e-01
4.305391311645507812e-01
4.305204749107360840e-01
4.305204749107360840e-01
4.305204749107360840e-01
4.305204749107360840e-01
4.305204749107360840e-01
4.305204749107360840e-01
4.305204749107360840e-01
4.305204749107360840e-01
4.305204749107360840e-01
4.305204749107360840e-01
4.305204749107360840e-01
4.305204749107360840e-01
4.305204749107360840e-01
4.305204749107360840e-01
4.305204749107360840e-01
4.305204749107360840e-01
4.305204749107360840e-01
4.305204749107360840e-01
4.305204749107360840e-01
4.305204749107360840e-01
4.305204749107360840e-01
4.305204749107360840e-01
4.305204749107360840e-01
4.305204749107360840e-01
4.305204749107360840e-01
4.305204749107360840e-01
4.305204749107360840e-01
4.305204749107360840e-01
4.305204749107360840e-01
4.305204749107360840e-01
4.305204749107360840e-01
4.305204749107360840e-01
4.305204749107360840e-01
4.305204749107360840e-01
4.305204749107360840e-01
4.305204749107360840e-01
4.305204749107360840e-01
4.305204749107360840e-01
4.305204749107360840e-01
4.305204749107360840e-01
4.305204749107360840e-01
4.305204749107360840e-01
4.305204749107360840e-01
4.305204749107360840e-01
4.305204749107360840e-01
4.305204749107360840e-01
4.305204749107360840e-01
4.305204749107360840e-01
4.326431155204772949e-01
4.305204749107360840e-01
4.305204749107360840e-01
4.305204749107360840e-01
4.305204749107360840e-01
4.305204749107360840e-01
4.305204749107360840e-01
4.305204749107360840e-01
4.305204749107360840e-01
4.305204749107360840e-01
4.305204749107360840e-01
4.305204749107360840e-01
4.305204749107360840e-01
4.305204749107360840e-01
4.305204749107360840e-01
4.305204749107360840e-01
4.305204749107360840e-01
4.305204749107360840e-01
4.305204749107360840e-01
4.305204749107360840e-01
4.305204749107360840e-01
4.305204749107360840e-01
4.305204749107360840e-01
4.305204749107360840e-01
4.305204749107360840e-01
4.305204749107360840e-01
4.305204749107360840e-01
4.305204749107360840e-01
4.305204749107360840e-01
4.305204749107360840e-01
4.305204749107360840e-01
4.305204749107360840e-01
4.307693541049957275e-01
4.305204749107360840e-01
4.305204749107360840e-01
4.305204749107360840e-01
4.305204749107360840e-01
4.305204749107360840e-01
4.299020171165466309e-01
4.305204749107360840e-01
4.305204749107360840e-01
4.305204749107360840e-01
4.305204749107360840e-01
4.291343390941619873e-01
4.305204749107360840e-01
4.305204749107360840e-01
4.305204749107360840e-01
4.305204749107360840e-01
4.305204749107360840e-01
4.305204749107360840e-01
4.305362701416015625e-01
4.301298260688781738e-01
4.305204749107360840e-01
4.305204749107360840e-01
4.305204749107360840e-01
4.305204749107360840e-01
4.305204749107360840e-01
4.305204749107360840e-01
4.305204749107360840e-01
4.305204749107360840e-01
4.305204749107360840e-01
4.305204749107360840e-01
4.305204749107360840e-01
4.305204749107360840e-01
4.519391953945159912e-01
4.305204749107360840e-01
4.305204749107360840e-01
4.305204749107360840e-01
4.305204749107360840e-01
4.305204749107360840e-01
4.305204749107360840e-01
4.547739028930664062e-01
4.305204749107360840e-01
4.305204749107360840e-01
4.305204749107360840e-01
4.305204749107360840e-01
4.305204749107360840e-01
4.305204749107360840e-01
4.305204749107360840e-01
4.305204749107360840e-01
4.305204749107360840e-01
4.305204749107360840e-01
4.305204749107360840e-01
4.305204749107360840e-01
4.305204749107360840e-01
4.305204749107360840e-01
4.305204749107360840e-01
4.305204749107360840e-01
4.305204749107360840e-01
4.519392251968383789e-01
4.519392251968383789e-01
4.305204749107360840e-01
4.305204749107360840e-01
4.305204749107360840e-01
4.305204749107360840e-01
4.535397589206695557e-01
4.533916115760803223e-01
4.518446624279022217e-01
4.372833371162414551e-01
4.527249336242675781e-01
4.305204749107360840e-01
4.305204749107360840e-01
4.305204749107360840e-01
4.305204749107360840e-01
4.305204749107360840e-01
4.305204749107360840e-01
4.305204749107360840e-01
4.535690546035766602e-01
4.305204749107360840e-01
4.609178304672241211e-01
4.305204749107360840e-01
4.533269703388214111e-01
4.450858235359191895e-01
4.305204749107360840e-01
4.305204749107360840e-01
4.305204749107360840e-01
4.305204749107360840e-01
4.305204749107360840e-01
4.305204749107360840e-01
4.305204749107360840e-01
4.305204749107360840e-01
4.305204749107360840e-01
4.305204749107360840e-01
4.305204749107360840e-01
4.305204749107360840e-01
4.305204749107360840e-01
4.305204749107360840e-01
4.305204749107360840e-01
4.305204749107360840e-01
4.305204749107360840e-01
4.305204749107360840e-01
4.305204749107360840e-01
4.305204749107360840e-01
4.305204749107360840e-01
4.305204749107360840e-01
4.305204749107360840e-01
4.305204749107360840e-01
4.305204749107360840e-01
4.305204749107360840e-01
4.305204749107360840e-01
4.305204749107360840e-01
4.305204749107360840e-01
4.305204749107360840e-01
4.305204749107360840e-01
4.305204749107360840e-01
4.305204749107360840e-01
4.305204749107360840e-01
4.770311713218688965e-01
4.305204749107360840e-01
4.305204749107360840e-01
4.605896174907684326e-01
4.305204749107360840e-01
4.305204749107360840e-01
4.305204749107360840e-01
4.305204749107360840e-01
4.305204749107360840e-01
4.305204749107360840e-01
4.305204749107360840e-01
4.305204749107360840e-01
4.305204749107360840e-01
4.305204749107360840e-01
4.305204749107360840e-01
4.305204749107360840e-01
4.305204749107360840e-01
4.305204749107360840e-01
4.305204749107360840e-01
4.305204749107360840e-01
4.305204749107360840e-01
4.305204749107360840e-01
4.305204749107360840e-01
4.305204749107360840e-01
4.305204749107360840e-01
4.305204749107360840e-01
4.533269703388214111e-01
4.305204749107360840e-01
4.305204749107360840e-01
4.305204749107360840e-01
4.305204749107360840e-01
4.305204749107360840e-01
4.305204749107360840e-01
4.305204749107360840e-01
4.305204749107360840e-01
4.305204749107360840e-01
4.305204749107360840e-01
4.305204749107360840e-01
4.305204749107360840e-01
4.305204749107360840e-01
4.305204749107360840e-01
4.305204749107360840e-01
4.305204749107360840e-01
4.305204749107360840e-01
4.305204749107360840e-01
4.305204749107360840e-01
4.305204749107360840e-01
4.305204749107360840e-01
4.305204749107360840e-01
4.305204749107360840e-01
4.305204749107360840e-01
4.305204749107360840e-01
4.305204749107360840e-01
4.305204749107360840e-01
4.305204749107360840e-01
4.305204749107360840e-01
4.305204749107360840e-01
4.305204749107360840e-01
4.305204749107360840e-01
4.305204749107360840e-01
4.305204749107360840e-01
4.305204749107360840e-01
4.305204749107360840e-01
4.305204749107360840e-01
4.305204749107360840e-01
4.305204749107360840e-01
4.305204749107360840e-01
4.305204749107360840e-01
4.305204749107360840e-01
4.305204749107360840e-01
4.305204749107360840e-01
4.305204749107360840e-01
4.305204749107360840e-01
4.305204749107360840e-01
4.305204749107360840e-01
4.305204749107360840e-01
4.305204749107360840e-01
4.305204749107360840e-01
4.305204749107360840e-01
4.305204749107360840e-01
4.305204749107360840e-01
4.305204749107360840e-01
4.305204749107360840e-01
4.305204749107360840e-01
4.305204749107360840e-01
4.516051709651947021e-01
4.305204749107360840e-01
4.305204749107360840e-01
4.305204749107360840e-01
4.305204749107360840e-01
4.305204749107360840e-01
4.305204749107360840e-01
4.458052515983581543e-01
4.305204749107360840e-01
4.305204749107360840e-01
4.305204749107360840e-01
4.305204749107360840e-01
4.305204749107360840e-01
4.305204749107360840e-01
4.305204749107360840e-01
4.305204749107360840e-01
4.305204749107360840e-01
4.305204749107360840e-01
4.305204749107360840e-01
4.305204749107360840e-01
4.305204749107360840e-01
4.305204749107360840e-01
4.305204749107360840e-01
4.305204749107360840e-01
4.305204749107360840e-01
4.305204749107360840e-01
4.305204749107360840e-01
4.305204749107360840e-01
4.305204749107360840e-01
4.305204749107360840e-01
4.305204749107360840e-01
4.305204749107360840e-01
4.334928691387176514e-01
4.305204749107360840e-01
4.533269703388214111e-01
4.554850459098815918e-01
4.305204749107360840e-01
4.305204749107360840e-01
4.418350458145141602e-01
4.317086338996887207e-01
4.524398446083068848e-01
4.533878564834594727e-01
4.535397589206695557e-01
4.938720762729644775e-01
4.922943115234375000e-01
4.305204749107360840e-01
4.305204749107360840e-01
4.305204749107360840e-01
4.305204749107360840e-01
4.305204749107360840e-01
4.305204749107360840e-01
4.314173161983489990e-01
4.329670667648315430e-01
4.535397589206695557e-01
4.476461410522460938e-01
4.529608786106109619e-01
4.535138309001922607e-01
4.519391953945159912e-01
4.520428776741027832e-01
4.305204749107360840e-01
4.466233253479003906e-01
4.589694738388061523e-01
4.535474479198455811e-01
4.535334408283233643e-01
4.535690546035766602e-01
4.535690546035766602e-01
4.535690546035766602e-01
4.659780561923980713e-01
4.535397589206695557e-01
4.533269703388214111e-01
4.533269703388214111e-01
4.535680711269378662e-01
4.305204749107360840e-01
4.534425735473632812e-01
4.533813595771789551e-01
4.533813595771789551e-01
4.534125328063964844e-01
4.535397589206695557e-01
4.535397589206695557e-01
4.535397589206695557e-01
4.598922729492187500e-01
4.535397589206695557e-01
4.535397589206695557e-01
4.535543024539947510e-01
4.535397589206695557e-01
4.533269703388214111e-01
4.533269703388214111e-01
4.535397589206695557e-01
4.305204749107360840e-01
4.535496830940246582e-01
4.535464346408843994e-01
4.403156340122222900e-01
4.372833371162414551e-01
4.372833371162414551e-01
4.372833371162414551e-01
4.372833371162414551e-01
4.372833371162414551e-01
4.372833371162414551e-01
4.372833371162414551e-01
4.373044669628143311e-01
4.372833371162414551e-01
4.372833371162414551e-01
4.372833371162414551e-01
4.372833371162414551e-01
4.370720982551574707e-01
4.305204749107360840e-01
4.305204749107360840e-01
4.305204749107360840e-01
4.305204749107360840e-01
4.305204749107360840e-01
4.305204749107360840e-01
4.258772730827331543e-01
4.305204749107360840e-01
4.305204749107360840e-01
4.305204749107360840e-01
4.305204749107360840e-01
4.305204749107360840e-01
4.305204749107360840e-01
4.305204749107360840e-01
4.305204749107360840e-01
4.527911245822906494e-01
4.481038153171539307e-01
4.500842094421386719e-01
4.489401578903198242e-01
4.712691009044647217e-01
4.312696754932403564e-01
4.309860765933990479e-01
4.318471550941467285e-01
4.305204749107360840e-01
4.509354829788208008e-01
4.533321857452392578e-01
4.305204749107360840e-01
4.305204749107360840e-01
4.525487422943115234e-01
4.354780018329620361e-01
4.481455683708190918e-01
4.616097509860992432e-01
4.489628970623016357e-01
4.503155946731567383e-01
4.342812597751617432e-01
4.517168402671813965e-01
4.305204749107360840e-01
4.334793984889984131e-01
4.505708813667297363e-01
4.419044554233551025e-01
4.331997632980346680e-01
4.327442049980163574e-01
4.475717544555664062e-01
4.484312236309051514e-01
4.305204749107360840e-01
4.305204749107360840e-01
4.305204749107360840e-01
4.305204749107360840e-01
4.305204749107360840e-01
4.305204749107360840e-01
4.305204749107360840e-01
4.305204749107360840e-01
4.305204749107360840e-01
4.305204749107360840e-01
4.305204749107360840e-01
4.305204749107360840e-01
4.305204749107360840e-01
4.305204749107360840e-01
4.305204749107360840e-01
4.305204749107360840e-01
4.305204749107360840e-01
4.305204749107360840e-01
4.305204749107360840e-01
4.305204749107360840e-01
4.305204749107360840e-01
4.305204749107360840e-01
4.305204749107360840e-01
4.305204749107360840e-01
4.305204749107360840e-01
4.305204749107360840e-01
4.305204749107360840e-01
4.305204749107360840e-01
4.305204749107360840e-01
4.305204749107360840e-01
4.305204749107360840e-01
4.305204749107360840e-01
4.305204749107360840e-01
4.305204749107360840e-01
4.305204749107360840e-01
4.305204749107360840e-01
4.305204749107360840e-01
4.305204749107360840e-01
4.305204749107360840e-01
4.305204749107360840e-01
4.305204749107360840e-01
4.305204749107360840e-01
4.305204749107360840e-01
4.305204749107360840e-01
4.464940130710601807e-01
4.305204749107360840e-01
4.305204749107360840e-01
4.305204749107360840e-01
4.305204749107360840e-01
4.305204749107360840e-01
4.305204749107360840e-01
4.305204749107360840e-01
4.305204749107360840e-01
4.305204749107360840e-01
4.305204749107360840e-01
4.305204749107360840e-01
4.305204749107360840e-01
4.305204749107360840e-01
4.305204749107360840e-01
4.305204749107360840e-01
4.305204749107360840e-01
4.305204749107360840e-01
4.305204749107360840e-01
4.305204749107360840e-01
4.305204749107360840e-01
4.305204749107360840e-01
4.305204749107360840e-01
4.305204749107360840e-01
4.305204749107360840e-01
4.305204749107360840e-01
4.305204749107360840e-01
4.308751225471496582e-01
4.305204749107360840e-01
4.305204749107360840e-01
4.305204749107360840e-01
4.305204749107360840e-01
4.305204749107360840e-01
4.305204749107360840e-01
4.305204749107360840e-01
4.305204749107360840e-01
4.305204749107360840e-01
4.305204749107360840e-01
4.305204749107360840e-01
4.305204749107360840e-01
4.305204749107360840e-01
4.305204749107360840e-01
4.305204749107360840e-01
4.305204749107360840e-01
4.305204749107360840e-01
4.305204749107360840e-01
4.305204749107360840e-01
4.531665742397308350e-01
4.519392251968383789e-01
4.535397291183471680e-01
4.721806645393371582e-01
5.059705376625061035e-01
4.866379499435424805e-01
5.124449133872985840e-01
5.089622735977172852e-01
4.332847893238067627e-01
4.370554983615875244e-01
4.305204749107360840e-01
4.305204749107360840e-01
4.313260316848754883e-01
4.362385869026184082e-01
4.364970922470092773e-01
4.364955425262451172e-01
4.372187852859497070e-01
4.372812509536743164e-01
4.467282891273498535e-01
4.535397589206695557e-01
4.481809735298156738e-01
4.496690332889556885e-01
4.489367306232452393e-01
4.534658193588256836e-01
4.535233676433563232e-01
4.513398408889770508e-01
4.535249769687652588e-01
4.524550437927246094e-01
4.535397589206695557e-01
4.535397589206695557e-01
4.330142736434936523e-01
4.535397589206695557e-01
4.535397589206695557e-01
4.535397589206695557e-01
4.535397589206695557e-01
4.535397589206695557e-01
4.535397589206695557e-01
4.535462260246276855e-01
4.535397589206695557e-01
4.535622894763946533e-01
4.535154998302459717e-01
4.535397589206695557e-01
4.535397589206695557e-01
4.533269107341766357e-01
4.400404095649719238e-01
4.305204749107360840e-01
4.305204749107360840e-01
4.305204749107360840e-01
4.305204749107360840e-01
4.305204749107360840e-01
4.305204749107360840e-01
4.305204749107360840e-01
4.305204749107360840e-01
4.305204749107360840e-01
4.305204749107360840e-01
4.305204749107360840e-01
4.305204749107360840e-01
4.305204749107360840e-01
4.305204749107360840e-01
4.305204749107360840e-01
4.305204749107360840e-01
4.305204749107360840e-01
4.305204749107360840e-01
4.305204749107360840e-01
4.305204749107360840e-01
4.305204749107360840e-01
4.305204749107360840e-01
4.305204749107360840e-01
4.305204749107360840e-01
4.305204749107360840e-01
4.305204749107360840e-01
4.305204749107360840e-01
4.305204749107360840e-01
4.305204749107360840e-01
4.495646059513092041e-01
4.305204749107360840e-01
4.305204749107360840e-01
4.305204749107360840e-01
4.305204749107360840e-01
4.305204749107360840e-01
4.305204749107360840e-01
4.305698275566101074e-01
4.305204749107360840e-01
4.305204749107360840e-01
4.305204749107360840e-01
4.305204749107360840e-01
4.305204749107360840e-01
4.305204749107360840e-01
4.305204749107360840e-01
4.305204749107360840e-01
4.305204749107360840e-01
4.433248937129974365e-01
4.305204749107360840e-01
4.305204749107360840e-01
4.305204749107360840e-01
4.299685955047607422e-01
4.305204749107360840e-01
4.305204749107360840e-01
4.305204749107360840e-01
4.305204749107360840e-01
4.305204749107360840e-01
4.305204749107360840e-01
4.305204749107360840e-01
4.305204749107360840e-01
4.305204749107360840e-01
4.305204749107360840e-01
4.305204749107360840e-01
4.305204749107360840e-01
4.413486421108245850e-01
4.305204749107360840e-01
