4.916421473026275635e-01
5.165157318115234375e-01
4.941869676113128662e-01
4.889969527721405029e-01
5.037925243377685547e-01
4.476958215236663818e-01
4.924977421760559082e-01
5.012418627738952637e-01
4.911356866359710693e-01
4.994422197341918945e-01
5.084862112998962402e-01
4.919136166572570801e-01
4.850377142429351807e-01
4.889089763164520264e-01
4.864518940448760986e-01
4.749784767627716064e-01
4.803657531738281250e-01
4.745378196239471436e-01
4.733778536319732666e-01
4.970741569995880127e-01
4.456987679004669189e-01
4.747163355350494385e-01
4.822172224521636963e-01
5.122559070587158203e-01
5.039075016975402832e-01
5.117655396461486816e-01
4.958480894565582275e-01
5.178550481796264648e-01
4.937565326690673828e-01
4.949730932712554932e-01
5.084249377250671387e-01
4.955212175846099854e-01
5.125539898872375488e-01
4.775138497352600098e-01
5.036085844039916992e-01
5.069637894630432129e-01
4.719577133655548096e-01
4.997853338718414307e-01
4.905622005462646484e-01
4.991680979728698730e-01
5.009931325912475586e-01
4.822918772697448730e-01
5.101199150085449219e-01
4.963173270225524902e-01
4.801523089408874512e-01
4.965883791446685791e-01
5.223941802978515625e-01
5.035235881805419922e-01
5.020474195480346680e-01
4.517666995525360107e-01
5.179203152656555176e-01
5.115627050399780273e-01
5.071539282798767090e-01
4.749216437339782715e-01
4.788636267185211182e-01
5.026378631591796875e-01
4.961172044277191162e-01
4.969170391559600830e-01
4.969218373298645020e-01
5.149592757225036621e-01
4.992799162864685059e-01
4.598342776298522949e-01
4.961763024330139160e-01
5.108978748321533203e-01
5.275331139564514160e-01
5.131284594535827637e-01
5.083988308906555176e-01
5.054643750190734863e-01
4.866322278976440430e-01
5.055260658264160156e-01
5.113860964775085449e-01
4.814800024032592773e-01
5.002071261405944824e-01
5.050917863845825195e-01
4.777658283710479736e-01
5.077623128890991211e-01
5.168256759643554688e-01
5.177964568138122559e-01
4.728020131587982178e-01
4.583239853382110596e-01
4.954210519790649414e-01
4.959110319614410400e-01
4.832231402397155762e-01
4.847584366798400879e-01
4.934558570384979248e-01
4.842366874217987061e-01
4.988092184066772461e-01
4.860315024852752686e-01
5.033212304115295410e-01
4.914660155773162842e-01
4.991569221019744873e-01
4.710913896560668945e-01
5.035015940666198730e-01
4.782513082027435303e-01
4.840271472930908203e-01
4.591999948024749756e-01
4.907691478729248047e-01
4.761313796043395996e-01
5.015824437141418457e-01
4.900680482387542725e-01
4.927842617034912109e-01
4.687675237655639648e-01
4.910141825675964355e-01
4.755792319774627686e-01
4.843830764293670654e-01
4.670500755310058594e-01
5.005043745040893555e-01
5.099093914031982422e-01
5.019580721855163574e-01
4.810864329338073730e-01
4.958887696266174316e-01
5.134666562080383301e-01
4.894644618034362793e-01
4.779663383960723877e-01
4.894951283931732178e-01
5.119286775588989258e-01
4.892363548278808594e-01
4.818656444549560547e-01
5.030239820480346680e-01
5.136273503303527832e-01
4.989001750946044922e-01
4.874486923217773438e-01
5.049824714660644531e-01
4.923735260963439941e-01
4.991022050380706787e-01
4.793070554733276367e-01
4.885458350181579590e-01
4.952102005481719971e-01
5.269097089767456055e-01
5.048054456710815430e-01
4.938776195049285889e-01
4.894317984580993652e-01
4.988156855106353760e-01
4.852642714977264404e-01
4.820876419544219971e-01
5.023784041404724121e-01
4.742942154407501221e-01
5.087813138961791992e-01
4.856183826923370361e-01
5.066435337066650391e-01
4.801796972751617432e-01
4.959351122379302979e-01
4.902163445949554443e-01
4.976054728031158447e-01
4.923039078712463379e-01
4.798507690429687500e-01
4.966736137866973877e-01
4.958673715591430664e-01
5.082551240921020508e-01
4.877975583076477051e-01
4.861825108528137207e-01
5.099852681159973145e-01
4.678336679935455322e-01
4.934026598930358887e-01
4.788620471954345703e-01
4.945216476917266846e-01
4.816360771656036377e-01
4.926289916038513184e-01
5.035828948020935059e-01
5.291481018066406250e-01
4.938167631626129150e-01
4.718337059020996094e-01
5.019618868827819824e-01
5.006409883499145508e-01
5.042713880538940430e-01
4.878106117248535156e-01
5.059890151023864746e-01
5.076614022254943848e-01
4.770429730415344238e-01
5.002555251121520996e-01
5.122058987617492676e-01
5.126000046730041504e-01
4.922660887241363525e-01
4.469376504421234131e-01
4.909740090370178223e-01
4.991358518600463867e-01
4.905028045177459717e-01
5.177237391471862793e-01
5.319555997848510742e-01
5.001903176307678223e-01
4.914319515228271484e-01
5.132735371589660645e-01
5.050563812255859375e-01
5.010430216789245605e-01
5.355891585350036621e-01
5.057647228240966797e-01
5.067625641822814941e-01
5.055119395256042480e-01
5.128316879272460938e-01
4.952480792999267578e-01
4.972209334373474121e-01
5.179929733276367188e-01
5.025231838226318359e-01
4.987954497337341309e-01
5.113279223442077637e-01
4.894834160804748535e-01
4.945400655269622803e-01
5.132924318313598633e-01
5.219332575798034668e-01
5.003369450569152832e-01
4.960366189479827881e-01
5.154305100440979004e-01
5.313959717750549316e-01
4.835812151432037354e-01
5.022786259651184082e-01
4.986706376075744629e-01
4.956458806991577148e-01
4.922048747539520264e-01
5.061765909194946289e-01
5.113069415092468262e-01
4.918582141399383545e-01
5.053461790084838867e-01
5.052715539932250977e-01
4.757179319858551025e-01
4.680386781692504883e-01
4.707223176956176758e-01
4.829983413219451904e-01
4.883339703083038330e-01
4.475087225437164307e-01
4.629437029361724854e-01
4.961602389812469482e-01
5.015810132026672363e-01
4.873305857181549072e-01
5.099067687988281250e-01
5.052207112312316895e-01
5.087487101554870605e-01
4.970636963844299316e-01
5.123053193092346191e-01
4.781507849693298340e-01
5.110378861427307129e-01
4.995834827423095703e-01
4.770522117614746094e-01
4.957823157310485840e-01
4.876069426536560059e-01
4.929017722606658936e-01
5.090020895004272461e-01
4.942700564861297607e-01
5.078582763671875000e-01
5.319296717643737793e-01
5.181374549865722656e-01
5.034022927284240723e-01
4.950862228870391846e-01
4.984201788902282715e-01
5.086811780929565430e-01
4.943260550498962402e-01
4.970377683639526367e-01
4.805758297443389893e-01
4.963673949241638184e-01
5.051968097686767578e-01
4.846577942371368408e-01
5.063902139663696289e-01
4.706837534904479980e-01
5.142883062362670898e-01
4.875730276107788086e-01
4.103969335556030273e-01
4.703269302845001221e-01
5.016072392463684082e-01
4.915861785411834717e-01
4.935650527477264404e-01
5.222573876380920410e-01
4.950675666332244873e-01
4.667873382568359375e-01
5.045751929283142090e-01
5.122058987617492676e-01
4.883301854133605957e-01
4.970708489418029785e-01
5.222542881965637207e-01
4.929594099521636963e-01
4.836936593055725098e-01
5.283551216125488281e-01
4.922751486301422119e-01
4.920287132263183594e-01
4.878224134445190430e-01
5.038841366767883301e-01
5.059691667556762695e-01
4.786311686038970947e-01
4.762522280216217041e-01
4.999275505542755127e-01
4.943321943283081055e-01
5.130577683448791504e-01
4.923196732997894287e-01
5.190973877906799316e-01
5.062804222106933594e-01
4.824118614196777344e-01
5.071653127670288086e-01
4.965324997901916504e-01
4.972654879093170166e-01
4.882178306579589844e-01
5.027344822883605957e-01
4.811252355575561523e-01
5.058341026306152344e-01
4.899115562438964844e-01
4.920847713947296143e-01
5.048228502273559570e-01
4.975936710834503174e-01
5.073317289352416992e-01
5.065920948982238770e-01
5.108313560485839844e-01
4.859514236450195312e-01
4.908751249313354492e-01
5.254393219947814941e-01
4.899531900882720947e-01
5.044835209846496582e-01
4.401746988296508789e-01
4.893376827239990234e-01
4.876542091369628906e-01
4.976806938648223877e-01
4.854680597782135010e-01
4.888312816619873047e-01
4.830364584922790527e-01
4.858351647853851318e-01
5.075690150260925293e-01
4.836865663528442383e-01
4.981857538223266602e-01
5.138643383979797363e-01
4.883783757686614990e-01
5.050445795059204102e-01
5.042462944984436035e-01
4.862505495548248291e-01
5.003057122230529785e-01
5.029901862144470215e-01
5.069616436958312988e-01
4.975502789020538330e-01
4.784544110298156738e-01
4.995429515838623047e-01
4.836619794368743896e-01
4.876092076301574707e-01
4.999121427536010742e-01
5.348859429359436035e-01
5.077921152114868164e-01
5.111606121063232422e-01
4.965193867683410645e-01
4.816152155399322510e-01
4.920507371425628662e-01
4.795629382133483887e-01
4.762508273124694824e-01
4.898985922336578369e-01
4.764266014099121094e-01
5.055394172668457031e-01
5.079892873764038086e-01
5.057458281517028809e-01
5.063728690147399902e-01
4.930329620838165283e-01
4.877241849899291992e-01
4.820627570152282715e-01
4.961228668689727783e-01
4.911840856075286865e-01
4.814825654029846191e-01
4.892687201499938965e-01
5.170871019363403320e-01
5.171948075294494629e-01
4.605421721935272217e-01
4.948595166206359863e-01
4.891727268695831299e-01
4.907006919384002686e-01
4.870303273200988770e-01
4.983436167240142822e-01
5.103023648262023926e-01
4.915693104267120361e-01
5.226081013679504395e-01
4.766357243061065674e-01
5.038406848907470703e-01
5.120847821235656738e-01
4.892928898334503174e-01
4.930422902107238770e-01
5.110220909118652344e-01
5.080797672271728516e-01
5.113750100135803223e-01
5.107758641242980957e-01
4.958488047122955322e-01
5.246027112007141113e-01
5.022011995315551758e-01
5.128818154335021973e-01
5.030308961868286133e-01
4.724577367305755615e-01
4.943960905075073242e-01
5.028533935546875000e-01
4.979054033756256104e-01
5.035805106163024902e-01
4.543651342391967773e-01
4.973022639751434326e-01
4.882883131504058838e-01
4.911456406116485596e-01
5.250471234321594238e-01
4.716592133045196533e-01
5.095267295837402344e-01
4.861386716365814209e-01
4.870354235172271729e-01
5.024406313896179199e-01
5.029050111770629883e-01
5.150595903396606445e-01
4.971349835395812988e-01
4.918217062950134277e-01
4.918706417083740234e-01
4.848043620586395264e-01
4.823296368122100830e-01
4.921173453330993652e-01
4.881982505321502686e-01
4.981281757354736328e-01
4.802805781364440918e-01
5.028375983238220215e-01
4.945260882377624512e-01
4.721101820468902588e-01
5.021212697029113770e-01
5.188537836074829102e-01
4.710731804370880127e-01
4.988642036914825439e-01
4.848307371139526367e-01
5.045815706253051758e-01
4.752123653888702393e-01
5.054385662078857422e-01
4.817999601364135742e-01
4.660167098045349121e-01
5.005400180816650391e-01
4.890181124210357666e-01
5.078948140144348145e-01
4.814212322235107422e-01
4.997079670429229736e-01
5.070122480392456055e-01
4.628740251064300537e-01
4.847458600997924805e-01
4.969284534454345703e-01
4.891444742679595947e-01
5.208107829093933105e-01
4.981590807437896729e-01
4.945412278175354004e-01
4.916846454143524170e-01
5.011589527130126953e-01
4.959818720817565918e-01
4.968730509281158447e-01
5.096475481986999512e-01
5.075423717498779297e-01
5.046534538269042969e-01
4.999021291732788086e-01
5.140283703804016113e-01
4.662165343761444092e-01
4.865298271179199219e-01
4.673923552036285400e-01
4.992810189723968506e-01
5.147325992584228516e-01
4.754099547863006592e-01
5.004574656486511230e-01
5.234179496765136719e-01
5.108633041381835938e-01
4.866433739662170410e-01
5.055037140846252441e-01
4.906729459762573242e-01
4.916553199291229248e-01
4.928751885890960693e-01
4.782157838344573975e-01
4.958511888980865479e-01
4.844470918178558350e-01
4.917299449443817139e-01
4.937153160572052002e-01
4.916093051433563232e-01
4.564071595668792725e-01
5.135580301284790039e-01
5.092701315879821777e-01
5.088022351264953613e-01
4.714620113372802734e-01
5.239930152893066406e-01
4.921578466892242432e-01
5.177727341651916504e-01
5.295791625976562500e-01
5.088986754417419434e-01
4.910441339015960693e-01
5.181564092636108398e-01
4.925405681133270264e-01
4.774595201015472412e-01
4.915244281291961670e-01
5.011186599731445312e-01
5.023738741874694824e-01
5.101197361946105957e-01
4.847841858863830566e-01
4.915138483047485352e-01
4.824564158916473389e-01
4.934911131858825684e-01
4.892619848251342773e-01
4.982659220695495605e-01
4.900200068950653076e-01
5.130989551544189453e-01
5.112949013710021973e-01
4.878632426261901855e-01
5.059252381324768066e-01
4.620520472526550293e-01
5.054721236228942871e-01
4.949515163898468018e-01
4.836610555648803711e-01
4.994288384914398193e-01
4.919075667858123779e-01
4.890884459018707275e-01
5.025605559349060059e-01
5.127584934234619141e-01
4.842845201492309570e-01
5.003054738044738770e-01
5.158816576004028320e-01
4.902821183204650879e-01
5.019550323486328125e-01
5.057459473609924316e-01
4.985262453556060791e-01
4.887782335281372070e-01
5.051377415657043457e-01
4.831570088863372803e-01
5.031107068061828613e-01
4.908870756626129150e-01
5.124071240425109863e-01
5.010700225830078125e-01
4.848369061946868896e-01
4.915408790111541748e-01
4.844193756580352783e-01
4.990059137344360352e-01
5.012226104736328125e-01
4.934512376785278320e-01
5.042896270751953125e-01
4.996694922447204590e-01
5.181545019149780273e-01
5.027396082878112793e-01
5.025601983070373535e-01
5.277087688446044922e-01
4.890214204788208008e-01
4.958312511444091797e-01
4.926485121250152588e-01
4.895444810390472412e-01
4.838469922542572021e-01
5.012223124504089355e-01
4.888097345829010010e-01
4.979675412178039551e-01
4.981701374053955078e-01
4.922689199447631836e-01
4.961704313755035400e-01
4.971260428428649902e-01
4.848999381065368652e-01
4.887745380401611328e-01
4.821787774562835693e-01
4.967609941959381104e-01
4.766658246517181396e-01
5.042749047279357910e-01
4.829765558242797852e-01
4.785921573638916016e-01
5.102959275245666504e-01
4.794141054153442383e-01
4.713732600212097168e-01
5.107530951499938965e-01
5.195064544677734375e-01
5.153181552886962891e-01
4.696430265903472900e-01
4.956062436103820801e-01
4.852584302425384521e-01
5.005087256431579590e-01
4.696461558341979980e-01
4.856416881084442139e-01
5.102261900901794434e-01
4.975111484527587891e-01
4.708022177219390869e-01
5.047426819801330566e-01
5.187605023384094238e-01
5.020974278450012207e-01
4.964672327041625977e-01
5.011470913887023926e-01
4.741666913032531738e-01
5.104596614837646484e-01
4.733766913414001465e-01
5.136494636535644531e-01
5.015898942947387695e-01
5.089015960693359375e-01
5.031656622886657715e-01
4.814250171184539795e-01
4.835344254970550537e-01
5.212441682815551758e-01
4.927858710289001465e-01
5.014193654060363770e-01
4.779028296470642090e-01
4.998430907726287842e-01
4.795722365379333496e-01
5.226585865020751953e-01
5.091819763183593750e-01
4.974147677421569824e-01
4.860004782676696777e-01
4.940146803855895996e-01
5.162433981895446777e-01
5.043228268623352051e-01
4.997676014900207520e-01
4.722337126731872559e-01
4.677459001541137695e-01
5.015742182731628418e-01
4.984815120697021484e-01
5.026923418045043945e-01
5.090926885604858398e-01
5.019080638885498047e-01
4.554105401039123535e-01
4.923683702945709229e-01
4.830451309680938721e-01
4.939229190349578857e-01
4.813013672828674316e-01
5.028235912322998047e-01
4.696302115917205811e-01
4.911087751388549805e-01
4.827078580856323242e-01
4.815988540649414062e-01
5.066170692443847656e-01
4.843929409980773926e-01
4.965513944625854492e-01
4.628967940807342529e-01
5.040423274040222168e-01
4.917477965354919434e-01
4.791124761104583740e-01
4.934240877628326416e-01
5.082446336746215820e-01
4.969208836555480957e-01
4.964130222797393799e-01
4.899309575557708740e-01
4.990718066692352295e-01
5.162518024444580078e-01
4.949978888034820557e-01
4.903165400028228760e-01
4.943276941776275635e-01
4.595386683940887451e-01
4.975092411041259766e-01
4.856169223785400391e-01
4.916514158248901367e-01
5.163621902465820312e-01
4.800612926483154297e-01
4.424322545528411865e-01
5.054906606674194336e-01
4.753402471542358398e-01
4.852222502231597900e-01
5.116395950317382812e-01
5.009026527404785156e-01
4.875017106533050537e-01
4.971061944961547852e-01
5.106887817382812500e-01
5.091958045959472656e-01
4.870681166648864746e-01
4.809587001800537109e-01
5.009896755218505859e-01
4.988686442375183105e-01
4.865220487117767334e-01
5.121759772300720215e-01
5.285449028015136719e-01
4.997943937778472900e-01
4.824463725090026855e-01
4.985751509666442871e-01
4.895653724670410156e-01
4.826211929321289062e-01
4.924208223819732666e-01
4.812144339084625244e-01
4.831103682518005371e-01
4.882865548133850098e-01
5.057975649833679199e-01
4.564767181873321533e-01
4.714769721031188965e-01
5.170356035232543945e-01
4.911253154277801514e-01
4.949215948581695557e-01
4.838372468948364258e-01
4.932304024696350098e-01
4.739819169044494629e-01
4.655103087425231934e-01
4.840012788772583008e-01
4.998086392879486084e-01
4.912298619747161865e-01
5.149562358856201172e-01
4.905789792537689209e-01
4.964641034603118896e-01
4.985322058200836182e-01
5.019925832748413086e-01
5.067533254623413086e-01
4.855730235576629639e-01
4.910951256752014160e-01
4.953038096427917480e-01
5.044956207275390625e-01
4.593572020530700684e-01
5.094532370567321777e-01
4.719565510749816895e-01
4.769502282142639160e-01
5.239011049270629883e-01
4.984604120254516602e-01
5.203602910041809082e-01
4.974611401557922363e-01
5.215461254119873047e-01
4.940713047981262207e-01
4.789058566093444824e-01
4.858864545822143555e-01
5.026115775108337402e-01
4.826018214225769043e-01
4.695538878440856934e-01
4.967094361782073975e-01
4.441837966442108154e-01
4.815632700920104980e-01
5.017256736755371094e-01
4.849807024002075195e-01
5.005053281784057617e-01
4.708608686923980713e-01
4.659570753574371338e-01
5.077037215232849121e-01
5.227341651916503906e-01
4.995824396610260010e-01
4.957479834556579590e-01
4.753971695899963379e-01
5.218278169631958008e-01
5.055739879608154297e-01
4.839186966419219971e-01
4.798023998737335205e-01
4.891509711742401123e-01
4.939123392105102539e-01
5.057544708251953125e-01
4.951095581054687500e-01
4.891727268695831299e-01
5.070225596427917480e-01
5.177640318870544434e-01
4.923411607742309570e-01
4.983006417751312256e-01
4.970684647560119629e-01
4.930698871612548828e-01
4.911271035671234131e-01
5.024470686912536621e-01
5.391724109649658203e-01
4.889743030071258545e-01
5.161916613578796387e-01
5.062989592552185059e-01
5.162419080734252930e-01
5.053002238273620605e-01
4.998742341995239258e-01
4.866405725479125977e-01
5.187038183212280273e-01
4.914046823978424072e-01
4.985690414905548096e-01
5.080512166023254395e-01
5.030332207679748535e-01
5.001340508460998535e-01
5.086941123008728027e-01
4.857904314994812012e-01
5.054833889007568359e-01
4.846026599407196045e-01
4.471157193183898926e-01
5.082282423973083496e-01
4.793669581413269043e-01
4.770987033843994141e-01
5.104234218597412109e-01
4.828753769397735596e-01
4.724374711513519287e-01
4.979570209980010986e-01
5.240888595581054688e-01
4.891783595085144043e-01
5.074002742767333984e-01
4.911851882934570312e-01
4.858883321285247803e-01
4.959441721439361572e-01
4.884651303291320801e-01
4.861856698989868164e-01
4.788209795951843262e-01
5.045459270477294922e-01
4.760445952415466309e-01
4.815091490745544434e-01
4.817528128623962402e-01
4.766262173652648926e-01
4.841530621051788330e-01
5.088853240013122559e-01
4.884834885597229004e-01
5.256949663162231445e-01
4.747284948825836182e-01
4.905660748481750488e-01
4.971626400947570801e-01
5.009944438934326172e-01
4.814504086971282959e-01
4.874267578125000000e-01
5.111976861953735352e-01
4.838044047355651855e-01
4.929017722606658936e-01
4.971956908702850342e-01
5.085891485214233398e-01
5.057367682456970215e-01
4.989764988422393799e-01
5.071280002593994141e-01
4.936915040016174316e-01
4.906996488571166992e-01
5.015207529067993164e-01
4.924578070640563965e-01
4.723818004131317139e-01
5.143144726753234863e-01
4.882480502128601074e-01
4.797493815422058105e-01
4.813233613967895508e-01
4.860222637653350830e-01
4.778797924518585205e-01
4.887999594211578369e-01
4.924539625644683838e-01
4.994871318340301514e-01
5.181848406791687012e-01
5.280395150184631348e-01
5.052275061607360840e-01
5.165812373161315918e-01
4.903288483619689941e-01
5.005849003791809082e-01
4.637327194213867188e-01
5.063652396202087402e-01
4.976947009563446045e-01
4.959623515605926514e-01
4.944312870502471924e-01
4.923991858959197998e-01
4.663561880588531494e-01
5.002258419990539551e-01
5.092478990554809570e-01
4.915467202663421631e-01
5.138322114944458008e-01
4.888828694820404053e-01
5.057844519615173340e-01
4.928161501884460449e-01
4.670826494693756104e-01
4.851374030113220215e-01
5.060220360755920410e-01
4.787336885929107666e-01
4.960134029388427734e-01
4.976690113544464111e-01
4.884175956249237061e-01
4.930418729782104492e-01
4.815512299537658691e-01
4.990190863609313965e-01
4.949678480625152588e-01
4.989311099052429199e-01
4.981622695922851562e-01
4.901745915412902832e-01
4.692694544792175293e-01
4.746925830841064453e-01
5.120850205421447754e-01
4.834155738353729248e-01
4.945932328701019287e-01
4.963266551494598389e-01
4.922938346862792969e-01
5.085453987121582031e-01
5.114747881889343262e-01
5.006732344627380371e-01
5.044397115707397461e-01
4.949851334095001221e-01
5.100494027137756348e-01
4.749199450016021729e-01
4.766390323638916016e-01
4.808789491653442383e-01
4.705510437488555908e-01
4.801484942436218262e-01
5.050784349441528320e-01
4.944029152393341064e-01
5.122820138931274414e-01
4.925597012042999268e-01
5.065786838531494141e-01
4.985789656639099121e-01
5.062847733497619629e-01
5.016142129898071289e-01
4.791260063648223877e-01
5.101123452186584473e-01
4.892168939113616943e-01
4.679664373397827148e-01
5.110558867454528809e-01
5.000801682472229004e-01
4.899911582469940186e-01
5.172413587570190430e-01
4.939028024673461914e-01
4.913815259933471680e-01
4.695824086666107178e-01
5.017316341400146484e-01
5.274057388305664062e-01
4.818078279495239258e-01
5.040944218635559082e-01
5.019810199737548828e-01
4.778711795806884766e-01
4.816389083862304688e-01
4.937545359134674072e-01
4.867796599864959717e-01
4.776132702827453613e-01
5.032804012298583984e-01
5.017298460006713867e-01
5.169826745986938477e-01
5.029420256614685059e-01
5.120472908020019531e-01
4.964405298233032227e-01
4.931753277778625488e-01
5.125941634178161621e-01
4.807443916797637939e-01
4.377078711986541748e-01
4.791469871997833252e-01
4.908324480056762695e-01
5.189197063446044922e-01
5.031338930130004883e-01
4.796742498874664307e-01
5.027046799659729004e-01
4.962677657604217529e-01
5.035394430160522461e-01
5.048298835754394531e-01
5.035731196403503418e-01
5.155758261680603027e-01
5.120238661766052246e-01
5.030931830406188965e-01
4.997256100177764893e-01
5.248816609382629395e-01
4.758709371089935303e-01
4.922670722007751465e-01
4.777198433876037598e-01
4.721938073635101318e-01
5.061858892440795898e-01
4.942943453788757324e-01
4.913802444934844971e-01
5.205615162849426270e-01
5.117390751838684082e-01
4.791115224361419678e-01
4.764232039451599121e-01
5.000305771827697754e-01
4.962689876556396484e-01
4.964402616024017334e-01
4.874477386474609375e-01
4.841189980506896973e-01
4.857212901115417480e-01
5.021264553070068359e-01
4.881572425365447998e-01
4.986090362071990967e-01
4.720748662948608398e-01
5.089816451072692871e-01
4.983999729156494141e-01
4.929724633693695068e-01
4.685697257518768311e-01
4.872362315654754639e-01
4.818716347217559814e-01
4.486514627933502197e-01
5.033496022224426270e-01
4.875861406326293945e-01
4.884529411792755127e-01
4.806063175201416016e-01
4.834778308868408203e-01
5.093430876731872559e-01
4.921814203262329102e-01
4.757118821144104004e-01
4.920202791690826416e-01
4.860740900039672852e-01
5.097156167030334473e-01
4.979548752307891846e-01
4.943374395370483398e-01
5.139614343643188477e-01
5.037236213684082031e-01
5.023792982101440430e-01
4.941597878932952881e-01
4.927783012390136719e-01
4.788859784603118896e-01
4.884879291057586670e-01
5.020054578781127930e-01
4.989972114562988281e-01
4.991860091686248779e-01
5.178424119949340820e-01
5.167818069458007812e-01
4.658408761024475098e-01
4.922218620777130127e-01
4.774278700351715088e-01
5.044809579849243164e-01
4.778381586074829102e-01
4.997578561305999756e-01
4.632564485073089600e-01
4.951986074447631836e-01
4.834147095680236816e-01
4.869406521320343018e-01
4.811724722385406494e-01
4.864774644374847412e-01
4.858615398406982422e-01
4.967045783996582031e-01
4.887496829032897949e-01
5.055009722709655762e-01
4.866747260093688965e-01
4.869521260261535645e-01
4.773224890232086182e-01
5.022681951522827148e-01
4.789379537105560303e-01
4.830470085144042969e-01
4.861198067665100098e-01
4.946138560771942139e-01
4.861262440681457520e-01
5.228461623191833496e-01
4.937623441219329834e-01
4.940342307090759277e-01
5.044052600860595703e-01
4.605350196361541748e-01
4.703414440155029297e-01
5.142806172370910645e-01
4.983891844749450684e-01
5.001956224441528320e-01
4.880120456218719482e-01
4.843280017375946045e-01
4.744587540626525879e-01
5.241103172302246094e-01
4.966509640216827393e-01
4.986942410469055176e-01
4.848252832889556885e-01
5.089079141616821289e-01
5.123506188392639160e-01
5.065537691116333008e-01
4.966942369937896729e-01
4.905841052532196045e-01
4.869124293327331543e-01
4.841805100440979004e-01
4.530111253261566162e-01
4.932039976119995117e-01
4.832439422607421875e-01
5.000252127647399902e-01
4.891167581081390381e-01
4.994677305221557617e-01
5.049275755882263184e-01
4.675490856170654297e-01
5.109608769416809082e-01
4.902465045452117920e-01
4.978965222835540771e-01
4.721940159797668457e-01
5.065089464187622070e-01
5.270661711692810059e-01
4.793624877929687500e-01
4.785054624080657959e-01
4.791316688060760498e-01
4.914540350437164307e-01
4.724471569061279297e-01
4.864100217819213867e-01
4.890816211700439453e-01
5.024933815002441406e-01
5.013928413391113281e-01
4.896517097949981689e-01
4.574568569660186768e-01
4.957235753536224365e-01
4.838571846485137939e-01
5.098969340324401855e-01
4.849499762058258057e-01
4.868363142013549805e-01
5.301505923271179199e-01
4.971491694450378418e-01
4.798702299594879150e-01
4.910687804222106934e-01
4.844928979873657227e-01
5.062799453735351562e-01
5.014346241950988770e-01
5.058410763740539551e-01
4.896042644977569580e-01
4.910284876823425293e-01
5.190693736076354980e-01
4.758542180061340332e-01
5.033780336380004883e-01
4.881953001022338867e-01
4.834684431552886963e-01
4.918525516986846924e-01
4.820159673690795898e-01
5.013948678970336914e-01
4.821971654891967773e-01
4.891168475151062012e-01
4.957183003425598145e-01
4.840768575668334961e-01
4.789083898067474365e-01
5.056455135345458984e-01
5.063925981521606445e-01
4.745434224605560303e-01
4.904792606830596924e-01
5.060440897941589355e-01
4.913722574710845947e-01
4.796904623508453369e-01
4.820795953273773193e-01
5.096127390861511230e-01
4.937075972557067871e-01
4.938983023166656494e-01
4.430893361568450928e-01
4.613140225410461426e-01
5.115488767623901367e-01
4.988271892070770264e-01
5.184835195541381836e-01
4.593531191349029541e-01
5.080870389938354492e-01
5.031238198280334473e-01
4.513219892978668213e-01
5.137552022933959961e-01
4.819313287734985352e-01
4.823222756385803223e-01
4.878309965133666992e-01
4.845013320446014404e-01
4.867945015430450439e-01
4.912541210651397705e-01
4.891065061092376709e-01
4.437271058559417725e-01
5.236648917198181152e-01
4.591152071952819824e-01
4.757154583930969238e-01
5.118910074234008789e-01
4.977566301822662354e-01
5.066496133804321289e-01
4.812993109226226807e-01
4.627271294593811035e-01
5.154116749763488770e-01
4.784814715385437012e-01
4.902385771274566650e-01
5.019996166229248047e-01
4.725197255611419678e-01
4.861704707145690918e-01
5.014059543609619141e-01
5.262662768363952637e-01
4.950614571571350098e-01
5.081127882003784180e-01
4.868720471858978271e-01
4.981821775436401367e-01
5.250637531280517578e-01
4.840842485427856445e-01
4.950584471225738525e-01
5.093436837196350098e-01
4.883628487586975098e-01
4.897684454917907715e-01
4.872336387634277344e-01
4.990657866001129150e-01
5.128988027572631836e-01
5.075809359550476074e-01
4.899722337722778320e-01
5.091347694396972656e-01
4.934126734733581543e-01
4.923167824745178223e-01
4.864835441112518311e-01
5.143968462944030762e-01
4.915871918201446533e-01
4.844431579113006592e-01
4.933300018310546875e-01
5.139270424842834473e-01
4.947983920574188232e-01
5.135064125061035156e-01
4.779436290264129639e-01
5.008255839347839355e-01
5.040271282196044922e-01
5.009880065917968750e-01
4.938062727451324463e-01
5.180043578147888184e-01
4.631908833980560303e-01
4.968085587024688721e-01
4.772817194461822510e-01
5.017461776733398438e-01
5.168182849884033203e-01
4.780756831169128418e-01
5.177443027496337891e-01
5.001297593116760254e-01
4.842530786991119385e-01
4.737040996551513672e-01
5.125520825386047363e-01
4.880991578102111816e-01
4.757508933544158936e-01
4.834820330142974854e-01
5.045758485794067383e-01
4.968762993812561035e-01
5.047770142555236816e-01
4.942827522754669189e-01
4.816686511039733887e-01
4.780566990375518799e-01
4.709743261337280273e-01
4.707550406455993652e-01
5.286824107170104980e-01
4.909688234329223633e-01
4.841178059577941895e-01
4.806426167488098145e-01
4.721893370151519775e-01
4.549060165882110596e-01
4.954637885093688965e-01
5.126003026962280273e-01
4.824745357036590576e-01
5.043188333511352539e-01
5.152246356010437012e-01
4.887832999229431152e-01
4.923316836357116699e-01
5.111927986145019531e-01
5.045235157012939453e-01
4.758450686931610107e-01
5.117071270942687988e-01
4.924912154674530029e-01
4.795114398002624512e-01
5.163176655769348145e-01
4.900172352790832520e-01
5.046074986457824707e-01
4.669532179832458496e-01
4.998385012149810791e-01
5.285128951072692871e-01
5.023190379142761230e-01
4.756367802619934082e-01
5.123522281646728516e-01
4.775500297546386719e-01
4.739729166030883789e-01
5.019714832305908203e-01
5.067426562309265137e-01
4.984902143478393555e-01
4.800511598587036133e-01
5.130544304847717285e-01
5.043228864669799805e-01
4.718848168849945068e-01
5.089458227157592773e-01
5.137771964073181152e-01
4.745122790336608887e-01
4.819585084915161133e-01
4.581007957458496094e-01
4.944222569465637207e-01
5.130090117454528809e-01
4.724958539009094238e-01
5.179063081741333008e-01
5.200663208961486816e-01
4.926128685474395752e-01
5.062668323516845703e-01
5.188656449317932129e-01
4.850588738918304443e-01
4.782432913780212402e-01
4.968346357345581055e-01
4.959318041801452637e-01
5.195085406303405762e-01
5.013598203659057617e-01
4.704317450523376465e-01
4.997670054435729980e-01
4.971972107887268066e-01
5.045629739761352539e-01
4.867521822452545166e-01
4.911101162433624268e-01
4.861501455307006836e-01
4.938448369503021240e-01
4.868400096893310547e-01
5.000174045562744141e-01
4.908249080181121826e-01
4.806966483592987061e-01
5.188708901405334473e-01
4.653496742248535156e-01
4.740165770053863525e-01
4.949321150779724121e-01
4.958676397800445557e-01
4.824435412883758545e-01
4.898889362812042236e-01
5.148583650588989258e-01
4.908112585544586182e-01
5.030202269554138184e-01
4.983420670032501221e-01
4.728626906871795654e-01
4.894992113113403320e-01
5.048756003379821777e-01
5.056805014610290527e-01
4.759453237056732178e-01
4.885627627372741699e-01
4.898970425128936768e-01
5.090247392654418945e-01
5.045754909515380859e-01
5.113384127616882324e-01
4.886202216148376465e-01
4.995711743831634521e-01
5.152754783630371094e-01
5.075311064720153809e-01
5.065425634384155273e-01
4.907132685184478760e-01
4.887984097003936768e-01
4.824753105640411377e-01
5.144972205162048340e-01
4.986980855464935303e-01
5.141351819038391113e-01
5.136379599571228027e-01
5.112614631652832031e-01
4.975519180297851562e-01
4.875052869319915771e-01
5.018550157546997070e-01
5.005184412002563477e-01
5.155082345008850098e-01
5.069170594215393066e-01
4.853147268295288086e-01
4.781913757324218750e-01
4.957806468009948730e-01
4.548897147178649902e-01
5.038870573043823242e-01
4.814169406890869141e-01
4.853211641311645508e-01
5.156374573707580566e-01
5.173558592796325684e-01
4.898203611373901367e-01
5.105203986167907715e-01
5.018035173416137695e-01
5.070861577987670898e-01
4.987153112888336182e-01
4.770928919315338135e-01
4.668583869934082031e-01
4.904363751411437988e-01
4.797700941562652588e-01
4.920004606246948242e-01
5.003740191459655762e-01
5.099928975105285645e-01
4.713996946811676025e-01
4.826569855213165283e-01
4.921357929706573486e-01
5.058182477951049805e-01
5.017411112785339355e-01
5.023362040519714355e-01
5.161361098289489746e-01
4.854650497436523438e-01
4.669159352779388428e-01
4.574210643768310547e-01
4.867923855781555176e-01
4.977975487709045410e-01
5.000213980674743652e-01
4.816489517688751221e-01
5.094231367111206055e-01
4.892719984054565430e-01
4.607679843902587891e-01
4.784588217735290527e-01
4.811850488185882568e-01
5.063872933387756348e-01
4.681970179080963135e-01
4.994609057903289795e-01
4.889251887798309326e-01
4.661898314952850342e-01
4.801200330257415771e-01
4.706325829029083252e-01
4.833557009696960449e-01
4.913477301597595215e-01
5.169732570648193359e-01
5.131730437278747559e-01
4.950404763221740723e-01
5.153732895851135254e-01
5.006955862045288086e-01
4.925087988376617432e-01
5.179207324981689453e-01
4.915751218795776367e-01
4.912645220756530762e-01
4.934753477573394775e-01
4.970846474170684814e-01
5.168114304542541504e-01
4.924222230911254883e-01
5.104078054428100586e-01
4.933388531208038330e-01
5.072935223579406738e-01
4.890858232975006104e-01
5.027003884315490723e-01
5.101407766342163086e-01
4.987588524818420410e-01
5.037353634834289551e-01
5.103994607925415039e-01
5.033328533172607422e-01
4.951193034648895264e-01
5.149182677268981934e-01
4.834932386875152588e-01
4.997773766517639160e-01
4.993216097354888916e-01
5.008717775344848633e-01
4.884426593780517578e-01
4.922101497650146484e-01
4.957583546638488770e-01
5.013259649276733398e-01
4.890748262405395508e-01
4.926615655422210693e-01
5.029527544975280762e-01
4.931220114231109619e-01
4.972898960113525391e-01
4.898167252540588379e-01
4.816155433654785156e-01
4.897247850894927979e-01
4.860757887363433838e-01
4.886828660964965820e-01
4.867259263992309570e-01
4.928254783153533936e-01
5.071766376495361328e-01
4.667669236660003662e-01
4.774581193923950195e-01
4.860495924949645996e-01
5.004402995109558105e-01
5.072645545005798340e-01
4.816788733005523682e-01
4.977546930313110352e-01
4.829354882240295410e-01
4.869112968444824219e-01
5.043317079544067383e-01
4.949538707733154297e-01
5.030800104141235352e-01
4.904070496559143066e-01
4.929648935794830322e-01
5.026814937591552734e-01
5.211060047149658203e-01
4.752889275550842285e-01
5.161016583442687988e-01
5.050162672996520996e-01
4.904423952102661133e-01
5.040466785430908203e-01
4.996698200702667236e-01
4.636292755603790283e-01
4.993671774864196777e-01
5.159623622894287109e-01
4.966424107551574707e-01
5.121577978134155273e-01
4.951105117797851562e-01
4.908722043037414551e-01
4.934156239032745361e-01
5.147989392280578613e-01
4.594843387603759766e-01
5.155056715011596680e-01
4.912788569927215576e-01
5.068375468254089355e-01
5.079581737518310547e-01
4.801778197288513184e-01
4.897453784942626953e-01
4.798609316349029541e-01
5.033567547798156738e-01
5.025678873062133789e-01
4.645940959453582764e-01
5.026708841323852539e-01
4.878126084804534912e-01
5.098801851272583008e-01
4.970703423023223877e-01
4.923624396324157715e-01
5.028170943260192871e-01
4.798618555068969727e-01
4.996838867664337158e-01
4.857917726039886475e-01
4.964288175106048584e-01
4.902980029582977295e-01
4.927455484867095947e-01
4.995080828666687012e-01
5.028107166290283203e-01
4.980186522006988525e-01
4.954916238784790039e-01
4.912001788616180420e-01
4.768549501895904541e-01
5.154943466186523438e-01
4.567328989505767822e-01
5.087361931800842285e-01
5.010793209075927734e-01
5.037607550621032715e-01
5.190203785896301270e-01
4.970703721046447754e-01
5.092496275901794434e-01
4.606308937072753906e-01
4.826644361019134521e-01
4.931261837482452393e-01
4.886537492275238037e-01
4.939129650592803955e-01
5.141953825950622559e-01
4.665859043598175049e-01
4.685109257698059082e-01
4.847673773765563965e-01
4.948750138282775879e-01
5.118170976638793945e-01
4.992058873176574707e-01
5.016003251075744629e-01
5.056306719779968262e-01
4.999598264694213867e-01
4.795722961425781250e-01
4.985455274581909180e-01
4.903644323348999023e-01
5.208629369735717773e-01
4.769182205200195312e-01
4.801609814167022705e-01
4.934785068035125732e-01
4.832932353019714355e-01
4.920592308044433594e-01
4.966786205768585205e-01
4.961874485015869141e-01
4.785018861293792725e-01
4.719246327877044678e-01
5.003852248191833496e-01
4.738412499427795410e-01
4.804427027702331543e-01
4.982468485832214355e-01
4.791480898857116699e-01
4.610827863216400146e-01
4.892114400863647461e-01
4.859890937805175781e-01
4.801656007766723633e-01
5.093105435371398926e-01
5.103875994682312012e-01
4.642985761165618896e-01
4.817719459533691406e-01
4.811069667339324951e-01
5.063651800155639648e-01
4.770825505256652832e-01
4.985150992870330811e-01
3.628639280796051025e-01
5.156397819519042969e-01
5.015460252761840820e-01
4.682304561138153076e-01
5.057579278945922852e-01
4.910236001014709473e-01
4.908179342746734619e-01
5.110365152359008789e-01
5.155135989189147949e-01
4.919797778129577637e-01
4.969547688961029053e-01
4.940546154975891113e-01
4.973905980587005615e-01
4.828622937202453613e-01
4.947653114795684814e-01
4.860817790031433105e-01
4.904695153236389160e-01
5.009118914604187012e-01
5.129413604736328125e-01
4.907916486263275146e-01
5.036086440086364746e-01
4.978263080120086670e-01
5.053308010101318359e-01
4.853444397449493408e-01
5.046486258506774902e-01
4.824673831462860107e-01
5.178764462471008301e-01
5.155056715011596680e-01
4.790749251842498779e-01
4.940981864929199219e-01
4.936163723468780518e-01
4.961035251617431641e-01
4.999823272228240967e-01
4.803383648395538330e-01
5.001975893974304199e-01
5.032585263252258301e-01
5.042676329612731934e-01
5.139163136482238770e-01
4.881076514720916748e-01
4.818125963211059570e-01
4.926700890064239502e-01
5.012897849082946777e-01
4.975735843181610107e-01
5.075023770332336426e-01
5.072223544120788574e-01
4.745609462261199951e-01
5.067701339721679688e-01
4.753431975841522217e-01
4.928113222122192383e-01
4.830889403820037842e-01
4.927336871623992920e-01
4.855351448059082031e-01
5.207356810569763184e-01
5.047245621681213379e-01
5.224015116691589355e-01
4.973751008510589600e-01
5.166181921958923340e-01
4.857976138591766357e-01
4.740699231624603271e-01
4.724278151988983154e-01
4.911684393882751465e-01
4.916517138481140137e-01
4.793299734592437744e-01
5.180583000183105469e-01
4.825805425643920898e-01
5.077142119407653809e-01
4.930336773395538330e-01
4.887315332889556885e-01
4.991688132286071777e-01
4.704884886741638184e-01
5.019930005073547363e-01
5.141876935958862305e-01
4.905280172824859619e-01
5.027862787246704102e-01
4.930328130722045898e-01
5.035229921340942383e-01
5.153072476387023926e-01
5.014415979385375977e-01
4.804103970527648926e-01
4.848559200763702393e-01
5.216726064682006836e-01
5.076863169670104980e-01
5.179724693298339844e-01
5.165713429450988770e-01
5.021104812622070312e-01
5.305126309394836426e-01
5.066170692443847656e-01
5.023639798164367676e-01
5.068897008895874023e-01
4.976552724838256836e-01
5.056759119033813477e-01
5.114244818687438965e-01
4.946059584617614746e-01
5.043590068817138672e-01
5.003564953804016113e-01
4.957183897495269775e-01
5.121042728424072266e-01
4.779824018478393555e-01
4.906007945537567139e-01
4.818641245365142822e-01
4.964334666728973389e-01
5.115290880203247070e-01
5.031597614288330078e-01
4.726640284061431885e-01
4.829761981964111328e-01
5.388759970664978027e-01
5.062238574028015137e-01
4.904922246932983398e-01
4.931206107139587402e-01
4.988571703433990479e-01
4.983738660812377930e-01
5.211014747619628906e-01
4.975149631500244141e-01
4.971832334995269775e-01
4.736582934856414795e-01
5.193584561347961426e-01
4.914732873439788818e-01
5.062286257743835449e-01
5.116014480590820312e-01
5.089308619499206543e-01
5.022335052490234375e-01
5.321667194366455078e-01
4.536049962043762207e-01
4.883369505405426025e-01
5.023776292800903320e-01
4.772892296314239502e-01
4.989344179630279541e-01
5.026725530624389648e-01
4.970050454139709473e-01
4.886658191680908203e-01
4.785591363906860352e-01
5.017354488372802734e-01
5.016052722930908203e-01
4.870249629020690918e-01
5.216256976127624512e-01
4.787710011005401611e-01
4.647685289382934570e-01
4.876997470855712891e-01
5.032853484153747559e-01
4.989044964313507080e-01
5.023630857467651367e-01
4.835302233695983887e-01
4.960753917694091797e-01
5.013735294342041016e-01
4.886913895606994629e-01
4.904264509677886963e-01
5.136496424674987793e-01
4.931472241878509521e-01
5.037181377410888672e-01
5.045691132545471191e-01
4.917652606964111328e-01
4.979985058307647705e-01
5.012931227684020996e-01
4.742007553577423096e-01
5.134579539299011230e-01
5.017546415328979492e-01
5.090162754058837891e-01
4.673590362071990967e-01
4.645631313323974609e-01
4.966424703598022461e-01
4.978842735290527344e-01
4.899151623249053955e-01
5.065840482711791992e-01
4.956861436367034912e-01
5.141303539276123047e-01
4.957274198532104492e-01
4.929685592651367188e-01
5.029310584068298340e-01
5.062365531921386719e-01
5.231376886367797852e-01
5.142382979393005371e-01
5.069122910499572754e-01
4.854660630226135254e-01
5.109546780586242676e-01
5.315830111503601074e-01
4.957743585109710693e-01
5.268010497093200684e-01
4.807493388652801514e-01
4.897961914539337158e-01
4.875655472278594971e-01
4.899595975875854492e-01
5.080651640892028809e-01
4.825213849544525146e-01
5.000439882278442383e-01
4.962711632251739502e-01
4.913660585880279541e-01
4.822074472904205322e-01
4.681219458580017090e-01
4.891210496425628662e-01
5.003719329833984375e-01
5.136199593544006348e-01
4.685665667057037354e-01
4.934014379978179932e-01
4.968712329864501953e-01
4.924061000347137451e-01
4.955577552318572998e-01
5.026037693023681641e-01
5.078673958778381348e-01
5.252586603164672852e-01
5.052454471588134766e-01
5.115720629692077637e-01
5.198413133621215820e-01
4.895922243595123291e-01
5.067709684371948242e-01
5.005208253860473633e-01
5.056388974189758301e-01
4.772692918777465820e-01
5.138946771621704102e-01
4.825369715690612793e-01
4.917084574699401855e-01
4.882813394069671631e-01
4.771855175495147705e-01
5.025821924209594727e-01
5.297485589981079102e-01
5.143807530403137207e-01
4.707527160644531250e-01
4.816325604915618896e-01
5.070410966873168945e-01
4.781432747840881348e-01
5.174235105514526367e-01
5.024179816246032715e-01
5.001091957092285156e-01
4.829977154731750488e-01
4.918555617332458496e-01
5.118352174758911133e-01
5.189374089241027832e-01
5.081703662872314453e-01
5.038761496543884277e-01
4.947530627250671387e-01
4.741759300231933594e-01
4.937778711318969727e-01
4.841551780700683594e-01
4.895760416984558105e-01
4.628488719463348389e-01
4.630358815193176270e-01
4.845110177993774414e-01
4.824158847332000732e-01
4.940052032470703125e-01
5.057771205902099609e-01
4.683299958705902100e-01
4.914409220218658447e-01
4.706962704658508301e-01
5.036531686782836914e-01
4.883783459663391113e-01
5.032125115394592285e-01
4.984910786151885986e-01
4.888088703155517578e-01
5.145411491394042969e-01
5.007535219192504883e-01
4.920807182788848877e-01
4.986287057399749756e-01
4.951558411121368408e-01
5.006144046783447266e-01
5.155115723609924316e-01
5.115517377853393555e-01
5.041731595993041992e-01
5.164461135864257812e-01
5.089976787567138672e-01
5.034020543098449707e-01
4.687820971012115479e-01
5.196338295936584473e-01
5.037476420402526855e-01
5.223014354705810547e-01
5.024971365928649902e-01
5.015735626220703125e-01
4.692810475826263428e-01
5.266525149345397949e-01
4.842411875724792480e-01
5.001467466354370117e-01
5.104914307594299316e-01
5.082561373710632324e-01
5.092661976814270020e-01
5.241888165473937988e-01
4.835099279880523682e-01
5.102489590644836426e-01
5.206540226936340332e-01
4.987534582614898682e-01
4.835455715656280518e-01
4.583420455455780029e-01
4.958881735801696777e-01
4.851491153240203857e-01
5.215682983398437500e-01
5.159521102905273438e-01
5.032709836959838867e-01
5.028791427612304688e-01
4.986195266246795654e-01
4.986632466316223145e-01
4.871912598609924316e-01
5.071707367897033691e-01
4.846179187297821045e-01
4.713267683982849121e-01
4.996463954448699951e-01
5.012272596359252930e-01
4.809061884880065918e-01
5.058364868164062500e-01
5.173179507255554199e-01
5.024154186248779297e-01
4.644345045089721680e-01
5.173864364624023438e-01
4.905940592288970947e-01
5.021332502365112305e-01
4.722308218479156494e-01
4.914705455303192139e-01
5.134279727935791016e-01
4.929946959018707275e-01
5.010159611701965332e-01
5.019136667251586914e-01
4.997946918010711670e-01
4.802289009094238281e-01
5.021861195564270020e-01
4.884684681892395020e-01
5.030961036682128906e-01
4.866059720516204834e-01
5.030549168586730957e-01
5.247328281402587891e-01
5.064556598663330078e-01
4.810731709003448486e-01
5.104528069496154785e-01
4.848726689815521240e-01
5.033215880393981934e-01
4.781459271907806396e-01
4.829388260841369629e-01
5.098041892051696777e-01
4.956203103065490723e-01
4.888424873352050781e-01
5.048878192901611328e-01
4.963396489620208740e-01
4.996469914913177490e-01
4.997341930866241455e-01
5.029789209365844727e-01
4.830804765224456787e-01
5.140494704246520996e-01
5.012952685356140137e-01
4.860348403453826904e-01
5.286561250686645508e-01
4.899862706661224365e-01
4.672277569770812988e-01
5.063584446907043457e-01
5.090873837471008301e-01
5.060190558433532715e-01
4.717299640178680420e-01
4.848345220088958740e-01
4.968487918376922607e-01
4.909709393978118896e-01
4.861960411071777344e-01
4.936334192752838135e-01
5.132945775985717773e-01
4.891113042831420898e-01
4.781705737113952637e-01
4.886165261268615723e-01
4.830574989318847656e-01
5.104995965957641602e-01
4.862025380134582520e-01
4.763817191123962402e-01
4.994405508041381836e-01
4.966940581798553467e-01
4.793947041034698486e-01
5.063323378562927246e-01
4.963809847831726074e-01
4.936991930007934570e-01
4.997939765453338623e-01
5.007190108299255371e-01
5.078987479209899902e-01
4.894006550312042236e-01
5.184089541435241699e-01
4.795773923397064209e-01
4.902868866920471191e-01
5.117595195770263672e-01
5.054429769515991211e-01
5.035196542739868164e-01
5.248816609382629395e-01
4.928800165653228760e-01
4.849191009998321533e-01
4.972297549247741699e-01
4.945029318332672119e-01
4.904811382293701172e-01
5.017840266227722168e-01
4.996930360794067383e-01
5.036419034004211426e-01
5.071369409561157227e-01
4.806753993034362793e-01
5.030370950698852539e-01
5.095577239990234375e-01
4.734528660774230957e-01
4.793870747089385986e-01
4.853428602218627930e-01
4.914378225803375244e-01
5.062239766120910645e-01
4.921973049640655518e-01
5.034707188606262207e-01
4.843017458915710449e-01
4.850830137729644775e-01
4.658983945846557617e-01
4.991771876811981201e-01
5.084754824638366699e-01
4.935780167579650879e-01
5.080620646476745605e-01
4.980022609233856201e-01
4.949982762336730957e-01
4.990034401416778564e-01
4.917415678501129150e-01
4.895144999027252197e-01
4.799735844135284424e-01
4.791719019412994385e-01
5.251088142395019531e-01
4.751341342926025391e-01
5.064199566841125488e-01
4.918449819087982178e-01
4.908248484134674072e-01
4.857037961483001709e-01
4.974471628665924072e-01
5.062847733497619629e-01
5.139304995536804199e-01
4.935123920440673828e-01
4.893289506435394287e-01
5.125917792320251465e-01
4.940644204616546631e-01
4.843691885471343994e-01
4.978225231170654297e-01
4.935319125652313232e-01
4.759086072444915771e-01
5.044822692871093750e-01
5.008398890495300293e-01
5.216075181961059570e-01
4.907057285308837891e-01
5.085774660110473633e-01
5.082910060882568359e-01
5.010232925415039062e-01
5.116243362426757812e-01
5.026575326919555664e-01
4.953754842281341553e-01
5.256086587905883789e-01
4.892275631427764893e-01
5.118506550788879395e-01
4.798019528388977051e-01
5.074154734611511230e-01
5.077087283134460449e-01
5.050418972969055176e-01
4.709427952766418457e-01
4.808178842067718506e-01
4.911035001277923584e-01
4.769849181175231934e-01
4.938380122184753418e-01
5.078298449516296387e-01
5.131587386131286621e-01
5.000200271606445312e-01
4.672768712043762207e-01
4.832443594932556152e-01
5.009288191795349121e-01
5.175014138221740723e-01
4.920260608196258545e-01
4.745310842990875244e-01
4.712022840976715088e-01
4.811544418334960938e-01
4.690698981285095215e-01
4.786127507686614990e-01
5.026354193687438965e-01
5.024179816246032715e-01
4.997506141662597656e-01
4.909101426601409912e-01
5.140234231948852539e-01
4.942448437213897705e-01
4.937267899513244629e-01
4.992220103740692139e-01
4.918515980243682861e-01
4.857996106147766113e-01
4.959132075309753418e-01
4.998533129692077637e-01
4.951170086860656738e-01
5.115345716476440430e-01
4.890030920505523682e-01
4.793804585933685303e-01
5.108396410942077637e-01
5.028188228607177734e-01
4.919463992118835449e-01
5.048530101776123047e-01
4.771255552768707275e-01
4.622604548931121826e-01
4.799820780754089355e-01
4.908075630664825439e-01
5.117648243904113770e-01
4.768096804618835449e-01
4.687433242797851562e-01
5.249813795089721680e-01
4.865224361419677734e-01
4.733242690563201904e-01
4.963578879833221436e-01
4.751756191253662109e-01
4.806533753871917725e-01
5.003376603126525879e-01
4.905517995357513428e-01
4.788709878921508789e-01
5.146686434745788574e-01
4.996969401836395264e-01
5.085538029670715332e-01
4.538778066635131836e-01
5.015513300895690918e-01
4.888865351676940918e-01
5.102357864379882812e-01
4.849105477333068848e-01
5.000271201133728027e-01
4.567917585372924805e-01
4.838199615478515625e-01
5.022507905960083008e-01
5.029640197753906250e-01
5.183323621749877930e-01
4.981245398521423340e-01
4.903396368026733398e-01
4.998509287834167480e-01
4.816179573535919189e-01
5.007838010787963867e-01
4.831481277942657471e-01
4.694988131523132324e-01
5.099403262138366699e-01
5.092732906341552734e-01
4.841277301311492920e-01
5.081796646118164062e-01
5.225951671600341797e-01
4.998795986175537109e-01
4.972473382949829102e-01
4.888243973255157471e-01
4.876399934291839600e-01
4.862479269504547119e-01
4.985229969024658203e-01
4.860593378543853760e-01
5.116561055183410645e-01
4.845357835292816162e-01
4.922269880771636963e-01
5.202750563621520996e-01
4.827461838722229004e-01
5.249817371368408203e-01
5.056127905845642090e-01
5.214719176292419434e-01
4.885842204093933105e-01
5.126816034317016602e-01
4.712718725204467773e-01
4.914148151874542236e-01
4.992054402828216553e-01
4.828906357288360596e-01
4.924814403057098389e-01
4.992114901542663574e-01
4.975030720233917236e-01
5.099153518676757812e-01
5.251012444496154785e-01
5.023878812789916992e-01
4.999219775199890137e-01
4.991801381111145020e-01
5.050047636032104492e-01
5.053781270980834961e-01
4.928714036941528320e-01
5.155056715011596680e-01
5.178880691528320312e-01
5.276340246200561523e-01
5.240698456764221191e-01
4.952881634235382080e-01
4.848764240741729736e-01
5.076242685317993164e-01
4.798467457294464111e-01
5.125018954277038574e-01
4.821485579013824463e-01
4.854096770286560059e-01
5.155481696128845215e-01
4.678975343704223633e-01
5.049731731414794922e-01
4.740642607212066650e-01
5.020085573196411133e-01
4.905423521995544434e-01
4.902495145797729492e-01
4.990122914314270020e-01
4.875454306602478027e-01
4.796364307403564453e-01
4.852496981620788574e-01
4.785183370113372803e-01
5.322216749191284180e-01
5.043140649795532227e-01
4.994121193885803223e-01
5.088348984718322754e-01
5.114447474479675293e-01
5.125517249107360840e-01
4.934170842170715332e-01
4.864062666893005371e-01
5.009052157402038574e-01
4.902452528476715088e-01
4.793358743190765381e-01
5.020746588706970215e-01
4.761295616626739502e-01
4.865390360355377197e-01
4.861019849777221680e-01
5.022904872894287109e-01
5.166445374488830566e-01
4.997650682926177979e-01
4.750942289829254150e-01
4.893914461135864258e-01
4.888674318790435791e-01
4.834971129894256592e-01
4.674472212791442871e-01
4.930303096771240234e-01
4.930729568004608154e-01
4.892500638961791992e-01
4.613259136676788330e-01
5.197879076004028320e-01
4.898871183395385742e-01
5.119307041168212891e-01
4.953346252441406250e-01
4.879372417926788330e-01
4.998714625835418701e-01
5.161892175674438477e-01
5.035470724105834961e-01
4.970870316028594971e-01
5.063933730125427246e-01
4.460641443729400635e-01
5.166034102439880371e-01
5.070389509201049805e-01
4.693072736263275146e-01
4.950270652770996094e-01
4.721265733242034912e-01
4.922811985015869141e-01
4.970148801803588867e-01
4.902868866920471191e-01
4.838851094245910645e-01
4.766795933246612549e-01
5.083978772163391113e-01
5.079827904701232910e-01
5.150445103645324707e-01
4.793909490108489990e-01
5.081748962402343750e-01
5.318881273269653320e-01
5.112467408180236816e-01
4.959685802459716797e-01
4.972707927227020264e-01
4.755021035671234131e-01
4.823679924011230469e-01
5.014966726303100586e-01
4.925763905048370361e-01
4.878744184970855713e-01
4.837835431098937988e-01
4.914369881153106689e-01
4.971437454223632812e-01
5.123689770698547363e-01
4.818446636199951172e-01
4.924487769603729248e-01
5.011547803878784180e-01
4.908712804317474365e-01
5.125606656074523926e-01
4.935710132122039795e-01
5.019956827163696289e-01
5.028829574584960938e-01
5.067625045776367188e-01
4.935857057571411133e-01
4.900302290916442871e-01
4.910078346729278564e-01
5.128296017646789551e-01
4.807248413562774658e-01
4.932069778442382812e-01
4.970900416374206543e-01
4.592391848564147949e-01
4.982937574386596680e-01
4.964585602283477783e-01
4.960834383964538574e-01
4.893945753574371338e-01
4.719497263431549072e-01
4.946147799491882324e-01
4.956225752830505371e-01
5.100767016410827637e-01
4.660516381263732910e-01
4.931288659572601318e-01
5.039542317390441895e-01
5.092161893844604492e-01
4.882858395576477051e-01
4.936603009700775146e-01
4.840647876262664795e-01
4.983737170696258545e-01
5.060693025588989258e-01
5.110781788825988770e-01
4.841179847717285156e-01
4.932247996330261230e-01
5.074019432067871094e-01
4.982296824455261230e-01
5.240302681922912598e-01
4.968833029270172119e-01
4.983174204826354980e-01
5.107126832008361816e-01
4.884952306747436523e-01
4.999495148658752441e-01
5.063837170600891113e-01
5.002566576004028320e-01
4.894222319126129150e-01
4.686205089092254639e-01
5.107129812240600586e-01
5.185088515281677246e-01
5.101638436317443848e-01
4.739498198032379150e-01
4.765353500843048096e-01
5.120759606361389160e-01
4.735161662101745605e-01
5.021427869796752930e-01
4.812426865100860596e-01
5.092939734458923340e-01
5.009440779685974121e-01
5.097971558570861816e-01
5.002024173736572266e-01
5.154721736907958984e-01
4.903937876224517822e-01
4.869345128536224365e-01
5.049386024475097656e-01
4.798624515533447266e-01
5.308406949043273926e-01
5.037738084793090820e-01
4.885931015014648438e-01
5.136584043502807617e-01
5.112327337265014648e-01
4.711987376213073730e-01
4.531316757202148438e-01
4.907940030097961426e-01
