4.294152259826660156e-01
4.381488859653472900e-01
4.365057945251464844e-01
4.645071029663085938e-01
4.644334018230438232e-01
4.385889172554016113e-01
4.286923110485076904e-01
4.492208361625671387e-01
4.486383497714996338e-01
4.645830988883972168e-01
4.340525865554809570e-01
4.737894237041473389e-01
4.776834845542907715e-01
4.524895250797271729e-01
4.327524900436401367e-01
4.728326499462127686e-01
4.427815377712249756e-01
4.219787418842315674e-01
4.689324498176574707e-01
4.394903779029846191e-01
4.695281982421875000e-01
4.617248177528381348e-01
4.515447616577148438e-01
4.363403916358947754e-01
4.566375911235809326e-01
4.349287450313568115e-01
4.752901792526245117e-01
4.239780604839324951e-01
4.872306585311889648e-01
4.451860785484313965e-01
4.501411318778991699e-01
4.698463678359985352e-01
4.547795951366424561e-01
4.255665540695190430e-01
4.466599524021148682e-01
4.733909666538238525e-01
4.578056633472442627e-01
4.390569627285003662e-01
4.377098381519317627e-01
4.337967634201049805e-01
4.618482589721679688e-01
4.641788601875305176e-01
4.381352663040161133e-01
4.213705062866210938e-01
4.321135282516479492e-01
4.248530864715576172e-01
4.434691667556762695e-01
4.655811488628387451e-01
4.710760712623596191e-01
4.476006329059600830e-01
4.706233441829681396e-01
4.520972371101379395e-01
4.600510597229003906e-01
4.546331763267517090e-01
4.516559541225433350e-01
4.725701808929443359e-01
4.715344011783599854e-01
4.804364442825317383e-01
4.981685280799865723e-01
4.724887311458587646e-01
4.630932211875915527e-01
4.342245757579803467e-01
4.750324785709381104e-01
4.837026894092559814e-01
4.488959908485412598e-01
4.630930423736572266e-01
4.462287724018096924e-01
4.630929827690124512e-01
4.747865498065948486e-01
4.833691418170928955e-01
4.833410382270812988e-01
4.630929827690124512e-01
4.288880228996276855e-01
4.463612139225006104e-01
4.492747783660888672e-01
4.491832554340362549e-01
4.722352027893066406e-01
4.466726779937744141e-01
5.172572135925292969e-01
4.086120426654815674e-01
4.613987505435943604e-01
4.628379344940185547e-01
4.226306676864624023e-01
4.481827616691589355e-01
4.385747909545898438e-01
4.832326769828796387e-01
4.784682691097259521e-01
4.776857197284698486e-01
4.648588895797729492e-01
4.585221707820892334e-01
4.772107601165771484e-01
4.418516755104064941e-01
4.213140606880187988e-01
4.516610205173492432e-01
4.816046357154846191e-01
4.630925357341766357e-01
4.892230927944183350e-01
4.729368388652801514e-01
4.293677508831024170e-01
4.405121207237243652e-01
4.751380383968353271e-01
4.328014850616455078e-01
4.412292838096618652e-01
4.365260601043701172e-01
4.317862689495086670e-01
4.224839210510253906e-01
4.414525926113128662e-01
4.329285621643066406e-01
4.702726900577545166e-01
4.391824603080749512e-01
4.114189445972442627e-01
4.438011944293975830e-01
4.404494464397430420e-01
4.546672999858856201e-01
4.359375238418579102e-01
4.541757106781005859e-01
4.291971325874328613e-01
4.396646916866302490e-01
4.480216503143310547e-01
4.518665671348571777e-01
4.528421163558959961e-01
4.450836181640625000e-01
4.875225722789764404e-01
4.564326703548431396e-01
4.521064758300781250e-01
4.404087364673614502e-01
4.701223075389862061e-01
4.272016584873199463e-01
4.632326066493988037e-01
4.325246810913085938e-01
4.913340806961059570e-01
4.291542172431945801e-01
4.206211864948272705e-01
4.395116567611694336e-01
4.345864653587341309e-01
4.602551460266113281e-01
4.205311834812164307e-01
4.754627346992492676e-01
4.482369422912597656e-01
5.088107585906982422e-01
4.439946115016937256e-01
4.233081340789794922e-01
4.021612405776977539e-01
4.661893248558044434e-01
4.424343407154083252e-01
4.302401840686798096e-01
4.476568102836608887e-01
4.587152004241943359e-01
4.556476473808288574e-01
4.501294791698455811e-01
4.511758387088775635e-01
4.194827675819396973e-01
4.646260142326354980e-01
4.275920093059539795e-01
4.234385788440704346e-01
4.189219474792480469e-01
4.251157343387603760e-01
4.519694447517395020e-01
4.637636542320251465e-01
4.410026371479034424e-01
4.479151666164398193e-01
4.449486434459686279e-01
4.727559387683868408e-01
4.603511989116668701e-01
4.454753994941711426e-01
4.506643414497375488e-01
4.897330105304718018e-01
4.352434277534484863e-01
4.311220347881317139e-01
4.456303119659423828e-01
4.800785779953002930e-01
4.653753042221069336e-01
4.494646787643432617e-01
4.660997688770294189e-01
4.420269429683685303e-01
4.533118605613708496e-01
4.257386028766632080e-01
4.555068910121917725e-01
4.605312347412109375e-01
4.512250721454620361e-01
4.432646632194519043e-01
4.571557641029357910e-01
4.135645627975463867e-01
4.343395233154296875e-01
4.765478074550628662e-01
4.595517218112945557e-01
4.717702269554138184e-01
4.711659252643585205e-01
4.507063031196594238e-01
4.634385406970977783e-01
4.754965603351593018e-01
4.535550773143768311e-01
5.054888725280761719e-01
4.930670261383056641e-01
4.127553701400756836e-01
4.582437872886657715e-01
4.478076696395874023e-01
4.558042287826538086e-01
5.065430402755737305e-01
4.260642528533935547e-01
4.404197335243225098e-01
4.656413495540618896e-01
4.290454387664794922e-01
4.735921919345855713e-01
4.138107001781463623e-01
4.145784974098205566e-01
4.902588427066802979e-01
4.580658674240112305e-01
4.365115165710449219e-01
4.435749948024749756e-01
4.018276333808898926e-01
4.468084573745727539e-01
4.653693735599517822e-01
4.583797752857208252e-01
4.445217549800872803e-01
4.735642671585083008e-01
4.142474532127380371e-01
4.498226940631866455e-01
4.458396434783935547e-01
4.317884147167205811e-01
4.502780139446258545e-01
4.280225336551666260e-01
4.563964009284973145e-01
5.363918542861938477e-01
4.317347109317779541e-01
4.320910274982452393e-01
4.398608207702636719e-01
4.293421208858489990e-01
4.349314272403717041e-01
4.594863057136535645e-01
4.429868757724761963e-01
4.614648818969726562e-01
4.501015245914459229e-01
4.608579874038696289e-01
4.467429816722869873e-01
4.392864406108856201e-01
4.234775006771087646e-01
4.712921977043151855e-01
4.390899837017059326e-01
4.358543753623962402e-01
4.392358958721160889e-01
4.303407073020935059e-01
4.479900300502777100e-01
4.412287175655364990e-01
4.359055459499359131e-01
4.291445910930633545e-01
4.383456110954284668e-01
4.397513866424560547e-01
4.097992479801177979e-01
4.406961202621459961e-01
4.751380383968353271e-01
4.930808842182159424e-01
5.057204365730285645e-01
5.008514523506164551e-01
4.430728554725646973e-01
4.312622249126434326e-01
4.162926971912384033e-01
4.663835167884826660e-01
4.608787596225738525e-01
4.665832221508026123e-01
4.497523903846740723e-01
4.092320501804351807e-01
4.469733238220214844e-01
4.301370382308959961e-01
4.333171248435974121e-01
4.431822597980499268e-01
4.216418564319610596e-01
4.546143412590026855e-01
4.539235532283782959e-01
4.470749795436859131e-01
4.182872176170349121e-01
4.598690271377563477e-01
4.086793065071105957e-01
4.538819491863250732e-01
4.722370207309722900e-01
4.577651917934417725e-01
4.530994594097137451e-01
4.436668753623962402e-01
4.360851347446441650e-01
4.332308769226074219e-01
4.432027935981750488e-01
4.569424986839294434e-01
4.402430355548858643e-01
4.444009363651275635e-01
4.258163273334503174e-01
4.870622456073760986e-01
4.358841180801391602e-01
4.656308591365814209e-01
4.320994913578033447e-01
4.645071029663085938e-01
4.350604414939880371e-01
4.731329679489135742e-01
4.577011764049530029e-01
4.193180203437805176e-01
4.147934019565582275e-01
4.314486682415008545e-01
4.478968977928161621e-01
4.225539565086364746e-01
4.199236929416656494e-01
4.524981975555419922e-01
4.506388604640960693e-01
4.198841154575347900e-01
4.360646009445190430e-01
4.438603818416595459e-01
4.480368196964263916e-01
4.663182497024536133e-01
4.218237996101379395e-01
4.176732897758483887e-01
4.471731185913085938e-01
4.538927674293518066e-01
4.251519441604614258e-01
4.725319445133209229e-01
4.593431055545806885e-01
4.266894757747650146e-01
4.633491039276123047e-01
4.332193136215209961e-01
4.436822831630706787e-01
4.566366076469421387e-01
4.443411827087402344e-01
3.773213624954223633e-01
4.104311168193817139e-01
4.363945424556732178e-01
4.157729148864746094e-01
4.820950925350189209e-01
4.761269390583038330e-01
