3.746073544025421143e-01
3.880731761455535889e-01
3.785025179386138916e-01
3.662683963775634766e-01
3.949476480484008789e-01
3.713958859443664551e-01
3.353701829910278320e-01
3.395421206951141357e-01
3.396761417388916016e-01
3.994016051292419434e-01
3.214156925678253174e-01
3.042653203010559082e-01
2.836486697196960449e-01
2.809821367263793945e-01
2.892881035804748535e-01
3.796849846839904785e-01
3.617132306098937988e-01
4.005095660686492920e-01
4.439959228038787842e-01
4.018001556396484375e-01
4.294992089271545410e-01
4.017484188079833984e-01
4.025840759277343750e-01
4.025315046310424805e-01
4.005035161972045898e-01
4.005035161972045898e-01
4.047710895538330078e-01
3.966580331325531006e-01
3.222130835056304932e-01
3.338558673858642578e-01
2.931210994720458984e-01
3.307934403419494629e-01
3.005464076995849609e-01
3.684791922569274902e-01
3.563975095748901367e-01
3.797059655189514160e-01
4.179855585098266602e-01
3.575378656387329102e-01
3.615846931934356689e-01
3.616266846656799316e-01
3.748219311237335205e-01
3.705547749996185303e-01
3.487706482410430908e-01
3.180841207504272461e-01
2.803360223770141602e-01
3.258571326732635498e-01
2.801316678524017334e-01
3.238860964775085449e-01
2.800245881080627441e-01
2.791595757007598877e-01
3.257527947425842285e-01
3.257676362991333008e-01
3.752301335334777832e-01
3.603123724460601807e-01
3.154910206794738770e-01
3.303087651729583740e-01
3.394446969032287598e-01
3.431172370910644531e-01
3.431173264980316162e-01
3.323348164558410645e-01
3.435007929801940918e-01
3.394423127174377441e-01
3.348981738090515137e-01
3.110240101814270020e-01
3.087414503097534180e-01
3.452250361442565918e-01
2.863157987594604492e-01
3.106393218040466309e-01
3.532211184501647949e-01
3.761287331581115723e-01
3.764930665493011475e-01
4.005445837974548340e-01
4.280082881450653076e-01
4.250179529190063477e-01
4.250179529190063477e-01
4.167802631855010986e-01
4.056324064731597900e-01
4.250179529190063477e-01
4.027873277664184570e-01
4.334554672241210938e-01
4.350220263004302979e-01
4.388785958290100098e-01
4.404933154582977295e-01
4.421503543853759766e-01
4.377756118774414062e-01
4.307356476783752441e-01
4.343698024749755859e-01
4.331136345863342285e-01
4.390067160129547119e-01
4.363061189651489258e-01
4.401979148387908936e-01
4.396836459636688232e-01
4.326738417148590088e-01
4.410595893859863281e-01
4.276271164417266846e-01
4.410827159881591797e-01
4.295862317085266113e-01
4.396386146545410156e-01
4.250179529190063477e-01
4.042159020900726318e-01
4.329379796981811523e-01
4.290622770786285400e-01
4.272105097770690918e-01
4.250657260417938232e-01
4.255741834640502930e-01
4.258341789245605469e-01
4.256002604961395264e-01
4.260481297969818115e-01
4.252180457115173340e-01
4.251320958137512207e-01
4.028631448745727539e-01
4.006052613258361816e-01
4.032570421695709229e-01
4.006052613258361816e-01
4.008351564407348633e-01
4.769446253776550293e-01
4.005324840545654297e-01
4.005035161972045898e-01
4.005035161972045898e-01
4.036753177642822266e-01
4.005035161972045898e-01
4.005035161972045898e-01
4.037100970745086670e-01
4.096287488937377930e-01
4.005035161972045898e-01
4.005035161972045898e-01
4.013822972774505615e-01
4.013479948043823242e-01
3.887394070625305176e-01
3.671041429042816162e-01
3.868208527565002441e-01
3.863749206066131592e-01
3.857393264770507812e-01
3.901638090610504150e-01
4.006492495536804199e-01
3.879925608634948730e-01
3.877809643745422363e-01
3.918172717094421387e-01
3.876349329948425293e-01
3.717522323131561279e-01
3.992601037025451660e-01
4.005035161972045898e-01
4.310457110404968262e-01
4.005270898342132568e-01
4.241189062595367432e-01
4.005247950553894043e-01
4.776637554168701172e-01
4.005046486854553223e-01
4.005197882652282715e-01
4.005098044872283936e-01
4.005054831504821777e-01
3.913533687591552734e-01
3.997901976108551025e-01
4.009037017822265625e-01
4.354973733425140381e-01
4.006816148757934570e-01
4.250179529190063477e-01
4.250179529190063477e-01
4.250179529190063477e-01
4.250179529190063477e-01
4.250180423259735107e-01
4.308793842792510986e-01
4.310917258262634277e-01
4.307336211204528809e-01
4.450150132179260254e-01
4.269517362117767334e-01
4.279724657535552979e-01
4.251983165740966797e-01
4.250459969043731689e-01
4.281781315803527832e-01
4.254246950149536133e-01
4.250369966030120850e-01
4.268664717674255371e-01
4.397072494029998779e-01
4.287925958633422852e-01
4.258354306221008301e-01
4.780617952346801758e-01
4.250179529190063477e-01
4.321852326393127441e-01
4.291593432426452637e-01
4.567027688026428223e-01
4.253295063972473145e-01
4.506938159465789795e-01
4.252418875694274902e-01
4.499061703681945801e-01
4.291133880615234375e-01
4.264034032821655273e-01
4.272051453590393066e-01
4.278090000152587891e-01
4.499066770076751709e-01
4.251219630241394043e-01
4.255666732788085938e-01
4.258633255958557129e-01
4.307541251182556152e-01
4.285976290702819824e-01
4.276233911514282227e-01
4.344637691974639893e-01
4.377267658710479736e-01
4.332074522972106934e-01
4.250179529190063477e-01
4.250026941299438477e-01
4.328321814537048340e-01
4.257095754146575928e-01
4.005035161972045898e-01
4.250179529190063477e-01
4.250207543373107910e-01
4.250179529190063477e-01
4.250179529190063477e-01
4.250179529190063477e-01
4.094545543193817139e-01
3.681688308715820312e-01
3.440371751785278320e-01
4.005035161972045898e-01
4.009068310260772705e-01
4.023124873638153076e-01
4.109932780265808105e-01
4.149634242057800293e-01
4.249544143676757812e-01
4.250179529190063477e-01
4.107723832130432129e-01
4.250179529190063477e-01
4.082266092300415039e-01
4.250179529190063477e-01
4.250179529190063477e-01
3.866208195686340332e-01
4.250179529190063477e-01
2.644218504428863525e-01
4.250179529190063477e-01
4.178821444511413574e-01
4.250174462795257568e-01
4.162357151508331299e-01
4.250322282314300537e-01
4.250179529190063477e-01
4.250179529190063477e-01
4.079549908638000488e-01
3.591457605361938477e-01
4.081564545631408691e-01
4.041494131088256836e-01
4.106150865554809570e-01
4.061705470085144043e-01
4.250179529190063477e-01
4.045308232307434082e-01
4.250179529190063477e-01
4.229328632354736328e-01
4.171010255813598633e-01
4.122624993324279785e-01
4.186183810234069824e-01
4.046944677829742432e-01
4.190000593662261963e-01
4.136517047882080078e-01
4.250179529190063477e-01
4.049822688102722168e-01
4.005035161972045898e-01
4.026588499546051025e-01
4.237663745880126953e-01
3.831333518028259277e-01
3.487494885921478271e-01
4.037116169929504395e-01
4.031841456890106201e-01
4.003898799419403076e-01
4.041023850440979004e-01
4.040458500385284424e-01
4.017558693885803223e-01
4.025975763797760010e-01
4.425650835037231445e-01
4.439727365970611572e-01
4.005035161972045898e-01
4.015353322029113770e-01
4.385354518890380859e-01
4.208269715309143066e-01
3.756284117698669434e-01
4.093876779079437256e-01
4.126307964324951172e-01
4.259301126003265381e-01
4.173658490180969238e-01
4.171827435493469238e-01
4.148976504802703857e-01
4.334839284420013428e-01
4.321310222148895264e-01
4.394344985485076904e-01
4.243388175964355469e-01
4.150999784469604492e-01
4.132434725761413574e-01
4.132434725761413574e-01
4.124890565872192383e-01
4.129194021224975586e-01
4.379423260688781738e-01
4.123290479183197021e-01
3.945407867431640625e-01
3.187740445137023926e-01
3.688477575778961182e-01
3.344887495040893555e-01
4.028125405311584473e-01
4.037266671657562256e-01
4.357353448867797852e-01
4.480573832988739014e-01
4.499018192291259766e-01
4.089188873767852783e-01
4.015710949897766113e-01
4.272991418838500977e-01
4.005035161972045898e-01
4.005035161972045898e-01
4.005035161972045898e-01
4.005035161972045898e-01
4.005038440227508545e-01
4.053376913070678711e-01
3.680923581123352051e-01
3.524751067161560059e-01
4.053430855274200439e-01
2.480312287807464600e-01
2.483497858047485352e-01
2.492398619651794434e-01
3.825936913490295410e-01
3.994241654872894287e-01
4.224799871444702148e-01
3.875831365585327148e-01
4.293637275695800781e-01
2.484015524387359619e-01
2.483982443809509277e-01
2.583985924720764160e-01
3.318868875503540039e-01
2.758990526199340820e-01
4.277374446392059326e-01
4.264460504055023193e-01
4.086618721485137939e-01
3.294350504875183105e-01
3.590200543403625488e-01
3.564998507499694824e-01
3.693934977054595947e-01
4.521264135837554932e-01
4.087722897529602051e-01
2.700600922107696533e-01
4.499229788780212402e-01
4.499131441116333008e-01
2.479046583175659180e-01
2.482474744319915771e-01
2.482908964157104492e-01
2.482768297195434570e-01
3.554589748382568359e-01
4.170137345790863037e-01
2.898390889167785645e-01
2.673538327217102051e-01
4.223947227001190186e-01
4.499067962169647217e-01
4.258328080177307129e-01
4.532911181449890137e-01
3.562335968017578125e-01
3.916610479354858398e-01
4.011402726173400879e-01
4.440054595470428467e-01
3.825471699237823486e-01
3.824953436851501465e-01
3.817579150199890137e-01
3.974722027778625488e-01
3.950355052947998047e-01
4.005035161972045898e-01
4.250181317329406738e-01
4.250179529190063477e-01
3.732072412967681885e-01
4.005035161972045898e-01
4.005035161972045898e-01
4.005035161972045898e-01
4.005035161972045898e-01
4.092215001583099365e-01
4.005035161972045898e-01
4.179897308349609375e-01
4.013021290302276611e-01
4.005112349987030029e-01
4.005035161972045898e-01
4.251729547977447510e-01
4.005035161972045898e-01
4.005193114280700684e-01
3.897843360900878906e-01
4.021734893321990967e-01
3.821383416652679443e-01
2.603592574596405029e-01
2.588999271392822266e-01
2.484282255172729492e-01
2.497272491455078125e-01
2.727425098419189453e-01
3.639931380748748779e-01
2.496956586837768555e-01
3.381556272506713867e-01
3.700187206268310547e-01
3.037788867950439453e-01
3.034115433692932129e-01
3.024608492851257324e-01
3.018201589584350586e-01
2.816621363162994385e-01
2.494674623012542725e-01
2.676687240600585938e-01
3.277632594108581543e-01
3.493530154228210449e-01
4.072867333889007568e-01
3.980229496955871582e-01
3.943532407283782959e-01
3.945724368095397949e-01
3.941824734210968018e-01
4.056835472583770752e-01
2.871458530426025391e-01
3.939901292324066162e-01
3.870398998260498047e-01
3.802766203880310059e-01
3.998055458068847656e-01
2.777157425880432129e-01
2.613131105899810791e-01
2.522495687007904053e-01
2.602054476737976074e-01
2.587301731109619141e-01
2.830467820167541504e-01
2.497791647911071777e-01
3.010904788970947266e-01
3.918800950050354004e-01
3.932556509971618652e-01
3.982562422752380371e-01
4.176692366600036621e-01
3.605976700782775879e-01
2.983736395835876465e-01
4.007616937160491943e-01
4.261195659637451172e-01
4.251261651515960693e-01
4.821496009826660156e-01
4.264818131923675537e-01
4.499074816703796387e-01
4.250179529190063477e-01
4.276627004146575928e-01
4.250415265560150146e-01
4.423179328441619873e-01
4.250179529190063477e-01
4.416985809803009033e-01
4.405501484870910645e-01
4.024654030799865723e-01
4.098756015300750732e-01
4.105111062526702881e-01
4.383013546466827393e-01
3.382765650749206543e-01
3.549462258815765381e-01
3.446837663650512695e-01
4.005545973777770996e-01
3.959862589836120605e-01
3.994085192680358887e-01
4.437012970447540283e-01
4.005276262760162354e-01
4.007595777511596680e-01
4.430955648422241211e-01
3.974436521530151367e-01
4.250179529190063477e-01
3.832408189773559570e-01
4.080823063850402832e-01
4.368139505386352539e-01
4.027207195758819580e-01
4.250179529190063477e-01
4.154734015464782715e-01
4.405797421932220459e-01
4.018290042877197266e-01
4.242159128189086914e-01
3.346241712570190430e-01
4.292356967926025391e-01
4.259227514266967773e-01
3.725324273109436035e-01
4.332511126995086670e-01
3.826078176498413086e-01
3.952295780181884766e-01
3.565845191478729248e-01
3.989805579185485840e-01
4.617543220520019531e-01
3.173181712627410889e-01
4.173226952552795410e-01
3.810982704162597656e-01
3.466877937316894531e-01
4.014641940593719482e-01
4.250179529190063477e-01
3.468306064605712891e-01
3.571483492851257324e-01
4.043310582637786865e-01
4.005035161972045898e-01
4.289053678512573242e-01
4.289479851722717285e-01
4.005035161972045898e-01
4.005035161972045898e-01
4.261407256126403809e-01
4.005289673805236816e-01
4.499005973339080811e-01
4.170497059822082520e-01
4.452054798603057861e-01
4.406099319458007812e-01
4.250179529190063477e-01
4.478738307952880859e-01
4.052983820438385010e-01
4.317058324813842773e-01
4.372715055942535400e-01
3.847317993640899658e-01
4.045883417129516602e-01
4.005898237228393555e-01
4.415822327136993408e-01
4.005042016506195068e-01
4.329158663749694824e-01
4.267691373825073242e-01
3.979858458042144775e-01
4.739960730075836182e-01
4.005571305751800537e-01
4.006319642066955566e-01
4.042950570583343506e-01
3.826916217803955078e-01
3.987300097942352295e-01
4.005873501300811768e-01
4.345782995223999023e-01
3.793477416038513184e-01
3.328923583030700684e-01
3.787500560283660889e-01
3.791509866714477539e-01
3.767800331115722656e-01
4.017831981182098389e-01
3.581295013427734375e-01
3.962361216545104980e-01
3.801440000534057617e-01
3.802008330821990967e-01
3.801152110099792480e-01
3.717904686927795410e-01
4.006844162940979004e-01
3.596887588500976562e-01
4.440256953239440918e-01
4.046126008033752441e-01
3.352026939392089844e-01
4.172728657722473145e-01
4.005035161972045898e-01
3.420330882072448730e-01
4.250179529190063477e-01
3.862496316432952881e-01
4.005035161972045898e-01
4.233793616294860840e-01
3.539387285709381104e-01
3.825961947441101074e-01
3.828999698162078857e-01
4.005086421966552734e-01
4.405133128166198730e-01
4.007854461669921875e-01
4.383027255535125732e-01
4.432524442672729492e-01
4.225377142429351807e-01
4.317181706428527832e-01
4.280644655227661133e-01
4.250179529190063477e-01
4.511618912220001221e-01
4.539225101470947266e-01
4.424031972885131836e-01
4.499619007110595703e-01
4.499067962169647217e-01
4.466494917869567871e-01
4.250179529190063477e-01
4.478169381618499756e-01
4.499386250972747803e-01
4.556907713413238525e-01
4.507136344909667969e-01
4.499025344848632812e-01
4.829048514366149902e-01
4.364675283432006836e-01
4.499068558216094971e-01
4.250704348087310791e-01
4.475633502006530762e-01
4.487714767456054688e-01
4.619864225387573242e-01
4.272837638854980469e-01
4.281983077526092529e-01
4.250179529190063477e-01
4.284251630306243896e-01
4.334344863891601562e-01
4.260161519050598145e-01
4.271364808082580566e-01
4.313389658927917480e-01
4.263790249824523926e-01
4.007930755615234375e-01
4.323396682739257812e-01
4.328350126743316650e-01
4.097028076648712158e-01
4.081379771232604980e-01
4.250179529190063477e-01
4.250179529190063477e-01
4.362013339996337891e-01
4.357965886592864990e-01
4.301306009292602539e-01
4.259643256664276123e-01
4.336616098880767822e-01
4.273666143417358398e-01
4.257762730121612549e-01
4.250858724117279053e-01
4.371443986892700195e-01
4.255638122558593750e-01
4.362490177154541016e-01
4.250179529190063477e-01
4.294790625572204590e-01
4.319167733192443848e-01
4.328002035617828369e-01
4.560958147048950195e-01
4.250850677490234375e-01
4.252731800079345703e-01
4.250179529190063477e-01
4.250179529190063477e-01
4.250179529190063477e-01
4.509424269199371338e-01
4.336856901645660400e-01
4.393079876899719238e-01
4.285959005355834961e-01
4.615737497806549072e-01
4.272604584693908691e-01
4.254319667816162109e-01
4.250179529190063477e-01
4.258595108985900879e-01
4.014995992183685303e-01
4.005106687545776367e-01
4.050583839416503906e-01
4.496710002422332764e-01
4.030368924140930176e-01
4.005035161972045898e-01
4.255416691303253174e-01
4.005414843559265137e-01
4.316774904727935791e-01
4.268775582313537598e-01
4.372822046279907227e-01
4.383558332920074463e-01
4.579411447048187256e-01
4.251006245613098145e-01
4.265923500061035156e-01
4.290995895862579346e-01
3.996260166168212891e-01
3.915079534053802490e-01
4.007047116756439209e-01
3.667173385620117188e-01
4.126521944999694824e-01
4.250179529190063477e-01
4.251834154129028320e-01
4.250459671020507812e-01
4.179971814155578613e-01
4.257969856262207031e-01
4.265636801719665527e-01
4.319584667682647705e-01
4.499022066593170166e-01
4.005050659179687500e-01
4.138088226318359375e-01
4.338794946670532227e-01
4.600925147533416748e-01
4.427375793457031250e-01
4.264212250709533691e-01
4.703611135482788086e-01
4.371479451656341553e-01
4.147127866744995117e-01
4.283444583415985107e-01
4.121331572532653809e-01
4.328510761260986328e-01
4.499065279960632324e-01
4.005148410797119141e-01
4.368284940719604492e-01
4.005136489868164062e-01
4.005035161972045898e-01
4.005035459995269775e-01
4.316071867942810059e-01
4.255529046058654785e-01
4.569250047206878662e-01
4.297469854354858398e-01
4.487442672252655029e-01
4.005143642425537109e-01
4.005089104175567627e-01
4.305121898651123047e-01
4.501390159130096436e-01
4.310601055622100830e-01
4.499015212059020996e-01
4.466172456741333008e-01
4.492600262165069580e-01
4.556664824485778809e-01
4.499007761478424072e-01
4.499061405658721924e-01
4.005685448646545410e-01
4.005048274993896484e-01
4.316878020763397217e-01
4.005147516727447510e-01
4.005036652088165283e-01
4.255495667457580566e-01
4.276681542396545410e-01
4.273356795310974121e-01
4.008036851882934570e-01
4.005035161972045898e-01
4.122491478919982910e-01
3.815920948982238770e-01
4.005035161972045898e-01
3.374968767166137695e-01
3.909454047679901123e-01
2.939730584621429443e-01
4.005035161972045898e-01
3.437401056289672852e-01
2.912068068981170654e-01
4.005411565303802490e-01
4.250179529190063477e-01
4.022940695285797119e-01
4.499067068099975586e-01
4.390327930450439453e-01
4.089470505714416504e-01
4.499054551124572754e-01
4.587520062923431396e-01
4.497123062610626221e-01
3.354290723800659180e-01
4.019401669502258301e-01
4.638556241989135742e-01
4.333529174327850342e-01
3.990888595581054688e-01
4.177074730396270752e-01
4.706927537918090820e-01
3.453586101531982422e-01
3.967649936676025391e-01
4.005035161972045898e-01
4.376086592674255371e-01
3.872495591640472412e-01
3.673342466354370117e-01
3.332277238368988037e-01
3.861279785633087158e-01
3.969873189926147461e-01
3.800882697105407715e-01
4.249111413955688477e-01
3.401332497596740723e-01
3.344486057758331299e-01
2.799147367477416992e-01
3.321169018745422363e-01
3.718225955963134766e-01
2.882671952247619629e-01
4.005035161972045898e-01
4.250179529190063477e-01
3.808851242065429688e-01
3.474617600440979004e-01
3.932981491088867188e-01
4.256117343902587891e-01
3.916200399398803711e-01
4.267050325870513916e-01
3.986025750637054443e-01
4.019247293472290039e-01
4.250179529190063477e-01
3.918263018131256104e-01
3.390063643455505371e-01
3.364785313606262207e-01
3.368446230888366699e-01
3.341870307922363281e-01
2.532906532287597656e-01
4.250179529190063477e-01
3.748424351215362549e-01
2.771640419960021973e-01
2.604827582836151123e-01
4.311714768409729004e-01
4.362682998180389404e-01
4.294649064540863037e-01
4.389672875404357910e-01
4.499233365058898926e-01
4.261422157287597656e-01
4.284677207469940186e-01
4.005035161972045898e-01
4.307024478912353516e-01
4.250179529190063477e-01
4.359867870807647705e-01
4.258381128311157227e-01
4.005035161972045898e-01
4.012398421764373779e-01
4.253248572349548340e-01
3.896265029907226562e-01
3.941584527492523193e-01
4.007672667503356934e-01
4.374005198478698730e-01
4.371498823165893555e-01
4.250179529190063477e-01
4.262131154537200928e-01
4.296979308128356934e-01
4.257281422615051270e-01
4.250188171863555908e-01
3.979323208332061768e-01
3.957045674324035645e-01
4.232298731803894043e-01
3.589871525764465332e-01
4.293017983436584473e-01
3.796943426132202148e-01
3.923026323318481445e-01
4.016442000865936279e-01
3.914451003074645996e-01
3.831616342067718506e-01
4.250179529190063477e-01
3.846858143806457520e-01
3.425091505050659180e-01
3.563768267631530762e-01
3.460639715194702148e-01
3.839054703712463379e-01
4.006122946739196777e-01
3.983315229415893555e-01
4.250179529190063477e-01
3.843004107475280762e-01
3.958081007003784180e-01
3.867304325103759766e-01
3.366201519966125488e-01
4.250179529190063477e-01
4.250179529190063477e-01
4.010135531425476074e-01
4.357939660549163818e-01
3.369971811771392822e-01
3.562996983528137207e-01
3.341574668884277344e-01
3.698197007179260254e-01
3.350029587745666504e-01
3.721033334732055664e-01
3.789383769035339355e-01
3.896037638187408447e-01
4.250181913375854492e-01
3.828223645687103271e-01
3.784103393554687500e-01
4.005035161972045898e-01
4.005035161972045898e-01
4.250179529190063477e-01
3.964193463325500488e-01
4.439797401428222656e-01
3.829634189605712891e-01
3.903187513351440430e-01
3.815217912197113037e-01
4.007855057716369629e-01
4.023264646530151367e-01
4.048492908477783203e-01
4.010675549507141113e-01
4.428674578666687012e-01
4.005035161972045898e-01
4.256026744842529297e-01
4.010250270366668701e-01
4.009310007095336914e-01
4.398004114627838135e-01
4.048204421997070312e-01
4.259648919105529785e-01
3.886081874370574951e-01
4.061702191829681396e-01
3.870504796504974365e-01
4.070649445056915283e-01
4.010089635848999023e-01
4.250179529190063477e-01
3.434963524341583252e-01
3.750355839729309082e-01
3.564054965972900391e-01
3.448687791824340820e-01
3.968673050403594971e-01
3.474313020706176758e-01
3.823059201240539551e-01
3.846086859703063965e-01
3.841455578804016113e-01
4.006643891334533691e-01
3.834812045097351074e-01
3.986566662788391113e-01
3.919954895973205566e-01
3.391865789890289307e-01
3.858029842376708984e-01
3.852256238460540771e-01
3.791363537311553955e-01
3.663221001625061035e-01
3.953053057193756104e-01
3.862112760543823242e-01
3.870727419853210449e-01
4.014395177364349365e-01
4.006011784076690674e-01
4.179501533508300781e-01
4.030415117740631104e-01
4.019312858581542969e-01
3.678202033042907715e-01
4.250179529190063477e-01
3.939536213874816895e-01
3.805941939353942871e-01
4.032768905162811279e-01
4.088034033775329590e-01
4.250179529190063477e-01
3.789334595203399658e-01
3.727595210075378418e-01
4.252097606658935547e-01
3.982148766517639160e-01
4.297648668289184570e-01
4.346413612365722656e-01
4.379359781742095947e-01
4.312314987182617188e-01
4.499067962169647217e-01
4.161164760589599609e-01
3.985206484794616699e-01
4.488470554351806641e-01
4.641826748847961426e-01
4.252690076828002930e-01
4.005349874496459961e-01
4.013392925262451172e-01
4.006725847721099854e-01
4.016771614551544189e-01
4.342846274375915527e-01
3.950133621692657471e-01
4.016196727752685547e-01
4.235494136810302734e-01
3.508192896842956543e-01
3.878527879714965820e-01
4.228220582008361816e-01
3.839108347892761230e-01
4.005035161972045898e-01
3.664621710777282715e-01
3.845561146736145020e-01
3.775915503501892090e-01
3.972464203834533691e-01
3.846701085567474365e-01
3.854403793811798096e-01
4.073453545570373535e-01
3.900468349456787109e-01
4.250179529190063477e-01
3.920705914497375488e-01
3.827641308307647705e-01
4.009191989898681641e-01
4.250179529190063477e-01
4.041462540626525879e-01
3.968366384506225586e-01
3.881825804710388184e-01
3.996978998184204102e-01
4.009750485420227051e-01
4.250179529190063477e-01
4.005633294582366943e-01
4.250179529190063477e-01
4.252631664276123047e-01
4.451230764389038086e-01
4.253983199596405029e-01
4.005046784877777100e-01
4.013354480266571045e-01
4.005314111709594727e-01
4.109381139278411865e-01
4.334014654159545898e-01
4.354959428310394287e-01
4.027724266052246094e-01
4.391774833202362061e-01
4.275998473167419434e-01
4.267049431800842285e-01
4.251236319541931152e-01
4.250422120094299316e-01
4.271044433116912842e-01
4.349186420440673828e-01
4.250179529190063477e-01
4.337258040904998779e-01
4.250330924987792969e-01
4.262063503265380859e-01
4.406040310859680176e-01
4.250179529190063477e-01
4.483994245529174805e-01
4.526996612548828125e-01
4.454303383827209473e-01
4.259284436702728271e-01
4.266619682312011719e-01
4.373750984668731689e-01
4.267787337303161621e-01
4.266254901885986328e-01
4.371655285358428955e-01
4.294990301132202148e-01
4.356437325477600098e-01
4.258556663990020752e-01
4.315207898616790771e-01
4.335059523582458496e-01
4.333669543266296387e-01
4.365096092224121094e-01
4.250462353229522705e-01
4.250179529190063477e-01
4.311269223690032959e-01
4.005035161972045898e-01
4.276977181434631348e-01
4.250179529190063477e-01
4.381908476352691650e-01
4.401690959930419922e-01
3.987398445606231689e-01
4.373468458652496338e-01
4.250179529190063477e-01
4.306241571903228760e-01
4.357927143573760986e-01
4.434342086315155029e-01
4.379291236400604248e-01
4.439718127250671387e-01
4.385909140110015869e-01
4.250179529190063477e-01
4.470015764236450195e-01
4.279759824275970459e-01
4.253089725971221924e-01
4.253394007682800293e-01
4.378719627857208252e-01
4.483200907707214355e-01
4.456519782543182373e-01
4.311617314815521240e-01
4.321187436580657959e-01
4.312206506729125977e-01
4.018791317939758301e-01
4.005035459995269775e-01
4.276875257492065430e-01
4.321099221706390381e-01
4.266531765460968018e-01
4.272200763225555420e-01
4.481407701969146729e-01
4.250179529190063477e-01
4.358209669589996338e-01
4.267656505107879639e-01
4.797559976577758789e-01
4.264376163482666016e-01
4.293864369392395020e-01
4.250179529190063477e-01
4.284470975399017334e-01
4.252844452857971191e-01
4.255003333091735840e-01
4.313279986381530762e-01
4.354389607906341553e-01
4.412812590599060059e-01
4.320394396781921387e-01
4.413648247718811035e-01
4.269000291824340820e-01
4.357641339302062988e-01
4.005035161972045898e-01
4.007208943367004395e-01
4.009149074554443359e-01
4.250658750534057617e-01
4.259440600872039795e-01
4.013085663318634033e-01
4.331265389919281006e-01
4.252233803272247314e-01
4.051389098167419434e-01
4.250179529190063477e-01
4.137426614761352539e-01
4.250179529190063477e-01
4.250179529190063477e-01
4.438368678092956543e-01
3.952717781066894531e-01
4.013637602329254150e-01
4.251765310764312744e-01
4.250184297561645508e-01
4.250179529190063477e-01
4.014032483100891113e-01
4.395964443683624268e-01
4.364408850669860840e-01
3.971843421459197998e-01
4.104650914669036865e-01
4.386998414993286133e-01
4.438661038875579834e-01
4.106524288654327393e-01
4.111026525497436523e-01
4.252898395061492920e-01
4.353069663047790527e-01
4.377089142799377441e-01
4.311602413654327393e-01
4.028856754302978516e-01
4.269161820411682129e-01
4.250179529190063477e-01
4.005035161972045898e-01
4.019546508789062500e-01
4.255815148353576660e-01
4.186761379241943359e-01
4.250179529190063477e-01
4.039967656135559082e-01
3.947308659553527832e-01
4.161103665828704834e-01
4.127998352050781250e-01
4.098421037197113037e-01
4.270551800727844238e-01
4.296007454395294189e-01
4.263573884963989258e-01
4.250179529190063477e-01
4.261880815029144287e-01
4.057652056217193604e-01
4.250728189945220947e-01
4.250179529190063477e-01
3.572841882705688477e-01
3.660364747047424316e-01
3.710962235927581787e-01
3.864624500274658203e-01
3.864902257919311523e-01
3.845689594745635986e-01
3.864355683326721191e-01
3.869209289550781250e-01
3.973941206932067871e-01
4.009816944599151611e-01
4.250179529190063477e-01
4.250179529190063477e-01
3.878505825996398926e-01
3.791272044181823730e-01
3.480714559555053711e-01
4.231855869293212891e-01
4.193569719791412354e-01
4.091362953186035156e-01
4.172230362892150879e-01
3.921478092670440674e-01
3.733243644237518311e-01
3.696686327457427979e-01
3.947153091430664062e-01
3.768726587295532227e-01
3.968701362609863281e-01
3.871234953403472900e-01
3.961000442504882812e-01
4.017078876495361328e-01
4.017194211483001709e-01
4.354083240032196045e-01
4.365682601928710938e-01
4.254654943943023682e-01
4.405404031276702881e-01
4.081149697303771973e-01
3.599328696727752686e-01
4.005035161972045898e-01
4.061412215232849121e-01
4.256220459938049316e-01
4.250179529190063477e-01
4.251260757446289062e-01
4.188720583915710449e-01
4.013288617134094238e-01
4.409000873565673828e-01
3.816229104995727539e-01
3.911170661449432373e-01
4.250179529190063477e-01
4.070431888103485107e-01
4.210985302925109863e-01
4.010673463344573975e-01
4.438592493534088135e-01
4.281907975673675537e-01
4.252336025238037109e-01
4.359155297279357910e-01
4.142164289951324463e-01
4.259276986122131348e-01
4.558137655258178711e-01
4.250179529190063477e-01
4.251535236835479736e-01
4.390763938426971436e-01
4.350885152816772461e-01
4.111410677433013916e-01
4.172042012214660645e-01
4.250647425651550293e-01
3.963611721992492676e-01
4.250535666942596436e-01
4.277986884117126465e-01
4.018394351005554199e-01
4.250179529190063477e-01
3.987837433815002441e-01
4.250179529190063477e-01
4.190676212310791016e-01
4.250179529190063477e-01
4.390981495380401611e-01
3.894031941890716553e-01
4.250179529190063477e-01
4.250179529190063477e-01
4.410118460655212402e-01
4.434714615345001221e-01
4.011282324790954590e-01
4.113027155399322510e-01
4.010819196701049805e-01
4.011234641075134277e-01
4.440058469772338867e-01
4.133414030075073242e-01
4.034377932548522949e-01
4.250179529190063477e-01
4.081768989562988281e-01
4.106708168983459473e-01
4.250179529190063477e-01
4.250179529190063477e-01
3.555879592895507812e-01
4.250179529190063477e-01
3.923141956329345703e-01
4.005035161972045898e-01
4.250532090663909912e-01
4.250179529190063477e-01
3.428008854389190674e-01
4.250179529190063477e-01
3.960859179496765137e-01
4.007561206817626953e-01
4.007122814655303955e-01
4.440005421638488770e-01
4.035822749137878418e-01
3.431677818298339844e-01
3.956370353698730469e-01
4.009029269218444824e-01
4.009580910205841064e-01
4.250179529190063477e-01
4.250179529190063477e-01
4.238381087779998779e-01
4.056587219238281250e-01
4.091582000255584717e-01
4.250232279300689697e-01
4.188396036624908447e-01
4.250179529190063477e-01
3.696734011173248291e-01
3.728571534156799316e-01
3.792399466037750244e-01
4.135296642780303955e-01
4.007542729377746582e-01
4.067240357398986816e-01
4.250179529190063477e-01
4.250179529190063477e-01
4.008987247943878174e-01
4.019288718700408936e-01
4.109921455383300781e-01
4.305902421474456787e-01
4.224674105644226074e-01
4.269936680793762207e-01
4.409907162189483643e-01
4.258205592632293701e-01
4.295839369297027588e-01
4.307593107223510742e-01
4.300315976142883301e-01
4.437180161476135254e-01
4.259662032127380371e-01
4.250179529190063477e-01
4.448747634887695312e-01
4.415931105613708496e-01
4.326531589031219482e-01
4.017686843872070312e-01
4.005035161972045898e-01
4.453595876693725586e-01
4.053146839141845703e-01
4.034931063652038574e-01
4.305759966373443604e-01
4.353891909122467041e-01
4.621192812919616699e-01
4.277074337005615234e-01
4.356593787670135498e-01
4.250179529190063477e-01
4.252273142337799072e-01
4.126504659652709961e-01
4.256958961486816406e-01
4.250179529190063477e-01
4.262988865375518799e-01
4.300196766853332520e-01
4.250179529190063477e-01
4.250179529190063477e-01
4.370279312133789062e-01
4.300218224525451660e-01
4.253088235855102539e-01
4.257482886314392090e-01
4.599514603614807129e-01
4.252792000770568848e-01
4.420657753944396973e-01
4.366171360015869141e-01
4.279598593711853027e-01
4.369876980781555176e-01
4.435812830924987793e-01
4.360142350196838379e-01
4.332846999168395996e-01
4.386223852634429932e-01
4.005035161972045898e-01
4.269329309463500977e-01
4.322803020477294922e-01
4.109851121902465820e-01
4.383178353309631348e-01
4.251861274242401123e-01
4.250179529190063477e-01
4.532261788845062256e-01
4.149332642555236816e-01
4.304597973823547363e-01
3.991017341613769531e-01
4.265142083168029785e-01
4.303023815155029297e-01
4.817869067192077637e-01
4.335034191608428955e-01
4.534315168857574463e-01
4.266269803047180176e-01
4.475875496864318848e-01
4.251314699649810791e-01
4.277822077274322510e-01
4.286096394062042236e-01
4.005035161972045898e-01
4.250179529190063477e-01
4.264024794101715088e-01
4.397907853126525879e-01
4.250179529190063477e-01
4.143482446670532227e-01
4.250179529190063477e-01
4.076440632343292236e-01
4.107815027236938477e-01
4.250179529190063477e-01
4.023335278034210205e-01
4.381882846355438232e-01
4.250179529190063477e-01
4.322712123394012451e-01
4.013637900352478027e-01
4.439845979213714600e-01
4.005035161972045898e-01
4.250179529190063477e-01
4.342523217201232910e-01
4.440484642982482910e-01
4.014718532562255859e-01
4.439118802547454834e-01
4.250179529190063477e-01
4.231040179729461670e-01
4.241832792758941650e-01
4.028286337852478027e-01
4.015489816665649414e-01
4.021206498146057129e-01
4.138944149017333984e-01
4.095814526081085205e-01
4.438385367393493652e-01
3.820759356021881104e-01
3.975771367549896240e-01
4.005035161972045898e-01
4.016153514385223389e-01
4.152092933654785156e-01
4.050978720188140869e-01
4.030598104000091553e-01
4.359545707702636719e-01
4.250179529190063477e-01
4.320475459098815918e-01
4.250179529190063477e-01
3.896769285202026367e-01
3.374339342117309570e-01
4.250179529190063477e-01
3.843467235565185547e-01
4.124974012374877930e-01
3.360061347484588623e-01
4.227696061134338379e-01
4.552491903305053711e-01
4.250179529190063477e-01
4.067145884037017822e-01
4.225729107856750488e-01
4.011839032173156738e-01
4.374568760395050049e-01
4.334767758846282959e-01
4.354505836963653564e-01
4.389997124671936035e-01
4.250179529190063477e-01
4.251979291439056396e-01
4.250179529190063477e-01
4.250179529190063477e-01
4.273450672626495361e-01
4.255253970623016357e-01
4.251304268836975098e-01
4.354514777660369873e-01
4.250179529190063477e-01
4.261472225189208984e-01
4.251105785369873047e-01
4.250652194023132324e-01
4.266989827156066895e-01
4.257356226444244385e-01
4.266496002674102783e-01
4.250179529190063477e-01
4.275359213352203369e-01
4.250202775001525879e-01
4.262734055519104004e-01
4.310920238494873047e-01
4.253953993320465088e-01
4.327880144119262695e-01
4.251839518547058105e-01
4.250455200672149658e-01
4.391786456108093262e-01
4.250179529190063477e-01
4.242077767848968506e-01
4.005035161972045898e-01
3.870098590850830078e-01
4.005035161972045898e-01
4.007990360260009766e-01
4.250179529190063477e-01
4.306011497974395752e-01
4.250179529190063477e-01
4.327058196067810059e-01
4.005035161972045898e-01
4.278443455696105957e-01
4.250179529190063477e-01
4.224682450294494629e-01
4.120720624923706055e-01
4.030299186706542969e-01
4.127172827720642090e-01
4.191727042198181152e-01
4.441937506198883057e-01
4.024204015731811523e-01
4.311490952968597412e-01
4.250179529190063477e-01
3.126454055309295654e-01
4.250179529190063477e-01
4.250179529190063477e-01
4.250179529190063477e-01
3.344861268997192383e-01
4.095564484596252441e-01
3.466089367866516113e-01
3.992739617824554443e-01
3.707740902900695801e-01
3.897997140884399414e-01
4.435462057590484619e-01
3.858808279037475586e-01
4.092639684677124023e-01
4.250179529190063477e-01
4.439544975757598877e-01
4.439954161643981934e-01
4.439806044101715088e-01
4.343481659889221191e-01
4.487419128417968750e-01
4.009832441806793213e-01
4.010074138641357422e-01
4.265980124473571777e-01
4.250179529190063477e-01
4.250179529190063477e-01
3.846701085567474365e-01
3.471347093582153320e-01
3.983647227287292480e-01
4.250179529190063477e-01
4.005035161972045898e-01
4.250179529190063477e-01
4.304210245609283447e-01
4.005035161972045898e-01
4.007305502891540527e-01
4.347232580184936523e-01
4.251135587692260742e-01
4.251188635826110840e-01
4.250179529190063477e-01
4.005035758018493652e-01
4.006128907203674316e-01
4.048350155353546143e-01
4.250179529190063477e-01
4.250179529190063477e-01
4.261904954910278320e-01
4.573041200637817383e-01
4.250179529190063477e-01
4.638141393661499023e-01
4.290794134140014648e-01
4.499067962169647217e-01
4.499029517173767090e-01
4.499128162860870361e-01
4.339665770530700684e-01
4.263631701469421387e-01
4.831206500530242920e-01
4.457833170890808105e-01
4.260207414627075195e-01
4.325522482395172119e-01
4.044409692287445068e-01
4.250179529190063477e-01
4.820510149002075195e-01
4.005309939384460449e-01
4.030219316482543945e-01
4.222205281257629395e-01
4.007639288902282715e-01
4.256071746349334717e-01
4.394768476486206055e-01
4.563738703727722168e-01
4.341062009334564209e-01
4.484323561191558838e-01
4.458275735378265381e-01
4.314967393875122070e-01
4.390918314456939697e-01
4.400862157344818115e-01
4.348804950714111328e-01
4.250179529190063477e-01
4.296984672546386719e-01
4.260577559471130371e-01
4.629553854465484619e-01
4.644428491592407227e-01
4.391897022724151611e-01
4.538023471832275391e-01
4.380285143852233887e-01
4.455729722976684570e-01
4.440290927886962891e-01
4.423080086708068848e-01
4.470349550247192383e-01
4.253075718879699707e-01
4.262017011642456055e-01
4.543184340000152588e-01
4.458751678466796875e-01
4.010590612888336182e-01
4.005058109760284424e-01
4.325491487979888916e-01
4.284364581108093262e-01
4.258370101451873779e-01
4.331016838550567627e-01
4.289292097091674805e-01
4.262109100818634033e-01
4.258584678173065186e-01
4.273345768451690674e-01
4.462515413761138916e-01
4.281088709831237793e-01
4.250645339488983154e-01
4.220457971096038818e-01
4.269074499607086182e-01
4.330865740776062012e-01
4.005035459995269775e-01
4.005089104175567627e-01
4.284829497337341309e-01
4.006592631340026855e-01
4.134244620800018311e-01
4.280432462692260742e-01
4.491424560546875000e-01
4.483947455883026123e-01
4.277418851852416992e-01
4.393314719200134277e-01
4.261563122272491455e-01
4.520667791366577148e-01
4.259114265441894531e-01
4.250827431678771973e-01
4.342988133430480957e-01
4.251642227172851562e-01
4.576238989830017090e-01
4.596117734909057617e-01
4.385740458965301514e-01
4.250179529190063477e-01
4.499067366123199463e-01
4.401130080223083496e-01
4.337786436080932617e-01
4.286467730998992920e-01
4.567498862743377686e-01
4.579797387123107910e-01
4.327021241188049316e-01
4.250179529190063477e-01
4.296693503856658936e-01
4.250179529190063477e-01
4.250179529190063477e-01
4.504220485687255859e-01
4.379765391349792480e-01
4.329645633697509766e-01
4.262687265872955322e-01
4.258340597152709961e-01
4.250524044036865234e-01
4.250179529190063477e-01
4.274079501628875732e-01
4.273547530174255371e-01
4.341783225536346436e-01
4.499062597751617432e-01
4.499067664146423340e-01
4.364316165447235107e-01
4.250179529190063477e-01
4.264909029006958008e-01
4.250179529190063477e-01
4.250179529190063477e-01
4.411504268646240234e-01
4.250197112560272217e-01
4.250179529190063477e-01
4.250179529190063477e-01
4.494391679763793945e-01
4.347059726715087891e-01
4.499067664146423340e-01
4.829011857509613037e-01
4.149373173713684082e-01
4.317791461944580078e-01
4.364303350448608398e-01
4.458584487438201904e-01
4.499043226242065430e-01
4.005035459995269775e-01
4.005035161972045898e-01
4.434670507907867432e-01
4.613186419010162354e-01
4.006153345108032227e-01
4.262249767780303955e-01
4.250400364398956299e-01
3.992075622081756592e-01
4.257636070251464844e-01
4.285363554954528809e-01
4.005575776100158691e-01
4.342814683914184570e-01
3.358039259910583496e-01
4.005035161972045898e-01
4.250179529190063477e-01
4.250179529190063477e-01
3.844574391841888428e-01
4.005401730537414551e-01
4.204048812389373779e-01
4.250179529190063477e-01
4.005035161972045898e-01
4.250179529190063477e-01
4.499073028564453125e-01
4.174957871437072754e-01
4.005035161972045898e-01
4.385137856006622314e-01
4.431017041206359863e-01
4.250411093235015869e-01
4.478910267353057861e-01
4.250179529190063477e-01
4.296937584877014160e-01
4.775413572788238525e-01
4.373683333396911621e-01
4.250179529190063477e-01
4.250179529190063477e-01
4.136504530906677246e-01
4.217521548271179199e-01
3.435134291648864746e-01
4.025612771511077881e-01
4.460653066635131836e-01
3.751405775547027588e-01
4.270863234996795654e-01
4.799300730228424072e-01
4.366425871849060059e-01
4.105141758918762207e-01
4.496993422508239746e-01
4.213866591453552246e-01
4.269002377986907959e-01
4.250530004501342773e-01
4.320378601551055908e-01
4.499059915542602539e-01
4.308950304985046387e-01
4.350732266902923584e-01
4.035385847091674805e-01
4.267038106918334961e-01
4.112834930419921875e-01
4.005035161972045898e-01
4.254660010337829590e-01
3.962061405181884766e-01
4.301237463951110840e-01
4.783993959426879883e-01
4.317992627620697021e-01
4.514721035957336426e-01
4.261731505393981934e-01
4.516353607177734375e-01
4.121489822864532471e-01
4.341828227043151855e-01
4.250179529190063477e-01
4.356922507286071777e-01
4.452024102210998535e-01
4.504423439502716064e-01
4.316225945949554443e-01
4.500631093978881836e-01
4.513703286647796631e-01
4.464089870452880859e-01
4.282929599285125732e-01
4.484789669513702393e-01
4.316254258155822754e-01
4.315357208251953125e-01
4.250179529190063477e-01
4.252212345600128174e-01
4.375456571578979492e-01
4.005035161972045898e-01
4.378305077552795410e-01
4.382897019386291504e-01
4.250179529190063477e-01
4.321989119052886963e-01
4.316594004631042480e-01
4.349278807640075684e-01
4.250179529190063477e-01
4.292684197425842285e-01
4.250179529190063477e-01
4.386631846427917480e-01
4.253506958484649658e-01
3.944842815399169922e-01
4.109180867671966553e-01
4.238438606262207031e-01
3.784372210502624512e-01
3.079491257667541504e-01
3.802140653133392334e-01
4.202333986759185791e-01
4.499056935310363770e-01
4.250179529190063477e-01
3.858483433723449707e-01
3.337246179580688477e-01
3.508078753948211670e-01
4.100015461444854736e-01
3.590018153190612793e-01
4.007433354854583740e-01
4.162676334381103516e-01
3.415316045284271240e-01
4.250179529190063477e-01
4.206845760345458984e-01
4.028154909610748291e-01
4.250179529190063477e-01
4.300673007965087891e-01
4.253326654434204102e-01
4.177438020706176758e-01
4.257080554962158203e-01
4.280681014060974121e-01
4.081391692161560059e-01
4.303926527500152588e-01
4.005035161972045898e-01
4.278999567031860352e-01
4.240616559982299805e-01
4.345330297946929932e-01
4.308705031871795654e-01
4.250179529190063477e-01
4.546579718589782715e-01
4.554390013217926025e-01
4.269718229770660400e-01
4.252060055732727051e-01
4.508008360862731934e-01
4.508647918701171875e-01
4.064837992191314697e-01
4.268173575401306152e-01
4.276670813560485840e-01
4.508978724479675293e-01
4.343731999397277832e-01
2.868940532207489014e-01
4.271752238273620605e-01
4.252451658248901367e-01
4.256167113780975342e-01
4.250179529190063477e-01
4.251173734664916992e-01
4.311732649803161621e-01
4.250179529190063477e-01
4.278323352336883545e-01
4.408966600894927979e-01
4.268931746482849121e-01
4.251143336296081543e-01
4.255132973194122314e-01
4.269273877143859863e-01
4.250179529190063477e-01
4.371466636657714844e-01
4.459501206874847412e-01
4.320079088211059570e-01
4.102231860160827637e-01
4.197266697883605957e-01
4.261208176612854004e-01
4.005039334297180176e-01
4.019915461540222168e-01
4.250179529190063477e-01
4.005035161972045898e-01
4.250179529190063477e-01
4.250179529190063477e-01
4.250179529190063477e-01
4.020387530326843262e-01
4.026829600334167480e-01
4.250179529190063477e-01
4.058347344398498535e-01
4.210952520370483398e-01
4.250331223011016846e-01
4.006835222244262695e-01
4.068517088890075684e-01
4.250179529190063477e-01
4.398877322673797607e-01
4.039790630340576172e-01
4.250179529190063477e-01
4.226240217685699463e-01
4.250179529190063477e-01
4.007590115070343018e-01
4.406447410583496094e-01
4.394339025020599365e-01
4.053734838962554932e-01
4.265136122703552246e-01
4.250179529190063477e-01
4.329800009727478027e-01
4.424548745155334473e-01
4.289489090442657471e-01
4.091027975082397461e-01
3.944217562675476074e-01
4.005035161972045898e-01
4.273302555084228516e-01
4.332661628723144531e-01
4.005035161972045898e-01
4.005035161972045898e-01
4.015247523784637451e-01
4.394344389438629150e-01
4.322605133056640625e-01
4.478013515472412109e-01
4.250179529190063477e-01
4.314617216587066650e-01
4.205611944198608398e-01
4.278711974620819092e-01
4.254164099693298340e-01
4.029048085212707520e-01
4.250179529190063477e-01
4.408950507640838623e-01
4.299023747444152832e-01
4.005035161972045898e-01
4.250179529190063477e-01
4.282611012458801270e-01
4.005035161972045898e-01
4.041897654533386230e-01
4.250179529190063477e-01
4.270294904708862305e-01
4.039354622364044189e-01
4.274311959743499756e-01
4.344263076782226562e-01
4.019254744052886963e-01
4.291650652885437012e-01
4.276041388511657715e-01
4.578912556171417236e-01
4.005490541458129883e-01
4.260391294956207275e-01
4.278702437877655029e-01
3.980139195919036865e-01
4.076752066612243652e-01
3.879019618034362793e-01
4.251392483711242676e-01
4.250179529190063477e-01
3.407849073410034180e-01
3.623349666595458984e-01
4.273400902748107910e-01
4.250179529190063477e-01
4.253073036670684814e-01
4.279077351093292236e-01
4.012314677238464355e-01
3.846365213394165039e-01
4.005035161972045898e-01
4.124329686164855957e-01
4.210802912712097168e-01
4.440273642539978027e-01
3.346379697322845459e-01
3.879543244838714600e-01
3.804658353328704834e-01
3.635196685791015625e-01
3.498148322105407715e-01
3.403815925121307373e-01
3.824409842491149902e-01
3.970434963703155518e-01
3.705727756023406982e-01
3.827789723873138428e-01
3.907403349876403809e-01
4.005035161972045898e-01
3.997487425804138184e-01
4.008530080318450928e-01
4.007208943367004395e-01
4.250179529190063477e-01
4.260479807853698730e-01
4.275532066822052002e-01
3.841947317123413086e-01
4.247897267341613770e-01
3.333713114261627197e-01
4.250179529190063477e-01
4.205973744392395020e-01
3.645764291286468506e-01
4.438696503639221191e-01
4.007977843284606934e-01
4.010624289512634277e-01
4.437862932682037354e-01
4.132522046566009521e-01
4.066990017890930176e-01
4.107899665832519531e-01
3.479482531547546387e-01
3.454736769199371338e-01
4.250179529190063477e-01
4.250179529190063477e-01
4.112728536128997803e-01
4.250179529190063477e-01
4.250179529190063477e-01
4.250179529190063477e-01
4.005037248134613037e-01
4.250179529190063477e-01
4.184432625770568848e-01
4.390571415424346924e-01
4.278336763381958008e-01
4.007796943187713623e-01
4.127571880817413330e-01
4.088797271251678467e-01
4.256445467472076416e-01
3.874314129352569580e-01
4.023677408695220947e-01
4.217091798782348633e-01
3.838150501251220703e-01
4.250179529190063477e-01
4.250179529190063477e-01
4.024027585983276367e-01
4.250179529190063477e-01
4.250213503837585449e-01
3.902620375156402588e-01
4.250186383724212646e-01
4.250179529190063477e-01
4.250181317329406738e-01
4.413761496543884277e-01
4.250179529190063477e-01
3.878944516181945801e-01
3.780123591423034668e-01
4.006205499172210693e-01
4.432004094123840332e-01
3.777688741683959961e-01
4.012723267078399658e-01
4.001815617084503174e-01
3.863365650177001953e-01
3.885306417942047119e-01
4.250179529190063477e-01
3.456143438816070557e-01
3.052119016647338867e-01
4.027683734893798828e-01
3.815437555313110352e-01
3.526185750961303711e-01
3.980650007724761963e-01
3.378939926624298096e-01
3.410089313983917236e-01
3.839481174945831299e-01
2.972112894058227539e-01
3.963138461112976074e-01
3.813437223434448242e-01
3.380423188209533691e-01
4.250179529190063477e-01
4.102031588554382324e-01
3.475556075572967529e-01
4.250179529190063477e-01
3.340185880661010742e-01
3.874824047088623047e-01
3.468288183212280273e-01
3.863977193832397461e-01
3.743706941604614258e-01
3.766061067581176758e-01
3.884542584419250488e-01
3.327056765556335449e-01
3.841632902622222900e-01
3.820350170135498047e-01
3.626290559768676758e-01
3.820040524005889893e-01
3.690205812454223633e-01
4.005091190338134766e-01
4.221313297748565674e-01
2.609117627143859863e-01
4.250179529190063477e-01
4.250179529190063477e-01
4.100816249847412109e-01
3.868997097015380859e-01
4.005629420280456543e-01
4.261402189731597900e-01
4.250179529190063477e-01
4.250186383724212646e-01
3.926439583301544189e-01
4.042063951492309570e-01
4.097149968147277832e-01
4.426304101943969727e-01
3.852380216121673584e-01
4.250179529190063477e-01
4.008542299270629883e-01
4.381244182586669922e-01
4.005035161972045898e-01
4.006859660148620605e-01
4.250179529190063477e-01
3.737998008728027344e-01
3.955280780792236328e-01
3.880730271339416504e-01
4.127593934535980225e-01
4.100353121757507324e-01
3.764713108539581299e-01
3.856605291366577148e-01
4.250179529190063477e-01
4.006762504577636719e-01
4.438574016094207764e-01
3.848476707935333252e-01
4.250179529190063477e-01
3.882776200771331787e-01
3.988223075866699219e-01
4.281796813011169434e-01
4.250192642211914062e-01
3.815544545650482178e-01
4.005035161972045898e-01
3.762972950935363770e-01
4.010483026504516602e-01
3.617972135543823242e-01
4.005035161972045898e-01
4.040084481239318848e-01
4.079495370388031006e-01
4.336276948451995850e-01
4.005221724510192871e-01
4.464007616043090820e-01
4.420886635780334473e-01
4.383499324321746826e-01
4.216960072517395020e-01
4.277906119823455811e-01
4.264571666717529297e-01
4.304234087467193604e-01
4.250179529190063477e-01
4.253303110599517822e-01
4.546148777008056641e-01
4.430916011333465576e-01
4.268944263458251953e-01
3.886196315288543701e-01
4.292385876178741455e-01
4.499955177307128906e-01
4.435690641403198242e-01
4.485545158386230469e-01
4.367347359657287598e-01
4.384858906269073486e-01
4.486314356327056885e-01
4.250623881816864014e-01
4.258399903774261475e-01
4.499067962169647217e-01
4.256697893142700195e-01
4.412120878696441650e-01
4.475065171718597412e-01
4.318915009498596191e-01
4.270423054695129395e-01
4.551259577274322510e-01
4.266113042831420898e-01
4.272442758083343506e-01
4.407972395420074463e-01
4.026362597942352295e-01
4.116659760475158691e-01
4.271593093872070312e-01
4.499059915542602539e-01
4.258456230163574219e-01
4.265629649162292480e-01
4.034165143966674805e-01
4.252502620220184326e-01
4.258948564529418945e-01
4.354425370693206787e-01
4.250179529190063477e-01
4.264201819896697998e-01
4.317882359027862549e-01
4.315292835235595703e-01
4.458668231964111328e-01
4.368823170661926270e-01
4.722107946872711182e-01
4.543041884899139404e-01
4.276026487350463867e-01
4.252573847770690918e-01
4.307282567024230957e-01
4.008345007896423340e-01
4.394965767860412598e-01
4.255074858665466309e-01
4.005035161972045898e-01
4.269158244132995605e-01
4.005073010921478271e-01
4.413805902004241943e-01
4.339209198951721191e-01
4.499067962169647217e-01
4.788516163825988770e-01
4.281110465526580811e-01
4.005035161972045898e-01
4.291943609714508057e-01
4.014817774295806885e-01
4.250179529190063477e-01
4.305258393287658691e-01
4.250179529190063477e-01
4.250179529190063477e-01
4.299413859844207764e-01
4.258227944374084473e-01
4.254305362701416016e-01
4.250619113445281982e-01
4.250179529190063477e-01
4.356590509414672852e-01
4.063096344470977783e-01
3.916053175926208496e-01
4.099235832691192627e-01
4.250179529190063477e-01
4.025282859802246094e-01
4.250179529190063477e-01
4.388879537582397461e-01
4.250179529190063477e-01
4.244834482669830322e-01
4.288645684719085693e-01
4.175075590610504150e-01
4.364269673824310303e-01
4.250179529190063477e-01
4.255825877189636230e-01
4.031104147434234619e-01
4.037591516971588135e-01
4.314729273319244385e-01
4.250179529190063477e-01
4.250179529190063477e-01
4.048977494239807129e-01
4.250179529190063477e-01
4.303518533706665039e-01
4.438127577304840088e-01
4.022174775600433350e-01
4.014193415641784668e-01
4.324965476989746094e-01
4.250179529190063477e-01
3.809987902641296387e-01
4.063129723072052002e-01
4.452219605445861816e-01
4.155705869197845459e-01
4.056610763072967529e-01
2.773205041885375977e-01
3.333165645599365234e-01
4.005480110645294189e-01
3.426622748374938965e-01
4.187227189540863037e-01
4.473218023777008057e-01
4.016450047492980957e-01
