5.493407249450683594e-01
5.714572668075561523e-01
5.371240973472595215e-01
5.492531061172485352e-01
5.659744143486022949e-01
5.467966794967651367e-01
5.046089291572570801e-01
5.157733559608459473e-01
5.492998957633972168e-01
5.493398308753967285e-01
5.199834704399108887e-01
5.493396520614624023e-01
5.104865431785583496e-01
4.858276844024658203e-01
5.493387579917907715e-01
5.493182539939880371e-01
5.470502972602844238e-01
5.474690198898315430e-01
5.481160879135131836e-01
5.488091111183166504e-01
5.491300225257873535e-01
5.411294102668762207e-01
5.484325885772705078e-01
5.486027002334594727e-01
5.473459362983703613e-01
5.487619638442993164e-01
5.488022565841674805e-01
5.485888123512268066e-01
5.488911867141723633e-01
5.486567020416259766e-01
5.480745434761047363e-01
5.492389798164367676e-01
5.491499900817871094e-01
5.489575862884521484e-01
5.487802624702453613e-01
5.489698052406311035e-01
5.489960312843322754e-01
5.491987466812133789e-01
5.490926504135131836e-01
5.491373538970947266e-01
5.417907238006591797e-01
5.490655899047851562e-01
5.489495396614074707e-01
5.483760833740234375e-01
5.490212440490722656e-01
5.487918257713317871e-01
5.490510463714599609e-01
5.492382645606994629e-01
5.491968989372253418e-01
5.490745306015014648e-01
5.275377035140991211e-01
5.484457015991210938e-01
5.464259386062622070e-01
5.489591360092163086e-01
5.492814183235168457e-01
5.464310646057128906e-01
5.492521524429321289e-01
5.198246240615844727e-01
5.035522580146789551e-01
5.259773135185241699e-01
5.606278181076049805e-01
5.493401288986206055e-01
5.493248105049133301e-01
5.524154901504516602e-01
5.493394732475280762e-01
5.493307113647460938e-01
5.490596294403076172e-01
5.442656278610229492e-01
5.493387579917907715e-01
5.524154901504516602e-01
5.492996573448181152e-01
5.491456985473632812e-01
5.493236780166625977e-01
5.493400096893310547e-01
5.493264198303222656e-01
5.493043661117553711e-01
5.493372678756713867e-01
5.349822640419006348e-01
5.093142986297607422e-01
5.469077229499816895e-01
5.493385195732116699e-01
5.340498685836791992e-01
5.490124225616455078e-01
5.490633845329284668e-01
5.149714946746826172e-01
5.490610599517822266e-01
5.490218400955200195e-01
5.493392348289489746e-01
5.490122437477111816e-01
5.493396520614624023e-01
5.492704510688781738e-01
5.493384599685668945e-01
5.493326187133789062e-01
5.492929220199584961e-01
5.493341684341430664e-01
5.493236184120178223e-01
5.493198633193969727e-01
5.493084192276000977e-01
5.524154901504516602e-01
5.621850490570068359e-01
5.524154901504516602e-01
5.492548346519470215e-01
5.492987036705017090e-01
5.493200421333312988e-01
5.492786169052124023e-01
5.493334531784057617e-01
5.493343472480773926e-01
5.493346452713012695e-01
5.493277907371520996e-01
5.491777062416076660e-01
5.493224859237670898e-01
5.491899847984313965e-01
5.493338704109191895e-01
5.493300557136535645e-01
5.491852760314941406e-01
5.532711148262023926e-01
5.493192076683044434e-01
5.493226051330566406e-01
5.634074211120605469e-01
5.493184328079223633e-01
5.598949790000915527e-01
5.490738153457641602e-01
5.524154901504516602e-01
5.481193661689758301e-01
5.492110252380371094e-01
5.470520257949829102e-01
5.493051409721374512e-01
5.493362545967102051e-01
5.493402481079101562e-01
5.493062734603881836e-01
5.493106842041015625e-01
5.568872690200805664e-01
5.493123531341552734e-01
5.645708441734313965e-01
5.489365458488464355e-01
5.493400692939758301e-01
5.492063164710998535e-01
5.493403077125549316e-01
5.492458939552307129e-01
5.491788387298583984e-01
5.491316318511962891e-01
5.493213534355163574e-01
5.492691397666931152e-01
5.492215156555175781e-01
5.490216016769409180e-01
5.479583144187927246e-01
5.492458343505859375e-01
5.493366718292236328e-01
5.490655899047851562e-01
5.474377870559692383e-01
5.487873554229736328e-01
5.455954074859619141e-01
5.493377447128295898e-01
5.492132306098937988e-01
5.490506887435913086e-01
5.493087172508239746e-01
5.488035678863525391e-01
5.492699146270751953e-01
5.493345260620117188e-01
5.492959618568420410e-01
5.493268370628356934e-01
5.524154901504516602e-01
5.492182374000549316e-01
5.493392348289489746e-01
5.492656230926513672e-01
5.493299365043640137e-01
5.493170619010925293e-01
5.168808102607727051e-01
5.493144392967224121e-01
5.493284463882446289e-01
5.270638465881347656e-01
5.636284351348876953e-01
5.547074079513549805e-01
5.493386983871459961e-01
5.646100044250488281e-01
5.493404269218444824e-01
5.493403673171997070e-01
5.709475874900817871e-01
5.576314330101013184e-01
5.524154901504516602e-01
5.524154901504516602e-01
5.492652058601379395e-01
5.492957830429077148e-01
5.492907166481018066e-01
5.492816567420959473e-01
5.493367910385131836e-01
5.524154901504516602e-01
5.493230223655700684e-01
5.491430759429931641e-01
5.493213534355163574e-01
5.491475462913513184e-01
5.493309497833251953e-01
5.493317842483520508e-01
5.547217726707458496e-01
5.490117669105529785e-01
5.490282773971557617e-01
5.487790107727050781e-01
5.484007000923156738e-01
5.492854714393615723e-01
5.482964515686035156e-01
5.492550134658813477e-01
5.483093261718750000e-01
5.488806366920471191e-01
5.468091964721679688e-01
5.485621690750122070e-01
5.490425825119018555e-01
5.482605695724487305e-01
5.489504337310791016e-01
5.493150353431701660e-01
5.462983846664428711e-01
5.493171215057373047e-01
5.484875440597534180e-01
5.493147373199462891e-01
5.493300557136535645e-01
5.491049289703369141e-01
5.468242764472961426e-01
5.493176579475402832e-01
5.484705567359924316e-01
5.453759431838989258e-01
5.487146973609924316e-01
5.479480624198913574e-01
5.489079952239990234e-01
5.489557981491088867e-01
5.491642355918884277e-01
5.491219758987426758e-01
5.483588576316833496e-01
5.493296980857849121e-01
5.487008690834045410e-01
5.485440492630004883e-01
5.415732860565185547e-01
5.489346385002136230e-01
5.492147803306579590e-01
5.492408275604248047e-01
5.493399500846862793e-01
4.980544447898864746e-01
5.143781900405883789e-01
5.064782500267028809e-01
5.491487383842468262e-01
5.493311285972595215e-01
5.468645691871643066e-01
5.489997863769531250e-01
5.493148565292358398e-01
5.492711663246154785e-01
5.489385724067687988e-01
5.215605497360229492e-01
5.489927530288696289e-01
5.581096410751342773e-01
5.492917895317077637e-01
5.493283867835998535e-01
5.493239164352416992e-01
5.493023395538330078e-01
5.493170619010925293e-01
5.492791533470153809e-01
5.493290424346923828e-01
5.485087633132934570e-01
5.484963655471801758e-01
5.478882789611816406e-01
5.477848649024963379e-01
5.479285120964050293e-01
5.478606224060058594e-01
5.382742881774902344e-01
5.414174199104309082e-01
5.360497236251831055e-01
5.383830070495605469e-01
5.476415753364562988e-01
5.477913618087768555e-01
5.476637482643127441e-01
5.482357740402221680e-01
5.483211874961853027e-01
5.283001661300659180e-01
5.483900308609008789e-01
5.487142801284790039e-01
5.483373999595642090e-01
5.482118129730224609e-01
5.480257868766784668e-01
5.337389707565307617e-01
5.484138131141662598e-01
5.486935377120971680e-01
5.460637807846069336e-01
5.440462231636047363e-01
5.482420921325683594e-01
5.488237738609313965e-01
5.415726900100708008e-01
5.488635897636413574e-01
5.488982200622558594e-01
5.490245223045349121e-01
5.476891994476318359e-01
5.475272536277770996e-01
5.491852760314941406e-01
5.488124489784240723e-01
5.492500066757202148e-01
5.483459234237670898e-01
5.488569140434265137e-01
5.484191775321960449e-01
5.489363670349121094e-01
5.490772724151611328e-01
5.491250157356262207e-01
5.493063926696777344e-01
5.493014454841613770e-01
5.145450234413146973e-01
5.339772105216979980e-01
5.156981945037841797e-01
5.524154901504516602e-01
5.116921663284301758e-01
5.440787076950073242e-01
5.524154901504516602e-01
4.987191557884216309e-01
5.367535352706909180e-01
5.524603128433227539e-01
5.273441672325134277e-01
5.200901627540588379e-01
5.242522358894348145e-01
5.493392348289489746e-01
5.493004322052001953e-01
5.275160074234008789e-01
4.935520291328430176e-01
5.189138054847717285e-01
5.146666169166564941e-01
5.287814736366271973e-01
5.493402481079101562e-01
5.170016288757324219e-01
5.524154901504516602e-01
5.493356585502624512e-01
5.355635285377502441e-01
5.524154901504516602e-01
5.493052005767822266e-01
5.492886304855346680e-01
5.493406057357788086e-01
5.122822523117065430e-01
5.491853952407836914e-01
5.524154901504516602e-01
5.491275191307067871e-01
5.493406057357788086e-01
5.491948127746582031e-01
5.493404865264892578e-01
5.492743849754333496e-01
5.493187308311462402e-01
5.493403077125549316e-01
5.493373870849609375e-01
5.693465471267700195e-01
5.093564391136169434e-01
5.569069981575012207e-01
5.492966771125793457e-01
5.492844581604003906e-01
5.493329763412475586e-01
5.492877960205078125e-01
5.493405461311340332e-01
5.489424467086791992e-01
5.492383241653442383e-01
5.493394136428833008e-01
5.492987036705017090e-01
5.493152141571044922e-01
5.493397116661071777e-01
5.493405461311340332e-01
5.527113676071166992e-01
5.311958789825439453e-01
5.336683392524719238e-01
5.492079257965087891e-01
5.318027734756469727e-01
5.524154901504516602e-01
5.489817261695861816e-01
5.576252341270446777e-01
5.480561256408691406e-01
5.493405461311340332e-01
5.248433351516723633e-01
5.493406653404235840e-01
5.532530546188354492e-01
5.521898865699768066e-01
5.493397712707519531e-01
5.530467033386230469e-01
5.414994955062866211e-01
5.745911002159118652e-01
5.796381235122680664e-01
5.481045842170715332e-01
5.493405461311340332e-01
5.604333281517028809e-01
5.493352413177490234e-01
5.664223432540893555e-01
5.493263602256774902e-01
5.492731332778930664e-01
5.493375062942504883e-01
5.493370890617370605e-01
4.819979667663574219e-01
5.381708741188049316e-01
5.524154901504516602e-01
5.492046475410461426e-01
5.492360591888427734e-01
5.493351817131042480e-01
5.308153629302978516e-01
5.481450557708740234e-01
5.524154901504516602e-01
5.492980480194091797e-01
5.509034991264343262e-01
5.491680502891540527e-01
5.487405657768249512e-01
5.014915466308593750e-01
5.154209136962890625e-01
5.524154901504516602e-01
5.493299365043640137e-01
5.225545167922973633e-01
5.493059158325195312e-01
5.480727553367614746e-01
5.486461520195007324e-01
5.493355989456176758e-01
5.489161014556884766e-01
5.491394996643066406e-01
5.492969751358032227e-01
5.106434226036071777e-01
5.110966563224792480e-01
5.493167638778686523e-01
5.486686825752258301e-01
5.490139722824096680e-01
5.485550165176391602e-01
5.493186116218566895e-01
5.480371117591857910e-01
5.492458343505859375e-01
5.481398105621337891e-01
5.493282079696655273e-01
5.482358932495117188e-01
5.493270158767700195e-01
5.464173555374145508e-01
5.487524271011352539e-01
5.491524338722229004e-01
5.489546656608581543e-01
5.487622618675231934e-01
5.654482841491699219e-01
5.476884245872497559e-01
5.493401885032653809e-01
5.493391752243041992e-01
5.487290024757385254e-01
5.486545562744140625e-01
5.524154901504516602e-01
5.440334677696228027e-01
5.491586923599243164e-01
5.491414070129394531e-01
5.672914981842041016e-01
5.493268370628356934e-01
5.299037098884582520e-01
5.706777572631835938e-01
5.553289055824279785e-01
5.486129522323608398e-01
5.493021011352539062e-01
5.114279389381408691e-01
5.333554744720458984e-01
5.493391156196594238e-01
5.493350625038146973e-01
5.483268499374389648e-01
5.493366122245788574e-01
5.101399421691894531e-01
5.493373274803161621e-01
5.493372082710266113e-01
5.631344318389892578e-01
5.239391922950744629e-01
5.493231415748596191e-01
5.338392257690429688e-01
5.493122339248657227e-01
5.487111210823059082e-01
5.217049121856689453e-01
5.493401288986206055e-01
5.337570905685424805e-01
5.493236780166625977e-01
5.122822523117065430e-01
7.538977861404418945e-01
5.144517421722412109e-01
5.493193268775939941e-01
5.493347644805908203e-01
5.493329763412475586e-01
5.584244132041931152e-01
5.493224263191223145e-01
5.473755002021789551e-01
5.122822523117065430e-01
5.544992685317993164e-01
5.483033657073974609e-01
5.491508245468139648e-01
5.493384599685668945e-01
5.493401885032653809e-01
5.491749644279479980e-01
5.492637753486633301e-01
5.090709328651428223e-01
5.493392944335937500e-01
5.486364364624023438e-01
5.470119714736938477e-01
5.490687489509582520e-01
5.488453507423400879e-01
5.487650632858276367e-01
5.486099123954772949e-01
5.252538323402404785e-01
5.488516092300415039e-01
5.490542650222778320e-01
5.458835959434509277e-01
5.483431816101074219e-01
5.491333007812500000e-01
5.491104722023010254e-01
5.484353899955749512e-01
5.491613149642944336e-01
5.490753054618835449e-01
5.483986139297485352e-01
5.448498129844665527e-01
5.488140583038330078e-01
5.489791035652160645e-01
5.488454103469848633e-01
5.486961007118225098e-01
5.491960644721984863e-01
5.488153100013732910e-01
5.483517050743103027e-01
5.491679310798645020e-01
5.490866303443908691e-01
5.489650964736938477e-01
5.488364696502685547e-01
5.491148829460144043e-01
5.490640401840209961e-01
5.488638877868652344e-01
5.489463210105895996e-01
5.489566326141357422e-01
5.469725131988525391e-01
5.490894317626953125e-01
5.490496158599853516e-01
5.491331219673156738e-01
5.490997433662414551e-01
5.491567254066467285e-01
5.488247871398925781e-01
5.492751598358154297e-01
5.493003129959106445e-01
5.493385195732116699e-01
5.611605048179626465e-01
5.493057966232299805e-01
5.492902994155883789e-01
5.490961074829101562e-01
5.490698814392089844e-01
5.476396083831787109e-01
5.493012070655822754e-01
5.489511489868164062e-01
5.524154901504516602e-01
5.474640130996704102e-01
5.492909550666809082e-01
4.977850019931793213e-01
5.492624044418334961e-01
5.493006706237792969e-01
5.493148565292358398e-01
5.491898059844970703e-01
5.492734909057617188e-01
5.493258833885192871e-01
5.493116378784179688e-01
5.493051409721374512e-01
5.493031144142150879e-01
5.493292212486267090e-01
5.493054986000061035e-01
5.493164062500000000e-01
5.492798089981079102e-01
5.492902994155883789e-01
5.493043065071105957e-01
5.492599010467529297e-01
5.713350772857666016e-01
5.524154901504516602e-01
5.493292212486267090e-01
5.493392348289489746e-01
5.493299961090087891e-01
5.493358373641967773e-01
5.524154901504516602e-01
5.493373870849609375e-01
5.663515329360961914e-01
5.493377447128295898e-01
5.493083000183105469e-01
5.493134260177612305e-01
5.579065084457397461e-01
5.493319034576416016e-01
5.488860607147216797e-01
5.491518378257751465e-01
5.491576194763183594e-01
5.483844876289367676e-01
5.493400096893310547e-01
5.492587089538574219e-01
5.483266711235046387e-01
5.493394136428833008e-01
5.466238856315612793e-01
5.493406653404235840e-01
5.488299727439880371e-01
5.493389368057250977e-01
5.493405461311340332e-01
5.491891503334045410e-01
5.493400096893310547e-01
5.493393540382385254e-01
5.493375658988952637e-01
5.491675138473510742e-01
5.493398904800415039e-01
5.493400096893310547e-01
4.791692495346069336e-01
5.493402481079101562e-01
5.524154901504516602e-01
5.090232491493225098e-01
5.447148680686950684e-01
5.487367510795593262e-01
5.493406057357788086e-01
5.493407249450683594e-01
5.493332743644714355e-01
5.449770092964172363e-01
5.493080615997314453e-01
5.492367148399353027e-01
5.493395924568176270e-01
5.493188500404357910e-01
5.493354201316833496e-01
5.493311882019042969e-01
5.490228533744812012e-01
5.485668778419494629e-01
5.524406433105468750e-01
5.490995645523071289e-01
5.506283640861511230e-01
5.035918951034545898e-01
5.489937663078308105e-01
5.010929107666015625e-01
5.491074323654174805e-01
5.493106842041015625e-01
5.432147979736328125e-01
5.493046045303344727e-01
5.492747426033020020e-01
5.047471523284912109e-01
5.524154901504516602e-01
5.560117959976196289e-01
5.493288040161132812e-01
5.524154901504516602e-01
5.150096416473388672e-01
5.493294596672058105e-01
5.492771863937377930e-01
5.493372082710266113e-01
5.473718047142028809e-01
5.491864681243896484e-01
5.493367910385131836e-01
5.488247275352478027e-01
5.307828783988952637e-01
5.116986036300659180e-01
5.122822523117065430e-01
5.524154901504516602e-01
5.493350625038146973e-01
5.150061845779418945e-01
5.467948913574218750e-01
5.018926262855529785e-01
5.490878820419311523e-01
5.490176677703857422e-01
5.524154901504516602e-01
5.493258237838745117e-01
5.525208711624145508e-01
5.454019308090209961e-01
5.492711067199707031e-01
5.083456039428710938e-01
5.493407249450683594e-01
5.586588978767395020e-01
5.532201528549194336e-01
5.499629974365234375e-01
5.493405461311340332e-01
5.493405461311340332e-01
5.493404269218444824e-01
5.735390782356262207e-01
5.326903462409973145e-01
5.532838106155395508e-01
5.493407249450683594e-01
5.011091828346252441e-01
5.016052722930908203e-01
5.338393449783325195e-01
5.489943027496337891e-01
5.491720438003540039e-01
5.493407249450683594e-01
5.493407249450683594e-01
5.493130683898925781e-01
5.313404202461242676e-01
5.367349386215209961e-01
5.493406653404235840e-01
5.079530477523803711e-01
5.493379235267639160e-01
4.882034361362457275e-01
5.201045870780944824e-01
4.872412085533142090e-01
4.998683035373687744e-01
4.979118406772613525e-01
4.995143711566925049e-01
4.884744882583618164e-01
4.897616505622863770e-01
5.153430700302124023e-01
4.954047501087188721e-01
5.073910355567932129e-01
5.447854399681091309e-01
4.946688711643218994e-01
4.927543103694915771e-01
5.493406653404235840e-01
5.524154901504516602e-01
5.147764086723327637e-01
5.515969395637512207e-01
5.011470317840576172e-01
5.018406510353088379e-01
5.089751482009887695e-01
5.236050486564636230e-01
5.493391156196594238e-01
5.418702363967895508e-01
5.488146543502807617e-01
4.842842519283294678e-01
5.492842793464660645e-01
5.792875289916992188e-01
5.114208459854125977e-01
5.197220444679260254e-01
5.524154901504516602e-01
5.122822523117065430e-01
5.580137372016906738e-01
5.163741707801818848e-01
5.367952585220336914e-01
5.228425264358520508e-01
5.054514408111572266e-01
5.016021728515625000e-01
5.524154901504516602e-01
5.487510561943054199e-01
5.491826534271240234e-01
5.491707324981689453e-01
5.129319429397583008e-01
5.078769326210021973e-01
5.127618908882141113e-01
5.491207838058471680e-01
5.046856403350830078e-01
5.492330789566040039e-01
5.112736821174621582e-01
5.432958602905273438e-01
5.012246370315551758e-01
5.308220982551574707e-01
5.492874383926391602e-01
5.157018303871154785e-01
5.492820143699645996e-01
5.492934584617614746e-01
5.463852882385253906e-01
5.491655468940734863e-01
5.491425395011901855e-01
5.493401885032653809e-01
5.490625500679016113e-01
5.493372678756713867e-01
5.063152909278869629e-01
5.524154901504516602e-01
5.491327047348022461e-01
5.492594242095947266e-01
5.493104457855224609e-01
5.493372082710266113e-01
5.282922983169555664e-01
5.358085632324218750e-01
5.492321252822875977e-01
5.493402481079101562e-01
5.488408803939819336e-01
5.573363304138183594e-01
5.489258170127868652e-01
5.480681061744689941e-01
5.492967963218688965e-01
5.472332239151000977e-01
5.493311285972595215e-01
5.122822523117065430e-01
5.148085355758666992e-01
4.746347367763519287e-01
5.493404865264892578e-01
4.988964796066284180e-01
5.053693652153015137e-01
4.964849054813385010e-01
4.921180009841918945e-01
5.204913616180419922e-01
5.206639766693115234e-01
5.104159712791442871e-01
5.234891176223754883e-01
4.874153137207031250e-01
5.492384433746337891e-01
5.493312478065490723e-01
5.487216114997863770e-01
5.489031672477722168e-01
5.493395924568176270e-01
5.492489337921142578e-01
5.489882230758666992e-01
5.492274761199951172e-01
5.524154901504516602e-01
5.492115616798400879e-01
5.492175817489624023e-01
5.524154901504516602e-01
5.491921901702880859e-01
5.493280291557312012e-01
5.155757665634155273e-01
5.493131875991821289e-01
4.898974597454071045e-01
5.483108758926391602e-01
4.981797635555267334e-01
5.524154901504516602e-01
5.160933136940002441e-01
5.469576120376586914e-01
5.490092635154724121e-01
5.129357576370239258e-01
5.490548610687255859e-01
5.546301603317260742e-01
5.276814699172973633e-01
5.591900944709777832e-01
5.491359233856201172e-01
5.122822523117065430e-01
5.179224014282226562e-01
5.566747784614562988e-01
5.522441267967224121e-01
5.629400014877319336e-01
5.493406057357788086e-01
5.546881556510925293e-01
5.669633746147155762e-01
5.576259493827819824e-01
5.480887889862060547e-01
5.490314364433288574e-01
5.664774179458618164e-01
5.628606081008911133e-01
5.403432250022888184e-01
5.708419680595397949e-01
5.041921138763427734e-01
5.493251681327819824e-01
5.486400127410888672e-01
5.493345856666564941e-01
5.338393449783325195e-01
5.611726641654968262e-01
5.361824035644531250e-01
5.492222309112548828e-01
5.493406653404235840e-01
5.484124422073364258e-01
5.493338108062744141e-01
5.493407249450683594e-01
5.493346452713012695e-01
5.493384003639221191e-01
5.524154901504516602e-01
5.493281483650207520e-01
5.670264363288879395e-01
5.484200119972229004e-01
5.492794513702392578e-01
5.493407249450683594e-01
5.524154901504516602e-01
5.490776300430297852e-01
5.493395924568176270e-01
5.412978529930114746e-01
5.492233633995056152e-01
5.493407249450683594e-01
5.581362247467041016e-01
5.493188500404357910e-01
5.598039031028747559e-01
5.493353009223937988e-01
5.488028526306152344e-01
5.493404865264892578e-01
5.524154901504516602e-01
5.493389964103698730e-01
5.492264628410339355e-01
5.492503046989440918e-01
5.492417216300964355e-01
5.493396520614624023e-01
5.493225455284118652e-01
5.492705106735229492e-01
5.493104457855224609e-01
5.493369102478027344e-01
5.648257136344909668e-01
5.493389368057250977e-01
5.594391226768493652e-01
5.489843487739562988e-01
5.492323637008666992e-01
5.492560863494873047e-01
5.492099523544311523e-01
5.493270754814147949e-01
5.489717125892639160e-01
5.482974648475646973e-01
5.492444634437561035e-01
5.492610931396484375e-01
5.524154901504516602e-01
5.631872415542602539e-01
5.123327374458312988e-01
5.484055876731872559e-01
5.493270754814147949e-01
5.478551387786865234e-01
5.493348836898803711e-01
5.493211746215820312e-01
5.483637452125549316e-01
5.493285655975341797e-01
5.493360161781311035e-01
5.493406057357788086e-01
5.493261218070983887e-01
5.482934117317199707e-01
5.485290288925170898e-01
5.206533074378967285e-01
5.338393449783325195e-01
5.492557287216186523e-01
5.491167306900024414e-01
5.493314862251281738e-01
5.786153674125671387e-01
5.491570830345153809e-01
5.492002367973327637e-01
5.492536425590515137e-01
5.493404269218444824e-01
5.492583513259887695e-01
5.493389964103698730e-01
5.615088343620300293e-01
5.524154901504516602e-01
5.493381619453430176e-01
5.164408683776855469e-01
5.338291525840759277e-01
5.492830872535705566e-01
5.493401288986206055e-01
5.493279099464416504e-01
5.493407249450683594e-01
5.493406653404235840e-01
5.430395007133483887e-01
5.313245058059692383e-01
5.653942823410034180e-01
5.493407249450683594e-01
5.532650351524353027e-01
5.262708663940429688e-01
5.493407249450683594e-01
5.493379831314086914e-01
5.489537119865417480e-01
5.491822957992553711e-01
5.486454367637634277e-01
5.472949743270874023e-01
5.476981997489929199e-01
5.479617714881896973e-01
5.487048625946044922e-01
5.493276119232177734e-01
5.493319630622863770e-01
5.491280555725097656e-01
5.490702986717224121e-01
5.491337180137634277e-01
5.492508411407470703e-01
5.489836335182189941e-01
5.492257475852966309e-01
5.493214726448059082e-01
5.235362052917480469e-01
5.482133030891418457e-01
5.490075349807739258e-01
5.493403673171997070e-01
5.493339300155639648e-01
5.492817163467407227e-01
5.492180585861206055e-01
5.468472838401794434e-01
5.490322113037109375e-01
5.493128299713134766e-01
5.493348836898803711e-01
5.493032932281494141e-01
5.492445826530456543e-01
5.632522106170654297e-01
5.493237972259521484e-01
5.493392944335937500e-01
5.486834049224853516e-01
5.493352413177490234e-01
5.492882132530212402e-01
5.492952466011047363e-01
5.493395328521728516e-01
5.493402481079101562e-01
5.493052601814270020e-01
5.493406057357788086e-01
5.691071748733520508e-01
5.441609621047973633e-01
4.893249273300170898e-01
5.253946185111999512e-01
5.491278171539306641e-01
5.491997003555297852e-01
5.491070747375488281e-01
5.492865443229675293e-01
5.493386387825012207e-01
5.493267178535461426e-01
5.493404865264892578e-01
5.488057732582092285e-01
5.483853816986083984e-01
5.493398308753967285e-01
5.492969751358032227e-01
5.492771863937377930e-01
5.491073131561279297e-01
5.492951273918151855e-01
5.490062832832336426e-01
5.493372082710266113e-01
5.492548346519470215e-01
5.493380427360534668e-01
5.492866039276123047e-01
5.493382811546325684e-01
5.491070151329040527e-01
5.267294049263000488e-01
5.493382215499877930e-01
5.492066144943237305e-01
5.493314266204833984e-01
5.492894649505615234e-01
5.493274927139282227e-01
5.493310689926147461e-01
5.493245124816894531e-01
5.454064607620239258e-01
4.954155087471008301e-01
5.492251515388488770e-01
5.493289232254028320e-01
5.028665065765380859e-01
5.493381023406982422e-01
5.188550949096679688e-01
5.492484569549560547e-01
5.492457747459411621e-01
5.470426678657531738e-01
5.490499138832092285e-01
5.492434501647949219e-01
5.490630269050598145e-01
5.390242338180541992e-01
5.491208434104919434e-01
5.024538040161132812e-01
5.491403937339782715e-01
5.122822523117065430e-01
5.492551326751708984e-01
5.491276979446411133e-01
5.239564180374145508e-01
5.491935610771179199e-01
5.493361949920654297e-01
5.493401288986206055e-01
5.600460767745971680e-01
5.551726818084716797e-01
5.300358533859252930e-01
5.493403673171997070e-01
5.493404865264892578e-01
5.493403673171997070e-01
5.640190243721008301e-01
5.551238059997558594e-01
5.493407249450683594e-01
5.396972298622131348e-01
5.493405461311340332e-01
5.754960775375366211e-01
5.670726299285888672e-01
5.504631996154785156e-01
5.643530488014221191e-01
5.541859865188598633e-01
5.668793916702270508e-01
5.493332147598266602e-01
5.493406057357788086e-01
5.493390560150146484e-01
5.609046220779418945e-01
5.685746073722839355e-01
5.493404865264892578e-01
5.691768527030944824e-01
5.600554943084716797e-01
5.651146769523620605e-01
5.562649965286254883e-01
5.578087568283081055e-01
5.152498483657836914e-01
7.402571439743041992e-01
5.248936414718627930e-01
5.123913884162902832e-01
5.338371396064758301e-01
5.493319630622863770e-01
5.493406653404235840e-01
5.624572038650512695e-01
5.482540130615234375e-01
5.149338245391845703e-01
5.493406057357788086e-01
5.493406653404235840e-01
5.737534165382385254e-01
5.444271564483642578e-01
5.493404865264892578e-01
5.580912232398986816e-01
5.492400527000427246e-01
5.493404269218444824e-01
5.269883871078491211e-01
5.493407249450683594e-01
5.493392348289489746e-01
5.214668512344360352e-01
5.622928738594055176e-01
5.534731745719909668e-01
5.537968873977661133e-01
4.986733496189117432e-01
5.477906465530395508e-01
5.489753484725952148e-01
5.493288040161132812e-01
5.490580201148986816e-01
5.493392348289489746e-01
5.491684675216674805e-01
5.493391752243041992e-01
5.493394732475280762e-01
5.493059158325195312e-01
5.493401288986206055e-01
5.493341088294982910e-01
5.493378639221191406e-01
5.492876768112182617e-01
5.493396520614624023e-01
5.492901802062988281e-01
5.493375062942504883e-01
5.493263602256774902e-01
5.524154901504516602e-01
5.493324995040893555e-01
5.682613253593444824e-01
5.123496651649475098e-01
5.493367910385131836e-01
5.165740847587585449e-01
5.490360260009765625e-01
5.493332147598266602e-01
5.493222475051879883e-01
5.485040545463562012e-01
5.493304133415222168e-01
5.491749644279479980e-01
5.492209196090698242e-01
5.493190288543701172e-01
5.488200187683105469e-01
5.476050376892089844e-01
5.489448308944702148e-01
5.492933988571166992e-01
5.493336319923400879e-01
5.572443604469299316e-01
5.479056239128112793e-01
5.483176112174987793e-01
5.493353009223937988e-01
5.480223298072814941e-01
5.493203401565551758e-01
5.488868951797485352e-01
5.485999584197998047e-01
5.484566092491149902e-01
5.493279099464416504e-01
5.493368506431579590e-01
5.489742755889892578e-01
5.489873886108398438e-01
5.490133166313171387e-01
5.478288531303405762e-01
5.490133166313171387e-01
5.493335127830505371e-01
5.490327477455139160e-01
5.492970347404479980e-01
5.492728352546691895e-01
5.490763187408447266e-01
5.491572618484497070e-01
5.492223501205444336e-01
5.488634109497070312e-01
5.493339300155639648e-01
5.491212606430053711e-01
5.489941239356994629e-01
5.487774014472961426e-01
5.488499999046325684e-01
5.481679439544677734e-01
5.485610961914062500e-01
5.486180186271667480e-01
5.487702488899230957e-01
5.487060546875000000e-01
5.487430095672607422e-01
5.485080480575561523e-01
5.490060448646545410e-01
5.490176081657409668e-01
5.487797260284423828e-01
5.488814115524291992e-01
5.493390560150146484e-01
5.488331913948059082e-01
5.467630028724670410e-01
5.492284297943115234e-01
5.487046241760253906e-01
5.487367510795593262e-01
5.470034480094909668e-01
5.487359762191772461e-01
5.491549372673034668e-01
5.492897629737854004e-01
5.071483254432678223e-01
5.489315986633300781e-01
5.490563511848449707e-01
5.492300391197204590e-01
5.493407249450683594e-01
5.493406653404235840e-01
5.493404865264892578e-01
5.550500750541687012e-01
5.492427945137023926e-01
5.493407249450683594e-01
5.601032972335815430e-01
5.493262410163879395e-01
5.374131202697753906e-01
5.493394136428833008e-01
5.493403673171997070e-01
5.108380913734436035e-01
5.395830869674682617e-01
5.122822523117065430e-01
5.491249561309814453e-01
5.493018627166748047e-01
5.493285059928894043e-01
5.227800607681274414e-01
5.488697886466979980e-01
5.524154901504516602e-01
5.106739401817321777e-01
5.486395955085754395e-01
5.493202209472656250e-01
5.493406653404235840e-01
5.337399840354919434e-01
5.493406653404235840e-01
5.378791093826293945e-01
5.492531061172485352e-01
5.172335505485534668e-01
5.406700968742370605e-01
5.209937691688537598e-01
5.484956502914428711e-01
5.729898214340209961e-01
5.524154901504516602e-01
5.493407249450683594e-01
5.608447194099426270e-01
5.152155756950378418e-01
5.338386893272399902e-01
5.491451025009155273e-01
5.493406653404235840e-01
5.503938198089599609e-01
5.493406057357788086e-01
5.359835624694824219e-01
5.338393449783325195e-01
5.492808222770690918e-01
5.493381619453430176e-01
5.632696151733398438e-01
5.489293336868286133e-01
5.466833114624023438e-01
5.547474026679992676e-01
5.493116378784179688e-01
5.604770779609680176e-01
5.554519891738891602e-01
5.034449696540832520e-01
5.493403673171997070e-01
5.057241916656494141e-01
5.144705772399902344e-01
5.493133664131164551e-01
5.493400692939758301e-01
5.493406057357788086e-01
5.485262274742126465e-01
5.465456843376159668e-01
5.341768860816955566e-01
5.698183774948120117e-01
5.524154901504516602e-01
5.493383407592773438e-01
5.091697573661804199e-01
4.838575720787048340e-01
5.524154901504516602e-01
5.338284969329833984e-01
5.748428702354431152e-01
5.539479255676269531e-01
5.338277816772460938e-01
5.338274836540222168e-01
5.322980880737304688e-01
5.483293533325195312e-01
5.493396520614624023e-01
5.493255853652954102e-01
5.490537881851196289e-01
5.493406057357788086e-01
5.612393617630004883e-01
5.493195056915283203e-01
5.240563154220581055e-01
5.392770767211914062e-01
5.479993224143981934e-01
5.814940333366394043e-01
5.706180930137634277e-01
5.588192343711853027e-01
5.491594076156616211e-01
5.493406653404235840e-01
5.491228699684143066e-01
5.492788553237915039e-01
5.493339896202087402e-01
5.127258896827697754e-01
5.493406057357788086e-01
5.524154901504516602e-01
5.524154901504516602e-01
5.692326426506042480e-01
5.493380427360534668e-01
5.513594150543212891e-01
5.584410429000854492e-01
5.487495660781860352e-01
5.491688251495361328e-01
5.045674443244934082e-01
5.488306283950805664e-01
5.527485013008117676e-01
5.493291020393371582e-01
5.493404865264892578e-01
5.493394136428833008e-01
5.493288636207580566e-01
5.589606165885925293e-01
5.542475581169128418e-01
5.493406057357788086e-01
5.493327975273132324e-01
5.486958622932434082e-01
5.640304088592529297e-01
5.571345090866088867e-01
5.493191480636596680e-01
5.493078827857971191e-01
5.101025104522705078e-01
5.539751052856445312e-01
5.493406057357788086e-01
5.373772978782653809e-01
5.122822523117065430e-01
5.490730404853820801e-01
5.493141412734985352e-01
5.335924029350280762e-01
5.484609007835388184e-01
5.493406653404235840e-01
5.493308901786804199e-01
5.493404865264892578e-01
5.524154901504516602e-01
5.524154901504516602e-01
5.617400407791137695e-01
5.626348853111267090e-01
5.574507713317871094e-01
5.593023896217346191e-01
5.657801628112792969e-01
5.177136063575744629e-01
5.493331551551818848e-01
5.475589632987976074e-01
5.493407249450683594e-01
5.150150656700134277e-01
5.071784257888793945e-01
5.493406653404235840e-01
5.282498002052307129e-01
5.232058763504028320e-01
5.112120509147644043e-01
5.070582032203674316e-01
5.067404508590698242e-01
5.061244964599609375e-01
5.163854360580444336e-01
5.001873970031738281e-01
5.147942900657653809e-01
4.932753741741180420e-01
4.900546967983245850e-01
5.103821158409118652e-01
5.522969365119934082e-01
5.329169034957885742e-01
5.493367314338684082e-01
5.524154901504516602e-01
5.025116205215454102e-01
5.273379683494567871e-01
5.338950753211975098e-01
5.190788507461547852e-01
5.175991654396057129e-01
5.222189426422119141e-01
5.135351419448852539e-01
5.164744257926940918e-01
5.492981672286987305e-01
5.338393449783325195e-01
5.491670966148376465e-01
5.491615533828735352e-01
5.492156744003295898e-01
5.490360260009765625e-01
5.493403673171997070e-01
5.489553213119506836e-01
5.489024519920349121e-01
5.489165782928466797e-01
5.492380261421203613e-01
5.488716363906860352e-01
5.488232970237731934e-01
5.524154901504516602e-01
5.493407249450683594e-01
5.122822523117065430e-01
5.268093347549438477e-01
5.304094552993774414e-01
5.485881567001342773e-01
5.491646528244018555e-01
5.440829396247863770e-01
5.493407249450683594e-01
5.382145643234252930e-01
5.465900301933288574e-01
5.493353605270385742e-01
5.490643382072448730e-01
5.490347743034362793e-01
5.028001070022583008e-01
5.481756925582885742e-01
5.483228564262390137e-01
5.524154901504516602e-01
5.489621162414550781e-01
5.491890907287597656e-01
5.490453243255615234e-01
5.296537280082702637e-01
5.492588877677917480e-01
5.107761621475219727e-01
5.237863063812255859e-01
5.018224120140075684e-01
5.008310675621032715e-01
5.159978866577148438e-01
5.487320423126220703e-01
5.004737973213195801e-01
5.456082820892333984e-01
5.492723584175109863e-01
5.477909445762634277e-01
5.313359498977661133e-01
5.524154901504516602e-01
5.095726847648620605e-01
5.500847697257995605e-01
4.957197606563568115e-01
5.524154901504516602e-01
5.493103861808776855e-01
5.548406839370727539e-01
5.524154901504516602e-01
5.524154901504516602e-01
5.573588609695434570e-01
5.493397116661071777e-01
5.490413308143615723e-01
5.491526722908020020e-01
5.491129755973815918e-01
5.493391156196594238e-01
5.492138862609863281e-01
5.596297383308410645e-01
5.524154901504516602e-01
5.493243336677551270e-01
5.603611469268798828e-01
5.337843894958496094e-01
5.308041572570800781e-01
5.486841201782226562e-01
5.493164658546447754e-01
5.476873517036437988e-01
5.493016242980957031e-01
5.493343472480773926e-01
5.493404269218444824e-01
5.524154901504516602e-01
5.235829949378967285e-01
4.869996607303619385e-01
5.492829680442810059e-01
5.338392257690429688e-01
5.925573706626892090e-01
5.490284562110900879e-01
5.524154901504516602e-01
5.671981573104858398e-01
5.306753516197204590e-01
5.493404865264892578e-01
5.525735020637512207e-01
5.490502119064331055e-01
5.493393540382385254e-01
5.493020415306091309e-01
5.413191318511962891e-01
5.493401885032653809e-01
5.524154901504516602e-01
5.571983456611633301e-01
5.699541568756103516e-01
5.493386983871459961e-01
5.371397733688354492e-01
5.467754602432250977e-01
5.177472233772277832e-01
5.493406653404235840e-01
5.491865873336791992e-01
5.619634389877319336e-01
5.669713616371154785e-01
5.565786361694335938e-01
5.476502180099487305e-01
5.487456917762756348e-01
5.493379831314086914e-01
5.492569208145141602e-01
5.493403077125549316e-01
5.645108222961425781e-01
5.411513447761535645e-01
5.427307486534118652e-01
5.567058920860290527e-01
5.824657678604125977e-01
5.609052777290344238e-01
5.338392853736877441e-01
5.628989934921264648e-01
5.392050147056579590e-01
