4.605780243873596191e-01
4.605780243873596191e-01
4.605780243873596191e-01
4.605780243873596191e-01
4.605780243873596191e-01
4.605780243873596191e-01
4.605780243873596191e-01
4.605780243873596191e-01
4.605780243873596191e-01
4.605780243873596191e-01
4.605780243873596191e-01
4.605780243873596191e-01
4.605780243873596191e-01
4.605780243873596191e-01
4.605780243873596191e-01
4.605780243873596191e-01
4.605780243873596191e-01
4.605780243873596191e-01
4.605780243873596191e-01
4.605780243873596191e-01
4.605780243873596191e-01
4.605780243873596191e-01
4.207067191600799561e-01
4.605780243873596191e-01
4.605780243873596191e-01
4.605780243873596191e-01
4.605780243873596191e-01
4.605780243873596191e-01
4.605780243873596191e-01
4.605780243873596191e-01
4.605780243873596191e-01
4.605780243873596191e-01
4.605780243873596191e-01
4.605780243873596191e-01
4.605780243873596191e-01
4.605780243873596191e-01
4.605780243873596191e-01
4.605780243873596191e-01
4.605780243873596191e-01
4.605780243873596191e-01
4.605780243873596191e-01
4.605780243873596191e-01
4.605780243873596191e-01
4.605780243873596191e-01
4.605780243873596191e-01
4.605780243873596191e-01
4.605780243873596191e-01
4.605780243873596191e-01
4.605780243873596191e-01
4.605780243873596191e-01
4.605780243873596191e-01
4.605780243873596191e-01
4.605780243873596191e-01
4.605780243873596191e-01
4.605780243873596191e-01
4.605780243873596191e-01
4.605780243873596191e-01
4.605780243873596191e-01
4.605780243873596191e-01
4.605780243873596191e-01
4.605780243873596191e-01
4.207067191600799561e-01
4.605780243873596191e-01
4.605780243873596191e-01
4.605780243873596191e-01
4.605780243873596191e-01
4.605780243873596191e-01
4.605780243873596191e-01
4.605780243873596191e-01
4.605780243873596191e-01
4.605780243873596191e-01
4.605780243873596191e-01
4.605780243873596191e-01
4.605780243873596191e-01
4.605780243873596191e-01
4.605780243873596191e-01
4.605780243873596191e-01
4.605780243873596191e-01
4.605780243873596191e-01
4.605780243873596191e-01
4.605780243873596191e-01
4.605780243873596191e-01
4.605780243873596191e-01
4.605780243873596191e-01
4.605780243873596191e-01
4.605780243873596191e-01
4.605780243873596191e-01
4.605780243873596191e-01
4.605780243873596191e-01
4.605780243873596191e-01
4.605780243873596191e-01
4.605780243873596191e-01
4.605780243873596191e-01
4.605780243873596191e-01
4.605780243873596191e-01
4.605780243873596191e-01
4.605780243873596191e-01
4.605780243873596191e-01
4.207067191600799561e-01
4.605780243873596191e-01
4.605780243873596191e-01
4.605780243873596191e-01
4.605780243873596191e-01
4.605780243873596191e-01
4.605780243873596191e-01
4.605780243873596191e-01
4.605780243873596191e-01
4.605780243873596191e-01
4.605780243873596191e-01
4.605780243873596191e-01
4.207067191600799561e-01
4.605780243873596191e-01
4.605780243873596191e-01
4.605780243873596191e-01
4.605780243873596191e-01
4.605780243873596191e-01
4.605780243873596191e-01
4.605780243873596191e-01
4.605780243873596191e-01
4.605780243873596191e-01
4.605780243873596191e-01
4.605780243873596191e-01
4.605780243873596191e-01
4.605780243873596191e-01
4.605780243873596191e-01
4.605780243873596191e-01
4.605780243873596191e-01
4.605780243873596191e-01
4.605780243873596191e-01
4.605780243873596191e-01
4.605780243873596191e-01
4.605780243873596191e-01
4.605780243873596191e-01
4.605780243873596191e-01
4.605780243873596191e-01
4.605780243873596191e-01
4.605780243873596191e-01
4.605780243873596191e-01
4.605780243873596191e-01
4.605780243873596191e-01
4.605780243873596191e-01
4.605780243873596191e-01
4.605780243873596191e-01
4.605780243873596191e-01
4.605780243873596191e-01
4.605780243873596191e-01
4.605780243873596191e-01
4.605780243873596191e-01
4.605780243873596191e-01
4.605780243873596191e-01
4.605780243873596191e-01
4.605780243873596191e-01
4.605780243873596191e-01
4.605780243873596191e-01
4.605780243873596191e-01
4.605780243873596191e-01
4.605780243873596191e-01
4.605780243873596191e-01
4.605780243873596191e-01
4.605780243873596191e-01
4.605780243873596191e-01
4.605780243873596191e-01
4.605780243873596191e-01
4.605780243873596191e-01
4.605780243873596191e-01
4.605780243873596191e-01
4.605780243873596191e-01
4.605780243873596191e-01
4.605780243873596191e-01
4.605780243873596191e-01
4.605780243873596191e-01
4.605780243873596191e-01
4.605780243873596191e-01
4.605780243873596191e-01
4.605780243873596191e-01
4.605780243873596191e-01
4.605780243873596191e-01
4.605780243873596191e-01
4.605780243873596191e-01
4.605780243873596191e-01
4.605780243873596191e-01
4.605780243873596191e-01
4.605780243873596191e-01
4.605780243873596191e-01
4.605780243873596191e-01
4.605780243873596191e-01
4.605780243873596191e-01
4.605780243873596191e-01
4.605780243873596191e-01
4.605780243873596191e-01
4.605780243873596191e-01
4.605780243873596191e-01
4.605780243873596191e-01
4.605780243873596191e-01
4.605780243873596191e-01
4.605780243873596191e-01
4.605780243873596191e-01
4.605780243873596191e-01
4.605780243873596191e-01
4.605780243873596191e-01
4.207067191600799561e-01
4.207067191600799561e-01
4.270967245101928711e-01
4.207067191600799561e-01
4.207067191600799561e-01
4.207067191600799561e-01
4.605780243873596191e-01
4.605780243873596191e-01
4.207067191600799561e-01
4.207067191600799561e-01
4.605780243873596191e-01
4.207067191600799561e-01
4.207067191600799561e-01
4.207067191600799561e-01
4.256085157394409180e-01
4.207067191600799561e-01
4.605780243873596191e-01
4.605780243873596191e-01
4.207067191600799561e-01
4.207067191600799561e-01
4.207067191600799561e-01
4.207067191600799561e-01
4.207067191600799561e-01
4.207067191600799561e-01
4.605779349803924561e-01
4.605780243873596191e-01
4.285616278648376465e-01
4.605780243873596191e-01
4.605780243873596191e-01
4.605780243873596191e-01
4.235938787460327148e-01
4.252139031887054443e-01
4.221086502075195312e-01
4.605780243873596191e-01
4.207067191600799561e-01
4.605780243873596191e-01
4.417501688003540039e-01
4.207065105438232422e-01
4.605779647827148438e-01
4.207067191600799561e-01
4.207067191600799561e-01
4.207067191600799561e-01
4.207067191600799561e-01
4.207067191600799561e-01
4.605780243873596191e-01
4.604795277118682861e-01
4.603835642337799072e-01
4.603466689586639404e-01
4.603480100631713867e-01
4.605672657489776611e-01
4.605780243873596191e-01
4.207067191600799561e-01
4.605780243873596191e-01
4.605780243873596191e-01
4.605780243873596191e-01
4.604172706604003906e-01
4.605780243873596191e-01
4.605780243873596191e-01
4.605780243873596191e-01
4.605780243873596191e-01
4.605776965618133545e-01
4.207067191600799561e-01
4.605780243873596191e-01
4.605780243873596191e-01
4.605780243873596191e-01
4.605780243873596191e-01
4.605780243873596191e-01
4.605780243873596191e-01
4.605780243873596191e-01
4.207067191600799561e-01
4.605780243873596191e-01
4.605780243873596191e-01
4.207067191600799561e-01
4.605780243873596191e-01
4.605780243873596191e-01
4.605780243873596191e-01
4.605780243873596191e-01
4.605780243873596191e-01
4.605780243873596191e-01
4.605780243873596191e-01
4.605780243873596191e-01
4.605780243873596191e-01
4.605780243873596191e-01
4.605780243873596191e-01
4.605780243873596191e-01
4.211817979812622070e-01
4.605780243873596191e-01
4.271048307418823242e-01
4.207067191600799561e-01
4.207067191600799561e-01
4.218118488788604736e-01
4.605780243873596191e-01
4.228236675262451172e-01
4.390690624713897705e-01
4.228995144367218018e-01
4.267129302024841309e-01
4.395636916160583496e-01
4.263456761837005615e-01
4.605780243873596191e-01
4.479208886623382568e-01
4.605780243873596191e-01
4.605780243873596191e-01
4.605780243873596191e-01
4.605780243873596191e-01
4.605780243873596191e-01
4.605780243873596191e-01
4.605780243873596191e-01
4.605780243873596191e-01
4.605780243873596191e-01
4.605780243873596191e-01
4.605780243873596191e-01
4.605780243873596191e-01
4.605780243873596191e-01
4.605780243873596191e-01
4.605780243873596191e-01
4.605780243873596191e-01
4.605780243873596191e-01
4.605780243873596191e-01
4.605780243873596191e-01
4.605780243873596191e-01
4.605780243873596191e-01
4.605780243873596191e-01
4.605780243873596191e-01
4.207067191600799561e-01
4.605780243873596191e-01
4.216491281986236572e-01
4.207067191600799561e-01
4.207067191600799561e-01
4.207067191600799561e-01
4.605780243873596191e-01
4.207067191600799561e-01
4.207067191600799561e-01
4.207047820091247559e-01
4.207060337066650391e-01
4.605777859687805176e-01
4.605779945850372314e-01
4.207066893577575684e-01
4.314059317111968994e-01
4.605780243873596191e-01
4.207067191600799561e-01
4.222921133041381836e-01
4.605780243873596191e-01
4.605780243873596191e-01
4.605780243873596191e-01
4.605780243873596191e-01
4.605780243873596191e-01
4.605780243873596191e-01
4.605780243873596191e-01
4.605780243873596191e-01
4.605780243873596191e-01
4.605780243873596191e-01
4.605780243873596191e-01
4.605780243873596191e-01
4.605780243873596191e-01
4.605780243873596191e-01
4.605780243873596191e-01
4.605780243873596191e-01
4.605780243873596191e-01
4.605780243873596191e-01
4.605780243873596191e-01
4.605780243873596191e-01
4.605780243873596191e-01
4.605780243873596191e-01
4.605780243873596191e-01
4.605780243873596191e-01
4.605780243873596191e-01
4.605780243873596191e-01
4.605780243873596191e-01
4.605780243873596191e-01
4.605780243873596191e-01
4.605780243873596191e-01
4.605780243873596191e-01
4.605780243873596191e-01
4.605780243873596191e-01
4.605780243873596191e-01
4.605780243873596191e-01
4.605780243873596191e-01
4.605780243873596191e-01
4.605780243873596191e-01
4.605780243873596191e-01
4.605780243873596191e-01
4.605780243873596191e-01
4.605780243873596191e-01
4.605780243873596191e-01
4.605780243873596191e-01
4.605780243873596191e-01
4.605780243873596191e-01
4.605289399623870850e-01
4.605780243873596191e-01
4.605780243873596191e-01
4.605780243873596191e-01
4.605780243873596191e-01
4.605780243873596191e-01
4.605780243873596191e-01
4.605780243873596191e-01
4.605780243873596191e-01
4.605780243873596191e-01
4.605780243873596191e-01
4.605780243873596191e-01
4.605780243873596191e-01
4.605780243873596191e-01
4.605780243873596191e-01
4.605780243873596191e-01
4.605780243873596191e-01
4.605780243873596191e-01
4.605780243873596191e-01
4.605780243873596191e-01
4.605780243873596191e-01
4.605780243873596191e-01
4.605780243873596191e-01
4.605780243873596191e-01
4.605780243873596191e-01
4.605780243873596191e-01
4.605780243873596191e-01
4.605780243873596191e-01
4.605780243873596191e-01
4.605780243873596191e-01
4.605780243873596191e-01
4.605780243873596191e-01
4.605780243873596191e-01
4.605780243873596191e-01
4.605780243873596191e-01
4.207067191600799561e-01
4.605780243873596191e-01
4.605780243873596191e-01
4.605780243873596191e-01
4.605780243873596191e-01
4.605780243873596191e-01
4.605780243873596191e-01
4.605780243873596191e-01
4.605780243873596191e-01
4.605780243873596191e-01
4.605780243873596191e-01
4.605780243873596191e-01
4.605780243873596191e-01
4.605780243873596191e-01
4.605780243873596191e-01
4.605780243873596191e-01
4.605780243873596191e-01
4.605780243873596191e-01
4.605780243873596191e-01
4.605780243873596191e-01
4.605780243873596191e-01
4.605780243873596191e-01
4.605780243873596191e-01
4.605780243873596191e-01
4.605780243873596191e-01
4.605780243873596191e-01
4.605780243873596191e-01
4.605780243873596191e-01
4.605780243873596191e-01
4.605780243873596191e-01
4.605780243873596191e-01
4.605780243873596191e-01
4.605780243873596191e-01
4.605780243873596191e-01
4.605780243873596191e-01
4.605780243873596191e-01
4.605780243873596191e-01
4.605780243873596191e-01
4.605780243873596191e-01
4.605780243873596191e-01
4.605780243873596191e-01
4.605780243873596191e-01
4.605780243873596191e-01
4.605780243873596191e-01
4.605780243873596191e-01
4.605780243873596191e-01
4.605780243873596191e-01
4.605780243873596191e-01
4.605780243873596191e-01
4.605780243873596191e-01
4.605780243873596191e-01
4.605780243873596191e-01
4.605780243873596191e-01
4.605780243873596191e-01
4.605780243873596191e-01
4.605780243873596191e-01
4.605780243873596191e-01
4.605780243873596191e-01
4.605780243873596191e-01
4.605780243873596191e-01
4.207067191600799561e-01
4.605780243873596191e-01
4.428571760654449463e-01
4.428571760654449463e-01
4.570726156234741211e-01
4.233159720897674561e-01
4.207067191600799561e-01
4.605780243873596191e-01
4.207067191600799561e-01
4.207067191600799561e-01
4.207067191600799561e-01
4.212128520011901855e-01
4.231390357017517090e-01
4.387171268463134766e-01
4.226858913898468018e-01
4.226858913898468018e-01
4.268810749053955078e-01
4.224840998649597168e-01
4.605780243873596191e-01
4.605780243873596191e-01
4.605780243873596191e-01
4.605780243873596191e-01
4.605780243873596191e-01
4.605780243873596191e-01
4.605780243873596191e-01
4.605780243873596191e-01
4.605780243873596191e-01
4.605780243873596191e-01
4.605780243873596191e-01
4.605780243873596191e-01
4.605780243873596191e-01
4.605780243873596191e-01
4.605780243873596191e-01
4.605780243873596191e-01
4.605780243873596191e-01
4.605780243873596191e-01
4.605780243873596191e-01
4.605780243873596191e-01
4.605780243873596191e-01
4.605780243873596191e-01
4.605780243873596191e-01
4.605780243873596191e-01
4.605780243873596191e-01
4.605780243873596191e-01
4.605780243873596191e-01
4.605780243873596191e-01
4.605780243873596191e-01
4.605780243873596191e-01
4.605780243873596191e-01
4.605780243873596191e-01
4.605780243873596191e-01
4.605780243873596191e-01
4.605780243873596191e-01
4.605780243873596191e-01
4.605780243873596191e-01
4.605780243873596191e-01
4.605780243873596191e-01
4.605780243873596191e-01
4.605780243873596191e-01
4.605780243873596191e-01
4.605780243873596191e-01
4.605780243873596191e-01
4.605780243873596191e-01
4.300925731658935547e-01
4.605780243873596191e-01
4.605780243873596191e-01
4.605780243873596191e-01
4.605780243873596191e-01
4.605780243873596191e-01
4.605780243873596191e-01
4.605780243873596191e-01
4.605780243873596191e-01
4.605780243873596191e-01
4.605780243873596191e-01
4.605780243873596191e-01
4.605780243873596191e-01
4.605780243873596191e-01
4.605780243873596191e-01
4.605780243873596191e-01
4.605780243873596191e-01
4.605780243873596191e-01
4.605780243873596191e-01
4.605780243873596191e-01
4.605780243873596191e-01
4.605780243873596191e-01
4.605780243873596191e-01
4.605780243873596191e-01
4.605780243873596191e-01
4.605780243873596191e-01
4.605780243873596191e-01
4.605780243873596191e-01
4.605780243873596191e-01
4.605780243873596191e-01
4.605780243873596191e-01
4.605780243873596191e-01
4.605780243873596191e-01
4.605780243873596191e-01
4.605780243873596191e-01
4.605780243873596191e-01
4.605780243873596191e-01
4.605780243873596191e-01
4.605780243873596191e-01
4.605780243873596191e-01
4.605780243873596191e-01
4.605780243873596191e-01
4.605780243873596191e-01
4.605780243873596191e-01
4.605780243873596191e-01
4.605780243873596191e-01
4.605780243873596191e-01
4.605780243873596191e-01
4.605780243873596191e-01
4.605780243873596191e-01
4.605780243873596191e-01
4.605780243873596191e-01
4.605780243873596191e-01
4.605780243873596191e-01
4.605780243873596191e-01
4.605780243873596191e-01
4.605780243873596191e-01
4.605780243873596191e-01
4.605780243873596191e-01
4.605780243873596191e-01
4.605780243873596191e-01
4.605780243873596191e-01
4.605780243873596191e-01
4.605780243873596191e-01
4.605780243873596191e-01
4.605780243873596191e-01
4.605780243873596191e-01
4.605780243873596191e-01
4.605780243873596191e-01
4.605780243873596191e-01
4.605780243873596191e-01
4.605780243873596191e-01
4.605780243873596191e-01
4.605780243873596191e-01
4.605780243873596191e-01
4.605780243873596191e-01
4.605780243873596191e-01
4.605780243873596191e-01
4.605780243873596191e-01
4.605780243873596191e-01
4.605780243873596191e-01
4.207067191600799561e-01
4.605780243873596191e-01
4.605780243873596191e-01
4.605780243873596191e-01
4.605780243873596191e-01
4.605780243873596191e-01
4.605780243873596191e-01
4.605780243873596191e-01
4.605780243873596191e-01
4.605780243873596191e-01
4.605780243873596191e-01
4.605780243873596191e-01
4.605780243873596191e-01
4.605780243873596191e-01
4.605780243873596191e-01
4.605780243873596191e-01
4.605780243873596191e-01
4.605780243873596191e-01
4.605780243873596191e-01
4.605780243873596191e-01
4.605780243873596191e-01
4.605780243873596191e-01
4.605780243873596191e-01
4.605780243873596191e-01
4.605780243873596191e-01
4.605780243873596191e-01
4.605780243873596191e-01
4.605780243873596191e-01
4.605780243873596191e-01
4.605780243873596191e-01
4.605780243873596191e-01
4.605780243873596191e-01
4.605780243873596191e-01
4.207067191600799561e-01
4.605780243873596191e-01
4.605780243873596191e-01
4.605780243873596191e-01
4.605780243873596191e-01
4.605780243873596191e-01
4.605780243873596191e-01
4.605780243873596191e-01
4.605780243873596191e-01
4.605780243873596191e-01
4.605780243873596191e-01
4.605780243873596191e-01
4.605780243873596191e-01
4.605780243873596191e-01
4.605780243873596191e-01
4.605780243873596191e-01
4.605780243873596191e-01
4.605780243873596191e-01
4.605780243873596191e-01
4.605780243873596191e-01
4.605780243873596191e-01
4.605780243873596191e-01
4.605780243873596191e-01
4.605780243873596191e-01
4.605780243873596191e-01
4.605780243873596191e-01
4.605780243873596191e-01
4.605780243873596191e-01
4.605780243873596191e-01
4.605780243873596191e-01
4.605780243873596191e-01
4.605780243873596191e-01
4.605780243873596191e-01
4.605780243873596191e-01
4.605780243873596191e-01
4.605780243873596191e-01
4.605780243873596191e-01
4.605780243873596191e-01
4.207067191600799561e-01
4.605780243873596191e-01
4.605780243873596191e-01
4.605780243873596191e-01
4.605780243873596191e-01
4.605780243873596191e-01
4.605780243873596191e-01
4.605780243873596191e-01
4.605780243873596191e-01
4.605780243873596191e-01
4.605780243873596191e-01
4.605780243873596191e-01
4.605780243873596191e-01
4.605780243873596191e-01
4.605780243873596191e-01
4.605780243873596191e-01
4.605780243873596191e-01
4.605780243873596191e-01
4.605780243873596191e-01
4.605780243873596191e-01
4.605780243873596191e-01
4.605780243873596191e-01
4.605780243873596191e-01
4.605780243873596191e-01
4.605780243873596191e-01
4.605780243873596191e-01
4.605780243873596191e-01
4.605780243873596191e-01
4.605780243873596191e-01
4.605780243873596191e-01
4.605780243873596191e-01
4.605780243873596191e-01
4.207067191600799561e-01
4.605780243873596191e-01
4.605780243873596191e-01
4.605780243873596191e-01
4.605780243873596191e-01
4.605780243873596191e-01
4.605780243873596191e-01
4.605780243873596191e-01
4.207067191600799561e-01
4.605780243873596191e-01
4.605780243873596191e-01
4.605780243873596191e-01
4.605780243873596191e-01
4.605780243873596191e-01
4.605780243873596191e-01
4.605780243873596191e-01
4.605780243873596191e-01
4.605780243873596191e-01
4.605780243873596191e-01
4.605780243873596191e-01
4.605780243873596191e-01
4.605780243873596191e-01
4.605780243873596191e-01
4.605780243873596191e-01
4.605780243873596191e-01
4.207067191600799561e-01
4.605780243873596191e-01
4.605780243873596191e-01
4.605780243873596191e-01
4.207067191600799561e-01
4.605780243873596191e-01
4.605780243873596191e-01
4.605780243873596191e-01
4.207067191600799561e-01
4.605780243873596191e-01
4.605780243873596191e-01
4.605780243873596191e-01
4.605780243873596191e-01
4.605780243873596191e-01
4.605780243873596191e-01
4.605780243873596191e-01
4.605780243873596191e-01
4.605780243873596191e-01
4.605780243873596191e-01
4.605780243873596191e-01
4.605780243873596191e-01
4.605780243873596191e-01
4.605780243873596191e-01
4.605780243873596191e-01
4.605780243873596191e-01
4.207067191600799561e-01
4.605780243873596191e-01
4.605780243873596191e-01
4.605780243873596191e-01
4.605780243873596191e-01
4.605780243873596191e-01
4.605780243873596191e-01
4.605780243873596191e-01
4.605673253536224365e-01
4.605742096900939941e-01
4.605780243873596191e-01
4.605780243873596191e-01
4.605780243873596191e-01
4.605780243873596191e-01
4.605780243873596191e-01
4.605780243873596191e-01
4.605780243873596191e-01
4.605780243873596191e-01
4.605780243873596191e-01
4.605780243873596191e-01
4.605780243873596191e-01
4.605780243873596191e-01
4.605780243873596191e-01
4.605780243873596191e-01
4.605780243873596191e-01
4.605780243873596191e-01
4.605780243873596191e-01
4.605780243873596191e-01
4.605780243873596191e-01
4.605780243873596191e-01
4.605780243873596191e-01
4.605780243873596191e-01
4.605780243873596191e-01
4.605775177478790283e-01
4.605780243873596191e-01
4.605780243873596191e-01
4.605780243873596191e-01
4.605780243873596191e-01
4.605780243873596191e-01
4.605780243873596191e-01
4.605780243873596191e-01
4.605780243873596191e-01
4.207067191600799561e-01
4.605780243873596191e-01
4.605780243873596191e-01
4.605780243873596191e-01
4.605780243873596191e-01
4.605780243873596191e-01
4.605780243873596191e-01
4.605780243873596191e-01
4.605780243873596191e-01
4.605780243873596191e-01
4.605780243873596191e-01
4.605780243873596191e-01
4.605780243873596191e-01
4.605780243873596191e-01
4.605780243873596191e-01
4.605780243873596191e-01
4.605780243873596191e-01
4.605780243873596191e-01
4.605780243873596191e-01
4.605780243873596191e-01
4.605780243873596191e-01
4.207067191600799561e-01
4.605780243873596191e-01
4.605780243873596191e-01
4.605780243873596191e-01
4.605780243873596191e-01
4.605780243873596191e-01
4.605780243873596191e-01
4.605780243873596191e-01
4.605780243873596191e-01
4.605780243873596191e-01
4.605780243873596191e-01
4.605780243873596191e-01
4.605780243873596191e-01
4.605780243873596191e-01
4.605780243873596191e-01
4.605780243873596191e-01
4.605752229690551758e-01
4.605780243873596191e-01
4.605780243873596191e-01
4.605673253536224365e-01
4.605780243873596191e-01
4.605780243873596191e-01
4.605774581432342529e-01
4.605537652969360352e-01
4.605780243873596191e-01
4.605780243873596191e-01
4.605780243873596191e-01
4.605780243873596191e-01
4.605780243873596191e-01
4.605780243873596191e-01
4.605780243873596191e-01
4.605780243873596191e-01
4.605780243873596191e-01
4.605780243873596191e-01
4.605780243873596191e-01
4.605751931667327881e-01
4.605780243873596191e-01
4.605780243873596191e-01
4.605780243873596191e-01
4.605780243873596191e-01
4.605780243873596191e-01
4.605780243873596191e-01
4.605780243873596191e-01
4.605780243873596191e-01
4.605780243873596191e-01
4.605780243873596191e-01
4.605780243873596191e-01
4.605780243873596191e-01
4.207067191600799561e-01
4.605780243873596191e-01
4.605780243873596191e-01
4.207067191600799561e-01
4.605780243873596191e-01
4.605780243873596191e-01
4.207067191600799561e-01
4.207067191600799561e-01
4.605780243873596191e-01
4.605780243873596191e-01
4.605780243873596191e-01
4.207067191600799561e-01
4.207067191600799561e-01
4.605780243873596191e-01
4.605780243873596191e-01
4.605780243873596191e-01
4.605780243873596191e-01
4.605780243873596191e-01
4.605780243873596191e-01
4.605780243873596191e-01
4.605780243873596191e-01
4.605780243873596191e-01
4.605780243873596191e-01
4.605780243873596191e-01
4.605780243873596191e-01
4.605780243873596191e-01
4.605780243873596191e-01
4.605780243873596191e-01
4.605780243873596191e-01
4.605780243873596191e-01
4.605780243873596191e-01
4.605780243873596191e-01
4.605780243873596191e-01
4.605780243873596191e-01
4.605780243873596191e-01
4.605780243873596191e-01
4.605780243873596191e-01
4.207067191600799561e-01
4.605780243873596191e-01
4.212094545364379883e-01
4.605780243873596191e-01
4.605780243873596191e-01
4.605780243873596191e-01
4.605780243873596191e-01
4.605780243873596191e-01
4.207067191600799561e-01
4.605780243873596191e-01
4.605780243873596191e-01
4.605780243873596191e-01
4.605780243873596191e-01
4.605780243873596191e-01
4.605780243873596191e-01
4.605780243873596191e-01
4.605780243873596191e-01
4.605780243873596191e-01
4.605780243873596191e-01
4.605780243873596191e-01
4.207067191600799561e-01
4.605780243873596191e-01
4.605780243873596191e-01
4.605780243873596191e-01
4.605780243873596191e-01
4.605780243873596191e-01
4.605780243873596191e-01
4.605780243873596191e-01
4.605780243873596191e-01
4.605780243873596191e-01
4.605780243873596191e-01
4.605780243873596191e-01
4.207067191600799561e-01
4.605780243873596191e-01
4.605770409107208252e-01
4.605780243873596191e-01
4.290982782840728760e-01
4.605780243873596191e-01
4.605780243873596191e-01
4.605780243873596191e-01
4.605780243873596191e-01
4.243743419647216797e-01
4.605780243873596191e-01
4.207067191600799561e-01
4.605780243873596191e-01
4.605780243873596191e-01
4.605780243873596191e-01
4.605780243873596191e-01
4.605780243873596191e-01
4.605780243873596191e-01
4.605780243873596191e-01
4.605780243873596191e-01
4.605780243873596191e-01
4.605780243873596191e-01
4.605780243873596191e-01
4.605780243873596191e-01
4.605780243873596191e-01
4.605780243873596191e-01
4.605780243873596191e-01
4.605780243873596191e-01
4.605780243873596191e-01
4.605780243873596191e-01
4.605780243873596191e-01
4.605780243873596191e-01
4.605780243873596191e-01
4.605780243873596191e-01
4.605780243873596191e-01
4.605780243873596191e-01
4.605780243873596191e-01
4.605780243873596191e-01
4.605780243873596191e-01
4.605780243873596191e-01
4.605780243873596191e-01
4.605780243873596191e-01
4.605780243873596191e-01
4.605780243873596191e-01
4.605780243873596191e-01
4.605780243873596191e-01
4.605780243873596191e-01
4.605780243873596191e-01
4.605780243873596191e-01
4.605780243873596191e-01
4.605780243873596191e-01
4.605779647827148438e-01
4.605779349803924561e-01
4.605777263641357422e-01
4.605478048324584961e-01
4.605773091316223145e-01
4.605713784694671631e-01
4.605343937873840332e-01
4.605313539505004883e-01
4.604436159133911133e-01
4.605712890625000000e-01
4.605779349803924561e-01
4.605777263641357422e-01
4.207066297531127930e-01
4.605780243873596191e-01
4.207065999507904053e-01
4.605780243873596191e-01
4.605780243873596191e-01
4.605780243873596191e-01
4.605780243873596191e-01
4.605780243873596191e-01
4.605780243873596191e-01
4.605780243873596191e-01
4.605780243873596191e-01
4.605780243873596191e-01
4.605780243873596191e-01
4.605780243873596191e-01
4.605780243873596191e-01
4.605780243873596191e-01
4.605780243873596191e-01
4.605780243873596191e-01
4.605780243873596191e-01
4.605780243873596191e-01
4.605780243873596191e-01
4.605780243873596191e-01
4.605780243873596191e-01
4.605780243873596191e-01
4.605780243873596191e-01
4.605780243873596191e-01
4.605780243873596191e-01
4.605780243873596191e-01
4.605780243873596191e-01
4.605780243873596191e-01
4.605780243873596191e-01
4.605780243873596191e-01
4.605780243873596191e-01
4.605780243873596191e-01
4.605780243873596191e-01
4.605780243873596191e-01
4.605780243873596191e-01
4.605780243873596191e-01
4.605780243873596191e-01
4.605780243873596191e-01
4.605780243873596191e-01
4.605780243873596191e-01
4.605780243873596191e-01
4.605780243873596191e-01
4.207067191600799561e-01
4.207067191600799561e-01
4.207067191600799561e-01
4.207067191600799561e-01
4.207067191600799561e-01
4.207067191600799561e-01
4.207067191600799561e-01
4.207067191600799561e-01
4.207067191600799561e-01
4.207067191600799561e-01
4.207067191600799561e-01
4.207067191600799561e-01
4.207067191600799561e-01
4.207067191600799561e-01
4.207067191600799561e-01
4.207067191600799561e-01
4.207067191600799561e-01
4.207067191600799561e-01
4.207067191600799561e-01
4.207067191600799561e-01
4.207067191600799561e-01
4.605780243873596191e-01
4.605780243873596191e-01
4.207067191600799561e-01
4.207067191600799561e-01
4.207067191600799561e-01
4.207067191600799561e-01
4.207067191600799561e-01
4.207067191600799561e-01
4.207067191600799561e-01
4.207067191600799561e-01
4.207067191600799561e-01
4.207067191600799561e-01
4.207067191600799561e-01
4.207067191600799561e-01
4.207067191600799561e-01
4.207067191600799561e-01
4.207067191600799561e-01
4.207067191600799561e-01
4.207067191600799561e-01
4.207067191600799561e-01
4.207067191600799561e-01
4.207067191600799561e-01
4.207067191600799561e-01
4.207067191600799561e-01
4.207067191600799561e-01
4.207067191600799561e-01
4.207067191600799561e-01
4.207067191600799561e-01
4.207067191600799561e-01
4.207067191600799561e-01
4.207067191600799561e-01
4.207067191600799561e-01
4.207067191600799561e-01
4.207067191600799561e-01
4.207067191600799561e-01
4.207067191600799561e-01
4.207067191600799561e-01
4.207067191600799561e-01
4.207067191600799561e-01
4.207067191600799561e-01
4.207067191600799561e-01
4.207067191600799561e-01
4.207067191600799561e-01
4.605780243873596191e-01
4.207067191600799561e-01
4.605780243873596191e-01
4.605780243873596191e-01
4.605780243873596191e-01
4.605780243873596191e-01
4.605780243873596191e-01
4.605780243873596191e-01
4.605780243873596191e-01
4.605780243873596191e-01
4.605780243873596191e-01
4.605780243873596191e-01
4.605780243873596191e-01
4.605780243873596191e-01
4.605780243873596191e-01
4.605780243873596191e-01
4.605780243873596191e-01
4.605780243873596191e-01
4.605780243873596191e-01
4.605780243873596191e-01
4.605780243873596191e-01
4.605780243873596191e-01
4.605780243873596191e-01
4.605780243873596191e-01
4.605780243873596191e-01
4.605780243873596191e-01
4.605780243873596191e-01
4.605704247951507568e-01
4.605622589588165283e-01
4.207067191600799561e-01
4.605780243873596191e-01
4.605780243873596191e-01
4.605780243873596191e-01
4.605780243873596191e-01
4.605780243873596191e-01
4.605780243873596191e-01
4.605780243873596191e-01
4.605780243873596191e-01
4.605780243873596191e-01
4.605780243873596191e-01
4.605780243873596191e-01
4.605780243873596191e-01
4.605780243873596191e-01
4.605780243873596191e-01
4.605780243873596191e-01
4.605780243873596191e-01
4.605780243873596191e-01
4.605780243873596191e-01
4.605780243873596191e-01
4.605780243873596191e-01
4.605780243873596191e-01
4.605780243873596191e-01
4.605780243873596191e-01
4.605780243873596191e-01
4.605780243873596191e-01
4.605780243873596191e-01
4.605780243873596191e-01
4.605780243873596191e-01
4.605779945850372314e-01
4.605779647827148438e-01
4.605779945850372314e-01
4.605777561664581299e-01
4.605777561664581299e-01
4.605777263641357422e-01
4.206976890563964844e-01
4.605780243873596191e-01
4.605780243873596191e-01
4.605780243873596191e-01
4.605780243873596191e-01
4.605780243873596191e-01
4.605780243873596191e-01
4.207067191600799561e-01
4.207067191600799561e-01
4.207067191600799561e-01
4.207067191600799561e-01
4.207067191600799561e-01
4.207067191600799561e-01
4.605780243873596191e-01
4.605780243873596191e-01
4.605780243873596191e-01
4.605780243873596191e-01
4.605780243873596191e-01
4.605780243873596191e-01
4.605780243873596191e-01
4.605780243873596191e-01
4.605780243873596191e-01
4.605780243873596191e-01
4.605780243873596191e-01
4.605780243873596191e-01
4.605780243873596191e-01
4.605780243873596191e-01
4.605780243873596191e-01
4.605780243873596191e-01
4.605780243873596191e-01
4.605780243873596191e-01
4.605780243873596191e-01
4.605780243873596191e-01
4.605780243873596191e-01
4.605780243873596191e-01
4.605780243873596191e-01
4.605780243873596191e-01
4.605780243873596191e-01
4.605780243873596191e-01
4.605780243873596191e-01
4.605780243873596191e-01
4.605780243873596191e-01
4.605780243873596191e-01
4.605780243873596191e-01
4.605780243873596191e-01
4.605780243873596191e-01
4.605780243873596191e-01
4.605780243873596191e-01
4.605780243873596191e-01
4.605780243873596191e-01
4.605780243873596191e-01
4.605780243873596191e-01
4.605780243873596191e-01
4.605780243873596191e-01
4.605780243873596191e-01
4.605780243873596191e-01
4.605780243873596191e-01
4.605780243873596191e-01
4.605780243873596191e-01
4.605780243873596191e-01
4.605780243873596191e-01
4.605780243873596191e-01
4.605780243873596191e-01
4.605780243873596191e-01
4.605780243873596191e-01
4.605780243873596191e-01
4.605780243873596191e-01
4.605780243873596191e-01
4.605780243873596191e-01
4.207067191600799561e-01
4.605780243873596191e-01
4.354156851768493652e-01
4.207067191600799561e-01
4.207067191600799561e-01
4.207067191600799561e-01
4.207067191600799561e-01
4.207067191600799561e-01
4.207067191600799561e-01
4.605780243873596191e-01
4.605780243873596191e-01
4.605780243873596191e-01
4.605780243873596191e-01
4.605780243873596191e-01
4.605780243873596191e-01
4.605780243873596191e-01
4.605780243873596191e-01
4.605780243873596191e-01
4.605780243873596191e-01
4.605780243873596191e-01
4.605780243873596191e-01
4.605780243873596191e-01
4.605780243873596191e-01
4.605780243873596191e-01
4.605780243873596191e-01
4.605780243873596191e-01
4.605780243873596191e-01
4.605780243873596191e-01
4.605780243873596191e-01
4.605780243873596191e-01
4.605780243873596191e-01
4.605780243873596191e-01
4.605780243873596191e-01
4.605780243873596191e-01
4.605780243873596191e-01
4.207067191600799561e-01
4.207067191600799561e-01
4.207067191600799561e-01
4.207067191600799561e-01
4.207067191600799561e-01
4.207067191600799561e-01
4.207067191600799561e-01
4.207067191600799561e-01
4.605780243873596191e-01
4.605780243873596191e-01
4.605780243873596191e-01
4.605780243873596191e-01
4.605780243873596191e-01
4.605780243873596191e-01
4.605780243873596191e-01
4.605780243873596191e-01
4.605780243873596191e-01
4.605780243873596191e-01
4.605780243873596191e-01
4.605780243873596191e-01
4.605780243873596191e-01
4.605780243873596191e-01
4.207067191600799561e-01
4.605780243873596191e-01
4.605780243873596191e-01
4.605780243873596191e-01
4.605780243873596191e-01
4.605780243873596191e-01
4.605780243873596191e-01
4.605780243873596191e-01
4.605780243873596191e-01
4.605780243873596191e-01
4.605780243873596191e-01
4.605780243873596191e-01
4.605780243873596191e-01
4.605780243873596191e-01
4.605780243873596191e-01
4.605780243873596191e-01
4.605780243873596191e-01
4.605780243873596191e-01
4.605780243873596191e-01
4.605780243873596191e-01
4.605780243873596191e-01
4.605780243873596191e-01
4.605780243873596191e-01
4.605780243873596191e-01
4.602414071559906006e-01
4.605780243873596191e-01
4.605780243873596191e-01
4.605780243873596191e-01
4.605780243873596191e-01
4.207067191600799561e-01
4.207067191600799561e-01
4.207067191600799561e-01
4.207067191600799561e-01
4.207067191600799561e-01
4.207067191600799561e-01
4.207067191600799561e-01
4.207067191600799561e-01
4.207067191600799561e-01
4.207067191600799561e-01
4.207067191600799561e-01
4.207067191600799561e-01
4.207067191600799561e-01
4.207067191600799561e-01
4.207067191600799561e-01
4.605780243873596191e-01
4.207067191600799561e-01
4.207067191600799561e-01
4.207067191600799561e-01
4.605780243873596191e-01
4.605780243873596191e-01
4.605780243873596191e-01
4.605780243873596191e-01
4.207067191600799561e-01
4.207067191600799561e-01
4.241237938404083252e-01
4.207067191600799561e-01
4.207067191600799561e-01
4.207067191600799561e-01
4.207067191600799561e-01
4.207067191600799561e-01
4.605780243873596191e-01
4.207067191600799561e-01
4.207067191600799561e-01
4.605780243873596191e-01
4.605780243873596191e-01
4.207067191600799561e-01
4.605780243873596191e-01
4.207066595554351807e-01
4.207066595554351807e-01
4.207067191600799561e-01
4.207067191600799561e-01
4.207067191600799561e-01
4.207067191600799561e-01
4.207067191600799561e-01
4.207067191600799561e-01
4.207067191600799561e-01
4.207067191600799561e-01
4.207067191600799561e-01
4.207067191600799561e-01
4.207067191600799561e-01
4.605780243873596191e-01
4.605780243873596191e-01
4.605780243873596191e-01
4.605780243873596191e-01
4.605780243873596191e-01
4.207067191600799561e-01
4.605780243873596191e-01
4.605780243873596191e-01
4.605780243873596191e-01
4.605780243873596191e-01
4.605780243873596191e-01
4.605780243873596191e-01
4.605780243873596191e-01
4.605780243873596191e-01
4.605780243873596191e-01
4.605780243873596191e-01
4.605780243873596191e-01
4.605780243873596191e-01
4.605779945850372314e-01
4.605742990970611572e-01
4.605780243873596191e-01
4.605780243873596191e-01
4.605780243873596191e-01
4.605731964111328125e-01
4.605780243873596191e-01
4.605780243873596191e-01
4.605780243873596191e-01
4.605780243873596191e-01
4.605780243873596191e-01
4.605780243873596191e-01
4.604789912700653076e-01
4.605367183685302734e-01
4.605698287487030029e-01
4.605537950992584229e-01
4.605780243873596191e-01
4.605780243873596191e-01
4.605780243873596191e-01
4.605780243873596191e-01
4.605780243873596191e-01
4.605780243873596191e-01
4.605780243873596191e-01
4.605780243873596191e-01
4.605780243873596191e-01
4.605780243873596191e-01
4.605780243873596191e-01
4.605780243873596191e-01
4.605780243873596191e-01
4.605780243873596191e-01
4.605780243873596191e-01
4.605780243873596191e-01
4.605780243873596191e-01
4.605780243873596191e-01
4.605780243873596191e-01
4.605780243873596191e-01
4.207067191600799561e-01
4.605780243873596191e-01
4.605780243873596191e-01
4.605780243873596191e-01
4.605780243873596191e-01
4.605780243873596191e-01
4.605780243873596191e-01
4.605780243873596191e-01
4.605780243873596191e-01
4.605780243873596191e-01
4.605780243873596191e-01
4.605780243873596191e-01
4.605780243873596191e-01
4.605780243873596191e-01
4.605780243873596191e-01
4.605780243873596191e-01
4.605780243873596191e-01
4.605780243873596191e-01
4.605780243873596191e-01
4.605780243873596191e-01
4.605780243873596191e-01
4.605780243873596191e-01
4.605780243873596191e-01
4.605780243873596191e-01
4.605780243873596191e-01
4.605780243873596191e-01
4.605780243873596191e-01
4.605780243873596191e-01
4.605780243873596191e-01
4.605780243873596191e-01
4.605780243873596191e-01
4.605780243873596191e-01
4.605780243873596191e-01
4.605780243873596191e-01
4.605780243873596191e-01
4.605780243873596191e-01
4.605780243873596191e-01
4.605780243873596191e-01
4.605780243873596191e-01
4.605780243873596191e-01
4.605780243873596191e-01
4.605780243873596191e-01
4.605780243873596191e-01
4.605780243873596191e-01
4.605780243873596191e-01
4.605780243873596191e-01
4.605780243873596191e-01
4.275722205638885498e-01
4.605780243873596191e-01
4.605780243873596191e-01
4.605780243873596191e-01
4.605780243873596191e-01
4.605780243873596191e-01
4.605780243873596191e-01
4.605780243873596191e-01
4.605780243873596191e-01
4.605780243873596191e-01
4.605780243873596191e-01
4.605780243873596191e-01
4.605780243873596191e-01
4.605780243873596191e-01
4.605780243873596191e-01
4.605780243873596191e-01
4.605780243873596191e-01
4.605780243873596191e-01
4.605780243873596191e-01
4.605780243873596191e-01
4.605780243873596191e-01
4.605780243873596191e-01
4.605780243873596191e-01
4.605780243873596191e-01
4.605780243873596191e-01
4.605780243873596191e-01
4.605780243873596191e-01
4.605780243873596191e-01
4.605780243873596191e-01
4.605780243873596191e-01
4.605780243873596191e-01
4.605780243873596191e-01
4.605780243873596191e-01
4.605780243873596191e-01
4.605780243873596191e-01
4.605780243873596191e-01
4.605780243873596191e-01
4.605780243873596191e-01
4.605780243873596191e-01
4.605780243873596191e-01
4.605780243873596191e-01
4.605780243873596191e-01
4.208744764328002930e-01
4.343618452548980713e-01
4.605780243873596191e-01
4.207067191600799561e-01
4.207067191600799561e-01
4.207067191600799561e-01
4.207067191600799561e-01
4.207067191600799561e-01
4.207067191600799561e-01
4.207067191600799561e-01
4.207067191600799561e-01
4.207067191600799561e-01
4.269212484359741211e-01
4.291518628597259521e-01
4.207067191600799561e-01
4.207067191600799561e-01
4.207067191600799561e-01
4.207067191600799561e-01
4.207067191600799561e-01
4.207067191600799561e-01
4.287882149219512939e-01
4.207067191600799561e-01
4.207067191600799561e-01
4.217024445533752441e-01
4.207067191600799561e-01
4.207067191600799561e-01
4.207067191600799561e-01
4.207067191600799561e-01
4.207067191600799561e-01
4.207067191600799561e-01
4.207067191600799561e-01
4.207067191600799561e-01
4.207067191600799561e-01
4.207067191600799561e-01
4.207067191600799561e-01
4.207067191600799561e-01
4.207067191600799561e-01
4.207067191600799561e-01
4.207067191600799561e-01
4.207067191600799561e-01
4.207067191600799561e-01
4.207067191600799561e-01
4.605780243873596191e-01
4.207067191600799561e-01
4.605780243873596191e-01
4.605779051780700684e-01
4.605777561664581299e-01
4.605779945850372314e-01
4.605779349803924561e-01
4.605779051780700684e-01
4.605734348297119141e-01
4.605609476566314697e-01
4.605672955513000488e-01
4.605641961097717285e-01
4.605310261249542236e-01
4.603852629661560059e-01
4.605780243873596191e-01
4.605780243873596191e-01
4.207067191600799561e-01
4.605780243873596191e-01
4.207067191600799561e-01
4.207067191600799561e-01
4.207067191600799561e-01
4.207067191600799561e-01
4.207067191600799561e-01
4.207067191600799561e-01
4.605780243873596191e-01
4.605780243873596191e-01
4.207067191600799561e-01
4.207067191600799561e-01
4.207067191600799561e-01
4.208181202411651611e-01
4.605780243873596191e-01
4.284272491931915283e-01
4.207067191600799561e-01
4.207067191600799561e-01
4.207067191600799561e-01
4.605780243873596191e-01
4.605780243873596191e-01
4.605780243873596191e-01
4.605780243873596191e-01
4.605780243873596191e-01
4.605780243873596191e-01
4.605780243873596191e-01
4.605780243873596191e-01
4.605780243873596191e-01
4.605780243873596191e-01
4.605780243873596191e-01
4.605780243873596191e-01
4.605780243873596191e-01
4.605780243873596191e-01
4.605780243873596191e-01
4.605780243873596191e-01
4.605780243873596191e-01
4.605780243873596191e-01
4.605780243873596191e-01
4.605780243873596191e-01
4.605780243873596191e-01
4.605780243873596191e-01
4.605780243873596191e-01
4.605780243873596191e-01
4.605780243873596191e-01
4.605780243873596191e-01
4.605780243873596191e-01
4.605780243873596191e-01
4.317791461944580078e-01
4.207067191600799561e-01
4.207067191600799561e-01
4.207067191600799561e-01
4.207067191600799561e-01
4.207067191600799561e-01
4.207067191600799561e-01
4.207067191600799561e-01
4.207067191600799561e-01
4.207067191600799561e-01
4.207067191600799561e-01
4.207067191600799561e-01
4.207067191600799561e-01
4.207067191600799561e-01
4.207067191600799561e-01
4.250730872154235840e-01
4.286129474639892578e-01
4.207067191600799561e-01
4.207067191600799561e-01
4.207067191600799561e-01
4.207067191600799561e-01
4.207067191600799561e-01
4.207067191600799561e-01
4.207067191600799561e-01
4.444502890110015869e-01
4.605780243873596191e-01
4.605780243873596191e-01
4.207067191600799561e-01
4.605780243873596191e-01
4.605780243873596191e-01
4.605780243873596191e-01
4.605780243873596191e-01
4.212536513805389404e-01
4.207067191600799561e-01
4.207067191600799561e-01
4.207067191600799561e-01
4.207067191600799561e-01
4.282656908035278320e-01
4.207067191600799561e-01
4.207067191600799561e-01
4.207067191600799561e-01
4.207067191600799561e-01
4.207067191600799561e-01
4.605780243873596191e-01
4.207067191600799561e-01
4.605780243873596191e-01
4.605780243873596191e-01
4.207067191600799561e-01
4.207067191600799561e-01
4.605780243873596191e-01
4.388987720012664795e-01
4.605780243873596191e-01
4.605780243873596191e-01
4.605780243873596191e-01
4.605780243873596191e-01
4.207067191600799561e-01
4.605780243873596191e-01
4.605780243873596191e-01
4.207067191600799561e-01
4.207066893577575684e-01
4.207066297531127930e-01
4.207067191600799561e-01
4.605780243873596191e-01
4.605780243873596191e-01
4.605780243873596191e-01
4.207067191600799561e-01
4.605780243873596191e-01
4.605780243873596191e-01
4.605780243873596191e-01
4.605780243873596191e-01
4.605780243873596191e-01
4.605780243873596191e-01
4.605780243873596191e-01
4.605780243873596191e-01
4.605780243873596191e-01
4.605780243873596191e-01
4.605780243873596191e-01
4.605780243873596191e-01
4.605780243873596191e-01
4.605780243873596191e-01
4.605780243873596191e-01
4.605780243873596191e-01
4.605780243873596191e-01
4.605780243873596191e-01
4.605780243873596191e-01
4.605780243873596191e-01
4.605780243873596191e-01
4.605780243873596191e-01
4.605780243873596191e-01
4.605780243873596191e-01
4.605780243873596191e-01
4.605780243873596191e-01
4.605780243873596191e-01
4.605780243873596191e-01
4.207067191600799561e-01
4.605780243873596191e-01
4.207067191600799561e-01
4.605780243873596191e-01
4.605780243873596191e-01
4.605780243873596191e-01
4.605780243873596191e-01
4.605780243873596191e-01
4.605780243873596191e-01
4.605780243873596191e-01
4.605780243873596191e-01
4.605780243873596191e-01
4.605780243873596191e-01
4.207067191600799561e-01
4.605780243873596191e-01
4.605780243873596191e-01
4.605780243873596191e-01
4.605780243873596191e-01
4.605780243873596191e-01
4.605780243873596191e-01
4.605780243873596191e-01
4.605780243873596191e-01
4.605780243873596191e-01
4.605780243873596191e-01
4.605780243873596191e-01
4.605780243873596191e-01
4.605780243873596191e-01
4.605780243873596191e-01
4.605780243873596191e-01
4.605780243873596191e-01
4.605780243873596191e-01
4.605780243873596191e-01
4.605780243873596191e-01
4.605780243873596191e-01
4.605780243873596191e-01
4.605780243873596191e-01
4.605780243873596191e-01
4.605780243873596191e-01
4.605780243873596191e-01
4.605780243873596191e-01
4.605780243873596191e-01
4.605780243873596191e-01
4.605780243873596191e-01
4.605780243873596191e-01
4.605780243873596191e-01
4.605780243873596191e-01
4.605780243873596191e-01
4.605780243873596191e-01
4.605780243873596191e-01
4.605780243873596191e-01
4.605780243873596191e-01
4.605780243873596191e-01
4.207067191600799561e-01
4.605780243873596191e-01
4.605780243873596191e-01
4.605780243873596191e-01
4.605780243873596191e-01
4.605780243873596191e-01
4.605780243873596191e-01
4.605780243873596191e-01
4.605780243873596191e-01
4.455181658267974854e-01
4.605780243873596191e-01
4.605780243873596191e-01
4.605780243873596191e-01
4.605780243873596191e-01
4.605780243873596191e-01
4.605780243873596191e-01
4.605780243873596191e-01
4.605780243873596191e-01
4.605780243873596191e-01
4.605780243873596191e-01
4.605780243873596191e-01
4.605780243873596191e-01
4.605780243873596191e-01
4.605780243873596191e-01
4.605780243873596191e-01
4.605780243873596191e-01
4.605780243873596191e-01
4.207067191600799561e-01
4.605780243873596191e-01
4.605780243873596191e-01
4.605780243873596191e-01
4.605780243873596191e-01
4.207067191600799561e-01
4.605780243873596191e-01
4.207067191600799561e-01
4.605780243873596191e-01
4.605780243873596191e-01
4.207067191600799561e-01
4.605780243873596191e-01
4.605780243873596191e-01
4.605780243873596191e-01
4.605780243873596191e-01
4.605780243873596191e-01
4.605780243873596191e-01
4.605780243873596191e-01
4.605780243873596191e-01
4.605780243873596191e-01
4.605780243873596191e-01
4.605780243873596191e-01
4.605780243873596191e-01
4.605780243873596191e-01
4.605780243873596191e-01
4.605780243873596191e-01
4.605780243873596191e-01
4.605780243873596191e-01
4.605780243873596191e-01
4.605780243873596191e-01
4.605780243873596191e-01
4.605780243873596191e-01
4.605780243873596191e-01
4.605780243873596191e-01
4.605780243873596191e-01
4.605780243873596191e-01
4.605780243873596191e-01
4.207067191600799561e-01
4.605780243873596191e-01
4.605780243873596191e-01
4.605780243873596191e-01
4.605780243873596191e-01
4.605780243873596191e-01
4.605780243873596191e-01
4.605780243873596191e-01
4.605780243873596191e-01
4.605780243873596191e-01
4.605780243873596191e-01
4.605780243873596191e-01
4.605780243873596191e-01
4.605780243873596191e-01
4.605780243873596191e-01
4.605780243873596191e-01
4.605780243873596191e-01
4.605780243873596191e-01
4.207067191600799561e-01
4.605780243873596191e-01
4.207067191600799561e-01
4.605780243873596191e-01
4.605780243873596191e-01
4.207067191600799561e-01
4.207067191600799561e-01
4.605780243873596191e-01
4.207067191600799561e-01
4.207067191600799561e-01
4.605780243873596191e-01
4.207067191600799561e-01
4.605780243873596191e-01
4.605780243873596191e-01
4.605780243873596191e-01
4.605780243873596191e-01
4.605780243873596191e-01
4.605780243873596191e-01
4.605780243873596191e-01
4.605780243873596191e-01
4.605780243873596191e-01
4.605780243873596191e-01
4.605780243873596191e-01
4.605780243873596191e-01
4.605780243873596191e-01
4.605780243873596191e-01
4.605780243873596191e-01
4.207067191600799561e-01
4.605780243873596191e-01
4.605780243873596191e-01
4.605780243873596191e-01
4.605780243873596191e-01
4.605780243873596191e-01
4.605780243873596191e-01
4.605780243873596191e-01
4.605780243873596191e-01
4.605780243873596191e-01
4.605780243873596191e-01
4.605780243873596191e-01
4.605780243873596191e-01
4.605780243873596191e-01
4.605780243873596191e-01
4.605780243873596191e-01
4.605780243873596191e-01
4.605780243873596191e-01
4.605780243873596191e-01
4.605780243873596191e-01
4.605780243873596191e-01
4.605780243873596191e-01
4.605780243873596191e-01
4.605780243873596191e-01
4.605780243873596191e-01
4.605780243873596191e-01
4.605780243873596191e-01
4.605780243873596191e-01
4.605780243873596191e-01
4.605780243873596191e-01
4.605780243873596191e-01
4.605780243873596191e-01
4.605780243873596191e-01
4.605780243873596191e-01
4.605780243873596191e-01
4.605780243873596191e-01
4.605780243873596191e-01
4.605780243873596191e-01
4.605780243873596191e-01
4.605780243873596191e-01
4.605780243873596191e-01
4.605780243873596191e-01
4.605780243873596191e-01
4.605780243873596191e-01
4.605780243873596191e-01
4.207067191600799561e-01
4.605780243873596191e-01
4.605780243873596191e-01
4.207067191600799561e-01
4.605780243873596191e-01
4.605780243873596191e-01
4.605780243873596191e-01
4.207067191600799561e-01
4.605780243873596191e-01
4.207067191600799561e-01
4.605780243873596191e-01
4.207067191600799561e-01
4.605780243873596191e-01
4.605780243873596191e-01
4.605780243873596191e-01
4.605780243873596191e-01
4.207067191600799561e-01
4.605780243873596191e-01
4.207067191600799561e-01
4.605780243873596191e-01
4.605780243873596191e-01
4.605780243873596191e-01
4.605780243873596191e-01
4.304085373878479004e-01
4.605780243873596191e-01
4.605780243873596191e-01
4.207067191600799561e-01
4.605780243873596191e-01
4.207067191600799561e-01
4.605780243873596191e-01
4.207067191600799561e-01
4.605780243873596191e-01
4.207067191600799561e-01
4.605780243873596191e-01
4.207067191600799561e-01
4.605780243873596191e-01
4.207067191600799561e-01
4.605780243873596191e-01
4.605780243873596191e-01
4.207067191600799561e-01
4.605780243873596191e-01
4.605780243873596191e-01
4.605780243873596191e-01
4.605780243873596191e-01
4.605780243873596191e-01
4.605780243873596191e-01
4.605780243873596191e-01
4.207067191600799561e-01
4.605780243873596191e-01
4.207067191600799561e-01
4.605780243873596191e-01
4.605780243873596191e-01
4.605780243873596191e-01
4.207067191600799561e-01
4.605780243873596191e-01
4.605780243873596191e-01
4.605780243873596191e-01
4.207067191600799561e-01
4.605780243873596191e-01
4.605780243873596191e-01
4.605780243873596191e-01
4.605780243873596191e-01
4.207067191600799561e-01
4.207067191600799561e-01
4.207067191600799561e-01
4.207067191600799561e-01
4.207067191600799561e-01
4.207067191600799561e-01
4.207067191600799561e-01
4.260479211807250977e-01
4.211290776729583740e-01
4.207067191600799561e-01
4.208261072635650635e-01
4.207067191600799561e-01
4.207067191600799561e-01
4.207067191600799561e-01
4.605780243873596191e-01
4.605780243873596191e-01
4.605780243873596191e-01
4.207067191600799561e-01
4.605780243873596191e-01
4.207067191600799561e-01
4.605780243873596191e-01
4.605780243873596191e-01
4.605780243873596191e-01
4.605780243873596191e-01
4.605780243873596191e-01
4.605780243873596191e-01
4.605780243873596191e-01
4.605780243873596191e-01
4.605780243873596191e-01
4.605780243873596191e-01
4.605780243873596191e-01
4.605780243873596191e-01
4.605780243873596191e-01
4.605780243873596191e-01
4.605780243873596191e-01
4.605780243873596191e-01
4.605780243873596191e-01
4.605780243873596191e-01
4.605780243873596191e-01
4.605780243873596191e-01
4.605780243873596191e-01
4.605780243873596191e-01
4.605780243873596191e-01
4.605780243873596191e-01
4.605780243873596191e-01
4.605780243873596191e-01
4.605780243873596191e-01
4.207067191600799561e-01
4.605780243873596191e-01
4.207067191600799561e-01
4.605780243873596191e-01
4.605780243873596191e-01
4.605780243873596191e-01
4.207067191600799561e-01
4.605780243873596191e-01
4.605780243873596191e-01
4.605780243873596191e-01
4.207067191600799561e-01
4.207067191600799561e-01
4.605780243873596191e-01
4.605780243873596191e-01
4.605780243873596191e-01
4.605780243873596191e-01
4.605780243873596191e-01
4.605780243873596191e-01
4.605780243873596191e-01
4.207067191600799561e-01
4.605780243873596191e-01
4.605780243873596191e-01
4.605780243873596191e-01
4.605780243873596191e-01
4.605780243873596191e-01
4.207067191600799561e-01
4.605780243873596191e-01
4.605780243873596191e-01
4.605780243873596191e-01
4.605780243873596191e-01
4.605780243873596191e-01
4.605780243873596191e-01
4.207067191600799561e-01
4.605780243873596191e-01
4.605780243873596191e-01
4.605780243873596191e-01
4.605780243873596191e-01
4.605780243873596191e-01
4.605780243873596191e-01
4.605780243873596191e-01
4.605780243873596191e-01
4.605780243873596191e-01
4.605780243873596191e-01
4.391607046127319336e-01
4.605780243873596191e-01
4.605780243873596191e-01
4.293211698532104492e-01
4.514532983303070068e-01
4.605780243873596191e-01
4.207067191600799561e-01
4.605780243873596191e-01
4.372315704822540283e-01
4.605780243873596191e-01
4.207067191600799561e-01
4.605780243873596191e-01
4.421714246273040771e-01
4.207067191600799561e-01
4.605780243873596191e-01
4.207067191600799561e-01
4.605780243873596191e-01
4.605780243873596191e-01
4.231816530227661133e-01
4.207067191600799561e-01
4.605780243873596191e-01
4.207067191600799561e-01
4.605780243873596191e-01
4.207067191600799561e-01
4.605780243873596191e-01
4.605780243873596191e-01
4.605780243873596191e-01
4.605780243873596191e-01
4.605780243873596191e-01
4.605780243873596191e-01
4.605780243873596191e-01
4.605780243873596191e-01
4.605780243873596191e-01
4.207067191600799561e-01
4.207067191600799561e-01
4.605780243873596191e-01
4.605780243873596191e-01
4.605780243873596191e-01
4.605780243873596191e-01
4.207067191600799561e-01
4.605780243873596191e-01
4.605780243873596191e-01
4.605779945850372314e-01
4.605780243873596191e-01
4.605780243873596191e-01
4.605780243873596191e-01
4.605780243873596191e-01
4.605780243873596191e-01
4.605749249458312988e-01
4.605780243873596191e-01
4.605780243873596191e-01
4.605779945850372314e-01
4.605768620967864990e-01
4.605759680271148682e-01
4.605779051780700684e-01
4.605780243873596191e-01
4.605780243873596191e-01
4.605704545974731445e-01
4.605703353881835938e-01
4.605779349803924561e-01
4.605780243873596191e-01
4.605660438537597656e-01
4.603662490844726562e-01
4.605779051780700684e-01
4.605567157268524170e-01
4.605780243873596191e-01
4.605778455734252930e-01
4.605756700038909912e-01
4.605779349803924561e-01
4.605780243873596191e-01
4.605755805969238281e-01
4.604204595088958740e-01
4.605780243873596191e-01
4.605780243873596191e-01
4.294317960739135742e-01
4.605780243873596191e-01
4.605780243873596191e-01
4.605780243873596191e-01
4.605780243873596191e-01
4.605780243873596191e-01
4.605780243873596191e-01
4.605780243873596191e-01
4.605780243873596191e-01
4.605780243873596191e-01
4.605780243873596191e-01
4.605780243873596191e-01
4.605780243873596191e-01
4.605780243873596191e-01
4.207067191600799561e-01
4.605780243873596191e-01
4.605780243873596191e-01
4.414384961128234863e-01
4.207067191600799561e-01
4.605780243873596191e-01
4.605780243873596191e-01
4.605780243873596191e-01
4.605780243873596191e-01
4.605780243873596191e-01
4.605780243873596191e-01
4.605780243873596191e-01
4.605780243873596191e-01
4.605780243873596191e-01
4.605780243873596191e-01
4.605780243873596191e-01
4.605780243873596191e-01
4.605780243873596191e-01
4.605780243873596191e-01
4.605780243873596191e-01
4.605780243873596191e-01
4.207067191600799561e-01
4.605780243873596191e-01
4.605780243873596191e-01
4.605780243873596191e-01
4.605780243873596191e-01
4.605780243873596191e-01
4.207067191600799561e-01
4.605780243873596191e-01
4.225814342498779297e-01
4.207067191600799561e-01
4.207067191600799561e-01
4.605780243873596191e-01
4.207067191600799561e-01
4.207067191600799561e-01
4.410329759120941162e-01
4.211801588535308838e-01
4.207067191600799561e-01
4.605780243873596191e-01
4.342311620712280273e-01
4.605780243873596191e-01
4.207067191600799561e-01
4.605780243873596191e-01
4.605780243873596191e-01
4.207067191600799561e-01
4.605780243873596191e-01
4.207067191600799561e-01
4.605780243873596191e-01
4.605780243873596191e-01
4.605780243873596191e-01
4.605780243873596191e-01
4.207067191600799561e-01
4.605780243873596191e-01
4.605780243873596191e-01
4.605780243873596191e-01
4.605762064456939697e-01
4.207067191600799561e-01
4.605780243873596191e-01
4.605780243873596191e-01
4.605780243873596191e-01
4.605780243873596191e-01
4.605780243873596191e-01
4.605780243873596191e-01
4.207067191600799561e-01
4.605780243873596191e-01
4.207067191600799561e-01
4.605648517608642578e-01
4.605780243873596191e-01
4.207067191600799561e-01
4.605780243873596191e-01
4.605780243873596191e-01
4.207067191600799561e-01
4.605780243873596191e-01
4.605728983879089355e-01
4.207067191600799561e-01
4.605780243873596191e-01
4.605780243873596191e-01
4.604823589324951172e-01
4.605780243873596191e-01
4.207067191600799561e-01
4.605780243873596191e-01
4.605780243873596191e-01
4.207067191600799561e-01
4.605780243873596191e-01
4.207067191600799561e-01
4.605780243873596191e-01
4.605780243873596191e-01
4.605780243873596191e-01
4.605780243873596191e-01
4.605780243873596191e-01
4.605780243873596191e-01
4.605780243873596191e-01
4.207067191600799561e-01
4.605780243873596191e-01
4.605780243873596191e-01
4.605780243873596191e-01
4.605780243873596191e-01
4.605780243873596191e-01
4.605780243873596191e-01
4.605780243873596191e-01
4.605780243873596191e-01
4.605780243873596191e-01
4.605780243873596191e-01
4.605780243873596191e-01
4.605780243873596191e-01
4.605780243873596191e-01
4.605780243873596191e-01
4.207067191600799561e-01
4.605780243873596191e-01
4.605780243873596191e-01
4.605780243873596191e-01
4.605780243873596191e-01
4.605780243873596191e-01
4.207067191600799561e-01
4.605780243873596191e-01
4.605780243873596191e-01
4.605780243873596191e-01
4.207067191600799561e-01
4.605780243873596191e-01
4.605780243873596191e-01
4.605780243873596191e-01
4.605780243873596191e-01
4.605780243873596191e-01
4.605780243873596191e-01
4.605780243873596191e-01
4.605780243873596191e-01
4.605780243873596191e-01
4.605780243873596191e-01
4.605780243873596191e-01
4.605780243873596191e-01
4.605780243873596191e-01
4.605780243873596191e-01
4.605780243873596191e-01
4.605780243873596191e-01
4.605780243873596191e-01
4.605780243873596191e-01
4.605780243873596191e-01
4.605780243873596191e-01
4.605780243873596191e-01
4.605780243873596191e-01
4.605780243873596191e-01
4.605778455734252930e-01
4.605779945850372314e-01
4.605780243873596191e-01
4.605780243873596191e-01
4.605780243873596191e-01
4.605548381805419922e-01
4.605780243873596191e-01
4.605778455734252930e-01
4.605779647827148438e-01
4.605334103107452393e-01
4.605718255043029785e-01
4.605761170387268066e-01
4.605662226676940918e-01
4.605385363101959229e-01
4.605780243873596191e-01
4.605779945850372314e-01
4.207056760787963867e-01
4.605772197246551514e-01
4.605776071548461914e-01
4.605779945850372314e-01
4.605778753757476807e-01
4.605779647827148438e-01
4.605779647827148438e-01
4.605780243873596191e-01
4.605779945850372314e-01
4.207067191600799561e-01
4.605780243873596191e-01
4.605780243873596191e-01
4.605780243873596191e-01
4.605780243873596191e-01
4.605780243873596191e-01
4.605780243873596191e-01
4.605780243873596191e-01
4.210959374904632568e-01
4.605780243873596191e-01
4.605780243873596191e-01
4.605780243873596191e-01
4.207067191600799561e-01
4.605780243873596191e-01
4.605780243873596191e-01
4.207067191600799561e-01
4.605780243873596191e-01
4.605780243873596191e-01
4.605780243873596191e-01
4.605780243873596191e-01
4.207139909267425537e-01
4.605780243873596191e-01
4.207067191600799561e-01
4.605780243873596191e-01
4.605780243873596191e-01
4.207067191600799561e-01
4.605780243873596191e-01
4.605780243873596191e-01
4.605780243873596191e-01
4.207067191600799561e-01
4.605753719806671143e-01
4.605780243873596191e-01
4.207067191600799561e-01
4.605780243873596191e-01
4.605779945850372314e-01
4.605780243873596191e-01
4.605780243873596191e-01
4.605780243873596191e-01
4.605780243873596191e-01
4.207067191600799561e-01
4.605780243873596191e-01
4.605780243873596191e-01
4.605780243873596191e-01
4.207067191600799561e-01
4.605780243873596191e-01
4.605779945850372314e-01
4.605060815811157227e-01
4.605779647827148438e-01
4.605780243873596191e-01
4.605779945850372314e-01
4.605764746665954590e-01
4.605755507946014404e-01
4.605688154697418213e-01
4.605768024921417236e-01
4.605567455291748047e-01
4.605768322944641113e-01
4.605776369571685791e-01
4.605762660503387451e-01
4.605769217014312744e-01
4.605649709701538086e-01
4.605756700038909912e-01
4.605780243873596191e-01
4.605779051780700684e-01
4.605780243873596191e-01
4.605780243873596191e-01
4.605780243873596191e-01
4.605771899223327637e-01
4.605376124382019043e-01
4.605780243873596191e-01
4.605776369571685791e-01
4.605779349803924561e-01
4.605780243873596191e-01
4.605780243873596191e-01
4.605780243873596191e-01
4.605776071548461914e-01
4.605780243873596191e-01
4.605780243873596191e-01
4.207067191600799561e-01
4.605780243873596191e-01
4.605780243873596191e-01
4.605780243873596191e-01
4.605780243873596191e-01
4.605780243873596191e-01
4.605780243873596191e-01
4.605779647827148438e-01
4.605774283409118652e-01
4.604406952857971191e-01
4.605780243873596191e-01
4.605738520622253418e-01
4.605780243873596191e-01
4.207067191600799561e-01
4.605780243873596191e-01
4.605780243873596191e-01
4.605780243873596191e-01
4.605774581432342529e-01
4.605780243873596191e-01
4.605771303176879883e-01
4.295193850994110107e-01
4.605780243873596191e-01
4.605780243873596191e-01
4.605780243873596191e-01
4.207067191600799561e-01
4.605780243873596191e-01
4.605780243873596191e-01
4.605780243873596191e-01
4.357377290725708008e-01
4.605780243873596191e-01
4.605780243873596191e-01
4.605780243873596191e-01
4.605780243873596191e-01
4.605780243873596191e-01
4.207067191600799561e-01
4.274928569793701172e-01
4.243259131908416748e-01
4.207067191600799561e-01
4.207067191600799561e-01
4.605780243873596191e-01
4.207067191600799561e-01
4.605780243873596191e-01
4.605780243873596191e-01
4.605780243873596191e-01
4.605780243873596191e-01
4.605780243873596191e-01
4.605780243873596191e-01
4.605780243873596191e-01
4.605780243873596191e-01
4.605780243873596191e-01
4.605780243873596191e-01
4.207067191600799561e-01
4.605780243873596191e-01
4.605780243873596191e-01
4.605780243873596191e-01
4.605780243873596191e-01
4.605780243873596191e-01
4.605780243873596191e-01
4.605780243873596191e-01
4.605780243873596191e-01
4.605780243873596191e-01
4.605780243873596191e-01
4.605780243873596191e-01
4.605780243873596191e-01
4.605780243873596191e-01
4.605780243873596191e-01
4.605780243873596191e-01
4.605780243873596191e-01
4.605780243873596191e-01
4.605780243873596191e-01
4.605780243873596191e-01
4.605780243873596191e-01
4.605780243873596191e-01
4.605780243873596191e-01
4.605780243873596191e-01
4.605780243873596191e-01
4.605780243873596191e-01
4.207067191600799561e-01
4.605780243873596191e-01
4.605780243873596191e-01
4.207067191600799561e-01
4.605780243873596191e-01
4.605780243873596191e-01
4.605780243873596191e-01
4.605779647827148438e-01
4.397439062595367432e-01
4.605780243873596191e-01
4.605780243873596191e-01
4.605780243873596191e-01
4.605780243873596191e-01
4.244035482406616211e-01
4.605780243873596191e-01
4.605780243873596191e-01
4.605780243873596191e-01
4.605780243873596191e-01
4.605780243873596191e-01
4.207067191600799561e-01
4.605780243873596191e-01
4.605780243873596191e-01
4.605780243873596191e-01
4.605780243873596191e-01
4.605780243873596191e-01
4.605780243873596191e-01
4.605780243873596191e-01
4.605780243873596191e-01
4.605780243873596191e-01
4.605780243873596191e-01
4.605780243873596191e-01
4.605780243873596191e-01
4.605780243873596191e-01
4.605780243873596191e-01
4.605780243873596191e-01
4.308242201805114746e-01
4.605780243873596191e-01
4.605780243873596191e-01
4.605780243873596191e-01
4.207067191600799561e-01
4.605780243873596191e-01
4.605780243873596191e-01
4.605780243873596191e-01
4.605780243873596191e-01
4.605780243873596191e-01
4.605780243873596191e-01
4.605780243873596191e-01
4.605780243873596191e-01
4.605780243873596191e-01
4.605780243873596191e-01
4.605780243873596191e-01
4.605780243873596191e-01
4.207067191600799561e-01
4.605780243873596191e-01
4.605780243873596191e-01
4.605780243873596191e-01
4.605780243873596191e-01
4.207067191600799561e-01
4.605780243873596191e-01
4.254959821701049805e-01
4.207067191600799561e-01
4.605780243873596191e-01
4.605780243873596191e-01
4.207067191600799561e-01
4.605780243873596191e-01
4.605780243873596191e-01
4.605780243873596191e-01
4.605780243873596191e-01
4.605780243873596191e-01
4.605780243873596191e-01
4.605780243873596191e-01
4.605780243873596191e-01
4.605780243873596191e-01
4.605780243873596191e-01
4.605780243873596191e-01
4.605779945850372314e-01
4.605780243873596191e-01
4.207067191600799561e-01
4.605780243873596191e-01
4.605780243873596191e-01
4.605780243873596191e-01
4.605780243873596191e-01
4.605780243873596191e-01
4.605780243873596191e-01
4.605780243873596191e-01
4.605780243873596191e-01
4.211314320564270020e-01
4.207067191600799561e-01
4.454315304756164551e-01
4.207067191600799561e-01
4.230591654777526855e-01
4.605780243873596191e-01
4.207067191600799561e-01
4.605780243873596191e-01
4.605780243873596191e-01
4.605780243873596191e-01
4.605780243873596191e-01
4.605780243873596191e-01
4.605780243873596191e-01
4.605780243873596191e-01
4.605780243873596191e-01
4.605780243873596191e-01
4.605780243873596191e-01
4.605780243873596191e-01
4.605780243873596191e-01
4.605780243873596191e-01
4.605780243873596191e-01
4.605780243873596191e-01
4.605780243873596191e-01
4.605780243873596191e-01
4.605780243873596191e-01
4.316171705722808838e-01
4.605780243873596191e-01
4.207824468612670898e-01
4.207067191600799561e-01
4.605780243873596191e-01
4.353038966655731201e-01
4.207067191600799561e-01
4.207067191600799561e-01
4.605780243873596191e-01
4.221006333827972412e-01
4.207067191600799561e-01
4.605780243873596191e-01
4.605780243873596191e-01
4.605780243873596191e-01
4.605780243873596191e-01
4.605780243873596191e-01
4.605780243873596191e-01
4.605780243873596191e-01
4.605780243873596191e-01
4.605780243873596191e-01
4.605780243873596191e-01
4.605780243873596191e-01
4.605780243873596191e-01
4.605780243873596191e-01
4.605780243873596191e-01
4.605780243873596191e-01
4.605780243873596191e-01
4.605780243873596191e-01
4.605780243873596191e-01
4.605780243873596191e-01
4.605780243873596191e-01
4.605780243873596191e-01
4.605780243873596191e-01
4.605780243873596191e-01
4.605780243873596191e-01
4.605780243873596191e-01
4.605780243873596191e-01
4.605780243873596191e-01
4.605780243873596191e-01
4.605780243873596191e-01
4.605780243873596191e-01
4.605780243873596191e-01
4.605780243873596191e-01
4.605780243873596191e-01
4.605780243873596191e-01
4.605780243873596191e-01
4.605780243873596191e-01
4.605780243873596191e-01
4.605780243873596191e-01
4.605780243873596191e-01
4.605780243873596191e-01
4.605780243873596191e-01
4.605780243873596191e-01
4.605780243873596191e-01
4.605780243873596191e-01
4.495594203472137451e-01
4.605780243873596191e-01
4.602181315422058105e-01
4.605776071548461914e-01
4.605779945850372314e-01
4.207066297531127930e-01
4.605779349803924561e-01
4.605778455734252930e-01
4.605780243873596191e-01
4.605773687362670898e-01
4.263217747211456299e-01
4.605780243873596191e-01
4.605780243873596191e-01
4.605780243873596191e-01
4.605780243873596191e-01
4.605780243873596191e-01
4.605780243873596191e-01
4.605780243873596191e-01
4.605780243873596191e-01
4.605780243873596191e-01
4.605780243873596191e-01
4.605780243873596191e-01
4.605780243873596191e-01
4.605780243873596191e-01
4.605780243873596191e-01
4.605780243873596191e-01
4.605780243873596191e-01
4.605780243873596191e-01
4.605780243873596191e-01
4.605780243873596191e-01
4.605780243873596191e-01
4.605780243873596191e-01
4.605780243873596191e-01
4.605780243873596191e-01
4.605780243873596191e-01
4.605780243873596191e-01
4.605780243873596191e-01
4.605780243873596191e-01
4.207067191600799561e-01
4.605780243873596191e-01
4.605780243873596191e-01
4.605780243873596191e-01
4.605780243873596191e-01
4.605780243873596191e-01
4.605780243873596191e-01
4.605780243873596191e-01
4.605780243873596191e-01
4.605780243873596191e-01
4.605780243873596191e-01
4.605780243873596191e-01
4.605780243873596191e-01
4.605780243873596191e-01
4.605780243873596191e-01
4.605780243873596191e-01
4.605780243873596191e-01
4.605780243873596191e-01
4.605780243873596191e-01
4.605780243873596191e-01
4.605780243873596191e-01
4.605780243873596191e-01
4.605780243873596191e-01
4.215818047523498535e-01
4.605780243873596191e-01
4.605780243873596191e-01
4.605780243873596191e-01
4.605780243873596191e-01
4.605780243873596191e-01
4.207066893577575684e-01
4.207067191600799561e-01
4.207067191600799561e-01
4.605780243873596191e-01
4.605780243873596191e-01
4.605780243873596191e-01
4.605780243873596191e-01
4.605780243873596191e-01
4.605780243873596191e-01
4.605780243873596191e-01
4.605780243873596191e-01
4.605779647827148438e-01
4.605780243873596191e-01
4.605780243873596191e-01
4.605780243873596191e-01
4.605780243873596191e-01
4.207067191600799561e-01
4.605780243873596191e-01
4.605780243873596191e-01
4.557000696659088135e-01
4.605780243873596191e-01
4.605780243873596191e-01
4.605780243873596191e-01
4.605780243873596191e-01
4.605780243873596191e-01
4.605780243873596191e-01
4.605780243873596191e-01
4.605780243873596191e-01
4.605780243873596191e-01
4.605780243873596191e-01
4.605780243873596191e-01
4.605780243873596191e-01
4.605780243873596191e-01
4.605780243873596191e-01
4.605780243873596191e-01
4.605780243873596191e-01
4.605780243873596191e-01
4.605780243873596191e-01
4.605780243873596191e-01
4.605780243873596191e-01
4.605780243873596191e-01
4.605780243873596191e-01
4.605780243873596191e-01
4.605780243873596191e-01
4.605780243873596191e-01
4.605780243873596191e-01
4.605780243873596191e-01
4.605780243873596191e-01
4.605780243873596191e-01
4.605780243873596191e-01
4.605780243873596191e-01
4.605780243873596191e-01
4.605780243873596191e-01
4.605780243873596191e-01
4.605780243873596191e-01
4.605780243873596191e-01
4.605780243873596191e-01
4.207067191600799561e-01
4.605780243873596191e-01
4.207067191600799561e-01
4.605780243873596191e-01
4.605780243873596191e-01
4.605780243873596191e-01
4.605780243873596191e-01
4.207067191600799561e-01
4.605780243873596191e-01
4.207067191600799561e-01
4.207067191600799561e-01
4.207067191600799561e-01
4.207067191600799561e-01
4.605780243873596191e-01
4.605780243873596191e-01
4.207067191600799561e-01
4.605780243873596191e-01
4.207067191600799561e-01
4.207067191600799561e-01
4.209133684635162354e-01
4.605780243873596191e-01
4.207067191600799561e-01
4.605780243873596191e-01
4.238869547843933105e-01
4.207067191600799561e-01
4.339163899421691895e-01
4.605780243873596191e-01
4.207067191600799561e-01
4.207067191600799561e-01
4.207067191600799561e-01
4.232047796249389648e-01
4.207067191600799561e-01
4.207067191600799561e-01
4.207067191600799561e-01
4.605780243873596191e-01
4.605780243873596191e-01
4.605780243873596191e-01
4.605780243873596191e-01
4.207067191600799561e-01
4.605780243873596191e-01
4.586668610572814941e-01
4.605780243873596191e-01
4.605780243873596191e-01
4.605780243873596191e-01
4.605780243873596191e-01
4.605780243873596191e-01
4.605780243873596191e-01
4.605780243873596191e-01
4.605780243873596191e-01
4.605780243873596191e-01
4.605780243873596191e-01
4.605780243873596191e-01
4.605780243873596191e-01
4.207067191600799561e-01
4.605780243873596191e-01
4.605780243873596191e-01
4.605780243873596191e-01
4.605780243873596191e-01
4.605780243873596191e-01
4.605780243873596191e-01
4.605780243873596191e-01
4.605780243873596191e-01
4.605780243873596191e-01
4.605780243873596191e-01
4.605780243873596191e-01
4.605780243873596191e-01
4.605780243873596191e-01
4.605780243873596191e-01
4.605780243873596191e-01
4.605780243873596191e-01
4.605780243873596191e-01
4.605780243873596191e-01
4.605780243873596191e-01
4.605780243873596191e-01
4.605780243873596191e-01
4.605780243873596191e-01
4.605780243873596191e-01
4.605780243873596191e-01
4.605780243873596191e-01
4.605780243873596191e-01
4.605780243873596191e-01
4.605780243873596191e-01
4.605780243873596191e-01
4.605780243873596191e-01
4.605780243873596191e-01
4.605780243873596191e-01
4.605780243873596191e-01
4.605780243873596191e-01
4.605780243873596191e-01
4.605780243873596191e-01
4.605780243873596191e-01
4.605780243873596191e-01
4.605780243873596191e-01
4.605780243873596191e-01
4.605780243873596191e-01
4.605780243873596191e-01
4.605780243873596191e-01
4.605780243873596191e-01
4.605780243873596191e-01
4.605780243873596191e-01
4.207067191600799561e-01
4.605780243873596191e-01
4.605780243873596191e-01
4.605780243873596191e-01
4.605780243873596191e-01
4.605780243873596191e-01
4.605780243873596191e-01
4.605780243873596191e-01
4.605780243873596191e-01
4.605780243873596191e-01
4.605780243873596191e-01
4.605780243873596191e-01
4.605780243873596191e-01
4.605780243873596191e-01
4.605780243873596191e-01
4.605780243873596191e-01
4.207067191600799561e-01
4.605780243873596191e-01
4.605780243873596191e-01
4.605780243873596191e-01
4.605780243873596191e-01
4.605780243873596191e-01
4.605780243873596191e-01
4.605780243873596191e-01
4.605780243873596191e-01
4.605780243873596191e-01
4.605780243873596191e-01
4.605780243873596191e-01
4.605780243873596191e-01
4.605780243873596191e-01
4.605780243873596191e-01
4.605780243873596191e-01
4.605780243873596191e-01
4.605780243873596191e-01
4.605780243873596191e-01
4.605780243873596191e-01
4.605780243873596191e-01
4.605780243873596191e-01
4.605780243873596191e-01
4.207067191600799561e-01
4.605780243873596191e-01
4.605780243873596191e-01
4.605780243873596191e-01
4.605780243873596191e-01
4.605780243873596191e-01
4.605780243873596191e-01
4.605780243873596191e-01
4.207067191600799561e-01
4.605780243873596191e-01
4.605780243873596191e-01
4.605780243873596191e-01
4.207067191600799561e-01
4.207067191600799561e-01
4.605780243873596191e-01
4.207067191600799561e-01
4.605780243873596191e-01
4.605780243873596191e-01
4.605780243873596191e-01
4.207067191600799561e-01
4.605780243873596191e-01
4.605780243873596191e-01
4.605780243873596191e-01
4.605780243873596191e-01
4.605780243873596191e-01
4.605780243873596191e-01
4.605780243873596191e-01
4.605780243873596191e-01
4.605780243873596191e-01
4.605780243873596191e-01
4.605780243873596191e-01
4.605780243873596191e-01
4.605780243873596191e-01
4.605780243873596191e-01
4.207067191600799561e-01
4.605780243873596191e-01
4.605780243873596191e-01
4.605780243873596191e-01
4.605780243873596191e-01
4.605780243873596191e-01
4.605780243873596191e-01
4.207067191600799561e-01
4.605780243873596191e-01
4.605780243873596191e-01
4.605780243873596191e-01
4.207066893577575684e-01
4.605780243873596191e-01
4.207066893577575684e-01
4.605780243873596191e-01
4.605780243873596191e-01
4.605780243873596191e-01
4.605780243873596191e-01
4.605780243873596191e-01
4.605780243873596191e-01
4.605780243873596191e-01
4.605780243873596191e-01
4.605780243873596191e-01
4.605780243873596191e-01
4.605780243873596191e-01
4.605780243873596191e-01
4.605780243873596191e-01
4.605780243873596191e-01
4.605780243873596191e-01
4.605780243873596191e-01
4.605780243873596191e-01
4.605780243873596191e-01
4.605780243873596191e-01
4.338799118995666504e-01
4.605780243873596191e-01
4.605780243873596191e-01
4.605780243873596191e-01
4.605780243873596191e-01
4.605780243873596191e-01
4.605780243873596191e-01
4.605780243873596191e-01
4.605780243873596191e-01
4.605780243873596191e-01
4.605780243873596191e-01
4.605780243873596191e-01
4.605780243873596191e-01
4.605779945850372314e-01
4.207065999507904053e-01
4.207067191600799561e-01
4.207067191600799561e-01
4.605780243873596191e-01
4.605780243873596191e-01
4.605780243873596191e-01
4.605780243873596191e-01
4.605780243873596191e-01
4.605780243873596191e-01
4.605780243873596191e-01
4.433620572090148926e-01
4.605780243873596191e-01
4.207067191600799561e-01
4.605780243873596191e-01
4.605780243873596191e-01
4.605780243873596191e-01
4.605780243873596191e-01
4.605780243873596191e-01
4.605780243873596191e-01
4.605780243873596191e-01
4.605780243873596191e-01
4.207067191600799561e-01
4.605780243873596191e-01
4.605780243873596191e-01
4.207067191600799561e-01
4.605780243873596191e-01
4.207067191600799561e-01
4.605780243873596191e-01
4.207067191600799561e-01
4.207067191600799561e-01
4.605780243873596191e-01
4.605780243873596191e-01
4.605780243873596191e-01
4.207067191600799561e-01
4.605780243873596191e-01
4.605780243873596191e-01
4.605780243873596191e-01
4.605780243873596191e-01
4.298710227012634277e-01
4.605780243873596191e-01
4.207067489624023438e-01
4.605780243873596191e-01
4.605780243873596191e-01
4.605780243873596191e-01
