5.104579925537109375e-01
5.431424379348754883e-01
5.131558775901794434e-01
5.421565771102905273e-01
4.934474527835845947e-01
5.267181992530822754e-01
5.118580460548400879e-01
4.878780841827392578e-01
5.131883621215820312e-01
4.974805712699890137e-01
4.997499287128448486e-01
5.095044374465942383e-01
5.078427791595458984e-01
5.419404506683349609e-01
5.408021807670593262e-01
4.934710860252380371e-01
5.378582477569580078e-01
5.156628489494323730e-01
5.568545460700988770e-01
5.335410237312316895e-01
5.172181129455566406e-01
5.706011056900024414e-01
5.334209799766540527e-01
5.126650929450988770e-01
5.388752222061157227e-01
5.342360734939575195e-01
5.569041371345520020e-01
5.382456779479980469e-01
5.353040099143981934e-01
5.444975495338439941e-01
5.407769680023193359e-01
5.276204943656921387e-01
5.300421118736267090e-01
5.331228971481323242e-01
5.517134666442871094e-01
5.457020401954650879e-01
5.147392153739929199e-01
5.335481166839599609e-01
5.341641902923583984e-01
5.142509937286376953e-01
5.543130040168762207e-01
5.304138660430908203e-01
5.214034318923950195e-01
5.142126083374023438e-01
5.568096041679382324e-01
5.742457509040832520e-01
5.266222357749938965e-01
5.445555448532104492e-01
5.400086045265197754e-01
5.518827438354492188e-01
5.364488959312438965e-01
5.477036237716674805e-01
4.941767752170562744e-01
5.460206866264343262e-01
5.026349425315856934e-01
5.130341053009033203e-01
5.443052649497985840e-01
5.273731946945190430e-01
5.296148657798767090e-01
5.512468814849853516e-01
5.477446913719177246e-01
5.083773136138916016e-01
5.443052649497985840e-01
5.324296355247497559e-01
5.304775834083557129e-01
5.368764996528625488e-01
5.491572022438049316e-01
5.149503350257873535e-01
5.504462718963623047e-01
5.332038402557373047e-01
5.467562079429626465e-01
5.354366898536682129e-01
5.352220535278320312e-01
5.196118354797363281e-01
5.352783203125000000e-01
5.487027764320373535e-01
5.528947710990905762e-01
5.353029370307922363e-01
5.504477620124816895e-01
5.224634408950805664e-01
5.501576662063598633e-01
5.451314449310302734e-01
5.337482690811157227e-01
5.310134887695312500e-01
5.319181680679321289e-01
5.513286590576171875e-01
5.183204412460327148e-01
5.415294766426086426e-01
5.343597531318664551e-01
5.192844867706298828e-01
5.232320427894592285e-01
5.291015505790710449e-01
5.455106496810913086e-01
5.384059548377990723e-01
5.507410168647766113e-01
5.041713118553161621e-01
5.411971807479858398e-01
5.363097190856933594e-01
5.403975844383239746e-01
5.445778965950012207e-01
5.507813692092895508e-01
5.517830252647399902e-01
5.408453345298767090e-01
5.373769998550415039e-01
5.461564660072326660e-01
5.526762604713439941e-01
5.231740474700927734e-01
5.395955443382263184e-01
5.346260666847229004e-01
5.352880358695983887e-01
5.334812402725219727e-01
5.340683460235595703e-01
5.331954360008239746e-01
5.410544872283935547e-01
5.199068784713745117e-01
5.340771675109863281e-01
5.515838265419006348e-01
5.052474737167358398e-01
5.153975486755371094e-01
5.454229116439819336e-01
5.310184359550476074e-01
5.387237071990966797e-01
5.395024418830871582e-01
5.460203289985656738e-01
5.487601757049560547e-01
5.450407266616821289e-01
5.289233326911926270e-01
5.451557636260986328e-01
5.101497173309326172e-01
4.416933357715606689e-01
5.398989319801330566e-01
5.403930544853210449e-01
5.321970582008361816e-01
4.820110797882080078e-01
5.396259427070617676e-01
5.454553365707397461e-01
5.358202457427978516e-01
5.220903754234313965e-01
5.044345855712890625e-01
5.271129012107849121e-01
5.530652403831481934e-01
5.554559230804443359e-01
5.290416479110717773e-01
5.335043668746948242e-01
5.207948684692382812e-01
5.551463365554809570e-01
5.546283125877380371e-01
5.147426724433898926e-01
5.440509319305419922e-01
5.448035001754760742e-01
5.278928875923156738e-01
5.064857602119445801e-01
5.068769454956054688e-01
5.518585443496704102e-01
5.497651696205139160e-01
5.496289730072021484e-01
5.270677804946899414e-01
5.349799394607543945e-01
5.496630668640136719e-01
5.252868533134460449e-01
5.375574827194213867e-01
5.165240764617919922e-01
5.351519584655761719e-01
5.067855119705200195e-01
5.225823521614074707e-01
5.149862170219421387e-01
5.307219624519348145e-01
5.410509109497070312e-01
5.397351384162902832e-01
5.381760597229003906e-01
5.439462661743164062e-01
5.430684685707092285e-01
5.395024418830871582e-01
5.329111814498901367e-01
5.325775742530822754e-01
5.301281213760375977e-01
5.462664365768432617e-01
5.499264597892761230e-01
5.560590028762817383e-01
5.457152128219604492e-01
5.502089858055114746e-01
5.327349305152893066e-01
5.217947363853454590e-01
5.620197653770446777e-01
5.443947911262512207e-01
5.392253994941711426e-01
5.552503466606140137e-01
5.304424166679382324e-01
5.771234631538391113e-01
5.639407038688659668e-01
5.347447991371154785e-01
5.510360002517700195e-01
5.322967767715454102e-01
5.121917128562927246e-01
5.512557625770568848e-01
5.114552378654479980e-01
5.058351755142211914e-01
5.020343661308288574e-01
5.025793313980102539e-01
5.011110901832580566e-01
5.157731771469116211e-01
5.078660249710083008e-01
4.531651139259338379e-01
4.829088449478149414e-01
4.737173318862915039e-01
4.559711217880249023e-01
4.541582167148590088e-01
5.073975324630737305e-01
5.106431245803833008e-01
5.127282738685607910e-01
4.800152182579040527e-01
4.653224945068359375e-01
4.990881085395812988e-01
4.918508827686309814e-01
4.999344944953918457e-01
5.147597789764404297e-01
4.910492002964019775e-01
5.288132429122924805e-01
4.885332584381103516e-01
4.894328713417053223e-01
5.198704004287719727e-01
5.371932983398437500e-01
5.061635375022888184e-01
5.097762346267700195e-01
4.893923401832580566e-01
5.137380361557006836e-01
4.888180494308471680e-01
5.075968503952026367e-01
5.068581700325012207e-01
5.010074973106384277e-01
5.130996704101562500e-01
5.073971152305603027e-01
5.309271812438964844e-01
4.929457902908325195e-01
5.142950415611267090e-01
5.139250159263610840e-01
5.071452856063842773e-01
5.110716819763183594e-01
5.196006894111633301e-01
5.089491009712219238e-01
5.377094149589538574e-01
5.062083005905151367e-01
5.124943256378173828e-01
5.273975729942321777e-01
5.513063073158264160e-01
5.448793172836303711e-01
5.397865176200866699e-01
5.354726314544677734e-01
5.450646877288818359e-01
5.333675742149353027e-01
5.327184796333312988e-01
5.618538856506347656e-01
5.276889801025390625e-01
4.965281784534454346e-01
5.244812965393066406e-01
5.509368777275085449e-01
5.340215563774108887e-01
5.450938344001770020e-01
4.972776174545288086e-01
4.939948916435241699e-01
5.194109082221984863e-01
5.246020555496215820e-01
5.441855788230895996e-01
5.324960350990295410e-01
5.281363725662231445e-01
5.106028914451599121e-01
5.316923260688781738e-01
5.037294030189514160e-01
5.052683949470520020e-01
5.472187399864196777e-01
5.479035377502441406e-01
5.292356014251708984e-01
5.422648191452026367e-01
5.225448012351989746e-01
5.572803616523742676e-01
5.143893957138061523e-01
5.482296347618103027e-01
5.157464742660522461e-01
5.331021547317504883e-01
4.982620775699615479e-01
5.339760780334472656e-01
4.998131096363067627e-01
5.439921617507934570e-01
5.218939185142517090e-01
4.936595559120178223e-01
5.080305337905883789e-01
5.141652822494506836e-01
5.527961254119873047e-01
5.280124545097351074e-01
5.333675742149353027e-01
5.572925209999084473e-01
5.334840416908264160e-01
5.513857007026672363e-01
5.315288901329040527e-01
5.144939422607421875e-01
5.115594863891601562e-01
5.286087989807128906e-01
4.726711511611938477e-01
5.288546681404113770e-01
5.387863516807556152e-01
5.333675742149353027e-01
5.296300053596496582e-01
5.395293235778808594e-01
5.241366028785705566e-01
5.443052649497985840e-01
5.180574059486389160e-01
5.270998477935791016e-01
5.319966673851013184e-01
5.175011157989501953e-01
5.345739126205444336e-01
5.416247844696044922e-01
5.402073860168457031e-01
5.432237982749938965e-01
5.442047119140625000e-01
5.464164614677429199e-01
5.450759530067443848e-01
5.400925278663635254e-01
5.290870666503906250e-01
5.233618021011352539e-01
5.450469255447387695e-01
5.314297080039978027e-01
5.290314555168151855e-01
5.101708173751831055e-01
5.439158678054809570e-01
5.375685095787048340e-01
5.447437167167663574e-01
5.448688268661499023e-01
5.395479202270507812e-01
5.440548658370971680e-01
5.443052649497985840e-01
5.351799130439758301e-01
5.205598473548889160e-01
5.372155904769897461e-01
5.242495536804199219e-01
5.451332926750183105e-01
5.158653259277343750e-01
5.211631655693054199e-01
5.161678791046142578e-01
4.920929372310638428e-01
5.320165753364562988e-01
5.343981981277465820e-01
5.313813090324401855e-01
5.176995396614074707e-01
5.352833867073059082e-01
5.336779356002807617e-01
5.343052148818969727e-01
5.085181593894958496e-01
5.420680642127990723e-01
4.955548644065856934e-01
5.393583774566650391e-01
5.274057984352111816e-01
4.715717732906341553e-01
5.106882452964782715e-01
5.213481187820434570e-01
5.128806829452514648e-01
4.722741544246673584e-01
4.623926877975463867e-01
5.396670699119567871e-01
5.216791629791259766e-01
5.149504542350769043e-01
5.163311362266540527e-01
5.418711900711059570e-01
5.485920906066894531e-01
5.162422657012939453e-01
5.202358365058898926e-01
4.928333461284637451e-01
5.576788783073425293e-01
5.187402963638305664e-01
5.229122638702392578e-01
4.751078188419342041e-01
5.179592370986938477e-01
5.354806184768676758e-01
5.432077050209045410e-01
5.075240731239318848e-01
5.288696885108947754e-01
5.202245712280273438e-01
5.511691570281982422e-01
5.578968524932861328e-01
5.110570788383483887e-01
5.117707848548889160e-01
5.157580375671386719e-01
5.384750366210937500e-01
4.800648391246795654e-01
4.856161773204803467e-01
5.391982793807983398e-01
5.443052649497985840e-01
5.358892679214477539e-01
5.177918672561645508e-01
5.256623625755310059e-01
4.655519425868988037e-01
5.461903214454650879e-01
5.252271294593811035e-01
4.761960506439208984e-01
5.079321265220642090e-01
5.352481603622436523e-01
5.310975909233093262e-01
5.434244871139526367e-01
5.069629549980163574e-01
5.391625165939331055e-01
5.395024418830871582e-01
5.239244103431701660e-01
5.404046773910522461e-01
5.443052649497985840e-01
5.038498044013977051e-01
5.442911386489868164e-01
5.400252938270568848e-01
5.343189239501953125e-01
5.442242622375488281e-01
5.374144315719604492e-01
5.810754299163818359e-01
5.233616828918457031e-01
5.320131182670593262e-01
5.156495571136474609e-01
5.471250414848327637e-01
5.220042467117309570e-01
5.374690294265747070e-01
5.417754650115966797e-01
5.542443990707397461e-01
5.354686379432678223e-01
5.493856072425842285e-01
5.564685463905334473e-01
4.815431833267211914e-01
5.493163466453552246e-01
5.439524054527282715e-01
5.414751768112182617e-01
5.590569972991943359e-01
5.393134355545043945e-01
5.132479667663574219e-01
5.158316493034362793e-01
4.948324561119079590e-01
5.335422754287719727e-01
5.660167932510375977e-01
5.143531560897827148e-01
5.369716286659240723e-01
4.893924295902252197e-01
5.372091531753540039e-01
5.098956823348999023e-01
5.602589845657348633e-01
5.367872714996337891e-01
5.425224304199218750e-01
5.304381847381591797e-01
5.409186482429504395e-01
5.578062534332275391e-01
5.392478704452514648e-01
5.468233823776245117e-01
5.415655374526977539e-01
5.380213856697082520e-01
5.221665501594543457e-01
5.256842970848083496e-01
5.461625456809997559e-01
5.263161659240722656e-01
5.442363023757934570e-01
5.405206680297851562e-01
5.446770787239074707e-01
5.269414782524108887e-01
5.095044970512390137e-01
4.998061358928680420e-01
5.248460769653320312e-01
5.129104256629943848e-01
4.706722199916839600e-01
4.737392961978912354e-01
5.144625902175903320e-01
5.449147224426269531e-01
5.318564772605895996e-01
4.938982725143432617e-01
5.438148379325866699e-01
5.088225603103637695e-01
5.516414642333984375e-01
5.384456515312194824e-01
5.241819024085998535e-01
5.491763353347778320e-01
5.342172980308532715e-01
5.392695665359497070e-01
5.363000035285949707e-01
5.144626498222351074e-01
5.154024362564086914e-01
5.609618425369262695e-01
5.521398782730102539e-01
5.526516437530517578e-01
5.214942693710327148e-01
5.473218560218811035e-01
5.468396544456481934e-01
5.602031350135803223e-01
5.644901394844055176e-01
4.971615970134735107e-01
4.947277605533599854e-01
5.146166086196899414e-01
5.030405521392822266e-01
5.103390216827392578e-01
5.253728628158569336e-01
4.984399974346160889e-01
5.074182748794555664e-01
4.962211251258850098e-01
5.576742887496948242e-01
5.293107032775878906e-01
5.250849127769470215e-01
5.139999985694885254e-01
4.908953607082366943e-01
4.898343980312347412e-01
5.238691568374633789e-01
4.937427639961242676e-01
5.112695097923278809e-01
5.128326416015625000e-01
4.886405467987060547e-01
5.287599563598632812e-01
4.910587072372436523e-01
4.893413186073303223e-01
4.862125217914581299e-01
4.609560072422027588e-01
4.577755630016326904e-01
4.999344944953918457e-01
4.893923699855804443e-01
4.960101246833801270e-01
4.898170232772827148e-01
4.987562894821166992e-01
4.879036247730255127e-01
5.110743641853332520e-01
5.585253834724426270e-01
5.009559392929077148e-01
4.942886829376220703e-01
4.895502328872680664e-01
5.420143008232116699e-01
5.018183588981628418e-01
5.541400909423828125e-01
5.237172245979309082e-01
5.704663395881652832e-01
5.273770093917846680e-01
5.256891846656799316e-01
5.312688350677490234e-01
4.998554587364196777e-01
5.403751134872436523e-01
5.389559268951416016e-01
5.261070132255554199e-01
5.464583039283752441e-01
5.317091345787048340e-01
5.265467166900634766e-01
5.197129249572753906e-01
4.892742335796356201e-01
5.255894660949707031e-01
4.872525036334991455e-01
4.697009921073913574e-01
5.614716410636901855e-01
5.532562732696533203e-01
5.039293169975280762e-01
4.728154540061950684e-01
4.705880284309387207e-01
4.957695901393890381e-01
5.512662529945373535e-01
5.057280659675598145e-01
5.343971252441406250e-01
5.173870921134948730e-01
5.427477359771728516e-01
5.594440102577209473e-01
5.476406216621398926e-01
5.385754108428955078e-01
5.445199608802795410e-01
5.152428746223449707e-01
5.445540547370910645e-01
5.089589953422546387e-01
5.218822360038757324e-01
5.375452637672424316e-01
5.129562616348266602e-01
5.129404067993164062e-01
5.074558258056640625e-01
5.185238122940063477e-01
5.468727946281433105e-01
5.026672482490539551e-01
4.893924593925476074e-01
5.208079814910888672e-01
5.460975170135498047e-01
5.315739512443542480e-01
4.793352782726287842e-01
5.524162054061889648e-01
5.378745198249816895e-01
5.385440587997436523e-01
5.528893470764160156e-01
5.556301474571228027e-01
5.509037971496582031e-01
5.219718217849731445e-01
5.345197916030883789e-01
5.404632091522216797e-01
5.127353072166442871e-01
5.118936896324157715e-01
5.343151092529296875e-01
5.351993441581726074e-01
5.416933298110961914e-01
5.578615665435791016e-01
5.134407877922058105e-01
5.095474123954772949e-01
5.500115156173706055e-01
5.630354285240173340e-01
5.450407266616821289e-01
5.562105178833007812e-01
5.323923826217651367e-01
5.482876300811767578e-01
5.581265091896057129e-01
5.451557636260986328e-01
5.439970493316650391e-01
5.317819714546203613e-01
5.253033041954040527e-01
5.451557636260986328e-01
5.224896669387817383e-01
5.351742506027221680e-01
5.130115151405334473e-01
5.343984365463256836e-01
5.504072904586791992e-01
5.430300235748291016e-01
4.982310533523559570e-01
5.512858033180236816e-01
5.572636723518371582e-01
5.312411189079284668e-01
5.330532193183898926e-01
5.212870240211486816e-01
5.391190052032470703e-01
5.403251647949218750e-01
5.364409685134887695e-01
5.443052649497985840e-01
5.109482407569885254e-01
5.411190986633300781e-01
5.285977125167846680e-01
5.289246439933776855e-01
5.220127105712890625e-01
5.574533939361572266e-01
5.141043663024902344e-01
5.093864202499389648e-01
5.342196226119995117e-01
5.513857603073120117e-01
5.055951476097106934e-01
4.969325363636016846e-01
5.442730784416198730e-01
5.136219859123229980e-01
5.253227949142456055e-01
5.503979921340942383e-01
5.009825229644775391e-01
5.498673915863037109e-01
4.947176873683929443e-01
4.939853549003601074e-01
5.362411737442016602e-01
5.592483878135681152e-01
5.214982032775878906e-01
5.398641824722290039e-01
5.579001307487487793e-01
5.458107590675354004e-01
5.454487800598144531e-01
5.326287746429443359e-01
5.329251885414123535e-01
5.480204820632934570e-01
5.432088971138000488e-01
5.283584594726562500e-01
5.326243042945861816e-01
4.910838603973388672e-01
5.451576113700866699e-01
5.452852249145507812e-01
5.331410765647888184e-01
5.266067385673522949e-01
5.434098839759826660e-01
5.024536252021789551e-01
5.501973628997802734e-01
5.463978052139282227e-01
5.389575958251953125e-01
5.366180539131164551e-01
5.326071381568908691e-01
5.447190403938293457e-01
5.474658012390136719e-01
5.443052649497985840e-01
5.137261152267456055e-01
5.101557970046997070e-01
5.499020218849182129e-01
5.311702489852905273e-01
5.378519296646118164e-01
4.765557944774627686e-01
5.453846454620361328e-01
5.158450007438659668e-01
5.581915974617004395e-01
5.258229374885559082e-01
5.224769711494445801e-01
5.550922751426696777e-01
4.702996313571929932e-01
5.086954236030578613e-01
5.215486288070678711e-01
5.195984840393066406e-01
5.379377603530883789e-01
5.405398607254028320e-01
5.267437696456909180e-01
4.915718436241149902e-01
4.990497529506683350e-01
4.659281969070434570e-01
5.399056673049926758e-01
4.925377368927001953e-01
5.343325138092041016e-01
5.098364949226379395e-01
5.416257977485656738e-01
5.289658904075622559e-01
5.467574596405029297e-01
5.117006897926330566e-01
5.090792775154113770e-01
5.210858583450317383e-01
5.145378112792968750e-01
5.076960325241088867e-01
5.144295096397399902e-01
5.140107870101928711e-01
4.999605417251586914e-01
5.208304524421691895e-01
4.752823710441589355e-01
5.090216994285583496e-01
5.539896488189697266e-01
5.312675833702087402e-01
4.837313890457153320e-01
4.896986186504364014e-01
5.073975920677185059e-01
5.252540707588195801e-01
5.405923128128051758e-01
5.331184864044189453e-01
5.057826638221740723e-01
5.150269865989685059e-01
4.882598519325256348e-01
5.072842836380004883e-01
5.076467394828796387e-01
5.200028419494628906e-01
5.431168675422668457e-01
5.164026021957397461e-01
5.289112329483032227e-01
5.374970436096191406e-01
5.170046687126159668e-01
5.095046758651733398e-01
5.209496021270751953e-01
5.443052649497985840e-01
5.491866469383239746e-01
5.186383724212646484e-01
5.273957848548889160e-01
5.532988309860229492e-01
5.334552526473999023e-01
5.393846035003662109e-01
5.468695759773254395e-01
5.151494145393371582e-01
4.989760816097259521e-01
5.319786667823791504e-01
5.290415883064270020e-01
5.530413389205932617e-01
5.311714410781860352e-01
5.200805664062500000e-01
5.504081845283508301e-01
5.148470997810363770e-01
5.392879247665405273e-01
5.302330851554870605e-01
5.028858184814453125e-01
5.448035001754760742e-01
5.161164402961730957e-01
5.357417464256286621e-01
5.533961653709411621e-01
5.248318314552307129e-01
5.335066318511962891e-01
5.395024418830871582e-01
5.284342169761657715e-01
5.335324406623840332e-01
5.065258741378784180e-01
5.103154778480529785e-01
5.135473608970642090e-01
5.395024418830871582e-01
4.865895211696624756e-01
5.314648747444152832e-01
5.453703403472900391e-01
5.327601432800292969e-01
5.498133301734924316e-01
5.289974212646484375e-01
5.191004872322082520e-01
5.328666567802429199e-01
5.413409471511840820e-01
5.446671843528747559e-01
5.397413372993469238e-01
5.428880453109741211e-01
5.007448792457580566e-01
5.357435941696166992e-01
5.376479625701904297e-01
5.392073392868041992e-01
5.581700801849365234e-01
5.238595604896545410e-01
5.397261381149291992e-01
5.414456129074096680e-01
5.212284326553344727e-01
5.202463865280151367e-01
5.315341353416442871e-01
5.412207245826721191e-01
5.346234440803527832e-01
5.409235358238220215e-01
5.289981365203857422e-01
5.464881658554077148e-01
5.553804039955139160e-01
5.381168723106384277e-01
5.351215004920959473e-01
4.347922801971435547e-01
4.767136275768280029e-01
5.241477489471435547e-01
4.783602058887481689e-01
4.728869497776031494e-01
5.232084989547729492e-01
4.729962944984436035e-01
4.986683428287506104e-01
4.893923401832580566e-01
5.512928366661071777e-01
4.827012419700622559e-01
5.215010046958923340e-01
5.098823308944702148e-01
4.776879251003265381e-01
5.239270329475402832e-01
5.333516597747802734e-01
5.370571017265319824e-01
4.883657693862915039e-01
5.031992793083190918e-01
5.522347092628479004e-01
5.461555123329162598e-01
5.186893939971923828e-01
5.348078012466430664e-01
5.364338755607604980e-01
4.899007081985473633e-01
5.334535837173461914e-01
4.959318339824676514e-01
5.391069054603576660e-01
5.501950979232788086e-01
5.291514396667480469e-01
5.443052649497985840e-01
5.370185375213623047e-01
5.432105660438537598e-01
5.023649334907531738e-01
5.395024418830871582e-01
5.172456502914428711e-01
4.800875782966613770e-01
5.351533293724060059e-01
5.379844307899475098e-01
5.173772573471069336e-01
5.490310192108154297e-01
4.895812571048736572e-01
5.342230796813964844e-01
5.465871095657348633e-01
5.510680675506591797e-01
5.498576164245605469e-01
5.285493731498718262e-01
5.140599608421325684e-01
5.443052649497985840e-01
5.151534676551818848e-01
5.443052649497985840e-01
5.293696522712707520e-01
5.484899282455444336e-01
5.310890674591064453e-01
5.527765154838562012e-01
5.395024418830871582e-01
5.211269259452819824e-01
5.346430540084838867e-01
5.092695355415344238e-01
5.467841029167175293e-01
5.392413139343261719e-01
5.300266146659851074e-01
5.309063196182250977e-01
5.443052649497985840e-01
5.459709763526916504e-01
5.277147293090820312e-01
5.324523448944091797e-01
5.451551079750061035e-01
5.395024418830871582e-01
5.409038066864013672e-01
5.372903347015380859e-01
5.412207245826721191e-01
5.462419986724853516e-01
5.483402609825134277e-01
5.406523942947387695e-01
5.455335974693298340e-01
5.166141390800476074e-01
5.386779904365539551e-01
5.178335905075073242e-01
5.257969498634338379e-01
5.541386604309082031e-01
5.345360040664672852e-01
5.245282649993896484e-01
5.403934717178344727e-01
5.215526819229125977e-01
5.533610582351684570e-01
5.144100785255432129e-01
5.544691085815429688e-01
5.451419949531555176e-01
5.391957759857177734e-01
5.441256165504455566e-01
5.290134549140930176e-01
5.237801671028137207e-01
5.343577265739440918e-01
5.317696332931518555e-01
4.934729933738708496e-01
5.395995974540710449e-01
5.496221780776977539e-01
5.148285627365112305e-01
5.105726718902587891e-01
5.298310518264770508e-01
5.814230442047119141e-01
4.760972559452056885e-01
4.960681498050689697e-01
5.146088600158691406e-01
5.616584420204162598e-01
5.084164142608642578e-01
5.530977249145507812e-01
5.627070665359497070e-01
5.386285185813903809e-01
5.131756067276000977e-01
5.560970306396484375e-01
5.494738221168518066e-01
5.301739573478698730e-01
5.290055274963378906e-01
5.310110449790954590e-01
5.326951742172241211e-01
5.384059548377990723e-01
5.284405946731567383e-01
5.346351265907287598e-01
5.146294832229614258e-01
5.161111950874328613e-01
5.552412271499633789e-01
5.445207357406616211e-01
5.569592118263244629e-01
5.319559574127197266e-01
5.274123549461364746e-01
4.893884956836700439e-01
5.329285860061645508e-01
5.435410737991333008e-01
4.618514478206634521e-01
4.663556516170501709e-01
5.024186968803405762e-01
5.644524693489074707e-01
5.200091004371643066e-01
5.274993181228637695e-01
5.296855568885803223e-01
5.555036664009094238e-01
5.208367109298706055e-01
4.994119703769683838e-01
4.888508021831512451e-01
5.386836528778076172e-01
5.243829488754272461e-01
5.255803465843200684e-01
5.128322243690490723e-01
5.066767334938049316e-01
4.579726755619049072e-01
5.125454664230346680e-01
4.810314774513244629e-01
5.095044970512390137e-01
5.552523732185363770e-01
5.394318103790283203e-01
5.605239272117614746e-01
4.930144548416137695e-01
5.508733391761779785e-01
5.103311538696289062e-01
5.407806634902954102e-01
5.358177423477172852e-01
5.621190667152404785e-01
5.611618757247924805e-01
5.194319486618041992e-01
5.343331098556518555e-01
5.546796321868896484e-01
5.553810000419616699e-01
5.162385106086730957e-01
5.278636813163757324e-01
5.389440059661865234e-01
5.511380434036254883e-01
5.214325785636901855e-01
5.517855286598205566e-01
5.260844230651855469e-01
5.376736521720886230e-01
5.230488181114196777e-01
5.355962514877319336e-01
5.827111005783081055e-01
5.121796131134033203e-01
5.390058159828186035e-01
5.341435074806213379e-01
5.384995937347412109e-01
5.512503385543823242e-01
5.460206866264343262e-01
5.288363099098205566e-01
5.351237654685974121e-01
5.346969366073608398e-01
5.225731134414672852e-01
5.400836467742919922e-01
5.281792879104614258e-01
5.155283808708190918e-01
5.224484205245971680e-01
5.513848066329956055e-01
5.260844230651855469e-01
5.317188501358032227e-01
5.591966509819030762e-01
5.399974584579467773e-01
5.413734912872314453e-01
5.431972742080688477e-01
5.336930751800537109e-01
5.428323745727539062e-01
5.453869104385375977e-01
5.610991716384887695e-01
5.602349638938903809e-01
5.186833739280700684e-01
5.335475206375122070e-01
5.433259606361389160e-01
5.586752891540527344e-01
5.308984518051147461e-01
5.474665760993957520e-01
5.353422164916992188e-01
5.450959801673889160e-01
5.511426329612731934e-01
5.329537391662597656e-01
5.459973812103271484e-01
5.260603427886962891e-01
5.321500301361083984e-01
5.439047217369079590e-01
5.290264487266540527e-01
5.336634516716003418e-01
5.359637737274169922e-01
5.291671752929687500e-01
5.342109799385070801e-01
5.522401928901672363e-01
5.290415883064270020e-01
5.340403318405151367e-01
5.419995188713073730e-01
5.212584733963012695e-01
5.446696281433105469e-01
5.453144907951354980e-01
5.468568801879882812e-01
5.467965602874755859e-01
5.320139527320861816e-01
5.533190369606018066e-01
5.515883564949035645e-01
5.451508760452270508e-01
5.453642010688781738e-01
5.152021050453186035e-01
5.232598185539245605e-01
5.334305167198181152e-01
5.100953578948974609e-01
5.131265521049499512e-01
5.431796908378601074e-01
5.547947287559509277e-01
5.126490592956542969e-01
4.911345243453979492e-01
5.176163315773010254e-01
5.373005270957946777e-01
5.388708114624023438e-01
5.112037062644958496e-01
5.095019340515136719e-01
5.432105660438537598e-01
5.395024418830871582e-01
5.335823297500610352e-01
5.342209935188293457e-01
5.451577305793762207e-01
5.335699915885925293e-01
5.443052649497985840e-01
5.514898300170898438e-01
5.290236473083496094e-01
5.238317847251892090e-01
5.337790250778198242e-01
5.233618021011352539e-01
5.093083977699279785e-01
5.411792397499084473e-01
5.443052649497985840e-01
5.244926214218139648e-01
5.384961962699890137e-01
5.066199302673339844e-01
5.343189239501953125e-01
5.413147211074829102e-01
5.328924059867858887e-01
5.532066822052001953e-01
5.398082137107849121e-01
5.492981672286987305e-01
5.495523214340209961e-01
5.501256585121154785e-01
5.557429790496826172e-01
5.551862120628356934e-01
5.449284315109252930e-01
5.395024418830871582e-01
5.500334501266479492e-01
5.342769622802734375e-01
5.288193821907043457e-01
5.405323505401611328e-01
5.294459462165832520e-01
5.299191474914550781e-01
5.211505889892578125e-01
5.294705629348754883e-01
5.396053791046142578e-01
5.208632946014404297e-01
5.395295023918151855e-01
5.338786244392395020e-01
5.342869162559509277e-01
5.419055819511413574e-01
5.505363941192626953e-01
5.372315645217895508e-01
5.045722723007202148e-01
5.364183187484741211e-01
5.378812551498413086e-01
5.336062908172607422e-01
5.395539402961730957e-01
5.331435799598693848e-01
5.342846512794494629e-01
5.822651386260986328e-01
5.380617380142211914e-01
5.028449296951293945e-01
5.511099696159362793e-01
4.940972626209259033e-01
5.290433764457702637e-01
5.659039020538330078e-01
5.466099977493286133e-01
5.172676444053649902e-01
5.184063911437988281e-01
5.267014503479003906e-01
5.070748329162597656e-01
5.683847665786743164e-01
5.112100839614868164e-01
5.284073948860168457e-01
5.099475383758544922e-01
5.560991168022155762e-01
4.967296719551086426e-01
4.914798736572265625e-01
4.893927276134490967e-01
5.334935188293457031e-01
5.556949973106384277e-01
5.580656528472900391e-01
5.256717801094055176e-01
5.441690087318420410e-01
5.776842236518859863e-01
5.274733901023864746e-01
5.518299937248229980e-01
5.374349951744079590e-01
5.334696769714355469e-01
5.440503954887390137e-01
5.350045561790466309e-01
5.354322791099548340e-01
5.252305865287780762e-01
5.446346998214721680e-01
5.445546507835388184e-01
5.576931238174438477e-01
5.517868995666503906e-01
5.588780045509338379e-01
5.398340821266174316e-01
5.243782997131347656e-01
5.340015888214111328e-01
5.428844690322875977e-01
5.189025402069091797e-01
5.182193517684936523e-01
5.458390116691589355e-01
5.555259585380554199e-01
5.556806921958923340e-01
5.497393608093261719e-01
5.248318314552307129e-01
5.331659317016601562e-01
5.248318314552307129e-01
5.279713273048400879e-01
5.189726352691650391e-01
5.196836590766906738e-01
5.336634516716003418e-01
5.394070148468017578e-01
5.473942160606384277e-01
5.248318314552307129e-01
5.354701876640319824e-01
5.264788269996643066e-01
5.324918031692504883e-01
5.481635332107543945e-01
5.492834448814392090e-01
5.366464257240295410e-01
5.437650084495544434e-01
5.399833917617797852e-01
5.355168581008911133e-01
5.091339945793151855e-01
5.291306376457214355e-01
4.940536618232727051e-01
5.468714237213134766e-01
5.441280603408813477e-01
4.922235310077667236e-01
5.349745154380798340e-01
5.397773981094360352e-01
5.162433385848999023e-01
5.515696406364440918e-01
5.384059548377990723e-01
5.558787584304809570e-01
5.351023077964782715e-01
5.069832801818847656e-01
5.564663410186767578e-01
5.518271923065185547e-01
5.451555252075195312e-01
5.460742115974426270e-01
5.290760993957519531e-01
5.392345190048217773e-01
5.362153053283691406e-01
5.528736114501953125e-01
5.505728721618652344e-01
5.277640819549560547e-01
5.505192875862121582e-01
5.302444696426391602e-01
5.410974621772766113e-01
5.443982481956481934e-01
5.480936169624328613e-01
5.400173664093017578e-01
5.440106391906738281e-01
5.505728125572204590e-01
5.307935476303100586e-01
5.100770592689514160e-01
5.384750366210937500e-01
5.448137521743774414e-01
5.314846634864807129e-01
5.162208676338195801e-01
5.290169119834899902e-01
5.105623006820678711e-01
5.414319038391113281e-01
5.456569790840148926e-01
5.412750244140625000e-01
5.436090826988220215e-01
5.147222280502319336e-01
5.557671785354614258e-01
5.306516885757446289e-01
5.456203818321228027e-01
5.171942710876464844e-01
5.290412306785583496e-01
5.493831634521484375e-01
5.343624949455261230e-01
5.252227783203125000e-01
5.335043668746948242e-01
5.202357769012451172e-01
5.190221667289733887e-01
5.117364525794982910e-01
5.359117388725280762e-01
5.176545977592468262e-01
5.457898974418640137e-01
5.475616455078125000e-01
5.336889028549194336e-01
5.502703189849853516e-01
5.287253260612487793e-01
5.290504693984985352e-01
5.256221294403076172e-01
5.401755571365356445e-01
4.963575899600982666e-01
5.358188748359680176e-01
5.619807839393615723e-01
5.509662628173828125e-01
5.409906506538391113e-01
5.397662520408630371e-01
5.333675742149353027e-01
5.451394319534301758e-01
5.428506731986999512e-01
5.537222027778625488e-01
5.373432636260986328e-01
5.093864202499389648e-01
5.301149487495422363e-01
5.322408080101013184e-01
5.180755257606506348e-01
5.386788249015808105e-01
5.442976355552673340e-01
4.913916885852813721e-01
5.528037548065185547e-01
5.337850451469421387e-01
5.377168059349060059e-01
5.274243950843811035e-01
5.155684351921081543e-01
5.234507918357849121e-01
5.407119989395141602e-01
5.200350880622863770e-01
5.578836202621459961e-01
5.352952480316162109e-01
5.163083672523498535e-01
5.443052649497985840e-01
5.323828458786010742e-01
5.351688861846923828e-01
5.467556715011596680e-01
5.546111464500427246e-01
5.251159071922302246e-01
5.256509184837341309e-01
5.550128221511840820e-01
5.352981090545654297e-01
5.451549291610717773e-01
5.492398142814636230e-01
5.348751544952392578e-01
5.302165150642395020e-01
5.441856384277343750e-01
5.145928263664245605e-01
5.280996561050415039e-01
5.366188287734985352e-01
5.135905146598815918e-01
5.386788249015808105e-01
5.437626242637634277e-01
5.203845500946044922e-01
5.294381380081176758e-01
5.410799384117126465e-01
5.213037133216857910e-01
5.131222605705261230e-01
5.450407266616821289e-01
5.499289631843566895e-01
5.580937266349792480e-01
5.410443544387817383e-01
5.522111654281616211e-01
5.314251780509948730e-01
5.041290521621704102e-01
5.357314348220825195e-01
5.396895408630371094e-01
5.308982729911804199e-01
5.350611209869384766e-01
5.386031270027160645e-01
5.489950180053710938e-01
5.343544483184814453e-01
5.715407133102416992e-01
4.773934185504913330e-01
5.503445863723754883e-01
5.298017859458923340e-01
5.270074009895324707e-01
5.249422788619995117e-01
5.136092901229858398e-01
5.314323306083679199e-01
5.354803204536437988e-01
5.279865264892578125e-01
5.413385033607482910e-01
5.370477437973022461e-01
4.950461685657501221e-01
5.477685928344726562e-01
5.275934934616088867e-01
5.359854698181152344e-01
5.327062606811523438e-01
5.205796957015991211e-01
5.100713372230529785e-01
5.215641856193542480e-01
5.552837848663330078e-01
5.086452960968017578e-01
5.467299818992614746e-01
5.322074294090270996e-01
5.286862850189208984e-01
5.195589065551757812e-01
5.346609950065612793e-01
5.390753149986267090e-01
5.578752160072326660e-01
4.863170385360717773e-01
5.321567058563232422e-01
5.433585047721862793e-01
4.968407452106475830e-01
4.826198816299438477e-01
4.943590164184570312e-01
4.941656589508056641e-01
5.390560626983642578e-01
5.460879802703857422e-01
5.281857252120971680e-01
5.326951146125793457e-01
5.440673828125000000e-01
4.574666321277618408e-01
5.395024418830871582e-01
5.264481902122497559e-01
5.454739332199096680e-01
5.507998466491699219e-01
5.099481344223022461e-01
5.595009922981262207e-01
5.173498988151550293e-01
5.285547375679016113e-01
5.412528514862060547e-01
5.291075110435485840e-01
5.396312475204467773e-01
5.420639514923095703e-01
5.307003855705261230e-01
5.469084978103637695e-01
5.333675742149353027e-01
5.458988547325134277e-01
5.368576049804687500e-01
5.402955412864685059e-01
5.284737944602966309e-01
5.451578497886657715e-01
5.451578497886657715e-01
5.276308655738830566e-01
5.445699095726013184e-01
5.285869240760803223e-01
4.684409201145172119e-01
5.431774854660034180e-01
5.094842314720153809e-01
5.410880446434020996e-01
4.951197206974029541e-01
5.504480600357055664e-01
4.888656139373779297e-01
5.337926149368286133e-01
5.390511155128479004e-01
5.171156525611877441e-01
4.938260018825531006e-01
5.438163876533508301e-01
5.270349979400634766e-01
5.414806008338928223e-01
5.260946154594421387e-01
5.363792777061462402e-01
5.062507390975952148e-01
5.103701949119567871e-01
5.227105617523193359e-01
4.677407741546630859e-01
5.028371810913085938e-01
5.092237591743469238e-01
5.552781224250793457e-01
5.318895578384399414e-01
5.328568816184997559e-01
5.201169252395629883e-01
4.997037053108215332e-01
5.179062485694885254e-01
5.252687931060791016e-01
5.508117675781250000e-01
5.512618422508239746e-01
5.233618021011352539e-01
5.463427901268005371e-01
4.936579763889312744e-01
5.269414782524108887e-01
5.096322894096374512e-01
5.250027179718017578e-01
5.319348573684692383e-01
4.949438273906707764e-01
5.073975920677185059e-01
4.843873679637908936e-01
5.392479896545410156e-01
5.113707184791564941e-01
5.601544380187988281e-01
5.259168148040771484e-01
5.073975324630737305e-01
5.541484355926513672e-01
4.828864336013793945e-01
5.074474215507507324e-01
5.013122558593750000e-01
5.441735982894897461e-01
5.413448810577392578e-01
5.567684769630432129e-01
4.947094321250915527e-01
5.409044623374938965e-01
5.133652091026306152e-01
5.099689960479736328e-01
4.997870922088623047e-01
5.087347030639648438e-01
5.256215333938598633e-01
5.461901426315307617e-01
5.424534082412719727e-01
4.776344299316406250e-01
5.507708787918090820e-01
5.250443816184997559e-01
5.137065649032592773e-01
4.882140159606933594e-01
4.935747981071472168e-01
5.172243714332580566e-01
5.091225504875183105e-01
5.227615833282470703e-01
5.105202794075012207e-01
5.437277555465698242e-01
5.281857252120971680e-01
5.316860675811767578e-01
5.154246687889099121e-01
5.545766353607177734e-01
5.316693186759948730e-01
5.450407266616821289e-01
5.132992267608642578e-01
5.416904091835021973e-01
5.571045279502868652e-01
5.247530937194824219e-01
5.432105660438537598e-01
5.447264909744262695e-01
5.395024418830871582e-01
5.554342269897460938e-01
5.410387516021728516e-01
5.353503823280334473e-01
5.449256300926208496e-01
5.442929863929748535e-01
5.245091915130615234e-01
4.714798331260681152e-01
5.018183588981628418e-01
5.244732499122619629e-01
5.164965391159057617e-01
4.993193149566650391e-01
5.476821064949035645e-01
5.414508581161499023e-01
5.418672561645507812e-01
5.364344716072082520e-01
5.320553779602050781e-01
5.580539107322692871e-01
5.530817508697509766e-01
4.922236800193786621e-01
5.112065672874450684e-01
5.511907339096069336e-01
5.374760031700134277e-01
5.307416319847106934e-01
5.146782994270324707e-01
5.474035739898681641e-01
5.285605192184448242e-01
5.218508243560791016e-01
5.353967547416687012e-01
5.228159427642822266e-01
5.260971784591674805e-01
5.437469482421875000e-01
5.288645625114440918e-01
5.399010777473449707e-01
5.399185419082641602e-01
5.233618021011352539e-01
5.171280503273010254e-01
5.340611338615417480e-01
4.999095201492309570e-01
5.333157777786254883e-01
5.391322970390319824e-01
5.345677137374877930e-01
5.498515367507934570e-01
5.036684274673461914e-01
5.434088706970214844e-01
5.281857252120971680e-01
5.288219451904296875e-01
4.863205850124359131e-01
5.256891846656799316e-01
5.320637226104736328e-01
5.286833643913269043e-01
5.449987649917602539e-01
5.095039010047912598e-01
5.077765583992004395e-01
5.446587800979614258e-01
5.432234406471252441e-01
5.581427812576293945e-01
5.352452397346496582e-01
5.383322238922119141e-01
5.384196043014526367e-01
5.294438004493713379e-01
5.393802523612976074e-01
5.355380773544311523e-01
5.019938945770263672e-01
5.402802824974060059e-01
5.302798748016357422e-01
5.299980640411376953e-01
5.508462190628051758e-01
5.335104465484619141e-01
5.407847762107849121e-01
5.060864686965942383e-01
5.089592933654785156e-01
5.258681774139404297e-01
5.234447717666625977e-01
5.098281502723693848e-01
5.136386156082153320e-01
5.490317940711975098e-01
5.497962236404418945e-01
4.450280070304870605e-01
4.920319020748138428e-01
5.352874398231506348e-01
5.468146800994873047e-01
5.504480004310607910e-01
5.445170998573303223e-01
5.204620957374572754e-01
5.515274405479431152e-01
5.052943229675292969e-01
5.521833300590515137e-01
5.349799990653991699e-01
4.847530126571655273e-01
5.174401998519897461e-01
5.518831014633178711e-01
5.073975920677185059e-01
5.153695940971374512e-01
4.899238944053649902e-01
4.731536209583282471e-01
4.947275221347808838e-01
5.212067961692810059e-01
4.954726099967956543e-01
5.274631977081298828e-01
5.483032464981079102e-01
5.256891846656799316e-01
5.068325996398925781e-01
5.094926357269287109e-01
5.389094352722167969e-01
5.073975920677185059e-01
5.412113666534423828e-01
5.051170587539672852e-01
4.945811033248901367e-01
5.169935822486877441e-01
5.415213704109191895e-01
5.004863739013671875e-01
4.956658184528350830e-01
5.372130870819091797e-01
4.933447241783142090e-01
5.060098171234130859e-01
5.707241892814636230e-01
5.442363023757934570e-01
5.548992156982421875e-01
5.169867873191833496e-01
5.459995865821838379e-01
5.273971557617187500e-01
5.503591895103454590e-01
5.342358946800231934e-01
5.610802173614501953e-01
5.390694141387939453e-01
5.548403263092041016e-01
5.258681178092956543e-01
5.426843762397766113e-01
4.887926280498504639e-01
5.411746501922607422e-01
5.027694106101989746e-01
5.368674993515014648e-01
5.412846207618713379e-01
5.411967039108276367e-01
5.402378439903259277e-01
5.350466966629028320e-01
5.350254774093627930e-01
5.403764247894287109e-01
5.193746685981750488e-01
5.350253582000732422e-01
5.342905521392822266e-01
5.288352966308593750e-01
5.400568246841430664e-01
5.344290733337402344e-01
5.559212565422058105e-01
5.397397279739379883e-01
5.313248634338378906e-01
5.335246324539184570e-01
5.218108892440795898e-01
5.184617042541503906e-01
5.507974624633789062e-01
5.246431231498718262e-01
5.184776186943054199e-01
5.624365806579589844e-01
5.395576357841491699e-01
5.217892527580261230e-01
5.260135531425476074e-01
5.284069776535034180e-01
5.226555466651916504e-01
5.047807097434997559e-01
5.496751070022583008e-01
5.076085329055786133e-01
5.161799788475036621e-01
4.872232675552368164e-01
5.504604578018188477e-01
5.426455736160278320e-01
5.150157213211059570e-01
4.800983369350433350e-01
4.886722564697265625e-01
5.273102521896362305e-01
5.003432035446166992e-01
4.840516149997711182e-01
5.406858921051025391e-01
5.096098780632019043e-01
5.344985127449035645e-01
5.040775537490844727e-01
5.324565172195434570e-01
5.325515270233154297e-01
5.502908825874328613e-01
5.250416994094848633e-01
5.500845909118652344e-01
5.142819285392761230e-01
5.049355626106262207e-01
5.327619910240173340e-01
4.893917739391326904e-01
5.330164432525634766e-01
5.446113944053649902e-01
4.918994009494781494e-01
5.296744108200073242e-01
4.856971800327301025e-01
5.359420776367187500e-01
5.290105938911437988e-01
5.103364586830139160e-01
4.999329745769500732e-01
4.893923401832580566e-01
4.805341958999633789e-01
5.140842199325561523e-01
5.069968104362487793e-01
5.334329009056091309e-01
5.206048488616943359e-01
5.173860192298889160e-01
5.254254341125488281e-01
4.962680041790008545e-01
4.878748655319213867e-01
5.116443634033203125e-01
5.336634516716003418e-01
5.164818167686462402e-01
5.308879017829895020e-01
5.040473341941833496e-01
5.147192478179931641e-01
4.867039322853088379e-01
5.115038752555847168e-01
4.865415394306182861e-01
4.911750257015228271e-01
5.357548594474792480e-01
5.200867652893066406e-01
5.343421101570129395e-01
5.316901803016662598e-01
5.596564412117004395e-01
5.400909781455993652e-01
5.511786937713623047e-01
5.134750008583068848e-01
4.880615174770355225e-01
5.329029560089111328e-01
4.550614356994628906e-01
5.038340091705322266e-01
5.195178389549255371e-01
4.737959802150726318e-01
5.136032700538635254e-01
5.289056897163391113e-01
4.927386939525604248e-01
5.382408499717712402e-01
5.225843787193298340e-01
5.239988565444946289e-01
5.065578222274780273e-01
5.490763783454895020e-01
5.376225709915161133e-01
5.421355962753295898e-01
5.320859551429748535e-01
5.261934995651245117e-01
4.972644150257110596e-01
5.484247207641601562e-01
5.421395301818847656e-01
5.273123979568481445e-01
5.148781538009643555e-01
5.513868927955627441e-01
5.106735825538635254e-01
4.798785448074340820e-01
4.952273666858673096e-01
5.322839617729187012e-01
4.960573613643646240e-01
5.167916417121887207e-01
5.239254832267761230e-01
4.904633164405822754e-01
5.001597404479980469e-01
5.043748021125793457e-01
5.120202898979187012e-01
4.659936428070068359e-01
4.655519425868988037e-01
5.271653532981872559e-01
5.089637637138366699e-01
4.913922846317291260e-01
4.893923401832580566e-01
4.890614748001098633e-01
5.213852524757385254e-01
5.256891846656799316e-01
5.553851127624511719e-01
5.246716737747192383e-01
4.701717793941497803e-01
5.450407266616821289e-01
4.888135492801666260e-01
5.003272891044616699e-01
4.947432577610015869e-01
5.117009282112121582e-01
4.660170674324035645e-01
4.911613464355468750e-01
4.893923401832580566e-01
4.980144500732421875e-01
4.879685044288635254e-01
4.888671040534973145e-01
5.104563236236572266e-01
5.365710258483886719e-01
5.347484946250915527e-01
5.084244608879089355e-01
4.890461862087249756e-01
5.548046827316284180e-01
5.321116447448730469e-01
5.389103293418884277e-01
5.286806821823120117e-01
5.378491878509521484e-01
4.688732922077178955e-01
5.141504406929016113e-01
5.451579093933105469e-01
5.233618021011352539e-01
5.196102857589721680e-01
4.949783980846405029e-01
5.165033936500549316e-01
5.392007827758789062e-01
5.229300260543823242e-01
5.290697813034057617e-01
5.412110090255737305e-01
5.420700311660766602e-01
5.483644604682922363e-01
5.252929925918579102e-01
5.448769330978393555e-01
5.354905128479003906e-01
5.213748216629028320e-01
5.390321016311645508e-01
5.164057016372680664e-01
5.516387820243835449e-01
5.451883673667907715e-01
5.499876737594604492e-01
5.570131540298461914e-01
5.608845949172973633e-01
5.453414320945739746e-01
5.273647904396057129e-01
5.224946141242980957e-01
5.078994035720825195e-01
5.505551695823669434e-01
5.265562534332275391e-01
5.417148470878601074e-01
5.255838036537170410e-01
5.255213975906372070e-01
5.240917801856994629e-01
4.893901646137237549e-01
4.857679009437561035e-01
5.272812843322753906e-01
5.221712589263916016e-01
5.466859936714172363e-01
5.039230585098266602e-01
5.568299293518066406e-01
5.471660494804382324e-01
5.600517988204956055e-01
5.248153209686279297e-01
5.495151281356811523e-01
5.329912304878234863e-01
5.400261878967285156e-01
5.499472022056579590e-01
5.392479896545410156e-01
5.043786764144897461e-01
5.336276888847351074e-01
5.386744141578674316e-01
5.412071347236633301e-01
5.391555428504943848e-01
5.246900916099548340e-01
5.446607470512390137e-01
5.031701922416687012e-01
5.555406212806701660e-01
5.527390241622924805e-01
5.034620761871337891e-01
5.356445908546447754e-01
5.264097452163696289e-01
5.196758508682250977e-01
5.155323147773742676e-01
5.022393465042114258e-01
5.440478324890136719e-01
5.252119898796081543e-01
5.412206649780273438e-01
5.354180335998535156e-01
4.871501922607421875e-01
5.412350296974182129e-01
5.250557661056518555e-01
5.234476923942565918e-01
5.459766387939453125e-01
5.329107046127319336e-01
5.200746655464172363e-01
5.300936102867126465e-01
5.363321304321289062e-01
5.558787584304809570e-01
5.555463433265686035e-01
5.392323136329650879e-01
5.392194390296936035e-01
5.521430373191833496e-01
5.144019722938537598e-01
5.269657969474792480e-01
5.504322052001953125e-01
5.543367266654968262e-01
5.589131116867065430e-01
5.309813618659973145e-01
5.393108129501342773e-01
4.967568218708038330e-01
5.312867760658264160e-01
5.182529687881469727e-01
5.203830003738403320e-01
4.972024261951446533e-01
4.953135251998901367e-01
4.893922507762908936e-01
5.130969285964965820e-01
4.903478324413299561e-01
5.008316040039062500e-01
5.690315365791320801e-01
4.666078090667724609e-01
5.231304168701171875e-01
4.949361979961395264e-01
5.100811719894409180e-01
5.474756360054016113e-01
5.131498575210571289e-01
4.857962727546691895e-01
5.138086080551147461e-01
5.140700936317443848e-01
5.040448904037475586e-01
5.256884098052978516e-01
5.073651671409606934e-01
5.020797848701477051e-01
5.086769461631774902e-01
5.066223144531250000e-01
5.359028577804565430e-01
5.273183584213256836e-01
5.343598723411560059e-01
5.328729152679443359e-01
5.439356565475463867e-01
5.342193245887756348e-01
5.209508538246154785e-01
5.463100671768188477e-01
5.593674182891845703e-01
5.327537655830383301e-01
5.315739512443542480e-01
5.443052649497985840e-01
5.384750366210937500e-01
5.451592206954956055e-01
5.328889489173889160e-01
5.267666578292846680e-01
5.257902145385742188e-01
5.362516641616821289e-01
5.443205833435058594e-01
5.256890058517456055e-01
5.236302018165588379e-01
5.330917239189147949e-01
5.177274942398071289e-01
5.144141912460327148e-01
5.398278236389160156e-01
4.881605505943298340e-01
5.410286784172058105e-01
5.365138649940490723e-01
5.294943451881408691e-01
5.443052649497985840e-01
5.332291126251220703e-01
5.237843394279479980e-01
5.422197580337524414e-01
5.466466546058654785e-01
5.494611263275146484e-01
5.475497245788574219e-01
5.567576885223388672e-01
5.446671843528747559e-01
5.412356853485107422e-01
5.386011600494384766e-01
5.424481630325317383e-01
5.530914068222045898e-01
5.566676855087280273e-01
5.238225460052490234e-01
5.391308665275573730e-01
5.396105051040649414e-01
5.190015435218811035e-01
5.386788249015808105e-01
5.212523341178894043e-01
5.412108898162841797e-01
5.427899360656738281e-01
5.413534641265869141e-01
5.259223580360412598e-01
5.443052649497985840e-01
5.385531783103942871e-01
5.450407266616821289e-01
5.280237793922424316e-01
5.395024418830871582e-01
5.222503542900085449e-01
5.250938534736633301e-01
5.294705629348754883e-01
5.343027114868164062e-01
5.433415174484252930e-01
5.493961572647094727e-01
5.450407266616821289e-01
5.725942850112915039e-01
5.738563537597656250e-01
5.149296522140502930e-01
5.163987874984741211e-01
5.412542819976806641e-01
5.318926572799682617e-01
5.307605266571044922e-01
5.341472625732421875e-01
5.177592635154724121e-01
5.234797596931457520e-01
5.403053760528564453e-01
5.667061209678649902e-01
5.384160876274108887e-01
4.785403311252593994e-01
5.613546967506408691e-01
5.514304041862487793e-01
5.437204837799072266e-01
5.523043274879455566e-01
4.971138834953308105e-01
5.258911252021789551e-01
5.350706577301025391e-01
5.568065047264099121e-01
5.305491089820861816e-01
5.287401080131530762e-01
5.088630318641662598e-01
5.281772613525390625e-01
5.558929443359375000e-01
5.073975920677185059e-01
4.877907931804656982e-01
5.249369740486145020e-01
5.273671746253967285e-01
5.164635777473449707e-01
5.443052649497985840e-01
5.546300411224365234e-01
5.502517819404602051e-01
4.637880921363830566e-01
5.272850394248962402e-01
5.310707688331604004e-01
5.200048089027404785e-01
5.074250102043151855e-01
4.953135251998901367e-01
5.512551069259643555e-01
5.139222145080566406e-01
5.358333587646484375e-01
5.538848042488098145e-01
4.806476533412933350e-01
4.617372751235961914e-01
5.164244771003723145e-01
5.159338116645812988e-01
5.384750366210937500e-01
5.177104473114013672e-01
5.513690114021301270e-01
5.323914289474487305e-01
5.359300971031188965e-01
5.435811877250671387e-01
5.432972908020019531e-01
4.822518825531005859e-01
5.432105660438537598e-01
5.202735662460327148e-01
5.335668921470642090e-01
5.498881936073303223e-01
5.483570098876953125e-01
5.499565005302429199e-01
5.385050773620605469e-01
5.332789421081542969e-01
5.445019006729125977e-01
5.450767278671264648e-01
5.392479896545410156e-01
5.426632165908813477e-01
5.194136500358581543e-01
5.407574772834777832e-01
5.493955612182617188e-01
5.018183588981628418e-01
5.541826486587524414e-01
5.349684357643127441e-01
5.225640535354614258e-01
5.465674400329589844e-01
5.096060037612915039e-01
5.249381065368652344e-01
5.455821156501770020e-01
5.611850619316101074e-01
4.966087043285369873e-01
4.893922805786132812e-01
4.999344944953918457e-01
4.999344944953918457e-01
5.482136011123657227e-01
5.319933891296386719e-01
5.573087334632873535e-01
5.286766886711120605e-01
4.994398951530456543e-01
5.444131493568420410e-01
5.200051069259643555e-01
5.452556610107421875e-01
4.968625307083129883e-01
5.247129797935485840e-01
5.567591786384582520e-01
4.705956280231475830e-01
5.066144466400146484e-01
5.262880921363830566e-01
5.620560050010681152e-01
4.672736525535583496e-01
5.384750366210937500e-01
5.107540488243103027e-01
5.312476158142089844e-01
5.463197827339172363e-01
5.495038032531738281e-01
5.363723039627075195e-01
5.357123017311096191e-01
5.465056300163269043e-01
5.114948153495788574e-01
5.328921079635620117e-01
5.482930541038513184e-01
5.502851605415344238e-01
5.271661281585693359e-01
5.544015765190124512e-01
5.318675041198730469e-01
5.335487127304077148e-01
5.324998497962951660e-01
5.293155312538146973e-01
5.127967000007629395e-01
5.483142137527465820e-01
5.432524085044860840e-01
5.422344207763671875e-01
5.408947467803955078e-01
5.287082195281982422e-01
5.187518000602722168e-01
5.422821044921875000e-01
5.297444462776184082e-01
5.256891846656799316e-01
5.394707322120666504e-01
5.538596510887145996e-01
5.193877816200256348e-01
5.452340245246887207e-01
5.210584998130798340e-01
5.450407266616821289e-01
5.373655557632446289e-01
5.176864266395568848e-01
5.221583247184753418e-01
5.410603284835815430e-01
5.212440490722656250e-01
5.281852483749389648e-01
5.449612140655517578e-01
5.320740938186645508e-01
5.352956652641296387e-01
5.228481888771057129e-01
5.190006494522094727e-01
5.412147641181945801e-01
5.365871787071228027e-01
5.325880050659179688e-01
5.346006751060485840e-01
5.126233100891113281e-01
5.408106446266174316e-01
4.817912280559539795e-01
5.519391298294067383e-01
5.453090667724609375e-01
5.194407105445861816e-01
5.187079310417175293e-01
5.543777346611022949e-01
5.455917716026306152e-01
5.127773284912109375e-01
4.820738732814788818e-01
5.186165571212768555e-01
5.149621963500976562e-01
4.838166534900665283e-01
5.558017492294311523e-01
5.310087203979492188e-01
5.332726240158081055e-01
5.005850791931152344e-01
5.479279160499572754e-01
5.386589765548706055e-01
5.412066578865051270e-01
5.584967732429504395e-01
4.587434530258178711e-01
5.066407322883605957e-01
4.729503989219665527e-01
5.054864883422851562e-01
4.881293177604675293e-01
5.560991764068603516e-01
5.293844342231750488e-01
4.504582285881042480e-01
5.513866543769836426e-01
5.305446982383728027e-01
5.147531628608703613e-01
4.885794520378112793e-01
4.765777587890625000e-01
5.317251682281494141e-01
5.444866418838500977e-01
5.447072386741638184e-01
5.416096448898315430e-01
5.393293499946594238e-01
4.947299361228942871e-01
4.757200181484222412e-01
5.451576113700866699e-01
4.865178167819976807e-01
4.928994774818420410e-01
5.451557636260986328e-01
5.272468924522399902e-01
5.590275526046752930e-01
5.407060384750366211e-01
5.518214702606201172e-01
5.484660267829895020e-01
5.342175960540771484e-01
5.493739247322082520e-01
5.204417109489440918e-01
5.349280834197998047e-01
5.512557625770568848e-01
5.443052649497985840e-01
5.386305451393127441e-01
5.277631878852844238e-01
5.263095498085021973e-01
4.910454750061035156e-01
5.590580701828002930e-01
5.186185836791992188e-01
5.424500107765197754e-01
5.518563985824584961e-01
5.281856656074523926e-01
5.213025212287902832e-01
5.016562342643737793e-01
5.289246439933776855e-01
5.406855344772338867e-01
5.333352684974670410e-01
5.326787829399108887e-01
5.495971441268920898e-01
5.080053210258483887e-01
4.890560507774353027e-01
5.344487428665161133e-01
5.395024418830871582e-01
4.902696609497070312e-01
5.267536044120788574e-01
5.452875494956970215e-01
5.349222421646118164e-01
5.391979217529296875e-01
5.372822284698486328e-01
5.204071402549743652e-01
5.504637956619262695e-01
5.413447022438049316e-01
5.456759929656982422e-01
5.385926961898803711e-01
5.367729663848876953e-01
5.467582941055297852e-01
5.429469347000122070e-01
5.119286179542541504e-01
5.413237214088439941e-01
5.640701651573181152e-01
5.212558507919311523e-01
5.490050315856933594e-01
4.904140532016754150e-01
4.771351814270019531e-01
5.456432104110717773e-01
5.050725936889648438e-01
4.822445213794708252e-01
5.256760716438293457e-01
5.105764865875244141e-01
4.825878441333770752e-01
5.164416432380676270e-01
4.785722792148590088e-01
5.279802083969116211e-01
5.417722463607788086e-01
4.964314103126525879e-01
5.387899279594421387e-01
5.544723868370056152e-01
5.254485607147216797e-01
5.032638311386108398e-01
5.570297837257385254e-01
4.844139814376831055e-01
5.429385304450988770e-01
5.596302151679992676e-01
5.084646940231323242e-01
4.749391078948974609e-01
4.470801651477813721e-01
4.904708266258239746e-01
4.632149338722229004e-01
5.591185688972473145e-01
5.323502421379089355e-01
5.129134058952331543e-01
5.526489019393920898e-01
5.358773469924926758e-01
5.334305167198181152e-01
5.255712866783142090e-01
4.893917143344879150e-01
5.130165219306945801e-01
5.177386999130249023e-01
4.515160918235778809e-01
5.483991503715515137e-01
5.577263236045837402e-01
5.504267811775207520e-01
5.469765067100524902e-01
4.736958146095275879e-01
5.176305770874023438e-01
5.260730385780334473e-01
5.474668741226196289e-01
5.285224914550781250e-01
5.327160954475402832e-01
5.139815211296081543e-01
5.386056900024414062e-01
5.451419949531555176e-01
5.551577806472778320e-01
5.544505119323730469e-01
5.438116192817687988e-01
5.320755839347839355e-01
5.317337512969970703e-01
5.398724079132080078e-01
5.340044498443603516e-01
5.256047844886779785e-01
5.205766558647155762e-01
5.219077467918395996e-01
5.349557995796203613e-01
5.446674227714538574e-01
4.727053344249725342e-01
5.357881188392639160e-01
5.486412048339843750e-01
5.267137885093688965e-01
5.210319757461547852e-01
5.443530082702636719e-01
5.249201059341430664e-01
5.172013640403747559e-01
5.547738671302795410e-01
5.551646947860717773e-01
5.193372964859008789e-01
5.467404127120971680e-01
5.372294783592224121e-01
5.562874674797058105e-01
5.467166900634765625e-01
5.154094696044921875e-01
5.265968441963195801e-01
5.493300557136535645e-01
5.167607665061950684e-01
5.399069190025329590e-01
5.234811902046203613e-01
5.500262379646301270e-01
5.345821976661682129e-01
5.649467706680297852e-01
5.541884303092956543e-01
5.136983990669250488e-01
5.155426263809204102e-01
5.507130622863769531e-01
5.292431116104125977e-01
5.454307198524475098e-01
5.451565980911254883e-01
5.159932374954223633e-01
5.456311702728271484e-01
5.354798436164855957e-01
5.312933921813964844e-01
5.458756685256958008e-01
5.552701354026794434e-01
5.450407266616821289e-01
5.394271612167358398e-01
5.445362329483032227e-01
5.551463365554809570e-01
5.577239990234375000e-01
5.211173295974731445e-01
5.472140908241271973e-01
5.141206979751586914e-01
4.964593052864074707e-01
5.333904027938842773e-01
5.468391180038452148e-01
4.858569800853729248e-01
5.312471985816955566e-01
4.739835560321807861e-01
5.240804553031921387e-01
5.173416733741760254e-01
5.314359664916992188e-01
5.268726348876953125e-01
5.157666206359863281e-01
5.550806522369384766e-01
5.208779573440551758e-01
5.058354139328002930e-01
5.021039843559265137e-01
5.262000560760498047e-01
5.289488434791564941e-01
5.211940407752990723e-01
5.152432322502136230e-01
4.928277730941772461e-01
4.955901205539703369e-01
5.539984107017517090e-01
4.969300925731658936e-01
5.218090415000915527e-01
5.212708711624145508e-01
5.077754855155944824e-01
4.579080939292907715e-01
5.318953394889831543e-01
4.323956072330474854e-01
5.130250453948974609e-01
4.955481886863708496e-01
5.320438742637634277e-01
5.218214392662048340e-01
5.077038407325744629e-01
4.962894022464752197e-01
4.928272962570190430e-01
4.764021635055541992e-01
4.884394407272338867e-01
5.448896884918212891e-01
5.020080804824829102e-01
5.256631970405578613e-01
5.291231870651245117e-01
5.352796316146850586e-01
5.342214107513427734e-01
5.406286716461181641e-01
5.320832729339599609e-01
5.280539989471435547e-01
5.509585738182067871e-01
5.331110954284667969e-01
5.447853803634643555e-01
5.632063150405883789e-01
5.539273023605346680e-01
5.451047420501708984e-01
5.355381965637207031e-01
5.604031085968017578e-01
5.611892938613891602e-01
4.961574971675872803e-01
5.496042370796203613e-01
5.323237776756286621e-01
5.497149229049682617e-01
5.216762423515319824e-01
5.526567697525024414e-01
5.498918294906616211e-01
5.459975004196166992e-01
5.501706600189208984e-01
5.515813827514648438e-01
5.303032398223876953e-01
5.395024418830871582e-01
5.114746689796447754e-01
5.380244851112365723e-01
5.483466386795043945e-01
5.462260246276855469e-01
5.402222275733947754e-01
5.504176616668701172e-01
5.367153882980346680e-01
5.730937719345092773e-01
5.182263851165771484e-01
5.130969285964965820e-01
5.384059548377990723e-01
4.999213516712188721e-01
5.274137854576110840e-01
5.274111628532409668e-01
5.271652340888977051e-01
5.159108638763427734e-01
4.367181658744812012e-01
5.151494741439819336e-01
5.271350741386413574e-01
5.430718064308166504e-01
5.256891250610351562e-01
4.900306463241577148e-01
5.628832578659057617e-01
5.499950647354125977e-01
5.056869387626647949e-01
5.060256123542785645e-01
5.021372437477111816e-01
4.918009638786315918e-01
5.059617161750793457e-01
5.442100763320922852e-01
5.630081295967102051e-01
4.848941266536712646e-01
5.171056389808654785e-01
5.117710828781127930e-01
5.445573329925537109e-01
5.381283760070800781e-01
4.351099729537963867e-01
5.249109864234924316e-01
5.108038187026977539e-01
5.221446752548217773e-01
5.430411100387573242e-01
4.858286082744598389e-01
5.335463285446166992e-01
5.177887082099914551e-01
5.512453317642211914e-01
5.336634516716003418e-01
4.948368966579437256e-01
5.606037974357604980e-01
5.444999933242797852e-01
5.310708880424499512e-01
5.397003889083862305e-01
5.147911310195922852e-01
5.228840112686157227e-01
5.302795171737670898e-01
4.786630570888519287e-01
5.089527368545532227e-01
5.005883574485778809e-01
5.256643295288085938e-01
5.256891846656799316e-01
5.335155725479125977e-01
5.012932419776916504e-01
5.029608011245727539e-01
5.305755138397216797e-01
4.932588338851928711e-01
4.984390735626220703e-01
4.953135550022125244e-01
5.084854960441589355e-01
5.000195503234863281e-01
5.258123874664306641e-01
5.193380117416381836e-01
5.100784897804260254e-01
5.515443682670593262e-01
5.032342672348022461e-01
5.298069715499877930e-01
5.281821489334106445e-01
5.293018221855163574e-01
5.095023512840270996e-01
5.556603670120239258e-01
5.314177274703979492e-01
5.630882978439331055e-01
5.574340224266052246e-01
5.459913611412048340e-01
5.530482530593872070e-01
5.156602263450622559e-01
5.333312153816223145e-01
5.401856899261474609e-01
5.496148467063903809e-01
5.153101682662963867e-01
5.579333901405334473e-01
5.406233072280883789e-01
5.353040099143981934e-01
5.286794304847717285e-01
5.451542735099792480e-01
5.468727350234985352e-01
5.410119891166687012e-01
5.313081145286560059e-01
4.764635860919952393e-01
5.504469871520996094e-01
5.009560585021972656e-01
5.449817776679992676e-01
4.733966886997222900e-01
5.294558405876159668e-01
5.107244253158569336e-01
4.965232610702514648e-01
5.052723288536071777e-01
5.144654512405395508e-01
5.165163874626159668e-01
5.451578497886657715e-01
4.997077584266662598e-01
4.893239736557006836e-01
5.125098824501037598e-01
5.296317338943481445e-01
5.353847146034240723e-01
5.456240773200988770e-01
5.432759523391723633e-01
5.200048089027404785e-01
5.384059548377990723e-01
5.367681384086608887e-01
5.271670818328857422e-01
5.490542650222778320e-01
5.335043668746948242e-01
5.502397418022155762e-01
5.450602769851684570e-01
5.435726046562194824e-01
5.534623265266418457e-01
5.458496212959289551e-01
5.382958650588989258e-01
5.288960337638854980e-01
4.835416972637176514e-01
5.130245089530944824e-01
5.332192182540893555e-01
4.941941797733306885e-01
5.415955781936645508e-01
5.392119288444519043e-01
5.805282592773437500e-01
5.079899430274963379e-01
5.344232320785522461e-01
5.158397555351257324e-01
5.352866649627685547e-01
5.377000570297241211e-01
5.190154314041137695e-01
5.035020709037780762e-01
5.523040294647216797e-01
5.541877746582031250e-01
5.584459304809570312e-01
5.293481349945068359e-01
5.448380112648010254e-01
5.333675742149353027e-01
5.348985195159912109e-01
5.541629791259765625e-01
5.370534062385559082e-01
5.136468410491943359e-01
5.224862098693847656e-01
5.136618614196777344e-01
5.499884486198425293e-01
5.282289385795593262e-01
5.467798113822937012e-01
5.180627107620239258e-01
5.467839241027832031e-01
5.398395657539367676e-01
5.443052649497985840e-01
5.551615357398986816e-01
5.352864265441894531e-01
5.233618021011352539e-01
5.194905996322631836e-01
5.687937736511230469e-01
5.513577461242675781e-01
5.194731354713439941e-01
5.445395112037658691e-01
5.336090326309204102e-01
5.297704339027404785e-01
5.414360165596008301e-01
5.003562569618225098e-01
5.241645574569702148e-01
5.504480004310607910e-01
5.134739875793457031e-01
5.032638907432556152e-01
5.115734934806823730e-01
5.185088515281677246e-01
5.454520583152770996e-01
5.159237384796142578e-01
5.273140668869018555e-01
5.254949927330017090e-01
5.628873705863952637e-01
5.363286733627319336e-01
5.281857252120971680e-01
5.176844000816345215e-01
5.394598841667175293e-01
5.227030515670776367e-01
4.732226133346557617e-01
5.149666666984558105e-01
5.054808259010314941e-01
5.104966163635253906e-01
5.312457084655761719e-01
5.073975920677185059e-01
4.911936819553375244e-01
4.823178052902221680e-01
5.384059548377990723e-01
5.343421697616577148e-01
5.330030918121337891e-01
5.085923671722412109e-01
5.035963654518127441e-01
5.138578414916992188e-01
4.922860562801361084e-01
5.511384010314941406e-01
4.962304234504699707e-01
4.942663609981536865e-01
5.216014385223388672e-01
5.301147103309631348e-01
5.121448040008544922e-01
5.363553762435913086e-01
5.087922811508178711e-01
5.288109779357910156e-01
5.173309445381164551e-01
5.460046529769897461e-01
5.480759143829345703e-01
5.247625112533569336e-01
4.966530799865722656e-01
5.495575070381164551e-01
5.476415753364562988e-01
4.558913111686706543e-01
4.943676292896270752e-01
5.069857239723205566e-01
5.386541485786437988e-01
5.493068695068359375e-01
5.171927809715270996e-01
5.479162931442260742e-01
5.471531152725219727e-01
5.454909801483154297e-01
5.392475128173828125e-01
5.370783805847167969e-01
5.399664640426635742e-01
5.233618021011352539e-01
5.438478589057922363e-01
5.390080809593200684e-01
5.395015478134155273e-01
5.560985207557678223e-01
5.746579766273498535e-01
5.450610518455505371e-01
5.489761233329772949e-01
5.348945856094360352e-01
5.451419949531555176e-01
4.771706163883209229e-01
5.202417969703674316e-01
5.465674400329589844e-01
5.373398065567016602e-01
5.178753137588500977e-01
5.256285071372985840e-01
5.331510305404663086e-01
5.236552357673645020e-01
5.304436087608337402e-01
5.095023512840270996e-01
5.187293291091918945e-01
5.094030499458312988e-01
4.837585985660552979e-01
5.166329741477966309e-01
5.618817210197448730e-01
5.367007851600646973e-01
5.060589313507080078e-01
5.443052649497985840e-01
5.086452960968017578e-01
5.383605360984802246e-01
5.095044374465942383e-01
5.395024418830871582e-01
5.450943112373352051e-01
5.337110757827758789e-01
5.094884634017944336e-01
5.502161383628845215e-01
5.395024418830871582e-01
5.486391186714172363e-01
4.937319457530975342e-01
5.464233160018920898e-01
5.395860075950622559e-01
5.776036977767944336e-01
5.032185316085815430e-01
5.074930787086486816e-01
5.139828920364379883e-01
5.451579093933105469e-01
5.297125577926635742e-01
5.309731364250183105e-01
5.505005121231079102e-01
5.348011851310729980e-01
5.335418581962585449e-01
5.374801158905029297e-01
5.240275859832763672e-01
5.320385098457336426e-01
5.450755953788757324e-01
5.476729869842529297e-01
5.372282266616821289e-01
5.292949080467224121e-01
5.335105657577514648e-01
5.401698350906372070e-01
5.296317934989929199e-01
5.443052649497985840e-01
5.359331369400024414e-01
5.441231727600097656e-01
5.445817112922668457e-01
5.352049469947814941e-01
5.371434092521667480e-01
5.312352180480957031e-01
5.395024418830871582e-01
5.358787178993225098e-01
5.443081855773925781e-01
5.393606424331665039e-01
5.393908619880676270e-01
5.086452960968017578e-01
5.485634803771972656e-01
5.498698949813842773e-01
5.444130897521972656e-01
5.420993566513061523e-01
5.403678417205810547e-01
5.501388907432556152e-01
5.210475921630859375e-01
5.370942354202270508e-01
5.253962278366088867e-01
5.258929133415222168e-01
5.394986867904663086e-01
5.200048089027404785e-01
5.538385510444641113e-01
5.215812921524047852e-01
5.210448503494262695e-01
5.147222280502319336e-01
5.332863926887512207e-01
5.392474532127380371e-01
5.370860099792480469e-01
5.338233113288879395e-01
5.356040596961975098e-01
5.428328514099121094e-01
5.507550835609436035e-01
5.152522325515747070e-01
5.313614606857299805e-01
5.157018899917602539e-01
5.347982645034790039e-01
5.256534814834594727e-01
5.442976355552673340e-01
5.007238984107971191e-01
5.482784509658813477e-01
5.448052883148193359e-01
5.376004576683044434e-01
5.444131493568420410e-01
4.985411763191223145e-01
5.283457636833190918e-01
5.379762649536132812e-01
5.468239188194274902e-01
4.891153275966644287e-01
4.783644676208496094e-01
4.759472608566284180e-01
5.133359432220458984e-01
5.179918408393859863e-01
5.445968508720397949e-01
5.449958443641662598e-01
5.473293662071228027e-01
5.104290843009948730e-01
5.317100882530212402e-01
5.355141162872314453e-01
5.201729536056518555e-01
5.179642438888549805e-01
5.225805044174194336e-01
5.247585177421569824e-01
5.477702617645263672e-01
5.447016954421997070e-01
4.655312299728393555e-01
4.703716039657592773e-01
5.423607826232910156e-01
5.253700613975524902e-01
5.180580615997314453e-01
5.089560747146606445e-01
5.312110185623168945e-01
4.905733466148376465e-01
5.487316250801086426e-01
5.164586901664733887e-01
5.274121165275573730e-01
4.496264457702636719e-01
4.945237040519714355e-01
4.893156886100769043e-01
5.395619869232177734e-01
5.021959543228149414e-01
5.003057718276977539e-01
5.436378717422485352e-01
5.470237135887145996e-01
5.080735087394714355e-01
5.360860824584960938e-01
5.283136963844299316e-01
5.344207882881164551e-01
5.256891846656799316e-01
5.407261848449707031e-01
5.285939574241638184e-01
5.297492146492004395e-01
5.509773492813110352e-01
5.144044160842895508e-01
5.392320156097412109e-01
5.296570658683776855e-01
5.248246192932128906e-01
5.446216464042663574e-01
5.472921729087829590e-01
5.389955043792724609e-01
5.478656888008117676e-01
5.360136032104492188e-01
5.397351384162902832e-01
5.148290991783142090e-01
5.428801774978637695e-01
5.429778695106506348e-01
5.495373010635375977e-01
5.423973798751831055e-01
5.541772246360778809e-01
5.429729819297790527e-01
5.314743518829345703e-01
5.547943115234375000e-01
5.385375022888183594e-01
5.369263887405395508e-01
5.478223562240600586e-01
5.233697891235351562e-01
5.502008199691772461e-01
5.305757522583007812e-01
5.336634516716003418e-01
5.284699201583862305e-01
5.373991131782531738e-01
5.336634516716003418e-01
5.288022756576538086e-01
5.243505835533142090e-01
4.931311011314392090e-01
5.148333311080932617e-01
5.534970164299011230e-01
5.133615136146545410e-01
5.469419956207275391e-01
5.428509712219238281e-01
5.385283231735229492e-01
5.454722046852111816e-01
5.106446146965026855e-01
5.432105660438537598e-01
5.384059548377990723e-01
5.289275646209716797e-01
5.405966043472290039e-01
5.410099029541015625e-01
5.389794111251831055e-01
5.403540730476379395e-01
5.466835498809814453e-01
5.336634516716003418e-01
5.398707389831542969e-01
5.449582338333129883e-01
5.354358553886413574e-01
5.429844856262207031e-01
5.424402952194213867e-01
5.286445021629333496e-01
5.211810469627380371e-01
5.432105660438537598e-01
5.402342081069946289e-01
5.281857252120971680e-01
5.256899595260620117e-01
5.384750366210937500e-01
5.388799309730529785e-01
5.367853045463562012e-01
5.311511754989624023e-01
5.447864532470703125e-01
5.197489857673645020e-01
5.273978114128112793e-01
5.418338775634765625e-01
5.505676865577697754e-01
5.449994206428527832e-01
5.461460947990417480e-01
5.099689960479736328e-01
5.092293024063110352e-01
5.029588341712951660e-01
5.430164933204650879e-01
4.497042894363403320e-01
5.321956872940063477e-01
5.270588994026184082e-01
4.838166534900665283e-01
5.319142937660217285e-01
5.279331207275390625e-01
5.392479896545410156e-01
5.369080305099487305e-01
5.341135859489440918e-01
4.866580963134765625e-01
5.463872551918029785e-01
5.031190514564514160e-01
5.157553553581237793e-01
5.404607653617858887e-01
5.512697100639343262e-01
5.255713462829589844e-01
5.490310192108154297e-01
5.402105450630187988e-01
4.969263374805450439e-01
5.093959569931030273e-01
5.400672554969787598e-01
5.296310186386108398e-01
5.351735353469848633e-01
5.382116436958312988e-01
5.391648411750793457e-01
5.424067378044128418e-01
5.269621014595031738e-01
5.362648367881774902e-01
5.113274455070495605e-01
5.541346073150634766e-01
5.501950979232788086e-01
5.384059548377990723e-01
5.422796607017517090e-01
5.174068808555603027e-01
5.446885824203491211e-01
5.229634642601013184e-01
5.407897830009460449e-01
5.277687311172485352e-01
5.343458056449890137e-01
5.393554568290710449e-01
5.253560543060302734e-01
5.344487428665161133e-01
5.554580092430114746e-01
5.190159082412719727e-01
5.457860827445983887e-01
5.502336621284484863e-01
5.334997773170471191e-01
5.350170731544494629e-01
5.210990309715270996e-01
5.449113249778747559e-01
5.538873672485351562e-01
5.283581614494323730e-01
5.316424965858459473e-01
5.412802696228027344e-01
5.317740440368652344e-01
5.405043363571166992e-01
5.455927252769470215e-01
5.146394968032836914e-01
5.256891846656799316e-01
5.247901082038879395e-01
5.292103886604309082e-01
5.278235673904418945e-01
5.196603536605834961e-01
5.375129580497741699e-01
5.202977657318115234e-01
4.922299683094024658e-01
4.840778112411499023e-01
4.753304123878479004e-01
4.893921315670013428e-01
5.169134736061096191e-01
5.174431800842285156e-01
5.150126814842224121e-01
5.333486795425415039e-01
5.271638035774230957e-01
4.960366487503051758e-01
5.038963556289672852e-01
5.310708880424499512e-01
5.069779753684997559e-01
5.390629172325134277e-01
4.873943030834197998e-01
5.151129364967346191e-01
5.222041010856628418e-01
5.067642331123352051e-01
5.221291184425354004e-01
5.116953849792480469e-01
4.994185566902160645e-01
5.521672964096069336e-01
4.892496168613433838e-01
5.433531999588012695e-01
5.163530111312866211e-01
5.335113406181335449e-01
5.401440858840942383e-01
5.352798104286193848e-01
5.620583891868591309e-01
5.198099613189697266e-01
5.168353319168090820e-01
5.210620164871215820e-01
5.466138124465942383e-01
5.133361816406250000e-01
5.441061854362487793e-01
5.386856198310852051e-01
5.384985208511352539e-01
5.357595086097717285e-01
5.400928854942321777e-01
5.391966700553894043e-01
5.461937785148620605e-01
5.538526773452758789e-01
4.972775280475616455e-01
4.921765625476837158e-01
4.955480992794036865e-01
5.440028309822082520e-01
5.427479147911071777e-01
5.336634516716003418e-01
5.412424802780151367e-01
5.485783219337463379e-01
5.501424670219421387e-01
5.318275094032287598e-01
5.438331365585327148e-01
5.280894041061401367e-01
5.458065271377563477e-01
5.290525555610656738e-01
5.241461396217346191e-01
5.156855583190917969e-01
5.551492571830749512e-01
5.354733467102050781e-01
5.342175364494323730e-01
5.324999690055847168e-01
5.410578846931457520e-01
5.198681354522705078e-01
5.211441516876220703e-01
5.267536640167236328e-01
5.336634516716003418e-01
5.437115430831909180e-01
5.197625160217285156e-01
5.424919724464416504e-01
5.501002073287963867e-01
5.324318408966064453e-01
5.355512499809265137e-01
5.424683094024658203e-01
5.338525176048278809e-01
5.420894622802734375e-01
5.294854640960693359e-01
5.433030724525451660e-01
5.285308957099914551e-01
5.305900573730468750e-01
4.958109259605407715e-01
5.587822794914245605e-01
4.839245080947875977e-01
5.465992093086242676e-01
5.514482259750366211e-01
5.521589517593383789e-01
5.519562363624572754e-01
5.152322649955749512e-01
5.555822849273681641e-01
5.481711626052856445e-01
5.392559766769409180e-01
5.248556733131408691e-01
4.761720895767211914e-01
5.310277938842773438e-01
5.471733808517456055e-01
5.031528472900390625e-01
5.148683786392211914e-01
4.814183115959167480e-01
4.993391036987304688e-01
5.057514905929565430e-01
5.254063606262207031e-01
4.918320775032043457e-01
4.893923401832580566e-01
4.748899936676025391e-01
5.258499979972839355e-01
5.217809081077575684e-01
5.341999530792236328e-01
5.030829906463623047e-01
5.141580104827880859e-01
5.345140695571899414e-01
5.068445205688476562e-01
5.539001226425170898e-01
5.149919390678405762e-01
5.408657789230346680e-01
5.415906906127929688e-01
4.996372759342193604e-01
5.262545943260192871e-01
5.428243279457092285e-01
4.958285689353942871e-01
5.152762532234191895e-01
5.380138754844665527e-01
5.466076135635375977e-01
5.364645719528198242e-01
5.314287543296813965e-01
5.252714157104492188e-01
5.395024418830871582e-01
5.357462763786315918e-01
5.308437347412109375e-01
5.321014523506164551e-01
5.092762112617492676e-01
5.471988916397094727e-01
5.450407266616821289e-01
5.429208278656005859e-01
5.449042320251464844e-01
5.237937569618225098e-01
5.191911458969116211e-01
5.249858498573303223e-01
5.443052649497985840e-01
5.251489877700805664e-01
5.441359281539916992e-01
5.313857793807983398e-01
5.392846465110778809e-01
5.573921799659729004e-01
5.017617940902709961e-01
5.530949831008911133e-01
5.093600153923034668e-01
5.267881155014038086e-01
5.006497502326965332e-01
5.402621030807495117e-01
4.866385459899902344e-01
4.983103275299072266e-01
5.324835777282714844e-01
5.084004402160644531e-01
5.528426170349121094e-01
5.313332080841064453e-01
5.308156013488769531e-01
5.147457122802734375e-01
5.344487428665161133e-01
5.341382622718811035e-01
5.450407266616821289e-01
5.206625461578369141e-01
5.366072654724121094e-01
5.284125208854675293e-01
5.337424278259277344e-01
5.443913340568542480e-01
5.420011281967163086e-01
5.559828877449035645e-01
5.344229340553283691e-01
5.191793441772460938e-01
5.102486610412597656e-01
5.401133298873901367e-01
5.039902925491333008e-01
5.245194435119628906e-01
5.148657560348510742e-01
5.342169404029846191e-01
5.542767643928527832e-01
5.476168394088745117e-01
4.999344944953918457e-01
5.300309658050537109e-01
4.963948130607604980e-01
5.508734583854675293e-01
5.141577720642089844e-01
5.391989946365356445e-01
5.409905910491943359e-01
5.342072248458862305e-01
5.426691174507141113e-01
4.861189126968383789e-01
5.324780941009521484e-01
5.078681111335754395e-01
5.415868163108825684e-01
4.655519425868988037e-01
5.216671824455261230e-01
5.517857074737548828e-01
5.045725703239440918e-01
5.138062834739685059e-01
5.183028578758239746e-01
4.947299957275390625e-01
4.973560869693756104e-01
5.042462348937988281e-01
5.095044970512390137e-01
5.269962549209594727e-01
4.971241652965545654e-01
5.256891846656799316e-01
4.849351644515991211e-01
4.957578480243682861e-01
4.972752034664154053e-01
4.949745237827301025e-01
5.073975920677185059e-01
5.608879327774047852e-01
4.929588735103607178e-01
5.608348846435546875e-01
5.015439391136169434e-01
5.481152534484863281e-01
5.340479612350463867e-01
5.562459230422973633e-01
4.974094331264495850e-01
5.398792028427124023e-01
5.158091783523559570e-01
5.476332902908325195e-01
5.301914811134338379e-01
5.341719985008239746e-01
4.808835089206695557e-01
5.336634516716003418e-01
5.546551346778869629e-01
5.540236234664916992e-01
5.397240519523620605e-01
5.450407266616821289e-01
5.438264608383178711e-01
5.473650097846984863e-01
5.212584733963012695e-01
5.406373739242553711e-01
5.180618166923522949e-01
5.443052649497985840e-01
5.290264487266540527e-01
5.289246439933776855e-01
5.486123561859130859e-01
5.450894236564636230e-01
5.351678133010864258e-01
5.695683956146240234e-01
5.600365400314331055e-01
5.535197854042053223e-01
5.181370377540588379e-01
5.414859056472778320e-01
5.015255212783813477e-01
5.204553604125976562e-01
5.295893549919128418e-01
5.334869027137756348e-01
5.351321697235107422e-01
5.489397048950195312e-01
5.331287980079650879e-01
5.282083749771118164e-01
5.357918739318847656e-01
5.513669848442077637e-01
5.449611544609069824e-01
5.500495433807373047e-01
5.500145554542541504e-01
5.460206866264343262e-01
5.191605687141418457e-01
5.142417550086975098e-01
5.457123517990112305e-01
5.363337397575378418e-01
5.399084687232971191e-01
5.395037531852722168e-01
5.491377115249633789e-01
5.326793193817138672e-01
5.467725992202758789e-01
5.489779114723205566e-01
5.527418255805969238e-01
5.401660799980163574e-01
5.433863401412963867e-01
5.408744812011718750e-01
5.525767207145690918e-01
5.428418517112731934e-01
5.353977084159851074e-01
5.422781109809875488e-01
5.232226848602294922e-01
5.501347780227661133e-01
5.282317996025085449e-01
5.115892887115478516e-01
5.439794063568115234e-01
5.202149152755737305e-01
5.450407266616821289e-01
5.269411802291870117e-01
5.503529310226440430e-01
5.499718785285949707e-01
5.197642445564270020e-01
4.841104149818420410e-01
4.721832871437072754e-01
5.451816320419311523e-01
5.333328247070312500e-01
5.026477575302124023e-01
5.095023512840270996e-01
5.345732569694519043e-01
4.922436177730560303e-01
5.459079146385192871e-01
5.401139855384826660e-01
5.411508679389953613e-01
5.308223962783813477e-01
5.559822916984558105e-01
5.388008356094360352e-01
4.732735157012939453e-01
4.986691176891326904e-01
5.414668321609497070e-01
5.191588997840881348e-01
5.196363925933837891e-01
5.324956178665161133e-01
5.482395291328430176e-01
5.331605672836303711e-01
5.500776767730712891e-01
5.568856000900268555e-01
5.406455993652343750e-01
4.893763065338134766e-01
5.452082753181457520e-01
5.449709892272949219e-01
4.932968914508819580e-01
5.240786671638488770e-01
5.141199231147766113e-01
4.947886466979980469e-01
5.381698608398437500e-01
5.358225703239440918e-01
5.285270810127258301e-01
4.955825209617614746e-01
4.869600236415863037e-01
5.477668046951293945e-01
5.411139726638793945e-01
4.940619170665740967e-01
5.198860764503479004e-01
4.990816712379455566e-01
5.480162501335144043e-01
5.196844935417175293e-01
5.491800904273986816e-01
5.549672245979309082e-01
5.507843494415283203e-01
5.160887241363525391e-01
5.432572960853576660e-01
5.343196392059326172e-01
5.639002323150634766e-01
5.603485703468322754e-01
4.939490258693695068e-01
4.815707504749298096e-01
5.408255457878112793e-01
5.155903697013854980e-01
5.449889898300170898e-01
5.474206209182739258e-01
5.196903347969055176e-01
5.472483634948730469e-01
5.334838628768920898e-01
5.363025069236755371e-01
5.375389456748962402e-01
5.217462778091430664e-01
5.192635655403137207e-01
4.869885146617889404e-01
4.715380668640136719e-01
5.512389540672302246e-01
5.123174786567687988e-01
5.031072497367858887e-01
5.472046136856079102e-01
4.814743995666503906e-01
5.359116792678833008e-01
5.131599307060241699e-01
4.875580668449401855e-01
5.350704789161682129e-01
5.541291236877441406e-01
5.336050987243652344e-01
5.256630778312683105e-01
5.091946721076965332e-01
5.634943842887878418e-01
5.461201667785644531e-01
5.114325284957885742e-01
5.761584043502807617e-01
4.887409508228302002e-01
5.055013895034790039e-01
4.769566953182220459e-01
5.328323841094970703e-01
5.288254618644714355e-01
4.729267060756683350e-01
5.076228976249694824e-01
5.444821119308471680e-01
4.968483746051788330e-01
5.445473790168762207e-01
4.879648089408874512e-01
5.091880559921264648e-01
5.115843415260314941e-01
5.557702779769897461e-01
5.276673436164855957e-01
5.450407266616821289e-01
5.213190913200378418e-01
4.968755245208740234e-01
5.077037811279296875e-01
5.450744628906250000e-01
5.106185078620910645e-01
5.365005731582641602e-01
5.117749571800231934e-01
5.481858849525451660e-01
5.498413443565368652e-01
5.032638311386108398e-01
4.910126924514770508e-01
5.460524559020996094e-01
5.269621014595031738e-01
5.203760862350463867e-01
5.450738668441772461e-01
5.392477512359619141e-01
5.394540429115295410e-01
5.439062118530273438e-01
5.441605448722839355e-01
4.956093430519104004e-01
5.094206929206848145e-01
5.143333673477172852e-01
5.403025150299072266e-01
5.360163450241088867e-01
5.435514450073242188e-01
4.963627457618713379e-01
5.464454889297485352e-01
4.969324767589569092e-01
5.397511124610900879e-01
5.341612100601196289e-01
5.507194399833679199e-01
5.451579093933105469e-01
5.285493731498718262e-01
5.511482357978820801e-01
5.311744213104248047e-01
5.326092839241027832e-01
5.410462021827697754e-01
5.096489787101745605e-01
4.983567297458648682e-01
5.528787374496459961e-01
5.619097352027893066e-01
5.201435685157775879e-01
5.139146447181701660e-01
5.452992320060729980e-01
5.306859016418457031e-01
5.066995620727539062e-01
5.534908175468444824e-01
5.447272062301635742e-01
5.464169979095458984e-01
5.264918208122253418e-01
5.060995817184448242e-01
5.499882102012634277e-01
5.439976453781127930e-01
5.333612561225891113e-01
4.937916994094848633e-01
5.439462661743164062e-01
5.253797173500061035e-01
5.035759806632995605e-01
5.441058278083801270e-01
5.441753864288330078e-01
5.384750366210937500e-01
5.500158667564392090e-01
5.073975920677185059e-01
5.421061515808105469e-01
5.488156080245971680e-01
5.477046370506286621e-01
4.960583746433258057e-01
5.154538154602050781e-01
5.498698949813842773e-01
5.019764304161071777e-01
5.513756275177001953e-01
5.451578497886657715e-01
5.005212426185607910e-01
4.910123050212860107e-01
5.421689748764038086e-01
5.194738507270812988e-01
5.293036103248596191e-01
5.460808277130126953e-01
5.238464474678039551e-01
5.200048089027404785e-01
4.749128520488739014e-01
5.216878056526184082e-01
5.244960188865661621e-01
5.067722201347351074e-01
5.342072248458862305e-01
4.993336200714111328e-01
5.303010940551757812e-01
4.686331152915954590e-01
5.393183231353759766e-01
5.132355690002441406e-01
5.501982569694519043e-01
5.236382484436035156e-01
5.186164975166320801e-01
5.426443219184875488e-01
5.513648390769958496e-01
5.442363023757934570e-01
5.307930111885070801e-01
5.146617889404296875e-01
5.144118070602416992e-01
5.215098261833190918e-01
5.021564960479736328e-01
4.899339675903320312e-01
5.611189007759094238e-01
5.255917906761169434e-01
5.467895269393920898e-01
4.725914001464843750e-01
5.251681804656982422e-01
5.287528038024902344e-01
5.582423210144042969e-01
5.395512580871582031e-01
5.443052649497985840e-01
5.096782445907592773e-01
5.462695360183715820e-01
5.147244930267333984e-01
5.182929039001464844e-01
4.677313864231109619e-01
5.265664458274841309e-01
5.256819725036621094e-01
5.556315183639526367e-01
5.551153421401977539e-01
5.207279324531555176e-01
5.099897980690002441e-01
4.743425250053405762e-01
4.706340730190277100e-01
4.984304308891296387e-01
5.443052649497985840e-01
5.413030385971069336e-01
5.286862850189208984e-01
5.053958296775817871e-01
5.249148607254028320e-01
5.415232777595520020e-01
5.395024418830871582e-01
4.837001860141754150e-01
5.294520258903503418e-01
5.232494473457336426e-01
5.163143873214721680e-01
5.246879458427429199e-01
4.906505048274993896e-01
5.208336114883422852e-01
5.512578487396240234e-01
5.380862355232238770e-01
5.260967016220092773e-01
5.443052649497985840e-01
5.449442863464355469e-01
5.336199998855590820e-01
5.349248647689819336e-01
5.033783316612243652e-01
5.351269245147705078e-01
5.383507013320922852e-01
5.345884561538696289e-01
5.451194643974304199e-01
5.410565733909606934e-01
5.239503383636474609e-01
5.514020919799804688e-01
5.447859168052673340e-01
5.412361025810241699e-01
5.431523323059082031e-01
5.304651856422424316e-01
5.437964200973510742e-01
5.121924281120300293e-01
5.550168156623840332e-01
5.318685173988342285e-01
5.072631239891052246e-01
4.801017343997955322e-01
5.705394744873046875e-01
5.313428640365600586e-01
5.000765919685363770e-01
5.417178273200988770e-01
5.081000328063964844e-01
4.892487227916717529e-01
5.350651741027832031e-01
5.088241696357727051e-01
5.165733098983764648e-01
5.014645457267761230e-01
5.323598980903625488e-01
5.321124196052551270e-01
5.139098763465881348e-01
5.025478005409240723e-01
4.649575352668762207e-01
5.018081068992614746e-01
5.395231246948242188e-01
4.740010201930999756e-01
4.603942632675170898e-01
5.273321866989135742e-01
5.256760120391845703e-01
5.445089936256408691e-01
4.701327383518218994e-01
4.704177379608154297e-01
5.489101409912109375e-01
4.939783811569213867e-01
4.632979333400726318e-01
5.274329781532287598e-01
4.870104193687438965e-01
4.795289635658264160e-01
5.543696880340576172e-01
5.256891250610351562e-01
5.607967376708984375e-01
5.348313450813293457e-01
5.546102523803710938e-01
4.924336075782775879e-01
4.751493930816650391e-01
5.477609634399414062e-01
4.541023075580596924e-01
5.403823256492614746e-01
5.331615805625915527e-01
5.384201407432556152e-01
5.151612758636474609e-01
4.965150058269500732e-01
5.139263868331909180e-01
5.038092732429504395e-01
4.839060306549072266e-01
5.419460535049438477e-01
5.565613508224487305e-01
5.165944099426269531e-01
4.966809153556823730e-01
4.962057173252105713e-01
5.347138047218322754e-01
5.319254994392395020e-01
5.089829564094543457e-01
5.251035094261169434e-01
5.521399974822998047e-01
5.305060744285583496e-01
5.375437736511230469e-01
5.454105138778686523e-01
5.412207245826721191e-01
4.989560544490814209e-01
5.394310355186462402e-01
5.341222882270812988e-01
5.395985245704650879e-01
5.481866002082824707e-01
5.398975610733032227e-01
5.443052649497985840e-01
5.386928319931030273e-01
5.395024418830871582e-01
5.125602483749389648e-01
5.509368777275085449e-01
5.403583645820617676e-01
5.349968671798706055e-01
5.271290540695190430e-01
4.806210696697235107e-01
5.204173326492309570e-01
5.199269056320190430e-01
5.110620856285095215e-01
5.233618021011352539e-01
5.203692913055419922e-01
5.229165554046630859e-01
5.327543616294860840e-01
5.512438416481018066e-01
5.504468679428100586e-01
5.433534383773803711e-01
5.218876004219055176e-01
5.185476541519165039e-01
5.447725057601928711e-01
5.144999623298645020e-01
5.155857801437377930e-01
5.384204983711242676e-01
5.459068417549133301e-01
5.144625902175903320e-01
5.382539629936218262e-01
5.267415642738342285e-01
5.527828931808471680e-01
5.556187629699707031e-01
5.528383851051330566e-01
5.351229906082153320e-01
5.404101610183715820e-01
5.442513823509216309e-01
5.392583608627319336e-01
5.443052649497985840e-01
5.500506162643432617e-01
5.340429544448852539e-01
5.285126566886901855e-01
5.540087223052978516e-01
5.457980632781982422e-01
5.443896651268005371e-01
5.283918380737304688e-01
5.256884694099426270e-01
5.558516979217529297e-01
5.521546006202697754e-01
4.975990951061248779e-01
5.198395848274230957e-01
5.164545178413391113e-01
5.452994704246520996e-01
5.021143555641174316e-01
5.473557710647583008e-01
5.362622737884521484e-01
5.404884815216064453e-01
5.395024418830871582e-01
4.929451346397399902e-01
5.310958623886108398e-01
5.447687506675720215e-01
5.413222312927246094e-01
5.449545383453369141e-01
5.551947355270385742e-01
5.460206866264343262e-01
5.413368344306945801e-01
5.350144505500793457e-01
5.127936005592346191e-01
5.441737771034240723e-01
5.237720012664794922e-01
5.546482801437377930e-01
5.402123332023620605e-01
5.296285748481750488e-01
5.351584553718566895e-01
5.392073988914489746e-01
5.273950695991516113e-01
5.444124341011047363e-01
5.552172064781188965e-01
5.141559243202209473e-01
5.554484724998474121e-01
5.313192605972290039e-01
5.327172875404357910e-01
5.276938080787658691e-01
5.079677104949951172e-01
5.534165501594543457e-01
5.392255783081054688e-01
5.506854057312011719e-01
5.500891804695129395e-01
5.460757017135620117e-01
4.946116209030151367e-01
5.364437103271484375e-01
5.086452960968017578e-01
5.565882921218872070e-01
5.395427942276000977e-01
5.272287130355834961e-01
4.957844018936157227e-01
5.316740274429321289e-01
5.183909535408020020e-01
4.969807267189025879e-01
5.375410914421081543e-01
5.616103410720825195e-01
5.136248469352722168e-01
5.198963880538940430e-01
5.073975920677185059e-01
4.956762194633483887e-01
4.475743174552917480e-01
4.930883944034576416e-01
5.073975920677185059e-01
5.090630054473876953e-01
5.086652040481567383e-01
4.555887877941131592e-01
5.094989538192749023e-01
5.300357341766357422e-01
5.333083868026733398e-01
5.342231988906860352e-01
4.885332882404327393e-01
5.094874501228332520e-01
5.466933250427246094e-01
5.484394431114196777e-01
5.434193611145019531e-01
5.335664153099060059e-01
5.473257303237915039e-01
5.451650023460388184e-01
5.429744720458984375e-01
5.350728631019592285e-01
5.535232424736022949e-01
5.476528406143188477e-01
5.634392499923706055e-01
5.498137474060058594e-01
5.538964867591857910e-01
5.545098781585693359e-01
5.326519608497619629e-01
5.523682832717895508e-01
5.576971173286437988e-01
5.212804675102233887e-01
5.313128829002380371e-01
4.938926398754119873e-01
5.598851442337036133e-01
5.395774841308593750e-01
5.290264487266540527e-01
5.347429513931274414e-01
4.968418478965759277e-01
5.489975214004516602e-01
5.001023411750793457e-01
5.468845963478088379e-01
5.304626226425170898e-01
5.330109596252441406e-01
5.173044204711914062e-01
5.181097388267517090e-01
5.417009592056274414e-01
5.286726951599121094e-01
5.256091356277465820e-01
5.234484076499938965e-01
5.067278742790222168e-01
5.044021010398864746e-01
5.177242159843444824e-01
5.619064569473266602e-01
5.205752253532409668e-01
4.978136122226715088e-01
5.281857252120971680e-01
5.296869277954101562e-01
5.443052649497985840e-01
5.302621126174926758e-01
5.494611263275146484e-01
5.384059548377990723e-01
5.199935436248779297e-01
5.473231077194213867e-01
5.255712866783142090e-01
5.353658795356750488e-01
5.167733430862426758e-01
5.148222446441650391e-01
5.304254889488220215e-01
5.421985387802124023e-01
5.307095050811767578e-01
5.155770778656005859e-01
5.424627661705017090e-01
5.226535201072692871e-01
5.194590687751770020e-01
5.139026045799255371e-01
4.794655144214630127e-01
5.145891904830932617e-01
5.285420417785644531e-01
5.419669747352600098e-01
5.506440997123718262e-01
5.227614641189575195e-01
5.451863408088684082e-01
5.210388302803039551e-01
5.182526111602783203e-01
5.289246439933776855e-01
5.443052649497985840e-01
5.329723954200744629e-01
5.346177816390991211e-01
5.453751683235168457e-01
5.384750366210937500e-01
5.454611182212829590e-01
5.386161804199218750e-01
5.446671843528747559e-01
5.395024418830871582e-01
5.369701385498046875e-01
5.354057550430297852e-01
5.386323332786560059e-01
5.443052649497985840e-01
5.432105660438537598e-01
5.446660518646240234e-01
5.394102334976196289e-01
5.338861942291259766e-01
5.453671813011169434e-01
5.380206108093261719e-01
5.396631360054016113e-01
5.443052649497985840e-01
5.425493121147155762e-01
5.033890604972839355e-01
5.349640846252441406e-01
5.341445207595825195e-01
5.443052649497985840e-01
5.300242304801940918e-01
5.443052649497985840e-01
5.440877079963684082e-01
5.485311150550842285e-01
5.347458124160766602e-01
5.715782642364501953e-01
5.383295416831970215e-01
5.289797782897949219e-01
5.292078852653503418e-01
5.341932773590087891e-01
5.296866297721862793e-01
4.955328106880187988e-01
5.055940747261047363e-01
5.451536178588867188e-01
5.467232465744018555e-01
5.358664393424987793e-01
5.485011935234069824e-01
5.521584749221801758e-01
5.456523299217224121e-01
5.254755020141601562e-01
5.262811779975891113e-01
5.443052649497985840e-01
5.211087465286254883e-01
5.286302566528320312e-01
5.216357707977294922e-01
5.292445421218872070e-01
5.451557636260986328e-01
5.344463586807250977e-01
5.388836264610290527e-01
5.450407266616821289e-01
5.459967851638793945e-01
5.412194728851318359e-01
4.943886995315551758e-01
5.195625424385070801e-01
5.442225933074951172e-01
5.454397797584533691e-01
5.342218875885009766e-01
5.164750814437866211e-01
5.474011898040771484e-01
5.449612140655517578e-01
5.484800338745117188e-01
5.181810855865478516e-01
5.371005535125732422e-01
4.956778883934020996e-01
5.100935101509094238e-01
5.385913252830505371e-01
5.219243764877319336e-01
5.313184857368469238e-01
4.972615838050842285e-01
5.250830650329589844e-01
5.561410188674926758e-01
5.471607446670532227e-01
5.303217768669128418e-01
5.526678562164306641e-01
5.315739512443542480e-01
5.442678332328796387e-01
5.032638311386108398e-01
5.457268953323364258e-01
5.315739512443542480e-01
5.390353202819824219e-01
5.396041870117187500e-01
5.206475257873535156e-01
4.928279519081115723e-01
5.260844230651855469e-01
5.356974601745605469e-01
5.395023822784423828e-01
5.374732613563537598e-01
5.138854384422302246e-01
5.335018038749694824e-01
5.488359928131103516e-01
5.313315391540527344e-01
4.800955653190612793e-01
5.352281928062438965e-01
5.152298808097839355e-01
5.464565753936767578e-01
5.434948205947875977e-01
5.435726046562194824e-01
5.415630936622619629e-01
4.947246313095092773e-01
5.461036562919616699e-01
5.549404025077819824e-01
5.503543019294738770e-01
5.499011278152465820e-01
5.080409646034240723e-01
5.551736354827880859e-01
5.547305345535278320e-01
5.356959700584411621e-01
5.394945740699768066e-01
5.524588227272033691e-01
5.371618866920471191e-01
5.384750366210937500e-01
5.145833492279052734e-01
5.463850498199462891e-01
5.320771932601928711e-01
5.330183506011962891e-01
5.395024418830871582e-01
5.127454400062561035e-01
5.483440756797790527e-01
5.418671965599060059e-01
5.375282168388366699e-01
5.350180268287658691e-01
5.112300515174865723e-01
5.455464124679565430e-01
5.503118038177490234e-01
5.551621913909912109e-01
5.294500589370727539e-01
5.356984734535217285e-01
5.573991537094116211e-01
5.493922829627990723e-01
5.456767678260803223e-01
5.498068332672119141e-01
5.277443528175354004e-01
5.503757596015930176e-01
5.492839217185974121e-01
5.562842488288879395e-01
5.452562570571899414e-01
5.012995004653930664e-01
5.384750366210937500e-01
5.213748216629028320e-01
5.243507623672485352e-01
5.341831445693969727e-01
5.284895300865173340e-01
5.459535717964172363e-01
5.354636311531066895e-01
5.079374909400939941e-01
5.286296010017395020e-01
5.242960453033447266e-01
5.471158027648925781e-01
5.449090003967285156e-01
5.401008129119873047e-01
5.549715757369995117e-01
5.412759780883789062e-01
5.265109539031982422e-01
5.373789072036743164e-01
5.432105660438537598e-01
5.530691742897033691e-01
5.187454223632812500e-01
5.441787242889404297e-01
4.952479898929595947e-01
5.657405853271484375e-01
5.274137854576110840e-01
5.385665893554687500e-01
5.477850437164306641e-01
5.465670228004455566e-01
5.450407266616821289e-01
5.444825887680053711e-01
5.443387031555175781e-01
5.363765358924865723e-01
5.633884668350219727e-01
5.593741536140441895e-01
5.380573272705078125e-01
5.407373309135437012e-01
5.290351510047912598e-01
5.512557625770568848e-01
5.392119288444519043e-01
5.333675742149353027e-01
5.174614787101745605e-01
5.313162207603454590e-01
5.277666449546813965e-01
5.314506888389587402e-01
5.141812562942504883e-01
5.509775876998901367e-01
5.256869792938232422e-01
5.026240944862365723e-01
5.595996379852294922e-01
5.303808450698852539e-01
4.953135550022125244e-01
5.096240043640136719e-01
5.258598327636718750e-01
5.512694120407104492e-01
5.301790237426757812e-01
5.159751772880554199e-01
5.294210314750671387e-01
5.086452960968017578e-01
5.246167778968811035e-01
5.422180891036987305e-01
5.170301795005798340e-01
5.502289533615112305e-01
5.342996120452880859e-01
5.395024418830871582e-01
5.403553247451782227e-01
5.430526137351989746e-01
5.234449505805969238e-01
5.254140496253967285e-01
5.387791991233825684e-01
5.372977256774902344e-01
5.352274179458618164e-01
5.313034653663635254e-01
5.447603464126586914e-01
