2.693521082401275635e-01
2.688920497894287109e-01
2.545974850654602051e-01
2.692995965480804443e-01
2.698297500610351562e-01
2.764093279838562012e-01
2.140291631221771240e-01
2.693547904491424561e-01
2.723872363567352295e-01
2.064678370952606201e-01
2.665510177612304688e-01
2.783796489238739014e-01
2.607604861259460449e-01
2.673606276512145996e-01
2.764011621475219727e-01
2.556186914443969727e-01
2.579551041126251221e-01
2.740995883941650391e-01
2.536227107048034668e-01
2.739797234535217285e-01
2.518744170665740967e-01
2.687740921974182129e-01
2.556338906288146973e-01
2.582204341888427734e-01
2.563287317752838135e-01
2.742579579353332520e-01
2.797764837741851807e-01
2.791165113449096680e-01
2.670560181140899658e-01
2.668801546096801758e-01
2.618444263935089111e-01
2.729177474975585938e-01
2.566486895084381104e-01
2.643297910690307617e-01
2.697160243988037109e-01
2.533512115478515625e-01
2.793606519699096680e-01
2.541733384132385254e-01
2.793983817100524902e-01
2.722324132919311523e-01
2.795222103595733643e-01
2.556589841842651367e-01
2.618471980094909668e-01
2.557152509689331055e-01
2.715150117874145508e-01
2.812384665012359619e-01
2.687785327434539795e-01
2.629990577697753906e-01
2.692731618881225586e-01
2.778460383415222168e-01
2.687165737152099609e-01
2.629941701889038086e-01
2.546419501304626465e-01
2.629927396774291992e-01
2.809983789920806885e-01
2.672193646430969238e-01
2.769421935081481934e-01
2.581716775894165039e-01
2.659662365913391113e-01
2.600006461143493652e-01
2.584527730941772461e-01
2.809646725654602051e-01
2.675056159496307373e-01
2.758049964904785156e-01
2.747380733489990234e-01
2.735739350318908691e-01
2.786444425582885742e-01
2.703498601913452148e-01
2.649317979812622070e-01
2.615819871425628662e-01
2.791980803012847900e-01
2.793691754341125488e-01
2.542457580566406250e-01
2.678093910217285156e-01
2.804768681526184082e-01
2.626915574073791504e-01
2.794171273708343506e-01
2.811024785041809082e-01
2.692262828350067139e-01
2.619652152061462402e-01
2.442312240600585938e-01
2.689018845558166504e-01
2.584537863731384277e-01
2.578288912773132324e-01
2.638290524482727051e-01
2.635972499847412109e-01
2.801377177238464355e-01
2.651422023773193359e-01
2.698169052600860596e-01
2.627518475055694580e-01
2.811525166034698486e-01
2.794926762580871582e-01
2.722260355949401855e-01
2.637635469436645508e-01
2.637451887130737305e-01
