2.913329005241394043e-01
3.116620182991027832e-01
3.087022304534912109e-01
3.114085793495178223e-01
3.106169700622558594e-01
3.103898167610168457e-01
3.187476396560668945e-01
3.423507213592529297e-01
2.902088761329650879e-01
3.221224546432495117e-01
3.240865767002105713e-01
3.297424316406250000e-01
3.258957266807556152e-01
3.146513104438781738e-01
3.247915208339691162e-01
3.042486608028411865e-01
3.213362097740173340e-01
3.146167397499084473e-01
3.096728920936584473e-01
3.131681680679321289e-01
3.067044615745544434e-01
3.429630398750305176e-01
2.975386083126068115e-01
3.146326541900634766e-01
3.151367306709289551e-01
3.232622146606445312e-01
3.031652569770812988e-01
3.211778402328491211e-01
3.438648581504821777e-01
3.213987946510314941e-01
3.249466717243194580e-01
3.118452429771423340e-01
3.109078109264373779e-01
3.240447342395782471e-01
3.232622146606445312e-01
3.441447615623474121e-01
3.359971940517425537e-01
3.233368396759033203e-01
3.106234073638916016e-01
3.055573105812072754e-01
3.057786822319030762e-01
3.232622146606445312e-01
3.043819963932037354e-01
2.916135191917419434e-01
3.213610649108886719e-01
3.116711378097534180e-01
3.252879679203033447e-01
3.238523006439208984e-01
3.186552524566650391e-01
3.097333014011383057e-01
3.065846562385559082e-01
2.926239967346191406e-01
3.205233216285705566e-01
3.257263302803039551e-01
3.065839409828186035e-01
2.894943356513977051e-01
3.444947302341461182e-01
3.097333014011383057e-01
3.100239038467407227e-01
3.111342489719390869e-01
3.128605186939239502e-01
2.959532737731933594e-01
3.199089169502258301e-01
3.053285777568817139e-01
3.114269673824310303e-01
3.213037848472595215e-01
2.913332879543304443e-01
3.410039544105529785e-01
2.978339493274688721e-01
3.378950357437133789e-01
3.418785333633422852e-01
3.015226125717163086e-01
3.206093311309814453e-01
3.270678520202636719e-01
3.220160901546478271e-01
3.047823905944824219e-01
3.207109570503234863e-01
3.319456875324249268e-01
3.230491578578948975e-01
3.097397685050964355e-01
3.381981849670410156e-01
2.901186347007751465e-01
2.927286326885223389e-01
3.038790225982666016e-01
2.913381159305572510e-01
3.104466199874877930e-01
3.316619992256164551e-01
3.232622146606445312e-01
3.232622146606445312e-01
3.232622146606445312e-01
3.346312046051025391e-01
3.418205976486206055e-01
3.232622146606445312e-01
3.097333014011383057e-01
3.116620182991027832e-01
3.097347021102905273e-01
3.141313195228576660e-01
3.099368810653686523e-01
3.116620182991027832e-01
3.232622146606445312e-01
3.209117650985717773e-01
3.293646275997161865e-01
3.316619992256164551e-01
3.116620182991027832e-01
3.097340166568756104e-01
3.074489235877990723e-01
3.072324395179748535e-01
3.121697008609771729e-01
3.444848060607910156e-01
3.161324858665466309e-01
3.229228258132934570e-01
3.289923667907714844e-01
3.213781118392944336e-01
3.221362233161926270e-01
3.270820975303649902e-01
3.141182065010070801e-01
3.213367462158203125e-01
3.010438680648803711e-01
3.275164365768432617e-01
3.100239038467407227e-01
3.446325659751892090e-01
3.444848060607910156e-01
3.259238004684448242e-01
2.962705492973327637e-01
3.064350187778472900e-01
3.064565956592559814e-01
3.102795481681823730e-01
3.105379641056060791e-01
3.064350187778472900e-01
3.105404973030090332e-01
3.108300268650054932e-01
3.299640715122222900e-01
3.073189258575439453e-01
3.107565939426422119e-01
3.327194452285766602e-01
