4.834326505661010742e-01
4.785791039466857910e-01
4.711339473724365234e-01
4.797308743000030518e-01
4.812623262405395508e-01
4.876197576522827148e-01
4.855427145957946777e-01
4.800209701061248779e-01
4.790129363536834717e-01
4.882500469684600830e-01
4.806146025657653809e-01
4.734561443328857422e-01
4.964843094348907471e-01
4.739788174629211426e-01
4.827731549739837646e-01
4.681222438812255859e-01
4.798585772514343262e-01
4.719766676425933838e-01
4.956947863101959229e-01
4.886942207813262939e-01
4.941067099571228027e-01
4.893129467964172363e-01
4.954990446567535400e-01
4.900756776332855225e-01
4.791067242622375488e-01
4.777319431304931641e-01
4.695500433444976807e-01
4.980287849903106689e-01
4.787262678146362305e-01
4.660729765892028809e-01
4.879755675792694092e-01
4.664465785026550293e-01
4.813974499702453613e-01
4.801172912120819092e-01
4.979591071605682373e-01
4.876549541950225830e-01
4.761430919170379639e-01
4.776157140731811523e-01
4.975737631320953369e-01
4.849717020988464355e-01
4.915680587291717529e-01
4.819083809852600098e-01
4.632709026336669922e-01
4.733157753944396973e-01
4.761833548545837402e-01
4.864257872104644775e-01
4.751050174236297607e-01
4.794045090675354004e-01
4.977432489395141602e-01
4.805442690849304199e-01
4.893749952316284180e-01
4.821205735206604004e-01
4.723061025142669678e-01
4.760355949401855469e-01
4.947782456874847412e-01
4.890764057636260986e-01
4.761780798435211182e-01
4.989955425262451172e-01
4.679958820343017578e-01
4.801179468631744385e-01
4.898218214511871338e-01
4.788967072963714600e-01
4.837069809436798096e-01
4.923026859760284424e-01
4.867323637008666992e-01
4.829623699188232422e-01
4.876399934291839600e-01
4.785032272338867188e-01
4.818802177906036377e-01
5.207377076148986816e-01
4.856825768947601318e-01
4.808473289012908936e-01
4.878701567649841309e-01
4.757461845874786377e-01
4.822449088096618652e-01
4.792848229408264160e-01
4.779810309410095215e-01
4.811684787273406982e-01
4.663079380989074707e-01
4.764167964458465576e-01
4.917118847370147705e-01
4.840915501117706299e-01
4.896848797798156738e-01
4.798562228679656982e-01
4.738313257694244385e-01
4.961920380592346191e-01
4.827560186386108398e-01
4.925230443477630615e-01
4.979853928089141846e-01
4.896178841590881348e-01
4.929369688034057617e-01
4.699240922927856445e-01
4.824874699115753174e-01
4.737851619720458984e-01
4.661522209644317627e-01
4.782452881336212158e-01
4.535746872425079346e-01
5.335885882377624512e-01
4.870734810829162598e-01
4.949888885021209717e-01
4.901967048645019531e-01
4.724726974964141846e-01
5.090047121047973633e-01
4.896075129508972168e-01
5.335972309112548828e-01
4.747975468635559082e-01
4.845866858959197998e-01
4.818449318408966064e-01
4.799494445323944092e-01
4.696630537509918213e-01
4.911186099052429199e-01
4.898007214069366455e-01
4.852411150932312012e-01
4.862757325172424316e-01
4.791291952133178711e-01
4.725396037101745605e-01
5.036126375198364258e-01
4.783420562744140625e-01
4.858315587043762207e-01
4.873736500740051270e-01
4.887159168720245361e-01
4.744756519794464111e-01
4.794259965419769287e-01
5.013761520385742188e-01
4.842497706413269043e-01
4.804698824882507324e-01
4.853393733501434326e-01
4.672471284866333008e-01
4.735749959945678711e-01
4.646778702735900879e-01
4.703230559825897217e-01
4.997807145118713379e-01
4.782746136188507080e-01
4.960905909538269043e-01
4.843186140060424805e-01
4.778581559658050537e-01
4.796002805233001709e-01
4.677421450614929199e-01
4.693666696548461914e-01
4.830845594406127930e-01
4.652475118637084961e-01
5.024708509445190430e-01
4.850994050502777100e-01
4.784108400344848633e-01
4.873054921627044678e-01
4.845181107521057129e-01
4.806169867515563965e-01
4.757225215435028076e-01
4.937576055526733398e-01
4.777270555496215820e-01
4.681141376495361328e-01
4.773096144199371338e-01
4.811755120754241943e-01
4.806116819381713867e-01
4.719384312629699707e-01
4.784294962882995605e-01
4.775314629077911377e-01
4.868224263191223145e-01
4.866212904453277588e-01
4.689337313175201416e-01
4.957610666751861572e-01
4.744814038276672363e-01
4.778674244880676270e-01
4.710097908973693848e-01
4.676432609558105469e-01
4.757766723632812500e-01
4.906116425991058350e-01
4.766583144664764404e-01
4.894941151142120361e-01
4.637180268764495850e-01
4.806905388832092285e-01
4.890777468681335449e-01
4.713196754455566406e-01
4.609836935997009277e-01
4.768072366714477539e-01
4.818048179149627686e-01
4.970920681953430176e-01
4.639943540096282959e-01
4.768531322479248047e-01
4.767994582653045654e-01
4.783644974231719971e-01
4.787570238113403320e-01
4.872217178344726562e-01
4.759899675846099854e-01
4.937739074230194092e-01
4.958118796348571777e-01
4.908263087272644043e-01
4.983985722064971924e-01
5.006091594696044922e-01
4.728027880191802979e-01
5.222645998001098633e-01
4.774848818778991699e-01
4.689851999282836914e-01
4.832913875579833984e-01
4.796937108039855957e-01
4.882980585098266602e-01
4.870386123657226562e-01
4.679934680461883545e-01
4.772413372993469238e-01
4.726426899433135986e-01
5.321362614631652832e-01
4.787395596504211426e-01
4.724055826663970947e-01
4.787844419479370117e-01
4.749901890754699707e-01
4.696027040481567383e-01
4.757355749607086182e-01
4.746152162551879883e-01
4.888231158256530762e-01
4.728428721427917480e-01
4.776578843593597412e-01
4.980551898479461670e-01
4.817577004432678223e-01
4.700000286102294922e-01
4.988610148429870605e-01
4.898626208305358887e-01
4.754972159862518311e-01
4.639080762863159180e-01
4.644449949264526367e-01
4.714636802673339844e-01
4.860932230949401855e-01
4.719813168048858643e-01
4.647561311721801758e-01
4.748506247997283936e-01
4.931763410568237305e-01
4.754554033279418945e-01
4.774935841560363770e-01
4.820111095905303955e-01
4.836948812007904053e-01
5.023729801177978516e-01
4.804064035415649414e-01
4.813962876796722412e-01
4.787358641624450684e-01
4.782752394676208496e-01
4.862283468246459961e-01
4.812301397323608398e-01
4.789554476737976074e-01
4.746104478836059570e-01
4.906010627746582031e-01
4.681620299816131592e-01
4.715307652950286865e-01
4.835308492183685303e-01
4.867026805877685547e-01
4.652633368968963623e-01
4.903028309345245361e-01
4.799813926219940186e-01
4.721393585205078125e-01
4.967555701732635498e-01
4.785263836383819580e-01
4.835536777973175049e-01
5.322327613830566406e-01
4.827587008476257324e-01
4.733814299106597900e-01
4.851574301719665527e-01
4.788852632045745850e-01
4.777482450008392334e-01
4.574873149394989014e-01
4.884357154369354248e-01
4.779749512672424316e-01
4.949899613857269287e-01
4.704171419143676758e-01
4.844777286052703857e-01
4.821019768714904785e-01
4.814358353614807129e-01
4.900740683078765869e-01
4.830322265625000000e-01
4.955349564552307129e-01
4.863834381103515625e-01
4.858715832233428955e-01
4.788408279418945312e-01
4.788209199905395508e-01
4.969933927059173584e-01
4.741836786270141602e-01
4.849261939525604248e-01
4.923498332500457764e-01
4.803528487682342529e-01
4.861454665660858154e-01
4.903896152973175049e-01
4.877216517925262451e-01
5.011044144630432129e-01
4.848514497280120850e-01
5.000554323196411133e-01
4.809543788433074951e-01
4.749409854412078857e-01
4.805847406387329102e-01
4.900974631309509277e-01
4.746444523334503174e-01
4.820753633975982666e-01
4.909045398235321045e-01
4.795804321765899658e-01
4.682739078998565674e-01
4.834796190261840820e-01
4.726827144622802734e-01
4.836159646511077881e-01
4.777118563652038574e-01
4.808557331562042236e-01
4.759234189987182617e-01
4.758914709091186523e-01
4.726614654064178467e-01
4.817796349525451660e-01
4.782821536064147949e-01
4.680007100105285645e-01
4.891724288463592529e-01
4.725752770900726318e-01
4.750924706459045410e-01
4.784600138664245605e-01
4.627822637557983398e-01
4.864286780357360840e-01
4.642523229122161865e-01
4.930332005023956299e-01
4.689616560935974121e-01
4.699333906173706055e-01
5.153383016586303711e-01
5.037971138954162598e-01
4.947265386581420898e-01
4.726388454437255859e-01
4.683778285980224609e-01
5.039093494415283203e-01
4.715958237648010254e-01
4.876394867897033691e-01
4.765013754367828369e-01
4.640669524669647217e-01
4.647678434848785400e-01
4.780766963958740234e-01
4.790407717227935791e-01
4.695126414299011230e-01
4.793089628219604492e-01
4.804949164390563965e-01
5.027809143066406250e-01
4.657364785671234131e-01
4.712014198303222656e-01
4.714530110359191895e-01
4.945966303348541260e-01
4.679085910320281982e-01
4.960929453372955322e-01
4.888725578784942627e-01
5.025744438171386719e-01
4.717501997947692871e-01
4.704236984252929688e-01
4.898457825183868408e-01
4.889090359210968018e-01
4.826660156250000000e-01
4.811359643936157227e-01
4.863181412220001221e-01
4.903737306594848633e-01
4.878984093666076660e-01
4.825893342494964600e-01
4.911659061908721924e-01
4.735358357429504395e-01
4.972618222236633301e-01
4.530139863491058350e-01
4.823487997055053711e-01
4.604887962341308594e-01
4.893207550048828125e-01
4.700181484222412109e-01
4.710802733898162842e-01
4.863156080245971680e-01
4.670784771442413330e-01
4.671637713909149170e-01
4.868346154689788818e-01
4.835172891616821289e-01
4.668838679790496826e-01
4.705758094787597656e-01
4.643093645572662354e-01
4.672057926654815674e-01
5.025745630264282227e-01
4.759979248046875000e-01
4.715364277362823486e-01
4.856884479522705078e-01
4.762004017829895020e-01
4.735012054443359375e-01
5.038878917694091797e-01
4.704266190528869629e-01
4.780223667621612549e-01
4.949251711368560791e-01
4.834249317646026611e-01
4.833433330059051514e-01
4.922835230827331543e-01
4.851011335849761963e-01
4.661135971546173096e-01
4.851462841033935547e-01
4.806627333164215088e-01
4.851272404193878174e-01
4.748946726322174072e-01
4.905804395675659180e-01
4.854044616222381592e-01
4.867575168609619141e-01
4.871312379837036133e-01
4.754904508590698242e-01
4.741348624229431152e-01
5.024893283843994141e-01
4.656677544116973877e-01
4.739023745059967041e-01
4.804259538650512695e-01
4.671350717544555664e-01
4.707427322864532471e-01
4.925422668457031250e-01
4.893933832645416260e-01
4.823834598064422607e-01
4.736611247062683105e-01
4.765660166740417480e-01
4.838770627975463867e-01
4.830479025840759277e-01
4.747377932071685791e-01
4.704813957214355469e-01
4.681103825569152832e-01
4.863623976707458496e-01
4.791736602783203125e-01
4.646091461181640625e-01
4.854179620742797852e-01
4.874081313610076904e-01
4.818433523178100586e-01
4.780340492725372314e-01
4.838460683822631836e-01
4.724178314208984375e-01
4.888776540756225586e-01
4.678602814674377441e-01
4.819908738136291504e-01
4.843690097332000732e-01
4.743328094482421875e-01
5.041756629943847656e-01
4.823884069919586182e-01
4.708122014999389648e-01
4.851384758949279785e-01
4.722025394439697266e-01
4.659451246261596680e-01
4.981148242950439453e-01
4.679596424102783203e-01
4.994972050189971924e-01
5.301585197448730469e-01
4.881117641925811768e-01
4.894167184829711914e-01
4.898806810379028320e-01
4.643632769584655762e-01
4.841300547122955322e-01
4.646090567111968994e-01
4.826655387878417969e-01
4.889847040176391602e-01
4.733470976352691650e-01
4.826977252960205078e-01
4.913636147975921631e-01
4.926274716854095459e-01
4.876869618892669678e-01
4.874752759933471680e-01
4.924190342426300049e-01
4.865245223045349121e-01
4.894570410251617432e-01
4.804397821426391602e-01
4.880715012550354004e-01
4.802328646183013916e-01
4.783138930797576904e-01
4.996948242187500000e-01
4.975346326828002930e-01
4.774597585201263428e-01
4.836849868297576904e-01
4.982902407646179199e-01
4.922405779361724854e-01
4.881898462772369385e-01
4.686561822891235352e-01
4.860453307628631592e-01
4.890778362751007080e-01
4.893567264080047607e-01
4.864000380039215088e-01
4.779171347618103027e-01
5.242224335670471191e-01
4.764138460159301758e-01
4.810372889041900635e-01
4.812223315238952637e-01
4.955329596996307373e-01
4.774962663650512695e-01
4.738486409187316895e-01
4.822989404201507568e-01
4.807687997817993164e-01
4.816235601902008057e-01
4.826425909996032715e-01
4.846794903278350830e-01
4.821879267692565918e-01
4.711625277996063232e-01
4.711979627609252930e-01
4.519149363040924072e-01
4.750112295150756836e-01
4.542103409767150879e-01
4.856199622154235840e-01
4.865296483039855957e-01
4.801910519599914551e-01
4.744911491870880127e-01
4.642337560653686523e-01
4.771868586540222168e-01
4.736134111881256104e-01
4.818239808082580566e-01
4.840488135814666748e-01
4.736905992031097412e-01
4.695027470588684082e-01
4.907041788101196289e-01
4.858426749706268311e-01
4.679362177848815918e-01
4.697813689708709717e-01
4.737679660320281982e-01
4.678305983543395996e-01
4.711224734783172607e-01
4.635215699672698975e-01
4.755163192749023438e-01
4.755660891532897949e-01
4.772874116897583008e-01
4.797065854072570801e-01
4.681284129619598389e-01
4.762620031833648682e-01
4.638437032699584961e-01
4.682691693305969238e-01
4.808258414268493652e-01
4.742987155914306641e-01
4.762465655803680420e-01
4.752002358436584473e-01
4.740187823772430420e-01
4.684095382690429688e-01
4.807923734188079834e-01
4.940990209579467773e-01
4.815827012062072754e-01
4.667472839355468750e-01
4.754388928413391113e-01
4.827973842620849609e-01
4.770775735378265381e-01
4.800012409687042236e-01
4.791361689567565918e-01
4.680888950824737549e-01
4.947865605354309082e-01
4.837523698806762695e-01
4.677948951721191406e-01
4.757147133350372314e-01
4.790509641170501709e-01
4.875399768352508545e-01
4.823100864887237549e-01
4.687482118606567383e-01
4.702123701572418213e-01
4.901934862136840820e-01
4.783091545104980469e-01
4.744082093238830566e-01
5.036522150039672852e-01
4.712293446063995361e-01
4.777641892433166504e-01
5.380764007568359375e-01
4.744718670845031738e-01
4.964762330055236816e-01
4.782670140266418457e-01
4.848573803901672363e-01
4.788933396339416504e-01
4.864326417446136475e-01
4.989864528179168701e-01
4.948053956031799316e-01
4.879969358444213867e-01
4.850985705852508545e-01
5.237379074096679688e-01
4.803440272808074951e-01
4.842807948589324951e-01
4.874560236930847168e-01
4.923513233661651611e-01
4.827187657356262207e-01
4.945963621139526367e-01
4.792777299880981445e-01
4.884356856346130371e-01
4.904065430164337158e-01
4.929854869842529297e-01
4.798734486103057861e-01
4.827019870281219482e-01
4.757415056228637695e-01
4.866297841072082520e-01
4.890764057636260986e-01
4.890764057636260986e-01
4.791292548179626465e-01
4.890621304512023926e-01
4.658894240856170654e-01
4.827377796173095703e-01
4.793647825717926025e-01
4.815309941768646240e-01
4.856816232204437256e-01
4.891631901264190674e-01
4.887744784355163574e-01
4.758592844009399414e-01
4.916419386863708496e-01
4.851853251457214355e-01
4.926230013370513916e-01
4.765058755874633789e-01
5.143877267837524414e-01
4.788001775741577148e-01
5.302497744560241699e-01
4.808728098869323730e-01
4.785010218620300293e-01
5.253777503967285156e-01
4.779988527297973633e-01
5.200254321098327637e-01
4.890497624874114990e-01
4.925733804702758789e-01
4.886562824249267578e-01
4.809224307537078857e-01
4.791207015514373779e-01
4.824953973293304443e-01
4.813463687896728516e-01
4.710206091403961182e-01
4.835000634193420410e-01
4.823719561100006104e-01
4.912618994712829590e-01
4.743891656398773193e-01
4.672206640243530273e-01
4.732691943645477295e-01
4.851138293743133545e-01
4.962634146213531494e-01
4.654712080955505371e-01
4.897848665714263916e-01
4.842042028903961182e-01
4.678420424461364746e-01
4.800333678722381592e-01
4.686076045036315918e-01
4.895189702510833740e-01
4.870387911796569824e-01
4.777131676673889160e-01
4.776982963085174561e-01
4.632379412651062012e-01
5.026497840881347656e-01
4.996130466461181641e-01
5.016135573387145996e-01
4.795587360858917236e-01
4.838775396347045898e-01
4.778762459754943848e-01
4.780223667621612549e-01
4.859120845794677734e-01
4.968759417533874512e-01
4.795629084110260010e-01
4.887518584728240967e-01
4.840569794178009033e-01
4.885745644569396973e-01
4.872900545597076416e-01
4.803096950054168701e-01
4.750984609127044678e-01
4.803619384765625000e-01
4.712919592857360840e-01
4.824160039424896240e-01
4.875513017177581787e-01
4.824714064598083496e-01
4.877617061138153076e-01
4.896649122238159180e-01
4.856353402137756348e-01
4.872852563858032227e-01
4.641820490360260010e-01
4.805948138236999512e-01
4.853893220424652100e-01
4.878788292407989502e-01
4.788057208061218262e-01
4.695875644683837891e-01
4.843165874481201172e-01
4.837827980518341064e-01
4.568270742893218994e-01
4.831985533237457275e-01
4.593896269798278809e-01
4.773907363414764404e-01
4.651800692081451416e-01
4.658774733543395996e-01
4.647737443447113037e-01
4.632368683815002441e-01
4.839923381805419922e-01
4.779055416584014893e-01
4.836643338203430176e-01
4.810187518596649170e-01
4.826423525810241699e-01
4.919084906578063965e-01
4.747504293918609619e-01
4.887933433055877686e-01
4.892301261425018311e-01
4.793678224086761475e-01
4.650602340698242188e-01
4.776422977447509766e-01
4.808726906776428223e-01
4.897979795932769775e-01
4.896324872970581055e-01
4.796189665794372559e-01
4.889581799507141113e-01
4.956510365009307861e-01
4.832546114921569824e-01
4.837932884693145752e-01
4.914720952510833740e-01
4.820739924907684326e-01
4.839600920677185059e-01
4.944138228893280029e-01
4.873059689998626709e-01
4.740530550479888916e-01
5.000016689300537109e-01
4.748953878879547119e-01
4.949309229850769043e-01
4.743286669254302979e-01
4.874664545059204102e-01
4.838090240955352783e-01
4.732303023338317871e-01
4.830565452575683594e-01
4.613861143589019775e-01
4.777209460735321045e-01
4.717862904071807861e-01
4.686739444732666016e-01
4.637922346591949463e-01
4.584162533283233643e-01
4.745337665081024170e-01
4.744701385498046875e-01
4.739162623882293701e-01
4.630617499351501465e-01
4.727581143379211426e-01
4.805616736412048340e-01
4.561211168766021729e-01
4.598960876464843750e-01
4.740299284458160400e-01
4.716992676258087158e-01
4.747917652130126953e-01
4.805852472782135010e-01
4.660976231098175049e-01
4.778882265090942383e-01
4.988720715045928955e-01
4.860489368438720703e-01
4.942255616188049316e-01
4.712739586830139160e-01
4.712828397750854492e-01
4.734072685241699219e-01
4.866317510604858398e-01
4.628227353096008301e-01
4.672752320766448975e-01
4.874401986598968506e-01
4.868865311145782471e-01
4.886668920516967773e-01
4.764777421951293945e-01
4.695932269096374512e-01
4.967347681522369385e-01
4.767451882362365723e-01
4.841186106204986572e-01
4.846682846546173096e-01
4.785813391208648682e-01
4.795079827308654785e-01
4.987095296382904053e-01
4.775026440620422363e-01
4.845877587795257568e-01
4.781988263130187988e-01
4.915943145751953125e-01
4.640747904777526855e-01
4.774249196052551270e-01
4.871331453323364258e-01
4.733405113220214844e-01
4.731543362140655518e-01
4.923631846904754639e-01
4.727109670639038086e-01
4.801461100578308105e-01
4.589286744594573975e-01
4.658070504665374756e-01
4.829636812210083008e-01
4.730243384838104248e-01
4.653340578079223633e-01
4.747506380081176758e-01
4.613488018512725830e-01
4.769836664199829102e-01
4.847680032253265381e-01
4.805835783481597900e-01
4.821800291538238525e-01
4.650110900402069092e-01
4.879820644855499268e-01
4.713198840618133545e-01
4.651801884174346924e-01
4.720637798309326172e-01
4.841010868549346924e-01
4.705475568771362305e-01
4.875717461109161377e-01
5.132912993431091309e-01
4.834992587566375732e-01
4.891936480998992920e-01
4.789336919784545898e-01
4.928236007690429688e-01
4.681785702705383301e-01
4.766176640987396240e-01
4.819453358650207520e-01
4.753784835338592529e-01
4.847052395343780518e-01
4.800110757350921631e-01
4.756672382354736328e-01
4.958084225654602051e-01
5.020462870597839355e-01
5.036119818687438965e-01
4.805368483066558838e-01
4.879917204380035400e-01
5.024052858352661133e-01
4.844259321689605713e-01
4.787977933883666992e-01
4.975219368934631348e-01
4.958925247192382812e-01
4.841071665287017822e-01
5.264204740524291992e-01
4.853286445140838623e-01
4.824412167072296143e-01
4.998153150081634521e-01
4.660735130310058594e-01
4.754303991794586182e-01
4.722139835357666016e-01
4.757421016693115234e-01
4.718599915504455566e-01
4.750060141086578369e-01
4.762048423290252686e-01
4.727374613285064697e-01
4.766039252281188965e-01
4.674765765666961670e-01
4.671582579612731934e-01
4.589600265026092529e-01
4.933614134788513184e-01
4.865318238735198975e-01
4.893616437911987305e-01
4.905102252960205078e-01
4.893841743469238281e-01
4.784258306026458740e-01
4.978452026844024658e-01
4.817187190055847168e-01
4.945598244667053223e-01
4.876325130462646484e-01
4.871153235435485840e-01
4.981085360050201416e-01
4.746150672435760498e-01
4.730591177940368652e-01
4.994286298751831055e-01
4.761814475059509277e-01
4.980799853801727295e-01
4.890771210193634033e-01
4.926555454730987549e-01
4.769267141819000244e-01
4.624472856521606445e-01
4.986958503723144531e-01
4.894506931304931641e-01
4.867036342620849609e-01
4.741733670234680176e-01
4.866452515125274658e-01
4.788628220558166504e-01
4.867382049560546875e-01
4.777942001819610596e-01
4.748274087905883789e-01
4.854901134967803955e-01
4.724256992340087891e-01
4.648658335208892822e-01
4.892382919788360596e-01
4.631185531616210938e-01
4.978768825531005859e-01
4.740339815616607666e-01
4.724263548851013184e-01
4.800557196140289307e-01
4.694989323616027832e-01
4.674292802810668945e-01
4.968058466911315918e-01
4.707205295562744141e-01
4.775918126106262207e-01
4.922310411930084229e-01
4.884533882141113281e-01
5.021286010742187500e-01
4.999926388263702393e-01
4.754310250282287598e-01
4.964294433593750000e-01
4.869264066219329834e-01
4.791088402271270752e-01
4.880270659923553467e-01
4.983116984367370605e-01
4.874436557292938232e-01
4.746344387531280518e-01
4.837249219417572021e-01
4.816896021366119385e-01
4.841905534267425537e-01
4.876189231872558594e-01
4.831855297088623047e-01
4.755646586418151855e-01
4.830573797225952148e-01
5.319388508796691895e-01
4.745738804340362549e-01
4.734045565128326416e-01
4.916971325874328613e-01
4.871944785118103027e-01
4.595666527748107910e-01
4.718524813652038574e-01
4.890764057636260986e-01
4.863389730453491211e-01
4.834678173065185547e-01
4.714425206184387207e-01
4.765715599060058594e-01
4.878480136394500732e-01
4.769979715347290039e-01
4.733666479587554932e-01
5.305202007293701172e-01
4.951872527599334717e-01
4.756746888160705566e-01
4.878120720386505127e-01
4.846597015857696533e-01
4.791810810565948486e-01
4.891000688076019287e-01
4.893531799316406250e-01
4.829848408699035645e-01
4.722425341606140137e-01
4.917304515838623047e-01
4.898252785205841064e-01
4.877382218837738037e-01
4.891332983970642090e-01
4.638867974281311035e-01
4.808716475963592529e-01
4.850887358188629150e-01
5.049263238906860352e-01
4.806753396987915039e-01
4.694839119911193848e-01
4.833130240440368652e-01
4.701566994190216064e-01
4.734961986541748047e-01
4.853080809116363525e-01
4.725607633590698242e-01
4.777574539184570312e-01
4.807914495468139648e-01
4.871824383735656738e-01
4.774661064147949219e-01
4.803874492645263672e-01
4.845295548439025879e-01
4.888737797737121582e-01
4.841060340404510498e-01
4.827587008476257324e-01
4.824208915233612061e-01
4.811145663261413574e-01
4.812418818473815918e-01
4.788910150527954102e-01
4.738835692405700684e-01
4.841619729995727539e-01
4.827080667018890381e-01
5.177373290061950684e-01
4.867063164710998535e-01
4.895744323730468750e-01
5.224916338920593262e-01
5.423892736434936523e-01
5.118337869644165039e-01
4.843668639659881592e-01
4.934401512145996094e-01
4.786037206649780273e-01
4.906328916549682617e-01
4.834770560264587402e-01
4.883318841457366943e-01
4.830270707607269287e-01
4.806670844554901123e-01
4.658303856849670410e-01
4.747308492660522461e-01
4.764178097248077393e-01
4.640956819057464600e-01
4.824335277080535889e-01
4.799644052982330322e-01
4.687369465827941895e-01
4.908211529254913330e-01
4.645456373691558838e-01
4.842494726181030273e-01
4.900768399238586426e-01
4.664876759052276611e-01
4.814066886901855469e-01
4.833122193813323975e-01
4.859567880630493164e-01
4.765633642673492432e-01
4.867004454135894775e-01
4.794110357761383057e-01
4.902474582195281982e-01
4.983594715595245361e-01
4.950493872165679932e-01
4.939123392105102539e-01
4.707150161266326904e-01
5.008915066719055176e-01
4.796968996524810791e-01
4.647175669670104980e-01
4.904004037380218506e-01
4.828083217144012451e-01
4.874110519886016846e-01
4.867106974124908447e-01
4.736648499965667725e-01
4.642884135246276855e-01
4.570373594760894775e-01
4.661852717399597168e-01
4.875643253326416016e-01
4.827210009098052979e-01
4.840627014636993408e-01
4.729471206665039062e-01
4.913031160831451416e-01
4.747200012207031250e-01
4.854514002799987793e-01
4.914480149745941162e-01
4.953331053256988525e-01
4.844432473182678223e-01
4.881727695465087891e-01
4.680341482162475586e-01
4.583732485771179199e-01
4.640361964702606201e-01
4.768201708793640137e-01
4.817109405994415283e-01
4.795234799385070801e-01
4.639169871807098389e-01
4.656066894531250000e-01
4.797366261482238770e-01
4.800875186920166016e-01
4.795356988906860352e-01
4.660614728927612305e-01
4.794586300849914551e-01
4.663728475570678711e-01
4.783652722835540771e-01
4.927966892719268799e-01
4.897854030132293701e-01
4.829311072826385498e-01
4.931678771972656250e-01
4.721216261386871338e-01
4.809024333953857422e-01
4.966827929019927979e-01
4.897228479385375977e-01
4.907893240451812744e-01
4.931856095790863037e-01
4.945013821125030518e-01
4.656521081924438477e-01
4.858568310737609863e-01
4.680309295654296875e-01
4.786933660507202148e-01
4.885677099227905273e-01
4.689052104949951172e-01
4.596329927444458008e-01
4.785296916961669922e-01
4.716843068599700928e-01
4.835336804389953613e-01
4.728793501853942871e-01
4.719252288341522217e-01
4.739172160625457764e-01
4.773323237895965576e-01
4.979301095008850098e-01
4.791914224624633789e-01
4.820308089256286621e-01
4.890994727611541748e-01
4.787035584449768066e-01
4.888178110122680664e-01
4.727209806442260742e-01
4.727211296558380127e-01
4.890548288822174072e-01
4.820167124271392822e-01
4.890786409378051758e-01
4.811839759349822998e-01
4.892760515213012695e-01
4.696376025676727295e-01
4.899733960628509521e-01
5.001568198204040527e-01
4.771281778812408447e-01
4.653697013854980469e-01
4.742127954959869385e-01
4.695590734481811523e-01
4.805572628974914551e-01
4.567207694053649902e-01
4.892386794090270996e-01
4.767249226570129395e-01
4.621103703975677490e-01
4.677619040012359619e-01
4.880650937557220459e-01
4.713648557662963867e-01
4.887062013149261475e-01
4.672915935516357422e-01
4.922691881656646729e-01
4.791779220104217529e-01
4.771822094917297363e-01
4.858119785785675049e-01
4.645225405693054199e-01
5.353753566741943359e-01
4.807264506816864014e-01
4.759993553161621094e-01
4.690465033054351807e-01
4.643830358982086182e-01
4.734559059143066406e-01
4.647465050220489502e-01
4.739066064357757568e-01
4.641280770301818848e-01
4.821073710918426514e-01
4.636672437191009521e-01
4.783940017223358154e-01
4.650053381919860840e-01
4.875402748584747314e-01
4.681562185287475586e-01
4.733084440231323242e-01
4.908638894557952881e-01
4.929168224334716797e-01
4.810303151607513428e-01
4.698811471462249756e-01
4.891823232173919678e-01
5.126121044158935547e-01
4.677327573299407959e-01
5.036669969558715820e-01
4.820701777935028076e-01
4.590984582901000977e-01
4.855957031250000000e-01
4.811604321002960205e-01
4.868220388889312744e-01
4.967658221721649170e-01
4.832800328731536865e-01
4.749621152877807617e-01
5.011981725692749023e-01
4.841361641883850098e-01
4.794314801692962646e-01
4.667008221149444580e-01
4.787674248218536377e-01
4.613542556762695312e-01
4.723625779151916504e-01
4.731944799423217773e-01
4.877738952636718750e-01
4.899972081184387207e-01
4.724424779415130615e-01
4.782456159591674805e-01
4.869038462638854980e-01
4.824530780315399170e-01
4.774272441864013672e-01
4.674378037452697754e-01
4.840365052223205566e-01
4.786646962165832520e-01
4.754564166069030762e-01
4.879994094371795654e-01
4.908649325370788574e-01
4.727481603622436523e-01
4.848552644252777100e-01
4.773457050323486328e-01
4.831304848194122314e-01
4.788515567779541016e-01
4.832910001277923584e-01
4.797697961330413818e-01
4.639576673507690430e-01
4.820434749126434326e-01
4.978620111942291260e-01
4.704279303550720215e-01
4.789040386676788330e-01
4.637415707111358643e-01
4.642100036144256592e-01
4.841731488704681396e-01
4.769481420516967773e-01
4.743823707103729248e-01
5.011240243911743164e-01
4.669670760631561279e-01
4.669199883937835693e-01
4.639766216278076172e-01
4.704956412315368652e-01
4.977870583534240723e-01
4.652042686939239502e-01
4.742449522018432617e-01
