5.805492401123046875e-04
7.093846797943115234e-04
2.241247892379760742e-02
2.241247892379760742e-02
5.723834037780761719e-04
5.721151828765869141e-04
5.739331245422363281e-04
5.736649036407470703e-04
7.231533527374267578e-04
5.974471569061279297e-04
5.167424678802490234e-04
5.522072315216064453e-04
5.544126033782958984e-04
5.789101123809814453e-04
5.845129489898681641e-04
5.601644515991210938e-04
5.558431148529052734e-04
5.558431148529052734e-04
5.558431148529052734e-04
1.378893852233886719e-03
5.280375480651855469e-04
1.392185688018798828e-03
5.533993244171142578e-04
2.241247892379760742e-02
2.241247892379760742e-02
2.241247892379760742e-02
5.170106887817382812e-04
2.066493034362792969e-03
1.723527908325195312e-03
5.168020725250244141e-04
5.407631397247314453e-04
1.145839691162109375e-03
5.168020725250244141e-04
6.591379642486572266e-04
2.349495887756347656e-03
5.524456501007080078e-04
5.493164062500000000e-04
5.199611186981201172e-04
5.449652671813964844e-04
5.169212818145751953e-04
5.543231964111328125e-04
5.194246768951416016e-04
5.533695220947265625e-04
1.174807548522949219e-04
5.544424057006835938e-04
5.387961864471435547e-04
5.169808864593505859e-04
1.787632703781127930e-03
7.478594779968261719e-04
5.203485488891601562e-04
5.423724651336669922e-04
1.878201961517333984e-03
1.763612031936645508e-03
2.764582633972167969e-03
1.564204692840576172e-03
6.960988044738769531e-03
5.375713109970092773e-03
5.558431148529052734e-04
8.770912885665893555e-03
1.309058070182800293e-02
5.538761615753173828e-04
5.296468734741210938e-04
1.379191875457763672e-03
1.409947872161865234e-03
5.558431148529052734e-04
5.558431148529052734e-04
5.558431148529052734e-04
5.178451538085937500e-04
5.536079406738281250e-04
5.559921264648437500e-04
6.873220205307006836e-03
6.718337535858154297e-04
2.094495296478271484e-02
1.345968246459960938e-02
8.691224455833435059e-02
9.772896766662597656e-03
9.768933057785034180e-03
1.407972872257232666e-01
2.241250872611999512e-02
1.407972872257232666e-01
1.407972872257232666e-01
1.407972872257232666e-01
7.756650447845458984e-04
9.768933057785034180e-03
1.385354995727539062e-02
2.088785171508789062e-03
1.851379871368408203e-03
8.895397186279296875e-04
1.308733224868774414e-02
5.579888820648193359e-04
5.218386650085449219e-04
5.559623241424560547e-04
5.548596382141113281e-04
5.406141281127929688e-04
5.559027194976806641e-04
5.436241626739501953e-04
5.558431148529052734e-04
5.682110786437988281e-04
1.891320943832397461e-02
5.558431148529052734e-04
2.241247892379760742e-02
5.558431148529052734e-04
3.885060548782348633e-03
5.803406238555908203e-04
1.473039388656616211e-03
1.380950212478637695e-03
1.082989573478698730e-02
5.558431148529052734e-04
9.768933057785034180e-03
1.194405257701873779e-01
9.768933057785034180e-03
9.768933057785034180e-03
9.768933057785034180e-03
1.378268003463745117e-03
1.378268003463745117e-03
1.378268003463745117e-03
1.426696777343750000e-03
1.406371593475341797e-03
1.409530639648437500e-03
1.382380723953247070e-03
1.434952020645141602e-03
2.241438627243041992e-02
3.508925437927246094e-03
1.337856054306030273e-03
9.777396917343139648e-03
3.287255764007568359e-03
2.247434854507446289e-02
2.869278192520141602e-03
1.555651426315307617e-03
1.651704311370849609e-03
3.094375133514404297e-03
3.094509243965148926e-02
5.246937274932861328e-03
2.496501803398132324e-02
1.435595750808715820e-02
4.070043563842773438e-03
2.957582473754882812e-03
1.216888427734375000e-03
5.358457565307617188e-04
1.149386167526245117e-03
1.542419195175170898e-03
9.810030460357666016e-04
3.910511732101440430e-03
1.194012165069580078e-02
2.265703678131103516e-02
1.473903656005859375e-03
2.580612897872924805e-03
3.687679767608642578e-03
1.389354467391967773e-03
2.531737089157104492e-03
1.654654741287231445e-03
1.486986875534057617e-03
3.310889005661010742e-03
2.854347229003906250e-03
4.125922918319702148e-03
6.847679615020751953e-03
8.324712514877319336e-03
5.826681852340698242e-03
5.682170391082763672e-03
1.475363969802856445e-03
3.941267728805541992e-03
9.601026773452758789e-03
4.006564617156982422e-03
5.176365375518798828e-04
5.378425121307373047e-04
9.483695030212402344e-04
5.470216274261474609e-04
5.168318748474121094e-04
5.559623241424560547e-04
9.382367134094238281e-04
2.212792634963989258e-03
1.816719770431518555e-03
1.322269439697265625e-03
1.156258583068847656e-02
1.511871814727783203e-03
1.215398311614990234e-03
2.163320779800415039e-03
2.701669931411743164e-03
5.168914794921875000e-04
1.028597354888916016e-03
1.073071360588073730e-02
3.055363893508911133e-03
2.494782209396362305e-03
1.538276672363281250e-03
3.405243158340454102e-03
5.174875259399414062e-04
2.857059240341186523e-03
3.181189298629760742e-03
5.660653114318847656e-04
5.878329277038574219e-03
1.375377178192138672e-03
5.168318748474121094e-04
5.034655332565307617e-03
2.480000257492065430e-03
5.169808864593505859e-04
7.173091173171997070e-03
4.673689603805541992e-03
9.904295206069946289e-03
5.181431770324707031e-04
1.131141185760498047e-02
4.703283309936523438e-03
1.727214455604553223e-02
2.990061044692993164e-02
1.402640342712402344e-02
4.399934411048889160e-02
1.040560007095336914e-02
1.780816912651062012e-02
1.314097642898559570e-02
3.749728202819824219e-03
1.487821340560913086e-03
3.476649522781372070e-03
9.943902492523193359e-03
1.405444741249084473e-02
9.814947843551635742e-03
2.685070037841796875e-03
5.167722702026367188e-04
5.168020725250244141e-04
5.167424678802490234e-04
5.198717117309570312e-04
5.441606044769287109e-04
7.195353507995605469e-03
5.383193492889404297e-04
5.168616771697998047e-04
5.376935005187988281e-04
5.180835723876953125e-04
5.175173282623291016e-04
2.241250872611999512e-02
1.226446032524108887e-02
3.748834133148193359e-04
9.588599205017089844e-04
1.407972872257232666e-01
1.407972872257232666e-01
9.132063388824462891e-02
6.486174464225769043e-02
3.095361590385437012e-02
6.535208225250244141e-02
5.308994650840759277e-02
1.226023435592651367e-01
4.218846559524536133e-03
2.287596464157104492e-03
8.328258991241455078e-04
1.376640796661376953e-02
5.536377429962158203e-04
5.807876586914062500e-04
6.429851055145263672e-04
1.852270960807800293e-02
5.625784397125244141e-04
2.241250872611999512e-02
1.439502835273742676e-02
1.824080944061279297e-02
2.241247892379760742e-02
2.241271734237670898e-02
1.222401857376098633e-03
6.511420011520385742e-03
2.945512533187866211e-03
1.025146245956420898e-02
6.676197052001953125e-03
8.115053176879882812e-03
4.740715026855468750e-03
1.370429992675781250e-03
1.867920160293579102e-03
7.285174727439880371e-02
1.186490058898925781e-03
5.667209625244140625e-04
1.671439409255981445e-02
2.241340279579162598e-02
2.621591091156005859e-03
5.372762680053710938e-04
1.171141862869262695e-03
7.377564907073974609e-04
5.168318748474121094e-04
5.584359169006347656e-04
5.228817462921142578e-04
5.513727664947509766e-04
5.173683166503906250e-04
5.558431148529052734e-04
5.558431148529052734e-04
5.321800708770751953e-04
5.469322204589843750e-04
5.558431148529052734e-04
5.558431148529052734e-04
5.558431148529052734e-04
5.558729171752929688e-04
2.241247892379760742e-02
5.522370338439941406e-04
1.560807228088378906e-03
5.473196506500244141e-04
1.418918371200561523e-03
5.168020725250244141e-04
5.167722702026367188e-04
1.378297805786132812e-03
1.378357410430908203e-03
1.378357410430908203e-03
1.212179660797119141e-03
5.169808864593505859e-04
5.168616771697998047e-04
5.896091461181640625e-04
5.168020725250244141e-04
1.129537820816040039e-03
3.683149814605712891e-03
3.442227840423583984e-03
2.764046192169189453e-03
5.600512027740478516e-03
3.163844347000122070e-03
2.034050226211547852e-02
5.169510841369628906e-03
1.055192947387695312e-02
2.401611208915710449e-02
4.336541891098022461e-02
1.058936119079589844e-02
2.236694097518920898e-03
1.194927096366882324e-02
4.485946893692016602e-02
1.276949048042297363e-02
1.090916991233825684e-02
1.879781484603881836e-03
4.474088549613952637e-02
8.138984441757202148e-03
1.394966244697570801e-02
2.091735601425170898e-03
3.596812486648559570e-03
9.953662753105163574e-02
3.866454958915710449e-02
5.940198898315429688e-04
5.901753902435302734e-04
1.014319062232971191e-02
5.893409252166748047e-04
1.004946231842041016e-01
2.374619245529174805e-03
3.532499074935913086e-03
9.768933057785034180e-03
1.407972872257232666e-01
1.876381039619445801e-02
1.199173629283905029e-01
1.407972872257232666e-01
1.407972872257232666e-01
1.407972872257232666e-01
1.180180013179779053e-01
5.461314320564270020e-02
1.407972872257232666e-01
9.768933057785034180e-03
9.768933057785034180e-03
1.378268003463745117e-03
4.556864500045776367e-03
2.241510152816772461e-02
1.209855079650878906e-03
1.380831003189086914e-03
1.378238201141357422e-03
1.472139358520507812e-02
6.945043802261352539e-03
1.536789536476135254e-02
5.884766578674316406e-04
7.304012775421142578e-03
5.385875701904296875e-04
5.169808864593505859e-04
5.167722702026367188e-04
5.186796188354492188e-04
5.205273628234863281e-04
5.180835723876953125e-04
9.165793657302856445e-03
5.168318748474121094e-04
5.168616771697998047e-04
3.152251243591308594e-03
1.287558674812316895e-02
1.033058762550354004e-02
5.372881889343261719e-03
1.420420408248901367e-02
2.079695463180541992e-03
1.835495233535766602e-03
4.811167716979980469e-03
6.309181451797485352e-03
1.775324344635009766e-03
7.284879684448242188e-03
4.748016595840454102e-03
1.837253570556640625e-03
4.735022783279418945e-03
4.695981740951538086e-03
4.961460828781127930e-03
1.739263534545898438e-03
2.133995294570922852e-03
5.174577236175537109e-04
1.366436481475830078e-03
4.021286964416503906e-03
5.193948745727539062e-04
5.521178245544433594e-04
5.191862583160400391e-04
5.176663398742675781e-04
5.173683166503906250e-04
5.178749561309814453e-04
5.169510841369628906e-04
5.176067352294921875e-04
1.448333263397216797e-03
1.994431018829345703e-03
5.242824554443359375e-04
5.170106887817382812e-04
2.689898014068603516e-03
1.498758792877197266e-03
1.188576221466064453e-03
5.547404289245605469e-04
1.389098167419433594e-02
5.589127540588378906e-04
5.559325218200683594e-04
8.089780807495117188e-03
2.241247892379760742e-02
5.562901496887207031e-04
5.257427692413330078e-04
2.241247892379760742e-02
2.241247892379760742e-02
2.241247892379760742e-02
5.169212818145751953e-04
5.542039871215820312e-04
1.378268003463745117e-03
5.558431148529052734e-04
7.075071334838867188e-04
1.400649547576904297e-03
2.438634634017944336e-03
5.558431148529052734e-04
5.595922470092773438e-03
1.855584979057312012e-02
2.241247892379760742e-02
1.116797327995300293e-02
1.421868801116943359e-03
5.558729171752929688e-04
5.354285240173339844e-04
1.381576061248779297e-03
5.558729171752929688e-04
2.398461103439331055e-03
8.344650268554687500e-07
2.241247892379760742e-02
1.380950212478637695e-03
1.378923654556274414e-03
1.324892044067382812e-03
1.223891973495483398e-03
2.072751522064208984e-04
2.241247892379760742e-02
5.168318748474121094e-04
1.772731542587280273e-03
5.532801151275634766e-04
2.689778804779052734e-03
5.558431148529052734e-04
5.167424678802490234e-04
5.539655685424804688e-04
1.260161399841308594e-03
1.961916685104370117e-03
4.037886857986450195e-03
1.126745343208312988e-02
2.449065446853637695e-03
8.624705672264099121e-02
1.891320943832397461e-02
3.542929887771606445e-03
5.025625228881835938e-02
1.097247004508972168e-02
6.614178419113159180e-03
1.402348279953002930e-03
1.566439867019653320e-03
2.713769674301147461e-03
1.540362834930419922e-03
1.121431589126586914e-03
2.789050340652465820e-03
1.026725769042968750e-02
4.507839679718017578e-03
6.522208452224731445e-03
2.586126327514648438e-03
5.167722702026367188e-04
2.669870853424072266e-03
1.544207334518432617e-03
3.794431686401367188e-04
1.418024301528930664e-03
1.393228769302368164e-03
5.168318748474121094e-04
1.446664333343505859e-03
1.429200172424316406e-03
1.385360956192016602e-03
1.388520002365112305e-03
1.406848430633544922e-03
1.399189233779907227e-03
1.379638910293579102e-03
1.380085945129394531e-03
2.023726701736450195e-03
1.900583505630493164e-03
2.022862434387207031e-03
3.548830747604370117e-03
2.241745591163635254e-02
1.484468579292297363e-02
5.558431148529052734e-04
5.558729171752929688e-04
5.559027194976806641e-04
5.559623241424560547e-04
5.559027194976806641e-04
2.241247892379760742e-02
2.559840679168701172e-03
1.773834228515625000e-03
7.959902286529541016e-04
7.152029871940612793e-02
1.249372959136962891e-03
4.822453856468200684e-02
5.384838581085205078e-02
8.301705121994018555e-03
2.104610204696655273e-03
2.082914113998413086e-03
2.241247892379760742e-02
1.832515001296997070e-03
2.689808607101440430e-03
4.918456077575683594e-03
1.580762863159179688e-02
2.689808607101440430e-03
5.170106887817382812e-04
1.466265320777893066e-02
1.133024692535400391e-02
2.563357353210449219e-03
9.992659091949462891e-03
1.734608411788940430e-02
1.047840714454650879e-02
4.733115434646606445e-03
1.391780376434326172e-02
3.157395124435424805e-02
1.891320943832397461e-02
5.559921264648437500e-04
1.618835330009460449e-02
2.184331417083740234e-03
5.414783954620361328e-04
5.340874195098876953e-04
5.367398262023925781e-04
5.429983139038085938e-04
7.179349660873413086e-03
5.395412445068359375e-04
5.171895027160644531e-04
7.556289434432983398e-03
1.677808165550231934e-02
2.241307497024536133e-02
2.100852131843566895e-02
2.241310477256774902e-02
1.955062150955200195e-02
5.402863025665283203e-04
6.814599037170410156e-04
6.102919578552246094e-04
5.630850791931152344e-04
5.195736885070800781e-04
1.338627934455871582e-02
1.483809947967529297e-02
5.168914794921875000e-04
5.389153957366943359e-04
3.618121147155761719e-03
3.007113933563232422e-03
5.332529544830322266e-04
6.067156791687011719e-04
5.521476268768310547e-04
5.168020725250244141e-04
5.726814270019531250e-04
7.246017456054687500e-03
5.514621734619140625e-04
5.308091640472412109e-03
3.592252731323242188e-03
1.086384057998657227e-03
2.241250872611999512e-02
1.968181133270263672e-02
2.241250872611999512e-02
1.768201589584350586e-02
2.241259813308715820e-02
2.107945084571838379e-02
1.850259304046630859e-02
2.241250872611999512e-02
6.013810634613037109e-04
5.721747875213623047e-04
5.789995193481445312e-04
4.419058561325073242e-03
7.950812578201293945e-03
5.722343921661376953e-04
9.440511465072631836e-03
3.918111324310302734e-03
4.253208637237548828e-03
2.150753140449523926e-02
1.407972872257232666e-01
1.262149214744567871e-01
7.421192526817321777e-02
1.407972872257232666e-01
9.806960821151733398e-03
8.031627535820007324e-02
8.378165960311889648e-02
5.470216274261474609e-04
5.168318748474121094e-04
5.470812320709228516e-04
5.516707897186279297e-04
5.558431148529052734e-04
5.539357662200927734e-04
5.558431148529052734e-04
1.265722513198852539e-02
1.095440983772277832e-02
9.686291217803955078e-03
5.189180374145507812e-04
5.441308021545410156e-04
5.558431148529052734e-04
8.402645587921142578e-03
1.833260059356689453e-03
7.583647966384887695e-03
2.605944871902465820e-03
1.922875642776489258e-03
1.279053092002868652e-02
9.974092245101928711e-03
1.020652055740356445e-02
4.488924145698547363e-02
1.012650132179260254e-02
1.017436385154724121e-02
1.352661848068237305e-02
1.005163788795471191e-02
1.039218902587890625e-02
1.296794414520263672e-02
1.891320943832397461e-02
8.550438284873962402e-02
4.774501919746398926e-02
6.044894456863403320e-03
5.713284015655517578e-03
1.441329717636108398e-03
1.479417085647583008e-02
4.457712173461914062e-03
9.801894426345825195e-03
2.261072397232055664e-03
1.097247004508972168e-02
1.720637083053588867e-03
8.093744516372680664e-03
5.612701177597045898e-03
2.421075105667114258e-02
6.175607442855834961e-03
2.039581537246704102e-03
2.232393622398376465e-02
1.502931118011474609e-03
1.466542482376098633e-03
2.033740282058715820e-03
5.194067955017089844e-03
2.190440893173217773e-03
1.213398575782775879e-02
1.511320471763610840e-02
3.596842288970947266e-03
3.914624452590942383e-03
2.307742834091186523e-03
6.737381219863891602e-03
2.875298261642456055e-03
2.317726612091064453e-03
5.168318748474121094e-04
1.844018697738647461e-03
5.168020725250244141e-04
2.560704946517944336e-03
2.696812152862548828e-03
3.414332866668701172e-03
3.518491983413696289e-03
3.558993339538574219e-03
3.639489412307739258e-03
3.490656614303588867e-03
1.763343811035156250e-03
3.707885742187500000e-03
5.183517932891845703e-04
5.843937397003173828e-04
5.168020725250244141e-04
5.536675453186035156e-04
5.559027194976806641e-04
5.558729171752929688e-04
6.806254386901855469e-04
7.992327213287353516e-03
9.768933057785034180e-03
9.768933057785034180e-03
5.558431148529052734e-04
5.474686622619628906e-04
5.558729171752929688e-04
6.543695926666259766e-04
5.558431148529052734e-04
5.624741315841674805e-03
7.755756378173828125e-04
1.990348100662231445e-03
2.947062253952026367e-03
6.616860628128051758e-03
8.715033531188964844e-03
1.407972872257232666e-01
9.768933057785034180e-03
9.768933057785034180e-03
9.774178266525268555e-03
9.768933057785034180e-03
9.768933057785034180e-03
9.771764278411865234e-03
9.780704975128173828e-03
9.920150041580200195e-03
9.770184755325317383e-03
9.768933057785034180e-03
9.768933057785034180e-03
1.407972872257232666e-01
9.771645069122314453e-03
9.836107492446899414e-03
1.407972872257232666e-01
2.539157867431640625e-03
3.816366195678710938e-03
4.257142543792724609e-03
1.519650220870971680e-03
3.746211528778076172e-03
3.227651119232177734e-03
1.631677150726318359e-03
6.041169166564941406e-03
6.259590387344360352e-03
1.401996612548828125e-02
2.360349893569946289e-02
1.290696859359741211e-02
5.456417798995971680e-03
4.355847835540771484e-03
6.298899650573730469e-03
3.749698400497436523e-03
1.429110765457153320e-02
2.478417754173278809e-02
4.098653793334960938e-03
5.191564559936523438e-04
5.511641502380371094e-04
2.339872717857360840e-02
3.615346550941467285e-02
5.328655242919921875e-04
6.718158721923828125e-03
1.012322306632995605e-02
5.383193492889404297e-04
5.173981189727783203e-04
5.168616771697998047e-04
5.298256874084472656e-04
5.168318748474121094e-04
9.427517652511596680e-03
1.422584056854248047e-03
7.470279932022094727e-03
1.535892486572265625e-03
4.559278488159179688e-03
1.336455345153808594e-03
1.790672540664672852e-03
6.766229867935180664e-03
8.483827114105224609e-03
1.194220781326293945e-02
3.970772027969360352e-03
8.161365985870361328e-04
2.000689506530761719e-03
2.749532461166381836e-03
3.761559724807739258e-03
2.272745966911315918e-02
1.379728317260742188e-03
5.558431148529052734e-04
5.559027194976806641e-04
9.498298168182373047e-03
1.420646905899047852e-03
2.241247892379760742e-02
1.390427350997924805e-03
7.785856723785400391e-04
5.861729383468627930e-03
4.294961690902709961e-03
7.336199283599853516e-03
9.768933057785034180e-03
9.768933057785034180e-03
1.407972872257232666e-01
9.768933057785034180e-03
1.227074861526489258e-01
4.900428652763366699e-02
9.768933057785034180e-03
9.815663099288940430e-03
9.768933057785034180e-03
9.872704744338989258e-03
9.780794382095336914e-03
9.768933057785034180e-03
9.838849306106567383e-03
1.131135225296020508e-02
9.894609451293945312e-03
1.737415790557861328e-03
3.738731145858764648e-03
1.891320943832397461e-02
1.016986370086669922e-02
1.491904258728027344e-03
3.672659397125244141e-03
2.283966541290283203e-02
7.209062576293945312e-03
2.162027359008789062e-02
2.241247892379760742e-02
5.168318748474121094e-04
5.459189414978027344e-04
5.170702934265136719e-04
5.558729171752929688e-04
6.748855113983154297e-03
2.241250872611999512e-02
2.241247892379760742e-02
2.241247892379760742e-02
5.559325218200683594e-04
5.558431148529052734e-04
5.559325218200683594e-04
5.558431148529052734e-04
5.558431148529052734e-04
5.558431148529052734e-04
5.558431148529052734e-04
5.274713039398193359e-04
5.550086498260498047e-04
1.755291223526000977e-02
5.732774734497070312e-04
5.558431148529052734e-04
5.558431148529052734e-04
5.559623241424560547e-04
7.712215185165405273e-03
2.241247892379760742e-02
1.053568720817565918e-02
2.241247892379760742e-02
5.168318748474121094e-04
5.259513854980468750e-04
5.328953266143798828e-04
5.201399326324462891e-04
5.170702934265136719e-04
5.177259445190429688e-04
5.170106887817382812e-04
5.171298980712890625e-04
2.241247892379760742e-02
5.468428134918212891e-04
1.876026391983032227e-03
5.466043949127197266e-04
5.187392234802246094e-04
5.385875701904296875e-04
5.168318748474121094e-04
2.318948507308959961e-03
5.414187908172607422e-04
5.428493022918701172e-04
5.192160606384277344e-04
2.025574445724487305e-03
5.862116813659667969e-04
5.868673324584960938e-04
5.198419094085693359e-04
2.241882681846618652e-02
1.234635710716247559e-02
5.879402160644531250e-04
5.170702934265136719e-04
5.476176738739013672e-04
1.436895132064819336e-02
1.853555440902709961e-03
2.260774374008178711e-03
1.771926879882812500e-03
1.029014587402343750e-03
2.192407846450805664e-03
2.421617507934570312e-03
6.322979927062988281e-03
2.241247892379760742e-02
5.558431148529052734e-04
5.343556404113769531e-04
5.558431148529052734e-04
1.206576824188232422e-03
2.302318811416625977e-03
1.378625631332397461e-03
1.394778490066528320e-03
1.384049654006958008e-03
1.212882995605468750e-02
1.388877630233764648e-03
2.254247665405273438e-03
1.856237649917602539e-03
1.383572816848754883e-03
1.251697540283203125e-06
1.750588417053222656e-04
1.378893852233886719e-03
2.241247892379760742e-02
1.391738653182983398e-03
7.755756378173828125e-04
7.748603820800781250e-07
1.390129327774047852e-03
1.389414072036743164e-03
1.381397247314453125e-03
1.541554927825927734e-03
1.388370990753173828e-03
9.884089231491088867e-03
1.407972872257232666e-01
1.726299524307250977e-03
1.581162214279174805e-03
1.504123210906982422e-03
1.452594995498657227e-03
2.689778804779052734e-03
1.414179801940917969e-03
1.283317804336547852e-03
1.389086246490478516e-03
1.378506422042846680e-03
2.810627222061157227e-03
4.552513360977172852e-03
1.377046108245849609e-03
1.153171062469482422e-03
1.328229904174804688e-03
9.722113609313964844e-03
2.241247892379760742e-02
2.241247892379760742e-02
2.345383167266845703e-03
2.140402793884277344e-03
1.897460222244262695e-02
2.146989107131958008e-03
2.241247892379760742e-02
2.241295576095581055e-02
2.241250872611999512e-02
2.241247892379760742e-02
2.241247892379760742e-02
1.170009374618530273e-02
5.536079406738281250e-04
5.626082420349121094e-04
2.241247892379760742e-02
5.468696355819702148e-03
2.241247892379760742e-02
2.241247892379760742e-02
2.241247892379760742e-02
2.241247892379760742e-02
2.241247892379760742e-02
2.241247892379760742e-02
2.241247892379760742e-02
2.241247892379760742e-02
2.241247892379760742e-02
9.768933057785034180e-03
2.869665622711181641e-03
8.083254098892211914e-03
7.439404726028442383e-03
9.768933057785034180e-03
9.769618511199951172e-03
1.462411880493164062e-02
9.772777557373046875e-03
9.800136089324951172e-03
1.407972872257232666e-01
9.768933057785034180e-03
9.768933057785034180e-03
1.882255077362060547e-02
5.558431148529052734e-04
5.558431148529052734e-04
5.398392677307128906e-04
1.937150955200195312e-06
5.505979061126708984e-04
7.152557373046875000e-07
1.379042863845825195e-03
1.378625631332397461e-03
5.515217781066894531e-04
5.559027194976806641e-04
2.241247892379760742e-02
5.558431148529052734e-04
1.039683818817138672e-03
2.241247892379760742e-02
2.241247892379760742e-02
2.689808607101440430e-03
1.379549503326416016e-03
5.167722702026367188e-04
1.382470130920410156e-03
1.809775829315185547e-03
1.305481791496276855e-02
5.765557289123535156e-04
5.831420421600341797e-04
1.961857080459594727e-03
5.238950252532958984e-04
1.468241214752197266e-03
5.171000957489013672e-04
2.265632152557373047e-02
2.241304516792297363e-02
8.341938257217407227e-03
9.835094213485717773e-03
4.484301805496215820e-02
1.076290011405944824e-02
2.323144674301147461e-02
1.407972872257232666e-01
2.823454141616821289e-02
2.401611208915710449e-02
1.140868663787841797e-02
2.022653818130493164e-03
6.542235612869262695e-03
9.106546640396118164e-03
1.147881150245666504e-02
1.181155443191528320e-03
5.568265914916992188e-04
5.370974540710449219e-04
5.786716938018798828e-04
7.928878068923950195e-03
5.385875701904296875e-04
5.327165126800537109e-04
5.028843879699707031e-04
5.342066287994384766e-04
5.461871623992919922e-04
5.353987216949462891e-04
5.363523960113525391e-04
5.168020725250244141e-04
5.168318748474121094e-04
4.478693008422851562e-04
4.478693008422851562e-04
5.547702312469482422e-04
5.168020725250244141e-04
1.319372653961181641e-02
9.496182203292846680e-03
5.451440811157226562e-04
1.037690043449401855e-02
5.167424678802490234e-04
5.168020725250244141e-04
3.292560577392578125e-04
5.559027194976806641e-04
5.310773849487304688e-04
5.517303943634033203e-04
5.520284175872802734e-04
1.160860061645507812e-03
2.208980917930603027e-02
2.241247892379760742e-02
1.730889081954956055e-03
6.063282489776611328e-04
7.626414299011230469e-04
5.793273448944091797e-04
6.851553916931152344e-04
5.638897418975830078e-04
5.393624305725097656e-04
8.766174316406250000e-03
5.188584327697753906e-04
1.715087890625000000e-02
2.241247892379760742e-02
2.241247892379760742e-02
5.559027194976806641e-04
5.604922771453857422e-04
5.168020725250244141e-04
5.167424678802490234e-04
3.741383552551269531e-04
3.819763660430908203e-04
5.502402782440185547e-04
1.979786157608032227e-02
1.587265729904174805e-02
2.241247892379760742e-02
1.427778601646423340e-02
8.034586906433105469e-03
7.913380861282348633e-03
8.138090372085571289e-03
7.959872484207153320e-03
2.712276577949523926e-02
1.510825753211975098e-02
1.683405041694641113e-02
2.475628256797790527e-02
6.125748157501220703e-03
1.279920339584350586e-03
2.326279878616333008e-03
4.331737756729125977e-03
4.132875800132751465e-02
6.317138671875000000e-03
5.168914794921875000e-04
7.128530740737915039e-02
2.292764186859130859e-02
8.049249649047851562e-03
5.168318748474121094e-04
9.848862886428833008e-03
5.335509777069091797e-04
5.168616771697998047e-04
5.218386650085449219e-04
5.452334880828857422e-04
1.505023241043090820e-02
1.537412405014038086e-03
1.180863380432128906e-02
5.495548248291015625e-04
5.168318748474121094e-04
5.396902561187744141e-04
3.010302782058715820e-03
8.182227611541748047e-04
6.472170352935791016e-04
5.414783954620361328e-04
5.986690521240234375e-04
4.891425371170043945e-03
8.700758218765258789e-03
3.169098496437072754e-02
2.368527650833129883e-02
5.460083484649658203e-04
1.252850890159606934e-02
5.356043577194213867e-03
5.169510841369628906e-04
5.218330025672912598e-02
5.423128604888916016e-04
4.342794418334960938e-03
5.582571029663085938e-04
5.491971969604492188e-04
2.451509237289428711e-03
6.753176450729370117e-03
1.120597124099731445e-03
2.564400434494018555e-03
5.171597003936767578e-04
1.355618238449096680e-03
9.480714797973632812e-04
8.672773838043212891e-04
1.445472240447998047e-03
5.168318748474121094e-04
1.391440629959106445e-03
1.386910676956176758e-03
2.758562564849853516e-03
4.035443067550659180e-03
1.834750175476074219e-03
8.244216442108154297e-04
5.390346050262451172e-04
1.239627599716186523e-03
1.253068447113037109e-03
1.384347677230834961e-03
1.386880874633789062e-03
1.482903957366943359e-03
1.408189535140991211e-03
1.390844583511352539e-03
1.342922449111938477e-03
1.762151718139648438e-03
2.215653657913208008e-03
1.378923654556274414e-03
1.587867736816406250e-03
5.201846361160278320e-03
3.864526748657226562e-03
2.084493637084960938e-03
5.561411380767822266e-04
1.388311386108398438e-03
2.181380987167358398e-03
3.033638000488281250e-03
1.380950212478637695e-03
1.450657844543457031e-03
1.495391130447387695e-03
7.748603820800781250e-07
1.397073268890380859e-03
2.128690481185913086e-03
1.491993665695190430e-03
1.384824514389038086e-03
5.168318748474121094e-04
2.241247892379760742e-02
1.228749752044677734e-02
1.342922449111938477e-03
4.615187644958496094e-04
5.168318748474121094e-04
6.309151649475097656e-05
5.511045455932617188e-04
1.378327608108520508e-03
5.169808864593505859e-04
5.168616771697998047e-04
5.168914794921875000e-04
1.378268003463745117e-03
1.378297805786132812e-03
1.378297805786132812e-03
1.392304897308349609e-03
4.655063152313232422e-03
2.241247892379760742e-02
5.739033222198486328e-04
5.429685115814208984e-04
4.625350236892700195e-03
9.771734476089477539e-03
7.693588733673095703e-03
6.499886512756347656e-04
1.081377267837524414e-03
7.425248622894287109e-04
4.262864589691162109e-03
5.558431148529052734e-04
1.454204320907592773e-03
5.418658256530761719e-04
8.407264947891235352e-03
3.444164991378784180e-03
5.559027194976806641e-04
5.259215831756591797e-04
5.559623241424560547e-04
5.559623241424560547e-04
2.241247892379760742e-02
5.311369895935058594e-04
5.558729171752929688e-04
5.457103252410888672e-04
9.768933057785034180e-03
5.682796239852905273e-03
1.943081617355346680e-03
6.976187229156494141e-03
2.224057912826538086e-03
1.953989267349243164e-03
6.019711494445800781e-03
1.244813203811645508e-03
2.534866333007812500e-03
4.629403352737426758e-03
1.841992139816284180e-03
1.587629318237304688e-03
1.803159713745117188e-03
2.150446176528930664e-03
1.811534166336059570e-03
1.378417015075683594e-03
1.422166824340820312e-03
1.385986804962158203e-03
1.482379436492919922e-02
5.558431148529052734e-04
1.782476902008056641e-03
1.158475875854492188e-03
2.576619386672973633e-03
1.647174358367919922e-03
1.121729612350463867e-03
4.140079021453857422e-03
6.485074758529663086e-03
2.241247892379760742e-02
7.371991872787475586e-03
2.241247892379760742e-02
1.390725374221801758e-03
5.419254302978515625e-04
5.558729171752929688e-04
2.241787314414978027e-02
1.151725649833679199e-02
2.241250872611999512e-02
1.313328742980957031e-03
2.437442541122436523e-03
2.241247892379760742e-02
5.558729171752929688e-04
2.306520938873291016e-03
9.981364011764526367e-03
5.558431148529052734e-04
5.242824554443359375e-04
1.594364643096923828e-03
2.689778804779052734e-03
5.558431148529052734e-04
5.558431148529052734e-04
7.755756378173828125e-04
5.558431148529052734e-04
5.558431148529052734e-04
6.924867630004882812e-04
8.114171028137207031e-02
1.126796007156372070e-03
1.109063625335693359e-03
9.768933057785034180e-03
7.301807403564453125e-03
1.158045232295989990e-01
2.241247892379760742e-02
3.502011299133300781e-03
1.817733049392700195e-03
2.104997634887695312e-03
2.546608448028564453e-03
1.830011606216430664e-03
8.709728717803955078e-03
1.456916332244873047e-03
1.381248235702514648e-03
2.294927835464477539e-03
1.433432102203369141e-03
7.183820009231567383e-03
7.540613412857055664e-03
5.558431148529052734e-04
1.063376665115356445e-03
5.533397197723388672e-04
7.748603820800781250e-07
5.443394184112548828e-04
1.833954453468322754e-02
5.167722702026367188e-04
1.378268003463745117e-03
1.262128353118896484e-02
5.560517311096191406e-04
5.559027194976806641e-04
5.559027194976806641e-04
6.964117288589477539e-03
2.713680267333984375e-03
5.841407179832458496e-02
6.475362181663513184e-02
1.891320943832397461e-02
1.110699176788330078e-01
1.891320943832397461e-02
2.126881480216979980e-02
1.390483975410461426e-01
1.198192834854125977e-01
9.943902492523193359e-03
1.021933555603027344e-02
9.931921958923339844e-03
1.407972872257232666e-01
9.788393974304199219e-03
1.117905676364898682e-01
1.407972872257232666e-01
5.800873041152954102e-03
9.886145591735839844e-03
9.873807430267333984e-03
1.378268003463745117e-03
9.884655475616455078e-03
2.541646361351013184e-02
1.217274367809295654e-01
2.025842666625976562e-03
2.801537513732910156e-03
3.118127584457397461e-03
2.254635095596313477e-03
2.451717853546142578e-03
2.243602275848388672e-02
1.326888799667358398e-02
1.546204090118408203e-03
1.747399568557739258e-03
9.781718254089355469e-03
2.412348985671997070e-02
2.333006262779235840e-02
2.463838458061218262e-02
7.578164339065551758e-03
2.402904629707336426e-02
3.033488988876342773e-03
2.993345260620117188e-03
1.175969839096069336e-02
2.487778663635253906e-03
1.207983493804931641e-02
1.344367861747741699e-02
4.970133304595947266e-04
5.382299423217773438e-04
5.167722702026367188e-04
9.506881237030029297e-03
5.168318748474121094e-04
5.203783512115478516e-04
5.168020725250244141e-04
5.413293838500976562e-04
9.061396121978759766e-04
1.770973205566406250e-03
1.249074935913085938e-03
4.462277889251708984e-02
1.984617114067077637e-02
6.623759865760803223e-02
1.012388765811920166e-01
4.980981349945068359e-03
1.395821571350097656e-03
1.737028360366821289e-03
2.577364444732666016e-03
4.272729158401489258e-03
2.818435430526733398e-03
5.168616771697998047e-04
3.283828496932983398e-03
1.189768314361572266e-03
9.846299886703491211e-03
9.833157062530517578e-03
1.636773347854614258e-03
1.518785953521728516e-03
2.562224864959716797e-03
3.788530826568603516e-03
1.410424709320068359e-03
5.251467227935791016e-04
1.249998807907104492e-03
2.709001302719116211e-03
1.392990350723266602e-03
1.378595829010009766e-03
1.387029886245727539e-03
1.417994499206542969e-03
3.344357013702392578e-03
1.501590013504028320e-03
1.397281885147094727e-03
1.454055309295654297e-03
1.903444528579711914e-03
1.877725124359130859e-03
2.561658620834350586e-03
1.000761985778808594e-02
9.784340858459472656e-03
9.778857231140136719e-03
9.771436452865600586e-03
9.904295206069946289e-03
9.904295206069946289e-03
1.009017229080200195e-02
5.559921264648437500e-04
8.727610111236572266e-04
2.844691276550292969e-03
5.364716053009033203e-04
2.828240394592285156e-05
1.735180616378784180e-03
1.529186964035034180e-03
1.386553049087524414e-03
2.058127522468566895e-02
9.786903858184814453e-03
9.770631790161132812e-03
7.748603820800781250e-07
1.407972872257232666e-01
5.657374858856201172e-04
4.478991031646728516e-03
2.689778804779052734e-03
1.589119434356689453e-03
1.066863536834716797e-03
2.241247892379760742e-02
2.241247892379760742e-02
2.689778804779052734e-03
2.610743045806884766e-03
5.558729171752929688e-04
1.449227333068847656e-03
1.786112785339355469e-02
1.340299844741821289e-03
1.322060823440551758e-03
2.689868211746215820e-03
1.389831304550170898e-03
2.241247892379760742e-02
2.689778804779052734e-03
1.861482858657836914e-03
1.735714077949523926e-02
1.223096251487731934e-02
6.222963333129882812e-03
8.776196837425231934e-02
2.965581417083740234e-02
1.078876852989196777e-02
6.686222553253173828e-02
1.160836219787597656e-02
1.407972872257232666e-01
1.348609030246734619e-01
4.657739400863647461e-02
1.022535562515258789e-02
9.965449571609497070e-03
9.779244661331176758e-03
9.776353836059570312e-03
9.780406951904296875e-03
5.558729171752929688e-04
1.619130373001098633e-03
1.919424533843994141e-02
2.896338701248168945e-03
3.031939268112182617e-03
2.689778804779052734e-03
7.450580596923828125e-07
1.516848802566528320e-03
1.819550991058349609e-03
1.378327608108520508e-03
1.589357852935791016e-03
1.974403858184814453e-03
5.169212818145751953e-04
6.146728992462158203e-03
2.271562814712524414e-02
2.259194850921630859e-02
2.179560065269470215e-02
3.532290458679199219e-03
2.243372797966003418e-02
1.800149679183959961e-03
9.678602218627929688e-04
2.214610576629638672e-03
4.620045423507690430e-03
5.168020725250244141e-04
5.433857440948486328e-04
5.363225936889648438e-04
3.598898649215698242e-03
9.753972291946411133e-03
5.559027194976806641e-04
2.242127060890197754e-02
5.716383457183837891e-04
5.025684833526611328e-03
2.241295576095581055e-02
1.183927059173583984e-03
5.511939525604248047e-04
2.242460846900939941e-02
1.985993981361389160e-02
7.790625095367431641e-04
8.701592683792114258e-03
1.307547092437744141e-03
5.564689636230468750e-04
2.689838409423828125e-03
1.520752906799316406e-03
5.558431148529052734e-04
9.771615266799926758e-03
9.773343801498413086e-03
9.777277708053588867e-03
9.768933057785034180e-03
1.191008090972900391e-02
1.052960753440856934e-02
9.768992662429809570e-03
9.923338890075683594e-03
1.172468066215515137e-02
2.077278494834899902e-02
1.384139060974121094e-03
1.482725143432617188e-03
1.268684864044189453e-03
7.149577140808105469e-04
5.652010440826416016e-04
5.545318126678466797e-04
5.564093589782714844e-04
5.559027194976806641e-04
5.559921264648437500e-04
5.559325218200683594e-04
2.241247892379760742e-02
5.558431148529052734e-04
6.374418735504150391e-04
6.188154220581054688e-04
7.104575634002685547e-04
1.376986503601074219e-03
6.504923105239868164e-03
5.252659320831298828e-04
5.532205104827880859e-04
2.689778804779052734e-03
1.378268003463745117e-03
9.149760007858276367e-03
9.768933057785034180e-03
9.768933057785034180e-03
9.768933057785034180e-03
3.389593958854675293e-02
9.768933057785034180e-03
3.817376494407653809e-02
1.577109098434448242e-03
1.586467027664184570e-03
6.368815898895263672e-03
5.413308739662170410e-02
6.195023655891418457e-02
1.380491256713867188e-02
2.995762228965759277e-02
8.375880122184753418e-02
8.742532134056091309e-02
1.891320943832397461e-02
9.819418191909790039e-03
1.407972872257232666e-01
4.376193881034851074e-02
1.407972872257232666e-01
1.427066326141357422e-02
7.690745592117309570e-02
1.244628429412841797e-01
1.380893290042877197e-01
9.768933057785034180e-03
1.407972872257232666e-01
3.886619210243225098e-02
1.407972872257232666e-01
1.407972872257232666e-01
1.407972872257232666e-01
1.407972872257232666e-01
1.363059878349304199e-01
1.407972872257232666e-01
1.300363242626190186e-01
1.143138110637664795e-01
1.333023011684417725e-01
1.394605338573455811e-01
9.768933057785034180e-03
1.406239867210388184e-01
9.768933057785034180e-03
3.204345703125000000e-03
9.305387735366821289e-03
9.769171476364135742e-03
9.768933057785034180e-03
9.808808565139770508e-03
1.407972872257232666e-01
1.245058476924896240e-01
4.332378506660461426e-02
1.045119762420654297e-02
1.014137268066406250e-02
8.941504359245300293e-02
1.287533342838287354e-01
1.407972872257232666e-01
1.407972872257232666e-01
9.106487035751342773e-02
1.064991950988769531e-02
9.771466255187988281e-03
2.538093924522399902e-02
2.352145314216613770e-02
1.388853192329406738e-01
1.344715058803558350e-01
1.407972872257232666e-01
7.469251751899719238e-02
4.241159558296203613e-02
9.868443012237548828e-03
1.407972872257232666e-01
2.925968170166015625e-02
1.407972872257232666e-01
1.407972872257232666e-01
1.391527354717254639e-01
1.407972872257232666e-01
5.274626612663269043e-02
1.407972872257232666e-01
1.407972872257232666e-01
1.407972872257232666e-01
1.215569674968719482e-01
1.320948898792266846e-01
8.839279413223266602e-02
1.407972872257232666e-01
1.407479345798492432e-01
1.392241716384887695e-01
1.309973299503326416e-01
9.768933057785034180e-03
9.768933057785034180e-03
5.351603031158447266e-04
5.559027194976806641e-04
5.292385816574096680e-03
7.025182247161865234e-03
9.768933057785034180e-03
9.768933057785034180e-03
9.768933057785034180e-03
9.768933057785034180e-03
9.768933057785034180e-03
9.768933057785034180e-03
9.768933057785034180e-03
9.768933057785034180e-03
9.768933057785034180e-03
9.768933057785034180e-03
9.775668382644653320e-03
9.769201278686523438e-03
9.778052568435668945e-03
9.771347045898437500e-03
6.072348356246948242e-02
1.052856445312500000e-03
1.055032014846801758e-03
2.650588750839233398e-03
6.340146064758300781e-04
5.381405353546142578e-04
5.559027194976806641e-04
5.188882350921630859e-04
5.534887313842773438e-04
5.168020725250244141e-04
5.168914794921875000e-04
5.235373973846435547e-04
5.469620227813720703e-04
5.168020725250244141e-04
5.168318748474121094e-04
5.168616771697998047e-04
1.488149166107177734e-03
1.471340656280517578e-03
4.043012857437133789e-03
4.196763038635253906e-04
2.241256833076477051e-02
4.438936710357666016e-03
3.769040107727050781e-03
4.538595676422119141e-03
3.145158290863037109e-03
2.306640148162841797e-03
2.639681100845336914e-03
1.385539770126342773e-03
2.305004000663757324e-02
2.243188023567199707e-02
2.241879701614379883e-02
1.095843315124511719e-02
2.201169729232788086e-03
7.735341787338256836e-03
9.783238172531127930e-03
7.859408855438232422e-03
1.025754213333129883e-02
1.682290434837341309e-02
6.806731224060058594e-03
1.086750626564025879e-02
4.298746585845947266e-03
3.598481416702270508e-03
6.549715995788574219e-03
8.457958698272705078e-03
6.553202867507934570e-03
1.941740512847900391e-03
5.342364311218261719e-04
5.168020725250244141e-04
5.406141281127929688e-04
6.078481674194335938e-04
5.247294902801513672e-04
1.768052577972412109e-03
5.541145801544189453e-04
1.517802476882934570e-03
5.213916301727294922e-04
5.537867546081542969e-04
5.282759666442871094e-04
5.289018154144287109e-04
1.391947269439697266e-03
5.558431148529052734e-04
5.558431148529052734e-04
5.558431148529052734e-04
5.559027194976806641e-04
5.559027194976806641e-04
5.369484424591064453e-04
1.559317111968994141e-03
1.145213842391967773e-03
3.391474485397338867e-03
1.746565103530883789e-03
1.614272594451904297e-03
6.020545959472656250e-03
1.493632793426513672e-03
1.311153173446655273e-03
1.225870847702026367e-02
1.396596431732177734e-03
4.456698894500732422e-03
5.632579326629638672e-03
6.032675504684448242e-03
1.077055931091308594e-03
1.376807689666748047e-03
1.075387001037597656e-03
1.392871141433715820e-03
3.442168235778808594e-05
8.344650268554687500e-07
5.489587783813476562e-04
5.485117435455322266e-04
1.407972872257232666e-01
8.907496929168701172e-03
6.508195400238037109e-02
3.086605668067932129e-02
9.662955999374389648e-03
1.138597726821899414e-02
1.891320943832397461e-02
1.023688912391662598e-02
7.423967123031616211e-03
1.407972872257232666e-01
1.407972872257232666e-01
2.151355147361755371e-02
1.002663373947143555e-02
5.558431148529052734e-04
5.960166454315185547e-04
6.003379821777343750e-04
2.241253852844238281e-02
5.558431148529052734e-04
1.019656658172607422e-03
2.596080303192138672e-03
5.558431148529052734e-04
3.909498453140258789e-03
2.101778984069824219e-03
2.236396074295043945e-03
6.457704305648803711e-02
1.407972872257232666e-01
7.314354181289672852e-03
2.320736646652221680e-03
9.768933057785034180e-03
1.519033312797546387e-02
1.391592621803283691e-02
1.407972872257232666e-01
1.407972872257232666e-01
1.405691206455230713e-01
1.407972872257232666e-01
1.407972872257232666e-01
9.768933057785034180e-03
1.238555908203125000e-01
1.289764046669006348e-02
1.515454053878784180e-02
5.988478660583496094e-03
9.769111871719360352e-03
7.622867822647094727e-03
9.879112243652343750e-03
9.769499301910400391e-03
9.768933057785034180e-03
9.796082973480224609e-03
1.088052988052368164e-01
1.407972872257232666e-01
9.771466255187988281e-03
1.122736930847167969e-02
1.359879970550537109e-02
9.777128696441650391e-03
9.768992662429809570e-03
9.770184755325317383e-03
1.501244306564331055e-02
5.517661571502685547e-03
6.367176771163940430e-03
5.612075328826904297e-04
2.221226692199707031e-03
7.755756378173828125e-04
7.118970155715942383e-03
3.935098648071289062e-03
9.768933057785034180e-03
6.622135639190673828e-03
8.863627910614013672e-03
9.768933057785034180e-03
9.768933057785034180e-03
9.768933057785034180e-03
1.012632250785827637e-02
9.769171476364135742e-03
9.768933057785034180e-03
1.407972872257232666e-01
9.768933057785034180e-03
9.768962860107421875e-03
1.097962260246276855e-02
1.054945588111877441e-02
1.037687063217163086e-02
3.111335635185241699e-02
3.270733356475830078e-02
4.465943574905395508e-02
1.236315667629241943e-01
7.807165384292602539e-03
8.005857467651367188e-03
2.918541431427001953e-03
5.269676446914672852e-03
9.978920221328735352e-03
9.896695613861083984e-03
1.026004552841186523e-02
9.317487478256225586e-02
5.365359783172607422e-02
9.314367175102233887e-02
1.506507396697998047e-02
9.798377752304077148e-03
1.069933176040649414e-02
1.075273752212524414e-02
9.805828332901000977e-03
1.379042863845825195e-03
1.652508974075317383e-03
6.891757249832153320e-03
2.027273178100585938e-03
7.876157760620117188e-04
5.443692207336425781e-04
1.527693867683410645e-02
1.109981536865234375e-02
4.217809438705444336e-02
5.378723144531250000e-04
5.168020725250244141e-04
5.340576171875000000e-04
6.040155887603759766e-03
5.168020725250244141e-04
6.529629230499267578e-03
5.168318748474121094e-04
5.266070365905761719e-04
5.168020725250244141e-04
5.168020725250244141e-04
5.168020725250244141e-04
5.195438861846923828e-04
6.375044584274291992e-03
2.310603857040405273e-02
9.869903326034545898e-03
9.871840476989746094e-03
1.403003931045532227e-03
1.390397548675537109e-03
1.059770584106445312e-03
1.255542039871215820e-03
1.147478818893432617e-03
2.140820026397705078e-03
2.017855644226074219e-03
1.407972872257232666e-01
1.379489898681640625e-03
9.777098894119262695e-03
1.891320943832397461e-02
1.242953538894653320e-01
2.007573843002319336e-03
1.251649856567382812e-02
3.905713558197021484e-03
7.090866565704345703e-04
1.319408416748046875e-03
1.370728015899658203e-03
2.241656184196472168e-02
2.241992950439453125e-02
2.577751874923706055e-03
4.514932632446289062e-03
5.692243576049804688e-04
1.885354518890380859e-02
2.065515518188476562e-02
5.559027194976806641e-04
2.004060149192810059e-02
1.701375842094421387e-02
1.013970375061035156e-02
5.558431148529052734e-04
5.325794219970703125e-03
6.054937839508056641e-04
2.241247892379760742e-02
1.407972872257232666e-01
1.407972872257232666e-01
9.768933057785034180e-03
9.768933057785034180e-03
7.778465747833251953e-03
8.591067790985107422e-02
1.407972872257232666e-01
9.769678115844726562e-03
9.769290685653686523e-03
3.339797258377075195e-03
2.273321151733398438e-03
1.407972872257232666e-01
7.432073354721069336e-03
9.768933057785034180e-03
1.407972872257232666e-01
9.837359189987182617e-03
5.967774987220764160e-02
1.150503754615783691e-02
9.768933057785034180e-03
9.768933057785034180e-03
9.769231081008911133e-03
9.771078824996948242e-03
9.768933057785034180e-03
1.407972872257232666e-01
9.769082069396972656e-03
9.400993585586547852e-03
1.407972872257232666e-01
9.768933057785034180e-03
6.804674863815307617e-03
9.768933057785034180e-03
9.768933057785034180e-03
7.122308015823364258e-02
9.768933057785034180e-03
9.768933057785034180e-03
5.558431148529052734e-04
5.551576614379882812e-04
2.540618181228637695e-03
1.585811376571655273e-03
5.558729171752929688e-04
1.032429933547973633e-02
1.605859398841857910e-02
1.127064228057861328e-03
2.253770828247070312e-03
1.612544059753417969e-03
1.532107591629028320e-03
1.386791467666625977e-03
1.385897397994995117e-03
1.123666763305664062e-03
4.619598388671875000e-03
2.241247892379760742e-02
5.558431148529052734e-04
5.417168140411376953e-04
5.558729171752929688e-04
5.558431148529052734e-04
1.383274793624877930e-03
1.397699117660522461e-03
1.380980014801025391e-03
1.578211784362792969e-03
1.219779253005981445e-03
5.503296852111816406e-04
1.443669199943542480e-02
1.167505979537963867e-03
1.188069581985473633e-03
1.230984926223754883e-03
1.374810934066772461e-03
5.527973175048828125e-03
1.378536224365234375e-03
1.619338989257812500e-03
1.378446817398071289e-03
1.379489898681640625e-03
7.667660713195800781e-03
2.243748307228088379e-02
5.323886871337890625e-04
2.065962553024291992e-02
5.304515361785888672e-04
9.780764579772949219e-03
5.255043506622314453e-04
5.944579839706420898e-03
2.276957035064697266e-02
2.857887744903564453e-02
5.576467514038085938e-02
1.588347554206848145e-02
1.407972872257232666e-01
8.019390702247619629e-02
4.131048917770385742e-03
2.245622873306274414e-02
2.242672443389892578e-02
2.302259206771850586e-03
6.314516067504882812e-04
4.293203353881835938e-03
2.241250872611999512e-02
1.818570494651794434e-02
2.241247892379760742e-02
6.025165319442749023e-03
5.240738391876220703e-03
5.722641944885253906e-04
9.921878576278686523e-03
5.722045898437500000e-04
7.222592830657958984e-03
5.765259265899658203e-04
5.562901496887207031e-04
6.016194820404052734e-04
9.606182575225830078e-04
6.285905838012695312e-04
1.376479864120483398e-03
6.737381219863891602e-03
9.769201278686523438e-03
6.277349591255187988e-02
1.393167674541473389e-01
1.209738552570343018e-01
1.360222101211547852e-01
1.074853539466857910e-02
1.166415214538574219e-02
1.871508359909057617e-02
1.407972872257232666e-01
1.407972872257232666e-01
1.407972872257232666e-01
1.407972872257232666e-01
1.407972872257232666e-01
9.770482778549194336e-03
9.778171777725219727e-03
9.087771177291870117e-03
9.781539440155029297e-03
9.831935167312622070e-03
1.010029911994934082e-01
9.826153516769409180e-03
9.784072637557983398e-03
2.697557210922241211e-03
2.242597937583923340e-02
1.878023147583007812e-03
6.106764078140258789e-03
1.207083463668823242e-03
2.462932467460632324e-02
1.671195030212402344e-03
1.521772146224975586e-02
1.367536187171936035e-02
1.616775989532470703e-03
5.091726779937744141e-04
6.669759750366210938e-04
5.176663398742675781e-04
5.282461643218994141e-04
4.483759403228759766e-04
2.241417765617370605e-02
2.332583069801330566e-02
5.421638488769531250e-04
2.241450548171997070e-02
2.325183153152465820e-02
1.014158129692077637e-02
2.637833356857299805e-03
7.397025823593139648e-03
2.083331346511840820e-03
1.236701011657714844e-02
2.242857217788696289e-02
1.292270421981811523e-02
5.273938179016113281e-03
5.993247032165527344e-04
5.168318748474121094e-04
5.440413951873779297e-04
5.908608436584472656e-04
1.202553510665893555e-03
2.673149108886718750e-03
5.168020725250244141e-04
1.675993204116821289e-03
6.856828927993774414e-03
5.414485931396484375e-04
5.279779434204101562e-04
5.429387092590332031e-04
5.833804607391357422e-04
5.261003971099853516e-04
5.558431148529052734e-04
5.559921264648437500e-04
5.558431148529052734e-04
5.447566509246826172e-04
5.558729171752929688e-04
5.559623241424560547e-04
3.501880168914794922e-02
7.755756378173828125e-04
2.133280038833618164e-03
4.918843507766723633e-03
7.405400276184082031e-03
1.394212245941162109e-03
6.852626800537109375e-03
9.769856929779052734e-03
9.769022464752197266e-03
9.768933057785034180e-03
1.006010174751281738e-02
1.407972872257232666e-01
1.260296702384948730e-01
1.391106843948364258e-01
1.275593042373657227e-02
1.407972872257232666e-01
1.407972872257232666e-01
1.291948556900024414e-01
1.407972872257232666e-01
9.768933057785034180e-03
1.079687476158142090e-02
9.776651859283447266e-03
1.034820079803466797e-02
2.241247892379760742e-02
5.168020725250244141e-04
3.664791584014892578e-04
4.745721817016601562e-04
2.306878566741943359e-03
8.543133735656738281e-03
1.399338245391845703e-03
3.854840993881225586e-03
2.628117799758911133e-03
2.242574095726013184e-02
2.331089973449707031e-02
2.610608935356140137e-02
6.999582052230834961e-03
2.266955375671386719e-02
4.260092973709106445e-03
4.501581192016601562e-03
1.609623432159423828e-03
1.022815704345703125e-03
1.908418536186218262e-02
5.276203155517578125e-04
5.534589290618896484e-04
5.168020725250244141e-04
5.276501178741455078e-04
5.722641944885253906e-04
5.788505077362060547e-04
2.241331338882446289e-02
5.439221858978271484e-04
5.204081535339355469e-04
5.293786525726318359e-04
5.566775798797607422e-04
5.860328674316406250e-04
1.272979378700256348e-02
5.169212818145751953e-04
5.476474761962890625e-04
5.399882793426513672e-04
5.168020725250244141e-04
5.386769771575927734e-04
5.558431148529052734e-04
5.246102809906005859e-04
9.025990962982177734e-03
5.168020725250244141e-04
4.998892545700073242e-03
2.257138490676879883e-03
1.388162374496459961e-03
1.159965991973876953e-03
6.487965583801269531e-04
5.997121334075927734e-04
5.203783512115478516e-04
8.504986763000488281e-04
2.241405844688415527e-02
4.582166671752929688e-03
4.559755325317382812e-04
4.981160163879394531e-04
5.173087120056152344e-04
5.188286304473876953e-04
2.086052298545837402e-02
5.558431148529052734e-04
1.381188631057739258e-03
2.241247892379760742e-02
5.558431148529052734e-04
1.207053661346435547e-03
5.168318748474121094e-04
5.403459072113037109e-04
7.253885269165039062e-04
2.241259813308715820e-02
2.063000202178955078e-02
1.503312587738037109e-02
2.241247892379760742e-02
1.258331537246704102e-02
6.548404693603515625e-03
1.078993082046508789e-02
5.433857440948486328e-04
5.558431148529052734e-04
2.241247892379760742e-02
2.241247892379760742e-02
1.849204301834106445e-03
2.689838409423828125e-03
5.539000034332275391e-03
2.241247892379760742e-02
1.030704379081726074e-02
3.253608942031860352e-03
2.241247892379760742e-02
5.817592144012451172e-03
5.638957023620605469e-03
1.893073320388793945e-02
2.120167016983032227e-03
1.207590103149414062e-03
2.241247892379760742e-02
1.407972872257232666e-01
1.013180613517761230e-02
1.070722043514251709e-01
2.008381485939025879e-02
2.446117997169494629e-02
1.495152711868286133e-02
1.067000627517700195e-02
9.789466857910156250e-03
1.259503066539764404e-01
1.252809166908264160e-02
9.805500507354736328e-03
9.939491748809814453e-03
1.015201210975646973e-02
9.782433509826660156e-03
1.326411962509155273e-02
1.891320943832397461e-02
1.690590381622314453e-02
1.418542861938476562e-02
9.781956672668457031e-03
9.875655174255371094e-03
5.317330360412597656e-04
5.548596382141113281e-04
4.798173904418945312e-06
5.535781383514404297e-04
5.558431148529052734e-04
5.502760410308837891e-03
1.345777511596679688e-02
1.351785659790039062e-02
1.083910465240478516e-03
7.468461990356445312e-04
1.051455736160278320e-03
1.150733232498168945e-02
1.378774642944335938e-03
1.793265342712402344e-03
9.147197008132934570e-03
1.404941082000732422e-03
2.314537763595581055e-03
1.419782638549804688e-03
5.254328250885009766e-03
1.715838909149169922e-03
9.878575801849365234e-03
5.410313606262207031e-03
8.472442626953125000e-03
1.259416341781616211e-03
3.421548008918762207e-02
6.260275840759277344e-04
1.067498326301574707e-02
5.568861961364746094e-04
2.233535051345825195e-03
1.449510455131530762e-02
5.457699298858642578e-04
1.839458942413330078e-03
5.282998085021972656e-03
1.463592052459716797e-03
1.801759004592895508e-03
1.432687044143676758e-03
2.761274576187133789e-03
2.241891622543334961e-02
4.593431949615478516e-03
2.690434455871582031e-03
5.506277084350585938e-04
1.384764909744262695e-03
6.144613027572631836e-03
1.102787256240844727e-02
8.868968486785888672e-02
9.768933057785034180e-03
1.231166720390319824e-02
9.768992662429809570e-03
9.769111871719360352e-03
1.283049583435058594e-02
1.976656913757324219e-02
1.164224743843078613e-02
3.651160001754760742e-02
1.407972872257232666e-01
2.241376042366027832e-02
5.550384521484375000e-04
2.828121185302734375e-03
1.903951168060302734e-03
1.597523689270019531e-03
1.529961824417114258e-03
5.971789360046386719e-04
5.393624305725097656e-04
5.559921264648437500e-04
2.241247892379760742e-02
5.561709403991699219e-04
1.504659652709960938e-03
7.023274898529052734e-03
5.558431148529052734e-04
5.558431148529052734e-04
5.221962928771972656e-04
5.558431148529052734e-04
5.558431148529052734e-04
5.558431148529052734e-04
5.416274070739746094e-04
1.284301280975341797e-02
9.768933057785034180e-03
6.739795207977294922e-04
2.913683652877807617e-03
9.768933057785034180e-03
1.378268003463745117e-03
1.575410366058349609e-03
5.379915237426757812e-04
5.551874637603759766e-04
1.451253890991210938e-03
1.189947128295898438e-03
1.388311386108398438e-03
1.548290252685546875e-03
1.382887363433837891e-03
3.518760204315185547e-03
1.622110605239868164e-03
2.867579460144042969e-03
7.454663515090942383e-03
9.790390729904174805e-03
2.524855732917785645e-02
1.707971096038818359e-03
2.769172191619873047e-03
1.682996749877929688e-03
1.433879137039184570e-03
2.241304516792297363e-02
6.118029356002807617e-03
1.056000590324401855e-02
2.241545915603637695e-02
1.725137233734130859e-03
2.211719751358032227e-03
1.298815011978149414e-03
7.402956485748291016e-03
2.477055788040161133e-02
2.989798784255981445e-03
2.242621779441833496e-02
1.736146211624145508e-02
1.407972872257232666e-01
1.303929090499877930e-02
2.241247892379760742e-02
2.243357896804809570e-02
2.242320775985717773e-02
2.241572737693786621e-02
1.026090979576110840e-02
5.424618721008300781e-04
5.376935005187988281e-04
2.241250872611999512e-02
5.558729171752929688e-04
5.499720573425292969e-04
5.559027194976806641e-04
5.559027194976806641e-04
5.560815334320068359e-04
5.559325218200683594e-04
2.241247892379760742e-02
5.558729171752929688e-04
5.559325218200683594e-04
2.241247892379760742e-02
6.506443023681640625e-04
5.558729171752929688e-04
7.562339305877685547e-04
5.535781383514404297e-04
5.169212818145751953e-04
5.390048027038574219e-04
5.168318748474121094e-04
5.558431148529052734e-04
5.558431148529052734e-04
5.558431148529052734e-04
9.768933057785034180e-03
5.559027194976806641e-04
5.511641502380371094e-04
1.382797956466674805e-03
2.241268754005432129e-02
5.558431148529052734e-04
1.342505216598510742e-03
1.378923654556274414e-03
1.380532979965209961e-03
1.966238021850585938e-03
5.558431148529052734e-04
6.243586540222167969e-04
1.428276300430297852e-03
9.786218404769897461e-03
5.558431148529052734e-04
5.559027194976806641e-04
1.378566026687622070e-03
2.241247892379760742e-02
1.407972872257232666e-01
2.241247892379760742e-02
1.325577497482299805e-03
8.151531219482421875e-04
2.036690711975097656e-03
9.768933057785034180e-03
9.768933057785034180e-03
8.642673492431640625e-07
9.779900312423706055e-03
2.895385026931762695e-03
1.853424310684204102e-02
1.288512647151947021e-01
6.164908409118652344e-02
1.063301861286163330e-01
6.411540508270263672e-02
1.248260438442230225e-01
8.116620779037475586e-02
5.466309189796447754e-02
6.866326928138732910e-02
1.101732254028320312e-02
1.758357882499694824e-02
8.841797709465026855e-02
9.090051054954528809e-02
3.107896447181701660e-02
1.407972872257232666e-01
9.409290552139282227e-02
1.407972872257232666e-01
9.774827957153320312e-02
1.382554769515991211e-01
1.253133416175842285e-01
6.984356045722961426e-02
1.407972872257232666e-01
1.368952393531799316e-01
1.407972872257232666e-01
1.407972872257232666e-01
1.407972872257232666e-01
8.995476365089416504e-02
1.407972872257232666e-01
1.305776536464691162e-01
2.429965138435363770e-02
5.485749244689941406e-02
1.370897591114044189e-01
1.407972872257232666e-01
5.596947669982910156e-02
1.407972872257232666e-01
1.382802128791809082e-01
9.703671932220458984e-02
9.413307905197143555e-02
7.798460125923156738e-02
1.407972872257232666e-01
1.632553339004516602e-02
1.407972872257232666e-01
9.768933057785034180e-03
9.769022464752197266e-03
9.768933057785034180e-03
9.768933057785034180e-03
1.411318778991699219e-03
1.455724239349365234e-03
1.409411430358886719e-03
1.392066478729248047e-03
1.392573118209838867e-03
5.558431148529052734e-04
1.504212617874145508e-03
5.559027194976806641e-04
5.403161048889160156e-04
1.471191644668579102e-03
5.510747432708740234e-04
5.259811878204345703e-04
1.388579607009887695e-03
1.310467720031738281e-03
1.387715339660644531e-03
1.193761825561523438e-03
9.780526161193847656e-04
2.140969038009643555e-03
3.766000270843505859e-03
5.559027194976806641e-04
5.270540714263916016e-04
1.187324523925781250e-03
1.166850328445434570e-03
1.380801200866699219e-03
5.516409873962402344e-04
1.382529735565185547e-03
6.112426519393920898e-03
1.989930868148803711e-03
3.074675798416137695e-03
2.871125936508178711e-03
1.437395811080932617e-03
1.114740967750549316e-02
1.832038164138793945e-03
6.536632776260375977e-03
2.092719078063964844e-03
9.018212556838989258e-03
9.344786405563354492e-03
2.241247892379760742e-02
5.168616771697998047e-04
2.241247892379760742e-02
1.568424701690673828e-02
5.190372467041015625e-04
4.110068082809448242e-03
6.016492843627929688e-04
5.168914794921875000e-04
4.984140396118164062e-04
1.801747083663940430e-02
5.515813827514648438e-04
6.966233253479003906e-03
1.010406017303466797e-02
6.160885095596313477e-03
4.379451274871826172e-04
5.168020725250244141e-04
5.508363246917724609e-04
6.090104579925537109e-04
1.946815848350524902e-02
5.798637866973876953e-04
5.168020725250244141e-04
1.197972893714904785e-02
1.007181406021118164e-02
6.154477596282958984e-04
6.154775619506835938e-04
1.332503557205200195e-02
5.793273448944091797e-04
5.787312984466552734e-04
5.722045898437500000e-04
5.731582641601562500e-04
5.785226821899414062e-04
5.746781826019287109e-04
7.342696189880371094e-04
9.770959615707397461e-03
4.798388481140136719e-02
1.220153570175170898e-01
3.785154223442077637e-02
6.423112750053405762e-02
1.052919030189514160e-02
1.673376560211181641e-02
6.851047277450561523e-03
9.810209274291992188e-03
4.607313871383666992e-02
9.794324636459350586e-03
5.862829089164733887e-02
2.713096141815185547e-02
1.637873053550720215e-02
1.349520683288574219e-02
9.825497865676879883e-03
2.759033441543579102e-02
3.202497959136962891e-02
6.192544102668762207e-02
5.806511640548706055e-02
9.778350591659545898e-03
9.780585765838623047e-03
1.090091466903686523e-02
9.773075580596923828e-03
9.890377521514892578e-03
1.040819287300109863e-02
7.243680953979492188e-02
1.407972872257232666e-01
1.290614008903503418e-01
1.069402694702148438e-02
9.783267974853515625e-03
9.775966405868530273e-03
9.780734777450561523e-03
9.876310825347900391e-03
1.407972872257232666e-01
1.407972872257232666e-01
9.768933057785034180e-03
3.920963406562805176e-02
1.727533340454101562e-02
5.192643404006958008e-02
7.423445582389831543e-02
6.883108615875244141e-02
3.640919923782348633e-02
1.363905072212219238e-01
2.837747335433959961e-03
1.714065670967102051e-02
9.809374809265136719e-03
1.407972872257232666e-01
1.752406358718872070e-03
5.558431148529052734e-04
5.558431148529052734e-04
5.558431148529052734e-04
5.558431148529052734e-04
6.031990051269531250e-04
2.216517925262451172e-03
6.058216094970703125e-04
1.024067401885986328e-03
4.349291324615478516e-03
1.402483284473419189e-01
1.380085945129394531e-01
8.069634437561035156e-03
2.241256833076477051e-02
9.769678115844726562e-03
1.383095979690551758e-03
1.378417015075683594e-03
2.241250872611999512e-02
2.246677875518798828e-02
4.391402006149291992e-03
3.549933433532714844e-03
1.378417015075683594e-03
3.281503915786743164e-03
1.893851161003112793e-02
3.817558288574218750e-03
2.617746591567993164e-03
2.595275640487670898e-03
2.358049154281616211e-03
2.165794372558593750e-03
3.260970115661621094e-03
1.432687044143676758e-03
1.414686441421508789e-03
5.517601966857910156e-04
2.055853605270385742e-03
1.387238502502441406e-03
1.441359519958496094e-03
1.027095317840576172e-02
4.434078931808471680e-02
9.876012802124023438e-03
1.307082176208496094e-02
2.341109514236450195e-02
9.773254394531250000e-03
9.985923767089843750e-03
2.130270004272460938e-03
1.604646444320678711e-03
2.342671155929565430e-03
1.386731863021850586e-03
1.508414745330810547e-03
1.276820898056030273e-03
1.207083463668823242e-03
9.771555662155151367e-03
2.836406230926513672e-03
1.229789853096008301e-02
2.044081687927246094e-03
4.579126834869384766e-03
9.780466556549072266e-03
4.541516304016113281e-03
1.437932252883911133e-03
9.770393371582031250e-03
2.570539712905883789e-03
9.828865528106689453e-03
9.772598743438720703e-03
5.389630794525146484e-03
3.440359234809875488e-02
9.998738765716552734e-03
2.482473850250244141e-03
1.613259315490722656e-03
2.243220806121826172e-02
5.502492189407348633e-03
6.130397319793701172e-03
5.336105823516845703e-04
7.758468389511108398e-03
5.168318748474121094e-04
5.111396312713623047e-04
5.255639553070068359e-04
5.310475826263427734e-04
6.309121847152709961e-03
2.241247892379760742e-02
5.783140659332275391e-04
5.483031272888183594e-04
9.768933057785034180e-03
9.769320487976074219e-03
4.484444856643676758e-03
2.657794952392578125e-02
1.016102731227874756e-01
1.407972872257232666e-01
1.407972872257232666e-01
1.407972872257232666e-01
1.407972872257232666e-01
4.345545172691345215e-02
6.686910986900329590e-02
1.407972872257232666e-01
1.407972872257232666e-01
1.407972872257232666e-01
1.070106327533721924e-01
4.237571358680725098e-02
2.005308866500854492e-02
9.770900011062622070e-03
9.771525859832763672e-03
1.407972872257232666e-01
1.407972872257232666e-01
1.407972872257232666e-01
1.090326905250549316e-02
9.768933057785034180e-03
9.768933057785034180e-03
9.768933057785034180e-03
9.768933057785034180e-03
9.768933057785034180e-03
9.520411491394042969e-03
8.046627044677734375e-07
9.768933057785034180e-03
9.771257638931274414e-03
1.146135628223419189e-01
1.195362210273742676e-02
1.407972872257232666e-01
7.605880498886108398e-03
1.213225722312927246e-02
1.080542802810668945e-02
1.189962029457092285e-01
4.132598638534545898e-02
1.288298666477203369e-01
1.407972872257232666e-01
1.407972872257232666e-01
8.232882618904113770e-02
1.407972872257232666e-01
4.233816266059875488e-02
1.407972872257232666e-01
1.407972872257232666e-01
5.567240715026855469e-02
3.798988461494445801e-02
2.401611208915710449e-02
2.315637469291687012e-02
7.322236895561218262e-02
6.879726052284240723e-02
1.774558424949645996e-02
8.388459682464599609e-04
1.348972320556640625e-03
4.223239421844482422e-02
1.485437154769897461e-03
1.140189170837402344e-02
5.558431148529052734e-04
5.559623241424560547e-04
5.567073822021484375e-04
6.263524293899536133e-03
4.642933607101440430e-03
2.242344617843627930e-02
5.369782447814941406e-04
5.559027194976806641e-04
2.241250872611999512e-02
5.558729171752929688e-04
5.558431148529052734e-04
5.558431148529052734e-04
5.558431148529052734e-04
5.558431148529052734e-04
5.558431148529052734e-04
5.269050598144531250e-04
5.558431148529052734e-04
5.188584327697753906e-04
5.532801151275634766e-04
5.414187908172607422e-04
5.558431148529052734e-04
5.558431148529052734e-04
5.558431148529052734e-04
5.559921264648437500e-04
5.559623241424560547e-04
5.536377429962158203e-04
8.026659488677978516e-04
7.335215806961059570e-03
9.768933057785034180e-03
9.769052267074584961e-03
9.768992662429809570e-03
9.769141674041748047e-03
9.768933057785034180e-03
1.407972872257232666e-01
1.407972872257232666e-01
8.951544761657714844e-03
9.769529104232788086e-03
9.769082069396972656e-03
9.852945804595947266e-03
9.769797325134277344e-03
1.002857089042663574e-02
9.775578975677490234e-03
9.801596403121948242e-03
9.771645069122314453e-03
9.800642728805541992e-03
1.676151156425476074e-02
1.037204265594482422e-02
1.407972872257232666e-01
1.381601393222808838e-01
1.407972872257232666e-01
1.407972872257232666e-01
2.871543169021606445e-03
1.407972872257232666e-01
1.407972872257232666e-01
2.693748474121093750e-02
1.407972872257232666e-01
1.407972872257232666e-01
1.215332448482513428e-01
1.206788420677185059e-02
1.068156957626342773e-02
2.978399395942687988e-02
1.165965199470520020e-02
2.812060713768005371e-02
1.407972872257232666e-01
4.846048355102539062e-02
2.954798936843872070e-02
1.640552282333374023e-02
1.206803321838378906e-02
1.318705081939697266e-02
1.973623037338256836e-02
1.763096451759338379e-02
1.407972872257232666e-01
1.407972872257232666e-01
1.407972872257232666e-01
1.407972872257232666e-01
1.407972872257232666e-01
1.407972872257232666e-01
9.772986173629760742e-03
9.806057810783386230e-02
1.407972872257232666e-01
1.407972872257232666e-01
1.213887333869934082e-02
1.407972872257232666e-01
1.116757690906524658e-01
5.869057774543762207e-02
1.134273409843444824e-02
1.407972872257232666e-01
1.305953562259674072e-01
1.407972872257232666e-01
1.263554096221923828e-01
9.768933057785034180e-03
9.768933057785034180e-03
1.407972872257232666e-01
6.940066814422607422e-03
1.065593957901000977e-02
1.407972872257232666e-01
1.625716686248779297e-02
1.407972872257232666e-01
1.407972872257232666e-01
5.411407351493835449e-02
1.407972872257232666e-01
1.407972872257232666e-01
1.407972872257232666e-01
5.650708079338073730e-02
5.142635107040405273e-02
1.407972872257232666e-01
1.407972872257232666e-01
8.196651935577392578e-02
3.169119358062744141e-02
1.407972872257232666e-01
8.634150028228759766e-02
1.407972872257232666e-01
1.233110427856445312e-01
5.710661411285400391e-03
9.149104356765747070e-03
8.296936750411987305e-03
8.156120777130126953e-03
8.354961872100830078e-03
6.069540977478027344e-04
7.206797599792480469e-04
5.388259887695312500e-04
5.469590425491333008e-03
5.426704883575439453e-04
5.168318748474121094e-04
5.417466163635253906e-04
5.739033222198486328e-04
5.168020725250244141e-04
4.845440387725830078e-03
5.168616771697998047e-04
4.162669181823730469e-03
5.446076393127441406e-04
5.722343921661376953e-04
5.354881286621093750e-04
5.624890327453613281e-04
5.396306514739990234e-04
5.845129489898681641e-04
6.262063980102539062e-04
3.161731362342834473e-02
5.168318748474121094e-04
1.703920960426330566e-02
2.617180347442626953e-03
9.995877742767333984e-03
1.330375671386718750e-03
4.616677761077880859e-04
2.794802188873291016e-03
3.605186939239501953e-04
4.136502742767333984e-03
5.543231964111328125e-04
5.607008934020996094e-04
5.277693271636962891e-04
5.558431148529052734e-04
5.558431148529052734e-04
5.558431148529052734e-04
5.428194999694824219e-04
4.539370536804199219e-03
2.235898375511169434e-02
2.206385135650634766e-03
5.168318748474121094e-04
5.168914794921875000e-04
5.168020725250244141e-04
5.168020725250244141e-04
5.168020725250244141e-04
5.462169647216796875e-04
5.167424678802490234e-04
5.538165569305419922e-04
5.167424678802490234e-04
5.311965942382812500e-04
5.168020725250244141e-04
5.512833595275878906e-04
5.168318748474121094e-04
5.168318748474121094e-04
5.168616771697998047e-04
5.263090133666992188e-04
5.168318748474121094e-04
5.270838737487792969e-04
5.168020725250244141e-04
2.153247594833374023e-03
5.829334259033203125e-04
5.658566951751708984e-04
5.570054054260253906e-04
5.168318748474121094e-04
5.534291267395019531e-04
5.168020725250244141e-04
5.498528480529785156e-04
1.456022262573242188e-03
5.533397197723388672e-04
5.178153514862060547e-04
1.350253820419311523e-03
1.505345106124877930e-03
1.427501440048217773e-03
1.851469278335571289e-03
1.525938510894775391e-03
1.606732606887817383e-03
1.885890960693359375e-02
5.169510841369628906e-04
4.450976848602294922e-04
1.344472169876098633e-03
5.596876144409179688e-04
1.294732093811035156e-03
8.135735988616943359e-04
1.420378684997558594e-03
1.384168863296508789e-03
2.261376380920410156e-02
1.352754235267639160e-02
7.295310497283935547e-04
5.708634853363037109e-04
2.244260907173156738e-02
5.352795124053955078e-04
3.593018651008605957e-02
1.205308437347412109e-01
8.513218164443969727e-02
6.664693355560302734e-03
2.537205815315246582e-02
6.143873929977416992e-02
1.034336090087890625e-01
6.407529115676879883e-03
2.401611208915710449e-02
2.031087875366210938e-03
7.960975170135498047e-03
9.183585643768310547e-04
1.320132017135620117e-01
1.841813325881958008e-03
2.740192413330078125e-02
5.521386861801147461e-03
6.241500377655029297e-04
8.434444665908813477e-03
8.911997079849243164e-03
7.771849632263183594e-04
8.375048637390136719e-04
1.110073029994964600e-01
4.945367574691772461e-03
1.086657047271728516e-01
9.768933057785034180e-03
9.768933057785034180e-03
8.272853493690490723e-02
8.250361680984497070e-02
9.846568107604980469e-03
1.393291354179382324e-01
1.000881195068359375e-02
4.257676005363464355e-02
1.407972872257232666e-01
1.407972872257232666e-01
1.407972872257232666e-01
1.407972872257232666e-01
1.407972872257232666e-01
9.697064757347106934e-02
1.407972872257232666e-01
1.407972872257232666e-01
1.407972872257232666e-01
1.407972872257232666e-01
5.550387501716613770e-02
9.797662496566772461e-03
9.776264429092407227e-03
1.075831055641174316e-02
9.790629148483276367e-03
6.910407543182373047e-02
2.085757255554199219e-02
5.496633052825927734e-02
1.093379855155944824e-01
6.829082965850830078e-02
1.407972872257232666e-01
1.407747268676757812e-01
1.858365535736083984e-02
3.534626960754394531e-02
5.325451493263244629e-02
1.557281613349914551e-02
8.051306009292602539e-03
1.855707168579101562e-02
2.154219150543212891e-02
1.742091774940490723e-02
5.513727664947509766e-04
5.168616771697998047e-04
5.168318748474121094e-04
5.167424678802490234e-04
5.174279212951660156e-04
5.168616771697998047e-04
5.168020725250244141e-04
5.212128162384033203e-04
5.330741405487060547e-04
5.168020725250244141e-04
5.450546741485595703e-04
5.619227886199951172e-04
5.436837673187255859e-04
5.168020725250244141e-04
7.755756378173828125e-04
6.078779697418212891e-04
9.140670299530029297e-04
5.247294902801513672e-04
2.241247892379760742e-02
5.167424678802490234e-04
5.168616771697998047e-04
5.478262901306152344e-04
5.168318748474121094e-04
5.005508661270141602e-03
5.459487438201904297e-04
5.558431148529052734e-04
5.558431148529052734e-04
5.562305450439453125e-04
1.378774642944335938e-03
5.277395248413085938e-04
1.336544752120971680e-03
2.241247892379760742e-02
2.689808607101440430e-03
2.241247892379760742e-02
1.380532979965209961e-03
2.241247892379760742e-02
2.446830272674560547e-03
1.426190137863159180e-03
1.695513725280761719e-03
1.381099224090576172e-03
2.795875072479248047e-03
1.546114683151245117e-03
1.435101032257080078e-03
1.378834247589111328e-03
1.420944929122924805e-03
1.253485679626464844e-03
1.464098691940307617e-03
4.327952861785888672e-03
2.689778804779052734e-03
1.381725072860717773e-03
5.939304828643798828e-04
9.751021862030029297e-04
5.401372909545898438e-04
5.168318748474121094e-04
7.086694240570068359e-04
1.351943612098693848e-02
5.407929420471191406e-04
5.272328853607177734e-04
1.111036539077758789e-02
7.824659347534179688e-03
5.351603031158447266e-04
5.503892898559570312e-04
3.278225660324096680e-03
3.837227821350097656e-03
6.994783878326416016e-03
5.243122577667236328e-04
7.094979286193847656e-03
1.320180296897888184e-02
2.243605256080627441e-02
4.366418719291687012e-02
5.558431148529052734e-04
5.482137203216552734e-04
5.168318748474121094e-04
5.214810371398925781e-04
1.686447858810424805e-02
7.573127746582031250e-03
5.168318748474121094e-04
5.356967449188232422e-04
5.168020725250244141e-04
4.305541515350341797e-04
5.512237548828125000e-04
1.378238201141357422e-03
5.439817905426025391e-04
2.241247892379760742e-02
7.830560207366943359e-04
5.481839179992675781e-04
5.414485931396484375e-04
1.743242144584655762e-02
2.241247892379760742e-02
5.744993686676025391e-04
5.463361740112304688e-04
1.211971044540405273e-03
1.772865653038024902e-02
5.657583475112915039e-03
2.465403079986572266e-02
6.464001536369323730e-02
2.347749471664428711e-02
1.519045233726501465e-02
1.749992370605468750e-02
1.394310593605041504e-02
4.267603158950805664e-03
1.266986131668090820e-03
9.291440248489379883e-03
8.383750915527343750e-03
5.444049835205078125e-03
2.050015330314636230e-02
1.389682292938232422e-03
8.112788200378417969e-04
1.509338617324829102e-03
8.151710033416748047e-03
5.558431148529052734e-04
5.558431148529052734e-04
5.559325218200683594e-04
5.561113357543945312e-04
7.756948471069335938e-04
9.770750999450683594e-03
9.769022464752197266e-03
9.769260883331298828e-03
9.768933057785034180e-03
9.780913591384887695e-03
1.407972872257232666e-01
1.014447212219238281e-02
8.599433302879333496e-02
1.407972872257232666e-01
1.322835683822631836e-02
1.407972872257232666e-01
8.094620704650878906e-02
1.407972872257232666e-01
3.118869662284851074e-02
1.251035928726196289e-02
1.891320943832397461e-02
1.407972872257232666e-01
9.858250617980957031e-03
1.071634888648986816e-02
9.272450208663940430e-02
9.897410869598388672e-03
5.005210638046264648e-03
4.626929759979248047e-03
3.307700157165527344e-03
2.159342169761657715e-02
2.241271734237670898e-02
2.119868993759155273e-03
1.439571380615234375e-03
1.475334167480468750e-03
2.508193254470825195e-03
1.415222883224487305e-03
2.243524789810180664e-02
6.860524415969848633e-03
5.658984184265136719e-03
5.559027194976806641e-04
7.070004940032958984e-04
5.589723587036132812e-04
1.676559448242187500e-03
1.331028342247009277e-02
2.241367101669311523e-02
1.632300019264221191e-02
5.449950695037841797e-04
9.464025497436523438e-04
7.777214050292968750e-04
9.707510471343994141e-04
9.596854448318481445e-03
4.126310348510742188e-03
7.239907979965209961e-03
5.438804626464843750e-03
2.970284223556518555e-02
5.568861961364746094e-04
1.407972872257232666e-01
7.692524790763854980e-02
8.561468124389648438e-02
1.213580369949340820e-03
9.881713986396789551e-02
7.994174957275390625e-04
9.797155857086181641e-03
9.938240051269531250e-03
1.060295104980468750e-02
9.857416152954101562e-03
2.921095490455627441e-02
1.135534048080444336e-02
9.769797325134277344e-03
9.768933057785034180e-03
1.407972872257232666e-01
1.407972872257232666e-01
1.407972872257232666e-01
1.334746181964874268e-01
1.407972872257232666e-01
1.577374339103698730e-02
6.672337651252746582e-02
7.913261651992797852e-02
1.058933138847351074e-02
1.407972872257232666e-01
3.423050045967102051e-02
1.494628190994262695e-02
1.342197954654693604e-01
1.407972872257232666e-01
1.407972872257232666e-01
1.631200313568115234e-02
9.771168231964111328e-03
3.465408086776733398e-02
3.219693899154663086e-03
1.518070697784423828e-02
2.589255571365356445e-03
1.611426472663879395e-02
1.273021101951599121e-02
8.687794208526611328e-03
5.739033222198486328e-04
5.324482917785644531e-04
2.241244912147521973e-02
2.401611208915710449e-02
1.407972872257232666e-01
2.022552490234375000e-02
1.925635337829589844e-02
1.407972872257232666e-01
8.474797010421752930e-02
1.347217559814453125e-01
4.824990034103393555e-02
6.636774539947509766e-02
5.600607395172119141e-02
1.237326860427856445e-02
8.303105831146240234e-03
1.407972872257232666e-01
2.530908584594726562e-02
1.432922482490539551e-02
1.908898353576660156e-03
1.478582620620727539e-03
1.051753759384155273e-03
1.444309949874877930e-03
1.434415578842163086e-03
2.497315406799316406e-03
2.362608909606933594e-03
1.092016696929931641e-02
1.502275466918945312e-03
5.831420421600341797e-04
5.428791046142578125e-04
5.925893783569335938e-04
5.829930305480957031e-04
5.722045898437500000e-04
5.721449851989746094e-04
5.721449851989746094e-04
5.392432212829589844e-04
1.277807354927062988e-02
5.169212818145751953e-04
5.642473697662353516e-04
6.091296672821044922e-04
5.724728107452392578e-04
5.239248275756835938e-04
5.355179309844970703e-04
6.026327610015869141e-04
5.769431591033935547e-04
5.476474761962890625e-04
5.183815956115722656e-04
5.168616771697998047e-04
5.558431148529052734e-04
5.167424678802490234e-04
5.168616771697998047e-04
5.691051483154296875e-04
4.781484603881835938e-04
4.230141639709472656e-04
4.202723503112792969e-04
5.558431148529052734e-04
5.175471305847167969e-04
1.831263303756713867e-03
8.612596988677978516e-02
9.978532791137695312e-03
1.064974069595336914e-02
8.444428443908691406e-03
3.206408023834228516e-02
4.447329044342041016e-02
1.018640398979187012e-02
9.986847639083862305e-03
2.661439776420593262e-02
1.407972872257232666e-01
1.611971855163574219e-02
7.040089368820190430e-02
1.106611192226409912e-01
1.131984889507293701e-01
3.796547651290893555e-03
3.389179706573486328e-03
9.322038292884826660e-02
2.905130386352539062e-03
1.006481051445007324e-02
2.488389611244201660e-02
9.773701429367065430e-03
1.149410009384155273e-02
1.407972872257232666e-01
1.374512314796447754e-01
9.768933057785034180e-03
8.844107389450073242e-02
8.173206448554992676e-02
1.202597618103027344e-01
9.768933057785034180e-03
9.302714467048645020e-02
9.768933057785034180e-03
8.153340220451354980e-02
9.768933057785034180e-03
9.768933057785034180e-03
9.768933057785034180e-03
1.517477631568908691e-02
3.673020005226135254e-02
1.160788536071777344e-02
1.966318488121032715e-02
3.094014525413513184e-02
9.769469499588012695e-03
1.154765486717224121e-02
9.777694940567016602e-03
7.755756378173828125e-04
2.200484275817871094e-03
2.849131822586059570e-03
7.118970155715942383e-03
1.002553105354309082e-02
9.781062602996826172e-03
9.781807661056518555e-03
7.219016551971435547e-04
1.047247648239135742e-02
9.886145591735839844e-03
1.017627120018005371e-02
1.407972872257232666e-01
9.806245565414428711e-03
1.407972872257232666e-01
1.407972872257232666e-01
5.576521158218383789e-03
5.956813693046569824e-02
6.385779380798339844e-02
1.407972872257232666e-01
7.672327756881713867e-02
1.407972872257232666e-01
3.548622131347656250e-03
1.180699467658996582e-02
9.325864911079406738e-02
8.230513334274291992e-02
1.407972872257232666e-01
1.200027763843536377e-01
6.348398327827453613e-02
6.644269824028015137e-02
1.407972872257232666e-01
1.407972872257232666e-01
1.136865615844726562e-01
4.654422402381896973e-02
1.407972872257232666e-01
1.407972872257232666e-01
1.297214329242706299e-01
9.647068381309509277e-02
1.794061064720153809e-02
7.848411798477172852e-03
5.658578872680664062e-02
1.407972872257232666e-01
1.925837993621826172e-02
1.323699951171875000e-03
5.485117435455322266e-04
5.398988723754882812e-04
5.169212818145751953e-04
1.396059989929199219e-03
1.480609178543090820e-03
1.488408446311950684e-02
7.339984178543090820e-03
9.771585464477539062e-03
9.769260883331298828e-03
1.580679416656494141e-02
9.875178337097167969e-03
9.917706251144409180e-03
3.889030218124389648e-02
2.999791502952575684e-02
1.970279216766357422e-02
2.241915464401245117e-02
5.807429552078247070e-02
9.773522615432739258e-03
9.854793548583984375e-03
8.445441722869873047e-03
9.769618511199951172e-03
3.199237585067749023e-02
9.793460369110107422e-03
9.786009788513183594e-03
4.836827516555786133e-03
1.400977373123168945e-03
1.815974712371826172e-03
2.344995737075805664e-03
3.880411386489868164e-03
8.101761341094970703e-03
1.122441887855529785e-02
5.824774503707885742e-03
3.107523918151855469e-02
9.306922554969787598e-02
2.611193060874938965e-02
9.976089000701904297e-03
3.914663195610046387e-02
1.006612181663513184e-02
4.930073022842407227e-02
1.295021176338195801e-02
3.847739100456237793e-02
1.099351048469543457e-02
1.899302005767822266e-03
5.710434913635253906e-02
2.196350693702697754e-02
1.407972872257232666e-01
3.600627183914184570e-03
7.755756378173828125e-04
2.126067876815795898e-03
1.316336095333099365e-01
8.338588476181030273e-02
6.997585296630859375e-04
5.494922399520874023e-03
7.755756378173828125e-04
1.074885427951812744e-01
9.768933057785034180e-03
1.403232216835021973e-01
9.768933057785034180e-03
6.723523139953613281e-02
1.407972872257232666e-01
1.708951592445373535e-02
1.407972872257232666e-01
1.407972872257232666e-01
1.407972872257232666e-01
7.153771817684173584e-02
1.891321502625942230e-02
1.407973170280456543e-01
1.189769655466079712e-01
