3.821985721588134766e-01
3.821985721588134766e-01
3.821985721588134766e-01
3.821985721588134766e-01
3.821985721588134766e-01
3.821985721588134766e-01
3.821985721588134766e-01
3.821985721588134766e-01
3.821985721588134766e-01
3.821985721588134766e-01
3.821985721588134766e-01
3.821985721588134766e-01
3.821985721588134766e-01
3.821985721588134766e-01
3.821985721588134766e-01
3.821985721588134766e-01
3.821985721588134766e-01
3.819423317909240723e-01
3.821985721588134766e-01
3.818967640399932861e-01
3.815023005008697510e-01
3.816706240177154541e-01
2.405462265014648438e-01
3.821985721588134766e-01
3.813725113868713379e-01
3.821985721588134766e-01
3.821985721588134766e-01
3.821985721588134766e-01
3.821985721588134766e-01
3.821985721588134766e-01
3.821985721588134766e-01
3.821985721588134766e-01
3.821985721588134766e-01
3.821985721588134766e-01
2.702671289443969727e-01
3.821985721588134766e-01
3.757982552051544189e-01
3.821985721588134766e-01
3.596428334712982178e-01
3.821985721588134766e-01
3.821985721588134766e-01
3.821985721588134766e-01
3.821985721588134766e-01
3.752475380897521973e-01
3.820551931858062744e-01
3.750439286231994629e-01
3.783355355262756348e-01
3.769078850746154785e-01
3.821985721588134766e-01
3.821985721588134766e-01
3.821985721588134766e-01
3.821985721588134766e-01
3.821985721588134766e-01
3.821985721588134766e-01
3.821985721588134766e-01
3.821985721588134766e-01
3.821985721588134766e-01
3.821985721588134766e-01
3.821985721588134766e-01
3.821985721588134766e-01
2.854922413825988770e-01
2.684282958507537842e-01
3.821985721588134766e-01
3.819352984428405762e-01
2.930713295936584473e-01
3.821985721588134766e-01
2.703325748443603516e-01
3.821985721588134766e-01
3.819908201694488525e-01
3.821985721588134766e-01
2.650554776191711426e-01
3.821985721588134766e-01
2.860094010829925537e-01
3.821985721588134766e-01
2.783359885215759277e-01
3.804156184196472168e-01
2.811655402183532715e-01
3.817820847034454346e-01
3.339856863021850586e-01
2.874844372272491455e-01
2.781612873077392578e-01
2.819185256958007812e-01
3.821985721588134766e-01
3.734585940837860107e-01
2.769841551780700684e-01
3.820701539516448975e-01
3.821985721588134766e-01
2.866702973842620850e-01
2.923181056976318359e-01
2.749738097190856934e-01
3.783355355262756348e-01
3.821985721588134766e-01
2.681626081466674805e-01
3.783355355262756348e-01
2.789834141731262207e-01
3.814654052257537842e-01
3.821985721588134766e-01
3.821985721588134766e-01
3.821985721588134766e-01
3.782486617565155029e-01
2.561272978782653809e-01
3.821985721588134766e-01
3.820061385631561279e-01
3.818986117839813232e-01
3.821985721588134766e-01
3.821985721588134766e-01
3.821985721588134766e-01
3.821985721588134766e-01
3.783355355262756348e-01
3.821985721588134766e-01
3.821985721588134766e-01
3.821985721588134766e-01
3.821985721588134766e-01
3.595961332321166992e-01
3.782407641410827637e-01
3.821985721588134766e-01
3.821985721588134766e-01
3.821985721588134766e-01
3.821985721588134766e-01
3.821395337581634521e-01
3.821985721588134766e-01
2.650105357170104980e-01
3.821985721588134766e-01
3.821489512920379639e-01
3.821985721588134766e-01
3.821985721588134766e-01
3.821985721588134766e-01
3.696918785572052002e-01
3.821985721588134766e-01
3.821985721588134766e-01
2.745864093303680420e-01
3.821985721588134766e-01
3.821985721588134766e-01
3.821985721588134766e-01
3.821985721588134766e-01
3.821985721588134766e-01
3.821985721588134766e-01
3.821985721588134766e-01
3.821985721588134766e-01
3.821985721588134766e-01
3.821985721588134766e-01
3.821985721588134766e-01
3.821985721588134766e-01
2.762866020202636719e-01
2.747785449028015137e-01
3.821985721588134766e-01
2.777588367462158203e-01
2.754297256469726562e-01
2.980753183364868164e-01
3.584734499454498291e-01
3.817861676216125488e-01
3.820491135120391846e-01
2.588905096054077148e-01
2.828837335109710693e-01
2.859956324100494385e-01
2.735347747802734375e-01
2.612851858139038086e-01
3.625428080558776855e-01
3.821985721588134766e-01
3.821985721588134766e-01
2.763750553131103516e-01
2.752953171730041504e-01
3.821238577365875244e-01
3.785736560821533203e-01
2.891434431076049805e-01
2.883129119873046875e-01
2.910546660423278809e-01
2.807519435882568359e-01
2.781755626201629639e-01
2.769506275653839111e-01
2.777647376060485840e-01
2.684560418128967285e-01
2.757461369037628174e-01
2.680119276046752930e-01
2.629044651985168457e-01
2.656551897525787354e-01
2.714267373085021973e-01
2.665607333183288574e-01
2.694207429885864258e-01
2.955597639083862305e-01
2.658292055130004883e-01
2.676996290683746338e-01
2.751293480396270752e-01
2.795250415802001953e-01
2.787745296955108643e-01
2.473087906837463379e-01
2.727323472499847412e-01
2.881204187870025635e-01
2.673420608043670654e-01
1.642118990421295166e-01
2.741622924804687500e-01
1.430031955242156982e-01
1.390618979930877686e-01
3.006967902183532715e-01
2.801684737205505371e-01
1.381370723247528076e-01
1.279993653297424316e-01
2.851898670196533203e-01
2.284106016159057617e-01
2.755327224731445312e-01
1.287087202072143555e-01
1.304831206798553467e-01
7.413253188133239746e-02
2.509865164756774902e-01
2.431154549121856689e-01
2.645370960235595703e-01
2.681778669357299805e-01
1.500229835510253906e-01
2.801544070243835449e-01
2.657520771026611328e-01
2.655268907546997070e-01
2.656558752059936523e-01
2.735386490821838379e-01
2.725738286972045898e-01
2.954536378383636475e-01
2.665522396564483643e-01
2.539821863174438477e-01
2.848358154296875000e-01
2.566291689872741699e-01
