2.172071039676666260e-01
2.034803032875061035e-01
2.623525261878967285e-01
2.379346191883087158e-01
2.590165436267852783e-01
2.255217432975769043e-01
2.590636610984802246e-01
2.694981694221496582e-01
2.616037428379058838e-01
2.564937472343444824e-01
2.467668056488037109e-01
2.015635371208190918e-01
2.295602262020111084e-01
1.984641551971435547e-01
2.484569251537322998e-01
2.611603140830993652e-01
2.593426406383514404e-01
2.916844487190246582e-01
2.549887299537658691e-01
2.876715660095214844e-01
2.615183591842651367e-01
2.297773361206054688e-01
2.589311003684997559e-01
1.847478449344635010e-01
1.756090521812438965e-01
2.444839477539062500e-01
2.139760255813598633e-01
2.296423614025115967e-01
2.484123408794403076e-01
2.747161686420440674e-01
2.360981404781341553e-01
2.300156950950622559e-01
2.366092801094055176e-01
2.556976675987243652e-01
2.322993278503417969e-01
2.537672519683837891e-01
2.297915816307067871e-01
2.305711209774017334e-01
2.399258315563201904e-01
2.092073559761047363e-01
2.087939977645874023e-01
2.220017015933990479e-01
2.148421406745910645e-01
2.153197526931762695e-01
1.977403461933135986e-01
2.094906270503997803e-01
1.952025592327117920e-01
1.981781125068664551e-01
1.808621883392333984e-01
1.876418888568878174e-01
1.948848962783813477e-01
1.946315467357635498e-01
1.779384315013885498e-01
1.622843444347381592e-01
1.950744986534118652e-01
2.437171936035156250e-01
2.187493145465850830e-01
2.103460133075714111e-01
2.047826349735260010e-01
2.027480006217956543e-01
2.294930219650268555e-01
1.859951913356781006e-01
2.052449584007263184e-01
1.868397593498229980e-01
1.983337998390197754e-01
2.044990360736846924e-01
1.993608176708221436e-01
2.017947733402252197e-01
1.946933269500732422e-01
2.052459716796875000e-01
2.004098296165466309e-01
2.128456830978393555e-01
2.020685970783233643e-01
2.002598941326141357e-01
2.147445678710937500e-01
2.052486240863800049e-01
2.046571075916290283e-01
2.059929668903350830e-01
2.000852227210998535e-01
2.052452862262725830e-01
2.005819976329803467e-01
2.866558432579040527e-01
2.019998431205749512e-01
2.227811813354492188e-01
2.264676988124847412e-01
2.562219202518463135e-01
3.621248602867126465e-01
1.781912744045257568e-01
2.403587400913238525e-01
2.137720286846160889e-01
2.283447682857513428e-01
2.159219682216644287e-01
2.450310289859771729e-01
1.836444139480590820e-01
1.670811772346496582e-01
2.700078487396240234e-01
2.058928608894348145e-01
1.689323186874389648e-01
1.811923980712890625e-01
2.150163352489471436e-01
1.957797408103942871e-01
1.859170496463775635e-01
2.073982656002044678e-01
1.820617318153381348e-01
2.111064195632934570e-01
2.290632128715515137e-01
2.354309856891632080e-01
1.849512457847595215e-01
2.126180231571197510e-01
2.003903687000274658e-01
2.015022337436676025e-01
2.429960072040557861e-01
2.915837764739990234e-01
1.977894306182861328e-01
2.162336707115173340e-01
2.047606110572814941e-01
2.707722187042236328e-01
2.209534347057342529e-01
2.614715695381164551e-01
1.844471395015716553e-01
2.002925872802734375e-01
2.312448024749755859e-01
2.389551699161529541e-01
2.217167317867279053e-01
2.748454213142395020e-01
2.546921372413635254e-01
2.761635184288024902e-01
2.449344992637634277e-01
2.398149371147155762e-01
2.398391067981719971e-01
2.580655515193939209e-01
2.504175305366516113e-01
2.393908202648162842e-01
2.695299386978149414e-01
2.421707212924957275e-01
2.290820777416229248e-01
2.690372169017791748e-01
2.444939613342285156e-01
2.758621871471405029e-01
2.482718527317047119e-01
2.430812418460845947e-01
2.677504718303680420e-01
2.431910037994384766e-01
2.851216197013854980e-01
2.518263757228851318e-01
2.289353609085083008e-01
2.505100965499877930e-01
2.680198550224304199e-01
2.388707995414733887e-01
2.219610512256622314e-01
2.296659350395202637e-01
2.304712235927581787e-01
2.890452742576599121e-01
2.138454020023345947e-01
2.554615139961242676e-01
2.597365379333496094e-01
2.340316772460937500e-01
2.556583881378173828e-01
2.678170204162597656e-01
2.320847213268280029e-01
2.180970907211303711e-01
2.112325131893157959e-01
2.835804522037506104e-01
2.288450598716735840e-01
2.505852282047271729e-01
2.092717885971069336e-01
2.361229360103607178e-01
2.348097562789916992e-01
2.159483134746551514e-01
2.046766579151153564e-01
2.579970955848693848e-01
2.771129012107849121e-01
2.304275929927825928e-01
2.428945004940032959e-01
2.451788187026977539e-01
2.028736174106597900e-01
3.036831021308898926e-01
2.339292168617248535e-01
2.424423694610595703e-01
2.313688695430755615e-01
2.548429071903228760e-01
2.285928428173065186e-01
2.550188899040222168e-01
2.246340215206146240e-01
1.969393491744995117e-01
2.019186019897460938e-01
2.306848764419555664e-01
2.596505880355834961e-01
2.298477292060852051e-01
2.373027801513671875e-01
3.096039295196533203e-01
1.886270940303802490e-01
2.938763499259948730e-01
1.891627311706542969e-01
2.074225842952728271e-01
3.146711289882659912e-01
2.470410168170928955e-01
2.228436768054962158e-01
2.823492586612701416e-01
2.484631836414337158e-01
2.485046982765197754e-01
2.424214482307434082e-01
2.285156846046447754e-01
2.279640436172485352e-01
2.297292947769165039e-01
2.309811115264892578e-01
2.312988638877868652e-01
2.670264542102813721e-01
2.134237587451934814e-01
2.406197190284729004e-01
2.161168754100799561e-01
2.300393283367156982e-01
2.379037141799926758e-01
2.597979605197906494e-01
2.259699106216430664e-01
2.527969181537628174e-01
2.267299592494964600e-01
2.661696076393127441e-01
2.545033693313598633e-01
2.685141265392303467e-01
2.584415078163146973e-01
2.531127333641052246e-01
2.731425762176513672e-01
2.891842126846313477e-01
2.340160906314849854e-01
2.438938617706298828e-01
2.418835759162902832e-01
2.768813073635101318e-01
1.881293058395385742e-01
1.849470436573028564e-01
2.266253530979156494e-01
2.059547305107116699e-01
1.964907348155975342e-01
2.540792822837829590e-01
2.362307012081146240e-01
2.005103230476379395e-01
2.565780580043792725e-01
2.562001943588256836e-01
2.283464670181274414e-01
2.595247626304626465e-01
2.495086193084716797e-01
2.700926363468170166e-01
2.848220169544219971e-01
2.299155890941619873e-01
2.903682589530944824e-01
2.767277061939239502e-01
2.568709254264831543e-01
2.706746160984039307e-01
2.432804703712463379e-01
2.731591463088989258e-01
2.848840355873107910e-01
2.312821447849273682e-01
2.539794743061065674e-01
2.399865090847015381e-01
2.517802417278289795e-01
1.879951655864715576e-01
1.838447451591491699e-01
1.765711605548858643e-01
2.031325995922088623e-01
1.872868239879608154e-01
1.762636601924896240e-01
1.838773190975189209e-01
2.111299633979797363e-01
2.455413341522216797e-01
1.887575387954711914e-01
1.883860230445861816e-01
1.809204220771789551e-01
2.005842626094818115e-01
2.107709348201751709e-01
2.091579437255859375e-01
1.791437566280364990e-01
2.036146223545074463e-01
1.974510550498962402e-01
2.450082898139953613e-01
2.324601113796234131e-01
2.417056560516357422e-01
2.749047279357910156e-01
2.091221213340759277e-01
2.106638848781585693e-01
2.656863033771514893e-01
2.055960893630981445e-01
2.358291149139404297e-01
2.147808372974395752e-01
2.385880649089813232e-01
2.202923595905303955e-01
2.571547031402587891e-01
2.750775218009948730e-01
2.391900718212127686e-01
2.265176773071289062e-01
2.477232217788696289e-01
2.374565899372100830e-01
2.378436625003814697e-01
2.349500358104705811e-01
2.291549444198608398e-01
2.177531421184539795e-01
2.852216362953186035e-01
2.362862825393676758e-01
2.524090409278869629e-01
2.301193177700042725e-01
3.178466856479644775e-01
2.373411655426025391e-01
2.558441460132598877e-01
2.557932436466217041e-01
2.462417185306549072e-01
2.367996573448181152e-01
2.451109588146209717e-01
2.515442967414855957e-01
2.556976675987243652e-01
2.389849722385406494e-01
2.537710070610046387e-01
2.382082343101501465e-01
2.308758199214935303e-01
2.075372636318206787e-01
2.806283831596374512e-01
2.420304417610168457e-01
2.102467119693756104e-01
2.053513228893280029e-01
2.705994844436645508e-01
3.026353716850280762e-01
3.000625967979431152e-01
2.574586272239685059e-01
2.212245166301727295e-01
2.261903285980224609e-01
3.030371665954589844e-01
2.937465012073516846e-01
2.406385242938995361e-01
2.383518517017364502e-01
2.185957729816436768e-01
2.332445681095123291e-01
2.477273046970367432e-01
2.554920017719268799e-01
2.281727790832519531e-01
2.302779853343963623e-01
2.327091395854949951e-01
2.370349168777465820e-01
2.213197946548461914e-01
2.088703811168670654e-01
2.800391912460327148e-01
2.209261655807495117e-01
2.186489999294281006e-01
2.461751997470855713e-01
2.075391709804534912e-01
2.566406130790710449e-01
2.504745125770568848e-01
2.945857048034667969e-01
3.567745685577392578e-01
2.394651472568511963e-01
2.628409564495086670e-01
2.284197211265563965e-01
2.854946553707122803e-01
2.156477272510528564e-01
2.706667184829711914e-01
2.459609508514404297e-01
3.528566062450408936e-01
2.562529444694519043e-01
1.988314390182495117e-01
2.751248180866241455e-01
2.072113454341888428e-01
3.249944746494293213e-01
3.024784624576568604e-01
2.483564317226409912e-01
2.218810021877288818e-01
2.498116493225097656e-01
2.281363010406494141e-01
2.482639849185943604e-01
2.634071111679077148e-01
2.477883398532867432e-01
2.660911679267883301e-01
2.122810184955596924e-01
2.256621420383453369e-01
2.916842699050903320e-01
2.841394543647766113e-01
1.965229511260986328e-01
2.057829797267913818e-01
2.576165199279785156e-01
1.951104700565338135e-01
2.225817441940307617e-01
2.180142402648925781e-01
2.067362666130065918e-01
2.271493971347808838e-01
2.222284078598022461e-01
2.183347642421722412e-01
2.140062749385833740e-01
2.186943888664245605e-01
2.354531288146972656e-01
1.671263873577117920e-01
2.296430766582489014e-01
2.206892967224121094e-01
2.152322530746459961e-01
2.133392989635467529e-01
1.786043047904968262e-01
2.516731023788452148e-01
1.912582516670227051e-01
2.450387477874755859e-01
1.990671157836914062e-01
2.328037321567535400e-01
2.629596889019012451e-01
2.446052730083465576e-01
1.987654864788055420e-01
2.134691476821899414e-01
1.988790929317474365e-01
2.286491394042968750e-01
2.558268904685974121e-01
2.100464105606079102e-01
2.587479650974273682e-01
2.362785339355468750e-01
2.426814138889312744e-01
2.255785763263702393e-01
2.631256282329559326e-01
2.019498944282531738e-01
2.712908387184143066e-01
2.552630901336669922e-01
2.137389183044433594e-01
1.903554201126098633e-01
1.650729775428771973e-01
1.998659968376159668e-01
2.508276104927062988e-01
1.687830984592437744e-01
2.040171027183532715e-01
2.115453481674194336e-01
1.981016993522644043e-01
2.435402572154998779e-01
2.164904773235321045e-01
2.212416827678680420e-01
3.339224457740783691e-01
2.162597477436065674e-01
2.041930854320526123e-01
2.630749344825744629e-01
2.259890139102935791e-01
2.685068249702453613e-01
2.739056050777435303e-01
2.700722515583038330e-01
2.670736610889434814e-01
2.843769490718841553e-01
2.494021654129028320e-01
2.097925543785095215e-01
3.223518729209899902e-01
2.783443033695220947e-01
2.264912724494934082e-01
1.940398514270782471e-01
2.409443855285644531e-01
1.869294941425323486e-01
2.019950747489929199e-01
2.333859205245971680e-01
1.868404746055603027e-01
2.026188075542449951e-01
2.499325871467590332e-01
2.884898781776428223e-01
2.350462675094604492e-01
1.814669966697692871e-01
2.422967255115509033e-01
1.778805553913116455e-01
2.183608114719390869e-01
2.472433149814605713e-01
1.854789853096008301e-01
2.110963165760040283e-01
2.305876314640045166e-01
2.529025077819824219e-01
2.971279919147491455e-01
3.187105655670166016e-01
1.733117699623107910e-01
1.773979663848876953e-01
2.224359512329101562e-01
2.714133560657501221e-01
1.904524266719818115e-01
2.252324521541595459e-01
2.271711230278015137e-01
2.422432005405426025e-01
2.279348671436309814e-01
2.222383022308349609e-01
2.229657769203186035e-01
2.365797460079193115e-01
2.510621249675750732e-01
1.886028051376342773e-01
1.896402835845947266e-01
1.966084241867065430e-01
2.154591381549835205e-01
1.977772712707519531e-01
2.499249279499053955e-01
1.824875771999359131e-01
1.942316591739654541e-01
1.857664883136749268e-01
1.914858520030975342e-01
2.038249969482421875e-01
2.000767290592193604e-01
2.110784351825714111e-01
1.923042237758636475e-01
1.903037726879119873e-01
2.026004493236541748e-01
1.881227791309356689e-01
2.068341374397277832e-01
1.795756518840789795e-01
1.958680450916290283e-01
1.895132362842559814e-01
2.029056847095489502e-01
1.800193190574645996e-01
1.972474455833435059e-01
1.935837566852569580e-01
1.806730628013610840e-01
2.242846786975860596e-01
1.904611885547637939e-01
2.360072433948516846e-01
2.213533818721771240e-01
2.251445353031158447e-01
2.089271247386932373e-01
1.966263651847839355e-01
1.810576915740966797e-01
1.908760368824005127e-01
1.891352236270904541e-01
1.920206546783447266e-01
1.939387321472167969e-01
2.167655825614929199e-01
2.038552761077880859e-01
2.265350520610809326e-01
1.866299211978912354e-01
1.900332868099212646e-01
1.928550601005554199e-01
1.993525624275207520e-01
2.186308503150939941e-01
1.857697963714599609e-01
2.438727617263793945e-01
2.063225507736206055e-01
2.031472623348236084e-01
1.961546838283538818e-01
1.778580546379089355e-01
1.844358146190643311e-01
1.856282651424407959e-01
1.989686191082000732e-01
1.890105307102203369e-01
2.492527961730957031e-01
2.025441527366638184e-01
2.099351882934570312e-01
1.694580614566802979e-01
1.864047050476074219e-01
2.073794305324554443e-01
2.141224145889282227e-01
1.852812469005584717e-01
2.115030884742736816e-01
1.936173141002655029e-01
1.744579970836639404e-01
2.176709175109863281e-01
2.057187557220458984e-01
1.740087568759918213e-01
1.856822669506072998e-01
1.974133849143981934e-01
2.218435406684875488e-01
2.203319370746612549e-01
2.255530059337615967e-01
2.524700760841369629e-01
2.134482264518737793e-01
2.257303297519683838e-01
2.132293581962585449e-01
2.379083335399627686e-01
2.158204019069671631e-01
2.573134303092956543e-01
2.284213900566101074e-01
2.268552780151367188e-01
2.417519986629486084e-01
2.291439473628997803e-01
2.387620210647583008e-01
2.307774424552917480e-01
1.768298447132110596e-01
2.137790322303771973e-01
2.096985578536987305e-01
2.264219522476196289e-01
2.014197409152984619e-01
2.316716611385345459e-01
2.030743360519409180e-01
2.203386425971984863e-01
1.876007914543151855e-01
1.895248591899871826e-01
3.136556148529052734e-01
2.122517526149749756e-01
2.314110994338989258e-01
2.203034460544586182e-01
2.558613717555999756e-01
2.554919123649597168e-01
2.268215715885162354e-01
2.689591050148010254e-01
2.117612659931182861e-01
2.258099913597106934e-01
2.316641211509704590e-01
2.525603175163269043e-01
2.106721401214599609e-01
2.735004425048828125e-01
2.100384533405303955e-01
2.933545708656311035e-01
3.188606500625610352e-01
2.458681762218475342e-01
2.083552479743957520e-01
2.259991466999053955e-01
2.795926928520202637e-01
2.755150198936462402e-01
2.193621695041656494e-01
2.802197039127349854e-01
1.880660355091094971e-01
2.848521471023559570e-01
1.982317268848419189e-01
1.881208717823028564e-01
2.087775468826293945e-01
1.836024224758148193e-01
1.726503074169158936e-01
1.845579147338867188e-01
1.730254292488098145e-01
1.752766072750091553e-01
2.085918486118316650e-01
1.744387149810791016e-01
1.791750490665435791e-01
2.164985239505767822e-01
1.889101564884185791e-01
1.808645427227020264e-01
2.219905853271484375e-01
2.032581865787506104e-01
1.936345100402832031e-01
1.853045523166656494e-01
1.702018380165100098e-01
1.818478703498840332e-01
2.138310968875885010e-01
2.010266780853271484e-01
2.507988810539245605e-01
2.100199162960052490e-01
1.486847996711730957e-01
1.939716935157775879e-01
1.809397637844085693e-01
1.691837608814239502e-01
1.885572075843811035e-01
1.681337356567382812e-01
2.783588171005249023e-01
1.847460865974426270e-01
1.677788794040679932e-01
2.734845876693725586e-01
2.155441343784332275e-01
1.941004395484924316e-01
1.898871660232543945e-01
2.087815105915069580e-01
1.821500957012176514e-01
1.884086728096008301e-01
2.268385887145996094e-01
1.694415509700775146e-01
2.023534774780273438e-01
2.113022208213806152e-01
1.813694834709167480e-01
1.731335818767547607e-01
1.896070539951324463e-01
1.951604783535003662e-01
1.920013725757598877e-01
2.038463950157165527e-01
2.077075839042663574e-01
1.739397943019866943e-01
2.004201710224151611e-01
2.362046837806701660e-01
2.107069790363311768e-01
2.172953784465789795e-01
1.695248186588287354e-01
2.845683991909027100e-01
2.781718671321868896e-01
2.436606585979461670e-01
2.126081585884094238e-01
1.953403055667877197e-01
1.864653825759887695e-01
1.836296319961547852e-01
2.236315011978149414e-01
1.671411991119384766e-01
2.042323946952819824e-01
2.043527662754058838e-01
1.965042054653167725e-01
1.804764568805694580e-01
2.058563232421875000e-01
1.834672987461090088e-01
1.872639060020446777e-01
2.044737040996551514e-01
1.793446540832519531e-01
2.229445278644561768e-01
2.115359008312225342e-01
2.010564208030700684e-01
1.976789236068725586e-01
2.230738699436187744e-01
2.116294503211975098e-01
2.695473432540893555e-01
2.608706057071685791e-01
2.132845520973205566e-01
2.567698657512664795e-01
2.797652781009674072e-01
2.401598393917083740e-01
2.474198043346405029e-01
2.477646768093109131e-01
2.388529181480407715e-01
2.278345823287963867e-01
2.119679450988769531e-01
2.023371756076812744e-01
2.271732389926910400e-01
2.584075927734375000e-01
2.523179352283477783e-01
2.336921989917755127e-01
2.378283441066741943e-01
2.558712959289550781e-01
2.544469833374023438e-01
2.396039068698883057e-01
2.573108077049255371e-01
2.533418238162994385e-01
2.480511963367462158e-01
2.477941513061523438e-01
2.349419295787811279e-01
2.533406913280487061e-01
2.717080116271972656e-01
2.558658421039581299e-01
2.774810194969177246e-01
2.913767695426940918e-01
2.967163324356079102e-01
2.456768155097961426e-01
3.120960593223571777e-01
2.645983099937438965e-01
2.853195667266845703e-01
2.694769501686096191e-01
2.184282541275024414e-01
2.676987051963806152e-01
2.530412077903747559e-01
2.774973511695861816e-01
2.430486083030700684e-01
2.282110452651977539e-01
2.273833155632019043e-01
1.805903017520904541e-01
2.666325569152832031e-01
2.504606246948242188e-01
2.819767594337463379e-01
2.570630311965942383e-01
1.902461647987365723e-01
2.357464134693145752e-01
2.249829471111297607e-01
2.449426352977752686e-01
1.874921023845672607e-01
2.556254267692565918e-01
1.851228773593902588e-01
1.979743540287017822e-01
1.976671814918518066e-01
2.950987219810485840e-01
2.105455994606018066e-01
2.754693031311035156e-01
2.004287242889404297e-01
2.320688664913177490e-01
1.789902448654174805e-01
2.024572491645812988e-01
1.962386071681976318e-01
2.005631029605865479e-01
1.996134817600250244e-01
1.985786259174346924e-01
1.875880658626556396e-01
1.994225084781646729e-01
2.000302374362945557e-01
1.731482148170471191e-01
1.717029213905334473e-01
2.062858045101165771e-01
1.848782002925872803e-01
1.693201959133148193e-01
2.052451670169830322e-01
2.012063860893249512e-01
1.925962567329406738e-01
2.000492513179779053e-01
1.702798306941986084e-01
1.991896927356719971e-01
1.807826459407806396e-01
2.284903228282928467e-01
2.009121775627136230e-01
2.145535647869110107e-01
2.082886397838592529e-01
2.168622612953186035e-01
2.053440511226654053e-01
3.178352713584899902e-01
1.916956603527069092e-01
2.120035290718078613e-01
1.843839883804321289e-01
2.570207715034484863e-01
2.392513155937194824e-01
2.545989453792572021e-01
2.875589430332183838e-01
2.605632245540618896e-01
2.640324532985687256e-01
2.110495269298553467e-01
3.061096370220184326e-01
2.714903056621551514e-01
2.216308414936065674e-01
2.766902446746826172e-01
2.779812216758728027e-01
1.775704026222229004e-01
1.726103127002716064e-01
2.838454842567443848e-01
1.783254742622375488e-01
2.352324724197387695e-01
2.828851938247680664e-01
2.914243936538696289e-01
1.993638277053833008e-01
1.792569160461425781e-01
2.526408135890960693e-01
2.556363046169281006e-01
1.587741971015930176e-01
1.993612051010131836e-01
1.994889080524444580e-01
2.004281580448150635e-01
2.407467067241668701e-01
1.802215576171875000e-01
2.007602453231811523e-01
1.759757399559020996e-01
1.953057944774627686e-01
2.003947496414184570e-01
2.037286460399627686e-01
2.020514607429504395e-01
1.903637647628784180e-01
1.873900592327117920e-01
2.152796983718872070e-01
2.054338455200195312e-01
2.052452862262725830e-01
1.971486210823059082e-01
1.680968701839447021e-01
1.769281625747680664e-01
2.018897235393524170e-01
1.847032308578491211e-01
1.854669749736785889e-01
1.815750896930694580e-01
1.962617933750152588e-01
1.733860671520233154e-01
2.083554267883300781e-01
2.707420587539672852e-01
1.830691695213317871e-01
2.493194341659545898e-01
3.015961647033691406e-01
2.060227692127227783e-01
2.012048661708831787e-01
2.020708024501800537e-01
2.071295380592346191e-01
1.998566091060638428e-01
2.002534866333007812e-01
2.141866981983184814e-01
1.986067891120910645e-01
2.280681431293487549e-01
2.196078896522521973e-01
1.884378790855407715e-01
1.828311085700988770e-01
1.960456371307373047e-01
1.811836361885070801e-01
2.158370018005371094e-01
1.870504617691040039e-01
1.899187266826629639e-01
2.003375291824340820e-01
2.071426808834075928e-01
2.035853862762451172e-01
1.756308376789093018e-01
2.031614184379577637e-01
2.261188924312591553e-01
2.197975814342498779e-01
1.866121292114257812e-01
1.860864162445068359e-01
2.052451670169830322e-01
1.827284097671508789e-01
2.052905857563018799e-01
2.250298857688903809e-01
1.783697903156280518e-01
1.920186281204223633e-01
2.129049301147460938e-01
2.135215103626251221e-01
2.244248986244201660e-01
2.015093266963958740e-01
2.000839412212371826e-01
2.061831951141357422e-01
2.082680761814117432e-01
1.857647895812988281e-01
2.051542401313781738e-01
1.779859066009521484e-01
1.984012424945831299e-01
1.762160062789916992e-01
2.032147049903869629e-01
1.901866793632507324e-01
1.822698116302490234e-01
2.123160362243652344e-01
1.853632330894470215e-01
2.077366113662719727e-01
2.094439268112182617e-01
1.739323735237121582e-01
1.953625082969665527e-01
1.694145202636718750e-01
1.782610714435577393e-01
1.816240549087524414e-01
2.001177072525024414e-01
2.044759988784790039e-01
1.869045197963714600e-01
1.957462131977081299e-01
1.986167132854461670e-01
1.875211894512176514e-01
2.079636752605438232e-01
2.169764935970306396e-01
1.665927767753601074e-01
1.699505746364593506e-01
1.847662329673767090e-01
1.965279281139373779e-01
1.768969595432281494e-01
1.740323007106781006e-01
1.942493915557861328e-01
1.782768368721008301e-01
1.710827946662902832e-01
2.081947922706604004e-01
1.852841973304748535e-01
2.315416336059570312e-01
1.933716833591461182e-01
1.854984760284423828e-01
2.037732303142547607e-01
1.567654907703399658e-01
2.004386186599731445e-01
2.018843293190002441e-01
2.661291360855102539e-01
1.851283907890319824e-01
2.057067155838012695e-01
1.871012449264526367e-01
1.935276389122009277e-01
2.098982334136962891e-01
2.222453653812408447e-01
2.020192146301269531e-01
1.981399357318878174e-01
2.051148414611816406e-01
1.860576272010803223e-01
1.845547258853912354e-01
2.032763361930847168e-01
1.885009706020355225e-01
2.030082046985626221e-01
2.045516967773437500e-01
2.051330804824829102e-01
2.181685864925384521e-01
2.068379819393157959e-01
1.790349781513214111e-01
2.083151042461395264e-01
1.778717637062072754e-01
1.903772950172424316e-01
1.811847686767578125e-01
1.705473661422729492e-01
1.687967777252197266e-01
2.005657553672790527e-01
1.690147817134857178e-01
2.273496985435485840e-01
1.797908246517181396e-01
2.005580067634582520e-01
2.056838870048522949e-01
2.639838159084320068e-01
1.881424784660339355e-01
2.011259496212005615e-01
1.790313124656677246e-01
1.952871084213256836e-01
1.835810244083404541e-01
2.095385789871215820e-01
1.917105615139007568e-01
2.025009095668792725e-01
1.951512396335601807e-01
2.040439844131469727e-01
1.702487766742706299e-01
2.328283190727233887e-01
2.532420754432678223e-01
2.664096951484680176e-01
2.402947545051574707e-01
2.638760805130004883e-01
2.546351552009582520e-01
2.308861911296844482e-01
2.757071852684020996e-01
2.545408010482788086e-01
2.855677902698516846e-01
2.925766110420227051e-01
2.603502869606018066e-01
2.553498148918151855e-01
2.553414106369018555e-01
2.817898094654083252e-01
2.774939537048339844e-01
3.479130268096923828e-01
2.665803432464599609e-01
3.327108323574066162e-01
3.284242153167724609e-01
2.249732911586761475e-01
2.298561930656433105e-01
2.298191785812377930e-01
2.439323663711547852e-01
2.281908392906188965e-01
2.293770313262939453e-01
3.577252626419067383e-01
2.800709307193756104e-01
2.786672115325927734e-01
2.892953753471374512e-01
2.594164311885833740e-01
1.927963495254516602e-01
2.094050645828247070e-01
1.693210601806640625e-01
1.837144792079925537e-01
1.993446052074432373e-01
2.062904238700866699e-01
2.095949053764343262e-01
2.019215524196624756e-01
1.817117333412170410e-01
1.989166736602783203e-01
2.107070982456207275e-01
1.716498434543609619e-01
1.884447336196899414e-01
1.771431863307952881e-01
2.048155367374420166e-01
2.075567245483398438e-01
2.080040276050567627e-01
1.786165535449981689e-01
1.850426793098449707e-01
1.777293086051940918e-01
1.852757930755615234e-01
1.898188889026641846e-01
2.237746417522430420e-01
2.031050026416778564e-01
2.064907252788543701e-01
2.008934915065765381e-01
1.980907320976257324e-01
2.074223160743713379e-01
1.806414723396301270e-01
1.953854858875274658e-01
1.902425587177276611e-01
1.946625709533691406e-01
1.830844283103942871e-01
1.858436763286590576e-01
2.006593644618988037e-01
1.952695846557617188e-01
2.075530588626861572e-01
1.974679827690124512e-01
1.978682875633239746e-01
1.945507228374481201e-01
2.026217579841613770e-01
2.066901028156280518e-01
2.461594045162200928e-01
1.989118456840515137e-01
2.395912408828735352e-01
2.354382574558258057e-01
2.098610997200012207e-01
2.643556594848632812e-01
2.912423610687255859e-01
2.139866054058074951e-01
1.822253465652465820e-01
2.401887476444244385e-01
1.925091445446014404e-01
1.900525987148284912e-01
1.789188981056213379e-01
2.832511067390441895e-01
1.841903924942016602e-01
1.857257187366485596e-01
1.874400973320007324e-01
1.877460181713104248e-01
2.219721972942352295e-01
1.892318427562713623e-01
1.712139546871185303e-01
1.973491907119750977e-01
2.058541774749755859e-01
1.849409639835357666e-01
1.731787621974945068e-01
2.029003500938415527e-01
2.274142503738403320e-01
1.808872520923614502e-01
2.236735224723815918e-01
2.124958336353302002e-01
2.005888223648071289e-01
1.986258625984191895e-01
1.650421619415283203e-01
1.803492009639739990e-01
2.077434957027435303e-01
2.052451372146606445e-01
2.033921480178833008e-01
1.972506940364837646e-01
1.975163817405700684e-01
2.179071009159088135e-01
1.879705786705017090e-01
2.007376551628112793e-01
2.510313987731933594e-01
2.408820688724517822e-01
1.908518671989440918e-01
2.718866169452667236e-01
2.404889762401580811e-01
2.315867543220520020e-01
2.323428392410278320e-01
2.406172752380371094e-01
2.565175294876098633e-01
2.644650936126708984e-01
2.528506517410278320e-01
1.969520747661590576e-01
2.588094174861907959e-01
2.298748791217803955e-01
2.131157815456390381e-01
2.563316822052001953e-01
2.291257381439208984e-01
1.790263354778289795e-01
2.750639319419860840e-01
2.920447885990142822e-01
2.159436941146850586e-01
2.743422389030456543e-01
2.252870798110961914e-01
2.293927967548370361e-01
3.177143037319183350e-01
1.985300779342651367e-01
2.711025178432464600e-01
2.781405448913574219e-01
1.954081654548645020e-01
2.219480276107788086e-01
2.586455643177032471e-01
2.488956451416015625e-01
2.015755474567413330e-01
2.613468170166015625e-01
2.303995192050933838e-01
2.666313648223876953e-01
2.190891206264495850e-01
2.594445347785949707e-01
2.700613141059875488e-01
3.139281272888183594e-01
1.996722817420959473e-01
2.164875566959381104e-01
1.950547099113464355e-01
1.987855136394500732e-01
1.917387247085571289e-01
2.223920822143554688e-01
2.036191821098327637e-01
1.948317885398864746e-01
1.721034944057464600e-01
1.793107390403747559e-01
1.952607929706573486e-01
2.076354324817657471e-01
1.882635056972503662e-01
2.127346992492675781e-01
1.975964903831481934e-01
1.700296401977539062e-01
1.900804042816162109e-01
2.086056470870971680e-01
1.647314429283142090e-01
1.894043385982513428e-01
2.011817097663879395e-01
1.872698962688446045e-01
2.024822831153869629e-01
1.773893237113952637e-01
1.915492713451385498e-01
1.968450844287872314e-01
1.796440184116363525e-01
2.025511860847473145e-01
2.049339115619659424e-01
1.617985069751739502e-01
1.690256297588348389e-01
2.217693030834197998e-01
1.971842050552368164e-01
2.130984067916870117e-01
1.889224052429199219e-01
2.133471071720123291e-01
1.844001114368438721e-01
1.791027784347534180e-01
1.957161426544189453e-01
1.861521899700164795e-01
1.803159415721893311e-01
2.239236831665039062e-01
2.239654958248138428e-01
1.979261934757232666e-01
2.281215488910675049e-01
2.062786519527435303e-01
1.966659128665924072e-01
1.717384755611419678e-01
2.058500349521636963e-01
2.101365327835083008e-01
1.960529983043670654e-01
1.926863491535186768e-01
2.276437580585479736e-01
2.409369349479675293e-01
2.075152397155761719e-01
2.282155752182006836e-01
2.382215559482574463e-01
2.805874645709991455e-01
2.269814908504486084e-01
2.710981369018554688e-01
2.277815937995910645e-01
2.527005970478057861e-01
2.007848620414733887e-01
2.464271485805511475e-01
2.265659272670745850e-01
2.154213786125183105e-01
2.206116914749145508e-01
2.643001079559326172e-01
2.270670235157012939e-01
2.425620853900909424e-01
3.072329759597778320e-01
2.604716420173645020e-01
2.978933453559875488e-01
2.647625207901000977e-01
2.893081903457641602e-01
2.300916612148284912e-01
2.367492020130157471e-01
2.079850733280181885e-01
2.956619858741760254e-01
2.363454699516296387e-01
3.024815917015075684e-01
3.250978589057922363e-01
2.548465430736541748e-01
2.886895537376403809e-01
2.136028110980987549e-01
2.833582162857055664e-01
2.804576158523559570e-01
2.339450418949127197e-01
2.178206741809844971e-01
2.133697569370269775e-01
1.848243474960327148e-01
1.698453128337860107e-01
1.952698826789855957e-01
1.780788302421569824e-01
1.798547208309173584e-01
2.211403548717498779e-01
2.077967822551727295e-01
1.780600249767303467e-01
1.832533180713653564e-01
2.085791528224945068e-01
1.787176132202148438e-01
2.319523692131042480e-01
1.993696689605712891e-01
2.175775468349456787e-01
2.396248281002044678e-01
2.101038396358489990e-01
3.105726242065429688e-01
2.317272722721099854e-01
2.329826056957244873e-01
2.703609466552734375e-01
3.221769332885742188e-01
2.509967088699340820e-01
3.189174234867095947e-01
3.150410652160644531e-01
3.125538229942321777e-01
2.335516512393951416e-01
2.359217405319213867e-01
2.199989557266235352e-01
2.100434005260467529e-01
2.304458916187286377e-01
2.612749338150024414e-01
2.371413409709930420e-01
2.348386347293853760e-01
1.924975812435150146e-01
2.766457796096801758e-01
2.179229557514190674e-01
2.940128147602081299e-01
3.371753692626953125e-01
2.739933431148529053e-01
3.388960063457489014e-01
2.601185441017150879e-01
2.581395804882049561e-01
2.838768362998962402e-01
2.589502036571502686e-01
2.526237964630126953e-01
2.556815445423126221e-01
2.158825099468231201e-01
2.356562912464141846e-01
3.047896623611450195e-01
3.059258162975311279e-01
2.384512722492218018e-01
2.432290613651275635e-01
2.256574928760528564e-01
1.706131696701049805e-01
1.989867091178894043e-01
2.007275521755218506e-01
1.975245177745819092e-01
2.623472809791564941e-01
1.918104887008666992e-01
1.750977337360382080e-01
1.853256821632385254e-01
1.691891551017761230e-01
1.880035400390625000e-01
1.860075294971466064e-01
2.023255527019500732e-01
1.693865358829498291e-01
1.865958571434020996e-01
2.028123736381530762e-01
2.300082743167877197e-01
1.958927512168884277e-01
2.183199524879455566e-01
2.148481309413909912e-01
1.848538517951965332e-01
2.043234407901763916e-01
1.828576624393463135e-01
2.445819377899169922e-01
1.941600143909454346e-01
1.692422926425933838e-01
1.786557734012603760e-01
1.852036118507385254e-01
2.000061869621276855e-01
1.850429177284240723e-01
1.819922029972076416e-01
2.062070667743682861e-01
2.359425127506256104e-01
2.085685133934020996e-01
2.215680181980133057e-01
2.171425819396972656e-01
1.985551714897155762e-01
2.196330130100250244e-01
1.919681131839752197e-01
2.258678674697875977e-01
1.961122751235961914e-01
2.105172574520111084e-01
1.696808040142059326e-01
1.688296198844909668e-01
1.763798594474792480e-01
2.132047712802886963e-01
2.174642980098724365e-01
1.768490672111511230e-01
2.441703677177429199e-01
2.099463045597076416e-01
1.958222687244415283e-01
2.100540399551391602e-01
1.902192533016204834e-01
1.709075272083282471e-01
2.029119133949279785e-01
2.107484340667724609e-01
2.184735238552093506e-01
2.159744203090667725e-01
1.996587812900543213e-01
1.816275715827941895e-01
1.824488639831542969e-01
1.595227122306823730e-01
1.896671652793884277e-01
1.969310641288757324e-01
1.899141967296600342e-01
1.726645827293395996e-01
1.894970834255218506e-01
1.982771456241607666e-01
1.731424033641815186e-01
2.052451372146606445e-01
1.857454478740692139e-01
1.860198974609375000e-01
1.955738365650177002e-01
1.981072425842285156e-01
1.827319264411926270e-01
1.992163658142089844e-01
1.793716251850128174e-01
1.963969469070434570e-01
2.357963323593139648e-01
2.055802047252655029e-01
2.736578881740570068e-01
2.402151226997375488e-01
2.047421336174011230e-01
2.662587165832519531e-01
2.711271643638610840e-01
2.042991518974304199e-01
2.091442942619323730e-01
2.198847532272338867e-01
2.730478644371032715e-01
2.640214562416076660e-01
2.570230960845947266e-01
2.716660499572753906e-01
2.604256272315979004e-01
2.413688004016876221e-01
2.296692132949829102e-01
2.684128284454345703e-01
2.478027343750000000e-01
2.559491395950317383e-01
2.916746139526367188e-01
2.766992449760437012e-01
2.560021877288818359e-01
2.209969162940979004e-01
2.195023596286773682e-01
2.105724513530731201e-01
2.566459178924560547e-01
2.490333616733551025e-01
2.012318074703216553e-01
2.635476589202880859e-01
2.871005535125732422e-01
2.378662824630737305e-01
2.170554101467132568e-01
2.551403045654296875e-01
2.784318625926971436e-01
2.566553950309753418e-01
2.743814587593078613e-01
2.767195105552673340e-01
1.975980401039123535e-01
2.254342734813690186e-01
1.805013120174407959e-01
2.559264898300170898e-01
2.249436676502227783e-01
2.419095635414123535e-01
2.185474336147308350e-01
1.895286738872528076e-01
2.081529498100280762e-01
1.697368919849395752e-01
2.107551991939544678e-01
2.291266620159149170e-01
2.159832119941711426e-01
1.854754984378814697e-01
1.910971403121948242e-01
1.719461083412170410e-01
1.880652010440826416e-01
1.904418766498565674e-01
1.868436336517333984e-01
1.689856052398681641e-01
1.867810785770416260e-01
1.702637374401092529e-01
1.925421059131622314e-01
1.901713907718658447e-01
1.706542074680328369e-01
1.757183670997619629e-01
1.768074035644531250e-01
2.097782492637634277e-01
1.861194670200347900e-01
1.934539675712585449e-01
1.848485171794891357e-01
1.870285868644714355e-01
2.214687466621398926e-01
2.008816897869110107e-01
1.933311223983764648e-01
2.020153701305389404e-01
2.125665843486785889e-01
1.855711340904235840e-01
1.874443590641021729e-01
2.006990909576416016e-01
2.004281580448150635e-01
1.861183941364288330e-01
1.980367302894592285e-01
2.179255187511444092e-01
2.149168550968170166e-01
2.330231070518493652e-01
2.005324363708496094e-01
2.041521668434143066e-01
2.278317809104919434e-01
1.677879095077514648e-01
1.785072088241577148e-01
2.009688913822174072e-01
1.700230836868286133e-01
2.000951468944549561e-01
1.975053250789642334e-01
2.157157063484191895e-01
2.558597922325134277e-01
2.219181358814239502e-01
2.630782127380371094e-01
2.277124524116516113e-01
2.401368916034698486e-01
2.194319367408752441e-01
2.430118322372436523e-01
2.302010059356689453e-01
2.382701337337493896e-01
2.670280933380126953e-01
2.264367938041687012e-01
2.396920323371887207e-01
2.397626936435699463e-01
2.653579711914062500e-01
2.538403868675231934e-01
2.655552327632904053e-01
2.672310173511505127e-01
2.565386593341827393e-01
2.559431195259094238e-01
2.484686672687530518e-01
2.904819250106811523e-01
2.935236692428588867e-01
2.767328321933746338e-01
2.450342774391174316e-01
2.433830797672271729e-01
2.429680526256561279e-01
2.647593617439270020e-01
2.513312995433807373e-01
2.155155241489410400e-01
2.725614905357360840e-01
1.984004974365234375e-01
2.120284438133239746e-01
2.166754007339477539e-01
1.924744546413421631e-01
2.093338370323181152e-01
1.805072128772735596e-01
2.115019857883453369e-01
2.435259222984313965e-01
1.830760538578033447e-01
2.720024883747100830e-01
2.012789249420166016e-01
2.044122219085693359e-01
2.265684604644775391e-01
2.609228491783142090e-01
2.014672756195068359e-01
2.488460540771484375e-01
2.576013207435607910e-01
1.879898607730865479e-01
1.841810643672943115e-01
1.856571137905120850e-01
2.797021269798278809e-01
2.164227962493896484e-01
1.756613850593566895e-01
1.855383217334747314e-01
2.453301846981048584e-01
2.290589511394500732e-01
1.681421399116516113e-01
2.080032825469970703e-01
1.957346796989440918e-01
2.156535387039184570e-01
2.070423066616058350e-01
1.814410984516143799e-01
1.817456483840942383e-01
1.665291786193847656e-01
1.732375919818878174e-01
1.852030754089355469e-01
1.743902266025543213e-01
1.790613532066345215e-01
2.048803865909576416e-01
1.966572999954223633e-01
1.975085139274597168e-01
2.052451372146606445e-01
2.262661755084991455e-01
1.947491168975830078e-01
2.161765098571777344e-01
1.807469129562377930e-01
1.985347568988800049e-01
2.009706497192382812e-01
1.888350248336791992e-01
2.007749676704406738e-01
1.846867501735687256e-01
1.836663186550140381e-01
1.824480295181274414e-01
1.737859845161437988e-01
1.721411347389221191e-01
2.152521312236785889e-01
1.834806501865386963e-01
2.159963846206665039e-01
1.883350014686584473e-01
2.360995709896087646e-01
2.176249027252197266e-01
1.828038990497589111e-01
2.155392467975616455e-01
1.987375617027282715e-01
1.838168203830718994e-01
2.302621304988861084e-01
1.929636597633361816e-01
2.052451372146606445e-01
2.016738355159759521e-01
1.775399148464202881e-01
1.786796152591705322e-01
2.026153802871704102e-01
1.804795563220977783e-01
1.849865019321441650e-01
1.935063004493713379e-01
2.392170727252960205e-01
1.721466779708862305e-01
2.141622304916381836e-01
1.859766244888305664e-01
1.899798214435577393e-01
2.181954383850097656e-01
2.357604801654815674e-01
2.314116060733795166e-01
1.762107610702514648e-01
1.964938938617706299e-01
2.133094966411590576e-01
1.898623406887054443e-01
1.767299771308898926e-01
2.019003331661224365e-01
1.993608176708221436e-01
1.846668422222137451e-01
1.941758692264556885e-01
2.096178829669952393e-01
1.990696787834167480e-01
1.876869797706604004e-01
1.849960386753082275e-01
2.004392445087432861e-01
2.004281580448150635e-01
1.886502802371978760e-01
1.922791898250579834e-01
1.846993863582611084e-01
1.946544051170349121e-01
2.120673358440399170e-01
1.727161407470703125e-01
1.844146549701690674e-01
2.176967561244964600e-01
2.263063192367553711e-01
1.917678415775299072e-01
2.016077935695648193e-01
1.884672343730926514e-01
1.701821386814117432e-01
1.919122934341430664e-01
2.118441760540008545e-01
1.832500994205474854e-01
1.880460679531097412e-01
2.672929763793945312e-01
2.421301603317260742e-01
1.869625747203826904e-01
2.178315222263336182e-01
1.740247309207916260e-01
2.041337192058563232e-01
1.945754587650299072e-01
1.908442676067352295e-01
2.019771039485931396e-01
1.821701824665069580e-01
2.003272473812103271e-01
1.829092800617218018e-01
1.836336851119995117e-01
1.846785247325897217e-01
1.753760874271392822e-01
2.323452234268188477e-01
2.051447629928588867e-01
1.797340214252471924e-01
2.023719847202301025e-01
1.877833604812622070e-01
2.143358290195465088e-01
2.069561779499053955e-01
2.585151791572570801e-01
1.971483528614044189e-01
2.148844599723815918e-01
2.210841476917266846e-01
2.030797898769378662e-01
2.190290391445159912e-01
1.679762303829193115e-01
1.805574893951416016e-01
1.866037547588348389e-01
1.951371431350708008e-01
2.243673503398895264e-01
1.853215396404266357e-01
1.826605796813964844e-01
1.966309547424316406e-01
1.907911002635955811e-01
1.878665089607238770e-01
1.824150979518890381e-01
1.916651427745819092e-01
1.978726089000701904e-01
2.056608498096466064e-01
1.973763406276702881e-01
1.872190833091735840e-01
2.115258574485778809e-01
1.799554526805877686e-01
1.962760090827941895e-01
2.022717297077178955e-01
1.947814226150512695e-01
2.005468904972076416e-01
1.862491965293884277e-01
1.961297988891601562e-01
1.885586380958557129e-01
1.994101107120513916e-01
1.901876330375671387e-01
1.983138918876647949e-01
1.965667605400085449e-01
1.918653845787048340e-01
2.082571089267730713e-01
1.797279119491577148e-01
1.884344518184661865e-01
2.053898870944976807e-01
1.870212852954864502e-01
1.837419867515563965e-01
2.064320147037506104e-01
2.250832021236419678e-01
1.794086992740631104e-01
1.732736825942993164e-01
2.275531888008117676e-01
1.844195127487182617e-01
2.128917276859283447e-01
2.212755978107452393e-01
1.655744016170501709e-01
2.166286706924438477e-01
1.952946186065673828e-01
1.717732846736907959e-01
1.695503294467926025e-01
1.955606043338775635e-01
1.925260126590728760e-01
1.737174093723297119e-01
1.796043515205383301e-01
1.844054758548736572e-01
1.850275993347167969e-01
1.844547986984252930e-01
2.024199068546295166e-01
1.957009732723236084e-01
1.949524283409118652e-01
2.000274658203125000e-01
1.672104597091674805e-01
1.960894465446472168e-01
2.168656885623931885e-01
1.737225353717803955e-01
2.051519453525543213e-01
1.978516578674316406e-01
2.261311709880828857e-01
1.818218529224395752e-01
1.841037273406982422e-01
2.081616818904876709e-01
2.299002408981323242e-01
1.725502014160156250e-01
2.540780007839202881e-01
2.533503770828247070e-01
2.654319405555725098e-01
2.552008032798767090e-01
2.080127894878387451e-01
2.592966258525848389e-01
2.878363728523254395e-01
2.406508326530456543e-01
2.313294708728790283e-01
3.168144226074218750e-01
2.622461915016174316e-01
2.306135296821594238e-01
2.282282412052154541e-01
2.531256377696990967e-01
2.310223579406738281e-01
2.479315400123596191e-01
2.672628760337829590e-01
3.137039542198181152e-01
2.310837805271148682e-01
2.704106867313385010e-01
2.479586005210876465e-01
2.303148210048675537e-01
2.184551656246185303e-01
2.684478163719177246e-01
2.725200057029724121e-01
2.572407126426696777e-01
2.993500530719757080e-01
2.443897128105163574e-01
2.433222234249114990e-01
3.236541748046875000e-01
2.271902263164520264e-01
2.384954392910003662e-01
2.295008003711700439e-01
2.316757440567016602e-01
2.532747089862823486e-01
2.576599121093750000e-01
2.489730119705200195e-01
2.664172053337097168e-01
2.446149587631225586e-01
2.423773109912872314e-01
2.388989925384521484e-01
2.294832170009613037e-01
2.261414825916290283e-01
2.701731324195861816e-01
2.477487623691558838e-01
2.856921851634979248e-01
2.598670125007629395e-01
2.508712112903594971e-01
2.188761532306671143e-01
2.515849769115447998e-01
2.479293346405029297e-01
2.518223226070404053e-01
2.975511550903320312e-01
1.770917177200317383e-01
1.784305572509765625e-01
2.337319850921630859e-01
1.772439479827880859e-01
1.709849238395690918e-01
2.051316499710083008e-01
1.934613287448883057e-01
1.871098279953002930e-01
2.193126976490020752e-01
1.718611121177673340e-01
1.788643002510070801e-01
2.109062373638153076e-01
1.666730642318725586e-01
2.010194659233093262e-01
1.978054940700531006e-01
2.057504951953887939e-01
1.835081875324249268e-01
1.825349032878875732e-01
2.055507004261016846e-01
1.817243397235870361e-01
1.962455213069915771e-01
1.941863298416137695e-01
1.790558397769927979e-01
2.307359278202056885e-01
1.790269613265991211e-01
1.785159111022949219e-01
2.203439772129058838e-01
2.039256989955902100e-01
1.714464426040649414e-01
1.720235347747802734e-01
1.806218624114990234e-01
1.899348497390747070e-01
2.029215991497039795e-01
2.139514982700347900e-01
2.010634541511535645e-01
2.166218757629394531e-01
1.833477318286895752e-01
1.941395699977874756e-01
2.207648456096649170e-01
2.243567705154418945e-01
2.164707481861114502e-01
2.270411849021911621e-01
2.251967191696166992e-01
2.103306055068969727e-01
2.233761548995971680e-01
2.361415326595306396e-01
2.336682677268981934e-01
1.881173551082611084e-01
2.174761891365051270e-01
1.866185963153839111e-01
2.275284826755523682e-01
2.090025842189788818e-01
2.691534757614135742e-01
1.636852622032165527e-01
2.627505064010620117e-01
2.034380733966827393e-01
1.904020905494689941e-01
2.307638823986053467e-01
2.084945440292358398e-01
2.270109355449676514e-01
1.749440729618072510e-01
1.714471876621246338e-01
1.824031472206115723e-01
2.165568470954895020e-01
1.745120286941528320e-01
2.166994810104370117e-01
2.188540101051330566e-01
2.050906121730804443e-01
1.859716176986694336e-01
2.145876288414001465e-01
1.757090091705322266e-01
1.690156161785125732e-01
1.984030902385711670e-01
2.128803133964538574e-01
2.025718390941619873e-01
2.162350416183471680e-01
1.656713485717773438e-01
1.768715679645538330e-01
2.220463454723358154e-01
1.720993518829345703e-01
1.721659898757934570e-01
2.027676105499267578e-01
1.940007507801055908e-01
1.897054314613342285e-01
2.090378105640411377e-01
2.208428084850311279e-01
1.858221590518951416e-01
1.895309686660766602e-01
1.964439153671264648e-01
2.011720538139343262e-01
2.146359086036682129e-01
1.980477869510650635e-01
2.263175249099731445e-01
2.212176918983459473e-01
1.957773268222808838e-01
2.346040904521942139e-01
2.129945158958435059e-01
2.529741525650024414e-01
2.335139513015747070e-01
2.415156066417694092e-01
2.536332011222839355e-01
2.726147174835205078e-01
2.063173055648803711e-01
2.356938421726226807e-01
2.562404870986938477e-01
2.663018107414245605e-01
1.945604085922241211e-01
2.068362236022949219e-01
2.142113745212554932e-01
2.135365009307861328e-01
1.729866266250610352e-01
1.694714128971099854e-01
1.796751022338867188e-01
2.102567851543426514e-01
1.812050044536590576e-01
1.849839985370635986e-01
1.730438470840454102e-01
2.040734589099884033e-01
1.845223307609558105e-01
2.003507614135742188e-01
1.806164979934692383e-01
1.730273067951202393e-01
1.869542896747589111e-01
1.831618249416351318e-01
1.721951961517333984e-01
1.807993650436401367e-01
2.028474211692810059e-01
2.164560854434967041e-01
2.104955017566680908e-01
2.070609927177429199e-01
2.052970528602600098e-01
2.084458768367767334e-01
1.870582997798919678e-01
2.082901298999786377e-01
1.855946481227874756e-01
2.052950561046600342e-01
2.064948081970214844e-01
2.003315091133117676e-01
2.084710299968719482e-01
2.478860616683959961e-01
2.806062102317810059e-01
2.441602349281311035e-01
2.056782841682434082e-01
2.356787025928497314e-01
2.168169021606445312e-01
2.356073260307312012e-01
1.967565119266510010e-01
2.338933944702148438e-01
2.221025824546813965e-01
2.198360860347747803e-01
2.210982441902160645e-01
2.435633540153503418e-01
2.838482856750488281e-01
2.642175555229187012e-01
2.953479886054992676e-01
2.421649396419525146e-01
2.894650101661682129e-01
2.968714535236358643e-01
2.439799308776855469e-01
2.161705493927001953e-01
1.807290017604827881e-01
2.437070608139038086e-01
2.343313097953796387e-01
2.249503433704376221e-01
2.038784623146057129e-01
2.025898993015289307e-01
2.146892547607421875e-01
1.987161338329315186e-01
3.169670701026916504e-01
1.998378634452819824e-01
2.148144543170928955e-01
2.078979909420013428e-01
1.940979361534118652e-01
2.225430905818939209e-01
2.202969193458557129e-01
2.245485782623291016e-01
1.900933682918548584e-01
2.070762813091278076e-01
2.027900815010070801e-01
2.119767367839813232e-01
1.875645816326141357e-01
1.819614171981811523e-01
1.906671226024627686e-01
1.786536276340484619e-01
1.780492663383483887e-01
2.399817407131195068e-01
2.020112872123718262e-01
2.173715233802795410e-01
2.204823791980743408e-01
1.846216619014739990e-01
1.689877212047576904e-01
1.753849685192108154e-01
1.840282678604125977e-01
1.769713163375854492e-01
1.680400669574737549e-01
1.907455921173095703e-01
1.686812639236450195e-01
1.832874119281768799e-01
1.737567782402038574e-01
1.689614057540893555e-01
1.840401589870452881e-01
2.150002419948577881e-01
1.884794533252716064e-01
2.031721770763397217e-01
2.782324254512786865e-01
1.863078176975250244e-01
1.851025521755218506e-01
2.790194749832153320e-01
2.328598201274871826e-01
2.470704615116119385e-01
2.144237756729125977e-01
3.027020096778869629e-01
2.283638417720794678e-01
2.509169578552246094e-01
2.321762144565582275e-01
2.228769659996032715e-01
1.810527145862579346e-01
2.483220696449279785e-01
2.047612071037292480e-01
1.894728839397430420e-01
1.784233748912811279e-01
1.800694763660430908e-01
2.065803408622741699e-01
1.844272315502166748e-01
1.886436641216278076e-01
1.900826990604400635e-01
1.859408020973205566e-01
1.795197725296020508e-01
1.789538562297821045e-01
1.782643795013427734e-01
1.908679008483886719e-01
1.704463660717010498e-01
1.842431724071502686e-01
1.966810226440429688e-01
2.194827795028686523e-01
1.958753764629364014e-01
1.798964142799377441e-01
1.783762574195861816e-01
2.119573652744293213e-01
2.221322953701019287e-01
2.086862921714782715e-01
2.459268867969512939e-01
2.474733889102935791e-01
2.774889469146728516e-01
1.909413039684295654e-01
2.003588080406188965e-01
1.779622733592987061e-01
2.010634541511535645e-01
2.024077177047729492e-01
2.404400408267974854e-01
2.399378418922424316e-01
2.612459063529968262e-01
2.298701703548431396e-01
2.157981991767883301e-01
1.712929308414459229e-01
1.954875886440277100e-01
2.380809485912322998e-01
2.751038074493408203e-01
1.726196706295013428e-01
2.355738878250122070e-01
2.437601685523986816e-01
3.068982958793640137e-01
2.531703710556030273e-01
2.443400025367736816e-01
2.289472222328186035e-01
2.388188838958740234e-01
2.999285757541656494e-01
2.641764879226684570e-01
3.227211236953735352e-01
2.543623447418212891e-01
2.242814302444458008e-01
2.153359651565551758e-01
2.231068313121795654e-01
1.985665559768676758e-01
2.366843223571777344e-01
2.671526670455932617e-01
2.051822841167449951e-01
2.237170636653900146e-01
2.257700860500335693e-01
2.626231610774993896e-01
2.341542541980743408e-01
2.302418053150177002e-01
2.363383471965789795e-01
2.237819433212280273e-01
2.012266814708709717e-01
2.117863297462463379e-01
2.039142251014709473e-01
1.784250438213348389e-01
2.509962916374206543e-01
2.122228443622589111e-01
2.083598673343658447e-01
2.029347121715545654e-01
1.910158395767211914e-01
2.098086476325988770e-01
1.703137755393981934e-01
1.648352444171905518e-01
1.978911161422729492e-01
2.006939053535461426e-01
1.934240162372589111e-01
2.162099778652191162e-01
1.892439424991607666e-01
2.379400730133056641e-01
2.084448933601379395e-01
1.921460032463073730e-01
1.850921213626861572e-01
2.039260864257812500e-01
1.802186965942382812e-01
2.036477029323577881e-01
1.898037195205688477e-01
1.978918015956878662e-01
1.986736655235290527e-01
2.196305692195892334e-01
2.061087787151336670e-01
2.202377617359161377e-01
2.131322026252746582e-01
2.010634839534759521e-01
2.562469244003295898e-01
2.565703988075256348e-01
2.243836224079132080e-01
2.265731692314147949e-01
2.826881408691406250e-01
2.693011760711669922e-01
2.337340116500854492e-01
2.741882205009460449e-01
2.658004760742187500e-01
2.460419237613677979e-01
2.883298099040985107e-01
2.444677054882049561e-01
2.538369297981262207e-01
1.993121802806854248e-01
2.401429712772369385e-01
2.292543351650238037e-01
2.479112744331359863e-01
2.191579639911651611e-01
2.064475119113922119e-01
2.412350177764892578e-01
2.291616499423980713e-01
2.926191985607147217e-01
2.700959444046020508e-01
2.684169411659240723e-01
2.606309354305267334e-01
2.628073394298553467e-01
2.709586024284362793e-01
2.691470980644226074e-01
2.472428679466247559e-01
2.120199203491210938e-01
2.051077783107757568e-01
2.426945269107818604e-01
2.514744997024536133e-01
2.253381907939910889e-01
2.135812342166900635e-01
2.562118768692016602e-01
2.789503335952758789e-01
2.568593621253967285e-01
2.248106002807617188e-01
2.545784115791320801e-01
2.866742312908172607e-01
2.538583874702453613e-01
2.694864273071289062e-01
2.325371503829956055e-01
3.503859043121337891e-01
2.644525766372680664e-01
3.455601930618286133e-01
2.851533889770507812e-01
2.634702920913696289e-01
2.314801216125488281e-01
2.162832617759704590e-01
2.285588681697845459e-01
2.452620863914489746e-01
3.226440548896789551e-01
2.719038426876068115e-01
2.152497470378875732e-01
2.317789196968078613e-01
2.182016074657440186e-01
1.864629387855529785e-01
1.852467954158782959e-01
1.693388819694519043e-01
1.921596825122833252e-01
1.777849197387695312e-01
2.019606530666351318e-01
2.172755300998687744e-01
1.909025609493255615e-01
1.683710515499114990e-01
2.043193876743316650e-01
1.968198716640472412e-01
1.764539480209350586e-01
2.044299840927124023e-01
1.948561668395996094e-01
1.873167157173156738e-01
1.904887855052947998e-01
2.054339051246643066e-01
1.858612298965454102e-01
2.226600348949432373e-01
2.117014825344085693e-01
2.052067220211029053e-01
1.911711394786834717e-01
1.857241094112396240e-01
2.016314864158630371e-01
2.414273321628570557e-01
2.223445177078247070e-01
1.905950903892517090e-01
2.631264328956604004e-01
2.764207124710083008e-01
2.431277930736541748e-01
2.406404018402099609e-01
2.402880489826202393e-01
2.735984027385711670e-01
2.305534482002258301e-01
2.212116122245788574e-01
2.422178983688354492e-01
2.433615922927856445e-01
2.415342330932617188e-01
2.658897638320922852e-01
2.529003620147705078e-01
2.795022130012512207e-01
2.695574164390563965e-01
2.767015099525451660e-01
1.975983679294586182e-01
2.714580893516540527e-01
2.289888858795166016e-01
2.547277808189392090e-01
2.112534940242767334e-01
1.919644474983215332e-01
2.564675211906433105e-01
2.541160583496093750e-01
2.570954561233520508e-01
2.438497245311737061e-01
2.004046440124511719e-01
2.552500963211059570e-01
2.638592422008514404e-01
2.497482895851135254e-01
2.632628679275512695e-01
2.467118203639984131e-01
2.580021023750305176e-01
2.575502395629882812e-01
2.578451037406921387e-01
2.730773985385894775e-01
2.285429239273071289e-01
2.192823588848114014e-01
2.571799159049987793e-01
2.408190071582794189e-01
2.424407899379730225e-01
2.301700711250305176e-01
2.618436515331268311e-01
2.375377118587493896e-01
2.150814831256866455e-01
2.526055276393890381e-01
1.949657797813415527e-01
2.315175533294677734e-01
2.367133498191833496e-01
2.156722843647003174e-01
2.117267847061157227e-01
2.002556920051574707e-01
2.055771052837371826e-01
2.187764942646026611e-01
2.047860026359558105e-01
2.048636078834533691e-01
2.186158895492553711e-01
1.973490715026855469e-01
2.562726736068725586e-01
2.143054008483886719e-01
2.087169885635375977e-01
2.054541110992431641e-01
1.984884440898895264e-01
2.121590375900268555e-01
1.824494898319244385e-01
1.914364695549011230e-01
1.822795569896697998e-01
1.749688386917114258e-01
1.776221096515655518e-01
2.313828468322753906e-01
1.812489926815032959e-01
2.250880897045135498e-01
1.957511305809020996e-01
2.317596375942230225e-01
2.018637359142303467e-01
1.830208599567413330e-01
2.497776150703430176e-01
1.972438991069793701e-01
1.849353313446044922e-01
1.935445368289947510e-01
1.864254772663116455e-01
1.784307360649108887e-01
2.153418958187103271e-01
1.880216598510742188e-01
1.600303351879119873e-01
1.697654128074645996e-01
1.784359216690063477e-01
1.622944474220275879e-01
1.722057163715362549e-01
1.853557527065277100e-01
1.736520528793334961e-01
2.066810429096221924e-01
1.843088865280151367e-01
1.873197257518768311e-01
1.863860487937927246e-01
2.183602154254913330e-01
1.952867805957794189e-01
1.919427514076232910e-01
1.969524919986724854e-01
2.004282772541046143e-01
2.056813240051269531e-01
1.989576816558837891e-01
1.977505087852478027e-01
1.857379674911499023e-01
2.103823125362396240e-01
2.337490320205688477e-01
2.019186615943908691e-01
2.010634541511535645e-01
2.114085555076599121e-01
2.039394974708557129e-01
2.013842761516571045e-01
2.226468026638031006e-01
1.947110891342163086e-01
2.703812122344970703e-01
2.683958411216735840e-01
2.390327453613281250e-01
2.842937111854553223e-01
2.300289273262023926e-01
2.513898015022277832e-01
2.077482342720031738e-01
2.049610912799835205e-01
2.518135309219360352e-01
2.742170095443725586e-01
2.624983787536621094e-01
2.377510964870452881e-01
2.470511496067047119e-01
2.715232372283935547e-01
3.019877672195434570e-01
3.341620564460754395e-01
2.644670009613037109e-01
2.538337707519531250e-01
2.662248611450195312e-01
2.887613475322723389e-01
2.930865287780761719e-01
2.383582890033721924e-01
2.555471360683441162e-01
2.697765231132507324e-01
2.541031539440155029e-01
2.648374438285827637e-01
2.393681704998016357e-01
2.402781248092651367e-01
2.790998816490173340e-01
2.375330626964569092e-01
2.175080776214599609e-01
2.267184853553771973e-01
2.083746194839477539e-01
2.117751836776733398e-01
1.946176588535308838e-01
2.303198575973510742e-01
2.139865159988403320e-01
2.511255741119384766e-01
2.016894221305847168e-01
3.104790449142456055e-01
2.163977921009063721e-01
2.047809064388275146e-01
1.828543841838836670e-01
2.368577122688293457e-01
2.533100247383117676e-01
2.360543608665466309e-01
2.622284293174743652e-01
2.381574809551239014e-01
2.268712222576141357e-01
2.414558827877044678e-01
2.303496897220611572e-01
2.324691414833068848e-01
2.392699718475341797e-01
2.372672557830810547e-01
2.474862337112426758e-01
2.121067345142364502e-01
2.191973328590393066e-01
2.117760777473449707e-01
1.992073357105255127e-01
2.344073057174682617e-01
2.132664918899536133e-01
2.199920713901519775e-01
2.216911613941192627e-01
2.016853690147399902e-01
2.205016613006591797e-01
2.100803852081298828e-01
2.388280034065246582e-01
2.222309410572052002e-01
2.409069538116455078e-01
2.416543662548065186e-01
2.367312908172607422e-01
2.765774130821228027e-01
2.367000281810760498e-01
1.973301172256469727e-01
2.486300468444824219e-01
1.792112588882446289e-01
2.115764915943145752e-01
2.111239433288574219e-01
2.154906392097473145e-01
2.054848372936248779e-01
2.924591898918151855e-01
2.420920729637145996e-01
2.944700121879577637e-01
2.268970310688018799e-01
2.952061891555786133e-01
1.882702708244323730e-01
2.209671735763549805e-01
2.323017716407775879e-01
2.449834048748016357e-01
2.093160152435302734e-01
2.565185427665710449e-01
2.142957746982574463e-01
2.426193654537200928e-01
2.045294046401977539e-01
2.398040294647216797e-01
2.331677377223968506e-01
2.544256448745727539e-01
2.241364717483520508e-01
2.646154463291168213e-01
2.125400900840759277e-01
1.914733946323394775e-01
2.621563971042633057e-01
2.220404744148254395e-01
2.473777532577514648e-01
2.750841379165649414e-01
2.662916183471679688e-01
2.483032047748565674e-01
2.374471724033355713e-01
2.540994882583618164e-01
2.743984460830688477e-01
2.561054229736328125e-01
2.726382017135620117e-01
2.709995508193969727e-01
2.530582845211029053e-01
2.295081019401550293e-01
1.915845572948455811e-01
2.398763597011566162e-01
2.663006186485290527e-01
2.644857764244079590e-01
2.047992348670959473e-01
2.373673021793365479e-01
2.944144606590270996e-01
2.286824285984039307e-01
2.675527334213256836e-01
2.726473808288574219e-01
2.524014711380004883e-01
2.219619750976562500e-01
2.480514645576477051e-01
2.182211875915527344e-01
2.383271455764770508e-01
1.986744403839111328e-01
2.552139759063720703e-01
2.961397171020507812e-01
2.336581945419311523e-01
2.160786390304565430e-01
2.555913329124450684e-01
1.800921857357025146e-01
2.411690652370452881e-01
2.625069022178649902e-01
2.596719861030578613e-01
2.515396475791931152e-01
2.207012176513671875e-01
2.722429931163787842e-01
2.176067233085632324e-01
1.854827105998992920e-01
2.682483196258544922e-01
1.732147932052612305e-01
2.194050550460815430e-01
2.693275213241577148e-01
1.824319660663604736e-01
1.788445115089416504e-01
1.853246390819549561e-01
2.682021856307983398e-01
1.867829561233520508e-01
1.993608176708221436e-01
1.681385338306427002e-01
2.059554457664489746e-01
1.984732449054718018e-01
2.264758348464965820e-01
2.124516367912292480e-01
1.900079846382141113e-01
1.849163472652435303e-01
1.876726150512695312e-01
2.141156494617462158e-01
2.016474604606628418e-01
2.209317088127136230e-01
2.042195796966552734e-01
2.234774529933929443e-01
1.829316318035125732e-01
2.386718094348907471e-01
1.932236850261688232e-01
2.125636041164398193e-01
1.937367022037506104e-01
2.078513801097869873e-01
2.010890245437622070e-01
2.233770787715911865e-01
1.724329292774200439e-01
1.981700360774993896e-01
2.187341153621673584e-01
1.966155767440795898e-01
1.909119784832000732e-01
2.085783183574676514e-01
2.136040031909942627e-01
1.947598755359649658e-01
1.885882914066314697e-01
1.769133806228637695e-01
1.804206073284149170e-01
1.616851687431335449e-01
1.968426108360290527e-01
2.006499171257019043e-01
1.930642724037170410e-01
1.911851465702056885e-01
2.028155624866485596e-01
2.035442292690277100e-01
2.054684460163116455e-01
1.936880350112915039e-01
1.848236322402954102e-01
1.848875880241394043e-01
1.930923163890838623e-01
1.880308389663696289e-01
1.853595674037933350e-01
2.123513519763946533e-01
1.938024461269378662e-01
2.048465907573699951e-01
1.887154877185821533e-01
2.162063419818878174e-01
2.105937898159027100e-01
1.886125802993774414e-01
1.831129193305969238e-01
1.948965191841125488e-01
1.844816803932189941e-01
1.942403912544250488e-01
1.890082061290740967e-01
1.848889887332916260e-01
1.869703531265258789e-01
1.960700750350952148e-01
1.703122556209564209e-01
1.757995784282684326e-01
1.864328086376190186e-01
2.115601897239685059e-01
1.794832646846771240e-01
2.040344178676605225e-01
1.823164224624633789e-01
1.865855157375335693e-01
1.905709207057952881e-01
1.837191879749298096e-01
1.995812654495239258e-01
1.810145974159240723e-01
1.647774279117584229e-01
1.715674400329589844e-01
2.063799202442169189e-01
1.842954158782958984e-01
1.991733312606811523e-01
2.160214483737945557e-01
2.166218757629394531e-01
2.141498029232025146e-01
2.896870374679565430e-01
3.036077022552490234e-01
2.146267592906951904e-01
2.003384828567504883e-01
2.024708986282348633e-01
2.602639794349670410e-01
1.821328401565551758e-01
2.190455794334411621e-01
2.716923952102661133e-01
2.380759716033935547e-01
2.367818355560302734e-01
2.365365028381347656e-01
2.247278392314910889e-01
2.346976995468139648e-01
2.287818789482116699e-01
2.558500170707702637e-01
2.087039351463317871e-01
2.606923580169677734e-01
2.153057754039764404e-01
2.532389461994171143e-01
2.558314800262451172e-01
2.780623435974121094e-01
2.395173013210296631e-01
2.601413428783416748e-01
2.425476610660552979e-01
2.263273894786834717e-01
2.431953847408294678e-01
2.003282606601715088e-01
1.979988515377044678e-01
1.902637481689453125e-01
1.717428863048553467e-01
1.981332600116729736e-01
1.784358024597167969e-01
1.825585067272186279e-01
1.832817494869232178e-01
1.648032367229461670e-01
2.258969843387603760e-01
1.895030140876770020e-01
1.694372594356536865e-01
1.779585480690002441e-01
1.732461154460906982e-01
2.343011498451232910e-01
1.831682920455932617e-01
1.931344270706176758e-01
1.683749258518218994e-01
1.806124448776245117e-01
1.954774856567382812e-01
1.810402870178222656e-01
1.795977056026458740e-01
2.490928471088409424e-01
2.370334565639495850e-01
1.993559598922729492e-01
2.004080116748809814e-01
2.212323546409606934e-01
2.091719806194305420e-01
2.333325147628784180e-01
1.983825564384460449e-01
2.358110547065734863e-01
2.768599987030029297e-01
2.297839522361755371e-01
2.856408059597015381e-01
2.572413980960845947e-01
2.426480054855346680e-01
2.395582497119903564e-01
2.355973422527313232e-01
2.524013519287109375e-01
2.519261538982391357e-01
2.458522319793701172e-01
2.449489533901214600e-01
2.862868905067443848e-01
2.201607823371887207e-01
2.807006835937500000e-01
2.787889838218688965e-01
2.052519321441650391e-01
1.698222756385803223e-01
2.434140741825103760e-01
2.337390780448913574e-01
2.050383090972900391e-01
2.551015019416809082e-01
2.174118161201477051e-01
2.940247356891632080e-01
2.218262851238250732e-01
2.362540960311889648e-01
2.213976383209228516e-01
2.554923892021179199e-01
2.341762185096740723e-01
1.903614997863769531e-01
2.282639145851135254e-01
3.039258718490600586e-01
3.398965001106262207e-01
2.862378358840942383e-01
2.567502260208129883e-01
1.832720339298248291e-01
2.138917446136474609e-01
2.004505395889282227e-01
2.364897727966308594e-01
2.081784009933471680e-01
2.084923684597015381e-01
2.357636392116546631e-01
2.315066158771514893e-01
2.542324662208557129e-01
2.377569675445556641e-01
3.410123288631439209e-01
2.252112329006195068e-01
2.062552869319915771e-01
2.281425297260284424e-01
2.291317284107208252e-01
2.449952661991119385e-01
2.382119297981262207e-01
2.542793452739715576e-01
2.570059895515441895e-01
2.212972342967987061e-01
1.899265944957733154e-01
2.580228447914123535e-01
2.506759762763977051e-01
2.494276165962219238e-01
2.617320418357849121e-01
2.217453122138977051e-01
2.120276093482971191e-01
3.143638372421264648e-01
2.338330447673797607e-01
2.300843894481658936e-01
2.652035355567932129e-01
2.565537989139556885e-01
2.250999510288238525e-01
2.349947690963745117e-01
2.875865101814270020e-01
2.562261521816253662e-01
2.643495798110961914e-01
2.423542439937591553e-01
2.555989027023315430e-01
2.347467243671417236e-01
3.123129606246948242e-01
1.913195550441741943e-01
2.635462880134582520e-01
2.403768599033355713e-01
3.366876244544982910e-01
2.742665112018585205e-01
2.134925723075866699e-01
1.940410733222961426e-01
2.568311095237731934e-01
2.079769968986511230e-01
2.308327555656433105e-01
2.779777050018310547e-01
2.663462758064270020e-01
2.445442676544189453e-01
2.729336619377136230e-01
2.361465990543365479e-01
2.520415782928466797e-01
2.708641886711120605e-01
2.621062397956848145e-01
2.710541188716888428e-01
2.022172510623931885e-01
1.916019320487976074e-01
2.372072935104370117e-01
1.902893781661987305e-01
2.760432362556457520e-01
1.732211112976074219e-01
2.354840636253356934e-01
2.142061591148376465e-01
1.819406747817993164e-01
2.148555517196655273e-01
1.772597730159759521e-01
2.503553032875061035e-01
2.167289555072784424e-01
2.357597053050994873e-01
2.455842792987823486e-01
1.865345239639282227e-01
2.170190513134002686e-01
1.843936741352081299e-01
2.071028053760528564e-01
1.862685382366180420e-01
1.848403811454772949e-01
2.055071294307708740e-01
1.948193013668060303e-01
2.096135020256042480e-01
1.988404393196105957e-01
1.734460890293121338e-01
2.202249467372894287e-01
1.794977486133575439e-01
2.130080163478851318e-01
2.072257697582244873e-01
2.432340681552886963e-01
2.316492795944213867e-01
2.039900124073028564e-01
1.918061971664428711e-01
1.926591694355010986e-01
2.668537497520446777e-01
1.984409093856811523e-01
2.278063893318176270e-01
2.287142574787139893e-01
1.694354712963104248e-01
2.448846995830535889e-01
2.275220155715942383e-01
2.446078956127166748e-01
2.558204829692840576e-01
2.558956146240234375e-01
2.247284650802612305e-01
2.511655688285827637e-01
1.875244975090026855e-01
2.325076162815093994e-01
2.355530261993408203e-01
2.618090510368347168e-01
2.459668219089508057e-01
1.758737266063690186e-01
2.435371875762939453e-01
3.000673651695251465e-01
2.604019045829772949e-01
2.737478613853454590e-01
2.410877645015716553e-01
1.862093806266784668e-01
2.585783004760742188e-01
2.744629383087158203e-01
2.219131290912628174e-01
2.135675847530364990e-01
2.115598320960998535e-01
1.742490828037261963e-01
2.186731398105621338e-01
1.898557841777801514e-01
1.855547726154327393e-01
2.120188474655151367e-01
1.715952455997467041e-01
1.876581609249114990e-01
1.778368353843688965e-01
2.151602804660797119e-01
2.037006318569183350e-01
1.700608134269714355e-01
2.305917739868164062e-01
1.692166328430175781e-01
1.885140836238861084e-01
2.089286744594573975e-01
2.013383507728576660e-01
1.962986886501312256e-01
1.785684823989868164e-01
1.609889268875122070e-01
2.064950764179229736e-01
2.010634541511535645e-01
1.783226728439331055e-01
1.817584633827209473e-01
2.122297883033752441e-01
1.980963945388793945e-01
1.819570362567901611e-01
2.734176218509674072e-01
1.985879242420196533e-01
2.169679105281829834e-01
2.232062220573425293e-01
3.036003708839416504e-01
1.958005130290985107e-01
1.850770115852355957e-01
2.266817688941955566e-01
1.695073843002319336e-01
1.784735620021820068e-01
1.732982099056243896e-01
2.105383574962615967e-01
1.784231662750244141e-01
1.811059415340423584e-01
1.840308904647827148e-01
1.690008640289306641e-01
1.709865629673004150e-01
1.715013980865478516e-01
1.758874058723449707e-01
2.073836326599121094e-01
2.009373903274536133e-01
2.260152101516723633e-01
1.717792451381683350e-01
1.809614300727844238e-01
2.086649239063262939e-01
2.056171298027038574e-01
2.156694233417510986e-01
1.858828067779541016e-01
1.731895208358764648e-01
1.850027441978454590e-01
2.069016396999359131e-01
2.060037553310394287e-01
2.208736538887023926e-01
2.002919018268585205e-01
1.830311417579650879e-01
1.845961809158325195e-01
1.997590363025665283e-01
1.841706335544586182e-01
1.594130992889404297e-01
1.880336701869964600e-01
1.942026913166046143e-01
1.909810602664947510e-01
2.058984339237213135e-01
2.080914378166198730e-01
2.141625583171844482e-01
2.003121376037597656e-01
2.000130712985992432e-01
1.927401423454284668e-01
2.024293839931488037e-01
1.888760924339294434e-01
2.698695659637451172e-01
2.337908744812011719e-01
2.081894278526306152e-01
1.806691288948059082e-01
1.815959811210632324e-01
2.044067382812500000e-01
2.214735746383666992e-01
2.427953481674194336e-01
2.651039958000183105e-01
1.891380548477172852e-01
2.679228782653808594e-01
1.683873236179351807e-01
2.372956871986389160e-01
3.166892528533935547e-01
1.838057041168212891e-01
2.377502918243408203e-01
2.748888134956359863e-01
2.542032301425933838e-01
2.681813240051269531e-01
2.614508569240570068e-01
2.174317538738250732e-01
2.266128063201904297e-01
2.251014113426208496e-01
1.924392580986022949e-01
2.560029923915863037e-01
2.711302340030670166e-01
2.462922930717468262e-01
2.571505010128021240e-01
2.896431386470794678e-01
2.685067951679229736e-01
2.510836720466613770e-01
2.428858578205108643e-01
2.332824170589447021e-01
2.623221874237060547e-01
2.037994265556335449e-01
2.567081153392791748e-01
2.606834769248962402e-01
2.637492120265960693e-01
2.708708643913269043e-01
2.613148689270019531e-01
2.197825312614440918e-01
2.374958992004394531e-01
2.178373634815216064e-01
2.654066085815429688e-01
2.472906708717346191e-01
2.374065816402435303e-01
2.405677735805511475e-01
2.539255023002624512e-01
2.414747774600982666e-01
2.076372802257537842e-01
2.624297440052032471e-01
2.808387279510498047e-01
2.572943866252899170e-01
2.375563085079193115e-01
2.083942592144012451e-01
2.200320959091186523e-01
2.030136585235595703e-01
2.295606732368469238e-01
2.008951604366302490e-01
2.767743468284606934e-01
2.592290639877319336e-01
2.793385684490203857e-01
2.645609676837921143e-01
2.548376917839050293e-01
2.509407699108123779e-01
2.298210859298706055e-01
2.590301632881164551e-01
2.380891740322113037e-01
2.699370086193084717e-01
2.694315314292907715e-01
2.775242328643798828e-01
2.420223057270050049e-01
2.399930953979492188e-01
2.227448225021362305e-01
2.278680503368377686e-01
2.623591423034667969e-01
2.587180733680725098e-01
1.866399049758911133e-01
2.318060994148254395e-01
2.975526452064514160e-01
2.426890432834625244e-01
2.692728340625762939e-01
2.608482837677001953e-01
3.001202940940856934e-01
2.560331821441650391e-01
2.375001907348632812e-01
2.439979910850524902e-01
2.936241626739501953e-01
2.252645492553710938e-01
2.277660965919494629e-01
2.471151649951934814e-01
3.066913485527038574e-01
2.225031256675720215e-01
2.472795844078063965e-01
2.440953552722930908e-01
1.899456977844238281e-01
2.574397325515747070e-01
2.365158200263977051e-01
2.247750461101531982e-01
2.416326403617858887e-01
2.043867111206054688e-01
2.102674841880798340e-01
2.262083292007446289e-01
2.466545104980468750e-01
2.046313583850860596e-01
3.149918317794799805e-01
2.909663915634155273e-01
2.261784374713897705e-01
2.503431439399719238e-01
2.072023749351501465e-01
2.323598265647888184e-01
2.105942070484161377e-01
2.223512530326843262e-01
2.030346095561981201e-01
2.669380307197570801e-01
2.423663735389709473e-01
2.515618801116943359e-01
2.345435321331024170e-01
1.913817226886749268e-01
2.500275373458862305e-01
2.886136472225189209e-01
2.558899521827697754e-01
2.337485253810882568e-01
2.783970236778259277e-01
2.772828042507171631e-01
2.800665497779846191e-01
2.685037851333618164e-01
2.607344985008239746e-01
2.396613657474517822e-01
2.354131937026977539e-01
2.607052922248840332e-01
2.538985013961791992e-01
2.179680168628692627e-01
2.619073987007141113e-01
2.785923480987548828e-01
2.333385646343231201e-01
2.953596115112304688e-01
2.523227930068969727e-01
3.354581594467163086e-01
2.747408151626586914e-01
2.684413790702819824e-01
2.592124938964843750e-01
2.024971842765808105e-01
2.007199823856353760e-01
1.971965134143829346e-01
2.216384112834930420e-01
2.194911837577819824e-01
2.439402043819427490e-01
2.052451372146606445e-01
2.046099603176116943e-01
2.066261470317840576e-01
2.125220894813537598e-01
2.332056164741516113e-01
2.656093239784240723e-01
2.295051813125610352e-01
1.946341395378112793e-01
1.862024366855621338e-01
2.278223037719726562e-01
2.023951411247253418e-01
2.156207263469696045e-01
1.755387783050537109e-01
2.038142383098602295e-01
1.903206110000610352e-01
1.990145146846771240e-01
1.897886693477630615e-01
2.126213014125823975e-01
1.784237325191497803e-01
2.072659134864807129e-01
1.701373159885406494e-01
1.851693689823150635e-01
2.206535041332244873e-01
1.858531534671783447e-01
2.130048871040344238e-01
1.756676435470581055e-01
2.126044332981109619e-01
1.739664375782012939e-01
1.850109100341796875e-01
1.844299733638763428e-01
1.694411933422088623e-01
2.158350944519042969e-01
2.291742861270904541e-01
1.986829638481140137e-01
2.093716561794281006e-01
2.015754878520965576e-01
2.003712058067321777e-01
1.890585422515869141e-01
2.483363151550292969e-01
3.340392112731933594e-01
2.062872350215911865e-01
3.105795383453369141e-01
2.418800294399261475e-01
2.246507406234741211e-01
2.312704324722290039e-01
2.783578336238861084e-01
3.312675952911376953e-01
2.069118320941925049e-01
3.674465417861938477e-01
1.863456666469573975e-01
2.238405942916870117e-01
3.166849017143249512e-01
2.026797235012054443e-01
3.533501029014587402e-01
3.028734326362609863e-01
2.719055116176605225e-01
3.006371557712554932e-01
3.145446777343750000e-01
2.738841474056243896e-01
2.881285548210144043e-01
2.204291522502899170e-01
2.511146962642669678e-01
1.905103623867034912e-01
2.752108573913574219e-01
2.289615273475646973e-01
3.383053541183471680e-01
2.258544266223907471e-01
2.567096054553985596e-01
3.085277974605560303e-01
2.326321899890899658e-01
2.607451379299163818e-01
2.330875992774963379e-01
2.672544121742248535e-01
2.530872821807861328e-01
1.981208920478820801e-01
2.856398820877075195e-01
2.387341558933258057e-01
2.733279466629028320e-01
2.234730422496795654e-01
2.308483719825744629e-01
2.669066786766052246e-01
2.301251590251922607e-01
2.255475819110870361e-01
2.070039212703704834e-01
2.476031482219696045e-01
2.300327718257904053e-01
2.017785310745239258e-01
1.886690855026245117e-01
2.375625669956207275e-01
2.560152113437652588e-01
2.447416782379150391e-01
2.509826421737670898e-01
1.901291310787200928e-01
2.329319119453430176e-01
1.691409647464752197e-01
2.304460704326629639e-01
2.815255522727966309e-01
1.896013319492340088e-01
2.032372951507568359e-01
1.847090721130371094e-01
1.949663162231445312e-01
2.003270685672760010e-01
1.939775347709655762e-01
1.992399394512176514e-01
2.043641805648803711e-01
2.388823330402374268e-01
1.996696889400482178e-01
1.846573054790496826e-01
2.006041556596755981e-01
1.809127330780029297e-01
