5.015304088592529297e-01
5.035998821258544922e-01
4.994439184665679932e-01
4.993343055248260498e-01
4.993459880352020264e-01
4.994314610958099365e-01
4.992805421352386475e-01
4.992816746234893799e-01
4.992810785770416260e-01
4.992784261703491211e-01
4.992842674255371094e-01
4.993295967578887939e-01
5.073126554489135742e-01
5.024658441543579102e-01
4.993073046207427979e-01
5.090536475181579590e-01
5.038197636604309082e-01
4.994239211082458496e-01
4.993749558925628662e-01
5.014635324478149414e-01
5.012144446372985840e-01
5.014445185661315918e-01
5.039172172546386719e-01
4.997589290142059326e-01
5.003421306610107422e-01
4.992808401584625244e-01
4.994367361068725586e-01
5.001537799835205078e-01
4.996880590915679932e-01
4.993873238563537598e-01
5.005019903182983398e-01
4.992927014827728271e-01
4.993141889572143555e-01
4.996052682399749756e-01
4.995335638523101807e-01
4.993045628070831299e-01
4.992885291576385498e-01
4.992889165878295898e-01
4.992829561233520508e-01
4.998005926609039307e-01
4.993017017841339111e-01
4.993328750133514404e-01
5.122637748718261719e-01
4.995994567871093750e-01
4.993508160114288330e-01
4.995140731334686279e-01
5.129092931747436523e-01
4.992949366569519043e-01
5.074468255043029785e-01
5.019952058792114258e-01
5.022076964378356934e-01
4.996919929981231689e-01
5.019886493682861328e-01
5.002200603485107422e-01
4.993555247783660889e-01
5.019935965538024902e-01
5.019935965538024902e-01
5.093275904655456543e-01
4.996877312660217285e-01
4.994772076606750488e-01
4.993565082550048828e-01
5.217525959014892578e-01
4.996120631694793701e-01
4.894259572029113770e-01
4.992946684360504150e-01
5.046995878219604492e-01
5.007514953613281250e-01
5.135160684585571289e-01
5.113329887390136719e-01
5.019935965538024902e-01
4.996877312660217285e-01
5.121520161628723145e-01
5.106672048568725586e-01
4.984660446643829346e-01
4.996877312660217285e-01
5.011836290359497070e-01
4.994028210639953613e-01
5.010976195335388184e-01
4.993343055248260498e-01
4.999624192714691162e-01
5.031844973564147949e-01
5.006428956985473633e-01
4.993642866611480713e-01
4.995122551918029785e-01
4.994302392005920410e-01
4.993898272514343262e-01
5.040138959884643555e-01
4.992856085300445557e-01
4.993343055248260498e-01
4.996877312660217285e-01
5.165193080902099609e-01
5.037463903427124023e-01
5.019935965538024902e-01
5.019935965538024902e-01
5.007544159889221191e-01
5.005483627319335938e-01
4.993343055248260498e-01
4.993343055248260498e-01
5.045612454414367676e-01
5.019935965538024902e-01
4.946706891059875488e-01
4.995074272155761719e-01
4.997805655002593994e-01
4.997088909149169922e-01
4.993343055248260498e-01
4.993343055248260498e-01
4.993411302566528320e-01
4.996877312660217285e-01
4.993343055248260498e-01
4.996877312660217285e-01
4.994423091411590576e-01
5.146217346191406250e-01
5.019845366477966309e-01
5.007577538490295410e-01
4.998446106910705566e-01
5.036783218383789062e-01
5.019935965538024902e-01
5.024251937866210938e-01
4.966554045677185059e-01
5.019935965538024902e-01
4.999626874923706055e-01
5.001510381698608398e-01
5.052953958511352539e-01
4.996877312660217285e-01
4.995212554931640625e-01
4.939686954021453857e-01
5.001106858253479004e-01
5.029322504997253418e-01
4.995065033435821533e-01
4.944945871829986572e-01
5.017175674438476562e-01
4.999580979347229004e-01
5.016524195671081543e-01
4.993343055248260498e-01
5.001104474067687988e-01
4.993945360183715820e-01
4.993343055248260498e-01
5.011732578277587891e-01
4.993343055248260498e-01
4.997683167457580566e-01
4.993343055248260498e-01
5.001379847526550293e-01
4.993343055248260498e-01
4.993343055248260498e-01
4.993764162063598633e-01
4.994170367717742920e-01
4.996877312660217285e-01
4.993881583213806152e-01
5.019935965538024902e-01
4.996396303176879883e-01
4.993376433849334717e-01
4.996116757392883301e-01
4.915612637996673584e-01
4.993809759616851807e-01
4.994745850563049316e-01
4.992932975292205811e-01
4.993343055248260498e-01
4.995048344135284424e-01
5.002605915069580078e-01
4.993343055248260498e-01
4.993343055248260498e-01
4.993583559989929199e-01
4.995689988136291504e-01
4.993343055248260498e-01
5.013037919998168945e-01
4.995077848434448242e-01
4.996029734611511230e-01
4.993343055248260498e-01
4.993781447410583496e-01
4.993342757225036621e-01
4.998124241828918457e-01
4.996877610683441162e-01
4.993588924407958984e-01
5.071734786033630371e-01
