4.297814071178436279e-01
4.297814071178436279e-01
4.297814071178436279e-01
4.297814071178436279e-01
4.297814071178436279e-01
4.297814071178436279e-01
4.297814071178436279e-01
4.297814071178436279e-01
4.297814071178436279e-01
4.297814071178436279e-01
4.297814071178436279e-01
4.297814071178436279e-01
4.297814071178436279e-01
4.297814071178436279e-01
4.297814071178436279e-01
4.297814071178436279e-01
4.297814071178436279e-01
4.297814071178436279e-01
4.293429255485534668e-01
4.297814071178436279e-01
4.297814071178436279e-01
4.297814071178436279e-01
4.297814071178436279e-01
4.297814071178436279e-01
4.297814071178436279e-01
4.297814071178436279e-01
4.297814071178436279e-01
4.297814071178436279e-01
4.297814071178436279e-01
4.297814071178436279e-01
4.297814071178436279e-01
4.297814071178436279e-01
4.297814071178436279e-01
4.297814071178436279e-01
4.297814071178436279e-01
4.297814071178436279e-01
4.297814071178436279e-01
4.297814071178436279e-01
4.297814071178436279e-01
4.297814071178436279e-01
4.297814071178436279e-01
4.297814071178436279e-01
4.297814071178436279e-01
4.297814071178436279e-01
4.297814071178436279e-01
4.297814071178436279e-01
4.297814071178436279e-01
4.297814071178436279e-01
4.297814071178436279e-01
4.297814071178436279e-01
4.297814071178436279e-01
4.297814071178436279e-01
4.297814071178436279e-01
4.297814071178436279e-01
4.297814071178436279e-01
4.297814071178436279e-01
4.297814071178436279e-01
4.297814071178436279e-01
4.297814071178436279e-01
4.297814071178436279e-01
4.297814071178436279e-01
4.297814071178436279e-01
4.297814071178436279e-01
4.297814071178436279e-01
4.297814071178436279e-01
4.297814071178436279e-01
4.297814071178436279e-01
4.297814071178436279e-01
4.297814071178436279e-01
4.297814071178436279e-01
4.297814071178436279e-01
4.297814071178436279e-01
4.297814071178436279e-01
4.297814071178436279e-01
4.297814071178436279e-01
4.297814071178436279e-01
4.297814071178436279e-01
4.297814071178436279e-01
4.297814071178436279e-01
4.297814071178436279e-01
4.297814071178436279e-01
4.297814071178436279e-01
4.297814071178436279e-01
4.297814071178436279e-01
4.297814071178436279e-01
4.297814071178436279e-01
4.297814071178436279e-01
4.297814071178436279e-01
4.297814071178436279e-01
4.297814071178436279e-01
4.297814071178436279e-01
4.297814071178436279e-01
4.297814071178436279e-01
4.297814071178436279e-01
4.297814071178436279e-01
4.297814071178436279e-01
4.297814071178436279e-01
4.297814071178436279e-01
4.297814071178436279e-01
4.297814071178436279e-01
4.297814071178436279e-01
4.297814071178436279e-01
4.297814071178436279e-01
4.297814071178436279e-01
4.829456806182861328e-01
4.297814071178436279e-01
4.297814071178436279e-01
4.297814071178436279e-01
4.297814071178436279e-01
4.297814071178436279e-01
4.297814071178436279e-01
4.297814071178436279e-01
4.297814071178436279e-01
4.297814071178436279e-01
4.297814071178436279e-01
4.297814071178436279e-01
4.297814071178436279e-01
4.297814071178436279e-01
4.297814071178436279e-01
4.297814071178436279e-01
4.297814071178436279e-01
4.297814071178436279e-01
4.297814071178436279e-01
4.297814071178436279e-01
4.297814071178436279e-01
4.297814071178436279e-01
4.297814071178436279e-01
4.297814071178436279e-01
4.297814071178436279e-01
4.297814071178436279e-01
4.297814071178436279e-01
4.297814071178436279e-01
4.297814071178436279e-01
4.297814071178436279e-01
4.297814071178436279e-01
4.297814071178436279e-01
4.297814071178436279e-01
4.297814071178436279e-01
4.297814071178436279e-01
4.297814071178436279e-01
4.297814071178436279e-01
4.297814071178436279e-01
4.297814071178436279e-01
4.297814071178436279e-01
4.297814071178436279e-01
4.297814071178436279e-01
4.297814071178436279e-01
4.297814071178436279e-01
4.297814071178436279e-01
4.297814071178436279e-01
4.297814071178436279e-01
4.297814071178436279e-01
4.297814071178436279e-01
4.297814071178436279e-01
4.297814071178436279e-01
4.297814071178436279e-01
4.297814071178436279e-01
4.297814071178436279e-01
4.297814071178436279e-01
4.297814071178436279e-01
4.297814071178436279e-01
4.297814071178436279e-01
4.297814071178436279e-01
4.297814071178436279e-01
4.297814071178436279e-01
4.297814071178436279e-01
4.297814071178436279e-01
4.297814071178436279e-01
4.297814071178436279e-01
4.297814071178436279e-01
4.297814071178436279e-01
4.297814071178436279e-01
4.297814071178436279e-01
4.297814071178436279e-01
4.297814071178436279e-01
4.297814071178436279e-01
4.297814071178436279e-01
4.297814071178436279e-01
4.297814071178436279e-01
4.297814071178436279e-01
4.297814071178436279e-01
4.297814071178436279e-01
4.297814071178436279e-01
4.297814071178436279e-01
4.297814071178436279e-01
4.297814071178436279e-01
4.297814071178436279e-01
4.297814071178436279e-01
4.297814071178436279e-01
4.297814071178436279e-01
4.297814071178436279e-01
4.297814071178436279e-01
4.297814071178436279e-01
4.297814071178436279e-01
4.297814071178436279e-01
4.297814071178436279e-01
4.297814071178436279e-01
4.297814071178436279e-01
4.297814071178436279e-01
4.297814071178436279e-01
4.297814071178436279e-01
4.297814071178436279e-01
4.297814071178436279e-01
4.297814071178436279e-01
4.297814071178436279e-01
4.297814071178436279e-01
4.297814071178436279e-01
4.297814071178436279e-01
4.297814071178436279e-01
4.297814071178436279e-01
4.297814071178436279e-01
4.297814071178436279e-01
4.297814071178436279e-01
4.297814071178436279e-01
4.297814071178436279e-01
4.297814071178436279e-01
4.297814071178436279e-01
4.297814071178436279e-01
4.297814071178436279e-01
4.297814071178436279e-01
4.297814071178436279e-01
4.297814071178436279e-01
4.297814071178436279e-01
4.297814071178436279e-01
4.297814071178436279e-01
4.297814071178436279e-01
4.090903699398040771e-01
4.297814071178436279e-01
4.297814071178436279e-01
4.297814071178436279e-01
4.297814071178436279e-01
4.297814071178436279e-01
4.297814071178436279e-01
4.297814071178436279e-01
4.297814071178436279e-01
4.297814071178436279e-01
4.297814071178436279e-01
4.297814071178436279e-01
4.297814071178436279e-01
4.297814071178436279e-01
4.297814071178436279e-01
4.297814071178436279e-01
4.297814071178436279e-01
4.297814071178436279e-01
4.297814071178436279e-01
4.297814071178436279e-01
4.297814071178436279e-01
4.297814071178436279e-01
4.297814071178436279e-01
4.297814071178436279e-01
4.297814071178436279e-01
4.297814071178436279e-01
4.297814071178436279e-01
4.297814071178436279e-01
4.297814071178436279e-01
4.297814071178436279e-01
4.297814071178436279e-01
4.297814071178436279e-01
4.297814071178436279e-01
4.297814071178436279e-01
4.297814071178436279e-01
4.297814071178436279e-01
4.297814071178436279e-01
4.297814071178436279e-01
4.297814071178436279e-01
4.297814071178436279e-01
4.297814071178436279e-01
4.297814071178436279e-01
4.297814071178436279e-01
4.297814071178436279e-01
4.297814071178436279e-01
4.297814071178436279e-01
4.297814071178436279e-01
4.296176433563232422e-01
4.297814071178436279e-01
4.301117956638336182e-01
4.302495121955871582e-01
4.297814071178436279e-01
4.297814071178436279e-01
4.297814071178436279e-01
4.297814071178436279e-01
4.297814071178436279e-01
4.297814071178436279e-01
4.297814071178436279e-01
4.297814071178436279e-01
4.297814071178436279e-01
4.297814071178436279e-01
4.297814071178436279e-01
4.297814071178436279e-01
4.297814071178436279e-01
4.297814071178436279e-01
4.297814071178436279e-01
4.297814071178436279e-01
4.297814071178436279e-01
4.297814071178436279e-01
4.297814071178436279e-01
4.297814071178436279e-01
4.297814071178436279e-01
4.297814071178436279e-01
3.953347802162170410e-01
4.297814071178436279e-01
4.297814071178436279e-01
4.297814071178436279e-01
4.297814071178436279e-01
4.297814071178436279e-01
4.297814071178436279e-01
4.297814071178436279e-01
4.297814071178436279e-01
4.297814071178436279e-01
4.297814071178436279e-01
4.297814071178436279e-01
4.297814071178436279e-01
4.297814071178436279e-01
4.297814071178436279e-01
4.297814071178436279e-01
4.297814071178436279e-01
4.297814071178436279e-01
4.297814071178436279e-01
4.297814071178436279e-01
4.297814071178436279e-01
4.297814071178436279e-01
4.297814071178436279e-01
4.297814071178436279e-01
4.297814071178436279e-01
4.297814071178436279e-01
4.297814071178436279e-01
4.297814071178436279e-01
4.297814071178436279e-01
4.297814071178436279e-01
4.297814071178436279e-01
4.297814071178436279e-01
4.297814071178436279e-01
4.297814071178436279e-01
4.297814071178436279e-01
4.229464232921600342e-01
4.297814071178436279e-01
4.297814071178436279e-01
4.207796156406402588e-01
4.297814071178436279e-01
3.953346610069274902e-01
4.297814071178436279e-01
4.297814071178436279e-01
4.297814071178436279e-01
4.297814071178436279e-01
4.297814071178436279e-01
4.297814071178436279e-01
4.297814071178436279e-01
4.297814071178436279e-01
4.297814071178436279e-01
4.297814071178436279e-01
4.297814071178436279e-01
4.297814071178436279e-01
4.297814071178436279e-01
4.297814071178436279e-01
4.297814071178436279e-01
4.297814071178436279e-01
4.297814071178436279e-01
4.297814071178436279e-01
4.280892312526702881e-01
4.297814071178436279e-01
4.297814071178436279e-01
4.297814071178436279e-01
4.297814071178436279e-01
4.297814071178436279e-01
4.297814071178436279e-01
4.035704433917999268e-01
4.297814071178436279e-01
4.297814071178436279e-01
4.297814071178436279e-01
4.297814071178436279e-01
4.297814071178436279e-01
4.284717738628387451e-01
4.297814071178436279e-01
4.297814071178436279e-01
4.297814071178436279e-01
4.297814071178436279e-01
4.174915552139282227e-01
4.169809818267822266e-01
4.297814071178436279e-01
4.297814071178436279e-01
4.297814071178436279e-01
4.297814071178436279e-01
4.297814071178436279e-01
4.162267148494720459e-01
