4.644162952899932861e-01
4.772833585739135742e-01
4.985783696174621582e-01
4.705753326416015625e-01
5.000686049461364746e-01
4.946150481700897217e-01
4.619501829147338867e-01
4.932233691215515137e-01
4.843988716602325439e-01
4.791552126407623291e-01
4.721676409244537354e-01
4.867738485336303711e-01
5.057196021080017090e-01
5.505723357200622559e-01
4.908783435821533203e-01
5.132012963294982910e-01
5.068991184234619141e-01
4.657023549079895020e-01
4.901659190654754639e-01
4.842452704906463623e-01
4.832097589969635010e-01
4.803828895092010498e-01
4.484435319900512695e-01
4.908783435821533203e-01
4.479330778121948242e-01
5.010994076728820801e-01
4.833177030086517334e-01
5.041415095329284668e-01
4.746552407741546631e-01
5.651426315307617188e-01
4.922743439674377441e-01
4.936370253562927246e-01
5.131161212921142578e-01
4.560187458992004395e-01
4.972356259822845459e-01
4.922938644886016846e-01
4.676830172538757324e-01
4.872816205024719238e-01
4.893291294574737549e-01
4.895385205745697021e-01
4.892184734344482422e-01
4.668233394622802734e-01
4.906064271926879883e-01
4.830842316150665283e-01
4.693993031978607178e-01
4.970224797725677490e-01
4.824797511100769043e-01
4.881193339824676514e-01
4.699429273605346680e-01
4.926821887493133545e-01
5.090406537055969238e-01
5.359984636306762695e-01
5.280222296714782715e-01
4.873286187648773193e-01
4.915280342102050781e-01
5.146349072456359863e-01
5.098574757575988770e-01
5.019195079803466797e-01
5.069963335990905762e-01
4.766684472560882568e-01
4.890736341476440430e-01
5.223091244697570801e-01
5.158113837242126465e-01
4.864504933357238770e-01
4.909642636775970459e-01
4.969865679740905762e-01
5.473018288612365723e-01
5.115794539451599121e-01
4.717891514301300049e-01
5.158916711807250977e-01
4.905971884727478027e-01
4.987961053848266602e-01
4.840506911277770996e-01
4.736939370632171631e-01
4.941339790821075439e-01
4.793587923049926758e-01
5.549805164337158203e-01
4.881601333618164062e-01
4.773337841033935547e-01
4.979300200939178467e-01
4.847521781921386719e-01
5.337910652160644531e-01
4.698335230350494385e-01
5.415844917297363281e-01
4.982031881809234619e-01
4.959009885787963867e-01
4.904154539108276367e-01
4.545656144618988037e-01
4.933460056781768799e-01
4.498727619647979736e-01
4.647078216075897217e-01
4.738597571849822998e-01
4.983114600181579590e-01
5.034521222114562988e-01
4.904428720474243164e-01
4.729454815387725830e-01
4.629310369491577148e-01
4.773696362972259521e-01
4.757236838340759277e-01
4.657402932643890381e-01
5.085883140563964844e-01
4.902935326099395752e-01
4.594504535198211670e-01
4.697117209434509277e-01
4.846713840961456299e-01
4.657236933708190918e-01
5.113098025321960449e-01
4.734556674957275391e-01
4.771645665168762207e-01
4.664397537708282471e-01
4.690203666687011719e-01
5.016836524009704590e-01
5.075467824935913086e-01
5.062651634216308594e-01
4.942141175270080566e-01
4.892434775829315186e-01
4.481287896633148193e-01
5.020991563796997070e-01
5.022726058959960938e-01
4.614806175231933594e-01
5.064740180969238281e-01
4.509553611278533936e-01
4.700468778610229492e-01
5.122312903404235840e-01
4.990609288215637207e-01
4.475160837173461914e-01
4.144262969493865967e-01
4.971794486045837402e-01
4.601218104362487793e-01
4.618862867355346680e-01
4.791001379489898682e-01
4.733108580112457275e-01
5.027887225151062012e-01
4.880408942699432373e-01
5.113860964775085449e-01
4.756885468959808350e-01
4.847909808158874512e-01
5.391089916229248047e-01
5.031790137290954590e-01
5.055392384529113770e-01
4.053581953048706055e-01
4.948822557926177979e-01
4.698685705661773682e-01
4.971217811107635498e-01
4.914296269416809082e-01
4.899877607822418213e-01
4.946651756763458252e-01
4.908422529697418213e-01
5.140174627304077148e-01
4.480787515640258789e-01
4.811780452728271484e-01
4.778213202953338623e-01
4.942200183868408203e-01
5.004035234451293945e-01
4.958684146404266357e-01
5.096223354339599609e-01
4.675703048706054688e-01
4.711890220642089844e-01
4.842246770858764648e-01
4.709681570529937744e-01
4.980671405792236328e-01
5.045322775840759277e-01
5.088487267494201660e-01
5.101710557937622070e-01
4.579832553863525391e-01
5.135383605957031250e-01
4.926794767379760742e-01
4.543655514717102051e-01
4.909923970699310303e-01
5.132398605346679688e-01
4.812146425247192383e-01
5.103694200515747070e-01
5.101760625839233398e-01
4.968154430389404297e-01
5.044720768928527832e-01
5.162150859832763672e-01
5.257514119148254395e-01
4.843815863132476807e-01
4.752712845802307129e-01
5.189924836158752441e-01
4.746854901313781738e-01
4.894753098487854004e-01
5.101381540298461914e-01
4.910017549991607666e-01
4.949987530708312988e-01
4.949638247489929199e-01
5.086437463760375977e-01
4.695154130458831787e-01
4.989369809627532959e-01
4.997542798519134521e-01
5.011219978332519531e-01
4.925748109817504883e-01
5.030013322830200195e-01
4.838954806327819824e-01
4.766825139522552490e-01
5.112806558609008789e-01
4.795914888381958008e-01
5.013075470924377441e-01
4.541612565517425537e-01
4.769346714019775391e-01
4.979542195796966553e-01
4.885877370834350586e-01
4.782524704933166504e-01
4.833288192749023438e-01
5.191010236740112305e-01
5.188280344009399414e-01
4.983792603015899658e-01
5.274482369422912598e-01
5.153591632843017578e-01
5.178356766700744629e-01
4.812370538711547852e-01
4.914254248142242432e-01
4.980650544166564941e-01
4.974399507045745850e-01
4.721801280975341797e-01
4.715338349342346191e-01
5.370525121688842773e-01
4.725935757160186768e-01
5.078136324882507324e-01
5.252104997634887695e-01
4.780350029468536377e-01
4.514155685901641846e-01
4.605689048767089844e-01
4.949719011783599854e-01
5.010427832603454590e-01
4.714049100875854492e-01
4.757691323757171631e-01
5.130851268768310547e-01
4.870489835739135742e-01
5.264010429382324219e-01
5.040225386619567871e-01
5.189497470855712891e-01
4.799806177616119385e-01
4.716916680335998535e-01
4.699569046497344971e-01
5.042700171470642090e-01
4.796518981456756592e-01
4.699409306049346924e-01
5.245095491409301758e-01
4.762835502624511719e-01
5.042598247528076172e-01
4.681641161441802979e-01
5.144270658493041992e-01
4.738154411315917969e-01
4.543127417564392090e-01
4.879156053066253662e-01
4.966335892677307129e-01
4.550176262855529785e-01
4.603263735771179199e-01
4.773539304733276367e-01
5.179151892662048340e-01
4.943518936634063721e-01
5.036027431488037109e-01
4.770545661449432373e-01
5.071577429771423340e-01
5.316206216812133789e-01
4.471721053123474121e-01
5.100792050361633301e-01
4.682307839393615723e-01
4.702250957489013672e-01
4.694298803806304932e-01
4.787384569644927979e-01
4.418678581714630127e-01
4.654504656791687012e-01
4.917155206203460693e-01
5.143727064132690430e-01
4.930660426616668701e-01
5.060346722602844238e-01
4.744322896003723145e-01
5.660189986228942871e-01
5.243813991546630859e-01
5.045758485794067383e-01
5.212091803550720215e-01
5.252544879913330078e-01
4.873286187648773193e-01
4.978280067443847656e-01
5.060567855834960938e-01
5.096639990806579590e-01
4.642901420593261719e-01
4.759201109409332275e-01
4.758571088314056396e-01
5.100517272949218750e-01
5.349730253219604492e-01
5.045580863952636719e-01
5.086008310317993164e-01
5.081547498703002930e-01
4.672999680042266846e-01
4.753471612930297852e-01
4.469500482082366943e-01
4.588394761085510254e-01
5.255963206291198730e-01
4.693993330001831055e-01
4.769434034824371338e-01
4.692168235778808594e-01
4.899105131626129150e-01
5.158606767654418945e-01
5.034980177879333496e-01
4.802134037017822266e-01
4.792634546756744385e-01
4.949084520339965820e-01
5.147125124931335449e-01
4.903854429721832275e-01
5.010927319526672363e-01
4.811649024486541748e-01
4.698630571365356445e-01
5.497513413429260254e-01
4.987614750862121582e-01
5.220288634300231934e-01
5.041662454605102539e-01
4.505124986171722412e-01
5.060927867889404297e-01
5.029828548431396484e-01
5.233399868011474609e-01
4.812816679477691650e-01
5.093065500259399414e-01
4.230293333530426025e-01
4.823774993419647217e-01
4.955660104751586914e-01
4.977068305015563965e-01
4.721697866916656494e-01
4.874207377433776855e-01
4.775680005550384521e-01
4.734640717506408691e-01
4.715210199356079102e-01
5.086053609848022461e-01
4.777185618877410889e-01
4.787372946739196777e-01
4.805593490600585938e-01
4.783592820167541504e-01
4.697279632091522217e-01
4.855034649372100830e-01
5.238996148109436035e-01
4.823325574398040771e-01
4.669209122657775879e-01
4.810037612915039062e-01
4.723968505859375000e-01
4.546133875846862793e-01
4.827350974082946777e-01
5.011346936225891113e-01
4.841246008872985840e-01
4.682109951972961426e-01
4.911012053489685059e-01
4.748383164405822754e-01
5.245680809020996094e-01
4.965856373310089111e-01
4.862934648990631104e-01
4.925899207592010498e-01
4.603348076343536377e-01
4.776458442211151123e-01
5.110587477684020996e-01
4.899559020996093750e-01
4.875832498073577881e-01
4.745460748672485352e-01
5.205985307693481445e-01
5.128524899482727051e-01
4.797060787677764893e-01
4.650375843048095703e-01
4.785854816436767578e-01
5.155491828918457031e-01
4.918725192546844482e-01
4.871158301830291748e-01
4.640073478221893311e-01
4.980512559413909912e-01
4.915633797645568848e-01
5.016595721244812012e-01
4.850760102272033691e-01
4.700229167938232422e-01
4.975055158138275146e-01
4.795745313167572021e-01
4.669208824634552002e-01
4.805533885955810547e-01
4.986844956874847412e-01
4.982782900333404541e-01
4.664287269115447998e-01
4.679984152317047119e-01
4.656909108161926270e-01
4.666227996349334717e-01
4.930903315544128418e-01
4.995658993721008301e-01
5.103686451911926270e-01
4.812621176242828369e-01
4.806223809719085693e-01
4.777261614799499512e-01
4.761112034320831299e-01
4.553599357604980469e-01
4.981246888637542725e-01
4.760734736919403076e-01
4.943574666976928711e-01
4.590774774551391602e-01
4.785045981407165527e-01
4.842526316642761230e-01
4.831428825855255127e-01
4.829209744930267334e-01
5.148425102233886719e-01
4.817492961883544922e-01
4.552005231380462646e-01
4.846358895301818848e-01
4.870863556861877441e-01
4.388819932937622070e-01
4.963365197181701660e-01
4.663734734058380127e-01
4.493602514266967773e-01
4.943398833274841309e-01
4.457229971885681152e-01
4.709322154521942139e-01
4.909214973449707031e-01
4.756646752357482910e-01
4.753178656101226807e-01
5.087442994117736816e-01
5.024692416191101074e-01
4.700615108013153076e-01
4.654287993907928467e-01
4.669209718704223633e-01
4.940271377563476562e-01
5.253475308418273926e-01
4.843931496143341064e-01
4.508256912231445312e-01
4.795011878013610840e-01
5.424185991287231445e-01
4.707248806953430176e-01
4.892878234386444092e-01
4.807395935058593750e-01
4.759002625942230225e-01
4.884316921234130859e-01
4.774337708950042725e-01
4.931473135948181152e-01
4.560016095638275146e-01
4.586752355098724365e-01
5.254900455474853516e-01
4.942006170749664307e-01
4.948402345180511475e-01
4.589496552944183350e-01
4.637907147407531738e-01
4.436066150665283203e-01
4.693270325660705566e-01
4.817110002040863037e-01
5.184546113014221191e-01
4.755421876907348633e-01
4.733133614063262939e-01
4.722999036312103271e-01
4.865029454231262207e-01
5.006328225135803223e-01
4.846193492412567139e-01
5.188466310501098633e-01
5.211141109466552734e-01
4.750990271568298340e-01
4.762042760848999023e-01
4.758812189102172852e-01
4.955961704254150391e-01
5.087022185325622559e-01
4.987049102783203125e-01
4.701353013515472412e-01
4.603035748004913330e-01
4.831799268722534180e-01
4.762974381446838379e-01
4.740645289421081543e-01
5.013451576232910156e-01
5.109644532203674316e-01
5.106106400489807129e-01
4.621530175209045410e-01
5.047380328178405762e-01
5.247403979301452637e-01
4.583799242973327637e-01
4.523288607597351074e-01
4.740836620330810547e-01
5.245409607887268066e-01
4.819608330726623535e-01
4.773464202880859375e-01
4.905543327331542969e-01
4.742394685745239258e-01
5.062037706375122070e-01
5.086945295333862305e-01
4.490689039230346680e-01
5.022913813591003418e-01
4.721048772335052490e-01
5.003854036331176758e-01
4.964596629142761230e-01
4.666020274162292480e-01
4.855057895183563232e-01
5.567323565483093262e-01
4.560320377349853516e-01
5.172748565673828125e-01
4.841608405113220215e-01
4.995349347591400146e-01
5.537006855010986328e-01
5.015261769294738770e-01
5.077846050262451172e-01
4.966502189636230469e-01
4.501275122165679932e-01
4.445686340332031250e-01
4.713743329048156738e-01
5.080246925354003906e-01
5.187877416610717773e-01
4.497378468513488770e-01
4.699251651763916016e-01
5.078756213188171387e-01
4.740237593650817871e-01
5.010942816734313965e-01
4.800721406936645508e-01
5.088405609130859375e-01
5.197519659996032715e-01
4.547251462936401367e-01
5.357499122619628906e-01
5.235840678215026855e-01
4.635678827762603760e-01
4.756554961204528809e-01
4.525362551212310791e-01
4.448081254959106445e-01
4.952808320522308350e-01
5.328426957130432129e-01
4.915090501308441162e-01
5.227379798889160156e-01
5.154854059219360352e-01
5.176327824592590332e-01
4.737259149551391602e-01
4.836109578609466553e-01
4.926624298095703125e-01
4.958140552043914795e-01
5.025741457939147949e-01
4.688650965690612793e-01
4.921286106109619141e-01
4.722996354103088379e-01
4.774637222290039062e-01
4.751047790050506592e-01
4.972961843013763428e-01
5.116066932678222656e-01
5.009763836860656738e-01
5.174607634544372559e-01
4.918695688247680664e-01
5.023522973060607910e-01
4.609046280384063721e-01
5.043868422508239746e-01
4.708860814571380615e-01
4.966142475605010986e-01
4.922946393489837646e-01
4.972250759601593018e-01
5.118532180786132812e-01
4.921008944511413574e-01
4.496786594390869141e-01
4.898052215576171875e-01
4.488525986671447754e-01
4.514718353748321533e-01
4.689923524856567383e-01
5.037842392921447754e-01
5.069902539253234863e-01
4.991203844547271729e-01
5.035948157310485840e-01
4.837157130241394043e-01
5.344489216804504395e-01
4.510414004325866699e-01
4.711016118526458740e-01
4.976467192173004150e-01
4.703857600688934326e-01
4.780010879039764404e-01
4.486385583877563477e-01
5.640599131584167480e-01
4.883406162261962891e-01
4.871098399162292480e-01
4.866770207881927490e-01
5.088722109794616699e-01
5.236756801605224609e-01
4.764302968978881836e-01
5.010851621627807617e-01
4.455152750015258789e-01
4.901730418205261230e-01
4.632127881050109863e-01
4.820296764373779297e-01
4.695395529270172119e-01
4.871839582920074463e-01
4.524492025375366211e-01
4.730965495109558105e-01
5.103311538696289062e-01
5.361140370368957520e-01
5.379258394241333008e-01
5.218985080718994141e-01
5.326398015022277832e-01
4.645832479000091553e-01
5.309339761734008789e-01
5.411291718482971191e-01
4.639690816402435303e-01
4.773530066013336182e-01
4.871376752853393555e-01
4.827763736248016357e-01
4.896686375141143799e-01
4.977118670940399170e-01
4.749037623405456543e-01
4.629653990268707275e-01
4.968673884868621826e-01
4.732041954994201660e-01
5.093666315078735352e-01
4.791349172592163086e-01
4.866571426391601562e-01
4.801948368549346924e-01
5.090996623039245605e-01
4.600231349468231201e-01
4.700005054473876953e-01
5.074712038040161133e-01
4.973387420177459717e-01
4.802445769309997559e-01
4.779574871063232422e-01
4.904200136661529541e-01
5.198414921760559082e-01
5.017241835594177246e-01
4.664229154586791992e-01
4.928655624389648438e-01
4.943906962871551514e-01
4.753178656101226807e-01
4.979798495769500732e-01
4.587758183479309082e-01
4.750641882419586182e-01
4.644300043582916260e-01
4.944886565208435059e-01
4.909548759460449219e-01
4.698877632617950439e-01
4.861475825309753418e-01
4.994873404502868652e-01
4.956159889698028564e-01
4.807816147804260254e-01
4.822703003883361816e-01
5.313819050788879395e-01
4.822815060615539551e-01
4.935275316238403320e-01
5.054291486740112305e-01
4.705913662910461426e-01
4.830347001552581787e-01
4.746660590171813965e-01
4.808420240879058838e-01
4.753178656101226807e-01
5.033539533615112305e-01
4.946101009845733643e-01
4.672079086303710938e-01
4.724907875061035156e-01
4.954745173454284668e-01
4.833485484123229980e-01
4.855649471282958984e-01
5.154030323028564453e-01
4.607844352722167969e-01
4.742474555969238281e-01
5.273302793502807617e-01
4.786653816699981689e-01
4.641639590263366699e-01
5.007665157318115234e-01
4.722774326801300049e-01
4.949851036071777344e-01
5.106650590896606445e-01
4.752157926559448242e-01
4.435255229473114014e-01
4.631577134132385254e-01
4.770915508270263672e-01
5.166323184967041016e-01
4.717168509960174561e-01
4.709955453872680664e-01
5.025175809860229492e-01
5.095018148422241211e-01
5.147553086280822754e-01
5.070782899856567383e-01
4.734770655632019043e-01
4.909074306488037109e-01
4.741054177284240723e-01
4.942537546157836914e-01
5.008497834205627441e-01
4.898695051670074463e-01
4.699575603008270264e-01
4.856048822402954102e-01
5.333653092384338379e-01
4.865282475948333740e-01
5.147045254707336426e-01
4.780424535274505615e-01
4.938085377216339111e-01
4.863834083080291748e-01
4.932925999164581299e-01
4.636217355728149414e-01
5.050284862518310547e-01
4.871666729450225830e-01
4.508070945739746094e-01
4.910618364810943604e-01
4.924994409084320068e-01
5.594710111618041992e-01
5.073918700218200684e-01
4.598396420478820801e-01
4.963988065719604492e-01
4.953832924365997314e-01
4.531441330909729004e-01
5.446102023124694824e-01
4.663670361042022705e-01
4.823035597801208496e-01
4.235676229000091553e-01
4.642602801322937012e-01
4.694069325923919678e-01
4.948502182960510254e-01
4.814266264438629150e-01
5.027145147323608398e-01
4.939395785331726074e-01
5.442019701004028320e-01
4.684460461139678955e-01
4.689076244831085205e-01
4.887088239192962646e-01
4.608027338981628418e-01
4.950432777404785156e-01
5.324299931526184082e-01
4.873918890953063965e-01
4.469493329524993896e-01
4.789666533470153809e-01
5.093003511428833008e-01
4.939441382884979248e-01
4.535707831382751465e-01
4.828137457370758057e-01
4.782183468341827393e-01
5.205911993980407715e-01
4.695101976394653320e-01
4.787071943283081055e-01
5.091398358345031738e-01
4.863209128379821777e-01
5.311362743377685547e-01
4.709936976432800293e-01
4.888883829116821289e-01
4.841160178184509277e-01
4.829486012458801270e-01
4.713006615638732910e-01
5.328056216239929199e-01
5.237893462181091309e-01
4.470005929470062256e-01
4.713111817836761475e-01
5.446307659149169922e-01
5.000168681144714355e-01
4.813765287399291992e-01
5.009198188781738281e-01
4.917723536491394043e-01
4.841666519641876221e-01
4.989381432533264160e-01
4.506361186504364014e-01
4.729470014572143555e-01
4.669571220874786377e-01
5.032937526702880859e-01
4.836750924587249756e-01
4.974975883960723877e-01
5.031200051307678223e-01
4.945996999740600586e-01
4.750823974609375000e-01
4.871666729450225830e-01
4.874979853630065918e-01
4.879880547523498535e-01
4.418338537216186523e-01
5.237649083137512207e-01
4.710310399532318115e-01
4.770314097404479980e-01
4.839240610599517822e-01
4.871673882007598877e-01
4.878002405166625977e-01
4.626884162425994873e-01
4.615730643272399902e-01
4.867560565471649170e-01
4.578088521957397461e-01
4.710327088832855225e-01
4.534240067005157471e-01
4.630875289440155029e-01
5.119678974151611328e-01
4.778051972389221191e-01
4.712893962860107422e-01
4.726791083812713623e-01
4.730890393257141113e-01
5.051766037940979004e-01
4.879820048809051514e-01
4.891913533210754395e-01
4.659030437469482422e-01
4.669208824634552002e-01
4.513726830482482910e-01
4.663631916046142578e-01
5.156955122947692871e-01
4.839257895946502686e-01
5.193380117416381836e-01
5.115692019462585449e-01
4.913600981235504150e-01
4.746556580066680908e-01
4.567180871963500977e-01
4.817980825901031494e-01
4.663632512092590332e-01
4.729214310646057129e-01
4.830951988697052002e-01
4.752196669578552246e-01
4.667927324771881104e-01
5.050978660583496094e-01
4.179260730743408203e-01
4.931742846965789795e-01
