4.514473676681518555e-01
4.584067165851593018e-01
4.503165483474731445e-01
4.229989051818847656e-01
4.400270581245422363e-01
4.236857593059539795e-01
4.195377826690673828e-01
4.512082338333129883e-01
4.254048466682434082e-01
4.434448480606079102e-01
4.512572586536407471e-01
4.539350867271423340e-01
4.283390343189239502e-01
3.545428514480590820e-01
4.597243666648864746e-01
4.579955935478210449e-01
4.508459568023681641e-01
4.193916916847229004e-01
4.388450086116790771e-01
4.387227296829223633e-01
4.559473395347595215e-01
4.454984664916992188e-01
4.535741209983825684e-01
4.297730624675750732e-01
4.167898297309875488e-01
4.241219758987426758e-01
4.320371150970458984e-01
4.363926649093627930e-01
4.312046468257904053e-01
4.150331318378448486e-01
4.266088306903839111e-01
4.534330070018768311e-01
4.170298874378204346e-01
3.854727149009704590e-01
4.326056838035583496e-01
4.321188926696777344e-01
4.399019479751586914e-01
4.253567755222320557e-01
4.405387938022613525e-01
4.621062278747558594e-01
4.386835396289825439e-01
4.348269104957580566e-01
4.309333562850952148e-01
4.205535054206848145e-01
4.278246760368347168e-01
4.274747967720031738e-01
4.396831393241882324e-01
4.174374341964721680e-01
4.421340525150299072e-01
4.507077336311340332e-01
4.764127731323242188e-01
4.328621923923492432e-01
4.424899816513061523e-01
4.275645911693572998e-01
4.790055453777313232e-01
4.287226200103759766e-01
4.483265876770019531e-01
4.620699286460876465e-01
4.413181543350219727e-01
4.527243971824645996e-01
4.593873322010040283e-01
4.322600364685058594e-01
4.769675135612487793e-01
4.408454000949859619e-01
4.333029687404632568e-01
4.226073026657104492e-01
4.353398382663726807e-01
4.389623403549194336e-01
4.550191164016723633e-01
4.194300770759582520e-01
4.565261304378509521e-01
4.390971064567565918e-01
4.160799384117126465e-01
4.275978803634643555e-01
4.249511361122131348e-01
4.298989176750183105e-01
4.284325540065765381e-01
4.429514408111572266e-01
4.487154185771942139e-01
4.386427402496337891e-01
4.425831437110900879e-01
4.501784741878509521e-01
3.748226165771484375e-01
4.160164296627044678e-01
4.537954032421112061e-01
4.267100095748901367e-01
3.409040570259094238e-01
4.377389550209045410e-01
4.528761506080627441e-01
3.779413402080535889e-01
3.101141452789306641e-01
4.394053518772125244e-01
3.381282985210418701e-01
4.348427057266235352e-01
4.453393518924713135e-01
4.522506892681121826e-01
4.403886497020721436e-01
4.428217113018035889e-01
4.535219967365264893e-01
4.427010715007781982e-01
4.372183978557586670e-01
4.177739024162292480e-01
4.407133460044860840e-01
4.103156328201293945e-01
4.406247138977050781e-01
4.335178434848785400e-01
4.548262953758239746e-01
4.444770812988281250e-01
4.618595838546752930e-01
4.708933532238006592e-01
4.733323752880096436e-01
4.709037542343139648e-01
4.530925750732421875e-01
4.372077584266662598e-01
4.516437649726867676e-01
4.615281522274017334e-01
4.568606317043304443e-01
4.456301331520080566e-01
4.458650648593902588e-01
4.400004744529724121e-01
4.356646835803985596e-01
4.201438426971435547e-01
4.375820457935333252e-01
4.148101806640625000e-01
4.591186940670013428e-01
4.316323399543762207e-01
4.447253644466400146e-01
4.293298423290252686e-01
4.229070842266082764e-01
4.325551986694335938e-01
4.144240021705627441e-01
4.073829054832458496e-01
4.308763146400451660e-01
4.445061087608337402e-01
4.395192563533782959e-01
4.200663864612579346e-01
4.178817868232727051e-01
4.193807244300842285e-01
4.209182560443878174e-01
4.412350356578826904e-01
4.221815466880798340e-01
4.388411641120910645e-01
4.278439283370971680e-01
4.444720149040222168e-01
4.084436893463134766e-01
4.285486936569213867e-01
4.454315304756164551e-01
4.315210580825805664e-01
4.337549209594726562e-01
4.307962656021118164e-01
4.076024293899536133e-01
4.230084121227264404e-01
4.193037748336791992e-01
4.174771308898925781e-01
4.474852383136749268e-01
4.294431805610656738e-01
4.280356764793395996e-01
4.358758330345153809e-01
4.307444393634796143e-01
4.126009047031402588e-01
4.320105910301208496e-01
4.375703632831573486e-01
4.365558326244354248e-01
4.464805424213409424e-01
3.964763283729553223e-01
4.361585378646850586e-01
4.404014945030212402e-01
4.383705258369445801e-01
4.299560487270355225e-01
4.462517797946929932e-01
4.383636415004730225e-01
4.352799057960510254e-01
4.564952552318572998e-01
4.446145296096801758e-01
4.468287229537963867e-01
4.446478188037872314e-01
4.391189217567443848e-01
4.360811710357666016e-01
4.247458279132843018e-01
4.314260482788085938e-01
4.197099506855010986e-01
4.269126951694488525e-01
4.315645098686218262e-01
4.380700290203094482e-01
4.600185155868530273e-01
4.336895346641540527e-01
4.391238987445831299e-01
4.178676009178161621e-01
4.379136264324188232e-01
4.743386507034301758e-01
4.339773654937744141e-01
4.378367364406585693e-01
4.386904835700988770e-01
4.316397309303283691e-01
4.373584687709808350e-01
4.468171894550323486e-01
4.429101347923278809e-01
4.561648070812225342e-01
4.166983366012573242e-01
4.426313340663909912e-01
4.444819092750549316e-01
4.494424164295196533e-01
4.262620806694030762e-01
3.896728157997131348e-01
4.555396437644958496e-01
4.150815606117248535e-01
4.409117102622985840e-01
4.323822855949401855e-01
4.444158673286437988e-01
4.240444302558898926e-01
4.250544011592864990e-01
4.191609323024749756e-01
4.334828853607177734e-01
4.273033142089843750e-01
4.274652302265167236e-01
4.493699669837951660e-01
4.368550181388854980e-01
4.686547815799713135e-01
4.337557852268218994e-01
4.563629627227783203e-01
4.305291175842285156e-01
4.422925412654876709e-01
4.189728498458862305e-01
4.268637299537658691e-01
4.422188997268676758e-01
4.594417810440063477e-01
4.167529940605163574e-01
4.080640077590942383e-01
4.532284438610076904e-01
4.181593060493469238e-01
4.275828003883361816e-01
4.523009061813354492e-01
4.395602345466613770e-01
4.292155504226684570e-01
3.973214328289031982e-01
4.248391687870025635e-01
4.601957798004150391e-01
4.365826845169067383e-01
4.363406896591186523e-01
4.365309178829193115e-01
4.292933046817779541e-01
4.255361855030059814e-01
4.261517524719238281e-01
4.314579367637634277e-01
4.153635501861572266e-01
4.131707847118377686e-01
4.254960715770721436e-01
4.113462567329406738e-01
4.341796934604644775e-01
4.543874561786651611e-01
4.473532140254974365e-01
4.069212675094604492e-01
4.301962852478027344e-01
4.240755438804626465e-01
4.249426126480102539e-01
4.291426837444305420e-01
4.264912903308868408e-01
4.439496099948883057e-01
3.831157088279724121e-01
4.494268298149108887e-01
4.304268360137939453e-01
4.508831202983856201e-01
4.623704850673675537e-01
4.429959952831268311e-01
4.257800281047821045e-01
4.328807890415191650e-01
4.524527788162231445e-01
4.362767934799194336e-01
4.274061620235443115e-01
4.452240467071533203e-01
4.378778934478759766e-01
4.523459374904632568e-01
4.245649278163909912e-01
4.424651265144348145e-01
4.263725578784942627e-01
4.150731563568115234e-01
4.579760730266571045e-01
4.407655596733093262e-01
4.447144269943237305e-01
4.143502414226531982e-01
4.545062184333801270e-01
4.310430884361267090e-01
4.359174966812133789e-01
4.482531249523162842e-01
4.523311257362365723e-01
4.449576139450073242e-01
4.402365088462829590e-01
4.328599572181701660e-01
4.238555431365966797e-01
4.198744893074035645e-01
4.406785070896148682e-01
4.266324937343597412e-01
4.234750568866729736e-01
4.318608343601226807e-01
4.127574861049652100e-01
4.399462342262268066e-01
4.101598858833312988e-01
4.366518557071685791e-01
4.320419430732727051e-01
4.549962282180786133e-01
4.406383633613586426e-01
4.377097785472869873e-01
4.456432163715362549e-01
4.511448442935943604e-01
4.424861371517181396e-01
4.372775256633758545e-01
4.319352209568023682e-01
4.494230449199676514e-01
4.318312108516693115e-01
4.610324203968048096e-01
4.449831545352935791e-01
4.324281215667724609e-01
4.275231361389160156e-01
4.457119405269622803e-01
4.214721322059631348e-01
4.011125862598419189e-01
4.633695483207702637e-01
4.306377768516540527e-01
3.918099701404571533e-01
4.417012035846710205e-01
4.270309805870056152e-01
4.675222635269165039e-01
4.516076147556304932e-01
4.542283415794372559e-01
4.464862644672393799e-01
4.595537781715393066e-01
4.632106721401214600e-01
4.333064258098602295e-01
4.426777064800262451e-01
4.202417135238647461e-01
4.311634898185729980e-01
4.540013968944549561e-01
4.402053952217102051e-01
4.285472035408020020e-01
4.322267770767211914e-01
4.308174848556518555e-01
4.442456960678100586e-01
4.699414074420928955e-01
4.425309896469116211e-01
3.784761726856231689e-01
4.459317922592163086e-01
3.454919457435607910e-01
4.441846609115600586e-01
4.246690869331359863e-01
4.663311243057250977e-01
4.510730504989624023e-01
4.453245103359222412e-01
3.841688632965087891e-01
4.644635319709777832e-01
4.487091004848480225e-01
3.493129014968872070e-01
4.470613300800323486e-01
4.346387684345245361e-01
4.026717841625213623e-01
4.209393262863159180e-01
4.439960122108459473e-01
4.475405812263488770e-01
4.372756779193878174e-01
4.298268854618072510e-01
4.421689212322235107e-01
4.507585465908050537e-01
4.534931480884552002e-01
4.611214697360992432e-01
4.340128600597381592e-01
4.396365880966186523e-01
4.609954357147216797e-01
4.300531446933746338e-01
4.509189724922180176e-01
4.480712711811065674e-01
4.146646261215209961e-01
4.266147017478942871e-01
4.415916204452514648e-01
4.549313187599182129e-01
4.270073175430297852e-01
4.258336424827575684e-01
4.339351952075958252e-01
4.544737637042999268e-01
4.554694890975952148e-01
4.390151202678680420e-01
4.610725045204162598e-01
4.515290558338165283e-01
4.326788783073425293e-01
4.299241900444030762e-01
4.580584764480590820e-01
4.493388235569000244e-01
4.262466430664062500e-01
4.440998136997222900e-01
4.602805972099304199e-01
4.346118569374084473e-01
4.448101520538330078e-01
4.259341955184936523e-01
4.451322257518768311e-01
4.621213376522064209e-01
4.298930764198303223e-01
4.514267742633819580e-01
4.609754383563995361e-01
4.483893215656280518e-01
4.122140407562255859e-01
4.173853397369384766e-01
4.512156248092651367e-01
4.220006465911865234e-01
4.224457144737243652e-01
4.043032824993133545e-01
4.136510789394378662e-01
4.173958897590637207e-01
4.388092756271362305e-01
4.281232953071594238e-01
4.697822034358978271e-01
4.280399084091186523e-01
3.989257514476776123e-01
4.277287125587463379e-01
4.161082804203033447e-01
4.226699769496917725e-01
4.326773285865783691e-01
4.157310426235198975e-01
4.053674638271331787e-01
4.586279392242431641e-01
4.397159218788146973e-01
4.401666522026062012e-01
4.189286530017852783e-01
4.593962728977203369e-01
4.354884624481201172e-01
4.233469069004058838e-01
4.327245950698852539e-01
4.623723924160003662e-01
4.280307292938232422e-01
4.658813774585723877e-01
4.454150497913360596e-01
4.529981911182403564e-01
4.508639276027679443e-01
4.265164434909820557e-01
4.250791072845458984e-01
4.173414409160614014e-01
4.374555647373199463e-01
4.258734881877899170e-01
4.312064051628112793e-01
4.385814070701599121e-01
4.155564010143280029e-01
4.418230950832366943e-01
4.448430538177490234e-01
4.562310874462127686e-01
4.337102472782135010e-01
4.316453337669372559e-01
4.080403447151184082e-01
4.526117146015167236e-01
4.131165444850921631e-01
4.294087290763854980e-01
4.279429316520690918e-01
4.408423602581024170e-01
4.270688295364379883e-01
4.354509711265563965e-01
4.584704935550689697e-01
4.294995069503784180e-01
4.413013756275177002e-01
4.236348867416381836e-01
4.438125193119049072e-01
4.201985001564025879e-01
4.463416635990142822e-01
4.032239615917205811e-01
4.703903198242187500e-01
4.333568513393402100e-01
4.310250580310821533e-01
4.301153719425201416e-01
4.285688996315002441e-01
4.635482430458068848e-01
4.179363846778869629e-01
4.256632328033447266e-01
4.361751675605773926e-01
4.596323966979980469e-01
4.300665259361267090e-01
4.495037198066711426e-01
4.285316169261932373e-01
4.199585616588592529e-01
4.403570294380187988e-01
4.179463684558868408e-01
4.585678279399871826e-01
4.557096958160400391e-01
4.362232089042663574e-01
4.363148808479309082e-01
4.386285543441772461e-01
4.509874284267425537e-01
4.204473495483398438e-01
4.592123329639434814e-01
4.334288835525512695e-01
4.318063259124755859e-01
4.364387989044189453e-01
4.466098546981811523e-01
4.296078383922576904e-01
4.578112363815307617e-01
4.112347364425659180e-01
4.238506555557250977e-01
4.247150421142578125e-01
4.402994215488433838e-01
4.435647428035736084e-01
4.397720396518707275e-01
4.200842380523681641e-01
4.373818039894104004e-01
4.393347799777984619e-01
4.498350024223327637e-01
4.408028125762939453e-01
4.441578388214111328e-01
4.304321706295013428e-01
4.194225668907165527e-01
4.218401312828063965e-01
4.240991771221160889e-01
4.471110403537750244e-01
4.409117698669433594e-01
4.456624984741210938e-01
4.480010867118835449e-01
4.314635097980499268e-01
4.542535841464996338e-01
4.153886139392852783e-01
4.435523748397827148e-01
4.697040021419525146e-01
3.788109123706817627e-01
4.494536519050598145e-01
3.452578186988830566e-01
4.714060723781585693e-01
4.358418881893157959e-01
4.363509118556976318e-01
4.392991364002227783e-01
3.339881300926208496e-01
4.620293378829956055e-01
3.502972126007080078e-01
4.080124497413635254e-01
4.502807855606079102e-01
4.608324766159057617e-01
4.135143160820007324e-01
3.296339213848114014e-01
4.637648463249206543e-01
4.107774496078491211e-01
3.076643049716949463e-01
3.146415948867797852e-01
4.237359464168548584e-01
3.168572783470153809e-01
3.276025950908660889e-01
3.319324254989624023e-01
4.625489711761474609e-01
4.533523321151733398e-01
4.408467710018157959e-01
3.605128526687622070e-01
4.404087960720062256e-01
4.540524780750274658e-01
3.309072852134704590e-01
3.378753066062927246e-01
4.330290555953979492e-01
4.387418925762176514e-01
4.271171689033508301e-01
4.321179389953613281e-01
4.231279492378234863e-01
4.194954931735992432e-01
4.147399961948394775e-01
4.483734965324401855e-01
4.318472743034362793e-01
4.301865994930267334e-01
4.456426501274108887e-01
4.525701403617858887e-01
4.145189523696899414e-01
4.206280708312988281e-01
4.043291211128234863e-01
3.921483755111694336e-01
4.448001980781555176e-01
3.978798985481262207e-01
4.255442023277282715e-01
4.425809681415557861e-01
4.364865422248840332e-01
4.338586628437042236e-01
4.223179519176483154e-01
4.128079116344451904e-01
4.497350454330444336e-01
4.530595242977142334e-01
4.148019552230834961e-01
4.360445737838745117e-01
4.154613614082336426e-01
4.706991016864776611e-01
4.357761740684509277e-01
4.102321863174438477e-01
4.455799758434295654e-01
4.449780583381652832e-01
4.189121723175048828e-01
4.326975345611572266e-01
4.351856410503387451e-01
4.322263300418853760e-01
4.329895377159118652e-01
4.303375780582427979e-01
4.549736678600311279e-01
4.291526377201080322e-01
4.409125447273254395e-01
4.309397935867309570e-01
4.412695169448852539e-01
4.905188679695129395e-01
4.069413840770721436e-01
4.299144446849822998e-01
4.187429249286651611e-01
4.625978767871856689e-01
4.329522252082824707e-01
4.567462503910064697e-01
3.894279301166534424e-01
4.465216994285583496e-01
4.377428591251373291e-01
4.654245674610137939e-01
4.293487668037414551e-01
4.509236812591552734e-01
4.457509219646453857e-01
4.168684780597686768e-01
4.501084685325622559e-01
4.494373500347137451e-01
4.362012743949890137e-01
4.468569159507751465e-01
4.630867838859558105e-01
4.562112689018249512e-01
4.330060184001922607e-01
4.436152279376983643e-01
4.434107840061187744e-01
4.274963736534118652e-01
4.509745240211486816e-01
4.441621005535125732e-01
4.270535111427307129e-01
3.283155560493469238e-01
3.474723100662231445e-01
4.423314034938812256e-01
4.347089231014251709e-01
4.556966423988342285e-01
4.267613887786865234e-01
4.250235557556152344e-01
4.418158233165740967e-01
4.429750442504882812e-01
4.369874596595764160e-01
4.289392232894897461e-01
4.295494258403778076e-01
4.399156868457794189e-01
4.088892340660095215e-01
4.358989000320434570e-01
4.173112511634826660e-01
4.322172105312347412e-01
4.332916140556335449e-01
4.250809550285339355e-01
4.245099723339080811e-01
4.362072348594665527e-01
4.554291963577270508e-01
4.320534765720367432e-01
4.267241954803466797e-01
4.194175899028778076e-01
4.301940500736236572e-01
4.261285662651062012e-01
4.587059915065765381e-01
4.527201950550079346e-01
4.287208616733551025e-01
4.162846803665161133e-01
4.191100895404815674e-01
4.096124768257141113e-01
4.358922243118286133e-01
4.282134175300598145e-01
4.173423051834106445e-01
4.016344547271728516e-01
4.244954586029052734e-01
4.316214919090270996e-01
4.143495857715606689e-01
4.374213516712188721e-01
4.325649440288543701e-01
4.280796051025390625e-01
3.992252945899963379e-01
4.328054487705230713e-01
4.412326812744140625e-01
4.305829107761383057e-01
4.127219915390014648e-01
4.378788471221923828e-01
4.492561221122741699e-01
4.772392511367797852e-01
4.257160425186157227e-01
4.279850125312805176e-01
4.491316080093383789e-01
4.119491279125213623e-01
4.335985183715820312e-01
4.271754324436187744e-01
4.591529965400695801e-01
4.604771435260772705e-01
4.325615167617797852e-01
4.245870709419250488e-01
4.398340582847595215e-01
4.521333873271942139e-01
4.740055799484252930e-01
4.463751316070556641e-01
4.696053862571716309e-01
4.566324949264526367e-01
4.504623413085937500e-01
4.436362683773040771e-01
4.783125817775726318e-01
4.545339345932006836e-01
4.450451433658599854e-01
4.361723363399505615e-01
4.424863159656524658e-01
4.394661784172058105e-01
4.499376416206359863e-01
4.581068158149719238e-01
4.603084623813629150e-01
4.489739835262298584e-01
4.273350834846496582e-01
4.410398304462432861e-01
4.403800964355468750e-01
4.616672992706298828e-01
4.324628710746765137e-01
4.294089376926422119e-01
3.407908678054809570e-01
4.407313764095306396e-01
4.543047547340393066e-01
4.317118525505065918e-01
4.421920776367187500e-01
4.462707936763763428e-01
4.283152818679809570e-01
4.353812336921691895e-01
4.328359067440032959e-01
4.634943306446075439e-01
4.421411156654357910e-01
4.481920003890991211e-01
4.153841137886047363e-01
4.241185486316680908e-01
4.366011619567871094e-01
3.684949576854705811e-01
2.980483770370483398e-01
4.565176963806152344e-01
4.319459199905395508e-01
4.407557547092437744e-01
4.718683958053588867e-01
4.530398547649383545e-01
4.443069100379943848e-01
4.583502411842346191e-01
4.712603986263275146e-01
4.305399358272552490e-01
4.563151001930236816e-01
4.289262890815734863e-01
4.390603005886077881e-01
4.456800818443298340e-01
4.277307689189910889e-01
4.257987737655639648e-01
4.466449916362762451e-01
4.546100497245788574e-01
4.258423745632171631e-01
4.522360861301422119e-01
4.539439976215362549e-01
4.273649156093597412e-01
4.549637734889984131e-01
4.393051862716674805e-01
4.455592632293701172e-01
4.468924403190612793e-01
4.512729346752166748e-01
4.565543234348297119e-01
4.491054713726043701e-01
4.564647376537322998e-01
4.575395584106445312e-01
4.370007514953613281e-01
4.466461539268493652e-01
4.434490799903869629e-01
4.477989077568054199e-01
4.495123028755187988e-01
4.318526387214660645e-01
4.327897429466247559e-01
4.222383201122283936e-01
4.378011226654052734e-01
4.287662506103515625e-01
4.418680071830749512e-01
4.586892127990722656e-01
4.227605462074279785e-01
4.281663298606872559e-01
4.396245479583740234e-01
4.603845179080963135e-01
4.316716194152832031e-01
4.615611135959625244e-01
4.246356487274169922e-01
4.465717077255249023e-01
4.334618449211120605e-01
4.220767617225646973e-01
4.503539502620697021e-01
4.391737282276153564e-01
4.453946948051452637e-01
3.959703147411346436e-01
4.478150010108947754e-01
4.427434206008911133e-01
4.326051473617553711e-01
4.209524989128112793e-01
4.194946885108947754e-01
3.688139021396636963e-01
4.352438747882843018e-01
4.980042278766632080e-01
4.643040299415588379e-01
4.308317899703979492e-01
4.170377552509307861e-01
4.602577388286590576e-01
4.482451677322387695e-01
4.318143427371978760e-01
4.344095885753631592e-01
4.523290991783142090e-01
4.250761568546295166e-01
4.354369044303894043e-01
4.616335332393646240e-01
4.609340727329254150e-01
4.635825753211975098e-01
3.730251491069793701e-01
4.632908999919891357e-01
4.562768638134002686e-01
4.505163431167602539e-01
4.424381554126739502e-01
4.261221885681152344e-01
4.507761597633361816e-01
4.593104124069213867e-01
4.223739802837371826e-01
4.641055464744567871e-01
4.406744241714477539e-01
4.647818207740783691e-01
4.588702321052551270e-01
4.377868473529815674e-01
4.463025927543640137e-01
4.372990131378173828e-01
4.352313578128814697e-01
4.440466761589050293e-01
4.511627554893493652e-01
4.432517290115356445e-01
4.299296140670776367e-01
4.286373555660247803e-01
4.467113614082336426e-01
4.333146214485168457e-01
4.457035660743713379e-01
4.261012077331542969e-01
4.221864938735961914e-01
4.519854187965393066e-01
4.736147820949554443e-01
4.288552701473236084e-01
4.277338683605194092e-01
4.464845061302185059e-01
4.224493205547332764e-01
4.317267537117004395e-01
4.392369985580444336e-01
4.395362436771392822e-01
4.313136041164398193e-01
4.441187381744384766e-01
4.258994460105895996e-01
4.278621673583984375e-01
4.099534749984741211e-01
4.423032402992248535e-01
4.227098822593688965e-01
4.445756971836090088e-01
3.981335461139678955e-01
4.309760332107543945e-01
4.442265033721923828e-01
4.602282643318176270e-01
4.265925586223602295e-01
4.349332451820373535e-01
4.449298381805419922e-01
4.148078858852386475e-01
4.352744817733764648e-01
4.576178789138793945e-01
4.432584941387176514e-01
4.312490224838256836e-01
4.635794162750244141e-01
4.360450506210327148e-01
4.089218378067016602e-01
4.416064918041229248e-01
4.639240503311157227e-01
4.386358261108398438e-01
4.399518072605133057e-01
4.346472620964050293e-01
4.609522521495819092e-01
4.255104064941406250e-01
4.388840496540069580e-01
4.330726265907287598e-01
4.222893416881561279e-01
4.270196855068206787e-01
4.276471138000488281e-01
4.376119673252105713e-01
4.466144144535064697e-01
4.264591634273529053e-01
4.458483755588531494e-01
4.404985010623931885e-01
4.596137106418609619e-01
4.225458502769470215e-01
4.342668056488037109e-01
4.525896012783050537e-01
4.625598788261413574e-01
4.439246654510498047e-01
4.529122412204742432e-01
4.461160302162170410e-01
4.219260811805725098e-01
4.111444354057312012e-01
4.257251620292663574e-01
4.520664811134338379e-01
4.031114876270294189e-01
4.181211590766906738e-01
4.071229100227355957e-01
3.818566203117370605e-01
3.910907804965972900e-01
4.209229350090026855e-01
4.469746649265289307e-01
4.403264522552490234e-01
4.658412635326385498e-01
4.179969727993011475e-01
4.271408319473266602e-01
4.151469171047210693e-01
4.005464315414428711e-01
4.165346622467041016e-01
3.886666893959045410e-01
4.271147847175598145e-01
4.192296564579010010e-01
4.061636030673980713e-01
4.337401092052459717e-01
4.228733181953430176e-01
4.063139557838439941e-01
4.374322295188903809e-01
4.472576379776000977e-01
4.090239703655242920e-01
4.447214603424072266e-01
4.263649582862854004e-01
4.296392500400543213e-01
4.404030442237854004e-01
4.292272925376892090e-01
4.171809554100036621e-01
3.994814455509185791e-01
4.378497302532196045e-01
4.309483468532562256e-01
4.254879057407379150e-01
4.427505135536193848e-01
4.331163465976715088e-01
4.308117628097534180e-01
4.279143810272216797e-01
4.082228839397430420e-01
4.302900731563568115e-01
4.143711924552917480e-01
4.104615449905395508e-01
4.280795454978942871e-01
4.380216300487518311e-01
4.578141272068023682e-01
4.158183932304382324e-01
4.219172894954681396e-01
4.397587478160858154e-01
4.330885708332061768e-01
4.388959407806396484e-01
4.430579543113708496e-01
4.578489065170288086e-01
4.658633172512054443e-01
4.238845705986022949e-01
4.342592656612396240e-01
4.449939727783203125e-01
4.114142060279846191e-01
4.493412375450134277e-01
4.590987861156463623e-01
4.324134290218353271e-01
3.860377669334411621e-01
4.125306904315948486e-01
4.344400465488433838e-01
4.646239280700683594e-01
4.260124266147613525e-01
4.541966319084167480e-01
4.656177461147308350e-01
4.387373626232147217e-01
4.238554537296295166e-01
4.195561408996582031e-01
4.397777616977691650e-01
4.243716597557067871e-01
4.287473261356353760e-01
4.389535784721374512e-01
4.385573267936706543e-01
4.137241244316101074e-01
4.591873884201049805e-01
4.365519583225250244e-01
4.191309213638305664e-01
4.315347671508789062e-01
4.343212544918060303e-01
4.353084862232208252e-01
4.249268174171447754e-01
4.175368547439575195e-01
4.476406872272491455e-01
4.112192392349243164e-01
4.306626915931701660e-01
4.216794967651367188e-01
4.074124991893768311e-01
4.423650503158569336e-01
4.525901079177856445e-01
4.103544354438781738e-01
4.275943040847778320e-01
4.279995858669281006e-01
4.367808699607849121e-01
4.324447512626647949e-01
4.613418877124786377e-01
4.427966475486755371e-01
4.194583594799041748e-01
4.450252652168273926e-01
4.341727495193481445e-01
4.529349207878112793e-01
4.340481758117675781e-01
4.385669827461242676e-01
4.378423392772674561e-01
4.625318646430969238e-01
4.418045282363891602e-01
4.297864735126495361e-01
4.101436734199523926e-01
4.150246083736419678e-01
4.356738328933715820e-01
4.198681116104125977e-01
4.441046714782714844e-01
4.371802210807800293e-01
4.358888864517211914e-01
4.265087246894836426e-01
4.245228469371795654e-01
4.301477372646331787e-01
4.262333512306213379e-01
4.171208143234252930e-01
4.298337399959564209e-01
4.317846596240997314e-01
4.580470919609069824e-01
4.345995187759399414e-01
4.513545036315917969e-01
4.557123184204101562e-01
4.330953359603881836e-01
4.281410872936248779e-01
4.398026466369628906e-01
4.411181509494781494e-01
4.388597905635833740e-01
4.535940289497375488e-01
4.221740663051605225e-01
4.279803633689880371e-01
4.337733685970306396e-01
4.305276274681091309e-01
4.427960515022277832e-01
4.349093437194824219e-01
4.353717565536499023e-01
4.193987250328063965e-01
4.186669886112213135e-01
4.375335574150085449e-01
4.189396202564239502e-01
4.167641997337341309e-01
4.341208636760711670e-01
4.178521335124969482e-01
4.120833277702331543e-01
4.228952527046203613e-01
4.359513521194458008e-01
4.354339241981506348e-01
4.295280277729034424e-01
4.336730837821960449e-01
4.725253880023956299e-01
4.623582363128662109e-01
4.071613550186157227e-01
4.362184405326843262e-01
4.244732856750488281e-01
4.132595956325531006e-01
4.332077503204345703e-01
4.455775916576385498e-01
4.172841906547546387e-01
4.213911592960357666e-01
4.464378654956817627e-01
4.286296963691711426e-01
4.446397423744201660e-01
4.443339705467224121e-01
4.508328437805175781e-01
4.465287625789642334e-01
4.324329495429992676e-01
4.292080700397491455e-01
4.333089888095855713e-01
4.326244890689849854e-01
4.268085360527038574e-01
4.522280693054199219e-01
4.505653679370880127e-01
4.513201117515563965e-01
4.330666661262512207e-01
4.377516508102416992e-01
4.284130334854125977e-01
4.425170719623565674e-01
4.279320240020751953e-01
4.316656589508056641e-01
4.584996700286865234e-01
4.196493029594421387e-01
4.195472598075866699e-01
4.167006611824035645e-01
4.206687808036804199e-01
4.316641092300415039e-01
4.357717037200927734e-01
4.223273098468780518e-01
4.427160620689392090e-01
4.200265705585479736e-01
4.370815157890319824e-01
4.428618550300598145e-01
4.366370141506195068e-01
4.274460077285766602e-01
4.574097096920013428e-01
4.550236463546752930e-01
4.617590904235839844e-01
4.359697401523590088e-01
4.415134489536285400e-01
4.460485875606536865e-01
4.534698128700256348e-01
4.701787233352661133e-01
4.385087490081787109e-01
4.267126321792602539e-01
4.251686036586761475e-01
4.356393516063690186e-01
4.299764037132263184e-01
4.329833388328552246e-01
4.423053860664367676e-01
4.284161329269409180e-01
4.263018369674682617e-01
4.364691376686096191e-01
4.637632071971893311e-01
4.159951806068420410e-01
4.230199158191680908e-01
4.472582638263702393e-01
4.546937346458435059e-01
4.382539689540863037e-01
4.376567304134368896e-01
4.098154306411743164e-01
4.347156286239624023e-01
4.451542496681213379e-01
4.297298789024353027e-01
4.299769997596740723e-01
4.285210967063903809e-01
4.395384788513183594e-01
4.233260750770568848e-01
4.511479437351226807e-01
4.381801784038543701e-01
4.570804238319396973e-01
4.436648190021514893e-01
4.268802404403686523e-01
4.330739378929138184e-01
4.481163322925567627e-01
4.482497572898864746e-01
4.231589436531066895e-01
4.388684332370758057e-01
4.566570818424224854e-01
4.466221630573272705e-01
4.427092969417572021e-01
4.502220749855041504e-01
4.516395330429077148e-01
4.512921273708343506e-01
4.483515024185180664e-01
4.288969933986663818e-01
4.638812541961669922e-01
4.383081197738647461e-01
4.497211873531341553e-01
4.500046372413635254e-01
4.190766215324401855e-01
4.347110092639923096e-01
4.392217993736267090e-01
4.572432935237884521e-01
4.584964215755462646e-01
4.474888443946838379e-01
4.208292365074157715e-01
4.290622770786285400e-01
4.295373260974884033e-01
4.233138263225555420e-01
4.310468733310699463e-01
4.429076910018920898e-01
4.076650738716125488e-01
4.327572584152221680e-01
4.415967464447021484e-01
4.524772465229034424e-01
4.534696042537689209e-01
4.198373556137084961e-01
4.272725582122802734e-01
4.480959177017211914e-01
4.094808697700500488e-01
3.471192717552185059e-01
3.374450206756591797e-01
4.585346579551696777e-01
4.403418600559234619e-01
4.086763560771942139e-01
4.701682627201080322e-01
4.557170569896697998e-01
4.478493034839630127e-01
4.316089153289794922e-01
4.483523368835449219e-01
4.217755794525146484e-01
3.771636188030242920e-01
4.516045153141021729e-01
4.538829028606414795e-01
4.411431550979614258e-01
4.658755064010620117e-01
4.456831514835357666e-01
4.590694904327392578e-01
4.528707265853881836e-01
4.643693864345550537e-01
4.262346029281616211e-01
4.453394114971160889e-01
4.227704703807830811e-01
4.347483217716217041e-01
4.163337945938110352e-01
4.471570551395416260e-01
4.524900615215301514e-01
4.193064868450164795e-01
4.303831458091735840e-01
4.391132295131683350e-01
4.600577056407928467e-01
4.268988370895385742e-01
4.363737702369689941e-01
4.641109704971313477e-01
4.284715652465820312e-01
4.076178371906280518e-01
4.208541512489318848e-01
4.332719743251800537e-01
4.195226430892944336e-01
4.326099157333374023e-01
4.299386143684387207e-01
4.290972352027893066e-01
4.668142199516296387e-01
4.532990753650665283e-01
4.367915987968444824e-01
4.473802447319030762e-01
3.548039793968200684e-01
4.479609429836273193e-01
4.320738315582275391e-01
4.319551587104797363e-01
4.595923423767089844e-01
4.474986493587493896e-01
4.401182532310485840e-01
4.429735541343688965e-01
4.609147906303405762e-01
4.540815055370330811e-01
4.618270993232727051e-01
4.339206814765930176e-01
4.587000608444213867e-01
4.631525278091430664e-01
4.345626831054687500e-01
3.991697728633880615e-01
4.419030845165252686e-01
4.473189115524291992e-01
4.453674256801605225e-01
4.430906176567077637e-01
4.115366637706756592e-01
4.171442985534667969e-01
4.441393613815307617e-01
4.132150709629058838e-01
4.261373579502105713e-01
4.285478293895721436e-01
4.571911692619323730e-01
4.315775334835052490e-01
4.324176311492919922e-01
4.443024098873138428e-01
3.994471430778503418e-01
4.263888597488403320e-01
3.467278480529785156e-01
4.450515508651733398e-01
4.627815186977386475e-01
4.557853639125823975e-01
4.341875910758972168e-01
4.613859653472900391e-01
4.279046952724456787e-01
4.716044962406158447e-01
4.296129941940307617e-01
4.500848948955535889e-01
4.465292692184448242e-01
4.487447142601013184e-01
4.420728385448455811e-01
4.585405290126800537e-01
4.513078331947326660e-01
4.453029632568359375e-01
4.466504454612731934e-01
4.340795874595642090e-01
4.342186152935028076e-01
4.837881028652191162e-01
4.274344742298126221e-01
4.341317713260650635e-01
4.212049841880798340e-01
4.253478944301605225e-01
4.300488233566284180e-01
4.372356534004211426e-01
4.387226700782775879e-01
4.282027184963226318e-01
4.382835030555725098e-01
3.955007791519165039e-01
4.524317383766174316e-01
4.215648770332336426e-01
4.348780512809753418e-01
4.337604641914367676e-01
4.226194024085998535e-01
4.134836494922637939e-01
4.306452870368957520e-01
4.204868674278259277e-01
4.396823048591613770e-01
4.468296468257904053e-01
4.158405661582946777e-01
4.224034845829010010e-01
4.178518056869506836e-01
4.254015088081359863e-01
4.347947835922241211e-01
4.412778019905090332e-01
4.309769570827484131e-01
4.223048090934753418e-01
4.176647663116455078e-01
4.123868942260742188e-01
4.270417392253875732e-01
4.255230724811553955e-01
4.244469106197357178e-01
4.305655956268310547e-01
3.977013826370239258e-01
4.024610519409179688e-01
4.139959812164306641e-01
4.142387509346008301e-01
4.243933260440826416e-01
4.730484485626220703e-01
4.252687394618988037e-01
4.401593804359436035e-01
4.033473134040832520e-01
4.667516648769378662e-01
4.558494687080383301e-01
4.167349636554718018e-01
4.228824079036712646e-01
4.658076167106628418e-01
4.504783153533935547e-01
4.198732376098632812e-01
3.941991329193115234e-01
4.455556571483612061e-01
4.151980578899383545e-01
4.215055406093597412e-01
4.234621524810791016e-01
4.281213581562042236e-01
4.284670650959014893e-01
4.242164492607116699e-01
4.346463084220886230e-01
4.424410760402679443e-01
4.387143254280090332e-01
4.451679885387420654e-01
4.324245154857635498e-01
4.434067308902740479e-01
4.400802254676818848e-01
4.368771314620971680e-01
4.443840682506561279e-01
4.371162354946136475e-01
4.427011907100677490e-01
4.239313006401062012e-01
4.541683495044708252e-01
4.502499401569366455e-01
4.375539720058441162e-01
4.340448975563049316e-01
4.573356807231903076e-01
4.452377259731292725e-01
4.344705045223236084e-01
4.589722156524658203e-01
4.423479735851287842e-01
4.473710954189300537e-01
4.274941086769104004e-01
4.281465709209442139e-01
4.036830365657806396e-01
4.250804185867309570e-01
4.452561140060424805e-01
4.356849789619445801e-01
4.418349266052246094e-01
4.241086542606353760e-01
4.457781314849853516e-01
4.416438937187194824e-01
4.382163286209106445e-01
4.386503398418426514e-01
4.349744319915771484e-01
4.309414327144622803e-01
4.338419437408447266e-01
4.339506030082702637e-01
4.589925408363342285e-01
4.147911369800567627e-01
4.415543377399444580e-01
4.768111109733581543e-01
4.507419764995574951e-01
4.526567757129669189e-01
4.548454582691192627e-01
4.478548169136047363e-01
4.511463046073913574e-01
4.631247222423553467e-01
4.461494982242584229e-01
4.520229697227478027e-01
4.516187310218811035e-01
4.745004177093505859e-01
4.186776876449584961e-01
4.610128998756408691e-01
4.497623443603515625e-01
4.561917781829833984e-01
4.449101984500885010e-01
4.511772096157073975e-01
4.312510490417480469e-01
4.722074866294860840e-01
4.534708559513092041e-01
4.285498559474945068e-01
4.544339478015899658e-01
4.405511021614074707e-01
3.470417261123657227e-01
4.099981188774108887e-01
3.713319301605224609e-01
4.209150671958923340e-01
3.713749647140502930e-01
3.061858415603637695e-01
4.384086728096008301e-01
4.020058512687683105e-01
3.945843577384948730e-01
4.558060169219970703e-01
3.571794927120208740e-01
4.282301664352416992e-01
4.395531415939331055e-01
4.471898674964904785e-01
4.325205087661743164e-01
4.578584730625152588e-01
4.248581528663635254e-01
4.415337443351745605e-01
4.613444507122039795e-01
4.329881072044372559e-01
4.466589689254760742e-01
4.597379863262176514e-01
4.347972869873046875e-01
4.316365718841552734e-01
4.555343687534332275e-01
4.382201433181762695e-01
4.520919919013977051e-01
4.623210132122039795e-01
4.408580660820007324e-01
4.692079126834869385e-01
4.587877094745635986e-01
4.518565535545349121e-01
4.376420080661773682e-01
4.449555277824401855e-01
4.454597234725952148e-01
4.334509670734405518e-01
4.360046982765197754e-01
4.690923392772674561e-01
4.641216993331909180e-01
4.582306146621704102e-01
4.503211975097656250e-01
4.516237676143646240e-01
4.463522434234619141e-01
4.471218883991241455e-01
4.491126835346221924e-01
4.104328751564025879e-01
4.507572054862976074e-01
4.706189632415771484e-01
3.241957426071166992e-01
4.758934080600738525e-01
3.381249904632568359e-01
3.177257776260375977e-01
3.725736141204833984e-01
4.056357443332672119e-01
4.163909554481506348e-01
3.603959679603576660e-01
4.108838438987731934e-01
4.464859664440155029e-01
4.108995199203491211e-01
4.460179209709167480e-01
4.560899138450622559e-01
4.485636949539184570e-01
4.496097862720489502e-01
4.408688545227050781e-01
4.277865588665008545e-01
4.305687546730041504e-01
3.996530175209045410e-01
4.486031234264373779e-01
4.177682995796203613e-01
4.724947810173034668e-01
4.583325982093811035e-01
4.568239152431488037e-01
4.564850926399230957e-01
4.560866653919219971e-01
4.409025907516479492e-01
4.550587534904479980e-01
4.730476140975952148e-01
4.668537974357604980e-01
4.445580542087554932e-01
4.361377060413360596e-01
4.513703286647796631e-01
4.313466548919677734e-01
4.336029887199401855e-01
4.683650135993957520e-01
4.375458061695098877e-01
4.507291913032531738e-01
4.694318473339080811e-01
4.236608147621154785e-01
