2.119831442832946777e-01
2.015831768512725830e-01
2.203262448310852051e-01
2.218680083751678467e-01
2.222297489643096924e-01
2.244459092617034912e-01
2.203149497509002686e-01
2.163838744163513184e-01
2.463150322437286377e-01
2.837278246879577637e-01
2.413109242916107178e-01
2.101899087429046631e-01
2.494705915451049805e-01
2.494427859783172607e-01
2.401093244552612305e-01
1.993491351604461670e-01
1.938863694667816162e-01
2.104058861732482910e-01
2.282368540763854980e-01
2.222232222557067871e-01
2.350405156612396240e-01
2.170386016368865967e-01
2.661102414131164551e-01
2.930305898189544678e-01
2.930305898189544678e-01
2.897348105907440186e-01
2.881165742874145508e-01
2.913717031478881836e-01
2.156766057014465332e-01
2.302884161472320557e-01
2.174429595470428467e-01
2.470822632312774658e-01
2.654826045036315918e-01
2.276330292224884033e-01
2.307686805725097656e-01
2.101701200008392334e-01
1.994271278381347656e-01
2.151978611946105957e-01
2.255327105522155762e-01
2.137623131275177002e-01
2.188207209110260010e-01
2.385062575340270996e-01
2.195236980915069580e-01
2.255176007747650146e-01
2.255274057388305664e-01
2.253387868404388428e-01
2.246865034103393555e-01
2.144703865051269531e-01
2.203180193901062012e-01
2.259464263916015625e-01
2.087985575199127197e-01
1.966978013515472412e-01
2.201655805110931396e-01
2.264045476913452148e-01
2.169703245162963867e-01
2.252675294876098633e-01
2.126199603080749512e-01
2.246627211570739746e-01
2.247848808765411377e-01
2.261939942836761475e-01
1.951882243156433105e-01
2.255256474018096924e-01
2.244626581668853760e-01
2.091111540794372559e-01
1.989590227603912354e-01
2.325834929943084717e-01
2.208565473556518555e-01
2.334827184677124023e-01
2.336132526397705078e-01
2.275732457637786865e-01
2.195307314395904541e-01
2.187235355377197266e-01
2.218562662601470947e-01
2.163085937500000000e-01
2.188990116119384766e-01
2.203230857849121094e-01
2.239078283309936523e-01
2.152406573295593262e-01
2.131379842758178711e-01
2.202163040637969971e-01
2.161076962947845459e-01
2.191154062747955322e-01
2.291390597820281982e-01
2.326450049877166748e-01
2.201021909713745117e-01
2.245411574840545654e-01
2.386842966079711914e-01
2.309192121028900146e-01
2.172504961490631104e-01
2.298125028610229492e-01
2.293843328952789307e-01
2.300189733505249023e-01
2.358861565589904785e-01
2.410343587398529053e-01
2.286159694194793701e-01
2.397577464580535889e-01
2.416373491287231445e-01
2.403545677661895752e-01
2.408223748207092285e-01
2.265018522739410400e-01
2.290810942649841309e-01
2.273445427417755127e-01
2.335684597492218018e-01
2.326194643974304199e-01
2.332083582878112793e-01
2.470822632312774658e-01
2.523860633373260498e-01
2.291372418403625488e-01
2.257438600063323975e-01
2.037848532199859619e-01
2.267584800720214844e-01
2.247352004051208496e-01
2.068524360656738281e-01
2.245566546916961670e-01
1.118600070476531982e-01
2.266295254230499268e-01
2.276341617107391357e-01
2.093260586261749268e-01
2.244626581668853760e-01
2.246608734130859375e-01
2.257113456726074219e-01
2.245863378047943115e-01
2.253062427043914795e-01
2.244735062122344971e-01
2.094455957412719727e-01
2.249431610107421875e-01
2.245250940322875977e-01
2.246113121509552002e-01
1.949304640293121338e-01
2.247785627841949463e-01
2.248645424842834473e-01
2.247918248176574707e-01
2.255263328552246094e-01
2.244647145271301270e-01
2.277531027793884277e-01
2.255257070064544678e-01
1.549977958202362061e-01
2.367849051952362061e-01
2.332129776477813721e-01
2.293342649936676025e-01
2.166158258914947510e-01
2.145711183547973633e-01
2.244626581668853760e-01
2.244626581668853760e-01
2.250524759292602539e-01
2.244457006454467773e-01
2.240697443485260010e-01
1.116690933704376221e-01
2.249774634838104248e-01
2.244959473609924316e-01
2.247849106788635254e-01
1.789587736129760742e-01
2.245839238166809082e-01
1.468526124954223633e-01
1.472738385200500488e-01
2.244666516780853271e-01
2.246508896350860596e-01
2.143425047397613525e-01
2.050643563270568848e-01
2.265641391277313232e-01
2.128002643585205078e-01
2.246686816215515137e-01
2.138127684593200684e-01
2.245903611183166504e-01
2.259568274021148682e-01
2.245094776153564453e-01
2.244626581668853760e-01
2.265971601009368896e-01
2.385320663452148438e-01
2.069912552833557129e-01
1.993635296821594238e-01
2.265677452087402344e-01
2.133395075798034668e-01
2.311169803142547607e-01
2.256177961826324463e-01
2.245784401893615723e-01
2.244069874286651611e-01
2.251364290714263916e-01
1.124955713748931885e-01
2.615133523941040039e-01
2.274127304553985596e-01
2.253876924514770508e-01
2.293289899826049805e-01
2.263672649860382080e-01
2.247659564018249512e-01
2.262617647647857666e-01
2.253636419773101807e-01
2.244626581668853760e-01
2.249064445495605469e-01
2.244626581668853760e-01
2.245104014873504639e-01
2.244628369808197021e-01
2.404430806636810303e-01
2.243164777755737305e-01
2.006428837776184082e-01
1.990715563297271729e-01
2.247507274150848389e-01
2.325693368911743164e-01
2.254182994365692139e-01
2.255386114120483398e-01
2.312437593936920166e-01
2.230331301689147949e-01
2.326111495494842529e-01
2.296612262725830078e-01
2.244880199432373047e-01
2.244626581668853760e-01
2.241086959838867188e-01
2.141173183917999268e-01
2.236222028732299805e-01
2.266221344470977783e-01
2.322361171245574951e-01
2.360094487667083740e-01
2.412211298942565918e-01
2.317695915699005127e-01
2.508067190647125244e-01
2.273318469524383545e-01
2.279977798461914062e-01
2.282618880271911621e-01
2.251758575439453125e-01
2.287520766258239746e-01
2.311131060123443604e-01
2.294824421405792236e-01
2.281086742877960205e-01
2.341460287570953369e-01
2.275222241878509521e-01
2.504754066467285156e-01
2.502986788749694824e-01
2.259341478347778320e-01
2.284799814224243164e-01
2.313019335269927979e-01
2.269862592220306396e-01
2.182617783546447754e-01
2.145022451877593994e-01
2.163894474506378174e-01
2.181091010570526123e-01
2.128168642520904541e-01
2.256779074668884277e-01
2.207428514957427979e-01
2.187790274620056152e-01
2.213532328605651855e-01
2.168310880661010742e-01
2.269262075424194336e-01
2.407376468181610107e-01
2.402809560298919678e-01
2.410759031772613525e-01
2.489898800849914551e-01
2.151228785514831543e-01
2.117082178592681885e-01
2.170698940753936768e-01
2.135787606239318848e-01
2.127348780632019043e-01
2.130359113216400146e-01
2.135630846023559570e-01
2.118531167507171631e-01
2.460341155529022217e-01
2.436446249485015869e-01
2.755014002323150635e-01
2.540150880813598633e-01
2.954881191253662109e-01
2.057000696659088135e-01
2.530246376991271973e-01
2.701392769813537598e-01
2.668141126632690430e-01
2.348587810993194580e-01
2.394945323467254639e-01
2.574532032012939453e-01
2.278501391410827637e-01
2.470219433307647705e-01
2.244760990142822266e-01
2.284719645977020264e-01
2.322138547897338867e-01
2.256918847560882568e-01
2.303902506828308105e-01
2.203373312950134277e-01
2.124947905540466309e-01
2.116525769233703613e-01
2.236375212669372559e-01
2.284483313560485840e-01
2.322135269641876221e-01
2.296701073646545410e-01
2.325483560562133789e-01
2.326987087726593018e-01
2.280308902263641357e-01
2.199076414108276367e-01
2.181420624256134033e-01
2.258919477462768555e-01
2.162531614303588867e-01
2.180047333240509033e-01
2.148846387863159180e-01
2.308872044086456299e-01
2.325483560562133789e-01
2.325483560562133789e-01
2.334463596343994141e-01
2.203133702278137207e-01
2.203133702278137207e-01
2.218480706214904785e-01
2.203133702278137207e-01
2.192880511283874512e-01
2.189984023571014404e-01
2.238742113113403320e-01
2.162801921367645264e-01
2.218726575374603271e-01
2.162867188453674316e-01
2.236326634883880615e-01
2.162919640541076660e-01
2.218742966651916504e-01
2.162542939186096191e-01
2.154658436775207520e-01
2.116185128688812256e-01
2.218523323535919189e-01
2.162535786628723145e-01
2.218576371669769287e-01
2.162553668022155762e-01
2.161576449871063232e-01
2.163355648517608643e-01
2.216886281967163086e-01
2.317675948143005371e-01
2.186600565910339355e-01
2.195387184619903564e-01
2.307197749614715576e-01
2.226835191249847412e-01
2.139747440814971924e-01
2.411244809627532959e-01
2.338150143623352051e-01
2.410318255424499512e-01
2.405959665775299072e-01
2.230657637119293213e-01
2.329902350902557373e-01
2.248419523239135742e-01
2.217564880847930908e-01
2.140066623687744141e-01
2.186238169670104980e-01
2.289260327816009521e-01
2.285380661487579346e-01
2.252476513385772705e-01
2.264266014099121094e-01
2.160207331180572510e-01
2.141322493553161621e-01
2.194774150848388672e-01
2.169366180896759033e-01
2.628895640373229980e-01
2.563282847404479980e-01
2.150937914848327637e-01
2.239463925361633301e-01
2.150670886039733887e-01
2.186092436313629150e-01
2.268403768539428711e-01
2.428447902202606201e-01
2.349291741847991943e-01
2.417383491992950439e-01
2.400912344455718994e-01
2.391891777515411377e-01
2.828467488288879395e-01
2.360472977161407471e-01
2.462838292121887207e-01
2.274120151996612549e-01
2.329189181327819824e-01
2.307296395301818848e-01
2.233176529407501221e-01
2.257789969444274902e-01
2.255256474018096924e-01
2.340715825557708740e-01
2.158639132976531982e-01
2.178984582424163818e-01
2.184452414512634277e-01
2.268567681312561035e-01
2.191784977912902832e-01
2.116723656654357910e-01
2.252565622329711914e-01
2.150451838970184326e-01
2.186366021633148193e-01
2.248288094997406006e-01
1.471123695373535156e-01
2.275091111660003662e-01
2.247186601161956787e-01
2.255256474018096924e-01
2.255931198596954346e-01
2.326626777648925781e-01
2.327815592288970947e-01
2.403510212898254395e-01
2.562144696712493896e-01
2.244939804077148438e-01
2.263069152832031250e-01
2.361015081405639648e-01
2.330035269260406494e-01
2.326288521289825439e-01
2.325570285320281982e-01
2.302439212799072266e-01
2.263429760932922363e-01
2.218634784221649170e-01
2.244626581668853760e-01
2.325484156608581543e-01
2.244626581668853760e-01
2.446501851081848145e-01
2.244626581668853760e-01
2.244626581668853760e-01
2.250553667545318604e-01
2.305258214473724365e-01
2.310544252395629883e-01
2.327313721179962158e-01
2.333760857582092285e-01
2.344199419021606445e-01
2.328536212444305420e-01
2.328271865844726562e-01
2.327214777469635010e-01
2.256383299827575684e-01
2.326132655143737793e-01
2.256685495376586914e-01
2.305895686149597168e-01
2.245001494884490967e-01
2.250305712223052979e-01
2.255256474018096924e-01
1.205482184886932373e-01
2.244626581668853760e-01
2.255256474018096924e-01
1.288505196571350098e-01
2.255256474018096924e-01
2.278332412242889404e-01
2.325483858585357666e-01
2.325483560562133789e-01
2.325483560562133789e-01
2.325485050678253174e-01
2.325733900070190430e-01
2.255256474018096924e-01
2.325505912303924561e-01
2.282720506191253662e-01
2.241580784320831299e-01
2.244710028171539307e-01
2.243441343307495117e-01
2.255256474018096924e-01
2.244885861873626709e-01
2.140218019485473633e-01
2.244626581668853760e-01
2.244626581668853760e-01
2.066516280174255371e-01
2.253676950931549072e-01
2.564371824264526367e-01
2.393125593662261963e-01
2.281914651393890381e-01
2.358921170234680176e-01
2.362077236175537109e-01
2.503440976142883301e-01
2.251745760440826416e-01
2.347026467323303223e-01
2.174915671348571777e-01
2.328869998455047607e-01
2.243697941303253174e-01
2.246669232845306396e-01
2.289729118347167969e-01
2.319927215576171875e-01
2.326419055461883545e-01
2.877995371818542480e-01
2.434271574020385742e-01
2.279636263847351074e-01
2.454386353492736816e-01
2.744997739791870117e-01
2.504481077194213867e-01
2.438147366046905518e-01
2.690807282924652100e-01
2.333997786045074463e-01
2.251541018486022949e-01
2.347148060798645020e-01
2.260275185108184814e-01
2.228749096393585205e-01
2.250809967517852783e-01
2.162669897079467773e-01
2.192059755325317383e-01
2.221663892269134521e-01
2.245419323444366455e-01
2.621088325977325439e-01
2.306808531284332275e-01
2.359353899955749512e-01
2.659920752048492432e-01
2.253057360649108887e-01
2.648194134235382080e-01
2.348239719867706299e-01
2.510692477226257324e-01
2.344882190227508545e-01
2.646895051002502441e-01
2.359187901020050049e-01
2.355777025222778320e-01
2.412447333335876465e-01
2.868426144123077393e-01
2.270753085613250732e-01
2.202022969722747803e-01
2.554809153079986572e-01
2.308167219161987305e-01
2.291837334632873535e-01
2.433659732341766357e-01
2.155474722385406494e-01
2.325046062469482422e-01
2.716474235057830811e-01
2.688280940055847168e-01
2.207657694816589355e-01
2.577536404132843018e-01
2.095640599727630615e-01
3.053877949714660645e-01
1.871305704116821289e-01
2.560883164405822754e-01
2.101271152496337891e-01
2.299112379550933838e-01
1.989634633064270020e-01
1.989823281764984131e-01
2.597025632858276367e-01
2.108453512191772461e-01
2.470822632312774658e-01
2.250701487064361572e-01
2.247255146503448486e-01
2.395817935466766357e-01
2.137036323547363281e-01
2.034566104412078857e-01
2.206166982650756836e-01
1.433303952217102051e-01
2.209717035293579102e-01
2.197371721267700195e-01
2.375265955924987793e-01
2.275586128234863281e-01
2.325501143932342529e-01
2.249892354011535645e-01
2.177318036556243896e-01
2.387299835681915283e-01
2.161002159118652344e-01
2.059188485145568848e-01
2.272986173629760742e-01
2.244626581668853760e-01
2.108761966228485107e-01
1.135898828506469727e-01
1.188102662563323975e-01
1.438964009284973145e-01
1.438103914260864258e-01
1.438085436820983887e-01
1.142768561840057373e-01
1.429585516452789307e-01
1.435551345348358154e-01
1.100775301456451416e-01
2.207444608211517334e-01
1.161557734012603760e-01
2.225731611251831055e-01
1.134663224220275879e-01
2.203160822391510010e-01
1.438964009284973145e-01
1.145896613597869873e-01
1.217730939388275146e-01
1.438660323619842529e-01
2.216656804084777832e-01
1.457509994506835938e-01
1.468526124954223633e-01
1.243081390857696533e-01
1.920337975025177002e-01
2.237141728401184082e-01
2.292698323726654053e-01
2.268888056278228760e-01
2.258823215961456299e-01
2.119813561439514160e-01
2.045331597328186035e-01
2.165584862232208252e-01
2.217674255371093750e-01
2.222717404365539551e-01
1.851521432399749756e-01
2.233157455921173096e-01
2.564293742179870605e-01
2.244643568992614746e-01
2.244626581668853760e-01
1.468526124954223633e-01
1.468526124954223633e-01
2.246745824813842773e-01
2.244626581668853760e-01
1.460037827491760254e-01
1.232891082763671875e-01
1.468526124954223633e-01
2.244626581668853760e-01
1.467864513397216797e-01
1.534453630447387695e-01
1.467626690864562988e-01
1.467440724372863770e-01
1.467366218566894531e-01
1.467556357383728027e-01
1.467624902725219727e-01
1.467823982238769531e-01
1.276435554027557373e-01
1.865238845348358154e-01
1.463980674743652344e-01
1.376281082630157471e-01
2.251355946063995361e-01
1.222307980060577393e-01
1.188102662563323975e-01
1.190926134586334229e-01
1.122309267520904541e-01
2.244626581668853760e-01
2.153587937355041504e-01
2.047179639339447021e-01
1.127471625804901123e-01
1.119252145290374756e-01
2.244626581668853760e-01
1.863524913787841797e-01
1.655493676662445068e-01
1.468526124954223633e-01
1.377148032188415527e-01
1.655493676662445068e-01
1.658452749252319336e-01
1.676007807254791260e-01
2.250061929225921631e-01
1.870350837707519531e-01
2.244712114334106445e-01
1.667281985282897949e-01
1.391851603984832764e-01
1.191147863864898682e-01
2.285448014736175537e-01
2.243933975696563721e-01
1.869756281375885010e-01
2.255288660526275635e-01
1.879121363162994385e-01
2.252193689346313477e-01
2.388133108615875244e-01
2.290158867835998535e-01
2.247348129749298096e-01
1.632869243621826172e-01
1.812336444854736328e-01
2.244626581668853760e-01
2.244768738746643066e-01
1.768808066844940186e-01
1.439344882965087891e-01
1.272684931755065918e-01
1.468526124954223633e-01
1.344208419322967529e-01
2.272101640701293945e-01
2.282108366489410400e-01
1.524426937103271484e-01
2.244671881198883057e-01
2.247384488582611084e-01
1.364444494247436523e-01
1.397931575775146484e-01
2.251927554607391357e-01
2.269437611103057861e-01
2.262013256549835205e-01
2.261239290237426758e-01
2.273015081882476807e-01
1.834023594856262207e-01
1.468526124954223633e-01
1.507700681686401367e-01
1.467974781990051270e-01
1.468526124954223633e-01
1.468526124954223633e-01
2.244626581668853760e-01
1.468526124954223633e-01
2.244626581668853760e-01
1.955345273017883301e-01
1.468526124954223633e-01
1.468526124954223633e-01
1.467519998550415039e-01
1.578050851821899414e-01
1.126767694950103760e-01
1.360851526260375977e-01
1.467680633068084717e-01
1.467915475368499756e-01
1.335545182228088379e-01
1.177016794681549072e-01
1.217762231826782227e-01
2.227016389369964600e-01
2.248190343379974365e-01
2.246350944042205811e-01
2.244626581668853760e-01
2.245029211044311523e-01
2.248428463935852051e-01
2.244626730680465698e-01
2.244626730680465698e-01
2.244626730680465698e-01
2.244626730680465698e-01
2.244668006896972656e-01
