3.732094764709472656e-01
3.708661794662475586e-01
4.161184430122375488e-01
3.678623437881469727e-01
3.637245893478393555e-01
3.718384504318237305e-01
3.639530241489410400e-01
3.678508400917053223e-01
3.678504526615142822e-01
3.735842704772949219e-01
3.678525686264038086e-01
3.735544681549072266e-01
3.977085947990417480e-01
3.903201222419738770e-01
3.824069499969482422e-01
3.923783898353576660e-01
4.186541140079498291e-01
3.642824292182922363e-01
3.269233703613281250e-01
4.144960343837738037e-01
3.276612162590026855e-01
3.682298064231872559e-01
4.154491722583770752e-01
4.125425815582275391e-01
4.159076809883117676e-01
4.192910492420196533e-01
4.016515016555786133e-01
3.494521677494049072e-01
3.990352153778076172e-01
4.181046783924102783e-01
4.204133749008178711e-01
4.216414690017700195e-01
4.236517548561096191e-01
4.307074844837188721e-01
4.218899011611938477e-01
4.307074844837188721e-01
4.316125512123107910e-01
4.165564775466918945e-01
4.164791703224182129e-01
3.700637817382812500e-01
3.269230723381042480e-01
3.583631515502929688e-01
3.116626739501953125e-01
3.925632834434509277e-01
3.437855541706085205e-01
3.168086409568786621e-01
3.753646612167358398e-01
3.796831071376800537e-01
3.665860891342163086e-01
3.867788612842559814e-01
3.228378295898437500e-01
4.226120710372924805e-01
4.352873563766479492e-01
4.249655008316040039e-01
3.568404912948608398e-01
3.619296252727508545e-01
4.178580641746520996e-01
3.277561664581298828e-01
3.680163621902465820e-01
3.207775354385375977e-01
3.345320522785186768e-01
3.658784031867980957e-01
3.213313221931457520e-01
3.311492204666137695e-01
3.232130110263824463e-01
3.269230723381042480e-01
3.655751645565032959e-01
3.733816146850585938e-01
3.269230723381042480e-01
3.185485303401947021e-01
3.050402998924255371e-01
3.269230723381042480e-01
3.656296432018280029e-01
3.293853998184204102e-01
3.410950899124145508e-01
3.580001890659332275e-01
3.269230723381042480e-01
3.678571581840515137e-01
3.680744767189025879e-01
4.278650581836700439e-01
3.678898811340332031e-01
4.265528321266174316e-01
4.307074844837188721e-01
4.307074844837188721e-01
4.204683005809783936e-01
4.332772493362426758e-01
3.693630397319793701e-01
3.793312311172485352e-01
3.711655735969543457e-01
3.456968069076538086e-01
3.758937716484069824e-01
3.684613704681396484e-01
4.077738225460052490e-01
3.708568215370178223e-01
4.305991530418395996e-01
3.724581897258758545e-01
4.240878522396087646e-01
4.217803478240966797e-01
4.307074844837188721e-01
4.307074844837188721e-01
4.307074844837188721e-01
4.307074844837188721e-01
4.307074844837188721e-01
4.304525852203369141e-01
4.307074844837188721e-01
4.307074844837188721e-01
4.307074844837188721e-01
4.307074844837188721e-01
4.307074844837188721e-01
4.307074844837188721e-01
4.307074844837188721e-01
4.307074844837188721e-01
4.307074844837188721e-01
4.307074844837188721e-01
4.307074844837188721e-01
4.307074844837188721e-01
4.307074844837188721e-01
4.307074844837188721e-01
4.307074844837188721e-01
4.307074844837188721e-01
4.307074844837188721e-01
4.307074844837188721e-01
4.307074844837188721e-01
4.307074844837188721e-01
4.311347603797912598e-01
4.307074844837188721e-01
4.312016963958740234e-01
4.307074844837188721e-01
4.307074844837188721e-01
4.307074844837188721e-01
4.307074844837188721e-01
4.307074844837188721e-01
4.266740083694458008e-01
4.307074844837188721e-01
4.307074844837188721e-01
4.307074844837188721e-01
4.307074844837188721e-01
4.307074844837188721e-01
4.307074844837188721e-01
4.307074844837188721e-01
4.307074844837188721e-01
4.307074844837188721e-01
4.307074844837188721e-01
4.307074844837188721e-01
4.307074844837188721e-01
4.307074844837188721e-01
4.307074844837188721e-01
4.307074844837188721e-01
4.307074844837188721e-01
4.307074844837188721e-01
4.307074844837188721e-01
4.307074844837188721e-01
4.307074844837188721e-01
4.307074844837188721e-01
4.307074844837188721e-01
4.307074844837188721e-01
4.307074844837188721e-01
4.307074844837188721e-01
4.307074844837188721e-01
4.307074844837188721e-01
4.307074844837188721e-01
4.307074844837188721e-01
4.307074844837188721e-01
4.307074844837188721e-01
4.307074844837188721e-01
4.307074844837188721e-01
4.307074844837188721e-01
4.352873563766479492e-01
4.307074844837188721e-01
4.307074844837188721e-01
4.307074844837188721e-01
4.307074844837188721e-01
4.307074844837188721e-01
4.307074844837188721e-01
4.307074844837188721e-01
4.307074844837188721e-01
4.307074844837188721e-01
4.307074844837188721e-01
4.307074844837188721e-01
4.307074844837188721e-01
4.307074844837188721e-01
4.307074844837188721e-01
4.307074844837188721e-01
4.307074844837188721e-01
4.307074844837188721e-01
4.307074844837188721e-01
4.307074844837188721e-01
4.307074844837188721e-01
4.307074844837188721e-01
4.307074844837188721e-01
4.307074844837188721e-01
4.307074844837188721e-01
4.307074844837188721e-01
4.307074844837188721e-01
4.307074844837188721e-01
4.307074844837188721e-01
4.307074844837188721e-01
4.307074844837188721e-01
4.307074844837188721e-01
4.307074844837188721e-01
4.273007512092590332e-01
4.543725550174713135e-01
4.388141036033630371e-01
4.388141036033630371e-01
4.237919449806213379e-01
4.268287122249603271e-01
4.417422413825988770e-01
4.307074844837188721e-01
4.363903701305389404e-01
4.231214523315429688e-01
4.514422416687011719e-01
4.307074844837188721e-01
4.388141036033630371e-01
4.388141036033630371e-01
4.386243522167205811e-01
4.230998158454895020e-01
4.231151044368743896e-01
4.265515208244323730e-01
4.521009325981140137e-01
4.307074844837188721e-01
4.307074844837188721e-01
4.307074844837188721e-01
4.307074844837188721e-01
4.307074844837188721e-01
4.307074844837188721e-01
4.307074844837188721e-01
4.307074844837188721e-01
4.232724905014038086e-01
4.386141598224639893e-01
4.238495528697967529e-01
4.307074844837188721e-01
4.210665822029113770e-01
4.199689924716949463e-01
4.275531768798828125e-01
4.281122386455535889e-01
4.251413941383361816e-01
4.268967807292938232e-01
4.290086030960083008e-01
4.307074844837188721e-01
4.336635768413543701e-01
4.030487537384033203e-01
3.928931951522827148e-01
3.933150768280029297e-01
3.435444831848144531e-01
3.209610581398010254e-01
3.444244861602783203e-01
3.212943077087402344e-01
3.050402998924255371e-01
3.177612423896789551e-01
3.464845418930053711e-01
3.112505972385406494e-01
3.214425444602966309e-01
3.050402998924255371e-01
3.269230723381042480e-01
3.309185504913330078e-01
3.295481801033020020e-01
3.418114781379699707e-01
3.640769124031066895e-01
3.596196174621582031e-01
3.678502142429351807e-01
3.567156195640563965e-01
3.678502142429351807e-01
3.609605431556701660e-01
3.599685728549957275e-01
3.635704815387725830e-01
3.319379091262817383e-01
3.235617876052856445e-01
3.201593756675720215e-01
3.218986392021179199e-01
3.137702345848083496e-01
3.173067569732666016e-01
3.211068809032440186e-01
3.077660799026489258e-01
3.228588104248046875e-01
3.081817328929901123e-01
3.269230723381042480e-01
3.050402998924255371e-01
3.269230723381042480e-01
3.080399632453918457e-01
3.086838126182556152e-01
3.050500750541687012e-01
3.220282793045043945e-01
3.050405383110046387e-01
3.221839666366577148e-01
4.339489936828613281e-01
4.307074844837188721e-01
3.472230434417724609e-01
3.678505122661590576e-01
3.678506612777709961e-01
3.678506612777709961e-01
3.678691983222961426e-01
3.913292884826660156e-01
3.678796589374542236e-01
4.071069359779357910e-01
3.638573884963989258e-01
3.688975274562835693e-01
3.688704371452331543e-01
3.678506016731262207e-01
3.678502440452575684e-01
3.678503036499023438e-01
3.732168376445770264e-01
3.704672157764434814e-01
3.678578138351440430e-01
3.686776757240295410e-01
3.678517341613769531e-01
3.680475950241088867e-01
3.693457841873168945e-01
3.680704832077026367e-01
3.678619861602783203e-01
3.682711124420166016e-01
3.687386512756347656e-01
3.678506016731262207e-01
3.678506016731262207e-01
3.678518235683441162e-01
3.705799579620361328e-01
3.680561482906341553e-01
3.678517341613769531e-01
3.684610724449157715e-01
3.988839983940124512e-01
4.117482304573059082e-01
3.931376934051513672e-01
3.678565025329589844e-01
3.679219484329223633e-01
4.250246882438659668e-01
4.275202751159667969e-01
4.203757643699645996e-01
4.320761561393737793e-01
4.307074844837188721e-01
4.209093749523162842e-01
3.412292599678039551e-01
3.633870184421539307e-01
3.353022336959838867e-01
3.269231617450714111e-01
3.050402998924255371e-01
3.269230723381042480e-01
3.076412081718444824e-01
3.269230723381042480e-01
3.084080815315246582e-01
3.242530524730682373e-01
3.162721991539001465e-01
3.129161000251770020e-01
3.187549114227294922e-01
3.379252552986145020e-01
3.464857935905456543e-01
3.280974030494689941e-01
3.222031891345977783e-01
3.050402998924255371e-01
3.211833238601684570e-01
3.151511251926422119e-01
3.214135766029357910e-01
3.050402998924255371e-01
3.213287591934204102e-01
3.050402998924255371e-01
3.251360058784484863e-01
3.240956366062164307e-01
3.333960175514221191e-01
4.307074844837188721e-01
4.307074844837188721e-01
4.307074844837188721e-01
4.307074844837188721e-01
4.307074844837188721e-01
4.307074844837188721e-01
4.340116381645202637e-01
4.307074844837188721e-01
4.307074844837188721e-01
4.307074844837188721e-01
4.307074844837188721e-01
4.261755049228668213e-01
4.261755049228668213e-01
4.261755049228668213e-01
4.261755049228668213e-01
4.261755049228668213e-01
4.244163632392883301e-01
4.165356755256652832e-01
4.307074844837188721e-01
4.307074844837188721e-01
4.307074844837188721e-01
4.307074844837188721e-01
4.307074844837188721e-01
4.307074844837188721e-01
4.307074844837188721e-01
4.307074844837188721e-01
4.307074844837188721e-01
4.307074844837188721e-01
4.307074844837188721e-01
4.307074844837188721e-01
4.307074844837188721e-01
4.307074844837188721e-01
4.307074844837188721e-01
4.307074844837188721e-01
4.307074844837188721e-01
4.307074844837188721e-01
4.307074844837188721e-01
4.307074844837188721e-01
4.307074844837188721e-01
4.307074844837188721e-01
4.307074844837188721e-01
4.307074844837188721e-01
4.307074844837188721e-01
4.307074844837188721e-01
4.285641312599182129e-01
4.307074844837188721e-01
4.307074844837188721e-01
4.307074844837188721e-01
4.307074844837188721e-01
4.307074844837188721e-01
4.307074844837188721e-01
3.289582729339599609e-01
4.177120923995971680e-01
3.664407432079315186e-01
4.307074844837188721e-01
4.307074844837188721e-01
4.307074844837188721e-01
4.307074844837188721e-01
4.307074844837188721e-01
4.307074844837188721e-01
4.307074844837188721e-01
4.307074844837188721e-01
4.307074844837188721e-01
4.307074844837188721e-01
4.307074844837188721e-01
4.307074844837188721e-01
4.307074844837188721e-01
4.307074844837188721e-01
4.307074844837188721e-01
4.307074844837188721e-01
4.341606497764587402e-01
4.307074844837188721e-01
4.307074844837188721e-01
4.307074844837188721e-01
4.307074844837188721e-01
4.307074844837188721e-01
4.307074844837188721e-01
4.307074844837188721e-01
4.307074844837188721e-01
4.307074844837188721e-01
4.307074844837188721e-01
4.307074844837188721e-01
4.307074844837188721e-01
4.307074844837188721e-01
4.307074844837188721e-01
4.307074844837188721e-01
4.307074844837188721e-01
4.307074844837188721e-01
4.266473054885864258e-01
4.307074844837188721e-01
3.679082393646240234e-01
3.456489443778991699e-01
3.269454240798950195e-01
4.031599760055541992e-01
3.829751014709472656e-01
3.123280405998229980e-01
3.269230723381042480e-01
3.309864401817321777e-01
3.269230723381042480e-01
3.377144336700439453e-01
3.268046081066131592e-01
3.464845418930053711e-01
3.061823844909667969e-01
3.269230723381042480e-01
3.056574463844299316e-01
3.269230723381042480e-01
3.054606020450592041e-01
3.269230723381042480e-01
3.064696192741394043e-01
3.269230723381042480e-01
3.066504299640655518e-01
3.269230723381042480e-01
3.559820353984832764e-01
3.571300506591796875e-01
3.362631797790527344e-01
3.458099365234375000e-01
3.397446870803833008e-01
3.324992656707763672e-01
3.212693333625793457e-01
3.203673958778381348e-01
3.460502624511718750e-01
3.359644114971160889e-01
3.050402998924255371e-01
3.233891725540161133e-01
3.215776085853576660e-01
3.183668255805969238e-01
3.209806084632873535e-01
3.050402998924255371e-01
3.426667451858520508e-01
3.050402998924255371e-01
3.442032933235168457e-01
3.430404365062713623e-01
3.403898477554321289e-01
4.077513813972473145e-01
3.269230723381042480e-01
3.050402998924255371e-01
3.215514421463012695e-01
3.150946199893951416e-01
3.212293982505798340e-01
3.202431797981262207e-01
3.228821456432342529e-01
3.050402998924255371e-01
3.269230723381042480e-01
3.096000552177429199e-01
3.341262936592102051e-01
3.225643634796142578e-01
3.269230723381042480e-01
3.464845418930053711e-01
3.207931518554687500e-01
3.464845418930053711e-01
3.050402998924255371e-01
3.436926007270812988e-01
3.464845418930053711e-01
4.004100263118743896e-01
3.458591699600219727e-01
3.222821354866027832e-01
3.269230723381042480e-01
3.678537011146545410e-01
3.052557110786437988e-01
3.270623683929443359e-01
3.185419440269470215e-01
3.269272446632385254e-01
3.050403892993927002e-01
3.670152127742767334e-01
4.352873563766479492e-01
4.307074844837188721e-01
4.307074844837188721e-01
4.249736666679382324e-01
4.260813891887664795e-01
4.244416952133178711e-01
4.260905981063842773e-01
4.307074844837188721e-01
4.308808445930480957e-01
4.244659245014190674e-01
4.307074844837188721e-01
4.278098940849304199e-01
4.314147233963012695e-01
3.980824947357177734e-01
4.152821302413940430e-01
4.307074844837188721e-01
4.277192652225494385e-01
4.307074844837188721e-01
4.328618645668029785e-01
4.323579370975494385e-01
4.307074844837188721e-01
4.079788923263549805e-01
3.236021995544433594e-01
4.293590486049652100e-01
3.314602077007293701e-01
4.014412462711334229e-01
3.323416709899902344e-01
4.153007864952087402e-01
3.265662789344787598e-01
4.127791523933410645e-01
3.940032720565795898e-01
3.728582859039306641e-01
4.262932240962982178e-01
4.057604670524597168e-01
3.721457421779632568e-01
4.324533939361572266e-01
4.307074844837188721e-01
3.060338497161865234e-01
4.091839194297790527e-01
3.730692863464355469e-01
4.174692034721374512e-01
3.347393870353698730e-01
3.464846014976501465e-01
4.231487512588500977e-01
4.069729447364807129e-01
3.801819086074829102e-01
3.778674006462097168e-01
4.351038634777069092e-01
4.296771585941314697e-01
4.228613674640655518e-01
4.264058172702789307e-01
3.681508302688598633e-01
4.307074844837188721e-01
4.295827746391296387e-01
4.264563918113708496e-01
3.709295392036437988e-01
4.206930994987487793e-01
4.204870462417602539e-01
4.091172814369201660e-01
4.238294661045074463e-01
4.211924076080322266e-01
4.056362211704254150e-01
4.208211898803710938e-01
4.205419123172760010e-01
4.263710975646972656e-01
4.196963906288146973e-01
4.274612069129943848e-01
4.296637773513793945e-01
4.338010847568511963e-01
4.306418597698211670e-01
4.351472258567810059e-01
4.332794845104217529e-01
4.204388856887817383e-01
3.750051856040954590e-01
4.235655069351196289e-01
4.240007698535919189e-01
4.236369729042053223e-01
4.262449741363525391e-01
4.307074844837188721e-01
4.307074844837188721e-01
4.236783981323242188e-01
4.236477613449096680e-01
4.235787689685821533e-01
4.236392676830291748e-01
4.236306846141815186e-01
4.233667552471160889e-01
4.235592782497406006e-01
4.244372844696044922e-01
3.906425237655639648e-01
4.035184681415557861e-01
4.233254790306091309e-01
4.234557747840881348e-01
4.235409796237945557e-01
4.239979684352874756e-01
4.240259528160095215e-01
4.253353178501129150e-01
4.233846664428710938e-01
4.307074844837188721e-01
4.307074844837188721e-01
4.236514568328857422e-01
4.236207008361816406e-01
4.028418064117431641e-01
4.232648909091949463e-01
4.220625758171081543e-01
4.236228466033935547e-01
4.236229360103607178e-01
4.236229360103607178e-01
4.237951934337615967e-01
4.235374331474304199e-01
4.242806434631347656e-01
4.297410547733306885e-01
4.307074844837188721e-01
4.307074844837188721e-01
4.307074844837188721e-01
4.307074844837188721e-01
4.283420741558074951e-01
4.307074844837188721e-01
4.307074844837188721e-01
4.307074844837188721e-01
4.307074844837188721e-01
4.307074844837188721e-01
4.307074844837188721e-01
4.307074844837188721e-01
4.307074844837188721e-01
4.307074844837188721e-01
4.307074844837188721e-01
4.307074844837188721e-01
4.307074844837188721e-01
4.307074844837188721e-01
4.307074844837188721e-01
4.307074844837188721e-01
4.257981181144714355e-01
4.307074844837188721e-01
4.307074844837188721e-01
4.215906858444213867e-01
4.251857995986938477e-01
4.307074844837188721e-01
3.509930074214935303e-01
4.307074844837188721e-01
3.530064821243286133e-01
4.281801879405975342e-01
4.307074844837188721e-01
4.307074844837188721e-01
4.307074844837188721e-01
4.301652908325195312e-01
4.299602806568145752e-01
4.307074844837188721e-01
4.307074844837188721e-01
4.307074844837188721e-01
4.284354448318481445e-01
4.307074844837188721e-01
4.180405735969543457e-01
4.307074844837188721e-01
4.307074844837188721e-01
4.251701831817626953e-01
4.307074844837188721e-01
4.307074844837188721e-01
4.307074844837188721e-01
4.307074844837188721e-01
4.307074844837188721e-01
4.307074844837188721e-01
4.307074844837188721e-01
4.307074844837188721e-01
4.307074844837188721e-01
4.307074844837188721e-01
4.307074844837188721e-01
4.307074844837188721e-01
4.307074844837188721e-01
4.307074844837188721e-01
4.307074844837188721e-01
4.307074844837188721e-01
4.307074844837188721e-01
4.307074844837188721e-01
4.307074844837188721e-01
4.307074844837188721e-01
4.307074844837188721e-01
4.307074844837188721e-01
4.307074844837188721e-01
4.307074844837188721e-01
4.296423792839050293e-01
4.307074844837188721e-01
4.317182898521423340e-01
4.243891537189483643e-01
4.233588576316833496e-01
4.233866333961486816e-01
4.232731163501739502e-01
4.251915514469146729e-01
4.211046099662780762e-01
4.352873563766479492e-01
4.307074844837188721e-01
4.307074844837188721e-01
4.307074844837188721e-01
4.307074844837188721e-01
4.321758449077606201e-01
4.307074844837188721e-01
4.307074844837188721e-01
4.307074844837188721e-01
4.307074844837188721e-01
4.307074844837188721e-01
4.306434392929077148e-01
4.307074844837188721e-01
4.307074844837188721e-01
4.307074844837188721e-01
4.292881190776824951e-01
4.288109242916107178e-01
4.292580783367156982e-01
4.307074844837188721e-01
4.307074844837188721e-01
4.292798638343811035e-01
4.307074844837188721e-01
4.295817911624908447e-01
4.299090504646301270e-01
4.307074844837188721e-01
4.288700819015502930e-01
4.307074844837188721e-01
4.317798614501953125e-01
4.307074844837188721e-01
4.352873563766479492e-01
4.307074844837188721e-01
4.307074844837188721e-01
4.307074844837188721e-01
4.307074844837188721e-01
4.307631254196166992e-01
4.307074844837188721e-01
4.307074844837188721e-01
4.307074844837188721e-01
4.307074844837188721e-01
4.307074844837188721e-01
4.307074844837188721e-01
4.307074844837188721e-01
4.307074844837188721e-01
4.307074844837188721e-01
4.307074844837188721e-01
4.307074844837188721e-01
4.307074844837188721e-01
4.307074844837188721e-01
4.307074844837188721e-01
4.307074844837188721e-01
4.307074844837188721e-01
4.307074844837188721e-01
4.307074844837188721e-01
4.307074844837188721e-01
4.307074844837188721e-01
4.307074844837188721e-01
4.307074844837188721e-01
4.307074844837188721e-01
4.307074844837188721e-01
4.307074844837188721e-01
4.307074844837188721e-01
4.307074844837188721e-01
4.307074844837188721e-01
4.307074844837188721e-01
4.307074844837188721e-01
4.307074844837188721e-01
4.307074844837188721e-01
4.307074844837188721e-01
4.307074844837188721e-01
4.307074844837188721e-01
4.307074844837188721e-01
4.307074844837188721e-01
4.307074844837188721e-01
4.279757142066955566e-01
4.307074844837188721e-01
4.301785230636596680e-01
4.307074844837188721e-01
4.307074844837188721e-01
4.307074844837188721e-01
4.307074844837188721e-01
4.307074844837188721e-01
4.307074844837188721e-01
4.307074844837188721e-01
4.307074844837188721e-01
4.307074844837188721e-01
4.307074844837188721e-01
4.307074844837188721e-01
4.307074844837188721e-01
4.307074844837188721e-01
4.307074844837188721e-01
4.238000810146331787e-01
4.307074844837188721e-01
4.307074844837188721e-01
4.307074844837188721e-01
4.307074844837188721e-01
3.073126077651977539e-01
3.121958374977111816e-01
3.050402998924255371e-01
3.178411126136779785e-01
3.269231021404266357e-01
3.436280488967895508e-01
3.438342213630676270e-01
3.380517363548278809e-01
3.920546174049377441e-01
3.882212042808532715e-01
3.502721786499023438e-01
3.464845418930053711e-01
3.314316272735595703e-01
3.467940986156463623e-01
4.335222840309143066e-01
4.307074844837188721e-01
4.337851405143737793e-01
4.307074844837188721e-01
4.307074844837188721e-01
4.307074844837188721e-01
4.307074844837188721e-01
4.307074844837188721e-01
4.307074844837188721e-01
4.307074844837188721e-01
4.307074844837188721e-01
4.307074844837188721e-01
4.307074844837188721e-01
4.307074844837188721e-01
4.307074844837188721e-01
4.307074844837188721e-01
4.307074844837188721e-01
4.307074844837188721e-01
4.307074844837188721e-01
4.307074844837188721e-01
4.307074844837188721e-01
4.307074844837188721e-01
4.307074844837188721e-01
4.307074844837188721e-01
4.307074844837188721e-01
4.307074844837188721e-01
4.307074844837188721e-01
4.307074844837188721e-01
4.307074844837188721e-01
4.307074844837188721e-01
4.307074844837188721e-01
4.307074844837188721e-01
4.307074844837188721e-01
4.307074844837188721e-01
4.307074844837188721e-01
4.307074844837188721e-01
4.307074844837188721e-01
4.307074844837188721e-01
4.307074844837188721e-01
4.307074844837188721e-01
4.307074844837188721e-01
4.307074844837188721e-01
4.307074844837188721e-01
4.307074844837188721e-01
4.307074844837188721e-01
4.222618043422698975e-01
4.229754805564880371e-01
4.232885837554931641e-01
4.234966635704040527e-01
4.239520430564880371e-01
4.235496520996093750e-01
3.574298620223999023e-01
3.614743351936340332e-01
3.269230723381042480e-01
3.464845418930053711e-01
4.248072206974029541e-01
3.699460923671722412e-01
4.276140034198760986e-01
4.307074844837188721e-01
4.307074844837188721e-01
4.307074844837188721e-01
4.307074844837188721e-01
4.292482137680053711e-01
4.307074844837188721e-01
4.307074844837188721e-01
3.999117612838745117e-01
4.307074844837188721e-01
4.307074844837188721e-01
4.307074844837188721e-01
4.307074844837188721e-01
4.307074844837188721e-01
4.080916643142700195e-01
4.307074844837188721e-01
4.244202673435211182e-01
4.307074844837188721e-01
4.307074844837188721e-01
4.307074844837188721e-01
4.307074844837188721e-01
4.307074844837188721e-01
4.307074844837188721e-01
4.307074844837188721e-01
4.307074844837188721e-01
4.307074844837188721e-01
4.307074844837188721e-01
4.307074844837188721e-01
4.307074844837188721e-01
4.307074844837188721e-01
4.307074844837188721e-01
4.307074844837188721e-01
4.307074844837188721e-01
4.307074844837188721e-01
4.307074844837188721e-01
4.307074844837188721e-01
4.307074844837188721e-01
4.307074844837188721e-01
4.530303478240966797e-01
4.307074844837188721e-01
4.307074844837188721e-01
4.776236712932586670e-01
4.307074844837188721e-01
4.253414273262023926e-01
4.307074844837188721e-01
4.226975440979003906e-01
4.228276610374450684e-01
4.454991221427917480e-01
4.307074844837188721e-01
4.307074844837188721e-01
4.347843527793884277e-01
4.307074844837188721e-01
4.243775606155395508e-01
4.243785440921783447e-01
4.264576733112335205e-01
4.307074844837188721e-01
4.307074844837188721e-01
4.307074844837188721e-01
4.243599772453308105e-01
4.307074844837188721e-01
4.307074844837188721e-01
4.307074844837188721e-01
4.307074844837188721e-01
4.307074844837188721e-01
4.307074844837188721e-01
4.307074844837188721e-01
4.307016730308532715e-01
4.307016730308532715e-01
4.307016730308532715e-01
4.307016730308532715e-01
4.307074844837188721e-01
4.277836978435516357e-01
4.307074844837188721e-01
4.307074844837188721e-01
4.307074844837188721e-01
4.307074844837188721e-01
4.307074844837188721e-01
4.307074844837188721e-01
4.307074844837188721e-01
4.307074844837188721e-01
4.307074844837188721e-01
4.307074844837188721e-01
4.307074844837188721e-01
4.307074844837188721e-01
4.307074844837188721e-01
4.307074844837188721e-01
4.307074844837188721e-01
4.307074844837188721e-01
4.307074844837188721e-01
4.307074844837188721e-01
4.307074844837188721e-01
4.307074844837188721e-01
4.251185655593872070e-01
4.251185655593872070e-01
4.251186251640319824e-01
4.251405596733093262e-01
4.251185655593872070e-01
4.251185655593872070e-01
4.251185655593872070e-01
4.274985194206237793e-01
4.307074844837188721e-01
4.307074844837188721e-01
4.307074844837188721e-01
4.307074844837188721e-01
4.307074844837188721e-01
4.307074844837188721e-01
4.307074844837188721e-01
4.307074844837188721e-01
4.307074844837188721e-01
4.307074844837188721e-01
4.307074844837188721e-01
4.307074844837188721e-01
4.307074844837188721e-01
4.307074844837188721e-01
4.307074844837188721e-01
4.250859618186950684e-01
4.307074844837188721e-01
4.307074844837188721e-01
4.318495988845825195e-01
4.304314255714416504e-01
4.307074844837188721e-01
4.307074844837188721e-01
4.307074844837188721e-01
4.307074844837188721e-01
4.307074844837188721e-01
4.307074844837188721e-01
4.307074844837188721e-01
4.310367405414581299e-01
4.307074844837188721e-01
4.307074844837188721e-01
4.307074844837188721e-01
3.638639152050018311e-01
3.680657744407653809e-01
3.678502142429351807e-01
3.627174496650695801e-01
3.678502142429351807e-01
3.628692626953125000e-01
3.722642958164215088e-01
3.763320446014404297e-01
3.759109973907470703e-01
3.669193983078002930e-01
3.839975595474243164e-01
3.678502142429351807e-01
3.665530085563659668e-01
4.307074844837188721e-01
4.307074844837188721e-01
4.307074844837188721e-01
4.307074844837188721e-01
4.307074844837188721e-01
4.307074844837188721e-01
4.307074844837188721e-01
4.307074844837188721e-01
4.307074844837188721e-01
4.307074844837188721e-01
3.736202120780944824e-01
4.307074844837188721e-01
4.307074844837188721e-01
4.307074844837188721e-01
4.307074844837188721e-01
4.307074844837188721e-01
4.307074844837188721e-01
4.307074844837188721e-01
4.072787761688232422e-01
4.307074844837188721e-01
4.307074844837188721e-01
4.307074844837188721e-01
4.307074844837188721e-01
4.307074844837188721e-01
4.307074844837188721e-01
4.307074844837188721e-01
4.307074844837188721e-01
4.307074844837188721e-01
4.307074844837188721e-01
4.307074844837188721e-01
4.307074844837188721e-01
4.307074844837188721e-01
4.307074844837188721e-01
4.307074844837188721e-01
4.307074844837188721e-01
4.307074844837188721e-01
4.307074844837188721e-01
4.307074844837188721e-01
4.307074844837188721e-01
4.307074844837188721e-01
4.307074844837188721e-01
4.307074844837188721e-01
4.307074844837188721e-01
4.227625429630279541e-01
4.307074844837188721e-01
3.681899309158325195e-01
4.272166490554809570e-01
4.307074844837188721e-01
4.307074844837188721e-01
4.307074844837188721e-01
4.307074844837188721e-01
4.307074844837188721e-01
4.307074844837188721e-01
4.307074844837188721e-01
4.307074844837188721e-01
4.307074844837188721e-01
4.307074844837188721e-01
4.307074844837188721e-01
4.307074844837188721e-01
4.307074844837188721e-01
4.307074844837188721e-01
4.307074844837188721e-01
4.307074844837188721e-01
4.307074844837188721e-01
4.307074844837188721e-01
4.307074844837188721e-01
4.307074844837188721e-01
4.307074844837188721e-01
4.307074844837188721e-01
4.307074844837188721e-01
4.307074844837188721e-01
4.307074844837188721e-01
4.307074844837188721e-01
4.307074844837188721e-01
4.307074844837188721e-01
4.307074844837188721e-01
4.307074844837188721e-01
4.307074844837188721e-01
4.307074844837188721e-01
4.307074844837188721e-01
4.259919524192810059e-01
4.307074844837188721e-01
4.241092205047607422e-01
4.307074844837188721e-01
4.307074844837188721e-01
4.307074844837188721e-01
4.307074844837188721e-01
4.307074844837188721e-01
4.243912100791931152e-01
4.128550887107849121e-01
4.307074844837188721e-01
4.211506247520446777e-01
3.348290324211120605e-01
3.246175050735473633e-01
4.307074844837188721e-01
4.307074844837188721e-01
4.307074844837188721e-01
4.307074844837188721e-01
4.307074844837188721e-01
4.307074844837188721e-01
4.307074844837188721e-01
4.307074844837188721e-01
4.307074844837188721e-01
4.307074844837188721e-01
4.307074844837188721e-01
4.307074844837188721e-01
4.307074844837188721e-01
4.307074844837188721e-01
4.307074844837188721e-01
4.307074844837188721e-01
4.307074844837188721e-01
4.307074844837188721e-01
4.249688684940338135e-01
4.307074844837188721e-01
4.307074844837188721e-01
4.307074844837188721e-01
4.307074844837188721e-01
4.307074844837188721e-01
4.307074844837188721e-01
4.307074844837188721e-01
4.307074844837188721e-01
4.307074844837188721e-01
4.307074844837188721e-01
4.307074844837188721e-01
4.307074844837188721e-01
4.307074844837188721e-01
4.307074844837188721e-01
4.307074844837188721e-01
4.307074844837188721e-01
4.307074844837188721e-01
4.307074844837188721e-01
4.307074844837188721e-01
4.307074844837188721e-01
4.307074844837188721e-01
4.307074844837188721e-01
4.307074844837188721e-01
4.307074844837188721e-01
4.307074844837188721e-01
4.307074844837188721e-01
4.307074844837188721e-01
4.307074844837188721e-01
4.307074844837188721e-01
4.307074844837188721e-01
4.333480894565582275e-01
4.307074844837188721e-01
4.307074844837188721e-01
4.307074844837188721e-01
4.307074844837188721e-01
4.307074844837188721e-01
4.307074844837188721e-01
4.307074844837188721e-01
4.307074844837188721e-01
4.307074844837188721e-01
4.307074844837188721e-01
4.307074844837188721e-01
4.307074844837188721e-01
4.307074844837188721e-01
4.307074844837188721e-01
4.307074844837188721e-01
4.307074844837188721e-01
4.307074844837188721e-01
4.307074844837188721e-01
4.307074844837188721e-01
4.307074844837188721e-01
4.307074844837188721e-01
4.307074844837188721e-01
4.307074844837188721e-01
4.307074844837188721e-01
4.307074844837188721e-01
4.307074844837188721e-01
4.307074844837188721e-01
4.307074844837188721e-01
4.321438968181610107e-01
4.307074844837188721e-01
4.307074844837188721e-01
4.307074844837188721e-01
4.264864027500152588e-01
4.307074844837188721e-01
4.352873563766479492e-01
4.307074844837188721e-01
4.307074844837188721e-01
4.307074844837188721e-01
4.307074844837188721e-01
4.307074844837188721e-01
4.307074844837188721e-01
4.307074844837188721e-01
4.307074844837188721e-01
4.233945906162261963e-01
4.273921847343444824e-01
3.526530265808105469e-01
3.578687310218811035e-01
4.307074844837188721e-01
4.307074844837188721e-01
4.304118454456329346e-01
4.307074844837188721e-01
4.277345240116119385e-01
4.307074844837188721e-01
4.307074844837188721e-01
4.307074844837188721e-01
4.307074844837188721e-01
3.678502440452575684e-01
4.307074844837188721e-01
4.307074844837188721e-01
4.307074844837188721e-01
4.307074844837188721e-01
4.307074844837188721e-01
4.307074844837188721e-01
4.307074844837188721e-01
4.307074844837188721e-01
4.307074844837188721e-01
4.307074844837188721e-01
4.307074844837188721e-01
4.307074844837188721e-01
4.307074844837188721e-01
4.307074844837188721e-01
4.307074844837188721e-01
4.307074844837188721e-01
4.307074844837188721e-01
4.307074844837188721e-01
4.307074844837188721e-01
4.307074844837188721e-01
4.307074844837188721e-01
4.221798181533813477e-01
4.303692579269409180e-01
4.270083308219909668e-01
3.628849983215332031e-01
4.250923395156860352e-01
4.307074844837188721e-01
4.307074844837188721e-01
4.307074844837188721e-01
4.307074844837188721e-01
4.246230721473693848e-01
4.243146777153015137e-01
4.240948259830474854e-01
4.243357181549072266e-01
4.241581559181213379e-01
4.307074844837188721e-01
4.268099367618560791e-01
4.110918641090393066e-01
4.307074844837188721e-01
4.049754738807678223e-01
4.307074844837188721e-01
4.056628346443176270e-01
3.741354942321777344e-01
4.102300703525543213e-01
4.057752490043640137e-01
4.148069918155670166e-01
4.098658561706542969e-01
4.150580167770385742e-01
4.136295914649963379e-01
4.175445735454559326e-01
4.278346896171569824e-01
4.285524487495422363e-01
4.064073860645294189e-01
4.059318006038665771e-01
4.169473946094512939e-01
4.307074844837188721e-01
4.168496429920196533e-01
4.231452047824859619e-01
4.307074844837188721e-01
4.307074844837188721e-01
4.307074844837188721e-01
4.307074844837188721e-01
4.307074844837188721e-01
4.307074844837188721e-01
4.307074844837188721e-01
4.219548404216766357e-01
3.464845418930053711e-01
4.226483702659606934e-01
4.157930016517639160e-01
4.234640300273895264e-01
4.236180484294891357e-01
4.236133098602294922e-01
4.196068644523620605e-01
4.216895997524261475e-01
3.776407241821289062e-01
4.221521019935607910e-01
4.095250964164733887e-01
4.079791903495788574e-01
4.138141274452209473e-01
4.188415706157684326e-01
3.995794653892517090e-01
4.302175045013427734e-01
4.307074844837188721e-01
3.821782469749450684e-01
3.678502142429351807e-01
4.326965510845184326e-01
4.307074844837188721e-01
4.307074844837188721e-01
4.236144125461578369e-01
4.307074844837188721e-01
3.678502142429351807e-01
4.307074844837188721e-01
4.307074844837188721e-01
4.307074844837188721e-01
4.307074844837188721e-01
4.320458471775054932e-01
4.307074844837188721e-01
4.307074844837188721e-01
4.307074844837188721e-01
4.307074844837188721e-01
4.307074844837188721e-01
4.307074844837188721e-01
4.307074844837188721e-01
4.307074844837188721e-01
4.307074844837188721e-01
4.307074844837188721e-01
4.307074844837188721e-01
4.307074844837188721e-01
4.307074844837188721e-01
4.307074844837188721e-01
4.307074844837188721e-01
4.307074844837188721e-01
4.307074844837188721e-01
4.307074844837188721e-01
4.307074844837188721e-01
4.307074844837188721e-01
4.307074844837188721e-01
4.307074844837188721e-01
4.307074844837188721e-01
4.307074844837188721e-01
4.307074844837188721e-01
4.307074844837188721e-01
4.307074844837188721e-01
4.307074844837188721e-01
4.150278270244598389e-01
4.307074844837188721e-01
4.307074844837188721e-01
4.278909265995025635e-01
4.099038243293762207e-01
4.307074844837188721e-01
4.338454604148864746e-01
4.307074844837188721e-01
4.220399856567382812e-01
4.307074844837188721e-01
4.077798128128051758e-01
4.307074844837188721e-01
4.219295680522918701e-01
4.307074844837188721e-01
4.307074844837188721e-01
4.307074844837188721e-01
4.047159552574157715e-01
4.266884028911590576e-01
4.308908879756927490e-01
3.475003838539123535e-01
3.512018918991088867e-01
3.547140955924987793e-01
3.264612257480621338e-01
3.649120628833770752e-01
3.332191109657287598e-01
3.269230723381042480e-01
3.347619771957397461e-01
3.276715278625488281e-01
3.071352839469909668e-01
3.269231021404266357e-01
3.753873705863952637e-01
3.269231319427490234e-01
3.197199404239654541e-01
3.455827236175537109e-01
3.464845418930053711e-01
3.686330914497375488e-01
3.680155277252197266e-01
3.050402998924255371e-01
3.464845418930053711e-01
3.489244282245635986e-01
3.464845418930053711e-01
4.241369962692260742e-01
3.325629830360412598e-01
3.688461184501647949e-01
3.468067049980163574e-01
3.934249877929687500e-01
3.550269305706024170e-01
3.462213277816772461e-01
3.747224807739257812e-01
3.678528666496276855e-01
4.237025380134582520e-01
4.248101711273193359e-01
3.986482620239257812e-01
3.222798109054565430e-01
3.684389591217041016e-01
3.724066615104675293e-01
3.358812630176544189e-01
3.269230723381042480e-01
3.154206871986389160e-01
3.610796928405761719e-01
3.269230723381042480e-01
3.322109878063201904e-01
3.349284529685974121e-01
3.069149255752563477e-01
3.085092902183532715e-01
3.807409405708312988e-01
3.173328638076782227e-01
3.474570512771606445e-01
4.001781642436981201e-01
3.876532912254333496e-01
3.269230723381042480e-01
3.464926481246948242e-01
3.269230723381042480e-01
3.464845418930053711e-01
3.338964581489562988e-01
3.351503014564514160e-01
3.458175957202911377e-01
3.464851975440979004e-01
3.453831672668457031e-01
3.084196448326110840e-01
3.464845418930053711e-01
3.980019688606262207e-01
3.626298010349273682e-01
3.297620713710784912e-01
4.099420011043548584e-01
4.180231094360351562e-01
4.253496825695037842e-01
4.271959960460662842e-01
4.224976003170013428e-01
4.138025641441345215e-01
4.245310425758361816e-01
4.307074844837188721e-01
4.307074844837188721e-01
4.307074844837188721e-01
4.307074844837188721e-01
4.307074844837188721e-01
4.307074844837188721e-01
4.066489040851593018e-01
4.114572405815124512e-01
4.130411148071289062e-01
4.220042526721954346e-01
4.171365797519683838e-01
4.254548251628875732e-01
4.220347404479980469e-01
4.301378726959228516e-01
4.307074844837188721e-01
4.307074844837188721e-01
4.226684272289276123e-01
3.663536310195922852e-01
4.157730937004089355e-01
4.206521511077880859e-01
4.240093231201171875e-01
4.328832924365997314e-01
4.253557920455932617e-01
4.347345530986785889e-01
4.244838953018188477e-01
3.530405163764953613e-01
4.307074844837188721e-01
4.307074844837188721e-01
4.298836290836334229e-01
4.307074844837188721e-01
3.686882853507995605e-01
4.307074844837188721e-01
4.307074844837188721e-01
4.307074844837188721e-01
4.307074844837188721e-01
4.288148880004882812e-01
4.307074844837188721e-01
4.307074844837188721e-01
4.307074844837188721e-01
4.307074844837188721e-01
4.307074844837188721e-01
4.307074844837188721e-01
4.307074844837188721e-01
4.307074844837188721e-01
4.307074844837188721e-01
4.307074844837188721e-01
4.307074844837188721e-01
4.307074844837188721e-01
4.307074844837188721e-01
4.307074844837188721e-01
4.307074844837188721e-01
4.307074844837188721e-01
4.307074844837188721e-01
4.307074844837188721e-01
4.307074844837188721e-01
4.307074844837188721e-01
4.307074844837188721e-01
4.331046342849731445e-01
4.307074844837188721e-01
4.307074844837188721e-01
4.307074844837188721e-01
4.307074844837188721e-01
4.307074844837188721e-01
4.307074844837188721e-01
4.307074844837188721e-01
4.307074844837188721e-01
4.307074844837188721e-01
4.307074844837188721e-01
4.307074844837188721e-01
4.307074844837188721e-01
4.307074844837188721e-01
4.307074844837188721e-01
4.307074844837188721e-01
4.307074844837188721e-01
4.307074844837188721e-01
4.307074844837188721e-01
4.307074844837188721e-01
4.307074844837188721e-01
4.307074844837188721e-01
4.307074844837188721e-01
4.307074844837188721e-01
4.307074844837188721e-01
4.307074844837188721e-01
4.307074844837188721e-01
4.307074844837188721e-01
4.307074844837188721e-01
4.307074844837188721e-01
4.307074844837188721e-01
4.307074844837188721e-01
4.222230315208435059e-01
4.307074844837188721e-01
4.307074844837188721e-01
4.307074844837188721e-01
4.307074844837188721e-01
4.307074844837188721e-01
4.239445328712463379e-01
4.307074844837188721e-01
4.307074844837188721e-01
4.307074844837188721e-01
4.307074844837188721e-01
4.307074844837188721e-01
4.307074844837188721e-01
4.307074844837188721e-01
4.307074844837188721e-01
4.307074844837188721e-01
4.307074844837188721e-01
4.307074844837188721e-01
4.307074844837188721e-01
4.307074844837188721e-01
4.307074844837188721e-01
4.307074844837188721e-01
4.307074844837188721e-01
4.307074844837188721e-01
4.307074844837188721e-01
4.307074844837188721e-01
4.307074844837188721e-01
4.307074844837188721e-01
4.307074844837188721e-01
4.307074844837188721e-01
4.307074844837188721e-01
4.307074844837188721e-01
4.307074844837188721e-01
4.107873439788818359e-01
4.255055785179138184e-01
4.307074844837188721e-01
4.263756275177001953e-01
4.220533370971679688e-01
4.132467508316040039e-01
4.129237830638885498e-01
3.678502142429351807e-01
4.307074844837188721e-01
4.152582883834838867e-01
4.224148392677307129e-01
4.273176193237304688e-01
4.307074844837188721e-01
4.307074844837188721e-01
4.307074844837188721e-01
4.307074844837188721e-01
4.307074844837188721e-01
4.316536784172058105e-01
4.307074844837188721e-01
4.309518337249755859e-01
4.307074844837188721e-01
4.307074844837188721e-01
4.307074844837188721e-01
4.307074844837188721e-01
4.307074844837188721e-01
4.307074844837188721e-01
4.307074844837188721e-01
4.307074844837188721e-01
4.307074844837188721e-01
4.307074844837188721e-01
4.307074844837188721e-01
4.307074844837188721e-01
4.307074844837188721e-01
4.307074844837188721e-01
4.307074844837188721e-01
4.307074844837188721e-01
4.307074844837188721e-01
4.307074844837188721e-01
4.152565598487854004e-01
4.307074844837188721e-01
4.307074844837188721e-01
3.678502142429351807e-01
3.640072047710418701e-01
4.204208254814147949e-01
4.222193956375122070e-01
3.678502142429351807e-01
4.061287045478820801e-01
3.942979574203491211e-01
4.210228621959686279e-01
4.307074844837188721e-01
4.307074844837188721e-01
4.242579042911529541e-01
3.699074089527130127e-01
3.678520321846008301e-01
4.307074844837188721e-01
4.307074844837188721e-01
4.307074844837188721e-01
4.307074844837188721e-01
4.307074844837188721e-01
4.307074844837188721e-01
4.307074844837188721e-01
4.307074844837188721e-01
4.307074844837188721e-01
4.248672127723693848e-01
4.307074844837188721e-01
4.307074844837188721e-01
4.309886395931243896e-01
4.307074844837188721e-01
4.307074844837188721e-01
4.307074844837188721e-01
4.307074844837188721e-01
4.307074844837188721e-01
4.307074844837188721e-01
4.307074844837188721e-01
4.307074844837188721e-01
4.307074844837188721e-01
4.307074844837188721e-01
4.307074844837188721e-01
4.307074844837188721e-01
3.771501481533050537e-01
4.307074844837188721e-01
4.307074844837188721e-01
4.325599074363708496e-01
4.307074844837188721e-01
4.307074844837188721e-01
4.307074844837188721e-01
4.307074844837188721e-01
4.307074844837188721e-01
4.307074844837188721e-01
4.307074844837188721e-01
4.307074844837188721e-01
4.307074844837188721e-01
4.307074844837188721e-01
4.307074844837188721e-01
4.307074844837188721e-01
4.307074844837188721e-01
4.307074844837188721e-01
4.307074844837188721e-01
4.307074844837188721e-01
4.307074844837188721e-01
4.307074844837188721e-01
4.307074844837188721e-01
4.307074844837188721e-01
4.307074844837188721e-01
4.307074844837188721e-01
4.307074844837188721e-01
4.307074844837188721e-01
4.307074844837188721e-01
4.307074844837188721e-01
4.307074844837188721e-01
4.307074844837188721e-01
4.307074844837188721e-01
4.307074844837188721e-01
4.307074844837188721e-01
4.307074844837188721e-01
4.307074844837188721e-01
4.307074844837188721e-01
4.307074844837188721e-01
4.307074844837188721e-01
4.307074844837188721e-01
4.307074844837188721e-01
4.307074844837188721e-01
4.307074844837188721e-01
4.307074844837188721e-01
4.307074844837188721e-01
4.307074844837188721e-01
4.232932925224304199e-01
4.307074844837188721e-01
4.307074844837188721e-01
4.307074844837188721e-01
4.064158201217651367e-01
3.678504228591918945e-01
4.050375819206237793e-01
3.678502142429351807e-01
4.307074844837188721e-01
4.306374490261077881e-01
3.734539151191711426e-01
3.678502440452575684e-01
4.064723551273345947e-01
4.117181897163391113e-01
4.307074844837188721e-01
4.307074844837188721e-01
3.576538860797882080e-01
4.307074844837188721e-01
3.658881783485412598e-01
3.678502142429351807e-01
3.678502142429351807e-01
4.091635346412658691e-01
3.679466247558593750e-01
4.301223754882812500e-01
3.679182827472686768e-01
3.681585788726806641e-01
3.594630360603332520e-01
3.678574562072753906e-01
3.994126915931701660e-01
3.678684830665588379e-01
3.585773706436157227e-01
3.678506016731262207e-01
3.575566411018371582e-01
3.853822350502014160e-01
4.313719570636749268e-01
4.307074844837188721e-01
4.307074844837188721e-01
3.656633198261260986e-01
4.068066477775573730e-01
4.307074844837188721e-01
4.307074844837188721e-01
3.934368491172790527e-01
3.673092424869537354e-01
4.307074844837188721e-01
4.307074844837188721e-01
3.817210793495178223e-01
4.307074844837188721e-01
4.236784875392913818e-01
4.307074844837188721e-01
4.307074844837188721e-01
4.307074844837188721e-01
4.279089570045471191e-01
4.307074844837188721e-01
4.318326115608215332e-01
4.307074844837188721e-01
4.307074844837188721e-01
4.237158298492431641e-01
4.316084384918212891e-01
4.276826381683349609e-01
4.307074844837188721e-01
4.307074844837188721e-01
4.307074844837188721e-01
4.263123273849487305e-01
4.307074844837188721e-01
4.307074844837188721e-01
4.307074844837188721e-01
4.307074844837188721e-01
4.307074844837188721e-01
4.307074844837188721e-01
4.307074844837188721e-01
4.307074844837188721e-01
4.307074844837188721e-01
4.307074844837188721e-01
4.307074844837188721e-01
4.307074844837188721e-01
4.307074844837188721e-01
4.307074844837188721e-01
3.696842193603515625e-01
4.204133749008178711e-01
4.200823307037353516e-01
4.307074844837188721e-01
4.307074844837188721e-01
4.307074844837188721e-01
3.700517117977142334e-01
4.072193801403045654e-01
4.239562749862670898e-01
4.307074844837188721e-01
4.204133749008178711e-01
4.204133749008178711e-01
3.974703550338745117e-01
4.243183135986328125e-01
4.081003069877624512e-01
4.169429540634155273e-01
4.196125864982604980e-01
4.255146384239196777e-01
4.066032171249389648e-01
3.682872354984283447e-01
4.204133749008178711e-01
4.307074844837188721e-01
4.307074844837188721e-01
4.307074844837188721e-01
4.282984435558319092e-01
4.307074844837188721e-01
4.307074844837188721e-01
4.307074844837188721e-01
4.307074844837188721e-01
4.307074844837188721e-01
4.307074844837188721e-01
4.307074844837188721e-01
4.307074844837188721e-01
4.307074844837188721e-01
4.307074844837188721e-01
4.307074844837188721e-01
4.307074844837188721e-01
4.307074844837188721e-01
4.307074844837188721e-01
4.307074844837188721e-01
4.307074844837188721e-01
4.307074844837188721e-01
4.307074844837188721e-01
4.307074844837188721e-01
4.325366616249084473e-01
4.307074844837188721e-01
4.307074844837188721e-01
4.307074844837188721e-01
4.307074844837188721e-01
4.307074844837188721e-01
4.307074844837188721e-01
4.307074844837188721e-01
4.307074844837188721e-01
4.307074844837188721e-01
4.307074844837188721e-01
4.307074844837188721e-01
4.307074844837188721e-01
4.307074844837188721e-01
4.307074844837188721e-01
4.307074844837188721e-01
4.307074844837188721e-01
4.307074844837188721e-01
4.307074844837188721e-01
4.281281828880310059e-01
4.307074844837188721e-01
4.307074844837188721e-01
4.307074844837188721e-01
4.307074844837188721e-01
4.307074844837188721e-01
4.307074844837188721e-01
4.307074844837188721e-01
4.307074844837188721e-01
4.307074844837188721e-01
4.307074844837188721e-01
4.307074844837188721e-01
4.307074844837188721e-01
4.307074844837188721e-01
4.307074844837188721e-01
4.307074844837188721e-01
4.307074844837188721e-01
4.307074844837188721e-01
4.307074844837188721e-01
4.307074844837188721e-01
4.307074844837188721e-01
4.298277497291564941e-01
4.307074844837188721e-01
4.307074844837188721e-01
4.334075748920440674e-01
4.190090894699096680e-01
4.307074844837188721e-01
4.258685111999511719e-01
4.307074844837188721e-01
4.216429889202117920e-01
4.259352385997772217e-01
4.307074844837188721e-01
4.249593913555145264e-01
3.679352998733520508e-01
4.753542244434356689e-01
4.307074844837188721e-01
4.408686161041259766e-01
4.307074844837188721e-01
4.307074844837188721e-01
4.307074844837188721e-01
4.307074844837188721e-01
4.307074844837188721e-01
4.307074844837188721e-01
4.307074844837188721e-01
4.307074844837188721e-01
4.307074844837188721e-01
4.307074844837188721e-01
4.307074844837188721e-01
4.307074844837188721e-01
4.307074844837188721e-01
4.307074844837188721e-01
4.307074844837188721e-01
4.307074844837188721e-01
4.263105094432830811e-01
4.307074844837188721e-01
4.307074844837188721e-01
4.307074844837188721e-01
4.307074844837188721e-01
4.307074844837188721e-01
4.307074844837188721e-01
4.307074844837188721e-01
4.307074844837188721e-01
4.307074844837188721e-01
4.307074844837188721e-01
4.307074844837188721e-01
4.307074844837188721e-01
4.307074844837188721e-01
4.307074844837188721e-01
4.307074844837188721e-01
4.320864975452423096e-01
4.307074844837188721e-01
4.307074844837188721e-01
4.307074844837188721e-01
4.307074844837188721e-01
4.307074844837188721e-01
4.307074844837188721e-01
4.307074844837188721e-01
4.307074844837188721e-01
3.549689054489135742e-01
4.233443737030029297e-01
3.705031871795654297e-01
4.307074844837188721e-01
4.125100076198577881e-01
4.088571965694427490e-01
4.127480089664459229e-01
4.060329198837280273e-01
3.716753721237182617e-01
4.139406681060791016e-01
4.085200130939483643e-01
4.094015657901763916e-01
4.111810922622680664e-01
4.134697020053863525e-01
3.792089819908142090e-01
3.464845418930053711e-01
4.230017662048339844e-01
4.307819902896881104e-01
4.327568113803863525e-01
4.113464355468750000e-01
4.249302744865417480e-01
3.877277076244354248e-01
3.687185943126678467e-01
4.185784459114074707e-01
4.213296473026275635e-01
3.464953303337097168e-01
4.267007410526275635e-01
4.246858358383178711e-01
3.257086873054504395e-01
3.896889388561248779e-01
4.248308241367340088e-01
3.269230723381042480e-01
3.605101108551025391e-01
3.164699375629425049e-01
3.887793421745300293e-01
3.672493696212768555e-01
3.347535133361816406e-01
3.432921767234802246e-01
4.090073108673095703e-01
4.224634766578674316e-01
3.862838447093963623e-01
4.254710078239440918e-01
3.767331838607788086e-01
4.248273372650146484e-01
4.238974750041961670e-01
3.464845418930053711e-01
3.724616765975952148e-01
4.270764589309692383e-01
4.250593185424804688e-01
3.620526790618896484e-01
4.251517653465270996e-01
4.258352518081665039e-01
4.249853789806365967e-01
4.224639534950256348e-01
4.245003461837768555e-01
4.232261180877685547e-01
4.249844551086425781e-01
4.252170920372009277e-01
4.249188601970672607e-01
4.304093718528747559e-01
4.307074844837188721e-01
4.307074844837188721e-01
4.307074844837188721e-01
4.307074844837188721e-01
4.307074844837188721e-01
4.307074844837188721e-01
4.307074844837188721e-01
4.317019581794738770e-01
4.307074844837188721e-01
4.307074844837188721e-01
4.307074844837188721e-01
4.318954944610595703e-01
4.307074844837188721e-01
4.307074844837188721e-01
4.307074844837188721e-01
4.325512945652008057e-01
4.307074844837188721e-01
4.307074844837188721e-01
4.307074844837188721e-01
4.307074844837188721e-01
4.307074844837188721e-01
4.307074844837188721e-01
4.307074844837188721e-01
4.307074844837188721e-01
4.307074844837188721e-01
4.307074844837188721e-01
4.307074844837188721e-01
4.307074844837188721e-01
4.307074844837188721e-01
4.307074844837188721e-01
4.307074844837188721e-01
4.307074844837188721e-01
4.307074844837188721e-01
4.307074844837188721e-01
4.307074844837188721e-01
4.307074844837188721e-01
4.267331361770629883e-01
4.307074844837188721e-01
4.307074844837188721e-01
4.307074844837188721e-01
4.307074844837188721e-01
4.307074844837188721e-01
4.307074844837188721e-01
4.307074844837188721e-01
4.317457079887390137e-01
4.307074844837188721e-01
4.307074844837188721e-01
4.307074844837188721e-01
4.307074844837188721e-01
4.307074844837188721e-01
4.307074844837188721e-01
4.307074844837188721e-01
4.307074844837188721e-01
4.352873563766479492e-01
4.307074844837188721e-01
4.307074844837188721e-01
4.307074844837188721e-01
4.307074844837188721e-01
4.296013712882995605e-01
4.307074844837188721e-01
4.307074844837188721e-01
4.307074844837188721e-01
4.307074844837188721e-01
4.292128980159759521e-01
4.307074844837188721e-01
4.307074844837188721e-01
4.307074844837188721e-01
4.307074844837188721e-01
4.307074844837188721e-01
4.307074844837188721e-01
4.307074844837188721e-01
4.307074844837188721e-01
4.307074844837188721e-01
4.307074844837188721e-01
4.307074844837188721e-01
4.307074844837188721e-01
4.307074844837188721e-01
4.307074844837188721e-01
4.307074844837188721e-01
4.307074844837188721e-01
4.255355000495910645e-01
4.298771619796752930e-01
4.282947778701782227e-01
4.252042472362518311e-01
4.307074844837188721e-01
4.307074844837188721e-01
4.307074844837188721e-01
4.307074844837188721e-01
4.307074844837188721e-01
4.255224168300628662e-01
4.307074844837188721e-01
4.307074844837188721e-01
4.307074844837188721e-01
4.307074844837188721e-01
4.307074844837188721e-01
4.307074844837188721e-01
4.307074844837188721e-01
3.678594231605529785e-01
4.307074844837188721e-01
4.307074844837188721e-01
4.307074844837188721e-01
4.213575124740600586e-01
4.307074844837188721e-01
4.307074844837188721e-01
4.307074844837188721e-01
4.307074844837188721e-01
4.307074844837188721e-01
4.240266978740692139e-01
4.307074844837188721e-01
4.307074844837188721e-01
4.307074844837188721e-01
4.307074844837188721e-01
4.307074844837188721e-01
4.307074844837188721e-01
4.307074844837188721e-01
4.290435016155242920e-01
4.123529195785522461e-01
4.307074844837188721e-01
4.307074844837188721e-01
4.307074844837188721e-01
4.307074844837188721e-01
4.307074844837188721e-01
4.307074844837188721e-01
4.506187140941619873e-01
4.301995933055877686e-01
4.307074844837188721e-01
4.307074844837188721e-01
4.307074844837188721e-01
4.307074844837188721e-01
4.307074844837188721e-01
4.306469559669494629e-01
4.307074844837188721e-01
4.307074844837188721e-01
4.307074844837188721e-01
4.203875064849853516e-01
4.306651353836059570e-01
4.288916289806365967e-01
4.307074844837188721e-01
4.307074844837188721e-01
4.307074844837188721e-01
4.307074844837188721e-01
4.307074844837188721e-01
4.307074844837188721e-01
4.307074844837188721e-01
4.307074844837188721e-01
4.307074844837188721e-01
4.307074844837188721e-01
4.307074844837188721e-01
4.307074844837188721e-01
4.307074844837188721e-01
4.307074844837188721e-01
4.307074844837188721e-01
4.307074844837188721e-01
4.307074844837188721e-01
4.307074844837188721e-01
4.307074844837188721e-01
4.307074844837188721e-01
4.307074844837188721e-01
4.307074844837188721e-01
4.307074844837188721e-01
4.307074844837188721e-01
4.307074844837188721e-01
4.744676053524017334e-01
4.267391860485076904e-01
4.307074844837188721e-01
4.307074844837188721e-01
4.307074844837188721e-01
4.307074844837188721e-01
4.307074844837188721e-01
4.307074844837188721e-01
4.307074844837188721e-01
4.249331355094909668e-01
4.307074844837188721e-01
4.713118970394134521e-01
4.307074844837188721e-01
4.307074844837188721e-01
4.307074844837188721e-01
4.307074844837188721e-01
4.307074844837188721e-01
4.307074844837188721e-01
4.307074844837188721e-01
4.307074844837188721e-01
4.307074844837188721e-01
4.307074844837188721e-01
3.678677678108215332e-01
3.662379384040832520e-01
3.503636717796325684e-01
4.307074844837188721e-01
4.307074844837188721e-01
3.264632821083068848e-01
3.269232213497161865e-01
3.050404191017150879e-01
4.150996804237365723e-01
4.141811728477478027e-01
4.203927218914031982e-01
3.307143747806549072e-01
4.190463423728942871e-01
3.540042042732238770e-01
3.698297441005706787e-01
4.195089638233184814e-01
3.446392416954040527e-01
3.512520194053649902e-01
3.587864637374877930e-01
4.120353460311889648e-01
3.452346622943878174e-01
3.571163415908813477e-01
3.680951297283172607e-01
3.628872931003570557e-01
3.668440282344818115e-01
3.679019212722778320e-01
3.665558099746704102e-01
3.278715312480926514e-01
4.224758744239807129e-01
4.230588674545288086e-01
4.079234302043914795e-01
4.249755740165710449e-01
4.237747192382812500e-01
4.307074844837188721e-01
4.307074844837188721e-01
4.307074844837188721e-01
4.307074844837188721e-01
4.307074844837188721e-01
4.307074844837188721e-01
4.307074844837188721e-01
4.307074844837188721e-01
4.307074844837188721e-01
4.307074844837188721e-01
4.307074844837188721e-01
4.307074844837188721e-01
4.307074844837188721e-01
4.307074844837188721e-01
4.307074844837188721e-01
4.307074844837188721e-01
4.307074844837188721e-01
4.390027225017547607e-01
4.307074844837188721e-01
4.307074844837188721e-01
4.307074844837188721e-01
4.307074844837188721e-01
4.307074844837188721e-01
4.307074844837188721e-01
4.307074844837188721e-01
4.307074844837188721e-01
4.307074844837188721e-01
4.307074844837188721e-01
4.307074844837188721e-01
4.307074844837188721e-01
4.307074844837188721e-01
4.307074844837188721e-01
4.307074844837188721e-01
4.307074844837188721e-01
4.307074844837188721e-01
4.307074844837188721e-01
4.307074844837188721e-01
4.307074844837188721e-01
4.307074844837188721e-01
4.307074844837188721e-01
4.307074844837188721e-01
4.588433802127838135e-01
4.307074844837188721e-01
4.307074844837188721e-01
4.307074844837188721e-01
4.307074844837188721e-01
4.307074844837188721e-01
4.307074844837188721e-01
4.307074844837188721e-01
4.307074844837188721e-01
4.307074844837188721e-01
4.307074844837188721e-01
4.307074844837188721e-01
4.307074844837188721e-01
4.307074844837188721e-01
4.307074844837188721e-01
4.225899875164031982e-01
4.252936840057373047e-01
4.290542602539062500e-01
4.307074844837188721e-01
4.307074844837188721e-01
4.301853477954864502e-01
4.307074844837188721e-01
4.307074844837188721e-01
4.307074844837188721e-01
4.283308386802673340e-01
4.289246797561645508e-01
4.246193170547485352e-01
4.307074844837188721e-01
4.243533611297607422e-01
4.287669360637664795e-01
4.307074844837188721e-01
4.236974418163299561e-01
4.805572032928466797e-01
4.244049787521362305e-01
4.256929159164428711e-01
4.260951280593872070e-01
4.272104799747467041e-01
4.307074844837188721e-01
4.307074844837188721e-01
4.274411201477050781e-01
4.232419133186340332e-01
4.307074844837188721e-01
4.307074844837188721e-01
4.307074844837188721e-01
4.269720911979675293e-01
4.307074844837188721e-01
4.307074844837188721e-01
4.233584403991699219e-01
4.274317622184753418e-01
4.255567789077758789e-01
4.288518428802490234e-01
4.236343801021575928e-01
4.251625835895538330e-01
4.294879436492919922e-01
4.271796941757202148e-01
4.631934165954589844e-01
4.252536892890930176e-01
4.307074844837188721e-01
4.307074844837188721e-01
4.307074844837188721e-01
4.307074844837188721e-01
4.307074844837188721e-01
4.307074844837188721e-01
4.307074844837188721e-01
4.273198843002319336e-01
4.124188423156738281e-01
4.307074844837188721e-01
4.307074844837188721e-01
4.309890866279602051e-01
4.307074844837188721e-01
4.307074844837188721e-01
4.307074844837188721e-01
4.307074844837188721e-01
4.306758642196655273e-01
4.307074844837188721e-01
4.307074844837188721e-01
4.307074844837188721e-01
4.307074844837188721e-01
4.307074844837188721e-01
4.307074844837188721e-01
4.307074844837188721e-01
4.307074844837188721e-01
4.307074844837188721e-01
4.307074844837188721e-01
4.307074844837188721e-01
4.307074844837188721e-01
4.307074844837188721e-01
4.307074844837188721e-01
4.307074844837188721e-01
4.307074844837188721e-01
4.307074844837188721e-01
4.307074844837188721e-01
4.307074844837188721e-01
4.307074844837188721e-01
4.307074844837188721e-01
4.307074844837188721e-01
4.307074844837188721e-01
4.296730458736419678e-01
4.307074844837188721e-01
4.307074844837188721e-01
4.307074844837188721e-01
4.307074844837188721e-01
4.307074844837188721e-01
4.307074844837188721e-01
4.307074844837188721e-01
4.307074844837188721e-01
4.307074844837188721e-01
4.307074844837188721e-01
4.307074844837188721e-01
4.258458316326141357e-01
4.307074844837188721e-01
4.307074844837188721e-01
4.307074844837188721e-01
4.307074844837188721e-01
4.307074844837188721e-01
4.307074844837188721e-01
4.307074844837188721e-01
4.307074844837188721e-01
4.307074844837188721e-01
4.307074844837188721e-01
4.307074844837188721e-01
4.307074844837188721e-01
4.307074844837188721e-01
4.307074844837188721e-01
4.307074844837188721e-01
4.316515326499938965e-01
3.549949526786804199e-01
4.307074844837188721e-01
4.307074844837188721e-01
4.331174790859222412e-01
4.151510000228881836e-01
4.233636856079101562e-01
4.307074844837188721e-01
4.060617685317993164e-01
3.590437769889831543e-01
4.307074844837188721e-01
4.049564898014068604e-01
3.460687696933746338e-01
3.726589083671569824e-01
3.597698211669921875e-01
3.692028522491455078e-01
3.825038671493530273e-01
3.678502142429351807e-01
3.709000945091247559e-01
3.678573966026306152e-01
3.914506435394287109e-01
3.678504228591918945e-01
3.678557276725769043e-01
3.678502142429351807e-01
3.678502142429351807e-01
3.678895533084869385e-01
3.678502142429351807e-01
3.731554746627807617e-01
3.926672935485839844e-01
3.981674313545227051e-01
3.678502142429351807e-01
3.678636550903320312e-01
3.676488995552062988e-01
4.027110040187835693e-01
4.021934866905212402e-01
3.731832504272460938e-01
3.303152918815612793e-01
3.638713955879211426e-01
3.642793893814086914e-01
3.906781971454620361e-01
3.359904587268829346e-01
4.289523363113403320e-01
3.111977875232696533e-01
3.162761330604553223e-01
3.269230723381042480e-01
3.628402948379516602e-01
3.139356076717376709e-01
3.359007835388183594e-01
3.610072731971740723e-01
3.464375436305999756e-01
3.263716101646423340e-01
3.066895604133605957e-01
3.269230723381042480e-01
3.269230723381042480e-01
3.269230723381042480e-01
3.574086427688598633e-01
3.742750883102416992e-01
3.269230723381042480e-01
3.607543110847473145e-01
3.269230723381042480e-01
3.316653072834014893e-01
3.074077367782592773e-01
3.228952884674072266e-01
3.112805783748626709e-01
3.231370449066162109e-01
3.323288261890411377e-01
3.221105337142944336e-01
3.378095626831054688e-01
3.269230723381042480e-01
3.424055278301239014e-01
3.437318801879882812e-01
3.169599771499633789e-01
3.269230723381042480e-01
3.683144450187683105e-01
3.538681864738464355e-01
4.059795141220092773e-01
4.096463024616241455e-01
4.070785939693450928e-01
4.204748868942260742e-01
4.302634000778198242e-01
4.307074844837188721e-01
4.183667600154876709e-01
4.200188517570495605e-01
4.267860054969787598e-01
4.307074844837188721e-01
4.295005202293395996e-01
4.201030731201171875e-01
4.300659596920013428e-01
4.307074844837188721e-01
4.302892684936523438e-01
4.277434349060058594e-01
4.302787482738494873e-01
4.307074844837188721e-01
4.307074844837188721e-01
4.307074844837188721e-01
4.302389621734619141e-01
4.307074844837188721e-01
4.307074844837188721e-01
4.307074844837188721e-01
4.307074844837188721e-01
4.307074844837188721e-01
4.307074844837188721e-01
4.307074844837188721e-01
4.270407557487487793e-01
4.307074844837188721e-01
4.307074844837188721e-01
4.184128046035766602e-01
4.307074844837188721e-01
4.328145980834960938e-01
4.275360703468322754e-01
4.307074844837188721e-01
4.307074844837188721e-01
4.307074844837188721e-01
4.260038137435913086e-01
4.279635846614837646e-01
4.307074844837188721e-01
4.307074844837188721e-01
4.307074844837188721e-01
4.183986783027648926e-01
3.696902990341186523e-01
4.307074844837188721e-01
4.246860742568969727e-01
4.288184940814971924e-01
3.719887137413024902e-01
4.218440949916839600e-01
4.237008392810821533e-01
4.212702512741088867e-01
4.307074844837188721e-01
4.307074844837188721e-01
4.253138899803161621e-01
4.252369105815887451e-01
4.307074844837188721e-01
4.307074844837188721e-01
4.307074844837188721e-01
4.255462288856506348e-01
4.271699786186218262e-01
4.307074844837188721e-01
4.258163273334503174e-01
4.259957969188690186e-01
4.303698241710662842e-01
4.307074844837188721e-01
4.290412068367004395e-01
4.307074844837188721e-01
4.307074844837188721e-01
3.678502738475799561e-01
4.076542556285858154e-01
4.307074844837188721e-01
4.307074844837188721e-01
4.258432388305664062e-01
4.223181605339050293e-01
4.307074844837188721e-01
4.307074844837188721e-01
3.723706007003784180e-01
4.104841351509094238e-01
3.678535819053649902e-01
3.678504228591918945e-01
4.054291248321533203e-01
4.081156253814697266e-01
4.064648449420928955e-01
4.123235344886779785e-01
3.280527293682098389e-01
3.618857264518737793e-01
3.596738576889038086e-01
3.213089406490325928e-01
3.269230723381042480e-01
4.071361422538757324e-01
4.071121811866760254e-01
3.147061765193939209e-01
3.356543481349945068e-01
4.307074844837188721e-01
3.237633109092712402e-01
3.160274028778076172e-01
3.464930653572082520e-01
3.465940654277801514e-01
3.282908797264099121e-01
3.236371874809265137e-01
3.464859724044799805e-01
3.174169957637786865e-01
3.155166804790496826e-01
3.196200132369995117e-01
3.464888334274291992e-01
3.272784352302551270e-01
3.382621705532073975e-01
3.464848995208740234e-01
3.430529832839965820e-01
3.607836961746215820e-01
3.473574817180633545e-01
3.860385417938232422e-01
3.397992849349975586e-01
3.365954160690307617e-01
3.430424928665161133e-01
3.459225893020629883e-01
3.378826379776000977e-01
3.269230723381042480e-01
3.111168742179870605e-01
3.344305753707885742e-01
3.354753255844116211e-01
3.269230723381042480e-01
3.629901409149169922e-01
4.061199426651000977e-01
4.268019497394561768e-01
4.307074844837188721e-01
4.204133749008178711e-01
4.220159649848937988e-01
4.224219918251037598e-01
4.300357699394226074e-01
4.307074844837188721e-01
4.307074844837188721e-01
4.307074844837188721e-01
4.307074844837188721e-01
4.307074844837188721e-01
4.307074844837188721e-01
4.307074844837188721e-01
4.307074844837188721e-01
4.307074844837188721e-01
4.352873563766479492e-01
4.307074844837188721e-01
4.260408878326416016e-01
4.307074844837188721e-01
4.226279258728027344e-01
4.272099137306213379e-01
4.307074844837188721e-01
4.307074844837188721e-01
4.307074844837188721e-01
4.307074844837188721e-01
4.307074844837188721e-01
4.307074844837188721e-01
4.307074844837188721e-01
4.307074844837188721e-01
4.307074844837188721e-01
4.309748411178588867e-01
4.307074844837188721e-01
4.307074844837188721e-01
4.307074844837188721e-01
4.307074844837188721e-01
4.307074844837188721e-01
4.307074844837188721e-01
4.307074844837188721e-01
4.307074844837188721e-01
4.314806163311004639e-01
4.307932257652282715e-01
4.307074844837188721e-01
4.307074844837188721e-01
4.307074844837188721e-01
4.307074844837188721e-01
4.307074844837188721e-01
4.307074844837188721e-01
4.307074844837188721e-01
4.307074844837188721e-01
4.307074844837188721e-01
4.307074844837188721e-01
4.307074844837188721e-01
4.307074844837188721e-01
4.307074844837188721e-01
4.307074844837188721e-01
4.307074844837188721e-01
4.307074844837188721e-01
4.307074844837188721e-01
4.307074844837188721e-01
4.307074844837188721e-01
4.310380220413208008e-01
3.890252113342285156e-01
3.698272109031677246e-01
4.096067547798156738e-01
4.138586819171905518e-01
4.198661148548126221e-01
3.678502142429351807e-01
4.098412096500396729e-01
4.265429079532623291e-01
4.307074844837188721e-01
4.249499142169952393e-01
4.307074844837188721e-01
4.307074844837188721e-01
4.307074844837188721e-01
4.307074844837188721e-01
4.307074844837188721e-01
4.307074844837188721e-01
4.307074844837188721e-01
4.307074844837188721e-01
4.307074844837188721e-01
4.307074844837188721e-01
4.285619854927062988e-01
4.315424561500549316e-01
4.311880469322204590e-01
4.095318913459777832e-01
3.279358744621276855e-01
4.064176976680755615e-01
4.081798791885375977e-01
4.096560478210449219e-01
4.118513464927673340e-01
4.307074844837188721e-01
4.307074844837188721e-01
4.307074844837188721e-01
4.307074844837188721e-01
4.307074844837188721e-01
4.307074844837188721e-01
4.307074844837188721e-01
4.307074844837188721e-01
4.307074844837188721e-01
4.307074844837188721e-01
4.307074844837188721e-01
4.307074844837188721e-01
4.307074844837188721e-01
4.307074844837188721e-01
4.307074844837188721e-01
4.307074844837188721e-01
4.307074844837188721e-01
4.307074844837188721e-01
4.307074844837188721e-01
4.307074844837188721e-01
4.307074844837188721e-01
4.307074844837188721e-01
4.307074844837188721e-01
4.307074844837188721e-01
4.307074844837188721e-01
4.307074844837188721e-01
4.307074844837188721e-01
4.307074844837188721e-01
4.307074844837188721e-01
4.307074844837188721e-01
4.307074844837188721e-01
4.307074844837188721e-01
4.307074844837188721e-01
4.307074844837188721e-01
4.307074844837188721e-01
4.307074844837188721e-01
4.307074844837188721e-01
4.307074844837188721e-01
4.307074844837188721e-01
4.307074844837188721e-01
4.307074844837188721e-01
4.307074844837188721e-01
4.307074844837188721e-01
4.307074844837188721e-01
4.307074844837188721e-01
4.307074844837188721e-01
4.307074844837188721e-01
4.307074844837188721e-01
4.307074844837188721e-01
4.307074844837188721e-01
4.307074844837188721e-01
4.307074844837188721e-01
4.307074844837188721e-01
4.307074844837188721e-01
4.307074844837188721e-01
4.307074844837188721e-01
4.257221221923828125e-01
4.307074844837188721e-01
4.203408658504486084e-01
4.227560758590698242e-01
4.185941815376281738e-01
4.243081808090209961e-01
4.217638075351715088e-01
4.249087274074554443e-01
4.204286932945251465e-01
4.232725799083709717e-01
4.151525199413299561e-01
4.233457446098327637e-01
4.098506867885589600e-01
4.069390594959259033e-01
4.307074844837188721e-01
4.234946370124816895e-01
4.307074844837188721e-01
4.307074844837188721e-01
4.307074844837188721e-01
4.228083789348602295e-01
4.307074844837188721e-01
4.307074844837188721e-01
4.307074844837188721e-01
4.301380515098571777e-01
4.307074844837188721e-01
4.307074844837188721e-01
4.253506064414978027e-01
4.275211393833160400e-01
4.273667931556701660e-01
4.099448025226593018e-01
4.326698184013366699e-01
4.307074844837188721e-01
4.102411568164825439e-01
3.271683454513549805e-01
4.348194003105163574e-01
4.232900142669677734e-01
4.211959838867187500e-01
4.214221835136413574e-01
4.266892969608306885e-01
3.269231319427490234e-01
3.355716466903686523e-01
4.211738705635070801e-01
3.321905136108398438e-01
4.156196713447570801e-01
3.269230723381042480e-01
3.763219416141510010e-01
3.528743982315063477e-01
3.991731405258178711e-01
4.145103693008422852e-01
4.160009026527404785e-01
4.207625687122344971e-01
4.206773638725280762e-01
4.198433160781860352e-01
3.954710662364959717e-01
4.205097854137420654e-01
3.725743889808654785e-01
3.739238679409027100e-01
3.666254281997680664e-01
3.320023119449615479e-01
3.207724094390869141e-01
3.462789654731750488e-01
3.620390295982360840e-01
4.239444136619567871e-01
4.249349236488342285e-01
4.172090888023376465e-01
3.690471649169921875e-01
4.204133749008178711e-01
4.307074844837188721e-01
4.265729188919067383e-01
4.307074844837188721e-01
4.253990948200225830e-01
4.254176616668701172e-01
4.307074844837188721e-01
4.307074844837188721e-01
4.307074844837188721e-01
4.307074844837188721e-01
4.307074844837188721e-01
4.307074844837188721e-01
4.307074844837188721e-01
4.307074546813964844e-01
4.307074546813964844e-01
4.307074546813964844e-01
4.307074546813964844e-01
4.307074546813964844e-01
4.307074546813964844e-01
