4.930581450462341309e-01
5.910208821296691895e-01
4.801296889781951904e-01
5.386285781860351562e-01
5.648120641708374023e-01
4.953233599662780762e-01
4.353504776954650879e-01
5.844208598136901855e-01
4.911848306655883789e-01
4.507843554019927979e-01
4.744001030921936035e-01
5.560020804405212402e-01
4.505003094673156738e-01
5.853332877159118652e-01
4.354618191719055176e-01
5.128213763236999512e-01
5.853388905525207520e-01
5.461337566375732422e-01
5.864835381507873535e-01
4.398291707038879395e-01
4.675410985946655273e-01
4.267070889472961426e-01
5.841248631477355957e-01
5.853404998779296875e-01
5.853301286697387695e-01
5.873142480850219727e-01
4.159009754657745361e-01
5.831171274185180664e-01
5.651308298110961914e-01
4.521291851997375488e-01
5.345685482025146484e-01
4.547628462314605713e-01
5.418848991394042969e-01
4.458406567573547363e-01
5.150811076164245605e-01
3.998125195503234863e-01
5.957427620887756348e-01
5.202271342277526855e-01
5.075525045394897461e-01
5.468966364860534668e-01
4.726891517639160156e-01
5.035398006439208984e-01
5.245528221130371094e-01
4.983059167861938477e-01
4.378992319107055664e-01
5.368780493736267090e-01
4.532970190048217773e-01
5.853404998779296875e-01
4.403402805328369141e-01
4.272235333919525146e-01
4.260627329349517822e-01
4.257463812828063965e-01
5.943644642829895020e-01
5.853371620178222656e-01
4.418029785156250000e-01
5.765314102172851562e-01
4.910542070865631104e-01
4.759341776371002197e-01
5.823151469230651855e-01
4.220731854438781738e-01
5.853400230407714844e-01
4.584026038646697998e-01
5.446395277976989746e-01
4.441001117229461670e-01
4.276033639907836914e-01
5.295386910438537598e-01
5.602805018424987793e-01
5.851473808288574219e-01
4.902859926223754883e-01
4.648475050926208496e-01
4.252206683158874512e-01
4.085819721221923828e-01
5.179746747016906738e-01
4.826278090476989746e-01
4.770377874374389648e-01
5.209642648696899414e-01
4.924387335777282715e-01
4.873794913291931152e-01
5.094648003578186035e-01
5.337893962860107422e-01
5.116261839866638184e-01
5.191948413848876953e-01
5.208262205123901367e-01
5.000539422035217285e-01
4.962598085403442383e-01
5.115396380424499512e-01
5.147954225540161133e-01
5.930317044258117676e-01
5.208359360694885254e-01
4.888385534286499023e-01
4.906475245952606201e-01
5.018061399459838867e-01
4.900112152099609375e-01
4.890140295028686523e-01
5.073879957199096680e-01
5.163515806198120117e-01
5.205543041229248047e-01
5.164015293121337891e-01
4.848239123821258545e-01
4.948326051235198975e-01
4.868987500667572021e-01
5.208366513252258301e-01
5.206153392791748047e-01
5.074679851531982422e-01
4.940930306911468506e-01
4.913801848888397217e-01
4.970843493938446045e-01
5.115193128585815430e-01
5.691677927970886230e-01
5.208365917205810547e-01
4.967334568500518799e-01
4.773514270782470703e-01
4.842768013477325439e-01
4.310469031333923340e-01
4.930453300476074219e-01
5.208366513252258301e-01
4.589496850967407227e-01
4.932945966720581055e-01
