5.284061431884765625e-01
5.114864110946655273e-01
5.158238410949707031e-01
4.974676966667175293e-01
5.289253592491149902e-01
5.042796134948730469e-01
4.825409054756164551e-01
5.559096336364746094e-01
4.984263777732849121e-01
5.251554250717163086e-01
5.324771404266357422e-01
5.279343128204345703e-01
5.097824335098266602e-01
5.294575691223144531e-01
5.441711544990539551e-01
4.917377829551696777e-01
5.272791981697082520e-01
4.756861329078674316e-01
5.199358463287353516e-01
5.023027062416076660e-01
5.168476700782775879e-01
4.925091266632080078e-01
5.144369006156921387e-01
4.888632297515869141e-01
5.033978223800659180e-01
5.361683368682861328e-01
4.882791936397552490e-01
5.218313932418823242e-01
4.776481986045837402e-01
5.486878156661987305e-01
5.043607354164123535e-01
5.263052582740783691e-01
4.713296294212341309e-01
5.007728338241577148e-01
4.748287796974182129e-01
5.080043077468872070e-01
5.171052217483520508e-01
4.657094180583953857e-01
5.497838258743286133e-01
5.152368545532226562e-01
5.154928565025329590e-01
4.606849253177642822e-01
5.168496370315551758e-01
4.881768822669982910e-01
5.138111114501953125e-01
5.215473771095275879e-01
5.063310861587524414e-01
5.227249264717102051e-01
5.298581123352050781e-01
4.917249083518981934e-01
5.021414160728454590e-01
5.349810123443603516e-01
5.057146549224853516e-01
5.063433647155761719e-01
5.298236012458801270e-01
5.402463674545288086e-01
5.126118659973144531e-01
5.263544321060180664e-01
4.937148988246917725e-01
5.338025689125061035e-01
4.827892184257507324e-01
5.114622712135314941e-01
5.293899178504943848e-01
5.250053405761718750e-01
4.735116958618164062e-01
5.283911228179931641e-01
4.901783168315887451e-01
4.783614277839660645e-01
5.142235755920410156e-01
5.542137026786804199e-01
4.915186166763305664e-01
5.127394795417785645e-01
4.844663739204406738e-01
5.432931184768676758e-01
4.769434630870819092e-01
4.962981939315795898e-01
4.825411140918731689e-01
5.074024200439453125e-01
5.153684020042419434e-01
5.386109948158264160e-01
5.141245722770690918e-01
4.893177151679992676e-01
4.879128634929656982e-01
5.431743264198303223e-01
4.961321949958801270e-01
4.966799318790435791e-01
4.828305244445800781e-01
5.355008840560913086e-01
5.524268746376037598e-01
5.036398768424987793e-01
5.201405286788940430e-01
5.129700303077697754e-01
5.240056514739990234e-01
5.050750970840454102e-01
5.350371003150939941e-01
5.061352849006652832e-01
4.937378168106079102e-01
5.120956301689147949e-01
5.448006987571716309e-01
5.134757757186889648e-01
4.995045661926269531e-01
4.839218854904174805e-01
5.468463897705078125e-01
4.668326377868652344e-01
4.665547907352447510e-01
5.245313644409179688e-01
5.215342044830322266e-01
5.464545488357543945e-01
4.973773062229156494e-01
5.170266032218933105e-01
4.934490025043487549e-01
5.510878562927246094e-01
5.140848159790039062e-01
5.609616041183471680e-01
5.303211808204650879e-01
5.441637039184570312e-01
5.234371423721313477e-01
5.092427134513854980e-01
5.092509984970092773e-01
5.585347414016723633e-01
5.116246938705444336e-01
5.178998112678527832e-01
4.997406899929046631e-01
5.584362745285034180e-01
5.167914628982543945e-01
4.848881065845489502e-01
5.243457555770874023e-01
5.109958648681640625e-01
5.303243994712829590e-01
5.088656544685363770e-01
5.009980201721191406e-01
4.758329689502716064e-01
4.941082596778869629e-01
5.006003379821777344e-01
5.241257548332214355e-01
5.337485074996948242e-01
5.448853373527526855e-01
4.992186725139617920e-01
5.380871295928955078e-01
5.235299468040466309e-01
5.507168173789978027e-01
5.148984193801879883e-01
5.353403091430664062e-01
5.214232206344604492e-01
5.016277432441711426e-01
5.248745679855346680e-01
5.568612217903137207e-01
5.036073923110961914e-01
4.856101274490356445e-01
4.949808120727539062e-01
5.063841342926025391e-01
4.768037497997283936e-01
5.330986380577087402e-01
4.537395834922790527e-01
4.713124334812164307e-01
5.578024983406066895e-01
5.172214508056640625e-01
4.933358728885650635e-01
5.277662277221679688e-01
5.003423690795898438e-01
5.366266965866088867e-01
5.183857083320617676e-01
4.875096082687377930e-01
4.995259642601013184e-01
4.941436052322387695e-01
5.337384343147277832e-01
5.161034464836120605e-01
5.264678001403808594e-01
5.434759855270385742e-01
5.113639831542968750e-01
5.433030128479003906e-01
5.351369380950927734e-01
5.327931642532348633e-01
4.808194935321807861e-01
5.379149317741394043e-01
5.125398635864257812e-01
5.205675363540649414e-01
5.102335810661315918e-01
5.482420325279235840e-01
4.974984824657440186e-01
4.691701233386993408e-01
5.051761865615844727e-01
5.152847170829772949e-01
5.289606451988220215e-01
5.240153670310974121e-01
5.033861994743347168e-01
5.237777829170227051e-01
5.491090416908264160e-01
5.722465515136718750e-01
5.137615799903869629e-01
5.040048956871032715e-01
5.111940503120422363e-01
5.036912560462951660e-01
5.347187519073486328e-01
5.409886837005615234e-01
4.937355816364288330e-01
5.296778082847595215e-01
5.158157944679260254e-01
5.322165489196777344e-01
5.272462368011474609e-01
5.209062099456787109e-01
4.944807887077331543e-01
5.235011577606201172e-01
4.921544492244720459e-01
5.129770040512084961e-01
5.086259245872497559e-01
5.148677229881286621e-01
5.180432200431823730e-01
4.905489981174468994e-01
5.034242868423461914e-01
5.250233411788940430e-01
5.394830107688903809e-01
5.034117102622985840e-01
5.054663419723510742e-01
5.188073515892028809e-01
4.945183098316192627e-01
5.004110336303710938e-01
5.142928361892700195e-01
5.133283734321594238e-01
5.010470151901245117e-01
5.045423507690429688e-01
4.784241616725921631e-01
5.240168571472167969e-01
5.014417767524719238e-01
5.555341243743896484e-01
5.378370285034179688e-01
5.138260126113891602e-01
4.767650067806243896e-01
5.324290394783020020e-01
5.106680989265441895e-01
5.251177549362182617e-01
5.050813555717468262e-01
4.958721101284027100e-01
4.966498613357543945e-01
5.170236229896545410e-01
4.922318160533905029e-01
5.310390591621398926e-01
4.940774738788604736e-01
4.736651182174682617e-01
5.056188106536865234e-01
5.230338573455810547e-01
5.152320861816406250e-01
5.166140794754028320e-01
5.080702304840087891e-01
4.745160341262817383e-01
5.283887982368469238e-01
5.515886545181274414e-01
5.092499256134033203e-01
5.129171609878540039e-01
5.160334706306457520e-01
4.945864379405975342e-01
4.822316765785217285e-01
5.245884656906127930e-01
5.289021134376525879e-01
5.334038734436035156e-01
4.969334006309509277e-01
5.089385509490966797e-01
5.281598567962646484e-01
5.109450221061706543e-01
5.123227834701538086e-01
5.347452759742736816e-01
4.824021160602569580e-01
5.117811560630798340e-01
5.016679763793945312e-01
5.036073923110961914e-01
4.930106997489929199e-01
5.229404568672180176e-01
5.164471864700317383e-01
5.299924612045288086e-01
5.253868699073791504e-01
5.315845012664794922e-01
5.048067569732666016e-01
4.744126796722412109e-01
5.231439471244812012e-01
5.313984751701354980e-01
5.321440100669860840e-01
5.044511556625366211e-01
5.073679685592651367e-01
4.951344728469848633e-01
4.673620462417602539e-01
5.017310380935668945e-01
5.107543468475341797e-01
4.811985492706298828e-01
5.173206925392150879e-01
4.947492480278015137e-01
5.042129755020141602e-01
5.228969454765319824e-01
5.200635194778442383e-01
4.676070809364318848e-01
5.203810930252075195e-01
5.127437114715576172e-01
4.748380184173583984e-01
5.175774693489074707e-01
4.975962638854980469e-01
4.809425175189971924e-01
4.993565976619720459e-01
4.783152639865875244e-01
5.130860805511474609e-01
5.326567292213439941e-01
4.717324674129486084e-01
4.908244013786315918e-01
5.027611851692199707e-01
4.836576581001281738e-01
4.828652143478393555e-01
4.949182868003845215e-01
5.133787393569946289e-01
5.144369006156921387e-01
5.166063308715820312e-01
5.133166909217834473e-01
5.102335810661315918e-01
5.105223059654235840e-01
5.125462412834167480e-01
5.230507850646972656e-01
5.055713057518005371e-01
5.208379030227661133e-01
5.218916535377502441e-01
5.133166909217834473e-01
5.248796343803405762e-01
4.652833044528961182e-01
4.818160831928253174e-01
5.045356154441833496e-01
4.892492294311523438e-01
5.236124396324157715e-01
5.194335579872131348e-01
5.251554250717163086e-01
5.052607655525207520e-01
5.214514732360839844e-01
5.011134743690490723e-01
5.483661293983459473e-01
5.133113265037536621e-01
4.943926036357879639e-01
5.285097360610961914e-01
5.130676627159118652e-01
4.954205453395843506e-01
4.923115372657775879e-01
5.214136242866516113e-01
5.584075450897216797e-01
5.011958479881286621e-01
5.063303112983703613e-01
5.182051658630371094e-01
4.972242116928100586e-01
5.207629799842834473e-01
5.314110517501831055e-01
5.072876214981079102e-01
5.033870339393615723e-01
5.364713072776794434e-01
5.135489702224731445e-01
5.094824433326721191e-01
5.290762782096862793e-01
5.028187632560729980e-01
5.318195819854736328e-01
4.797973632812500000e-01
5.077528953552246094e-01
5.405895709991455078e-01
5.250401496887207031e-01
5.079662799835205078e-01
5.543498396873474121e-01
4.951724708080291748e-01
5.052877664566040039e-01
4.904330670833587646e-01
5.277957320213317871e-01
4.967133700847625732e-01
5.056100487709045410e-01
4.882089495658874512e-01
4.799260497093200684e-01
4.776181578636169434e-01
4.994221031665802002e-01
5.375518202781677246e-01
4.765398800373077393e-01
5.270910263061523438e-01
5.234125256538391113e-01
4.921104609966278076e-01
5.104752779006958008e-01
5.292876958847045898e-01
5.519778728485107422e-01
5.171461701393127441e-01
5.632901191711425781e-01
5.284413099288940430e-01
5.265653133392333984e-01
5.223760604858398438e-01
5.296422243118286133e-01
5.055904984474182129e-01
4.956173300743103027e-01
4.870898425579071045e-01
5.241294503211975098e-01
4.936973452568054199e-01
4.958140850067138672e-01
4.650368690490722656e-01
4.807598292827606201e-01
4.470124244689941406e-01
4.883631765842437744e-01
5.084654092788696289e-01
4.737712740898132324e-01
5.091508030891418457e-01
4.947694242000579834e-01
5.200391411781311035e-01
4.895497262477874756e-01
4.966987073421478271e-01
5.247184038162231445e-01
4.663140773773193359e-01
5.147406458854675293e-01
5.350016951560974121e-01
4.526755213737487793e-01
4.922212362289428711e-01
5.254318714141845703e-01
5.193945169448852539e-01
4.915016293525695801e-01
5.009031891822814941e-01
5.329818129539489746e-01
5.186933279037475586e-01
5.092534422874450684e-01
5.099768042564392090e-01
4.994257688522338867e-01
5.144996643066406250e-01
4.703627526760101318e-01
5.192894935607910156e-01
4.942317605018615723e-01
5.336121320724487305e-01
5.127707123756408691e-01
5.188169479370117188e-01
5.364050269126892090e-01
5.013512969017028809e-01
5.623235702514648438e-01
5.104672908782958984e-01
5.468046069145202637e-01
5.224562287330627441e-01
5.131633281707763672e-01
5.290206074714660645e-01
5.123785138130187988e-01
5.226746797561645508e-01
5.487875938415527344e-01
5.043473243713378906e-01
5.396219491958618164e-01
5.212417840957641602e-01
5.039080381393432617e-01
5.219019055366516113e-01
5.479608774185180664e-01
5.093612074851989746e-01
5.341327786445617676e-01
5.246130824089050293e-01
5.045491456985473633e-01
5.105555057525634766e-01
5.121957063674926758e-01
5.250716209411621094e-01
5.221976637840270996e-01
5.218318700790405273e-01
5.317916870117187500e-01
5.027601122856140137e-01
4.902303814888000488e-01
5.112655162811279297e-01
5.133166909217834473e-01
4.925811588764190674e-01
5.333005785942077637e-01
5.144333839416503906e-01
4.913922250270843506e-01
4.932369887828826904e-01
5.323748588562011719e-01
5.238607525825500488e-01
5.297042131423950195e-01
4.891706109046936035e-01
4.846040606498718262e-01
4.975478053092956543e-01
4.843504130840301514e-01
5.230175852775573730e-01
5.636962652206420898e-01
5.028463602066040039e-01
5.412095785140991211e-01
4.673528373241424561e-01
5.166546702384948730e-01
4.971567690372467041e-01
5.365425348281860352e-01
4.688214361667633057e-01
5.193652510643005371e-01
4.724329710006713867e-01
5.323536396026611328e-01
5.039539337158203125e-01
4.924106299877166748e-01
5.335839986801147461e-01
4.826118946075439453e-01
5.077712535858154297e-01
5.019969940185546875e-01
5.564371347427368164e-01
5.026376247406005859e-01
5.144155621528625488e-01
5.184682607650756836e-01
5.230470299720764160e-01
5.262058377265930176e-01
4.700658619403839111e-01
5.239093303680419922e-01
5.143373012542724609e-01
4.537826180458068848e-01
5.399594902992248535e-01
5.114420652389526367e-01
5.283715724945068359e-01
5.092121958732604980e-01
4.805305302143096924e-01
5.471990108489990234e-01
5.197869539260864258e-01
4.857257902622222900e-01
5.264786481857299805e-01
5.207295417785644531e-01
5.483134984970092773e-01
5.320397019386291504e-01
5.093271732330322266e-01
5.199460983276367188e-01
4.992632567882537842e-01
4.744300246238708496e-01
5.472290515899658203e-01
5.337480306625366211e-01
5.153654217720031738e-01
5.092362165451049805e-01
5.141097903251647949e-01
5.229756832122802734e-01
5.285891890525817871e-01
5.007822513580322266e-01
5.299184918403625488e-01
4.991873800754547119e-01
5.170977711677551270e-01
5.303182601928710938e-01
5.358850955963134766e-01
5.194200873374938965e-01
5.165953636169433594e-01
5.244188904762268066e-01
5.527987480163574219e-01
5.219007134437561035e-01
4.970814585685729980e-01
4.918000400066375732e-01
5.210049152374267578e-01
5.213580727577209473e-01
5.327335596084594727e-01
4.805904030799865723e-01
5.127714872360229492e-01
5.251307487487792969e-01
5.107998847961425781e-01
5.038739442825317383e-01
5.122371912002563477e-01
5.206945538520812988e-01
5.314258337020874023e-01
5.494683384895324707e-01
5.118955373764038086e-01
5.204702019691467285e-01
4.967024326324462891e-01
4.774831831455230713e-01
5.032156109809875488e-01
5.074286460876464844e-01
5.147229433059692383e-01
5.090621113777160645e-01
4.816767573356628418e-01
5.172320604324340820e-01
5.173372626304626465e-01
5.319705605506896973e-01
4.992048740386962891e-01
4.973319172859191895e-01
5.134160518646240234e-01
4.855992496013641357e-01
4.911051094532012939e-01
5.283955335617065430e-01
5.055539608001708984e-01
5.136518478393554688e-01
5.414727926254272461e-01
5.075895190238952637e-01
5.163021683692932129e-01
5.245622992515563965e-01
5.057232975959777832e-01
5.342801809310913086e-01
4.768821895122528076e-01
5.062962174415588379e-01
5.091969966888427734e-01
5.040298700332641602e-01
5.033527016639709473e-01
4.878292679786682129e-01
5.168533921241760254e-01
5.060169696807861328e-01
4.975204169750213623e-01
5.050601363182067871e-01
5.134080052375793457e-01
5.321780443191528320e-01
4.971113502979278564e-01
5.265086293220520020e-01
4.827788770198822021e-01
5.043579339981079102e-01
4.966759979724884033e-01
4.738044738769531250e-01
5.640120506286621094e-01
5.281448364257812500e-01
4.670195877552032471e-01
5.166047215461730957e-01
5.187357664108276367e-01
5.320713520050048828e-01
5.338226556777954102e-01
5.370633006095886230e-01
4.838258326053619385e-01
4.734463095664978027e-01
5.014040470123291016e-01
4.988732933998107910e-01
5.155875086784362793e-01
5.148833990097045898e-01
5.270882844924926758e-01
5.274095535278320312e-01
5.417069792747497559e-01
5.140853524208068848e-01
5.124880671501159668e-01
5.288327932357788086e-01
5.160322189331054688e-01
5.174871683120727539e-01
5.253593325614929199e-01
5.438106656074523926e-01
5.147515535354614258e-01
5.083635449409484863e-01
5.033417344093322754e-01
4.943912327289581299e-01
5.191844105720520020e-01
5.415449738502502441e-01
5.208615660667419434e-01
5.229310989379882812e-01
5.076720714569091797e-01
5.145629644393920898e-01
4.815247356891632080e-01
5.101249217987060547e-01
5.183935761451721191e-01
5.238111615180969238e-01
4.879169762134552002e-01
5.214304327964782715e-01
5.038894414901733398e-01
5.102169513702392578e-01
5.201346278190612793e-01
4.676043987274169922e-01
4.847475588321685791e-01
5.339926481246948242e-01
4.958596825599670410e-01
5.073220729827880859e-01
5.041204094886779785e-01
5.063292980194091797e-01
5.021449923515319824e-01
5.310018062591552734e-01
5.256581306457519531e-01
5.035117268562316895e-01
4.666670560836791992e-01
5.103860497474670410e-01
5.116618871688842773e-01
4.658165574073791504e-01
5.344942808151245117e-01
5.328343510627746582e-01
5.235931277275085449e-01
5.207064747810363770e-01
5.338894724845886230e-01
5.321047902107238770e-01
5.388535261154174805e-01
4.983334541320800781e-01
4.924727082252502441e-01
5.246036052703857422e-01
5.083532929420471191e-01
5.339163541793823242e-01
4.830859005451202393e-01
5.017098188400268555e-01
5.446373820304870605e-01
5.239035487174987793e-01
5.070101618766784668e-01
5.251175761222839355e-01
5.372968912124633789e-01
5.204896330833435059e-01
5.058043003082275391e-01
5.268609523773193359e-01
5.184397697448730469e-01
5.068431496620178223e-01
5.490587949752807617e-01
4.710352122783660889e-01
4.845501780509948730e-01
5.479232072830200195e-01
5.645153522491455078e-01
4.881586134433746338e-01
5.212060809135437012e-01
5.587566494941711426e-01
5.130215883255004883e-01
4.847185909748077393e-01
5.092850327491760254e-01
5.510706901550292969e-01
4.955858290195465088e-01
5.008586645126342773e-01
5.427277088165283203e-01
5.219227075576782227e-01
4.895487725734710693e-01
5.118566751480102539e-01
5.311409235000610352e-01
5.327398777008056641e-01
5.016414523124694824e-01
5.217045545578002930e-01
4.910466372966766357e-01
5.277641415596008301e-01
5.134246945381164551e-01
4.947418272495269775e-01
5.285541415214538574e-01
5.541984438896179199e-01
5.281590223312377930e-01
5.396823287010192871e-01
5.372483134269714355e-01
5.508716702461242676e-01
5.113480687141418457e-01
5.197479128837585449e-01
5.395253300666809082e-01
5.253216028213500977e-01
5.667712688446044922e-01
5.230451226234436035e-01
5.134540796279907227e-01
5.152359008789062500e-01
4.865095615386962891e-01
5.093197226524353027e-01
4.902483820915222168e-01
5.275102257728576660e-01
5.110524296760559082e-01
5.496998429298400879e-01
4.862166941165924072e-01
5.001784563064575195e-01
5.078387856483459473e-01
5.317600965499877930e-01
4.987800121307373047e-01
5.054663419723510742e-01
4.937990903854370117e-01
5.199288129806518555e-01
5.335676670074462891e-01
5.306038856506347656e-01
4.953798055648803711e-01
5.209162831306457520e-01
5.598123073577880859e-01
5.395444035530090332e-01
5.288939476013183594e-01
5.062765479087829590e-01
5.446290373802185059e-01
5.419304370880126953e-01
5.219017267227172852e-01
5.109612941741943359e-01
5.034641027450561523e-01
5.219090580940246582e-01
4.875306785106658936e-01
5.032813549041748047e-01
5.154947638511657715e-01
5.189040899276733398e-01
4.848838448524475098e-01
5.155124664306640625e-01
5.578349828720092773e-01
5.195685029029846191e-01
5.393242835998535156e-01
5.500281453132629395e-01
5.405758619308471680e-01
4.966671168804168701e-01
5.462887287139892578e-01
5.213903784751892090e-01
5.092499256134033203e-01
5.066667199134826660e-01
5.439949035644531250e-01
5.553680062294006348e-01
5.257603526115417480e-01
5.388751626014709473e-01
5.174822807312011719e-01
4.641093611717224121e-01
5.204159021377563477e-01
4.775731861591339111e-01
4.942432940006256104e-01
4.787551760673522949e-01
5.060728788375854492e-01
5.104439854621887207e-01
5.371454954147338867e-01
5.095451474189758301e-01
4.967712461948394775e-01
5.257926583290100098e-01
5.197251439094543457e-01
4.836542010307312012e-01
4.911289513111114502e-01
4.558332562446594238e-01
5.421608686447143555e-01
5.201753377914428711e-01
5.022351145744323730e-01
5.081441998481750488e-01
5.252437591552734375e-01
4.793475568294525146e-01
4.938534498214721680e-01
5.444238781929016113e-01
4.878941774368286133e-01
5.476756691932678223e-01
5.307341217994689941e-01
5.563864707946777344e-01
4.811736941337585449e-01
5.056605339050292969e-01
5.181511640548706055e-01
5.127264261245727539e-01
5.221894979476928711e-01
5.367189645767211914e-01
5.399204492568969727e-01
5.258961915969848633e-01
5.180296301841735840e-01
5.280114412307739258e-01
5.338000059127807617e-01
5.329465270042419434e-01
5.129114985466003418e-01
5.072370171546936035e-01
5.276342630386352539e-01
5.069137215614318848e-01
4.799816012382507324e-01
4.917946159839630127e-01
4.593259990215301514e-01
4.796914458274841309e-01
5.086822509765625000e-01
5.076051354408264160e-01
5.384385585784912109e-01
5.274618268013000488e-01
5.027751326560974121e-01
5.038650035858154297e-01
5.427741408348083496e-01
5.275968313217163086e-01
5.371364355087280273e-01
4.937437772750854492e-01
4.840180277824401855e-01
5.452739000320434570e-01
5.321422219276428223e-01
5.093815326690673828e-01
5.109561681747436523e-01
5.275984406471252441e-01
5.425295233726501465e-01
5.200678110122680664e-01
5.041843056678771973e-01
5.069192647933959961e-01
5.152255296707153320e-01
5.132219195365905762e-01
5.337647199630737305e-01
5.144556760787963867e-01
5.139616727828979492e-01
5.303358435630798340e-01
5.255677700042724609e-01
5.075119137763977051e-01
5.228474736213684082e-01
5.478378534317016602e-01
5.201116800308227539e-01
5.125402808189392090e-01
5.151133537292480469e-01
5.197311043739318848e-01
5.227902531623840332e-01
4.915329813957214355e-01
5.352597236633300781e-01
4.974426329135894775e-01
5.306891202926635742e-01
5.170856714248657227e-01
5.181263089179992676e-01
5.214024186134338379e-01
5.339620709419250488e-01
5.229454040527343750e-01
5.190318226814270020e-01
5.113874673843383789e-01
4.891748726367950439e-01
5.209035873413085938e-01
5.162252187728881836e-01
5.230656266212463379e-01
4.913975894451141357e-01
5.246933102607727051e-01
5.173786878585815430e-01
5.133584737777709961e-01
5.477479100227355957e-01
5.305817127227783203e-01
5.279895067214965820e-01
5.337367653846740723e-01
4.969617426395416260e-01
4.724410474300384521e-01
5.177758932113647461e-01
5.209254622459411621e-01
5.097848773002624512e-01
4.956648945808410645e-01
4.743700027465820312e-01
5.285955667495727539e-01
5.407156944274902344e-01
5.290025472640991211e-01
5.212033987045288086e-01
5.278861522674560547e-01
5.253792405128479004e-01
4.975843131542205811e-01
5.254610180854797363e-01
4.505265057086944580e-01
5.037296414375305176e-01
5.307327508926391602e-01
5.202223062515258789e-01
5.534909367561340332e-01
5.503172278404235840e-01
4.928224980831146240e-01
5.135525465011596680e-01
5.152378082275390625e-01
5.022123456001281738e-01
5.263950824737548828e-01
5.170372724533081055e-01
4.939891993999481201e-01
5.220505595207214355e-01
4.993833303451538086e-01
5.185122489929199219e-01
5.130925178527832031e-01
5.138174891471862793e-01
5.160003304481506348e-01
4.999379217624664307e-01
4.848323762416839600e-01
4.925962984561920166e-01
4.948422610759735107e-01
4.916084706783294678e-01
5.212126374244689941e-01
4.866783618927001953e-01
5.173703432083129883e-01
4.839408993721008301e-01
4.879180788993835449e-01
5.186619162559509277e-01
4.820252358913421631e-01
4.989234209060668945e-01
4.928090870380401611e-01
4.915555715560913086e-01
5.262805223464965820e-01
4.935651421546936035e-01
4.873340725898742676e-01
5.202581286430358887e-01
5.039091706275939941e-01
4.995330870151519775e-01
4.950110912322998047e-01
5.354893207550048828e-01
4.973086416721343994e-01
4.965644478797912598e-01
4.819762706756591797e-01
5.017141699790954590e-01
4.894612729549407959e-01
4.986714720726013184e-01
4.787802398204803467e-01
5.371333360671997070e-01
5.264940857887268066e-01
5.377759337425231934e-01
5.161356925964355469e-01
5.040863752365112305e-01
5.101767778396606445e-01
5.577098727226257324e-01
5.121507048606872559e-01
5.040090680122375488e-01
5.251521468162536621e-01
5.264732837677001953e-01
5.032534003257751465e-01
4.986740648746490479e-01
5.286906361579895020e-01
5.451242327690124512e-01
4.637377560138702393e-01
5.043581128120422363e-01
5.064504146575927734e-01
5.252426862716674805e-01
4.946286380290985107e-01
5.266508460044860840e-01
5.016570091247558594e-01
4.786991775035858154e-01
5.141641497611999512e-01
5.258316397666931152e-01
5.045457482337951660e-01
5.245658755302429199e-01
5.256660580635070801e-01
5.468714237213134766e-01
5.115153789520263672e-01
5.298314094543457031e-01
5.082127451896667480e-01
5.359948277473449707e-01
5.140179991722106934e-01
5.090525746345520020e-01
5.032411217689514160e-01
5.357366204261779785e-01
5.140604972839355469e-01
5.299353599548339844e-01
4.986928105354309082e-01
4.848891794681549072e-01
5.279208421707153320e-01
5.200260281562805176e-01
5.008715987205505371e-01
5.135262608528137207e-01
4.884330928325653076e-01
5.635697245597839355e-01
4.890955388545989990e-01
5.257726311683654785e-01
4.977447390556335449e-01
5.203175544738769531e-01
5.334705114364624023e-01
4.992703795433044434e-01
5.264043211936950684e-01
4.683634042739868164e-01
5.191385149955749512e-01
4.943348169326782227e-01
5.074078440666198730e-01
5.113943219184875488e-01
5.169916152954101562e-01
5.026208162307739258e-01
5.010628700256347656e-01
4.804095327854156494e-01
5.293179750442504883e-01
5.395271778106689453e-01
5.328845381736755371e-01
5.260860323905944824e-01
4.833093881607055664e-01
5.258141160011291504e-01
5.621019005775451660e-01
4.802178442478179932e-01
5.290783047676086426e-01
4.721287786960601807e-01
5.371221303939819336e-01
5.350480079650878906e-01
5.298698544502258301e-01
5.533724427223205566e-01
5.485687851905822754e-01
5.165621042251586914e-01
4.970834255218505859e-01
4.702901840209960938e-01
4.988441765308380127e-01
5.111518502235412598e-01
5.373357534408569336e-01
5.138952732086181641e-01
5.077057480812072754e-01
5.132393836975097656e-01
5.212184190750122070e-01
5.221099257469177246e-01
5.129512548446655273e-01
5.024863481521606445e-01
5.549201369285583496e-01
5.330113768577575684e-01
5.432450175285339355e-01
5.252107381820678711e-01
5.099248290061950684e-01
5.187788605690002441e-01
5.340610742568969727e-01
5.215146541595458984e-01
5.332913398742675781e-01
5.144447684288024902e-01
5.255225300788879395e-01
5.347608327865600586e-01
5.022203326225280762e-01
5.369526147842407227e-01
5.114130973815917969e-01
5.208997726440429688e-01
5.308406949043273926e-01
5.287132263183593750e-01
5.030666589736938477e-01
5.264917612075805664e-01
5.028650760650634766e-01
5.201928615570068359e-01
4.879358410835266113e-01
5.445885658264160156e-01
5.242360234260559082e-01
5.130723714828491211e-01
5.277348160743713379e-01
5.097166895866394043e-01
5.108720660209655762e-01
4.751586914062500000e-01
5.249698162078857422e-01
5.330846309661865234e-01
4.985587894916534424e-01
5.200199484825134277e-01
5.268833637237548828e-01
5.147515535354614258e-01
5.293494462966918945e-01
5.378406047821044922e-01
5.367814302444458008e-01
4.956923425197601318e-01
4.984340667724609375e-01
4.873918592929840088e-01
5.366370081901550293e-01
5.239453911781311035e-01
5.170976519584655762e-01
5.053356289863586426e-01
4.727651178836822510e-01
5.068960189819335938e-01
5.226959586143493652e-01
5.048096179962158203e-01
5.544337630271911621e-01
5.232070684432983398e-01
5.189388394355773926e-01
5.330191850662231445e-01
5.204674005508422852e-01
4.874085783958435059e-01
5.567139387130737305e-01
5.373140573501586914e-01
5.130646824836730957e-01
5.349482297897338867e-01
4.981368780136108398e-01
4.878306984901428223e-01
5.334575176239013672e-01
5.301283597946166992e-01
5.059197545051574707e-01
5.092938542366027832e-01
5.236487388610839844e-01
5.023062229156494141e-01
5.535907745361328125e-01
5.398130416870117188e-01
4.947780668735504150e-01
5.182157158851623535e-01
5.194912552833557129e-01
5.488427281379699707e-01
5.366474986076354980e-01
5.308462381362915039e-01
5.126199126243591309e-01
5.084812045097351074e-01
5.243012905120849609e-01
5.062906742095947266e-01
5.103282928466796875e-01
5.129860639572143555e-01
5.160726308822631836e-01
5.203543305397033691e-01
5.031097531318664551e-01
4.957385361194610596e-01
4.710821509361267090e-01
4.846565425395965576e-01
4.848862290382385254e-01
5.421092510223388672e-01
5.104069113731384277e-01
4.652560949325561523e-01
5.162648558616638184e-01
5.358899831771850586e-01
5.015736818313598633e-01
5.089783072471618652e-01
5.002483129501342773e-01
5.182253718376159668e-01
5.435800552368164062e-01
4.843853116035461426e-01
4.747611582279205322e-01
5.335179567337036133e-01
5.183686614036560059e-01
4.997370243072509766e-01
4.928189218044281006e-01
4.915302097797393799e-01
5.083524584770202637e-01
4.718753695487976074e-01
5.400279760360717773e-01
4.784334003925323486e-01
5.159136056900024414e-01
4.912263154983520508e-01
5.008966326713562012e-01
5.463992953300476074e-01
5.343276858329772949e-01
5.112903714179992676e-01
5.357981324195861816e-01
5.414723157882690430e-01
4.842699170112609863e-01
5.066525936126708984e-01
5.032333135604858398e-01
5.232290029525756836e-01
5.219866633415222168e-01
5.221794247627258301e-01
5.572524070739746094e-01
4.717181921005249023e-01
5.350072383880615234e-01
5.365871191024780273e-01
5.506073236465454102e-01
5.276537537574768066e-01
5.077503919601440430e-01
5.222181677818298340e-01
5.033995509147644043e-01
5.583411455154418945e-01
4.980544149875640869e-01
5.048561096191406250e-01
5.127685666084289551e-01
5.329811573028564453e-01
5.495785474777221680e-01
5.184559822082519531e-01
4.859038293361663818e-01
4.925338923931121826e-01
5.073634982109069824e-01
5.417767763137817383e-01
4.927318692207336426e-01
5.118957757949829102e-01
5.325876474380493164e-01
5.287856459617614746e-01
5.091969966888427734e-01
5.423420667648315430e-01
5.293594002723693848e-01
5.714893341064453125e-01
5.383250713348388672e-01
5.312141776084899902e-01
5.073809623718261719e-01
4.755293726921081543e-01
5.136197209358215332e-01
4.892830252647399902e-01
4.952760934829711914e-01
4.789435863494873047e-01
4.914076328277587891e-01
4.790312051773071289e-01
4.852246344089508057e-01
5.283592343330383301e-01
5.362017154693603516e-01
4.984645247459411621e-01
5.156058073043823242e-01
5.351891517639160156e-01
5.235403180122375488e-01
4.926089644432067871e-01
5.277915596961975098e-01
4.623827338218688965e-01
5.266688466072082520e-01
4.745034873485565186e-01
5.026826858520507812e-01
5.117793679237365723e-01
5.343155860900878906e-01
5.203859210014343262e-01
4.906679391860961914e-01
5.329339504241943359e-01
5.162115097045898438e-01
5.628458261489868164e-01
4.941480755805969238e-01
4.973407387733459473e-01
5.057169198989868164e-01
5.319602489471435547e-01
5.347048640251159668e-01
4.804612696170806885e-01
5.296298265457153320e-01
5.338850021362304688e-01
5.329605340957641602e-01
5.668732523918151855e-01
5.228117108345031738e-01
5.078810453414916992e-01
5.276402831077575684e-01
5.233376622200012207e-01
4.974125325679779053e-01
5.224574804306030273e-01
5.004836916923522949e-01
4.964492619037628174e-01
4.902527928352355957e-01
5.087975859642028809e-01
5.148578286170959473e-01
4.813617467880249023e-01
5.200825929641723633e-01
4.840064346790313721e-01
5.135257244110107422e-01
4.736916422843933105e-01
5.123623013496398926e-01
5.372796654701232910e-01
4.929893612861633301e-01
5.363726615905761719e-01
5.225381255149841309e-01
5.404475331306457520e-01
4.713029265403747559e-01
5.269872546195983887e-01
5.069643855094909668e-01
5.320392847061157227e-01
5.012418627738952637e-01
4.972786605358123779e-01
4.880101382732391357e-01
5.276597142219543457e-01
5.345651507377624512e-01
5.041328668594360352e-01
5.702981352806091309e-01
4.935441315174102783e-01
5.229916572570800781e-01
4.983026683330535889e-01
5.039730668067932129e-01
5.062587857246398926e-01
4.898417294025421143e-01
5.393788218498229980e-01
5.269040465354919434e-01
5.375027060508728027e-01
4.856094121932983398e-01
4.883694052696228027e-01
5.614448189735412598e-01
5.334944725036621094e-01
5.314640998840332031e-01
5.041639804840087891e-01
5.438164472579956055e-01
5.316590070724487305e-01
5.273452997207641602e-01
5.295336842536926270e-01
5.111485123634338379e-01
5.261424779891967773e-01
5.083402395248413086e-01
5.225130319595336914e-01
5.125496983528137207e-01
4.964939951896667480e-01
5.404303073883056641e-01
4.827682971954345703e-01
4.988597333431243896e-01
5.216565132141113281e-01
5.473118424415588379e-01
5.236659049987792969e-01
5.185116529464721680e-01
4.944470524787902832e-01
5.287992954254150391e-01
5.304889082908630371e-01
5.430962443351745605e-01
5.428453087806701660e-01
5.423216819763183594e-01
5.156075954437255859e-01
5.267077684402465820e-01
5.050253868103027344e-01
5.103256702423095703e-01
4.943291544914245605e-01
5.146281719207763672e-01
5.114847421646118164e-01
5.152295827865600586e-01
5.090097188949584961e-01
5.027207732200622559e-01
5.065197348594665527e-01
4.844944775104522705e-01
5.331453084945678711e-01
5.164058804512023926e-01
5.474773645401000977e-01
4.897450804710388184e-01
5.172274112701416016e-01
5.058243274688720703e-01
5.366479754447937012e-01
4.881181716918945312e-01
5.025278329849243164e-01
5.015754699707031250e-01
5.280219912528991699e-01
5.183116197586059570e-01
5.193193554878234863e-01
4.946797788143157959e-01
5.030059218406677246e-01
5.034954547882080078e-01
5.414242744445800781e-01
5.315521359443664551e-01
4.776519834995269775e-01
4.655481576919555664e-01
4.799728095531463623e-01
5.185912251472473145e-01
4.797486662864685059e-01
5.155016779899597168e-01
5.206990242004394531e-01
5.077514052391052246e-01
4.595843255519866943e-01
5.413706898689270020e-01
5.040138959884643555e-01
5.374901890754699707e-01
5.279893875122070312e-01
4.945786297321319580e-01
4.972242414951324463e-01
5.443060398101806641e-01
5.018587708473205566e-01
4.878156483173370361e-01
5.256175398826599121e-01
5.245672464370727539e-01
4.655019342899322510e-01
5.264784693717956543e-01
4.966885149478912354e-01
5.133166909217834473e-01
5.164526104927062988e-01
5.205103754997253418e-01
4.944065213203430176e-01
5.327029824256896973e-01
5.065206289291381836e-01
5.145893692970275879e-01
4.971726536750793457e-01
5.118188858032226562e-01
5.426861643791198730e-01
4.870761632919311523e-01
5.270177721977233887e-01
5.331671833992004395e-01
4.909209609031677246e-01
5.212657451629638672e-01
5.275281071662902832e-01
5.409785509109497070e-01
4.811780154705047607e-01
5.319061875343322754e-01
5.147235989570617676e-01
4.887416958808898926e-01
5.044859051704406738e-01
5.008762478828430176e-01
4.915817975997924805e-01
4.842549264430999756e-01
5.223985314369201660e-01
5.250014066696166992e-01
5.182120203971862793e-01
5.193377733230590820e-01
5.395418405532836914e-01
5.201786756515502930e-01
5.459271073341369629e-01
5.180757045745849609e-01
5.137541294097900391e-01
5.233461260795593262e-01
5.004743933677673340e-01
5.196486711502075195e-01
4.969027340412139893e-01
5.345328450202941895e-01
5.049437284469604492e-01
5.174546837806701660e-01
5.203950405120849609e-01
5.021595954895019531e-01
5.184434652328491211e-01
4.558649063110351562e-01
5.286405086517333984e-01
5.098903775215148926e-01
5.030416846275329590e-01
5.020194649696350098e-01
4.837542474269866943e-01
5.151839852333068848e-01
5.210804939270019531e-01
5.212169885635375977e-01
5.103835463523864746e-01
5.350196957588195801e-01
4.949590861797332764e-01
5.243713259696960449e-01
5.140332579612731934e-01
5.275334119796752930e-01
5.304176807403564453e-01
4.978739023208618164e-01
5.410151481628417969e-01
5.254583954811096191e-01
5.133038759231567383e-01
5.121345520019531250e-01
5.515904426574707031e-01
5.088659524917602539e-01
4.846851527690887451e-01
5.302379727363586426e-01
4.935718476772308350e-01
4.944880306720733643e-01
5.181388854980468750e-01
4.876640141010284424e-01
5.400893688201904297e-01
5.294105410575866699e-01
5.015431642532348633e-01
4.923568665981292725e-01
4.782799482345581055e-01
5.365842580795288086e-01
5.170741081237792969e-01
5.246767401695251465e-01
5.128276944160461426e-01
4.752415120601654053e-01
5.192692279815673828e-01
5.200825333595275879e-01
5.354117751121520996e-01
5.270589590072631836e-01
4.972242414951324463e-01
4.928236007690429688e-01
5.130136609077453613e-01
5.193192958831787109e-01
4.910444915294647217e-01
4.865024983882904053e-01
5.114796161651611328e-01
5.038383603096008301e-01
5.194860100746154785e-01
5.214282274246215820e-01
5.177738070487976074e-01
5.477510690689086914e-01
4.913306236267089844e-01
5.258738994598388672e-01
5.037084221839904785e-01
5.214005112648010254e-01
4.846424162387847900e-01
5.214232206344604492e-01
4.763725697994232178e-01
4.722338318824768066e-01
5.120900869369506836e-01
5.105093717575073242e-01
5.321406126022338867e-01
5.384133458137512207e-01
5.005707740783691406e-01
5.181612372398376465e-01
4.767784178256988525e-01
5.300929546356201172e-01
5.065521597862243652e-01
5.019800066947937012e-01
4.780994951725006104e-01
5.357062220573425293e-01
5.328648686408996582e-01
5.349647402763366699e-01
5.123803615570068359e-01
4.927437603473663330e-01
5.055485963821411133e-01
5.101057291030883789e-01
5.062726140022277832e-01
4.948408305644989014e-01
5.211507678031921387e-01
5.847584605216979980e-01
4.803850948810577393e-01
5.133564472198486328e-01
4.692185819149017334e-01
5.101170539855957031e-01
4.978541731834411621e-01
4.813698828220367432e-01
4.892846941947937012e-01
5.117696523666381836e-01
5.043909549713134766e-01
5.032400488853454590e-01
5.082489848136901855e-01
5.153288841247558594e-01
5.198858380317687988e-01
4.927811324596405029e-01
5.389081835746765137e-01
4.942426085472106934e-01
4.958206117153167725e-01
5.146798491477966309e-01
5.230116844177246094e-01
4.835310578346252441e-01
4.913713335990905762e-01
4.983973503112792969e-01
5.268510580062866211e-01
4.977045059204101562e-01
5.050541162490844727e-01
5.299922823905944824e-01
5.565088987350463867e-01
5.439841747283935547e-01
5.892411470413208008e-01
5.464239120483398438e-01
4.986962080001831055e-01
5.257968902587890625e-01
5.209156274795532227e-01
5.312053561210632324e-01
5.338336229324340820e-01
5.317535996437072754e-01
5.210374593734741211e-01
5.033313632011413574e-01
5.255938172340393066e-01
4.977147579193115234e-01
5.061957836151123047e-01
4.844605326652526855e-01
5.318956971168518066e-01
4.700051844120025635e-01
5.085203051567077637e-01
5.468977689743041992e-01
5.167766213417053223e-01
5.099408030509948730e-01
5.206503272056579590e-01
5.420547723770141602e-01
5.457555055618286133e-01
5.088293552398681641e-01
5.103022456169128418e-01
5.186730027198791504e-01
4.784709811210632324e-01
5.102146267890930176e-01
5.201098918914794922e-01
5.140852332115173340e-01
5.297158956527709961e-01
5.353643298149108887e-01
4.884667396545410156e-01
4.991964399814605713e-01
5.171418786048889160e-01
5.446493029594421387e-01
4.934256076812744141e-01
4.637413620948791504e-01
4.868194162845611572e-01
5.179772973060607910e-01
5.020124316215515137e-01
5.281993746757507324e-01
5.038492083549499512e-01
4.640116095542907715e-01
5.324176549911499023e-01
4.970179498195648193e-01
5.256341099739074707e-01
5.172954797744750977e-01
5.317987799644470215e-01
4.723304510116577148e-01
5.377594232559204102e-01
5.049053430557250977e-01
5.134408473968505859e-01
5.240687131881713867e-01
4.976033568382263184e-01
4.751417040824890137e-01
5.197617411613464355e-01
5.066467523574829102e-01
5.256120562553405762e-01
5.288645625114440918e-01
4.706889092922210693e-01
5.152368545532226562e-01
5.257273316383361816e-01
5.176514387130737305e-01
5.066470503807067871e-01
5.090433955192565918e-01
5.146688818931579590e-01
5.139081478118896484e-01
4.888988137245178223e-01
5.215334892272949219e-01
5.026034712791442871e-01
5.079408884048461914e-01
4.982064664363861084e-01
4.894928634166717529e-01
5.446627140045166016e-01
5.163310170173645020e-01
4.708121716976165771e-01
5.208282470703125000e-01
5.035258531570434570e-01
5.181128978729248047e-01
5.419870018959045410e-01
5.131067037582397461e-01
5.040104389190673828e-01
5.102356672286987305e-01
5.351635813713073730e-01
4.894057214260101318e-01
5.373116731643676758e-01
5.180468559265136719e-01
4.960509836673736572e-01
4.958064556121826172e-01
4.966011047363281250e-01
5.142099857330322266e-01
4.660178422927856445e-01
4.806196093559265137e-01
5.023834109306335449e-01
5.038048624992370605e-01
5.151160955429077148e-01
5.176752209663391113e-01
5.327818393707275391e-01
5.335673093795776367e-01
5.318450927734375000e-01
5.174034237861633301e-01
5.168028473854064941e-01
5.374490022659301758e-01
4.683896601200103760e-01
5.172939896583557129e-01
5.476329326629638672e-01
5.186733603477478027e-01
5.368977785110473633e-01
4.721597433090209961e-01
5.328270792961120605e-01
5.023664236068725586e-01
5.385885834693908691e-01
5.280069708824157715e-01
5.002316236495971680e-01
5.145569443702697754e-01
5.348510742187500000e-01
5.402601957321166992e-01
5.492290854454040527e-01
5.251067280769348145e-01
4.990455210208892822e-01
5.620718002319335938e-01
5.389506816864013672e-01
5.037471652030944824e-01
5.174972414970397949e-01
4.889661371707916260e-01
5.168634653091430664e-01
5.158438086509704590e-01
5.251336693763732910e-01
4.864825010299682617e-01
5.107642412185668945e-01
5.221207737922668457e-01
4.979938268661499023e-01
4.764361679553985596e-01
5.093729496002197266e-01
5.147223472595214844e-01
5.293520689010620117e-01
4.724880158901214600e-01
5.399768352508544922e-01
5.050860643386840820e-01
5.173115134239196777e-01
5.253220796585083008e-01
5.137659311294555664e-01
5.078023076057434082e-01
5.510964989662170410e-01
5.177095532417297363e-01
5.092203617095947266e-01
4.922924935817718506e-01
5.129640698432922363e-01
4.864603877067565918e-01
5.218991041183471680e-01
5.025534629821777344e-01
5.041962265968322754e-01
5.106398463249206543e-01
5.218991041183471680e-01
5.008577704429626465e-01
5.012047886848449707e-01
5.068433284759521484e-01
5.244653224945068359e-01
5.101592540740966797e-01
4.853565096855163574e-01
5.065521597862243652e-01
5.405997037887573242e-01
5.508479475975036621e-01
4.829728007316589355e-01
5.156883597373962402e-01
4.853110313415527344e-01
4.908519089221954346e-01
5.395060777664184570e-01
4.781644046306610107e-01
4.766671955585479736e-01
5.364704728126525879e-01
5.570555329322814941e-01
4.993457496166229248e-01
4.752379953861236572e-01
5.411996841430664062e-01
5.086389780044555664e-01
5.077057480812072754e-01
5.551458597183227539e-01
5.038231611251831055e-01
5.259156227111816406e-01
5.335094928741455078e-01
4.916636645793914795e-01
5.044535994529724121e-01
5.086091160774230957e-01
5.240855216979980469e-01
5.361170172691345215e-01
5.132929086685180664e-01
4.883513748645782471e-01
5.285390019416809082e-01
5.297884345054626465e-01
5.266751050949096680e-01
5.127031207084655762e-01
5.243812203407287598e-01
5.402558445930480957e-01
5.361189842224121094e-01
5.194414258003234863e-01
5.368816852569580078e-01
5.145484805107116699e-01
5.159376263618469238e-01
5.105661153793334961e-01
5.329629182815551758e-01
5.024639368057250977e-01
5.093646645545959473e-01
5.336554646492004395e-01
5.154010057449340820e-01
5.282117128372192383e-01
5.069736838340759277e-01
5.183842778205871582e-01
5.289775133132934570e-01
5.324564576148986816e-01
5.164647698402404785e-01
5.304511785507202148e-01
4.951785802841186523e-01
5.013740658760070801e-01
4.848902523517608643e-01
5.057522654533386230e-01
4.970944225788116455e-01
4.953688979148864746e-01
4.881903529167175293e-01
5.179316997528076172e-01
4.906280040740966797e-01
4.721351265907287598e-01
5.180836319923400879e-01
5.287307500839233398e-01
5.080715417861938477e-01
4.904925823211669922e-01
5.443071126937866211e-01
5.358811616897583008e-01
5.353401899337768555e-01
5.033848881721496582e-01
5.324293375015258789e-01
5.095152854919433594e-01
4.871506094932556152e-01
5.210012197494506836e-01
5.371587872505187988e-01
5.211424231529235840e-01
5.703209638595581055e-01
5.064259767532348633e-01
5.213003754615783691e-01
5.264412164688110352e-01
5.101063847541809082e-01
4.974232912063598633e-01
5.200500488281250000e-01
5.231745839118957520e-01
5.361787676811218262e-01
5.501135587692260742e-01
4.962187707424163818e-01
5.524988770484924316e-01
4.950963258743286133e-01
4.893345236778259277e-01
4.831311106681823730e-01
5.295448303222656250e-01
5.197219252586364746e-01
5.188999176025390625e-01
4.938772916793823242e-01
5.194507837295532227e-01
5.071455836296081543e-01
5.013603568077087402e-01
5.155959129333496094e-01
5.215198993682861328e-01
5.014621019363403320e-01
5.090290904045104980e-01
5.292024612426757812e-01
4.996113479137420654e-01
5.105068087577819824e-01
4.890120923519134521e-01
5.341902971267700195e-01
5.228641033172607422e-01
5.037443637847900391e-01
5.036073923110961914e-01
4.780575931072235107e-01
5.378432869911193848e-01
5.369063019752502441e-01
4.841099679470062256e-01
5.170955061912536621e-01
5.472193360328674316e-01
4.624546766281127930e-01
5.212281942367553711e-01
4.619941413402557373e-01
5.212795734405517578e-01
5.111252665519714355e-01
5.440927743911743164e-01
5.038803219795227051e-01
4.961771965026855469e-01
5.319805741310119629e-01
5.231873393058776855e-01
5.145340561866760254e-01
5.218991041183471680e-01
5.216056704521179199e-01
5.131134390830993652e-01
4.876678586006164551e-01
4.829841256141662598e-01
5.074179768562316895e-01
5.211058259010314941e-01
4.876680970191955566e-01
5.321629643440246582e-01
5.252417922019958496e-01
5.220684409141540527e-01
5.407699346542358398e-01
5.078966021537780762e-01
5.317454338073730469e-01
5.115879774093627930e-01
5.162599086761474609e-01
5.139701366424560547e-01
5.315288305282592773e-01
5.533778071403503418e-01
5.323376059532165527e-01
5.002903342247009277e-01
5.606013536453247070e-01
4.827843904495239258e-01
5.115935802459716797e-01
4.706680774688720703e-01
5.500375628471374512e-01
5.347408652305603027e-01
5.624426603317260742e-01
5.465987920761108398e-01
5.449855327606201172e-01
5.271900296211242676e-01
5.412856936454772949e-01
5.141512155532836914e-01
5.389593243598937988e-01
5.482995510101318359e-01
4.893271625041961670e-01
5.384776592254638672e-01
5.263868570327758789e-01
5.169972777366638184e-01
4.940288662910461426e-01
5.319039821624755859e-01
5.393882989883422852e-01
5.355812311172485352e-01
5.223420262336730957e-01
5.074332952499389648e-01
5.133166909217834473e-01
4.943915307521820068e-01
4.583565592765808105e-01
5.216686129570007324e-01
5.170224308967590332e-01
5.484373569488525391e-01
5.164744257926940918e-01
5.103850364685058594e-01
5.372241735458374023e-01
4.951049685478210449e-01
5.189179778099060059e-01
5.036073923110961914e-01
5.173195600509643555e-01
5.044971108436584473e-01
5.119781494140625000e-01
5.402586460113525391e-01
5.205160975456237793e-01
5.148283243179321289e-01
4.934376478195190430e-01
5.112781524658203125e-01
4.815540909767150879e-01
5.028877854347229004e-01
4.660744071006774902e-01
4.925014972686767578e-01
4.921110272407531738e-01
5.375821590423583984e-01
4.908781051635742188e-01
5.300999879837036133e-01
5.115933418273925781e-01
5.299059748649597168e-01
5.242611169815063477e-01
4.855012297630310059e-01
5.333943963050842285e-01
5.217130184173583984e-01
5.407839417457580566e-01
5.174778699874877930e-01
5.343939661979675293e-01
5.086368322372436523e-01
5.292025208473205566e-01
5.016127228736877441e-01
5.333980917930603027e-01
5.262734889984130859e-01
5.290083885192871094e-01
5.329966545104980469e-01
5.167034268379211426e-01
5.358355045318603516e-01
4.969273805618286133e-01
5.134548544883728027e-01
5.183141231536865234e-01
5.508946776390075684e-01
5.301437973976135254e-01
5.108869671821594238e-01
5.686424374580383301e-01
5.324768424034118652e-01
5.175368189811706543e-01
4.797626137733459473e-01
5.277481079101562500e-01
5.215321779251098633e-01
5.256414413452148438e-01
5.355930328369140625e-01
5.277911424636840820e-01
5.178722739219665527e-01
4.921348094940185547e-01
5.281637907028198242e-01
5.134815573692321777e-01
4.890698492527008057e-01
5.352006554603576660e-01
5.473441481590270996e-01
5.039556622505187988e-01
5.040135979652404785e-01
5.274186134338378906e-01
5.247275829315185547e-01
5.109000205993652344e-01
5.048146247863769531e-01
5.097900629043579102e-01
5.358840823173522949e-01
4.966922700405120850e-01
5.133167505264282227e-01
4.965779781341552734e-01
5.278381109237670898e-01
5.531463027000427246e-01
5.537533164024353027e-01
5.391851663589477539e-01
5.079165697097778320e-01
5.162884593009948730e-01
5.357295870780944824e-01
5.107452273368835449e-01
5.368691086769104004e-01
5.126850605010986328e-01
5.249134302139282227e-01
4.662767350673675537e-01
5.503216385841369629e-01
5.213424563407897949e-01
5.226938724517822266e-01
5.204960107803344727e-01
4.840211868286132812e-01
5.165981650352478027e-01
5.162177681922912598e-01
4.974172711372375488e-01
5.036563873291015625e-01
5.189184546470642090e-01
5.676743388175964355e-01
5.069093108177185059e-01
5.036073923110961914e-01
5.037347078323364258e-01
5.477617979049682617e-01
5.095282793045043945e-01
4.758479595184326172e-01
5.297453999519348145e-01
4.943037927150726318e-01
5.079682469367980957e-01
4.617003202438354492e-01
5.248914957046508789e-01
5.098163485527038574e-01
5.037794113159179688e-01
4.752210080623626709e-01
4.795318841934204102e-01
5.065197348594665527e-01
5.229185223579406738e-01
4.880002737045288086e-01
5.095074176788330078e-01
5.062460899353027344e-01
4.507699608802795410e-01
4.885205924510955811e-01
5.136091709136962891e-01
5.133158564567565918e-01
5.204639434814453125e-01
4.900045096874237061e-01
5.547524094581604004e-01
5.167471170425415039e-01
5.212481021881103516e-01
5.183173418045043945e-01
5.162758827209472656e-01
5.184412002563476562e-01
5.430798530578613281e-01
5.082961916923522949e-01
5.474272966384887695e-01
5.236796140670776367e-01
5.512230992317199707e-01
5.561429262161254883e-01
5.193448662757873535e-01
5.181881785392761230e-01
5.012977123260498047e-01
5.355194807052612305e-01
5.090131759643554688e-01
4.752816259860992432e-01
5.003330707550048828e-01
5.326477885246276855e-01
5.128048062324523926e-01
4.957044720649719238e-01
5.240628719329833984e-01
5.240678191184997559e-01
5.249575972557067871e-01
4.785661399364471436e-01
4.942715764045715332e-01
5.233505368232727051e-01
5.485066771507263184e-01
5.413151383399963379e-01
4.784827828407287598e-01
5.368778109550476074e-01
4.902922213077545166e-01
5.262952446937561035e-01
5.199643373489379883e-01
5.361962914466857910e-01
5.231496691703796387e-01
4.985873103141784668e-01
5.224328637123107910e-01
5.045531988143920898e-01
5.135561227798461914e-01
4.743395447731018066e-01
5.092346668243408203e-01
5.142694115638732910e-01
4.995374977588653564e-01
5.425742268562316895e-01
4.835682809352874756e-01
4.999677538871765137e-01
4.862952232360839844e-01
5.619798302650451660e-01
5.371637344360351562e-01
5.037959218025207520e-01
5.211207866668701172e-01
5.264772176742553711e-01
5.047895312309265137e-01
5.101043581962585449e-01
5.082416534423828125e-01
5.409200191497802734e-01
5.097740292549133301e-01
5.193437933921813965e-01
5.527877211570739746e-01
5.206372737884521484e-01
5.397725105285644531e-01
5.439605116844177246e-01
5.344615578651428223e-01
5.288642644882202148e-01
5.304034352302551270e-01
5.425884723663330078e-01
5.120663642883300781e-01
4.966688156127929688e-01
5.170976519584655762e-01
5.066431760787963867e-01
5.196260809898376465e-01
5.490242838859558105e-01
5.167475342750549316e-01
4.965238571166992188e-01
5.090740919113159180e-01
5.371393561363220215e-01
5.287391543388366699e-01
5.393034219741821289e-01
5.043833851814270020e-01
5.095332264900207520e-01
5.157549381256103516e-01
5.458986759185791016e-01
5.290411710739135742e-01
5.150710940361022949e-01
5.469390749931335449e-01
5.409472584724426270e-01
4.781304597854614258e-01
5.608572959899902344e-01
5.111068487167358398e-01
5.083480477333068848e-01
5.338857769966125488e-01
5.475726127624511719e-01
5.383177399635314941e-01
5.130963325500488281e-01
5.087075233459472656e-01
5.351310372352600098e-01
5.550516843795776367e-01
5.034344196319580078e-01
4.773386716842651367e-01
5.448004007339477539e-01
5.018832683563232422e-01
5.064023733139038086e-01
4.934952855110168457e-01
5.062971115112304688e-01
5.057826042175292969e-01
5.471474528312683105e-01
5.074371099472045898e-01
4.779809415340423584e-01
5.248407721519470215e-01
4.928787946701049805e-01
5.319550037384033203e-01
4.700657725334167480e-01
5.079914331436157227e-01
5.017105937004089355e-01
4.942123889923095703e-01
5.169619917869567871e-01
5.466002821922302246e-01
5.215954780578613281e-01
5.051761865615844727e-01
5.352328419685363770e-01
5.456926822662353516e-01
5.011259317398071289e-01
4.709424674510955811e-01
5.566030740737915039e-01
4.918514490127563477e-01
5.536162257194519043e-01
5.273212194442749023e-01
4.866519570350646973e-01
5.058511495590209961e-01
5.141966938972473145e-01
5.382035374641418457e-01
4.999905824661254883e-01
5.255938172340393066e-01
5.086857080459594727e-01
5.390411019325256348e-01
4.831286370754241943e-01
5.098558068275451660e-01
5.292495489120483398e-01
5.174446105957031250e-01
5.043901205062866211e-01
5.412197113037109375e-01
4.928296804428100586e-01
5.005435347557067871e-01
5.086020827293395996e-01
5.281328558921813965e-01
5.189136266708374023e-01
5.146021246910095215e-01
5.076247453689575195e-01
5.266977548599243164e-01
5.157977938652038574e-01
5.265471935272216797e-01
5.110870003700256348e-01
5.355135202407836914e-01
5.050710439682006836e-01
5.130136609077453613e-01
4.622051715850830078e-01
5.644789934158325195e-01
4.779608845710754395e-01
5.099796652793884277e-01
5.106433033943176270e-01
4.778315126895904541e-01
5.207328200340270996e-01
5.218991041183471680e-01
4.711747765541076660e-01
5.555100440979003906e-01
4.880814254283905029e-01
5.242959856986999512e-01
5.251554250717163086e-01
5.368456244468688965e-01
5.218986272811889648e-01
5.130136609077453613e-01
5.195210576057434082e-01
5.159168839454650879e-01
5.327651500701904297e-01
4.634962975978851318e-01
5.233796834945678711e-01
5.167967677116394043e-01
5.051921606063842773e-01
5.488687157630920410e-01
5.510386228561401367e-01
5.369569659233093262e-01
5.165711641311645508e-01
5.434081554412841797e-01
5.220321416854858398e-01
5.185161828994750977e-01
5.512232184410095215e-01
5.328423976898193359e-01
4.973689317703247070e-01
4.986304938793182373e-01
5.087223052978515625e-01
5.109109282493591309e-01
5.230525135993957520e-01
4.997240900993347168e-01
4.920987784862518311e-01
5.263733267784118652e-01
5.666480660438537598e-01
5.197077989578247070e-01
5.191994309425354004e-01
5.185099840164184570e-01
5.287756323814392090e-01
5.315703153610229492e-01
5.515338182449340820e-01
5.305402874946594238e-01
5.329464673995971680e-01
5.581861138343811035e-01
5.036020874977111816e-01
5.236293673515319824e-01
4.897497594356536865e-01
4.848609268665313721e-01
4.604261517524719238e-01
5.460412502288818359e-01
5.289646387100219727e-01
5.085291266441345215e-01
4.708734452724456787e-01
5.316820144653320312e-01
5.370829701423645020e-01
4.958081543445587158e-01
5.316299200057983398e-01
5.428459644317626953e-01
5.181163549423217773e-01
5.406928062438964844e-01
4.859299063682556152e-01
5.076847672462463379e-01
4.787135720252990723e-01
4.847249388694763184e-01
4.778211116790771484e-01
4.964773952960968018e-01
4.848765730857849121e-01
5.200016498565673828e-01
5.072327256202697754e-01
5.183776021003723145e-01
5.555193424224853516e-01
5.251172780990600586e-01
5.304427742958068848e-01
5.015734434127807617e-01
5.163697004318237305e-01
5.065803527832031250e-01
4.773909151554107666e-01
5.218916535377502441e-01
4.943475127220153809e-01
5.513389110565185547e-01
5.059939026832580566e-01
5.250298976898193359e-01
5.149629712104797363e-01
5.266520977020263672e-01
5.256277322769165039e-01
5.153882503509521484e-01
5.115762352943420410e-01
5.101462006568908691e-01
5.141467452049255371e-01
5.034843087196350098e-01
5.108844041824340820e-01
5.191470980644226074e-01
5.139690637588500977e-01
5.173706412315368652e-01
5.272150039672851562e-01
5.366901755332946777e-01
4.813215434551239014e-01
5.219193696975708008e-01
4.850358664989471436e-01
4.934277832508087158e-01
5.253363251686096191e-01
5.095986723899841309e-01
5.208301544189453125e-01
5.287243723869323730e-01
5.297322869300842285e-01
5.258395671844482422e-01
5.194218754768371582e-01
5.289998054504394531e-01
5.357406139373779297e-01
5.142077803611755371e-01
5.172510743141174316e-01
5.156070590019226074e-01
4.993051886558532715e-01
5.224425792694091797e-01
5.162196755409240723e-01
5.218991041183471680e-01
4.982385337352752686e-01
4.982294738292694092e-01
4.789129495620727539e-01
5.169620513916015625e-01
5.062679052352905273e-01
5.465563535690307617e-01
4.905396699905395508e-01
5.140030980110168457e-01
5.516458749771118164e-01
5.180737376213073730e-01
5.558916926383972168e-01
5.177522897720336914e-01
5.306909084320068359e-01
5.156358480453491211e-01
5.090620517730712891e-01
5.181797742843627930e-01
5.163967609405517578e-01
4.947874844074249268e-01
5.490994453430175781e-01
5.063823461532592773e-01
5.320838093757629395e-01
4.811515808105468750e-01
4.888509809970855713e-01
4.840307533740997314e-01
5.561050772666931152e-01
4.831858277320861816e-01
5.062081813812255859e-01
5.104622840881347656e-01
5.287511348724365234e-01
5.114717483520507812e-01
5.421287417411804199e-01
5.064788460731506348e-01
4.816851019859313965e-01
5.085831880569458008e-01
5.407066345214843750e-01
5.319921970367431641e-01
5.265187025070190430e-01
5.130941867828369141e-01
5.140178799629211426e-01
4.996818304061889648e-01
4.667320847511291504e-01
4.740446805953979492e-01
4.834074079990386963e-01
5.003443360328674316e-01
5.071494579315185547e-01
5.134077072143554688e-01
5.306295752525329590e-01
5.330607295036315918e-01
4.758573174476623535e-01
4.814774096012115479e-01
4.985174536705017090e-01
4.892510473728179932e-01
4.850906431674957275e-01
5.311208367347717285e-01
5.252255797386169434e-01
5.113489031791687012e-01
5.080578923225402832e-01
5.220609307289123535e-01
5.625727176666259766e-01
5.540070533752441406e-01
5.099952220916748047e-01
4.961937069892883301e-01
5.009637475013732910e-01
5.286375880241394043e-01
5.067577958106994629e-01
4.887163937091827393e-01
4.685298800468444824e-01
4.568175375461578369e-01
4.983766078948974609e-01
5.259659886360168457e-01
5.028904080390930176e-01
5.094556212425231934e-01
4.807201325893402100e-01
4.834071993827819824e-01
5.133166909217834473e-01
5.204104781150817871e-01
5.137182474136352539e-01
5.262488126754760742e-01
5.023589730262756348e-01
5.310369133949279785e-01
5.518994331359863281e-01
4.926936328411102295e-01
5.025421977043151855e-01
4.940375387668609619e-01
4.917072057723999023e-01
4.768117964267730713e-01
5.275539159774780273e-01
5.071563124656677246e-01
5.185940861701965332e-01
5.114256143569946289e-01
5.156828761100769043e-01
5.491505861282348633e-01
5.103170871734619141e-01
5.357024669647216797e-01
4.903628826141357422e-01
5.117612481117248535e-01
5.011830925941467285e-01
5.235133767127990723e-01
5.062029957771301270e-01
4.815712571144104004e-01
5.249391794204711914e-01
5.068556070327758789e-01
4.955675303936004639e-01
5.144369006156921387e-01
5.558180212974548340e-01
5.033029913902282715e-01
4.853208363056182861e-01
5.218990445137023926e-01
5.147398710250854492e-01
5.196342468261718750e-01
5.335662364959716797e-01
4.956669807434082031e-01
5.133166909217834473e-01
4.921304285526275635e-01
5.039095282554626465e-01
5.084759593009948730e-01
5.133166909217834473e-01
5.423073768615722656e-01
5.030407905578613281e-01
5.377181172370910645e-01
5.226537585258483887e-01
5.244978070259094238e-01
5.093770027160644531e-01
5.251302123069763184e-01
5.262728929519653320e-01
5.170266032218933105e-01
5.219765305519104004e-01
5.270669460296630859e-01
4.528886973857879639e-01
4.552146196365356445e-01
5.123679637908935547e-01
5.142869949340820312e-01
4.918888211250305176e-01
4.543693363666534424e-01
4.292652010917663574e-01
4.859958589076995850e-01
5.402297973632812500e-01
4.783973693847656250e-01
5.562456250190734863e-01
5.348548293113708496e-01
5.317704081535339355e-01
5.181238651275634766e-01
5.221983790397644043e-01
5.286450386047363281e-01
5.094016194343566895e-01
5.188241600990295410e-01
5.193086266517639160e-01
5.032867789268493652e-01
4.721207618713378906e-01
5.277562737464904785e-01
5.261883735656738281e-01
5.017039775848388672e-01
5.357985496520996094e-01
4.877259731292724609e-01
5.176857709884643555e-01
5.103508830070495605e-01
5.250698328018188477e-01
4.612554311752319336e-01
4.955778717994689941e-01
5.296301841735839844e-01
5.447289943695068359e-01
5.141053199768066406e-01
5.136046409606933594e-01
4.750879406929016113e-01
5.215258598327636719e-01
5.394947528839111328e-01
4.815612733364105225e-01
5.302768349647521973e-01
4.975309371948242188e-01
5.526316165924072266e-01
5.386755466461181641e-01
4.726515710353851318e-01
5.135647654533386230e-01
5.004667043685913086e-01
4.853271543979644775e-01
5.170528292655944824e-01
5.192009806632995605e-01
4.982666075229644775e-01
5.100213885307312012e-01
5.167471170425415039e-01
5.158321261405944824e-01
5.226114392280578613e-01
4.989054203033447266e-01
5.234085321426391602e-01
5.014728903770446777e-01
5.247222185134887695e-01
5.328393578529357910e-01
5.191581249237060547e-01
5.377872586250305176e-01
5.025433301925659180e-01
4.953123629093170166e-01
5.341311693191528320e-01
5.340651869773864746e-01
4.878068566322326660e-01
5.012733340263366699e-01
4.994262456893920898e-01
5.049759149551391602e-01
5.203555226325988770e-01
4.909126460552215576e-01
5.157155990600585938e-01
5.314210057258605957e-01
5.272607803344726562e-01
5.385107398033142090e-01
5.252084136009216309e-01
4.891217648983001709e-01
4.924063682556152344e-01
4.736027717590332031e-01
4.599880278110504150e-01
5.122513771057128906e-01
5.224115252494812012e-01
4.856235980987548828e-01
5.318620204925537109e-01
5.196046829223632812e-01
5.167584419250488281e-01
4.890196025371551514e-01
4.660117328166961670e-01
5.239592790603637695e-01
5.167471170425415039e-01
5.148862600326538086e-01
4.996026754379272461e-01
5.078761577606201172e-01
5.027866363525390625e-01
4.597871005535125732e-01
4.900131821632385254e-01
4.862506091594696045e-01
5.036901831626892090e-01
5.027374029159545898e-01
4.753814041614532471e-01
5.139535665512084961e-01
5.016071796417236328e-01
5.143909454345703125e-01
5.218991041183471680e-01
4.773476123809814453e-01
5.198542475700378418e-01
5.036073923110961914e-01
5.312002301216125488e-01
5.096565485000610352e-01
5.192626714706420898e-01
5.093710422515869141e-01
4.966914355754852295e-01
5.278522968292236328e-01
5.051761865615844727e-01
5.277948379516601562e-01
5.128397345542907715e-01
5.280067324638366699e-01
5.135920047760009766e-01
5.186104774475097656e-01
4.958266913890838623e-01
4.792281985282897949e-01
5.200639367103576660e-01
4.996045231819152832e-01
5.492562651634216309e-01
5.162654519081115723e-01
5.415449738502502441e-01
5.336718559265136719e-01
5.212469100952148438e-01
5.165935754776000977e-01
5.549778938293457031e-01
5.174869298934936523e-01
5.278555750846862793e-01
5.077791810035705566e-01
5.160002708435058594e-01
5.115263462066650391e-01
5.114110708236694336e-01
5.171344280242919922e-01
5.148661732673645020e-01
4.795119166374206543e-01
4.873611927032470703e-01
5.190333724021911621e-01
5.287468433380126953e-01
4.974165558815002441e-01
5.151600837707519531e-01
5.166504979133605957e-01
5.318602323532104492e-01
5.669320225715637207e-01
5.271230936050415039e-01
4.923520684242248535e-01
5.297757983207702637e-01
5.348094701766967773e-01
5.390941500663757324e-01
4.744576215744018555e-01
5.295246839523315430e-01
4.847271740436553955e-01
5.083671212196350098e-01
4.982464015483856201e-01
5.400626063346862793e-01
5.454832315444946289e-01
5.105111002922058105e-01
5.084007382392883301e-01
5.359723567962646484e-01
5.425437092781066895e-01
5.042415857315063477e-01
5.050185918807983398e-01
5.574539303779602051e-01
5.171462893486022949e-01
5.028909444808959961e-01
5.402023792266845703e-01
5.234833359718322754e-01
5.293117761611938477e-01
5.262013077735900879e-01
5.027229189872741699e-01
4.989897012710571289e-01
4.873374700546264648e-01
5.399491786956787109e-01
5.448974370956420898e-01
4.834571182727813721e-01
5.403581857681274414e-01
5.095485448837280273e-01
4.910496771335601807e-01
5.112605690956115723e-01
5.510361790657043457e-01
5.170565247535705566e-01
5.412008762359619141e-01
5.281688570976257324e-01
5.278259515762329102e-01
5.173085927963256836e-01
4.838877320289611816e-01
5.016171932220458984e-01
5.157530903816223145e-01
4.734169840812683105e-01
4.714445173740386963e-01
5.210928916931152344e-01
4.962741434574127197e-01
5.034193396568298340e-01
4.980278015136718750e-01
5.379354953765869141e-01
5.111563205718994141e-01
4.415976405143737793e-01
4.700436890125274658e-01
4.544094502925872803e-01
5.056557655334472656e-01
5.087289214134216309e-01
5.106638073921203613e-01
5.404725670814514160e-01
5.226746201515197754e-01
5.333454012870788574e-01
5.172685384750366211e-01
5.385829806327819824e-01
5.093552470207214355e-01
5.230790972709655762e-01
5.022047162055969238e-01
5.110878944396972656e-01
4.937723278999328613e-01
4.766421020030975342e-01
5.104112625122070312e-01
5.240923166275024414e-01
4.655990302562713623e-01
5.001707077026367188e-01
4.975178837776184082e-01
5.271875858306884766e-01
4.644274413585662842e-01
5.170038342475891113e-01
4.770398437976837158e-01
4.952048957347869873e-01
5.344119071960449219e-01
5.234115123748779297e-01
5.357863306999206543e-01
5.168179869651794434e-01
5.180612802505493164e-01
4.836595654487609863e-01
5.136582851409912109e-01
5.035322904586791992e-01
4.862564206123352051e-01
4.953465163707733154e-01
5.340766906738281250e-01
5.322292447090148926e-01
4.979596436023712158e-01
5.027451515197753906e-01
4.855663776397705078e-01
4.704196751117706299e-01
4.852971434593200684e-01
5.067542791366577148e-01
5.292553901672363281e-01
4.829417467117309570e-01
5.586016774177551270e-01
4.894723594188690186e-01
5.122124552726745605e-01
5.020735263824462891e-01
5.098444223403930664e-01
4.904418289661407471e-01
4.988321363925933838e-01
5.101383328437805176e-01
5.285096168518066406e-01
5.565572381019592285e-01
5.508775115013122559e-01
5.265556573867797852e-01
5.147796273231506348e-01
5.581061840057373047e-01
4.769366681575775146e-01
5.283374786376953125e-01
4.826094806194305420e-01
5.138525962829589844e-01
5.080330371856689453e-01
5.596919059753417969e-01
4.875525236129760742e-01
5.650954246520996094e-01
5.147753953933715820e-01
4.960269033908843994e-01
5.698503851890563965e-01
5.678629875183105469e-01
5.529953837394714355e-01
5.141335129737854004e-01
5.583512187004089355e-01
5.091577172279357910e-01
4.898499250411987305e-01
5.038990378379821777e-01
4.955972135066986084e-01
4.938579499721527100e-01
5.094540119171142578e-01
5.163439512252807617e-01
5.350182652473449707e-01
5.244033336639404297e-01
5.375341176986694336e-01
4.996684491634368896e-01
4.726545214653015137e-01
5.457285046577453613e-01
5.401144027709960938e-01
5.377691388130187988e-01
5.217840671539306641e-01
5.459645986557006836e-01
5.008276104927062988e-01
5.026922225952148438e-01
5.325455665588378906e-01
4.798154830932617188e-01
5.133166909217834473e-01
5.094164609909057617e-01
5.182101130485534668e-01
5.321175456047058105e-01
5.519535541534423828e-01
5.503982901573181152e-01
5.208061933517456055e-01
5.595881342887878418e-01
5.350133180618286133e-01
5.390671491622924805e-01
5.189056396484375000e-01
5.530050992965698242e-01
5.047546029090881348e-01
5.078278183937072754e-01
5.043339729309082031e-01
5.442161560058593750e-01
5.280233621597290039e-01
5.403503775596618652e-01
5.275120139122009277e-01
5.251084566116333008e-01
5.013737082481384277e-01
5.089468359947204590e-01
5.187603235244750977e-01
5.082318186759948730e-01
5.485170483589172363e-01
4.870206713676452637e-01
4.982688128948211670e-01
5.236566662788391113e-01
4.867864549160003662e-01
5.428339838981628418e-01
5.180866718292236328e-01
5.167083740234375000e-01
5.357271432876586914e-01
5.230742096900939941e-01
5.228108167648315430e-01
5.318598747253417969e-01
5.442572832107543945e-01
5.362328290939331055e-01
4.929780066013336182e-01
4.821853041648864746e-01
4.788912534713745117e-01
5.188391804695129395e-01
5.290207862854003906e-01
5.024783015251159668e-01
5.080382823944091797e-01
4.957460165023803711e-01
5.426152944564819336e-01
5.104934573173522949e-01
5.320839285850524902e-01
5.354149341583251953e-01
4.790829122066497803e-01
5.285573005676269531e-01
5.375143289566040039e-01
5.238810181617736816e-01
5.301318168640136719e-01
5.227820873260498047e-01
4.918174147605895996e-01
5.492977499961853027e-01
4.772031903266906738e-01
5.333129167556762695e-01
4.921714961528778076e-01
4.988206923007965088e-01
5.212300419807434082e-01
5.363926887512207031e-01
5.074555277824401855e-01
5.034422278404235840e-01
5.072180628776550293e-01
5.078215003013610840e-01
4.918813705444335938e-01
4.891890585422515869e-01
5.517350435256958008e-01
5.181015133857727051e-01
5.429984331130981445e-01
5.439002513885498047e-01
4.855296611785888672e-01
5.093874335289001465e-01
5.290448069572448730e-01
4.968549311161041260e-01
4.879190921783447266e-01
5.280809998512268066e-01
5.312502384185791016e-01
4.880795478820800781e-01
5.182109475135803223e-01
5.112767219543457031e-01
5.478751659393310547e-01
4.926547110080718994e-01
4.696047008037567139e-01
4.792612791061401367e-01
5.176456570625305176e-01
5.058496594429016113e-01
5.372571349143981934e-01
4.971389174461364746e-01
5.315077304840087891e-01
5.020550489425659180e-01
5.204780697822570801e-01
5.115497708320617676e-01
5.275902748107910156e-01
5.069516897201538086e-01
5.126746892929077148e-01
5.428234934806823730e-01
4.881223440170288086e-01
5.060063600540161133e-01
4.901717007160186768e-01
4.932313859462738037e-01
5.408462882041931152e-01
4.885362982749938965e-01
5.244889259338378906e-01
4.885708987712860107e-01
4.658406674861907959e-01
4.983810484409332275e-01
5.034273266792297363e-01
4.583214521408081055e-01
5.292181372642517090e-01
5.135507583618164062e-01
4.766679406166076660e-01
5.163844823837280273e-01
5.312196016311645508e-01
5.111269950866699219e-01
5.386498570442199707e-01
5.104843378067016602e-01
4.963921904563903809e-01
5.137218236923217773e-01
5.062924623489379883e-01
5.064619779586791992e-01
5.165961980819702148e-01
5.062859058380126953e-01
5.037902593612670898e-01
4.986012578010559082e-01
5.318936109542846680e-01
5.126696228981018066e-01
5.196251273155212402e-01
5.120897293090820312e-01
5.058493018150329590e-01
5.428337454795837402e-01
5.243365168571472168e-01
5.250579714775085449e-01
5.076606869697570801e-01
5.238991379737854004e-01
5.060410499572753906e-01
5.228304862976074219e-01
5.469939708709716797e-01
5.031985044479370117e-01
5.360124707221984863e-01
5.012023448944091797e-01
5.028247833251953125e-01
5.199764370918273926e-01
4.730632901191711426e-01
5.091754794120788574e-01
5.142400860786437988e-01
5.310279726982116699e-01
5.080807209014892578e-01
4.841491878032684326e-01
5.282564759254455566e-01
5.274146795272827148e-01
4.749065935611724854e-01
5.036468505859375000e-01
4.958100318908691406e-01
5.212043523788452148e-01
5.069574117660522461e-01
5.163341164588928223e-01
5.169972777366638184e-01
4.559803605079650879e-01
5.288062691688537598e-01
5.005387067794799805e-01
4.702161252498626709e-01
5.089520812034606934e-01
5.216658115386962891e-01
4.946576654911041260e-01
5.314463376998901367e-01
5.085633993148803711e-01
4.831643998622894287e-01
5.672508478164672852e-01
5.048707127571105957e-01
5.045093894004821777e-01
5.467789769172668457e-01
5.380941033363342285e-01
5.361075401306152344e-01
5.447157621383666992e-01
5.345792174339294434e-01
5.027521848678588867e-01
5.307947397232055664e-01
5.233042240142822266e-01
5.492353439331054688e-01
5.447563529014587402e-01
5.375763773918151855e-01
5.297936797142028809e-01
4.848879873752593994e-01
5.230568051338195801e-01
5.310456156730651855e-01
5.006716251373291016e-01
5.072600841522216797e-01
5.188465714454650879e-01
4.882998764514923096e-01
5.497859716415405273e-01
5.018428564071655273e-01
5.111654400825500488e-01
5.602982044219970703e-01
5.024722814559936523e-01
4.801606833934783936e-01
5.263126492500305176e-01
5.246493220329284668e-01
4.728132486343383789e-01
5.212112665176391602e-01
4.724708199501037598e-01
5.398828387260437012e-01
4.766282737255096436e-01
5.060348510742187500e-01
4.739060401916503906e-01
5.076941847801208496e-01
4.960889816284179688e-01
4.959544539451599121e-01
5.161356329917907715e-01
5.327527523040771484e-01
5.192353725433349609e-01
4.983427524566650391e-01
5.301256775856018066e-01
5.215482115745544434e-01
5.451148152351379395e-01
5.152927041053771973e-01
5.427236557006835938e-01
4.826613962650299072e-01
4.745017886161804199e-01
5.115453004837036133e-01
5.077784061431884766e-01
5.280871391296386719e-01
5.028195977210998535e-01
5.408389568328857422e-01
5.223705768585205078e-01
4.746854901313781738e-01
5.229133367538452148e-01
5.390113592147827148e-01
5.428318977355957031e-01
5.315756797790527344e-01
5.163518190383911133e-01
5.064884424209594727e-01
5.430706739425659180e-01
4.956637918949127197e-01
4.992861449718475342e-01
5.714284181594848633e-01
4.984615147113800049e-01
5.145295858383178711e-01
5.364136099815368652e-01
5.621506571769714355e-01
5.154522061347961426e-01
5.443702936172485352e-01
5.508080720901489258e-01
5.130915045738220215e-01
5.188224315643310547e-01
5.255938172340393066e-01
5.207377076148986816e-01
5.475705862045288086e-01
5.379186868667602539e-01
5.631469488143920898e-01
5.123401880264282227e-01
4.843173027038574219e-01
5.126931667327880859e-01
5.089610815048217773e-01
5.271838307380676270e-01
5.197516083717346191e-01
5.048476457595825195e-01
5.230162739753723145e-01
4.954625368118286133e-01
4.966719746589660645e-01
5.593351125717163086e-01
5.359762310981750488e-01
5.216406583786010742e-01
4.813214838504791260e-01
5.246420502662658691e-01
5.029223561286926270e-01
5.387871265411376953e-01
5.149952173233032227e-01
4.965530633926391602e-01
5.096556544303894043e-01
4.869066774845123291e-01
5.421261787414550781e-01
5.379009842872619629e-01
5.057956576347351074e-01
4.827482998371124268e-01
4.973977506160736084e-01
4.941525161266326904e-01
5.276708602905273438e-01
5.273354649543762207e-01
5.118976235389709473e-01
5.596637725830078125e-01
4.844648540019989014e-01
5.223252177238464355e-01
5.317714810371398926e-01
5.305515527725219727e-01
5.107011795043945312e-01
5.261387228965759277e-01
5.249829888343811035e-01
5.028772354125976562e-01
5.052159428596496582e-01
5.351414680480957031e-01
5.199857950210571289e-01
5.247014164924621582e-01
5.067394971847534180e-01
5.238465666770935059e-01
5.158787965774536133e-01
5.170992016792297363e-01
5.075496435165405273e-01
4.980133771896362305e-01
5.325701236724853516e-01
5.156545639038085938e-01
5.111323595046997070e-01
5.190302133560180664e-01
5.190362334251403809e-01
4.680293500423431396e-01
5.150616168975830078e-01
5.164878368377685547e-01
4.889521300792694092e-01
5.348948836326599121e-01
5.086381435394287109e-01
5.003941655158996582e-01
4.583518505096435547e-01
5.141707062721252441e-01
4.937031865119934082e-01
5.471817851066589355e-01
