3.995552361011505127e-01
4.226093292236328125e-01
4.113889932632446289e-01
4.157585203647613525e-01
3.864118754863739014e-01
4.538945555686950684e-01
4.964013397693634033e-01
4.736964702606201172e-01
4.619678854942321777e-01
4.426915645599365234e-01
4.374945759773254395e-01
4.174736142158508301e-01
4.715940952301025391e-01
4.660283029079437256e-01
4.908298552036285400e-01
4.393363893032073975e-01
3.942362964153289795e-01
4.899197518825531006e-01
4.453294873237609863e-01
4.448236227035522461e-01
4.758376777172088623e-01
4.227418899536132812e-01
4.578983485698699951e-01
4.747561812400817871e-01
4.533140063285827637e-01
4.879109859466552734e-01
4.591202735900878906e-01
5.038737654685974121e-01
4.789833128452301025e-01
4.484631419181823730e-01
4.326228499412536621e-01
4.245214462280273438e-01
5.003995299339294434e-01
4.468253850936889648e-01
4.569573402404785156e-01
4.551734030246734619e-01
4.053732752799987793e-01
4.215230941772460938e-01
4.319105148315429688e-01
4.601594209671020508e-01
4.001516997814178467e-01
4.137875139713287354e-01
4.465019702911376953e-01
4.782151281833648682e-01
4.348611235618591309e-01
4.445024728775024414e-01
4.550029039382934570e-01
4.235863685607910156e-01
4.196176826953887939e-01
4.728491604328155518e-01
4.253213703632354736e-01
4.531300067901611328e-01
4.497660100460052490e-01
4.449854493141174316e-01
4.569968581199645996e-01
5.352158546447753906e-01
4.382308721542358398e-01
4.820894002914428711e-01
4.000039100646972656e-01
4.574948847293853760e-01
4.663826823234558105e-01
4.209767580032348633e-01
5.140438079833984375e-01
4.340268373489379883e-01
4.800507724285125732e-01
4.912598729133605957e-01
4.101946651935577393e-01
4.456349015235900879e-01
4.372019171714782715e-01
4.330828785896301270e-01
4.248972833156585693e-01
4.582594633102416992e-01
4.307959377765655518e-01
4.219313263893127441e-01
4.580714106559753418e-01
5.000034570693969727e-01
4.567814469337463379e-01
4.300318360328674316e-01
4.551776647567749023e-01
4.248859286308288574e-01
4.228554069995880127e-01
4.285160005092620850e-01
4.608668088912963867e-01
4.243446290493011475e-01
4.298449456691741943e-01
4.371669292449951172e-01
4.141238629817962646e-01
4.823645055294036865e-01
4.361138343811035156e-01
4.440826177597045898e-01
4.361937344074249268e-01
4.847121238708496094e-01
4.482436776161193848e-01
4.120988249778747559e-01
4.767341017723083496e-01
4.584377706050872803e-01
4.371794462203979492e-01
4.722352921962738037e-01
4.597900211811065674e-01
4.551103115081787109e-01
4.442293345928192139e-01
4.642862081527709961e-01
4.277513921260833740e-01
4.552627801895141602e-01
4.711205661296844482e-01
4.842806458473205566e-01
4.780170321464538574e-01
4.841781854629516602e-01
4.785211682319641113e-01
4.704258143901824951e-01
4.738190770149230957e-01
4.855441451072692871e-01
4.812336564064025879e-01
4.509547948837280273e-01
4.414916932582855225e-01
4.607934057712554932e-01
4.372559189796447754e-01
4.877552688121795654e-01
4.378077387809753418e-01
4.115370512008666992e-01
4.422000944614410400e-01
4.282911419868469238e-01
4.458141624927520752e-01
4.461174011230468750e-01
4.327665567398071289e-01
4.303234517574310303e-01
5.015610456466674805e-01
4.328331649303436279e-01
4.889492094516754150e-01
4.494004249572753906e-01
4.728180766105651855e-01
4.522231519222259521e-01
4.102386236190795898e-01
4.172421097755432129e-01
5.232800245285034180e-01
4.736039936542510986e-01
4.827672243118286133e-01
4.351513981819152832e-01
4.499284029006958008e-01
4.775916934013366699e-01
4.853149950504302979e-01
4.227510690689086914e-01
4.300712347030639648e-01
4.650791883468627930e-01
4.485393762588500977e-01
4.808417558670043945e-01
4.392050802707672119e-01
4.678863286972045898e-01
4.543555974960327148e-01
4.479635357856750488e-01
4.471613764762878418e-01
4.628109931945800781e-01
4.649445712566375732e-01
4.755820035934448242e-01
4.363612234592437744e-01
4.568655490875244141e-01
4.567854404449462891e-01
4.701664447784423828e-01
4.343172311782836914e-01
4.717794954776763916e-01
4.737051725387573242e-01
4.676629900932312012e-01
4.797136783599853516e-01
4.240585863590240479e-01
4.505879580974578857e-01
4.476402401924133301e-01
4.183008968830108643e-01
4.259664714336395264e-01
4.423350393772125244e-01
4.472995400428771973e-01
4.295175969600677490e-01
4.271775484085083008e-01
4.330564141273498535e-01
4.638295471668243408e-01
4.639701843261718750e-01
4.620384871959686279e-01
4.720054566860198975e-01
4.102838039398193359e-01
4.770263433456420898e-01
4.703344702720642090e-01
4.400603771209716797e-01
4.611111879348754883e-01
4.782086610794067383e-01
4.802760481834411621e-01
4.509187042713165283e-01
4.367654919624328613e-01
3.959299027919769287e-01
4.857512712478637695e-01
4.265767037868499756e-01
4.641084372997283936e-01
4.680205881595611572e-01
4.575024843215942383e-01
4.570903480052947998e-01
4.524992704391479492e-01
4.340562820434570312e-01
4.594038426876068115e-01
4.027784168720245361e-01
4.880283474922180176e-01
4.278721511363983154e-01
4.744611680507659912e-01
4.608985185623168945e-01
4.819749593734741211e-01
4.936928153038024902e-01
4.040617942810058594e-01
4.691641330718994141e-01
4.179864823818206787e-01
4.358546435832977295e-01
4.762903153896331787e-01
4.237146377563476562e-01
4.176798164844512939e-01
4.238191545009613037e-01
4.660052657127380371e-01
4.388085305690765381e-01
4.622318446636199951e-01
4.718489348888397217e-01
3.950020670890808105e-01
4.062541127204895020e-01
4.508155584335327148e-01
4.913782775402069092e-01
4.932959377765655518e-01
4.557886719703674316e-01
4.510030746459960938e-01
4.146394133567810059e-01
4.513873457908630371e-01
4.904085099697113037e-01
4.468234777450561523e-01
4.701911211013793945e-01
4.465549588203430176e-01
4.432342946529388428e-01
4.619634747505187988e-01
4.269206821918487549e-01
4.410058259963989258e-01
4.521898329257965088e-01
4.497151672840118408e-01
4.474641978740692139e-01
4.335828423500061035e-01
4.204360842704772949e-01
4.260113835334777832e-01
4.422066807746887207e-01
4.376883804798126221e-01
4.967516958713531494e-01
4.535949826240539551e-01
4.474707245826721191e-01
4.618996381759643555e-01
4.555911123752593994e-01
4.547008574008941650e-01
4.794626832008361816e-01
4.228489100933074951e-01
4.100426733493804932e-01
4.537874460220336914e-01
4.286380708217620850e-01
4.782364368438720703e-01
4.287729859352111816e-01
4.771274626255035400e-01
4.127684831619262695e-01
4.142644107341766357e-01
4.606609940528869629e-01
4.326399564743041992e-01
4.496956467628479004e-01
4.195991754531860352e-01
4.600824117660522461e-01
4.214363098144531250e-01
4.635142982006072998e-01
4.451965391635894775e-01
4.356823563575744629e-01
5.056709647178649902e-01
4.227894544601440430e-01
4.510626196861267090e-01
4.402135610580444336e-01
4.474691450595855713e-01
4.419285953044891357e-01
4.628399312496185303e-01
4.593529105186462402e-01
4.427635371685028076e-01
4.768849611282348633e-01
4.411531984806060791e-01
5.091711282730102539e-01
4.610458016395568848e-01
4.366543591022491455e-01
4.374738037586212158e-01
4.666788578033447266e-01
4.960435032844543457e-01
4.535942077636718750e-01
5.030688047409057617e-01
4.306119680404663086e-01
4.548894166946411133e-01
4.247610270977020264e-01
4.746735692024230957e-01
5.682931542396545410e-01
4.228302836418151855e-01
4.854901134967803955e-01
4.358215928077697754e-01
5.261597633361816406e-01
4.514006376266479492e-01
4.451042711734771729e-01
4.844577312469482422e-01
4.571821093559265137e-01
4.473545253276824951e-01
3.889008760452270508e-01
4.514014720916748047e-01
4.052671194076538086e-01
4.638972282409667969e-01
4.881904721260070801e-01
5.328015089035034180e-01
5.006943345069885254e-01
4.477999210357666016e-01
4.785034060478210449e-01
3.895969986915588379e-01
4.532214999198913574e-01
4.043630659580230713e-01
4.212693870067596436e-01
4.087121784687042236e-01
5.111981034278869629e-01
4.634442329406738281e-01
4.219306707382202148e-01
4.554878175258636475e-01
4.717530012130737305e-01
4.201754033565521240e-01
4.873108267784118652e-01
4.553123414516448975e-01
4.845763146877288818e-01
5.064699649810791016e-01
4.669246673583984375e-01
4.692895114421844482e-01
4.284521639347076416e-01
4.481022357940673828e-01
4.036873877048492432e-01
4.963262677192687988e-01
4.584164917469024658e-01
4.419083595275878906e-01
4.831269681453704834e-01
4.568570554256439209e-01
5.064820647239685059e-01
4.287376105785369873e-01
4.577136933803558350e-01
4.593860507011413574e-01
4.252996444702148438e-01
4.576441645622253418e-01
4.483966231346130371e-01
3.968384265899658203e-01
4.626459777355194092e-01
4.467794299125671387e-01
4.177796542644500732e-01
4.609956145286560059e-01
4.721843600273132324e-01
4.771595001220703125e-01
4.612749814987182617e-01
4.735409915447235107e-01
5.082548260688781738e-01
4.753808975219726562e-01
4.782314896583557129e-01
4.777002632617950439e-01
4.486074745655059814e-01
4.608672857284545898e-01
4.731766879558563232e-01
4.478814899921417236e-01
4.733903408050537109e-01
4.543467164039611816e-01
4.303439557552337646e-01
4.811055660247802734e-01
4.631256461143493652e-01
4.292537868022918701e-01
4.693221449851989746e-01
4.606101214885711670e-01
4.582717120647430420e-01
4.746316671371459961e-01
4.666121900081634521e-01
4.263423085212707520e-01
4.721610546112060547e-01
4.459542930126190186e-01
4.017622172832489014e-01
4.503303468227386475e-01
4.276451468467712402e-01
4.188403487205505371e-01
4.396615028381347656e-01
4.545584022998809814e-01
4.487406611442565918e-01
4.436940252780914307e-01
4.438203871250152588e-01
4.316222667694091797e-01
4.590467810630798340e-01
4.748610854148864746e-01
4.831245541572570801e-01
4.256202578544616699e-01
4.795771539211273193e-01
4.517420828342437744e-01
4.504864811897277832e-01
4.824866354465484619e-01
4.530979394912719727e-01
4.692900776863098145e-01
4.412801265716552734e-01
4.520766437053680420e-01
5.018880963325500488e-01
4.154374599456787109e-01
4.134433269500732422e-01
4.740409553050994873e-01
4.101511240005493164e-01
4.624760150909423828e-01
4.432263374328613281e-01
4.537673890590667725e-01
4.498823285102844238e-01
4.650564491748809814e-01
4.621827006340026855e-01
4.888973534107208252e-01
4.209371209144592285e-01
4.246374964714050293e-01
4.368705153465270996e-01
4.126581549644470215e-01
4.535479843616485596e-01
4.372903108596801758e-01
4.648144543170928955e-01
4.584730863571166992e-01
4.701467752456665039e-01
4.502961635589599609e-01
4.680669605731964111e-01
4.644708931446075439e-01
4.784188270568847656e-01
4.606698453426361084e-01
4.686587154865264893e-01
4.160736799240112305e-01
4.914451837539672852e-01
5.012998580932617188e-01
4.628587961196899414e-01
4.523918628692626953e-01
4.574133753776550293e-01
4.818348884582519531e-01
4.671391844749450684e-01
4.281047880649566650e-01
4.470127224922180176e-01
4.728042483329772949e-01
4.359009861946105957e-01
5.231236219406127930e-01
4.561415314674377441e-01
4.639858007431030273e-01
4.338462650775909424e-01
4.756532013416290283e-01
4.729515910148620605e-01
4.281570315361022949e-01
4.366904795169830322e-01
4.220655858516693115e-01
4.307169914245605469e-01
4.916568696498870850e-01
4.685376584529876709e-01
4.903883039951324463e-01
4.611581563949584961e-01
4.982699155807495117e-01
4.736741185188293457e-01
5.116386413574218750e-01
4.627919197082519531e-01
4.974903464317321777e-01
4.810818731784820557e-01
5.097132325172424316e-01
4.872338473796844482e-01
4.840486049652099609e-01
4.982442557811737061e-01
4.955916702747344971e-01
5.157051086425781250e-01
4.562035202980041504e-01
4.842776060104370117e-01
4.692042768001556396e-01
4.960636496543884277e-01
4.939735233783721924e-01
5.191465020179748535e-01
5.143436789512634277e-01
5.179786086082458496e-01
4.482931196689605713e-01
5.189673900604248047e-01
4.835684001445770264e-01
5.130031108856201172e-01
4.645759165287017822e-01
4.285863041877746582e-01
4.665175378322601318e-01
5.160892009735107422e-01
4.587458670139312744e-01
4.438503384590148926e-01
4.831030070781707764e-01
4.367961585521697998e-01
4.701299965381622314e-01
4.370331168174743652e-01
4.514263272285461426e-01
4.801249802112579346e-01
4.543184041976928711e-01
4.452482163906097412e-01
5.062528252601623535e-01
4.828074574470520020e-01
4.598070681095123291e-01
4.829973280429840088e-01
4.828645884990692139e-01
4.270332753658294678e-01
4.555724263191223145e-01
4.312423169612884521e-01
4.753083884716033936e-01
4.750887155532836914e-01
4.588944911956787109e-01
4.405357837677001953e-01
4.511514306068420410e-01
4.847852587699890137e-01
4.434958994388580322e-01
4.576832950115203857e-01
