3.371170163154602051e-01
3.351986408233642578e-01
3.350664377212524414e-01
3.510968685150146484e-01
3.511332273483276367e-01
3.283876180648803711e-01
3.173627853393554688e-01
3.361122608184814453e-01
3.080515265464782715e-01
3.426525592803955078e-01
3.437266945838928223e-01
3.440270423889160156e-01
3.467198908329010010e-01
3.332098722457885742e-01
3.387365341186523438e-01
3.084288239479064941e-01
3.439615368843078613e-01
3.506781458854675293e-01
3.412254452705383301e-01
3.467335104942321777e-01
3.338096141815185547e-01
3.516926765441894531e-01
3.397490680217742920e-01
3.306204974651336670e-01
3.450955152511596680e-01
3.431407511234283447e-01
3.424386978149414062e-01
3.619347512722015381e-01
3.327816724777221680e-01
3.691415190696716309e-01
3.876885771751403809e-01
3.601129353046417236e-01
3.357324600219726562e-01
3.403689861297607422e-01
3.715311288833618164e-01
3.352345228195190430e-01
3.630569577217102051e-01
3.928772211074829102e-01
3.522898852825164795e-01
3.723544478416442871e-01
3.586580455303192139e-01
3.429742157459259033e-01
3.379265069961547852e-01
3.348815441131591797e-01
3.268247842788696289e-01
3.306718766689300537e-01
3.358878791332244873e-01
3.359930515289306641e-01
3.359928727149963379e-01
3.358886241912841797e-01
3.243326544761657715e-01
3.824326992034912109e-01
3.359650373458862305e-01
3.292559385299682617e-01
3.265690803527832031e-01
3.359325230121612549e-01
3.359926342964172363e-01
3.286274373531341553e-01
3.372634649276733398e-01
3.350160717964172363e-01
3.218007981777191162e-01
3.234128355979919434e-01
3.749910593032836914e-01
3.256242275238037109e-01
3.359165787696838379e-01
3.359934687614440918e-01
3.359929025173187256e-01
3.359916806221008301e-01
3.359934687614440918e-01
3.319845199584960938e-01
3.465994000434875488e-01
3.514394760131835938e-01
3.317179083824157715e-01
3.028279542922973633e-01
3.346077203750610352e-01
3.258193731307983398e-01
3.357003927230834961e-01
3.151916563510894775e-01
3.102897703647613525e-01
2.916025519371032715e-01
3.438955545425415039e-01
2.966733276844024658e-01
3.359531462192535400e-01
3.311103582382202148e-01
3.429057002067565918e-01
3.304160237312316895e-01
3.315996527671813965e-01
3.377955555915832520e-01
3.362386822700500488e-01
3.474206924438476562e-01
3.357377350330352783e-01
3.359788358211517334e-01
3.650515675544738770e-01
3.359531462192535400e-01
3.355872631072998047e-01
3.513224422931671143e-01
3.357779383659362793e-01
3.467109203338623047e-01
3.444141447544097900e-01
3.294694423675537109e-01
3.472694754600524902e-01
3.366491794586181641e-01
3.370872735977172852e-01
3.180059492588043213e-01
3.330032825469970703e-01
3.149421215057373047e-01
3.324901461601257324e-01
3.139231801033020020e-01
3.290034234523773193e-01
3.308280110359191895e-01
3.417699635028839111e-01
3.111743330955505371e-01
3.357883691787719727e-01
3.308235406875610352e-01
3.404270410537719727e-01
3.434767127037048340e-01
3.368356823921203613e-01
3.487549424171447754e-01
3.370888829231262207e-01
3.283908069133758545e-01
3.361827135086059570e-01
3.398672342300415039e-01
3.280535936355590820e-01
3.179366588592529297e-01
3.503316640853881836e-01
3.331506550312042236e-01
3.358580470085144043e-01
3.356929421424865723e-01
3.357296586036682129e-01
3.336006104946136475e-01
3.348022401332855225e-01
3.355921506881713867e-01
3.357243239879608154e-01
3.359928131103515625e-01
3.359919786453247070e-01
3.359560370445251465e-01
3.340837061405181885e-01
3.359693884849548340e-01
3.357779681682586670e-01
3.359888195991516113e-01
3.507898449897766113e-01
3.358868956565856934e-01
3.249875307083129883e-01
3.315714597702026367e-01
3.730948567390441895e-01
3.287241160869598389e-01
3.210804462432861328e-01
3.321998119354248047e-01
3.359879851341247559e-01
3.358905315399169922e-01
3.359934687614440918e-01
3.324230313301086426e-01
3.317430913448333740e-01
3.324964642524719238e-01
3.146419525146484375e-01
3.003211319446563721e-01
3.313296735286712646e-01
3.304961323738098145e-01
3.328850865364074707e-01
3.287735283374786377e-01
3.340535163879394531e-01
3.340535163879394531e-01
3.355545401573181152e-01
3.359389007091522217e-01
3.353364467620849609e-01
3.046537637710571289e-01
3.301320075988769531e-01
3.258129954338073730e-01
3.232408761978149414e-01
3.359658122062683105e-01
3.304989635944366455e-01
3.376771211624145508e-01
3.312956094741821289e-01
3.262280225753784180e-01
3.367325961589813232e-01
3.094980120658874512e-01
3.278803825378417969e-01
3.347710072994232178e-01
3.267623782157897949e-01
3.352434635162353516e-01
3.413319587707519531e-01
3.045414686203002930e-01
3.383956551551818848e-01
3.603425025939941406e-01
3.236143589019775391e-01
3.327622711658477783e-01
3.720802962779998779e-01
3.197721838951110840e-01
3.504768908023834229e-01
3.111463189125061035e-01
3.427537381649017334e-01
3.316636979579925537e-01
3.317260742187500000e-01
3.114914596080780029e-01
3.085155487060546875e-01
3.283442854881286621e-01
3.321781754493713379e-01
3.309565186500549316e-01
3.089980483055114746e-01
3.259487748146057129e-01
3.278255760669708252e-01
3.250685036182403564e-01
3.351807594299316406e-01
3.286765515804290771e-01
3.278239965438842773e-01
3.272501528263092041e-01
3.310699462890625000e-01
3.358456492424011230e-01
3.346007466316223145e-01
3.173674345016479492e-01
3.013979196548461914e-01
3.507274091243743896e-01
3.390386700630187988e-01
3.719744086265563965e-01
3.561731576919555664e-01
3.353641629219055176e-01
3.359344005584716797e-01
3.827527165412902832e-01
3.616812825202941895e-01
3.359931707382202148e-01
3.358663022518157959e-01
3.420902788639068604e-01
3.474922180175781250e-01
3.449085354804992676e-01
3.622337877750396729e-01
3.359934091567993164e-01
3.688724339008331299e-01
3.531387448310852051e-01
3.357563912868499756e-01
3.359922170639038086e-01
3.359531462192535400e-01
3.358583152294158936e-01
3.359631896018981934e-01
3.359928131103515625e-01
3.358861804008483887e-01
3.493094146251678467e-01
3.359908461570739746e-01
3.359928727149963379e-01
3.468395769596099854e-01
3.619147241115570068e-01
3.359819650650024414e-01
3.238250613212585449e-01
3.359864056110382080e-01
3.538168072700500488e-01
3.572537899017333984e-01
3.575034141540527344e-01
3.528640568256378174e-01
3.370573520660400391e-01
3.358352482318878174e-01
3.359915614128112793e-01
3.359531462192535400e-01
3.359934687614440918e-01
3.359934687614440918e-01
3.466376662254333496e-01
3.359687328338623047e-01
3.221189975738525391e-01
3.688089847564697266e-01
3.649746179580688477e-01
3.317347764968872070e-01
3.381164371967315674e-01
3.413253426551818848e-01
3.445329070091247559e-01
3.275495171546936035e-01
3.470162749290466309e-01
3.542653918266296387e-01
3.515190780162811279e-01
3.470047712326049805e-01
3.359879851341247559e-01
3.356457054615020752e-01
3.096066713333129883e-01
3.312550783157348633e-01
3.492448925971984863e-01
3.439627885818481445e-01
3.479021191596984863e-01
3.403589129447937012e-01
3.341274857521057129e-01
3.349163532257080078e-01
3.288221359252929688e-01
3.372683525085449219e-01
3.268051147460937500e-01
3.294844627380371094e-01
3.377433121204376221e-01
3.438854217529296875e-01
3.557606041431427002e-01
3.330534100532531738e-01
3.023583889007568359e-01
3.145823478698730469e-01
3.358684182167053223e-01
3.317133784294128418e-01
3.441562056541442871e-01
3.319939076900482178e-01
3.340535163879394531e-01
3.356752991676330566e-01
3.353347182273864746e-01
3.357699215412139893e-01
3.359239101409912109e-01
3.357107639312744141e-01
3.357003927230834961e-01
3.359251618385314941e-01
3.357313871383666992e-01
3.354840874671936035e-01
3.359246253967285156e-01
3.357774615287780762e-01
3.352076411247253418e-01
3.359040021896362305e-01
3.358459472656250000e-01
3.345054686069488525e-01
3.359518647193908691e-01
3.332430124282836914e-01
3.375661969184875488e-01
3.439181447029113770e-01
3.396360278129577637e-01
3.440135717391967773e-01
3.447408080101013184e-01
3.358318209648132324e-01
3.358920216560363770e-01
3.369610309600830078e-01
3.688856363296508789e-01
3.511101603507995605e-01
3.429850935935974121e-01
3.406699299812316895e-01
3.410383462905883789e-01
3.296869397163391113e-01
3.470240235328674316e-01
3.359807729721069336e-01
3.356265723705291748e-01
3.357383012771606445e-01
3.216831684112548828e-01
3.068600296974182129e-01
3.390720188617706299e-01
3.357193470001220703e-01
3.395916819572448730e-01
3.569842576980590820e-01
3.430559039115905762e-01
3.622420430183410645e-01
3.257576227188110352e-01
3.304702043533325195e-01
3.180364966392517090e-01
3.174549341201782227e-01
3.293521404266357422e-01
3.320006728172302246e-01
3.309704661369323730e-01
3.444806337356567383e-01
3.138534724712371826e-01
3.171810507774353027e-01
3.306162655353546143e-01
3.284268379211425781e-01
3.439710736274719238e-01
3.148413002490997314e-01
3.271545469760894775e-01
3.137268424034118652e-01
2.973281443119049072e-01
3.219964504241943359e-01
3.398962914943695068e-01
3.205223083496093750e-01
3.288106322288513184e-01
3.220449090003967285e-01
3.384407758712768555e-01
3.470833897590637207e-01
3.276880979537963867e-01
3.294997215270996094e-01
3.258387446403503418e-01
3.432473242282867432e-01
3.356436192989349365e-01
3.269404470920562744e-01
3.390477895736694336e-01
3.318883180618286133e-01
3.512586057186126709e-01
3.458753526210784912e-01
3.395969569683074951e-01
3.289955854415893555e-01
3.358379304409027100e-01
3.364548683166503906e-01
3.441610932350158691e-01
3.351991176605224609e-01
3.546907901763916016e-01
3.354997038841247559e-01
3.355003595352172852e-01
3.315494060516357422e-01
3.341011703014373779e-01
3.323828876018524170e-01
3.483187556266784668e-01
3.474473655223846436e-01
3.480571508407592773e-01
3.482583165168762207e-01
3.463041186332702637e-01
3.512322902679443359e-01
3.513444364070892334e-01
3.483709692955017090e-01
3.321147561073303223e-01
3.389157950878143311e-01
3.285360336303710938e-01
3.424318134784698486e-01
3.475176393985748291e-01
3.382569849491119385e-01
3.481112718582153320e-01
3.247856497764587402e-01
3.413040637969970703e-01
3.289934992790222168e-01
3.422197401523590088e-01
3.272917866706848145e-01
3.225040137767791748e-01
3.370875716209411621e-01
3.509587049484252930e-01
3.341862857341766357e-01
3.347898423671722412e-01
3.346075415611267090e-01
3.376517891883850098e-01
3.383745849132537842e-01
3.331618905067443848e-01
3.319759964942932129e-01
3.406330645084381104e-01
3.299247324466705322e-01
3.382824063301086426e-01
3.333997726440429688e-01
3.292968869209289551e-01
3.352290987968444824e-01
3.357134461402893066e-01
3.331189751625061035e-01
3.248251378536224365e-01
3.322484791278839111e-01
3.324084579944610596e-01
3.352704048156738281e-01
3.639411330223083496e-01
3.359884023666381836e-01
3.681426644325256348e-01
3.522801995277404785e-01
3.345214426517486572e-01
3.286736607551574707e-01
3.585840761661529541e-01
3.842995166778564453e-01
3.424488902091979980e-01
3.256213665008544922e-01
3.297129869461059570e-01
3.910194635391235352e-01
3.530217409133911133e-01
3.790424168109893799e-01
3.315140008926391602e-01
3.844684362411499023e-01
3.338220119476318359e-01
3.236485421657562256e-01
3.329029083251953125e-01
4.056882262229919434e-01
3.973913788795471191e-01
3.288268446922302246e-01
3.996584713459014893e-01
3.699159324169158936e-01
3.359797596931457520e-01
3.287911415100097656e-01
3.359934687614440918e-01
3.294691741466522217e-01
3.418919742107391357e-01
3.388674259185791016e-01
3.867256343364715576e-01
3.325577974319458008e-01
3.396754562854766846e-01
3.333154320716857910e-01
3.690253794193267822e-01
3.352149724960327148e-01
3.359912633895874023e-01
3.514403998851776123e-01
3.569382727146148682e-01
3.236162662506103516e-01
3.357003927230834961e-01
3.359865546226501465e-01
3.359934091567993164e-01
3.359344601631164551e-01
3.319917917251586914e-01
3.359919786453247070e-01
3.359934687614440918e-01
3.359927237033843994e-01
3.359879851341247559e-01
3.359934687614440918e-01
3.081295192241668701e-01
3.077765703201293945e-01
3.031593263149261475e-01
3.473381996154785156e-01
3.478149771690368652e-01
3.531739711761474609e-01
3.277598321437835693e-01
3.116991519927978516e-01
3.164007365703582764e-01
3.659844398498535156e-01
3.479390144348144531e-01
3.561944961547851562e-01
3.586328327655792236e-01
3.685384392738342285e-01
3.335936069488525391e-01
3.103556036949157715e-01
3.426441550254821777e-01
3.404089212417602539e-01
3.390030264854431152e-01
3.387477993965148926e-01
3.622385263442993164e-01
3.684763312339782715e-01
3.365154266357421875e-01
3.495845198631286621e-01
3.622682690620422363e-01
3.385381102561950684e-01
3.718356490135192871e-01
3.487905561923980713e-01
3.460739254951477051e-01
3.295341432094573975e-01
3.421643376350402832e-01
3.117213547229766846e-01
3.396048545837402344e-01
3.410626053810119629e-01
3.533811569213867188e-01
3.359934091567993164e-01
3.355044722557067871e-01
3.575854301452636719e-01
3.096951842308044434e-01
3.192566931247711182e-01
3.332525491714477539e-01
3.235211968421936035e-01
3.314698934555053711e-01
3.496765494346618652e-01
3.404270410537719727e-01
3.357636332511901855e-01
3.331479728221893311e-01
3.291399478912353516e-01
3.355660736560821533e-01
3.359371721744537354e-01
3.305690884590148926e-01
3.388228416442871094e-01
3.290799260139465332e-01
3.337614536285400391e-01
3.494288921356201172e-01
3.334983587265014648e-01
3.529577255249023438e-01
3.454520702362060547e-01
3.470413684844970703e-01
3.117189407348632812e-01
3.462685346603393555e-01
3.401302397251129150e-01
3.372179269790649414e-01
3.091300129890441895e-01
3.067908883094787598e-01
3.256555795669555664e-01
3.208970725536346436e-01
3.392880856990814209e-01
3.358251452445983887e-01
3.173331618309020996e-01
3.359978199005126953e-01
3.373302817344665527e-01
3.408691883087158203e-01
3.416977524757385254e-01
3.384789228439331055e-01
3.400862514972686768e-01
3.460898995399475098e-01
3.353004157543182373e-01
3.358368873596191406e-01
3.354014754295349121e-01
3.357003927230834961e-01
3.357003927230834961e-01
3.357568085193634033e-01
3.356660306453704834e-01
3.342249393463134766e-01
3.351993858814239502e-01
3.346838355064392090e-01
3.350124359130859375e-01
3.357229232788085938e-01
3.356066942214965820e-01
3.340535163879394531e-01
3.359397947788238525e-01
3.346049785614013672e-01
3.340535163879394531e-01
3.357822299003601074e-01
3.347328305244445801e-01
3.355928361415863037e-01
3.749049305915832520e-01
3.351200222969055176e-01
3.359872102737426758e-01
3.340535163879394531e-01
3.358728885650634766e-01
3.298231065273284912e-01
3.296732306480407715e-01
3.357769250869750977e-01
3.357396125793457031e-01
3.343160748481750488e-01
3.307939767837524414e-01
3.357003927230834961e-01
3.359901905059814453e-01
3.359895348548889160e-01
3.431400656700134277e-01
3.357279896736145020e-01
3.359183669090270996e-01
3.355296254158020020e-01
3.342428207397460938e-01
3.185554146766662598e-01
3.288596272468566895e-01
3.343694806098937988e-01
3.316586017608642578e-01
3.462817966938018799e-01
3.356341123580932617e-01
3.296733200550079346e-01
3.358278274536132812e-01
3.354926705360412598e-01
3.352500796318054199e-01
3.354195356369018555e-01
3.393706679344177246e-01
3.362268209457397461e-01
3.309059441089630127e-01
3.323359489440917969e-01
3.388258218765258789e-01
3.406897783279418945e-01
3.274247646331787109e-01
3.338033556938171387e-01
3.102031350135803223e-01
3.366229534149169922e-01
3.399111330509185791e-01
3.359760642051696777e-01
3.317408859729766846e-01
3.295748233795166016e-01
3.375007510185241699e-01
3.358727693557739258e-01
3.359428644180297852e-01
3.328978419303894043e-01
3.330149352550506592e-01
3.358822464942932129e-01
3.346599936485290527e-01
3.359906673431396484e-01
3.285081982612609863e-01
3.414479494094848633e-01
3.272379040718078613e-01
3.366332054138183594e-01
3.483433127403259277e-01
3.379196524620056152e-01
3.317128717899322510e-01
3.317208886146545410e-01
3.259423971176147461e-01
3.315494954586029053e-01
3.435060977935791016e-01
3.357779979705810547e-01
3.391062021255493164e-01
3.376264870166778564e-01
3.333919346332550049e-01
3.459372520446777344e-01
3.445499539375305176e-01
3.315054178237915039e-01
3.435715436935424805e-01
3.269532620906829834e-01
3.359934687614440918e-01
3.278224468231201172e-01
3.501942753791809082e-01
3.076432943344116211e-01
3.454860150814056396e-01
3.216956853866577148e-01
3.387779891490936279e-01
3.389158844947814941e-01
3.259481787681579590e-01
3.356529474258422852e-01
3.471075296401977539e-01
3.422157466411590576e-01
3.437741398811340332e-01
3.327752351760864258e-01
3.620334863662719727e-01
3.196902871131896973e-01
3.291788399219512939e-01
3.189093470573425293e-01
3.398967385292053223e-01
3.358457088470458984e-01
3.357718586921691895e-01
3.357677459716796875e-01
3.359879851341247559e-01
3.355860114097595215e-01
3.358006775379180908e-01
3.356637954711914062e-01
3.359831571578979492e-01
3.358862400054931641e-01
3.358027338981628418e-01
3.299796879291534424e-01
3.334336280822753906e-01
3.285547494888305664e-01
3.359907865524291992e-01
3.359934687614440918e-01
3.380810320377349854e-01
3.331193923950195312e-01
3.317739963531494141e-01
3.359482288360595703e-01
3.301995098590850830e-01
3.291915953159332275e-01
3.326856493949890137e-01
3.347370028495788574e-01
3.354915678501129150e-01
3.334038257598876953e-01
3.358800411224365234e-01
3.375224769115447998e-01
3.286975622177124023e-01
3.314093351364135742e-01
3.402456641197204590e-01
3.315096199512481689e-01
3.396786749362945557e-01
3.465563356876373291e-01
3.224938511848449707e-01
3.485987782478332520e-01
3.338188529014587402e-01
3.359916508197784424e-01
3.066413402557373047e-01
3.533717095851898193e-01
3.480994701385498047e-01
3.367650210857391357e-01
3.203202784061431885e-01
3.112456202507019043e-01
3.280867636203765869e-01
3.537478744983673096e-01
3.253016471862792969e-01
3.379770517349243164e-01
3.316608667373657227e-01
3.061237335205078125e-01
3.436372876167297363e-01
3.358496427536010742e-01
3.392825722694396973e-01
3.575373291969299316e-01
3.139691352844238281e-01
3.357203602790832520e-01
3.013340234756469727e-01
3.347380459308624268e-01
3.335160613059997559e-01
3.336667418479919434e-01
3.264048397541046143e-01
3.362810015678405762e-01
3.042073845863342285e-01
3.359819054603576660e-01
3.178120255470275879e-01
3.196418583393096924e-01
3.327352404594421387e-01
3.440774977207183838e-01
3.350362777709960938e-01
2.973877787590026855e-01
3.221380114555358887e-01
3.240976929664611816e-01
3.186721205711364746e-01
3.318419456481933594e-01
3.255089819431304932e-01
3.380219340324401855e-01
3.062539696693420410e-01
3.291668891906738281e-01
3.387740552425384521e-01
3.402449786663055420e-01
3.408152461051940918e-01
3.228419423103332520e-01
3.399029374122619629e-01
3.596129417419433594e-01
3.545703291893005371e-01
3.539820015430450439e-01
3.355052471160888672e-01
3.359488248825073242e-01
3.366285860538482666e-01
3.087671399116516113e-01
3.359073400497436523e-01
3.608490824699401855e-01
3.271811902523040771e-01
3.964240550994873047e-01
3.357738852500915527e-01
3.511864244937896729e-01
3.506707549095153809e-01
3.370654582977294922e-01
3.553384244441986084e-01
3.624973893165588379e-01
3.925226330757141113e-01
3.739337027072906494e-01
3.390400409698486328e-01
3.709207773208618164e-01
3.640568256378173828e-01
3.444381952285766602e-01
3.434075117111206055e-01
3.621118664741516113e-01
3.383150100708007812e-01
3.570391237735748291e-01
3.361179828643798828e-01
3.421811759471893311e-01
3.174929022789001465e-01
3.449639081954956055e-01
3.327464759349822998e-01
3.357003927230834961e-01
3.382821083068847656e-01
3.296382427215576172e-01
3.340535163879394531e-01
3.353106975555419922e-01
3.355911970138549805e-01
3.113381266593933105e-01
3.401567339897155762e-01
3.323068022727966309e-01
3.228452503681182861e-01
3.209794461727142334e-01
3.265965580940246582e-01
3.306940197944641113e-01
3.469876348972320557e-01
3.369323611259460449e-01
3.402434885501861572e-01
3.514589667320251465e-01
3.359351754188537598e-01
3.606784343719482422e-01
3.491058647632598877e-01
3.197652101516723633e-01
3.226726055145263672e-01
3.531078398227691650e-01
3.254653513431549072e-01
3.156530261039733887e-01
3.207561671733856201e-01
3.277828693389892578e-01
3.291977047920227051e-01
3.481695055961608887e-01
3.475772440433502197e-01
3.350991606712341309e-01
3.157587349414825439e-01
3.339655399322509766e-01
3.458755314350128174e-01
3.591290116310119629e-01
3.416547775268554688e-01
3.342000246047973633e-01
3.568036556243896484e-01
3.261437416076660156e-01
3.552119135856628418e-01
3.375437855720520020e-01
3.276155591011047363e-01
3.318879604339599609e-01
3.313238620758056641e-01
3.792406022548675537e-01
3.787789940834045410e-01
2.975916266441345215e-01
3.149216175079345703e-01
3.225026130676269531e-01
3.115292489528656006e-01
3.457791209220886230e-01
3.369635939598083496e-01
3.248297274112701416e-01
3.188168406486511230e-01
3.277850151062011719e-01
3.278236389160156250e-01
3.148667216300964355e-01
3.723466992378234863e-01
3.641127943992614746e-01
3.652381598949432373e-01
3.208128213882446289e-01
3.345509171485900879e-01
3.358042836189270020e-01
3.527228832244873047e-01
3.358494639396667480e-01
3.376891016960144043e-01
3.345757722854614258e-01
3.256170749664306641e-01
3.060171008110046387e-01
3.586696982383728027e-01
3.262146711349487305e-01
3.394571542739868164e-01
3.142815828323364258e-01
3.298772573471069336e-01
3.169826269149780273e-01
3.480193018913269043e-01
3.580538034439086914e-01
3.203576505184173584e-01
3.255305886268615723e-01
3.285517692565917969e-01
3.534960150718688965e-01
3.121083974838256836e-01
3.196910619735717773e-01
3.427712619304656982e-01
3.562685251235961914e-01
3.272336721420288086e-01
3.479071259498596191e-01
3.300266861915588379e-01
3.485103845596313477e-01
3.514871597290039062e-01
2.965503931045532227e-01
3.614079952239990234e-01
3.038238286972045898e-01
3.843545913696289062e-01
3.439500331878662109e-01
3.109546005725860596e-01
3.487723469734191895e-01
3.589673042297363281e-01
3.346980810165405273e-01
3.031843900680541992e-01
3.460683226585388184e-01
3.295195102691650391e-01
3.616282939910888672e-01
3.457782268524169922e-01
3.706479072570800781e-01
3.405764102935791016e-01
3.530676960945129395e-01
3.768888115882873535e-01
3.602370023727416992e-01
3.944115936756134033e-01
3.809044957160949707e-01
3.514615893363952637e-01
3.499531745910644531e-01
3.463719487190246582e-01
3.651065826416015625e-01
3.391652703285217285e-01
3.769576549530029297e-01
3.702135980129241943e-01
3.666459918022155762e-01
3.628839850425720215e-01
3.215857148170471191e-01
3.302998542785644531e-01
2.422475814819335938e-01
3.568008542060852051e-01
3.561206459999084473e-01
3.388305306434631348e-01
3.698737919330596924e-01
3.589597940444946289e-01
3.357346057891845703e-01
3.644554018974304199e-01
3.399038612842559814e-01
3.458722233772277832e-01
3.312934935092926025e-01
3.377069830894470215e-01
3.593220114707946777e-01
3.590325415134429932e-01
3.725402951240539551e-01
3.401644229888916016e-01
3.650744855403900146e-01
3.816203474998474121e-01
3.349931836128234863e-01
3.494856953620910645e-01
3.398772478103637695e-01
3.339001834392547607e-01
3.311622440814971924e-01
3.408645689487457275e-01
3.480502367019653320e-01
3.440507054328918457e-01
3.706870675086975098e-01
3.286975026130676270e-01
3.098874390125274658e-01
3.348662853240966797e-01
3.360158801078796387e-01
3.432239294052124023e-01
3.473937511444091797e-01
3.345077037811279297e-01
3.477677702903747559e-01
3.306749761104583740e-01
3.209291696548461914e-01
3.343905210494995117e-01
3.501801490783691406e-01
3.359517455101013184e-01
3.385903537273406982e-01
3.279933929443359375e-01
3.212380409240722656e-01
3.045179843902587891e-01
3.413364887237548828e-01
3.151169419288635254e-01
3.456133008003234863e-01
3.259887695312500000e-01
3.337604999542236328e-01
3.513103127479553223e-01
3.240137994289398193e-01
3.229907155036926270e-01
3.299299478530883789e-01
3.384588956832885742e-01
3.461793065071105957e-01
3.375076055526733398e-01
3.392934501171112061e-01
3.302039802074432373e-01
3.725771605968475342e-01
3.612464070320129395e-01
3.393399119377136230e-01
3.318318426609039307e-01
3.359913229942321777e-01
3.481901884078979492e-01
3.401379883289337158e-01
3.359842300415039062e-01
3.791784942150115967e-01
3.367801010608673096e-01
3.636439442634582520e-01
