4.664475023746490479e-01
4.626617431640625000e-01
4.618841409683227539e-01
5.046288371086120605e-01
4.562848806381225586e-01
4.976364970207214355e-01
5.180361270904541016e-01
5.186507105827331543e-01
5.115354657173156738e-01
4.833635091781616211e-01
4.863002002239227295e-01
4.943820536136627197e-01
4.679415822029113770e-01
4.728477597236633301e-01
4.884714186191558838e-01
4.793740808963775635e-01
4.644125401973724365e-01
4.784456491470336914e-01
5.078541636466979980e-01
4.924683868885040283e-01
4.922708868980407715e-01
4.778368771076202393e-01
4.955017268657684326e-01
4.928474426269531250e-01
4.918078780174255371e-01
4.746426045894622803e-01
4.607281088829040527e-01
4.649569988250732422e-01
4.828375875949859619e-01
4.627788960933685303e-01
4.768107533454895020e-01
4.932217001914978027e-01
4.708340167999267578e-01
4.645901322364807129e-01
4.943548440933227539e-01
4.938173890113830566e-01
4.963996708393096924e-01
4.923131465911865234e-01
4.780429899692535400e-01
4.768684506416320801e-01
5.095243453979492188e-01
4.794381260871887207e-01
4.924129247665405273e-01
4.634004235267639160e-01
4.736786484718322754e-01
4.938174188137054443e-01
4.749065041542053223e-01
4.671218991279602051e-01
5.213033556938171387e-01
4.716038107872009277e-01
5.141671299934387207e-01
4.792172312736511230e-01
5.387817621231079102e-01
5.047702789306640625e-01
4.741700887680053711e-01
4.821463525295257568e-01
5.119467377662658691e-01
4.922624230384826660e-01
4.914463758468627930e-01
5.078572034835815430e-01
5.007308721542358398e-01
4.822101593017578125e-01
4.691145420074462891e-01
4.749064743518829346e-01
4.793325662612915039e-01
4.720905125141143799e-01
4.811983704566955566e-01
4.790479540824890137e-01
4.902906119823455811e-01
4.635672569274902344e-01
4.756230115890502930e-01
4.755453467369079590e-01
5.011361837387084961e-01
4.809874594211578369e-01
4.985045492649078369e-01
5.159202218055725098e-01
4.781641960144042969e-01
4.831296503543853760e-01
4.675625264644622803e-01
4.811632037162780762e-01
4.917714297771453857e-01
5.072255134582519531e-01
4.850310385227203369e-01
4.831134080886840820e-01
4.776288270950317383e-01
4.957937598228454590e-01
4.807087182998657227e-01
4.702439904212951660e-01
4.751231670379638672e-01
5.167216062545776367e-01
4.898687005043029785e-01
4.608414173126220703e-01
4.898580908775329590e-01
4.574634432792663574e-01
4.921653866767883301e-01
5.111800432205200195e-01
4.647960364818572998e-01
4.891490638256072998e-01
4.626835584640502930e-01
4.956218600273132324e-01
4.735544323921203613e-01
4.874337315559387207e-01
4.905247390270233154e-01
4.938174188137054443e-01
4.967306256294250488e-01
4.688604176044464111e-01
4.706279933452606201e-01
4.694080650806427002e-01
4.594401717185974121e-01
4.578738808631896973e-01
4.731441140174865723e-01
4.636078774929046631e-01
4.758753478527069092e-01
4.572291672229766846e-01
4.626830220222473145e-01
4.761261641979217529e-01
4.765877127647399902e-01
4.603209495544433594e-01
4.938174188137054443e-01
4.936698675155639648e-01
4.938173890113830566e-01
4.933953285217285156e-01
4.834535419940948486e-01
4.844229519367218018e-01
5.124053359031677246e-01
4.749810695648193359e-01
5.124401450157165527e-01
4.823082685470581055e-01
4.792255759239196777e-01
4.690744280815124512e-01
4.885127842426300049e-01
4.842107594013214111e-01
4.558844566345214844e-01
5.121931433677673340e-01
4.945469498634338379e-01
4.715902805328369141e-01
4.864304065704345703e-01
4.937426447868347168e-01
4.806347787380218506e-01
5.000168085098266602e-01
4.920432567596435547e-01
4.667198359966278076e-01
4.625406563282012939e-01
4.759649038314819336e-01
4.972041845321655273e-01
4.809962511062622070e-01
5.027914643287658691e-01
4.720824956893920898e-01
4.647420942783355713e-01
5.140628814697265625e-01
4.760468006134033203e-01
4.834321439266204834e-01
5.149846076965332031e-01
4.938173890113830566e-01
4.988578557968139648e-01
4.891426265239715576e-01
5.115345120429992676e-01
4.986743032932281494e-01
5.145351290702819824e-01
4.584627449512481689e-01
4.764086306095123291e-01
4.517705738544464111e-01
5.114485621452331543e-01
5.111384987831115723e-01
5.143698453903198242e-01
4.851762950420379639e-01
4.995986223220825195e-01
5.112420320510864258e-01
5.174291729927062988e-01
4.852808415889739990e-01
5.012090802192687988e-01
5.019744038581848145e-01
5.048283934593200684e-01
4.883672595024108887e-01
4.792760610580444336e-01
5.020954608917236328e-01
4.718880057334899902e-01
4.656570553779602051e-01
4.927426874637603760e-01
4.654686450958251953e-01
4.626988172531127930e-01
4.927195906639099121e-01
5.034133195877075195e-01
4.649554491043090820e-01
5.078541636466979980e-01
4.529009759426116943e-01
4.897907674312591553e-01
4.926121532917022705e-01
4.892657697200775146e-01
5.016896128654479980e-01
4.895395040512084961e-01
4.779978990554809570e-01
4.801266789436340332e-01
4.946030974388122559e-01
4.801958501338958740e-01
5.072669982910156250e-01
4.872762858867645264e-01
5.176357626914978027e-01
4.882252812385559082e-01
5.157075524330139160e-01
4.804814755916595459e-01
5.165408849716186523e-01
4.735437631607055664e-01
5.157381892204284668e-01
4.980166256427764893e-01
5.053046941757202148e-01
4.698046147823333740e-01
4.683239459991455078e-01
4.552169144153594971e-01
4.757043421268463135e-01
4.823363125324249268e-01
5.042551159858703613e-01
4.735655486583709717e-01
4.764426350593566895e-01
5.058401823043823242e-01
4.773025214672088623e-01
4.880934953689575195e-01
4.844865798950195312e-01
4.983813762664794922e-01
4.820280373096466064e-01
5.056373476982116699e-01
4.764996469020843506e-01
4.753884077072143555e-01
4.933329820632934570e-01
5.088185071945190430e-01
5.108140110969543457e-01
4.701133370399475098e-01
4.830475151538848877e-01
4.866022765636444092e-01
4.732025563716888428e-01
4.942297339439392090e-01
4.937507212162017822e-01
4.829401671886444092e-01
4.786742329597473145e-01
4.862738549709320068e-01
4.999145865440368652e-01
4.886063337326049805e-01
4.935423731803894043e-01
4.939239025115966797e-01
4.896775186061859131e-01
4.919335842132568359e-01
4.766867458820343018e-01
5.097392797470092773e-01
4.697862565517425537e-01
4.778992235660552979e-01
4.617609083652496338e-01
4.785248935222625732e-01
4.870742261409759521e-01
4.871000945568084717e-01
5.172361135482788086e-01
4.679676294326782227e-01
4.633013606071472168e-01
4.788682758808135986e-01
4.623332619667053223e-01
4.739127159118652344e-01
4.921733736991882324e-01
4.620530009269714355e-01
4.747803807258605957e-01
4.938166141510009766e-01
4.603801667690277100e-01
4.938157498836517334e-01
4.928309619426727295e-01
4.759967029094696045e-01
4.938173592090606689e-01
4.932698607444763184e-01
4.621684849262237549e-01
5.057633519172668457e-01
4.889844357967376709e-01
4.755453467369079590e-01
4.938113987445831299e-01
5.060253143310546875e-01
4.896881282329559326e-01
4.626844823360443115e-01
4.919359982013702393e-01
4.598262012004852295e-01
4.758805632591247559e-01
4.958651959896087646e-01
5.188951492309570312e-01
5.062729120254516602e-01
4.715283215045928955e-01
5.251306891441345215e-01
5.136343240737915039e-01
4.836779236793518066e-01
5.072383284568786621e-01
5.150337219238281250e-01
5.050677657127380371e-01
5.113899111747741699e-01
5.126189589500427246e-01
5.129954814910888672e-01
5.058972239494323730e-01
4.804967045783996582e-01
4.938167035579681396e-01
4.739141166210174561e-01
4.625333547592163086e-01
5.009513497352600098e-01
4.637674689292907715e-01
4.756439626216888428e-01
4.672341644763946533e-01
4.757910072803497314e-01
4.758747816085815430e-01
4.934601783752441406e-01
4.782368242740631104e-01
4.938167035579681396e-01
4.635569453239440918e-01
4.780586957931518555e-01
4.778800606727600098e-01
5.066213011741638184e-01
4.944532513618469238e-01
4.642991423606872559e-01
5.006544589996337891e-01
5.003207921981811523e-01
4.999855756759643555e-01
5.140365958213806152e-01
5.119987726211547852e-01
5.019114017486572266e-01
4.673346877098083496e-01
4.921922683715820312e-01
4.898965358734130859e-01
5.007510185241699219e-01
4.912376701831817627e-01
4.778988659381866455e-01
4.875234067440032959e-01
5.050841569900512695e-01
5.140023231506347656e-01
4.999499320983886719e-01
4.937652647495269775e-01
5.223075151443481445e-01
4.867926239967346191e-01
4.903560280799865723e-01
4.938174188137054443e-01
4.929041564464569092e-01
4.877274930477142334e-01
4.439857304096221924e-01
4.636355042457580566e-01
4.938113987445831299e-01
4.794333875179290771e-01
4.758004248142242432e-01
4.765564203262329102e-01
4.626367688179016113e-01
4.579246640205383301e-01
4.885380268096923828e-01
4.885364174842834473e-01
4.783003032207489014e-01
4.640640914440155029e-01
4.803029596805572510e-01
4.938003718852996826e-01
4.997675716876983643e-01
4.758753776550292969e-01
4.842063784599304199e-01
5.003259181976318359e-01
4.885379374027252197e-01
5.121933221817016602e-01
4.962432682514190674e-01
5.121931433677673340e-01
5.049758553504943848e-01
5.220160484313964844e-01
5.121932625770568848e-01
5.046667456626892090e-01
4.793332219123840332e-01
4.963115453720092773e-01
5.000280141830444336e-01
4.629243314266204834e-01
4.912244081497192383e-01
4.909941554069519043e-01
4.544215798377990723e-01
4.925326406955718994e-01
4.751775264739990234e-01
5.005475282669067383e-01
4.888177216053009033e-01
5.130935907363891602e-01
5.129389166831970215e-01
4.962705969810485840e-01
5.032488703727722168e-01
4.973044097423553467e-01
4.778442978858947754e-01
4.927813112735748291e-01
4.762190580368041992e-01
4.984605014324188232e-01
4.888288974761962891e-01
4.632437825202941895e-01
4.901227951049804688e-01
5.045716166496276855e-01
4.965145587921142578e-01
5.016693472862243652e-01
4.699099957942962646e-01
4.928250312805175781e-01
4.909627437591552734e-01
4.778605103492736816e-01
4.503978192806243896e-01
4.920399188995361328e-01
4.916586279869079590e-01
5.141702890396118164e-01
5.065147280693054199e-01
5.216547250747680664e-01
5.005323886871337891e-01
5.027059912681579590e-01
4.938174188137054443e-01
5.136196613311767578e-01
4.938174188137054443e-01
4.935537278652191162e-01
4.859243333339691162e-01
4.912183284759521484e-01
4.853861331939697266e-01
4.629485607147216797e-01
5.007745623588562012e-01
4.859230518341064453e-01
4.626829624176025391e-01
4.579139649868011475e-01
4.946571588516235352e-01
5.001212358474731445e-01
4.634079933166503906e-01
4.869537353515625000e-01
4.978059828281402588e-01
5.093058943748474121e-01
4.708781540393829346e-01
4.949227869510650635e-01
4.759389758110046387e-01
4.959272742271423340e-01
4.807401299476623535e-01
4.959281682968139648e-01
5.126283168792724609e-01
4.933329224586486816e-01
5.036498308181762695e-01
4.924683868885040283e-01
4.879787564277648926e-01
4.921357929706573486e-01
5.009134411811828613e-01
4.846920669078826904e-01
4.633731544017791748e-01
4.892676770687103271e-01
4.929360747337341309e-01
5.003081560134887695e-01
4.764085412025451660e-01
4.885380268096923828e-01
4.890548586845397949e-01
4.863474667072296143e-01
4.783560931682586670e-01
4.732129871845245361e-01
4.941218197345733643e-01
5.052571296691894531e-01
4.737605750560760498e-01
4.771440327167510986e-01
5.191895365715026855e-01
4.675236940383911133e-01
4.618955552577972412e-01
5.083138942718505859e-01
5.122099518775939941e-01
5.123913884162902832e-01
5.135182738304138184e-01
5.124469399452209473e-01
5.155469775199890137e-01
4.759610891342163086e-01
4.953032732009887695e-01
5.105298757553100586e-01
4.684630036354064941e-01
5.095431804656982422e-01
4.636811614036560059e-01
4.678876101970672607e-01
5.060322880744934082e-01
4.811159968376159668e-01
4.786252677440643311e-01
4.787818491458892822e-01
5.102518200874328613e-01
5.106905698776245117e-01
5.042551159858703613e-01
4.797129333019256592e-01
4.911999702453613281e-01
4.750610888004302979e-01
4.818128943443298340e-01
4.756705164909362793e-01
5.014513134956359863e-01
4.797846078872680664e-01
5.079789161682128906e-01
4.941846132278442383e-01
4.730741977691650391e-01
4.901918172836303711e-01
4.744516313076019287e-01
4.937508106231689453e-01
4.837213158607482910e-01
5.178470611572265625e-01
4.765406847000122070e-01
4.708420038223266602e-01
4.717561304569244385e-01
4.848293364048004150e-01
4.614580273628234863e-01
5.052644014358520508e-01
5.067870020866394043e-01
4.967978894710540771e-01
4.662573039531707764e-01
4.934820532798767090e-01
4.912071824073791504e-01
4.923235177993774414e-01
4.779503047466278076e-01
4.913346171379089355e-01
4.940922260284423828e-01
5.028691887855529785e-01
4.790707528591156006e-01
4.921258687973022461e-01
5.055783987045288086e-01
4.788638055324554443e-01
4.957571327686309814e-01
4.716609716415405273e-01
4.948100149631500244e-01
4.653424322605133057e-01
4.626830220222473145e-01
4.761252105236053467e-01
4.752908349037170410e-01
4.761377274990081787e-01
4.621343314647674561e-01
4.913533031940460205e-01
4.938174188137054443e-01
4.938174188137054443e-01
4.761359989643096924e-01
4.772951006889343262e-01
4.672475159168243408e-01
4.918150603771209717e-01
4.667954742908477783e-01
4.906731843948364258e-01
4.902597963809967041e-01
4.937079548835754395e-01
4.860438108444213867e-01
5.125230550765991211e-01
4.937945008277893066e-01
4.924683868885040283e-01
4.767956435680389404e-01
4.739136099815368652e-01
4.781680405139923096e-01
4.703577160835266113e-01
4.778932929039001465e-01
4.846570789813995361e-01
4.809214174747467041e-01
4.844910204410552979e-01
5.152605772018432617e-01
4.749782979488372803e-01
5.001554489135742188e-01
4.729297757148742676e-01
5.142273902893066406e-01
5.066772699356079102e-01
4.920403957366943359e-01
5.014920830726623535e-01
4.783540368080139160e-01
4.757368862628936768e-01
4.811899662017822266e-01
5.168691277503967285e-01
4.972465932369232178e-01
4.556180238723754883e-01
5.033411383628845215e-01
4.740067720413208008e-01
5.146906971931457520e-01
4.966622292995452881e-01
4.669561982154846191e-01
5.005096197128295898e-01
5.141016840934753418e-01
4.634798765182495117e-01
5.285916328430175781e-01
4.938451945781707764e-01
4.894933700561523438e-01
5.149846076965332031e-01
5.149846076965332031e-01
4.778790771961212158e-01
5.149174332618713379e-01
5.055985450744628906e-01
4.723981022834777832e-01
4.778988659381866455e-01
4.735257923603057861e-01
4.763211607933044434e-01
4.786773920059204102e-01
4.940173923969268799e-01
4.728825986385345459e-01
5.140753388404846191e-01
5.040988326072692871e-01
4.768669605255126953e-01
4.742763936519622803e-01
4.965001940727233887e-01
5.018305778503417969e-01
4.829054474830627441e-01
4.730247855186462402e-01
4.818294644355773926e-01
4.886332452297210693e-01
4.708702564239501953e-01
4.768905341625213623e-01
4.950914978981018066e-01
4.639242589473724365e-01
4.758753180503845215e-01
4.768345952033996582e-01
4.560908973217010498e-01
5.098649859428405762e-01
4.565632641315460205e-01
4.761750996112823486e-01
4.934289455413818359e-01
4.626411497592926025e-01
4.761234521865844727e-01
4.938174188137054443e-01
4.665369391441345215e-01
4.852585196495056152e-01
4.973821640014648438e-01
4.626829028129577637e-01
4.938174188137054443e-01
5.104775428771972656e-01
4.999420344829559326e-01
5.006932616233825684e-01
4.625211060047149658e-01
4.805003106594085693e-01
4.812498986721038818e-01
4.867850542068481445e-01
5.106195807456970215e-01
4.689230024814605713e-01
5.059323906898498535e-01
4.793389737606048584e-01
5.115097761154174805e-01
4.852485656738281250e-01
4.770880639553070068e-01
4.701521396636962891e-01
4.796617329120635986e-01
4.849924445152282715e-01
4.744960665702819824e-01
5.039962530136108398e-01
4.818278253078460693e-01
4.986269474029541016e-01
4.798658192157745361e-01
4.784020483493804932e-01
5.008811950683593750e-01
4.846409559249877930e-01
4.971292912960052490e-01
4.856493473052978516e-01
5.009438395500183105e-01
4.770397245883941650e-01
4.778988659381866455e-01
4.962584078311920166e-01
4.863284230232238770e-01
4.755029976367950439e-01
4.722043275833129883e-01
4.714990258216857910e-01
4.629435241222381592e-01
4.766656458377838135e-01
4.755847156047821045e-01
4.807796180248260498e-01
4.998828172683715820e-01
4.774565398693084717e-01
4.410327076911926270e-01
4.933851659297943115e-01
4.898956418037414551e-01
5.115005373954772949e-01
4.776462912559509277e-01
4.673301279544830322e-01
4.776325523853302002e-01
4.733621478080749512e-01
4.772770404815673828e-01
4.845400154590606689e-01
4.735447764396667480e-01
4.813985228538513184e-01
4.780075252056121826e-01
4.899340271949768066e-01
4.740285873413085938e-01
4.778988659381866455e-01
4.729408323764801025e-01
4.769136011600494385e-01
4.852234721183776855e-01
4.747725427150726318e-01
5.101522803306579590e-01
4.759393930435180664e-01
5.042366981506347656e-01
4.948200583457946777e-01
4.657319188117980957e-01
4.745423197746276855e-01
4.778988659381866455e-01
4.818294644355773926e-01
4.774622917175292969e-01
4.745898246765136719e-01
4.811541438102722168e-01
4.765307009220123291e-01
4.755453467369079590e-01
4.952569305896759033e-01
4.886614382266998291e-01
4.764498770236968994e-01
4.924683868885040283e-01
4.791539311408996582e-01
4.706080555915832520e-01
4.751963913440704346e-01
4.626830220222473145e-01
4.761361181735992432e-01
4.686207175254821777e-01
4.721449613571166992e-01
4.692554771900177002e-01
4.738537371158599854e-01
4.818720221519470215e-01
4.756692647933959961e-01
4.774948656558990479e-01
4.850588738918304443e-01
4.765018224716186523e-01
4.874380528926849365e-01
4.914592802524566650e-01
4.778962433338165283e-01
4.684512317180633545e-01
4.626903533935546875e-01
4.938113987445831299e-01
5.148015022277832031e-01
4.875843226909637451e-01
5.036639571189880371e-01
4.914538264274597168e-01
5.083582401275634766e-01
4.751905500888824463e-01
4.756326973438262939e-01
4.811754226684570312e-01
4.920452833175659180e-01
4.933838844299316406e-01
4.604405164718627930e-01
5.149826407432556152e-01
4.751828014850616455e-01
4.799583554267883301e-01
5.135128498077392578e-01
4.773440062999725342e-01
4.826982021331787109e-01
5.105230212211608887e-01
4.912015497684478760e-01
5.149846076965332031e-01
5.306322574615478516e-01
4.749065637588500977e-01
4.846409559249877930e-01
5.164024233818054199e-01
4.851376116275787354e-01
4.730526208877563477e-01
4.862710237503051758e-01
5.042064785957336426e-01
4.918828308582305908e-01
5.060477852821350098e-01
4.723964631557464600e-01
4.706102311611175537e-01
5.046122074127197266e-01
4.955065846443176270e-01
4.799086153507232666e-01
4.760154783725738525e-01
4.776130914688110352e-01
4.887322783470153809e-01
4.826580286026000977e-01
4.801737070083618164e-01
4.763653576374053955e-01
4.794095158576965332e-01
4.704402685165405273e-01
4.758727550506591797e-01
4.769539237022399902e-01
4.609662294387817383e-01
5.149846076965332031e-01
4.990096986293792725e-01
4.757816493511199951e-01
4.803315401077270508e-01
4.992137551307678223e-01
5.024520754814147949e-01
4.660823345184326172e-01
4.718284606933593750e-01
4.938172399997711182e-01
4.934341311454772949e-01
4.890659451484680176e-01
4.639102220535278320e-01
4.960975348949432373e-01
4.519027471542358398e-01
4.749694466590881348e-01
4.778976440429687500e-01
4.755128324031829834e-01
5.119130611419677734e-01
4.740749597549438477e-01
5.009513497352600098e-01
5.008031129837036133e-01
5.192253589630126953e-01
4.931742250919342041e-01
4.771883189678192139e-01
4.961899816989898682e-01
4.729920625686645508e-01
5.160070657730102539e-01
5.251059532165527344e-01
5.068763494491577148e-01
4.846410453319549561e-01
4.940277040004730225e-01
5.049325823783874512e-01
5.196493268013000488e-01
5.213763117790222168e-01
4.718119204044342041e-01
5.201220512390136719e-01
4.779424071311950684e-01
4.681801497936248779e-01
4.934546053409576416e-01
5.105450749397277832e-01
4.764083027839660645e-01
4.978094100952148438e-01
5.056498050689697266e-01
5.149846673011779785e-01
4.912112951278686523e-01
5.285916328430175781e-01
4.999424815177917480e-01
4.929639697074890137e-01
4.899476468563079834e-01
5.187996625900268555e-01
4.995539784431457520e-01
4.872926175594329834e-01
5.000956654548645020e-01
4.852219521999359131e-01
5.139796137809753418e-01
4.924195706844329834e-01
5.017820596694946289e-01
4.991054534912109375e-01
5.009632706642150879e-01
5.060337781906127930e-01
4.730589091777801514e-01
4.946559369564056396e-01
4.827921986579895020e-01
4.743258953094482422e-01
5.090097188949584961e-01
4.744516313076019287e-01
4.902190268039703369e-01
4.959230124950408936e-01
5.062776803970336914e-01
4.717264771461486816e-01
5.026279687881469727e-01
5.035935044288635254e-01
4.807086884975433350e-01
4.938174188137054443e-01
4.664252996444702148e-01
5.058628320693969727e-01
4.903098344802856445e-01
5.042419433593750000e-01
5.105230212211608887e-01
4.940534234046936035e-01
4.830279052257537842e-01
4.864424765110015869e-01
4.952074885368347168e-01
5.139765739440917969e-01
4.999420642852783203e-01
4.934625327587127686e-01
4.993750154972076416e-01
4.935750663280487061e-01
4.917038679122924805e-01
5.149856209754943848e-01
4.730513095855712891e-01
4.852839708328247070e-01
4.935603439807891846e-01
5.139264464378356934e-01
4.884328544139862061e-01
5.056726932525634766e-01
4.821136295795440674e-01
5.075287818908691406e-01
4.831916093826293945e-01
5.027707219123840332e-01
4.930221438407897949e-01
4.886727035045623779e-01
4.852763712406158447e-01
4.828740060329437256e-01
5.101195573806762695e-01
4.779005348682403564e-01
4.935577511787414551e-01
4.935596883296966553e-01
5.064154267311096191e-01
4.860505461692810059e-01
4.804994463920593262e-01
4.901683330535888672e-01
4.933852851390838623e-01
4.923762679100036621e-01
4.812995791435241699e-01
4.923459589481353760e-01
4.905834197998046875e-01
4.903836846351623535e-01
4.938173592090606689e-01
4.899580478668212891e-01
4.777676463127136230e-01
4.933525323867797852e-01
4.602398872375488281e-01
4.723982810974121094e-01
4.876123070716857910e-01
4.604715108871459961e-01
4.782295823097229004e-01
4.626901745796203613e-01
5.031381249427795410e-01
4.938174188137054443e-01
5.091239809989929199e-01
4.893550574779510498e-01
4.938174188137054443e-01
5.255904197692871094e-01
4.796164333820343018e-01
4.723224341869354248e-01
5.133079886436462402e-01
4.852825105190277100e-01
4.751394689083099365e-01
4.972162544727325439e-01
5.000937581062316895e-01
5.012550950050354004e-01
5.194780230522155762e-01
4.991352260112762451e-01
4.933563470840454102e-01
4.768804609775543213e-01
4.765520393848419189e-01
4.778988659381866455e-01
4.688902497291564941e-01
4.937402307987213135e-01
5.103583931922912598e-01
4.965106248855590820e-01
4.924878776073455811e-01
4.774402081966400146e-01
4.999420046806335449e-01
5.016738176345825195e-01
5.009513497352600098e-01
4.857915937900543213e-01
4.739921391010284424e-01
4.999409019947052002e-01
4.765345454216003418e-01
4.670109152793884277e-01
4.758754968643188477e-01
4.902668595314025879e-01
4.977525770664215088e-01
4.917868077754974365e-01
4.759144783020019531e-01
4.626770317554473877e-01
4.686928689479827881e-01
4.669630825519561768e-01
4.707129895687103271e-01
5.262715220451354980e-01
4.768016338348388672e-01
4.678057432174682617e-01
4.708679914474487305e-01
4.719291925430297852e-01
4.720106720924377441e-01
4.828375875949859619e-01
4.649866521358489990e-01
4.756067395210266113e-01
4.822579324245452881e-01
4.924431145191192627e-01
4.999041259288787842e-01
4.560781717300415039e-01
4.786168038845062256e-01
4.873032569885253906e-01
4.851286411285400391e-01
4.773868918418884277e-01
5.003621578216552734e-01
4.844928681850433350e-01
4.946611225605010986e-01
4.873519241809844971e-01
5.005168914794921875e-01
4.805977344512939453e-01
4.888161122798919678e-01
5.122007131576538086e-01
4.841676354408264160e-01
4.884770512580871582e-01
5.003557205200195312e-01
4.719209074974060059e-01
4.958597719669342041e-01
4.676286578178405762e-01
4.547145962715148926e-01
4.666745662689208984e-01
4.958241879940032959e-01
4.774449467658996582e-01
4.771783947944641113e-01
4.938173592090606689e-01
4.626515507698059082e-01
5.005376338958740234e-01
4.652560651302337646e-01
5.009512901306152344e-01
5.082688927650451660e-01
4.596592485904693604e-01
4.938172996044158936e-01
4.764081239700317383e-01
4.755906760692596436e-01
5.020278096199035645e-01
4.841209352016448975e-01
5.263753533363342285e-01
5.006016492843627930e-01
4.788562059402465820e-01
5.273866653442382812e-01
5.133488774299621582e-01
5.012091994285583496e-01
5.256966352462768555e-01
4.943961799144744873e-01
4.818176925182342529e-01
5.047529935836791992e-01
4.897552728652954102e-01
5.018036961555480957e-01
4.946611225605010986e-01
4.748210608959197998e-01
4.703336656093597412e-01
4.767226874828338623e-01
4.756815135478973389e-01
4.607914388179779053e-01
4.759134054183959961e-01
4.885829687118530273e-01
4.760637581348419189e-01
4.618192911148071289e-01
4.899174869060516357e-01
4.712082147598266602e-01
4.626830220222473145e-01
4.674349725246429443e-01
5.008103847503662109e-01
5.001437067985534668e-01
5.101333260536193848e-01
4.948397278785705566e-01
4.890248179435729980e-01
4.933741092681884766e-01
4.875406324863433838e-01
4.791154265403747559e-01
4.760453701019287109e-01
5.255751609802246094e-01
5.120207667350769043e-01
4.582321941852569580e-01
5.057274699211120605e-01
5.149846076965332031e-01
4.874584078788757324e-01
4.999682903289794922e-01
4.870433807373046875e-01
5.137679576873779297e-01
5.133768916130065918e-01
4.713876843452453613e-01
4.759376943111419678e-01
4.731041789054870605e-01
5.139559507369995117e-01
4.768646657466888428e-01
4.679676294326782227e-01
4.760766625404357910e-01
4.755453467369079590e-01
4.644297063350677490e-01
4.673346877098083496e-01
4.850249886512756348e-01
4.778988659381866455e-01
5.239869356155395508e-01
4.880934953689575195e-01
5.043102502822875977e-01
4.757202267646789551e-01
5.133188366889953613e-01
4.880735278129577637e-01
4.566007852554321289e-01
4.844459891319274902e-01
4.827833771705627441e-01
4.787864685058593750e-01
5.014572143554687500e-01
5.026463270187377930e-01
4.755453467369079590e-01
4.754378199577331543e-01
4.701520800590515137e-01
4.787905216217041016e-01
4.809161722660064697e-01
4.720997214317321777e-01
4.744665622711181641e-01
4.735413789749145508e-01
4.749064743518829346e-01
5.046495795249938965e-01
4.793623983860015869e-01
4.734328091144561768e-01
4.778927266597747803e-01
4.675021767616271973e-01
4.718661904335021973e-01
4.730278253555297852e-01
4.701384902000427246e-01
4.690449535846710205e-01
5.078513026237487793e-01
4.773855805397033691e-01
4.648175537586212158e-01
4.725930094718933105e-01
4.646067321300506592e-01
4.778988659381866455e-01
5.127983689308166504e-01
4.765593111515045166e-01
4.755395948886871338e-01
4.778791964054107666e-01
4.765799343585968018e-01
4.757771492004394531e-01
4.778993427753448486e-01
4.664979577064514160e-01
4.678479135036468506e-01
4.750319421291351318e-01
4.746151566505432129e-01
4.808832108974456787e-01
4.561820328235626221e-01
4.745681285858154297e-01
4.712974727153778076e-01
4.747744202613830566e-01
5.081481337547302246e-01
4.640138447284698486e-01
4.647234976291656494e-01
4.940866231918334961e-01
4.790912568569183350e-01
4.933989048004150391e-01
4.973956942558288574e-01
4.709788858890533447e-01
4.757066667079925537e-01
4.901805520057678223e-01
4.798566102981567383e-01
4.955828189849853516e-01
4.566380381584167480e-01
4.882963001728057861e-01
4.892384409904479980e-01
4.938150346279144287e-01
4.726151525974273682e-01
5.111725330352783203e-01
4.551866650581359863e-01
4.597688019275665283e-01
5.063266754150390625e-01
5.083284378051757812e-01
5.122418999671936035e-01
5.300722122192382812e-01
4.858165383338928223e-01
4.661906957626342773e-01
5.066578984260559082e-01
4.997108578681945801e-01
4.869406521320343018e-01
4.909208714962005615e-01
4.960234463214874268e-01
4.868905246257781982e-01
4.791568219661712646e-01
4.912015497684478760e-01
5.027385950088500977e-01
5.039094090461730957e-01
5.068807005882263184e-01
5.007383823394775391e-01
4.860887825489044189e-01
4.912040531635284424e-01
4.894533455371856689e-01
5.096515417098999023e-01
4.938580691814422607e-01
5.009513497352600098e-01
5.102449059486389160e-01
4.750462770462036133e-01
4.709153771400451660e-01
4.985741078853607178e-01
4.656027257442474365e-01
4.617159664630889893e-01
4.696075618267059326e-01
4.756116569042205811e-01
4.952240586280822754e-01
4.697564244270324707e-01
4.702031314373016357e-01
5.009513497352600098e-01
4.761120378971099854e-01
4.626980125904083252e-01
4.672338366508483887e-01
4.747722148895263672e-01
4.963115453720092773e-01
4.853118062019348145e-01
4.623726606369018555e-01
4.965062439441680908e-01
4.857618808746337891e-01
5.235837101936340332e-01
4.591322243213653564e-01
4.946950674057006836e-01
5.003877878189086914e-01
5.406699776649475098e-01
4.971876144409179688e-01
5.139787197113037109e-01
4.615446329116821289e-01
5.141671299934387207e-01
5.149380564689636230e-01
5.199180245399475098e-01
4.956650137901306152e-01
4.757184386253356934e-01
4.841433465480804443e-01
4.797645509243011475e-01
5.084010362625122070e-01
5.088039636611938477e-01
4.740957021713256836e-01
4.798566102981567383e-01
4.896721541881561279e-01
4.938174188137054443e-01
4.941532909870147705e-01
4.845378100872039795e-01
4.658128917217254639e-01
4.834542274475097656e-01
4.843845069408416748e-01
4.872245788574218750e-01
4.818295240402221680e-01
4.788887500762939453e-01
4.999682903289794922e-01
4.925444722175598145e-01
4.935690164566040039e-01
4.912514388561248779e-01
4.634339809417724609e-01
5.054765939712524414e-01
4.646877646446228027e-01
4.597449898719787598e-01
4.715937077999114990e-01
4.779759645462036133e-01
4.808644354343414307e-01
5.089432001113891602e-01
5.079278945922851562e-01
4.816806018352508545e-01
5.147938132286071777e-01
4.734110236167907715e-01
4.912278056144714355e-01
4.951956272125244141e-01
4.647262692451477051e-01
4.881003201007843018e-01
4.760595858097076416e-01
4.878538250923156738e-01
4.947043061256408691e-01
4.737667143344879150e-01
4.694257974624633789e-01
4.700452387332916260e-01
4.603654742240905762e-01
4.746825993061065674e-01
4.778988659381866455e-01
4.745564162731170654e-01
4.685129821300506592e-01
4.712795317173004150e-01
4.782898724079132080e-01
4.904884397983551025e-01
4.778881967067718506e-01
4.760286211967468262e-01
4.778988659381866455e-01
4.723756909370422363e-01
4.757619798183441162e-01
4.679670035839080811e-01
4.706148803234100342e-01
4.776651859283447266e-01
4.688094258308410645e-01
4.861760735511779785e-01
4.759139716625213623e-01
4.761820137500762939e-01
4.778988659381866455e-01
4.853677749633789062e-01
4.960274398326873779e-01
4.720997214317321777e-01
4.975202977657318115e-01
4.768727421760559082e-01
4.883861243724822998e-01
4.748872518539428711e-01
4.774330258369445801e-01
4.835686385631561279e-01
4.672338366508483887e-01
4.832913279533386230e-01
4.908668398857116699e-01
4.832559227943420410e-01
4.891347587108612061e-01
4.622160494327545166e-01
4.778383970260620117e-01
4.851698279380798340e-01
4.621108472347259521e-01
4.616341292858123779e-01
4.933399260044097900e-01
4.620500802993774414e-01
4.621633291244506836e-01
4.904419481754302979e-01
4.844122529029846191e-01
4.851267337799072266e-01
4.749064743518829346e-01
4.739298522472381592e-01
4.739136099815368652e-01
4.684938192367553711e-01
5.012339949607849121e-01
4.959230124950408936e-01
5.008146762847900391e-01
4.783939719200134277e-01
4.803473949432373047e-01
5.022430419921875000e-01
4.710724353790283203e-01
4.759134054183959961e-01
5.036880970001220703e-01
4.913015961647033691e-01
4.919205904006958008e-01
4.583612084388732910e-01
4.982496201992034912e-01
5.028097033500671387e-01
4.459053277969360352e-01
4.561471939086914062e-01
4.786196947097778320e-01
4.811415374279022217e-01
4.673317372798919678e-01
4.672296345233917236e-01
4.697739779949188232e-01
4.826831519603729248e-01
4.709887206554412842e-01
4.778988957405090332e-01
4.771582484245300293e-01
4.770164191722869873e-01
4.757820367813110352e-01
4.807339012622833252e-01
4.723756909370422363e-01
4.778988957405090332e-01
4.714100360870361328e-01
4.695103168487548828e-01
4.736602008342742920e-01
4.778981804847717285e-01
4.696852862834930420e-01
4.662463665008544922e-01
4.912327527999877930e-01
5.139767527580261230e-01
4.742007255554199219e-01
4.650544226169586182e-01
4.602076113224029541e-01
4.950268864631652832e-01
4.870719909667968750e-01
4.694844782352447510e-01
4.648682177066802979e-01
4.837516844272613525e-01
4.840525090694427490e-01
4.757680594921112061e-01
4.811360239982604980e-01
4.882324337959289551e-01
4.856784641742706299e-01
5.075678825378417969e-01
4.660345017910003662e-01
4.782806932926177979e-01
5.124276280403137207e-01
4.862893223762512207e-01
4.754927754402160645e-01
5.094159841537475586e-01
4.940777420997619629e-01
5.053645968437194824e-01
4.944477379322052002e-01
5.060780048370361328e-01
4.908317029476165771e-01
4.828093051910400391e-01
4.739505946636199951e-01
4.793294668197631836e-01
4.924683868885040283e-01
4.765523970127105713e-01
4.792777299880981445e-01
4.848759472370147705e-01
5.090872645378112793e-01
4.903438985347747803e-01
4.911286532878875732e-01
5.008131265640258789e-01
4.771561622619628906e-01
4.595215916633605957e-01
4.598002731800079346e-01
4.929473996162414551e-01
5.149846076965332031e-01
4.705078303813934326e-01
4.828375875949859619e-01
4.937731027603149414e-01
4.797067046165466309e-01
4.666658043861389160e-01
5.016607046127319336e-01
4.626830816268920898e-01
4.626830220222473145e-01
4.938174188137054443e-01
4.767232239246368408e-01
4.673567712306976318e-01
5.014210939407348633e-01
4.699800014495849609e-01
5.097172856330871582e-01
4.626394808292388916e-01
4.626830220222473145e-01
4.853953123092651367e-01
5.128313899040222168e-01
4.938174188137054443e-01
5.138454437255859375e-01
4.779074192047119141e-01
4.938173592090606689e-01
5.054653882980346680e-01
5.012031793594360352e-01
4.626828134059906006e-01
4.963196218013763428e-01
4.919886291027069092e-01
4.456714391708374023e-01
5.141671299934387207e-01
4.823577404022216797e-01
4.963468909263610840e-01
4.783540368080139160e-01
5.033956170082092285e-01
4.989137053489685059e-01
4.739143848419189453e-01
4.912278056144714355e-01
5.086639523506164551e-01
5.063036680221557617e-01
4.875406920909881592e-01
4.977187812328338623e-01
5.285916328430175781e-01
4.653677046298980713e-01
5.038617849349975586e-01
5.149846076965332031e-01
4.862307012081146240e-01
4.750317931175231934e-01
4.619966447353363037e-01
4.672605991363525391e-01
4.673346877098083496e-01
4.672356545925140381e-01
4.687098264694213867e-01
4.828864634037017822e-01
5.011392235755920410e-01
5.285916328430175781e-01
4.717088043689727783e-01
5.115319490432739258e-01
5.139760375022888184e-01
5.050661563873291016e-01
4.999324381351470947e-01
4.708702564239501953e-01
5.007777810096740723e-01
4.916885793209075928e-01
4.629705548286437988e-01
5.024586915969848633e-01
4.557220637798309326e-01
4.965531527996063232e-01
5.005823373794555664e-01
4.853095710277557373e-01
4.764081239700317383e-01
5.001332163810729980e-01
4.649471044540405273e-01
4.696696102619171143e-01
4.806551039218902588e-01
4.741042852401733398e-01
4.974703788757324219e-01
4.885380268096923828e-01
4.795911312103271484e-01
4.916662871837615967e-01
5.038277506828308105e-01
4.914161860942840576e-01
4.855225384235382080e-01
5.147140026092529297e-01
4.839044511318206787e-01
5.050233602523803711e-01
4.960993528366088867e-01
5.069109201431274414e-01
4.817404747009277344e-01
5.130714774131774902e-01
4.771226048469543457e-01
4.944078922271728516e-01
4.708661735057830811e-01
5.004755258560180664e-01
4.594816863536834717e-01
4.886946082115173340e-01
4.911160469055175781e-01
4.866804182529449463e-01
5.170300006866455078e-01
4.875022768974304199e-01
5.096021890640258789e-01
5.092393755912780762e-01
5.139760971069335938e-01
4.804614782333374023e-01
4.880936145782470703e-01
4.847210049629211426e-01
4.704355001449584961e-01
4.938172101974487305e-01
4.752440452575683594e-01
4.913926720619201660e-01
4.887701869010925293e-01
4.855951368808746338e-01
4.749183058738708496e-01
5.009950399398803711e-01
4.941444694995880127e-01
4.949340522289276123e-01
4.768401682376861572e-01
4.993368983268737793e-01
4.960108697414398193e-01
4.956692755222320557e-01
4.687645733356475830e-01
4.718648791313171387e-01
5.071359276771545410e-01
4.735063612461090088e-01
4.800395965576171875e-01
4.912496805191040039e-01
4.944056272506713867e-01
5.285829901695251465e-01
5.265347957611083984e-01
5.045975446701049805e-01
5.103693604469299316e-01
4.993397593498229980e-01
4.885546565055847168e-01
4.938171207904815674e-01
5.001331567764282227e-01
4.627622365951538086e-01
4.938174188137054443e-01
4.938174188137054443e-01
4.758753478527069092e-01
4.647867381572723389e-01
4.865164160728454590e-01
5.009513497352600098e-01
4.865006804466247559e-01
4.932493567466735840e-01
5.005891919136047363e-01
4.938174188137054443e-01
4.709094166755676270e-01
4.774738252162933350e-01
4.941619336605072021e-01
4.868946969509124756e-01
4.932830929756164551e-01
4.924075603485107422e-01
4.793155491352081299e-01
5.003172755241394043e-01
4.825790226459503174e-01
4.824954867362976074e-01
4.912093281745910645e-01
4.654192328453063965e-01
4.632663726806640625e-01
4.843713641166687012e-01
4.921162426471710205e-01
4.811143875122070312e-01
4.714207351207733154e-01
4.972173869609832764e-01
5.139760375022888184e-01
4.823978841304779053e-01
4.939975440502166748e-01
4.784879982471466064e-01
4.846396446228027344e-01
4.886463582515716553e-01
4.774379134178161621e-01
5.172135829925537109e-01
5.105230212211608887e-01
5.158324241638183594e-01
4.912278056144714355e-01
4.762126803398132324e-01
4.907283186912536621e-01
4.864424765110015869e-01
4.807243645191192627e-01
4.786386191844940186e-01
5.181085467338562012e-01
4.964028894901275635e-01
4.730525612831115723e-01
5.152536630630493164e-01
4.912529289722442627e-01
5.135920643806457520e-01
4.938174188137054443e-01
4.739398360252380371e-01
5.082086324691772461e-01
4.975810348987579346e-01
4.622616171836853027e-01
4.913926720619201660e-01
4.748716950416564941e-01
4.747799336910247803e-01
5.090456008911132812e-01
4.759609997272491455e-01
5.101820230484008789e-01
5.057511925697326660e-01
4.886506795883178711e-01
4.739148020744323730e-01
4.912050962448120117e-01
4.583763778209686279e-01
4.767508208751678467e-01
4.924426376819610596e-01
4.738729596138000488e-01
4.603867232799530029e-01
5.152572393417358398e-01
4.813559055328369141e-01
4.962584972381591797e-01
4.913926720619201660e-01
4.755453765392303467e-01
4.657056033611297607e-01
4.865854382514953613e-01
4.913662075996398926e-01
4.556345343589782715e-01
4.643636345863342285e-01
4.768260419368743896e-01
5.012961626052856445e-01
4.786904454231262207e-01
4.673632681369781494e-01
4.572354257106781006e-01
4.846424758434295654e-01
4.631594121456146240e-01
4.772466421127319336e-01
5.142685770988464355e-01
4.959388375282287598e-01
4.861808717250823975e-01
4.957986474037170410e-01
4.735320806503295898e-01
4.603227972984313965e-01
4.744771420955657959e-01
4.999120831489562988e-01
4.701600968837738037e-01
4.679265618324279785e-01
4.851930737495422363e-01
4.938174188137054443e-01
4.758812487125396729e-01
4.833885133266448975e-01
5.097606778144836426e-01
4.794916510581970215e-01
4.886528253555297852e-01
5.101271867752075195e-01
4.749146103858947754e-01
5.009495615959167480e-01
4.752691984176635742e-01
4.778990745544433594e-01
4.774551987648010254e-01
4.999429881572723389e-01
4.656386971473693848e-01
5.104776620864868164e-01
4.701518714427947998e-01
4.783541858196258545e-01
4.542382061481475830e-01
4.865608215332031250e-01
4.818286597728729248e-01
4.626830220222473145e-01
4.853986501693725586e-01
4.656821191310882568e-01
4.765529930591583252e-01
4.911854565143585205e-01
4.987521171569824219e-01
4.707717597484588623e-01
4.937054514884948730e-01
4.862910211086273193e-01
4.821546375751495361e-01
4.736277461051940918e-01
4.747736454010009766e-01
4.794459342956542969e-01
4.708319902420043945e-01
4.766677916049957275e-01
4.618226289749145508e-01
4.785667955875396729e-01
4.626830518245697021e-01
4.553624093532562256e-01
4.938174188137054443e-01
4.938174188137054443e-01
4.785584211349487305e-01
4.858585894107818604e-01
5.050152540206909180e-01
4.907557666301727295e-01
4.739136099815368652e-01
5.121952891349792480e-01
4.600906670093536377e-01
4.938173890113830566e-01
5.121924877166748047e-01
4.698902666568756104e-01
5.122054219245910645e-01
4.879012405872344971e-01
4.941940307617187500e-01
5.159254670143127441e-01
5.114907026290893555e-01
4.679976105690002441e-01
4.606623053550720215e-01
4.921694993972778320e-01
4.826766848564147949e-01
4.633361995220184326e-01
4.994728863239288330e-01
5.244837999343872070e-01
4.744516015052795410e-01
4.746498167514801025e-01
4.853195846080780029e-01
4.906187355518341064e-01
5.133647322654724121e-01
4.766388833522796631e-01
4.708891808986663818e-01
5.118418335914611816e-01
4.839828014373779297e-01
5.058664083480834961e-01
4.930076897144317627e-01
4.951845109462738037e-01
4.770964980125427246e-01
4.820945858955383301e-01
4.807087182998657227e-01
4.755045473575592041e-01
4.626829922199249268e-01
4.632160663604736328e-01
4.874626398086547852e-01
4.718833267688751221e-01
4.878940284252166748e-01
4.938174188137054443e-01
4.618859291076660156e-01
4.744516313076019287e-01
4.721250832080841064e-01
4.527910649776458740e-01
4.513432085514068604e-01
4.694475233554840088e-01
5.014680624008178711e-01
4.752635955810546875e-01
4.766679406166076660e-01
4.714100360870361328e-01
4.964486658573150635e-01
4.705221951007843018e-01
4.914628267288208008e-01
4.721229076385498047e-01
4.807087182998657227e-01
4.938174188137054443e-01
4.789300858974456787e-01
4.718873202800750732e-01
4.778988659381866455e-01
4.679676294326782227e-01
4.914243519306182861e-01
4.643970429897308350e-01
4.667588770389556885e-01
4.759345352649688721e-01
4.937761723995208740e-01
5.138302445411682129e-01
4.755450785160064697e-01
4.888531863689422607e-01
4.719264507293701172e-01
4.723765850067138672e-01
5.005658268928527832e-01
4.651408791542053223e-01
4.687066376209259033e-01
4.749248623847961426e-01
4.852806031703948975e-01
4.794983565807342529e-01
4.986148476600646973e-01
4.715182781219482422e-01
4.837511479854583740e-01
4.755453467369079590e-01
4.994121789932250977e-01
5.142567157745361328e-01
4.775893986225128174e-01
4.715118408203125000e-01
4.774043262004852295e-01
4.709923267364501953e-01
4.758754372596740723e-01
5.139760971069335938e-01
5.093131065368652344e-01
4.892791509628295898e-01
5.123311281204223633e-01
4.889357089996337891e-01
4.842362701892852783e-01
4.748834371566772461e-01
5.032958388328552246e-01
5.026680827140808105e-01
4.903372824192047119e-01
4.890611469745635986e-01
4.823788702487945557e-01
4.774880111217498779e-01
4.756716787815093994e-01
4.554825425148010254e-01
4.790832698345184326e-01
4.630850553512573242e-01
5.063683390617370605e-01
4.665402472019195557e-01
4.684491455554962158e-01
4.365197122097015381e-01
4.778988659381866455e-01
4.755453467369079590e-01
4.830023050308227539e-01
5.171332359313964844e-01
4.640458524227142334e-01
4.742990136146545410e-01
4.777545630931854248e-01
4.721042215824127197e-01
4.894733428955078125e-01
4.519058465957641602e-01
4.897459745407104492e-01
5.040701031684875488e-01
4.963607192039489746e-01
4.936558604240417480e-01
4.909068346023559570e-01
4.651798903942108154e-01
4.923113584518432617e-01
5.184395909309387207e-01
4.866753518581390381e-01
4.912102222442626953e-01
4.816751480102539062e-01
5.016050934791564941e-01
5.094904899597167969e-01
5.105532407760620117e-01
5.105225443840026855e-01
4.694704115390777588e-01
4.885380268096923828e-01
4.960498511791229248e-01
4.739183485507965088e-01
4.700533151626586914e-01
4.948419034481048584e-01
4.765695631504058838e-01
5.058401823043823242e-01
4.954533576965332031e-01
4.686507582664489746e-01
4.625527560710906982e-01
4.739136695861816406e-01
4.755109846591949463e-01
4.877937436103820801e-01
4.728071689605712891e-01
4.993195235729217529e-01
4.769398868083953857e-01
4.603235721588134766e-01
4.588231444358825684e-01
4.990285634994506836e-01
4.718615114688873291e-01
4.999420046806335449e-01
5.298298001289367676e-01
4.999448359012603760e-01
4.746021330356597900e-01
5.090572237968444824e-01
4.600446224212646484e-01
4.963750243186950684e-01
4.674739241600036621e-01
4.939223229885101318e-01
5.127748250961303711e-01
4.937235414981842041e-01
5.140509605407714844e-01
4.778990149497985840e-01
5.106598138809204102e-01
5.050914287567138672e-01
5.064122080802917480e-01
4.700500369071960449e-01
4.940338730812072754e-01
4.938172996044158936e-01
5.115324258804321289e-01
4.768039584159851074e-01
4.749989509582519531e-01
4.773480594158172607e-01
4.842184782028198242e-01
4.916662275791168213e-01
4.834757745265960693e-01
5.094670653343200684e-01
4.626741409301757812e-01
5.047519803047180176e-01
4.629265367984771729e-01
4.601182043552398682e-01
4.653677046298980713e-01
4.749099612236022949e-01
4.874233901500701904e-01
4.821501970291137695e-01
5.052395462989807129e-01
4.773200750350952148e-01
4.880933165550231934e-01
4.712687134742736816e-01
5.148274302482604980e-01
4.746591448783874512e-01
4.756373763084411621e-01
4.925245940685272217e-01
4.633406102657318115e-01
4.676697552204132080e-01
4.749064743518829346e-01
4.707568287849426270e-01
4.641601443290710449e-01
5.044005513191223145e-01
4.852808415889739990e-01
4.810910522937774658e-01
4.763386249542236328e-01
5.039050579071044922e-01
4.818246662616729736e-01
4.864396750926971436e-01
4.890727102756500244e-01
4.747521877288818359e-01
5.019854903221130371e-01
4.802247583866119385e-01
4.809026420116424561e-01
4.724752008914947510e-01
4.916084408760070801e-01
4.563714265823364258e-01
5.161789059638977051e-01
4.734476804733276367e-01
4.722755253314971924e-01
4.758740067481994629e-01
4.620834290981292725e-01
4.770774543285369873e-01
4.626829326152801514e-01
4.626169800758361816e-01
4.938174188137054443e-01
4.990613758563995361e-01
4.876950681209564209e-01
5.066637992858886719e-01
4.965215325355529785e-01
5.002083182334899902e-01
5.229718685150146484e-01
5.081744194030761719e-01
4.954354763031005859e-01
5.000939965248107910e-01
5.050810575485229492e-01
4.855817556381225586e-01
4.971745014190673828e-01
5.134468674659729004e-01
4.901900887489318848e-01
5.052406787872314453e-01
4.955303072929382324e-01
4.846409559249877930e-01
4.763608276844024658e-01
4.706318676471710205e-01
4.828150868415832520e-01
4.707720279693603516e-01
4.943599700927734375e-01
4.778988659381866455e-01
4.696330428123474121e-01
4.776892662048339844e-01
4.736891090869903564e-01
4.832346737384796143e-01
4.827712178230285645e-01
4.935715794563293457e-01
4.776011705398559570e-01
4.745471477508544922e-01
4.793677628040313721e-01
5.058217644691467285e-01
4.947522878646850586e-01
4.772483408451080322e-01
5.050367712974548340e-01
4.811166822910308838e-01
4.828432202339172363e-01
4.586882591247558594e-01
4.723967611789703369e-01
4.709702730178833008e-01
4.593069553375244141e-01
4.745536446571350098e-01
4.750660955905914307e-01
4.847263693809509277e-01
4.999419748783111572e-01
4.989292025566101074e-01
4.908981919288635254e-01
5.059980750083923340e-01
4.784546196460723877e-01
4.716010689735412598e-01
5.114296674728393555e-01
4.863122999668121338e-01
4.773867428302764893e-01
4.735019505023956299e-01
4.736099839210510254e-01
5.151756405830383301e-01
4.904518127441406250e-01
4.655620157718658447e-01
4.734112918376922607e-01
4.878650009632110596e-01
4.951836466789245605e-01
4.804774820804595947e-01
4.689729809761047363e-01
5.143396854400634766e-01
4.719761610031127930e-01
4.706344604492187500e-01
5.069302320480346680e-01
4.768454730510711670e-01
4.585276544094085693e-01
4.799403846263885498e-01
4.580507874488830566e-01
4.890961349010467529e-01
4.876374006271362305e-01
4.828431904315948486e-01
4.585541486740112305e-01
4.999373555183410645e-01
4.932880699634552002e-01
4.992555975914001465e-01
4.632497429847717285e-01
5.098481178283691406e-01
4.788531661033630371e-01
4.927416145801544189e-01
4.672967791557312012e-01
5.011779665946960449e-01
5.099215507507324219e-01
4.927506446838378906e-01
4.720973074436187744e-01
4.662680923938751221e-01
4.626829922199249268e-01
4.760150909423828125e-01
4.689204990863800049e-01
4.681674838066101074e-01
4.938174188137054443e-01
4.757844209671020508e-01
4.835370779037475586e-01
4.732571542263031006e-01
4.724650084972381592e-01
4.762015938758850098e-01
4.725277125835418701e-01
4.893391728401184082e-01
4.681454896926879883e-01
4.687935411930084229e-01
4.856704473495483398e-01
4.740501046180725098e-01
4.923529028892517090e-01
4.673159122467041016e-01
4.884742498397827148e-01
4.937187135219573975e-01
4.994302690029144287e-01
4.559489488601684570e-01
4.808743298053741455e-01
4.679506719112396240e-01
4.924713969230651855e-01
4.993767440319061279e-01
5.112328529357910156e-01
4.757566452026367188e-01
4.961124658584594727e-01
4.836250543594360352e-01
4.603362381458282471e-01
4.723939299583435059e-01
5.139760375022888184e-01
4.891023039817810059e-01
4.812617003917694092e-01
4.762171208858489990e-01
5.157477259635925293e-01
5.125487446784973145e-01
5.009606480598449707e-01
4.938116967678070068e-01
4.936896562576293945e-01
4.918369948863983154e-01
4.691769182682037354e-01
4.800910353660583496e-01
4.661064743995666504e-01
4.626830220222473145e-01
4.715077877044677734e-01
4.751503467559814453e-01
5.091648101806640625e-01
4.770362675189971924e-01
4.760558605194091797e-01
4.734903872013092041e-01
4.750152230262756348e-01
4.776941835880279541e-01
5.139760375022888184e-01
4.578737318515777588e-01
4.770312011241912842e-01
4.935717284679412842e-01
4.778615832328796387e-01
4.938172996044158936e-01
4.778988659381866455e-01
5.090074539184570312e-01
4.818294644355773926e-01
4.767190217971801758e-01
4.707182049751281738e-01
4.718016386032104492e-01
4.716933071613311768e-01
4.967570006847381592e-01
4.811874032020568848e-01
4.830957949161529541e-01
4.917575716972351074e-01
4.815878868103027344e-01
4.938174188137054443e-01
4.629805088043212891e-01
4.915702641010284424e-01
4.933379292488098145e-01
4.799360632896423340e-01
4.836916923522949219e-01
4.882670640945434570e-01
5.154606103897094727e-01
4.912188649177551270e-01
4.683406651020050049e-01
4.778980314731597900e-01
4.755453467369079590e-01
4.748652279376983643e-01
4.924683868885040283e-01
4.720997512340545654e-01
4.799374341964721680e-01
4.708702564239501953e-01
5.091238021850585938e-01
4.916633367538452148e-01
4.587933421134948730e-01
4.779413044452667236e-01
4.690963625907897949e-01
4.738539755344390869e-01
4.736995398998260498e-01
4.610303938388824463e-01
4.771749675273895264e-01
4.772240817546844482e-01
4.677391648292541504e-01
5.141195654869079590e-01
5.049919486045837402e-01
4.730630517005920410e-01
5.051388144493103027e-01
5.059012770652770996e-01
4.803826808929443359e-01
4.595990777015686035e-01
4.689122438430786133e-01
4.781797230243682861e-01
4.938113987445831299e-01
4.903844594955444336e-01
4.751604795455932617e-01
4.761136472225189209e-01
4.628723263740539551e-01
4.818294644355773926e-01
4.982179105281829834e-01
4.542688131332397461e-01
4.801799654960632324e-01
5.208377838134765625e-01
4.808540642261505127e-01
4.775762259960174561e-01
4.673290252685546875e-01
4.758318066596984863e-01
4.775246083736419678e-01
4.740481972694396973e-01
4.757670164108276367e-01
4.672973453998565674e-01
4.689630866050720215e-01
4.753355383872985840e-01
4.689612388610839844e-01
4.750027060508728027e-01
4.768460094928741455e-01
4.746592938899993896e-01
4.778988659381866455e-01
4.755135774612426758e-01
4.778983294963836670e-01
4.748934507369995117e-01
4.778547585010528564e-01
4.745672941207885742e-01
4.778824746608734131e-01
4.750291705131530762e-01
4.689612090587615967e-01
4.749282300472259521e-01
4.771707057952880859e-01
4.778988659381866455e-01
4.718899428844451904e-01
4.681861996650695801e-01
4.641773700714111328e-01
4.770674705505371094e-01
4.700267314910888672e-01
4.778983294963836670e-01
4.747118949890136719e-01
4.778989255428314209e-01
4.750230312347412109e-01
4.778985679149627686e-01
4.720955789089202881e-01
4.948919117450714111e-01
4.924835860729217529e-01
4.650695025920867920e-01
4.752342700958251953e-01
4.852808415889739990e-01
4.720997214317321777e-01
4.765692651271820068e-01
4.776319563388824463e-01
4.739049673080444336e-01
5.015665292739868164e-01
4.805701375007629395e-01
4.853545129299163818e-01
5.010862350463867188e-01
4.980186223983764648e-01
4.811491966247558594e-01
4.738442897796630859e-01
4.625898301601409912e-01
4.820261299610137939e-01
4.937179386615753174e-01
4.694832861423492432e-01
4.840043485164642334e-01
5.009513497352600098e-01
4.924312829971313477e-01
4.661203920841217041e-01
4.560871422290802002e-01
4.847848415374755859e-01
4.720207154750823975e-01
5.103186964988708496e-01
5.127118229866027832e-01
4.941131770610809326e-01
4.926021099090576172e-01
4.790979325771331787e-01
5.052306652069091797e-01
5.140765905380249023e-01
5.077803730964660645e-01
4.751135408878326416e-01
5.087311267852783203e-01
5.011048316955566406e-01
4.816200137138366699e-01
5.116758942604064941e-01
4.701525568962097168e-01
5.184810757637023926e-01
4.818263649940490723e-01
4.884929358959197998e-01
4.957951605319976807e-01
4.971833527088165283e-01
4.756365716457366943e-01
4.749064743518829346e-01
4.570343494415283203e-01
4.978966116905212402e-01
5.087115764617919922e-01
4.745180010795593262e-01
4.852808415889739990e-01
4.773932695388793945e-01
4.924683868885040283e-01
5.034267306327819824e-01
5.087258815765380859e-01
4.783265888690948486e-01
4.793127775192260742e-01
4.725275337696075439e-01
5.155776143074035645e-01
4.653678536415100098e-01
4.784672260284423828e-01
4.955278337001800537e-01
4.877685904502868652e-01
4.987092316150665283e-01
4.610870480537414551e-01
4.866600036621093750e-01
4.980919659137725830e-01
4.672484397888183594e-01
5.022077560424804688e-01
4.938173890113830566e-01
4.620698392391204834e-01
4.884768724441528320e-01
4.758772850036621094e-01
4.753095209598541260e-01
5.099896788597106934e-01
4.585026502609252930e-01
4.708518385887145996e-01
5.003685951232910156e-01
4.940403699874877930e-01
4.464179575443267822e-01
4.562096595764160156e-01
4.597455859184265137e-01
4.635313451290130615e-01
4.758753776550292969e-01
4.795628488063812256e-01
5.123732686042785645e-01
5.088066458702087402e-01
4.978512525558471680e-01
5.152420401573181152e-01
4.868583381175994873e-01
4.959213137626647949e-01
4.924061000347137451e-01
5.051875114440917969e-01
4.831470251083374023e-01
4.928673207759857178e-01
4.999639987945556641e-01
4.802055060863494873e-01
4.885859787464141846e-01
4.682198762893676758e-01
4.672773182392120361e-01
4.626859426498413086e-01
4.852730035781860352e-01
4.554373919963836670e-01
4.767758548259735107e-01
4.940341711044311523e-01
4.756291806697845459e-01
5.170048475265502930e-01
4.938173890113830566e-01
4.800135791301727295e-01
4.885380268096923828e-01
4.689478278160095215e-01
5.141496658325195312e-01
4.759711921215057373e-01
4.626658260822296143e-01
5.147048830986022949e-01
4.996449351310729980e-01
4.906657338142395020e-01
4.536973834037780762e-01
4.947784543037414551e-01
4.755165874958038330e-01
4.775488376617431641e-01
4.658157825469970703e-01
4.938174188137054443e-01
4.625850319862365723e-01
4.513556659221649170e-01
4.581490755081176758e-01
4.671522676944732666e-01
4.753631949424743652e-01
4.634851515293121338e-01
4.958618581295013428e-01
4.989933073520660400e-01
4.611355662345886230e-01
4.615128934383392334e-01
5.009513497352600098e-01
4.747018516063690186e-01
4.917375743389129639e-01
4.625770747661590576e-01
4.786839187145233154e-01
4.927773773670196533e-01
5.016922950744628906e-01
5.004244446754455566e-01
4.938174188137054443e-01
5.045330524444580078e-01
5.074304938316345215e-01
4.941844642162322998e-01
5.202845931053161621e-01
4.694495201110839844e-01
5.138453245162963867e-01
4.939426779747009277e-01
5.139796137809753418e-01
4.905949831008911133e-01
5.078920125961303711e-01
4.782649576663970947e-01
4.755481481552124023e-01
4.770549535751342773e-01
4.761352241039276123e-01
4.802690148353576660e-01
4.852808415889739990e-01
4.938174188137054443e-01
4.676131308078765869e-01
4.786152541637420654e-01
4.778988659381866455e-01
4.771064817905426025e-01
4.778988659381866455e-01
4.746284782886505127e-01
4.778988659381866455e-01
4.756377935409545898e-01
4.850205183029174805e-01
4.734974205493927002e-01
4.776030182838439941e-01
4.769084453582763672e-01
4.769253730773925781e-01
4.744816422462463379e-01
4.778988659381866455e-01
4.843503832817077637e-01
4.721186459064483643e-01
4.771244525909423828e-01
4.778988659381866455e-01
4.757751822471618652e-01
4.852807819843292236e-01
4.720997214317321777e-01
4.766909778118133545e-01
4.778941273689270020e-01
4.755976200103759766e-01
4.778988659381866455e-01
4.755772352218627930e-01
4.758843481540679932e-01
4.731090068817138672e-01
5.115364789962768555e-01
4.806334078311920166e-01
4.672979712486267090e-01
4.773358404636383057e-01
4.989540874958038330e-01
4.818693995475769043e-01
4.778988659381866455e-01
4.723769724369049072e-01
4.776873588562011719e-01
5.149846076965332031e-01
4.817263185977935791e-01
4.730283021926879883e-01
5.056419372558593750e-01
4.750042557716369629e-01
4.778988659381866455e-01
4.774834215641021729e-01
4.778988659381866455e-01
4.715735018253326416e-01
5.113649368286132812e-01
4.923756420612335205e-01
4.989290535449981689e-01
4.984392225742340088e-01
5.150210857391357422e-01
4.735621511936187744e-01
4.812460541725158691e-01
4.675900936126708984e-01
5.001306533813476562e-01
4.962360858917236328e-01
4.695864915847778320e-01
4.879153966903686523e-01
4.938172698020935059e-01
4.859772622585296631e-01
4.823966026306152344e-01
4.657295048236846924e-01
4.714100360870361328e-01
4.894409775733947754e-01
4.755453169345855713e-01
4.710328280925750732e-01
4.775078296661376953e-01
4.627116620540618896e-01
5.087768435478210449e-01
4.783540368080139160e-01
4.751738309860229492e-01
4.761572778224945068e-01
4.679690003395080566e-01
4.846409559249877930e-01
4.936213493347167969e-01
4.989617168903350830e-01
4.883095622062683105e-01
4.936722815036773682e-01
4.839497208595275879e-01
4.749064743518829346e-01
4.630415737628936768e-01
4.756144285202026367e-01
4.511110782623291016e-01
4.778988659381866455e-01
4.763084948062896729e-01
4.779374599456787109e-01
4.845122694969177246e-01
5.151723027229309082e-01
4.778997302055358887e-01
4.749063849449157715e-01
4.778988659381866455e-01
4.767277538776397705e-01
4.938174188137054443e-01
4.601278901100158691e-01
4.961805939674377441e-01
4.655130505561828613e-01
5.023964643478393555e-01
4.651055037975311279e-01
4.865972995758056641e-01
5.026644468307495117e-01
4.663791358470916748e-01
4.792140722274780273e-01
4.793878793716430664e-01
4.588771164417266846e-01
4.822153151035308838e-01
5.091739892959594727e-01
5.013205409049987793e-01
5.105585455894470215e-01
4.760213196277618408e-01
4.761433899402618408e-01
5.095429420471191406e-01
4.799163639545440674e-01
4.743149876594543457e-01
4.626830220222473145e-01
4.750240743160247803e-01
4.776186048984527588e-01
4.755453467369079590e-01
5.129091143608093262e-01
4.854434132575988770e-01
4.572271108627319336e-01
4.758774042129516602e-01
5.121933221817016602e-01
4.959256350994110107e-01
5.001575946807861328e-01
4.588321745395660400e-01
4.558302760124206543e-01
5.122424364089965820e-01
4.958615601062774658e-01
4.938174188137054443e-01
4.948096573352813721e-01
4.829786717891693115e-01
4.999694824218750000e-01
5.139819979667663574e-01
4.765780568122863770e-01
4.828061461448669434e-01
5.199863910675048828e-01
5.010562539100646973e-01
5.068102478981018066e-01
4.778452813625335693e-01
4.907439053058624268e-01
4.998665452003479004e-01
5.147926211357116699e-01
4.912015795707702637e-01
4.764081239700317383e-01
5.072659254074096680e-01
4.888129234313964844e-01
4.758749306201934814e-01
4.682402312755584717e-01
4.853946268558502197e-01
4.612498879432678223e-01
4.818294644355773926e-01
5.014929175376892090e-01
4.733765423297882080e-01
4.774376153945922852e-01
4.778988659381866455e-01
4.765585660934448242e-01
4.811384975910186768e-01
4.764207601547241211e-01
4.718339443206787109e-01
5.045193433761596680e-01
4.787589311599731445e-01
4.912982285022735596e-01
4.764081239700317383e-01
5.162255764007568359e-01
4.593831300735473633e-01
4.834504127502441406e-01
4.818573296070098877e-01
5.235101580619812012e-01
5.045532584190368652e-01
4.904884397983551025e-01
4.386284649372100830e-01
5.159704685211181641e-01
4.850105941295623779e-01
4.809636771678924561e-01
4.649122357368469238e-01
5.156257152557373047e-01
4.839051663875579834e-01
4.938174188137054443e-01
4.860740303993225098e-01
4.828152358531951904e-01
4.907573163509368896e-01
5.162799954414367676e-01
4.886089563369750977e-01
4.923719465732574463e-01
4.778988659381866455e-01
4.636170864105224609e-01
4.760303497314453125e-01
4.937850236892700195e-01
5.053319334983825684e-01
4.940376281738281250e-01
4.830525517463684082e-01
4.750636816024780273e-01
4.667107462882995605e-01
4.862761199474334717e-01
4.794054925441741943e-01
4.772314727306365967e-01
4.861385226249694824e-01
4.661185145378112793e-01
4.789809882640838623e-01
4.728585183620452881e-01
4.696884751319885254e-01
4.760567247867584229e-01
4.757860302925109863e-01
4.743123948574066162e-01
4.757778048515319824e-01
4.778988659381866455e-01
4.757867455482482910e-01
4.757051169872283936e-01
4.757767915725708008e-01
4.744521379470825195e-01
4.775770902633666992e-01
4.743684530258178711e-01
4.779142737388610840e-01
4.679264426231384277e-01
4.759016335010528564e-01
4.716700017452239990e-01
4.778979718685150146e-01
4.758630990982055664e-01
4.718361198902130127e-01
4.755257368087768555e-01
4.994997680187225342e-01
5.057125091552734375e-01
4.653651714324951172e-01
4.965940117835998535e-01
5.068895816802978516e-01
5.046209692955017090e-01
4.888330101966857910e-01
5.013193488121032715e-01
4.926674365997314453e-01
4.831614196300506592e-01
4.892590641975402832e-01
5.029175281524658203e-01
5.117352008819580078e-01
5.061883926391601562e-01
4.740468263626098633e-01
4.806759953498840332e-01
4.778987169265747070e-01
5.025548338890075684e-01
4.739657938480377197e-01
4.596782326698303223e-01
5.038422346115112305e-01
4.798566102981567383e-01
5.101243853569030762e-01
4.743681252002716064e-01
5.063597559928894043e-01
4.852971434593200684e-01
4.519406855106353760e-01
4.807086884975433350e-01
4.777783453464508057e-01
4.753232300281524658e-01
4.765508770942687988e-01
4.935589730739593506e-01
4.761674404144287109e-01
4.840437769889831543e-01
4.732311666011810303e-01
4.840573370456695557e-01
4.695397019386291504e-01
4.904886484146118164e-01
4.677420556545257568e-01
4.685950577259063721e-01
4.786534011363983154e-01
4.776500761508941650e-01
4.940885603427886963e-01
4.877438545227050781e-01
4.886294603347778320e-01
5.049203038215637207e-01
4.708989262580871582e-01
4.602844119071960449e-01
4.834574162960052490e-01
4.932743310928344727e-01
4.701593518257141113e-01
4.771406352519989014e-01
4.954647421836853027e-01
5.105517506599426270e-01
5.039804577827453613e-01
4.706784486770629883e-01
4.783606231212615967e-01
4.749064743518829346e-01
4.565725922584533691e-01
4.749064743518829346e-01
5.202832221984863281e-01
4.989603459835052490e-01
4.759642481803894043e-01
4.755453467369079590e-01
4.751714169979095459e-01
4.791984558105468750e-01
4.919175207614898682e-01
5.080707669258117676e-01
4.696204066276550293e-01
4.949253797531127930e-01
4.885089099407196045e-01
4.984395205974578857e-01
4.770857691764831543e-01
4.760297834873199463e-01
4.741776883602142334e-01
5.032662749290466309e-01
4.755456447601318359e-01
4.831097126007080078e-01
4.759134054183959961e-01
5.036931037902832031e-01
4.789063632488250732e-01
4.922918379306793213e-01
4.616589844226837158e-01
4.872638881206512451e-01
4.700503349304199219e-01
4.727380871772766113e-01
4.664031565189361572e-01
4.657194018363952637e-01
4.775063693523406982e-01
4.877535998821258545e-01
4.970046877861022949e-01
4.626829922199249268e-01
4.777814149856567383e-01
4.938174188137054443e-01
4.760341346263885498e-01
4.880934953689575195e-01
4.809330403804779053e-01
4.667102396488189697e-01
4.863310754299163818e-01
4.882574081420898438e-01
4.938174188137054443e-01
4.755517840385437012e-01
5.159406065940856934e-01
5.334863066673278809e-01
5.139765739440917969e-01
4.703039526939392090e-01
4.613650739192962646e-01
4.959473311901092529e-01
4.790555834770202637e-01
5.182325839996337891e-01
4.792975187301635742e-01
4.974340796470642090e-01
4.873515367507934570e-01
5.057017803192138672e-01
4.698207974433898926e-01
4.723757207393646240e-01
4.938174188137054443e-01
4.792062342166900635e-01
4.759134054183959961e-01
4.959822893142700195e-01
4.800330400466918945e-01
4.778978228569030762e-01
4.620659351348876953e-01
4.737490415573120117e-01
4.742919802665710449e-01
4.723757207393646240e-01
4.757755994796752930e-01
4.778986871242523193e-01
4.685209691524505615e-01
4.772044420242309570e-01
4.757856726646423340e-01
4.693208336830139160e-01
4.718478918075561523e-01
5.033500194549560547e-01
4.759243726730346680e-01
5.009513497352600098e-01
4.721944332122802734e-01
4.645430445671081543e-01
4.753409922122955322e-01
4.712511897087097168e-01
4.778988659381866455e-01
4.776594936847686768e-01
4.778988659381866455e-01
4.755907058715820312e-01
5.149846076965332031e-01
4.753015041351318359e-01
4.778988659381866455e-01
4.755666553974151611e-01
4.726913869380950928e-01
4.724523723125457764e-01
4.712874293327331543e-01
4.776466488838195801e-01
4.815355837345123291e-01
4.755379855632781982e-01
4.778988957405090332e-01
4.752982258796691895e-01
4.778988659381866455e-01
4.669261574745178223e-01
4.770821332931518555e-01
4.787186384201049805e-01
4.773089587688446045e-01
4.906153678894042969e-01
5.097204446792602539e-01
5.148841738700866699e-01
4.822012186050415039e-01
4.993408024311065674e-01
4.735768139362335205e-01
4.906374514102935791e-01
4.746843278408050537e-01
4.732421040534973145e-01
4.984936416149139404e-01
4.913926720619201660e-01
5.086435675621032715e-01
5.105568170547485352e-01
4.889686703681945801e-01
4.802964627742767334e-01
4.749064743518829346e-01
5.103854537010192871e-01
4.766682088375091553e-01
4.808897376060485840e-01
5.017497539520263672e-01
4.680899381637573242e-01
5.105521082878112793e-01
4.714163839817047119e-01
4.912050962448120117e-01
4.948759078979492188e-01
4.810348749160766602e-01
5.036900043487548828e-01
4.626898169517517090e-01
4.694929420948028564e-01
4.722698628902435303e-01
4.608875215053558350e-01
5.010400414466857910e-01
4.792080521583557129e-01
4.711328148841857910e-01
4.783322811126708984e-01
4.916843473911285400e-01
4.975535273551940918e-01
4.699428975582122803e-01
4.771103858947753906e-01
4.759351909160614014e-01
4.758343100547790527e-01
4.776059091091156006e-01
4.754317700862884521e-01
4.778988659381866455e-01
4.778988659381866455e-01
4.679449796676635742e-01
4.743804037570953369e-01
4.681066870689392090e-01
4.712843000888824463e-01
4.792560935020446777e-01
4.717029631137847900e-01
5.137396454811096191e-01
4.942933022975921631e-01
4.626798033714294434e-01
4.758793115615844727e-01
4.937534928321838379e-01
4.630593061447143555e-01
4.678025245666503906e-01
5.037925839424133301e-01
4.713886678218841553e-01
4.934422671794891357e-01
4.867241978645324707e-01
5.035854578018188477e-01
4.912526011466979980e-01
5.117230415344238281e-01
5.203390717506408691e-01
4.815298616886138916e-01
5.050122141838073730e-01
5.083301067352294922e-01
4.752556681632995605e-01
5.095570087432861328e-01
4.864110052585601807e-01
4.835616946220397949e-01
4.778988659381866455e-01
4.721665680408477783e-01
4.654020369052886963e-01
4.741604924201965332e-01
4.772869944572448730e-01
4.602398872375488281e-01
4.938174188137054443e-01
4.938173592090606689e-01
4.765424430370330811e-01
4.778988659381866455e-01
4.812648892402648926e-01
4.703077375888824463e-01
4.775957763195037842e-01
4.985530078411102295e-01
4.687971174716949463e-01
4.609567523002624512e-01
4.875898659229278564e-01
4.664021730422973633e-01
4.995181262493133545e-01
4.748436808586120605e-01
4.695814251899719238e-01
4.715339541435241699e-01
4.778989851474761963e-01
4.763541817665100098e-01
4.723759889602661133e-01
4.693649411201477051e-01
4.768002331256866455e-01
4.778988659381866455e-01
4.736230075359344482e-01
4.777932465076446533e-01
4.886703789234161377e-01
4.793323576450347900e-01
4.627691209316253662e-01
4.891152083873748779e-01
4.679675102233886719e-01
4.691761732101440430e-01
4.778986275196075439e-01
4.931863546371459961e-01
4.632005095481872559e-01
4.738936722278594971e-01
4.729649424552917480e-01
4.764854311943054199e-01
4.732050895690917969e-01
4.758631587028503418e-01
5.189543962478637695e-01
5.102136135101318359e-01
5.010077953338623047e-01
4.720997214317321777e-01
4.877507388591766357e-01
4.627465605735778809e-01
4.770307838916778564e-01
4.937328696250915527e-01
4.895952641963958740e-01
4.757418036460876465e-01
4.732773602008819580e-01
4.818294644355773926e-01
4.936401247978210449e-01
5.139765739440917969e-01
5.149846076965332031e-01
5.050887465476989746e-01
4.913301765918731689e-01
4.927924275398254395e-01
4.751835167407989502e-01
4.751775264739990234e-01
5.139751434326171875e-01
4.813097417354583740e-01
4.778806567192077637e-01
4.759956002235412598e-01
4.834149777889251709e-01
4.826890528202056885e-01
5.173029899597167969e-01
4.856241345405578613e-01
4.912054240703582764e-01
4.909753203392028809e-01
4.747923910617828369e-01
4.869976937770843506e-01
4.738908410072326660e-01
5.095448493957519531e-01
4.885380268096923828e-01
4.765032529830932617e-01
4.880466163158416748e-01
5.101423263549804688e-01
4.829459190368652344e-01
4.927351474761962891e-01
4.871061146259307861e-01
4.770225882530212402e-01
4.830238521099090576e-01
4.856740534305572510e-01
4.918551445007324219e-01
4.976707696914672852e-01
4.655431210994720459e-01
4.824482202529907227e-01
4.906948804855346680e-01
4.935704171657562256e-01
5.189306139945983887e-01
5.047949552536010742e-01
4.874610602855682373e-01
4.904312789440155029e-01
5.115319490432739258e-01
4.999598264694213867e-01
4.948266148567199707e-01
4.793335199356079102e-01
4.867514371871948242e-01
4.926952123641967773e-01
4.947168231010437012e-01
4.932739138603210449e-01
4.730021357536315918e-01
4.726497828960418701e-01
5.139760375022888184e-01
4.766679406166076660e-01
5.219770073890686035e-01
4.846014976501464844e-01
4.894974231719970703e-01
5.189184546470642090e-01
4.871064126491546631e-01
5.148538947105407715e-01
4.840788245201110840e-01
5.164010524749755859e-01
4.698046445846557617e-01
4.881554245948791504e-01
5.146934390068054199e-01
4.911957383155822754e-01
4.890018999576568604e-01
4.934273958206176758e-01
4.991887211799621582e-01
4.916897714138031006e-01
4.592401385307312012e-01
4.694960713386535645e-01
4.873703420162200928e-01
4.723590612411499023e-01
4.706515967845916748e-01
4.818297326564788818e-01
4.772602617740631104e-01
4.763840436935424805e-01
4.694755673408508301e-01
4.625672698020935059e-01
5.016810894012451172e-01
4.807070195674896240e-01
4.727849960327148438e-01
5.061213970184326172e-01
4.642527699470520020e-01
4.968173503875732422e-01
4.708701670169830322e-01
4.854114353656768799e-01
4.734400510787963867e-01
5.017231106758117676e-01
4.975279867649078369e-01
4.938174188137054443e-01
4.758477210998535156e-01
4.856962263584136963e-01
4.862808883190155029e-01
4.775272011756896973e-01
5.012091994285583496e-01
4.673346877098083496e-01
4.993766248226165771e-01
5.149681568145751953e-01
4.757874011993408203e-01
4.612312614917755127e-01
4.870195090770721436e-01
5.065634846687316895e-01
4.722004234790802002e-01
4.755792915821075439e-01
4.778988659381866455e-01
4.774037599563598633e-01
4.722335040569305420e-01
4.633771479129791260e-01
4.645242691040039062e-01
4.637037515640258789e-01
4.949366152286529541e-01
4.820841252803802490e-01
5.002674460411071777e-01
4.938174188137054443e-01
4.921914339065551758e-01
4.818294644355773926e-01
4.789188206195831299e-01
5.088078975677490234e-01
4.958090484142303467e-01
4.664108753204345703e-01
4.730962216854095459e-01
4.915472269058227539e-01
4.887091219425201416e-01
5.145533084869384766e-01
4.843500256538391113e-01
4.999807775020599365e-01
4.787962734699249268e-01
4.610878527164459229e-01
4.503732621669769287e-01
4.778546988964080811e-01
4.624129831790924072e-01
5.060281753540039062e-01
4.672474861145019531e-01
4.778988659381866455e-01
4.743997156620025635e-01
4.606105387210845947e-01
4.794399440288543701e-01
4.658909440040588379e-01
4.911338090896606445e-01
5.046975612640380859e-01
4.839093685150146484e-01
4.960051476955413818e-01
4.742513298988342285e-01
4.761737585067749023e-01
4.789541065692901611e-01
4.724880158901214600e-01
4.749109447002410889e-01
4.826836585998535156e-01
4.841695129871368408e-01
4.723051786422729492e-01
4.947237372398376465e-01
4.988307058811187744e-01
4.661203920841217041e-01
4.720978438854217529e-01
4.913926124572753906e-01
4.749548733234405518e-01
4.679888784885406494e-01
5.192859768867492676e-01
4.755453467369079590e-01
5.136959552764892578e-01
4.702302217483520508e-01
4.935816824436187744e-01
4.886912703514099121e-01
4.783540368080139160e-01
4.748681187629699707e-01
4.948266446590423584e-01
4.783148467540740967e-01
4.861600995063781738e-01
4.708203673362731934e-01
5.029031038284301758e-01
4.646155238151550293e-01
4.876799881458282471e-01
5.105664134025573730e-01
4.700694978237152100e-01
4.763787388801574707e-01
4.775214791297912598e-01
4.765963852405548096e-01
4.832634627819061279e-01
4.897660911083221436e-01
4.739812314510345459e-01
4.974963665008544922e-01
5.056301355361938477e-01
5.142719745635986328e-01
4.857294559478759766e-01
5.254212021827697754e-01
4.688120782375335693e-01
4.879591763019561768e-01
5.138059854507446289e-01
5.049930810928344727e-01
4.843740761280059814e-01
4.810503125190734863e-01
4.942870736122131348e-01
4.898793399333953857e-01
5.060889124870300293e-01
4.806148707866668701e-01
5.013381242752075195e-01
4.741046428680419922e-01
5.139760375022888184e-01
4.793700873851776123e-01
5.011755824089050293e-01
5.242812037467956543e-01
4.699114263057708740e-01
5.127543210983276367e-01
5.007117986679077148e-01
4.806086122989654541e-01
5.162593126296997070e-01
4.635682404041290283e-01
4.710295200347900391e-01
5.121732354164123535e-01
4.772597551345825195e-01
4.833876490592956543e-01
4.923151433467864990e-01
5.102121829986572266e-01
4.795700311660766602e-01
4.783540368080139160e-01
4.935725331306457520e-01
4.766283631324768066e-01
4.730435013771057129e-01
4.776825308799743652e-01
4.574156999588012695e-01
4.652583003044128418e-01
4.739025235176086426e-01
4.932135343551635742e-01
4.583516120910644531e-01
4.893101453781127930e-01
5.052154064178466797e-01
4.741188883781433105e-01
4.916850924491882324e-01
4.882454574108123779e-01
4.782288372516632080e-01
4.718566536903381348e-01
4.618388414382934570e-01
4.948264658451080322e-01
4.810089766979217529e-01
4.887444972991943359e-01
4.621758460998535156e-01
4.561913013458251953e-01
4.636753797531127930e-01
4.753217995166778564e-01
4.721690118312835693e-01
4.665896296501159668e-01
4.797328710556030273e-01
4.849127829074859619e-01
4.855054318904876709e-01
4.618752598762512207e-01
4.756099879741668701e-01
4.720997214317321777e-01
5.112127065658569336e-01
4.786053001880645752e-01
4.689043164253234863e-01
4.732463955879211426e-01
4.946463108062744141e-01
4.739136099815368652e-01
5.009513497352600098e-01
4.727631509304046631e-01
5.055062770843505859e-01
5.002638101577758789e-01
4.643543362617492676e-01
4.937250614166259766e-01
4.975319802761077881e-01
4.778980612754821777e-01
4.714063107967376709e-01
4.718594551086425781e-01
5.127536058425903320e-01
4.803784489631652832e-01
4.870089292526245117e-01
4.675650894641876221e-01
4.717950522899627686e-01
4.888767898082733154e-01
4.805089533329010010e-01
4.818304181098937988e-01
5.052365660667419434e-01
4.606807827949523926e-01
4.712845683097839355e-01
4.913668632507324219e-01
5.150098800659179688e-01
4.767802357673645020e-01
5.075627565383911133e-01
4.640741646289825439e-01
4.663425385951995850e-01
4.876640141010284424e-01
4.849442243576049805e-01
4.762074649333953857e-01
5.040891766548156738e-01
4.743149876594543457e-01
5.005631446838378906e-01
4.771246314048767090e-01
4.944139122962951660e-01
4.933937191963195801e-01
4.835888147354125977e-01
4.796121716499328613e-01
4.938174188137054443e-01
4.763309359550476074e-01
4.626828134059906006e-01
4.938165843486785889e-01
4.885459840297698975e-01
4.726697504520416260e-01
4.760689437389373779e-01
4.612019956111907959e-01
4.738720357418060303e-01
4.624877870082855225e-01
4.761760234832763672e-01
4.627149999141693115e-01
4.901930093765258789e-01
4.708702564239501953e-01
4.925568103790283203e-01
4.874594509601593018e-01
5.081638693809509277e-01
4.875074923038482666e-01
4.835239052772521973e-01
4.905430376529693604e-01
4.851798415184020996e-01
4.917251467704772949e-01
5.104662775993347168e-01
5.063551664352416992e-01
4.953773915767669678e-01
5.157369375228881836e-01
5.019060373306274414e-01
4.753397107124328613e-01
4.884968996047973633e-01
4.868977665901184082e-01
4.947891235351562500e-01
5.139760375022888184e-01
5.059636831283569336e-01
4.755453467369079590e-01
4.912180304527282715e-01
4.661164581775665283e-01
4.693357646465301514e-01
4.703365564346313477e-01
4.719271063804626465e-01
4.961677491664886475e-01
4.938174188137054443e-01
4.624675214290618896e-01
4.775345027446746826e-01
4.916788637638092041e-01
4.938174188137054443e-01
4.626803994178771973e-01
4.783540368080139160e-01
4.598626792430877686e-01
4.723769128322601318e-01
4.720997214317321777e-01
4.771829545497894287e-01
4.815261065959930420e-01
4.742790162563323975e-01
4.778105318546295166e-01
4.661203920841217041e-01
4.935850799083709717e-01
4.754223227500915527e-01
5.025483965873718262e-01
4.755067825317382812e-01
4.778314530849456787e-01
4.778988659381866455e-01
4.777576923370361328e-01
4.717507064342498779e-01
4.757129251956939697e-01
4.744704961776733398e-01
4.778988957405090332e-01
4.746555685997009277e-01
4.779008328914642334e-01
4.743125438690185547e-01
4.696505069732666016e-01
4.655170142650604248e-01
4.690411686897277832e-01
4.590595364570617676e-01
4.654723107814788818e-01
4.672645628452301025e-01
