4.662796258926391602e-01
4.962517321109771729e-01
4.952062368392944336e-01
4.463499486446380615e-01
5.121435523033142090e-01
5.069616436958312988e-01
4.903453290462493896e-01
5.190554261207580566e-01
4.439895749092102051e-01
5.206986665725708008e-01
4.993751049041748047e-01
4.990243613719940186e-01
4.977838397026062012e-01
5.101487040519714355e-01
4.877489507198333740e-01
4.937114119529724121e-01
5.022950768470764160e-01
5.574931502342224121e-01
4.994509518146514893e-01
5.304567813873291016e-01
5.470336675643920898e-01
4.927798509597778320e-01
5.342193841934204102e-01
5.004231333732604980e-01
4.932022988796234131e-01
5.252434611320495605e-01
4.743817150592803955e-01
5.053714513778686523e-01
5.071376562118530273e-01
4.917422831058502197e-01
5.290650129318237305e-01
5.078836679458618164e-01
5.158443450927734375e-01
5.094946622848510742e-01
5.511615872383117676e-01
5.084070563316345215e-01
5.253111720085144043e-01
5.317989587783813477e-01
5.037329196929931641e-01
5.072431564331054688e-01
5.011498928070068359e-01
5.281236171722412109e-01
5.275120139122009277e-01
4.996495246887207031e-01
4.880769550800323486e-01
4.716396033763885498e-01
4.740173220634460449e-01
5.054202675819396973e-01
4.998617172241210938e-01
5.364208817481994629e-01
4.919536113739013672e-01
4.943563342094421387e-01
4.340606927871704102e-01
5.271192789077758789e-01
5.084038376808166504e-01
5.118641257286071777e-01
4.767294526100158691e-01
5.077280402183532715e-01
5.034875273704528809e-01
4.932290315628051758e-01
4.836821556091308594e-01
5.093340873718261719e-01
4.974151253700256348e-01
5.046863555908203125e-01
4.742793440818786621e-01
4.861427247524261475e-01
4.607116580009460449e-01
5.356827378273010254e-01
5.010741949081420898e-01
4.817336797714233398e-01
4.844103455543518066e-01
4.925708174705505371e-01
4.808433949947357178e-01
4.915523231029510498e-01
5.093470811843872070e-01
5.000107288360595703e-01
4.919080734252929688e-01
5.087633728981018066e-01
4.765511453151702881e-01
4.836942553520202637e-01
4.891801476478576660e-01
4.610905051231384277e-01
4.963564276695251465e-01
4.836200773715972900e-01
4.945543706417083740e-01
4.817950427532196045e-01
4.673466682434082031e-01
4.978139996528625488e-01
4.776511490345001221e-01
5.014756321907043457e-01
4.555586278438568115e-01
4.721030890941619873e-01
4.766803383827209473e-01
4.353392422199249268e-01
4.124386310577392578e-01
5.045840144157409668e-01
4.734858572483062744e-01
4.736762344837188721e-01
5.210215449333190918e-01
5.302152633666992188e-01
5.202617645263671875e-01
4.993531107902526855e-01
4.744328856468200684e-01
4.997165203094482422e-01
5.067216753959655762e-01
5.234202146530151367e-01
4.899707734584808350e-01
4.871339499950408936e-01
4.800174236297607422e-01
5.123826265335083008e-01
5.272805690765380859e-01
4.292967319488525391e-01
5.190591812133789062e-01
4.997113943099975586e-01
5.070645809173583984e-01
5.048878788948059082e-01
4.879251420497894287e-01
5.179935693740844727e-01
5.155566930770874023e-01
5.212749242782592773e-01
4.966152906417846680e-01
5.259760618209838867e-01
4.940237402915954590e-01
5.073471665382385254e-01
4.849091768264770508e-01
5.179395079612731934e-01
4.780488312244415283e-01
5.126492977142333984e-01
5.126278996467590332e-01
5.443751811981201172e-01
4.908066391944885254e-01
5.402848720550537109e-01
5.447117090225219727e-01
5.019642114639282227e-01
4.959353506565093994e-01
5.194482803344726562e-01
5.204818844795227051e-01
5.063630938529968262e-01
5.216221809387207031e-01
4.954602718353271484e-01
5.094940066337585449e-01
5.077336430549621582e-01
4.974238574504852295e-01
5.135403871536254883e-01
5.092985033988952637e-01
5.058359503746032715e-01
4.990978538990020752e-01
5.268075466156005859e-01
5.376563072204589844e-01
5.471489429473876953e-01
5.032450556755065918e-01
5.079919695854187012e-01
4.790162444114685059e-01
5.062083601951599121e-01
5.708688497543334961e-01
5.092167854309082031e-01
5.227251648902893066e-01
4.998791515827178955e-01
5.071164965629577637e-01
5.243009328842163086e-01
5.237506628036499023e-01
5.385513901710510254e-01
5.269668698310852051e-01
5.080494880676269531e-01
4.790831804275512695e-01
4.605010151863098145e-01
5.027563571929931641e-01
5.400245785713195801e-01
5.149080753326416016e-01
5.209738612174987793e-01
4.933063685894012451e-01
5.270163416862487793e-01
5.105596184730529785e-01
5.316089391708374023e-01
5.158835649490356445e-01
4.991607069969177246e-01
5.080226659774780273e-01
5.025560855865478516e-01
5.456870794296264648e-01
5.016743540763854980e-01
5.175741314888000488e-01
5.072433948516845703e-01
5.343981981277465820e-01
5.006575584411621094e-01
4.989932477474212646e-01
5.190756916999816895e-01
5.231983661651611328e-01
5.112450718879699707e-01
5.014657378196716309e-01
4.901222288608551025e-01
5.451810956001281738e-01
5.351910591125488281e-01
5.192489624023437500e-01
4.500895738601684570e-01
5.086106061935424805e-01
4.930464923381805420e-01
4.759658277034759521e-01
4.767858982086181641e-01
5.284199118614196777e-01
4.841613173484802246e-01
4.434729814529418945e-01
4.356942176818847656e-01
4.763979017734527588e-01
5.031428337097167969e-01
5.189229846000671387e-01
4.696104526519775391e-01
5.565544962882995605e-01
4.626899063587188721e-01
5.051203966140747070e-01
4.828172028064727783e-01
5.051750540733337402e-01
4.751776754856109619e-01
4.666331112384796143e-01
5.099554657936096191e-01
4.436793029308319092e-01
5.251833200454711914e-01
4.936645030975341797e-01
5.278002619743347168e-01
5.073497891426086426e-01
4.984735548496246338e-01
4.858074188232421875e-01
5.363805890083312988e-01
5.223630070686340332e-01
4.355958104133605957e-01
4.936737120151519775e-01
5.196859240531921387e-01
5.172868967056274414e-01
5.065910816192626953e-01
4.831191897392272949e-01
4.982726573944091797e-01
4.867997467517852783e-01
4.702373743057250977e-01
4.868991971015930176e-01
4.601733684539794922e-01
5.371658205986022949e-01
4.995137155055999756e-01
5.095036625862121582e-01
4.802863597869873047e-01
4.863708913326263428e-01
5.158601999282836914e-01
4.512142241001129150e-01
5.040606856346130371e-01
4.961830973625183105e-01
4.436836540699005127e-01
5.046581625938415527e-01
4.839826822280883789e-01
4.965289235115051270e-01
4.820839762687683105e-01
5.106210708618164062e-01
4.859609901905059814e-01
5.053373575210571289e-01
5.040336251258850098e-01
4.603111445903778076e-01
5.029255747795104980e-01
4.592060446739196777e-01
4.951833486557006836e-01
5.367805361747741699e-01
4.500965774059295654e-01
5.089060664176940918e-01
5.445060133934020996e-01
4.858888685703277588e-01
5.149717330932617188e-01
4.698172509670257568e-01
5.106723308563232422e-01
4.846854507923126221e-01
5.158365964889526367e-01
5.127562284469604492e-01
4.956521987915039062e-01
5.052005052566528320e-01
5.317547917366027832e-01
4.774389266967773438e-01
5.331488847732543945e-01
5.223801136016845703e-01
5.011590123176574707e-01
5.149116516113281250e-01
5.195592641830444336e-01
5.148637890815734863e-01
5.325334668159484863e-01
4.757312238216400146e-01
5.227391719818115234e-01
5.228486657142639160e-01
4.668569564819335938e-01
5.343986153602600098e-01
5.202503204345703125e-01
4.913748204708099365e-01
4.755128622055053711e-01
4.889969825744628906e-01
4.838242530822753906e-01
4.830394685268402100e-01
5.345704555511474609e-01
5.126165151596069336e-01
5.279399752616882324e-01
5.179193019866943359e-01
5.007947683334350586e-01
5.014289617538452148e-01
5.057926774024963379e-01
5.106173753738403320e-01
4.909647405147552490e-01
5.329591631889343262e-01
5.073333978652954102e-01
4.930780529975891113e-01
5.156601667404174805e-01
4.847195744514465332e-01
4.836844801902770996e-01
5.118533372879028320e-01
5.028986930847167969e-01
5.184131264686584473e-01
4.908789694309234619e-01
5.244194865226745605e-01
4.955802261829376221e-01
4.866484105587005615e-01
4.905301928520202637e-01
5.639553666114807129e-01
5.186033844947814941e-01
5.332105159759521484e-01
5.452267527580261230e-01
5.038218498229980469e-01
5.395605564117431641e-01
4.985156655311584473e-01
5.023981332778930664e-01
4.936954379081726074e-01
5.035781264305114746e-01
5.487731099128723145e-01
5.081052780151367188e-01
5.208950042724609375e-01
5.213039517402648926e-01
4.250843524932861328e-01
5.007265210151672363e-01
4.601986110210418701e-01
4.995854496955871582e-01
5.268350839614868164e-01
5.122286081314086914e-01
5.258532166481018066e-01
5.087131857872009277e-01
5.180823802947998047e-01
5.043723583221435547e-01
5.193955302238464355e-01
5.075042247772216797e-01
5.238894820213317871e-01
5.421956181526184082e-01
4.982686340808868408e-01
5.232045054435729980e-01
5.273501873016357422e-01
4.485884308815002441e-01
5.000743865966796875e-01
5.446934700012207031e-01
5.686492919921875000e-01
5.265461206436157227e-01
5.020728111267089844e-01
4.934526085853576660e-01
4.960904717445373535e-01
4.769932329654693604e-01
4.834955334663391113e-01
5.135448575019836426e-01
4.834290444850921631e-01
5.042275190353393555e-01
5.147764682769775391e-01
5.321648120880126953e-01
4.903595149517059326e-01
5.073691010475158691e-01
4.785304069519042969e-01
5.026374459266662598e-01
5.148774385452270508e-01
5.062256455421447754e-01
5.247024297714233398e-01
4.895270764827728271e-01
4.953946471214294434e-01
4.990552365779876709e-01
4.742071032524108887e-01
5.029067397117614746e-01
5.301591157913208008e-01
4.907632172107696533e-01
4.886369407176971436e-01
4.855453372001647949e-01
5.086433887481689453e-01
4.992707967758178711e-01
5.059658288955688477e-01
5.382297039031982422e-01
5.095922946929931641e-01
5.115775465965270996e-01
5.187112689018249512e-01
4.924497604370117188e-01
5.100236535072326660e-01
5.089366436004638672e-01
5.045568346977233887e-01
4.957620203495025635e-01
5.177105069160461426e-01
5.532379150390625000e-01
4.992155134677886963e-01
5.646601319313049316e-01
4.839259088039398193e-01
5.120732188224792480e-01
4.976783096790313721e-01
5.002854466438293457e-01
5.034809708595275879e-01
5.124698281288146973e-01
5.280904173851013184e-01
5.121883153915405273e-01
4.904291927814483643e-01
4.804275631904602051e-01
5.072427988052368164e-01
4.604169130325317383e-01
4.498127698898315430e-01
4.732058644294738770e-01
5.019591450691223145e-01
5.261389017105102539e-01
5.046855211257934570e-01
4.751695096492767334e-01
5.206466317176818848e-01
4.998581111431121826e-01
5.048589706420898438e-01
5.002476572990417480e-01
5.273110270500183105e-01
5.673261880874633789e-01
4.881081283092498779e-01
4.554442465305328369e-01
4.772125780582427979e-01
5.250241160392761230e-01
4.977092444896697998e-01
5.186277627944946289e-01
5.396931767463684082e-01
5.607942342758178711e-01
5.197470784187316895e-01
4.690833687782287598e-01
5.413730740547180176e-01
5.276498198509216309e-01
5.292512178421020508e-01
4.931376576423645020e-01
4.984456300735473633e-01
4.310976564884185791e-01
4.886124730110168457e-01
5.276911258697509766e-01
5.099284648895263672e-01
5.623193979263305664e-01
5.344442129135131836e-01
5.075519680976867676e-01
5.160393118858337402e-01
5.192623138427734375e-01
5.298515558242797852e-01
5.137368440628051758e-01
4.323624670505523682e-01
4.877070784568786621e-01
4.884014725685119629e-01
5.085999965667724609e-01
5.361606478691101074e-01
5.220738053321838379e-01
5.233510732650756836e-01
4.964584112167358398e-01
4.726129472255706787e-01
5.365651845932006836e-01
5.430349111557006836e-01
4.945055544376373291e-01
5.013412237167358398e-01
5.160677433013916016e-01
4.954497218132019043e-01
5.374563336372375488e-01
4.962222278118133545e-01
4.640465080738067627e-01
4.987699687480926514e-01
4.816018044948577881e-01
5.033876895904541016e-01
5.072900056838989258e-01
5.146491527557373047e-01
4.976469278335571289e-01
5.194290280342102051e-01
4.947645664215087891e-01
5.121899843215942383e-01
5.109254121780395508e-01
4.781669974327087402e-01
5.141419768333435059e-01
5.666601657867431641e-01
4.734655022621154785e-01
5.082272291183471680e-01
5.552036166191101074e-01
4.885680079460144043e-01
5.173546671867370605e-01
5.359085202217102051e-01
4.944495558738708496e-01
5.090906023979187012e-01
4.897656142711639404e-01
5.325451493263244629e-01
5.391419529914855957e-01
5.420702099800109863e-01
4.843771159648895264e-01
4.866773486137390137e-01
5.192356705665588379e-01
5.151921510696411133e-01
5.119386315345764160e-01
5.189595818519592285e-01
5.381876826286315918e-01
5.220607519149780273e-01
5.314209461212158203e-01
4.948844909667968750e-01
4.663636684417724609e-01
5.206502676010131836e-01
5.017248392105102539e-01
5.573412179946899414e-01
5.073416233062744141e-01
5.083665251731872559e-01
5.365275144577026367e-01
4.911942780017852783e-01
5.024154186248779297e-01
5.571160316467285156e-01
5.027560591697692871e-01
5.480533242225646973e-01
5.032160282135009766e-01
5.185621976852416992e-01
5.088168382644653320e-01
4.995094239711761475e-01
5.101540088653564453e-01
4.997580349445343018e-01
4.789535105228424072e-01
5.031131505966186523e-01
5.217278003692626953e-01
5.129176378250122070e-01
5.373370051383972168e-01
4.488111734390258789e-01
4.886842966079711914e-01
4.965506494045257568e-01
5.028247833251953125e-01
5.166879296302795410e-01
4.983774125576019287e-01
5.156431794166564941e-01
4.857735037803649902e-01
5.034562349319458008e-01
5.011383295059204102e-01
4.881604313850402832e-01
5.299100875854492188e-01
4.870562851428985596e-01
5.138573646545410156e-01
5.164023041725158691e-01
4.938267171382904053e-01
4.948569238185882568e-01
4.994945824146270752e-01
4.736838340759277344e-01
4.976910948753356934e-01
5.060374140739440918e-01
4.917556047439575195e-01
5.096693634986877441e-01
4.992220997810363770e-01
5.041460990905761719e-01
4.801259934902191162e-01
5.014495253562927246e-01
5.368734598159790039e-01
5.149552822113037109e-01
5.163320302963256836e-01
5.368834733963012695e-01
5.285376310348510742e-01
4.918328523635864258e-01
5.271359086036682129e-01
5.065830349922180176e-01
5.443977713584899902e-01
5.193107724189758301e-01
4.764371216297149658e-01
5.144146084785461426e-01
4.999015033245086670e-01
5.311420559883117676e-01
5.239884853363037109e-01
4.837831258773803711e-01
4.619284868240356445e-01
5.436521768569946289e-01
4.932287931442260742e-01
5.012213587760925293e-01
4.988941550254821777e-01
5.103327035903930664e-01
5.160694718360900879e-01
5.039480924606323242e-01
5.163611173629760742e-01
4.480645656585693359e-01
5.240482687950134277e-01
5.037325024604797363e-01
5.182029008865356445e-01
4.964927434921264648e-01
4.950877726078033447e-01
5.296112298965454102e-01
5.254855155944824219e-01
4.952397048473358154e-01
4.892337918281555176e-01
5.054287314414978027e-01
4.959737360477447510e-01
5.088334679603576660e-01
4.991551935672760010e-01
5.594440698623657227e-01
5.483307242393493652e-01
5.237861275672912598e-01
5.424202084541320801e-01
5.313025712966918945e-01
4.892739653587341309e-01
5.024335980415344238e-01
5.172020792961120605e-01
5.325254201889038086e-01
4.964375197887420654e-01
5.248140692710876465e-01
5.073049664497375488e-01
5.128957629203796387e-01
5.043436884880065918e-01
5.516286492347717285e-01
5.161201357841491699e-01
5.198787450790405273e-01
5.209597349166870117e-01
4.978590309619903564e-01
5.031824111938476562e-01
5.271633863449096680e-01
5.284414887428283691e-01
5.176439285278320312e-01
5.453678965568542480e-01
5.257529616355895996e-01
5.502536296844482422e-01
4.610790014266967773e-01
5.209258794784545898e-01
4.762293398380279541e-01
4.526796638965606689e-01
5.459655523300170898e-01
4.742454588413238525e-01
5.047837495803833008e-01
4.970184266567230225e-01
4.697414040565490723e-01
5.191547870635986328e-01
5.114372968673706055e-01
4.463928937911987305e-01
4.474555253982543945e-01
5.107136368751525879e-01
4.800130426883697510e-01
4.803441166877746582e-01
4.904885292053222656e-01
5.158136487007141113e-01
3.968769311904907227e-01
5.307087302207946777e-01
4.986945986747741699e-01
5.096125602722167969e-01
4.955702126026153564e-01
4.925039112567901611e-01
4.797274768352508545e-01
5.044612884521484375e-01
5.359590053558349609e-01
4.613513350486755371e-01
5.131233334541320801e-01
4.804171621799468994e-01
4.518721997737884521e-01
4.848496317863464355e-01
4.895251393318176270e-01
5.146198868751525879e-01
4.977861940860748291e-01
5.132435560226440430e-01
4.602724313735961914e-01
4.700854420661926270e-01
4.950885772705078125e-01
5.235467553138732910e-01
5.035640597343444824e-01
5.038272738456726074e-01
4.672562181949615479e-01
4.966731369495391846e-01
4.785281419754028320e-01
4.907906353473663330e-01
4.893950521945953369e-01
4.932546317577362061e-01
5.009544491767883301e-01
4.568672180175781250e-01
5.061215758323669434e-01
4.744214713573455811e-01
4.851467311382293701e-01
4.732649624347686768e-01
4.998094737529754639e-01
5.347934961318969727e-01
4.673808217048645020e-01
5.200598835945129395e-01
4.904782176017761230e-01
4.641517102718353271e-01
4.795366823673248291e-01
5.254628062248229980e-01
4.440911412239074707e-01
5.077263116836547852e-01
4.810822606086730957e-01
4.791656434535980225e-01
4.228850603103637695e-01
5.056313276290893555e-01
4.963469803333282471e-01
5.265430808067321777e-01
5.151941180229187012e-01
4.912721812725067139e-01
4.805497527122497559e-01
5.173472166061401367e-01
4.966601431369781494e-01
4.929816126823425293e-01
5.146865248680114746e-01
5.155099034309387207e-01
4.460017979145050049e-01
4.967258572578430176e-01
5.190379023551940918e-01
5.043736100196838379e-01
5.554749965667724609e-01
5.408715009689331055e-01
5.263820886611938477e-01
5.210168361663818359e-01
5.521293878555297852e-01
5.141516327857971191e-01
5.014376044273376465e-01
4.953446686267852783e-01
5.022990107536315918e-01
5.529336929321289062e-01
5.104355812072753906e-01
5.221204757690429688e-01
5.069070458412170410e-01
4.679760336875915527e-01
5.187137126922607422e-01
5.212140083312988281e-01
5.270018577575683594e-01
5.201423168182373047e-01
5.089654326438903809e-01
4.755479097366333008e-01
4.926593601703643799e-01
5.071924328804016113e-01
5.073383450508117676e-01
5.111877322196960449e-01
5.191392898559570312e-01
4.606808125972747803e-01
5.296330451965332031e-01
5.324286222457885742e-01
4.789560735225677490e-01
4.918210804462432861e-01
4.843735992908477783e-01
5.037309527397155762e-01
5.083240866661071777e-01
4.770967364311218262e-01
4.993813633918762207e-01
5.085596442222595215e-01
4.942353963851928711e-01
5.162886977195739746e-01
4.932281672954559326e-01
5.468993186950683594e-01
4.860521852970123291e-01
4.889392256736755371e-01
5.180454254150390625e-01
4.738264977931976318e-01
5.132548213005065918e-01
4.891898036003112793e-01
4.716666638851165771e-01
4.689244627952575684e-01
5.078164935111999512e-01
4.824335575103759766e-01
5.308235883712768555e-01
5.134617090225219727e-01
5.262475013732910156e-01
4.927158653736114502e-01
5.208920240402221680e-01
5.413726568222045898e-01
5.072326064109802246e-01
4.946172237396240234e-01
5.041032433509826660e-01
4.769350588321685791e-01
4.658782184123992920e-01
5.073739886283874512e-01
4.920308589935302734e-01
5.108557343482971191e-01
5.006700754165649414e-01
5.167365670204162598e-01
4.632037580013275146e-01
5.042811632156372070e-01
5.179995298385620117e-01
5.227960348129272461e-01
5.209540128707885742e-01
5.726023912429809570e-01
5.061781406402587891e-01
4.723951816558837891e-01
4.641188681125640869e-01
5.002320408821105957e-01
5.124004483222961426e-01
4.885938465595245361e-01
5.190143585205078125e-01
5.463923215866088867e-01
5.156567692756652832e-01
4.930154681205749512e-01
5.310382246971130371e-01
5.235061049461364746e-01
5.203545689582824707e-01
4.915243685245513916e-01
4.936733841896057129e-01
5.209357738494873047e-01
4.900958240032196045e-01
5.153713226318359375e-01
5.100589394569396973e-01
5.338633060455322266e-01
5.237694978713989258e-01
4.969182908535003662e-01
4.616259038448333740e-01
5.009039044380187988e-01
4.963148832321166992e-01
5.091962814331054688e-01
4.878545105457305908e-01
5.278954505920410156e-01
4.788565039634704590e-01
5.165130496025085449e-01
5.158443450927734375e-01
5.111967325210571289e-01
5.132060050964355469e-01
4.917172193527221680e-01
5.078129172325134277e-01
5.026717185974121094e-01
4.825969338417053223e-01
5.211283564567565918e-01
5.237457156181335449e-01
5.057842135429382324e-01
5.059525966644287109e-01
5.058506727218627930e-01
5.154803395271301270e-01
4.997482001781463623e-01
4.932163059711456299e-01
5.089468359947204590e-01
4.982407987117767334e-01
4.734268486499786377e-01
5.044637322425842285e-01
4.865885078907012939e-01
5.448977351188659668e-01
4.885729253292083740e-01
5.145482420921325684e-01
5.019770264625549316e-01
5.214626193046569824e-01
5.506865382194519043e-01
5.082920193672180176e-01
5.400007963180541992e-01
5.109056234359741211e-01
5.129514336585998535e-01
5.079597830772399902e-01
5.206773281097412109e-01
4.537427127361297607e-01
5.010469555854797363e-01
4.811814129352569580e-01
5.326220393180847168e-01
4.611241519451141357e-01
4.833916723728179932e-01
5.284014344215393066e-01
5.062682032585144043e-01
4.980952739715576172e-01
4.918232560157775879e-01
5.339419245719909668e-01
5.062519907951354980e-01
5.467038154602050781e-01
4.661512672901153564e-01
5.253010988235473633e-01
5.435895323753356934e-01
5.449858903884887695e-01
5.300402045249938965e-01
5.226566195487976074e-01
5.328450798988342285e-01
5.377522706985473633e-01
5.110060572624206543e-01
5.116199851036071777e-01
5.066483020782470703e-01
5.110265016555786133e-01
4.998614788055419922e-01
4.933803677558898926e-01
5.192630290985107422e-01
4.892286062240600586e-01
5.086308717727661133e-01
5.517309308052062988e-01
4.806180298328399658e-01
5.108866095542907715e-01
5.208799242973327637e-01
5.309550166130065918e-01
5.353342890739440918e-01
5.272958874702453613e-01
4.925188720226287842e-01
5.035054087638854980e-01
5.220835804939270020e-01
5.249699950218200684e-01
5.182000398635864258e-01
5.163691639900207520e-01
5.360765457153320312e-01
4.970236420631408691e-01
5.407910346984863281e-01
5.400077104568481445e-01
5.303073525428771973e-01
5.207251310348510742e-01
4.903156459331512451e-01
5.282860398292541504e-01
5.295801162719726562e-01
4.965829253196716309e-01
5.258691310882568359e-01
5.102397203445434570e-01
5.061127543449401855e-01
5.056034326553344727e-01
5.275565385818481445e-01
5.186154246330261230e-01
5.104765892028808594e-01
5.156847834587097168e-01
5.182134509086608887e-01
5.265690088272094727e-01
5.053832530975341797e-01
4.865127801895141602e-01
5.200816988945007324e-01
5.096353292465209961e-01
4.926677346229553223e-01
5.258632302284240723e-01
5.082993507385253906e-01
5.147931575775146484e-01
4.447696506977081299e-01
5.104537010192871094e-01
5.199620127677917480e-01
4.703629612922668457e-01
5.077738165855407715e-01
4.755093157291412354e-01
5.078163146972656250e-01
5.130973458290100098e-01
4.775924980640411377e-01
4.872201681137084961e-01
4.924556612968444824e-01
5.079016685485839844e-01
4.810383915901184082e-01
4.561984539031982422e-01
4.792616665363311768e-01
5.228056907653808594e-01
4.316569566726684570e-01
4.749385416507720947e-01
5.081546306610107422e-01
4.883600473403930664e-01
4.978113174438476562e-01
4.435355365276336670e-01
5.150821208953857422e-01
4.898887574672698975e-01
4.815373122692108154e-01
4.953950643539428711e-01
5.174127221107482910e-01
5.060002207756042480e-01
5.005736947059631348e-01
4.770130217075347900e-01
4.838685393333435059e-01
4.993863105773925781e-01
5.061418414115905762e-01
4.508169889450073242e-01
5.011711716651916504e-01
5.216190814971923828e-01
5.318861603736877441e-01
5.087411403656005859e-01
4.759946465492248535e-01
5.102207064628601074e-01
4.703367948532104492e-01
4.946629703044891357e-01
4.430057108402252197e-01
4.965898096561431885e-01
5.159936547279357910e-01
5.022099018096923828e-01
5.412524938583374023e-01
4.949533939361572266e-01
4.923136234283447266e-01
5.125346779823303223e-01
4.909017682075500488e-01
4.887945055961608887e-01
5.352264046669006348e-01
5.375886559486389160e-01
4.667234718799591064e-01
5.003483891487121582e-01
4.824633598327636719e-01
4.801527857780456543e-01
4.662436842918395996e-01
5.226029157638549805e-01
5.094281435012817383e-01
5.332369804382324219e-01
5.157173871994018555e-01
4.633108675479888916e-01
4.466948509216308594e-01
4.974497556686401367e-01
5.098733901977539062e-01
4.559321105480194092e-01
4.819702804088592529e-01
4.830845296382904053e-01
4.977674782276153564e-01
4.950769543647766113e-01
4.878337979316711426e-01
4.812307059764862061e-01
4.922178685665130615e-01
5.363170504570007324e-01
4.780209064483642578e-01
4.999130666255950928e-01
4.989202022552490234e-01
4.944711625576019287e-01
5.002330541610717773e-01
5.323376059532165527e-01
5.193169713020324707e-01
5.254758000373840332e-01
5.345539450645446777e-01
4.864769577980041504e-01
4.905555546283721924e-01
4.885511398315429688e-01
5.350466966629028320e-01
5.207667350769042969e-01
5.081070661544799805e-01
5.560905337333679199e-01
5.248770117759704590e-01
5.193580389022827148e-01
5.197436213493347168e-01
5.232310295104980469e-01
5.158258080482482910e-01
5.119442939758300781e-01
5.339052677154541016e-01
4.735265970230102539e-01
4.891015291213989258e-01
5.412091612815856934e-01
4.916089177131652832e-01
5.134160518646240234e-01
5.018585324287414551e-01
4.982701539993286133e-01
4.649637639522552490e-01
4.814030528068542480e-01
4.857334196567535400e-01
4.877329468727111816e-01
5.026504993438720703e-01
4.890487790107727051e-01
4.907583594322204590e-01
5.025221109390258789e-01
5.328345298767089844e-01
5.169438719749450684e-01
4.952444136142730713e-01
4.865406751632690430e-01
5.288119912147521973e-01
5.101304054260253906e-01
4.607584774494171143e-01
4.836504459381103516e-01
4.796968996524810791e-01
4.860881268978118896e-01
4.859747886657714844e-01
4.948307275772094727e-01
4.682473242282867432e-01
5.012444257736206055e-01
4.817395806312561035e-01
4.705298542976379395e-01
5.167846679687500000e-01
4.431533217430114746e-01
5.170798301696777344e-01
5.298697352409362793e-01
5.071210861206054688e-01
5.187763571739196777e-01
4.846139848232269287e-01
4.513267874717712402e-01
4.809031486511230469e-01
4.974175989627838135e-01
4.709723591804504395e-01
4.929349720478057861e-01
5.142361521720886230e-01
5.210414528846740723e-01
4.889061450958251953e-01
4.946164786815643311e-01
5.070052146911621094e-01
5.308328866958618164e-01
4.894576370716094971e-01
5.021822452545166016e-01
4.725466966629028320e-01
5.415359735488891602e-01
4.899754226207733154e-01
5.041025280952453613e-01
4.892325699329376221e-01
5.029385685920715332e-01
4.985980689525604248e-01
5.012062191963195801e-01
4.791764914989471436e-01
4.970173835754394531e-01
5.317565202713012695e-01
5.367456674575805664e-01
4.360265135765075684e-01
5.051971673965454102e-01
4.804183244705200195e-01
5.217692255973815918e-01
4.921536743640899658e-01
5.014944672584533691e-01
4.954886436462402344e-01
4.918279349803924561e-01
4.951838552951812744e-01
5.013859272003173828e-01
5.181292295455932617e-01
5.181038379669189453e-01
5.276594758033752441e-01
5.557805895805358887e-01
4.783086180686950684e-01
5.165137648582458496e-01
5.625085830688476562e-01
4.956692755222320557e-01
5.074492096900939941e-01
5.316118597984313965e-01
5.181028842926025391e-01
5.265444517135620117e-01
5.240216255187988281e-01
4.906016290187835693e-01
5.045308470726013184e-01
4.967495799064636230e-01
4.993916153907775879e-01
5.191509127616882324e-01
5.011948943138122559e-01
5.198020339012145996e-01
5.148651599884033203e-01
5.220741629600524902e-01
5.462453961372375488e-01
4.888615608215332031e-01
5.145068168640136719e-01
5.161517858505249023e-01
4.907206892967224121e-01
5.396939516067504883e-01
5.047453641891479492e-01
5.091143250465393066e-01
5.012193322181701660e-01
5.296599268913269043e-01
5.112952589988708496e-01
4.949328899383544922e-01
5.225139260292053223e-01
5.644636750221252441e-01
4.928390383720397949e-01
4.792691767215728760e-01
5.100204944610595703e-01
5.468318462371826172e-01
4.665334820747375488e-01
5.353239774703979492e-01
5.258535146713256836e-01
5.000092387199401855e-01
5.115437507629394531e-01
4.966827332973480225e-01
4.803502857685089111e-01
5.023978352546691895e-01
4.952968358993530273e-01
4.281104803085327148e-01
5.414981245994567871e-01
5.177115797996520996e-01
5.150544047355651855e-01
4.591276347637176514e-01
5.156699419021606445e-01
5.105098485946655273e-01
4.939777851104736328e-01
5.004135370254516602e-01
5.622713565826416016e-01
4.966671168804168701e-01
4.854411780834197998e-01
5.139512419700622559e-01
5.002040266990661621e-01
5.279861092567443848e-01
4.771133959293365479e-01
4.874530136585235596e-01
5.113595128059387207e-01
4.886474311351776123e-01
5.126215815544128418e-01
5.109336376190185547e-01
5.219191908836364746e-01
5.094633698463439941e-01
5.245018005371093750e-01
4.769846796989440918e-01
5.209985971450805664e-01
4.976976215839385986e-01
4.803085625171661377e-01
4.590075314044952393e-01
5.255925059318542480e-01
4.822362363338470459e-01
4.992275834083557129e-01
5.025563836097717285e-01
5.252027511596679688e-01
4.935148656368255615e-01
4.687229096889495850e-01
5.020287036895751953e-01
5.542553663253784180e-01
5.339930653572082520e-01
4.630210101604461670e-01
5.287739634513854980e-01
5.497307777404785156e-01
5.507774353027343750e-01
5.323641300201416016e-01
5.095357894897460938e-01
5.171315670013427734e-01
5.185528993606567383e-01
4.931537508964538574e-01
4.897567331790924072e-01
5.068591833114624023e-01
5.225023627281188965e-01
4.575655162334442139e-01
5.124098658561706543e-01
5.113103985786437988e-01
5.206162333488464355e-01
5.410556197166442871e-01
5.166371464729309082e-01
4.856832325458526611e-01
5.289736390113830566e-01
5.202764868736267090e-01
5.109462738037109375e-01
4.921594262123107910e-01
5.035486221313476562e-01
5.000650286674499512e-01
5.229068994522094727e-01
4.546516239643096924e-01
5.166884064674377441e-01
5.225489735603332520e-01
4.351341724395751953e-01
5.305703878402709961e-01
4.441021382808685303e-01
5.042952895164489746e-01
5.073822140693664551e-01
5.469110012054443359e-01
5.642163157463073730e-01
4.968937933444976807e-01
4.690151810646057129e-01
5.130459070205688477e-01
4.832851886749267578e-01
5.142524242401123047e-01
5.111272335052490234e-01
5.059842467308044434e-01
5.060271620750427246e-01
5.186065435409545898e-01
5.035705566406250000e-01
5.202015638351440430e-01
4.804793596267700195e-01
5.190666317939758301e-01
4.787979722023010254e-01
4.932966828346252441e-01
4.954054355621337891e-01
4.649088680744171143e-01
4.751162827014923096e-01
4.911019206047058105e-01
5.343894362449645996e-01
5.254656672477722168e-01
4.856963455677032471e-01
4.942513704299926758e-01
4.477375149726867676e-01
5.134542584419250488e-01
5.454371571540832520e-01
4.910349547863006592e-01
5.176146030426025391e-01
4.860001206398010254e-01
5.236482620239257812e-01
4.866656064987182617e-01
4.830113649368286133e-01
5.141730308532714844e-01
4.668477773666381836e-01
4.571836590766906738e-01
5.047489404678344727e-01
4.647418558597564697e-01
5.353098511695861816e-01
4.866058528423309326e-01
5.586199164390563965e-01
5.176791548728942871e-01
5.226387977600097656e-01
4.870892465114593506e-01
5.017864704132080078e-01
5.193274021148681641e-01
5.109415650367736816e-01
5.422853827476501465e-01
4.732817411422729492e-01
5.183564424514770508e-01
4.531841576099395752e-01
4.786292016506195068e-01
4.852823019027709961e-01
4.912160038948059082e-01
4.915089905261993408e-01
4.875726699829101562e-01
4.606244862079620361e-01
4.519996047019958496e-01
4.850471019744873047e-01
4.846170842647552490e-01
4.941411614418029785e-01
5.260318517684936523e-01
5.194287300109863281e-01
5.175864100456237793e-01
5.034763813018798828e-01
5.103044509887695312e-01
5.010716319084167480e-01
5.185931324958801270e-01
4.807094335556030273e-01
4.761548340320587158e-01
5.212294459342956543e-01
5.176526904106140137e-01
5.003136396408081055e-01
4.578829109668731689e-01
5.080414414405822754e-01
5.038305521011352539e-01
4.828920960426330566e-01
5.468232631683349609e-01
5.260414481163024902e-01
5.005562305450439453e-01
5.057769417762756348e-01
5.303332209587097168e-01
5.232397317886352539e-01
5.214297175407409668e-01
4.976444542407989502e-01
5.243377685546875000e-01
4.958946108818054199e-01
5.429582595825195312e-01
5.403817296028137207e-01
5.432374477386474609e-01
4.723365306854248047e-01
5.144900083541870117e-01
5.037558078765869141e-01
5.175868272781372070e-01
4.948744475841522217e-01
5.271309614181518555e-01
4.994956254959106445e-01
5.397114157676696777e-01
5.117233395576477051e-01
5.180022716522216797e-01
5.152412056922912598e-01
5.270113945007324219e-01
5.075481534004211426e-01
4.712983965873718262e-01
5.085969567298889160e-01
5.206803679466247559e-01
5.300957560539245605e-01
5.087100863456726074e-01
5.245422720909118652e-01
5.356056690216064453e-01
5.268271565437316895e-01
4.905189871788024902e-01
5.243912339210510254e-01
5.397921800613403320e-01
5.096344947814941406e-01
4.854125082492828369e-01
5.184879899024963379e-01
4.799561202526092529e-01
5.164867639541625977e-01
5.119187235832214355e-01
4.591329097747802734e-01
5.024645328521728516e-01
4.560933113098144531e-01
4.995623528957366943e-01
4.790505170822143555e-01
5.202899575233459473e-01
5.044462084770202637e-01
5.115191936492919922e-01
5.081070065498352051e-01
5.153557062149047852e-01
5.193170309066772461e-01
5.225417017936706543e-01
5.053325295448303223e-01
5.332571864128112793e-01
5.342488288879394531e-01
5.123492479324340820e-01
4.875324070453643799e-01
5.206270217895507812e-01
4.569219648838043213e-01
5.031763911247253418e-01
5.145373344421386719e-01
5.422337055206298828e-01
4.950218200683593750e-01
5.064706802368164062e-01
5.389602780342102051e-01
5.125498175621032715e-01
5.111588835716247559e-01
5.441470742225646973e-01
4.653038084506988525e-01
5.146253108978271484e-01
5.112262368202209473e-01
5.065985321998596191e-01
4.977749884128570557e-01
5.277893543243408203e-01
5.222542881965637207e-01
4.932731688022613525e-01
4.802130460739135742e-01
5.385367870330810547e-01
5.155843496322631836e-01
5.199700593948364258e-01
5.049268603324890137e-01
4.983356595039367676e-01
5.248509049415588379e-01
5.004834532737731934e-01
4.808305501937866211e-01
5.250428915023803711e-01
5.065887570381164551e-01
5.010867714881896973e-01
4.800477623939514160e-01
5.363854169845581055e-01
4.792861342430114746e-01
4.750560820102691650e-01
4.921616613864898682e-01
4.836696684360504150e-01
4.849023520946502686e-01
4.507629871368408203e-01
4.933421909809112549e-01
4.982195198535919189e-01
5.424296259880065918e-01
4.982698261737823486e-01
4.966929554939270020e-01
5.068668127059936523e-01
5.293251276016235352e-01
5.022369623184204102e-01
5.158196687698364258e-01
5.074078440666198730e-01
4.904182851314544678e-01
5.183038711547851562e-01
4.807179570198059082e-01
4.942303895950317383e-01
5.094391107559204102e-01
4.711334705352783203e-01
4.733303189277648926e-01
5.194081068038940430e-01
5.272353291511535645e-01
4.612709581851959229e-01
5.340511798858642578e-01
5.159204602241516113e-01
4.291305541992187500e-01
5.008344650268554688e-01
5.077998638153076172e-01
5.091925263404846191e-01
5.013073682785034180e-01
5.166944265365600586e-01
4.937785863876342773e-01
4.711439907550811768e-01
4.857421517372131348e-01
5.268350839614868164e-01
4.863905608654022217e-01
5.026609897613525391e-01
4.936274886131286621e-01
5.491026043891906738e-01
5.351010560989379883e-01
5.026880502700805664e-01
5.085805058479309082e-01
4.732656776905059814e-01
4.884450435638427734e-01
4.845286905765533447e-01
4.680688083171844482e-01
5.291587114334106445e-01
4.380099177360534668e-01
4.497900009155273438e-01
5.234756469726562500e-01
5.101803541183471680e-01
5.335170030593872070e-01
5.084990859031677246e-01
4.864464998245239258e-01
5.088562369346618652e-01
5.159847140312194824e-01
4.988678693771362305e-01
5.055381059646606445e-01
5.253309607505798340e-01
5.108000040054321289e-01
5.266622304916381836e-01
4.879418611526489258e-01
5.105987191200256348e-01
5.009070038795471191e-01
5.778169631958007812e-01
5.060653090476989746e-01
4.728999435901641846e-01
5.079429745674133301e-01
4.649913907051086426e-01
5.105001926422119141e-01
5.050279498100280762e-01
5.480192303657531738e-01
5.021975040435791016e-01
4.804294705390930176e-01
4.366188347339630127e-01
5.336990356445312500e-01
5.407296419143676758e-01
5.327746272087097168e-01
5.116713643074035645e-01
4.806483089923858643e-01
4.434574246406555176e-01
4.810433983802795410e-01
4.894498586654663086e-01
4.966786801815032959e-01
5.238330960273742676e-01
4.523690938949584961e-01
4.938859045505523682e-01
5.452133417129516602e-01
5.117298364639282227e-01
5.512812137603759766e-01
4.995619058609008789e-01
4.328404068946838379e-01
5.246458649635314941e-01
5.297431349754333496e-01
5.490688681602478027e-01
4.796253144741058350e-01
4.631343781948089600e-01
4.966813623905181885e-01
4.803037643432617188e-01
5.167050957679748535e-01
5.176498889923095703e-01
5.083038210868835449e-01
5.011498332023620605e-01
5.063507556915283203e-01
4.924640357494354248e-01
4.765548110008239746e-01
4.784567654132843018e-01
5.379614830017089844e-01
4.691318571567535400e-01
5.468581914901733398e-01
5.268428325653076172e-01
4.926986694335937500e-01
5.342890024185180664e-01
5.172299742698669434e-01
4.708681702613830566e-01
4.574323296546936035e-01
5.695562958717346191e-01
5.126787424087524414e-01
4.999204277992248535e-01
5.359370112419128418e-01
5.372718572616577148e-01
4.875003397464752197e-01
4.829822778701782227e-01
4.853774011135101318e-01
5.184437632560729980e-01
4.667559564113616943e-01
5.671190619468688965e-01
5.135363340377807617e-01
5.462789535522460938e-01
5.180613994598388672e-01
5.153685808181762695e-01
5.011502504348754883e-01
4.902051091194152832e-01
4.980801343917846680e-01
5.353141427040100098e-01
5.013077855110168457e-01
5.290359258651733398e-01
4.723985195159912109e-01
5.243163704872131348e-01
5.163457393646240234e-01
5.089007019996643066e-01
5.552137494087219238e-01
4.946317970752716064e-01
5.250599384307861328e-01
5.130549669265747070e-01
5.442923307418823242e-01
5.034182667732238770e-01
5.087414979934692383e-01
5.096985101699829102e-01
5.293962359428405762e-01
4.836974442005157471e-01
5.060009360313415527e-01
5.013198852539062500e-01
5.194621682167053223e-01
5.061137080192565918e-01
5.059943795204162598e-01
4.824396967887878418e-01
5.064702630043029785e-01
4.537892639636993408e-01
4.911130368709564209e-01
5.020736455917358398e-01
4.463257491588592529e-01
4.942634999752044678e-01
5.316978096961975098e-01
5.119490027427673340e-01
5.056262612342834473e-01
5.041701793670654297e-01
4.880413711071014404e-01
5.534388422966003418e-01
4.771105349063873291e-01
4.696922898292541504e-01
5.329888463020324707e-01
5.222964882850646973e-01
4.969528615474700928e-01
5.111303925514221191e-01
4.937551915645599365e-01
5.173579454421997070e-01
5.095443129539489746e-01
5.045714974403381348e-01
4.607711434364318848e-01
5.091661214828491211e-01
4.889268875122070312e-01
5.421249866485595703e-01
5.056351423263549805e-01
5.182732343673706055e-01
5.385158658027648926e-01
4.965908527374267578e-01
5.025360584259033203e-01
5.355096459388732910e-01
5.005260109901428223e-01
4.802387654781341553e-01
5.225664973258972168e-01
5.025627017021179199e-01
5.260244607925415039e-01
4.863826632499694824e-01
4.751362800598144531e-01
5.061501860618591309e-01
5.118817090988159180e-01
5.060004591941833496e-01
4.975871145725250244e-01
5.078069567680358887e-01
5.156942605972290039e-01
4.983771741390228271e-01
5.006735920906066895e-01
5.399226546287536621e-01
4.861840307712554932e-01
5.022090673446655273e-01
4.780705869197845459e-01
4.922818243503570557e-01
4.853655099868774414e-01
5.178219676017761230e-01
5.012074112892150879e-01
5.044946074485778809e-01
5.044788718223571777e-01
4.972042739391326904e-01
5.083047747611999512e-01
5.521495342254638672e-01
4.683645367622375488e-01
5.301016569137573242e-01
4.993695914745330811e-01
5.156286954879760742e-01
4.881801605224609375e-01
4.629231393337249756e-01
5.219908952713012695e-01
5.273832678794860840e-01
5.099986791610717773e-01
4.869937896728515625e-01
4.916722476482391357e-01
5.567823648452758789e-01
4.825746119022369385e-01
4.599130153656005859e-01
4.614276885986328125e-01
5.127547979354858398e-01
4.859547913074493408e-01
5.077403783798217773e-01
5.013784170150756836e-01
5.310760140419006348e-01
4.855062663555145264e-01
4.714154899120330811e-01
5.368157029151916504e-01
4.845700562000274658e-01
4.549654126167297363e-01
5.407949090003967285e-01
4.793645441532135010e-01
4.949432015419006348e-01
5.453096628189086914e-01
4.843218028545379639e-01
4.890856444835662842e-01
4.966936111450195312e-01
5.073611736297607422e-01
5.379124879837036133e-01
5.073193311691284180e-01
5.074587464332580566e-01
5.223914980888366699e-01
4.629583656787872314e-01
4.945216178894042969e-01
5.071466565132141113e-01
4.918330609798431396e-01
4.978594183921813965e-01
5.156525969505310059e-01
5.038552880287170410e-01
4.947301447391510010e-01
4.756219983100891113e-01
4.851628243923187256e-01
4.964925050735473633e-01
4.946086704730987549e-01
4.866134822368621826e-01
4.770865738391876221e-01
4.636701643466949463e-01
5.190306901931762695e-01
4.758530259132385254e-01
5.016151666641235352e-01
5.065606236457824707e-01
4.948631227016448975e-01
4.878217577934265137e-01
5.010113716125488281e-01
4.954733848571777344e-01
4.819768369197845459e-01
5.382176637649536133e-01
4.861887395381927490e-01
4.959591031074523926e-01
4.779279232025146484e-01
4.850166440010070801e-01
4.987958073616027832e-01
4.839146435260772705e-01
4.756115972995758057e-01
5.235425233840942383e-01
5.184915661811828613e-01
4.545158743858337402e-01
4.595181047916412354e-01
4.882759153842926025e-01
5.131716132164001465e-01
5.153805017471313477e-01
5.083233118057250977e-01
4.704285264015197754e-01
4.821439981460571289e-01
4.542447030544281006e-01
4.096144139766693115e-01
4.829005897045135498e-01
4.874962270259857178e-01
5.137842297554016113e-01
4.866778552532196045e-01
4.953497350215911865e-01
4.881551861763000488e-01
4.826871752738952637e-01
4.747948944568634033e-01
4.973104298114776611e-01
5.150651335716247559e-01
4.924074709415435791e-01
5.105764865875244141e-01
4.711874425411224365e-01
5.201346874237060547e-01
4.910983443260192871e-01
4.989005923271179199e-01
5.104025602340698242e-01
5.161911249160766602e-01
4.983767271041870117e-01
4.949246346950531006e-01
4.781072735786437988e-01
4.827221930027008057e-01
5.457505583763122559e-01
4.843252301216125488e-01
4.833250045776367188e-01
4.494030177593231201e-01
4.924087822437286377e-01
5.264309644699096680e-01
4.805296659469604492e-01
4.925449788570404053e-01
5.276124477386474609e-01
3.856318295001983643e-01
4.914817214012145996e-01
5.285690426826477051e-01
5.037745833396911621e-01
5.181034803390502930e-01
4.978018403053283691e-01
4.861512184143066406e-01
5.038477182388305664e-01
4.942506849765777588e-01
4.606454670429229736e-01
5.059046745300292969e-01
5.327056050300598145e-01
5.130629539489746094e-01
5.227839946746826172e-01
5.156522393226623535e-01
5.143288969993591309e-01
5.034475922584533691e-01
5.199043750762939453e-01
5.162432193756103516e-01
4.989928603172302246e-01
5.059302449226379395e-01
5.237937569618225098e-01
4.765836000442504883e-01
5.224084258079528809e-01
4.566496610641479492e-01
5.274801850318908691e-01
4.873477220535278320e-01
4.909586012363433838e-01
4.726724922657012939e-01
4.900862276554107666e-01
5.041596293449401855e-01
4.932048320770263672e-01
5.137785673141479492e-01
5.152787566184997559e-01
5.024898648262023926e-01
5.121439099311828613e-01
4.979710578918457031e-01
5.129026174545288086e-01
4.997635781764984131e-01
4.919308125972747803e-01
5.143962502479553223e-01
5.169736146926879883e-01
4.617670178413391113e-01
5.023203492164611816e-01
4.753222763538360596e-01
5.163242220878601074e-01
5.012342333793640137e-01
4.903883337974548340e-01
5.007207989692687988e-01
4.768271446228027344e-01
4.733320176601409912e-01
5.062021017074584961e-01
4.910590052604675293e-01
4.873685240745544434e-01
5.145205259323120117e-01
4.956890344619750977e-01
4.860596358776092529e-01
4.959078729152679443e-01
4.907244145870208740e-01
5.112652182579040527e-01
4.625280499458312988e-01
5.115908980369567871e-01
4.966391026973724365e-01
5.091509222984313965e-01
5.139020681381225586e-01
4.883956313133239746e-01
4.702607691287994385e-01
4.472675919532775879e-01
4.896158576011657715e-01
4.674366712570190430e-01
4.874038994312286377e-01
4.843750596046447754e-01
4.843477606773376465e-01
5.077666044235229492e-01
5.066660046577453613e-01
4.938646554946899414e-01
4.935037195682525635e-01
4.964457154273986816e-01
5.078737139701843262e-01
5.069481730461120605e-01
4.785629808902740479e-01
4.667917191982269287e-01
4.967945516109466553e-01
5.031251907348632812e-01
4.909278750419616699e-01
5.136487483978271484e-01
4.405831694602966309e-01
4.835338592529296875e-01
4.892069697380065918e-01
4.623483419418334961e-01
5.152837038040161133e-01
5.237805843353271484e-01
5.249590873718261719e-01
5.235914587974548340e-01
5.080901384353637695e-01
5.282602906227111816e-01
4.635930061340332031e-01
5.001108050346374512e-01
5.188277959823608398e-01
4.714272022247314453e-01
5.178230404853820801e-01
4.821990430355072021e-01
5.516740679740905762e-01
5.648745894432067871e-01
4.893102347850799561e-01
5.146117210388183594e-01
5.096784234046936035e-01
5.059763193130493164e-01
4.816640615463256836e-01
4.933938682079315186e-01
4.997660517692565918e-01
4.975459277629852295e-01
5.352638959884643555e-01
5.015166401863098145e-01
4.644332528114318848e-01
5.057427883148193359e-01
4.925438463687896729e-01
4.657059907913208008e-01
5.074480175971984863e-01
4.448972642421722412e-01
4.476268589496612549e-01
5.166223645210266113e-01
5.009342432022094727e-01
5.269538164138793945e-01
4.920638799667358398e-01
5.038844943046569824e-01
4.907059669494628906e-01
5.130980610847473145e-01
5.403328537940979004e-01
5.135154724121093750e-01
5.082554221153259277e-01
5.382224321365356445e-01
5.321199297904968262e-01
5.279739499092102051e-01
5.324856638908386230e-01
5.199627876281738281e-01
5.082755684852600098e-01
4.995470345020294189e-01
4.948906302452087402e-01
5.062739253044128418e-01
5.270385146141052246e-01
5.396164655685424805e-01
5.576583147048950195e-01
4.938363134860992432e-01
5.356682538986206055e-01
5.504035949707031250e-01
5.023220181465148926e-01
5.011180043220520020e-01
5.110628604888916016e-01
5.130355954170227051e-01
5.175215005874633789e-01
5.314056873321533203e-01
5.377444028854370117e-01
5.000429153442382812e-01
5.275681018829345703e-01
5.107588768005371094e-01
5.284162163734436035e-01
5.062831640243530273e-01
5.234882235527038574e-01
5.429536700248718262e-01
4.529944360256195068e-01
5.142563581466674805e-01
4.554923176765441895e-01
4.926663339138031006e-01
5.249086618423461914e-01
4.760100543498992920e-01
4.981024265289306641e-01
4.606086015701293945e-01
4.534056782722473145e-01
5.182574391365051270e-01
5.021316409111022949e-01
4.854770898818969727e-01
5.327303409576416016e-01
4.502358436584472656e-01
4.869336783885955811e-01
4.825406372547149658e-01
4.636953771114349365e-01
4.790936112403869629e-01
5.045070052146911621e-01
5.044814944267272949e-01
4.700655043125152588e-01
5.150291919708251953e-01
4.437951743602752686e-01
5.451194643974304199e-01
5.222861170768737793e-01
4.863704144954681396e-01
4.610358774662017822e-01
4.800180494785308838e-01
4.908692538738250732e-01
5.200558304786682129e-01
5.250334143638610840e-01
5.300655961036682129e-01
5.398923158645629883e-01
5.189110040664672852e-01
5.124518275260925293e-01
5.319541692733764648e-01
5.104234814643859863e-01
5.080724954605102539e-01
4.639005959033966064e-01
5.216839313507080078e-01
5.165926814079284668e-01
5.377081632614135742e-01
5.239289999008178711e-01
5.273266434669494629e-01
4.892664253711700439e-01
5.139747858047485352e-01
5.320062041282653809e-01
5.085617303848266602e-01
5.313661694526672363e-01
5.247759819030761719e-01
5.044161081314086914e-01
5.329937338829040527e-01
5.178279280662536621e-01
5.150178670883178711e-01
5.195179581642150879e-01
5.210999250411987305e-01
5.132709145545959473e-01
5.271964073181152344e-01
5.085626840591430664e-01
5.022349953651428223e-01
5.081803798675537109e-01
5.224727988243103027e-01
5.099920630455017090e-01
5.454895496368408203e-01
5.169236063957214355e-01
5.449011325836181641e-01
5.326820611953735352e-01
4.999297559261322021e-01
5.322852134704589844e-01
4.991743564605712891e-01
5.175874233245849609e-01
5.127665400505065918e-01
5.315418243408203125e-01
5.285237431526184082e-01
5.297836065292358398e-01
5.132870078086853027e-01
5.323466658592224121e-01
4.657387435436248779e-01
5.012845993041992188e-01
4.929849803447723389e-01
5.699460506439208984e-01
4.624522924423217773e-01
5.056504011154174805e-01
5.027582049369812012e-01
4.936515092849731445e-01
5.015041232109069824e-01
4.365850389003753662e-01
4.751565754413604736e-01
4.763950705528259277e-01
4.780060350894927979e-01
4.934755861759185791e-01
4.956746995449066162e-01
4.754804074764251709e-01
5.233359932899475098e-01
5.124344229698181152e-01
5.407091975212097168e-01
4.639167785644531250e-01
4.457751512527465820e-01
5.068420767784118652e-01
5.030313730239868164e-01
5.203173160552978516e-01
4.684658348560333252e-01
5.256732702255249023e-01
4.709708094596862793e-01
5.029708743095397949e-01
5.319690704345703125e-01
4.995976090431213379e-01
5.037356019020080566e-01
4.932396709918975830e-01
5.221557617187500000e-01
4.838963747024536133e-01
5.171644687652587891e-01
5.126869678497314453e-01
4.973156452178955078e-01
5.412954688072204590e-01
4.983167052268981934e-01
5.090268254280090332e-01
5.378384590148925781e-01
4.883739352226257324e-01
5.135640501976013184e-01
4.804784953594207764e-01
5.072267651557922363e-01
5.186255574226379395e-01
4.936586916446685791e-01
5.149875283241271973e-01
5.141344666481018066e-01
5.043061971664428711e-01
4.853157699108123779e-01
4.859946072101593018e-01
4.505293965339660645e-01
4.855683445930480957e-01
5.427397489547729492e-01
5.114519000053405762e-01
5.461314320564270020e-01
5.032038688659667969e-01
4.924549460411071777e-01
4.543839693069458008e-01
5.012362599372863770e-01
5.411965847015380859e-01
4.808866679668426514e-01
4.886037707328796387e-01
5.180200934410095215e-01
5.415823459625244141e-01
4.871351718902587891e-01
4.672917127609252930e-01
5.054584741592407227e-01
5.255878567695617676e-01
4.764047861099243164e-01
5.231620669364929199e-01
5.256493091583251953e-01
4.844934940338134766e-01
4.850237667560577393e-01
4.423664808273315430e-01
4.894442856311798096e-01
5.509384274482727051e-01
4.720968008041381836e-01
5.001355409622192383e-01
4.863046705722808838e-01
5.302768349647521973e-01
4.105292260646820068e-01
5.189718008041381836e-01
5.319976806640625000e-01
4.369451403617858887e-01
4.872684776782989502e-01
4.631292521953582764e-01
5.087906122207641602e-01
4.529843330383300781e-01
4.893653988838195801e-01
4.783224761486053467e-01
5.225823521614074707e-01
5.007062554359436035e-01
4.973226487636566162e-01
5.137705206871032715e-01
4.982137084007263184e-01
5.146346688270568848e-01
4.237293004989624023e-01
4.880733489990234375e-01
4.888988435268402100e-01
5.143387913703918457e-01
4.883046150207519531e-01
4.849394261837005615e-01
5.115717053413391113e-01
4.974645674228668213e-01
5.044601559638977051e-01
4.957939386367797852e-01
5.048140883445739746e-01
5.496106743812561035e-01
5.134196877479553223e-01
4.947003424167633057e-01
5.078014731407165527e-01
5.718271136283874512e-01
5.053318142890930176e-01
5.014001727104187012e-01
4.650632739067077637e-01
4.742548465728759766e-01
5.080263018608093262e-01
5.221496820449829102e-01
4.804872870445251465e-01
4.935255348682403564e-01
4.811036884784698486e-01
4.829029142856597900e-01
4.993886053562164307e-01
4.857736229896545410e-01
5.019804239273071289e-01
4.536559283733367920e-01
5.074730515480041504e-01
4.813309907913208008e-01
4.907327592372894287e-01
4.802076518535614014e-01
4.604732096195220947e-01
5.113550424575805664e-01
4.808638393878936768e-01
5.075564980506896973e-01
4.556000828742980957e-01
5.268967747688293457e-01
5.015693902969360352e-01
4.660467803478240967e-01
4.265355169773101807e-01
5.218015313148498535e-01
5.123693346977233887e-01
5.040518641471862793e-01
5.168995261192321777e-01
4.871658086776733398e-01
4.684362709522247314e-01
4.801673591136932373e-01
4.664427936077117920e-01
4.923003017902374268e-01
5.280612111091613770e-01
4.848016798496246338e-01
5.028749108314514160e-01
4.830918312072753906e-01
4.824455976486206055e-01
5.016803741455078125e-01
5.011063814163208008e-01
4.877925217151641846e-01
5.081396102905273438e-01
4.991834759712219238e-01
5.290814638137817383e-01
4.967832863330841064e-01
5.071169137954711914e-01
5.001052618026733398e-01
4.805659651756286621e-01
5.165707468986511230e-01
5.059964060783386230e-01
4.515367150306701660e-01
4.954896271228790283e-01
5.156404376029968262e-01
4.875740408897399902e-01
5.066847205162048340e-01
5.854872465133666992e-01
5.187746286392211914e-01
5.051240324974060059e-01
4.770404696464538574e-01
4.799471795558929443e-01
4.800541996955871582e-01
5.014640092849731445e-01
4.851331412792205811e-01
4.800490438938140869e-01
4.813803434371948242e-01
4.861387908458709717e-01
5.275960564613342285e-01
4.638066291809082031e-01
4.849618077278137207e-01
5.367946028709411621e-01
5.222772359848022461e-01
5.473004579544067383e-01
5.082604289054870605e-01
5.102712512016296387e-01
4.563869237899780273e-01
4.408669173717498779e-01
4.625191688537597656e-01
4.823999702930450439e-01
5.393378138542175293e-01
5.126760005950927734e-01
5.278796553611755371e-01
5.004706978797912598e-01
5.135697126388549805e-01
4.717084765434265137e-01
5.166457295417785645e-01
5.204911231994628906e-01
4.822696745395660400e-01
4.993157386779785156e-01
5.139608383178710938e-01
4.847024679183959961e-01
5.251100063323974609e-01
4.812552928924560547e-01
4.642167687416076660e-01
5.244503021240234375e-01
5.234276056289672852e-01
5.108542442321777344e-01
5.097085833549499512e-01
5.066409111022949219e-01
5.267606377601623535e-01
5.023353099822998047e-01
5.945761799812316895e-01
5.120688676834106445e-01
5.082257390022277832e-01
5.263808965682983398e-01
5.101386904716491699e-01
5.461224913597106934e-01
5.049934387207031250e-01
5.078169703483581543e-01
4.779045879840850830e-01
4.849431514739990234e-01
4.628373384475708008e-01
4.878146946430206299e-01
5.189142227172851562e-01
4.920221269130706787e-01
5.269296765327453613e-01
5.135275721549987793e-01
5.048820376396179199e-01
4.986641108989715576e-01
4.938334822654724121e-01
5.261741280555725098e-01
5.372338294982910156e-01
4.994880855083465576e-01
5.207713246345520020e-01
4.801879227161407471e-01
5.622018575668334961e-01
5.177838206291198730e-01
4.948583841323852539e-01
5.264475941658020020e-01
4.892650544643402100e-01
5.310530662536621094e-01
5.269075632095336914e-01
5.357060432434082031e-01
4.966534674167633057e-01
5.317995548248291016e-01
5.107639431953430176e-01
5.100446939468383789e-01
5.059655904769897461e-01
5.164582133293151855e-01
5.025783777236938477e-01
5.232774019241333008e-01
5.059441328048706055e-01
4.848939478397369385e-01
4.808033704757690430e-01
5.017883181571960449e-01
5.136520862579345703e-01
5.167493820190429688e-01
5.105352997779846191e-01
4.828099608421325684e-01
5.345162749290466309e-01
5.168299078941345215e-01
4.682952463626861572e-01
4.915619194507598877e-01
5.272508859634399414e-01
5.395855903625488281e-01
4.968231916427612305e-01
5.228710770606994629e-01
5.125775337219238281e-01
4.935219585895538330e-01
5.319992303848266602e-01
5.211158990859985352e-01
4.937506616115570068e-01
4.943476319313049316e-01
4.471110105514526367e-01
4.217220842838287354e-01
5.045111775398254395e-01
4.523445069789886475e-01
5.119564533233642578e-01
5.384977459907531738e-01
5.046029090881347656e-01
5.171225666999816895e-01
4.224014580249786377e-01
4.276981353759765625e-01
4.798327982425689697e-01
4.755930006504058838e-01
4.860457181930541992e-01
5.002899169921875000e-01
4.457640349864959717e-01
5.341174006462097168e-01
4.804503321647644043e-01
4.866893589496612549e-01
4.793283343315124512e-01
4.718006253242492676e-01
5.024508237838745117e-01
4.538771510124206543e-01
4.981385469436645508e-01
4.889483749866485596e-01
4.686030149459838867e-01
5.077396631240844727e-01
5.321212410926818848e-01
5.069267749786376953e-01
5.089008808135986328e-01
4.935436546802520752e-01
5.313425064086914062e-01
4.684358239173889160e-01
5.087608098983764648e-01
5.231242775917053223e-01
4.800964593887329102e-01
4.389019608497619629e-01
5.055596232414245605e-01
5.113120675086975098e-01
4.853672683238983154e-01
4.967971742153167725e-01
5.012679696083068848e-01
4.704045057296752930e-01
5.118049979209899902e-01
5.067610144615173340e-01
4.930246770381927490e-01
5.217776298522949219e-01
4.862388968467712402e-01
4.641848802566528320e-01
4.849924743175506592e-01
4.971600472927093506e-01
5.052852034568786621e-01
4.880087673664093018e-01
4.974879622459411621e-01
4.603627622127532959e-01
4.930515885353088379e-01
5.299386978149414062e-01
5.293096899986267090e-01
5.264844298362731934e-01
4.842611253261566162e-01
5.262233018875122070e-01
4.709763228893280029e-01
4.850572049617767334e-01
5.092385411262512207e-01
4.923446476459503174e-01
5.142841339111328125e-01
5.096265077590942383e-01
5.213529467582702637e-01
5.453369021415710449e-01
4.517672955989837646e-01
4.908916652202606201e-01
4.815038740634918213e-01
5.163180828094482422e-01
5.039488673210144043e-01
5.100182294845581055e-01
5.235304832458496094e-01
4.928477406501770020e-01
4.893070161342620850e-01
5.013148188591003418e-01
5.398215055465698242e-01
5.109460949897766113e-01
5.102283358573913574e-01
4.783023893833160400e-01
4.861756861209869385e-01
5.319792628288269043e-01
5.300607681274414062e-01
5.118566751480102539e-01
4.965457320213317871e-01
5.123110413551330566e-01
4.987917244434356689e-01
4.863463938236236572e-01
5.256555080413818359e-01
4.776627719402313232e-01
4.951628148555755615e-01
5.241390466690063477e-01
5.140219926834106445e-01
4.867731034755706787e-01
4.971354901790618896e-01
4.849017560482025146e-01
4.678936600685119629e-01
4.842650890350341797e-01
4.538171589374542236e-01
5.413262844085693359e-01
4.795283079147338867e-01
5.178912281990051270e-01
5.009587407112121582e-01
4.978157579898834229e-01
5.111653208732604980e-01
4.561713039875030518e-01
5.041452646255493164e-01
4.937599301338195801e-01
5.107941627502441406e-01
5.175771713256835938e-01
5.059438347816467285e-01
4.655335545539855957e-01
5.022869110107421875e-01
4.867877364158630371e-01
4.813347458839416504e-01
4.506441056728363037e-01
4.912324547767639160e-01
4.856832623481750488e-01
5.010078549385070801e-01
5.070725083351135254e-01
4.641110897064208984e-01
5.072724819183349609e-01
4.843091070652008057e-01
4.937794506549835205e-01
5.017364621162414551e-01
5.169115066528320312e-01
4.669752120971679688e-01
4.449658691883087158e-01
5.075398683547973633e-01
5.067912340164184570e-01
5.014677643775939941e-01
5.027538537979125977e-01
5.243372321128845215e-01
4.887479543685913086e-01
4.708995521068572998e-01
5.213807821273803711e-01
4.815956056118011475e-01
4.845806062221527100e-01
5.431488752365112305e-01
4.923507571220397949e-01
4.936031699180603027e-01
4.901981055736541748e-01
5.403286218643188477e-01
5.130113363265991211e-01
4.906848073005676270e-01
4.611114263534545898e-01
5.014554262161254883e-01
5.247994065284729004e-01
5.293505191802978516e-01
5.072567462921142578e-01
4.730955660343170166e-01
5.134303569793701172e-01
5.489788055419921875e-01
5.065642595291137695e-01
5.059802532196044922e-01
5.131015777587890625e-01
5.275909304618835449e-01
5.037834644317626953e-01
5.142307877540588379e-01
5.148398280143737793e-01
5.084037780761718750e-01
5.179331898689270020e-01
4.963426887989044189e-01
5.016565918922424316e-01
4.777596294879913330e-01
5.188832879066467285e-01
5.442276000976562500e-01
4.925502240657806396e-01
5.031244158744812012e-01
5.105262398719787598e-01
5.263736248016357422e-01
5.181128978729248047e-01
4.987790882587432861e-01
4.984480738639831543e-01
5.357517004013061523e-01
4.852479398250579834e-01
5.212814211845397949e-01
5.361281633377075195e-01
5.178043842315673828e-01
5.130679607391357422e-01
4.197114408016204834e-01
4.859105348587036133e-01
4.936816692352294922e-01
5.252566933631896973e-01
4.812166690826416016e-01
4.704856276512145996e-01
4.951874017715454102e-01
4.732312858104705811e-01
4.711578488349914551e-01
5.051919817924499512e-01
4.853345751762390137e-01
5.196951031684875488e-01
4.879941940307617188e-01
4.244264960289001465e-01
5.143382549285888672e-01
4.731885790824890137e-01
5.117458105087280273e-01
4.416959583759307861e-01
4.971067607402801514e-01
4.692642092704772949e-01
4.830889105796813965e-01
4.927671849727630615e-01
5.283787846565246582e-01
5.501247644424438477e-01
4.659398496150970459e-01
4.866141974925994873e-01
4.584098756313323975e-01
5.486417412757873535e-01
4.901470243930816650e-01
5.032045841217041016e-01
5.380036234855651855e-01
4.935608804225921631e-01
4.875174164772033691e-01
4.939330816268920898e-01
4.865935444831848145e-01
5.184844732284545898e-01
4.784994423389434814e-01
5.048758387565612793e-01
4.987930357456207275e-01
4.561254978179931641e-01
5.201938748359680176e-01
5.206274986267089844e-01
5.189179182052612305e-01
5.111122131347656250e-01
4.897530674934387207e-01
5.080948472023010254e-01
5.288684964179992676e-01
5.394951701164245605e-01
4.946549534797668457e-01
4.983318150043487549e-01
5.360540151596069336e-01
5.284224748611450195e-01
5.298214554786682129e-01
5.317949056625366211e-01
3.978043794631958008e-01
4.973355531692504883e-01
5.203308463096618652e-01
5.169636011123657227e-01
5.077006816864013672e-01
4.729582965373992920e-01
4.586588144302368164e-01
4.848225116729736328e-01
5.156701803207397461e-01
5.361948609352111816e-01
5.415439605712890625e-01
4.967229068279266357e-01
4.472447931766510010e-01
5.057532787322998047e-01
5.006856322288513184e-01
5.168026685714721680e-01
4.833565056324005127e-01
5.238951444625854492e-01
4.932025372982025146e-01
5.344023108482360840e-01
5.521177649497985840e-01
4.287062883377075195e-01
4.937635064125061035e-01
4.798449575901031494e-01
4.816097617149353027e-01
5.298798680305480957e-01
5.052306056022644043e-01
4.994012713432312012e-01
4.453554749488830566e-01
4.283368289470672607e-01
4.621849358081817627e-01
4.752203822135925293e-01
4.680649042129516602e-01
5.351108908653259277e-01
5.126409530639648438e-01
4.951345920562744141e-01
4.643082916736602783e-01
5.280550122261047363e-01
4.625007510185241699e-01
5.234041810035705566e-01
4.721736311912536621e-01
4.005306065082550049e-01
5.068032145500183105e-01
5.258482694625854492e-01
4.485644698143005371e-01
5.154958963394165039e-01
5.107623338699340820e-01
5.265473127365112305e-01
4.847135245800018311e-01
4.497354030609130859e-01
4.944102466106414795e-01
5.225776433944702148e-01
4.849566817283630371e-01
4.733678102493286133e-01
4.701047539710998535e-01
4.680263400077819824e-01
4.965015351772308350e-01
4.804051518440246582e-01
4.814071059226989746e-01
4.752381742000579834e-01
5.136760473251342773e-01
5.155005455017089844e-01
4.911150932312011719e-01
5.377323031425476074e-01
4.977684020996093750e-01
4.880634844303131104e-01
5.043572187423706055e-01
4.801318347454071045e-01
4.743079841136932373e-01
4.954768419265747070e-01
5.310478806495666504e-01
5.166375041007995605e-01
5.183671712875366211e-01
5.390384793281555176e-01
5.096549391746520996e-01
4.731912314891815186e-01
5.311355590820312500e-01
4.917789399623870850e-01
4.832776188850402832e-01
4.805679619312286377e-01
4.898942112922668457e-01
5.138233900070190430e-01
5.098727941513061523e-01
4.288065433502197266e-01
5.490840673446655273e-01
4.916914701461791992e-01
5.343798995018005371e-01
5.063688158988952637e-01
5.590570569038391113e-01
5.126848220825195312e-01
5.471866130828857422e-01
4.862351417541503906e-01
5.088809728622436523e-01
4.739100039005279541e-01
5.179210901260375977e-01
5.374183058738708496e-01
5.041884183883666992e-01
4.793601036071777344e-01
4.857383072376251221e-01
4.951473772525787354e-01
5.513385534286499023e-01
4.915486276149749756e-01
4.786378443241119385e-01
4.656095504760742188e-01
5.166177749633789062e-01
4.879318177700042725e-01
4.651004672050476074e-01
5.254458785057067871e-01
4.781391322612762451e-01
4.523670375347137451e-01
4.886892437934875488e-01
4.823132753372192383e-01
4.660296738147735596e-01
4.937102794647216797e-01
4.819862544536590576e-01
4.750717282295227051e-01
5.300039052963256836e-01
4.880437254905700684e-01
5.334755778312683105e-01
4.792338013648986816e-01
4.805883765220642090e-01
5.029096603393554688e-01
4.812414050102233887e-01
5.150786042213439941e-01
4.802465438842773438e-01
5.066394805908203125e-01
5.053956508636474609e-01
4.834063351154327393e-01
5.012899637222290039e-01
5.177351236343383789e-01
5.329937338829040527e-01
5.197845697402954102e-01
4.912975430488586426e-01
5.212012529373168945e-01
4.929710924625396729e-01
4.940951466560363770e-01
5.082238912582397461e-01
5.190232396125793457e-01
4.824425280094146729e-01
4.810837507247924805e-01
4.654156565666198730e-01
4.736624360084533691e-01
5.064267516136169434e-01
5.060681700706481934e-01
4.743008911609649658e-01
5.042530894279479980e-01
4.750599265098571777e-01
4.782711863517761230e-01
4.585918188095092773e-01
5.161828398704528809e-01
4.870507419109344482e-01
5.040194988250732422e-01
4.870568513870239258e-01
4.821757078170776367e-01
4.752768278121948242e-01
5.400178432464599609e-01
4.828270971775054932e-01
5.080356001853942871e-01
4.644847512245178223e-01
4.333257377147674561e-01
4.770211875438690186e-01
5.222405195236206055e-01
4.461588561534881592e-01
5.217242836952209473e-01
4.809690117835998535e-01
5.395842790603637695e-01
4.698655009269714355e-01
4.341558814048767090e-01
4.459132552146911621e-01
4.936934411525726318e-01
4.965351521968841553e-01
5.096861124038696289e-01
4.972710907459259033e-01
5.115937590599060059e-01
5.229142308235168457e-01
5.099983811378479004e-01
5.228499770164489746e-01
5.319830775260925293e-01
5.101916790008544922e-01
4.821139276027679443e-01
5.290445089340209961e-01
5.370199084281921387e-01
4.543519616127014160e-01
5.114573836326599121e-01
5.146457552909851074e-01
4.767330586910247803e-01
4.877988398075103760e-01
5.070980787277221680e-01
4.707588255405426025e-01
4.375186562538146973e-01
4.928054809570312500e-01
5.115932822227478027e-01
4.916790127754211426e-01
5.046800374984741211e-01
5.056710839271545410e-01
4.900813102722167969e-01
4.951015114784240723e-01
5.256683826446533203e-01
5.012093186378479004e-01
5.112125277519226074e-01
5.198617577552795410e-01
5.002850294113159180e-01
5.225360989570617676e-01
4.969808161258697510e-01
4.331560134887695312e-01
4.799959063529968262e-01
4.911308884620666504e-01
4.871896505355834961e-01
5.058717727661132812e-01
4.477317929267883301e-01
5.313951373100280762e-01
4.304306209087371826e-01
5.144969820976257324e-01
4.904153943061828613e-01
5.243635773658752441e-01
5.053212046623229980e-01
5.355786085128784180e-01
5.420212745666503906e-01
4.574184715747833252e-01
5.147036314010620117e-01
4.979938566684722900e-01
4.905320703983306885e-01
4.952633678913116455e-01
4.687927663326263428e-01
5.051838159561157227e-01
5.045308470726013184e-01
5.754142999649047852e-01
4.984509944915771484e-01
4.876316785812377930e-01
5.534118413925170898e-01
5.351330041885375977e-01
5.263423919677734375e-01
5.385453104972839355e-01
4.619718194007873535e-01
4.904005825519561768e-01
4.719882011413574219e-01
4.892994165420532227e-01
4.725422263145446777e-01
4.616074264049530029e-01
5.132895708084106445e-01
5.081230401992797852e-01
4.935622215270996094e-01
5.172886252403259277e-01
4.618118107318878174e-01
5.066905021667480469e-01
5.226083993911743164e-01
4.673894345760345459e-01
5.051079392433166504e-01
4.947873651981353760e-01
5.351486802101135254e-01
4.637753963470458984e-01
4.859910011291503906e-01
5.177667140960693359e-01
5.029518008232116699e-01
5.414575934410095215e-01
5.076845884323120117e-01
5.093924403190612793e-01
5.398281216621398926e-01
5.740600228309631348e-01
4.952140450477600098e-01
5.119531750679016113e-01
4.760841429233551025e-01
5.116617679595947266e-01
5.310819149017333984e-01
4.974183738231658936e-01
5.634359121322631836e-01
5.426798462867736816e-01
4.904312491416931152e-01
5.024064779281616211e-01
4.799033701419830322e-01
4.748448431491851807e-01
5.209907293319702148e-01
4.873085319995880127e-01
5.399459004402160645e-01
5.134033560752868652e-01
4.746228754520416260e-01
5.077162384986877441e-01
5.090184211730957031e-01
5.092228651046752930e-01
5.033917427062988281e-01
4.683652818202972412e-01
5.087226629257202148e-01
5.571972131729125977e-01
4.809142947196960449e-01
4.980807304382324219e-01
5.113902688026428223e-01
5.330263376235961914e-01
5.053213238716125488e-01
4.821372032165527344e-01
5.300906896591186523e-01
5.091359615325927734e-01
5.690299868583679199e-01
4.841362833976745605e-01
5.338579416275024414e-01
4.862139225006103516e-01
4.976384341716766357e-01
5.167573690414428711e-01
5.776535868644714355e-01
5.139074325561523438e-01
4.966492056846618652e-01
4.691846072673797607e-01
4.363655149936676025e-01
4.716968834400177002e-01
4.886283874511718750e-01
4.818710684776306152e-01
4.959744215011596680e-01
5.146159529685974121e-01
4.772910475730895996e-01
4.640717506408691406e-01
4.460052549839019775e-01
4.967417418956756592e-01
4.493986666202545166e-01
5.057734251022338867e-01
4.468270242214202881e-01
4.667660295963287354e-01
5.015130639076232910e-01
4.521802365779876709e-01
4.669674634933471680e-01
5.207727551460266113e-01
4.754562675952911377e-01
5.084238648414611816e-01
5.223781466484069824e-01
5.193257331848144531e-01
4.928222596645355225e-01
4.648288190364837646e-01
4.690891206264495850e-01
4.979515969753265381e-01
4.747825562953948975e-01
5.368984937667846680e-01
5.118579864501953125e-01
5.074040889739990234e-01
5.016867518424987793e-01
5.005092620849609375e-01
4.919577836990356445e-01
5.148462653160095215e-01
5.251563787460327148e-01
5.135852694511413574e-01
4.934149682521820068e-01
5.074563026428222656e-01
5.178512930870056152e-01
5.151956677436828613e-01
5.162016153335571289e-01
4.852205216884613037e-01
5.167901515960693359e-01
5.054894685745239258e-01
4.996561706066131592e-01
4.856429398059844971e-01
4.890272915363311768e-01
5.280643701553344727e-01
4.754219055175781250e-01
5.000777244567871094e-01
5.223080515861511230e-01
5.032765865325927734e-01
5.156264901161193848e-01
4.931927323341369629e-01
5.124155879020690918e-01
4.327509999275207520e-01
5.233151316642761230e-01
5.213449001312255859e-01
4.983684718608856201e-01
5.312094092369079590e-01
5.051877498626708984e-01
4.823642969131469727e-01
5.128047466278076172e-01
4.958763420581817627e-01
4.667571783065795898e-01
4.910707771778106689e-01
5.221841931343078613e-01
5.101945996284484863e-01
4.985461831092834473e-01
4.905505478382110596e-01
5.162523984909057617e-01
5.061131715774536133e-01
4.851148426532745361e-01
5.158212780952453613e-01
5.335087776184082031e-01
4.798660278320312500e-01
5.253753066062927246e-01
5.225430130958557129e-01
5.160490870475769043e-01
5.169652104377746582e-01
5.292221307754516602e-01
5.106298327445983887e-01
5.240823030471801758e-01
4.902380108833312988e-01
5.247021317481994629e-01
5.211582183837890625e-01
4.993736743927001953e-01
4.988805353641510010e-01
5.268289446830749512e-01
5.119352340698242188e-01
5.187221169471740723e-01
5.487757325172424316e-01
5.080546140670776367e-01
5.185578465461730957e-01
4.892566204071044922e-01
5.236101150512695312e-01
5.229059457778930664e-01
5.307277441024780273e-01
5.219879150390625000e-01
5.140101909637451172e-01
5.083815455436706543e-01
4.786206781864166260e-01
4.946199655532836914e-01
5.152333378791809082e-01
5.341804623603820801e-01
5.094422101974487305e-01
5.162193179130554199e-01
5.214202404022216797e-01
4.994568824768066406e-01
5.326905250549316406e-01
5.130383372306823730e-01
5.199038386344909668e-01
5.620315670967102051e-01
5.196805596351623535e-01
4.849367141723632812e-01
4.868378937244415283e-01
4.972215890884399414e-01
4.986180067062377930e-01
4.900473356246948242e-01
5.199013948440551758e-01
4.796697795391082764e-01
5.250401496887207031e-01
5.006142258644104004e-01
5.055344700813293457e-01
4.714819192886352539e-01
5.301261544227600098e-01
5.128907561302185059e-01
5.352805852890014648e-01
5.364901423454284668e-01
5.559859275817871094e-01
5.073491334915161133e-01
5.401021242141723633e-01
4.758079946041107178e-01
5.041654109954833984e-01
4.825869202613830566e-01
5.338260531425476074e-01
4.918060302734375000e-01
4.949837028980255127e-01
5.464788675308227539e-01
5.101791620254516602e-01
5.183027386665344238e-01
5.241636633872985840e-01
5.036255121231079102e-01
4.895849227905273438e-01
5.605476498603820801e-01
4.867163598537445068e-01
4.880645573139190674e-01
5.371579527854919434e-01
5.064564943313598633e-01
5.148743391036987305e-01
4.628597795963287354e-01
5.159298777580261230e-01
5.222807526588439941e-01
5.196435451507568359e-01
4.973842501640319824e-01
5.070892572402954102e-01
5.245546698570251465e-01
5.026824474334716797e-01
5.032180547714233398e-01
6.291999816894531250e-01
4.823803305625915527e-01
4.705617427825927734e-01
4.530658721923828125e-01
4.884374439716339111e-01
5.216227769851684570e-01
5.134341716766357422e-01
5.127441287040710449e-01
5.098659396171569824e-01
5.245997905731201172e-01
5.271055102348327637e-01
4.874152839183807373e-01
5.407900214195251465e-01
4.956985414028167725e-01
5.114154219627380371e-01
5.389604568481445312e-01
5.365394949913024902e-01
5.006516575813293457e-01
5.144164562225341797e-01
4.925940632820129395e-01
4.999709427356719971e-01
4.798494279384613037e-01
5.124902129173278809e-01
5.197890400886535645e-01
5.026530623435974121e-01
5.295501351356506348e-01
4.585483074188232422e-01
5.197026729583740234e-01
5.085778832435607910e-01
5.053340196609497070e-01
4.964236915111541748e-01
5.153966546058654785e-01
5.047600865364074707e-01
5.212165713310241699e-01
4.371815323829650879e-01
5.181635618209838867e-01
4.991759359836578369e-01
4.632829129695892334e-01
4.443895518779754639e-01
5.115588903427124023e-01
4.966691136360168457e-01
4.659080505371093750e-01
4.911460578441619873e-01
4.945240318775177002e-01
5.060471296310424805e-01
4.357069730758666992e-01
5.129118561744689941e-01
4.726156592369079590e-01
4.461223781108856201e-01
4.903056621551513672e-01
4.777080118656158447e-01
5.067597031593322754e-01
5.276089906692504883e-01
4.772728979587554932e-01
5.227958559989929199e-01
4.811728000640869141e-01
4.690763652324676514e-01
4.877448081970214844e-01
5.045763850212097168e-01
4.736076593399047852e-01
5.177192687988281250e-01
4.852591156959533691e-01
4.771103262901306152e-01
4.852080047130584717e-01
4.715528786182403564e-01
5.335227251052856445e-01
5.083861351013183594e-01
5.117453336715698242e-01
4.862152636051177979e-01
5.114812850952148438e-01
4.967375397682189941e-01
5.848259329795837402e-01
5.156528949737548828e-01
5.120685100555419922e-01
4.939315319061279297e-01
4.871514141559600830e-01
4.987440705299377441e-01
5.319336056709289551e-01
5.132693648338317871e-01
5.307374000549316406e-01
4.805546402931213379e-01
4.545730650424957275e-01
5.171213150024414062e-01
4.947613775730133057e-01
5.244193673133850098e-01
5.154221653938293457e-01
5.068118572235107422e-01
5.079628825187683105e-01
5.070703625679016113e-01
5.162455439567565918e-01
5.048421621322631836e-01
5.045266151428222656e-01
4.952799379825592041e-01
4.686154723167419434e-01
4.939793944358825684e-01
4.913257360458374023e-01
5.138919353485107422e-01
5.049077868461608887e-01
5.194879174232482910e-01
5.192152261734008789e-01
4.576344192028045654e-01
4.590753316879272461e-01
5.249125361442565918e-01
5.101162791252136230e-01
5.204783678054809570e-01
5.215158462524414062e-01
5.027033090591430664e-01
5.062810182571411133e-01
5.051826238632202148e-01
5.688110589981079102e-01
4.940463900566101074e-01
4.758814871311187744e-01
4.142611920833587646e-01
5.462827682495117188e-01
5.281559824943542480e-01
4.937154650688171387e-01
5.185611844062805176e-01
5.434768795967102051e-01
5.019401311874389648e-01
4.396001398563385010e-01
5.005795955657958984e-01
5.045714974403381348e-01
5.061271786689758301e-01
4.584425091743469238e-01
4.663475155830383301e-01
5.049784779548645020e-01
4.609609842300415039e-01
4.893677830696105957e-01
4.826948642730712891e-01
5.177899599075317383e-01
5.552353262901306152e-01
5.263201594352722168e-01
5.068328976631164551e-01
5.172495841979980469e-01
5.106322765350341797e-01
5.323783755302429199e-01
5.054867863655090332e-01
4.595789015293121338e-01
5.079358816146850586e-01
4.944021403789520264e-01
4.875566661357879639e-01
4.803442358970642090e-01
5.080782175064086914e-01
5.345016717910766602e-01
4.846898615360260010e-01
5.199391841888427734e-01
4.790361523628234863e-01
5.363760590553283691e-01
4.997079670429229736e-01
5.008521080017089844e-01
4.776003658771514893e-01
4.710630774497985840e-01
4.801179468631744385e-01
5.102089643478393555e-01
4.480130374431610107e-01
4.808646738529205322e-01
4.911562502384185791e-01
5.374469757080078125e-01
4.805308282375335693e-01
5.105628371238708496e-01
4.889939427375793457e-01
4.865362942218780518e-01
4.988634288311004639e-01
4.937988221645355225e-01
5.221685171127319336e-01
5.183802843093872070e-01
4.871708154678344727e-01
5.415223240852355957e-01
4.682109057903289795e-01
5.374220013618469238e-01
4.943064153194427490e-01
4.863469004631042480e-01
4.933080673217773438e-01
5.361735820770263672e-01
4.955369234085083008e-01
5.344533920288085938e-01
5.330021381378173828e-01
5.333074927330017090e-01
5.090070962905883789e-01
4.984966516494750977e-01
4.962017536163330078e-01
5.221688747406005859e-01
5.078478455543518066e-01
5.103917121887207031e-01
5.456855893135070801e-01
5.087242722511291504e-01
5.159721970558166504e-01
4.746403694152832031e-01
5.065719485282897949e-01
5.158299207687377930e-01
5.095598101615905762e-01
5.383819341659545898e-01
4.711378514766693115e-01
4.989385604858398438e-01
5.331031084060668945e-01
4.813468754291534424e-01
4.890999794006347656e-01
4.886841475963592529e-01
4.868072569370269775e-01
4.815820157527923584e-01
4.836334586143493652e-01
4.858548343181610107e-01
4.997546374797821045e-01
5.027399063110351562e-01
4.874991476535797119e-01
5.133997201919555664e-01
4.961922764778137207e-01
4.889378547668457031e-01
4.868275225162506104e-01
4.881171584129333496e-01
4.976855814456939697e-01
4.971305727958679199e-01
4.680404067039489746e-01
4.786829650402069092e-01
5.006204843521118164e-01
4.851611256599426270e-01
4.256383180618286133e-01
4.878031313419342041e-01
4.850978553295135498e-01
4.862309098243713379e-01
4.917889237403869629e-01
4.928968846797943115e-01
5.329602956771850586e-01
4.612683951854705811e-01
5.051923990249633789e-01
4.893633425235748291e-01
4.539702236652374268e-01
4.770988225936889648e-01
4.615978002548217773e-01
5.197950005531311035e-01
4.967094659805297852e-01
4.989177584648132324e-01
4.540749788284301758e-01
5.189301371574401855e-01
5.072712302207946777e-01
5.177551507949829102e-01
5.343798398971557617e-01
5.128576159477233887e-01
5.288139581680297852e-01
4.786721765995025635e-01
4.890859425067901611e-01
5.550375580787658691e-01
5.529205203056335449e-01
5.120930671691894531e-01
4.620569944381713867e-01
4.950562417507171631e-01
5.313982367515563965e-01
4.787695705890655518e-01
5.091918110847473145e-01
4.861932992935180664e-01
5.351767539978027344e-01
4.776138365268707275e-01
5.008723735809326172e-01
4.976678192615509033e-01
4.516329169273376465e-01
4.527513384819030762e-01
4.689768552780151367e-01
5.266541838645935059e-01
5.119028091430664062e-01
5.533384680747985840e-01
5.343331098556518555e-01
4.453685283660888672e-01
5.194134712219238281e-01
5.067284107208251953e-01
5.220279097557067871e-01
5.277785658836364746e-01
5.382958650588989258e-01
5.176893472671508789e-01
4.570154845714569092e-01
4.766090810298919678e-01
5.027228593826293945e-01
5.062507987022399902e-01
5.440714955329895020e-01
5.450988411903381348e-01
4.705055654048919678e-01
5.069060325622558594e-01
5.381768941879272461e-01
5.420089364051818848e-01
4.979252219200134277e-01
5.029574632644653320e-01
4.587449431419372559e-01
5.158872008323669434e-01
5.320510864257812500e-01
4.882507324218750000e-01
4.951051473617553711e-01
5.300958752632141113e-01
5.202648639678955078e-01
4.757593870162963867e-01
5.075803399085998535e-01
4.969088435173034668e-01
5.172440409660339355e-01
4.858340024948120117e-01
4.879992306232452393e-01
5.141212344169616699e-01
4.873136878013610840e-01
5.022061467170715332e-01
4.818894565105438232e-01
4.622241556644439697e-01
4.411967992782592773e-01
4.595616459846496582e-01
4.676919579505920410e-01
4.818944036960601807e-01
4.676054716110229492e-01
5.306176543235778809e-01
5.223852396011352539e-01
4.878046810626983643e-01
5.358288884162902832e-01
5.319937467575073242e-01
5.074428915977478027e-01
5.296853780746459961e-01
5.045837163925170898e-01
4.874585568904876709e-01
5.104062557220458984e-01
5.161637067794799805e-01
5.357546210289001465e-01
4.891806542873382568e-01
4.717884659767150879e-01
5.058518052101135254e-01
5.092357397079467773e-01
4.719884693622589111e-01
5.194903016090393066e-01
4.845721423625946045e-01
5.180023908615112305e-01
5.006716847419738770e-01
5.078856945037841797e-01
4.747928678989410400e-01
4.336084127426147461e-01
5.305160880088806152e-01
4.977242052555084229e-01
4.803253710269927979e-01
5.104460716247558594e-01
5.349785089492797852e-01
4.664680361747741699e-01
5.011901259422302246e-01
4.872580766677856445e-01
5.265848636627197266e-01
5.409938693046569824e-01
5.218381285667419434e-01
5.354337692260742188e-01
4.857756793498992920e-01
5.328359603881835938e-01
5.297491550445556641e-01
4.853812456130981445e-01
4.994311928749084473e-01
4.586808085441589355e-01
5.279611349105834961e-01
5.192104578018188477e-01
4.540884792804718018e-01
4.562836885452270508e-01
5.148442387580871582e-01
5.059747099876403809e-01
5.332702994346618652e-01
5.191739797592163086e-01
4.970566332340240479e-01
4.949447810649871826e-01
4.889517426490783691e-01
5.229832530021667480e-01
5.183179974555969238e-01
4.696630239486694336e-01
4.904859960079193115e-01
5.119350552558898926e-01
4.565061330795288086e-01
5.212197303771972656e-01
5.264737010002136230e-01
4.880855679512023926e-01
4.941015243530273438e-01
5.135273933410644531e-01
5.379113554954528809e-01
4.772709608078002930e-01
4.704999625682830811e-01
4.862917661666870117e-01
5.187379717826843262e-01
4.966505169868469238e-01
5.141187310218811035e-01
5.099862813949584961e-01
3.779050409793853760e-01
4.806196987628936768e-01
4.632574319839477539e-01
5.251284837722778320e-01
4.940524995326995850e-01
4.926526844501495361e-01
4.979998767375946045e-01
5.004674792289733887e-01
4.817143082618713379e-01
4.932769834995269775e-01
4.600047767162322998e-01
5.116141438484191895e-01
4.817465841770172119e-01
4.662165939807891846e-01
4.798476397991180420e-01
5.099712014198303223e-01
4.290333688259124756e-01
4.839038252830505371e-01
5.320026874542236328e-01
5.032622814178466797e-01
4.788716137409210205e-01
4.953372478485107422e-01
5.330618619918823242e-01
4.075916409492492676e-01
4.918672442436218262e-01
4.828559458255767822e-01
5.144476890563964844e-01
4.762726724147796631e-01
5.316231846809387207e-01
4.927900433540344238e-01
4.402002990245819092e-01
5.080404281616210938e-01
5.104063749313354492e-01
4.924385547637939453e-01
4.811371266841888428e-01
4.908659160137176514e-01
4.852387011051177979e-01
5.220941901206970215e-01
5.028706192970275879e-01
4.908841252326965332e-01
4.740523993968963623e-01
4.978935420513153076e-01
5.347324013710021973e-01
5.011646151542663574e-01
4.340382516384124756e-01
5.051623582839965820e-01
5.072266459465026855e-01
5.564616918563842773e-01
5.015797019004821777e-01
4.532365500926971436e-01
5.184834599494934082e-01
5.150352120399475098e-01
4.512764811515808105e-01
4.755828678607940674e-01
4.656868278980255127e-01
4.765548408031463623e-01
4.826514720916748047e-01
4.352443814277648926e-01
5.170966982841491699e-01
4.591514468193054199e-01
4.771615862846374512e-01
5.193406343460083008e-01
4.875037968158721924e-01
4.850221872329711914e-01
5.023457407951354980e-01
5.010746717453002930e-01
4.453334808349609375e-01
4.608192443847656250e-01
4.905338883399963379e-01
4.805718958377838135e-01
4.818612635135650635e-01
4.972874820232391357e-01
4.943758547306060791e-01
5.303100347518920898e-01
5.016741752624511719e-01
5.108397603034973145e-01
4.776094555854797363e-01
5.176572799682617188e-01
5.112882852554321289e-01
5.075958967208862305e-01
5.328691005706787109e-01
4.938803315162658691e-01
5.310705900192260742e-01
4.931740462779998779e-01
5.130036473274230957e-01
4.769946634769439697e-01
5.135477185249328613e-01
5.097615718841552734e-01
5.050350427627563477e-01
5.196192860603332520e-01
5.124139189720153809e-01
5.545369982719421387e-01
5.185238122940063477e-01
5.073235630989074707e-01
4.794845879077911377e-01
4.257225990295410156e-01
5.317084789276123047e-01
5.165994763374328613e-01
5.272757411003112793e-01
5.172601938247680664e-01
5.309456586837768555e-01
5.296020507812500000e-01
4.861884713172912598e-01
4.443498551845550537e-01
4.946388304233551025e-01
4.664791822433471680e-01
5.096718668937683105e-01
4.731400012969970703e-01
4.415903687477111816e-01
4.496776461601257324e-01
5.068811774253845215e-01
4.802094697952270508e-01
4.829282164573669434e-01
4.788090586662292480e-01
4.535708725452423096e-01
4.958496093750000000e-01
5.226506590843200684e-01
4.518796205520629883e-01
4.683164656162261963e-01
5.178903937339782715e-01
5.149660706520080566e-01
5.020485520362854004e-01
5.245906710624694824e-01
4.853884577751159668e-01
5.451735854148864746e-01
5.167926549911499023e-01
4.460889995098114014e-01
4.949274063110351562e-01
5.154750347137451172e-01
5.273861289024353027e-01
4.736979305744171143e-01
4.663540422916412354e-01
4.453435838222503662e-01
4.428923130035400391e-01
5.158735513687133789e-01
4.366560876369476318e-01
5.079459547996520996e-01
4.694551229476928711e-01
4.995699822902679443e-01
4.666615128517150879e-01
4.957326054573059082e-01
5.417176485061645508e-01
5.168887972831726074e-01
5.044447183609008789e-01
4.708164632320404053e-01
4.560029804706573486e-01
4.850410521030426025e-01
5.449208021163940430e-01
5.173069238662719727e-01
5.017005205154418945e-01
4.919738769531250000e-01
4.950239062309265137e-01
4.734553992748260498e-01
5.308973789215087891e-01
4.708436727523803711e-01
4.647338390350341797e-01
4.983586370944976807e-01
4.586855173110961914e-01
5.078722238540649414e-01
4.735280871391296387e-01
4.945042431354522705e-01
5.201202630996704102e-01
5.092677474021911621e-01
4.967482089996337891e-01
4.747447371482849121e-01
5.071827173233032227e-01
5.001095533370971680e-01
4.935084581375122070e-01
5.318774580955505371e-01
5.114948749542236328e-01
4.603003263473510742e-01
5.427680015563964844e-01
5.231636166572570801e-01
5.085669159889221191e-01
5.295836329460144043e-01
5.105036497116088867e-01
5.486356616020202637e-01
5.263605117797851562e-01
4.984725117683410645e-01
5.176246762275695801e-01
5.630220174789428711e-01
4.945463836193084717e-01
5.248445868492126465e-01
5.287029743194580078e-01
5.262333750724792480e-01
5.193351507186889648e-01
4.834908545017242432e-01
5.025164484977722168e-01
5.452143549919128418e-01
5.018558502197265625e-01
5.101023316383361816e-01
5.135017633438110352e-01
4.978264868259429932e-01
4.949895143508911133e-01
5.124905109405517578e-01
4.809385538101196289e-01
5.440781116485595703e-01
4.761486649513244629e-01
4.494808912277221680e-01
5.026533007621765137e-01
5.227404236793518066e-01
4.736949503421783447e-01
5.205214619636535645e-01
4.555700421333312988e-01
4.878565371036529541e-01
5.090230703353881836e-01
5.246775150299072266e-01
5.100269317626953125e-01
4.896162450313568115e-01
4.943996369838714600e-01
4.971385300159454346e-01
5.136364102363586426e-01
5.271838903427124023e-01
5.136739611625671387e-01
5.055826306343078613e-01
4.760952293872833252e-01
5.014991164207458496e-01
5.115147829055786133e-01
4.957733154296875000e-01
5.097907781600952148e-01
5.106328725814819336e-01
5.198020339012145996e-01
5.162963867187500000e-01
5.058673024177551270e-01
5.162898302078247070e-01
5.087632536888122559e-01
5.002968907356262207e-01
5.406480431556701660e-01
4.965920746326446533e-01
5.416436195373535156e-01
4.934778213500976562e-01
5.385373234748840332e-01
5.063250660896301270e-01
4.989557862281799316e-01
4.948303103446960449e-01
5.073199868202209473e-01
5.069096684455871582e-01
5.052996873855590820e-01
4.757927060127258301e-01
5.466240048408508301e-01
4.875077605247497559e-01
4.884885251522064209e-01
5.465665459632873535e-01
5.117279887199401855e-01
5.166975259780883789e-01
5.148745775222778320e-01
4.822990894317626953e-01
5.151702165603637695e-01
5.076053142547607422e-01
4.872070550918579102e-01
5.551652908325195312e-01
5.115658640861511230e-01
5.208229422569274902e-01
4.909985363483428955e-01
5.248386859893798828e-01
5.073726177215576172e-01
5.085294246673583984e-01
4.998931288719177246e-01
5.144962072372436523e-01
4.654874801635742188e-01
5.155409574508666992e-01
4.910497963428497314e-01
4.737924039363861084e-01
5.233567953109741211e-01
4.873113036155700684e-01
4.718378782272338867e-01
5.126111507415771484e-01
5.437641143798828125e-01
5.077617764472961426e-01
5.311681032180786133e-01
4.972121715545654297e-01
5.222064852714538574e-01
5.555586218833923340e-01
4.831102490425109863e-01
4.622869789600372314e-01
5.196353197097778320e-01
5.197008848190307617e-01
4.805330932140350342e-01
4.897607862949371338e-01
5.154694318771362305e-01
4.679806828498840332e-01
4.843360781669616699e-01
5.124388337135314941e-01
5.728797316551208496e-01
4.644894599914550781e-01
5.209867954254150391e-01
5.398409962654113770e-01
4.823122918605804443e-01
4.928399026393890381e-01
4.902722835540771484e-01
5.052493810653686523e-01
5.046169161796569824e-01
5.366011857986450195e-01
4.555918574333190918e-01
5.089697837829589844e-01
4.907186627388000488e-01
5.187081098556518555e-01
5.128872394561767578e-01
4.606246054172515869e-01
5.069079995155334473e-01
5.139990448951721191e-01
5.432618260383605957e-01
5.198755860328674316e-01
4.952213168144226074e-01
5.178681015968322754e-01
5.188024640083312988e-01
5.122581720352172852e-01
5.125259160995483398e-01
5.004454851150512695e-01
4.803161025047302246e-01
5.296329855918884277e-01
5.436553955078125000e-01
5.426173210144042969e-01
5.267494916915893555e-01
4.974682331085205078e-01
5.075268149375915527e-01
5.236598849296569824e-01
5.081066489219665527e-01
5.230620503425598145e-01
5.153108835220336914e-01
5.105423331260681152e-01
5.349223017692565918e-01
5.110255479812622070e-01
4.865436851978302002e-01
5.010868310928344727e-01
4.982787966728210449e-01
5.141662359237670898e-01
5.302387475967407227e-01
5.304122567176818848e-01
5.328475236892700195e-01
5.072702169418334961e-01
4.909389317035675049e-01
5.105437636375427246e-01
5.526406764984130859e-01
5.543051958084106445e-01
5.017642378807067871e-01
4.859170913696289062e-01
5.063008069992065430e-01
5.057060122489929199e-01
5.285885334014892578e-01
5.274142026901245117e-01
5.221671462059020996e-01
5.421461462974548340e-01
5.130243301391601562e-01
4.911486506462097168e-01
5.025540590286254883e-01
4.935171604156494141e-01
5.245556235313415527e-01
5.081973075866699219e-01
5.230822563171386719e-01
5.115714073181152344e-01
4.933351874351501465e-01
5.299130678176879883e-01
4.926689863204956055e-01
5.104404687881469727e-01
5.090854763984680176e-01
4.974529147148132324e-01
