4.226121008396148682e-01
4.220681488513946533e-01
4.226808547973632812e-01
4.220700263977050781e-01
4.945351481437683105e-01
4.901041090488433838e-01
4.900918602943420410e-01
4.919681251049041748e-01
4.901079833507537842e-01
4.901331961154937744e-01
4.900846183300018311e-01
4.900727868080139160e-01
4.900842607021331787e-01
4.900199174880981445e-01
4.900873005390167236e-01
4.854348301887512207e-01
4.224406182765960693e-01
4.220953583717346191e-01
4.221147894859313965e-01
4.234632253646850586e-01
4.220790863037109375e-01
4.220773577690124512e-01
4.220828413963317871e-01
4.221023917198181152e-01
4.244011938571929932e-01
4.239679574966430664e-01
4.222687482833862305e-01
4.220944344997406006e-01
4.220705330371856689e-01
4.220819175243377686e-01
4.221387505531311035e-01
4.230250120162963867e-01
4.220754504203796387e-01
4.220744967460632324e-01
4.246801733970642090e-01
4.226830899715423584e-01
4.243395924568176270e-01
4.220679700374603271e-01
4.227539896965026855e-01
4.220681190490722656e-01
4.220693707466125488e-01
4.225650429725646973e-01
4.220682680606842041e-01
4.220686256885528564e-01
4.220691323280334473e-01
4.221031069755554199e-01
4.220681786537170410e-01
4.220684170722961426e-01
4.220709204673767090e-01
4.222003817558288574e-01
4.227197170257568359e-01
4.234654903411865234e-01
4.220726191997528076e-01
4.248251318931579590e-01
4.228540360927581787e-01
4.227640032768249512e-01
4.222682118415832520e-01
4.222898185253143311e-01
4.222264587879180908e-01
4.222975969314575195e-01
4.248016774654388428e-01
4.228011071681976318e-01
4.231000542640686035e-01
4.220683276653289795e-01
4.223521947860717773e-01
4.220682084560394287e-01
4.235009551048278809e-01
4.229806363582611084e-01
4.221020042896270752e-01
4.245547056198120117e-01
4.247552454471588135e-01
4.241962730884552002e-01
4.235669970512390137e-01
4.228569865226745605e-01
4.220689237117767334e-01
4.221208691596984863e-01
4.246967434883117676e-01
4.221530556678771973e-01
4.220742285251617432e-01
4.246656596660614014e-01
4.220144152641296387e-01
4.223617315292358398e-01
4.220691919326782227e-01
4.220706522464752197e-01
4.220717251300811768e-01
4.220713078975677490e-01
4.220706820487976074e-01
4.224354922771453857e-01
4.222078919410705566e-01
4.221081733703613281e-01
4.241552352905273438e-01
4.222339093685150146e-01
4.225857257843017578e-01
4.220681190490722656e-01
4.901103377342224121e-01
4.901233911514282227e-01
4.220708608627319336e-01
4.220766425132751465e-01
4.220724999904632568e-01
4.220722615718841553e-01
4.901424944400787354e-01
4.901374578475952148e-01
4.901276528835296631e-01
4.898554980754852295e-01
4.900809228420257568e-01
4.897516369819641113e-01
4.890092611312866211e-01
4.221108853816986084e-01
4.221279919147491455e-01
4.220790266990661621e-01
4.230906963348388672e-01
4.223905205726623535e-01
4.264236092567443848e-01
4.221192598342895508e-01
4.220969080924987793e-01
4.220891594886779785e-01
4.221307039260864258e-01
4.221274852752685547e-01
4.221200346946716309e-01
4.220929741859436035e-01
4.222040772438049316e-01
4.222889244556427002e-01
4.220821261405944824e-01
4.220789372920989990e-01
4.220866560935974121e-01
4.221031963825225830e-01
4.222111105918884277e-01
4.249763190746307373e-01
4.220543503761291504e-01
4.220698177814483643e-01
4.243877530097961426e-01
4.238526821136474609e-01
4.233508408069610596e-01
4.224204421043395996e-01
4.232130646705627441e-01
4.222799539566040039e-01
4.251129925251007080e-01
4.239591956138610840e-01
4.237376451492309570e-01
4.226588308811187744e-01
4.244808554649353027e-01
4.231394529342651367e-01
4.245636463165283203e-01
4.251079559326171875e-01
4.248774349689483643e-01
4.241887331008911133e-01
4.244729578495025635e-01
4.225154519081115723e-01
4.236227571964263916e-01
4.223131835460662842e-01
4.242239892482757568e-01
4.227667748928070068e-01
4.239424467086791992e-01
4.224975705146789551e-01
4.243005514144897461e-01
4.248030185699462891e-01
4.248270392417907715e-01
4.238314032554626465e-01
4.245921671390533447e-01
4.239188134670257568e-01
4.246837496757507324e-01
4.253942966461181641e-01
4.248211979866027832e-01
4.245071411132812500e-01
4.221572577953338623e-01
4.909172058105468750e-01
4.937815070152282715e-01
4.911185204982757568e-01
4.908101856708526611e-01
4.910327196121215820e-01
4.926612377166748047e-01
4.920874536037445068e-01
4.880402684211730957e-01
4.899439811706542969e-01
4.901471138000488281e-01
4.917905628681182861e-01
4.910971224308013916e-01
4.238245189189910889e-01
4.910179078578948975e-01
4.908987283706665039e-01
4.968702495098114014e-01
4.911957085132598877e-01
4.907115995883941650e-01
4.246089458465576172e-01
4.901147782802581787e-01
4.901414811611175537e-01
4.925580024719238281e-01
4.236719608306884766e-01
4.220955371856689453e-01
4.335696399211883545e-01
4.922485649585723877e-01
4.902676641941070557e-01
4.956535398960113525e-01
4.933429658412933350e-01
4.766979515552520752e-01
4.918563961982727051e-01
4.917065799236297607e-01
4.913024008274078369e-01
4.915355741977691650e-01
4.931997656822204590e-01
4.420372247695922852e-01
4.248885214328765869e-01
4.229651093482971191e-01
4.900792837142944336e-01
4.919466972351074219e-01
4.313839673995971680e-01
4.232312440872192383e-01
4.920571446418762207e-01
4.937917590141296387e-01
4.934264719486236572e-01
4.904558658599853516e-01
4.900837242603302002e-01
4.901465475559234619e-01
4.901582598686218262e-01
4.904008507728576660e-01
4.901470541954040527e-01
4.901922643184661865e-01
4.908822476863861084e-01
4.914758801460266113e-01
4.241245687007904053e-01
4.440720975399017334e-01
4.924147427082061768e-01
4.923331141471862793e-01
4.250186085700988770e-01
4.246183633804321289e-01
4.918074011802673340e-01
4.915476441383361816e-01
4.901517331600189209e-01
4.708984792232513428e-01
4.910737574100494385e-01
4.910127520561218262e-01
4.232131838798522949e-01
4.910631477832794189e-01
4.901438057422637939e-01
4.864065051078796387e-01
4.221455752849578857e-01
4.901450276374816895e-01
4.898157119750976562e-01
4.899574518203735352e-01
4.901356995105743408e-01
4.885368049144744873e-01
4.900799691677093506e-01
4.901037812232971191e-01
4.892585575580596924e-01
4.888336956501007080e-01
4.897522628307342529e-01
4.900089502334594727e-01
4.221274554729461670e-01
4.221548438072204590e-01
4.221801459789276123e-01
4.221962690353393555e-01
4.222417473793029785e-01
4.222039878368377686e-01
4.221488833427429199e-01
4.222686886787414551e-01
4.221711754798889160e-01
4.873748123645782471e-01
4.221312701702117920e-01
4.222818911075592041e-01
4.221601784229278564e-01
4.222508370876312256e-01
4.221337139606475830e-01
4.225100874900817871e-01
4.221320748329162598e-01
4.256297051906585693e-01
4.239947199821472168e-01
4.239899814128875732e-01
4.220820963382720947e-01
4.233037829399108887e-01
4.227333366870880127e-01
4.234702587127685547e-01
4.235367774963378906e-01
4.227076768875122070e-01
4.242700338363647461e-01
4.220692813396453857e-01
4.238990545272827148e-01
4.245435595512390137e-01
4.250728189945220947e-01
4.757737815380096436e-01
4.247345924377441406e-01
4.911512434482574463e-01
4.922530055046081543e-01
4.929063618183135986e-01
4.969349801540374756e-01
4.927830398082733154e-01
4.895054996013641357e-01
4.247791767120361328e-01
4.211500883102416992e-01
4.912574589252471924e-01
4.228400886058807373e-01
4.253734350204467773e-01
4.247857332229614258e-01
4.250406622886657715e-01
4.252892136573791504e-01
4.905986487865447998e-01
4.913786053657531738e-01
4.894518852233886719e-01
4.911477863788604736e-01
4.914911389350891113e-01
4.255782961845397949e-01
4.928710162639617920e-01
4.926817417144775391e-01
4.916644394397735596e-01
4.908903837203979492e-01
4.910467565059661865e-01
4.921353459358215332e-01
4.909527003765106201e-01
4.915443360805511475e-01
4.918636679649353027e-01
4.227645695209503174e-01
4.939319789409637451e-01
4.922569394111633301e-01
4.928302168846130371e-01
4.253441989421844482e-01
4.913143217563629150e-01
4.901568591594696045e-01
4.907813072204589844e-01
4.897907078266143799e-01
4.901559650897979736e-01
4.906452298164367676e-01
4.904160499572753906e-01
4.901292026042938232e-01
4.220793247222900391e-01
4.901430904865264893e-01
4.901152849197387695e-01
4.240434169769287109e-01
4.231667518615722656e-01
4.912700653076171875e-01
4.226158261299133301e-01
4.901590645313262939e-01
4.901390671730041504e-01
4.901398122310638428e-01
4.901589751243591309e-01
4.900939464569091797e-01
4.900905787944793701e-01
4.900914132595062256e-01
4.897680580615997314e-01
4.900882244110107422e-01
4.851094484329223633e-01
4.825890064239501953e-01
4.871184527873992920e-01
4.229486584663391113e-01
4.241071641445159912e-01
4.220755398273468018e-01
4.220748245716094971e-01
4.220849275588989258e-01
4.225889444351196289e-01
4.229194223880767822e-01
4.229424893856048584e-01
4.221223890781402588e-01
4.222800135612487793e-01
4.223363101482391357e-01
4.223097562789916992e-01
4.221903383731842041e-01
4.221709668636322021e-01
4.234901368618011475e-01
4.224137663841247559e-01
4.223763048648834229e-01
4.230605065822601318e-01
4.223893582820892334e-01
4.238921105861663818e-01
4.250617027282714844e-01
4.224340617656707764e-01
4.221231341361999512e-01
4.221903979778289795e-01
4.254729151725769043e-01
4.225575327873229980e-01
4.226648807525634766e-01
4.230637848377227783e-01
4.243401288986206055e-01
4.237698614597320557e-01
4.222643673419952393e-01
4.222769439220428467e-01
4.220696091651916504e-01
4.220794141292572021e-01
4.220798313617706299e-01
4.221157729625701904e-01
4.220816791057586670e-01
4.224012792110443115e-01
4.222846627235412598e-01
4.220923781394958496e-01
4.221141934394836426e-01
4.221411347389221191e-01
4.220965206623077393e-01
4.222402572631835938e-01
4.221056103706359863e-01
4.221914112567901611e-01
4.221877157688140869e-01
4.220987558364868164e-01
4.221765697002410889e-01
4.221065342426300049e-01
4.221523702144622803e-01
4.220851659774780273e-01
4.221348166465759277e-01
4.221032261848449707e-01
4.221282899379730225e-01
4.221421480178833008e-01
4.221658110618591309e-01
4.221353232860565186e-01
4.221960306167602539e-01
4.221442937850952148e-01
4.222361445426940918e-01
4.221509397029876709e-01
4.222108423709869385e-01
4.221404194831848145e-01
4.222337305545806885e-01
4.221205413341522217e-01
4.220930337905883789e-01
4.221290647983551025e-01
4.220846891403198242e-01
4.220770895481109619e-01
4.223019182682037354e-01
4.221172630786895752e-01
4.220910072326660156e-01
4.220840930938720703e-01
4.221025407314300537e-01
4.220702648162841797e-01
4.221956729888916016e-01
4.220710396766662598e-01
4.221365451812744141e-01
4.228894412517547607e-01
4.232163727283477783e-01
4.232529401779174805e-01
4.220901727676391602e-01
4.223201274871826172e-01
4.221109747886657715e-01
4.220930933952331543e-01
4.221209883689880371e-01
4.221448898315429688e-01
4.898225963115692139e-01
4.898830056190490723e-01
4.879900515079498291e-01
4.940080940723419189e-01
4.231835603713989258e-01
4.262225031852722168e-01
4.223052263259887695e-01
4.220876991748809814e-01
4.221505522727966309e-01
4.220957756042480469e-01
4.233725666999816895e-01
4.220783114433288574e-01
4.221003651618957520e-01
4.221007823944091797e-01
4.220910668373107910e-01
4.220899045467376709e-01
4.220803081989288330e-01
4.220888316631317139e-01
4.220959842205047607e-01
4.220852553844451904e-01
4.225894808769226074e-01
4.243675470352172852e-01
4.224818050861358643e-01
4.254191219806671143e-01
4.243874549865722656e-01
4.246018528938293457e-01
4.230176508426666260e-01
4.221371412277221680e-01
4.225074648857116699e-01
4.226466119289398193e-01
4.227318763732910156e-01
4.221627414226531982e-01
4.220944046974182129e-01
4.221448898315429688e-01
4.248461127281188965e-01
4.229715466499328613e-01
4.222979843616485596e-01
4.222942888736724854e-01
4.221580326557159424e-01
4.247709512710571289e-01
4.220862686634063721e-01
4.226748943328857422e-01
4.223996996879577637e-01
4.223731756210327148e-01
4.229702949523925781e-01
4.246247410774230957e-01
4.221024513244628906e-01
4.249591827392578125e-01
4.225079417228698730e-01
4.240795969963073730e-01
4.224421083927154541e-01
4.220694303512573242e-01
4.235988557338714600e-01
4.894904494285583496e-01
4.661055207252502441e-01
4.227852225303649902e-01
4.231573343276977539e-01
4.248890578746795654e-01
4.891224801540374756e-01
4.901384413242340088e-01
4.241260886192321777e-01
4.901601076126098633e-01
4.222930073738098145e-01
4.220741093158721924e-01
4.220712482929229736e-01
4.220813810825347900e-01
4.548922777175903320e-01
4.220786690711975098e-01
4.220781624317169189e-01
4.220753312110900879e-01
4.220839142799377441e-01
4.220894277095794678e-01
4.886468052864074707e-01
4.888279438018798828e-01
4.887344837188720703e-01
4.886161684989929199e-01
4.881704449653625488e-01
4.224285781383514404e-01
4.222154021263122559e-01
4.222230613231658936e-01
4.221584796905517578e-01
4.879459142684936523e-01
4.883079826831817627e-01
4.223589897155761719e-01
4.880115687847137451e-01
4.881030619144439697e-01
4.885900020599365234e-01
4.882144927978515625e-01
4.884628057479858398e-01
4.225680530071258545e-01
4.881316721439361572e-01
4.224558174610137939e-01
4.222196340560913086e-01
4.221048951148986816e-01
4.222791492938995361e-01
4.223080873489379883e-01
4.222985506057739258e-01
4.222407639026641846e-01
4.221779108047485352e-01
4.221565723419189453e-01
4.222411215305328369e-01
4.223088324069976807e-01
4.224613904953002930e-01
4.240408241748809814e-01
4.220696687698364258e-01
4.234672188758850098e-01
4.220977425575256348e-01
4.220784008502960205e-01
4.237995445728302002e-01
4.264267086982727051e-01
4.239262640476226807e-01
4.243805408477783203e-01
4.223499298095703125e-01
4.235049486160278320e-01
4.262720644474029541e-01
4.242157936096191406e-01
4.220763742923736572e-01
4.220698475837707520e-01
4.231800734996795654e-01
4.228693842887878418e-01
4.234924018383026123e-01
4.222259521484375000e-01
4.251925349235534668e-01
4.245074987411499023e-01
4.225378036499023438e-01
4.245725572109222412e-01
4.257090091705322266e-01
4.242730736732482910e-01
4.224843382835388184e-01
4.257634580135345459e-01
4.247792363166809082e-01
4.249756932258605957e-01
4.241096973419189453e-01
4.242512583732604980e-01
4.248374104499816895e-01
4.246442615985870361e-01
4.247396588325500488e-01
4.246476888656616211e-01
4.913685917854309082e-01
4.247119128704071045e-01
4.239487051963806152e-01
4.853626191616058350e-01
4.911864995956420898e-01
4.909461140632629395e-01
4.911691844463348389e-01
4.904000461101531982e-01
4.901105761528015137e-01
4.937775433063507080e-01
4.220688939094543457e-01
4.819336533546447754e-01
4.901249408721923828e-01
4.901464283466339111e-01
4.900900721549987793e-01
4.929072558879852295e-01
4.901409447193145752e-01
4.901556670665740967e-01
4.892838001251220703e-01
4.890334904193878174e-01
4.968769252300262451e-01
4.901224970817565918e-01
4.915347993373870850e-01
4.892297089099884033e-01
4.892543852329254150e-01
4.244174957275390625e-01
4.915040135383605957e-01
4.901336729526519775e-01
4.887147843837738037e-01
4.900670051574707031e-01
4.900921881198883057e-01
4.901364743709564209e-01
4.901346266269683838e-01
4.901572763919830322e-01
4.220682978630065918e-01
4.220692217350006104e-01
4.220687150955200195e-01
4.220837354660034180e-01
4.220703840255737305e-01
4.220724105834960938e-01
4.220771789550781250e-01
4.220857620239257812e-01
4.220722019672393799e-01
4.231912493705749512e-01
4.220679402351379395e-01
4.220685362815856934e-01
4.220684468746185303e-01
4.220683872699737549e-01
4.220683574676513672e-01
4.220683872699737549e-01
4.220682382583618164e-01
4.901313781738281250e-01
4.220691621303558350e-01
4.220697581768035889e-01
4.220704734325408936e-01
4.220700263977050781e-01
4.901503920555114746e-01
4.220696687698364258e-01
4.651152491569519043e-01
4.252046346664428711e-01
4.220691919326782227e-01
4.220699071884155273e-01
4.221490025520324707e-01
4.241276085376739502e-01
4.900893568992614746e-01
4.921125173568725586e-01
4.906975030899047852e-01
4.228861927986145020e-01
4.920120537281036377e-01
4.909490346908569336e-01
4.901590943336486816e-01
4.901422560214996338e-01
4.901188611984252930e-01
4.901512265205383301e-01
4.901603758335113525e-01
4.901495277881622314e-01
4.902225136756896973e-01
4.901210069656372070e-01
4.907145500183105469e-01
4.901534914970397949e-01
4.901553690433502197e-01
4.901496171951293945e-01
4.906543195247650146e-01
4.901237785816192627e-01
4.901493787765502930e-01
4.901604652404785156e-01
4.900998771190643311e-01
4.901547431945800781e-01
4.901500046253204346e-01
4.908522665500640869e-01
4.900282621383666992e-01
4.910092651844024658e-01
4.902499318122863770e-01
4.911431074142456055e-01
4.908995330333709717e-01
4.910817742347717285e-01
4.903654456138610840e-01
4.904388189315795898e-01
4.904617071151733398e-01
4.904580116271972656e-01
4.901524782180786133e-01
4.903085827827453613e-01
4.901437461376190186e-01
4.901546537876129150e-01
4.901531040668487549e-01
4.901374280452728271e-01
4.901400506496429443e-01
4.901272654533386230e-01
4.898416101932525635e-01
4.221003651618957520e-01
4.220907688140869141e-01
4.220883250236511230e-01
4.265592694282531738e-01
4.233022630214691162e-01
4.220825135707855225e-01
4.220798313617706299e-01
4.239569008350372314e-01
4.240030050277709961e-01
4.241927266120910645e-01
4.242407679557800293e-01
4.243502020835876465e-01
4.220739603042602539e-01
4.243594110012054443e-01
4.250104725360870361e-01
4.166105091571807861e-01
4.225984811782836914e-01
4.220927953720092773e-01
4.244017004966735840e-01
4.220702648162841797e-01
4.228062629699707031e-01
4.221877157688140869e-01
4.227332770824432373e-01
4.220772385597229004e-01
4.234654903411865234e-01
4.235049188137054443e-01
4.220711588859558105e-01
4.220732450485229492e-01
4.221216142177581787e-01
4.220701158046722412e-01
4.229872226715087891e-01
4.222465157508850098e-01
4.230211079120635986e-01
4.238494634628295898e-01
4.246076345443725586e-01
4.223705232143402100e-01
4.251002073287963867e-01
4.220680594444274902e-01
4.240263998508453369e-01
4.230328202247619629e-01
4.233912825584411621e-01
4.223227500915527344e-01
4.221085906028747559e-01
4.220680594444274902e-01
4.241255521774291992e-01
4.239832162857055664e-01
4.220678508281707764e-01
4.901259243488311768e-01
4.239962100982666016e-01
4.614021182060241699e-01
4.911746978759765625e-01
4.901300668716430664e-01
4.901309907436370850e-01
4.901479482650756836e-01
4.900892376899719238e-01
4.901588559150695801e-01
4.901172220706939697e-01
4.901005029678344727e-01
4.900473654270172119e-01
4.220711588859558105e-01
4.220851361751556396e-01
4.244607090950012207e-01
4.224727153778076172e-01
4.902714788913726807e-01
4.901267290115356445e-01
4.903420805931091309e-01
4.251852333545684814e-01
4.913912415504455566e-01
4.900360107421875000e-01
4.249151051044464111e-01
4.242301583290100098e-01
4.924647510051727295e-01
4.240432977676391602e-01
4.901573657989501953e-01
4.897912442684173584e-01
4.901433289051055908e-01
4.901166260242462158e-01
4.896110892295837402e-01
4.923211038112640381e-01
4.220703244209289551e-01
4.230344593524932861e-01
4.220684766769409180e-01
4.228136241436004639e-01
4.207477569580078125e-01
4.220681190490722656e-01
4.221067428588867188e-01
4.228584766387939453e-01
4.220697879791259766e-01
4.220712184906005859e-01
4.220847487449645996e-01
4.220843315124511719e-01
4.220935404300689697e-01
4.221075773239135742e-01
4.231703877449035645e-01
4.220681190490722656e-01
4.232867956161499023e-01
4.221193194389343262e-01
4.220985770225524902e-01
4.221267998218536377e-01
4.225286245346069336e-01
4.221127033233642578e-01
4.221254289150238037e-01
4.220851659774780273e-01
4.221238195896148682e-01
4.235726892948150635e-01
4.220820963382720947e-01
4.220976531505584717e-01
4.220860600471496582e-01
4.230799674987792969e-01
4.221092760562896729e-01
4.233911931514739990e-01
4.223294258117675781e-01
4.233216643333435059e-01
4.235863089561462402e-01
4.221309423446655273e-01
4.231168031692504883e-01
4.220830798149108887e-01
4.248201549053192139e-01
4.220778048038482666e-01
4.229840934276580811e-01
4.220855534076690674e-01
4.235845208168029785e-01
4.221083521842956543e-01
4.237984418869018555e-01
4.231110215187072754e-01
4.233497977256774902e-01
4.227983057498931885e-01
4.221004843711853027e-01
4.223926365375518799e-01
4.226281642913818359e-01
4.231759309768676758e-01
4.231725633144378662e-01
4.229795336723327637e-01
4.221432805061340332e-01
4.223754405975341797e-01
4.228190779685974121e-01
4.221763312816619873e-01
4.220950305461883545e-01
4.220933020114898682e-01
4.233397245407104492e-01
4.245928525924682617e-01
4.230216741561889648e-01
4.220719635486602783e-01
4.220804870128631592e-01
4.220988154411315918e-01
4.242573976516723633e-01
4.220753014087677002e-01
4.234826266765594482e-01
4.237149655818939209e-01
4.245984554290771484e-01
4.224348068237304688e-01
4.249677956104278564e-01
4.221200942993164062e-01
4.220682680606842041e-01
4.220683872699737549e-01
4.220691323280334473e-01
4.220686256885528564e-01
4.220681786537170410e-01
4.220691919326782227e-01
4.220704436302185059e-01
4.220748543739318848e-01
4.241248071193695068e-01
4.223163127899169922e-01
4.221098423004150391e-01
4.220899939537048340e-01
4.232578277587890625e-01
4.253462255001068115e-01
4.233188927173614502e-01
4.215570688247680664e-01
4.224978685379028320e-01
4.223560988903045654e-01
4.224538803100585938e-01
4.220682680606842041e-01
4.220684766769409180e-01
4.220684468746185303e-01
4.220694005489349365e-01
4.220706224441528320e-01
4.224937558174133301e-01
4.223059415817260742e-01
4.220700263977050781e-01
4.220754206180572510e-01
4.220701754093170166e-01
4.215043783187866211e-01
4.220682084560394287e-01
4.220738410949707031e-01
4.220846295356750488e-01
4.221012294292449951e-01
4.221102893352508545e-01
4.223444163799285889e-01
4.220839142799377441e-01
4.236406087875366211e-01
4.230538606643676758e-01
4.221487641334533691e-01
4.220782220363616943e-01
4.220788478851318359e-01
4.231279194355010986e-01
4.221594929695129395e-01
4.220680594444274902e-01
4.247689843177795410e-01
4.186854362487792969e-01
4.241687059402465820e-01
4.234429597854614258e-01
4.220679998397827148e-01
4.232072234153747559e-01
4.220679700374603271e-01
4.256922602653503418e-01
4.230822622776031494e-01
4.252181053161621094e-01
4.233330190181732178e-01
4.246840178966522217e-01
4.254118800163269043e-01
4.253111779689788818e-01
4.239995479583740234e-01
4.220682084560394287e-01
4.220697581768035889e-01
4.220712184906005859e-01
4.220706522464752197e-01
4.220743477344512939e-01
4.220782816410064697e-01
4.901219904422760010e-01
4.867825806140899658e-01
4.224122166633605957e-01
4.224215745925903320e-01
4.572851359844207764e-01
4.223598241806030273e-01
4.222278296947479248e-01
4.850523471832275391e-01
4.901472032070159912e-01
4.848170876502990723e-01
4.898287355899810791e-01
4.853618144989013672e-01
4.891589879989624023e-01
4.226406812667846680e-01
4.223594665527343750e-01
4.223282337188720703e-01
4.222462475299835205e-01
4.878280758857727051e-01
4.222909808158874512e-01
4.223249852657318115e-01
4.221476614475250244e-01
4.223375618457794189e-01
4.223777353763580322e-01
4.222178757190704346e-01
4.221929907798767090e-01
4.226063191890716553e-01
4.221280515193939209e-01
4.221177697181701660e-01
4.225795269012451172e-01
4.234176576137542725e-01
4.224779307842254639e-01
4.228051006793975830e-01
4.223136305809020996e-01
4.221302270889282227e-01
4.221545755863189697e-01
4.220999479293823242e-01
4.222478568553924561e-01
4.226604402065277100e-01
4.221351742744445801e-01
4.221222698688507080e-01
4.222034811973571777e-01
4.221411347389221191e-01
4.221774339675903320e-01
4.227176308631896973e-01
4.222207069396972656e-01
4.221336543560028076e-01
4.225938916206359863e-01
4.234524369239807129e-01
4.228666722774505615e-01
4.227975010871887207e-01
4.221161603927612305e-01
4.221738576889038086e-01
4.220999479293823242e-01
4.220865368843078613e-01
4.235469698905944824e-01
4.255609214305877686e-01
4.212225675582885742e-01
4.222596883773803711e-01
4.222894608974456787e-01
4.235058426856994629e-01
4.223533868789672852e-01
4.222030043601989746e-01
4.221875965595245361e-01
4.222155213356018066e-01
4.211673438549041748e-01
4.220687150955200195e-01
4.220848679542541504e-01
4.236395359039306641e-01
4.220785200595855713e-01
4.204800724983215332e-01
4.220690727233886719e-01
4.220757484436035156e-01
4.221706390380859375e-01
4.220739901065826416e-01
4.220756888389587402e-01
4.220792949199676514e-01
4.213767349720001221e-01
4.221518039703369141e-01
4.221207499504089355e-01
4.228506982326507568e-01
4.220830202102661133e-01
4.221047163009643555e-01
4.220892190933227539e-01
4.221135377883911133e-01
4.221562445163726807e-01
4.221569597721099854e-01
4.220705032348632812e-01
4.220713376998901367e-01
4.220858216285705566e-01
4.221359193325042725e-01
4.221453666687011719e-01
4.221030771732330322e-01
4.221166968345642090e-01
4.221095442771911621e-01
4.221000075340270996e-01
4.220816195011138916e-01
4.227533340454101562e-01
4.220967292785644531e-01
4.220863282680511475e-01
4.220823645591735840e-01
4.220710396766662598e-01
4.246080815792083740e-01
4.220759868621826172e-01
4.233940243721008301e-01
4.234110414981842041e-01
4.244678616523742676e-01
4.220680892467498779e-01
4.243662357330322266e-01
4.221341013908386230e-01
4.247466325759887695e-01
4.249937832355499268e-01
4.253547787666320801e-01
4.248262643814086914e-01
4.242024421691894531e-01
4.242087900638580322e-01
4.244916141033172607e-01
4.232311546802520752e-01
4.235178828239440918e-01
4.220679700374603271e-01
4.220680296421051025e-01
4.220680594444274902e-01
4.220684766769409180e-01
4.220702946186065674e-01
4.220878183841705322e-01
4.220778048038482666e-01
4.221594035625457764e-01
4.220696091651916504e-01
4.220688343048095703e-01
4.220695197582244873e-01
4.223683774471282959e-01
4.906994700431823730e-01
4.901167154312133789e-01
4.901576638221740723e-01
4.905437231063842773e-01
4.895090460777282715e-01
4.901497364044189453e-01
4.900923669338226318e-01
4.901240468025207520e-01
4.900770783424377441e-01
4.874801039695739746e-01
4.900294840335845947e-01
4.910554587841033936e-01
4.900691509246826172e-01
4.920037686824798584e-01
4.926180243492126465e-01
4.922448694705963135e-01
4.901789426803588867e-01
4.915035963058471680e-01
4.905655980110168457e-01
4.913574755191802979e-01
4.918480813503265381e-01
4.900629222393035889e-01
4.919420480728149414e-01
4.908072650432586670e-01
4.912612438201904297e-01
4.921508431434631348e-01
4.920516610145568848e-01
4.921923577785491943e-01
4.928609430789947510e-01
4.909996688365936279e-01
4.899438321590423584e-01
4.901545941829681396e-01
4.908219575881958008e-01
4.900323748588562012e-01
4.912147521972656250e-01
4.923943579196929932e-01
4.929798543453216553e-01
4.919412434101104736e-01
4.900627136230468750e-01
4.865036308765411377e-01
4.899561405181884766e-01
4.901324808597564697e-01
4.901210665702819824e-01
4.901533722877502441e-01
4.901382029056549072e-01
4.901251792907714844e-01
4.901492893695831299e-01
4.901106357574462891e-01
4.901466369628906250e-01
4.901465773582458496e-01
4.901443421840667725e-01
4.901334941387176514e-01
4.901172518730163574e-01
4.901073575019836426e-01
4.220711290836334229e-01
4.220949709415435791e-01
4.222407341003417969e-01
4.222100377082824707e-01
4.221030473709106445e-01
4.221183657646179199e-01
4.249784350395202637e-01
4.221379458904266357e-01
4.220982491970062256e-01
4.221062362194061279e-01
4.221981167793273926e-01
4.222369790077209473e-01
4.221740961074829102e-01
4.221604764461517334e-01
4.223601818084716797e-01
4.234002232551574707e-01
4.222776889801025391e-01
4.221531152725219727e-01
4.221400618553161621e-01
4.220903515815734863e-01
4.221286475658416748e-01
4.221286773681640625e-01
4.221135377883911133e-01
4.221328496932983398e-01
4.232395291328430176e-01
4.235140085220336914e-01
4.221224784851074219e-01
4.220682382583618164e-01
4.220716953277587891e-01
4.220680296421051025e-01
4.220684170722961426e-01
4.223586022853851318e-01
4.220703244209289551e-01
4.220698475837707520e-01
4.220748543739318848e-01
4.220955669879913330e-01
4.220936000347137451e-01
4.221051633358001709e-01
4.221473336219787598e-01
4.225417077541351318e-01
4.222607314586639404e-01
4.220823645591735840e-01
4.220702052116394043e-01
4.220693409442901611e-01
4.220720529556274414e-01
4.220752418041229248e-01
4.220872521400451660e-01
4.244365096092224121e-01
4.220958948135375977e-01
4.221043586730957031e-01
4.220988154411315918e-01
4.220982789993286133e-01
4.221701622009277344e-01
4.221062362194061279e-01
4.221323430538177490e-01
4.221700429916381836e-01
4.220944046974182129e-01
4.220864772796630859e-01
4.230479896068572998e-01
4.220725893974304199e-01
4.220884442329406738e-01
4.220756590366363525e-01
4.220803976058959961e-01
4.220828413963317871e-01
4.220810532569885254e-01
4.222472906112670898e-01
4.220858812332153320e-01
4.221273362636566162e-01
4.247991740703582764e-01
4.224365353584289551e-01
4.220836460590362549e-01
4.220708906650543213e-01
4.234718084335327148e-01
4.254895448684692383e-01
4.220939278602600098e-01
4.220690727233886719e-01
4.220751523971557617e-01
4.220970869064331055e-01
4.230508208274841309e-01
4.220790565013885498e-01
4.221083223819732666e-01
4.220962524414062500e-01
4.220961928367614746e-01
4.221130609512329102e-01
4.220961332321166992e-01
4.221498370170593262e-01
4.221137464046478271e-01
4.221111536026000977e-01
4.247724115848541260e-01
4.220773577690124512e-01
4.220829010009765625e-01
4.220812320709228516e-01
4.221378862857818604e-01
4.220867455005645752e-01
4.221199452877044678e-01
4.220860600471496582e-01
4.220824837684631348e-01
4.233042895793914795e-01
4.220762252807617188e-01
4.223880171775817871e-01
4.221100211143493652e-01
4.221196770668029785e-01
4.221245348453521729e-01
4.220836460590362549e-01
4.221411943435668945e-01
4.221113920211791992e-01
4.223531484603881836e-01
4.221938848495483398e-01
4.220777153968811035e-01
4.220799207687377930e-01
4.226503968238830566e-01
4.236041903495788574e-01
4.220714569091796875e-01
4.223275780677795410e-01
4.244488477706909180e-01
4.223199784755706787e-01
4.223004579544067383e-01
4.220699071884155273e-01
4.220703244209289551e-01
4.221377670764923096e-01
4.240396618843078613e-01
4.220710098743438721e-01
4.221293330192565918e-01
4.220682680606842041e-01
4.240565001964569092e-01
4.223884046077728271e-01
4.240735471248626709e-01
4.220686852931976318e-01
4.243423044681549072e-01
4.220683872699737549e-01
4.256566166877746582e-01
4.223368465900421143e-01
4.222180247306823730e-01
4.226255416870117188e-01
4.220735728740692139e-01
4.227830171585083008e-01
4.222111701965332031e-01
4.239493608474731445e-01
4.231886267662048340e-01
4.220859706401824951e-01
4.223866164684295654e-01
4.220764040946960449e-01
4.220834970474243164e-01
4.224306344985961914e-01
4.220788478851318359e-01
4.240007698535919189e-01
4.900435209274291992e-01
4.231420457363128662e-01
4.240332841873168945e-01
4.220683276653289795e-01
4.228290617465972900e-01
4.220771789550781250e-01
4.220772087574005127e-01
4.220852255821228027e-01
4.220777750015258789e-01
4.220962524414062500e-01
4.253377020359039307e-01
4.220989048480987549e-01
4.231094717979431152e-01
4.244591891765594482e-01
4.220679700374603271e-01
4.220691025257110596e-01
4.220693111419677734e-01
4.220724105834960938e-01
4.220762252807617188e-01
4.220815002918243408e-01
4.221341609954833984e-01
4.221227467060089111e-01
4.220891594886779785e-01
4.220929741859436035e-01
4.250147640705108643e-01
4.248569607734680176e-01
4.220679998397827148e-01
4.220746755599975586e-01
4.220728874206542969e-01
4.220790266990661621e-01
4.220801591873168945e-01
4.254229664802551270e-01
4.218462407588958740e-01
4.220710396766662598e-01
4.220738410949707031e-01
4.220776855945587158e-01
4.220800697803497314e-01
4.220821857452392578e-01
4.221846163272857666e-01
4.220956563949584961e-01
4.223912656307220459e-01
4.220831692218780518e-01
4.220886826515197754e-01
4.220785498619079590e-01
4.224114120006561279e-01
4.220685958862304688e-01
4.220743179321289062e-01
4.220890402793884277e-01
4.220928251743316650e-01
4.220950305461883545e-01
4.220823049545288086e-01
4.221014678478240967e-01
4.220862388610839844e-01
4.220886230468750000e-01
4.220905303955078125e-01
4.221839010715484619e-01
4.221862852573394775e-01
4.223153889179229736e-01
4.220924377441406250e-01
4.221347272396087646e-01
4.220938086509704590e-01
4.221267700195312500e-01
4.220941364765167236e-01
4.221007823944091797e-01
4.221393465995788574e-01
4.221340417861938477e-01
4.900960028171539307e-01
4.932847321033477783e-01
4.957244694232940674e-01
4.922241866588592529e-01
4.913209080696105957e-01
4.948959946632385254e-01
4.931307137012481689e-01
4.952649474143981934e-01
4.923093914985656738e-01
4.949401319026947021e-01
4.857922494411468506e-01
4.899354577064514160e-01
4.902918338775634766e-01
4.902230203151702881e-01
4.902198314666748047e-01
4.902562499046325684e-01
4.904152154922485352e-01
4.901073575019836426e-01
4.901069998741149902e-01
4.901265203952789307e-01
4.901219308376312256e-01
4.900903105735778809e-01
4.901075065135955811e-01
4.901348650455474854e-01
4.901355504989624023e-01
4.900986254215240479e-01
4.901262521743774414e-01
4.901420176029205322e-01
4.901221096515655518e-01
4.901138246059417725e-01
4.900971949100494385e-01
4.901048243045806885e-01
4.901028871536254883e-01
4.901088774204254150e-01
4.900765120983123779e-01
4.900054633617401123e-01
4.899554848670959473e-01
4.893685579299926758e-01
4.900194704532623291e-01
4.898648262023925781e-01
