2.746777236461639404e-01
3.703389167785644531e-01
3.705882430076599121e-01
3.703522086143493652e-01
3.704780936241149902e-01
3.708280920982360840e-01
3.707574009895324707e-01
3.701032400131225586e-01
3.702055811882019043e-01
3.703333139419555664e-01
3.702060580253601074e-01
3.700080513954162598e-01
3.701330423355102539e-01
3.703872561454772949e-01
3.696147799491882324e-01
3.699193596839904785e-01
3.685361742973327637e-01
3.619399666786193848e-01
3.616696596145629883e-01
3.593766689300537109e-01
6.892728805541992188e-02
2.577764391899108887e-01
3.478065729141235352e-01
3.348176479339599609e-01
3.206940293312072754e-01
3.320873677730560303e-01
3.354355692863464355e-01
3.310416936874389648e-01
3.277127146720886230e-01
3.286984562873840332e-01
3.221543729305267334e-01
3.246564269065856934e-01
3.280631601810455322e-01
3.227469325065612793e-01
3.303876519203186035e-01
3.301749825477600098e-01
3.055465221405029297e-01
2.856703698635101318e-01
2.826426029205322266e-01
2.798461318016052246e-01
2.795644998550415039e-01
2.783339023590087891e-01
2.765563726425170898e-01
2.692219913005828857e-01
2.622965276241302490e-01
2.652785778045654297e-01
2.636498808860778809e-01
2.629205584526062012e-01
2.671074569225311279e-01
2.672553658485412598e-01
2.668385207653045654e-01
2.673671841621398926e-01
2.616208791732788086e-01
2.644132971763610840e-01
2.657769620418548584e-01
2.654401063919067383e-01
2.676777839660644531e-01
2.662075459957122803e-01
2.680985927581787109e-01
2.660315930843353271e-01
2.666553854942321777e-01
2.652008533477783203e-01
2.615040540695190430e-01
2.639827430248260498e-01
2.657504677772521973e-01
2.649527788162231445e-01
2.657013535499572754e-01
2.561195790767669678e-01
2.555669248104095459e-01
2.639579176902770996e-01
2.672122418880462646e-01
2.682917118072509766e-01
2.737137079238891602e-01
2.733938097953796387e-01
2.730602920055389404e-01
2.595099806785583496e-01
2.657960355281829834e-01
2.630867362022399902e-01
2.697213292121887207e-01
2.535768449306488037e-01
2.567375898361206055e-01
2.391959130764007568e-01
2.506974339485168457e-01
2.399626076221466064e-01
2.499519884586334229e-01
2.511366307735443115e-01
2.517718970775604248e-01
2.499736249446868896e-01
2.542507052421569824e-01
2.537859380245208740e-01
2.542300820350646973e-01
2.460053563117980957e-01
2.428182661533355713e-01
2.481795847415924072e-01
2.292795777320861816e-01
2.420403659343719482e-01
2.522314786911010742e-01
2.565516233444213867e-01
2.492728531360626221e-01
2.552713751792907715e-01
2.533410489559173584e-01
2.536233663558959961e-01
2.523159384727478027e-01
2.777326703071594238e-01
2.563776969909667969e-01
2.562760710716247559e-01
2.561590373516082764e-01
2.584124803543090820e-01
2.457171082496643066e-01
2.585179805755615234e-01
2.596550881862640381e-01
2.538077235221862793e-01
2.555332779884338379e-01
2.489093840122222900e-01
2.510184049606323242e-01
2.544691562652587891e-01
2.613987326622009277e-01
2.530269324779510498e-01
2.568517923355102539e-01
2.442713677883148193e-01
3.646125197410583496e-01
2.836920022964477539e-01
2.189347743988037109e-01
2.313078939914703369e-01
2.280818819999694824e-01
2.283105850219726562e-01
2.279351055622100830e-01
2.508767247200012207e-01
2.448398768901824951e-01
2.379131615161895752e-01
2.479975223541259766e-01
2.631335854530334473e-01
2.644562721252441406e-01
3.015691041946411133e-01
2.808085680007934570e-01
2.645539641380310059e-01
2.678592205047607422e-01
3.675148785114288330e-01
3.434370160102844238e-01
3.673717677593231201e-01
3.685977160930633545e-01
3.676528930664062500e-01
3.684162199497222900e-01
3.664050698280334473e-01
3.653267025947570801e-01
3.690760731697082520e-01
2.880351543426513672e-01
3.629897534847259521e-01
3.471975326538085938e-01
3.579834699630737305e-01
2.800064682960510254e-01
3.593373298645019531e-01
3.700993061065673828e-01
3.684227466583251953e-01
3.701642155647277832e-01
2.896012663841247559e-01
2.642108201980590820e-01
2.908444404602050781e-01
3.237369954586029053e-01
2.959390282630920410e-01
3.241364657878875732e-01
3.657706975936889648e-01
3.689650297164916992e-01
3.445802927017211914e-01
3.180553019046783447e-01
2.902286946773529053e-01
2.603065967559814453e-01
2.659150958061218262e-01
2.563045024871826172e-01
2.560327947139739990e-01
2.634004056453704834e-01
2.612127661705017090e-01
2.785753011703491211e-01
0.000000000000000000e+00
0.000000000000000000e+00
2.766762673854827881e-01
0.000000000000000000e+00
0.000000000000000000e+00
0.000000000000000000e+00
2.724125087261199951e-01
2.791155278682708740e-01
2.804585099220275879e-01
2.817453742027282715e-01
2.821090221405029297e-01
2.786880731582641602e-01
2.790661454200744629e-01
2.781693339347839355e-01
2.785792350769042969e-01
2.793957591056823730e-01
2.781878709793090820e-01
2.769209742546081543e-01
2.774611115455627441e-01
3.648071289062500000e-01
3.703188300132751465e-01
3.694270849227905273e-01
3.703980147838592529e-01
3.711244463920593262e-01
3.012451529502868652e-01
2.311281263828277588e-01
2.303182482719421387e-01
3.221470713615417480e-01
2.951037585735321045e-01
3.628274798393249512e-01
3.616079986095428467e-01
3.280398249626159668e-01
3.169971108436584473e-01
3.099126517772674561e-01
3.438256680965423584e-01
3.622856736183166504e-01
2.873307466506958008e-01
2.742287814617156982e-01
2.705349326133728027e-01
2.736141681671142578e-01
2.839707732200622559e-01
2.850513458251953125e-01
2.762893438339233398e-01
2.772355079650878906e-01
2.801365852355957031e-01
2.730593085289001465e-01
2.718796730041503906e-01
2.722051143646240234e-01
2.721993327140808105e-01
2.752329707145690918e-01
2.729564905166625977e-01
2.674026489257812500e-01
2.821244895458221436e-01
2.682709097862243652e-01
2.776569128036499023e-01
2.786320447921752930e-01
2.813003063201904297e-01
2.824555039405822754e-01
2.827454805374145508e-01
2.806919217109680176e-01
2.749214172363281250e-01
2.795153856277465820e-01
2.787340879440307617e-01
2.804101109504699707e-01
2.767346799373626709e-01
2.745470702648162842e-01
2.647770345211029053e-01
2.441575825214385986e-01
2.514498829841613770e-01
2.529525160789489746e-01
2.534605860710144043e-01
2.545970380306243896e-01
2.547340393066406250e-01
2.554003000259399414e-01
2.559306025505065918e-01
2.578071057796478271e-01
2.608945965766906738e-01
2.632636427879333496e-01
2.637345492839813232e-01
2.642652392387390137e-01
2.645137310028076172e-01
2.662947773933410645e-01
2.683987617492675781e-01
2.699047327041625977e-01
2.706304192543029785e-01
2.711948752403259277e-01
2.713136672973632812e-01
2.714585065841674805e-01
2.718350589275360107e-01
2.728382050991058350e-01
2.727938294410705566e-01
2.740175724029541016e-01
2.743555903434753418e-01
2.748825550079345703e-01
2.750613689422607422e-01
2.737354636192321777e-01
2.739797234535217285e-01
2.737098932266235352e-01
2.738106250762939453e-01
2.738140225410461426e-01
2.740928530693054199e-01
2.740239500999450684e-01
2.741701304912567139e-01
2.737814188003540039e-01
2.740272283554077148e-01
2.741850614547729492e-01
2.738361358642578125e-01
2.730101346969604492e-01
2.745475471019744873e-01
2.600966691970825195e-01
2.641211152076721191e-01
2.527208030223846436e-01
3.400175869464874268e-01
3.395763337612152100e-01
3.398393392562866211e-01
3.363771438598632812e-01
3.437114953994750977e-01
3.406709432601928711e-01
3.381621241569519043e-01
3.409373164176940918e-01
2.705920338630676270e-01
2.594292759895324707e-01
2.742112278938293457e-01
2.722404003143310547e-01
2.685570418834686279e-01
2.721287012100219727e-01
2.706093192100524902e-01
2.717029750347137451e-01
2.721846103668212891e-01
2.717505693435668945e-01
2.728713750839233398e-01
2.720003128051757812e-01
2.738994061946868896e-01
2.724495828151702881e-01
2.731996476650238037e-01
2.704589366912841797e-01
2.731456756591796875e-01
2.711813449859619141e-01
2.714576423168182373e-01
2.720476388931274414e-01
2.720422744750976562e-01
2.721003293991088867e-01
2.723935246467590332e-01
2.733430564403533936e-01
2.725715041160583496e-01
2.732152640819549561e-01
2.735677361488342285e-01
2.734417915344238281e-01
2.767840027809143066e-01
2.761383950710296631e-01
2.771822810173034668e-01
2.785658836364746094e-01
2.787865996360778809e-01
2.789989113807678223e-01
2.794832587242126465e-01
2.716054320335388184e-01
2.668860852718353271e-01
2.685109972953796387e-01
2.726583480834960938e-01
2.740962207317352295e-01
2.753686308860778809e-01
2.741474509239196777e-01
2.756361365318298340e-01
2.742980420589447021e-01
2.712851762771606445e-01
2.845060229301452637e-01
3.004253804683685303e-01
2.832458019256591797e-01
2.880333065986633301e-01
2.810348868370056152e-01
2.844930291175842285e-01
2.811115980148315430e-01
2.832272648811340332e-01
2.671046853065490723e-01
2.654140591621398926e-01
2.670411467552185059e-01
2.599119544029235840e-01
2.692452371120452881e-01
2.710691094398498535e-01
2.557009458541870117e-01
2.789928615093231201e-01
2.684714198112487793e-01
2.816848456859588623e-01
2.820051312446594238e-01
3.053936660289764404e-01
3.444277942180633545e-01
3.437802791595458984e-01
2.984951138496398926e-01
3.685081005096435547e-01
3.678030669689178467e-01
3.640249371528625488e-01
3.167646527290344238e-01
3.666768670082092285e-01
3.686865568161010742e-01
3.698980212211608887e-01
3.697150349617004395e-01
3.630584478378295898e-01
3.041810393333435059e-01
3.344779610633850098e-01
3.688628673553466797e-01
3.691149950027465820e-01
3.700887560844421387e-01
3.696234226226806641e-01
3.698379695415496826e-01
3.703139424324035645e-01
3.704066276550292969e-01
3.700166940689086914e-01
3.690857589244842529e-01
3.689090013504028320e-01
3.688162565231323242e-01
3.691355586051940918e-01
3.695991039276123047e-01
3.675988316535949707e-01
3.679348826408386230e-01
3.702602386474609375e-01
3.701897263526916504e-01
3.660258054733276367e-01
3.646523952484130859e-01
3.246177136898040771e-01
3.588468432426452637e-01
3.633816242218017578e-01
2.912566065788269043e-01
2.932848334312438965e-01
3.623044192790985107e-01
2.716927528381347656e-01
2.797726988792419434e-01
2.769635617733001709e-01
2.738257646560668945e-01
2.744839191436767578e-01
2.574664950370788574e-01
2.641379535198211670e-01
2.638379931449890137e-01
2.633557021617889404e-01
2.627273797988891602e-01
2.640831470489501953e-01
2.652336955070495605e-01
2.623871564865112305e-01
2.729247212409973145e-01
2.829047441482543945e-01
2.811549901962280273e-01
2.739280462265014648e-01
2.889186739921569824e-01
2.808746695518493652e-01
2.861086726188659668e-01
2.778502106666564941e-01
2.767329812049865723e-01
2.731128334999084473e-01
2.723350226879119873e-01
2.705219388008117676e-01
2.715443968772888184e-01
2.596442103385925293e-01
2.591497302055358887e-01
2.648772001266479492e-01
2.627564072608947754e-01
2.742673158645629883e-01
2.738546133041381836e-01
2.675302028656005859e-01
2.700498700141906738e-01
2.744307518005371094e-01
2.727019190788269043e-01
2.717157006263732910e-01
2.687379717826843262e-01
2.725088298320770264e-01
2.722825407981872559e-01
2.722112536430358887e-01
2.720473706722259521e-01
2.716092467308044434e-01
2.726018130779266357e-01
2.736284732818603516e-01
2.720868587493896484e-01
2.775881886482238770e-01
3.626229763031005859e-01
3.710396885871887207e-01
2.672733962535858154e-01
2.733728289604187012e-01
3.387879729270935059e-01
2.972750067710876465e-01
3.055630624294281006e-01
3.088687658309936523e-01
2.975198924541473389e-01
3.325304388999938965e-01
3.223480582237243652e-01
2.986936569213867188e-01
3.269051313400268555e-01
3.071144819259643555e-01
3.012588918209075928e-01
3.064264059066772461e-01
3.112557530403137207e-01
3.109086751937866211e-01
3.107026219367980957e-01
3.204915523529052734e-01
3.106378316879272461e-01
3.023246526718139648e-01
3.052566647529602051e-01
3.064904212951660156e-01
2.988981008529663086e-01
2.941731810569763184e-01
2.993236780166625977e-01
3.017007112503051758e-01
2.959547638893127441e-01
2.906269431114196777e-01
2.877648472785949707e-01
2.849124670028686523e-01
2.821290194988250732e-01
2.813515365123748779e-01
2.793912887573242188e-01
2.771432399749755859e-01
2.809426188468933105e-01
2.794249057769775391e-01
2.806677222251892090e-01
2.714645266532897949e-01
2.735147476196289062e-01
2.730907797813415527e-01
2.727877497673034668e-01
2.727858424186706543e-01
2.746063470840454102e-01
2.687838673591613770e-01
2.594269216060638428e-01
2.611566185951232910e-01
2.738986909389495850e-01
3.064568638801574707e-01
2.781086862087249756e-01
3.523225784301757812e-01
2.755979299545288086e-01
2.698205709457397461e-01
2.725226581096649170e-01
2.807151675224304199e-01
3.694606721401214600e-01
3.700681328773498535e-01
3.701083660125732422e-01
3.702160120010375977e-01
3.699503540992736816e-01
3.702007532119750977e-01
3.704932630062103271e-01
3.702748119831085205e-01
3.699430227279663086e-01
3.611161112785339355e-01
3.621574044227600098e-01
3.626004159450531006e-01
3.313919007778167725e-01
2.679410576820373535e-01
2.723869681358337402e-01
2.727414369583129883e-01
2.673269510269165039e-01
2.720956206321716309e-01
2.699408531188964844e-01
2.702039480209350586e-01
2.693291604518890381e-01
2.694721817970275879e-01
2.712798118591308594e-01
2.691349387168884277e-01
2.698397338390350342e-01
2.693709135055541992e-01
2.706393897533416748e-01
2.704981267452239990e-01
2.607631087303161621e-01
2.696505784988403320e-01
2.712750434875488281e-01
2.704176604747772217e-01
2.681698799133300781e-01
2.682531476020812988e-01
2.686918377876281738e-01
2.680789828300476074e-01
2.721466422080993652e-01
2.695819139480590820e-01
2.683325409889221191e-01
2.633126378059387207e-01
2.677738070487976074e-01
2.677072286605834961e-01
2.677926421165466309e-01
2.671499252319335938e-01
2.602292895317077637e-01
2.686942219734191895e-01
2.686371803283691406e-01
2.690973877906799316e-01
2.690379321575164795e-01
2.692279219627380371e-01
2.698302268981933594e-01
2.691779136657714844e-01
2.701040208339691162e-01
2.713589668273925781e-01
2.716549038887023926e-01
2.718979716300964355e-01
2.730066478252410889e-01
2.724502086639404297e-01
2.737056910991668701e-01
2.729324102401733398e-01
2.754701972007751465e-01
2.774648666381835938e-01
2.768077552318572998e-01
2.776129245758056641e-01
2.786288261413574219e-01
2.779102027416229248e-01
2.749257981777191162e-01
2.745964527130126953e-01
2.880295217037200928e-01
2.879479825496673584e-01
2.888192534446716309e-01
2.873066663742065430e-01
2.898581624031066895e-01
2.904308438301086426e-01
2.884369492530822754e-01
2.902021408081054688e-01
2.883660197257995605e-01
2.804892957210540771e-01
2.827284336090087891e-01
2.854819297790527344e-01
2.977807223796844482e-01
2.889086902141571045e-01
2.904132008552551270e-01
3.278435766696929932e-01
3.035672605037689209e-01
3.290865421295166016e-01
3.053122758865356445e-01
3.203826844692230225e-01
2.724761962890625000e-01
2.755711078643798828e-01
2.971053123474121094e-01
2.925560176372528076e-01
3.033033013343811035e-01
3.145987391471862793e-01
2.796058654785156250e-01
2.801029682159423828e-01
2.819328904151916504e-01
2.808803319931030273e-01
2.790699899196624756e-01
3.095064759254455566e-01
2.754453122615814209e-01
2.746992707252502441e-01
2.782996892929077148e-01
2.761998176574707031e-01
2.747475504875183105e-01
2.744980454444885254e-01
2.790823876857757568e-01
2.738727331161499023e-01
2.736122608184814453e-01
2.740786075592041016e-01
2.781300246715545654e-01
2.745826244354248047e-01
2.734295129776000977e-01
2.742480039596557617e-01
2.747369706630706787e-01
2.774997353553771973e-01
2.777370810508728027e-01
2.775896787643432617e-01
2.770813703536987305e-01
2.780639529228210449e-01
2.780398726463317871e-01
2.775973677635192871e-01
2.782923877239227295e-01
2.824763059616088867e-01
2.766321301460266113e-01
2.776515185832977295e-01
2.968772053718566895e-01
2.889523506164550781e-01
2.815684676170349121e-01
2.782047986984252930e-01
2.782865762710571289e-01
2.780983150005340576e-01
2.773979306221008301e-01
2.762398421764373779e-01
2.745446562767028809e-01
2.741904854774475098e-01
2.726449370384216309e-01
2.871994376182556152e-01
2.751668393611907959e-01
2.776675820350646973e-01
2.834202647209167480e-01
3.539369106292724609e-01
2.851737141609191895e-01
3.652443885803222656e-01
3.662039041519165039e-01
3.685460686683654785e-01
3.697620630264282227e-01
2.955664992332458496e-01
3.668576478958129883e-01
3.690156936645507812e-01
3.098604679107666016e-01
3.671702146530151367e-01
2.749971747398376465e-01
3.446592688560485840e-01
3.268909454345703125e-01
3.479145169258117676e-01
2.752321362495422363e-01
1.903653740882873535e-01
1.942974627017974854e-01
1.968937516212463379e-01
1.959722340106964111e-01
1.950725615024566650e-01
2.176090776920318604e-01
2.711120247840881348e-01
2.709507644176483154e-01
2.787576317787170410e-01
2.804403305053710938e-01
2.908880412578582764e-01
3.043879270553588867e-01
2.916695475578308105e-01
2.979255616664886475e-01
2.850635647773742676e-01
3.435738682746887207e-01
3.236322999000549316e-01
2.974996566772460938e-01
3.251775503158569336e-01
3.553387820720672607e-01
3.706989884376525879e-01
0.000000000000000000e+00
0.000000000000000000e+00
0.000000000000000000e+00
3.550412654876708984e-01
3.662361502647399902e-01
3.554880321025848389e-01
3.254433572292327881e-01
3.183029294013977051e-01
2.994102239608764648e-01
2.990481555461883545e-01
2.842091321945190430e-01
2.104393839836120605e-01
2.023783326148986816e-01
2.168807685375213623e-01
1.284711062908172607e-01
1.459541916847229004e-02
0.000000000000000000e+00
0.000000000000000000e+00
0.000000000000000000e+00
0.000000000000000000e+00
0.000000000000000000e+00
0.000000000000000000e+00
0.000000000000000000e+00
0.000000000000000000e+00
3.214952945709228516e-01
3.024120926856994629e-01
2.337140142917633057e-01
2.357567846775054932e-01
2.410270571708679199e-01
2.431021928787231445e-01
2.410347461700439453e-01
2.409600615501403809e-01
2.428922653198242188e-01
2.412340939044952393e-01
2.433801591396331787e-01
2.478686869144439697e-01
2.506449818611145020e-01
2.567232847213745117e-01
2.980815172195434570e-01
3.007732033729553223e-01
2.972589135169982910e-01
3.484333753585815430e-01
3.504850864410400391e-01
3.505922257900238037e-01
3.444383144378662109e-01
3.700619935989379883e-01
3.258523941040039062e-01
3.677988648414611816e-01
3.703854084014892578e-01
3.655220866203308105e-01
3.117802739143371582e-01
3.684381842613220215e-01
3.708822727203369141e-01
3.696510791778564453e-01
3.717103302478790283e-01
2.832643985748291016e-01
2.835251688957214355e-01
2.842312455177307129e-01
3.702963590621948242e-01
3.706497848033905029e-01
3.705168366432189941e-01
3.704366087913513184e-01
3.704505562782287598e-01
3.706002235412597656e-01
3.706669807434082031e-01
3.705664277076721191e-01
3.704470992088317871e-01
3.683412075042724609e-01
3.667999505996704102e-01
3.670014142990112305e-01
3.679194450378417969e-01
3.684310019016265869e-01
3.680754899978637695e-01
3.693827390670776367e-01
3.697201609611511230e-01
3.700027465820312500e-01
3.700614571571350098e-01
3.698965609073638916e-01
3.667481541633605957e-01
3.658106923103332520e-01
3.699114918708801270e-01
3.699057102203369141e-01
3.701545000076293945e-01
3.704605698585510254e-01
3.702709078788757324e-01
3.705253303050994873e-01
3.704118132591247559e-01
3.697962760925292969e-01
3.707490563392639160e-01
3.713343143463134766e-01
3.704913258552551270e-01
3.711158037185668945e-01
3.705473542213439941e-01
3.706254959106445312e-01
3.701454997062683105e-01
3.707453906536102295e-01
2.892925143241882324e-01
3.703010082244873047e-01
3.701155185699462891e-01
3.670393228530883789e-01
2.768039107322692871e-01
2.760714888572692871e-01
2.763732671737670898e-01
2.764567732810974121e-01
2.768742442131042480e-01
2.763271927833557129e-01
2.764678001403808594e-01
2.765004634857177734e-01
2.765973806381225586e-01
2.766090631484985352e-01
2.764784693717956543e-01
2.765387296676635742e-01
2.773978412151336670e-01
2.778018116950988770e-01
2.831819057464599609e-01
2.826371788978576660e-01
2.818336486816406250e-01
2.740232646465301514e-01
2.740508317947387695e-01
2.701366543769836426e-01
2.566517591476440430e-01
2.635288834571838379e-01
2.604568004608154297e-01
2.607332468032836914e-01
2.608195245265960693e-01
2.589103579521179199e-01
2.596740126609802246e-01
2.622324228286743164e-01
2.629866302013397217e-01
2.656647861003875732e-01
2.648839652538299561e-01
2.657508552074432373e-01
2.664954066276550293e-01
2.646249234676361084e-01
2.675642669200897217e-01
2.678804397583007812e-01
2.707751989364624023e-01
2.692829966545104980e-01
2.720620632171630859e-01
2.729472517967224121e-01
2.732372283935546875e-01
2.762990593910217285e-01
2.768817543983459473e-01
2.713153958320617676e-01
2.716426253318786621e-01
2.847670316696166992e-01
2.854422330856323242e-01
2.834446430206298828e-01
2.834897041320800781e-01
2.806670069694519043e-01
2.803486287593841553e-01
2.791991829872131348e-01
2.777145802974700928e-01
2.777127623558044434e-01
2.753930687904357910e-01
2.757540941238403320e-01
2.755061089992523193e-01
2.746074795722961426e-01
2.738229632377624512e-01
2.732342183589935303e-01
2.763394117355346680e-01
3.684234321117401123e-01
3.643567562103271484e-01
2.804446816444396973e-01
2.711305618286132812e-01
2.814241647720336914e-01
2.756900787353515625e-01
2.786673307418823242e-01
2.957415580749511719e-01
2.871531248092651367e-01
2.756626009941101074e-01
2.646715641021728516e-01
2.910130918025970459e-01
2.679084539413452148e-01
2.705259323120117188e-01
2.675957083702087402e-01
2.685089707374572754e-01
2.706750035285949707e-01
2.713305950164794922e-01
2.736181914806365967e-01
2.729105651378631592e-01
2.742765545845031738e-01
2.730380296707153320e-01
2.734578549861907959e-01
2.703459858894348145e-01
2.723383903503417969e-01
2.894679903984069824e-01
2.712981104850769043e-01
2.725107073783874512e-01
2.611405253410339355e-01
2.658964097499847412e-01
2.670284509658813477e-01
2.664137482643127441e-01
2.679104804992675781e-01
2.677299678325653076e-01
2.692531943321228027e-01
2.687193155288696289e-01
2.702286243438720703e-01
2.699372172355651855e-01
2.703532576560974121e-01
2.704096734523773193e-01
2.703739106655120850e-01
2.713403701782226562e-01
2.715452909469604492e-01
2.720515727996826172e-01
2.695750892162322998e-01
2.742403149604797363e-01
2.778739929199218750e-01
2.774217724800109863e-01
2.786268591880798340e-01
2.819936871528625488e-01
2.866790294647216797e-01
3.582540154457092285e-01
3.499172329902648926e-01
3.601567447185516357e-01
3.585141897201538086e-01
3.617334365844726562e-01
2.857265174388885498e-01
2.914964556694030762e-01
2.854868769645690918e-01
2.833632826805114746e-01
2.795833051204681396e-01
2.895064949989318848e-01
2.802723050117492676e-01
2.808204889297485352e-01
2.774226367473602295e-01
2.766944766044616699e-01
2.777066230773925781e-01
2.810513377189636230e-01
2.796385884284973145e-01
2.750118970870971680e-01
2.769266366958618164e-01
2.917717397212982178e-01
2.866223752498626709e-01
3.697317242622375488e-01
3.699654340744018555e-01
3.706618547439575195e-01
3.642463386058807373e-01
3.708600997924804688e-01
3.704867064952850342e-01
3.698364496231079102e-01
3.598275184631347656e-01
3.487479686737060547e-01
3.378614187240600586e-01
3.326564431190490723e-01
3.249978423118591309e-01
3.183661401271820068e-01
2.977833151817321777e-01
2.851502299308776855e-01
2.802544236183166504e-01
2.613069415092468262e-01
2.847874760627746582e-01
2.824952602386474609e-01
2.698467969894409180e-01
2.783714234828948975e-01
2.778037786483764648e-01
2.815132737159729004e-01
2.769281864166259766e-01
2.796454429626464844e-01
2.788419723510742188e-01
2.773045301437377930e-01
2.780959606170654297e-01
2.815103530883789062e-01
2.766022682189941406e-01
2.851388156414031982e-01
2.837925851345062256e-01
2.821927964687347412e-01
3.203060030937194824e-01
3.191004395484924316e-01
2.966758608818054199e-01
3.067053258419036865e-01
2.901313304901123047e-01
3.011077046394348145e-01
3.170111775398254395e-01
2.907068729400634766e-01
3.303222656250000000e-01
2.723500132560729980e-01
3.111386895179748535e-01
2.942017912864685059e-01
2.899054288864135742e-01
2.886051535606384277e-01
2.995981574058532715e-01
3.706681728363037109e-01
2.932677268981933594e-01
2.786941528320312500e-01
2.798390984535217285e-01
2.843385338783264160e-01
2.953529357910156250e-01
3.577117323875427246e-01
3.719272613525390625e-01
2.799063622951507568e-01
2.781441211700439453e-01
2.784034907817840576e-01
2.859403789043426514e-01
3.099546134471893311e-01
2.747526168823242188e-01
2.721788883209228516e-01
2.741586565971374512e-01
2.757447659969329834e-01
2.726591229438781738e-01
2.743794918060302734e-01
2.677821815013885498e-01
2.563528418540954590e-01
2.636789679527282715e-01
2.636601626873016357e-01
2.635917663574218750e-01
2.632900476455688477e-01
2.668412923812866211e-01
2.670576274394989014e-01
2.683340311050415039e-01
2.676338851451873779e-01
2.697108387947082520e-01
2.674905657768249512e-01
2.691071033477783203e-01
2.701198458671569824e-01
2.696368098258972168e-01
2.736393809318542480e-01
2.713787555694580078e-01
2.722554802894592285e-01
2.739487290382385254e-01
2.742752730846405029e-01
2.744911909103393555e-01
2.748558521270751953e-01
2.750005125999450684e-01
2.736325860023498535e-01
2.734938263893127441e-01
2.736621499061584473e-01
2.740486562252044678e-01
2.743419408798217773e-01
2.743749022483825684e-01
2.741227746009826660e-01
2.746571898460388184e-01
2.681618332862854004e-01
2.719248533248901367e-01
2.720875144004821777e-01
2.713473439216613770e-01
2.719380557537078857e-01
2.718078792095184326e-01
2.751028239727020264e-01
2.711852490901947021e-01
2.724972665309906006e-01
3.033687472343444824e-01
2.718785405158996582e-01
2.688407599925994873e-01
2.816432416439056396e-01
2.934365272521972656e-01
2.798546552658081055e-01
2.667384743690490723e-01
2.740756273269653320e-01
2.735669016838073730e-01
2.863487005233764648e-01
2.858118414878845215e-01
2.825294435024261475e-01
2.856103181838989258e-01
2.822021245956420898e-01
2.744756639003753662e-01
2.803863286972045898e-01
2.786196470260620117e-01
2.780109047889709473e-01
2.727361917495727539e-01
2.742646932601928711e-01
2.782714962959289551e-01
2.693252563476562500e-01
2.772451639175415039e-01
2.735886573791503906e-01
2.732418775558471680e-01
2.763549983501434326e-01
3.317493200302124023e-01
2.799749076366424561e-01
3.638081252574920654e-01
3.627801537513732910e-01
2.773351073265075684e-01
3.463929891586303711e-01
3.704088926315307617e-01
3.660649061203002930e-01
3.673735260963439941e-01
2.742002904415130615e-01
3.675789237022399902e-01
3.638806939125061035e-01
3.703109025955200195e-01
3.638270497322082520e-01
3.602376878261566162e-01
3.685139715671539307e-01
3.616099357604980469e-01
3.675592839717864990e-01
3.642345070838928223e-01
3.348125219345092773e-01
3.641256093978881836e-01
3.015397787094116211e-01
2.793762087821960449e-01
3.187614977359771729e-01
3.004868924617767334e-01
3.035204410552978516e-01
0.000000000000000000e+00
3.024110198020935059e-01
2.914410829544067383e-01
2.809490859508514404e-01
2.753172814846038818e-01
2.747181653976440430e-01
0.000000000000000000e+00
0.000000000000000000e+00
2.098570764064788818e-01
2.612130045890808105e-01
2.322552502155303955e-01
2.344618141651153564e-01
2.636142373085021973e-01
2.325038909912109375e-01
2.356146872043609619e-01
2.411089837551116943e-01
2.348389625549316406e-01
2.640527188777923584e-01
2.650237679481506348e-01
2.809956669807434082e-01
2.849304676055908203e-01
2.938649058341979980e-01
3.347716331481933594e-01
3.543571829795837402e-01
3.622761368751525879e-01
3.673592209815979004e-01
3.490483164787292480e-01
3.708235621452331543e-01
3.577677011489868164e-01
3.671218752861022949e-01
3.707609176635742188e-01
3.680042624473571777e-01
3.032049834728240967e-01
3.684280514717102051e-01
3.715310692787170410e-01
3.702434301376342773e-01
3.683243989944458008e-01
3.333374857902526855e-01
3.428433537483215332e-01
3.326546549797058105e-01
2.820860743522644043e-01
3.212227821350097656e-01
3.235678672790527344e-01
3.116708993911743164e-01
3.377077579498291016e-01
3.453637361526489258e-01
3.512184321880340576e-01
3.682688176631927490e-01
3.560355603694915771e-01
3.667818605899810791e-01
2.850390672683715820e-01
2.715339362621307373e-01
2.713258266448974609e-01
2.599322199821472168e-01
2.655376791954040527e-01
2.635595798492431641e-01
2.644562125205993652e-01
2.649846673011779785e-01
2.643842101097106934e-01
2.657719850540161133e-01
2.650003433227539062e-01
2.649697661399841309e-01
2.668437361717224121e-01
2.625237107276916504e-01
2.661017775535583496e-01
2.669090628623962402e-01
2.688246965408325195e-01
2.696261107921600342e-01
2.696141004562377930e-01
2.704972028732299805e-01
2.715087532997131348e-01
2.729060351848602295e-01
2.727605700492858887e-01
2.718179821968078613e-01
2.760016620159149170e-01
2.774979770183563232e-01
2.755315899848937988e-01
2.760003209114074707e-01
2.739681899547576904e-01
2.715803086757659912e-01
2.781963348388671875e-01
2.831049561500549316e-01
2.736933231353759766e-01
2.817379236221313477e-01
2.850770354270935059e-01
2.827476859092712402e-01
3.309192955493927002e-01
3.513727188110351562e-01
2.328431606292724609e-01
2.275091707706451416e-01
1.886466741561889648e-01
2.274419963359832764e-01
2.296947836875915527e-01
2.162677347660064697e-01
2.272476553916931152e-01
2.271424531936645508e-01
1.929820775985717773e-01
2.002445757389068604e-01
0.000000000000000000e+00
0.000000000000000000e+00
0.000000000000000000e+00
1.115556061267852783e-01
1.625174582004547119e-01
1.866278946399688721e-01
1.931706368923187256e-01
1.576502621173858643e-01
0.000000000000000000e+00
1.881941556930541992e-01
2.274820804595947266e-01
2.188308537006378174e-01
2.193038761615753174e-01
2.094502449035644531e-01
2.120343446731567383e-01
2.022033929824829102e-01
1.922332048416137695e-01
0.000000000000000000e+00
1.956035196781158447e-01
2.514786422252655029e-01
2.589242458343505859e-01
3.694349825382232666e-01
3.700731396675109863e-01
3.649151921272277832e-01
3.696437776088714600e-01
3.700125813484191895e-01
3.703745901584625244e-01
3.695021271705627441e-01
3.712921738624572754e-01
3.708599209785461426e-01
3.710748553276062012e-01
3.692559599876403809e-01
2.850930094718933105e-01
2.978219985961914062e-01
2.793171405792236328e-01
2.756876349449157715e-01
2.861351668834686279e-01
2.836966514587402344e-01
2.823390960693359375e-01
2.778409123420715332e-01
2.776835560798645020e-01
2.789910435676574707e-01
2.703336477279663086e-01
2.763525247573852539e-01
2.748260200023651123e-01
2.744655311107635498e-01
2.724157273769378662e-01
2.780432701110839844e-01
2.738440930843353271e-01
2.734603583812713623e-01
2.717598080635070801e-01
2.755618691444396973e-01
2.759917676448822021e-01
2.725467681884765625e-01
2.766036987304687500e-01
2.726018130779266357e-01
2.740844190120697021e-01
2.768594920635223389e-01
2.669404447078704834e-01
2.716723382472991943e-01
2.674563825130462646e-01
2.712226510047912598e-01
2.718109786510467529e-01
2.701548933982849121e-01
2.713328003883361816e-01
2.714098095893859863e-01
2.719496190547943115e-01
2.658231258392333984e-01
2.556226849555969238e-01
2.699704766273498535e-01
2.746002376079559326e-01
2.734155356884002686e-01
2.703589797019958496e-01
2.699968814849853516e-01
2.721768021583557129e-01
2.753605544567108154e-01
2.753475904464721680e-01
2.730614840984344482e-01
2.750520408153533936e-01
2.736184597015380859e-01
2.712120413780212402e-01
2.689125537872314453e-01
2.706828117370605469e-01
2.711231410503387451e-01
2.699637115001678467e-01
2.707601785659790039e-01
2.711097002029418945e-01
2.704524695873260498e-01
2.706534564495086670e-01
2.696254849433898926e-01
2.623474001884460449e-01
2.702130675315856934e-01
2.708175778388977051e-01
2.711913287639617920e-01
2.712756991386413574e-01
2.717711925506591797e-01
2.716566920280456543e-01
2.719560265541076660e-01
2.723530530929565430e-01
2.725742459297180176e-01
2.728893756866455078e-01
2.731239199638366699e-01
2.735700011253356934e-01
2.742808759212493896e-01
2.749024629592895508e-01
2.720427215099334717e-01
2.749214768409729004e-01
2.760787010192871094e-01
2.766604125499725342e-01
2.767080664634704590e-01
2.770146727561950684e-01
2.769723534584045410e-01
2.759458422660827637e-01
2.754912376403808594e-01
2.752464413642883301e-01
2.748058438301086426e-01
2.750958204269409180e-01
2.759359478950500488e-01
2.747173905372619629e-01
2.742625474929809570e-01
2.742832303047180176e-01
2.722916603088378906e-01
2.740597724914550781e-01
2.723060548305511475e-01
2.725730538368225098e-01
2.874913215637207031e-01
2.938304543495178223e-01
2.856401205062866211e-01
2.881451249122619629e-01
2.875772714614868164e-01
2.849095761775970459e-01
2.764942646026611328e-01
2.778407931327819824e-01
2.817626595497131348e-01
3.634544014930725098e-01
3.700453042984008789e-01
3.701836764812469482e-01
3.692613542079925537e-01
3.649596869945526123e-01
3.709010183811187744e-01
3.697954416275024414e-01
3.692849278450012207e-01
3.692615032196044922e-01
3.698401451110839844e-01
3.704122602939605713e-01
3.704519867897033691e-01
3.700538873672485352e-01
3.201358914375305176e-01
3.312218785285949707e-01
3.702328801155090332e-01
3.712705373764038086e-01
2.838019132614135742e-01
2.892885208129882812e-01
2.869203686714172363e-01
2.915212810039520264e-01
3.594059646129608154e-01
3.078908324241638184e-01
2.990951538085937500e-01
3.686884641647338867e-01
2.584616541862487793e-01
2.603678405284881592e-01
2.597269415855407715e-01
2.597823143005371094e-01
2.617778480052947998e-01
2.622177004814147949e-01
2.621222436428070068e-01
2.620361447334289551e-01
2.623976469039916992e-01
2.577038407325744629e-01
2.595776915550231934e-01
2.589384913444519043e-01
2.609538733959197998e-01
2.627846598625183105e-01
2.632280588150024414e-01
2.650347352027893066e-01
2.655994892120361328e-01
2.681444585323333740e-01
2.665392160415649414e-01
2.697747349739074707e-01
2.687342762947082520e-01
2.696287035942077637e-01
2.702165246009826660e-01
2.702998518943786621e-01
2.699410915374755859e-01
2.680744826793670654e-01
2.675653398036956787e-01
2.687224745750427246e-01
2.685350775718688965e-01
2.690567672252655029e-01
2.691987156867980957e-01
2.603226602077484131e-01
2.607635855674743652e-01
2.615923881530761719e-01
2.610638737678527832e-01
2.614535689353942871e-01
2.601479887962341309e-01
2.603083848953247070e-01
2.604597210884094238e-01
2.597399950027465820e-01
2.604866623878479004e-01
2.586439847946166992e-01
2.533818483352661133e-01
2.523463964462280273e-01
2.573063969612121582e-01
2.845384478569030762e-01
2.904170155525207520e-01
2.933862209320068359e-01
2.797131538391113281e-01
2.880342900753021240e-01
2.828269600868225098e-01
2.992219328880310059e-01
2.884075045585632324e-01
2.926297783851623535e-01
2.963402271270751953e-01
3.003273010253906250e-01
2.955949306488037109e-01
2.922565340995788574e-01
2.855551838874816895e-01
2.990550398826599121e-01
3.658633828163146973e-01
3.097217082977294922e-01
3.657056987285614014e-01
3.675827085971832275e-01
3.621154427528381348e-01
3.343051373958587646e-01
2.715048491954803467e-01
2.880663871765136719e-01
2.852708101272583008e-01
2.758674025535583496e-01
2.709611654281616211e-01
2.951195836067199707e-01
2.757599949836730957e-01
2.846568822860717773e-01
3.214600086212158203e-01
3.644157648086547852e-01
3.697886466979980469e-01
3.671295046806335449e-01
3.658545613288879395e-01
2.685652375221252441e-01
