4.238789975643157959e-01
4.787099063396453857e-01
4.856497943401336670e-01
4.864931702613830566e-01
4.837293326854705811e-01
4.864077568054199219e-01
4.859196245670318604e-01
4.862125217914581299e-01
4.840884208679199219e-01
4.836503565311431885e-01
4.858123660087585449e-01
4.817535877227783203e-01
4.814247488975524902e-01
4.830853044986724854e-01
4.849615693092346191e-01
4.856151938438415527e-01
4.863391518592834473e-01
4.864554703235626221e-01
4.831702411174774170e-01
4.816272556781768799e-01
4.825486540794372559e-01
4.795953929424285889e-01
4.807085096836090088e-01
4.784351289272308350e-01
4.767787456512451172e-01
4.753296971321105957e-01
4.781583547592163086e-01
4.709937870502471924e-01
4.662428498268127441e-01
4.691527485847473145e-01
4.688681066036224365e-01
4.664044976234436035e-01
4.413686394691467285e-01
4.402250051498413086e-01
4.373970925807952881e-01
4.359000623226165771e-01
4.301061928272247314e-01
4.279248714447021484e-01
4.235569536685943604e-01
4.236171245574951172e-01
4.185137450695037842e-01
4.208335280418395996e-01
4.188975989818572998e-01
4.214198589324951172e-01
4.186064004898071289e-01
4.206469655036926270e-01
4.185242354869842529e-01
4.294500946998596191e-01
4.274775683879852295e-01
4.217789173126220703e-01
4.224049448966979980e-01
4.223234355449676514e-01
4.224996566772460938e-01
4.219255447387695312e-01
4.213488101959228516e-01
4.256329834461212158e-01
4.310849905014038086e-01
4.313522577285766602e-01
4.309141039848327637e-01
4.256438314914703369e-01
4.229539632797241211e-01
4.310638606548309326e-01
4.765401482582092285e-01
4.741078913211822510e-01
4.737324714660644531e-01
4.789599180221557617e-01
4.774879217147827148e-01
4.730950891971588135e-01
4.771072864532470703e-01
4.778214693069458008e-01
4.776203632354736328e-01
4.775669574737548828e-01
4.325782358646392822e-01
4.297079443931579590e-01
4.311659932136535645e-01
4.297873675823211670e-01
4.303139448165893555e-01
4.298430085182189941e-01
4.302031099796295166e-01
4.735992252826690674e-01
4.823800921440124512e-01
4.826297461986541748e-01
4.763861894607543945e-01
4.725932478904724121e-01
4.727771878242492676e-01
4.738184809684753418e-01
4.785103499889373779e-01
4.807739853858947754e-01
4.818945825099945068e-01
4.850146174430847168e-01
4.862197935581207275e-01
4.864947795867919922e-01
4.767101109027862549e-01
4.734927415847778320e-01
4.751045107841491699e-01
4.657003879547119141e-01
4.631817042827606201e-01
4.587730467319488525e-01
4.493100941181182861e-01
4.417278766632080078e-01
4.417909383773803711e-01
4.725165665149688721e-01
4.724632501602172852e-01
4.613007605075836182e-01
4.694253802299499512e-01
4.599173367023468018e-01
4.695748686790466309e-01
4.667027890682220459e-01
4.700932204723358154e-01
4.708475470542907715e-01
4.705812335014343262e-01
4.754765629768371582e-01
4.766077101230621338e-01
4.769034981727600098e-01
4.836516678333282471e-01
4.831717610359191895e-01
4.831111133098602295e-01
4.832853376865386963e-01
4.837479591369628906e-01
4.823663532733917236e-01
4.809248149394989014e-01
4.807576835155487061e-01
4.817816317081451416e-01
4.817568063735961914e-01
4.822958707809448242e-01
4.811875820159912109e-01
4.790900647640228271e-01
4.805299937725067139e-01
4.803511798381805420e-01
4.818263351917266846e-01
4.821026325225830078e-01
4.807772934436798096e-01
4.814657866954803467e-01
4.802502393722534180e-01
4.857006072998046875e-01
4.862512350082397461e-01
4.819403886795043945e-01
4.858609437942504883e-01
4.862199127674102783e-01
4.745481312274932861e-01
4.815182983875274658e-01
4.807137250900268555e-01
4.787134230136871338e-01
4.806042313575744629e-01
4.768828153610229492e-01
4.770156741142272949e-01
4.759774208068847656e-01
4.797243177890777588e-01
4.815169572830200195e-01
4.772573113441467285e-01
4.766275286674499512e-01
4.760568141937255859e-01
4.751248061656951904e-01
4.748820662498474121e-01
4.757121503353118896e-01
4.809577465057373047e-01
4.482513666152954102e-01
4.863698482513427734e-01
4.865151345729827881e-01
4.861746430397033691e-01
4.837924838066101074e-01
4.852879643440246582e-01
4.853269159793853760e-01
4.858941435813903809e-01
4.859228730201721191e-01
4.858776330947875977e-01
4.849500060081481934e-01
4.862407743930816650e-01
4.856817126274108887e-01
4.783886969089508057e-01
4.806685745716094971e-01
4.826357960700988770e-01
4.783051609992980957e-01
4.772553443908691406e-01
4.754197001457214355e-01
4.758672714233398438e-01
4.762671589851379395e-01
4.737417101860046387e-01
4.811326861381530762e-01
4.822463095188140869e-01
4.823511242866516113e-01
4.793868362903594971e-01
4.800528585910797119e-01
4.699134826660156250e-01
4.800330698490142822e-01
4.789006114006042480e-01
4.784998595714569092e-01
4.759142100811004639e-01
4.785631895065307617e-01
4.831779599189758301e-01
4.837196469306945801e-01
4.803448319435119629e-01
4.820651412010192871e-01
4.824671447277069092e-01
4.788358509540557861e-01
4.783681631088256836e-01
4.791051149368286133e-01
4.819858670234680176e-01
4.751881957054138184e-01
4.789566993713378906e-01
4.746964275836944580e-01
4.754299521446228027e-01
4.756383895874023438e-01
4.684087336063385010e-01
4.673053622245788574e-01
4.688104987144470215e-01
4.675429165363311768e-01
4.635606408119201660e-01
4.685487747192382812e-01
4.685872793197631836e-01
4.684749543666839600e-01
4.686090350151062012e-01
4.689246416091918945e-01
4.687145352363586426e-01
4.675834774971008301e-01
4.669339656829833984e-01
4.660642743110656738e-01
4.659604728221893311e-01
4.675050079822540283e-01
4.681084454059600830e-01
4.684965014457702637e-01
4.669795930385589600e-01
4.672990739345550537e-01
4.671463966369628906e-01
4.670739471912384033e-01
4.694113433361053467e-01
4.692563414573669434e-01
4.702326357364654541e-01
4.712135493755340576e-01
4.716852605342864990e-01
4.692431390285491943e-01
4.708782434463500977e-01
4.732185900211334229e-01
4.698399007320404053e-01
4.641093611717224121e-01
4.659686982631683350e-01
4.780778586864471436e-01
4.739489555358886719e-01
4.757866263389587402e-01
4.730380177497863770e-01
4.774670600891113281e-01
4.783391058444976807e-01
4.747695326805114746e-01
4.760608375072479248e-01
4.740171134471893311e-01
4.752723276615142822e-01
4.750683009624481201e-01
4.756227135658264160e-01
4.780072867870330811e-01
4.794279634952545166e-01
4.788716435432434082e-01
4.821682870388031006e-01
4.777124822139739990e-01
4.779145121574401855e-01
4.782079756259918213e-01
4.781368374824523926e-01
4.780768454074859619e-01
4.780398011207580566e-01
4.780124127864837646e-01
4.783127605915069580e-01
4.785956442356109619e-01
4.786231517791748047e-01
4.782118797302246094e-01
4.808949828147888184e-01
4.644589722156524658e-01
4.717247486114501953e-01
4.729840457439422607e-01
4.661541283130645752e-01
4.702366292476654053e-01
4.566456675529479980e-01
4.636661112308502197e-01
4.589827358722686768e-01
4.625356495380401611e-01
4.577617049217224121e-01
4.629768431186676025e-01
4.615880548954010010e-01
4.604980051517486572e-01
4.625586867332458496e-01
4.661664962768554688e-01
4.670936465263366699e-01
4.688919782638549805e-01
4.720414578914642334e-01
4.771960973739624023e-01
4.759584367275238037e-01
4.748306274414062500e-01
4.817612469196319580e-01
4.759778976440429688e-01
4.770672321319580078e-01
4.782405197620391846e-01
4.793072044849395752e-01
4.781638979911804199e-01
4.806790649890899658e-01
4.820049107074737549e-01
4.826836884021759033e-01
4.818239212036132812e-01
4.796400666236877441e-01
4.777287244796752930e-01
4.817873537540435791e-01
4.766744673252105713e-01
4.821631014347076416e-01
4.824885725975036621e-01
4.793752431869506836e-01
4.819767773151397705e-01
4.824275672435760498e-01
4.817946851253509521e-01
4.823599159717559814e-01
4.822951555252075195e-01
4.823906123638153076e-01
4.822787046432495117e-01
4.827090799808502197e-01
4.831110239028930664e-01
4.833476841449737549e-01
4.692510664463043213e-01
4.689880609512329102e-01
4.689619243144989014e-01
4.695562720298767090e-01
4.651770293712615967e-01
4.689179062843322754e-01
4.630801081657409668e-01
4.625086188316345215e-01
4.602182209491729736e-01
4.642013013362884521e-01
4.585382640361785889e-01
4.600436985492706299e-01
4.600429534912109375e-01
4.592337906360626221e-01
4.602198898792266846e-01
4.605095088481903076e-01
4.579360783100128174e-01
4.605823159217834473e-01
4.609127640724182129e-01
4.596626758575439453e-01
4.598582386970520020e-01
4.566550254821777344e-01
4.596219658851623535e-01
4.582490026950836182e-01
4.566206037998199463e-01
4.576820731163024902e-01
4.579231142997741699e-01
4.587239325046539307e-01
4.608426094055175781e-01
4.597088694572448730e-01
4.598452150821685791e-01
4.595053493976593018e-01
4.578545689582824707e-01
4.578101933002471924e-01
4.572431147098541260e-01
4.559382200241088867e-01
4.572269618511199951e-01
4.565561115741729736e-01
4.567378163337707520e-01
4.571611583232879639e-01
4.445986449718475342e-01
4.549475610256195068e-01
4.578051567077636719e-01
4.471501708030700684e-01
4.419271945953369141e-01
4.650050997734069824e-01
4.625330567359924316e-01
4.645423591136932373e-01
4.648714661598205566e-01
4.656124711036682129e-01
4.666976034641265869e-01
4.666429460048675537e-01
4.670570492744445801e-01
4.675012826919555664e-01
4.654833376407623291e-01
4.743046760559082031e-01
4.773260653018951416e-01
4.782782196998596191e-01
4.740431308746337891e-01
4.826222956180572510e-01
4.795973300933837891e-01
4.807281494140625000e-01
4.825213551521301270e-01
4.765600860118865967e-01
4.734422862529754639e-01
4.756507575511932373e-01
4.818859696388244629e-01
4.771425724029541016e-01
4.756050705909729004e-01
4.780567586421966553e-01
4.791733324527740479e-01
4.786313474178314209e-01
4.783287346363067627e-01
4.754899740219116211e-01
4.755459427833557129e-01
4.741847515106201172e-01
4.752486348152160645e-01
4.755822420120239258e-01
4.667281508445739746e-01
4.723922312259674072e-01
4.735045731067657471e-01
4.736532866954803467e-01
4.751791954040527344e-01
4.751446545124053955e-01
4.701997339725494385e-01
4.704353511333465576e-01
4.707376360893249512e-01
4.698162078857421875e-01
4.778791964054107666e-01
4.767455160617828369e-01
4.777298867702484131e-01
4.764594137668609619e-01
4.792268872261047363e-01
4.801061451435089111e-01
4.819509088993072510e-01
4.780435562133789062e-01
4.708803892135620117e-01
4.711352884769439697e-01
4.709406793117523193e-01
4.715668559074401855e-01
4.704769551753997803e-01
4.684610366821289062e-01
4.680973887443542480e-01
4.639154374599456787e-01
4.625801146030426025e-01
4.666866660118103027e-01
4.678894281387329102e-01
4.647388160228729248e-01
4.719917774200439453e-01
4.336028099060058594e-01
4.670109152793884277e-01
4.646158218383789062e-01
4.647757411003112793e-01
4.669550359249114990e-01
4.648053944110870361e-01
4.692890346050262451e-01
4.691056013107299805e-01
4.716107249259948730e-01
4.808703064918518066e-01
4.776755571365356445e-01
4.821116924285888672e-01
4.807364344596862793e-01
4.846487939357757568e-01
4.600717425346374512e-01
4.468894898891448975e-01
4.574346542358398438e-01
4.540744721889495850e-01
4.592187404632568359e-01
4.451426267623901367e-01
4.365867078304290771e-01
4.266866445541381836e-01
4.281007349491119385e-01
