2.420030236244201660e-01
3.364117145538330078e-01
3.648510277271270752e-01
3.532551527023315430e-01
3.391594290733337402e-01
3.601030707359313965e-01
0.000000000000000000e+00
0.000000000000000000e+00
2.887596487998962402e-01
2.661126852035522461e-01
2.215325832366943359e-01
2.063629031181335449e-01
0.000000000000000000e+00
0.000000000000000000e+00
1.459233462810516357e-01
0.000000000000000000e+00
0.000000000000000000e+00
0.000000000000000000e+00
0.000000000000000000e+00
0.000000000000000000e+00
0.000000000000000000e+00
0.000000000000000000e+00
0.000000000000000000e+00
0.000000000000000000e+00
0.000000000000000000e+00
0.000000000000000000e+00
0.000000000000000000e+00
0.000000000000000000e+00
2.302091419696807861e-01
1.511176526546478271e-01
2.178005576133728027e-01
2.399611175060272217e-01
2.228246927261352539e-01
2.298229038715362549e-01
2.562395930290222168e-01
2.238809764385223389e-01
2.555764913558959961e-01
2.481298446655273438e-01
2.498839199542999268e-01
2.546268403530120850e-01
2.729053497314453125e-01
2.769176363945007324e-01
2.869334220886230469e-01
2.888001203536987305e-01
2.888110876083374023e-01
2.823470532894134521e-01
2.727099657058715820e-01
2.525114417076110840e-01
2.074298858642578125e-01
2.212092280387878418e-01
2.129769921302795410e-01
2.537894248962402344e-01
2.234901189804077148e-01
2.147593200206756592e-01
2.202121615409851074e-01
2.192243635654449463e-01
2.754641175270080566e-01
2.617148756980895996e-01
2.040968239307403564e-01
2.277111113071441650e-01
2.721535563468933105e-01
2.416615188121795654e-01
2.529209852218627930e-01
7.451704144477844238e-02
2.667115330696105957e-01
2.667252421379089355e-01
2.741523981094360352e-01
2.699720263481140137e-01
2.713009119033813477e-01
2.705526053905487061e-01
2.760579288005828857e-01
1.555009484291076660e-01
2.236250638961791992e-01
2.318444252014160156e-01
2.672857642173767090e-01
2.172907590866088867e-01
2.146381437778472900e-01
4.559740424156188965e-02
0.000000000000000000e+00
0.000000000000000000e+00
0.000000000000000000e+00
0.000000000000000000e+00
0.000000000000000000e+00
0.000000000000000000e+00
0.000000000000000000e+00
0.000000000000000000e+00
1.827423274517059326e-01
0.000000000000000000e+00
0.000000000000000000e+00
0.000000000000000000e+00
0.000000000000000000e+00
0.000000000000000000e+00
0.000000000000000000e+00
0.000000000000000000e+00
0.000000000000000000e+00
0.000000000000000000e+00
0.000000000000000000e+00
0.000000000000000000e+00
0.000000000000000000e+00
0.000000000000000000e+00
0.000000000000000000e+00
0.000000000000000000e+00
0.000000000000000000e+00
0.000000000000000000e+00
0.000000000000000000e+00
0.000000000000000000e+00
0.000000000000000000e+00
0.000000000000000000e+00
0.000000000000000000e+00
0.000000000000000000e+00
0.000000000000000000e+00
0.000000000000000000e+00
0.000000000000000000e+00
0.000000000000000000e+00
0.000000000000000000e+00
0.000000000000000000e+00
0.000000000000000000e+00
0.000000000000000000e+00
0.000000000000000000e+00
0.000000000000000000e+00
0.000000000000000000e+00
0.000000000000000000e+00
0.000000000000000000e+00
0.000000000000000000e+00
0.000000000000000000e+00
0.000000000000000000e+00
0.000000000000000000e+00
0.000000000000000000e+00
0.000000000000000000e+00
0.000000000000000000e+00
0.000000000000000000e+00
0.000000000000000000e+00
0.000000000000000000e+00
0.000000000000000000e+00
2.344906628131866455e-01
2.315878868103027344e-01
2.345598042011260986e-01
2.324710190296173096e-01
2.326464951038360596e-01
2.379779219627380371e-01
2.348569035530090332e-01
2.368473410606384277e-01
2.419891059398651123e-01
2.580577135086059570e-01
2.312617003917694092e-01
2.262831926345825195e-01
2.531295716762542725e-01
