4.438276886940002441e-01
4.458978474140167236e-01
4.447109699249267578e-01
4.453199803829193115e-01
4.456367194652557373e-01
4.450489580631256104e-01
4.455613195896148682e-01
4.476201236248016357e-01
4.470315873622894287e-01
4.481133818626403809e-01
4.481133818626403809e-01
4.481133818626403809e-01
8.141079545021057129e-02
3.928488194942474365e-01
4.481133818626403809e-01
4.481133818626403809e-01
4.431201815605163574e-01
4.481133818626403809e-01
4.455849528312683105e-01
4.448579847812652588e-01
4.417321681976318359e-01
4.408089816570281982e-01
4.397971034049987793e-01
4.405694305896759033e-01
4.431568086147308350e-01
4.440787732601165771e-01
4.431979358196258545e-01
4.420364797115325928e-01
4.481133818626403809e-01
4.458994567394256592e-01
4.459638893604278564e-01
4.459562301635742188e-01
4.439205527305603027e-01
4.428012669086456299e-01
4.410136640071868896e-01
4.401648640632629395e-01
4.402109086513519287e-01
4.396586120128631592e-01
4.393943548202514648e-01
4.392115771770477295e-01
4.392374753952026367e-01
4.388367831707000732e-01
0.000000000000000000e+00
4.386000931262969971e-01
0.000000000000000000e+00
0.000000000000000000e+00
4.356221258640289307e-01
4.352537393569946289e-01
4.351929426193237305e-01
4.346628189086914062e-01
4.344741702079772949e-01
4.344261288642883301e-01
0.000000000000000000e+00
0.000000000000000000e+00
0.000000000000000000e+00
0.000000000000000000e+00
0.000000000000000000e+00
4.385959208011627197e-01
4.387028813362121582e-01
4.387284517288208008e-01
4.392041265964508057e-01
4.401912689208984375e-01
4.390124380588531494e-01
4.390373826026916504e-01
4.390671849250793457e-01
4.389628171920776367e-01
4.389653503894805908e-01
4.392094910144805908e-01
4.390674531459808350e-01
4.387685954570770264e-01
0.000000000000000000e+00
0.000000000000000000e+00
4.451345801353454590e-01
0.000000000000000000e+00
0.000000000000000000e+00
0.000000000000000000e+00
0.000000000000000000e+00
0.000000000000000000e+00
0.000000000000000000e+00
0.000000000000000000e+00
0.000000000000000000e+00
0.000000000000000000e+00
0.000000000000000000e+00
0.000000000000000000e+00
0.000000000000000000e+00
0.000000000000000000e+00
0.000000000000000000e+00
0.000000000000000000e+00
0.000000000000000000e+00
0.000000000000000000e+00
0.000000000000000000e+00
0.000000000000000000e+00
0.000000000000000000e+00
0.000000000000000000e+00
0.000000000000000000e+00
0.000000000000000000e+00
0.000000000000000000e+00
0.000000000000000000e+00
0.000000000000000000e+00
4.423162341117858887e-01
4.449803531169891357e-01
4.428700506687164307e-01
4.414387047290802002e-01
3.916331529617309570e-01
4.404947757720947266e-01
4.405112862586975098e-01
4.365321397781372070e-01
4.360789656639099121e-01
4.382432699203491211e-01
4.380534887313842773e-01
4.378800094127655029e-01
4.377367794513702393e-01
4.376372098922729492e-01
4.376296401023864746e-01
4.375896453857421875e-01
4.375901222229003906e-01
4.376358389854431152e-01
4.376973509788513184e-01
4.377742111682891846e-01
4.379246532917022705e-01
4.378252923488616943e-01
4.378347098827362061e-01
4.376394152641296387e-01
0.000000000000000000e+00
0.000000000000000000e+00
0.000000000000000000e+00
0.000000000000000000e+00
0.000000000000000000e+00
0.000000000000000000e+00
0.000000000000000000e+00
0.000000000000000000e+00
0.000000000000000000e+00
0.000000000000000000e+00
0.000000000000000000e+00
0.000000000000000000e+00
0.000000000000000000e+00
0.000000000000000000e+00
0.000000000000000000e+00
0.000000000000000000e+00
0.000000000000000000e+00
0.000000000000000000e+00
0.000000000000000000e+00
0.000000000000000000e+00
0.000000000000000000e+00
4.421966671943664551e-01
4.422016143798828125e-01
4.417610168457031250e-01
4.416957497596740723e-01
4.406841397285461426e-01
4.416025280952453613e-01
4.419734477996826172e-01
4.386208355426788330e-01
4.413319826126098633e-01
4.391181766986846924e-01
4.401828944683074951e-01
4.401068091392517090e-01
4.402231574058532715e-01
4.415473639965057373e-01
4.404286146163940430e-01
4.405438899993896484e-01
0.000000000000000000e+00
4.431402981281280518e-01
4.424869120121002197e-01
4.444340765476226807e-01
4.450950026512145996e-01
0.000000000000000000e+00
0.000000000000000000e+00
0.000000000000000000e+00
0.000000000000000000e+00
4.481133818626403809e-01
4.097495377063751221e-01
4.425031244754791260e-01
0.000000000000000000e+00
0.000000000000000000e+00
4.469363689422607422e-01
0.000000000000000000e+00
0.000000000000000000e+00
0.000000000000000000e+00
0.000000000000000000e+00
0.000000000000000000e+00
0.000000000000000000e+00
4.420332610607147217e-01
4.456037282943725586e-01
4.458741843700408936e-01
4.464009106159210205e-01
0.000000000000000000e+00
4.458927512168884277e-01
4.447708725929260254e-01
4.463144242763519287e-01
4.463935792446136475e-01
4.462071359157562256e-01
4.464118778705596924e-01
4.468866884708404541e-01
0.000000000000000000e+00
0.000000000000000000e+00
0.000000000000000000e+00
4.472426474094390869e-01
4.477439820766448975e-01
4.438892900943756104e-01
4.431160092353820801e-01
4.446812570095062256e-01
4.448272287845611572e-01
0.000000000000000000e+00
4.459061026573181152e-01
0.000000000000000000e+00
4.481133818626403809e-01
0.000000000000000000e+00
0.000000000000000000e+00
4.418057799339294434e-01
4.423232972621917725e-01
0.000000000000000000e+00
4.405443370342254639e-01
4.404322803020477295e-01
4.420174062252044678e-01
4.415048360824584961e-01
4.413765668869018555e-01
0.000000000000000000e+00
4.460798799991607666e-01
0.000000000000000000e+00
0.000000000000000000e+00
0.000000000000000000e+00
0.000000000000000000e+00
4.415785372257232666e-01
0.000000000000000000e+00
0.000000000000000000e+00
4.457430839538574219e-01
0.000000000000000000e+00
0.000000000000000000e+00
0.000000000000000000e+00
0.000000000000000000e+00
0.000000000000000000e+00
0.000000000000000000e+00
0.000000000000000000e+00
0.000000000000000000e+00
0.000000000000000000e+00
0.000000000000000000e+00
0.000000000000000000e+00
0.000000000000000000e+00
0.000000000000000000e+00
0.000000000000000000e+00
0.000000000000000000e+00
0.000000000000000000e+00
0.000000000000000000e+00
0.000000000000000000e+00
0.000000000000000000e+00
4.432059526443481445e-01
4.423329532146453857e-01
0.000000000000000000e+00
0.000000000000000000e+00
4.418787062168121338e-01
4.413826167583465576e-01
4.453768730163574219e-01
4.436664581298828125e-01
4.472023844718933105e-01
4.479633867740631104e-01
4.474275708198547363e-01
4.460037052631378174e-01
4.421710968017578125e-01
4.423592984676361084e-01
4.446635544300079346e-01
4.422609210014343262e-01
4.422248303890228271e-01
4.421536922454833984e-01
4.414575397968292236e-01
4.418814778327941895e-01
0.000000000000000000e+00
0.000000000000000000e+00
4.424665570259094238e-01
4.424898922443389893e-01
4.431983232498168945e-01
4.422250986099243164e-01
4.420555830001831055e-01
4.424429535865783691e-01
4.422134160995483398e-01
4.421759545803070068e-01
4.416155219078063965e-01
4.423108696937561035e-01
4.424901306629180908e-01
4.423906207084655762e-01
4.431587755680084229e-01
4.432246983051300049e-01
4.431421160697937012e-01
4.446910321712493896e-01
4.439243376255035400e-01
4.443872570991516113e-01
4.423698782920837402e-01
4.434608817100524902e-01
4.453108906745910645e-01
4.430908262729644775e-01
4.423811733722686768e-01
4.423729479312896729e-01
4.440912902355194092e-01
4.424399733543395996e-01
4.425117671489715576e-01
4.434197247028350830e-01
4.440943002700805664e-01
4.429715573787689209e-01
4.428940415382385254e-01
4.431839883327484131e-01
4.437322020530700684e-01
4.465880990028381348e-01
4.481133818626403809e-01
4.481133818626403809e-01
4.481133818626403809e-01
4.481133818626403809e-01
0.000000000000000000e+00
4.431123435497283936e-01
0.000000000000000000e+00
4.401679635047912598e-01
4.395830631256103516e-01
4.406022131443023682e-01
4.417380690574645996e-01
4.407645165920257568e-01
4.418476521968841553e-01
4.405613243579864502e-01
4.410426914691925049e-01
4.413525760173797607e-01
4.428330957889556885e-01
4.410092830657958984e-01
0.000000000000000000e+00
4.439909756183624268e-01
4.416872560977935791e-01
4.423078596591949463e-01
4.434213340282440186e-01
4.436821937561035156e-01
4.434963762760162354e-01
4.431131184101104736e-01
4.422010183334350586e-01
4.421421289443969727e-01
4.419481158256530762e-01
4.420892596244812012e-01
4.430115222930908203e-01
4.409098625183105469e-01
4.407733976840972900e-01
4.409791231155395508e-01
4.401293396949768066e-01
4.411880671977996826e-01
4.423300623893737793e-01
4.426993727684020996e-01
4.420024752616882324e-01
4.396108984947204590e-01
4.427942931652069092e-01
4.411409795284271240e-01
4.407365918159484863e-01
4.407107234001159668e-01
4.403378665447235107e-01
4.417544603347778320e-01
4.406066238880157471e-01
4.404153823852539062e-01
4.404333531856536865e-01
4.411253035068511963e-01
4.432699680328369141e-01
4.448310732841491699e-01
4.451128244400024414e-01
4.455170929431915283e-01
4.454115033149719238e-01
4.452304542064666748e-01
4.438155591487884521e-01
4.444037377834320068e-01
4.449770450592041016e-01
4.444294571876525879e-01
4.439474642276763916e-01
4.439635276794433594e-01
4.447839856147766113e-01
4.433503150939941406e-01
4.409303665161132812e-01
4.447541534900665283e-01
4.452213943004608154e-01
4.459804594516754150e-01
4.479673802852630615e-01
4.470974504947662354e-01
4.481133818626403809e-01
4.473824501037597656e-01
4.460651278495788574e-01
4.468455314636230469e-01
4.450277090072631836e-01
4.441496133804321289e-01
4.429362118244171143e-01
4.430451989173889160e-01
4.424265921115875244e-01
4.452368915081024170e-01
4.432030320167541504e-01
4.421601891517639160e-01
4.414837360382080078e-01
4.421649575233459473e-01
4.430495798587799072e-01
4.424277544021606445e-01
4.425137341022491455e-01
4.420843422412872314e-01
4.418688714504241943e-01
4.435472190380096436e-01
4.473923742771148682e-01
4.425238668918609619e-01
4.433560073375701904e-01
4.423171281814575195e-01
4.420774579048156738e-01
4.424867928028106689e-01
4.427466690540313721e-01
4.430996179580688477e-01
4.419065415859222412e-01
4.410986006259918213e-01
4.415660798549652100e-01
4.415429532527923584e-01
4.417184293270111084e-01
4.414078593254089355e-01
4.418337047100067139e-01
4.420064687728881836e-01
4.419606924057006836e-01
4.424955248832702637e-01
0.000000000000000000e+00
0.000000000000000000e+00
4.481133818626403809e-01
0.000000000000000000e+00
0.000000000000000000e+00
0.000000000000000000e+00
0.000000000000000000e+00
3.139467239379882812e-01
2.438222765922546387e-01
2.916308045387268066e-01
3.875697851181030273e-01
4.425908327102661133e-01
4.426606595516204834e-01
4.428608715534210205e-01
4.409638345241546631e-01
4.428001344203948975e-01
4.435129463672637939e-01
4.442753195762634277e-01
4.441043436527252197e-01
4.397449493408203125e-01
3.302656412124633789e-01
4.482288658618927002e-01
4.481133818626403809e-01
4.461759626865386963e-01
4.481133818626403809e-01
4.481133818626403809e-01
4.481133818626403809e-01
4.481133818626403809e-01
4.481133818626403809e-01
4.481133818626403809e-01
4.481133818626403809e-01
4.481133818626403809e-01
4.481133818626403809e-01
4.481133818626403809e-01
4.481133818626403809e-01
4.463944137096405029e-01
4.448568820953369141e-01
4.454881846904754639e-01
4.436495304107666016e-01
4.430838227272033691e-01
4.415651857852935791e-01
4.412306249141693115e-01
4.395849704742431641e-01
4.393841326236724854e-01
4.465984702110290527e-01
4.429576396942138672e-01
4.406708478927612305e-01
4.427973628044128418e-01
4.463303685188293457e-01
4.481133818626403809e-01
4.455689489841461182e-01
4.458407461643218994e-01
4.481133818626403809e-01
4.478500783443450928e-01
4.463189840316772461e-01
4.448424875736236572e-01
4.429251551628112793e-01
4.425193965435028076e-01
4.415027201175689697e-01
4.417413473129272461e-01
4.428833425045013428e-01
4.414625167846679688e-01
4.412431120872497559e-01
4.416071474552154541e-01
4.408010244369506836e-01
4.425919055938720703e-01
4.401606321334838867e-01
4.399136900901794434e-01
4.403419792652130127e-01
4.418740868568420410e-01
4.410592615604400635e-01
4.459640085697174072e-01
4.407821595668792725e-01
4.423501789569854736e-01
4.405125081539154053e-01
4.395185410976409912e-01
4.393323063850402832e-01
4.398770034313201904e-01
4.411228299140930176e-01
4.401249587535858154e-01
4.391410946846008301e-01
4.414542317390441895e-01
4.404425621032714844e-01
4.450154006481170654e-01
4.430776238441467285e-01
4.433502852916717529e-01
4.457064568996429443e-01
4.442597329616546631e-01
4.437286555767059326e-01
4.407254159450531006e-01
4.417518973350524902e-01
4.466920793056488037e-01
4.435616135597229004e-01
4.464221298694610596e-01
4.424332976341247559e-01
4.421873390674591064e-01
4.429003000259399414e-01
4.447753727436065674e-01
4.447447657585144043e-01
4.440201520919799805e-01
4.453273415565490723e-01
4.451399743556976318e-01
4.457360506057739258e-01
4.472541213035583496e-01
4.481133818626403809e-01
4.479827582836151123e-01
4.481133818626403809e-01
4.478702843189239502e-01
4.477265775203704834e-01
4.481133818626403809e-01
4.481133818626403809e-01
4.481133818626403809e-01
4.481133818626403809e-01
4.481133818626403809e-01
4.481133818626403809e-01
4.481133818626403809e-01
4.481133818626403809e-01
4.481133818626403809e-01
4.481133818626403809e-01
4.481133818626403809e-01
4.481133818626403809e-01
4.481133818626403809e-01
4.481133818626403809e-01
4.481133818626403809e-01
4.481133818626403809e-01
4.481133818626403809e-01
4.481133818626403809e-01
4.481133818626403809e-01
4.481133818626403809e-01
4.453718364238739014e-01
4.452902376651763916e-01
4.430991709232330322e-01
4.435859024524688721e-01
4.433808028697967529e-01
4.459871649742126465e-01
4.462786018848419189e-01
4.449172317981719971e-01
4.474358260631561279e-01
4.445154964923858643e-01
4.443005919456481934e-01
4.440452754497528076e-01
4.431560039520263672e-01
4.429670274257659912e-01
4.438264667987823486e-01
4.458472728729248047e-01
4.408570230007171631e-01
4.398088753223419189e-01
4.419987499713897705e-01
4.435565769672393799e-01
4.411719143390655518e-01
4.409651756286621094e-01
4.409967958927154541e-01
4.427812397480010986e-01
4.410281479358673096e-01
4.415968954563140869e-01
4.401873648166656494e-01
4.420772492885589600e-01
4.438196420669555664e-01
4.419932067394256592e-01
4.413979947566986084e-01
4.435040652751922607e-01
4.430651962757110596e-01
4.404854774475097656e-01
4.410518705844879150e-01
4.415613114833831787e-01
4.477453231811523438e-01
4.481133818626403809e-01
4.460337162017822266e-01
4.461815357208251953e-01
4.481133818626403809e-01
4.481133818626403809e-01
4.481133818626403809e-01
4.481133818626403809e-01
4.481133818626403809e-01
4.481133818626403809e-01
4.462833106517791748e-01
4.435583949089050293e-01
4.430447220802307129e-01
4.431224465370178223e-01
4.434403181076049805e-01
4.435156285762786865e-01
4.443320333957672119e-01
4.452009499073028564e-01
4.438718557357788086e-01
4.442224502563476562e-01
4.439055621623992920e-01
4.446597695350646973e-01
4.446349740028381348e-01
4.413080811500549316e-01
4.439499378204345703e-01
4.444673955440521240e-01
4.417861104011535645e-01
4.439754784107208252e-01
4.445883929729461670e-01
4.443353116512298584e-01
4.409657120704650879e-01
4.406506121158599854e-01
4.412138760089874268e-01
4.404651820659637451e-01
4.403825104236602783e-01
4.429639577865600586e-01
4.415403902530670166e-01
4.400641918182373047e-01
4.440621435642242432e-01
4.401845037937164307e-01
4.411534368991851807e-01
4.408949017524719238e-01
4.410518109798431396e-01
4.412760436534881592e-01
4.426744878292083740e-01
4.415714740753173828e-01
4.415549337863922119e-01
4.420789480209350586e-01
4.411609172821044922e-01
4.417372643947601318e-01
4.414910078048706055e-01
4.415808916091918945e-01
4.454388618469238281e-01
4.433941841125488281e-01
4.437436461448669434e-01
4.436601400375366211e-01
4.440063536167144775e-01
4.434414803981781006e-01
4.428363144397735596e-01
4.421537816524505615e-01
4.415349364280700684e-01
4.418891370296478271e-01
4.417847692966461182e-01
4.416793584823608398e-01
4.418623745441436768e-01
4.418955743312835693e-01
4.416370689868927002e-01
4.412772357463836670e-01
4.431916773319244385e-01
4.422509074211120605e-01
4.425516724586486816e-01
4.428812861442565918e-01
4.415658116340637207e-01
4.406367838382720947e-01
4.414151906967163086e-01
4.419270753860473633e-01
4.412825405597686768e-01
4.415207505226135254e-01
4.419450759887695312e-01
4.415247738361358643e-01
4.407390356063842773e-01
4.407525956630706787e-01
4.414746463298797607e-01
4.413391947746276855e-01
4.400741159915924072e-01
4.401264190673828125e-01
4.443255960941314697e-01
4.446794390678405762e-01
4.409591555595397949e-01
4.422668218612670898e-01
4.397610723972320557e-01
4.401456713676452637e-01
4.412260055541992188e-01
4.441053867340087891e-01
4.427993297576904297e-01
4.423923194408416748e-01
4.438537061214447021e-01
4.421939849853515625e-01
4.431520700454711914e-01
4.410786032676696777e-01
4.414255321025848389e-01
4.433207511901855469e-01
4.413710236549377441e-01
4.411989748477935791e-01
4.413471221923828125e-01
4.434744417667388916e-01
4.450906813144683838e-01
4.421923458576202393e-01
4.427382946014404297e-01
4.427944123744964600e-01
4.417466819286346436e-01
4.417366385459899902e-01
4.424979686737060547e-01
4.420233070850372314e-01
4.422329664230346680e-01
4.420135915279388428e-01
4.425478577613830566e-01
4.422709643840789795e-01
4.427808225154876709e-01
4.422100484371185303e-01
4.422346651554107666e-01
4.416875541210174561e-01
4.412072598934173584e-01
4.415783584117889404e-01
4.403878152370452881e-01
4.401076734066009521e-01
4.396463036537170410e-01
4.391600787639617920e-01
4.391561150550842285e-01
4.401556253433227539e-01
4.395025968551635742e-01
4.395779073238372803e-01
4.394696950912475586e-01
4.391850233078002930e-01
4.394023716449737549e-01
4.394384324550628662e-01
4.400705397129058838e-01
4.406081438064575195e-01
4.418791234493255615e-01
4.404632151126861572e-01
4.404405355453491211e-01
4.399892687797546387e-01
4.403008520603179932e-01
4.395805299282073975e-01
4.396966099739074707e-01
4.396239519119262695e-01
4.403739869594573975e-01
4.396071434020996094e-01
4.395669698715209961e-01
4.400374293327331543e-01
4.412833452224731445e-01
4.429194927215576172e-01
4.401895403861999512e-01
4.407043159008026123e-01
4.410530328750610352e-01
4.420248568058013916e-01
4.415952563285827637e-01
4.408943355083465576e-01
4.388008713722229004e-01
4.395415186882019043e-01
4.389887750148773193e-01
4.401121437549591064e-01
4.395347833633422852e-01
4.398865103721618652e-01
4.398865699768066406e-01
4.399323761463165283e-01
4.406839013099670410e-01
4.425116479396820068e-01
4.408443570137023926e-01
4.419195353984832764e-01
4.413345158100128174e-01
4.428828358650207520e-01
4.481133818626403809e-01
4.481133818626403809e-01
4.481133818626403809e-01
4.481133818626403809e-01
4.455403983592987061e-01
4.456079602241516113e-01
4.481133818626403809e-01
4.454879164695739746e-01
4.438967406749725342e-01
4.448285400867462158e-01
4.434843659400939941e-01
4.437716007232666016e-01
4.444649815559387207e-01
4.447925686836242676e-01
4.443680644035339355e-01
4.455687701702117920e-01
4.444628059864044189e-01
4.451656639575958252e-01
4.453584551811218262e-01
4.448605775833129883e-01
4.447744190692901611e-01
4.444608092308044434e-01
4.443377852439880371e-01
4.457403719425201416e-01
4.413514435291290283e-01
4.420658349990844727e-01
4.410023689270019531e-01
4.445260167121887207e-01
4.432146549224853516e-01
4.431501328945159912e-01
4.442288577556610107e-01
4.462545812129974365e-01
4.464147686958312988e-01
4.460440278053283691e-01
4.468813836574554443e-01
4.461492002010345459e-01
4.460849463939666748e-01
4.460491240024566650e-01
4.469036757946014404e-01
4.481133818626403809e-01
4.480726420879364014e-01
4.468948841094970703e-01
4.474514722824096680e-01
4.481133818626403809e-01
4.481133818626403809e-01
4.481133818626403809e-01
4.481133818626403809e-01
4.481133818626403809e-01
4.481133818626403809e-01
4.481133818626403809e-01
4.481133818626403809e-01
4.481133818626403809e-01
4.481133818626403809e-01
4.449172019958496094e-01
4.411420822143554688e-01
4.411307871341705322e-01
4.421190917491912842e-01
4.418063163757324219e-01
4.412488341331481934e-01
4.414076805114746094e-01
4.411101043224334717e-01
4.423779547214508057e-01
4.409901499748229980e-01
4.411792755126953125e-01
4.421712756156921387e-01
4.410399794578552246e-01
4.410611689090728760e-01
4.409258663654327393e-01
4.412254095077514648e-01
4.412638843059539795e-01
4.408634305000305176e-01
4.416453242301940918e-01
4.411335885524749756e-01
4.413076937198638916e-01
4.416271448135375977e-01
4.412656724452972412e-01
4.413019418716430664e-01
4.415813386440277100e-01
4.422976076602935791e-01
4.435649216175079346e-01
4.435016810894012451e-01
4.445619881153106689e-01
4.422141313552856445e-01
4.439544081687927246e-01
4.438856840133666992e-01
4.444479942321777344e-01
4.448389708995819092e-01
4.444465339183807373e-01
4.427560269832611084e-01
4.401094019412994385e-01
4.405261874198913574e-01
4.410899281501770020e-01
4.411531984806060791e-01
4.400096535682678223e-01
4.397257864475250244e-01
4.395498335361480713e-01
4.397411346435546875e-01
4.387668669223785400e-01
4.402256906032562256e-01
4.413175284862518311e-01
4.397248029708862305e-01
4.399039149284362793e-01
4.388843178749084473e-01
4.420894682407379150e-01
4.419176280498504639e-01
4.417899549007415771e-01
4.431246221065521240e-01
4.432751238346099854e-01
4.423094987869262695e-01
4.421892166137695312e-01
4.419890046119689941e-01
4.412901401519775391e-01
4.396578073501586914e-01
4.426408708095550537e-01
4.424698054790496826e-01
4.440864622592926025e-01
4.456147849559783936e-01
4.471403360366821289e-01
4.459399282932281494e-01
4.447983205318450928e-01
4.459083974361419678e-01
4.466383457183837891e-01
4.468672573566436768e-01
4.445323348045349121e-01
4.445663392543792725e-01
4.449926614761352539e-01
4.463574886322021484e-01
4.470638334751129150e-01
4.469895362854003906e-01
4.467501342296600342e-01
4.453789293766021729e-01
4.429014325141906738e-01
4.437261223793029785e-01
4.446167945861816406e-01
4.437294304370880127e-01
4.400985538959503174e-01
4.409551024436950684e-01
4.403712749481201172e-01
4.393716454505920410e-01
4.403101205825805664e-01
4.396505653858184814e-01
4.390708506107330322e-01
4.392804801464080811e-01
4.391213953495025635e-01
4.392161965370178223e-01
4.386208653450012207e-01
4.390943348407745361e-01
4.390795826911926270e-01
4.393471181392669678e-01
