4.484402239322662354e-01
4.497244954109191895e-01
4.549156129360198975e-01
4.513735473155975342e-01
4.513733685016632080e-01
4.513732790946960449e-01
4.513727426528930664e-01
4.513676166534423828e-01
4.515129625797271729e-01
4.488517045974731445e-01
4.488550722599029541e-01
4.488543272018432617e-01
4.488763809204101562e-01
4.515812098979949951e-01
4.489631354808807373e-01
4.443588852882385254e-01
4.513221383094787598e-01
4.477317035198211670e-01
4.454584121704101562e-01
4.438860118389129639e-01
4.450817704200744629e-01
4.431458115577697754e-01
4.427330791950225830e-01
4.427322149276733398e-01
4.324104487895965576e-01
4.426755011081695557e-01
4.487478435039520264e-01
4.429273009300231934e-01
4.483518004417419434e-01
4.487459361553192139e-01
4.487459361553192139e-01
4.487459659576416016e-01
4.487134814262390137e-01
4.511917233467102051e-01
4.580085873603820801e-01
4.603935182094573975e-01
4.603935182094573975e-01
4.603935182094573975e-01
4.483126103878021240e-01
4.483219087123870850e-01
4.484406709671020508e-01
4.484353065490722656e-01
4.484417438507080078e-01
4.484488368034362793e-01
4.484404027462005615e-01
4.484445750713348389e-01
4.484539628028869629e-01
4.484483003616333008e-01
4.483935534954071045e-01
4.483831226825714111e-01
2.824941277503967285e-01
2.334894537925720215e-01
2.271683812141418457e-01
3.067870736122131348e-01
2.936532497406005859e-01
4.211987257003784180e-01
4.212794303894042969e-01
4.212233722209930420e-01
4.483602046966552734e-01
4.300673604011535645e-01
2.908685803413391113e-01
4.365524053573608398e-01
4.620012640953063965e-02
3.177877664566040039e-01
0.000000000000000000e+00
0.000000000000000000e+00
0.000000000000000000e+00
3.839501142501831055e-01
3.797665536403656006e-01
0.000000000000000000e+00
0.000000000000000000e+00
0.000000000000000000e+00
0.000000000000000000e+00
0.000000000000000000e+00
2.881208658218383789e-01
0.000000000000000000e+00
0.000000000000000000e+00
0.000000000000000000e+00
0.000000000000000000e+00
0.000000000000000000e+00
4.302926063537597656e-01
4.464451074600219727e-01
4.344253540039062500e-01
4.483632147312164307e-01
4.403466582298278809e-01
4.487476348876953125e-01
4.442983269691467285e-01
4.432217180728912354e-01
4.511917829513549805e-01
4.426738023757934570e-01
4.483712315559387207e-01
4.483712315559387207e-01
4.483712315559387207e-01
4.511917829513549805e-01
4.483712017536163330e-01
4.511917531490325928e-01
4.511917531490325928e-01
4.511917531490325928e-01
4.427336454391479492e-01
4.427385330200195312e-01
4.427524805068969727e-01
4.539110064506530762e-01
4.539108574390411377e-01
4.539251625537872314e-01
4.499347507953643799e-01
4.495921730995178223e-01
4.493644237518310547e-01
4.354178309440612793e-01
4.354178309440612793e-01
4.352886080741882324e-01
4.352886080741882324e-01
0.000000000000000000e+00
0.000000000000000000e+00
0.000000000000000000e+00
0.000000000000000000e+00
0.000000000000000000e+00
0.000000000000000000e+00
4.511919021606445312e-01
4.488133490085601807e-01
4.489209055900573730e-01
4.491973817348480225e-01
4.603935182094573975e-01
4.603935182094573975e-01
4.236634075641632080e-01
4.655967652797698975e-01
4.638652205467224121e-01
4.511917233467102051e-01
4.502020776271820068e-01
4.361062645912170410e-01
4.361650943756103516e-01
4.370627999305725098e-01
4.484077095985412598e-01
4.484094083309173584e-01
4.484687745571136475e-01
4.484904706478118896e-01
4.220473766326904297e-01
4.490455090999603271e-01
4.490479528903961182e-01
4.490507841110229492e-01
4.603935182094573975e-01
4.603935182094573975e-01
4.603935182094573975e-01
4.523369669914245605e-01
4.603935182094573975e-01
4.603935182094573975e-01
4.603935182094573975e-01
4.603935182094573975e-01
4.603935182094573975e-01
4.603935182094573975e-01
4.603935182094573975e-01
4.603935182094573975e-01
4.603935182094573975e-01
4.603935182094573975e-01
4.603935182094573975e-01
4.483717381954193115e-01
4.483717083930969238e-01
4.483717381954193115e-01
4.483717381954193115e-01
4.485012888908386230e-01
4.487474858760833740e-01
4.487474858760833740e-01
4.487474858760833740e-01
4.487474858760833740e-01
4.487474858760833740e-01
4.487477838993072510e-01
4.487477540969848633e-01
4.487469792366027832e-01
4.487470686435699463e-01
4.487468302249908447e-01
4.213711321353912354e-01
4.424380660057067871e-01
4.483314752578735352e-01
4.419205188751220703e-01
4.147367775440216064e-01
4.411747455596923828e-01
4.301759004592895508e-01
4.411747455596923828e-01
4.181130826473236084e-01
4.322131276130676270e-01
4.426850080490112305e-01
4.409144818782806396e-01
4.411356449127197266e-01
4.410924315452575684e-01
4.414485692977905273e-01
4.410530924797058105e-01
4.410657286643981934e-01
4.306125640869140625e-01
4.423819184303283691e-01
3.032012581825256348e-01
0.000000000000000000e+00
0.000000000000000000e+00
0.000000000000000000e+00
2.551040649414062500e-01
0.000000000000000000e+00
4.483119845390319824e-01
0.000000000000000000e+00
4.425251781940460205e-01
4.239198863506317139e-01
4.374440908432006836e-01
4.471812844276428223e-01
4.426733255386352539e-01
4.368349909782409668e-01
4.444848597049713135e-01
4.461695253849029541e-01
4.418573677539825439e-01
4.425195753574371338e-01
4.420756995677947998e-01
4.426783323287963867e-01
4.426733851432800293e-01
0.000000000000000000e+00
0.000000000000000000e+00
4.226908087730407715e-02
0.000000000000000000e+00
4.438205063343048096e-01
3.923304677009582520e-01
0.000000000000000000e+00
0.000000000000000000e+00
0.000000000000000000e+00
4.648701846599578857e-01
0.000000000000000000e+00
4.406726360321044922e-01
0.000000000000000000e+00
0.000000000000000000e+00
0.000000000000000000e+00
0.000000000000000000e+00
4.427408277988433838e-01
4.483717381954193115e-01
4.483717381954193115e-01
4.483717381954193115e-01
4.483716785907745361e-01
4.483452141284942627e-01
4.483554661273956299e-01
4.483460485935211182e-01
4.483460783958435059e-01
4.483290910720825195e-01
4.483276307582855225e-01
4.483129680156707764e-01
4.483125805854797363e-01
4.483250975608825684e-01
4.483196139335632324e-01
4.483152329921722412e-01
4.483121931552886963e-01
4.483245909214019775e-01
4.484468996524810791e-01
4.497362077236175537e-01
4.486833810806274414e-01
4.487461149692535400e-01
4.511917233467102051e-01
4.483493566513061523e-01
4.485445618629455566e-01
4.487497210502624512e-01
4.485303461551666260e-01
4.485441744327545166e-01
4.483670294284820557e-01
4.427167177200317383e-01
4.487462639808654785e-01
4.486872255802154541e-01
4.511917829513549805e-01
4.511918723583221436e-01
4.511918723583221436e-01
4.511920213699340820e-01
4.508324861526489258e-01
4.508346617221832275e-01
4.486511945724487305e-01
4.487247765064239502e-01
4.511918127536773682e-01
4.511918127536773682e-01
4.511918127536773682e-01
4.511918127536773682e-01
4.511918127536773682e-01
4.511917829513549805e-01
4.511918127536773682e-01
4.511918425559997559e-01
4.511918127536773682e-01
4.511918127536773682e-01
4.511918127536773682e-01
4.487459063529968262e-01
4.487459063529968262e-01
4.487459063529968262e-01
4.487459063529968262e-01
4.487459063529968262e-01
4.487459063529968262e-01
4.487459063529968262e-01
4.487459063529968262e-01
4.487459063529968262e-01
4.487459361553192139e-01
4.487459361553192139e-01
4.487459063529968262e-01
4.487459361553192139e-01
4.487459361553192139e-01
4.487459063529968262e-01
4.487459063529968262e-01
4.487459063529968262e-01
4.487459063529968262e-01
4.487459063529968262e-01
4.487458765506744385e-01
4.487458765506744385e-01
4.487458765506744385e-01
4.487628936767578125e-01
4.484339654445648193e-01
4.511917233467102051e-01
4.511917233467102051e-01
4.511917233467102051e-01
4.511918723583221436e-01
4.511918723583221436e-01
4.511918723583221436e-01
4.511919319629669189e-01
4.511920511722564697e-01
4.511919915676116943e-01
4.495896995067596436e-01
4.495890438556671143e-01
4.492938220500946045e-01
4.517264366149902344e-01
4.491243958473205566e-01
4.427631497383117676e-01
4.460242688655853271e-01
4.428192377090454102e-01
4.428193271160125732e-01
4.403794407844543457e-01
4.440455734729766846e-01
4.440283775329589844e-01
4.426736831665039062e-01
4.202263951301574707e-01
4.143911898136138916e-01
4.160403609275817871e-01
4.236983954906463623e-01
4.236606359481811523e-01
4.236531853675842285e-01
4.236313700675964355e-01
4.426736235618591309e-01
4.387889802455902100e-01
4.385798871517181396e-01
4.407016634941101074e-01
4.383943378925323486e-01
4.386699795722961426e-01
4.326390027999877930e-01
4.380156993865966797e-01
4.391864538192749023e-01
4.386110007762908936e-01
4.407170414924621582e-01
4.270039498805999756e-01
4.199607372283935547e-01
4.404966831207275391e-01
4.406794607639312744e-01
4.426733255386352539e-01
4.426733255386352539e-01
4.426143467426300049e-01
4.426733255386352539e-01
4.426733255386352539e-01
4.255075454711914062e-01
4.483194947242736816e-01
4.483194947242736816e-01
4.483194947242736816e-01
4.483194947242736816e-01
4.426814615726470947e-01
4.483123421669006348e-01
4.409722685813903809e-01
4.410391151905059814e-01
4.411748349666595459e-01
4.426733851432800293e-01
4.483160078525543213e-01
4.483194649219512939e-01
4.483194649219512939e-01
4.483280479907989502e-01
4.428412318229675293e-01
4.460448324680328369e-01
4.459540545940399170e-01
4.458680748939514160e-01
4.438360631465911865e-01
4.483439624309539795e-01
4.483277499675750732e-01
4.483714699745178223e-01
4.483716785907745361e-01
1.742950081825256348e-01
3.997579216957092285e-01
3.179446160793304443e-01
4.426807761192321777e-01
4.426807761192321777e-01
4.426807761192321777e-01
4.426807761192321777e-01
4.426817893981933594e-01
4.426939785480499268e-01
4.427261650562286377e-01
4.427261948585510254e-01
4.427346587181091309e-01
4.074156582355499268e-01
4.295772314071655273e-01
4.303196668624877930e-01
4.302597641944885254e-01
4.302060008049011230e-01
4.301643967628479004e-01
4.302831292152404785e-01
4.301849901676177979e-01
4.301743507385253906e-01
4.301925897598266602e-01
4.344880878925323486e-01
4.380176365375518799e-01
4.413244426250457764e-01
4.431081414222717285e-01
4.431081414222717285e-01
4.431081116199493408e-01
4.431081414222717285e-01
4.431081414222717285e-01
4.431081414222717285e-01
4.431081414222717285e-01
4.431081712245941162e-01
4.431081414222717285e-01
4.431081712245941162e-01
4.468791782855987549e-01
4.472133219242095947e-01
4.472929835319519043e-01
4.456775486469268799e-01
4.476539194583892822e-01
4.483494162559509277e-01
4.511917233467102051e-01
4.511917233467102051e-01
4.511917233467102051e-01
4.462767839431762695e-01
4.503968060016632080e-01
4.466196596622467041e-01
4.431080222129821777e-01
0.000000000000000000e+00
2.732310295104980469e-01
4.484865367412567139e-01
4.603935182094573975e-01
3.223071098327636719e-01
4.591327309608459473e-01
0.000000000000000000e+00
2.987316846847534180e-01
0.000000000000000000e+00
0.000000000000000000e+00
3.904094994068145752e-01
4.232201278209686279e-01
4.203763306140899658e-01
4.478023946285247803e-01
0.000000000000000000e+00
2.520338892936706543e-01
0.000000000000000000e+00
7.813543081283569336e-02
4.529201090335845947e-01
4.603935182094573975e-01
4.603935182094573975e-01
4.603935182094573975e-01
4.487459063529968262e-01
4.487459063529968262e-01
4.511917531490325928e-01
4.511917531490325928e-01
4.511917531490325928e-01
4.511917531490325928e-01
4.511918723583221436e-01
4.511918127536773682e-01
4.511917829513549805e-01
4.511917829513549805e-01
4.298866987228393555e-01
4.296078383922576904e-01
4.286167621612548828e-01
4.294452071189880371e-01
4.294432699680328369e-01
4.285926818847656250e-01
4.294418096542358398e-01
4.294417798519134521e-01
4.294417500495910645e-01
4.293756783008575439e-01
4.292353689670562744e-01
4.336892962455749512e-01
4.483711421489715576e-01
4.511918127536773682e-01
4.511918127536773682e-01
4.487478733062744141e-01
4.487479925155639648e-01
4.487473070621490479e-01
4.487472772598266602e-01
4.511918127536773682e-01
4.511918127536773682e-01
4.511917829513549805e-01
4.511917829513549805e-01
4.511917829513549805e-01
4.511917829513549805e-01
4.483142793178558350e-01
4.483165144920349121e-01
4.483163356781005859e-01
4.483163058757781982e-01
4.483163952827453613e-01
4.483164548873901367e-01
4.483165442943572998e-01
4.483152925968170166e-01
4.483195841312408447e-01
4.483719766139984131e-01
4.483719766139984131e-01
4.483719766139984131e-01
4.483719766139984131e-01
4.483719766139984131e-01
4.483194947242736816e-01
4.483719766139984131e-01
4.483135640621185303e-01
4.483715891838073730e-01
4.483715891838073730e-01
4.483715891838073730e-01
4.461049139499664307e-01
3.770863115787506104e-01
4.399020671844482422e-01
4.348281919956207275e-01
4.294902980327606201e-01
4.454641342163085938e-01
4.483716487884521484e-01
4.483716487884521484e-01
4.483200609683990479e-01
4.431082308292388916e-01
4.483914971351623535e-01
4.511918425559997559e-01
4.511918127536773682e-01
4.511918723583221436e-01
4.511918723583221436e-01
4.511917233467102051e-01
4.487475156784057617e-01
4.487474560737609863e-01
4.487474560737609863e-01
4.487474560737609863e-01
4.496784210205078125e-01
4.511918723583221436e-01
4.511918723583221436e-01
4.511918723583221436e-01
4.511918723583221436e-01
4.511918723583221436e-01
4.511918723583221436e-01
4.511918723583221436e-01
4.511918723583221436e-01
4.512507617473602295e-01
4.515100121498107910e-01
4.603935182094573975e-01
4.603935182094573975e-01
4.603935182094573975e-01
4.603935182094573975e-01
4.603935182094573975e-01
4.603935182094573975e-01
4.603935182094573975e-01
4.603935182094573975e-01
4.603935182094573975e-01
4.603935182094573975e-01
4.603935182094573975e-01
4.603935182094573975e-01
4.603935182094573975e-01
4.603935182094573975e-01
4.603935182094573975e-01
4.603935182094573975e-01
4.603935182094573975e-01
4.603935182094573975e-01
4.603935182094573975e-01
4.603935182094573975e-01
4.603935182094573975e-01
4.603935182094573975e-01
4.603935182094573975e-01
4.603935182094573975e-01
4.603935182094573975e-01
4.603935182094573975e-01
4.603935182094573975e-01
4.603935182094573975e-01
4.603935182094573975e-01
4.603935182094573975e-01
4.603812098503112793e-01
4.444950222969055176e-01
4.550992846488952637e-01
4.603935182094573975e-01
4.603935182094573975e-01
4.603935182094573975e-01
4.603935182094573975e-01
4.603935182094573975e-01
4.603935182094573975e-01
4.603935182094573975e-01
4.603935182094573975e-01
4.603935182094573975e-01
4.603935182094573975e-01
4.603935182094573975e-01
4.603935182094573975e-01
4.603935182094573975e-01
4.603935182094573975e-01
4.603935182094573975e-01
4.603935182094573975e-01
4.603935182094573975e-01
4.603935182094573975e-01
4.603935182094573975e-01
4.603935182094573975e-01
4.603935182094573975e-01
4.603935182094573975e-01
4.603935182094573975e-01
4.603935182094573975e-01
4.603935182094573975e-01
4.603935182094573975e-01
4.603935182094573975e-01
4.603935182094573975e-01
4.603935182094573975e-01
4.603935182094573975e-01
4.603935182094573975e-01
4.426816701889038086e-01
4.430525302886962891e-01
4.427087306976318359e-01
4.603935182094573975e-01
4.603935182094573975e-01
4.603935182094573975e-01
4.603935182094573975e-01
4.603935182094573975e-01
4.603935182094573975e-01
4.511917233467102051e-01
4.503080844879150391e-01
4.512228369712829590e-01
4.512282013893127441e-01
4.512282013893127441e-01
4.486587345600128174e-01
4.487458765506744385e-01
4.489068984985351562e-01
4.486979842185974121e-01
4.484911859035491943e-01
4.485047757625579834e-01
4.485845267772674561e-01
4.490883350372314453e-01
4.503425359725952148e-01
4.489047229290008545e-01
4.581654667854309082e-01
4.484988451004028320e-01
4.483197629451751709e-01
4.483197629451751709e-01
4.460400938987731934e-01
4.426814019680023193e-01
4.411095380783081055e-01
4.426735639572143555e-01
4.426742196083068848e-01
4.419695734977722168e-01
3.393431305885314941e-01
4.203923046588897705e-01
4.239895939826965332e-01
3.539232611656188965e-01
4.547556042671203613e-01
4.404488503932952881e-01
4.547556042671203613e-01
4.580528438091278076e-01
4.427330791950225830e-01
4.603935182094573975e-01
4.558661878108978271e-01
4.603935182094573975e-01
4.603935182094573975e-01
4.603935182094573975e-01
4.603935182094573975e-01
4.603935182094573975e-01
4.603935182094573975e-01
4.603935182094573975e-01
4.557668864727020264e-01
4.549316465854644775e-01
4.547756612300872803e-01
4.559589624404907227e-01
4.574730694293975830e-01
4.603914916515350342e-01
4.603935182094573975e-01
4.603935182094573975e-01
4.603935182094573975e-01
4.603935182094573975e-01
4.603935182094573975e-01
4.603935182094573975e-01
4.603935182094573975e-01
4.603935182094573975e-01
4.603935182094573975e-01
4.603935182094573975e-01
4.603935182094573975e-01
4.603935182094573975e-01
4.603935182094573975e-01
4.603935182094573975e-01
4.603935182094573975e-01
4.603935182094573975e-01
4.603935182094573975e-01
4.603935182094573975e-01
4.603935182094573975e-01
4.603935182094573975e-01
4.603935182094573975e-01
4.603935182094573975e-01
4.603935182094573975e-01
4.603935182094573975e-01
4.603935182094573975e-01
4.603935182094573975e-01
4.603935182094573975e-01
4.603935182094573975e-01
4.603935182094573975e-01
4.603935182094573975e-01
4.603935182094573975e-01
4.603935182094573975e-01
4.603935182094573975e-01
4.603935182094573975e-01
4.603935182094573975e-01
4.603935182094573975e-01
4.603935182094573975e-01
4.603935182094573975e-01
4.603935182094573975e-01
4.603935182094573975e-01
4.511917233467102051e-01
4.511917233467102051e-01
4.511917233467102051e-01
4.511917233467102051e-01
4.511917233467102051e-01
4.511917233467102051e-01
4.511917233467102051e-01
4.511917233467102051e-01
4.511917233467102051e-01
4.511917233467102051e-01
4.483156204223632812e-01
4.475837349891662598e-01
4.475881755352020264e-01
4.475481510162353516e-01
4.474898576736450195e-01
4.449689388275146484e-01
4.465444982051849365e-01
4.260847866535186768e-01
0.000000000000000000e+00
4.411598742008209229e-01
4.410797357559204102e-01
4.410729408264160156e-01
4.410720169544219971e-01
4.368275701999664307e-01
4.242379069328308105e-01
4.184198379516601562e-01
4.203061759471893311e-01
4.175341129302978516e-01
4.193263947963714600e-01
4.358830451965332031e-01
4.482404589653015137e-01
4.603935182094573975e-01
4.603935182094573975e-01
4.603935182094573975e-01
4.603935182094573975e-01
4.489881396293640137e-01
4.394121170043945312e-01
4.427331089973449707e-01
3.469126820564270020e-01
4.418712556362152100e-01
4.603935182094573975e-01
4.603935182094573975e-01
4.603935182094573975e-01
4.603935182094573975e-01
4.603935182094573975e-01
4.548639059066772461e-01
4.548587799072265625e-01
4.548386335372924805e-01
4.603935182094573975e-01
4.603935182094573975e-01
4.603935182094573975e-01
4.603935182094573975e-01
4.603935182094573975e-01
4.603935182094573975e-01
4.603935182094573975e-01
4.217157363891601562e-01
4.421503245830535889e-01
4.460743963718414307e-01
4.437544047832489014e-01
4.460483193397521973e-01
4.460517466068267822e-01
4.419063925743103027e-01
4.460523426532745361e-01
4.418076276779174805e-01
4.391269683837890625e-01
4.426849484443664551e-01
4.466543495655059814e-01
4.425149559974670410e-01
4.481781721115112305e-01
3.710461854934692383e-01
4.435923993587493896e-01
4.501893818378448486e-01
4.256131947040557861e-01
4.603935182094573975e-01
4.418613016605377197e-01
4.431031644344329834e-01
4.418417215347290039e-01
4.431022107601165771e-01
4.455315172672271729e-01
4.419938921928405762e-01
4.517973959445953369e-01
4.517973959445953369e-01
4.517973959445953369e-01
4.516031146049499512e-01
4.603935182094573975e-01
4.603935182094573975e-01
4.603935182094573975e-01
4.603935182094573975e-01
4.603935182094573975e-01
4.603935182094573975e-01
4.603935182094573975e-01
4.603935182094573975e-01
4.603935182094573975e-01
4.603935182094573975e-01
4.603935182094573975e-01
4.603935182094573975e-01
4.603935182094573975e-01
4.603935182094573975e-01
4.603935182094573975e-01
4.603935182094573975e-01
4.603935182094573975e-01
4.603935182094573975e-01
4.603935182094573975e-01
4.603935182094573975e-01
4.603935182094573975e-01
4.603935182094573975e-01
4.603935182094573975e-01
4.603935182094573975e-01
4.603935182094573975e-01
4.603935182094573975e-01
4.603935182094573975e-01
4.603935182094573975e-01
4.603935182094573975e-01
4.603935182094573975e-01
4.603935182094573975e-01
4.603935182094573975e-01
4.603935182094573975e-01
4.603935182094573975e-01
4.603935182094573975e-01
4.603935182094573975e-01
4.603935182094573975e-01
4.603935182094573975e-01
4.603935182094573975e-01
4.603935182094573975e-01
4.603935182094573975e-01
4.483194649219512939e-01
4.483185112476348877e-01
4.483118057250976562e-01
4.483136832714080811e-01
4.483138322830200195e-01
4.483153223991394043e-01
4.450866878032684326e-01
4.486381113529205322e-01
4.486379325389862061e-01
4.485431313514709473e-01
4.493254721164703369e-01
4.501357674598693848e-01
4.487460255622863770e-01
4.487460255622863770e-01
4.487928748130798340e-01
4.490092694759368896e-01
4.515123367309570312e-01
4.513758420944213867e-01
4.487781226634979248e-01
4.487798213958740234e-01
4.487474560737609863e-01
4.487768411636352539e-01
4.487478733062744141e-01
4.487478733062744141e-01
4.487478733062744141e-01
4.487478733062744141e-01
4.511918127536773682e-01
4.487473666667938232e-01
4.483919739723205566e-01
4.483715593814849854e-01
4.483715891838073730e-01
4.483715295791625977e-01
4.485530257225036621e-01
4.487476646900177002e-01
4.487476646900177002e-01
4.487476646900177002e-01
4.487476646900177002e-01
4.487476646900177002e-01
4.487476646900177002e-01
4.487476646900177002e-01
4.487476944923400879e-01
4.487476944923400879e-01
4.487476944923400879e-01
4.487476944923400879e-01
4.487476944923400879e-01
4.487476944923400879e-01
4.487476944923400879e-01
4.487476944923400879e-01
4.487476944923400879e-01
4.487476944923400879e-01
4.487476944923400879e-01
4.487476944923400879e-01
4.487476944923400879e-01
4.483712911605834961e-01
4.483782052993774414e-01
4.483713209629058838e-01
4.483713209629058838e-01
4.483713507652282715e-01
4.483713805675506592e-01
4.428034722805023193e-01
4.487460851669311523e-01
4.487460553646087646e-01
4.487460851669311523e-01
4.487460553646087646e-01
4.487461447715759277e-01
4.487462341785430908e-01
4.487464725971221924e-01
4.483711421489715576e-01
4.488760232925415039e-01
4.511917531490325928e-01
4.511917531490325928e-01
4.511917531490325928e-01
4.511917531490325928e-01
0.000000000000000000e+00
0.000000000000000000e+00
4.181289076805114746e-01
2.092534601688385010e-01
4.173271656036376953e-01
4.147301614284515381e-01
4.369927048683166504e-01
4.427551925182342529e-01
4.420315027236938477e-01
4.511919319629669189e-01
4.511919021606445312e-01
4.511919021606445312e-01
4.511919021606445312e-01
4.603935182094573975e-01
4.603935182094573975e-01
4.603935182094573975e-01
4.603935182094573975e-01
4.603935182094573975e-01
4.603935182094573975e-01
4.603935182094573975e-01
4.603935182094573975e-01
4.603935182094573975e-01
4.603935182094573975e-01
4.603935182094573975e-01
4.603935182094573975e-01
4.603935182094573975e-01
4.603935182094573975e-01
4.603935182094573975e-01
4.603935182094573975e-01
4.603935182094573975e-01
4.603935182094573975e-01
4.603935182094573975e-01
4.603935182094573975e-01
4.603935182094573975e-01
4.603935182094573975e-01
4.603935182094573975e-01
4.603935182094573975e-01
4.511920511722564697e-01
4.511920213699340820e-01
4.487462341785430908e-01
4.487462341785430908e-01
4.487462341785430908e-01
4.487462341785430908e-01
4.603935182094573975e-01
4.603935182094573975e-01
4.603935182094573975e-01
4.603935182094573975e-01
4.480437338352203369e-01
4.467598199844360352e-01
4.428137242794036865e-01
4.427154660224914551e-01
4.368688762187957764e-01
4.511917233467102051e-01
4.511917233467102051e-01
4.511917233467102051e-01
4.511917233467102051e-01
4.511917233467102051e-01
4.511917233467102051e-01
4.511917233467102051e-01
4.511917233467102051e-01
4.511917233467102051e-01
4.489821195602416992e-01
4.484024941921234131e-01
0.000000000000000000e+00
0.000000000000000000e+00
3.931024968624114990e-01
0.000000000000000000e+00
0.000000000000000000e+00
0.000000000000000000e+00
0.000000000000000000e+00
4.557208418846130371e-01
0.000000000000000000e+00
0.000000000000000000e+00
4.251120090484619141e-01
0.000000000000000000e+00
0.000000000000000000e+00
1.458346843719482422e-03
0.000000000000000000e+00
4.048471450805664062e-01
4.469099640846252441e-01
0.000000000000000000e+00
5.176156759262084961e-02
2.680563926696777344e-02
0.000000000000000000e+00
3.249412775039672852e-01
0.000000000000000000e+00
1.345840096473693848e-02
0.000000000000000000e+00
0.000000000000000000e+00
3.811324238777160645e-01
6.494894623756408691e-02
4.487847387790679932e-01
4.499901235103607178e-01
4.603935182094573975e-01
4.603935182094573975e-01
4.603935182094573975e-01
4.509831368923187256e-01
4.511917233467102051e-01
4.486108124256134033e-01
4.486642777919769287e-01
4.486640095710754395e-01
4.483884871006011963e-01
4.438936412334442139e-01
4.431082308292388916e-01
4.452109932899475098e-01
4.603935182094573975e-01
4.603935182094573975e-01
4.603935182094573975e-01
4.603935182094573975e-01
4.603935182094573975e-01
4.603935182094573975e-01
4.603935182094573975e-01
4.603935182094573975e-01
4.603935182094573975e-01
4.603935182094573975e-01
4.603935182094573975e-01
4.603935182094573975e-01
4.603935182094573975e-01
4.411794245243072510e-01
4.254109263420104980e-01
4.300431907176971436e-01
4.409230053424835205e-01
4.418863952159881592e-01
4.193731546401977539e-01
4.304509162902832031e-01
4.414938688278198242e-01
4.404088854789733887e-01
4.450144767761230469e-01
4.420840442180633545e-01
4.419335126876831055e-01
4.421031773090362549e-01
4.419350624084472656e-01
4.420695602893829346e-01
4.343022406101226807e-01
4.417174756526947021e-01
4.419133961200714111e-01
4.419463276863098145e-01
4.420024156570434570e-01
4.460103809833526611e-01
4.484739899635314941e-01
4.511917829513549805e-01
4.589703083038330078e-01
4.589703083038330078e-01
4.600738286972045898e-01
4.511917233467102051e-01
4.426988959312438965e-01
4.427348971366882324e-01
4.426993429660797119e-01
4.427044689655303955e-01
4.426986277103424072e-01
4.427555799484252930e-01
4.427861571311950684e-01
4.447453618049621582e-01
4.427483081817626953e-01
4.456496238708496094e-01
4.603935182094573975e-01
4.603935182094573975e-01
4.603935182094573975e-01
4.603935182094573975e-01
4.487468898296356201e-01
4.487468898296356201e-01
4.487468004226684570e-01
4.487467706203460693e-01
4.483718574047088623e-01
4.483718574047088623e-01
4.483718574047088623e-01
4.483718574047088623e-01
4.483195245265960693e-01
4.483199119567871094e-01
4.483397901058197021e-01
4.484300911426544189e-01
4.485907256603240967e-01
4.484046101570129395e-01
4.487476944923400879e-01
4.487476944923400879e-01
4.487476944923400879e-01
4.487476944923400879e-01
4.386535882949829102e-01
4.511917829513549805e-01
4.511917829513549805e-01
4.511917829513549805e-01
4.511917829513549805e-01
4.511917829513549805e-01
4.511917829513549805e-01
4.511917829513549805e-01
4.511917829513549805e-01
4.511917829513549805e-01
4.511917531490325928e-01
4.511917531490325928e-01
4.511917531490325928e-01
4.511917531490325928e-01
4.511917531490325928e-01
4.511917531490325928e-01
4.487460553646087646e-01
4.487460553646087646e-01
4.487460851669311523e-01
4.483710229396820068e-01
4.485608637332916260e-01
4.485612213611602783e-01
4.485613703727722168e-01
4.483460485935211182e-01
4.483460783958435059e-01
4.511917829513549805e-01
4.511917829513549805e-01
4.511917829513549805e-01
4.511917829513549805e-01
4.392752349376678467e-01
4.326109886169433594e-01
4.324094057083129883e-01
4.314039647579193115e-01
4.284386336803436279e-01
4.279116392135620117e-01
4.249795079231262207e-01
4.123643636703491211e-01
4.267061352729797363e-01
0.000000000000000000e+00
0.000000000000000000e+00
0.000000000000000000e+00
0.000000000000000000e+00
2.205001413822174072e-01
4.342341423034667969e-01
3.659389019012451172e-01
1.897244453430175781e-01
1.811440289020538330e-01
0.000000000000000000e+00
0.000000000000000000e+00
9.067979454994201660e-02
1.785340607166290283e-01
3.022459149360656738e-01
2.972650527954101562e-01
2.989097535610198975e-01
4.426771998405456543e-01
4.426766932010650635e-01
4.413745701313018799e-01
4.426771998405456543e-01
4.368360042572021484e-01
4.326502084732055664e-01
4.247650802135467529e-01
4.426375925540924072e-01
4.483193457126617432e-01
4.483193457126617432e-01
4.603935182094573975e-01
4.603935182094573975e-01
4.603935182094573975e-01
4.603935182094573975e-01
4.511919617652893066e-01
4.511919915676116943e-01
4.511919915676116943e-01
4.511919915676116943e-01
4.511919915676116943e-01
4.511919915676116943e-01
4.511919915676116943e-01
4.511919915676116943e-01
4.507834613323211670e-01
4.507834613323211670e-01
4.507834613323211670e-01
4.507834613323211670e-01
4.507557451725006104e-01
4.507606923580169678e-01
4.507743716239929199e-01
4.511249065399169922e-01
4.511920213699340820e-01
4.500960409641265869e-01
4.498600661754608154e-01
4.493455290794372559e-01
4.489168822765350342e-01
4.603935182094573975e-01
4.603935182094573975e-01
4.603935182094573975e-01
4.603935182094573975e-01
4.603935182094573975e-01
4.603935182094573975e-01
4.603935182094573975e-01
4.603935182094573975e-01
4.603935182094573975e-01
4.603935182094573975e-01
4.603935182094573975e-01
4.603935182094573975e-01
4.603935182094573975e-01
4.603935182094573975e-01
4.603935182094573975e-01
4.603935182094573975e-01
4.603935182094573975e-01
4.603935182094573975e-01
4.603935182094573975e-01
4.603935182094573975e-01
4.603935182094573975e-01
4.603935182094573975e-01
4.603935182094573975e-01
4.603935182094573975e-01
4.603935182094573975e-01
4.603935182094573975e-01
4.603935182094573975e-01
4.603935182094573975e-01
4.603935182094573975e-01
4.603935182094573975e-01
4.603935182094573975e-01
4.603935182094573975e-01
4.603935182094573975e-01
4.603935182094573975e-01
4.603935182094573975e-01
4.603935182094573975e-01
4.603935182094573975e-01
4.603935182094573975e-01
4.603935182094573975e-01
4.603935182094573975e-01
4.603935182094573975e-01
4.603935182094573975e-01
4.603935182094573975e-01
4.603935182094573975e-01
4.603935182094573975e-01
4.487458765506744385e-01
4.483718276023864746e-01
4.487616419792175293e-01
4.483762085437774658e-01
4.455538094043731689e-01
4.555326998233795166e-01
4.544808864593505859e-01
4.601693451404571533e-01
4.603935182094573975e-01
4.603935182094573975e-01
4.511917233467102051e-01
4.494322538375854492e-01
4.511640369892120361e-01
4.603935182094573975e-01
4.593332409858703613e-01
4.593333601951599121e-01
4.483289420604705811e-01
4.483137428760528564e-01
4.483288526535034180e-01
4.483287632465362549e-01
4.483324587345123291e-01
4.593353271484375000e-01
4.593364596366882324e-01
4.593374133110046387e-01
4.593366086483001709e-01
4.593362510204315186e-01
4.508266746997833252e-01
4.508267045021057129e-01
4.486859738826751709e-01
4.486857056617736816e-01
4.486861526966094971e-01
4.486857950687408447e-01
4.486858546733856201e-01
4.486853182315826416e-01
4.486839175224304199e-01
4.486838579177856445e-01
4.486818611621856689e-01
4.507527351379394531e-01
4.507115781307220459e-01
4.491696953773498535e-01
4.487464129924774170e-01
4.488854706287384033e-01
4.487464129924774170e-01
4.470509290695190430e-01
4.487090706825256348e-01
4.468865394592285156e-01
4.511918723583221436e-01
4.511918723583221436e-01
4.426787495613098145e-01
4.426846802234649658e-01
4.511775374412536621e-01
4.445042312145233154e-01
4.487869143486022949e-01
4.514797329902648926e-01
4.514797031879425049e-01
4.514797329902648926e-01
4.514797627925872803e-01
4.514797329902648926e-01
4.487812221050262451e-01
4.491097331047058105e-01
4.492072463035583496e-01
4.511917531490325928e-01
4.492394030094146729e-01
4.492395818233489990e-01
4.492385387420654297e-01
4.492384791374206543e-01
4.492383003234863281e-01
4.494599699974060059e-01
4.494483470916748047e-01
4.494642913341522217e-01
4.494593441486358643e-01
4.501042664051055908e-01
4.102357327938079834e-01
4.408611059188842773e-01
4.409467577934265137e-01
4.409378170967102051e-01
4.409695267677307129e-01
3.619750738143920898e-01
4.164684116840362549e-01
4.195730984210968018e-01
4.205303192138671875e-01
4.022240638732910156e-01
4.527620971202850342e-01
4.593999385833740234e-01
4.497516751289367676e-01
4.546647965908050537e-01
4.532403945922851562e-01
4.468074440956115723e-01
4.487510621547698975e-01
4.487474262714385986e-01
4.488635063171386719e-01
4.488646686077117920e-01
4.487473666667938232e-01
4.426737725734710693e-01
4.371701776981353760e-01
4.437524676322937012e-01
4.454759061336517334e-01
4.426739811897277832e-01
4.483237266540527344e-01
4.483642578125000000e-01
4.487474560737609863e-01
4.487474560737609863e-01
4.487474560737609863e-01
4.483350813388824463e-01
4.483282566070556641e-01
4.483219981193542480e-01
4.483288824558258057e-01
4.483289122581481934e-01
4.483287334442138672e-01
4.483275115489959717e-01
4.483132660388946533e-01
4.483138918876647949e-01
4.483563899993896484e-01
4.483717679977416992e-01
4.483717679977416992e-01
4.483196735382080078e-01
4.483196735382080078e-01
4.483196735382080078e-01
4.483196735382080078e-01
4.483196735382080078e-01
4.483124017715454102e-01
4.483123719692230225e-01
4.415115714073181152e-01
4.483189582824707031e-01
4.483183324337005615e-01
4.483157396316528320e-01
4.483157396316528320e-01
4.483157396316528320e-01
4.483157694339752197e-01
4.483269751071929932e-01
4.483445584774017334e-01
4.483445584774017334e-01
4.483445584774017334e-01
4.483171105384826660e-01
4.483725130558013916e-01
4.430856108665466309e-01
4.483714401721954346e-01
4.483714401721954346e-01
4.483714401721954346e-01
4.487490355968475342e-01
4.484657943248748779e-01
4.484649300575256348e-01
4.484776556491851807e-01
4.425062835216522217e-01
4.426599144935607910e-01
4.432683587074279785e-01
4.426766633987426758e-01
4.415956735610961914e-01
4.447198808193206787e-01
2.320336401462554932e-01
4.415995776653289795e-01
4.487474262714385986e-01
4.487473964691162109e-01
4.484044015407562256e-01
4.484044313430786133e-01
4.484044015407562256e-01
4.488160908222198486e-01
4.490711688995361328e-01
4.490711688995361328e-01
4.488995969295501709e-01
4.490003585815429688e-01
4.511918723583221436e-01
4.511918723583221436e-01
4.487458765506744385e-01
4.487458765506744385e-01
3.198421597480773926e-01
0.000000000000000000e+00
3.331197500228881836e-01
3.331197500228881836e-01
3.485037982463836670e-01
4.181313514709472656e-01
3.038821220397949219e-01
5.993002653121948242e-02
0.000000000000000000e+00
1.613822281360626221e-01
4.172921180725097656e-01
4.511918425559997559e-01
4.511918425559997559e-01
4.511918425559997559e-01
4.483805000782012939e-01
4.483201503753662109e-01
4.483202993869781494e-01
4.483728408813476562e-01
4.452309310436248779e-01
4.483124613761901855e-01
4.328821897506713867e-01
4.483124911785125732e-01
4.483133852481842041e-01
4.300776720046997070e-01
4.483124315738677979e-01
4.483124911785125732e-01
4.483112394809722900e-01
4.483811259269714355e-01
4.483811259269714355e-01
4.483811259269714355e-01
4.483811855316162109e-01
4.483812153339385986e-01
4.483813345432281494e-01
4.483814835548400879e-01
4.483816027641296387e-01
4.483816921710968018e-01
4.483850896358489990e-01
4.483244717121124268e-01
4.483213126659393311e-01
4.483830332756042480e-01
4.483822882175445557e-01
4.483806788921356201e-01
4.483803808689117432e-01
4.483713507652282715e-01
4.511919021606445312e-01
4.511919021606445312e-01
4.511919021606445312e-01
2.636505365371704102e-01
1.301531493663787842e-01
0.000000000000000000e+00
1.194378435611724854e-01
1.378913819789886475e-01
4.426739811897277832e-01
4.090401828289031982e-01
4.511921107769012451e-01
4.511920809745788574e-01
3.311125040054321289e-01
3.212826251983642578e-01
3.701882362365722656e-01
3.882178366184234619e-01
3.961480259895324707e-01
3.927661180496215820e-01
3.282590508460998535e-01
0.000000000000000000e+00
0.000000000000000000e+00
0.000000000000000000e+00
0.000000000000000000e+00
2.583644986152648926e-01
0.000000000000000000e+00
0.000000000000000000e+00
1.313010752201080322e-01
1.776672005653381348e-01
2.488896548748016357e-01
2.989999055862426758e-01
2.990000844001770020e-01
2.967771291732788086e-01
2.977189421653747559e-01
0.000000000000000000e+00
2.599523663520812988e-01
0.000000000000000000e+00
0.000000000000000000e+00
0.000000000000000000e+00
0.000000000000000000e+00
0.000000000000000000e+00
0.000000000000000000e+00
0.000000000000000000e+00
3.290296196937561035e-01
4.413446187973022461e-01
1.283124089241027832e-01
0.000000000000000000e+00
7.679224014282226562e-03
3.057709932327270508e-01
0.000000000000000000e+00
0.000000000000000000e+00
0.000000000000000000e+00
4.136604070663452148e-01
0.000000000000000000e+00
9.898963570594787598e-02
0.000000000000000000e+00
0.000000000000000000e+00
0.000000000000000000e+00
0.000000000000000000e+00
0.000000000000000000e+00
0.000000000000000000e+00
0.000000000000000000e+00
0.000000000000000000e+00
0.000000000000000000e+00
0.000000000000000000e+00
0.000000000000000000e+00
4.488724172115325928e-01
4.489562809467315674e-01
4.489562809467315674e-01
4.489562809467315674e-01
4.489562809467315674e-01
4.489562511444091797e-01
4.489562511444091797e-01
4.487267136573791504e-01
4.487267136573791504e-01
4.487266242504119873e-01
4.487476944923400879e-01
4.483194053173065186e-01
4.483118951320648193e-01
4.483113884925842285e-01
4.483113884925842285e-01
4.483118951320648193e-01
4.483115971088409424e-01
4.483123421669006348e-01
4.603935182094573975e-01
4.429070949554443359e-01
4.437446594238281250e-01
4.378154873847961426e-01
4.437499344348907471e-01
4.437918961048126221e-01
4.430671930313110352e-01
4.430676400661468506e-01
4.513410925865173340e-01
4.513325691223144531e-01
4.487688243389129639e-01
4.446632266044616699e-01
4.445401132106781006e-01
4.445546865463256836e-01
4.445607364177703857e-01
4.445300698280334473e-01
4.445471763610839844e-01
4.445142745971679688e-01
4.445254802703857422e-01
4.436523318290710449e-01
4.445002079010009766e-01
4.445071518421173096e-01
4.483709931373596191e-01
4.444894194602966309e-01
4.442922472953796387e-01
4.442926049232482910e-01
4.445048272609710693e-01
4.473466575145721436e-01
4.441883862018585205e-01
4.455775320529937744e-01
4.423633515834808350e-01
4.422542452812194824e-01
4.421413540840148926e-01
4.422770738601684570e-01
4.424757659435272217e-01
4.425619542598724365e-01
4.424015879631042480e-01
4.417313635349273682e-01
4.483709931373596191e-01
4.483471214771270752e-01
4.483709931373596191e-01
4.483709931373596191e-01
4.483709931373596191e-01
4.487492442131042480e-01
4.487261772155761719e-01
4.484808743000030518e-01
4.542168974876403809e-01
4.603935182094573975e-01
4.603935182094573975e-01
4.603935182094573975e-01
4.603935182094573975e-01
4.603935182094573975e-01
4.603935182094573975e-01
4.603935182094573975e-01
4.603935182094573975e-01
4.506469964981079102e-01
4.493668377399444580e-01
4.489808678627014160e-01
4.487461745738983154e-01
4.426816403865814209e-01
4.487472474575042725e-01
4.426986575126647949e-01
4.461601376533508301e-01
4.511918723583221436e-01
4.603935182094573975e-01
4.603935182094573975e-01
4.603935182094573975e-01
4.603935182094573975e-01
4.603935182094573975e-01
4.603935182094573975e-01
4.603935182094573975e-01
4.603935182094573975e-01
4.603935182094573975e-01
4.603935182094573975e-01
4.406484365463256836e-01
4.603935182094573975e-01
4.603935182094573975e-01
4.603935182094573975e-01
4.603935182094573975e-01
4.603935182094573975e-01
4.603935182094573975e-01
4.603935182094573975e-01
4.603935182094573975e-01
4.523757696151733398e-01
4.475673139095306396e-01
0.000000000000000000e+00
0.000000000000000000e+00
0.000000000000000000e+00
0.000000000000000000e+00
4.603935182094573975e-01
4.603935182094573975e-01
4.603935182094573975e-01
4.603935182094573975e-01
4.603935182094573975e-01
4.507151544094085693e-01
4.595363140106201172e-01
4.497694969177246094e-01
4.419210553169250488e-01
4.434087276458740234e-01
4.414524734020233154e-01
3.857278227806091309e-01
0.000000000000000000e+00
0.000000000000000000e+00
0.000000000000000000e+00
0.000000000000000000e+00
0.000000000000000000e+00
0.000000000000000000e+00
0.000000000000000000e+00
0.000000000000000000e+00
0.000000000000000000e+00
0.000000000000000000e+00
0.000000000000000000e+00
0.000000000000000000e+00
0.000000000000000000e+00
2.842211425304412842e-01
2.642362713813781738e-01
4.585055708885192871e-01
4.511918127536773682e-01
4.511918127536773682e-01
4.511918127536773682e-01
4.511917531490325928e-01
4.511917531490325928e-01
4.511918127536773682e-01
4.511917531490325928e-01
4.487662911415100098e-01
4.495157599449157715e-01
4.493173062801361084e-01
4.520365595817565918e-01
4.603935182094573975e-01
4.514083862304687500e-01
4.511917531490325928e-01
4.511917531490325928e-01
4.511917531490325928e-01
4.511917531490325928e-01
4.511917531490325928e-01
4.511917531490325928e-01
4.511917531490325928e-01
4.514083564281463623e-01
4.511917531490325928e-01
4.514079988002777100e-01
4.603935182094573975e-01
4.603935182094573975e-01
4.603935182094573975e-01
4.603935182094573975e-01
4.603935182094573975e-01
4.603935182094573975e-01
4.603935182094573975e-01
4.603935182094573975e-01
4.603935182094573975e-01
4.603935182094573975e-01
4.603935182094573975e-01
4.511917829513549805e-01
4.568296372890472412e-01
4.486515223979949951e-01
4.486916363239288330e-01
4.486888945102691650e-01
4.433174133300781250e-01
4.493916034698486328e-01
4.491482675075531006e-01
4.488579034805297852e-01
4.511917233467102051e-01
4.431824684143066406e-01
4.423438906669616699e-01
4.426774978637695312e-01
4.361039102077484131e-01
4.426774382591247559e-01
4.511917233467102051e-01
4.511917233467102051e-01
4.511917233467102051e-01
4.603935182094573975e-01
4.603935182094573975e-01
4.603935182094573975e-01
4.603935182094573975e-01
4.474988877773284912e-01
4.475471079349517822e-01
4.468615353107452393e-01
4.430241584777832031e-01
4.429906606674194336e-01
4.431082606315612793e-01
4.487477242946624756e-01
4.487477242946624756e-01
4.487478137016296387e-01
4.511919319629669189e-01
0.000000000000000000e+00
0.000000000000000000e+00
3.132790923118591309e-01
3.134025037288665771e-01
3.134504258632659912e-01
3.134673535823822021e-01
3.409202992916107178e-01
3.409449458122253418e-01
3.383368849754333496e-01
2.324840128421783447e-01
0.000000000000000000e+00
0.000000000000000000e+00
0.000000000000000000e+00
4.314101040363311768e-01
3.581614494323730469e-01
0.000000000000000000e+00
0.000000000000000000e+00
3.574911355972290039e-01
2.705025076866149902e-01
0.000000000000000000e+00
2.509379386901855469e-02
4.530997872352600098e-01
4.421013891696929932e-01
4.415709972381591797e-01
4.603935182094573975e-01
4.603935182094573975e-01
4.603935182094573975e-01
4.603935182094573975e-01
4.367671906948089600e-01
4.483028948307037354e-01
4.467080533504486084e-01
4.486435949802398682e-01
4.348226785659790039e-01
4.478477537631988525e-01
4.426956474781036377e-01
4.501814246177673340e-01
4.470277428627014160e-01
4.513527154922485352e-01
4.603935182094573975e-01
4.603935182094573975e-01
4.603935182094573975e-01
4.603935182094573975e-01
4.603935182094573975e-01
1.980301439762115479e-01
3.979654014110565186e-01
3.828609585762023926e-01
3.827489614486694336e-01
4.205487966537475586e-01
4.200820922851562500e-01
4.205487966537475586e-01
4.264751076698303223e-01
4.236124455928802490e-01
4.370913803577423096e-01
4.215163588523864746e-01
4.175075888633728027e-01
4.204682111740112305e-01
4.412826001644134521e-01
4.412786960601806641e-01
4.410713613033294678e-01
4.409468173980712891e-01
4.411529302597045898e-01
4.409450590610504150e-01
4.346385598182678223e-01
4.412943720817565918e-01
4.356766641139984131e-01
4.410839080810546875e-01
4.426734447479248047e-01
2.667219042778015137e-01
4.409530758857727051e-01
0.000000000000000000e+00
4.131552875041961670e-01
3.785234689712524414e-01
4.410986006259918213e-01
0.000000000000000000e+00
0.000000000000000000e+00
0.000000000000000000e+00
4.365463256835937500e-01
4.411975145339965820e-01
3.290749192237854004e-01
4.267199635505676270e-01
4.192183911800384521e-01
4.459108412265777588e-01
4.220473468303680420e-01
4.419777691364288330e-01
4.487507045269012451e-01
4.483971595764160156e-01
4.478245079517364502e-01
4.516147375106811523e-01
4.458036720752716064e-01
4.454554915428161621e-01
4.502598047256469727e-01
4.460747539997100830e-01
4.551956355571746826e-01
4.476933777332305908e-01
4.603935182094573975e-01
4.603935182094573975e-01
4.603935182094573975e-01
4.603935182094573975e-01
4.431706964969635010e-01
4.427163600921630859e-01
4.432961642742156982e-01
4.427326917648315430e-01
4.431298077106475830e-01
4.412921369075775146e-01
4.586201012134552002e-01
4.586065709590911865e-01
4.590340554714202881e-01
4.575100839138031006e-01
4.519882798194885254e-01
4.551999866962432861e-01
4.573735296726226807e-01
4.581338167190551758e-01
4.585022330284118652e-01
4.587642550468444824e-01
4.592432975769042969e-01
4.594421982765197754e-01
4.597457349300384521e-01
4.597899913787841797e-01
4.597592651844024658e-01
4.597634375095367432e-01
4.603935182094573975e-01
4.603935182094573975e-01
4.603935182094573975e-01
4.603935182094573975e-01
4.603935182094573975e-01
4.603935182094573975e-01
4.483112990856170654e-01
4.483113884925842285e-01
4.483113884925842285e-01
4.483167231082916260e-01
4.483119547367095947e-01
4.483120143413543701e-01
4.483193755149841309e-01
4.483172893524169922e-01
4.483168423175811768e-01
4.483113884925842285e-01
4.483143091201782227e-01
4.483185410499572754e-01
4.483231604099273682e-01
4.483325779438018799e-01
4.483789205551147461e-01
4.487360715866088867e-01
4.485706984996795654e-01
4.486414492130279541e-01
4.483350217342376709e-01
4.483709931373596191e-01
4.483935832977294922e-01
4.485154151916503906e-01
4.483709931373596191e-01
4.426734745502471924e-01
4.451004862785339355e-01
4.483241736888885498e-01
4.483243227005004883e-01
4.483257830142974854e-01
4.486560225486755371e-01
4.428089559078216553e-01
4.455486238002777100e-01
4.501084387302398682e-01
4.603935182094573975e-01
4.603935182094573975e-01
4.603935182094573975e-01
4.603935182094573975e-01
4.603935182094573975e-01
4.603935182094573975e-01
0.000000000000000000e+00
0.000000000000000000e+00
0.000000000000000000e+00
0.000000000000000000e+00
0.000000000000000000e+00
3.922223150730133057e-01
0.000000000000000000e+00
4.510932862758636475e-01
4.437233209609985352e-01
4.453450143337249756e-01
4.485554099082946777e-01
4.485554099082946777e-01
4.485554099082946777e-01
4.485554099082946777e-01
4.491640925407409668e-01
4.491639733314514160e-01
4.495732784271240234e-01
4.492639005184173584e-01
4.492605328559875488e-01
4.492575228214263916e-01
4.490906000137329102e-01
4.484345912933349609e-01
4.484344720840454102e-01
4.484343528747558594e-01
4.484339952468872070e-01
4.484340548515319824e-01
4.484334290027618408e-01
4.484329223632812500e-01
4.484321475028991699e-01
4.484315812587738037e-01
4.484312236309051514e-01
4.484309852123260498e-01
4.487462043762207031e-01
4.487462043762207031e-01
4.487462043762207031e-01
4.487462043762207031e-01
4.487462043762207031e-01
4.276852607727050781e-01
4.276852607727050781e-01
4.276852607727050781e-01
4.276852607727050781e-01
4.205015897750854492e-01
4.205487966537475586e-01
4.197840988636016846e-01
4.276852607727050781e-01
4.266108572483062744e-01
4.483112394809722900e-01
4.426738917827606201e-01
4.426736533641815186e-01
4.483117163181304932e-01
4.483133554458618164e-01
1.480749249458312988e-02
4.426857531070709229e-01
4.426763057708740234e-01
4.426891803741455078e-01
4.426757991313934326e-01
4.426747560501098633e-01
4.446116685867309570e-01
4.426814615726470947e-01
4.249027967453002930e-01
4.487461447715759277e-01
4.277875721454620361e-01
4.487459957599639893e-01
4.487460553646087646e-01
4.487459957599639893e-01
4.483195841312408447e-01
4.230684638023376465e-01
4.234703779220581055e-01
4.251109659671783447e-01
4.449183046817779541e-01
4.451816976070404053e-01
4.447967112064361572e-01
4.444534182548522949e-01
4.443673491477966309e-01
4.449607729911804199e-01
4.428562521934509277e-01
4.487426877021789551e-01
3.190707564353942871e-01
4.202902019023895264e-01
4.202950894832611084e-01
4.296841025352478027e-01
4.265238642692565918e-01
4.271018803119659424e-01
4.271401762962341309e-01
4.274939596652984619e-01
4.266071021556854248e-01
4.358309507369995117e-01
4.279529154300689697e-01
4.282032251358032227e-01
4.365941882133483887e-01
4.393640458583831787e-01
4.393473863601684570e-01
4.184753894805908203e-01
4.320258200168609619e-01
4.217391014099121094e-01
4.115071594715118408e-01
3.863022029399871826e-01
4.014066159725189209e-01
1.014739573001861572e-01
4.271445572376251221e-01
4.270662367343902588e-01
4.417301118373870850e-01
4.420120716094970703e-01
4.426833987236022949e-01
4.493787586688995361e-01
4.570420384407043457e-01
4.483197033405303955e-01
4.431080818176269531e-01
4.431080818176269531e-01
4.431735873222351074e-01
4.476035833358764648e-01
4.488180577754974365e-01
4.469745457172393799e-01
4.513618350028991699e-01
4.513610303401947021e-01
4.603935182094573975e-01
4.603935182094573975e-01
4.603935182094573975e-01
4.603935182094573975e-01
4.603935182094573975e-01
4.603935182094573975e-01
4.603935182094573975e-01
4.483569264411926270e-01
4.417243301868438721e-01
4.456839263439178467e-01
4.453737139701843262e-01
4.581049084663391113e-01
4.603935182094573975e-01
4.603935182094573975e-01
4.603935182094573975e-01
4.603935182094573975e-01
4.542708396911621094e-01
4.603935182094573975e-01
4.491531848907470703e-01
4.488613605499267578e-01
4.495610892772674561e-01
4.483656287193298340e-01
4.426744282245635986e-01
4.427610039710998535e-01
4.440887570381164551e-01
4.487458765506744385e-01
4.466934502124786377e-01
4.432694017887115479e-01
4.603935182094573975e-01
4.499808847904205322e-01
4.511917233467102051e-01
4.416442513465881348e-01
4.418085217475891113e-01
4.411133825778961182e-01
0.000000000000000000e+00
0.000000000000000000e+00
3.106841444969177246e-01
3.185790181159973145e-01
4.223628342151641846e-01
4.275572597980499268e-01
4.356712102890014648e-01
4.274328649044036865e-01
4.410162568092346191e-01
4.418585896492004395e-01
4.221106171607971191e-01
3.458021581172943115e-01
1.136692762374877930e-01
3.519895672798156738e-01
3.317664861679077148e-01
0.000000000000000000e+00
3.891920447349548340e-01
4.514253735542297363e-01
4.487705230712890625e-01
4.487459063529968262e-01
4.489070177078247070e-01
4.443568289279937744e-01
4.485661983489990234e-01
4.437810480594635010e-01
4.429830312728881836e-01
4.518515467643737793e-01
4.129000604152679443e-01
4.471070766448974609e-01
4.404204487800598145e-01
4.528709352016448975e-01
4.570555686950683594e-01
4.603935182094573975e-01
4.603935182094573975e-01
4.603935182094573975e-01
4.603935182094573975e-01
4.603935182094573975e-01
4.603935182094573975e-01
4.603935182094573975e-01
4.603935182094573975e-01
4.603935182094573975e-01
4.603935182094573975e-01
4.603935182094573975e-01
4.603935182094573975e-01
4.603935182094573975e-01
4.530431330204010010e-01
4.489685297012329102e-01
4.603935182094573975e-01
4.603935182094573975e-01
4.513830244541168213e-01
4.515371620655059814e-01
4.518388509750366211e-01
4.515721201896667480e-01
4.603935182094573975e-01
4.603935182094573975e-01
4.603935182094573975e-01
4.603935182094573975e-01
4.603935182094573975e-01
4.603935182094573975e-01
4.603935182094573975e-01
4.603935182094573975e-01
4.603935182094573975e-01
4.603935182094573975e-01
4.603935182094573975e-01
4.603935182094573975e-01
4.603935182094573975e-01
4.603935182094573975e-01
4.603935182094573975e-01
4.603935182094573975e-01
4.603935182094573975e-01
4.603935182094573975e-01
4.603935182094573975e-01
4.603935182094573975e-01
4.603935182094573975e-01
4.603935182094573975e-01
4.603935182094573975e-01
4.603935182094573975e-01
4.603935182094573975e-01
4.603935182094573975e-01
4.603935182094573975e-01
4.603935182094573975e-01
4.603935182094573975e-01
4.603935182094573975e-01
4.603935182094573975e-01
4.603935182094573975e-01
4.603935182094573975e-01
4.603935182094573975e-01
4.603935182094573975e-01
4.603935182094573975e-01
4.603935182094573975e-01
4.603935182094573975e-01
4.603935182094573975e-01
4.603935182094573975e-01
4.603935182094573975e-01
4.603935182094573975e-01
4.603935182094573975e-01
4.603935182094573975e-01
4.603935182094573975e-01
4.483196139335632324e-01
4.483196139335632324e-01
4.483444094657897949e-01
4.483241140842437744e-01
4.483723938465118408e-01
4.483724236488342285e-01
4.483724534511566162e-01
4.487487971782684326e-01
4.484536945819854736e-01
4.466554224491119385e-01
4.487488269805908203e-01
4.487488269805908203e-01
4.487488269805908203e-01
4.487488269805908203e-01
4.487488269805908203e-01
4.487489163875579834e-01
4.487489461898803711e-01
4.487489759922027588e-01
4.487489759922027588e-01
4.487488567829132080e-01
4.488285183906555176e-01
4.495844841003417969e-01
4.509147107601165771e-01
4.512973427772521973e-01
4.504735767841339111e-01
4.521381258964538574e-01
4.517800509929656982e-01
4.603935182094573975e-01
4.603935182094573975e-01
4.557679891586303711e-01
4.603935182094573975e-01
4.497928917407989502e-01
4.428651034832000732e-01
4.428655505180358887e-01
4.324898719787597656e-01
4.391530752182006836e-01
4.386957883834838867e-01
4.158978462219238281e-01
4.463508725166320801e-01
4.076889753341674805e-01
4.258217215538024902e-01
4.411534368991851807e-01
4.082667827606201172e-01
4.135935902595520020e-01
4.093937277793884277e-01
4.421835541725158691e-01
4.429908394813537598e-01
4.487468600273132324e-01
4.483624696731567383e-01
4.452897310256958008e-01
4.487472772598266602e-01
4.511918723583221436e-01
4.603935182094573975e-01
4.603935182094573975e-01
4.603935182094573975e-01
4.603935182094573975e-01
4.603935182094573975e-01
4.603935182094573975e-01
4.603935182094573975e-01
4.603935182094573975e-01
4.603935182094573975e-01
4.603935182094573975e-01
4.603935182094573975e-01
4.603935182094573975e-01
4.603935182094573975e-01
4.603935182094573975e-01
4.603935182094573975e-01
4.603935182094573975e-01
4.603935182094573975e-01
4.603935182094573975e-01
4.603935182094573975e-01
4.603935182094573975e-01
4.603935182094573975e-01
4.603935182094573975e-01
4.603935182094573975e-01
4.603935182094573975e-01
4.603935182094573975e-01
4.603935182094573975e-01
4.603935182094573975e-01
4.603935182094573975e-01
4.603935182094573975e-01
4.603935182094573975e-01
4.603935182094573975e-01
4.511920511722564697e-01
4.511920511722564697e-01
4.511920511722564697e-01
4.511920511722564697e-01
4.511920511722564697e-01
4.511920213699340820e-01
4.511920511722564697e-01
4.511920511722564697e-01
4.511920511722564697e-01
4.511920511722564697e-01
4.511920511722564697e-01
4.511920511722564697e-01
4.511920511722564697e-01
4.511920511722564697e-01
4.511920511722564697e-01
4.511920511722564697e-01
4.511920511722564697e-01
4.511920511722564697e-01
4.511920511722564697e-01
4.511920511722564697e-01
4.511920511722564697e-01
4.511920213699340820e-01
4.511920213699340820e-01
4.511920213699340820e-01
4.511920213699340820e-01
4.511920511722564697e-01
4.511920213699340820e-01
4.511920511722564697e-01
4.511920511722564697e-01
4.511920511722564697e-01
4.511920213699340820e-01
4.511920511722564697e-01
4.511920511722564697e-01
4.511920809745788574e-01
4.511920809745788574e-01
4.511921107769012451e-01
4.511920809745788574e-01
4.511921107769012451e-01
4.511924386024475098e-01
4.511928558349609375e-01
4.511918425559997559e-01
4.603935182094573975e-01
4.603935182094573975e-01
4.603935182094573975e-01
4.603935182094573975e-01
4.603935182094573975e-01
4.568596780300140381e-01
4.568602144718170166e-01
4.568603336811065674e-01
4.537864327430725098e-01
2.711391448974609375e-01
4.485578238964080811e-01
4.485752880573272705e-01
4.485751092433929443e-01
4.503569304943084717e-01
4.502111077308654785e-01
3.183245360851287842e-01
4.603935182094573975e-01
4.603935182094573975e-01
4.603935182094573975e-01
4.603935182094573975e-01
4.603935182094573975e-01
4.511917233467102051e-01
4.511917233467102051e-01
4.511917233467102051e-01
4.511917233467102051e-01
4.511917233467102051e-01
4.313260614871978760e-01
4.413380920886993408e-01
4.203736782073974609e-01
4.409260451793670654e-01
4.411621093750000000e-01
4.409078955650329590e-01
4.409829676151275635e-01
4.483711719512939453e-01
4.483711719512939453e-01
4.483647346496582031e-01
4.268855452537536621e-01
4.150632023811340332e-01
4.254360198974609375e-01
4.487463235855102539e-01
4.257294535636901855e-01
4.250624775886535645e-01
4.270237386226654053e-01
4.322760999202728271e-01
4.363373816013336182e-01
4.381564259529113770e-01
4.362049102783203125e-01
4.362850189208984375e-01
4.382888972759246826e-01
4.415660202503204346e-01
4.509985446929931641e-01
4.511926174163818359e-01
4.512515366077423096e-01
4.502136409282684326e-01
4.494851529598236084e-01
4.436680376529693604e-01
4.512662589550018311e-01
4.512662887573242188e-01
4.603935182094573975e-01
4.603935182094573975e-01
4.603935182094573975e-01
4.603935182094573975e-01
4.603935182094573975e-01
4.603935182094573975e-01
4.603935182094573975e-01
4.603935182094573975e-01
4.603935182094573975e-01
4.603935182094573975e-01
4.603935182094573975e-01
4.603935182094573975e-01
4.603935182094573975e-01
4.603935182094573975e-01
4.603935182094573975e-01
4.603935182094573975e-01
4.603935182094573975e-01
4.603935182094573975e-01
4.603935182094573975e-01
4.603935182094573975e-01
4.603935182094573975e-01
4.603935182094573975e-01
4.578854739665985107e-01
4.438614547252655029e-01
4.511917233467102051e-01
4.498465955257415771e-01
4.465333819389343262e-01
4.443185329437255859e-01
4.442997276782989502e-01
4.442742466926574707e-01
4.444693624973297119e-01
4.442815184593200684e-01
4.442846775054931641e-01
4.450511634349822998e-01
4.451459944248199463e-01
4.512574672698974609e-01
4.603935182094573975e-01
4.603935182094573975e-01
4.603935182094573975e-01
4.512566030025482178e-01
4.512566030025482178e-01
4.483112692832946777e-01
4.483112394809722900e-01
4.483112394809722900e-01
4.483112692832946777e-01
4.422725141048431396e-01
4.426733553409576416e-01
4.382421374320983887e-01
4.483112990856170654e-01
4.483112394809722900e-01
4.483118653297424316e-01
4.483119845390319824e-01
4.483118951320648193e-01
4.483118653297424316e-01
4.483118653297424316e-01
4.483118653297424316e-01
4.483116567134857178e-01
4.483131766319274902e-01
4.483160078525543213e-01
4.483159780502319336e-01
4.211021065711975098e-01
4.246454238891601562e-01
4.485177099704742432e-01
4.512503743171691895e-01
4.603935182094573975e-01
4.603935182094573975e-01
4.603935182094573975e-01
4.603935182094573975e-01
4.603935182094573975e-01
4.603935182094573975e-01
4.523279964923858643e-01
4.473021924495697021e-01
4.485571682453155518e-01
4.603935182094573975e-01
4.603935182094573975e-01
4.603935182094573975e-01
4.603935182094573975e-01
4.603935182094573975e-01
4.555041491985321045e-01
4.544025957584381104e-01
4.557374119758605957e-01
4.557746648788452148e-01
4.547075927257537842e-01
4.556429386138916016e-01
4.546843767166137695e-01
4.497014284133911133e-01
4.501252770423889160e-01
4.500134587287902832e-01
4.497166275978088379e-01
4.499170780181884766e-01
4.603935182094573975e-01
4.603935182094573975e-01
4.487185776233673096e-01
4.478430151939392090e-01
4.531598091125488281e-01
4.603935182094573975e-01
4.603935182094573975e-01
4.603935182094573975e-01
4.603935182094573975e-01
4.603935182094573975e-01
4.603935182094573975e-01
4.603935182094573975e-01
4.603935182094573975e-01
4.603935182094573975e-01
4.603935182094573975e-01
4.603935182094573975e-01
4.603935182094573975e-01
4.603935182094573975e-01
4.603935182094573975e-01
4.603935182094573975e-01
4.603935182094573975e-01
4.603935182094573975e-01
4.603935182094573975e-01
4.511919021606445312e-01
4.511919021606445312e-01
4.511919021606445312e-01
4.511919021606445312e-01
4.511919021606445312e-01
4.511919021606445312e-01
4.511919021606445312e-01
4.511919021606445312e-01
4.511919021606445312e-01
4.511919021606445312e-01
4.511919021606445312e-01
4.511919021606445312e-01
4.511919021606445312e-01
4.511919021606445312e-01
4.511919021606445312e-01
4.511919021606445312e-01
4.502823054790496826e-01
4.492122232913970947e-01
4.492122232913970947e-01
4.492122530937194824e-01
4.492124319076538086e-01
4.528815746307373047e-01
4.521423876285552979e-01
4.560886025428771973e-01
4.560886025428771973e-01
4.511917531490325928e-01
4.487461447715759277e-01
4.487461447715759277e-01
4.487461447715759277e-01
4.487462937831878662e-01
4.483713209629058838e-01
4.483713209629058838e-01
4.483713209629058838e-01
4.493798613548278809e-01
4.493798613548278809e-01
4.511917233467102051e-01
4.487499594688415527e-01
4.486404955387115479e-01
4.484107792377471924e-01
4.484106898307800293e-01
4.484105110168457031e-01
4.484090209007263184e-01
4.484032988548278809e-01
4.483901858329772949e-01
4.483195841312408447e-01
4.483194649219512939e-01
4.483194947242736816e-01
4.483385682106018066e-01
4.483311474323272705e-01
4.483481347560882568e-01
4.483229815959930420e-01
4.487476646900177002e-01
4.487476646900177002e-01
4.487476646900177002e-01
4.511919021606445312e-01
4.487476944923400879e-01
4.487477242946624756e-01
4.487477242946624756e-01
4.487477242946624756e-01
4.487476646900177002e-01
4.504359662532806396e-01
4.487476646900177002e-01
4.483717381954193115e-01
4.487477242946624756e-01
4.487477242946624756e-01
4.487477242946624756e-01
4.511919617652893066e-01
4.487477242946624756e-01
4.487477242946624756e-01
4.484988451004028320e-01
4.487477242946624756e-01
4.484432339668273926e-01
4.483903646469116211e-01
4.487477242946624756e-01
4.487477242946624756e-01
4.486788511276245117e-01
4.488231241703033447e-01
4.511920511722564697e-01
4.511920511722564697e-01
4.511920511722564697e-01
4.484041035175323486e-01
4.511920511722564697e-01
4.501467347145080566e-01
4.426815509796142578e-01
4.426815509796142578e-01
4.511920213699340820e-01
4.511920213699340820e-01
4.511920213699340820e-01
4.511920511722564697e-01
4.511920213699340820e-01
4.511920511722564697e-01
4.511920511722564697e-01
4.511920213699340820e-01
4.511920511722564697e-01
4.511920213699340820e-01
4.511920511722564697e-01
4.511920511722564697e-01
4.511920511722564697e-01
4.511920511722564697e-01
4.511920213699340820e-01
4.511920213699340820e-01
4.511920213699340820e-01
4.511920213699340820e-01
4.511920213699340820e-01
4.511920213699340820e-01
4.443640708923339844e-01
4.620469212532043457e-01
4.276933073997497559e-01
4.277234673500061035e-01
4.277242124080657959e-01
4.276963174343109131e-01
4.603935182094573975e-01
4.487467408180236816e-01
4.487467408180236816e-01
4.487463831901550293e-01
4.487462043762207031e-01
4.487462043762207031e-01
4.487462043762207031e-01
4.487462043762207031e-01
4.487462043762207031e-01
4.426813423633575439e-01
4.392420649528503418e-01
4.412455260753631592e-01
4.485445320606231689e-01
4.485587179660797119e-01
4.485590457916259766e-01
4.485588967800140381e-01
4.485576152801513672e-01
4.490488171577453613e-01
4.490486085414886475e-01
4.490490853786468506e-01
4.490492343902587891e-01
4.488243162631988525e-01
4.487966299057006836e-01
4.488009214401245117e-01
4.493581056594848633e-01
4.449883401393890381e-01
4.462589919567108154e-01
4.480894207954406738e-01
4.455716013908386230e-01
4.561588764190673828e-01
4.489197432994842529e-01
4.445764720439910889e-01
4.466153979301452637e-01
4.392269551753997803e-01
4.431255161762237549e-01
4.431253969669342041e-01
4.431253671646118164e-01
4.431252181529998779e-01
4.431251287460327148e-01
4.431251287460327148e-01
4.431249201297760010e-01
4.431247711181640625e-01
4.431247413158416748e-01
4.431351721286773682e-01
4.267677664756774902e-01
4.257323145866394043e-01
4.260118901729583740e-01
5.950397253036499023e-02
4.457067847251892090e-01
4.260186254978179932e-01
4.239769876003265381e-01
4.422600567340850830e-01
4.603935182094573975e-01
4.603935182094573975e-01
4.603935182094573975e-01
4.603935182094573975e-01
4.603935182094573975e-01
4.603935182094573975e-01
4.603935182094573975e-01
4.603935182094573975e-01
4.603935182094573975e-01
4.603935182094573975e-01
4.603793919086456299e-01
4.603935182094573975e-01
4.546975791454315186e-01
4.546964466571807861e-01
4.546986520290374756e-01
4.547506570816040039e-01
4.547538161277770996e-01
4.547555446624755859e-01
4.547555446624755859e-01
4.603935182094573975e-01
4.603935182094573975e-01
4.603935182094573975e-01
4.603935182094573975e-01
4.603935182094573975e-01
4.603935182094573975e-01
4.603935182094573975e-01
4.603935182094573975e-01
4.603935182094573975e-01
4.603935182094573975e-01
4.603935182094573975e-01
4.603935182094573975e-01
4.603935182094573975e-01
4.603935182094573975e-01
4.603935182094573975e-01
4.603935182094573975e-01
4.603935182094573975e-01
4.603935182094573975e-01
4.603935182094573975e-01
4.603935182094573975e-01
4.603935182094573975e-01
4.603935182094573975e-01
4.603935182094573975e-01
4.603935182094573975e-01
4.603935182094573975e-01
4.603935182094573975e-01
4.603935182094573975e-01
4.603935182094573975e-01
4.603935182094573975e-01
4.603935182094573975e-01
4.603935182094573975e-01
4.603935182094573975e-01
4.603935182094573975e-01
4.603935182094573975e-01
4.603935182094573975e-01
4.603935182094573975e-01
4.603935182094573975e-01
4.603935182094573975e-01
4.603935182094573975e-01
4.603935182094573975e-01
4.603935182094573975e-01
4.603935182094573975e-01
4.603935182094573975e-01
4.603935182094573975e-01
4.603935182094573975e-01
4.603935182094573975e-01
4.603935182094573975e-01
4.603935182094573975e-01
4.603935182094573975e-01
4.603935182094573975e-01
4.603935182094573975e-01
4.603935182094573975e-01
4.603935182094573975e-01
4.603935182094573975e-01
4.603935182094573975e-01
4.603935182094573975e-01
4.548093974590301514e-01
4.648674726486206055e-01
4.348388612270355225e-01
4.348388612270355225e-01
4.348388612270355225e-01
4.277211427688598633e-01
4.603935182094573975e-01
4.603888392448425293e-01
4.603935182094573975e-01
4.603935182094573975e-01
4.603935182094573975e-01
4.603935182094573975e-01
4.603935182094573975e-01
4.603935182094573975e-01
4.603935182094573975e-01
4.603935182094573975e-01
4.603935182094573975e-01
4.603880941867828369e-01
4.603935182094573975e-01
4.603935182094573975e-01
4.603358805179595947e-01
4.603935182094573975e-01
4.603935182094573975e-01
4.603935182094573975e-01
4.511917233467102051e-01
4.511917233467102051e-01
4.512889683246612549e-01
4.511917233467102051e-01
4.511380195617675781e-01
4.292581677436828613e-01
4.569806456565856934e-01
4.584841132164001465e-01
4.584171473979949951e-01
4.584271907806396484e-01
4.587299823760986328e-01
4.527345299720764160e-01
4.603804647922515869e-01
4.603935182094573975e-01
4.573179185390472412e-01
4.557016491889953613e-01
4.427771568298339844e-01
4.512600600719451904e-01
0.000000000000000000e+00
4.603935182094573975e-01
4.603935182094573975e-01
4.603935182094573975e-01
4.601947665214538574e-01
4.601896405220031738e-01
0.000000000000000000e+00
0.000000000000000000e+00
0.000000000000000000e+00
0.000000000000000000e+00
0.000000000000000000e+00
0.000000000000000000e+00
0.000000000000000000e+00
0.000000000000000000e+00
0.000000000000000000e+00
0.000000000000000000e+00
0.000000000000000000e+00
0.000000000000000000e+00
0.000000000000000000e+00
0.000000000000000000e+00
0.000000000000000000e+00
0.000000000000000000e+00
0.000000000000000000e+00
0.000000000000000000e+00
0.000000000000000000e+00
0.000000000000000000e+00
0.000000000000000000e+00
0.000000000000000000e+00
0.000000000000000000e+00
0.000000000000000000e+00
4.483173191547393799e-01
4.483135044574737549e-01
4.428246617317199707e-01
4.411758780479431152e-01
4.491571485996246338e-01
4.603935182094573975e-01
4.603935182094573975e-01
4.603935182094573975e-01
4.603935182094573975e-01
4.603935182094573975e-01
4.603935182094573975e-01
4.563638567924499512e-01
4.560895562171936035e-01
4.592867493629455566e-01
4.592395424842834473e-01
4.592789411544799805e-01
4.588370919227600098e-01
4.603935182094573975e-01
4.603935182094573975e-01
4.603935182094573975e-01
4.603935182094573975e-01
4.603935182094573975e-01
4.603935182094573975e-01
4.603935182094573975e-01
4.603935182094573975e-01
4.603935182094573975e-01
4.585358202457427979e-01
4.563218057155609131e-01
4.603935182094573975e-01
4.590364694595336914e-01
4.603935182094573975e-01
4.582615494728088379e-01
4.603935182094573975e-01
4.548874497413635254e-01
4.547556042671203613e-01
4.603935182094573975e-01
4.603935182094573975e-01
4.603935182094573975e-01
4.603935182094573975e-01
4.603935182094573975e-01
4.603935182094573975e-01
4.603935182094573975e-01
4.603935182094573975e-01
4.276858866214752197e-01
4.603935182094573975e-01
4.603935182094573975e-01
4.603935182094573975e-01
4.603935182094573975e-01
4.603935182094573975e-01
4.603935182094573975e-01
4.603935182094573975e-01
4.603935182094573975e-01
4.603935182094573975e-01
4.603930115699768066e-01
4.603935182094573975e-01
4.603935182094573975e-01
4.603935182094573975e-01
4.603935182094573975e-01
4.603935182094573975e-01
4.603935182094573975e-01
4.603935182094573975e-01
4.603935182094573975e-01
4.603935182094573975e-01
4.603935182094573975e-01
4.603935182094573975e-01
4.603935182094573975e-01
4.603935182094573975e-01
4.603935182094573975e-01
4.603935182094573975e-01
4.603935182094573975e-01
4.603935182094573975e-01
4.603935182094573975e-01
4.603935182094573975e-01
4.603935182094573975e-01
4.603935182094573975e-01
4.603935182094573975e-01
4.603935182094573975e-01
4.603935182094573975e-01
4.603935182094573975e-01
4.603935182094573975e-01
4.603935182094573975e-01
4.603935182094573975e-01
4.603935182094573975e-01
4.603935182094573975e-01
4.603935182094573975e-01
4.603935182094573975e-01
4.603935182094573975e-01
4.603935182094573975e-01
4.603935182094573975e-01
4.603935182094573975e-01
4.603935182094573975e-01
4.603935182094573975e-01
4.603935182094573975e-01
4.603935182094573975e-01
4.603935182094573975e-01
4.603935182094573975e-01
4.603935182094573975e-01
4.439762532711029053e-01
4.603935182094573975e-01
4.603935182094573975e-01
4.603935182094573975e-01
4.427236616611480713e-01
4.427213072776794434e-01
4.517119228839874268e-01
4.517273008823394775e-01
4.052493572235107422e-01
4.452985227108001709e-01
4.265971183776855469e-01
4.342264533042907715e-01
4.258758127689361572e-01
4.191233813762664795e-01
4.241309165954589844e-01
3.300329446792602539e-01
0.000000000000000000e+00
4.220473468303680420e-01
4.603935182094573975e-01
4.426855444908142090e-01
4.595931470394134521e-01
4.564575850963592529e-01
4.603321850299835205e-01
4.603821337223052979e-01
4.603884816169738770e-01
4.592307806015014648e-01
4.603935182094573975e-01
4.603935182094573975e-01
4.603935182094573975e-01
4.603935182094573975e-01
4.601062536239624023e-01
4.603935182094573975e-01
4.547556042671203613e-01
4.600760936737060547e-01
4.603935182094573975e-01
4.603935182094573975e-01
4.603935182094573975e-01
4.603935182094573975e-01
4.603935182094573975e-01
4.603935182094573975e-01
4.603935182094573975e-01
4.603935182094573975e-01
4.603935182094573975e-01
4.603935182094573975e-01
4.603935182094573975e-01
4.603935182094573975e-01
4.603935182094573975e-01
4.603935182094573975e-01
4.603935182094573975e-01
4.603935182094573975e-01
4.603935182094573975e-01
4.603935182094573975e-01
4.603935182094573975e-01
4.527454972267150879e-01
4.530060589313507080e-01
4.603935182094573975e-01
4.603935182094573975e-01
4.603935182094573975e-01
4.522305130958557129e-01
4.522168636322021484e-01
4.521281421184539795e-01
4.518259167671203613e-01
4.511917233467102051e-01
4.512612819671630859e-01
4.488379955291748047e-01
4.487836360931396484e-01
4.483822584152221680e-01
4.483840167522430420e-01
4.483208060264587402e-01
4.483208060264587402e-01
4.483208358287811279e-01
4.483208060264587402e-01
4.483222663402557373e-01
4.483225941658020020e-01
4.483208656311035156e-01
4.483453035354614258e-01
4.479287564754486084e-01
4.477932155132293701e-01
4.453403055667877197e-01
4.446829557418823242e-01
4.426733255386352539e-01
4.431369006633758545e-01
4.443790912628173828e-01
4.367243945598602295e-01
4.415253102779388428e-01
4.426906704902648926e-01
4.535549879074096680e-01
4.526983201503753662e-01
3.928115963935852051e-02
0.000000000000000000e+00
4.115603268146514893e-01
0.000000000000000000e+00
0.000000000000000000e+00
1.612595915794372559e-01
4.058009386062622070e-01
0.000000000000000000e+00
0.000000000000000000e+00
4.530208408832550049e-01
0.000000000000000000e+00
4.056399464607238770e-01
4.416812062263488770e-01
4.340675771236419678e-01
4.040518403053283691e-01
4.238014817237854004e-01
4.603935182094573975e-01
4.603935182094573975e-01
4.603935182094573975e-01
4.603935182094573975e-01
4.603935182094573975e-01
4.603879451751708984e-01
4.603901803493499756e-01
4.603935182094573975e-01
4.603931903839111328e-01
4.603931009769439697e-01
4.603934586048126221e-01
4.603935182094573975e-01
4.603935182094573975e-01
4.603935182094573975e-01
4.603935182094573975e-01
4.603935182094573975e-01
4.603935182094573975e-01
4.603935182094573975e-01
4.603935182094573975e-01
4.603935182094573975e-01
4.603935182094573975e-01
4.603935182094573975e-01
4.603935182094573975e-01
4.603935182094573975e-01
4.603935182094573975e-01
4.603935182094573975e-01
4.603935182094573975e-01
4.603935182094573975e-01
4.603935182094573975e-01
4.603935182094573975e-01
4.603935182094573975e-01
4.603935182094573975e-01
4.583287835121154785e-01
4.582579135894775391e-01
4.603935182094573975e-01
4.603935182094573975e-01
4.603935182094573975e-01
4.603935182094573975e-01
4.603935182094573975e-01
4.603935182094573975e-01
4.603935182094573975e-01
4.603935182094573975e-01
4.603935182094573975e-01
4.603935182094573975e-01
4.603935182094573975e-01
4.603935182094573975e-01
4.603935182094573975e-01
4.603935182094573975e-01
4.603935182094573975e-01
4.603935182094573975e-01
4.603935182094573975e-01
4.603935182094573975e-01
4.603935182094573975e-01
4.603935182094573975e-01
4.603935182094573975e-01
4.603935182094573975e-01
4.603935182094573975e-01
4.603935182094573975e-01
4.603935182094573975e-01
4.603935182094573975e-01
4.603935182094573975e-01
4.603935182094573975e-01
4.603935182094573975e-01
4.603935182094573975e-01
4.603935182094573975e-01
4.603935182094573975e-01
4.603935182094573975e-01
4.603935182094573975e-01
4.603935182094573975e-01
4.603935182094573975e-01
4.603935182094573975e-01
4.603935182094573975e-01
4.603935182094573975e-01
4.603935182094573975e-01
4.603935182094573975e-01
4.603935182094573975e-01
4.603935182094573975e-01
4.603935182094573975e-01
4.603935182094573975e-01
4.603935182094573975e-01
4.603935182094573975e-01
4.603935182094573975e-01
4.594923853874206543e-01
4.596346616744995117e-01
4.597968161106109619e-01
4.595785439014434814e-01
4.603935182094573975e-01
4.603935182094573975e-01
4.603935182094573975e-01
4.603935182094573975e-01
4.603935182094573975e-01
4.603935182094573975e-01
4.603935182094573975e-01
4.603935182094573975e-01
4.603935182094573975e-01
4.603935182094573975e-01
4.603935182094573975e-01
4.603935182094573975e-01
4.603935182094573975e-01
4.603935182094573975e-01
4.603935182094573975e-01
4.603935182094573975e-01
4.603935182094573975e-01
4.603935182094573975e-01
4.603935182094573975e-01
4.603935182094573975e-01
4.603935182094573975e-01
4.603935182094573975e-01
4.603935182094573975e-01
4.603935182094573975e-01
4.603935182094573975e-01
4.603935182094573975e-01
4.603935182094573975e-01
4.603935182094573975e-01
4.603935182094573975e-01
4.603935182094573975e-01
4.603935182094573975e-01
4.603935182094573975e-01
4.603935182094573975e-01
4.603935182094573975e-01
4.603935182094573975e-01
4.603935182094573975e-01
4.603935182094573975e-01
4.603935182094573975e-01
4.603935182094573975e-01
4.603935182094573975e-01
4.603935182094573975e-01
4.603935182094573975e-01
4.603935182094573975e-01
4.603935182094573975e-01
4.603935182094573975e-01
4.603935182094573975e-01
4.603935182094573975e-01
4.603935182094573975e-01
4.603935182094573975e-01
4.603935182094573975e-01
4.603935182094573975e-01
4.603935182094573975e-01
4.603935182094573975e-01
4.603935182094573975e-01
4.603935182094573975e-01
4.603935182094573975e-01
4.603935182094573975e-01
4.603935182094573975e-01
4.603935182094573975e-01
4.603935182094573975e-01
4.603935182094573975e-01
4.511917233467102051e-01
4.511917233467102051e-01
4.525661170482635498e-01
4.556551873683929443e-01
4.601791501045227051e-01
4.602111876010894775e-01
4.603778421878814697e-01
4.603793621063232422e-01
4.603935182094573975e-01
4.603935182094573975e-01
4.603935182094573975e-01
4.603935182094573975e-01
4.603935182094573975e-01
4.603935182094573975e-01
4.603935182094573975e-01
4.603935182094573975e-01
4.603935182094573975e-01
4.603935182094573975e-01
4.603935182094573975e-01
4.603935182094573975e-01
4.603935182094573975e-01
4.603935182094573975e-01
4.603935182094573975e-01
4.603935182094573975e-01
4.603935182094573975e-01
4.603935182094573975e-01
4.603935182094573975e-01
4.603935182094573975e-01
4.603935182094573975e-01
4.603935182094573975e-01
4.603935182094573975e-01
4.603935182094573975e-01
4.603935182094573975e-01
4.603935182094573975e-01
4.603935182094573975e-01
4.603935182094573975e-01
4.603935182094573975e-01
4.603935182094573975e-01
4.603935182094573975e-01
4.603935182094573975e-01
4.603935182094573975e-01
4.603935182094573975e-01
4.603935182094573975e-01
4.603935182094573975e-01
4.603935182094573975e-01
4.603935182094573975e-01
4.603935182094573975e-01
4.603935182094573975e-01
4.603935182094573975e-01
4.603935182094573975e-01
4.603935182094573975e-01
4.603935182094573975e-01
4.603935182094573975e-01
4.603935182094573975e-01
4.603935182094573975e-01
4.603935182094573975e-01
4.603935182094573975e-01
4.603935182094573975e-01
4.603935182094573975e-01
4.603935182094573975e-01
4.603935182094573975e-01
4.603935182094573975e-01
4.603935182094573975e-01
4.603935182094573975e-01
4.603935182094573975e-01
4.603935182094573975e-01
4.603935182094573975e-01
4.603935182094573975e-01
4.603935182094573975e-01
4.603935182094573975e-01
4.603935182094573975e-01
4.603935182094573975e-01
4.603935182094573975e-01
4.603935182094573975e-01
4.558781981468200684e-01
4.567968249320983887e-01
4.570496678352355957e-01
4.571099877357482910e-01
4.597775936126708984e-01
4.603935182094573975e-01
4.603935182094573975e-01
4.603935182094573975e-01
4.603935182094573975e-01
4.603935182094573975e-01
4.603935182094573975e-01
4.603935182094573975e-01
4.603935182094573975e-01
4.603935182094573975e-01
4.603935182094573975e-01
4.603935182094573975e-01
4.603935182094573975e-01
4.603935182094573975e-01
4.603935182094573975e-01
4.603935182094573975e-01
4.603935182094573975e-01
4.603935182094573975e-01
4.603935182094573975e-01
4.603935182094573975e-01
4.547556042671203613e-01
4.603935182094573975e-01
4.603935182094573975e-01
4.603935182094573975e-01
4.603935182094573975e-01
4.603935182094573975e-01
4.603935182094573975e-01
4.603935182094573975e-01
4.603935182094573975e-01
4.603935182094573975e-01
4.603935182094573975e-01
4.603935182094573975e-01
4.603935182094573975e-01
4.603935182094573975e-01
4.603935182094573975e-01
4.603935182094573975e-01
4.603935182094573975e-01
4.603935182094573975e-01
4.603935182094573975e-01
4.603935182094573975e-01
4.603935182094573975e-01
4.603935182094573975e-01
4.603935182094573975e-01
4.603935182094573975e-01
4.603935182094573975e-01
4.603935182094573975e-01
4.603935182094573975e-01
4.603935182094573975e-01
4.603935182094573975e-01
4.603935182094573975e-01
4.603935182094573975e-01
4.603935182094573975e-01
4.603935182094573975e-01
4.603935182094573975e-01
4.603935182094573975e-01
4.603935182094573975e-01
4.603935182094573975e-01
4.603935182094573975e-01
4.603935182094573975e-01
4.603935182094573975e-01
4.603935182094573975e-01
4.603935182094573975e-01
4.603935182094573975e-01
4.603935182094573975e-01
4.603935182094573975e-01
4.603935182094573975e-01
4.603935182094573975e-01
4.603935182094573975e-01
4.603935182094573975e-01
4.603935182094573975e-01
4.603935182094573975e-01
4.603935182094573975e-01
4.603935182094573975e-01
4.603935182094573975e-01
4.603934288024902344e-01
4.603935182094573975e-01
4.603935182094573975e-01
4.603935182094573975e-01
4.603935182094573975e-01
4.603935182094573975e-01
4.603935182094573975e-01
4.603935182094573975e-01
4.603935182094573975e-01
4.603935182094573975e-01
4.603935182094573975e-01
4.603935182094573975e-01
4.603935182094573975e-01
4.603935182094573975e-01
4.603935182094573975e-01
4.603935182094573975e-01
4.603935182094573975e-01
4.603935182094573975e-01
4.603935182094573975e-01
4.603935182094573975e-01
4.603935182094573975e-01
4.603935182094573975e-01
4.603935182094573975e-01
4.603935182094573975e-01
4.603935182094573975e-01
4.603935182094573975e-01
4.603935182094573975e-01
4.603935182094573975e-01
4.603935182094573975e-01
4.603935182094573975e-01
4.603935182094573975e-01
4.603935182094573975e-01
4.603935182094573975e-01
4.603935182094573975e-01
4.603935182094573975e-01
4.603935182094573975e-01
4.603935182094573975e-01
4.603935182094573975e-01
4.603935182094573975e-01
4.603935182094573975e-01
4.603935182094573975e-01
4.603935182094573975e-01
4.603935182094573975e-01
4.603935182094573975e-01
4.177567958831787109e-01
4.419863820075988770e-01
4.406094551086425781e-01
4.483112394809722900e-01
4.483112394809722900e-01
4.483112692832946777e-01
4.483112692832946777e-01
4.483112692832946777e-01
4.483218789100646973e-01
4.483406543731689453e-01
4.483743906021118164e-01
4.483133256435394287e-01
4.484588205814361572e-01
4.426792562007904053e-01
4.486761689186096191e-01
4.492149353027343750e-01
4.486517906188964844e-01
4.487505257129669189e-01
4.487470984458923340e-01
4.453932344913482666e-01
4.389944076538085938e-01
4.336473345756530762e-01
4.358972907066345215e-01
0.000000000000000000e+00
0.000000000000000000e+00
0.000000000000000000e+00
4.371131062507629395e-01
2.699813246726989746e-01
3.129890561103820801e-01
4.483549892902374268e-01
4.487191736698150635e-01
4.483300149440765381e-01
4.435110390186309814e-01
4.234656095504760742e-01
4.257303178310394287e-01
4.417492449283599854e-01
4.524550437927246094e-01
4.525386095046997070e-01
4.514082372188568115e-01
4.469662904739379883e-01
4.453998208045959473e-01
4.453712999820709229e-01
4.463308751583099365e-01
4.463956356048583984e-01
4.467503726482391357e-01
4.574377834796905518e-01
4.603935182094573975e-01
4.603935182094573975e-01
4.603935182094573975e-01
4.603935182094573975e-01
4.603935182094573975e-01
4.603935182094573975e-01
4.603935182094573975e-01
4.603935182094573975e-01
4.603935182094573975e-01
4.603935182094573975e-01
4.603935182094573975e-01
4.603935182094573975e-01
4.603935182094573975e-01
4.603935182094573975e-01
4.603935182094573975e-01
4.603935182094573975e-01
4.603935182094573975e-01
4.603935182094573975e-01
4.603935182094573975e-01
4.603935182094573975e-01
4.603935182094573975e-01
4.603935182094573975e-01
4.603935182094573975e-01
4.603935182094573975e-01
4.603935182094573975e-01
4.566823542118072510e-01
4.603935182094573975e-01
4.603935182094573975e-01
4.603935182094573975e-01
4.603935182094573975e-01
4.603935182094573975e-01
4.603935182094573975e-01
4.603935182094573975e-01
4.603935182094573975e-01
4.603935182094573975e-01
4.603935182094573975e-01
4.603935182094573975e-01
4.603935182094573975e-01
4.603935182094573975e-01
4.603935182094573975e-01
4.603935182094573975e-01
4.603935182094573975e-01
4.603935182094573975e-01
4.603935182094573975e-01
4.603935182094573975e-01
4.603935182094573975e-01
4.603935182094573975e-01
4.603935182094573975e-01
4.603935182094573975e-01
4.603935182094573975e-01
4.603935182094573975e-01
4.603935182094573975e-01
4.603935182094573975e-01
4.603935182094573975e-01
4.603935182094573975e-01
4.603935182094573975e-01
4.603935182094573975e-01
4.603935182094573975e-01
4.603935182094573975e-01
4.603935182094573975e-01
4.603935182094573975e-01
4.603935182094573975e-01
4.603935182094573975e-01
4.603935182094573975e-01
4.603935182094573975e-01
4.603935182094573975e-01
4.603935182094573975e-01
4.603935182094573975e-01
4.603935182094573975e-01
4.603935182094573975e-01
4.603935182094573975e-01
4.603935182094573975e-01
4.603935182094573975e-01
4.603935182094573975e-01
4.603935182094573975e-01
4.603935182094573975e-01
4.603935182094573975e-01
4.603935182094573975e-01
4.603935182094573975e-01
4.603935182094573975e-01
4.603935182094573975e-01
4.603935182094573975e-01
4.603935182094573975e-01
4.603935182094573975e-01
4.603935182094573975e-01
4.603935182094573975e-01
4.603935182094573975e-01
4.603935182094573975e-01
4.603935182094573975e-01
4.603935182094573975e-01
4.603935182094573975e-01
4.603935182094573975e-01
4.603935182094573975e-01
4.603935182094573975e-01
4.603935182094573975e-01
4.603935182094573975e-01
4.603935182094573975e-01
4.603935182094573975e-01
4.603935182094573975e-01
4.603935182094573975e-01
4.603935182094573975e-01
4.603935182094573975e-01
4.603935182094573975e-01
4.603935182094573975e-01
4.603935182094573975e-01
4.603935182094573975e-01
4.603935182094573975e-01
4.603935182094573975e-01
4.603935182094573975e-01
4.603935182094573975e-01
4.603935182094573975e-01
4.603935182094573975e-01
4.603935182094573975e-01
4.603935182094573975e-01
4.603935182094573975e-01
4.603935182094573975e-01
4.603935182094573975e-01
4.603935182094573975e-01
4.603935182094573975e-01
4.603935182094573975e-01
4.603935182094573975e-01
4.603935182094573975e-01
4.603935182094573975e-01
4.603935182094573975e-01
4.603935182094573975e-01
4.603935182094573975e-01
4.603935182094573975e-01
4.603935182094573975e-01
4.603935182094573975e-01
4.603935182094573975e-01
4.603935182094573975e-01
4.603935182094573975e-01
4.603935182094573975e-01
4.603935182094573975e-01
4.603935182094573975e-01
4.603935182094573975e-01
4.603935182094573975e-01
4.603935182094573975e-01
4.603935182094573975e-01
4.603932499885559082e-01
4.603935182094573975e-01
4.603935182094573975e-01
4.603935182094573975e-01
4.603935182094573975e-01
4.603935182094573975e-01
4.603935182094573975e-01
4.603935182094573975e-01
4.603935182094573975e-01
4.603935182094573975e-01
4.603935182094573975e-01
4.603935182094573975e-01
4.603935182094573975e-01
4.603935182094573975e-01
4.603935182094573975e-01
4.603935182094573975e-01
4.603935182094573975e-01
4.603935182094573975e-01
4.603935182094573975e-01
4.603935182094573975e-01
4.603935182094573975e-01
4.603935182094573975e-01
4.603935182094573975e-01
4.603935182094573975e-01
4.603935182094573975e-01
4.603935182094573975e-01
4.603935182094573975e-01
4.603935182094573975e-01
4.603935182094573975e-01
4.603935182094573975e-01
4.603935182094573975e-01
4.603935182094573975e-01
4.603935182094573975e-01
4.603935182094573975e-01
4.603935182094573975e-01
4.603935182094573975e-01
4.603935182094573975e-01
4.603935182094573975e-01
4.603935182094573975e-01
4.603935182094573975e-01
4.603935182094573975e-01
4.603935182094573975e-01
4.603935182094573975e-01
4.603935182094573975e-01
4.603935182094573975e-01
4.515031576156616211e-01
4.511917233467102051e-01
4.511917233467102051e-01
4.511917233467102051e-01
4.511917233467102051e-01
4.511917233467102051e-01
4.511917233467102051e-01
4.511917233467102051e-01
4.511917233467102051e-01
4.511917233467102051e-01
4.511917233467102051e-01
4.511917233467102051e-01
4.511917531490325928e-01
4.511918723583221436e-01
4.511917829513549805e-01
4.511918127536773682e-01
4.511918723583221436e-01
4.511917531490325928e-01
4.511917233467102051e-01
4.511917233467102051e-01
4.513848721981048584e-01
4.513849616050720215e-01
4.516498744487762451e-01
4.516593515872955322e-01
4.519560337066650391e-01
4.523571431636810303e-01
4.530186355113983154e-01
4.537098705768585205e-01
4.545279145240783691e-01
4.554482400417327881e-01
4.564182162284851074e-01
4.573647379875183105e-01
4.578840434551239014e-01
4.587718248367309570e-01
4.577755928039550781e-01
4.603935182094573975e-01
4.603935182094573975e-01
4.603935182094573975e-01
4.603935182094573975e-01
4.603935182094573975e-01
4.603935182094573975e-01
4.603935182094573975e-01
4.603935182094573975e-01
4.603935182094573975e-01
4.603935182094573975e-01
4.603935182094573975e-01
4.603935182094573975e-01
4.603935182094573975e-01
4.603935182094573975e-01
4.603935182094573975e-01
4.603935182094573975e-01
4.603935182094573975e-01
4.603935182094573975e-01
4.603935182094573975e-01
4.603935182094573975e-01
4.603935182094573975e-01
4.603935182094573975e-01
4.603935182094573975e-01
4.603935182094573975e-01
4.603935182094573975e-01
4.603935182094573975e-01
4.603935182094573975e-01
4.603935182094573975e-01
4.603935182094573975e-01
4.603935182094573975e-01
4.603935182094573975e-01
4.603935182094573975e-01
4.603935182094573975e-01
4.603935182094573975e-01
4.603935182094573975e-01
4.603935182094573975e-01
4.603935182094573975e-01
4.603935182094573975e-01
4.603935182094573975e-01
4.603935182094573975e-01
4.603935182094573975e-01
4.603935182094573975e-01
4.603935182094573975e-01
4.603935182094573975e-01
4.603935182094573975e-01
4.603935182094573975e-01
4.450019001960754395e-01
4.603935182094573975e-01
4.602962136268615723e-01
4.603935182094573975e-01
4.603935182094573975e-01
4.603935182094573975e-01
4.603935182094573975e-01
4.603935182094573975e-01
4.603935182094573975e-01
4.603935182094573975e-01
4.603935182094573975e-01
4.603935182094573975e-01
4.603935182094573975e-01
4.603935182094573975e-01
4.603935182094573975e-01
4.603935182094573975e-01
4.603935182094573975e-01
4.603935182094573975e-01
4.603935182094573975e-01
4.603935182094573975e-01
4.603935182094573975e-01
4.603935182094573975e-01
4.603935182094573975e-01
4.603935182094573975e-01
4.603935182094573975e-01
4.603935182094573975e-01
4.603935182094573975e-01
4.603935182094573975e-01
4.603935182094573975e-01
4.603935182094573975e-01
4.603935182094573975e-01
4.603935182094573975e-01
4.603935182094573975e-01
4.603935182094573975e-01
4.603935182094573975e-01
4.603935182094573975e-01
4.512884318828582764e-01
4.511917829513549805e-01
4.535662531852722168e-01
4.532310366630554199e-01
4.603080153465270996e-01
4.603935182094573975e-01
4.603935182094573975e-01
4.603935182094573975e-01
4.603935182094573975e-01
4.511920511722564697e-01
4.511920511722564697e-01
4.511920511722564697e-01
4.511920511722564697e-01
4.511920511722564697e-01
4.511920511722564697e-01
4.511920511722564697e-01
4.511920511722564697e-01
4.511920511722564697e-01
4.511920511722564697e-01
4.511920511722564697e-01
4.511920511722564697e-01
4.511920511722564697e-01
4.511920511722564697e-01
4.511920511722564697e-01
4.512816369533538818e-01
4.512929320335388184e-01
4.513280093669891357e-01
4.513282775878906250e-01
4.513282775878906250e-01
4.455800950527191162e-01
4.511923789978027344e-01
4.511923193931579590e-01
4.511938691139221191e-01
4.446361362934112549e-01
4.511936902999877930e-01
4.603595435619354248e-01
4.598844349384307861e-01
4.569480419158935547e-01
4.603796005249023438e-01
4.591312706470489502e-01
