4.258902668952941895e-01
4.279424846172332764e-01
4.279327988624572754e-01
4.279772937297821045e-01
4.279785454273223877e-01
4.279989004135131836e-01
4.279952347278594971e-01
4.279755055904388428e-01
4.279629588127136230e-01
4.278887510299682617e-01
4.275473654270172119e-01
4.278386235237121582e-01
4.278884530067443848e-01
4.279196262359619141e-01
4.278590679168701172e-01
4.278126060962677002e-01
4.277563393115997314e-01
4.277057349681854248e-01
4.279427528381347656e-01
4.277758598327636719e-01
4.278595447540283203e-01
4.276498258113861084e-01
4.278653562068939209e-01
4.277650117874145508e-01
4.277468323707580566e-01
4.277293086051940918e-01
4.276560842990875244e-01
4.277299344539642334e-01
4.277961254119873047e-01
4.276401996612548828e-01
4.276297390460968018e-01
4.276663959026336670e-01
4.275973141193389893e-01
4.276045858860015869e-01
4.275815784931182861e-01
4.274199008941650391e-01
4.275703430175781250e-01
4.276282787322998047e-01
4.275011718273162842e-01
4.278475642204284668e-01
4.272201955318450928e-01
4.276109039783477783e-01
4.278483092784881592e-01
4.273902773857116699e-01
4.279270172119140625e-01
4.279104769229888916e-01
4.280062317848205566e-01
4.279484748840332031e-01
4.279332458972930908e-01
4.274181127548217773e-01
4.273520112037658691e-01
4.272110462188720703e-01
4.274922013282775879e-01
4.274969995021820068e-01
4.275505840778350830e-01
4.275587499141693115e-01
4.276263713836669922e-01
4.275371134281158447e-01
4.276693165302276611e-01
4.278125464916229248e-01
4.277761578559875488e-01
4.276085793972015381e-01
4.276912212371826172e-01
4.277064204216003418e-01
4.277077317237854004e-01
4.276567101478576660e-01
4.275592565536499023e-01
4.275962114334106445e-01
4.277054667472839355e-01
4.277869760990142822e-01
4.277058541774749756e-01
4.276446104049682617e-01
4.276431798934936523e-01
4.277076125144958496e-01
4.278057813644409180e-01
4.274561703205108643e-01
4.276662766933441162e-01
4.277557134628295898e-01
4.278344810009002686e-01
4.277470111846923828e-01
4.274932742118835449e-01
4.277454912662506104e-01
4.277740120887756348e-01
4.276655316352844238e-01
4.277120828628540039e-01
4.275974035263061523e-01
4.276448190212249756e-01
4.276098012924194336e-01
4.276945888996124268e-01
4.275769889354705811e-01
4.275734424591064453e-01
4.276373982429504395e-01
4.276189506053924561e-01
4.275917708873748779e-01
4.275855720043182373e-01
4.275250136852264404e-01
4.276371598243713379e-01
4.275276958942413330e-01
4.276189804077148438e-01
4.276223778724670410e-01
4.269616305828094482e-01
4.275559186935424805e-01
4.275500774383544922e-01
4.274723231792449951e-01
4.275164604187011719e-01
4.277667701244354248e-01
4.277362525463104248e-01
4.277495443820953369e-01
4.276297986507415771e-01
4.277946054935455322e-01
4.277114868164062500e-01
4.278329610824584961e-01
4.278411865234375000e-01
4.278299212455749512e-01
4.278227090835571289e-01
4.278662800788879395e-01
4.278558790683746338e-01
4.276168942451477051e-01
4.275518357753753662e-01
4.276435375213623047e-01
4.277390837669372559e-01
4.278443157672882080e-01
4.276700615882873535e-01
4.277903735637664795e-01
4.276748597621917725e-01
4.275766611099243164e-01
4.277920126914978027e-01
4.277431070804595947e-01
4.278051853179931641e-01
4.278526902198791504e-01
4.277636408805847168e-01
4.278469979763031006e-01
4.278862178325653076e-01
4.277519881725311279e-01
4.276882410049438477e-01
4.278383851051330566e-01
4.276240766048431396e-01
4.277675449848175049e-01
4.276774525642395020e-01
4.278119802474975586e-01
4.275860786437988281e-01
4.276612997055053711e-01
4.275954067707061768e-01
4.278446733951568604e-01
4.278431534767150879e-01
4.276137351989746094e-01
4.274237453937530518e-01
4.276744723320007324e-01
4.275823235511779785e-01
4.275816380977630615e-01
4.276019930839538574e-01
4.276789724826812744e-01
4.276585876941680908e-01
4.276260137557983398e-01
4.275926649570465088e-01
4.274579882621765137e-01
4.276139736175537109e-01
4.276317059993743896e-01
4.275540709495544434e-01
4.275925755500793457e-01
4.276190102100372314e-01
4.275391995906829834e-01
4.269790649414062500e-01
4.276261925697326660e-01
4.275764226913452148e-01
4.276028871536254883e-01
4.275193512439727783e-01
4.277029037475585938e-01
4.276185929775238037e-01
4.274737834930419922e-01
4.276207983493804932e-01
4.274372458457946777e-01
4.276230931282043457e-01
4.276158213615417480e-01
4.274830818176269531e-01
4.273201823234558105e-01
4.270151555538177490e-01
4.275696277618408203e-01
4.276399314403533936e-01
4.275637865066528320e-01
4.274645745754241943e-01
4.277732372283935547e-01
4.272902011871337891e-01
4.276942312717437744e-01
4.276667237281799316e-01
4.276461899280548096e-01
4.276370406150817871e-01
4.278169274330139160e-01
4.276223182678222656e-01
4.273532032966613770e-01
4.271006584167480469e-01
4.276182651519775391e-01
4.275838434696197510e-01
4.277312755584716797e-01
4.278604686260223389e-01
4.277982413768768311e-01
4.279773831367492676e-01
4.279821217060089111e-01
4.279696643352508545e-01
4.278976619243621826e-01
4.278545975685119629e-01
4.277189373970031738e-01
4.278439581394195557e-01
4.278395771980285645e-01
4.277478158473968506e-01
4.277200102806091309e-01
4.276319742202758789e-01
4.278953969478607178e-01
4.276861548423767090e-01
4.277854263782501221e-01
4.274766743183135986e-01
4.276498854160308838e-01
4.277697801589965820e-01
4.277859926223754883e-01
4.275259971618652344e-01
4.276962280273437500e-01
4.275154173374176025e-01
4.276841282844543457e-01
4.276363849639892578e-01
4.272245168685913086e-01
4.275284111499786377e-01
4.277558028697967529e-01
4.276254773139953613e-01
4.272278547286987305e-01
4.278985857963562012e-01
4.278597235679626465e-01
4.278918504714965820e-01
4.279059767723083496e-01
4.277011752128601074e-01
4.273579716682434082e-01
4.278045892715454102e-01
4.276461303234100342e-01
4.276812076568603516e-01
4.277412295341491699e-01
4.276015460491180420e-01
4.275734722614288330e-01
4.275882840156555176e-01
4.276531636714935303e-01
4.275852143764495850e-01
4.276574850082397461e-01
4.277413189411163330e-01
4.277719259262084961e-01
4.277795553207397461e-01
4.276878535747528076e-01
4.275915920734405518e-01
4.277418553829193115e-01
4.277146756649017334e-01
4.276837706565856934e-01
4.276628494262695312e-01
4.276949167251586914e-01
4.275088906288146973e-01
4.277622103691101074e-01
4.278793931007385254e-01
4.278919994831085205e-01
4.276792705059051514e-01
4.278898835182189941e-01
4.275727570056915283e-01
4.278548657894134521e-01
4.278487563133239746e-01
4.279182255268096924e-01
4.279289245605468750e-01
4.275904893875122070e-01
4.280220568180084229e-01
4.279956817626953125e-01
4.279931783676147461e-01
4.279762208461761475e-01
4.280292391777038574e-01
4.280556738376617432e-01
4.280129969120025635e-01
4.279623627662658691e-01
4.279555678367614746e-01
4.279170930385589600e-01
4.279574453830718994e-01
4.278886020183563232e-01
4.279299974441528320e-01
4.277622103691101074e-01
4.275858998298645020e-01
4.276603460311889648e-01
4.276278913021087646e-01
4.274106919765472412e-01
4.278777241706848145e-01
4.278016984462738037e-01
4.279406070709228516e-01
4.278731346130371094e-01
4.278485476970672607e-01
4.279392063617706299e-01
4.274303615093231201e-01
4.279767274856567383e-01
4.277895092964172363e-01
4.279243946075439453e-01
4.280185699462890625e-01
4.275384247303009033e-01
4.275884032249450684e-01
4.279546439647674561e-01
4.279576838016510010e-01
4.278708100318908691e-01
4.279592037200927734e-01
4.277588129043579102e-01
4.278973937034606934e-01
4.278804659843444824e-01
4.278791248798370361e-01
4.279013872146606445e-01
4.275622069835662842e-01
4.271410107612609863e-01
4.276692867279052734e-01
4.279634356498718262e-01
4.279717206954956055e-01
4.273699522018432617e-01
4.279977977275848389e-01
4.279420673847198486e-01
4.278072118759155273e-01
4.279567301273345947e-01
4.277112185955047607e-01
4.279113411903381348e-01
4.278637170791625977e-01
4.279392063617706299e-01
4.279405474662780762e-01
4.270528256893157959e-01
4.279221594333648682e-01
4.278431534767150879e-01
4.279449284076690674e-01
4.278153479099273682e-01
4.279688894748687744e-01
4.276662170886993408e-01
4.278292059898376465e-01
4.279268980026245117e-01
4.279523193836212158e-01
4.278340637683868408e-01
4.277946949005126953e-01
4.278795123100280762e-01
4.279194176197052002e-01
4.278056621551513672e-01
4.277410507202148438e-01
4.276521205902099609e-01
4.278390407562255859e-01
4.278965294361114502e-01
4.278505146503448486e-01
4.279159605503082275e-01
4.277754724025726318e-01
4.278364479541778564e-01
4.275656342506408691e-01
4.276118278503417969e-01
4.278093576431274414e-01
4.278935194015502930e-01
4.277555048465728760e-01
4.277597069740295410e-01
4.274917244911193848e-01
4.278929829597473145e-01
4.279064536094665527e-01
4.276547431945800781e-01
4.279068112373352051e-01
4.278857707977294922e-01
4.277753531932830811e-01
4.277760386466979980e-01
4.276412427425384521e-01
4.276885986328125000e-01
4.279275536537170410e-01
4.278085231781005859e-01
4.278608560562133789e-01
4.278294444084167480e-01
4.279556870460510254e-01
4.279918968677520752e-01
4.279580116271972656e-01
4.279827475547790527e-01
4.280058145523071289e-01
4.279440343379974365e-01
4.279259443283081055e-01
4.279255270957946777e-01
4.276812672615051270e-01
4.278853237628936768e-01
4.278885424137115479e-01
4.277199208736419678e-01
4.278585612773895264e-01
4.277186989784240723e-01
4.277532100677490234e-01
4.277177453041076660e-01
4.276182055473327637e-01
4.277005195617675781e-01
4.277935624122619629e-01
4.278599023818969727e-01
4.278736412525177002e-01
4.278400540351867676e-01
4.278985261917114258e-01
4.279441237449645996e-01
4.277380406856536865e-01
4.278780519962310791e-01
4.278281033039093018e-01
4.276482760906219482e-01
4.275929331779479980e-01
4.276144802570343018e-01
4.276210665702819824e-01
4.276148378849029541e-01
4.275676608085632324e-01
4.275997281074523926e-01
4.275439381599426270e-01
4.276110529899597168e-01
4.274728298187255859e-01
4.275803565979003906e-01
4.274528324604034424e-01
4.274112284183502197e-01
4.274560809135437012e-01
4.278975725173950195e-01
4.274399280548095703e-01
4.275606870651245117e-01
4.277881085872650146e-01
4.279047250747680664e-01
4.275296926498413086e-01
4.273555278778076172e-01
4.277028739452362061e-01
4.274743497371673584e-01
4.277139902114868164e-01
4.279832541942596436e-01
4.279690980911254883e-01
4.276801645755767822e-01
4.278664588928222656e-01
4.278712570667266846e-01
4.277772903442382812e-01
4.270606338977813721e-01
4.279754757881164551e-01
4.278532564640045166e-01
4.278135299682617188e-01
4.276987314224243164e-01
4.279019832611083984e-01
4.279721677303314209e-01
4.279724955558776855e-01
4.279400408267974854e-01
4.279972314834594727e-01
4.279355406761169434e-01
4.279522001743316650e-01
4.279388189315795898e-01
4.279090762138366699e-01
4.279224276542663574e-01
4.275199472904205322e-01
4.279339313507080078e-01
4.279696345329284668e-01
4.276751279830932617e-01
4.278041124343872070e-01
4.279299080371856689e-01
4.279876947402954102e-01
4.279115200042724609e-01
4.279717504978179932e-01
4.272813200950622559e-01
4.279424548149108887e-01
4.279432892799377441e-01
4.279205203056335449e-01
4.279011785984039307e-01
4.278339147567749023e-01
4.278708696365356445e-01
4.278563559055328369e-01
4.277112185955047607e-01
4.277448356151580811e-01
4.275019764900207520e-01
4.279053807258605957e-01
4.279155731201171875e-01
4.278182089328765869e-01
4.276879429817199707e-01
4.273209869861602783e-01
4.276087284088134766e-01
4.279980659484863281e-01
4.280173778533935547e-01
4.279859662055969238e-01
4.277027547359466553e-01
4.278949201107025146e-01
4.280224740505218506e-01
4.280062615871429443e-01
4.280247688293457031e-01
4.278634786605834961e-01
4.280240535736083984e-01
4.279822111129760742e-01
4.279594123363494873e-01
4.278903603553771973e-01
4.277658462524414062e-01
4.278239607810974121e-01
4.277791380882263184e-01
4.278856515884399414e-01
4.278915822505950928e-01
4.278925657272338867e-01
4.279220402240753174e-01
4.278953671455383301e-01
4.276754260063171387e-01
4.276333749294281006e-01
4.276628494262695312e-01
4.278503656387329102e-01
4.274890422821044922e-01
4.272153973579406738e-01
4.275189340114593506e-01
4.272325932979583740e-01
4.275248944759368896e-01
4.274915754795074463e-01
4.270472526550292969e-01
4.277236759662628174e-01
4.275766313076019287e-01
4.277542531490325928e-01
4.275156259536743164e-01
4.275766015052795410e-01
4.276397228240966797e-01
4.275933504104614258e-01
4.276905953884124756e-01
4.277313947677612305e-01
4.276623725891113281e-01
4.277867376804351807e-01
4.276669323444366455e-01
4.278027415275573730e-01
4.277049899101257324e-01
4.276316761970520020e-01
4.277415573596954346e-01
4.274619817733764648e-01
4.275149703025817871e-01
4.277964234352111816e-01
4.279271960258483887e-01
4.278271198272705078e-01
4.278798997402191162e-01
4.278689026832580566e-01
4.277261793613433838e-01
4.277447462081909180e-01
4.278604984283447266e-01
4.274892807006835938e-01
4.279259443283081055e-01
4.276269078254699707e-01
4.277752935886383057e-01
4.276333749294281006e-01
4.279368817806243896e-01
4.278937578201293945e-01
4.275180399417877197e-01
4.275721311569213867e-01
4.278904795646667480e-01
4.279263019561767578e-01
4.279254078865051270e-01
4.276218414306640625e-01
4.279567003250122070e-01
4.279334545135498047e-01
4.277794361114501953e-01
4.276680350303649902e-01
4.278730154037475586e-01
4.279521107673645020e-01
4.279715418815612793e-01
4.278983175754547119e-01
4.278869926929473877e-01
4.279244542121887207e-01
4.279540181159973145e-01
4.276580810546875000e-01
4.277741014957427979e-01
4.270039796829223633e-01
4.274925589561462402e-01
4.273914694786071777e-01
4.276120662689208984e-01
4.277474880218505859e-01
4.277572333812713623e-01
4.277860224246978760e-01
4.270753860473632812e-01
4.273889660835266113e-01
4.276797175407409668e-01
4.276994466781616211e-01
4.276332259178161621e-01
4.276411533355712891e-01
4.273784756660461426e-01
4.277280271053314209e-01
4.278211891651153564e-01
4.278399944305419922e-01
4.278438389301300049e-01
4.277476668357849121e-01
4.277573823928833008e-01
4.275830686092376709e-01
4.278294146060943604e-01
4.277591407299041748e-01
4.275869131088256836e-01
4.278151392936706543e-01
4.278811812400817871e-01
4.278427362442016602e-01
4.276046752929687500e-01
4.278858602046966553e-01
4.278568625450134277e-01
4.278549849987030029e-01
4.279435575008392334e-01
4.277504384517669678e-01
4.278546273708343506e-01
4.278893768787384033e-01
4.279046356678009033e-01
4.279527366161346436e-01
4.279219806194305420e-01
4.275721311569213867e-01
4.279146492481231689e-01
4.278753399848937988e-01
4.275373220443725586e-01
4.275591373443603516e-01
4.278425574302673340e-01
4.277220368385314941e-01
4.278860986232757568e-01
4.279097318649291992e-01
4.278560876846313477e-01
4.277982115745544434e-01
4.277628660202026367e-01
4.278296530246734619e-01
4.277557730674743652e-01
4.278550744056701660e-01
4.279078543186187744e-01
4.278247356414794922e-01
4.277627170085906982e-01
4.277803897857666016e-01
4.275577664375305176e-01
4.276283681392669678e-01
4.274473190307617188e-01
4.276352524757385254e-01
4.278637170791625977e-01
4.279621839523315430e-01
4.279793798923492432e-01
4.279437363147735596e-01
4.279194772243499756e-01
4.276097416877746582e-01
4.254741668701171875e-01
4.273571074008941650e-01
4.275034666061401367e-01
4.210045337677001953e-01
4.278300404548645020e-01
4.276473522186279297e-01
4.278289973735809326e-01
4.279736578464508057e-01
4.277529716491699219e-01
4.278744161128997803e-01
4.279673695564270020e-01
4.278631806373596191e-01
4.280085861682891846e-01
4.280363619327545166e-01
4.279485940933227539e-01
4.279201626777648926e-01
4.279816746711730957e-01
4.279448091983795166e-01
4.278219938278198242e-01
4.279512763023376465e-01
4.279484152793884277e-01
4.278689622879028320e-01
4.279321134090423584e-01
4.277090728282928467e-01
4.276977181434631348e-01
4.278589487075805664e-01
4.277662634849548340e-01
4.277571439743041992e-01
4.279013276100158691e-01
4.279571473598480225e-01
4.278909265995025635e-01
4.278697669506072998e-01
4.279322624206542969e-01
4.274346530437469482e-01
4.279341399669647217e-01
4.279550611972808838e-01
4.279758334159851074e-01
4.279577136039733887e-01
4.278007447719573975e-01
4.279219508171081543e-01
4.279075264930725098e-01
4.279831051826477051e-01
4.279482364654541016e-01
4.278904497623443604e-01
4.277834892272949219e-01
4.278869628906250000e-01
4.277055263519287109e-01
4.278520643711090088e-01
4.279170930385589600e-01
4.280031323432922363e-01
4.277266860008239746e-01
4.273421466350555420e-01
4.276138544082641602e-01
4.269775450229644775e-01
4.276399612426757812e-01
4.274442195892333984e-01
4.278141558170318604e-01
4.278171360492706299e-01
4.276189208030700684e-01
4.278276264667510986e-01
4.271882176399230957e-01
4.277946650981903076e-01
4.278195500373840332e-01
4.278810024261474609e-01
4.278643727302551270e-01
4.276333451271057129e-01
4.273408055305480957e-01
4.276255369186401367e-01
4.278888106346130371e-01
4.277491569519042969e-01
4.275939464569091797e-01
4.278673529624938965e-01
4.279296100139617920e-01
4.278606772422790527e-01
4.272999763488769531e-01
4.279104471206665039e-01
4.279126524925231934e-01
4.279496669769287109e-01
4.276612997055053711e-01
4.275024831295013428e-01
4.277240633964538574e-01
4.279235005378723145e-01
4.279078543186187744e-01
4.279314279556274414e-01
4.278651773929595947e-01
4.276425540447235107e-01
4.278758168220520020e-01
4.278874695301055908e-01
4.277726411819458008e-01
4.278538227081298828e-01
4.279326796531677246e-01
4.274072647094726562e-01
4.278115928173065186e-01
4.277762174606323242e-01
4.279691576957702637e-01
4.279009401798248291e-01
4.277139306068420410e-01
4.277352094650268555e-01
4.279553294181823730e-01
4.276120662689208984e-01
4.277855753898620605e-01
4.278516471385955811e-01
4.278388023376464844e-01
4.278029203414916992e-01
4.277913868427276611e-01
4.277806282043457031e-01
4.275682866573333740e-01
4.277724623680114746e-01
4.277392029762268066e-01
4.276318550109863281e-01
4.276236295700073242e-01
4.276040494441986084e-01
4.276232123374938965e-01
4.277107715606689453e-01
4.276860952377319336e-01
4.275327324867248535e-01
4.276374578475952148e-01
4.276254475116729736e-01
4.275295734405517578e-01
4.274749457836151123e-01
4.276439547538757324e-01
4.277115464210510254e-01
4.277391433715820312e-01
4.274474382400512695e-01
4.278089702129364014e-01
4.277321994304656982e-01
4.278243184089660645e-01
4.278587102890014648e-01
4.276428818702697754e-01
4.274084270000457764e-01
4.277319610118865967e-01
4.276509582996368408e-01
4.276384115219116211e-01
4.276367425918579102e-01
4.275894761085510254e-01
4.275468587875366211e-01
4.273336529731750488e-01
4.275815784931182861e-01
4.275322556495666504e-01
4.275882840156555176e-01
4.276714622974395752e-01
4.276477992534637451e-01
4.275709688663482666e-01
4.275761842727661133e-01
4.276253283023834229e-01
4.275340139865875244e-01
4.273772239685058594e-01
4.276266396045684814e-01
4.276210665702819824e-01
4.276268482208251953e-01
4.277346432209014893e-01
4.276389777660369873e-01
4.277150630950927734e-01
4.273058772087097168e-01
4.275815784931182861e-01
4.275436401367187500e-01
4.276432394981384277e-01
4.275699853897094727e-01
4.276098608970642090e-01
4.273319244384765625e-01
4.275448620319366455e-01
4.275924563407897949e-01
4.275842905044555664e-01
4.275380671024322510e-01
4.276264905929565430e-01
4.274557828903198242e-01
4.274994730949401855e-01
4.274599552154541016e-01
4.275077283382415771e-01
4.274075925350189209e-01
4.269235730171203613e-01
4.274915754795074463e-01
4.275174736976623535e-01
4.273557066917419434e-01
4.278015196323394775e-01
4.275672137737274170e-01
4.275865852832794189e-01
4.275915920734405518e-01
4.275929033756256104e-01
4.270593523979187012e-01
4.277386963367462158e-01
4.275743663311004639e-01
4.276742339134216309e-01
4.276536703109741211e-01
4.274288117885589600e-01
4.275451898574829102e-01
4.277314543724060059e-01
4.274250864982604980e-01
4.278678894042968750e-01
4.277815520763397217e-01
4.278341829776763916e-01
4.278851449489593506e-01
4.278851747512817383e-01
4.278643429279327393e-01
4.278299808502197266e-01
4.278370141983032227e-01
4.278913140296936035e-01
4.278669357299804688e-01
4.278862476348876953e-01
4.277998805046081543e-01
4.278390407562255859e-01
4.278147816658020020e-01
4.278928339481353760e-01
4.279331862926483154e-01
4.279523789882659912e-01
4.279460012912750244e-01
4.279679656028747559e-01
4.279419183731079102e-01
4.277490973472595215e-01
4.278765916824340820e-01
4.279298186302185059e-01
4.274882078170776367e-01
4.276561141014099121e-01
4.277379810810089111e-01
4.276835024356842041e-01
4.277653098106384277e-01
4.274127781391143799e-01
4.279200434684753418e-01
4.279443919658660889e-01
4.279257059097290039e-01
4.278166890144348145e-01
4.279199540615081787e-01
4.278190433979034424e-01
4.277996718883514404e-01
4.278225898742675781e-01
4.276915192604064941e-01
4.277831315994262695e-01
4.278498291969299316e-01
4.278078079223632812e-01
4.276595115661621094e-01
4.275928437709808350e-01
4.276117086410522461e-01
4.276334941387176514e-01
4.276095628738403320e-01
4.275934100151062012e-01
4.275498390197753906e-01
4.276450276374816895e-01
4.275546967983245850e-01
4.275570213794708252e-01
4.274776279926300049e-01
4.276604354381561279e-01
4.275768101215362549e-01
4.276558756828308105e-01
4.276850819587707520e-01
4.275931119918823242e-01
4.275581240653991699e-01
4.276211857795715332e-01
4.275953769683837891e-01
4.275987446308135986e-01
4.275767207145690918e-01
4.275755882263183594e-01
4.275465905666351318e-01
4.274896383285522461e-01
4.276047945022583008e-01
4.276080727577209473e-01
4.275365471839904785e-01
4.275903999805450439e-01
4.276097416877746582e-01
4.276036322116851807e-01
4.276014268398284912e-01
4.276914894580841064e-01
4.276058673858642578e-01
4.276133775711059570e-01
4.276685118675231934e-01
4.276043772697448730e-01
4.275721907615661621e-01
4.275511503219604492e-01
4.275982975959777832e-01
4.276044964790344238e-01
4.275799095630645752e-01
4.269407391548156738e-01
4.275949597358703613e-01
4.276095032691955566e-01
4.275035858154296875e-01
4.276127219200134277e-01
4.276433587074279785e-01
4.274520277976989746e-01
4.275783896446228027e-01
4.276873767375946045e-01
4.277231693267822266e-01
4.275406002998352051e-01
4.276036620140075684e-01
4.277715086936950684e-01
4.276869297027587891e-01
4.277126491069793701e-01
4.274990558624267578e-01
4.276527166366577148e-01
4.275492727756500244e-01
4.278315901756286621e-01
4.277177453041076660e-01
4.276610016822814941e-01
4.277678728103637695e-01
4.277307987213134766e-01
4.276648163795471191e-01
4.278205335140228271e-01
4.278023540973663330e-01
4.278456866741180420e-01
4.276762604713439941e-01
4.277105629444122314e-01
4.276528656482696533e-01
4.278498888015747070e-01
4.277274608612060547e-01
4.275250136852264404e-01
4.278143048286437988e-01
4.278216958045959473e-01
4.277738034725189209e-01
4.278794527053833008e-01
4.277001023292541504e-01
4.274433553218841553e-01
4.278189241886138916e-01
4.275531172752380371e-01
4.279934763908386230e-01
4.280123114585876465e-01
4.279322326183319092e-01
4.279227554798126221e-01
4.279913902282714844e-01
4.279268383979797363e-01
4.276397228240966797e-01
4.280194640159606934e-01
4.276810884475708008e-01
4.278548359870910645e-01
4.278993308544158936e-01
4.280099272727966309e-01
4.279530644416809082e-01
4.279678761959075928e-01
4.279842972755432129e-01
4.279947280883789062e-01
4.279695451259613037e-01
4.278893470764160156e-01
4.277387559413909912e-01
4.279530048370361328e-01
4.279661476612091064e-01
4.280261993408203125e-01
4.279677271842956543e-01
4.279788732528686523e-01
4.279974699020385742e-01
4.279724955558776855e-01
4.279362857341766357e-01
4.279482066631317139e-01
4.279065728187561035e-01
4.279660880565643311e-01
4.279976785182952881e-01
4.279919266700744629e-01
4.279297888278961182e-01
4.280112981796264648e-01
4.280004799365997314e-01
4.280312657356262207e-01
4.279338717460632324e-01
4.278760552406311035e-01
4.279038608074188232e-01
4.275940954685211182e-01
4.279844760894775391e-01
4.278588891029357910e-01
4.278899133205413818e-01
4.277501702308654785e-01
4.276348054409027100e-01
4.274440109729766846e-01
4.276521205902099609e-01
4.276460707187652588e-01
4.274630546569824219e-01
4.278546273708343506e-01
4.276688992977142334e-01
4.276241958141326904e-01
4.276266992092132568e-01
4.276088476181030273e-01
4.275763034820556641e-01
4.275456964969635010e-01
4.276603460311889648e-01
4.275683760643005371e-01
4.276141822338104248e-01
4.276165962219238281e-01
4.276715517044067383e-01
4.278172850608825684e-01
4.276821911334991455e-01
4.277913570404052734e-01
4.277887344360351562e-01
4.270391166210174561e-01
4.274203777313232422e-01
4.271071553230285645e-01
4.276775121688842773e-01
4.273381829261779785e-01
4.276776015758514404e-01
4.278195798397064209e-01
4.278775155544281006e-01
4.277687966823577881e-01
4.278046488761901855e-01
4.278415143489837646e-01
4.278815090656280518e-01
4.279365241527557373e-01
4.277832508087158203e-01
4.280155897140502930e-01
4.279864132404327393e-01
4.279258847236633301e-01
4.277857542037963867e-01
4.279729127883911133e-01
4.279976487159729004e-01
4.279488623142242432e-01
4.278855323791503906e-01
4.279581606388092041e-01
4.279972612857818604e-01
4.279419779777526855e-01
4.278678596019744873e-01
4.278906285762786865e-01
4.279507398605346680e-01
4.275815486907958984e-01
4.277400970458984375e-01
4.277365803718566895e-01
4.278735816478729248e-01
4.279529154300689697e-01
4.278495013713836670e-01
4.279490113258361816e-01
4.274928569793701172e-01
4.279388785362243652e-01
4.278883635997772217e-01
