4.144239425659179688e-01
4.155109226703643799e-01
4.155109226703643799e-01
4.155109226703643799e-01
4.155109226703643799e-01
3.172524571418762207e-01
0.000000000000000000e+00
0.000000000000000000e+00
4.155109226703643799e-01
0.000000000000000000e+00
4.155109226703643799e-01
4.155109226703643799e-01
4.155109226703643799e-01
4.155109226703643799e-01
4.155109226703643799e-01
4.155109226703643799e-01
3.721194863319396973e-01
4.155109226703643799e-01
4.155109226703643799e-01
3.287715911865234375e-01
4.155109226703643799e-01
4.155109226703643799e-01
0.000000000000000000e+00
4.155109226703643799e-01
0.000000000000000000e+00
4.155109226703643799e-01
4.155109226703643799e-01
4.155109226703643799e-01
4.155109226703643799e-01
4.155109226703643799e-01
4.155109226703643799e-01
4.155109226703643799e-01
4.155109226703643799e-01
4.155109226703643799e-01
4.155109226703643799e-01
4.155109226703643799e-01
4.155109226703643799e-01
4.155109226703643799e-01
4.155109226703643799e-01
4.155109226703643799e-01
4.155109226703643799e-01
4.155109226703643799e-01
0.000000000000000000e+00
4.155109226703643799e-01
4.155109226703643799e-01
4.155109226703643799e-01
4.155109226703643799e-01
4.155109226703643799e-01
4.155109226703643799e-01
4.155109226703643799e-01
4.155109226703643799e-01
4.155109226703643799e-01
4.155109226703643799e-01
4.155109226703643799e-01
4.155109226703643799e-01
4.152863919734954834e-01
4.155109226703643799e-01
4.155109226703643799e-01
4.155109226703643799e-01
4.155109226703643799e-01
4.155109226703643799e-01
4.155109226703643799e-01
4.155109226703643799e-01
4.155109226703643799e-01
4.155109226703643799e-01
4.155109226703643799e-01
4.155109226703643799e-01
4.155109226703643799e-01
4.155109226703643799e-01
0.000000000000000000e+00
4.155109226703643799e-01
4.155109226703643799e-01
4.155109226703643799e-01
4.155109226703643799e-01
4.155109226703643799e-01
4.155109226703643799e-01
4.155109226703643799e-01
4.155109226703643799e-01
4.155109226703643799e-01
4.155109226703643799e-01
4.155109226703643799e-01
0.000000000000000000e+00
4.155109226703643799e-01
4.155109226703643799e-01
4.155109226703643799e-01
4.155109226703643799e-01
4.155109226703643799e-01
0.000000000000000000e+00
0.000000000000000000e+00
0.000000000000000000e+00
0.000000000000000000e+00
0.000000000000000000e+00
0.000000000000000000e+00
0.000000000000000000e+00
0.000000000000000000e+00
0.000000000000000000e+00
0.000000000000000000e+00
0.000000000000000000e+00
0.000000000000000000e+00
4.099485874176025391e-01
1.689510643482208252e-01
4.009170234203338623e-01
0.000000000000000000e+00
4.155109226703643799e-01
0.000000000000000000e+00
