4.304640293121337891e-01
4.304202198982238770e-01
4.335688352584838867e-01
4.343817234039306641e-01
4.450918734073638916e-01
4.817094206809997559e-01
4.766580760478973389e-01
4.947737455368041992e-01
5.137650966644287109e-01
4.919298589229583740e-01
4.508088231086730957e-01
4.652832448482513428e-01
4.546102881431579590e-01
4.596583545207977295e-01
4.670224487781524658e-01
4.438919723033905029e-01
4.495315253734588623e-01
4.459871947765350342e-01
4.717935621738433838e-01
5.073583722114562988e-01
5.167171955108642578e-01
5.189584493637084961e-01
5.174370408058166504e-01
5.248618125915527344e-01
5.246244668960571289e-01
5.218551754951477051e-01
4.442672729492187500e-01
4.596261084079742432e-01
4.938355386257171631e-01
4.938016533851623535e-01
5.131964087486267090e-01
5.121198296546936035e-01
5.175930857658386230e-01
5.096708536148071289e-01
5.144814848899841309e-01
5.117924213409423828e-01
5.163503289222717285e-01
5.171929001808166504e-01
5.235807895660400391e-01
5.210022330284118652e-01
5.189649462699890137e-01
5.197972059249877930e-01
5.199574828147888184e-01
5.213296413421630859e-01
5.175538659095764160e-01
5.138728618621826172e-01
5.169170498847961426e-01
5.139549374580383301e-01
5.163676738739013672e-01
5.127921700477600098e-01
5.217379927635192871e-01
5.178668498992919922e-01
5.126880407333374023e-01
4.966709911823272705e-01
5.106043815612792969e-01
5.130088925361633301e-01
5.110957622528076172e-01
5.042366981506347656e-01
5.234676003456115723e-01
5.315489172935485840e-01
5.309811830520629883e-01
5.285286307334899902e-01
5.188114643096923828e-01
4.712804853916168213e-01
5.313767194747924805e-01
5.329014062881469727e-01
5.314590930938720703e-01
5.314179062843322754e-01
5.330460667610168457e-01
5.297710299491882324e-01
4.999286234378814697e-01
5.312429666519165039e-01
5.329111814498901367e-01
5.329468846321105957e-01
5.327368378639221191e-01
5.327545404434204102e-01
5.328180789947509766e-01
4.391566514968872070e-01
5.327397584915161133e-01
5.313555002212524414e-01
4.756588637828826904e-01
5.322534441947937012e-01
4.810591638088226318e-01
5.172345042228698730e-01
4.798201918601989746e-01
5.178877115249633789e-01
5.094472169876098633e-01
5.189878940582275391e-01
5.291929244995117188e-01
4.977511465549468994e-01
5.327408313751220703e-01
4.987463355064392090e-01
5.123416781425476074e-01
5.245094895362854004e-01
5.329735279083251953e-01
5.296402573585510254e-01
5.304648876190185547e-01
5.308690667152404785e-01
5.332906842231750488e-01
5.334456562995910645e-01
5.325770974159240723e-01
5.318875312805175781e-01
5.334067344665527344e-01
5.329812169075012207e-01
5.330588817596435547e-01
5.333632230758666992e-01
5.333313345909118652e-01
5.331716537475585938e-01
5.328866839408874512e-01
5.329383611679077148e-01
5.329515933990478516e-01
5.329626798629760742e-01
5.329155921936035156e-01
5.328562259674072266e-01
5.328318476676940918e-01
5.328908562660217285e-01
5.327644944190979004e-01
5.327694416046142578e-01
5.325623750686645508e-01
5.077471733093261719e-01
4.711631238460540771e-01
4.814651608467102051e-01
4.901723861694335938e-01
5.112313032150268555e-01
5.154596567153930664e-01
5.134117007255554199e-01
5.194303989410400391e-01
4.747829735279083252e-01
4.341440200805664062e-01
4.215460121631622314e-01
4.238519668579101562e-01
4.593967199325561523e-01
4.446977078914642334e-01
4.363538026809692383e-01
4.257450699806213379e-01
4.218434691429138184e-01
4.263491630554199219e-01
4.301987886428833008e-01
4.225256145000457764e-01
4.497460722923278809e-01
4.641328454017639160e-01
4.787123501300811768e-01
4.310587644577026367e-01
4.281751811504364014e-01
4.306362867355346680e-01
4.362885951995849609e-01
5.045359730720520020e-01
4.828209877014160156e-01
5.208280682563781738e-01
5.087110996246337891e-01
5.200620889663696289e-01
5.200334191322326660e-01
5.218562483787536621e-01
5.235043764114379883e-01
5.043526887893676758e-01
5.217968225479125977e-01
5.207864046096801758e-01
5.230887532234191895e-01
5.217445492744445801e-01
5.228766798973083496e-01
5.182357430458068848e-01
5.272026062011718750e-01
5.307750105857849121e-01
5.252524614334106445e-01
5.195546746253967285e-01
5.198391079902648926e-01
5.273740291595458984e-01
5.242658853530883789e-01
5.285384654998779297e-01
5.245257616043090820e-01
5.268644690513610840e-01
5.268015861511230469e-01
5.332188010215759277e-01
5.068897008895874023e-01
5.277588367462158203e-01
5.324206948280334473e-01
5.329825878143310547e-01
5.330448746681213379e-01
5.328835248947143555e-01
5.328778624534606934e-01
5.327370166778564453e-01
5.324441790580749512e-01
5.310753583908081055e-01
5.302008390426635742e-01
5.283692479133605957e-01
5.303120017051696777e-01
5.240532159805297852e-01
5.145041942596435547e-01
5.105284452438354492e-01
4.324615597724914551e-01
5.088596940040588379e-01
5.313650965690612793e-01
4.562872052192687988e-01
4.465732872486114502e-01
5.168211460113525391e-01
5.241311788558959961e-01
5.017864108085632324e-01
4.379496574401855469e-01
5.068264007568359375e-01
5.096624493598937988e-01
5.090057253837585449e-01
5.010948181152343750e-01
4.532941281795501709e-01
4.766653180122375488e-01
4.693686366081237793e-01
5.251995921134948730e-01
4.612589478492736816e-01
4.917994737625122070e-01
4.760490953922271729e-01
4.909025132656097412e-01
5.303733348846435547e-01
4.834634363651275635e-01
5.221188068389892578e-01
5.277408361434936523e-01
4.893881976604461670e-01
4.433029294013977051e-01
4.760063886642456055e-01
5.326199531555175781e-01
5.304439067840576172e-01
5.318171977996826172e-01
5.323550701141357422e-01
5.326823592185974121e-01
5.326607823371887207e-01
5.326594114303588867e-01
5.326707363128662109e-01
5.325827598571777344e-01
5.325194001197814941e-01
5.325755476951599121e-01
5.327022075653076172e-01
5.327622294425964355e-01
5.329289436340332031e-01
5.328428745269775391e-01
5.328295230865478516e-01
5.332834124565124512e-01
5.327953100204467773e-01
5.327081084251403809e-01
5.327755808830261230e-01
5.327033996582031250e-01
5.327643752098083496e-01
5.326968431472778320e-01
5.327265262603759766e-01
5.327521562576293945e-01
5.328079462051391602e-01
5.327025651931762695e-01
5.327000617980957031e-01
5.327556729316711426e-01
5.327338576316833496e-01
5.326725840568542480e-01
5.327464938163757324e-01
5.331229567527770996e-01
5.330112576484680176e-01
5.329905152320861816e-01
5.330993533134460449e-01
5.327168107032775879e-01
5.327368974685668945e-01
5.327416062355041504e-01
5.329306721687316895e-01
5.331829786300659180e-01
5.330154299736022949e-01
5.326002240180969238e-01
5.332204103469848633e-01
5.331561565399169922e-01
5.331752896308898926e-01
5.332900285720825195e-01
5.330610871315002441e-01
5.330386161804199219e-01
5.330063104629516602e-01
5.329452753067016602e-01
5.327334403991699219e-01
5.326722264289855957e-01
5.313245654106140137e-01
5.280596017837524414e-01
5.312024354934692383e-01
5.132495760917663574e-01
5.250463485717773438e-01
5.290588736534118652e-01
5.213037133216857910e-01
5.266607403755187988e-01
5.330828428268432617e-01
5.334234237670898438e-01
5.333135128021240234e-01
5.312359333038330078e-01
5.304130911827087402e-01
5.328968167304992676e-01
5.330939292907714844e-01
5.303630828857421875e-01
5.313015580177307129e-01
5.323362946510314941e-01
5.061545968055725098e-01
5.329495668411254883e-01
5.316978693008422852e-01
5.331647396087646484e-01
5.326733589172363281e-01
5.309069752693176270e-01
5.280762910842895508e-01
5.315788388252258301e-01
5.247270464897155762e-01
5.328987240791320801e-01
5.328504443168640137e-01
5.281307101249694824e-01
5.326470136642456055e-01
5.298065543174743652e-01
5.225658416748046875e-01
5.201974511146545410e-01
5.018470287322998047e-01
4.891479909420013428e-01
4.521688520908355713e-01
4.396228790283203125e-01
4.434703588485717773e-01
4.322888851165771484e-01
4.266624748706817627e-01
4.195417165756225586e-01
4.229516983032226562e-01
4.166049063205718994e-01
4.233529567718505859e-01
4.238490164279937744e-01
4.258006215095520020e-01
4.222564697265625000e-01
4.312997758388519287e-01
4.709643125534057617e-01
4.680991768836975098e-01
4.507828950881958008e-01
4.337938427925109863e-01
4.393356740474700928e-01
4.333307147026062012e-01
4.323060512542724609e-01
4.311788082122802734e-01
4.322859942913055420e-01
4.376263022422790527e-01
4.924983978271484375e-01
5.211495757102966309e-01
4.979554712772369385e-01
4.460712373256683350e-01
4.519525170326232910e-01
4.624871015548706055e-01
4.642941951751708984e-01
4.695694446563720703e-01
4.621673822402954102e-01
4.786621332168579102e-01
5.149792432785034180e-01
5.232070684432983398e-01
5.331079959869384766e-01
5.062044262886047363e-01
5.203238725662231445e-01
5.190075039863586426e-01
5.119455456733703613e-01
5.107515454292297363e-01
5.002864003181457520e-01
4.630481600761413574e-01
4.998902082443237305e-01
4.476118683815002441e-01
4.831824898719787598e-01
5.140985846519470215e-01
5.150116086006164551e-01
4.894101917743682861e-01
4.977740645408630371e-01
5.035453438758850098e-01
4.616361260414123535e-01
5.218432545661926270e-01
4.484333097934722900e-01
5.338318347930908203e-01
5.255814790725708008e-01
5.266832113265991211e-01
5.322769284248352051e-01
5.270231366157531738e-01
5.329882502555847168e-01
5.327017307281494141e-01
5.318495035171508789e-01
5.275855064392089844e-01
5.168750882148742676e-01
5.178919434547424316e-01
5.300981402397155762e-01
5.262314081192016602e-01
5.325936675071716309e-01
5.281682014465332031e-01
5.325179100036621094e-01
5.325636863708496094e-01
5.325300097465515137e-01
5.318543314933776855e-01
5.324600934982299805e-01
5.284272432327270508e-01
5.122994780540466309e-01
5.121176242828369141e-01
4.894457161426544189e-01
4.668175876140594482e-01
4.375911056995391846e-01
4.450170397758483887e-01
5.305482149124145508e-01
5.310045480728149414e-01
5.293335318565368652e-01
5.301858782768249512e-01
5.301132202148437500e-01
5.283398032188415527e-01
5.287024378776550293e-01
5.302523970603942871e-01
5.279104113578796387e-01
5.289867520332336426e-01
5.267634391784667969e-01
5.265370011329650879e-01
5.160200595855712891e-01
5.208526253700256348e-01
5.176619291305541992e-01
5.246590971946716309e-01
5.203637480735778809e-01
5.195910334587097168e-01
5.247697830200195312e-01
5.251232981681823730e-01
5.312535166740417480e-01
5.292496681213378906e-01
5.317859649658203125e-01
5.328868627548217773e-01
5.329492092132568359e-01
5.324572920799255371e-01
5.328745245933532715e-01
5.328877568244934082e-01
5.330009460449218750e-01
5.328996777534484863e-01
5.327104926109313965e-01
5.327282547950744629e-01
5.320096015930175781e-01
5.326494574546813965e-01
5.329257249832153320e-01
5.329723358154296875e-01
5.329532623291015625e-01
5.228645205497741699e-01
4.947596192359924316e-01
5.251348614692687988e-01
5.092763900756835938e-01
5.241103768348693848e-01
5.109355449676513672e-01
5.292193293571472168e-01
5.292809605598449707e-01
5.306304097175598145e-01
5.312975645065307617e-01
5.313438177108764648e-01
5.316544175148010254e-01
5.316169261932373047e-01
5.312864780426025391e-01
5.320106148719787598e-01
5.253236889839172363e-01
5.251737833023071289e-01
5.050237178802490234e-01
4.882792830467224121e-01
4.875823855400085449e-01
4.681011438369750977e-01
4.910069704055786133e-01
4.902683496475219727e-01
4.727005958557128906e-01
4.792620539665222168e-01
4.323763251304626465e-01
4.840879142284393311e-01
4.824928343296051025e-01
4.817359447479248047e-01
4.716420769691467285e-01
4.725085198879241943e-01
4.775167107582092285e-01
4.975599944591522217e-01
4.567147791385650635e-01
4.803884327411651611e-01
4.871881604194641113e-01
5.194305181503295898e-01
5.202784538269042969e-01
5.236716270446777344e-01
5.042229890823364258e-01
5.055737495422363281e-01
5.131424665451049805e-01
5.092751979827880859e-01
4.961647987365722656e-01
4.811387956142425537e-01
4.804288148880004883e-01
4.824500083923339844e-01
4.862586259841918945e-01
5.095465183258056641e-01
5.043082833290100098e-01
4.979417026042938232e-01
4.826130270957946777e-01
4.745763838291168213e-01
4.336942136287689209e-01
4.337891936302185059e-01
4.338794350624084473e-01
4.340513050556182861e-01
4.344242811203002930e-01
5.304732322692871094e-01
5.210202336311340332e-01
4.916226863861083984e-01
5.079510807991027832e-01
4.965637028217315674e-01
4.908969998359680176e-01
4.963240027427673340e-01
4.971009492874145508e-01
4.992869198322296143e-01
4.911508560180664062e-01
4.823963046073913574e-01
5.203703045845031738e-01
5.250801444053649902e-01
5.275453329086303711e-01
5.326586961746215820e-01
5.325766205787658691e-01
5.325641632080078125e-01
5.326487421989440918e-01
5.325548648834228516e-01
5.280861854553222656e-01
5.280440449714660645e-01
5.266649127006530762e-01
5.272865891456604004e-01
5.285345315933227539e-01
5.298343896865844727e-01
5.330627560615539551e-01
5.298687815666198730e-01
5.119171142578125000e-01
5.154717564582824707e-01
5.206794738769531250e-01
4.355557560920715332e-01
4.388956129550933838e-01
4.942447543144226074e-01
5.334639549255371094e-01
5.333407521247863770e-01
5.331593751907348633e-01
5.332480669021606445e-01
5.332949161529541016e-01
5.332664251327514648e-01
5.333681702613830566e-01
5.330773591995239258e-01
5.330237746238708496e-01
5.330898165702819824e-01
5.333101153373718262e-01
5.333333611488342285e-01
5.331918001174926758e-01
5.332294106483459473e-01
5.330797433853149414e-01
5.330235958099365234e-01
5.329908132553100586e-01
5.330307483673095703e-01
5.331459045410156250e-01
5.332148075103759766e-01
5.327724814414978027e-01
5.326572656631469727e-01
5.327965617179870605e-01
5.330363512039184570e-01
5.329858064651489258e-01
5.330220460891723633e-01
5.328291654586791992e-01
5.327295064926147461e-01
5.310536623001098633e-01
5.326876640319824219e-01
5.303103327751159668e-01
5.279682278633117676e-01
5.284085869789123535e-01
5.221333503723144531e-01
5.327025055885314941e-01
5.303407907485961914e-01
5.318512320518493652e-01
5.318487286567687988e-01
5.176846385002136230e-01
4.977241754531860352e-01
4.968172311782836914e-01
4.849067926406860352e-01
4.705785512924194336e-01
5.013568401336669922e-01
4.837502241134643555e-01
4.740104675292968750e-01
4.333093762397766113e-01
4.203952550888061523e-01
4.305922389030456543e-01
4.469593763351440430e-01
4.499029517173767090e-01
4.365196526050567627e-01
4.289119243621826172e-01
4.343508481979370117e-01
4.399684667587280273e-01
4.477516412734985352e-01
4.527203440666198730e-01
4.591281414031982422e-01
4.784250259399414062e-01
4.948322176933288574e-01
5.077877640724182129e-01
5.068739056587219238e-01
5.031293034553527832e-01
4.958638548851013184e-01
5.119722485542297363e-01
5.230741500854492188e-01
5.174684524536132812e-01
5.145826935768127441e-01
5.133534073829650879e-01
5.203318595886230469e-01
5.225530862808227539e-01
5.187083482742309570e-01
5.073650479316711426e-01
4.988212287425994873e-01
5.043285489082336426e-01
4.979065954685211182e-01
4.989987611770629883e-01
4.478454887866973877e-01
5.291408300399780273e-01
5.203359127044677734e-01
5.047389864921569824e-01
5.275135040283203125e-01
4.949300587177276611e-01
5.073038339614868164e-01
5.306882858276367188e-01
5.267287492752075195e-01
5.315383672714233398e-01
5.312514901161193848e-01
5.317825675010681152e-01
5.291576981544494629e-01
5.304201245307922363e-01
5.296623110771179199e-01
5.115972161293029785e-01
5.107208490371704102e-01
4.336097538471221924e-01
4.310210347175598145e-01
4.305981993675231934e-01
4.919724762439727783e-01
5.224145650863647461e-01
4.898092448711395264e-01
4.646832048892974854e-01
4.515748322010040283e-01
4.370439648628234863e-01
4.330252110958099365e-01
4.555810391902923584e-01
5.142886042594909668e-01
5.163509845733642578e-01
4.973888695240020752e-01
5.236278176307678223e-01
5.102033615112304688e-01
5.159478187561035156e-01
5.062298178672790527e-01
5.075088739395141602e-01
5.098864436149597168e-01
5.159007310867309570e-01
5.245140790939331055e-01
5.271936655044555664e-01
5.275891423225402832e-01
5.185360908508300781e-01
5.177841186523437500e-01
5.129762291908264160e-01
5.229994058609008789e-01
5.066211819648742676e-01
4.944122433662414551e-01
4.926318526268005371e-01
5.016716718673706055e-01
5.076697468757629395e-01
5.153639316558837891e-01
4.928059279918670654e-01
5.092003345489501953e-01
5.229966044425964355e-01
5.015758872032165527e-01
5.138820409774780273e-01
5.146933197975158691e-01
5.149629712104797363e-01
5.000908970832824707e-01
4.920505583286285400e-01
4.913666248321533203e-01
5.036553144454956055e-01
4.953295886516571045e-01
5.035829544067382812e-01
5.103271007537841797e-01
4.377344548702239990e-01
4.510218799114227295e-01
4.710326194763183594e-01
4.920844733715057373e-01
4.848911762237548828e-01
4.937506318092346191e-01
4.837866425514221191e-01
5.022405385971069336e-01
4.999271333217620850e-01
5.032783746719360352e-01
5.168880224227905273e-01
5.085951685905456543e-01
5.078976154327392578e-01
5.084846615791320801e-01
5.130015015602111816e-01
5.200825333595275879e-01
5.134633779525756836e-01
5.034104585647583008e-01
5.169860124588012695e-01
5.160787105560302734e-01
5.080413222312927246e-01
5.090870261192321777e-01
5.109517574310302734e-01
5.155773758888244629e-01
5.171657204627990723e-01
5.161527991294860840e-01
4.653069972991943359e-01
4.901485741138458252e-01
5.044494271278381348e-01
4.787806570529937744e-01
4.783883392810821533e-01
4.294723570346832275e-01
4.374458789825439453e-01
4.230233728885650635e-01
4.284670650959014893e-01
4.303626120090484619e-01
4.300057590007781982e-01
4.303753376007080078e-01
4.307565689086914062e-01
4.184762835502624512e-01
4.213238358497619629e-01
4.233385026454925537e-01
4.215463399887084961e-01
4.301801025867462158e-01
4.298852086067199707e-01
4.239031970500946045e-01
4.274421036243438721e-01
4.572061896324157715e-01
4.483421146869659424e-01
4.350178241729736328e-01
4.377411901950836182e-01
4.961490035057067871e-01
5.263702869415283203e-01
5.278346538543701172e-01
5.252516269683837891e-01
5.288590788841247559e-01
5.274645686149597168e-01
5.265786051750183105e-01
5.259600877761840820e-01
5.308979153633117676e-01
5.307762026786804199e-01
5.329343080520629883e-01
5.328474640846252441e-01
5.329062938690185547e-01
5.328387022018432617e-01
5.326867699623107910e-01
5.328162312507629395e-01
5.330613255500793457e-01
5.327506661415100098e-01
5.329156517982482910e-01
5.333346724510192871e-01
5.337468981742858887e-01
5.339152812957763672e-01
5.339587926864624023e-01
5.334797501564025879e-01
5.332081913948059082e-01
5.333417057991027832e-01
5.332862138748168945e-01
5.332945585250854492e-01
5.331498384475708008e-01
5.331666469573974609e-01
5.328299403190612793e-01
5.328339934349060059e-01
5.327398180961608887e-01
5.327563881874084473e-01
5.312741994857788086e-01
5.305669903755187988e-01
5.309811830520629883e-01
5.328043699264526367e-01
5.328939557075500488e-01
5.327116847038269043e-01
5.328104496002197266e-01
5.315200686454772949e-01
5.313376784324645996e-01
5.266090035438537598e-01
5.272222161293029785e-01
5.063063502311706543e-01
4.708796143531799316e-01
4.534530341625213623e-01
4.358198046684265137e-01
4.326171576976776123e-01
4.279571175575256348e-01
4.307564496994018555e-01
4.317577183246612549e-01
4.310644268989562988e-01
4.316786527633666992e-01
4.296419024467468262e-01
4.315334856510162354e-01
4.267518818378448486e-01
4.301618337631225586e-01
4.307916164398193359e-01
4.326791465282440186e-01
4.286398291587829590e-01
5.265021324157714844e-01
5.326111316680908203e-01
5.222338438034057617e-01
5.259104371070861816e-01
5.323624014854431152e-01
5.327255725860595703e-01
5.328459143638610840e-01
5.316919088363647461e-01
5.300060510635375977e-01
5.329748988151550293e-01
5.328515172004699707e-01
5.331779122352600098e-01
5.330364704132080078e-01
5.341914892196655273e-01
5.337020754814147949e-01
5.339211225509643555e-01
5.334323048591613770e-01
5.336308479309082031e-01
5.339240431785583496e-01
5.336640477180480957e-01
5.336143970489501953e-01
5.286471843719482422e-01
5.323498249053955078e-01
5.309486389160156250e-01
5.334457159042358398e-01
5.335084199905395508e-01
5.335386991500854492e-01
5.334219336509704590e-01
5.333108901977539062e-01
5.332745313644409180e-01
5.262006521224975586e-01
5.332739353179931641e-01
5.322864055633544922e-01
5.299739241600036621e-01
5.330754518508911133e-01
5.294888615608215332e-01
5.280243158340454102e-01
5.278227329254150391e-01
5.315242409706115723e-01
5.284116268157958984e-01
5.283147692680358887e-01
5.276353955268859863e-01
5.332244038581848145e-01
5.255626440048217773e-01
5.321214199066162109e-01
5.291912555694580078e-01
5.246946215629577637e-01
5.272964239120483398e-01
5.198746919631958008e-01
5.158892869949340820e-01
5.167930126190185547e-01
5.270460844039916992e-01
5.118888616561889648e-01
5.268542766571044922e-01
4.967994391918182373e-01
5.215790867805480957e-01
5.247567892074584961e-01
4.889544248580932617e-01
5.246196985244750977e-01
5.234164595603942871e-01
5.208130478858947754e-01
5.255825519561767578e-01
5.251778960227966309e-01
5.260254144668579102e-01
5.257791876792907715e-01
5.085269808769226074e-01
5.279185175895690918e-01
5.314071178436279297e-01
5.330740809440612793e-01
5.326853990554809570e-01
5.329309105873107910e-01
5.333021283149719238e-01
5.330327749252319336e-01
5.330497026443481445e-01
5.328471064567565918e-01
5.326982736587524414e-01
5.325263142585754395e-01
5.327049493789672852e-01
5.251988172531127930e-01
5.079305768013000488e-01
4.742323160171508789e-01
4.512734711170196533e-01
4.410013556480407715e-01
4.312306642532348633e-01
4.303494393825531006e-01
4.204275906085968018e-01
4.270634353160858154e-01
4.246044456958770752e-01
4.432218074798583984e-01
4.619499742984771729e-01
4.296272099018096924e-01
4.220009446144104004e-01
4.260371625423431396e-01
4.175097346305847168e-01
4.225561916828155518e-01
4.290567338466644287e-01
4.299346506595611572e-01
4.300779402256011963e-01
4.256178736686706543e-01
4.251988530158996582e-01
4.293304085731506348e-01
4.297468662261962891e-01
4.252638816833496094e-01
4.236172735691070557e-01
4.273184239864349365e-01
4.296130239963531494e-01
4.296352863311767578e-01
4.305793046951293945e-01
4.354036748409271240e-01
4.367503821849822998e-01
4.965956807136535645e-01
5.017783641815185547e-01
5.239801406860351562e-01
5.238358378410339355e-01
5.306869745254516602e-01
5.334231853485107422e-01
5.337871909141540527e-01
5.335963964462280273e-01
5.341673493385314941e-01
5.339630842208862305e-01
5.334459543228149414e-01
5.334756374359130859e-01
5.332943797111511230e-01
5.319215655326843262e-01
5.335230827331542969e-01
5.335377454757690430e-01
5.334374308586120605e-01
5.331217050552368164e-01
5.332737565040588379e-01
5.331721901893615723e-01
5.334112644195556641e-01
5.327994823455810547e-01
5.326960682868957520e-01
5.326600670814514160e-01
5.303750634193420410e-01
5.334331989288330078e-01
5.333721637725830078e-01
5.335040092468261719e-01
5.333173274993896484e-01
5.328149795532226562e-01
5.329021811485290527e-01
5.330507755279541016e-01
5.329592823982238770e-01
5.331361293792724609e-01
5.327451229095458984e-01
5.330387353897094727e-01
5.329605340957641602e-01
5.330266952514648438e-01
5.331183075904846191e-01
5.331685543060302734e-01
5.332125425338745117e-01
5.331042408943176270e-01
5.330533385276794434e-01
5.324582457542419434e-01
5.291121602058410645e-01
5.296540856361389160e-01
5.303781032562255859e-01
5.307527780532836914e-01
5.318579077720642090e-01
5.326911211013793945e-01
5.327515006065368652e-01
5.264953374862670898e-01
5.274692773818969727e-01
5.262675881385803223e-01
5.211731791496276855e-01
5.246021151542663574e-01
5.241904258728027344e-01
5.117911100387573242e-01
4.615827202796936035e-01
4.417322874069213867e-01
4.373039007186889648e-01
4.259325265884399414e-01
4.212896525859832764e-01
4.210341870784759521e-01
4.218697845935821533e-01
4.261946082115173340e-01
4.235309958457946777e-01
4.249340295791625977e-01
4.210543036460876465e-01
4.242632389068603516e-01
4.235592782497406006e-01
4.239471554756164551e-01
4.269052743911743164e-01
4.245204925537109375e-01
4.299531280994415283e-01
4.315348863601684570e-01
4.376503825187683105e-01
4.423385560512542725e-01
4.378752708435058594e-01
4.346638321876525879e-01
4.308966398239135742e-01
4.309568107128143311e-01
4.270485937595367432e-01
4.218951165676116943e-01
4.300925135612487793e-01
4.292342960834503174e-01
4.742227494716644287e-01
4.587498605251312256e-01
4.929871559143066406e-01
4.941760599613189697e-01
5.016940236091613770e-01
5.087559223175048828e-01
4.324250221252441406e-01
4.399932026863098145e-01
4.438155591487884521e-01
5.218826532363891602e-01
5.324414372444152832e-01
5.328373908996582031e-01
5.310431122779846191e-01
5.274568796157836914e-01
5.333186388015747070e-01
5.312551259994506836e-01
5.297663807868957520e-01
5.187343358993530273e-01
5.200203061103820801e-01
5.149830579757690430e-01
5.251678824424743652e-01
5.332524776458740234e-01
5.334841012954711914e-01
5.333942174911499023e-01
5.340529680252075195e-01
5.342442393302917480e-01
5.332090258598327637e-01
5.337407588958740234e-01
5.333246588706970215e-01
5.332440137863159180e-01
5.329873561859130859e-01
5.327231287956237793e-01
5.331389307975769043e-01
5.334430336952209473e-01
5.333169698715209961e-01
5.328518152236938477e-01
5.331026911735534668e-01
5.334678292274475098e-01
5.333461761474609375e-01
5.333676934242248535e-01
5.331639647483825684e-01
5.329928994178771973e-01
5.329864621162414551e-01
5.329597592353820801e-01
5.329941511154174805e-01
5.329533219337463379e-01
5.328599214553833008e-01
5.328494906425476074e-01
5.329704284667968750e-01
5.329899787902832031e-01
5.329391360282897949e-01
5.330060720443725586e-01
5.328465700149536133e-01
5.325036644935607910e-01
5.326476097106933594e-01
5.207853913307189941e-01
5.195244550704956055e-01
5.228929519653320312e-01
5.229918956756591797e-01
5.322156548500061035e-01
5.253050923347473145e-01
5.309202075004577637e-01
4.831614494323730469e-01
5.305612087249755859e-01
5.326952934265136719e-01
5.325747132301330566e-01
5.324728488922119141e-01
5.325054526329040527e-01
5.179058909416198730e-01
5.212293267250061035e-01
5.208923220634460449e-01
5.058220028877258301e-01
5.056027173995971680e-01
5.027973651885986328e-01
5.073300004005432129e-01
5.121271610260009766e-01
5.327315330505371094e-01
5.328947305679321289e-01
5.329736471176147461e-01
5.330361127853393555e-01
5.329667329788208008e-01
5.330545306205749512e-01
5.331124663352966309e-01
5.329788327217102051e-01
5.330721735954284668e-01
5.326896309852600098e-01
5.328195095062255859e-01
5.328646898269653320e-01
5.328614711761474609e-01
5.327028632164001465e-01
5.325773954391479492e-01
5.325204730033874512e-01
5.325179100036621094e-01
5.322989225387573242e-01
5.325173735618591309e-01
5.307450294494628906e-01
5.302389860153198242e-01
5.324742794036865234e-01
5.327468514442443848e-01
5.325332880020141602e-01
5.326150655746459961e-01
5.326250791549682617e-01
5.325861573219299316e-01
5.325090885162353516e-01
5.325078368186950684e-01
5.325289368629455566e-01
5.325676202774047852e-01
5.325663089752197266e-01
5.325243473052978516e-01
5.325421094894409180e-01
5.325455069541931152e-01
5.325557589530944824e-01
5.325697064399719238e-01
5.325663089752197266e-01
5.325332283973693848e-01
5.324818491935729980e-01
5.321176648139953613e-01
4.723717570304870605e-01
5.230862498283386230e-01
5.054216384887695312e-01
5.324412584304809570e-01
5.166642665863037109e-01
4.285711646080017090e-01
4.267325401306152344e-01
4.238702654838562012e-01
4.478006362915039062e-01
4.620852768421173096e-01
4.354420304298400879e-01
5.155836343765258789e-01
4.851587712764739990e-01
4.804582893848419189e-01
5.023463964462280273e-01
4.932627975940704346e-01
4.812358915805816650e-01
4.819181859493255615e-01
4.805021584033966064e-01
4.759173691272735596e-01
4.361639022827148438e-01
4.440989196300506592e-01
4.580900669097900391e-01
5.232219696044921875e-01
4.896513819694519043e-01
5.087664723396301270e-01
5.127326250076293945e-01
5.199630856513977051e-01
5.224961638450622559e-01
5.204842686653137207e-01
5.187147855758666992e-01
5.112866759300231934e-01
5.073442459106445312e-01
5.008070468902587891e-01
4.864507019519805908e-01
4.745470583438873291e-01
4.627979099750518799e-01
4.607727527618408203e-01
4.623962044715881348e-01
4.658085405826568604e-01
4.704675376415252686e-01
4.526494443416595459e-01
4.565608501434326172e-01
4.531450867652893066e-01
4.296824932098388672e-01
4.309031665325164795e-01
4.264096915721893311e-01
4.277366101741790771e-01
4.301155507564544678e-01
4.311670064926147461e-01
4.443798363208770752e-01
4.342737793922424316e-01
4.218092560768127441e-01
4.179435968399047852e-01
4.207644760608673096e-01
4.202243685722351074e-01
4.172236323356628418e-01
4.180061817169189453e-01
4.227094054222106934e-01
4.253920614719390869e-01
4.241290986537933350e-01
4.218171238899230957e-01
4.214460849761962891e-01
4.318586587905883789e-01
4.325763583183288574e-01
4.372796416282653809e-01
4.402222037315368652e-01
4.393466711044311523e-01
4.448535144329071045e-01
4.456239938735961914e-01
4.372002482414245605e-01
4.285409152507781982e-01
4.481367170810699463e-01
4.268887639045715332e-01
4.481022357940673828e-01
4.790200889110565186e-01
4.798185527324676514e-01
4.803586602210998535e-01
4.752702713012695312e-01
4.814644157886505127e-01
4.837646782398223877e-01
1.575153172016143799e-01
4.461721777915954590e-01
4.809023141860961914e-01
4.357762634754180908e-01
4.879886806011199951e-01
4.953480660915374756e-01
4.728827476501464844e-01
4.778967201709747314e-01
4.680333137512207031e-01
4.543399214744567871e-01
4.456252157688140869e-01
4.482413828372955322e-01
4.364720582962036133e-01
4.308408200740814209e-01
4.244670569896697998e-01
4.234667420387268066e-01
4.256945252418518066e-01
4.183864295482635498e-01
