4.711035192012786865e-01
4.711766242980957031e-01
4.704524874687194824e-01
4.711328148841857910e-01
4.702270925045013428e-01
4.692887365818023682e-01
4.692943990230560303e-01
4.691871404647827148e-01
4.689679741859436035e-01
4.693286418914794922e-01
4.691539108753204346e-01
4.691994786262512207e-01
4.686981737613677979e-01
4.682023525238037109e-01
4.682023525238037109e-01
4.682023525238037109e-01
4.694519042968750000e-01
4.682023525238037109e-01
4.694696068763732910e-01
4.683821201324462891e-01
4.682023525238037109e-01
4.682023525238037109e-01
0.000000000000000000e+00
4.687812030315399170e-01
4.714035987854003906e-01
4.699286818504333496e-01
4.705674946308135986e-01
4.702965617179870605e-01
4.707885682582855225e-01
4.705725610256195068e-01
4.709092676639556885e-01
4.711422920227050781e-01
4.703583121299743652e-01
4.697507619857788086e-01
4.694230556488037109e-01
4.693403840065002441e-01
4.684854149818420410e-01
4.682023525238037109e-01
4.682023525238037109e-01
4.682023525238037109e-01
4.682023525238037109e-01
4.705679118633270264e-01
4.714477360248565674e-01
4.717794358730316162e-01
4.716258645057678223e-01
4.716112315654754639e-01
4.714227914810180664e-01
4.711050391197204590e-01
4.699560403823852539e-01
4.704682528972625732e-01
4.705013036727905273e-01
4.682023525238037109e-01
4.682023525238037109e-01
4.682023525238037109e-01
4.682023525238037109e-01
4.682023525238037109e-01
4.682023525238037109e-01
4.682023525238037109e-01
4.689188301563262939e-01
4.697318077087402344e-01
4.686655700206756592e-01
4.682023525238037109e-01
4.682023525238037109e-01
4.682023525238037109e-01
4.682023525238037109e-01
4.682023525238037109e-01
4.682023525238037109e-01
4.682023525238037109e-01
4.682023525238037109e-01
4.682023525238037109e-01
4.682023525238037109e-01
4.688365459442138672e-01
4.682023525238037109e-01
4.682023525238037109e-01
4.682023525238037109e-01
4.682023525238037109e-01
4.688221514225006104e-01
4.682023525238037109e-01
4.682023525238037109e-01
4.682023525238037109e-01
4.682023525238037109e-01
4.682023525238037109e-01
4.695175290107727051e-01
4.687791466712951660e-01
4.682023525238037109e-01
4.690421819686889648e-01
4.698960483074188232e-01
4.699107110500335693e-01
4.698128700256347656e-01
4.696405827999114990e-01
4.694285988807678223e-01
4.694196581840515137e-01
4.682023525238037109e-01
4.682023525238037109e-01
4.682023525238037109e-01
4.682023525238037109e-01
4.695214927196502686e-01
4.699275791645050049e-01
4.683137536048889160e-01
4.691374301910400391e-01
4.690788984298706055e-01
4.689747095108032227e-01
4.688411056995391846e-01
4.687545299530029297e-01
4.693518579006195068e-01
4.699113368988037109e-01
4.687226712703704834e-01
4.696033000946044922e-01
4.688525795936584473e-01
4.685472846031188965e-01
4.701910912990570068e-01
4.698215425014495850e-01
4.710234403610229492e-01
4.705828130245208740e-01
4.702156186103820801e-01
4.706401228904724121e-01
4.703820347785949707e-01
4.705415368080139160e-01
4.700377285480499268e-01
4.698269963264465332e-01
4.699052274227142334e-01
4.697639942169189453e-01
4.693808555603027344e-01
4.701304435729980469e-01
4.702844917774200439e-01
4.698842167854309082e-01
4.702316820621490479e-01
4.703935086727142334e-01
4.702514708042144775e-01
4.701085686683654785e-01
4.699897468090057373e-01
4.696083664894104004e-01
4.704087674617767334e-01
4.708395004272460938e-01
4.701521098613739014e-01
4.696054160594940186e-01
4.700198471546173096e-01
4.698581993579864502e-01
4.700172245502471924e-01
4.702838063240051270e-01
4.704559445381164551e-01
4.704883992671966553e-01
4.697968065738677979e-01
4.706537127494812012e-01
4.704409241676330566e-01
4.701206386089324951e-01
4.697749614715576172e-01
4.699603617191314697e-01
4.697363376617431641e-01
4.691092371940612793e-01
4.691196084022521973e-01
4.687317311763763428e-01
4.682023525238037109e-01
4.682023525238037109e-01
4.706803858280181885e-01
4.706009030342102051e-01
4.720338582992553711e-01
4.719006419181823730e-01
4.721323847770690918e-01
4.714206457138061523e-01
4.717215299606323242e-01
4.711946249008178711e-01
4.716468453407287598e-01
4.711607992649078369e-01
4.708436131477355957e-01
4.710415601730346680e-01
4.711107313632965088e-01
4.706686437129974365e-01
4.700854122638702393e-01
4.701298773288726807e-01
4.698933362960815430e-01
4.683430790901184082e-01
4.709104299545288086e-01
4.682023525238037109e-01
4.682023525238037109e-01
4.682023525238037109e-01
4.682023525238037109e-01
4.682023525238037109e-01
4.682023525238037109e-01
4.682023525238037109e-01
4.684733152389526367e-01
4.718652665615081787e-01
4.743343889713287354e-01
4.726548492908477783e-01
4.740862548351287842e-01
4.742428660392761230e-01
4.732915461063385010e-01
4.743457734584808350e-01
0.000000000000000000e+00
0.000000000000000000e+00
0.000000000000000000e+00
0.000000000000000000e+00
0.000000000000000000e+00
4.723156094551086426e-01
3.371818661689758301e-01
4.729609489440917969e-01
4.739191830158233643e-01
4.731546044349670410e-01
4.722062647342681885e-01
4.731132090091705322e-01
4.723597466945648193e-01
4.728446304798126221e-01
4.713792800903320312e-01
4.682023525238037109e-01
4.718687534332275391e-01
4.713474214076995850e-01
4.715771675109863281e-01
4.703839719295501709e-01
4.682023525238037109e-01
4.682023525238037109e-01
0.000000000000000000e+00
4.715430736541748047e-01
4.694206118583679199e-01
4.692602455615997314e-01
4.692234098911285400e-01
4.687696993350982666e-01
4.682023525238037109e-01
4.682023525238037109e-01
4.682023525238037109e-01
4.682023525238037109e-01
4.682023525238037109e-01
4.684271514415740967e-01
4.682845175266265869e-01
4.684498310089111328e-01
4.682023525238037109e-01
4.690732359886169434e-01
4.684263169765472412e-01
4.682023525238037109e-01
4.682023525238037109e-01
4.682023525238037109e-01
4.682023525238037109e-01
4.692426919937133789e-01
4.710341691970825195e-01
4.719028770923614502e-01
0.000000000000000000e+00
0.000000000000000000e+00
0.000000000000000000e+00
0.000000000000000000e+00
0.000000000000000000e+00
0.000000000000000000e+00
0.000000000000000000e+00
0.000000000000000000e+00
4.720454514026641846e-01
4.719697237014770508e-01
0.000000000000000000e+00
0.000000000000000000e+00
4.727409482002258301e-01
0.000000000000000000e+00
0.000000000000000000e+00
0.000000000000000000e+00
4.737929403781890869e-01
4.733988940715789795e-01
4.726485311985015869e-01
4.727906286716461182e-01
4.723087847232818604e-01
4.729016721248626709e-01
4.716688096523284912e-01
0.000000000000000000e+00
4.726349115371704102e-01
4.729139804840087891e-01
4.728342592716217041e-01
0.000000000000000000e+00
0.000000000000000000e+00
0.000000000000000000e+00
0.000000000000000000e+00
0.000000000000000000e+00
0.000000000000000000e+00
0.000000000000000000e+00
0.000000000000000000e+00
4.721075594425201416e-01
4.720887839794158936e-01
4.716526567935943604e-01
4.715309739112854004e-01
4.703238606452941895e-01
4.682023525238037109e-01
4.682023525238037109e-01
4.682023525238037109e-01
4.682023525238037109e-01
4.682023525238037109e-01
4.682023525238037109e-01
4.682023525238037109e-01
4.682023525238037109e-01
4.682023525238037109e-01
4.682023525238037109e-01
4.682023525238037109e-01
4.682023525238037109e-01
4.689895808696746826e-01
4.704019725322723389e-01
4.691498875617980957e-01
4.691090285778045654e-01
4.682023525238037109e-01
4.682023525238037109e-01
4.682023525238037109e-01
4.682023525238037109e-01
4.682023525238037109e-01
4.682023525238037109e-01
4.682023525238037109e-01
4.682023525238037109e-01
4.682023525238037109e-01
4.682023525238037109e-01
4.682023525238037109e-01
4.682023525238037109e-01
4.682023525238037109e-01
4.682023525238037109e-01
4.683631360530853271e-01
4.682072699069976807e-01
4.682023525238037109e-01
4.682023525238037109e-01
4.682365357875823975e-01
4.683744013309478760e-01
4.686081409454345703e-01
4.687139987945556641e-01
4.687068760395050049e-01
4.685635864734649658e-01
4.687349796295166016e-01
4.690136015415191650e-01
4.687003791332244873e-01
4.687096476554870605e-01
4.685391783714294434e-01
4.695659875869750977e-01
4.700030684471130371e-01
4.705310165882110596e-01
4.685257971286773682e-01
4.682023525238037109e-01
4.680587351322174072e-01
4.720667898654937744e-01
4.713414609432220459e-01
4.714078307151794434e-01
4.715811014175415039e-01
4.717727899551391602e-01
4.698006510734558105e-01
4.715781807899475098e-01
4.718194007873535156e-01
4.715994000434875488e-01
4.702254533767700195e-01
4.702363312244415283e-01
4.705018103122711182e-01
4.693740606307983398e-01
4.692700505256652832e-01
4.690266847610473633e-01
4.688779413700103760e-01
4.686559140682220459e-01
4.692574143409729004e-01
4.693896174430847168e-01
4.694371223449707031e-01
4.693561494350433350e-01
4.691526591777801514e-01
4.682023525238037109e-01
4.682023525238037109e-01
4.682023525238037109e-01
4.682023525238037109e-01
4.682023525238037109e-01
4.682023525238037109e-01
4.682023525238037109e-01
4.682023525238037109e-01
4.682023525238037109e-01
4.682023525238037109e-01
4.682023525238037109e-01
4.682023525238037109e-01
4.682023525238037109e-01
4.682023525238037109e-01
4.682023525238037109e-01
4.682023525238037109e-01
4.682023525238037109e-01
4.682023525238037109e-01
4.682023525238037109e-01
4.682023525238037109e-01
4.682023525238037109e-01
0.000000000000000000e+00
0.000000000000000000e+00
0.000000000000000000e+00
4.728189408779144287e-01
4.682023525238037109e-01
4.682023525238037109e-01
4.682023525238037109e-01
4.682023525238037109e-01
4.682023525238037109e-01
4.738307893276214600e-01
4.682023525238037109e-01
4.728443324565887451e-01
4.682023525238037109e-01
4.674572944641113281e-01
4.682023525238037109e-01
4.682023525238037109e-01
4.682023525238037109e-01
4.682023525238037109e-01
4.682023525238037109e-01
4.689275920391082764e-01
4.685243964195251465e-01
4.689311981201171875e-01
4.690832495689392090e-01
4.692898392677307129e-01
4.690140783786773682e-01
4.689998030662536621e-01
4.687396585941314697e-01
4.683583080768585205e-01
4.685031771659851074e-01
4.685423970222473145e-01
4.682023525238037109e-01
4.682023525238037109e-01
4.682023525238037109e-01
4.682023525238037109e-01
4.682023525238037109e-01
4.682023525238037109e-01
4.682023525238037109e-01
4.682023525238037109e-01
4.682023525238037109e-01
4.682023525238037109e-01
4.682023525238037109e-01
4.682023525238037109e-01
4.682023525238037109e-01
4.682023525238037109e-01
4.682023525238037109e-01
4.682023525238037109e-01
4.682023525238037109e-01
4.682023525238037109e-01
4.698674678802490234e-01
4.701499044895172119e-01
4.699995517730712891e-01
4.702562987804412842e-01
4.702074825763702393e-01
4.702185392379760742e-01
4.702973067760467529e-01
4.703375697135925293e-01
4.703726172447204590e-01
4.702897667884826660e-01
0.000000000000000000e+00
0.000000000000000000e+00
4.704642295837402344e-01
4.695460498332977295e-01
0.000000000000000000e+00
4.701448380947113037e-01
4.699857532978057861e-01
4.699531495571136475e-01
4.699144363403320312e-01
4.699731171131134033e-01
4.699316620826721191e-01
4.699248075485229492e-01
4.700500369071960449e-01
4.701136052608489990e-01
4.700613319873809814e-01
4.701782464981079102e-01
4.700199663639068604e-01
4.701034426689147949e-01
4.701578319072723389e-01
4.701243638992309570e-01
4.705088436603546143e-01
0.000000000000000000e+00
4.705707430839538574e-01
4.707768261432647705e-01
4.706855416297912598e-01
4.698409438133239746e-01
4.701384305953979492e-01
4.697940945625305176e-01
4.700699150562286377e-01
4.695200026035308838e-01
0.000000000000000000e+00
4.693207144737243652e-01
4.705689251422882080e-01
4.701615869998931885e-01
4.682023525238037109e-01
4.682023525238037109e-01
4.682023525238037109e-01
4.682023525238037109e-01
4.682023525238037109e-01
4.682023525238037109e-01
4.682023525238037109e-01
4.682023525238037109e-01
4.705721735954284668e-01
4.717110395431518555e-01
4.718383550643920898e-01
4.716775715351104736e-01
4.709090888500213623e-01
4.714076817035675049e-01
4.708599448204040527e-01
4.682023525238037109e-01
4.704115092754364014e-01
4.699956774711608887e-01
4.695709049701690674e-01
4.699959754943847656e-01
4.704655110836029053e-01
4.702591001987457275e-01
4.701375961303710938e-01
4.701042175292968750e-01
4.706062078475952148e-01
4.711300432682037354e-01
4.709734618663787842e-01
4.711389243602752686e-01
4.695902764797210693e-01
4.693267643451690674e-01
4.688552916049957275e-01
4.691113233566284180e-01
4.691706597805023193e-01
4.702852964401245117e-01
4.694195687770843506e-01
4.692710936069488525e-01
4.696524739265441895e-01
4.697031080722808838e-01
4.692856967449188232e-01
4.692370891571044922e-01
4.692453145980834961e-01
4.698785841464996338e-01
4.697508811950683594e-01
4.691375195980072021e-01
4.690329134464263916e-01
4.691222608089447021e-01
4.692663848400115967e-01
4.696008265018463135e-01
4.697390496730804443e-01
4.696832895278930664e-01
4.687933325767517090e-01
4.682023525238037109e-01
4.682023525238037109e-01
4.682023525238037109e-01
4.682023525238037109e-01
4.682023525238037109e-01
4.682023525238037109e-01
4.687829911708831787e-01
4.682023525238037109e-01
4.682023525238037109e-01
4.682023525238037109e-01
4.682023525238037109e-01
4.682023525238037109e-01
4.682023525238037109e-01
4.682023525238037109e-01
4.682023525238037109e-01
4.682023525238037109e-01
4.682023525238037109e-01
4.682023525238037109e-01
4.682023525238037109e-01
4.682023525238037109e-01
4.682023525238037109e-01
4.682023525238037109e-01
4.682023525238037109e-01
4.682023525238037109e-01
4.682023525238037109e-01
4.682023525238037109e-01
4.682023525238037109e-01
4.682023525238037109e-01
4.682023525238037109e-01
4.682023525238037109e-01
4.682023525238037109e-01
4.682023525238037109e-01
4.682023525238037109e-01
4.682023525238037109e-01
4.682023525238037109e-01
4.682023525238037109e-01
4.682023525238037109e-01
4.682023525238037109e-01
4.682023525238037109e-01
4.682023525238037109e-01
4.703505337238311768e-01
4.702383577823638916e-01
4.711715281009674072e-01
4.713680148124694824e-01
4.710185527801513672e-01
4.682023525238037109e-01
4.682023525238037109e-01
4.682023525238037109e-01
4.682023525238037109e-01
4.682023525238037109e-01
4.682023525238037109e-01
4.682023525238037109e-01
4.682023525238037109e-01
4.682023525238037109e-01
4.682023525238037109e-01
4.682023525238037109e-01
4.682023525238037109e-01
4.682298898696899414e-01
4.682023525238037109e-01
4.682023525238037109e-01
4.682023525238037109e-01
4.682023525238037109e-01
4.682023525238037109e-01
4.682023525238037109e-01
4.682023525238037109e-01
4.682023525238037109e-01
4.682023525238037109e-01
4.682023525238037109e-01
4.682023525238037109e-01
4.682023525238037109e-01
4.682023525238037109e-01
4.682023525238037109e-01
0.000000000000000000e+00
4.682023525238037109e-01
4.682023525238037109e-01
0.000000000000000000e+00
4.682023525238037109e-01
4.682023525238037109e-01
4.682023525238037109e-01
4.682023525238037109e-01
4.682023525238037109e-01
4.682023525238037109e-01
4.682023525238037109e-01
4.682023525238037109e-01
4.682023525238037109e-01
4.682023525238037109e-01
4.682023525238037109e-01
4.682023525238037109e-01
4.682023525238037109e-01
4.682023525238037109e-01
4.682023525238037109e-01
4.682023525238037109e-01
4.682023525238037109e-01
4.682023525238037109e-01
4.682023525238037109e-01
4.682023525238037109e-01
4.682023525238037109e-01
4.682023525238037109e-01
4.682023525238037109e-01
4.682023525238037109e-01
4.682023525238037109e-01
4.682023525238037109e-01
4.682023525238037109e-01
4.682023525238037109e-01
4.682023525238037109e-01
4.682023525238037109e-01
4.682023525238037109e-01
4.682023525238037109e-01
4.682023525238037109e-01
4.682023525238037109e-01
4.682023525238037109e-01
0.000000000000000000e+00
0.000000000000000000e+00
4.682023525238037109e-01
4.682023525238037109e-01
4.682023525238037109e-01
4.682023525238037109e-01
4.682023525238037109e-01
4.682023525238037109e-01
4.682023525238037109e-01
4.682023525238037109e-01
4.682023525238037109e-01
4.682023525238037109e-01
4.682023525238037109e-01
4.682023525238037109e-01
4.682023525238037109e-01
4.692068994045257568e-01
4.700322747230529785e-01
4.707636237144470215e-01
4.710401892662048340e-01
4.691021740436553955e-01
4.683530330657958984e-01
4.698905944824218750e-01
4.699586629867553711e-01
4.682023525238037109e-01
4.682023525238037109e-01
4.693516492843627930e-01
4.682023525238037109e-01
4.682023525238037109e-01
4.682023525238037109e-01
4.682023525238037109e-01
4.684416651725769043e-01
4.682023525238037109e-01
4.682023525238037109e-01
4.682023525238037109e-01
4.682023525238037109e-01
4.685879647731781006e-01
4.688708186149597168e-01
4.691153466701507568e-01
4.688489735126495361e-01
4.683188796043395996e-01
4.682489335536956787e-01
4.690407216548919678e-01
4.690296351909637451e-01
4.698561131954193115e-01
4.699971079826354980e-01
4.707641303539276123e-01
4.703465402126312256e-01
4.712163507938385010e-01
4.711900651454925537e-01
4.706559777259826660e-01
4.710569977760314941e-01
4.711787402629852295e-01
4.711498916149139404e-01
4.707801938056945801e-01
4.703404605388641357e-01
4.704246520996093750e-01
4.698224663734436035e-01
4.682023525238037109e-01
4.682023525238037109e-01
4.682023525238037109e-01
4.682023525238037109e-01
4.682023525238037109e-01
4.682023525238037109e-01
4.712391197681427002e-01
4.701617956161499023e-01
4.703814983367919922e-01
4.700452089309692383e-01
4.702296853065490723e-01
4.708555638790130615e-01
4.699096083641052246e-01
4.704547822475433350e-01
4.703211486339569092e-01
4.704037904739379883e-01
4.708617925643920898e-01
4.709624946117401123e-01
4.705739617347717285e-01
4.708659350872039795e-01
4.709943532943725586e-01
4.705127179622650146e-01
4.701192080974578857e-01
4.700187444686889648e-01
4.700315892696380615e-01
4.695629775524139404e-01
4.697134196758270264e-01
4.682023525238037109e-01
4.684966504573822021e-01
4.691348671913146973e-01
4.690432250499725342e-01
4.700671732425689697e-01
4.699501097202301025e-01
4.700745344161987305e-01
4.698720872402191162e-01
4.705395102500915527e-01
4.706245362758636475e-01
4.706633388996124268e-01
4.703425467014312744e-01
4.701950252056121826e-01
4.706000089645385742e-01
4.700420200824737549e-01
4.682023525238037109e-01
4.705739319324493408e-01
4.704882502555847168e-01
4.704622626304626465e-01
4.702372550964355469e-01
4.682023525238037109e-01
4.682023525238037109e-01
4.682023525238037109e-01
4.682023525238037109e-01
4.682023525238037109e-01
4.697576463222503662e-01
4.697483181953430176e-01
4.688334167003631592e-01
4.682023525238037109e-01
4.682023525238037109e-01
4.682023525238037109e-01
4.682023525238037109e-01
4.682023525238037109e-01
4.682023525238037109e-01
4.693597555160522461e-01
4.691784679889678955e-01
4.686851501464843750e-01
4.692945182323455811e-01
4.694399833679199219e-01
4.690608978271484375e-01
4.690833091735839844e-01
4.698294103145599365e-01
4.705815613269805908e-01
4.711504876613616943e-01
4.710899591445922852e-01
4.717129766941070557e-01
4.714251160621643066e-01
4.683133363723754883e-01
4.699524044990539551e-01
4.712125062942504883e-01
4.709948301315307617e-01
4.707787036895751953e-01
4.711908996105194092e-01
4.712148606777191162e-01
4.710653126239776611e-01
4.711142480373382568e-01
4.711451232433319092e-01
4.710421860218048096e-01
4.709352254867553711e-01
0.000000000000000000e+00
0.000000000000000000e+00
0.000000000000000000e+00
4.707163870334625244e-01
4.705426096916198730e-01
4.704659283161163330e-01
4.707199335098266602e-01
4.692136645317077637e-01
4.684552550315856934e-01
4.682023525238037109e-01
4.682023525238037109e-01
4.682023525238037109e-01
4.682023525238037109e-01
4.682023525238037109e-01
4.682023525238037109e-01
4.682023525238037109e-01
4.682023525238037109e-01
4.682023525238037109e-01
4.682023525238037109e-01
4.682023525238037109e-01
4.682023525238037109e-01
4.682023525238037109e-01
4.682023525238037109e-01
4.682023525238037109e-01
4.682023525238037109e-01
4.682023525238037109e-01
4.682023525238037109e-01
4.682023525238037109e-01
4.682023525238037109e-01
4.682023525238037109e-01
4.682023525238037109e-01
4.697848558425903320e-01
4.704854786396026611e-01
3.276770114898681641e-01
4.725091159343719482e-01
4.726378023624420166e-01
4.727686643600463867e-01
4.728442132472991943e-01
4.734087884426116943e-01
4.734455347061157227e-01
4.626362621784210205e-01
4.731210768222808838e-01
4.721095263957977295e-01
4.700883328914642334e-01
4.684907793998718262e-01
4.682023525238037109e-01
4.682023525238037109e-01
4.682023525238037109e-01
4.682023525238037109e-01
4.703139066696166992e-01
4.701637923717498779e-01
4.698240756988525391e-01
4.701587855815887451e-01
4.702654182910919189e-01
4.701764881610870361e-01
4.697778224945068359e-01
4.701774716377258301e-01
4.698542356491088867e-01
4.695369601249694824e-01
4.695991575717926025e-01
4.695684015750885010e-01
4.696854650974273682e-01
4.695136845111846924e-01
4.697616994380950928e-01
4.697212278842926025e-01
4.693104922771453857e-01
4.696643948554992676e-01
4.690601527690887451e-01
4.682754874229431152e-01
4.684996902942657471e-01
4.688294231891632080e-01
4.691621065139770508e-01
4.689086973667144775e-01
4.682023525238037109e-01
4.682023525238037109e-01
4.682023525238037109e-01
4.685769677162170410e-01
0.000000000000000000e+00
4.687309563159942627e-01
0.000000000000000000e+00
4.689782261848449707e-01
4.700169563293457031e-01
4.701138436794281006e-01
4.699443578720092773e-01
4.698483049869537354e-01
4.696496725082397461e-01
4.692767262458801270e-01
4.694033563137054443e-01
4.685530364513397217e-01
4.682023525238037109e-01
4.682023525238037109e-01
4.682023525238037109e-01
4.682023525238037109e-01
4.682023525238037109e-01
4.682023525238037109e-01
4.682023525238037109e-01
4.682023525238037109e-01
4.682023525238037109e-01
4.684103131294250488e-01
4.682023525238037109e-01
4.682023525238037109e-01
4.682023525238037109e-01
4.682023525238037109e-01
4.682023525238037109e-01
4.682023525238037109e-01
4.682023525238037109e-01
4.682023525238037109e-01
4.682023525238037109e-01
4.682023525238037109e-01
4.682023525238037109e-01
4.682023525238037109e-01
4.682023525238037109e-01
4.682023525238037109e-01
4.682023525238037109e-01
4.682023525238037109e-01
4.682023525238037109e-01
4.682023525238037109e-01
4.682023525238037109e-01
4.682023525238037109e-01
4.682023525238037109e-01
4.683598875999450684e-01
4.682023525238037109e-01
4.682023525238037109e-01
4.682023525238037109e-01
4.682023525238037109e-01
4.682023525238037109e-01
4.682023525238037109e-01
4.682023525238037109e-01
4.682023525238037109e-01
4.682023525238037109e-01
4.682023525238037109e-01
4.682023525238037109e-01
4.682023525238037109e-01
4.682023525238037109e-01
4.682023525238037109e-01
4.682023525238037109e-01
4.683346748352050781e-01
4.682023525238037109e-01
4.682023525238037109e-01
4.682023525238037109e-01
4.682023525238037109e-01
4.682023525238037109e-01
4.682023525238037109e-01
4.682023525238037109e-01
4.682023525238037109e-01
4.682023525238037109e-01
4.682023525238037109e-01
4.682023525238037109e-01
4.682023525238037109e-01
4.682023525238037109e-01
4.682023525238037109e-01
4.682023525238037109e-01
4.682023525238037109e-01
4.682023525238037109e-01
4.682023525238037109e-01
4.682023525238037109e-01
4.682023525238037109e-01
4.682023525238037109e-01
4.682023525238037109e-01
4.682023525238037109e-01
4.682023525238037109e-01
4.682023525238037109e-01
4.682023525238037109e-01
4.682023525238037109e-01
4.682023525238037109e-01
4.682023525238037109e-01
4.682023525238037109e-01
4.682023525238037109e-01
4.682023525238037109e-01
4.682023525238037109e-01
4.682023525238037109e-01
4.682023525238037109e-01
4.682023525238037109e-01
4.682023525238037109e-01
4.682023525238037109e-01
4.682023525238037109e-01
4.682023525238037109e-01
4.682023525238037109e-01
4.682023525238037109e-01
4.682023525238037109e-01
4.682023525238037109e-01
4.682023525238037109e-01
4.682023525238037109e-01
4.682023525238037109e-01
4.682023525238037109e-01
4.682023525238037109e-01
4.682023525238037109e-01
4.682023525238037109e-01
4.682023525238037109e-01
4.682023525238037109e-01
4.682023525238037109e-01
4.682023525238037109e-01
4.682023525238037109e-01
4.682023525238037109e-01
4.682023525238037109e-01
4.682023525238037109e-01
4.682023525238037109e-01
4.682023525238037109e-01
4.682023525238037109e-01
4.682023525238037109e-01
4.684328436851501465e-01
4.682050347328186035e-01
4.682023525238037109e-01
4.682023525238037109e-01
4.682023525238037109e-01
4.682023525238037109e-01
4.682023525238037109e-01
4.682023525238037109e-01
4.682023525238037109e-01
4.682023525238037109e-01
4.682023525238037109e-01
4.682023525238037109e-01
4.682023525238037109e-01
4.682023525238037109e-01
4.682023525238037109e-01
4.682023525238037109e-01
4.682023525238037109e-01
4.682023525238037109e-01
4.682023525238037109e-01
4.682023525238037109e-01
4.682023525238037109e-01
4.682023525238037109e-01
4.682023525238037109e-01
4.683994650840759277e-01
4.684111475944519043e-01
4.686158001422882080e-01
4.689448773860931396e-01
4.702768325805664062e-01
4.702712893486022949e-01
4.703798890113830566e-01
4.707139730453491211e-01
4.709648191928863525e-01
4.708181023597717285e-01
4.705788791179656982e-01
4.697911143302917480e-01
4.690374732017517090e-01
4.683576822280883789e-01
4.696838855743408203e-01
4.682023525238037109e-01
4.682023525238037109e-01
4.682288765907287598e-01
4.682023525238037109e-01
4.682023525238037109e-01
4.682023525238037109e-01
4.682023525238037109e-01
4.682023525238037109e-01
4.682023525238037109e-01
4.682023525238037109e-01
4.682023525238037109e-01
4.682023525238037109e-01
4.682023525238037109e-01
4.682023525238037109e-01
4.682092368602752686e-01
4.682559072971343994e-01
4.685050845146179199e-01
4.682023525238037109e-01
4.682023525238037109e-01
4.682537913322448730e-01
4.684302508831024170e-01
4.706713259220123291e-01
4.700882732868194580e-01
4.706889688968658447e-01
4.706272482872009277e-01
4.695844352245330811e-01
4.697280824184417725e-01
4.700389802455902100e-01
4.700576364994049072e-01
4.696831703186035156e-01
4.687914252281188965e-01
4.689011871814727783e-01
4.690720140933990479e-01
4.690863788127899170e-01
4.691027998924255371e-01
4.688264429569244385e-01
4.691360890865325928e-01
4.690945446491241455e-01
4.688297808170318604e-01
4.686685800552368164e-01
4.693947732448577881e-01
4.697372913360595703e-01
4.704779982566833496e-01
4.692766368389129639e-01
4.706418514251708984e-01
4.708421528339385986e-01
4.708636701107025146e-01
4.711858034133911133e-01
4.712438583374023438e-01
4.714588820934295654e-01
4.714677035808563232e-01
4.707662165164947510e-01
4.709759354591369629e-01
4.711593389511108398e-01
4.711647331714630127e-01
4.714006483554840088e-01
4.709791839122772217e-01
4.711564481258392334e-01
4.703518450260162354e-01
4.682023525238037109e-01
4.705891907215118408e-01
4.714770615100860596e-01
4.716469645500183105e-01
4.717011451721191406e-01
4.719436168670654297e-01
4.710429310798645020e-01
4.701626300811767578e-01
4.700414240360260010e-01
4.702309370040893555e-01
4.704866409301757812e-01
4.707095623016357422e-01
4.683620333671569824e-01
4.682023525238037109e-01
4.688310027122497559e-01
4.686785936355590820e-01
4.691333174705505371e-01
4.693397581577301025e-01
4.692872762680053711e-01
4.694140255451202393e-01
4.696263074874877930e-01
4.704974889755249023e-01
4.707796275615692139e-01
4.707441031932830811e-01
4.705892801284790039e-01
4.702349305152893066e-01
4.703164100646972656e-01
4.704109132289886475e-01
4.696719050407409668e-01
4.700657129287719727e-01
4.698390066623687744e-01
4.694703221321105957e-01
4.705264866352081299e-01
4.694179296493530273e-01
4.696099758148193359e-01
4.697011113166809082e-01
4.697004854679107666e-01
4.705036282539367676e-01
4.699569046497344971e-01
4.704932570457458496e-01
4.707665443420410156e-01
4.703589081764221191e-01
4.700112342834472656e-01
4.700028300285339355e-01
4.692047238349914551e-01
4.703297615051269531e-01
4.702886641025543213e-01
4.703870117664337158e-01
4.711959064006805420e-01
4.712703824043273926e-01
4.711773693561553955e-01
4.711522459983825684e-01
4.715987145900726318e-01
4.715201258659362793e-01
4.715204238891601562e-01
4.712494313716888428e-01
4.710727930068969727e-01
4.697426259517669678e-01
4.686259031295776367e-01
4.682023525238037109e-01
4.682023525238037109e-01
4.682023525238037109e-01
4.682023525238037109e-01
4.682023525238037109e-01
4.682023525238037109e-01
4.682023525238037109e-01
4.682023525238037109e-01
4.682023525238037109e-01
4.682023525238037109e-01
4.682023525238037109e-01
4.682023525238037109e-01
4.682023525238037109e-01
4.682023525238037109e-01
4.682023525238037109e-01
4.682023525238037109e-01
4.682023525238037109e-01
4.682023525238037109e-01
4.682023525238037109e-01
4.682023525238037109e-01
4.682893753051757812e-01
4.686346352100372314e-01
4.686024487018585205e-01
4.684871137142181396e-01
4.685999155044555664e-01
4.686024785041809082e-01
4.685698449611663818e-01
4.682351052761077881e-01
4.687246978282928467e-01
4.682279825210571289e-01
4.685652554035186768e-01
4.684340059757232666e-01
4.682023525238037109e-01
4.682023525238037109e-01
4.682023525238037109e-01
4.682023525238037109e-01
4.693793654441833496e-01
4.683114886283874512e-01
4.691222310066223145e-01
4.698840677738189697e-01
4.698177576065063477e-01
4.701184928417205811e-01
4.697312116622924805e-01
4.697154760360717773e-01
4.699546992778778076e-01
4.692769348621368408e-01
4.694998860359191895e-01
4.682538807392120361e-01
4.682023525238037109e-01
4.682023525238037109e-01
4.682023525238037109e-01
4.682023525238037109e-01
4.682023525238037109e-01
4.689488708972930908e-01
4.703378379344940186e-01
4.711743593215942383e-01
4.707349538803100586e-01
4.712560474872589111e-01
4.716108441352844238e-01
4.715257883071899414e-01
4.717454314231872559e-01
4.708707332611083984e-01
4.701444506645202637e-01
4.710064530372619629e-01
4.715678691864013672e-01
4.717122912406921387e-01
4.716714918613433838e-01
4.712117016315460205e-01
4.703999459743499756e-01
4.708605706691741943e-01
4.711486995220184326e-01
4.701301455497741699e-01
4.709772467613220215e-01
4.712453484535217285e-01
4.698696136474609375e-01
4.706144928932189941e-01
4.690255224704742432e-01
4.691948592662811279e-01
4.682023525238037109e-01
4.682023525238037109e-01
4.682023525238037109e-01
4.682023525238037109e-01
4.682023525238037109e-01
4.682023525238037109e-01
4.682023525238037109e-01
4.682023525238037109e-01
4.682023525238037109e-01
4.682023525238037109e-01
4.682023525238037109e-01
4.685602188110351562e-01
4.682023525238037109e-01
4.685420989990234375e-01
4.739277064800262451e-01
3.810372948646545410e-02
4.741745293140411377e-01
4.740134477615356445e-01
4.741313755512237549e-01
4.741668701171875000e-01
4.738798439502716064e-01
4.742763042449951172e-01
0.000000000000000000e+00
0.000000000000000000e+00
0.000000000000000000e+00
0.000000000000000000e+00
0.000000000000000000e+00
4.743450880050659180e-01
0.000000000000000000e+00
0.000000000000000000e+00
4.725633859634399414e-01
4.718055725097656250e-01
4.726245403289794922e-01
4.727213978767395020e-01
4.720775187015533447e-01
0.000000000000000000e+00
0.000000000000000000e+00
4.697306156158447266e-01
4.695062339305877686e-01
4.694779813289642334e-01
4.707203209400177002e-01
4.707334637641906738e-01
4.713024795055389404e-01
0.000000000000000000e+00
4.718826413154602051e-01
0.000000000000000000e+00
4.697008430957794189e-01
4.682023525238037109e-01
4.682023525238037109e-01
4.682023525238037109e-01
4.682023525238037109e-01
4.682023525238037109e-01
4.682023525238037109e-01
4.682023525238037109e-01
4.682023525238037109e-01
4.682023525238037109e-01
4.682023525238037109e-01
4.684938192367553711e-01
4.682023525238037109e-01
4.682023525238037109e-01
4.682023525238037109e-01
4.682023525238037109e-01
4.682023525238037109e-01
4.682023525238037109e-01
4.682023525238037109e-01
4.682023525238037109e-01
4.682023525238037109e-01
4.682023525238037109e-01
4.682023525238037109e-01
4.682023525238037109e-01
4.682023525238037109e-01
4.682023525238037109e-01
4.682023525238037109e-01
4.682023525238037109e-01
4.682023525238037109e-01
4.682023525238037109e-01
4.682023525238037109e-01
4.682023525238037109e-01
4.682023525238037109e-01
4.682023525238037109e-01
4.682023525238037109e-01
4.682023525238037109e-01
4.682023525238037109e-01
4.682023525238037109e-01
4.682023525238037109e-01
4.682023525238037109e-01
4.686743319034576416e-01
4.682023525238037109e-01
4.682023525238037109e-01
4.682023525238037109e-01
4.682023525238037109e-01
4.682023525238037109e-01
4.682023525238037109e-01
4.682348668575286865e-01
4.685316979885101318e-01
4.683504402637481689e-01
4.683003127574920654e-01
4.682023525238037109e-01
4.682023525238037109e-01
4.682023525238037109e-01
4.682023525238037109e-01
4.682023525238037109e-01
4.682023525238037109e-01
4.682023525238037109e-01
4.682023525238037109e-01
4.694652855396270752e-01
4.697754979133605957e-01
4.702247381210327148e-01
4.706497192382812500e-01
4.706353545188903809e-01
4.702981412410736084e-01
4.703907668590545654e-01
4.699802398681640625e-01
4.695508778095245361e-01
4.693844616413116455e-01
4.693976342678070068e-01
4.689024686813354492e-01
4.687644243240356445e-01
4.690636694431304932e-01
4.690365791320800781e-01
4.698825180530548096e-01
4.693641066551208496e-01
4.696189463138580322e-01
4.701111912727355957e-01
4.697065651416778564e-01
4.689010083675384521e-01
4.686392843723297119e-01
4.682023525238037109e-01
4.684502184391021729e-01
4.684572815895080566e-01
4.686969220638275146e-01
4.687203168869018555e-01
4.683678746223449707e-01
4.687784016132354736e-01
4.685837924480438232e-01
4.684281349182128906e-01
4.685536623001098633e-01
4.688235521316528320e-01
4.686247408390045166e-01
4.685925245285034180e-01
4.687924385070800781e-01
4.683526456356048584e-01
4.686478674411773682e-01
4.685097634792327881e-01
4.682023525238037109e-01
4.682023525238037109e-01
4.682023525238037109e-01
4.682023525238037109e-01
4.682023525238037109e-01
4.682023525238037109e-01
4.682023525238037109e-01
4.682023525238037109e-01
4.682023525238037109e-01
4.682023525238037109e-01
4.682023525238037109e-01
4.682023525238037109e-01
4.682023525238037109e-01
4.682023525238037109e-01
4.682023525238037109e-01
4.682023525238037109e-01
4.682023525238037109e-01
4.682023525238037109e-01
4.682023525238037109e-01
4.682023525238037109e-01
4.682023525238037109e-01
4.682023525238037109e-01
4.682023525238037109e-01
4.682023525238037109e-01
4.682023525238037109e-01
4.682023525238037109e-01
4.682023525238037109e-01
4.682023525238037109e-01
4.682023525238037109e-01
4.682023525238037109e-01
4.682023525238037109e-01
4.682023525238037109e-01
4.682023525238037109e-01
4.682023525238037109e-01
4.682023525238037109e-01
4.682023525238037109e-01
4.682023525238037109e-01
4.682023525238037109e-01
4.682023525238037109e-01
4.682023525238037109e-01
4.682023525238037109e-01
4.682023525238037109e-01
4.682023525238037109e-01
4.682023525238037109e-01
4.682023525238037109e-01
4.682023525238037109e-01
4.682023525238037109e-01
4.682023525238037109e-01
4.682023525238037109e-01
4.682023525238037109e-01
4.682023525238037109e-01
4.682023525238037109e-01
4.682023525238037109e-01
4.682023525238037109e-01
4.682023525238037109e-01
4.682023525238037109e-01
4.682023525238037109e-01
4.682023525238037109e-01
4.682023525238037109e-01
4.682023525238037109e-01
4.682023525238037109e-01
4.682023525238037109e-01
4.682023525238037109e-01
4.682023525238037109e-01
4.682023525238037109e-01
4.682023525238037109e-01
4.682023525238037109e-01
4.682023525238037109e-01
4.688675701618194580e-01
4.692088961601257324e-01
4.688739180564880371e-01
4.685762524604797363e-01
4.684444963932037354e-01
4.682023525238037109e-01
4.682023525238037109e-01
4.682023525238037109e-01
4.682023525238037109e-01
4.682023525238037109e-01
4.682023525238037109e-01
4.682023525238037109e-01
4.683408439159393311e-01
4.699965715408325195e-01
4.703630506992340088e-01
4.696153402328491211e-01
4.702584445476531982e-01
4.701017439365386963e-01
4.705709218978881836e-01
4.701967835426330566e-01
4.698866009712219238e-01
4.692062139511108398e-01
4.691297411918640137e-01
4.706690907478332520e-01
4.711827933788299561e-01
4.709317088127136230e-01
4.704471826553344727e-01
4.701123833656311035e-01
4.709641337394714355e-01
4.707035124301910400e-01
4.715745151042938232e-01
4.711026549339294434e-01
4.721285104751586914e-01
4.716318249702453613e-01
4.723743498325347900e-01
4.682023525238037109e-01
4.695446193218231201e-01
4.702759981155395508e-01
4.711917340755462646e-01
4.732351899147033691e-01
4.735733270645141602e-01
4.711668193340301514e-01
4.719245433807373047e-01
4.719086885452270508e-01
4.723391532897949219e-01
4.713422358036041260e-01
4.684047102928161621e-01
4.682023525238037109e-01
4.682023525238037109e-01
4.690618813037872314e-01
4.710449278354644775e-01
4.712887406349182129e-01
4.720343947410583496e-01
4.720727801322937012e-01
4.715889096260070801e-01
4.711983203887939453e-01
4.724792838096618652e-01
4.711416959762573242e-01
4.723352193832397461e-01
4.708877503871917725e-01
4.726493060588836670e-01
4.714059233665466309e-01
4.718859195709228516e-01
4.724131226539611816e-01
4.723324477672576904e-01
4.725564718246459961e-01
4.725163280963897705e-01
4.726103842258453369e-01
4.726183414459228516e-01
4.723072648048400879e-01
4.721340239048004150e-01
4.719531536102294922e-01
4.720119237899780273e-01
4.717766046524047852e-01
4.720076322555541992e-01
4.720303714275360107e-01
4.718003273010253906e-01
4.719277620315551758e-01
4.721568226814270020e-01
4.717617630958557129e-01
4.715084135532379150e-01
4.713582396507263184e-01
4.714151322841644287e-01
4.711797535419464111e-01
4.709991514682769775e-01
4.710122048854827881e-01
4.708225727081298828e-01
4.708461463451385498e-01
4.710734784603118896e-01
4.711655378341674805e-01
4.711329936981201172e-01
4.704609513282775879e-01
4.682023525238037109e-01
4.682023525238037109e-01
4.682023525238037109e-01
4.682023525238037109e-01
4.682023525238037109e-01
4.682023525238037109e-01
4.682023525238037109e-01
4.682023525238037109e-01
4.685253500938415527e-01
4.682559370994567871e-01
4.684355854988098145e-01
4.683622419834136963e-01
4.684652984142303467e-01
4.685698747634887695e-01
4.687324762344360352e-01
4.687110185623168945e-01
4.689243137836456299e-01
4.684211313724517822e-01
4.682023525238037109e-01
4.682023525238037109e-01
4.682023525238037109e-01
4.682023525238037109e-01
4.682023525238037109e-01
4.682023525238037109e-01
4.682023525238037109e-01
4.682023525238037109e-01
4.682023525238037109e-01
4.682023525238037109e-01
4.682023525238037109e-01
4.682023525238037109e-01
4.682023525238037109e-01
4.682023525238037109e-01
4.682023525238037109e-01
4.682023525238037109e-01
4.682023525238037109e-01
4.682023525238037109e-01
4.682023525238037109e-01
4.682023525238037109e-01
4.682023525238037109e-01
4.682023525238037109e-01
4.682023525238037109e-01
4.682023525238037109e-01
4.682023525238037109e-01
4.682023525238037109e-01
4.682023525238037109e-01
4.682023525238037109e-01
4.682023525238037109e-01
4.682023525238037109e-01
4.682023525238037109e-01
4.682023525238037109e-01
4.682023525238037109e-01
4.682023525238037109e-01
4.682023525238037109e-01
4.686838388442993164e-01
4.687010049819946289e-01
4.685469865798950195e-01
4.682023525238037109e-01
4.688579440116882324e-01
4.682023525238037109e-01
4.686095714569091797e-01
0.000000000000000000e+00
4.689682722091674805e-01
4.689041972160339355e-01
4.685526192188262939e-01
4.689245820045471191e-01
4.688331186771392822e-01
4.684444665908813477e-01
4.682348966598510742e-01
4.682023525238037109e-01
4.682023525238037109e-01
4.682023525238037109e-01
4.682023525238037109e-01
4.682023525238037109e-01
4.682023525238037109e-01
4.682023525238037109e-01
4.682023525238037109e-01
4.682023525238037109e-01
4.682023525238037109e-01
4.684515893459320068e-01
0.000000000000000000e+00
4.706691205501556396e-01
4.715827107429504395e-01
4.711759686470031738e-01
4.682023525238037109e-01
4.682023525238037109e-01
4.682023525238037109e-01
4.682023525238037109e-01
4.682023525238037109e-01
4.682023525238037109e-01
4.682023525238037109e-01
4.682023525238037109e-01
4.682023525238037109e-01
4.682023525238037109e-01
4.682023525238037109e-01
4.682023525238037109e-01
4.682023525238037109e-01
4.682023525238037109e-01
4.682023525238037109e-01
4.682023525238037109e-01
4.682023525238037109e-01
4.682023525238037109e-01
4.682023525238037109e-01
4.682023525238037109e-01
4.682023525238037109e-01
4.682023525238037109e-01
4.682023525238037109e-01
0.000000000000000000e+00
4.682023525238037109e-01
4.682023525238037109e-01
4.682023525238037109e-01
4.682023525238037109e-01
4.682023525238037109e-01
4.682023525238037109e-01
4.682023525238037109e-01
4.682023525238037109e-01
4.682023525238037109e-01
4.682023525238037109e-01
4.682023525238037109e-01
4.682023525238037109e-01
4.682023525238037109e-01
4.691876173019409180e-01
4.690754413604736328e-01
4.688425958156585693e-01
4.690283238887786865e-01
4.691583812236785889e-01
4.690833091735839844e-01
4.685882329940795898e-01
4.686172604560852051e-01
4.682196676731109619e-01
4.690231978893280029e-01
4.682814478874206543e-01
4.682023525238037109e-01
4.682023525238037109e-01
4.690480828285217285e-01
4.690901637077331543e-01
4.693206846714019775e-01
4.693266451358795166e-01
4.691506326198577881e-01
4.690301120281219482e-01
4.686472713947296143e-01
4.682405889034271240e-01
4.682023525238037109e-01
4.682023525238037109e-01
4.682023525238037109e-01
4.682023525238037109e-01
4.682023525238037109e-01
4.682023525238037109e-01
4.682023525238037109e-01
4.682023525238037109e-01
4.682023525238037109e-01
4.682023525238037109e-01
4.682023525238037109e-01
4.682023525238037109e-01
4.682023525238037109e-01
4.682023525238037109e-01
4.682023525238037109e-01
4.682023525238037109e-01
4.682023525238037109e-01
4.682023525238037109e-01
4.682023525238037109e-01
4.682023525238037109e-01
4.682023525238037109e-01
4.682023525238037109e-01
4.682023525238037109e-01
4.682023525238037109e-01
4.682023525238037109e-01
4.682023525238037109e-01
4.682023525238037109e-01
4.682023525238037109e-01
4.682023525238037109e-01
4.682023525238037109e-01
4.682023525238037109e-01
4.682023525238037109e-01
4.682023525238037109e-01
4.682023525238037109e-01
4.682023525238037109e-01
4.682023525238037109e-01
4.682023525238037109e-01
4.682023525238037109e-01
4.682023525238037109e-01
4.682023525238037109e-01
4.682023525238037109e-01
4.714616537094116211e-01
4.715212583541870117e-01
4.715031087398529053e-01
4.696011543273925781e-01
4.708778262138366699e-01
4.711016118526458740e-01
4.708550572395324707e-01
4.707356691360473633e-01
4.709378480911254883e-01
4.708597958087921143e-01
4.706530272960662842e-01
4.696947932243347168e-01
4.691222310066223145e-01
4.702706336975097656e-01
4.705590009689331055e-01
4.711677134037017822e-01
4.682023525238037109e-01
4.685431718826293945e-01
4.682023525238037109e-01
4.682023525238037109e-01
4.682023525238037109e-01
4.694790244102478027e-01
4.704315066337585449e-01
4.712505042552947998e-01
4.713760912418365479e-01
4.710772037506103516e-01
4.711368083953857422e-01
4.711640477180480957e-01
4.709295332431793213e-01
4.710802733898162842e-01
4.710152447223663330e-01
4.706270396709442139e-01
4.705108106136322021e-01
4.706996679306030273e-01
4.696089029312133789e-01
4.682023525238037109e-01
4.682023525238037109e-01
4.697571992874145508e-01
4.715069830417633057e-01
4.717110991477966309e-01
4.719005823135375977e-01
4.711129665374755859e-01
4.717363417148590088e-01
4.719757437705993652e-01
4.717644453048706055e-01
4.713109731674194336e-01
4.712288379669189453e-01
4.714410305023193359e-01
4.709515571594238281e-01
4.709997475147247314e-01
4.703027009963989258e-01
4.708882570266723633e-01
4.712662696838378906e-01
4.710136055946350098e-01
4.712284803390502930e-01
4.708866477012634277e-01
4.702621698379516602e-01
4.684050679206848145e-01
4.682023525238037109e-01
4.682023525238037109e-01
4.682023525238037109e-01
4.682023525238037109e-01
4.682023525238037109e-01
4.682023525238037109e-01
4.682023525238037109e-01
4.682023525238037109e-01
4.682982563972473145e-01
4.682023525238037109e-01
4.688557982444763184e-01
4.683540463447570801e-01
4.689853191375732422e-01
4.693458080291748047e-01
4.696936905384063721e-01
4.690958559513092041e-01
4.692294001579284668e-01
4.695964455604553223e-01
4.707700014114379883e-01
4.708518087863922119e-01
4.711177349090576172e-01
4.711357355117797852e-01
4.712179005146026611e-01
4.707937538623809814e-01
4.713124334812164307e-01
4.710213840007781982e-01
4.715196788311004639e-01
4.714195728302001953e-01
4.712035059928894043e-01
4.708917737007141113e-01
4.709955453872680664e-01
4.702961742877960205e-01
