3.815237283706665039e-01
3.815237283706665039e-01
3.815237283706665039e-01
3.815237283706665039e-01
3.815237283706665039e-01
3.815237283706665039e-01
3.815237283706665039e-01
3.815237283706665039e-01
3.815237283706665039e-01
3.815237283706665039e-01
3.815237283706665039e-01
3.815237283706665039e-01
3.815237283706665039e-01
3.815237283706665039e-01
3.815237283706665039e-01
3.815237283706665039e-01
3.815237283706665039e-01
3.815237283706665039e-01
3.815237283706665039e-01
3.815237283706665039e-01
3.815237283706665039e-01
3.815237283706665039e-01
3.815237283706665039e-01
3.815237283706665039e-01
3.815237283706665039e-01
3.815237283706665039e-01
3.815237283706665039e-01
3.815237283706665039e-01
3.815237283706665039e-01
3.815237283706665039e-01
3.815237283706665039e-01
3.815237283706665039e-01
3.815237283706665039e-01
3.815237283706665039e-01
3.815237283706665039e-01
3.815237283706665039e-01
3.815237283706665039e-01
3.815237283706665039e-01
3.815237283706665039e-01
3.815237283706665039e-01
3.815237283706665039e-01
3.815237283706665039e-01
3.815237283706665039e-01
3.815237283706665039e-01
3.815237283706665039e-01
3.815237283706665039e-01
3.815237283706665039e-01
3.815237283706665039e-01
3.815237283706665039e-01
3.815237283706665039e-01
3.815237283706665039e-01
3.815237283706665039e-01
3.815237283706665039e-01
3.815237283706665039e-01
3.815237283706665039e-01
3.815237283706665039e-01
3.815237283706665039e-01
3.815237283706665039e-01
3.815237283706665039e-01
3.815237283706665039e-01
3.815237283706665039e-01
3.815237283706665039e-01
3.815237283706665039e-01
3.815237283706665039e-01
3.815237283706665039e-01
3.815237283706665039e-01
3.815237283706665039e-01
3.815237283706665039e-01
3.815237283706665039e-01
3.815237283706665039e-01
3.815237283706665039e-01
3.815237283706665039e-01
3.815237283706665039e-01
3.815237283706665039e-01
3.815237283706665039e-01
3.815237283706665039e-01
3.815237283706665039e-01
3.815237283706665039e-01
3.815237283706665039e-01
3.815237283706665039e-01
3.815237283706665039e-01
3.815237283706665039e-01
3.815237283706665039e-01
3.815237283706665039e-01
3.815237283706665039e-01
3.815237283706665039e-01
3.815237283706665039e-01
3.815237283706665039e-01
3.815237283706665039e-01
3.815237283706665039e-01
3.815237283706665039e-01
3.815237283706665039e-01
3.815237283706665039e-01
3.815237283706665039e-01
3.815237283706665039e-01
3.815237283706665039e-01
3.815237283706665039e-01
3.815237283706665039e-01
3.815237283706665039e-01
3.815237283706665039e-01
3.815237283706665039e-01
3.815237283706665039e-01
3.815237283706665039e-01
3.815237283706665039e-01
3.815237283706665039e-01
3.815237283706665039e-01
3.815237283706665039e-01
3.815237283706665039e-01
3.815237283706665039e-01
3.815237283706665039e-01
3.815237283706665039e-01
3.815237283706665039e-01
3.815237283706665039e-01
3.815237283706665039e-01
3.815237283706665039e-01
3.815237283706665039e-01
3.815237283706665039e-01
3.815237283706665039e-01
3.815237283706665039e-01
3.815237283706665039e-01
3.815237283706665039e-01
3.815237283706665039e-01
3.815237283706665039e-01
3.815237283706665039e-01
3.815237283706665039e-01
3.815237283706665039e-01
3.815237283706665039e-01
3.815237283706665039e-01
3.815237283706665039e-01
3.815237283706665039e-01
3.815237283706665039e-01
3.815237283706665039e-01
3.815237283706665039e-01
3.815237283706665039e-01
3.815237283706665039e-01
3.815237283706665039e-01
3.815237283706665039e-01
3.815237283706665039e-01
3.815237283706665039e-01
3.815237283706665039e-01
3.815237283706665039e-01
3.815237283706665039e-01
3.815237283706665039e-01
3.815237283706665039e-01
3.815237283706665039e-01
3.815237283706665039e-01
3.815237283706665039e-01
3.815237283706665039e-01
3.815237283706665039e-01
3.815237283706665039e-01
3.815237283706665039e-01
3.815237283706665039e-01
3.815237283706665039e-01
3.815237283706665039e-01
3.815237283706665039e-01
3.815237283706665039e-01
3.815237283706665039e-01
3.815237283706665039e-01
3.815237283706665039e-01
3.815237283706665039e-01
3.815237283706665039e-01
3.815237283706665039e-01
3.815237283706665039e-01
3.815237283706665039e-01
3.815237283706665039e-01
3.815237283706665039e-01
3.815237283706665039e-01
3.815237283706665039e-01
3.815237283706665039e-01
3.815237283706665039e-01
3.815237283706665039e-01
3.815237283706665039e-01
3.815237283706665039e-01
3.815237283706665039e-01
3.815237283706665039e-01
3.815237283706665039e-01
3.815237283706665039e-01
3.815237283706665039e-01
3.815237283706665039e-01
3.815237283706665039e-01
3.815237283706665039e-01
3.815237283706665039e-01
3.815237283706665039e-01
3.815237283706665039e-01
3.815237283706665039e-01
3.815237283706665039e-01
3.815237283706665039e-01
3.815237283706665039e-01
3.815237283706665039e-01
3.815237283706665039e-01
3.815237283706665039e-01
3.815237283706665039e-01
3.815237283706665039e-01
3.815237283706665039e-01
3.815237283706665039e-01
3.815237283706665039e-01
3.815237283706665039e-01
3.815237283706665039e-01
3.815237283706665039e-01
3.815237283706665039e-01
3.815237283706665039e-01
3.815237283706665039e-01
3.815237283706665039e-01
3.815237283706665039e-01
3.815237283706665039e-01
3.815237283706665039e-01
3.815237283706665039e-01
3.815237283706665039e-01
3.815237283706665039e-01
3.815237283706665039e-01
3.815237283706665039e-01
3.815237283706665039e-01
3.815237283706665039e-01
3.815237283706665039e-01
3.815237283706665039e-01
3.815237283706665039e-01
3.815237283706665039e-01
3.815237283706665039e-01
3.815237283706665039e-01
3.815237283706665039e-01
3.815237283706665039e-01
3.815237283706665039e-01
3.815237283706665039e-01
3.815237283706665039e-01
3.815237283706665039e-01
3.815237283706665039e-01
3.815237283706665039e-01
3.815237283706665039e-01
3.815237283706665039e-01
3.815237283706665039e-01
3.815237283706665039e-01
3.815237283706665039e-01
3.815237283706665039e-01
3.815237283706665039e-01
3.815237283706665039e-01
3.815237283706665039e-01
3.815237283706665039e-01
3.815237283706665039e-01
3.815237283706665039e-01
3.815237283706665039e-01
3.815237283706665039e-01
3.815237283706665039e-01
3.815237283706665039e-01
3.815237283706665039e-01
3.815237283706665039e-01
3.815237283706665039e-01
3.815237283706665039e-01
3.815237283706665039e-01
3.815237283706665039e-01
3.815237283706665039e-01
3.815237283706665039e-01
3.815237283706665039e-01
3.815237283706665039e-01
3.815237283706665039e-01
3.815237283706665039e-01
3.815237283706665039e-01
3.815237283706665039e-01
3.815237283706665039e-01
3.815237283706665039e-01
3.815237283706665039e-01
3.815237283706665039e-01
3.815237283706665039e-01
3.815237283706665039e-01
3.815237283706665039e-01
3.815237283706665039e-01
3.815237283706665039e-01
3.815237283706665039e-01
3.815237283706665039e-01
3.815237283706665039e-01
3.815237283706665039e-01
3.815237283706665039e-01
3.815237283706665039e-01
3.815237283706665039e-01
3.815237283706665039e-01
3.815237283706665039e-01
3.815237283706665039e-01
3.815237283706665039e-01
3.815237283706665039e-01
3.815237283706665039e-01
3.815237283706665039e-01
3.815237283706665039e-01
3.815237283706665039e-01
3.815237283706665039e-01
3.815237283706665039e-01
3.815237283706665039e-01
3.815237283706665039e-01
3.815237283706665039e-01
3.815237283706665039e-01
3.815237283706665039e-01
3.815237283706665039e-01
3.815237283706665039e-01
3.815237283706665039e-01
3.815237283706665039e-01
3.815237283706665039e-01
3.815237283706665039e-01
3.815237283706665039e-01
3.815237283706665039e-01
3.815237283706665039e-01
3.815237283706665039e-01
3.815237283706665039e-01
3.815237283706665039e-01
3.815237283706665039e-01
3.815237283706665039e-01
3.815237283706665039e-01
3.815237283706665039e-01
3.815237283706665039e-01
3.815237283706665039e-01
3.815237283706665039e-01
3.815237283706665039e-01
3.815237283706665039e-01
3.815237283706665039e-01
3.815237283706665039e-01
3.815237283706665039e-01
3.815237283706665039e-01
3.815237283706665039e-01
3.815237283706665039e-01
3.815237283706665039e-01
3.815237283706665039e-01
3.815237283706665039e-01
3.815237283706665039e-01
3.815237283706665039e-01
3.815237283706665039e-01
3.815237283706665039e-01
3.815237283706665039e-01
3.815237283706665039e-01
3.815237283706665039e-01
3.815237283706665039e-01
3.815237283706665039e-01
3.815237283706665039e-01
3.815237283706665039e-01
3.815237283706665039e-01
3.815237283706665039e-01
3.815237283706665039e-01
3.815237283706665039e-01
3.815237283706665039e-01
3.815237283706665039e-01
3.815237283706665039e-01
3.815237283706665039e-01
3.815237283706665039e-01
3.815237283706665039e-01
3.815237283706665039e-01
3.815237283706665039e-01
3.815237283706665039e-01
3.815237283706665039e-01
3.815237283706665039e-01
3.815237283706665039e-01
3.815237283706665039e-01
3.815237283706665039e-01
3.815237283706665039e-01
3.815237283706665039e-01
3.815237283706665039e-01
3.815237283706665039e-01
3.815237283706665039e-01
3.815237283706665039e-01
3.815237283706665039e-01
3.815237283706665039e-01
3.815237283706665039e-01
3.815237283706665039e-01
3.815237283706665039e-01
3.815237283706665039e-01
3.815237283706665039e-01
3.815237283706665039e-01
3.815237283706665039e-01
3.815237283706665039e-01
3.815237283706665039e-01
3.815237283706665039e-01
3.815237283706665039e-01
3.815237283706665039e-01
3.815237283706665039e-01
3.815237283706665039e-01
3.815237283706665039e-01
3.815237283706665039e-01
3.815237283706665039e-01
3.815237283706665039e-01
3.815237283706665039e-01
3.815237283706665039e-01
3.815237283706665039e-01
3.815237283706665039e-01
3.815237283706665039e-01
3.815237283706665039e-01
3.815237283706665039e-01
3.815237283706665039e-01
3.815237283706665039e-01
3.815237283706665039e-01
3.815237283706665039e-01
3.815237283706665039e-01
3.815237283706665039e-01
3.815237283706665039e-01
3.815237283706665039e-01
3.815237283706665039e-01
3.815237283706665039e-01
3.815237283706665039e-01
3.815237283706665039e-01
3.815237283706665039e-01
3.815237283706665039e-01
3.815237283706665039e-01
3.815237283706665039e-01
3.815237283706665039e-01
3.815237283706665039e-01
3.815237283706665039e-01
3.815237283706665039e-01
3.815237283706665039e-01
3.815237283706665039e-01
3.815237283706665039e-01
3.815237283706665039e-01
3.815237283706665039e-01
3.815237283706665039e-01
3.815237283706665039e-01
3.815237283706665039e-01
3.815237283706665039e-01
3.815237283706665039e-01
3.815237283706665039e-01
3.815237283706665039e-01
3.815237283706665039e-01
3.815237283706665039e-01
3.815237283706665039e-01
3.815237283706665039e-01
3.815237283706665039e-01
3.815237283706665039e-01
3.815237283706665039e-01
3.815237283706665039e-01
3.815237283706665039e-01
3.815237283706665039e-01
3.815237283706665039e-01
3.815237283706665039e-01
3.815237283706665039e-01
3.815237283706665039e-01
3.815237283706665039e-01
3.815237283706665039e-01
3.815237283706665039e-01
3.815237283706665039e-01
3.815237283706665039e-01
3.815237283706665039e-01
3.815237283706665039e-01
3.815237283706665039e-01
3.815237283706665039e-01
3.815237283706665039e-01
3.815237283706665039e-01
3.815237283706665039e-01
3.815237283706665039e-01
3.815237283706665039e-01
3.815237283706665039e-01
3.815237283706665039e-01
3.815237283706665039e-01
3.815237283706665039e-01
3.815237283706665039e-01
3.815237283706665039e-01
3.815237283706665039e-01
3.815237283706665039e-01
3.815237283706665039e-01
3.815237283706665039e-01
3.815237283706665039e-01
3.815237283706665039e-01
3.815237283706665039e-01
3.815237283706665039e-01
3.815237283706665039e-01
3.815237283706665039e-01
3.815237283706665039e-01
3.815237283706665039e-01
3.815237283706665039e-01
3.815237283706665039e-01
3.815237283706665039e-01
3.815237283706665039e-01
3.815237283706665039e-01
3.815237283706665039e-01
3.815237283706665039e-01
3.815237283706665039e-01
3.815237283706665039e-01
3.815237283706665039e-01
3.815237283706665039e-01
3.815237283706665039e-01
3.815237283706665039e-01
3.815237283706665039e-01
3.815237283706665039e-01
3.815237283706665039e-01
3.815237283706665039e-01
3.815237283706665039e-01
3.815237283706665039e-01
3.815237283706665039e-01
3.815237283706665039e-01
3.815237283706665039e-01
3.815237283706665039e-01
3.815237283706665039e-01
3.815237283706665039e-01
3.815237283706665039e-01
3.815237283706665039e-01
3.815237283706665039e-01
3.815237283706665039e-01
3.815237283706665039e-01
3.815237283706665039e-01
3.815237283706665039e-01
3.815237283706665039e-01
3.815237283706665039e-01
3.815237283706665039e-01
3.815237283706665039e-01
3.815237283706665039e-01
3.815237283706665039e-01
3.815237283706665039e-01
3.815237283706665039e-01
3.815237283706665039e-01
3.815237283706665039e-01
3.815237283706665039e-01
3.815237283706665039e-01
3.815237283706665039e-01
3.815237283706665039e-01
3.815237283706665039e-01
3.815237283706665039e-01
3.815237283706665039e-01
3.815237283706665039e-01
3.815237283706665039e-01
3.815237283706665039e-01
3.815237283706665039e-01
3.815237283706665039e-01
3.815237283706665039e-01
3.815237283706665039e-01
3.815237283706665039e-01
3.561318516731262207e-01
3.815237283706665039e-01
3.815237283706665039e-01
3.815237283706665039e-01
3.815237283706665039e-01
3.815237283706665039e-01
3.707419335842132568e-01
3.815237283706665039e-01
3.815237283706665039e-01
3.815237283706665039e-01
3.815237283706665039e-01
3.815237283706665039e-01
3.815237283706665039e-01
3.815237283706665039e-01
3.793456852436065674e-01
3.815237283706665039e-01
3.815237283706665039e-01
3.741500377655029297e-01
3.815237283706665039e-01
3.715073466300964355e-01
3.815237283706665039e-01
3.815237283706665039e-01
3.678548932075500488e-01
3.815237283706665039e-01
3.815237283706665039e-01
3.686563968658447266e-01
3.672351241111755371e-01
3.696725964546203613e-01
3.672835826873779297e-01
3.698104023933410645e-01
3.694591522216796875e-01
3.738176524639129639e-01
3.672716617584228516e-01
3.815237283706665039e-01
3.815237283706665039e-01
3.815237283706665039e-01
3.815237283706665039e-01
3.815237283706665039e-01
3.815237283706665039e-01
3.815237283706665039e-01
3.815237283706665039e-01
3.815237283706665039e-01
3.815237283706665039e-01
3.815237283706665039e-01
3.815237283706665039e-01
3.815237283706665039e-01
3.815237283706665039e-01
3.815237283706665039e-01
3.815237283706665039e-01
3.815237283706665039e-01
3.815237283706665039e-01
3.815237283706665039e-01
3.815237283706665039e-01
3.815237283706665039e-01
3.815237283706665039e-01
3.815237283706665039e-01
3.815237283706665039e-01
3.815237283706665039e-01
3.815237283706665039e-01
3.815237283706665039e-01
3.815237283706665039e-01
3.815237283706665039e-01
3.815237283706665039e-01
3.815237283706665039e-01
3.815237283706665039e-01
3.815237283706665039e-01
3.815237283706665039e-01
3.815237283706665039e-01
3.815237283706665039e-01
3.815237283706665039e-01
3.815237283706665039e-01
3.815237283706665039e-01
3.815237283706665039e-01
3.815237283706665039e-01
3.815237283706665039e-01
3.815237283706665039e-01
3.815237283706665039e-01
3.815237283706665039e-01
3.815237283706665039e-01
3.815237283706665039e-01
3.815237283706665039e-01
3.815237283706665039e-01
3.815237283706665039e-01
3.815237283706665039e-01
3.815237283706665039e-01
3.815237283706665039e-01
3.815237283706665039e-01
3.815237283706665039e-01
3.815237283706665039e-01
3.815237283706665039e-01
3.815237283706665039e-01
3.815237283706665039e-01
3.815237283706665039e-01
3.815237283706665039e-01
3.815237283706665039e-01
3.815237283706665039e-01
3.815237283706665039e-01
3.815237283706665039e-01
3.815237283706665039e-01
3.815237283706665039e-01
3.815237283706665039e-01
3.815237283706665039e-01
3.815237283706665039e-01
3.815237283706665039e-01
3.815237283706665039e-01
3.815237283706665039e-01
3.815237283706665039e-01
3.815237283706665039e-01
3.815237283706665039e-01
3.815237283706665039e-01
3.815237283706665039e-01
3.815237283706665039e-01
3.815237283706665039e-01
3.815237283706665039e-01
3.815237283706665039e-01
3.815237283706665039e-01
3.815237283706665039e-01
3.815237283706665039e-01
3.815237283706665039e-01
3.815237283706665039e-01
3.815237283706665039e-01
3.815237283706665039e-01
3.815237283706665039e-01
3.815237283706665039e-01
3.815237283706665039e-01
3.815237283706665039e-01
3.815237283706665039e-01
3.815237283706665039e-01
3.815237283706665039e-01
3.815237283706665039e-01
3.815237283706665039e-01
3.815237283706665039e-01
3.815237283706665039e-01
3.815237283706665039e-01
3.815237283706665039e-01
3.815237283706665039e-01
3.815237283706665039e-01
3.815237283706665039e-01
3.815237283706665039e-01
3.593176007270812988e-01
3.815237283706665039e-01
3.815237283706665039e-01
3.815237283706665039e-01
3.815237283706665039e-01
3.815237283706665039e-01
3.815237283706665039e-01
3.815237283706665039e-01
3.815237283706665039e-01
3.815237283706665039e-01
3.815237283706665039e-01
3.815237283706665039e-01
3.815237283706665039e-01
3.815237283706665039e-01
3.815237283706665039e-01
3.815237283706665039e-01
3.815237283706665039e-01
3.815237283706665039e-01
3.815237283706665039e-01
3.815237283706665039e-01
3.815237283706665039e-01
3.815237283706665039e-01
3.815237283706665039e-01
3.815237283706665039e-01
3.815237283706665039e-01
3.815237283706665039e-01
3.815237283706665039e-01
3.815237283706665039e-01
3.815237283706665039e-01
3.815237283706665039e-01
3.815237283706665039e-01
3.815237283706665039e-01
3.815237283706665039e-01
3.815237283706665039e-01
3.815237283706665039e-01
3.815237283706665039e-01
3.815237283706665039e-01
3.815237283706665039e-01
3.815237283706665039e-01
3.815237283706665039e-01
3.815237283706665039e-01
3.815237283706665039e-01
3.815237283706665039e-01
3.815237283706665039e-01
3.815237283706665039e-01
3.815237283706665039e-01
3.815237283706665039e-01
3.815237283706665039e-01
3.815237283706665039e-01
3.815237283706665039e-01
3.815237283706665039e-01
3.815237283706665039e-01
3.815237283706665039e-01
3.815237283706665039e-01
3.815237283706665039e-01
3.815237283706665039e-01
3.815237283706665039e-01
3.815237283706665039e-01
3.815237283706665039e-01
3.815237283706665039e-01
3.815237283706665039e-01
3.815237283706665039e-01
3.815237283706665039e-01
3.815237283706665039e-01
3.815237283706665039e-01
3.815237283706665039e-01
3.815237283706665039e-01
3.815237283706665039e-01
3.815237283706665039e-01
3.815237283706665039e-01
3.815237283706665039e-01
3.815237283706665039e-01
3.815237283706665039e-01
3.815237283706665039e-01
3.815237283706665039e-01
3.815237283706665039e-01
3.815237283706665039e-01
3.815237283706665039e-01
3.815237283706665039e-01
3.815237283706665039e-01
3.815237283706665039e-01
3.815237283706665039e-01
3.815237283706665039e-01
3.815237283706665039e-01
3.815237283706665039e-01
3.815237283706665039e-01
3.815237283706665039e-01
3.815237283706665039e-01
3.815237283706665039e-01
3.815237283706665039e-01
3.815237283706665039e-01
3.815237283706665039e-01
3.815237283706665039e-01
3.815237283706665039e-01
3.815237283706665039e-01
3.815237283706665039e-01
3.815237283706665039e-01
3.815237283706665039e-01
3.815237283706665039e-01
3.815237283706665039e-01
3.815237283706665039e-01
3.815237283706665039e-01
3.815237283706665039e-01
3.815237283706665039e-01
3.815237283706665039e-01
3.815237283706665039e-01
3.815237283706665039e-01
3.815237283706665039e-01
3.815237283706665039e-01
3.815237283706665039e-01
3.815237283706665039e-01
3.815237283706665039e-01
3.815237283706665039e-01
3.815237283706665039e-01
3.815237283706665039e-01
3.815237283706665039e-01
3.815237283706665039e-01
3.815237283706665039e-01
3.815237283706665039e-01
3.815237283706665039e-01
3.815237283706665039e-01
3.815237283706665039e-01
3.815237283706665039e-01
3.815237283706665039e-01
3.815237283706665039e-01
3.815237283706665039e-01
3.815237283706665039e-01
3.815237283706665039e-01
3.815237283706665039e-01
3.815237283706665039e-01
3.815237283706665039e-01
3.815237283706665039e-01
3.815237283706665039e-01
3.815237283706665039e-01
3.815237283706665039e-01
3.815237283706665039e-01
3.815237283706665039e-01
3.815237283706665039e-01
3.815237283706665039e-01
3.815237283706665039e-01
3.815237283706665039e-01
3.815237283706665039e-01
3.815237283706665039e-01
3.815237283706665039e-01
3.815237283706665039e-01
3.815237283706665039e-01
3.815237283706665039e-01
3.815237283706665039e-01
3.815237283706665039e-01
3.815237283706665039e-01
3.815237283706665039e-01
3.815237283706665039e-01
3.815237283706665039e-01
3.815237283706665039e-01
3.815237283706665039e-01
3.815237283706665039e-01
3.815237283706665039e-01
3.815237283706665039e-01
3.815237283706665039e-01
3.815237283706665039e-01
3.815237283706665039e-01
3.815237283706665039e-01
3.815237283706665039e-01
3.815237283706665039e-01
3.815237283706665039e-01
3.815237283706665039e-01
3.815237283706665039e-01
3.815237283706665039e-01
3.815237283706665039e-01
3.815237283706665039e-01
3.815237283706665039e-01
3.815237283706665039e-01
3.815237283706665039e-01
3.815237283706665039e-01
3.815237283706665039e-01
3.815237283706665039e-01
3.815237283706665039e-01
3.815237283706665039e-01
3.815237283706665039e-01
3.815237283706665039e-01
3.815237283706665039e-01
3.815237283706665039e-01
3.815237283706665039e-01
3.815237283706665039e-01
3.815237283706665039e-01
3.815237283706665039e-01
3.815237283706665039e-01
3.815237283706665039e-01
3.815237283706665039e-01
3.815237283706665039e-01
3.815237283706665039e-01
3.815237283706665039e-01
3.815237283706665039e-01
3.815237283706665039e-01
3.815237283706665039e-01
3.815237283706665039e-01
3.815237283706665039e-01
3.815237283706665039e-01
3.815237283706665039e-01
3.815237283706665039e-01
3.815237283706665039e-01
3.815237283706665039e-01
3.815237283706665039e-01
3.815237283706665039e-01
3.815237283706665039e-01
3.815237283706665039e-01
3.815237283706665039e-01
3.815237283706665039e-01
3.815237283706665039e-01
3.815237283706665039e-01
3.815237283706665039e-01
3.815237283706665039e-01
3.815237283706665039e-01
3.815237283706665039e-01
3.815237283706665039e-01
3.815237283706665039e-01
3.815237283706665039e-01
3.815237283706665039e-01
3.815237283706665039e-01
3.815237283706665039e-01
3.815237283706665039e-01
3.815237283706665039e-01
3.815237283706665039e-01
3.815237283706665039e-01
3.815237283706665039e-01
3.815237283706665039e-01
3.815237283706665039e-01
3.815237283706665039e-01
3.815237283706665039e-01
3.815237283706665039e-01
3.815237283706665039e-01
3.815237283706665039e-01
3.815237283706665039e-01
3.815237283706665039e-01
3.815237283706665039e-01
3.815237283706665039e-01
3.815237283706665039e-01
3.815237283706665039e-01
3.815237283706665039e-01
3.815237283706665039e-01
3.815237283706665039e-01
3.815237283706665039e-01
3.815237283706665039e-01
3.815237283706665039e-01
3.815237283706665039e-01
3.815237283706665039e-01
3.815237283706665039e-01
3.815237283706665039e-01
3.815237283706665039e-01
3.815237283706665039e-01
3.815237283706665039e-01
3.815237283706665039e-01
3.815237283706665039e-01
3.815237283706665039e-01
3.815237283706665039e-01
3.815237283706665039e-01
3.815237283706665039e-01
3.815237283706665039e-01
3.815237283706665039e-01
3.815237283706665039e-01
3.815237283706665039e-01
3.815237283706665039e-01
3.815237283706665039e-01
3.815237283706665039e-01
3.815237283706665039e-01
3.815237283706665039e-01
3.815237283706665039e-01
3.815237283706665039e-01
3.815237283706665039e-01
3.815237283706665039e-01
3.815237283706665039e-01
3.815237283706665039e-01
3.815237283706665039e-01
3.815237283706665039e-01
3.815237283706665039e-01
3.815237283706665039e-01
3.815237283706665039e-01
3.815237283706665039e-01
3.815237283706665039e-01
3.815237283706665039e-01
3.815237283706665039e-01
3.815237283706665039e-01
3.815237283706665039e-01
3.815237283706665039e-01
3.815237283706665039e-01
3.815237283706665039e-01
3.815237283706665039e-01
3.815237283706665039e-01
3.815237283706665039e-01
3.815237283706665039e-01
3.815237283706665039e-01
3.815237283706665039e-01
3.815237283706665039e-01
3.815237283706665039e-01
3.815237283706665039e-01
3.815237283706665039e-01
3.815237283706665039e-01
3.815237283706665039e-01
3.815237283706665039e-01
3.815237283706665039e-01
3.815237283706665039e-01
3.815237283706665039e-01
3.815237283706665039e-01
3.815237283706665039e-01
3.815237283706665039e-01
3.815237283706665039e-01
3.815237283706665039e-01
3.815237283706665039e-01
3.815237283706665039e-01
3.815237283706665039e-01
3.815237283706665039e-01
3.815237283706665039e-01
3.815237283706665039e-01
3.815237283706665039e-01
3.815237283706665039e-01
3.815237283706665039e-01
3.815237283706665039e-01
3.815237283706665039e-01
3.815237283706665039e-01
3.815237283706665039e-01
3.815237283706665039e-01
3.815237283706665039e-01
3.815237283706665039e-01
3.815237283706665039e-01
3.815237283706665039e-01
3.815237283706665039e-01
3.815237283706665039e-01
3.815237283706665039e-01
3.815237283706665039e-01
3.815237283706665039e-01
3.815237283706665039e-01
3.815237283706665039e-01
3.815237283706665039e-01
3.815237283706665039e-01
3.815237283706665039e-01
3.815237283706665039e-01
3.815237283706665039e-01
3.815237283706665039e-01
3.815237283706665039e-01
3.815237283706665039e-01
3.815237283706665039e-01
3.815237283706665039e-01
3.815237283706665039e-01
3.815237283706665039e-01
3.815237283706665039e-01
3.815237283706665039e-01
3.815237283706665039e-01
3.815237283706665039e-01
3.815237283706665039e-01
3.815237283706665039e-01
3.815237283706665039e-01
3.815237283706665039e-01
3.815237283706665039e-01
3.815237283706665039e-01
3.815237283706665039e-01
3.815237283706665039e-01
3.815237283706665039e-01
3.815237283706665039e-01
3.815237283706665039e-01
3.815237283706665039e-01
3.815237283706665039e-01
3.706603944301605225e-01
3.780462145805358887e-01
3.717318177223205566e-01
3.815237283706665039e-01
3.374273478984832764e-01
3.815237283706665039e-01
3.815237283706665039e-01
3.815237283706665039e-01
3.815237283706665039e-01
3.815237283706665039e-01
3.815237283706665039e-01
3.815237283706665039e-01
3.815237283706665039e-01
3.815237283706665039e-01
3.815237283706665039e-01
3.815237283706665039e-01
3.815237283706665039e-01
3.815237283706665039e-01
3.815237283706665039e-01
3.815237283706665039e-01
3.815237283706665039e-01
3.815237283706665039e-01
3.815237283706665039e-01
3.815237283706665039e-01
3.815237283706665039e-01
3.815237283706665039e-01
3.815237283706665039e-01
3.815237283706665039e-01
3.815237283706665039e-01
3.815237283706665039e-01
3.815237283706665039e-01
3.815237283706665039e-01
3.815237283706665039e-01
3.815237283706665039e-01
3.815237283706665039e-01
3.815237283706665039e-01
3.815237283706665039e-01
3.815237283706665039e-01
3.815237283706665039e-01
3.815237283706665039e-01
3.815237283706665039e-01
3.815237283706665039e-01
3.815237283706665039e-01
3.815237283706665039e-01
3.815237283706665039e-01
3.815237283706665039e-01
3.815237283706665039e-01
3.815237283706665039e-01
3.815237283706665039e-01
3.815237283706665039e-01
3.815237283706665039e-01
3.815237283706665039e-01
3.815237283706665039e-01
3.815237283706665039e-01
3.815237283706665039e-01
3.815237283706665039e-01
3.815237283706665039e-01
3.815237283706665039e-01
3.798897266387939453e-01
3.815237283706665039e-01
3.815237283706665039e-01
3.815237283706665039e-01
3.815237283706665039e-01
3.815237283706665039e-01
3.815237283706665039e-01
3.815237283706665039e-01
3.815237283706665039e-01
3.815237283706665039e-01
3.815237283706665039e-01
3.815237283706665039e-01
3.815237283706665039e-01
3.815237283706665039e-01
3.815237283706665039e-01
3.815237283706665039e-01
3.815237283706665039e-01
3.815237283706665039e-01
3.815237283706665039e-01
3.815237283706665039e-01
3.815237283706665039e-01
3.815237283706665039e-01
3.815237283706665039e-01
3.815237283706665039e-01
3.815237283706665039e-01
3.815237283706665039e-01
3.815237283706665039e-01
3.815237283706665039e-01
3.815237283706665039e-01
3.815237283706665039e-01
3.815237283706665039e-01
3.815237283706665039e-01
3.815237283706665039e-01
3.815237283706665039e-01
3.815237283706665039e-01
3.815237283706665039e-01
3.815237283706665039e-01
3.815237283706665039e-01
3.815237283706665039e-01
3.815237283706665039e-01
3.815237283706665039e-01
3.815237283706665039e-01
3.815237283706665039e-01
3.815237283706665039e-01
3.815237283706665039e-01
3.815237283706665039e-01
3.815237283706665039e-01
3.815237283706665039e-01
3.815237283706665039e-01
3.815237283706665039e-01
3.815237283706665039e-01
3.815237283706665039e-01
3.815237283706665039e-01
3.815237283706665039e-01
3.815237283706665039e-01
3.815237283706665039e-01
3.815237283706665039e-01
3.815237283706665039e-01
3.815237283706665039e-01
3.815237283706665039e-01
3.815237283706665039e-01
3.815237283706665039e-01
3.815237283706665039e-01
3.815237283706665039e-01
3.815237283706665039e-01
3.815237283706665039e-01
3.815237283706665039e-01
3.815237283706665039e-01
3.815237283706665039e-01
3.815237283706665039e-01
3.815237283706665039e-01
3.815237283706665039e-01
3.815237283706665039e-01
3.815237283706665039e-01
3.815237283706665039e-01
3.815237283706665039e-01
3.815237283706665039e-01
3.815237283706665039e-01
3.815237283706665039e-01
3.815237283706665039e-01
3.815237283706665039e-01
3.815237283706665039e-01
3.815237283706665039e-01
3.815237283706665039e-01
3.815237283706665039e-01
3.815237283706665039e-01
3.815237283706665039e-01
3.815237283706665039e-01
3.815237283706665039e-01
3.815237283706665039e-01
3.815237283706665039e-01
3.815237283706665039e-01
3.815237283706665039e-01
3.815237283706665039e-01
3.815237283706665039e-01
3.815237283706665039e-01
3.815237283706665039e-01
3.815237283706665039e-01
3.815237283706665039e-01
3.815237283706665039e-01
3.815237283706665039e-01
3.815237283706665039e-01
3.815237283706665039e-01
3.815237283706665039e-01
3.815237283706665039e-01
3.815237283706665039e-01
3.815237283706665039e-01
3.815237283706665039e-01
3.815237283706665039e-01
3.815237283706665039e-01
3.815237283706665039e-01
3.815237283706665039e-01
3.815237283706665039e-01
3.815237283706665039e-01
3.815237283706665039e-01
3.815237283706665039e-01
3.815237283706665039e-01
3.815237283706665039e-01
3.815237283706665039e-01
3.815237283706665039e-01
3.815237283706665039e-01
3.815237283706665039e-01
3.815237283706665039e-01
3.815237283706665039e-01
3.815237283706665039e-01
3.815237283706665039e-01
3.815237283706665039e-01
3.815237283706665039e-01
3.815237283706665039e-01
3.815237283706665039e-01
3.815237283706665039e-01
3.815237283706665039e-01
3.815237283706665039e-01
3.815237283706665039e-01
3.815237283706665039e-01
3.815237283706665039e-01
3.815237283706665039e-01
3.815237283706665039e-01
3.815237283706665039e-01
3.815237283706665039e-01
3.815237283706665039e-01
3.815237283706665039e-01
3.815237283706665039e-01
3.815237283706665039e-01
3.815237283706665039e-01
3.815237283706665039e-01
3.815237283706665039e-01
3.815237283706665039e-01
3.815237283706665039e-01
3.815237283706665039e-01
3.815237283706665039e-01
3.815237283706665039e-01
3.815237283706665039e-01
3.815237283706665039e-01
3.815237283706665039e-01
3.815237283706665039e-01
3.815237283706665039e-01
3.815237283706665039e-01
3.815237283706665039e-01
3.815237283706665039e-01
3.815237283706665039e-01
3.815237283706665039e-01
3.815237283706665039e-01
3.815237283706665039e-01
3.815237283706665039e-01
3.815237283706665039e-01
3.815237283706665039e-01
3.815237283706665039e-01
3.815237283706665039e-01
3.815237283706665039e-01
3.815237283706665039e-01
3.815237283706665039e-01
3.815237283706665039e-01
3.815237283706665039e-01
3.815237283706665039e-01
3.815237283706665039e-01
3.815237283706665039e-01
3.815237283706665039e-01
3.815237283706665039e-01
3.815237283706665039e-01
3.815237283706665039e-01
3.815237283706665039e-01
3.815237283706665039e-01
3.815237283706665039e-01
3.815237283706665039e-01
3.815237283706665039e-01
3.815237283706665039e-01
3.815237283706665039e-01
3.815237283706665039e-01
3.815237283706665039e-01
3.815237283706665039e-01
3.815237283706665039e-01
3.815237283706665039e-01
3.815237283706665039e-01
3.815237283706665039e-01
3.815237283706665039e-01
3.815237283706665039e-01
3.815237283706665039e-01
3.815237283706665039e-01
3.815237283706665039e-01
3.815237283706665039e-01
3.815237283706665039e-01
3.815237283706665039e-01
3.815237283706665039e-01
3.815237283706665039e-01
3.815237283706665039e-01
3.815237283706665039e-01
3.815237283706665039e-01
3.815237283706665039e-01
3.815237283706665039e-01
3.815237283706665039e-01
3.815237283706665039e-01
3.815237283706665039e-01
3.815237283706665039e-01
3.815237283706665039e-01
3.815237283706665039e-01
3.815237283706665039e-01
3.815237283706665039e-01
3.815237283706665039e-01
3.815237283706665039e-01
3.815237283706665039e-01
3.815237283706665039e-01
3.815237283706665039e-01
3.815237283706665039e-01
3.815237283706665039e-01
3.815237283706665039e-01
3.815237283706665039e-01
3.815237283706665039e-01
3.815237283706665039e-01
3.815237283706665039e-01
3.815237283706665039e-01
3.815237283706665039e-01
3.815237283706665039e-01
3.815237283706665039e-01
3.815237283706665039e-01
3.815237283706665039e-01
3.815237283706665039e-01
3.815237283706665039e-01
3.815237283706665039e-01
3.815237283706665039e-01
3.815237283706665039e-01
3.815237283706665039e-01
3.815237283706665039e-01
3.815237283706665039e-01
3.815237283706665039e-01
3.815237283706665039e-01
3.815237283706665039e-01
3.815237283706665039e-01
3.815237283706665039e-01
3.815237283706665039e-01
3.815237283706665039e-01
3.815237283706665039e-01
3.815237283706665039e-01
3.815237283706665039e-01
3.815237283706665039e-01
3.815237283706665039e-01
3.815237283706665039e-01
3.815237283706665039e-01
3.815237283706665039e-01
3.815237283706665039e-01
3.815237283706665039e-01
3.815237283706665039e-01
3.815237283706665039e-01
3.815237283706665039e-01
3.815237283706665039e-01
3.815237283706665039e-01
3.815237283706665039e-01
3.815237283706665039e-01
3.815237283706665039e-01
3.815237283706665039e-01
3.815237283706665039e-01
3.815237283706665039e-01
3.815237283706665039e-01
3.815237283706665039e-01
3.815237283706665039e-01
3.815237283706665039e-01
3.815237283706665039e-01
3.815237283706665039e-01
3.815237283706665039e-01
3.815237283706665039e-01
3.815237283706665039e-01
3.815237283706665039e-01
3.815237283706665039e-01
3.815237283706665039e-01
3.815237283706665039e-01
3.815237283706665039e-01
3.815237283706665039e-01
3.815237283706665039e-01
3.815237283706665039e-01
3.815237283706665039e-01
3.815237283706665039e-01
3.815237283706665039e-01
3.815237283706665039e-01
3.815237283706665039e-01
3.815237283706665039e-01
3.815237283706665039e-01
3.815237283706665039e-01
3.815237283706665039e-01
3.815237283706665039e-01
3.815237283706665039e-01
3.815237283706665039e-01
3.815237283706665039e-01
3.815237283706665039e-01
3.815237283706665039e-01
3.815237283706665039e-01
3.815237283706665039e-01
3.815237283706665039e-01
3.815237283706665039e-01
3.815237283706665039e-01
3.815237283706665039e-01
3.815237283706665039e-01
3.815237283706665039e-01
3.815237283706665039e-01
3.815237283706665039e-01
3.815237283706665039e-01
3.815237283706665039e-01
3.815237283706665039e-01
3.815237283706665039e-01
3.815237283706665039e-01
3.815237283706665039e-01
3.815237283706665039e-01
3.815237283706665039e-01
3.815237283706665039e-01
3.815237283706665039e-01
3.815237283706665039e-01
3.815237283706665039e-01
3.815237283706665039e-01
3.815237283706665039e-01
3.815237283706665039e-01
3.815237283706665039e-01
3.815237283706665039e-01
3.815237283706665039e-01
3.815237283706665039e-01
3.815237283706665039e-01
3.815237283706665039e-01
3.642104566097259521e-01
3.815237283706665039e-01
3.815237283706665039e-01
3.815237283706665039e-01
3.815237283706665039e-01
3.815237283706665039e-01
3.815237283706665039e-01
3.815237283706665039e-01
3.815237283706665039e-01
3.815237283706665039e-01
3.815237283706665039e-01
3.815237283706665039e-01
3.815237283706665039e-01
3.815237283706665039e-01
3.815237283706665039e-01
3.815237283706665039e-01
3.815237283706665039e-01
3.815237283706665039e-01
3.815237283706665039e-01
3.815237283706665039e-01
3.815237283706665039e-01
3.815237283706665039e-01
3.815237283706665039e-01
3.815237283706665039e-01
3.815237283706665039e-01
3.815237283706665039e-01
3.815237283706665039e-01
3.815237283706665039e-01
3.815237283706665039e-01
3.815237283706665039e-01
3.815237283706665039e-01
3.815237283706665039e-01
3.815237283706665039e-01
3.815237283706665039e-01
3.815237283706665039e-01
3.815237283706665039e-01
3.815237283706665039e-01
3.815237283706665039e-01
3.815237283706665039e-01
3.815237283706665039e-01
3.815237283706665039e-01
3.815237283706665039e-01
3.815237283706665039e-01
3.815237283706665039e-01
3.815237283706665039e-01
3.815237283706665039e-01
3.815237283706665039e-01
3.815237283706665039e-01
3.815237283706665039e-01
3.815237283706665039e-01
3.815237283706665039e-01
3.815237283706665039e-01
3.815237283706665039e-01
3.815237283706665039e-01
3.815237283706665039e-01
3.815237283706665039e-01
3.815237283706665039e-01
3.815237283706665039e-01
3.815237283706665039e-01
3.815237283706665039e-01
3.815237283706665039e-01
3.815237283706665039e-01
3.815237283706665039e-01
3.815237283706665039e-01
3.815237283706665039e-01
3.815237283706665039e-01
3.815237283706665039e-01
3.815237283706665039e-01
3.815237283706665039e-01
3.815237283706665039e-01
3.815237283706665039e-01
3.815237283706665039e-01
3.815237283706665039e-01
3.815237283706665039e-01
3.815237283706665039e-01
3.717460334300994873e-01
3.784120380878448486e-01
3.815237283706665039e-01
3.815237283706665039e-01
3.815237283706665039e-01
3.815237283706665039e-01
3.815237283706665039e-01
3.815237283706665039e-01
3.815237283706665039e-01
3.815237283706665039e-01
3.815237283706665039e-01
3.815237283706665039e-01
3.815237283706665039e-01
3.815237283706665039e-01
3.815237283706665039e-01
3.815237283706665039e-01
3.815237283706665039e-01
3.815237283706665039e-01
3.815237283706665039e-01
3.815237283706665039e-01
3.815237283706665039e-01
3.815237283706665039e-01
3.815237283706665039e-01
3.815237283706665039e-01
3.815237283706665039e-01
3.815237283706665039e-01
3.815237283706665039e-01
3.815237283706665039e-01
3.815237283706665039e-01
3.815237283706665039e-01
3.815237283706665039e-01
3.815237283706665039e-01
3.815237283706665039e-01
3.815237283706665039e-01
3.815237283706665039e-01
3.815237283706665039e-01
3.815237283706665039e-01
3.815237283706665039e-01
3.815237283706665039e-01
3.815237283706665039e-01
3.815237283706665039e-01
3.815237283706665039e-01
3.815237283706665039e-01
3.815237283706665039e-01
3.815237283706665039e-01
3.815237283706665039e-01
3.815237283706665039e-01
3.815237283706665039e-01
3.815237283706665039e-01
3.815237283706665039e-01
3.815237283706665039e-01
3.815237283706665039e-01
3.815237283706665039e-01
3.815237283706665039e-01
3.815237283706665039e-01
3.815237283706665039e-01
3.815237283706665039e-01
3.815237283706665039e-01
3.815237283706665039e-01
3.815237283706665039e-01
3.815237283706665039e-01
3.815237283706665039e-01
3.815237283706665039e-01
3.815237283706665039e-01
3.815237283706665039e-01
3.815237283706665039e-01
3.815237283706665039e-01
3.815237283706665039e-01
3.815237283706665039e-01
3.815237283706665039e-01
3.815237283706665039e-01
3.815237283706665039e-01
3.815237283706665039e-01
3.815237283706665039e-01
3.815237283706665039e-01
3.815237283706665039e-01
3.793562352657318115e-01
3.815237283706665039e-01
3.815237283706665039e-01
3.815237283706665039e-01
3.815237283706665039e-01
3.815237283706665039e-01
3.815237283706665039e-01
3.815237283706665039e-01
3.815237283706665039e-01
3.815237283706665039e-01
3.815237283706665039e-01
3.815237283706665039e-01
3.815237283706665039e-01
3.815237283706665039e-01
3.815237283706665039e-01
3.815237283706665039e-01
3.815237283706665039e-01
3.815237283706665039e-01
3.815237283706665039e-01
3.815237283706665039e-01
3.815237283706665039e-01
3.815237283706665039e-01
3.815237283706665039e-01
3.815237283706665039e-01
3.815237283706665039e-01
3.815237283706665039e-01
3.815237283706665039e-01
3.815237283706665039e-01
3.815237283706665039e-01
3.815237283706665039e-01
3.815237283706665039e-01
3.815237283706665039e-01
3.815237283706665039e-01
3.815237283706665039e-01
3.815237283706665039e-01
3.815237283706665039e-01
3.815237283706665039e-01
3.815237283706665039e-01
3.815237283706665039e-01
3.815237283706665039e-01
3.815237283706665039e-01
3.815237283706665039e-01
3.815237283706665039e-01
3.815237283706665039e-01
3.815237283706665039e-01
3.815237283706665039e-01
3.815237283706665039e-01
3.815237283706665039e-01
3.815237283706665039e-01
3.815237283706665039e-01
3.815237283706665039e-01
3.815237283706665039e-01
3.815237283706665039e-01
3.815237283706665039e-01
3.815237283706665039e-01
3.815237283706665039e-01
3.815237283706665039e-01
3.815237283706665039e-01
3.815237283706665039e-01
3.815237283706665039e-01
3.815237283706665039e-01
3.815237283706665039e-01
3.815237283706665039e-01
3.815237283706665039e-01
3.815237283706665039e-01
3.815237283706665039e-01
3.815237283706665039e-01
3.815237283706665039e-01
3.815237283706665039e-01
3.815237283706665039e-01
3.815237283706665039e-01
3.815237283706665039e-01
3.815237283706665039e-01
3.815237283706665039e-01
3.815237283706665039e-01
3.815237283706665039e-01
3.815237283706665039e-01
3.815237283706665039e-01
3.815237283706665039e-01
3.815237283706665039e-01
3.815237283706665039e-01
3.815237283706665039e-01
3.815237283706665039e-01
3.815237283706665039e-01
3.815237283706665039e-01
3.815237283706665039e-01
3.815237283706665039e-01
3.815237283706665039e-01
3.815237283706665039e-01
3.815237283706665039e-01
3.815237283706665039e-01
3.815237283706665039e-01
3.815237283706665039e-01
3.815237283706665039e-01
3.815237283706665039e-01
3.815237283706665039e-01
3.815237283706665039e-01
3.815237283706665039e-01
3.815237283706665039e-01
3.815237283706665039e-01
3.815237283706665039e-01
3.815237283706665039e-01
3.815237283706665039e-01
3.815237283706665039e-01
3.815237283706665039e-01
3.815237283706665039e-01
3.815237283706665039e-01
3.815237283706665039e-01
3.815237283706665039e-01
3.815237283706665039e-01
3.815237283706665039e-01
3.815237283706665039e-01
3.815237283706665039e-01
3.815237283706665039e-01
3.815237283706665039e-01
3.815237283706665039e-01
3.815237283706665039e-01
3.815237283706665039e-01
3.815237283706665039e-01
3.815237283706665039e-01
3.815237283706665039e-01
3.815237283706665039e-01
3.815237283706665039e-01
3.815237283706665039e-01
3.815237283706665039e-01
3.815237283706665039e-01
3.815237283706665039e-01
3.815237283706665039e-01
3.815237283706665039e-01
3.815237283706665039e-01
3.815237283706665039e-01
3.815237283706665039e-01
3.815237283706665039e-01
3.815237283706665039e-01
3.815237283706665039e-01
3.815237283706665039e-01
3.815237283706665039e-01
3.815237283706665039e-01
3.815237283706665039e-01
3.815237283706665039e-01
3.815237283706665039e-01
3.815237283706665039e-01
3.815237283706665039e-01
3.815237283706665039e-01
3.815237283706665039e-01
3.815237283706665039e-01
3.815237283706665039e-01
3.815237283706665039e-01
3.815237283706665039e-01
3.815237283706665039e-01
3.815237283706665039e-01
3.815237283706665039e-01
3.815237283706665039e-01
3.815237283706665039e-01
3.815237283706665039e-01
3.815237283706665039e-01
3.815237283706665039e-01
3.815237283706665039e-01
3.815237283706665039e-01
3.815237283706665039e-01
3.815237283706665039e-01
3.815237283706665039e-01
3.815237283706665039e-01
3.815237283706665039e-01
3.815237283706665039e-01
3.815237283706665039e-01
3.815237283706665039e-01
3.815237283706665039e-01
3.815237283706665039e-01
3.815237283706665039e-01
3.815237283706665039e-01
3.815237283706665039e-01
3.815237283706665039e-01
3.815237283706665039e-01
3.815237283706665039e-01
3.815237283706665039e-01
3.815237283706665039e-01
3.815237283706665039e-01
3.815237283706665039e-01
3.815237283706665039e-01
3.815237283706665039e-01
3.815237283706665039e-01
3.815237283706665039e-01
3.815237283706665039e-01
3.815237283706665039e-01
3.815237283706665039e-01
3.815237283706665039e-01
3.815237283706665039e-01
3.815237283706665039e-01
3.815237283706665039e-01
3.815237283706665039e-01
3.815237283706665039e-01
3.815237283706665039e-01
3.815237283706665039e-01
3.815237283706665039e-01
3.815237283706665039e-01
3.815237283706665039e-01
3.815237283706665039e-01
3.815237283706665039e-01
3.815237283706665039e-01
3.815237283706665039e-01
3.815237283706665039e-01
3.815237283706665039e-01
3.815237283706665039e-01
3.815237283706665039e-01
3.815237283706665039e-01
3.815237283706665039e-01
3.815237283706665039e-01
3.815237283706665039e-01
3.815237283706665039e-01
3.815237283706665039e-01
3.815237283706665039e-01
3.815237283706665039e-01
3.815237283706665039e-01
3.815237283706665039e-01
3.815237283706665039e-01
3.815237283706665039e-01
3.815237283706665039e-01
3.815237283706665039e-01
3.815237283706665039e-01
3.815237283706665039e-01
3.815237283706665039e-01
3.815237283706665039e-01
3.815237283706665039e-01
3.815237283706665039e-01
3.815237283706665039e-01
3.815237283706665039e-01
3.815237283706665039e-01
3.815237283706665039e-01
3.815237283706665039e-01
3.815237283706665039e-01
3.815237283706665039e-01
3.815237283706665039e-01
3.815237283706665039e-01
3.815237283706665039e-01
3.815237283706665039e-01
3.815237283706665039e-01
3.815237283706665039e-01
3.815237283706665039e-01
3.815237283706665039e-01
3.815237283706665039e-01
3.815237283706665039e-01
3.815237283706665039e-01
3.815237283706665039e-01
3.815237283706665039e-01
3.815237283706665039e-01
3.815237283706665039e-01
3.815237283706665039e-01
3.815237283706665039e-01
3.815237283706665039e-01
3.815237283706665039e-01
3.815237283706665039e-01
3.815237283706665039e-01
3.815237283706665039e-01
3.815237283706665039e-01
3.815237283706665039e-01
3.815237283706665039e-01
3.815237283706665039e-01
3.815237283706665039e-01
3.815237283706665039e-01
3.815237283706665039e-01
3.815237283706665039e-01
3.815237283706665039e-01
3.815237283706665039e-01
3.815237283706665039e-01
3.815237283706665039e-01
3.815237283706665039e-01
3.815237283706665039e-01
3.815237283706665039e-01
3.815237283706665039e-01
3.815237283706665039e-01
3.815237283706665039e-01
3.815237283706665039e-01
3.815237283706665039e-01
3.815238177776336670e-01
3.407575488090515137e-01
3.815237879753112793e-01
3.656792044639587402e-01
3.606825470924377441e-01
3.388768136501312256e-01
3.130564689636230469e-01
3.815237283706665039e-01
3.815237283706665039e-01
3.815237283706665039e-01
3.815237283706665039e-01
3.815237283706665039e-01
3.815237283706665039e-01
3.815237283706665039e-01
3.815237283706665039e-01
3.815237283706665039e-01
3.815237283706665039e-01
3.815237283706665039e-01
3.815237283706665039e-01
3.815237283706665039e-01
3.815237283706665039e-01
3.815237283706665039e-01
3.815237283706665039e-01
3.815237283706665039e-01
3.815237283706665039e-01
3.815237283706665039e-01
3.815237283706665039e-01
3.815237283706665039e-01
3.815237283706665039e-01
3.815237283706665039e-01
3.815237283706665039e-01
3.815237283706665039e-01
3.815237283706665039e-01
3.815237283706665039e-01
3.815237283706665039e-01
3.815237283706665039e-01
3.815237283706665039e-01
3.815237283706665039e-01
3.815237283706665039e-01
3.815237283706665039e-01
3.815237283706665039e-01
3.815237283706665039e-01
3.815237283706665039e-01
3.815237283706665039e-01
3.815237283706665039e-01
3.815237283706665039e-01
3.815237283706665039e-01
3.815237283706665039e-01
3.815237283706665039e-01
3.815237283706665039e-01
3.815237283706665039e-01
3.815237283706665039e-01
3.815237283706665039e-01
3.815237283706665039e-01
3.815237283706665039e-01
3.815237283706665039e-01
3.815237283706665039e-01
3.815237283706665039e-01
3.815237283706665039e-01
3.815237283706665039e-01
3.815237283706665039e-01
3.815237283706665039e-01
3.815237283706665039e-01
3.815237283706665039e-01
3.815237283706665039e-01
3.815237283706665039e-01
3.815237283706665039e-01
3.815237283706665039e-01
3.815237283706665039e-01
3.815237283706665039e-01
3.815237283706665039e-01
3.815237283706665039e-01
3.815237283706665039e-01
3.815237283706665039e-01
3.815237283706665039e-01
3.815237283706665039e-01
3.815237283706665039e-01
3.815237283706665039e-01
3.815237283706665039e-01
3.815237283706665039e-01
3.815237283706665039e-01
3.815237283706665039e-01
3.815237283706665039e-01
3.815237283706665039e-01
3.665654361248016357e-01
3.815237283706665039e-01
3.815237283706665039e-01
3.815237283706665039e-01
3.815237283706665039e-01
3.796028494834899902e-01
3.815237283706665039e-01
3.815237283706665039e-01
3.815237283706665039e-01
3.815237283706665039e-01
3.815237283706665039e-01
3.788181841373443604e-01
3.734909296035766602e-01
3.815237283706665039e-01
3.815237283706665039e-01
3.815237283706665039e-01
3.815237283706665039e-01
3.815237283706665039e-01
3.815237283706665039e-01
3.815237283706665039e-01
3.815237283706665039e-01
3.815237283706665039e-01
3.815237283706665039e-01
3.815237283706665039e-01
3.815237283706665039e-01
3.815237283706665039e-01
3.815237283706665039e-01
3.815237283706665039e-01
3.815237283706665039e-01
3.815237283706665039e-01
3.815237283706665039e-01
3.815237283706665039e-01
3.815237283706665039e-01
3.815237283706665039e-01
3.815237283706665039e-01
3.815237283706665039e-01
3.815237283706665039e-01
3.815237283706665039e-01
3.815237283706665039e-01
3.815237283706665039e-01
3.815237283706665039e-01
3.815237283706665039e-01
3.815237283706665039e-01
3.815237283706665039e-01
3.815237283706665039e-01
3.815237283706665039e-01
3.815237283706665039e-01
3.815237283706665039e-01
3.815237283706665039e-01
3.815237283706665039e-01
3.815237283706665039e-01
3.815237283706665039e-01
3.815237283706665039e-01
3.815237283706665039e-01
3.815237283706665039e-01
3.815237283706665039e-01
3.815237283706665039e-01
3.815237283706665039e-01
3.815237283706665039e-01
3.815237283706665039e-01
3.815237283706665039e-01
3.815237283706665039e-01
3.815237283706665039e-01
3.815237283706665039e-01
3.815237283706665039e-01
3.815237283706665039e-01
3.815237283706665039e-01
3.815237283706665039e-01
3.815237283706665039e-01
3.815237283706665039e-01
3.815237283706665039e-01
3.815237283706665039e-01
3.815237283706665039e-01
3.815237283706665039e-01
3.815237283706665039e-01
3.815237283706665039e-01
3.815237283706665039e-01
3.815237283706665039e-01
3.815237283706665039e-01
3.815237283706665039e-01
3.815237283706665039e-01
3.815237283706665039e-01
3.815237283706665039e-01
3.815237283706665039e-01
3.815237283706665039e-01
3.815237283706665039e-01
3.815237283706665039e-01
3.815237283706665039e-01
3.815237283706665039e-01
3.815237283706665039e-01
3.815237283706665039e-01
3.815237283706665039e-01
3.815237283706665039e-01
3.815237283706665039e-01
3.815237283706665039e-01
3.815237283706665039e-01
3.815237283706665039e-01
3.815237283706665039e-01
3.815237283706665039e-01
3.815237283706665039e-01
3.815237283706665039e-01
3.815237283706665039e-01
3.815237283706665039e-01
3.815237283706665039e-01
3.815237283706665039e-01
3.815237283706665039e-01
3.815237283706665039e-01
3.815237283706665039e-01
3.815237283706665039e-01
3.815237283706665039e-01
3.815237283706665039e-01
3.815237283706665039e-01
3.815237283706665039e-01
3.815237283706665039e-01
3.815237283706665039e-01
3.815237283706665039e-01
3.815237283706665039e-01
3.815237283706665039e-01
3.815237283706665039e-01
3.815237283706665039e-01
3.815237283706665039e-01
3.815237283706665039e-01
3.815237283706665039e-01
3.815237283706665039e-01
3.815237283706665039e-01
3.815237283706665039e-01
3.815237283706665039e-01
3.815237283706665039e-01
3.815237283706665039e-01
3.815237283706665039e-01
3.815237283706665039e-01
3.815237283706665039e-01
3.815237283706665039e-01
3.815237283706665039e-01
3.815237283706665039e-01
3.815237283706665039e-01
3.815237283706665039e-01
3.815237283706665039e-01
3.815237283706665039e-01
3.815237283706665039e-01
3.815237283706665039e-01
3.815237283706665039e-01
3.815237283706665039e-01
3.815237283706665039e-01
3.815237283706665039e-01
3.815237283706665039e-01
3.815237283706665039e-01
3.815237283706665039e-01
3.815237283706665039e-01
3.815237283706665039e-01
3.815237283706665039e-01
3.815237283706665039e-01
3.815237283706665039e-01
3.815237283706665039e-01
3.815237283706665039e-01
3.815237283706665039e-01
3.815237283706665039e-01
3.815237283706665039e-01
3.815237283706665039e-01
3.815237283706665039e-01
3.815237283706665039e-01
3.815237283706665039e-01
3.815237283706665039e-01
3.815237283706665039e-01
3.815237283706665039e-01
3.815237283706665039e-01
3.815237283706665039e-01
3.815237283706665039e-01
3.815237283706665039e-01
3.815237283706665039e-01
3.815237283706665039e-01
3.815237283706665039e-01
3.815237283706665039e-01
3.815237283706665039e-01
3.815237283706665039e-01
3.815237283706665039e-01
3.815237283706665039e-01
3.815237283706665039e-01
3.815237283706665039e-01
3.815237283706665039e-01
3.815237283706665039e-01
3.815237283706665039e-01
3.815237283706665039e-01
3.815237283706665039e-01
3.815237283706665039e-01
3.815237283706665039e-01
3.815237283706665039e-01
3.815237283706665039e-01
3.815237283706665039e-01
3.815237283706665039e-01
3.815237283706665039e-01
3.815237283706665039e-01
3.815237283706665039e-01
3.815237283706665039e-01
3.815237283706665039e-01
3.815237283706665039e-01
3.815237283706665039e-01
3.815237283706665039e-01
3.815237283706665039e-01
3.815237283706665039e-01
3.815237283706665039e-01
3.815237283706665039e-01
3.815237283706665039e-01
3.815237283706665039e-01
3.815237283706665039e-01
3.815237283706665039e-01
3.815237283706665039e-01
3.815237283706665039e-01
3.815237283706665039e-01
3.815237283706665039e-01
3.815237283706665039e-01
3.815237283706665039e-01
3.815237283706665039e-01
3.815237283706665039e-01
3.815237283706665039e-01
3.815237283706665039e-01
3.815237283706665039e-01
3.815237283706665039e-01
3.815237283706665039e-01
3.815237283706665039e-01
3.815237283706665039e-01
3.815237283706665039e-01
3.815237283706665039e-01
3.815237283706665039e-01
3.815237283706665039e-01
3.815237283706665039e-01
3.815237283706665039e-01
3.815237283706665039e-01
3.815237283706665039e-01
3.815237283706665039e-01
3.815237283706665039e-01
3.815237283706665039e-01
3.815237283706665039e-01
3.815237283706665039e-01
3.815237283706665039e-01
3.815237283706665039e-01
3.815237283706665039e-01
3.815237283706665039e-01
3.815237283706665039e-01
3.815237283706665039e-01
3.815237283706665039e-01
3.815237283706665039e-01
3.815237283706665039e-01
3.815237283706665039e-01
3.815237283706665039e-01
3.815237283706665039e-01
3.815237283706665039e-01
3.815237283706665039e-01
3.815237283706665039e-01
3.815237283706665039e-01
3.815237283706665039e-01
3.815237283706665039e-01
3.815237283706665039e-01
3.815237283706665039e-01
3.815237283706665039e-01
3.815237283706665039e-01
3.815237283706665039e-01
3.815237283706665039e-01
3.815237283706665039e-01
3.815237283706665039e-01
3.815237283706665039e-01
3.815237283706665039e-01
3.815237283706665039e-01
3.815237283706665039e-01
3.815237283706665039e-01
3.815237283706665039e-01
3.815237283706665039e-01
3.815237283706665039e-01
3.815237283706665039e-01
3.815237283706665039e-01
3.815237283706665039e-01
3.815237283706665039e-01
3.619524836540222168e-01
3.815237283706665039e-01
3.815237283706665039e-01
3.815237283706665039e-01
3.815237283706665039e-01
3.815237283706665039e-01
3.719562292098999023e-01
3.815237283706665039e-01
3.686963915824890137e-01
3.694405555725097656e-01
3.666439056396484375e-01
3.665913045406341553e-01
3.667268753051757812e-01
3.815237283706665039e-01
3.815237283706665039e-01
3.815237283706665039e-01
3.815237283706665039e-01
3.815237283706665039e-01
3.815237283706665039e-01
3.815237283706665039e-01
3.668320178985595703e-01
3.815237283706665039e-01
3.815237283706665039e-01
3.815237283706665039e-01
3.815237283706665039e-01
3.815237283706665039e-01
3.781116902828216553e-01
3.668774366378784180e-01
3.815237283706665039e-01
3.673748373985290527e-01
3.815237283706665039e-01
3.815237283706665039e-01
3.815237283706665039e-01
3.815237283706665039e-01
3.815237283706665039e-01
3.815237283706665039e-01
3.815237283706665039e-01
3.815237283706665039e-01
3.815237283706665039e-01
3.815237283706665039e-01
3.815237283706665039e-01
3.815237283706665039e-01
3.815237283706665039e-01
3.815237283706665039e-01
3.815237283706665039e-01
3.815237283706665039e-01
3.815237283706665039e-01
3.815237283706665039e-01
3.815237283706665039e-01
3.815237283706665039e-01
3.815237283706665039e-01
3.815237283706665039e-01
3.815237283706665039e-01
3.815237283706665039e-01
3.815237283706665039e-01
3.815237283706665039e-01
3.815237283706665039e-01
3.815237283706665039e-01
3.815237283706665039e-01
3.815237283706665039e-01
3.776370882987976074e-01
3.815237283706665039e-01
3.815237283706665039e-01
3.815237283706665039e-01
3.815237283706665039e-01
3.815237283706665039e-01
3.815237283706665039e-01
3.815237283706665039e-01
3.815237283706665039e-01
3.815237283706665039e-01
3.815237283706665039e-01
3.815237283706665039e-01
3.815237283706665039e-01
3.815237283706665039e-01
3.815237283706665039e-01
3.815237283706665039e-01
3.815237283706665039e-01
3.815237283706665039e-01
3.815237283706665039e-01
3.815237283706665039e-01
3.815237283706665039e-01
3.815237283706665039e-01
3.815237283706665039e-01
3.815237283706665039e-01
3.815237283706665039e-01
3.815237283706665039e-01
3.815237283706665039e-01
3.815237283706665039e-01
3.815237283706665039e-01
3.815237283706665039e-01
3.815237283706665039e-01
3.815237283706665039e-01
3.815237283706665039e-01
3.815237283706665039e-01
3.815237283706665039e-01
3.815237283706665039e-01
3.815237283706665039e-01
3.815237283706665039e-01
3.815237283706665039e-01
3.815237283706665039e-01
3.815237283706665039e-01
3.815237283706665039e-01
3.815237283706665039e-01
3.815237283706665039e-01
3.588494658470153809e-01
3.815237283706665039e-01
3.815237283706665039e-01
3.815237283706665039e-01
3.815237283706665039e-01
3.815237283706665039e-01
3.815237283706665039e-01
3.815237283706665039e-01
3.815237283706665039e-01
3.815237283706665039e-01
3.815237283706665039e-01
3.815237283706665039e-01
3.629620671272277832e-01
3.815237283706665039e-01
3.815237283706665039e-01
3.815237283706665039e-01
3.815237283706665039e-01
3.815237283706665039e-01
3.771100044250488281e-01
3.815237283706665039e-01
3.815237283706665039e-01
3.815237283706665039e-01
3.815237283706665039e-01
3.815237283706665039e-01
3.815237283706665039e-01
3.815237283706665039e-01
3.815237283706665039e-01
3.815237283706665039e-01
3.815237283706665039e-01
3.815237283706665039e-01
3.718039989471435547e-01
3.815237283706665039e-01
3.815237283706665039e-01
3.815237283706665039e-01
3.815237283706665039e-01
3.815237283706665039e-01
3.815237283706665039e-01
3.815237283706665039e-01
3.815237283706665039e-01
3.815237283706665039e-01
3.815237283706665039e-01
3.815237283706665039e-01
3.815237283706665039e-01
3.815237283706665039e-01
3.815237283706665039e-01
3.815237283706665039e-01
3.815237283706665039e-01
3.815237283706665039e-01
3.815237283706665039e-01
3.815237283706665039e-01
3.815237283706665039e-01
3.815237283706665039e-01
3.815237283706665039e-01
3.815237283706665039e-01
3.815237283706665039e-01
3.815237283706665039e-01
3.815237283706665039e-01
3.815237283706665039e-01
3.815237283706665039e-01
3.815237283706665039e-01
3.815237283706665039e-01
3.815237283706665039e-01
3.815237283706665039e-01
3.815237283706665039e-01
3.815237283706665039e-01
3.815237283706665039e-01
3.815237283706665039e-01
3.815237283706665039e-01
3.815237283706665039e-01
3.815237283706665039e-01
3.815237283706665039e-01
3.815237283706665039e-01
3.815237283706665039e-01
3.815237283706665039e-01
3.815237283706665039e-01
3.815237283706665039e-01
3.815237283706665039e-01
3.815237283706665039e-01
3.815237283706665039e-01
3.815237283706665039e-01
3.815237283706665039e-01
3.815237283706665039e-01
3.815237283706665039e-01
3.815237283706665039e-01
3.815237283706665039e-01
3.815237283706665039e-01
3.815237283706665039e-01
3.815237283706665039e-01
3.815237283706665039e-01
3.815237283706665039e-01
3.815237283706665039e-01
3.815237283706665039e-01
3.815237283706665039e-01
3.815237283706665039e-01
3.815237283706665039e-01
3.815237283706665039e-01
3.815237283706665039e-01
3.815237283706665039e-01
3.815237283706665039e-01
3.815237283706665039e-01
3.815237283706665039e-01
3.815237283706665039e-01
3.815237283706665039e-01
3.815237283706665039e-01
3.815237283706665039e-01
3.815237283706665039e-01
3.815237283706665039e-01
3.815237283706665039e-01
3.815237283706665039e-01
3.815237283706665039e-01
3.815237283706665039e-01
3.815237283706665039e-01
3.815237283706665039e-01
3.815237283706665039e-01
3.815237283706665039e-01
3.815237283706665039e-01
3.815237283706665039e-01
3.815237283706665039e-01
3.815237283706665039e-01
3.815237283706665039e-01
3.815237283706665039e-01
3.546577692031860352e-01
3.757551908493041992e-01
3.733787238597869873e-01
3.735229372978210449e-01
3.815237283706665039e-01
3.772631287574768066e-01
3.782553970813751221e-01
3.815237283706665039e-01
3.815237283706665039e-01
3.815237283706665039e-01
3.815237283706665039e-01
3.815237283706665039e-01
3.815237283706665039e-01
3.672352433204650879e-01
3.815237283706665039e-01
3.686885237693786621e-01
3.815237283706665039e-01
3.815237283706665039e-01
3.815237283706665039e-01
3.815237283706665039e-01
3.729605078697204590e-01
3.630423545837402344e-01
3.815237283706665039e-01
3.815237283706665039e-01
3.815237283706665039e-01
3.815237283706665039e-01
3.815237283706665039e-01
3.815237283706665039e-01
3.815237283706665039e-01
3.815237283706665039e-01
3.815237283706665039e-01
3.815237283706665039e-01
3.815237283706665039e-01
3.815237283706665039e-01
3.815237283706665039e-01
3.815237283706665039e-01
3.815237283706665039e-01
3.815237283706665039e-01
3.815237283706665039e-01
3.815237283706665039e-01
3.815237283706665039e-01
3.815237283706665039e-01
3.815237283706665039e-01
3.815237283706665039e-01
3.815237283706665039e-01
3.815237283706665039e-01
3.815237283706665039e-01
3.815237283706665039e-01
3.815237283706665039e-01
3.815237283706665039e-01
3.815237283706665039e-01
3.815237283706665039e-01
3.815237283706665039e-01
3.815237283706665039e-01
3.815237283706665039e-01
3.815237283706665039e-01
3.815237283706665039e-01
3.815237283706665039e-01
3.815237283706665039e-01
3.815237283706665039e-01
3.815237283706665039e-01
3.815237283706665039e-01
3.815237283706665039e-01
3.815237283706665039e-01
3.815237283706665039e-01
3.815237283706665039e-01
3.815237283706665039e-01
3.815237283706665039e-01
3.815237283706665039e-01
3.815237283706665039e-01
3.815237283706665039e-01
3.815237283706665039e-01
3.815237283706665039e-01
3.815237283706665039e-01
3.815237283706665039e-01
3.815237283706665039e-01
3.815237283706665039e-01
3.815237283706665039e-01
3.815237283706665039e-01
3.815237283706665039e-01
3.815237283706665039e-01
3.815237283706665039e-01
3.815237283706665039e-01
3.815237283706665039e-01
3.815237283706665039e-01
3.815237283706665039e-01
3.815237283706665039e-01
3.815237283706665039e-01
3.815237283706665039e-01
3.815237283706665039e-01
3.815237283706665039e-01
3.815237283706665039e-01
3.815237283706665039e-01
3.815237283706665039e-01
3.815237283706665039e-01
3.815237283706665039e-01
3.815237283706665039e-01
3.815237283706665039e-01
3.815237283706665039e-01
3.815237283706665039e-01
3.815237283706665039e-01
3.815237283706665039e-01
3.815237283706665039e-01
3.815237283706665039e-01
3.815237283706665039e-01
3.815237283706665039e-01
3.815237283706665039e-01
3.815237283706665039e-01
3.815237283706665039e-01
3.815237283706665039e-01
3.815237283706665039e-01
3.815237283706665039e-01
3.815237283706665039e-01
3.815237283706665039e-01
3.815237283706665039e-01
3.815237283706665039e-01
3.815237283706665039e-01
3.815237283706665039e-01
3.815237283706665039e-01
3.815237283706665039e-01
3.815237283706665039e-01
3.815237283706665039e-01
3.815237283706665039e-01
3.815237283706665039e-01
3.815237283706665039e-01
3.815237283706665039e-01
3.815237283706665039e-01
3.815237283706665039e-01
3.815237283706665039e-01
3.815237283706665039e-01
3.815237283706665039e-01
3.815237283706665039e-01
3.815237283706665039e-01
3.815237283706665039e-01
3.815237283706665039e-01
3.815237283706665039e-01
3.815237283706665039e-01
3.815237283706665039e-01
3.815237283706665039e-01
3.815237283706665039e-01
3.815237283706665039e-01
3.815237283706665039e-01
3.815237283706665039e-01
3.815237283706665039e-01
3.815237283706665039e-01
3.815237283706665039e-01
3.815237283706665039e-01
3.815237283706665039e-01
3.815237283706665039e-01
3.815237283706665039e-01
3.815237283706665039e-01
3.815237283706665039e-01
3.815237283706665039e-01
3.815237283706665039e-01
3.815237283706665039e-01
3.815237283706665039e-01
3.815237283706665039e-01
3.815237283706665039e-01
3.815237283706665039e-01
3.815237283706665039e-01
3.815237283706665039e-01
3.815237283706665039e-01
3.815237283706665039e-01
3.815237283706665039e-01
3.815237283706665039e-01
3.815237283706665039e-01
3.815237283706665039e-01
3.608679473400115967e-01
3.815237283706665039e-01
3.815237283706665039e-01
3.815237283706665039e-01
3.815237283706665039e-01
3.815237283706665039e-01
3.815237283706665039e-01
3.815237283706665039e-01
3.815237283706665039e-01
3.815237283706665039e-01
3.815237283706665039e-01
3.815237283706665039e-01
3.815237283706665039e-01
3.815237283706665039e-01
3.815237283706665039e-01
3.815237283706665039e-01
3.815237283706665039e-01
3.815237283706665039e-01
3.815237283706665039e-01
3.815237283706665039e-01
3.815237283706665039e-01
3.815237283706665039e-01
3.815237283706665039e-01
3.815237283706665039e-01
3.815237283706665039e-01
3.815237283706665039e-01
3.815237283706665039e-01
3.815237283706665039e-01
3.815237283706665039e-01
3.815237283706665039e-01
3.815237283706665039e-01
3.815237283706665039e-01
3.815237283706665039e-01
3.815237283706665039e-01
3.815237283706665039e-01
3.815237283706665039e-01
3.815237283706665039e-01
3.815237283706665039e-01
3.815237283706665039e-01
3.815237283706665039e-01
3.815237283706665039e-01
3.815237283706665039e-01
3.815237283706665039e-01
3.815237283706665039e-01
3.815237283706665039e-01
3.815237283706665039e-01
3.815237283706665039e-01
3.815237283706665039e-01
3.815237283706665039e-01
3.815237283706665039e-01
3.815237283706665039e-01
3.815237283706665039e-01
3.815237283706665039e-01
3.815237283706665039e-01
3.815237283706665039e-01
3.815237283706665039e-01
3.815237283706665039e-01
3.815237283706665039e-01
3.815237283706665039e-01
3.815237283706665039e-01
3.815237283706665039e-01
3.815237283706665039e-01
3.815237283706665039e-01
3.815237283706665039e-01
3.815237283706665039e-01
3.815237283706665039e-01
3.815237283706665039e-01
3.815237283706665039e-01
3.815237283706665039e-01
3.815237283706665039e-01
3.815237283706665039e-01
3.815237283706665039e-01
3.815237283706665039e-01
3.815237283706665039e-01
3.815237283706665039e-01
3.815237283706665039e-01
3.815237283706665039e-01
3.815237283706665039e-01
3.815237283706665039e-01
3.815237283706665039e-01
3.815237283706665039e-01
3.815237283706665039e-01
3.815237283706665039e-01
3.815237283706665039e-01
3.815237283706665039e-01
3.815237283706665039e-01
3.815237283706665039e-01
3.815237283706665039e-01
3.815237283706665039e-01
3.815237283706665039e-01
3.815237283706665039e-01
3.815237283706665039e-01
3.815237283706665039e-01
3.815237283706665039e-01
3.815237283706665039e-01
3.815237283706665039e-01
3.815237283706665039e-01
3.815237283706665039e-01
3.815237283706665039e-01
3.815237283706665039e-01
3.815237283706665039e-01
3.815237283706665039e-01
3.815237283706665039e-01
3.815237283706665039e-01
3.815237283706665039e-01
3.815237283706665039e-01
3.815237283706665039e-01
3.815237283706665039e-01
3.815237283706665039e-01
3.815237283706665039e-01
3.815237283706665039e-01
3.815237283706665039e-01
3.815237283706665039e-01
3.815237283706665039e-01
3.815237283706665039e-01
3.815237283706665039e-01
3.815237283706665039e-01
3.815237283706665039e-01
3.815237283706665039e-01
3.815237283706665039e-01
3.815237283706665039e-01
3.815237283706665039e-01
3.815237283706665039e-01
3.815237283706665039e-01
3.815237283706665039e-01
3.815237283706665039e-01
3.815237283706665039e-01
3.815237283706665039e-01
3.815237283706665039e-01
3.815237283706665039e-01
3.815237283706665039e-01
3.815237283706665039e-01
3.815237283706665039e-01
3.815237283706665039e-01
3.815237283706665039e-01
3.815237283706665039e-01
3.815237283706665039e-01
3.815237283706665039e-01
3.815237283706665039e-01
3.815237283706665039e-01
3.815237283706665039e-01
3.815237283706665039e-01
3.815237283706665039e-01
3.815237283706665039e-01
3.815237283706665039e-01
3.815237283706665039e-01
3.815237283706665039e-01
3.815237283706665039e-01
3.815237283706665039e-01
3.815237283706665039e-01
3.815237283706665039e-01
3.815237283706665039e-01
3.815237283706665039e-01
3.815237283706665039e-01
3.815237283706665039e-01
3.815237283706665039e-01
3.815237283706665039e-01
3.815237283706665039e-01
3.815237283706665039e-01
3.815237283706665039e-01
3.815237283706665039e-01
3.815237283706665039e-01
3.815237283706665039e-01
3.815237283706665039e-01
3.815237283706665039e-01
3.815237283706665039e-01
3.815237283706665039e-01
3.815237283706665039e-01
3.815237283706665039e-01
3.815237283706665039e-01
3.815237283706665039e-01
3.815237283706665039e-01
3.815237283706665039e-01
3.815237283706665039e-01
3.815237283706665039e-01
3.815237283706665039e-01
3.815237283706665039e-01
3.815237283706665039e-01
3.815237283706665039e-01
3.815237283706665039e-01
3.815237283706665039e-01
3.815237283706665039e-01
3.815237283706665039e-01
3.815237283706665039e-01
3.815237283706665039e-01
3.815237283706665039e-01
3.815237283706665039e-01
3.815237283706665039e-01
3.815237283706665039e-01
3.815237283706665039e-01
3.815237283706665039e-01
3.815237283706665039e-01
3.815237283706665039e-01
3.815237283706665039e-01
3.815237283706665039e-01
3.815237283706665039e-01
3.815237283706665039e-01
3.815237283706665039e-01
3.815237283706665039e-01
3.815237283706665039e-01
3.815237283706665039e-01
3.815237283706665039e-01
3.815237283706665039e-01
3.815237283706665039e-01
3.815237283706665039e-01
3.815237283706665039e-01
3.815237283706665039e-01
3.815237283706665039e-01
3.815237283706665039e-01
3.815237283706665039e-01
3.815237283706665039e-01
3.815237283706665039e-01
3.815237283706665039e-01
3.815237283706665039e-01
3.815237283706665039e-01
3.815237283706665039e-01
3.815237283706665039e-01
3.815237283706665039e-01
3.815237283706665039e-01
3.815237283706665039e-01
3.815237283706665039e-01
3.815237283706665039e-01
3.815237283706665039e-01
3.815237283706665039e-01
3.815237283706665039e-01
3.815237283706665039e-01
3.815237283706665039e-01
3.815237283706665039e-01
3.815237283706665039e-01
3.815237283706665039e-01
3.815237283706665039e-01
3.815237283706665039e-01
3.815237283706665039e-01
3.815237283706665039e-01
3.815237283706665039e-01
3.815237283706665039e-01
3.815237283706665039e-01
3.815237283706665039e-01
3.815237283706665039e-01
3.815237283706665039e-01
3.815237283706665039e-01
3.815237283706665039e-01
3.815237283706665039e-01
3.815237283706665039e-01
3.815237283706665039e-01
3.815237283706665039e-01
3.815237283706665039e-01
3.815237283706665039e-01
3.815237283706665039e-01
3.815237283706665039e-01
3.815237283706665039e-01
3.815237283706665039e-01
3.815237283706665039e-01
3.815237283706665039e-01
3.815237283706665039e-01
3.815237283706665039e-01
3.815237283706665039e-01
3.815237283706665039e-01
3.815237283706665039e-01
3.815237283706665039e-01
3.815237283706665039e-01
3.815237283706665039e-01
3.815237283706665039e-01
3.815237283706665039e-01
3.815237283706665039e-01
3.815237283706665039e-01
3.815237283706665039e-01
3.815237283706665039e-01
3.815237283706665039e-01
3.815237283706665039e-01
3.815237283706665039e-01
3.815237283706665039e-01
3.815237283706665039e-01
3.815237283706665039e-01
3.815237283706665039e-01
3.815237283706665039e-01
3.815237283706665039e-01
3.815237283706665039e-01
3.815237283706665039e-01
3.815237283706665039e-01
3.815237283706665039e-01
3.815237283706665039e-01
3.815237283706665039e-01
3.815237283706665039e-01
3.815237283706665039e-01
3.815237283706665039e-01
3.815237283706665039e-01
3.815237283706665039e-01
3.815237283706665039e-01
3.815237283706665039e-01
3.815237283706665039e-01
3.815237283706665039e-01
3.815237283706665039e-01
3.815237283706665039e-01
3.815237283706665039e-01
3.815237283706665039e-01
3.815237283706665039e-01
3.815237283706665039e-01
3.815237283706665039e-01
3.815237283706665039e-01
3.815237283706665039e-01
3.815237283706665039e-01
3.815237283706665039e-01
3.815237283706665039e-01
3.815237283706665039e-01
3.815237283706665039e-01
3.815237283706665039e-01
3.815237283706665039e-01
3.815237283706665039e-01
3.815237283706665039e-01
3.815237283706665039e-01
3.815237283706665039e-01
3.815237283706665039e-01
3.815237283706665039e-01
3.815237283706665039e-01
3.815237283706665039e-01
3.815237283706665039e-01
3.815237283706665039e-01
3.815237283706665039e-01
3.815237283706665039e-01
3.815237283706665039e-01
3.815237283706665039e-01
3.815237283706665039e-01
3.815237283706665039e-01
3.815237283706665039e-01
3.815237283706665039e-01
3.815237283706665039e-01
3.815237283706665039e-01
3.815237283706665039e-01
3.815237283706665039e-01
3.815237283706665039e-01
3.815237283706665039e-01
3.815237283706665039e-01
3.815237283706665039e-01
3.815237283706665039e-01
3.815237283706665039e-01
3.815237283706665039e-01
3.815237283706665039e-01
3.815237283706665039e-01
3.815237283706665039e-01
3.815237283706665039e-01
3.815237283706665039e-01
3.815237283706665039e-01
3.815237283706665039e-01
3.815237283706665039e-01
3.815237283706665039e-01
3.815237283706665039e-01
3.815237283706665039e-01
3.815237283706665039e-01
3.815237283706665039e-01
3.815237283706665039e-01
3.815237283706665039e-01
3.815237283706665039e-01
3.815237283706665039e-01
3.815237283706665039e-01
3.815237283706665039e-01
3.815237283706665039e-01
3.815237283706665039e-01
3.815237283706665039e-01
3.815237283706665039e-01
3.815237283706665039e-01
3.815237283706665039e-01
3.815237283706665039e-01
3.815237283706665039e-01
3.815237283706665039e-01
3.815237283706665039e-01
3.815237283706665039e-01
3.815237283706665039e-01
3.815237283706665039e-01
3.815237283706665039e-01
3.815237283706665039e-01
3.815237283706665039e-01
3.815237283706665039e-01
3.815237283706665039e-01
3.815237283706665039e-01
3.815237283706665039e-01
3.815237283706665039e-01
3.815237283706665039e-01
3.815237283706665039e-01
3.815237283706665039e-01
3.815237283706665039e-01
3.815237283706665039e-01
3.815237283706665039e-01
3.815237283706665039e-01
3.815237283706665039e-01
3.815237283706665039e-01
3.815237283706665039e-01
3.815237283706665039e-01
3.815237283706665039e-01
3.815237283706665039e-01
3.815237283706665039e-01
3.815237283706665039e-01
3.815237283706665039e-01
3.815237283706665039e-01
3.815237283706665039e-01
3.815237283706665039e-01
3.815237283706665039e-01
3.815237283706665039e-01
3.815237283706665039e-01
3.815237283706665039e-01
3.815237283706665039e-01
3.815237283706665039e-01
3.815237283706665039e-01
3.815237283706665039e-01
3.815237283706665039e-01
3.815237283706665039e-01
3.815237283706665039e-01
3.815237283706665039e-01
3.815237283706665039e-01
3.815237283706665039e-01
3.815237283706665039e-01
3.815237283706665039e-01
3.815237283706665039e-01
3.815237283706665039e-01
3.815237283706665039e-01
3.815237283706665039e-01
3.815237283706665039e-01
3.815237283706665039e-01
3.815237283706665039e-01
3.815237283706665039e-01
3.815237283706665039e-01
3.815237283706665039e-01
3.815237283706665039e-01
3.815237283706665039e-01
3.815237283706665039e-01
3.815237283706665039e-01
3.815237283706665039e-01
3.815237283706665039e-01
3.815237283706665039e-01
3.815237283706665039e-01
3.815237283706665039e-01
3.815237283706665039e-01
3.815237283706665039e-01
3.815237283706665039e-01
3.815237283706665039e-01
3.815237283706665039e-01
3.815237283706665039e-01
3.815237283706665039e-01
3.815237283706665039e-01
3.815237283706665039e-01
3.815237283706665039e-01
3.815237283706665039e-01
3.815237283706665039e-01
3.815237283706665039e-01
3.815237283706665039e-01
3.815237283706665039e-01
3.815237283706665039e-01
3.815237283706665039e-01
3.815237283706665039e-01
3.815237283706665039e-01
3.815237283706665039e-01
3.815237283706665039e-01
3.815237283706665039e-01
3.815237283706665039e-01
3.815237283706665039e-01
3.815237283706665039e-01
3.815237283706665039e-01
3.815237283706665039e-01
3.815237283706665039e-01
3.815237283706665039e-01
3.815237283706665039e-01
3.815237283706665039e-01
3.815237283706665039e-01
3.815237283706665039e-01
3.815237283706665039e-01
3.815237283706665039e-01
3.815237283706665039e-01
3.815237283706665039e-01
3.815237283706665039e-01
3.815237283706665039e-01
3.815237283706665039e-01
3.815237283706665039e-01
3.815237283706665039e-01
3.815237283706665039e-01
3.815237283706665039e-01
3.815237283706665039e-01
3.815237283706665039e-01
3.815237283706665039e-01
3.815237283706665039e-01
3.815237283706665039e-01
3.815237283706665039e-01
3.815237283706665039e-01
3.815237283706665039e-01
3.815237283706665039e-01
3.815237283706665039e-01
3.815237283706665039e-01
3.815237283706665039e-01
3.815237283706665039e-01
3.815237283706665039e-01
3.815237283706665039e-01
3.815237283706665039e-01
3.815237283706665039e-01
3.815237283706665039e-01
3.815237283706665039e-01
3.815237283706665039e-01
3.815237283706665039e-01
3.815237283706665039e-01
3.815237283706665039e-01
3.815237283706665039e-01
3.815237283706665039e-01
3.815237283706665039e-01
3.815237283706665039e-01
3.815237283706665039e-01
3.815237283706665039e-01
3.815237283706665039e-01
3.815237283706665039e-01
3.815237283706665039e-01
3.815237283706665039e-01
3.815237283706665039e-01
3.815237283706665039e-01
3.815237283706665039e-01
3.815237283706665039e-01
3.815237283706665039e-01
3.815237283706665039e-01
3.815237283706665039e-01
3.815237283706665039e-01
3.815237283706665039e-01
3.815237283706665039e-01
3.815237283706665039e-01
3.815237283706665039e-01
3.815237283706665039e-01
3.815237283706665039e-01
3.815237283706665039e-01
3.815237283706665039e-01
3.815237283706665039e-01
3.815237879753112793e-01
3.815237283706665039e-01
3.815237283706665039e-01
3.815237283706665039e-01
3.815237283706665039e-01
3.815237283706665039e-01
3.815237283706665039e-01
3.815237283706665039e-01
3.815237283706665039e-01
3.815237283706665039e-01
3.815237283706665039e-01
3.815237283706665039e-01
3.815237283706665039e-01
3.815237283706665039e-01
3.815237283706665039e-01
3.815237283706665039e-01
3.815237283706665039e-01
3.815237283706665039e-01
3.815237283706665039e-01
3.815237283706665039e-01
3.815237283706665039e-01
3.815237283706665039e-01
3.815237283706665039e-01
3.815237283706665039e-01
3.815237283706665039e-01
3.815237283706665039e-01
3.815237283706665039e-01
3.815237283706665039e-01
3.815237283706665039e-01
3.815237283706665039e-01
3.815237283706665039e-01
3.815237283706665039e-01
3.815237283706665039e-01
3.815237283706665039e-01
3.815237283706665039e-01
3.815237283706665039e-01
3.815237283706665039e-01
3.815237283706665039e-01
3.815237283706665039e-01
3.815237283706665039e-01
3.815237283706665039e-01
3.815237283706665039e-01
3.815237283706665039e-01
3.815237283706665039e-01
3.815237283706665039e-01
3.815237283706665039e-01
3.815237283706665039e-01
3.815237283706665039e-01
3.815237283706665039e-01
3.815237283706665039e-01
3.815237283706665039e-01
3.815237283706665039e-01
3.815237283706665039e-01
3.815237283706665039e-01
3.815237283706665039e-01
3.815237283706665039e-01
3.815237283706665039e-01
3.815237283706665039e-01
3.815237283706665039e-01
3.815237283706665039e-01
3.815237283706665039e-01
3.815237283706665039e-01
3.815237283706665039e-01
3.815237283706665039e-01
3.815237283706665039e-01
3.815237283706665039e-01
3.815237283706665039e-01
3.815237283706665039e-01
3.815237283706665039e-01
3.815237283706665039e-01
3.815237283706665039e-01
3.815237283706665039e-01
3.815237283706665039e-01
3.713043332099914551e-01
3.726521432399749756e-01
3.720982968807220459e-01
3.724242448806762695e-01
3.720270395278930664e-01
3.730075359344482422e-01
3.720911145210266113e-01
3.721193075180053711e-01
3.720777630805969238e-01
3.721433579921722412e-01
3.733861446380615234e-01
3.720026314258575439e-01
3.721621334552764893e-01
3.718448877334594727e-01
3.720377683639526367e-01
3.765387833118438721e-01
3.732934594154357910e-01
3.566262125968933105e-01
3.721219301223754883e-01
3.815237283706665039e-01
3.786329030990600586e-01
3.815237283706665039e-01
3.815237283706665039e-01
3.255842924118041992e-01
3.815237283706665039e-01
3.815237283706665039e-01
3.815237283706665039e-01
3.815237283706665039e-01
3.815237283706665039e-01
3.815237283706665039e-01
3.815237283706665039e-01
3.815237283706665039e-01
3.815237283706665039e-01
3.815237283706665039e-01
3.815237283706665039e-01
3.815237283706665039e-01
3.815237283706665039e-01
3.815237283706665039e-01
3.815237283706665039e-01
3.815237283706665039e-01
3.815237283706665039e-01
3.815237283706665039e-01
3.815237283706665039e-01
3.815237283706665039e-01
3.815237283706665039e-01
3.815237283706665039e-01
3.815237283706665039e-01
3.815237283706665039e-01
3.815237283706665039e-01
3.815237283706665039e-01
3.815237283706665039e-01
3.815237283706665039e-01
3.815237283706665039e-01
3.815237283706665039e-01
3.815237283706665039e-01
3.815237283706665039e-01
3.815237283706665039e-01
3.815237283706665039e-01
3.815237283706665039e-01
3.815237283706665039e-01
3.815237283706665039e-01
3.815237283706665039e-01
3.815237283706665039e-01
3.815237283706665039e-01
3.815237283706665039e-01
3.815237283706665039e-01
3.815237283706665039e-01
3.815237283706665039e-01
3.815237283706665039e-01
3.815237283706665039e-01
3.815237283706665039e-01
3.815237283706665039e-01
3.815237283706665039e-01
3.815237283706665039e-01
3.815237283706665039e-01
3.815237283706665039e-01
3.815237283706665039e-01
3.815237283706665039e-01
3.815237283706665039e-01
3.815237283706665039e-01
3.815237283706665039e-01
3.815237283706665039e-01
3.815237283706665039e-01
3.815237283706665039e-01
3.815237283706665039e-01
3.815237283706665039e-01
3.815237283706665039e-01
3.815237283706665039e-01
3.815237283706665039e-01
3.815237283706665039e-01
3.815237283706665039e-01
3.815237283706665039e-01
3.815237283706665039e-01
3.815237283706665039e-01
3.815237283706665039e-01
3.815237283706665039e-01
3.815237283706665039e-01
3.815237283706665039e-01
3.815237283706665039e-01
3.815237283706665039e-01
3.815237283706665039e-01
3.815237283706665039e-01
3.815237283706665039e-01
3.815237283706665039e-01
3.815237283706665039e-01
3.815237283706665039e-01
3.815237283706665039e-01
3.815237283706665039e-01
3.815237283706665039e-01
3.815237283706665039e-01
3.815237283706665039e-01
3.815237283706665039e-01
3.815237283706665039e-01
3.815237283706665039e-01
3.815237283706665039e-01
3.815237283706665039e-01
3.815237283706665039e-01
3.815237283706665039e-01
3.815237283706665039e-01
3.815237283706665039e-01
3.815237283706665039e-01
3.815237283706665039e-01
3.815237283706665039e-01
3.815237283706665039e-01
3.815237283706665039e-01
3.815237283706665039e-01
3.815237283706665039e-01
3.815237283706665039e-01
3.815237283706665039e-01
3.815237283706665039e-01
3.815237283706665039e-01
3.815237283706665039e-01
3.815237283706665039e-01
3.815237283706665039e-01
3.815237283706665039e-01
3.815237283706665039e-01
3.815237283706665039e-01
3.815237283706665039e-01
3.815237283706665039e-01
3.815237283706665039e-01
3.815237283706665039e-01
3.815237283706665039e-01
3.815237283706665039e-01
3.815237283706665039e-01
3.815237283706665039e-01
3.815237283706665039e-01
3.815237283706665039e-01
3.815237283706665039e-01
3.815237283706665039e-01
3.815237283706665039e-01
3.815237283706665039e-01
3.815237283706665039e-01
3.815237283706665039e-01
3.815237283706665039e-01
3.815237283706665039e-01
3.815237283706665039e-01
3.815237283706665039e-01
3.815237283706665039e-01
3.815237283706665039e-01
3.815237283706665039e-01
3.815237283706665039e-01
3.815237283706665039e-01
3.815237283706665039e-01
3.815237283706665039e-01
3.815237283706665039e-01
3.815237283706665039e-01
3.815237283706665039e-01
3.815237283706665039e-01
3.815237283706665039e-01
3.815237283706665039e-01
3.815237283706665039e-01
3.815237283706665039e-01
3.815237283706665039e-01
3.815237283706665039e-01
3.815237283706665039e-01
3.815237283706665039e-01
3.815237283706665039e-01
3.815237283706665039e-01
3.815237283706665039e-01
3.815237283706665039e-01
3.815237283706665039e-01
3.815237283706665039e-01
3.815237283706665039e-01
3.815237283706665039e-01
3.815237283706665039e-01
3.815237283706665039e-01
3.815237283706665039e-01
3.815237283706665039e-01
3.815237283706665039e-01
3.815237283706665039e-01
3.815237283706665039e-01
3.815237283706665039e-01
3.815237283706665039e-01
3.815237283706665039e-01
3.815237283706665039e-01
3.815237283706665039e-01
3.815237283706665039e-01
3.815237283706665039e-01
3.815237283706665039e-01
3.815237283706665039e-01
3.815237283706665039e-01
3.815237283706665039e-01
3.815237283706665039e-01
3.815237283706665039e-01
3.815237283706665039e-01
3.815237283706665039e-01
3.815237283706665039e-01
3.815237283706665039e-01
3.815237283706665039e-01
3.815237283706665039e-01
3.815237283706665039e-01
3.815237283706665039e-01
3.815237283706665039e-01
3.815237283706665039e-01
3.815237283706665039e-01
3.815237283706665039e-01
3.815237283706665039e-01
3.815237283706665039e-01
3.815237283706665039e-01
3.815237283706665039e-01
3.815237283706665039e-01
3.815237283706665039e-01
3.815237283706665039e-01
3.815237283706665039e-01
3.815237283706665039e-01
3.815237283706665039e-01
3.815237283706665039e-01
3.815237283706665039e-01
3.815237283706665039e-01
3.815237283706665039e-01
3.815237283706665039e-01
3.815237283706665039e-01
3.815237283706665039e-01
3.815237283706665039e-01
3.815237283706665039e-01
