4.285504817962646484e-01
4.285504817962646484e-01
4.285504817962646484e-01
4.285504817962646484e-01
4.285504817962646484e-01
4.285504817962646484e-01
4.285504817962646484e-01
4.285504817962646484e-01
4.285504817962646484e-01
4.285504817962646484e-01
4.285504817962646484e-01
4.285504817962646484e-01
4.285504817962646484e-01
4.285504817962646484e-01
4.285504817962646484e-01
4.285504817962646484e-01
4.285504817962646484e-01
4.285504817962646484e-01
4.285504817962646484e-01
4.285504817962646484e-01
4.285504817962646484e-01
4.285504817962646484e-01
4.285504817962646484e-01
4.285504817962646484e-01
4.285504817962646484e-01
4.285504817962646484e-01
4.285504817962646484e-01
4.285504817962646484e-01
4.285504817962646484e-01
4.285504817962646484e-01
4.285504817962646484e-01
4.285504817962646484e-01
4.285504817962646484e-01
4.285504817962646484e-01
4.285504817962646484e-01
4.285504817962646484e-01
4.285504817962646484e-01
4.285504817962646484e-01
4.285504817962646484e-01
4.285504817962646484e-01
4.285504817962646484e-01
4.285504817962646484e-01
4.285504817962646484e-01
4.285504817962646484e-01
4.285504817962646484e-01
4.285504817962646484e-01
4.285504817962646484e-01
4.285504817962646484e-01
4.285504817962646484e-01
4.285504817962646484e-01
4.285504817962646484e-01
4.285504817962646484e-01
4.285504817962646484e-01
4.285504817962646484e-01
4.285504817962646484e-01
4.285504817962646484e-01
4.285504817962646484e-01
4.285504817962646484e-01
4.285504817962646484e-01
4.285504817962646484e-01
4.285504817962646484e-01
4.285504817962646484e-01
4.285504817962646484e-01
4.285504817962646484e-01
4.285504817962646484e-01
4.285504817962646484e-01
4.285504817962646484e-01
4.285504817962646484e-01
4.285504817962646484e-01
4.285504817962646484e-01
4.285504817962646484e-01
4.285504817962646484e-01
4.285504817962646484e-01
4.285504817962646484e-01
4.285504817962646484e-01
4.285504817962646484e-01
4.285504817962646484e-01
4.285504817962646484e-01
4.285504817962646484e-01
4.285504817962646484e-01
4.285504817962646484e-01
4.285504817962646484e-01
4.285504817962646484e-01
4.285504817962646484e-01
4.285504817962646484e-01
4.285504817962646484e-01
4.285504817962646484e-01
4.285504817962646484e-01
4.285504817962646484e-01
4.285504817962646484e-01
4.285504817962646484e-01
4.285504817962646484e-01
4.285504817962646484e-01
4.285504817962646484e-01
4.285504817962646484e-01
4.285504817962646484e-01
4.285504817962646484e-01
4.285504817962646484e-01
4.285504817962646484e-01
4.285504817962646484e-01
4.285504817962646484e-01
4.285504817962646484e-01
4.285504817962646484e-01
4.285504817962646484e-01
4.285504817962646484e-01
4.285504817962646484e-01
4.285504817962646484e-01
4.285504817962646484e-01
4.285504817962646484e-01
4.285504817962646484e-01
4.285504817962646484e-01
4.285504817962646484e-01
4.285504817962646484e-01
4.285504817962646484e-01
4.285504817962646484e-01
4.285504817962646484e-01
4.285504817962646484e-01
4.285504817962646484e-01
4.285504817962646484e-01
4.285504817962646484e-01
4.285504817962646484e-01
4.285504817962646484e-01
4.285504817962646484e-01
4.285504817962646484e-01
4.285504817962646484e-01
4.285504817962646484e-01
4.285504817962646484e-01
4.285504817962646484e-01
4.285504817962646484e-01
4.285504817962646484e-01
4.285504817962646484e-01
4.285504817962646484e-01
4.285504817962646484e-01
4.285504817962646484e-01
4.285504817962646484e-01
4.285504817962646484e-01
4.285504817962646484e-01
4.285504817962646484e-01
4.285504817962646484e-01
4.285504817962646484e-01
4.285504817962646484e-01
4.285504817962646484e-01
4.285504817962646484e-01
4.285504817962646484e-01
4.285504817962646484e-01
4.285504817962646484e-01
4.285504817962646484e-01
4.285504817962646484e-01
4.285504817962646484e-01
4.285506606101989746e-01
0.000000000000000000e+00
2.857792973518371582e-01
4.285504817962646484e-01
4.285518825054168701e-01
4.285504817962646484e-01
4.221412539482116699e-01
4.285504817962646484e-01
4.278237223625183105e-01
4.295887947082519531e-01
4.285504817962646484e-01
4.296607375144958496e-01
4.298819303512573242e-01
4.293174743652343750e-01
4.296009838581085205e-01
4.296340048313140869e-01
4.291535615921020508e-01
4.291914701461791992e-01
4.287431240081787109e-01
4.288291037082672119e-01
4.289712309837341309e-01
4.287116825580596924e-01
4.285504817962646484e-01
4.289930760860443115e-01
4.285504817962646484e-01
4.285505414009094238e-01
4.285504817962646484e-01
4.285504817962646484e-01
4.285504817962646484e-01
4.285504817962646484e-01
4.285504817962646484e-01
4.285504817962646484e-01
4.285504817962646484e-01
4.285504817962646484e-01
4.285504817962646484e-01
4.285504817962646484e-01
4.285504817962646484e-01
4.285504817962646484e-01
4.285504817962646484e-01
4.285504817962646484e-01
4.285504817962646484e-01
4.285504817962646484e-01
4.285504817962646484e-01
4.285504817962646484e-01
4.285504817962646484e-01
4.285504817962646484e-01
4.285504817962646484e-01
4.285504817962646484e-01
4.285504817962646484e-01
4.285504817962646484e-01
4.285504817962646484e-01
4.285504817962646484e-01
4.285504817962646484e-01
4.285504817962646484e-01
4.285504817962646484e-01
4.285504817962646484e-01
4.285504817962646484e-01
4.285504817962646484e-01
4.285504817962646484e-01
4.287700355052947998e-01
4.285504817962646484e-01
4.285504817962646484e-01
4.285504817962646484e-01
4.285504817962646484e-01
4.285504817962646484e-01
4.285504817962646484e-01
4.285504817962646484e-01
4.285504817962646484e-01
4.285504817962646484e-01
4.285504817962646484e-01
4.285504817962646484e-01
4.285504817962646484e-01
4.285504817962646484e-01
4.285504817962646484e-01
4.285504817962646484e-01
4.285504817962646484e-01
4.285504817962646484e-01
4.285504817962646484e-01
4.285504817962646484e-01
4.285504817962646484e-01
4.285504817962646484e-01
4.285504817962646484e-01
4.285504817962646484e-01
4.285504817962646484e-01
4.285504817962646484e-01
4.285504817962646484e-01
4.285504817962646484e-01
4.285504817962646484e-01
4.285504817962646484e-01
4.285504817962646484e-01
4.285504817962646484e-01
4.285504817962646484e-01
4.285504817962646484e-01
4.285504817962646484e-01
4.285504817962646484e-01
4.285504817962646484e-01
4.285504817962646484e-01
4.285504817962646484e-01
4.285504817962646484e-01
4.285504817962646484e-01
4.285504817962646484e-01
4.285504817962646484e-01
4.285504817962646484e-01
4.285504817962646484e-01
4.285504817962646484e-01
4.285504817962646484e-01
4.285504817962646484e-01
4.285504817962646484e-01
4.285504817962646484e-01
4.285504817962646484e-01
4.285504817962646484e-01
4.285504817962646484e-01
4.285504817962646484e-01
4.285504817962646484e-01
4.285504817962646484e-01
4.285504817962646484e-01
4.285504817962646484e-01
4.285504817962646484e-01
4.285504817962646484e-01
4.285504817962646484e-01
4.285504817962646484e-01
4.285504817962646484e-01
4.285504817962646484e-01
4.285504817962646484e-01
4.285504817962646484e-01
4.285504817962646484e-01
4.285504817962646484e-01
4.285504817962646484e-01
4.285504817962646484e-01
4.285504817962646484e-01
4.285504817962646484e-01
4.285504817962646484e-01
4.285504817962646484e-01
4.285504817962646484e-01
4.285504817962646484e-01
4.285504817962646484e-01
4.285504817962646484e-01
4.285504817962646484e-01
4.363946914672851562e-01
4.372085034847259521e-01
4.285504817962646484e-01
4.285504817962646484e-01
4.285504817962646484e-01
4.286232292652130127e-01
4.285504817962646484e-01
4.285504817962646484e-01
4.287301301956176758e-01
4.285504817962646484e-01
4.285504817962646484e-01
4.319887161254882812e-01
4.294427335262298584e-01
4.294788539409637451e-01
4.293757081031799316e-01
4.285504817962646484e-01
4.289987087249755859e-01
4.285504817962646484e-01
4.285504817962646484e-01
4.285504817962646484e-01
4.285504817962646484e-01
0.000000000000000000e+00
0.000000000000000000e+00
4.285504817962646484e-01
4.285504817962646484e-01
4.285504817962646484e-01
4.285504817962646484e-01
4.285504817962646484e-01
4.285504817962646484e-01
4.285504817962646484e-01
4.285504817962646484e-01
4.285504817962646484e-01
4.285504817962646484e-01
4.285504817962646484e-01
4.285504817962646484e-01
4.285504817962646484e-01
4.285504817962646484e-01
4.285504817962646484e-01
4.285504817962646484e-01
4.285504817962646484e-01
4.285504817962646484e-01
4.285504817962646484e-01
4.285504817962646484e-01
0.000000000000000000e+00
4.285504817962646484e-01
4.285504817962646484e-01
4.285504817962646484e-01
4.285504817962646484e-01
4.285504817962646484e-01
0.000000000000000000e+00
4.285504817962646484e-01
4.285504817962646484e-01
4.285504817962646484e-01
4.285504817962646484e-01
4.285504817962646484e-01
4.285504817962646484e-01
4.285504817962646484e-01
0.000000000000000000e+00
0.000000000000000000e+00
0.000000000000000000e+00
0.000000000000000000e+00
4.285504817962646484e-01
4.285504817962646484e-01
0.000000000000000000e+00
3.884958326816558838e-01
4.285504817962646484e-01
4.285504817962646484e-01
4.285504817962646484e-01
4.285504817962646484e-01
4.285504817962646484e-01
4.285504817962646484e-01
4.285504817962646484e-01
4.285504817962646484e-01
4.285504817962646484e-01
4.285504817962646484e-01
4.285504817962646484e-01
4.285504817962646484e-01
4.285504817962646484e-01
4.285504817962646484e-01
4.285504817962646484e-01
4.285504817962646484e-01
4.285504817962646484e-01
4.285504817962646484e-01
4.285504817962646484e-01
4.285504817962646484e-01
4.285504817962646484e-01
4.285504817962646484e-01
4.285504817962646484e-01
4.285504817962646484e-01
4.285504817962646484e-01
4.285504817962646484e-01
4.285504817962646484e-01
4.285504817962646484e-01
4.285504817962646484e-01
4.285504817962646484e-01
4.285504817962646484e-01
4.285504817962646484e-01
4.285504817962646484e-01
4.285504817962646484e-01
4.285504817962646484e-01
4.285504817962646484e-01
4.285504817962646484e-01
4.285504817962646484e-01
4.285504817962646484e-01
4.285504817962646484e-01
4.285504817962646484e-01
4.285504817962646484e-01
4.285504817962646484e-01
4.285504817962646484e-01
4.285504817962646484e-01
4.285504817962646484e-01
4.285504817962646484e-01
4.285504817962646484e-01
4.285504817962646484e-01
4.285504817962646484e-01
4.285504817962646484e-01
4.285504817962646484e-01
4.285504817962646484e-01
4.285504817962646484e-01
4.285504817962646484e-01
4.285504817962646484e-01
4.285504817962646484e-01
4.285504817962646484e-01
4.285504817962646484e-01
4.285504817962646484e-01
4.285504817962646484e-01
4.285504817962646484e-01
4.285504817962646484e-01
4.285504817962646484e-01
4.285504817962646484e-01
4.285504817962646484e-01
4.285504817962646484e-01
4.285504817962646484e-01
4.285504817962646484e-01
4.285504817962646484e-01
4.285504817962646484e-01
4.285504817962646484e-01
4.285504817962646484e-01
4.285504817962646484e-01
4.285504817962646484e-01
4.285504817962646484e-01
4.285504817962646484e-01
4.285504817962646484e-01
4.285504817962646484e-01
4.285504817962646484e-01
4.285504817962646484e-01
4.285504817962646484e-01
4.285504817962646484e-01
4.285504817962646484e-01
4.285504817962646484e-01
4.285504817962646484e-01
4.285504817962646484e-01
4.285504817962646484e-01
4.285504817962646484e-01
4.285504817962646484e-01
4.285504817962646484e-01
4.285504817962646484e-01
4.285504817962646484e-01
4.285504817962646484e-01
4.285504817962646484e-01
4.285504817962646484e-01
4.285504817962646484e-01
4.285504817962646484e-01
4.285504817962646484e-01
4.285504817962646484e-01
4.285504817962646484e-01
4.285504817962646484e-01
4.285504817962646484e-01
4.285504817962646484e-01
4.285504817962646484e-01
4.285504817962646484e-01
4.285504817962646484e-01
4.285504817962646484e-01
4.285504817962646484e-01
4.285504817962646484e-01
4.285504817962646484e-01
4.285504817962646484e-01
4.285504817962646484e-01
4.285504817962646484e-01
4.285504817962646484e-01
4.285504817962646484e-01
4.285504817962646484e-01
4.285504817962646484e-01
4.285504817962646484e-01
4.285504817962646484e-01
4.285504817962646484e-01
4.285504817962646484e-01
4.285504817962646484e-01
4.285504817962646484e-01
4.285504817962646484e-01
4.285504817962646484e-01
4.285504817962646484e-01
4.285504817962646484e-01
4.285504817962646484e-01
4.285504817962646484e-01
4.285504817962646484e-01
4.285504817962646484e-01
4.285504817962646484e-01
4.285504817962646484e-01
4.285504817962646484e-01
4.285504817962646484e-01
4.285504817962646484e-01
4.285504817962646484e-01
4.285504817962646484e-01
4.285504817962646484e-01
4.285504817962646484e-01
4.285504817962646484e-01
4.285504817962646484e-01
4.285504817962646484e-01
4.285504817962646484e-01
4.285504817962646484e-01
4.285504817962646484e-01
4.285504817962646484e-01
4.285504817962646484e-01
4.285504817962646484e-01
4.285504817962646484e-01
4.285504817962646484e-01
4.285504817962646484e-01
4.285504817962646484e-01
4.285504817962646484e-01
4.285504817962646484e-01
4.285504817962646484e-01
4.285504817962646484e-01
4.285504817962646484e-01
4.285504817962646484e-01
4.285504817962646484e-01
4.285504817962646484e-01
4.285504817962646484e-01
4.285504817962646484e-01
4.285504817962646484e-01
4.285504817962646484e-01
4.285504817962646484e-01
4.285504817962646484e-01
4.285504817962646484e-01
4.285504817962646484e-01
4.285504817962646484e-01
4.285504817962646484e-01
4.285504817962646484e-01
4.285504817962646484e-01
4.285504817962646484e-01
4.285504817962646484e-01
4.285504817962646484e-01
4.285504817962646484e-01
4.285504817962646484e-01
4.285504817962646484e-01
4.285504817962646484e-01
4.285504817962646484e-01
4.285504817962646484e-01
4.285504817962646484e-01
4.285504817962646484e-01
4.285504817962646484e-01
4.285504817962646484e-01
4.285504817962646484e-01
4.285504817962646484e-01
4.285504817962646484e-01
4.285504817962646484e-01
4.285504817962646484e-01
4.285504817962646484e-01
4.285504817962646484e-01
4.285504817962646484e-01
4.285504817962646484e-01
4.285504817962646484e-01
4.285504817962646484e-01
4.285504817962646484e-01
4.285504817962646484e-01
4.285504817962646484e-01
4.285504817962646484e-01
4.285504817962646484e-01
4.285504817962646484e-01
4.285504817962646484e-01
4.285504817962646484e-01
4.285504817962646484e-01
4.285504817962646484e-01
4.285504817962646484e-01
4.285504817962646484e-01
4.285504817962646484e-01
4.285504817962646484e-01
4.285504817962646484e-01
4.285504817962646484e-01
4.285504817962646484e-01
4.285504817962646484e-01
4.285504817962646484e-01
4.285504817962646484e-01
4.285504817962646484e-01
4.285504817962646484e-01
4.285504817962646484e-01
4.285504817962646484e-01
4.285504817962646484e-01
4.285504817962646484e-01
4.285504817962646484e-01
4.285504817962646484e-01
4.285504817962646484e-01
4.285504817962646484e-01
4.285504817962646484e-01
4.285504817962646484e-01
4.285504817962646484e-01
4.285504817962646484e-01
4.285504817962646484e-01
4.285504817962646484e-01
4.285504817962646484e-01
4.285504817962646484e-01
4.285504817962646484e-01
4.285504817962646484e-01
4.285504817962646484e-01
4.285504817962646484e-01
4.285504817962646484e-01
4.285504817962646484e-01
4.285504817962646484e-01
4.285504817962646484e-01
4.285504817962646484e-01
4.285504817962646484e-01
4.285504817962646484e-01
4.285504817962646484e-01
4.285504817962646484e-01
4.285504817962646484e-01
4.285504817962646484e-01
4.285504817962646484e-01
4.285504817962646484e-01
4.285504817962646484e-01
4.285504817962646484e-01
4.285504817962646484e-01
4.285504817962646484e-01
4.285504817962646484e-01
4.285504817962646484e-01
4.285504817962646484e-01
4.285504817962646484e-01
4.285504817962646484e-01
4.285504817962646484e-01
4.285504817962646484e-01
4.285504817962646484e-01
4.285504817962646484e-01
4.285504817962646484e-01
4.285504817962646484e-01
4.285504817962646484e-01
4.285504817962646484e-01
4.285504817962646484e-01
4.285504817962646484e-01
4.285504817962646484e-01
4.285504817962646484e-01
4.285504817962646484e-01
4.285504817962646484e-01
4.285504817962646484e-01
4.285504817962646484e-01
4.285504817962646484e-01
4.285504817962646484e-01
4.285504817962646484e-01
4.285504817962646484e-01
4.285504817962646484e-01
4.285504817962646484e-01
4.285504817962646484e-01
4.285504817962646484e-01
4.285504817962646484e-01
4.285504817962646484e-01
4.285504817962646484e-01
4.285504817962646484e-01
4.285504817962646484e-01
4.285504817962646484e-01
4.285504817962646484e-01
4.285504817962646484e-01
4.285504817962646484e-01
4.285504817962646484e-01
4.285504817962646484e-01
4.285504817962646484e-01
4.285504817962646484e-01
4.285504817962646484e-01
4.285504817962646484e-01
4.285504817962646484e-01
4.285504817962646484e-01
4.285504817962646484e-01
4.285504817962646484e-01
4.285504817962646484e-01
4.285504817962646484e-01
4.285504817962646484e-01
4.285504817962646484e-01
4.293142557144165039e-01
4.285504817962646484e-01
4.285504817962646484e-01
4.285512864589691162e-01
4.285504817962646484e-01
4.285504817962646484e-01
4.285504817962646484e-01
4.285504817962646484e-01
4.285504817962646484e-01
4.285504817962646484e-01
4.285504817962646484e-01
4.285504817962646484e-01
4.285504817962646484e-01
4.285504817962646484e-01
4.285504817962646484e-01
4.285504817962646484e-01
4.285504817962646484e-01
4.285504817962646484e-01
4.285504817962646484e-01
4.285504817962646484e-01
4.285504817962646484e-01
4.285504817962646484e-01
4.285504817962646484e-01
4.285504817962646484e-01
4.285504817962646484e-01
4.285504817962646484e-01
4.285504817962646484e-01
4.285504817962646484e-01
4.285504817962646484e-01
4.285504817962646484e-01
4.285504817962646484e-01
4.285504817962646484e-01
4.285504817962646484e-01
4.285504817962646484e-01
4.285504817962646484e-01
4.285504817962646484e-01
4.285504817962646484e-01
4.285504817962646484e-01
4.285504817962646484e-01
4.285504817962646484e-01
4.285504817962646484e-01
4.285504817962646484e-01
4.285504817962646484e-01
4.285504817962646484e-01
4.285504817962646484e-01
4.285504817962646484e-01
4.285504817962646484e-01
4.285504817962646484e-01
4.285504817962646484e-01
4.285504817962646484e-01
4.285504817962646484e-01
4.285504817962646484e-01
4.285504817962646484e-01
4.285504817962646484e-01
4.285504817962646484e-01
4.285504817962646484e-01
4.285504817962646484e-01
4.285504817962646484e-01
4.285504817962646484e-01
4.285504817962646484e-01
4.285504817962646484e-01
4.285504817962646484e-01
4.285504817962646484e-01
4.285504817962646484e-01
4.285504817962646484e-01
4.285504817962646484e-01
4.285504817962646484e-01
4.285504817962646484e-01
4.285504817962646484e-01
4.285504817962646484e-01
4.285504817962646484e-01
4.285504817962646484e-01
0.000000000000000000e+00
0.000000000000000000e+00
0.000000000000000000e+00
0.000000000000000000e+00
0.000000000000000000e+00
4.233256280422210693e-01
0.000000000000000000e+00
4.330777525901794434e-01
4.285504817962646484e-01
4.285504817962646484e-01
4.285504817962646484e-01
4.285504817962646484e-01
4.285504817962646484e-01
4.285504817962646484e-01
0.000000000000000000e+00
0.000000000000000000e+00
0.000000000000000000e+00
0.000000000000000000e+00
0.000000000000000000e+00
0.000000000000000000e+00
0.000000000000000000e+00
0.000000000000000000e+00
0.000000000000000000e+00
0.000000000000000000e+00
0.000000000000000000e+00
0.000000000000000000e+00
0.000000000000000000e+00
4.285884499549865723e-01
0.000000000000000000e+00
4.285504817962646484e-01
0.000000000000000000e+00
4.308201670646667480e-01
4.285504817962646484e-01
4.285504817962646484e-01
4.285504817962646484e-01
4.285504817962646484e-01
4.285504817962646484e-01
4.285504817962646484e-01
4.285504817962646484e-01
4.285504817962646484e-01
4.285504817962646484e-01
4.285504817962646484e-01
4.285504817962646484e-01
4.285504817962646484e-01
4.285504817962646484e-01
4.285504817962646484e-01
4.285504817962646484e-01
4.285504817962646484e-01
4.285504817962646484e-01
4.289529919624328613e-01
0.000000000000000000e+00
0.000000000000000000e+00
0.000000000000000000e+00
0.000000000000000000e+00
0.000000000000000000e+00
0.000000000000000000e+00
0.000000000000000000e+00
0.000000000000000000e+00
0.000000000000000000e+00
0.000000000000000000e+00
0.000000000000000000e+00
0.000000000000000000e+00
0.000000000000000000e+00
0.000000000000000000e+00
0.000000000000000000e+00
4.279639720916748047e-01
4.285504817962646484e-01
4.285504817962646484e-01
4.285504817962646484e-01
4.285504817962646484e-01
4.285504817962646484e-01
4.285504817962646484e-01
4.285504817962646484e-01
4.285504817962646484e-01
4.285504817962646484e-01
4.285504817962646484e-01
4.285504817962646484e-01
4.285504817962646484e-01
4.285504817962646484e-01
4.285504817962646484e-01
4.285504817962646484e-01
4.285504817962646484e-01
4.285504817962646484e-01
4.285504817962646484e-01
4.285504817962646484e-01
4.285504817962646484e-01
4.285504817962646484e-01
4.285504817962646484e-01
4.285504817962646484e-01
4.285504817962646484e-01
4.285504817962646484e-01
4.285504817962646484e-01
4.285504817962646484e-01
4.285504817962646484e-01
4.285504817962646484e-01
4.285504817962646484e-01
4.285504817962646484e-01
4.285504817962646484e-01
4.285504817962646484e-01
4.285504817962646484e-01
4.285504817962646484e-01
4.285504817962646484e-01
4.285504817962646484e-01
4.285504817962646484e-01
4.285504817962646484e-01
4.285504817962646484e-01
4.285504817962646484e-01
4.285504817962646484e-01
4.285504817962646484e-01
4.285504817962646484e-01
4.285504817962646484e-01
4.285504817962646484e-01
4.285504817962646484e-01
4.285504817962646484e-01
4.285504817962646484e-01
4.285504817962646484e-01
4.285504817962646484e-01
4.285504817962646484e-01
4.285504817962646484e-01
4.285504817962646484e-01
4.285504817962646484e-01
4.285504817962646484e-01
4.285504817962646484e-01
4.285504817962646484e-01
4.285504817962646484e-01
4.285504817962646484e-01
4.285504817962646484e-01
4.285504817962646484e-01
4.285504817962646484e-01
4.285504817962646484e-01
4.285504817962646484e-01
4.285504817962646484e-01
4.285504817962646484e-01
4.285504817962646484e-01
4.285504817962646484e-01
4.285504817962646484e-01
4.285504817962646484e-01
4.285504817962646484e-01
4.285504817962646484e-01
4.285504817962646484e-01
4.285504817962646484e-01
4.285504817962646484e-01
4.285504817962646484e-01
4.285504817962646484e-01
4.285504817962646484e-01
4.285504817962646484e-01
4.285504817962646484e-01
4.285504817962646484e-01
4.285504817962646484e-01
4.285504817962646484e-01
4.285504817962646484e-01
4.285504817962646484e-01
4.285504817962646484e-01
4.285504817962646484e-01
4.285504817962646484e-01
4.285504817962646484e-01
4.285504817962646484e-01
4.285504817962646484e-01
4.285504817962646484e-01
4.285504817962646484e-01
4.285504817962646484e-01
4.285504817962646484e-01
4.285504817962646484e-01
4.285504817962646484e-01
4.285504817962646484e-01
4.285504817962646484e-01
4.285504817962646484e-01
4.285504817962646484e-01
4.285504817962646484e-01
4.285504817962646484e-01
4.285504817962646484e-01
4.285504817962646484e-01
4.285504817962646484e-01
4.285504817962646484e-01
4.285504817962646484e-01
4.285504817962646484e-01
4.285504817962646484e-01
4.285504817962646484e-01
4.285504817962646484e-01
4.285504817962646484e-01
4.285504817962646484e-01
4.285504817962646484e-01
4.285504817962646484e-01
4.285504817962646484e-01
4.285504817962646484e-01
4.285504817962646484e-01
4.285504817962646484e-01
4.285504817962646484e-01
4.285504817962646484e-01
4.285504817962646484e-01
4.285504817962646484e-01
4.285504817962646484e-01
4.285504817962646484e-01
4.285504817962646484e-01
4.285504817962646484e-01
4.285504817962646484e-01
4.285504817962646484e-01
4.285504817962646484e-01
4.285504817962646484e-01
4.285504817962646484e-01
4.285504817962646484e-01
4.285504817962646484e-01
4.285504817962646484e-01
4.285504817962646484e-01
4.285504817962646484e-01
4.285504817962646484e-01
4.285504817962646484e-01
4.285504817962646484e-01
4.285504817962646484e-01
4.285504817962646484e-01
4.285504817962646484e-01
4.285504817962646484e-01
4.285504817962646484e-01
4.285504817962646484e-01
4.285504817962646484e-01
4.285504817962646484e-01
4.285504817962646484e-01
4.285504817962646484e-01
4.285504817962646484e-01
4.285504817962646484e-01
4.285504817962646484e-01
4.285504817962646484e-01
4.285504817962646484e-01
4.285504817962646484e-01
4.285504817962646484e-01
4.285504817962646484e-01
4.285504817962646484e-01
4.285504817962646484e-01
4.285504817962646484e-01
4.285504817962646484e-01
4.285504817962646484e-01
4.285504817962646484e-01
4.285504817962646484e-01
4.285504817962646484e-01
4.285504817962646484e-01
4.285504817962646484e-01
4.285504817962646484e-01
4.285504817962646484e-01
4.285504817962646484e-01
4.285504817962646484e-01
4.285504817962646484e-01
4.285504817962646484e-01
4.285504817962646484e-01
4.285504817962646484e-01
4.285504817962646484e-01
4.285504817962646484e-01
4.285504817962646484e-01
4.285504817962646484e-01
4.285504817962646484e-01
4.285504817962646484e-01
4.285504817962646484e-01
0.000000000000000000e+00
4.285504817962646484e-01
0.000000000000000000e+00
0.000000000000000000e+00
0.000000000000000000e+00
4.545445442199707031e-01
0.000000000000000000e+00
4.285504817962646484e-01
4.285504817962646484e-01
4.285504817962646484e-01
4.285504817962646484e-01
4.285504817962646484e-01
4.285504817962646484e-01
4.285504817962646484e-01
4.285504817962646484e-01
4.285504817962646484e-01
4.285504817962646484e-01
4.285504817962646484e-01
4.285504817962646484e-01
4.285504817962646484e-01
4.285504817962646484e-01
4.285504817962646484e-01
4.285504817962646484e-01
4.285504817962646484e-01
4.285504817962646484e-01
4.285504817962646484e-01
4.285504817962646484e-01
4.285504817962646484e-01
4.285504817962646484e-01
4.285504817962646484e-01
4.285504817962646484e-01
4.285504817962646484e-01
4.285504817962646484e-01
4.285504817962646484e-01
4.285504817962646484e-01
4.285504817962646484e-01
4.285504817962646484e-01
4.285504817962646484e-01
4.285504817962646484e-01
4.285504817962646484e-01
4.285504817962646484e-01
4.285504817962646484e-01
4.285504817962646484e-01
4.285504817962646484e-01
4.285504817962646484e-01
4.285504817962646484e-01
4.285504817962646484e-01
4.285504817962646484e-01
4.285504817962646484e-01
4.285504817962646484e-01
4.285504817962646484e-01
4.285504817962646484e-01
4.285504817962646484e-01
4.285504817962646484e-01
4.285504817962646484e-01
4.285504817962646484e-01
4.285504817962646484e-01
4.285504817962646484e-01
4.285504817962646484e-01
4.285504817962646484e-01
4.285504817962646484e-01
4.285504817962646484e-01
4.285504817962646484e-01
4.285504817962646484e-01
4.285504817962646484e-01
4.285504817962646484e-01
4.285504817962646484e-01
4.285504817962646484e-01
4.285504817962646484e-01
4.285504817962646484e-01
4.285504817962646484e-01
2.742767930030822754e-01
4.285504817962646484e-01
4.363971948623657227e-01
4.297998547554016113e-01
4.285504817962646484e-01
4.285504817962646484e-01
4.285504817962646484e-01
4.285504817962646484e-01
4.285504817962646484e-01
