3.610206246376037598e-01
3.637739419937133789e-01
3.637739419937133789e-01
3.637739419937133789e-01
3.637739419937133789e-01
3.637739419937133789e-01
3.637739419937133789e-01
3.637739419937133789e-01
3.637739419937133789e-01
3.503350019454956055e-01
3.608340024948120117e-01
3.632329404354095459e-01
3.633143901824951172e-01
3.569349944591522217e-01
3.573151826858520508e-01
3.637739419937133789e-01
3.637739419937133789e-01
3.637739419937133789e-01
3.637739419937133789e-01
3.637739419937133789e-01
3.637739419937133789e-01
3.637739419937133789e-01
3.637739419937133789e-01
3.637739419937133789e-01
3.576349020004272461e-01
3.554397821426391602e-01
3.502122759819030762e-01
3.483031094074249268e-01
3.492522239685058594e-01
3.465416431427001953e-01
3.443245291709899902e-01
3.412360250949859619e-01
3.431308269500732422e-01
3.421596884727478027e-01
3.400781452655792236e-01
0.000000000000000000e+00
3.388372063636779785e-01
3.450798392295837402e-01
3.380997776985168457e-01
3.438588976860046387e-01
3.442035317420959473e-01
3.407405614852905273e-01
3.435707390308380127e-01
3.489045798778533936e-01
3.515434265136718750e-01
3.435589671134948730e-01
3.414075970649719238e-01
0.000000000000000000e+00
3.583769500255584717e-01
3.374294042587280273e-01
0.000000000000000000e+00
2.503119707107543945e-01
3.410070240497589111e-01
3.432839512825012207e-01
3.367735743522644043e-01
3.368517160415649414e-01
3.367387652397155762e-01
3.365553021430969238e-01
2.292887866497039795e-01
9.827828407287597656e-02
0.000000000000000000e+00
0.000000000000000000e+00
3.652193844318389893e-01
0.000000000000000000e+00
0.000000000000000000e+00
0.000000000000000000e+00
3.564136624336242676e-01
0.000000000000000000e+00
0.000000000000000000e+00
2.917396426200866699e-01
0.000000000000000000e+00
0.000000000000000000e+00
0.000000000000000000e+00
0.000000000000000000e+00
3.426069021224975586e-01
3.557408452033996582e-01
3.611210584640502930e-01
3.637739419937133789e-01
3.637739419937133789e-01
3.636856973171234131e-01
3.637739419937133789e-01
3.637739419937133789e-01
3.637739419937133789e-01
3.637739419937133789e-01
3.637739419937133789e-01
3.637739419937133789e-01
3.637739419937133789e-01
3.637739419937133789e-01
3.637739419937133789e-01
3.637739419937133789e-01
3.637739419937133789e-01
3.637739419937133789e-01
3.631647825241088867e-01
3.632594347000122070e-01
3.636550903320312500e-01
3.637739419937133789e-01
3.628780245780944824e-01
3.636214137077331543e-01
3.632471859455108643e-01
3.630457520484924316e-01
3.637714385986328125e-01
3.637739419937133789e-01
3.637739419937133789e-01
3.637739419937133789e-01
3.637739419937133789e-01
3.637739419937133789e-01
3.657343387603759766e-01
3.610630929470062256e-01
3.637739419937133789e-01
3.636377453804016113e-01
3.637739419937133789e-01
3.637739419937133789e-01
3.637739419937133789e-01
3.620127439498901367e-01
3.637739419937133789e-01
3.636652827262878418e-01
3.637739419937133789e-01
3.565198779106140137e-01
3.609172105789184570e-01
3.637739419937133789e-01
3.637739419937133789e-01
3.637739419937133789e-01
3.637739419937133789e-01
3.637739419937133789e-01
3.637739419937133789e-01
3.637739419937133789e-01
3.637739419937133789e-01
3.637739419937133789e-01
3.634286224842071533e-01
3.609780669212341309e-01
3.617205619812011719e-01
3.599843382835388184e-01
3.598313927650451660e-01
3.600099980831146240e-01
3.628114163875579834e-01
3.626375794410705566e-01
3.626360595226287842e-01
3.615635633468627930e-01
3.600506186485290527e-01
3.603785634040832520e-01
3.604809045791625977e-01
3.625866174697875977e-01
3.594864606857299805e-01
3.565522134304046631e-01
3.566272258758544922e-01
3.613849878311157227e-01
3.616831302642822266e-01
3.624118566513061523e-01
3.587834239006042480e-01
3.544073700904846191e-01
3.559464812278747559e-01
3.519525527954101562e-01
3.538533449172973633e-01
3.584644794464111328e-01
3.632509112358093262e-01
3.626719713211059570e-01
3.562555909156799316e-01
3.556742668151855469e-01
3.586598038673400879e-01
3.586940169334411621e-01
3.574361205101013184e-01
3.565649688243865967e-01
3.593153357505798340e-01
3.586712181568145752e-01
3.588865995407104492e-01
3.622063994407653809e-01
3.637739419937133789e-01
3.618026375770568848e-01
3.631205856800079346e-01
3.619946837425231934e-01
3.615127801895141602e-01
3.607887029647827148e-01
3.637739419937133789e-01
3.593370914459228516e-01
3.566525578498840332e-01
3.568550944328308105e-01
3.587809205055236816e-01
3.544409275054931641e-01
3.499399423599243164e-01
3.588038682937622070e-01
3.609251379966735840e-01
3.604786098003387451e-01
3.618312478065490723e-01
3.606051206588745117e-01
3.610869050025939941e-01
3.609545826911926270e-01
3.637739419937133789e-01
3.608471155166625977e-01
3.617781996726989746e-01
3.621975779533386230e-01
3.633251488208770752e-01
3.637739419937133789e-01
3.631575703620910645e-01
3.637739419937133789e-01
3.637739419937133789e-01
3.620177507400512695e-01
3.637739419937133789e-01
3.637739419937133789e-01
3.637739419937133789e-01
3.637739419937133789e-01
3.637739419937133789e-01
3.637739419937133789e-01
3.637739419937133789e-01
3.636754155158996582e-01
3.631354570388793945e-01
3.637739419937133789e-01
3.631815910339355469e-01
3.637739419937133789e-01
3.637739419937133789e-01
3.637739419937133789e-01
3.637739419937133789e-01
3.637739419937133789e-01
3.637739419937133789e-01
3.637739419937133789e-01
3.637739419937133789e-01
3.637739419937133789e-01
3.637739419937133789e-01
3.637739419937133789e-01
3.637739419937133789e-01
3.553957939147949219e-01
3.431460261344909668e-01
3.426957130432128906e-01
3.419012427330017090e-01
3.404674530029296875e-01
3.389090895652770996e-01
3.378174304962158203e-01
3.374494314193725586e-01
3.373797535896301270e-01
3.374534249305725098e-01
3.377159237861633301e-01
3.381879329681396484e-01
3.382797837257385254e-01
3.398954570293426514e-01
3.450813889503479004e-01
3.541569709777832031e-01
3.604804277420043945e-01
3.608760237693786621e-01
3.518782854080200195e-01
3.474989533424377441e-01
3.513475656509399414e-01
3.637739419937133789e-01
3.637739419937133789e-01
3.427135944366455078e-01
3.421951532363891602e-01
3.413613438606262207e-01
3.423277139663696289e-01
3.391580581665039062e-01
3.397240042686462402e-01
3.389947414398193359e-01
3.398250639438629150e-01
3.404977917671203613e-01
3.440398275852203369e-01
3.457894921302795410e-01
3.493795990943908691e-01
3.545275330543518066e-01
3.550249338150024414e-01
3.635398149490356445e-01
3.637739419937133789e-01
3.637739419937133789e-01
3.637739419937133789e-01
3.637739419937133789e-01
3.637739419937133789e-01
3.616345226764678955e-01
3.583783507347106934e-01
3.637611865997314453e-01
3.630882501602172852e-01
3.637739419937133789e-01
3.637739419937133789e-01
3.637739419937133789e-01
3.637739419937133789e-01
3.637739419937133789e-01
3.637739419937133789e-01
3.637739419937133789e-01
3.637739419937133789e-01
3.637739419937133789e-01
3.637739419937133789e-01
3.637739419937133789e-01
3.637739419937133789e-01
3.637739419937133789e-01
3.637739419937133789e-01
3.637739419937133789e-01
3.637739419937133789e-01
3.630279898643493652e-01
3.629661798477172852e-01
3.637739419937133789e-01
3.637739419937133789e-01
3.621903061866760254e-01
3.388036489486694336e-01
3.407189249992370605e-01
3.407894074916839600e-01
3.360643982887268066e-01
3.362848162651062012e-01
3.361186385154724121e-01
3.361898064613342285e-01
3.362271487712860107e-01
3.363325595855712891e-01
3.370856642723083496e-01
3.378003835678100586e-01
3.374743461608886719e-01
3.395917415618896484e-01
3.413916528224945068e-01
3.468159735202789307e-01
3.467262387275695801e-01
3.490243256092071533e-01
3.483180403709411621e-01
3.508104085922241211e-01
3.546740710735321045e-01
3.607707321643829346e-01
3.637739419937133789e-01
0.000000000000000000e+00
3.463771641254425049e-01
3.419901728630065918e-01
3.468539118766784668e-01
3.436969518661499023e-01
3.603666424751281738e-01
3.637739419937133789e-01
3.637739419937133789e-01
3.637739419937133789e-01
3.637739419937133789e-01
3.637739419937133789e-01
3.637739419937133789e-01
3.637739419937133789e-01
3.637739419937133789e-01
3.637739419937133789e-01
3.637739419937133789e-01
3.637739419937133789e-01
3.637739419937133789e-01
3.637739419937133789e-01
3.637739419937133789e-01
3.637739419937133789e-01
3.637739419937133789e-01
3.637739419937133789e-01
3.637739419937133789e-01
3.610770106315612793e-01
3.621211349964141846e-01
3.637739419937133789e-01
3.615561723709106445e-01
3.627704381942749023e-01
3.613033294677734375e-01
3.634772300720214844e-01
3.628120124340057373e-01
3.637739419937133789e-01
3.543221056461334229e-01
3.637739419937133789e-01
3.637739419937133789e-01
3.634589910507202148e-01
3.637739419937133789e-01
3.637739419937133789e-01
3.637739419937133789e-01
3.637739419937133789e-01
3.637739419937133789e-01
3.637739419937133789e-01
3.637739419937133789e-01
3.637739419937133789e-01
3.637739419937133789e-01
3.637739419937133789e-01
3.637739419937133789e-01
3.637739419937133789e-01
3.626891374588012695e-01
3.544637560844421387e-01
3.557074666023254395e-01
3.564110398292541504e-01
3.597438037395477295e-01
3.637739419937133789e-01
3.574792742729187012e-01
3.621854484081268311e-01
3.635192513465881348e-01
3.581109046936035156e-01
3.623271882534027100e-01
3.575032949447631836e-01
3.573158979415893555e-01
3.580462932586669922e-01
3.571970462799072266e-01
3.562225997447967529e-01
3.563682138919830322e-01
3.570845723152160645e-01
3.581359982490539551e-01
3.584688901901245117e-01
3.570756912231445312e-01
3.637739419937133789e-01
3.580811619758605957e-01
3.563859462738037109e-01
3.611847162246704102e-01
3.632375001907348633e-01
3.637739419937133789e-01
3.637739419937133789e-01
3.635238409042358398e-01
3.637739419937133789e-01
3.637739419937133789e-01
3.608433604240417480e-01
3.612729907035827637e-01
3.612766265869140625e-01
3.598555326461791992e-01
3.622239828109741211e-01
3.637739419937133789e-01
3.574543595314025879e-01
3.613905310630798340e-01
3.635526895523071289e-01
3.629284799098968506e-01
3.611764907836914062e-01
3.608378171920776367e-01
3.614499568939208984e-01
3.619034886360168457e-01
3.618713617324829102e-01
3.615933060646057129e-01
3.610666990280151367e-01
3.610305488109588623e-01
3.617179393768310547e-01
3.616081476211547852e-01
3.608705997467041016e-01
3.609917759895324707e-01
3.601715266704559326e-01
3.629024922847747803e-01
3.614125847816467285e-01
3.635506033897399902e-01
3.612098693847656250e-01
3.632597923278808594e-01
3.627448081970214844e-01
3.596676588058471680e-01
3.610774576663970947e-01
3.601101040840148926e-01
3.606303930282592773e-01
3.606930375099182129e-01
3.610265254974365234e-01
3.602807521820068359e-01
3.637562990188598633e-01
3.637739419937133789e-01
3.637739419937133789e-01
3.637739419937133789e-01
3.637739419937133789e-01
3.637739419937133789e-01
3.637739419937133789e-01
3.637739419937133789e-01
3.637739419937133789e-01
3.637739419937133789e-01
3.636086583137512207e-01
3.623732924461364746e-01
3.621428012847900391e-01
3.626645207405090332e-01
3.630763888359069824e-01
3.618357181549072266e-01
3.619762063026428223e-01
3.628439903259277344e-01
3.624426722526550293e-01
3.615114092826843262e-01
3.612380623817443848e-01
3.612629771232604980e-01
3.612664341926574707e-01
3.616504669189453125e-01
3.630737960338592529e-01
3.621587753295898438e-01
3.615162968635559082e-01
3.637739419937133789e-01
3.635342121124267578e-01
3.637739419937133789e-01
3.637739419937133789e-01
3.637739419937133789e-01
3.637739419937133789e-01
3.637739419937133789e-01
3.637739419937133789e-01
3.637739419937133789e-01
3.637739419937133789e-01
3.637739419937133789e-01
3.637739419937133789e-01
3.637739419937133789e-01
3.637739419937133789e-01
3.637739419937133789e-01
3.637739419937133789e-01
3.637739419937133789e-01
3.637739419937133789e-01
3.637739419937133789e-01
3.637739419937133789e-01
3.447874784469604492e-01
3.401634693145751953e-01
3.446531891822814941e-01
3.453570008277893066e-01
3.413217663764953613e-01
3.365280330181121826e-01
3.366198241710662842e-01
3.374558687210083008e-01
3.370048999786376953e-01
3.379685878753662109e-01
3.418072462081909180e-01
3.415219187736511230e-01
3.540083169937133789e-01
3.570989668369293213e-01
3.637739419937133789e-01
3.637739419937133789e-01
3.628617525100708008e-01
3.592751026153564453e-01
3.610899150371551514e-01
3.613192737102508545e-01
1.217053532600402832e-01
2.301395237445831299e-01
3.435947895050048828e-01
3.453622460365295410e-01
3.629111051559448242e-01
3.632196784019470215e-01
3.637739419937133789e-01
3.580552339553833008e-01
3.633233904838562012e-01
3.637739419937133789e-01
3.637739419937133789e-01
3.637739419937133789e-01
3.637739419937133789e-01
3.637739419937133789e-01
3.637739419937133789e-01
3.637739419937133789e-01
3.637739419937133789e-01
3.637739419937133789e-01
3.637739419937133789e-01
3.637739419937133789e-01
3.637739419937133789e-01
3.637739419937133789e-01
3.637739419937133789e-01
3.637739419937133789e-01
3.637739419937133789e-01
3.637739419937133789e-01
3.637739419937133789e-01
3.637739419937133789e-01
3.637739419937133789e-01
3.637739419937133789e-01
3.637739419937133789e-01
3.637739419937133789e-01
3.637739419937133789e-01
3.634979724884033203e-01
3.629804849624633789e-01
3.617761731147766113e-01
3.637739419937133789e-01
3.637739419937133789e-01
3.637739419937133789e-01
3.637739419937133789e-01
3.637739419937133789e-01
3.637739419937133789e-01
3.637739419937133789e-01
3.637739419937133789e-01
3.637739419937133789e-01
3.637739419937133789e-01
3.626949787139892578e-01
3.626967072486877441e-01
3.617003560066223145e-01
3.620384633541107178e-01
3.616368770599365234e-01
3.616229295730590820e-01
3.617959022521972656e-01
3.618812263011932373e-01
3.625096678733825684e-01
3.629025816917419434e-01
3.632720112800598145e-01
0.000000000000000000e+00
0.000000000000000000e+00
0.000000000000000000e+00
3.623027503490447998e-01
3.630924820899963379e-01
3.629540205001831055e-01
3.637739419937133789e-01
3.637739419937133789e-01
3.637739419937133789e-01
3.637739419937133789e-01
3.637739419937133789e-01
3.630054593086242676e-01
0.000000000000000000e+00
3.629412651062011719e-01
0.000000000000000000e+00
8.032539486885070801e-02
3.633259832859039307e-01
3.637739419937133789e-01
3.635461330413818359e-01
3.637739419937133789e-01
3.637739419937133789e-01
3.637739419937133789e-01
3.637739419937133789e-01
3.637739419937133789e-01
3.637739419937133789e-01
3.637739419937133789e-01
3.637739419937133789e-01
3.637739419937133789e-01
3.637739419937133789e-01
3.637739419937133789e-01
3.637739419937133789e-01
3.633593022823333740e-01
3.576012253761291504e-01
3.436699509620666504e-01
3.637739419937133789e-01
3.637739419937133789e-01
3.636124134063720703e-01
3.632484972476959229e-01
3.605249822139739990e-01
3.581677675247192383e-01
3.621362745761871338e-01
3.635450303554534912e-01
3.637739419937133789e-01
3.637739419937133789e-01
3.637739419937133789e-01
3.627843856811523438e-01
3.627665340900421143e-01
3.637739419937133789e-01
3.637739419937133789e-01
3.637739419937133789e-01
3.637739419937133789e-01
3.637739419937133789e-01
3.637739419937133789e-01
3.637739419937133789e-01
3.637739419937133789e-01
3.557474017143249512e-01
3.580187261104583740e-01
3.637739419937133789e-01
3.637739419937133789e-01
3.613773584365844727e-01
3.596370220184326172e-01
3.599357604980468750e-01
3.609582185745239258e-01
3.594148755073547363e-01
3.597891628742218018e-01
3.588921129703521729e-01
3.625512719154357910e-01
3.637739419937133789e-01
3.637739419937133789e-01
3.637739419937133789e-01
3.637739419937133789e-01
3.637739419937133789e-01
3.635002374649047852e-01
3.612124919891357422e-01
3.619086742401123047e-01
3.621065318584442139e-01
3.629816472530364990e-01
3.630987405776977539e-01
3.591673970222473145e-01
3.620167374610900879e-01
3.621978759765625000e-01
3.558015823364257812e-01
3.560969829559326172e-01
3.506889939308166504e-01
3.637739419937133789e-01
3.630355000495910645e-01
3.634982705116271973e-01
3.613335192203521729e-01
3.626525402069091797e-01
3.610693216323852539e-01
3.610991239547729492e-01
3.637739419937133789e-01
3.610329329967498779e-01
3.637739419937133789e-01
3.637739419937133789e-01
3.589209914207458496e-01
3.593004345893859863e-01
3.581108152866363525e-01
3.564931154251098633e-01
3.624050319194793701e-01
3.532932698726654053e-01
3.561983704566955566e-01
3.570216894149780273e-01
3.535169959068298340e-01
3.510150909423828125e-01
3.549321591854095459e-01
3.599396646022796631e-01
2.754823565483093262e-01
3.568867146968841553e-01
3.551456332206726074e-01
3.569031953811645508e-01
3.570519685745239258e-01
3.542167544364929199e-01
3.552777171134948730e-01
3.625195026397705078e-01
3.605604767799377441e-01
3.584548830986022949e-01
3.586371243000030518e-01
3.579573929309844971e-01
3.585953116416931152e-01
3.535747528076171875e-01
3.532787263393402100e-01
3.510262668132781982e-01
3.569785952568054199e-01
3.499079346656799316e-01
3.485338985919952393e-01
3.462812304496765137e-01
3.433155715465545654e-01
3.447949588298797607e-01
3.433401882648468018e-01
3.444054126739501953e-01
3.432136774063110352e-01
3.423558175563812256e-01
3.464654684066772461e-01
3.440807461738586426e-01
3.463352918624877930e-01
3.420866727828979492e-01
3.429185152053833008e-01
3.447902798652648926e-01
3.431563377380371094e-01
3.447369933128356934e-01
3.450213670730590820e-01
3.505404591560363770e-01
3.459705710411071777e-01
3.637739419937133789e-01
3.637739419937133789e-01
3.637739419937133789e-01
3.637739419937133789e-01
3.637739419937133789e-01
3.637739419937133789e-01
3.637739419937133789e-01
3.637739419937133789e-01
3.419829607009887695e-01
3.637739419937133789e-01
3.637739419937133789e-01
3.637739419937133789e-01
3.637739419937133789e-01
3.637739419937133789e-01
3.637739419937133789e-01
3.637739419937133789e-01
3.637739419937133789e-01
3.637739419937133789e-01
3.637739419937133789e-01
3.637739419937133789e-01
3.637739419937133789e-01
3.637739419937133789e-01
3.637739419937133789e-01
3.634336888790130615e-01
3.592530786991119385e-01
3.637739419937133789e-01
3.637739419937133789e-01
3.637739419937133789e-01
3.587302565574645996e-01
3.620523214340209961e-01
3.582149744033813477e-01
3.509645462036132812e-01
3.450098633766174316e-01
3.413032293319702148e-01
3.546223640441894531e-01
3.511112332344055176e-01
3.430883884429931641e-01
3.637739419937133789e-01
3.637739419937133789e-01
3.637739419937133789e-01
3.595851063728332520e-01
3.548513650894165039e-01
3.531807661056518555e-01
3.472277522087097168e-01
3.423526883125305176e-01
3.475251793861389160e-01
3.427284955978393555e-01
3.450891673564910889e-01
3.470678329467773438e-01
3.446887433528900146e-01
3.417844772338867188e-01
3.533188104629516602e-01
3.541892170906066895e-01
3.455442190170288086e-01
3.372358083724975586e-01
3.384943902492523193e-01
0.000000000000000000e+00
0.000000000000000000e+00
3.377930819988250732e-01
3.400560617446899414e-01
3.373878598213195801e-01
3.387497067451477051e-01
3.413308262825012207e-01
3.392560184001922607e-01
3.369092345237731934e-01
3.432958722114562988e-01
3.388744890689849854e-01
3.420485854148864746e-01
3.380209803581237793e-01
3.425956368446350098e-01
3.429666161537170410e-01
3.442235589027404785e-01
3.391298651695251465e-01
3.446715474128723145e-01
3.448832035064697266e-01
0.000000000000000000e+00
3.433893918991088867e-01
3.528633117675781250e-01
3.550103306770324707e-01
3.573166728019714355e-01
3.532101511955261230e-01
3.519218564033508301e-01
3.591362833976745605e-01
3.637739419937133789e-01
3.637739419937133789e-01
3.637739419937133789e-01
3.637739419937133789e-01
3.637739419937133789e-01
3.637739419937133789e-01
3.637739419937133789e-01
3.637739419937133789e-01
3.637739419937133789e-01
3.637739419937133789e-01
3.637739419937133789e-01
3.637739419937133789e-01
3.637739419937133789e-01
3.637739419937133789e-01
3.637739419937133789e-01
3.637739419937133789e-01
3.637739419937133789e-01
3.637739419937133789e-01
3.637739419937133789e-01
3.614417314529418945e-01
3.522502183914184570e-01
3.481718897819519043e-01
2.646356523036956787e-01
3.383648991584777832e-01
3.378473520278930664e-01
3.378764390945434570e-01
3.375803828239440918e-01
3.379177153110504150e-01
3.382579088211059570e-01
3.429781198501586914e-01
3.432763218879699707e-01
3.421365618705749512e-01
3.370715975761413574e-01
3.497220277786254883e-01
3.490012884140014648e-01
3.405735790729522705e-01
3.412402272224426270e-01
3.421274423599243164e-01
3.421352505683898926e-01
3.411318063735961914e-01
3.368780016899108887e-01
3.402976989746093750e-01
3.405598402023315430e-01
3.402931392192840576e-01
3.399862051010131836e-01
3.399490714073181152e-01
3.371358513832092285e-01
3.375908732414245605e-01
0.000000000000000000e+00
3.367523550987243652e-01
3.403258025646209717e-01
3.412706255912780762e-01
3.415706157684326172e-01
3.421246409416198730e-01
2.562779188156127930e-02
3.426665067672729492e-01
3.426072001457214355e-01
3.637739419937133789e-01
3.637739419937133789e-01
3.637739419937133789e-01
3.635292053222656250e-01
3.637739419937133789e-01
3.636051416397094727e-01
3.513273000717163086e-01
3.479298353195190430e-01
3.471034169197082520e-01
3.446283340454101562e-01
3.468731045722961426e-01
3.453223705291748047e-01
3.489046096801757812e-01
3.482022285461425781e-01
3.476244807243347168e-01
3.558915257453918457e-01
3.607250452041625977e-01
3.602381944656372070e-01
3.617252707481384277e-01
3.622086644172668457e-01
3.630672693252563477e-01
3.635839819908142090e-01
3.621648550033569336e-01
3.455275893211364746e-01
3.440674543380737305e-01
3.475113511085510254e-01
3.483044207096099854e-01
3.515177369117736816e-01
3.602533340454101562e-01
3.637739419937133789e-01
3.637739419937133789e-01
3.637739419937133789e-01
3.637739419937133789e-01
3.423162698745727539e-01
3.408004045486450195e-01
3.595049977302551270e-01
3.548474311828613281e-01
3.562303185462951660e-01
3.637739419937133789e-01
3.637739419937133789e-01
3.637739419937133789e-01
3.637739419937133789e-01
3.637593388557434082e-01
3.608051538467407227e-01
3.637739419937133789e-01
3.637739419937133789e-01
3.615301251411437988e-01
3.494311571121215820e-01
3.523580431938171387e-01
3.416022658348083496e-01
3.416514992713928223e-01
3.653055429458618164e-01
3.570507466793060303e-01
3.473813533782958984e-01
3.637739419937133789e-01
3.559756278991699219e-01
3.637739419937133789e-01
3.637739419937133789e-01
3.636662065982818604e-01
3.637739419937133789e-01
3.637739419937133789e-01
3.637739419937133789e-01
3.637739419937133789e-01
3.637739419937133789e-01
3.637739419937133789e-01
3.637739419937133789e-01
0.000000000000000000e+00
3.637739419937133789e-01
3.637739419937133789e-01
3.637739419937133789e-01
3.637739419937133789e-01
3.637739419937133789e-01
3.637739419937133789e-01
3.637739419937133789e-01
3.637739419937133789e-01
3.637739419937133789e-01
3.637739419937133789e-01
3.637739419937133789e-01
3.629261255264282227e-01
3.563688397407531738e-01
3.514555692672729492e-01
3.584222793579101562e-01
3.634214997291564941e-01
3.637739419937133789e-01
3.534737527370452881e-01
3.625063300132751465e-01
3.637739419937133789e-01
3.637739419937133789e-01
3.637739419937133789e-01
3.637739419937133789e-01
3.637739419937133789e-01
3.620387911796569824e-01
3.637739419937133789e-01
3.637739419937133789e-01
3.637739419937133789e-01
3.634116649627685547e-01
3.637739419937133789e-01
3.616942763328552246e-01
3.631258606910705566e-01
3.627703487873077393e-01
3.623575568199157715e-01
3.614609837532043457e-01
3.617345690727233887e-01
3.637739419937133789e-01
3.624021410942077637e-01
3.613535761833190918e-01
3.603529334068298340e-01
3.602077960968017578e-01
3.601283431053161621e-01
3.581191301345825195e-01
3.596840500831604004e-01
3.609341382980346680e-01
3.637519478797912598e-01
3.626446127891540527e-01
3.628373742103576660e-01
3.631798624992370605e-01
3.628198504447937012e-01
3.637739419937133789e-01
3.628842830657958984e-01
3.626656532287597656e-01
3.624156117439270020e-01
3.475880026817321777e-01
3.432710766792297363e-01
3.427459597587585449e-01
3.401286602020263672e-01
3.406548202037811279e-01
3.391620516777038574e-01
3.390745520591735840e-01
3.386342227458953857e-01
3.388151824474334717e-01
3.396758437156677246e-01
3.403334021568298340e-01
3.391905426979064941e-01
3.389770388603210449e-01
3.637739419937133789e-01
3.628196716308593750e-01
3.637739419937133789e-01
3.629466295242309570e-01
3.633218407630920410e-01
3.628195822238922119e-01
3.628507256507873535e-01
3.634804487228393555e-01
0.000000000000000000e+00
3.637739419937133789e-01
3.637739419937133789e-01
3.626410961151123047e-01
3.637739419937133789e-01
3.636495471000671387e-01
3.634667992591857910e-01
3.636374175548553467e-01
3.637520670890808105e-01
3.632975518703460693e-01
3.637739419937133789e-01
3.637739419937133789e-01
3.637739419937133789e-01
3.637739419937133789e-01
3.637739419937133789e-01
3.637739419937133789e-01
3.637739419937133789e-01
3.637739419937133789e-01
3.637739419937133789e-01
3.637739419937133789e-01
3.630286455154418945e-01
3.637739419937133789e-01
3.631985187530517578e-01
3.637739419937133789e-01
3.626587390899658203e-01
3.629571497440338135e-01
3.627628087997436523e-01
3.637739419937133789e-01
3.625159263610839844e-01
3.625277876853942871e-01
3.629597425460815430e-01
3.624627590179443359e-01
3.609861731529235840e-01
3.612297475337982178e-01
3.614231348037719727e-01
3.629526197910308838e-01
3.609512448310852051e-01
3.623002469539642334e-01
3.634622693061828613e-01
3.622122406959533691e-01
3.624589443206787109e-01
3.468127250671386719e-01
3.486375212669372559e-01
3.492608964443206787e-01
3.549156785011291504e-01
3.619024157524108887e-01
3.637739419937133789e-01
3.637739419937133789e-01
3.637739419937133789e-01
3.637739419937133789e-01
3.637739419937133789e-01
3.637739419937133789e-01
3.637739419937133789e-01
3.637739419937133789e-01
3.637739419937133789e-01
3.637739419937133789e-01
3.637739419937133789e-01
3.637739419937133789e-01
3.637739419937133789e-01
3.637739419937133789e-01
3.633023500442504883e-01
3.637739419937133789e-01
3.637739419937133789e-01
3.637739419937133789e-01
3.637739419937133789e-01
3.637739419937133789e-01
0.000000000000000000e+00
3.637739419937133789e-01
3.637739419937133789e-01
3.637739419937133789e-01
3.637739419937133789e-01
3.637739419937133789e-01
3.637739419937133789e-01
3.637739419937133789e-01
3.625059127807617188e-01
3.622872829437255859e-01
3.621580004692077637e-01
3.619058132171630859e-01
3.633036911487579346e-01
3.637495040893554688e-01
3.637739419937133789e-01
3.637739419937133789e-01
3.637739419937133789e-01
3.637739419937133789e-01
3.637739419937133789e-01
3.629834651947021484e-01
3.629374504089355469e-01
3.631560206413269043e-01
3.630648255348205566e-01
3.614224195480346680e-01
3.624258637428283691e-01
3.607522845268249512e-01
3.618116378784179688e-01
3.611366152763366699e-01
3.622464537620544434e-01
3.619055747985839844e-01
3.637739419937133789e-01
3.637739419937133789e-01
3.626337945461273193e-01
3.637739419937133789e-01
3.628594279289245605e-01
3.637739419937133789e-01
3.637739419937133789e-01
3.637739419937133789e-01
3.637177348136901855e-01
3.637739419937133789e-01
3.637739419937133789e-01
3.630465865135192871e-01
3.633842170238494873e-01
3.637739419937133789e-01
3.637739419937133789e-01
3.637739419937133789e-01
3.637739419937133789e-01
3.579100966453552246e-01
3.637739419937133789e-01
3.637739419937133789e-01
3.633728623390197754e-01
3.623093366622924805e-01
3.637739419937133789e-01
3.637739419937133789e-01
3.637739419937133789e-01
3.628534674644470215e-01
3.637739419937133789e-01
3.637739419937133789e-01
3.637739419937133789e-01
3.637739419937133789e-01
3.637739419937133789e-01
3.486446142196655273e-01
3.637739419937133789e-01
3.637739419937133789e-01
3.634176850318908691e-01
3.631734848022460938e-01
3.630537390708923340e-01
3.625883460044860840e-01
3.622227907180786133e-01
3.627020120620727539e-01
3.619949221611022949e-01
3.575924634933471680e-01
3.582450151443481445e-01
3.581007122993469238e-01
3.580662608146667480e-01
3.605288267135620117e-01
3.590775728225708008e-01
3.550860285758972168e-01
3.558579087257385254e-01
3.588977456092834473e-01
3.556911945343017578e-01
3.595584928989410400e-01
3.581951260566711426e-01
0.000000000000000000e+00
0.000000000000000000e+00
3.586844503879547119e-01
3.583629131317138672e-01
3.580881953239440918e-01
3.597967624664306641e-01
3.588531017303466797e-01
3.548735082149505615e-01
3.527196645736694336e-01
3.549069166183471680e-01
3.527945876121520996e-01
3.529609143733978271e-01
0.000000000000000000e+00
3.516262769699096680e-01
3.542011976242065430e-01
3.543008565902709961e-01
3.584166169166564941e-01
3.560531139373779297e-01
3.554954230785369873e-01
3.555523455142974854e-01
3.537576794624328613e-01
3.543276786804199219e-01
0.000000000000000000e+00
3.554555773735046387e-01
3.521686792373657227e-01
3.488066792488098145e-01
3.545491099357604980e-01
3.521080315113067627e-01
3.516837358474731445e-01
3.637739419937133789e-01
3.637739419937133789e-01
3.637739419937133789e-01
3.637739419937133789e-01
3.637739419937133789e-01
3.637739419937133789e-01
3.637739419937133789e-01
3.637739419937133789e-01
3.637739419937133789e-01
3.637739419937133789e-01
3.637739419937133789e-01
3.637739419937133789e-01
3.637739419937133789e-01
3.576265871524810791e-01
3.637739419937133789e-01
0.000000000000000000e+00
3.637739419937133789e-01
3.620870113372802734e-01
3.569929599761962891e-01
3.562493920326232910e-01
3.534316420555114746e-01
0.000000000000000000e+00
3.529894948005676270e-01
3.478233516216278076e-01
3.431618213653564453e-01
3.430553674697875977e-01
0.000000000000000000e+00
0.000000000000000000e+00
3.433060646057128906e-01
3.387900590896606445e-01
3.378598988056182861e-01
0.000000000000000000e+00
0.000000000000000000e+00
0.000000000000000000e+00
0.000000000000000000e+00
0.000000000000000000e+00
3.361109495162963867e-01
3.360600769519805908e-01
3.362081646919250488e-01
3.360347747802734375e-01
3.360227942466735840e-01
3.360208868980407715e-01
0.000000000000000000e+00
0.000000000000000000e+00
0.000000000000000000e+00
0.000000000000000000e+00
0.000000000000000000e+00
0.000000000000000000e+00
3.360292315483093262e-01
0.000000000000000000e+00
0.000000000000000000e+00
0.000000000000000000e+00
0.000000000000000000e+00
0.000000000000000000e+00
0.000000000000000000e+00
0.000000000000000000e+00
0.000000000000000000e+00
0.000000000000000000e+00
0.000000000000000000e+00
3.471288084983825684e-01
3.362076282501220703e-01
3.396168947219848633e-01
3.629353940486907959e-01
3.637739419937133789e-01
3.637739419937133789e-01
3.637739419937133789e-01
3.637739419937133789e-01
3.637739419937133789e-01
3.637739419937133789e-01
3.637739419937133789e-01
3.637739419937133789e-01
3.637739419937133789e-01
3.637739419937133789e-01
3.637739419937133789e-01
3.637739419937133789e-01
3.637739419937133789e-01
3.637739419937133789e-01
3.637739419937133789e-01
3.637739419937133789e-01
3.637739419937133789e-01
3.637739419937133789e-01
3.604338765144348145e-01
3.633020520210266113e-01
3.637739419937133789e-01
3.637739419937133789e-01
3.637739419937133789e-01
3.637739419937133789e-01
3.637739419937133789e-01
3.637739419937133789e-01
3.637739419937133789e-01
3.637739419937133789e-01
3.616611361503601074e-01
3.637739419937133789e-01
3.637739419937133789e-01
3.637739419937133789e-01
3.637739419937133789e-01
3.637739419937133789e-01
3.637739419937133789e-01
3.637739419937133789e-01
3.637739419937133789e-01
3.620736002922058105e-01
3.637739419937133789e-01
3.637739419937133789e-01
3.637739419937133789e-01
3.637739419937133789e-01
3.637739419937133789e-01
3.637739419937133789e-01
3.637739419937133789e-01
3.637739419937133789e-01
3.637739419937133789e-01
3.637739419937133789e-01
3.637739419937133789e-01
3.637739419937133789e-01
3.637739419937133789e-01
3.637739419937133789e-01
3.637739419937133789e-01
3.637739419937133789e-01
3.637739419937133789e-01
3.637739419937133789e-01
3.637739419937133789e-01
3.637739419937133789e-01
3.637739419937133789e-01
3.637739419937133789e-01
3.637739419937133789e-01
3.637739419937133789e-01
3.637739419937133789e-01
3.637739419937133789e-01
3.637739419937133789e-01
3.637739419937133789e-01
3.637739419937133789e-01
3.637739419937133789e-01
3.637739419937133789e-01
3.637739419937133789e-01
3.637739419937133789e-01
3.637739419937133789e-01
3.637739419937133789e-01
3.637739419937133789e-01
3.637739419937133789e-01
3.637739419937133789e-01
3.637739419937133789e-01
3.637739419937133789e-01
3.637739419937133789e-01
3.637739419937133789e-01
3.637739419937133789e-01
3.575437068939208984e-01
3.619479835033416748e-01
3.637739419937133789e-01
3.637739419937133789e-01
3.637739419937133789e-01
3.637739419937133789e-01
3.637739419937133789e-01
3.637739419937133789e-01
3.637739419937133789e-01
3.637739419937133789e-01
3.637739419937133789e-01
3.637739419937133789e-01
3.637739419937133789e-01
3.637739419937133789e-01
3.637739419937133789e-01
3.637739419937133789e-01
3.637739419937133789e-01
3.622584939002990723e-01
3.581644296646118164e-01
3.568415045738220215e-01
3.620685935020446777e-01
3.615818321704864502e-01
3.595452904701232910e-01
3.594470024108886719e-01
3.590878248214721680e-01
3.598261475563049316e-01
3.595144748687744141e-01
3.589910268783569336e-01
3.597947955131530762e-01
3.581338524818420410e-01
3.576423525810241699e-01
3.581621646881103516e-01
3.571691513061523438e-01
3.555626869201660156e-01
3.562038540840148926e-01
3.572025299072265625e-01
3.585379123687744141e-01
3.597808480262756348e-01
3.637739419937133789e-01
3.637739419937133789e-01
3.637739419937133789e-01
3.637739419937133789e-01
3.637739419937133789e-01
3.637739419937133789e-01
3.637739419937133789e-01
3.637739419937133789e-01
3.637739419937133789e-01
3.637739419937133789e-01
3.637739419937133789e-01
3.637739419937133789e-01
3.626618981361389160e-01
3.624794781208038330e-01
3.636064827442169189e-01
3.617357611656188965e-01
3.628200590610504150e-01
3.613906502723693848e-01
3.630596399307250977e-01
3.621599078178405762e-01
3.629471063613891602e-01
3.636049330234527588e-01
3.637739419937133789e-01
3.637739419937133789e-01
3.637739419937133789e-01
3.554937243461608887e-01
3.488064706325531006e-01
3.413600325584411621e-01
3.449998497962951660e-01
3.462031483650207520e-01
3.456789851188659668e-01
3.524796962738037109e-01
3.475351929664611816e-01
3.470746874809265137e-01
3.493909239768981934e-01
3.582226037979125977e-01
3.598691821098327637e-01
3.611702919006347656e-01
3.632193207740783691e-01
3.621290922164916992e-01
3.627457618713378906e-01
3.637739419937133789e-01
3.629336357116699219e-01
3.623986840248107910e-01
3.586113452911376953e-01
3.574504256248474121e-01
3.608195185661315918e-01
3.600044846534729004e-01
3.549022078514099121e-01
3.556118607521057129e-01
3.600875139236450195e-01
3.637739419937133789e-01
3.637739419937133789e-01
3.637739419937133789e-01
3.637739419937133789e-01
3.637739419937133789e-01
3.635807931423187256e-01
3.637739419937133789e-01
3.637739419937133789e-01
3.637739419937133789e-01
3.637739419937133789e-01
3.637016415596008301e-01
3.637739419937133789e-01
3.637739419937133789e-01
3.637739419937133789e-01
3.637739419937133789e-01
3.637739419937133789e-01
3.637739419937133789e-01
3.637739419937133789e-01
3.637739419937133789e-01
3.626357913017272949e-01
3.620725274085998535e-01
3.627634644508361816e-01
3.623666763305664062e-01
3.637739419937133789e-01
3.620946407318115234e-01
3.637739419937133789e-01
3.637739419937133789e-01
3.636647462844848633e-01
3.625102341175079346e-01
3.625602126121520996e-01
3.637739419937133789e-01
3.637739419937133789e-01
3.637739419937133789e-01
3.637739419937133789e-01
3.632664084434509277e-01
3.622860312461853027e-01
3.069820702075958252e-01
0.000000000000000000e+00
0.000000000000000000e+00
3.629164099693298340e-01
0.000000000000000000e+00
3.635573387145996094e-01
0.000000000000000000e+00
3.594133853912353516e-01
3.558908700942993164e-01
3.541328310966491699e-01
3.522658944129943848e-01
3.474961519241333008e-01
3.459161221981048584e-01
3.394501805305480957e-01
3.387371897697448730e-01
3.423512279987335205e-01
0.000000000000000000e+00
3.372887969017028809e-01
0.000000000000000000e+00
3.363762497901916504e-01
0.000000000000000000e+00
0.000000000000000000e+00
3.361088633537292480e-01
0.000000000000000000e+00
0.000000000000000000e+00
0.000000000000000000e+00
0.000000000000000000e+00
3.360632061958312988e-01
3.360168337821960449e-01
0.000000000000000000e+00
0.000000000000000000e+00
0.000000000000000000e+00
0.000000000000000000e+00
0.000000000000000000e+00
0.000000000000000000e+00
3.359890282154083252e-01
0.000000000000000000e+00
0.000000000000000000e+00
0.000000000000000000e+00
0.000000000000000000e+00
3.359815180301666260e-01
3.359811604022979736e-01
3.359811305999755859e-01
3.359812200069427490e-01
3.375640511512756348e-01
3.445546627044677734e-01
3.637739419937133789e-01
3.637739419937133789e-01
3.637739419937133789e-01
3.586986958980560303e-01
3.637739419937133789e-01
3.637739419937133789e-01
3.637739419937133789e-01
3.637739419937133789e-01
3.637739419937133789e-01
3.637739419937133789e-01
3.637739419937133789e-01
3.637739419937133789e-01
3.637739419937133789e-01
3.637739419937133789e-01
3.637739419937133789e-01
3.637739419937133789e-01
3.637739419937133789e-01
3.637739419937133789e-01
3.637739419937133789e-01
3.630962967872619629e-01
3.632765412330627441e-01
3.636016249656677246e-01
3.622879385948181152e-01
3.606853187084197998e-01
3.603149354457855225e-01
3.637739419937133789e-01
3.637739419937133789e-01
3.637739419937133789e-01
3.637739419937133789e-01
3.637739419937133789e-01
3.637739419937133789e-01
3.637739419937133789e-01
3.637739419937133789e-01
3.637739419937133789e-01
3.637739419937133789e-01
3.637739419937133789e-01
3.637739419937133789e-01
3.637739419937133789e-01
3.637739419937133789e-01
3.637739419937133789e-01
3.637739419937133789e-01
3.637739419937133789e-01
3.637739419937133789e-01
3.637739419937133789e-01
3.637739419937133789e-01
3.637739419937133789e-01
3.637739419937133789e-01
3.637739419937133789e-01
3.637739419937133789e-01
3.637739419937133789e-01
3.637739419937133789e-01
3.637739419937133789e-01
3.637739419937133789e-01
0.000000000000000000e+00
3.637739419937133789e-01
3.637739419937133789e-01
3.637739419937133789e-01
3.637739419937133789e-01
3.637739419937133789e-01
3.637739419937133789e-01
3.637739419937133789e-01
3.637739419937133789e-01
3.637739419937133789e-01
3.637739419937133789e-01
3.637392520904541016e-01
3.636068105697631836e-01
3.622423410415649414e-01
3.613085746765136719e-01
3.618094325065612793e-01
3.614000678062438965e-01
3.613470494747161865e-01
3.635984063148498535e-01
3.624132871627807617e-01
3.611955046653747559e-01
3.611426949501037598e-01
3.615055084228515625e-01
3.610700368881225586e-01
3.618193566799163818e-01
3.625088334083557129e-01
3.637739419937133789e-01
3.637739419937133789e-01
3.630415201187133789e-01
3.637739419937133789e-01
3.637739419937133789e-01
3.637739419937133789e-01
3.637739419937133789e-01
3.637739419937133789e-01
3.637739419937133789e-01
3.637739419937133789e-01
3.637731671333312988e-01
3.637739419937133789e-01
3.637739419937133789e-01
3.637739419937133789e-01
3.637739419937133789e-01
3.637739419937133789e-01
3.637739419937133789e-01
3.637739419937133789e-01
3.637739419937133789e-01
3.637739419937133789e-01
3.637739419937133789e-01
3.637739419937133789e-01
3.637739419937133789e-01
3.637739419937133789e-01
3.637739419937133789e-01
3.637739419937133789e-01
3.637739419937133789e-01
3.637739419937133789e-01
3.637739419937133789e-01
3.637739419937133789e-01
3.637739419937133789e-01
3.637739419937133789e-01
3.637739419937133789e-01
3.637739419937133789e-01
3.637739419937133789e-01
3.637739419937133789e-01
3.637739419937133789e-01
3.637739419937133789e-01
3.637739419937133789e-01
3.637739419937133789e-01
3.637739419937133789e-01
3.637739419937133789e-01
3.637739419937133789e-01
3.637739419937133789e-01
3.637739419937133789e-01
3.637739419937133789e-01
3.637739419937133789e-01
3.637739419937133789e-01
3.637739419937133789e-01
3.637739419937133789e-01
3.637739419937133789e-01
3.637739419937133789e-01
3.634615540504455566e-01
3.627977967262268066e-01
3.630874752998352051e-01
3.637739419937133789e-01
3.637739419937133789e-01
3.637739419937133789e-01
3.637739419937133789e-01
3.637739419937133789e-01
3.637739419937133789e-01
3.637739419937133789e-01
3.633895814418792725e-01
3.637739419937133789e-01
3.618665635585784912e-01
3.622423410415649414e-01
3.621757626533508301e-01
3.636214733123779297e-01
3.623019456863403320e-01
3.615705370903015137e-01
3.637739419937133789e-01
3.637739419937133789e-01
3.637739419937133789e-01
3.637739419937133789e-01
3.637739419937133789e-01
3.637739419937133789e-01
3.637739419937133789e-01
3.637739419937133789e-01
3.637739419937133789e-01
3.637739419937133789e-01
3.637739419937133789e-01
3.637739419937133789e-01
3.637739419937133789e-01
3.621684312820434570e-01
3.627824783325195312e-01
3.637739419937133789e-01
3.637739419937133789e-01
3.637739419937133789e-01
3.633939325809478760e-01
3.630772233009338379e-01
3.623462915420532227e-01
3.624497056007385254e-01
3.637739419937133789e-01
3.637739419937133789e-01
3.637739419937133789e-01
3.637739419937133789e-01
3.632112145423889160e-01
3.627102971076965332e-01
3.628152012825012207e-01
3.628829419612884521e-01
3.625304698944091797e-01
3.628591299057006836e-01
3.630350232124328613e-01
3.565333187580108643e-01
3.587870299816131592e-01
3.538540005683898926e-01
3.482013344764709473e-01
3.507786989212036133e-01
3.427276015281677246e-01
3.487299084663391113e-01
3.528793454170227051e-01
3.501277267932891846e-01
3.506918549537658691e-01
3.495970070362091064e-01
3.488470911979675293e-01
3.493453264236450195e-01
0.000000000000000000e+00
0.000000000000000000e+00
3.487316966056823730e-01
3.497274219989776611e-01
3.496030569076538086e-01
3.515002131462097168e-01
3.513392806053161621e-01
3.538191914558410645e-01
3.580365478992462158e-01
3.568274974822998047e-01
3.580974638462066650e-01
3.508616089820861816e-01
3.526860475540161133e-01
3.529853820800781250e-01
3.573057651519775391e-01
3.632816076278686523e-01
3.479378819465637207e-01
3.434922099113464355e-01
3.397380113601684570e-01
3.420115113258361816e-01
3.447008132934570312e-01
3.395087718963623047e-01
3.374868035316467285e-01
3.374652266502380371e-01
3.394832015037536621e-01
3.368459343910217285e-01
3.363675475120544434e-01
3.363236784934997559e-01
3.363088369369506836e-01
3.362591862678527832e-01
3.362704515457153320e-01
3.397024273872375488e-01
3.399998545646667480e-01
3.407397866249084473e-01
3.396073579788208008e-01
3.403061032295227051e-01
3.462197184562683105e-01
3.415880799293518066e-01
3.466985225677490234e-01
3.434097766876220703e-01
3.461083173751831055e-01
3.499181270599365234e-01
3.617644906044006348e-01
3.637739419937133789e-01
3.637739419937133789e-01
3.637739419937133789e-01
3.637739419937133789e-01
3.637739419937133789e-01
3.637739419937133789e-01
3.637739419937133789e-01
3.637739419937133789e-01
3.637739419937133789e-01
3.637739419937133789e-01
3.637739419937133789e-01
3.637739419937133789e-01
3.637739419937133789e-01
3.605824112892150879e-01
3.500857949256896973e-01
3.429199159145355225e-01
3.391472101211547852e-01
3.385967612266540527e-01
3.439691066741943359e-01
3.447869718074798584e-01
3.383520245552062988e-01
3.369080424308776855e-01
3.394395411014556885e-01
3.374252915382385254e-01
3.376909494400024414e-01
3.384111523628234863e-01
3.402116894721984863e-01
3.384860754013061523e-01
3.401922285556793213e-01
3.456126451492309570e-01
3.485803604125976562e-01
3.629068732261657715e-01
3.612551689147949219e-01
3.605149984359741211e-01
3.574308156967163086e-01
3.547843098640441895e-01
3.489621877670288086e-01
3.445456027984619141e-01
3.414461016654968262e-01
3.376444876194000244e-01
3.371310234069824219e-01
3.367207050323486328e-01
3.372054696083068848e-01
3.498114347457885742e-01
3.477457761764526367e-01
3.474355936050415039e-01
3.501743674278259277e-01
3.434773087501525879e-01
3.411269187927246094e-01
3.397848606109619141e-01
3.365204334259033203e-01
0.000000000000000000e+00
3.413022756576538086e-01
3.425678610801696777e-01
3.411324620246887207e-01
3.450711369514465332e-01
3.433529734611511230e-01
3.442880511283874512e-01
3.425036668777465820e-01
3.400877416133880615e-01
3.410066962242126465e-01
0.000000000000000000e+00
3.393867611885070801e-01
3.395199775695800781e-01
3.398898243904113770e-01
3.389394283294677734e-01
3.431185483932495117e-01
3.394570350646972656e-01
3.386105298995971680e-01
3.406684398651123047e-01
3.434904217720031738e-01
3.465737700462341309e-01
3.483329415321350098e-01
3.463010787963867188e-01
3.478398323059082031e-01
3.427096009254455566e-01
3.492918014526367188e-01
3.637739419937133789e-01
3.634604811668395996e-01
3.629342019557952881e-01
3.609278798103332520e-01
3.605645596981048584e-01
3.610190153121948242e-01
3.613111972808837891e-01
3.602414131164550781e-01
3.599782586097717285e-01
3.615779280662536621e-01
3.622098863124847412e-01
3.586539924144744873e-01
3.637739419937133789e-01
3.632458448410034180e-01
3.637739419937133789e-01
3.637739419937133789e-01
3.637739419937133789e-01
3.637739419937133789e-01
3.635169565677642822e-01
3.637739419937133789e-01
3.637739419937133789e-01
3.634996414184570312e-01
3.471949696540832520e-01
3.486273884773254395e-01
3.529770374298095703e-01
3.628946542739868164e-01
3.637739419937133789e-01
3.637739419937133789e-01
3.637739419937133789e-01
3.637739419937133789e-01
3.637739419937133789e-01
3.626194596290588379e-01
3.637739419937133789e-01
3.631274104118347168e-01
3.627725243568420410e-01
3.630941510200500488e-01
3.632249236106872559e-01
3.611648678779602051e-01
3.562698066234588623e-01
3.637739419937133789e-01
3.637633323669433594e-01
3.625506162643432617e-01
3.610177934169769287e-01
3.591760993003845215e-01
3.554108738899230957e-01
3.542258143424987793e-01
3.550457954406738281e-01
3.507825136184692383e-01
3.495228886604309082e-01
3.493943810462951660e-01
3.494939208030700684e-01
3.497331142425537109e-01
3.487412333488464355e-01
3.485143184661865234e-01
3.489216566085815430e-01
3.473411202430725098e-01
3.488989472389221191e-01
3.484528958797454834e-01
3.472150564193725586e-01
3.486365675926208496e-01
3.485851883888244629e-01
3.482539653778076172e-01
3.511053919792175293e-01
3.574342429637908936e-01
3.615667223930358887e-01
3.618505001068115234e-01
3.613937795162200928e-01
3.612585067749023438e-01
3.631339371204376221e-01
3.624780774116516113e-01
3.622205853462219238e-01
3.621014654636383057e-01
3.617506623268127441e-01
3.615479469299316406e-01
3.590255379676818848e-01
3.591577410697937012e-01
3.588916957378387451e-01
3.558490276336669922e-01
3.549641668796539307e-01
3.600511252880096436e-01
3.617921471595764160e-01
3.626863360404968262e-01
3.637739419937133789e-01
3.637739419937133789e-01
3.637739419937133789e-01
3.637739419937133789e-01
3.637739419937133789e-01
3.585796952247619629e-01
3.506981730461120605e-01
3.516817092895507812e-01
3.465996980667114258e-01
3.541448116302490234e-01
3.479509353637695312e-01
3.419359922409057617e-01
3.465631008148193359e-01
3.431363701820373535e-01
3.421690165996551514e-01
3.403335809707641602e-01
3.412392735481262207e-01
3.448630869388580322e-01
3.442011475563049316e-01
3.498041331768035889e-01
3.508960604667663574e-01
3.506729006767272949e-01
3.591489195823669434e-01
3.637739419937133789e-01
3.637739419937133789e-01
3.637739419937133789e-01
3.637739419937133789e-01
3.637739419937133789e-01
3.637739419937133789e-01
3.637739419937133789e-01
3.637739419937133789e-01
3.637739419937133789e-01
3.637739419937133789e-01
3.637739419937133789e-01
3.637739419937133789e-01
3.637739419937133789e-01
3.637739419937133789e-01
3.637739419937133789e-01
3.637739419937133789e-01
3.637739419937133789e-01
3.637739419937133789e-01
0.000000000000000000e+00
3.637739419937133789e-01
3.618016242980957031e-01
3.638705611228942871e-01
9.669360518455505371e-02
3.620635271072387695e-01
3.637739419937133789e-01
3.637739419937133789e-01
3.444457650184631348e-01
3.423131406307220459e-01
3.452926576137542725e-01
3.411368727684020996e-01
3.413158655166625977e-01
3.383557498455047607e-01
3.492817878723144531e-01
3.545604944229125977e-01
0.000000000000000000e+00
0.000000000000000000e+00
3.549343347549438477e-01
3.551464676856994629e-01
0.000000000000000000e+00
0.000000000000000000e+00
3.487591445446014404e-01
3.493250608444213867e-01
3.440701365470886230e-01
3.384108841419219971e-01
3.432848155498504639e-01
3.455886840820312500e-01
3.454779088497161865e-01
3.447627723217010498e-01
3.476014733314514160e-01
3.457207083702087402e-01
3.461980223655700684e-01
3.476926684379577637e-01
3.507420420646667480e-01
3.583410382270812988e-01
3.637739419937133789e-01
3.637739419937133789e-01
3.637739419937133789e-01
3.637739419937133789e-01
3.637739419937133789e-01
3.637739419937133789e-01
3.637739419937133789e-01
3.637739419937133789e-01
3.637739419937133789e-01
3.637739419937133789e-01
3.637739419937133789e-01
3.637739419937133789e-01
3.564136922359466553e-01
3.637739419937133789e-01
3.637739419937133789e-01
3.586670756340026855e-01
3.637739419937133789e-01
3.637739419937133789e-01
3.637739419937133789e-01
3.637739419937133789e-01
3.637739419937133789e-01
3.637739419937133789e-01
3.637739419937133789e-01
3.637739419937133789e-01
3.637739419937133789e-01
3.637739419937133789e-01
3.637739419937133789e-01
3.637739419937133789e-01
3.637739419937133789e-01
3.637739419937133789e-01
3.637739419937133789e-01
3.582313060760498047e-01
3.578562140464782715e-01
3.601045012474060059e-01
3.623780906200408936e-01
3.621786236763000488e-01
3.614969849586486816e-01
3.616439104080200195e-01
3.637739419937133789e-01
3.637739419937133789e-01
3.637739419937133789e-01
3.637739419937133789e-01
3.635622859001159668e-01
3.611667156219482422e-01
3.613198995590209961e-01
3.633044362068176270e-01
3.637739419937133789e-01
3.637739419937133789e-01
3.637739419937133789e-01
3.637739419937133789e-01
3.637739419937133789e-01
3.637739419937133789e-01
3.637739419937133789e-01
3.637303113937377930e-01
3.637739419937133789e-01
3.637739419937133789e-01
3.637739419937133789e-01
3.637739419937133789e-01
3.637739419937133789e-01
3.637739419937133789e-01
3.637739419937133789e-01
3.637739419937133789e-01
3.637739419937133789e-01
3.637739419937133789e-01
3.637739419937133789e-01
3.637739419937133789e-01
3.637739419937133789e-01
3.637739419937133789e-01
3.637739419937133789e-01
3.637739419937133789e-01
3.637739419937133789e-01
3.637739419937133789e-01
3.637739419937133789e-01
3.637739419937133789e-01
3.637739419937133789e-01
3.637739419937133789e-01
3.637739419937133789e-01
3.637739419937133789e-01
3.637739419937133789e-01
3.637739419937133789e-01
3.637739419937133789e-01
3.637739419937133789e-01
3.637739419937133789e-01
3.637739419937133789e-01
3.637739419937133789e-01
3.637739419937133789e-01
3.637739419937133789e-01
3.637739419937133789e-01
3.637739419937133789e-01
3.637739419937133789e-01
3.637739419937133789e-01
3.637739419937133789e-01
3.637739419937133789e-01
3.637739419937133789e-01
3.637739419937133789e-01
3.637739419937133789e-01
3.637739419937133789e-01
3.637739419937133789e-01
3.637739419937133789e-01
3.637739419937133789e-01
3.637739419937133789e-01
3.626157045364379883e-01
3.637739419937133789e-01
3.637739419937133789e-01
3.637739419937133789e-01
3.637739419937133789e-01
3.637739419937133789e-01
3.637739419937133789e-01
3.637739419937133789e-01
3.620516657829284668e-01
3.620448708534240723e-01
3.618771433830261230e-01
3.619707226753234863e-01
3.613889813423156738e-01
3.623226284980773926e-01
3.624573945999145508e-01
3.621499538421630859e-01
3.613939583301544189e-01
3.614755868911743164e-01
3.613217473030090332e-01
3.614987730979919434e-01
3.625956177711486816e-01
3.628973364830017090e-01
3.637739419937133789e-01
3.626160025596618652e-01
3.637739419937133789e-01
3.626882433891296387e-01
3.620676398277282715e-01
3.633790016174316406e-01
3.619142174720764160e-01
0.000000000000000000e+00
0.000000000000000000e+00
3.611490130424499512e-01
3.611059784889221191e-01
3.611874282360076904e-01
3.616589307785034180e-01
3.611603379249572754e-01
3.629607558250427246e-01
3.619503974914550781e-01
3.616465330123901367e-01
3.614754378795623779e-01
3.612571358680725098e-01
3.629495501518249512e-01
3.620349764823913574e-01
3.637739419937133789e-01
3.634353280067443848e-01
3.623771071434020996e-01
3.637739419937133789e-01
3.632372617721557617e-01
3.637739419937133789e-01
3.637739419937133789e-01
3.637739419937133789e-01
3.579573631286621094e-01
3.637739419937133789e-01
3.637739419937133789e-01
3.637739419937133789e-01
3.637739419937133789e-01
3.637739419937133789e-01
3.637739419937133789e-01
3.637739419937133789e-01
3.637739419937133789e-01
3.637739419937133789e-01
3.622772097587585449e-01
3.637205958366394043e-01
3.636144995689392090e-01
3.624123930931091309e-01
3.628205060958862305e-01
3.629488646984100342e-01
3.637739419937133789e-01
3.637739419937133789e-01
3.620584011077880859e-01
3.634878993034362793e-01
3.617183566093444824e-01
3.624154925346374512e-01
3.628445267677307129e-01
3.620250821113586426e-01
3.616694509983062744e-01
3.611660003662109375e-01
3.611506223678588867e-01
3.611671924591064453e-01
3.611100316047668457e-01
3.615622520446777344e-01
3.616103827953338623e-01
3.557728528976440430e-01
0.000000000000000000e+00
0.000000000000000000e+00
0.000000000000000000e+00
0.000000000000000000e+00
3.455291390419006348e-01
3.434810042381286621e-01
3.426482677459716797e-01
3.441799879074096680e-01
3.459739685058593750e-01
3.438310623168945312e-01
3.429863452911376953e-01
3.444560170173645020e-01
3.435330986976623535e-01
3.474458456039428711e-01
3.425979614257812500e-01
3.414570093154907227e-01
3.401564955711364746e-01
0.000000000000000000e+00
3.380984663963317871e-01
3.365215659141540527e-01
3.365394473075866699e-01
3.378916382789611816e-01
0.000000000000000000e+00
0.000000000000000000e+00
0.000000000000000000e+00
0.000000000000000000e+00
3.376114666461944580e-01
3.369972705841064453e-01
3.371781706809997559e-01
3.369672298431396484e-01
3.399444818496704102e-01
3.634629249572753906e-01
3.637739419937133789e-01
3.637739419937133789e-01
3.637739419937133789e-01
3.637739419937133789e-01
3.637739419937133789e-01
3.637739419937133789e-01
3.637739419937133789e-01
3.637739419937133789e-01
3.591036796569824219e-01
3.616968989372253418e-01
3.592784702777862549e-01
3.544809818267822266e-01
3.504579067230224609e-01
3.502806425094604492e-01
3.501308262348175049e-01
3.518983721733093262e-01
3.483634591102600098e-01
3.494512438774108887e-01
3.476256728172302246e-01
3.467472493648529053e-01
3.360442519187927246e-01
3.361334204673767090e-01
3.360996842384338379e-01
3.361334204673767090e-01
3.360857069492340088e-01
3.360856175422668457e-01
3.360695838928222656e-01
3.360863924026489258e-01
3.361455202102661133e-01
3.361637592315673828e-01
3.360952138900756836e-01
3.361239433288574219e-01
3.361261487007141113e-01
3.361691236495971680e-01
3.360596895217895508e-01
3.360716104507446289e-01
3.361055850982666016e-01
3.360847830772399902e-01
3.360908627510070801e-01
3.360772728919982910e-01
3.360946774482727051e-01
3.362281918525695801e-01
3.362981081008911133e-01
3.364732265472412109e-01
3.362193703651428223e-01
3.361942172050476074e-01
3.364309668540954590e-01
3.367686271667480469e-01
3.371262550354003906e-01
3.376625180244445801e-01
3.424209058284759521e-01
3.456480503082275391e-01
3.504377901554107666e-01
3.529432415962219238e-01
3.557385802268981934e-01
3.512688279151916504e-01
3.483623862266540527e-01
3.504016101360321045e-01
3.537029027938842773e-01
3.591157793998718262e-01
3.627372682094573975e-01
3.637739419937133789e-01
3.490483462810516357e-01
3.450831174850463867e-01
3.394528627395629883e-01
3.393576145172119141e-01
3.396543562412261963e-01
3.445726633071899414e-01
3.493961989879608154e-01
3.405603766441345215e-01
3.474767208099365234e-01
3.382951617240905762e-01
3.385331332683563232e-01
3.398591876029968262e-01
3.380762338638305664e-01
3.377608060836791992e-01
3.367660045623779297e-01
3.367325067520141602e-01
3.369976878166198730e-01
3.370252549648284912e-01
3.368920087814331055e-01
3.370227813720703125e-01
3.397424221038818359e-01
3.377223014831542969e-01
3.366577327251434326e-01
3.365309834480285645e-01
3.366220593452453613e-01
3.372663855552673340e-01
3.380177021026611328e-01
3.413558602333068848e-01
3.446570038795471191e-01
3.483809232711791992e-01
3.440826833248138428e-01
3.482139408588409424e-01
3.569182753562927246e-01
3.637739419937133789e-01
3.637739419937133789e-01
3.566412925720214844e-01
3.428658246994018555e-01
3.417402505874633789e-01
3.443281650543212891e-01
3.570134639739990234e-01
3.609250783920288086e-01
3.637739419937133789e-01
3.637739419937133789e-01
3.637739419937133789e-01
3.613791465759277344e-01
3.622976541519165039e-01
3.606103658676147461e-01
3.593664765357971191e-01
3.603604435920715332e-01
3.608249425888061523e-01
3.608600497245788574e-01
3.619841635227203369e-01
3.632825314998626709e-01
3.637739419937133789e-01
3.635384440422058105e-01
3.426749110221862793e-01
3.387153446674346924e-01
3.407956361770629883e-01
3.401229381561279297e-01
3.414010405540466309e-01
3.535253405570983887e-01
3.576098680496215820e-01
3.637739419937133789e-01
3.637739419937133789e-01
3.637739419937133789e-01
3.637739419937133789e-01
3.637739419937133789e-01
3.621746897697448730e-01
3.637739419937133789e-01
3.637739419937133789e-01
3.637739419937133789e-01
3.637739419937133789e-01
3.637739419937133789e-01
3.637739419937133789e-01
3.637739419937133789e-01
3.637739419937133789e-01
3.637739419937133789e-01
3.637739419937133789e-01
3.637739419937133789e-01
3.637739419937133789e-01
3.637739419937133789e-01
3.637739419937133789e-01
3.637739419937133789e-01
3.637739419937133789e-01
3.619112372398376465e-01
3.637739419937133789e-01
3.637739419937133789e-01
3.637739419937133789e-01
3.637739419937133789e-01
3.637739419937133789e-01
3.637739419937133789e-01
3.637739419937133789e-01
3.637739419937133789e-01
3.637739419937133789e-01
3.637739419937133789e-01
3.598781228065490723e-01
3.571616411209106445e-01
3.517944216728210449e-01
3.528431951999664307e-01
3.521351218223571777e-01
3.524594306945800781e-01
3.547425270080566406e-01
3.503893017768859863e-01
3.498055338859558105e-01
3.469745814800262451e-01
3.448017835617065430e-01
3.456227183341979980e-01
3.461399078369140625e-01
3.472478985786437988e-01
3.508083820343017578e-01
3.524507284164428711e-01
3.530091047286987305e-01
3.524259328842163086e-01
3.472510874271392822e-01
3.486186861991882324e-01
3.503691554069519043e-01
3.539785146713256836e-01
3.568536341190338135e-01
3.637739419937133789e-01
3.637739419937133789e-01
3.637739419937133789e-01
3.637739419937133789e-01
3.582625389099121094e-01
3.633496165275573730e-01
3.637739419937133789e-01
3.637739419937133789e-01
3.637739419937133789e-01
3.627140522003173828e-01
3.637739419937133789e-01
3.637739419937133789e-01
3.637739419937133789e-01
3.637739419937133789e-01
3.637739419937133789e-01
3.637739419937133789e-01
3.619461059570312500e-01
3.597645163536071777e-01
3.588710427284240723e-01
3.563103377819061279e-01
3.617081046104431152e-01
3.599420189857482910e-01
3.563396930694580078e-01
3.562529385089874268e-01
3.604483306407928467e-01
3.585619330406188965e-01
3.563783764839172363e-01
3.555511832237243652e-01
3.442731201648712158e-01
0.000000000000000000e+00
3.503775000572204590e-01
0.000000000000000000e+00
3.443278670310974121e-01
3.456079661846160889e-01
3.495939075946807861e-01
3.455557227134704590e-01
3.473433852195739746e-01
3.464021682739257812e-01
3.473301827907562256e-01
3.454404473304748535e-01
3.463433384895324707e-01
3.453091382980346680e-01
3.446218371391296387e-01
3.451537489891052246e-01
3.536381125450134277e-01
3.465802669525146484e-01
3.549605607986450195e-01
3.373028635978698730e-01
3.615643382072448730e-01
3.637739419937133789e-01
3.637739419937133789e-01
3.637739419937133789e-01
3.637739419937133789e-01
3.637231588363647461e-01
3.626982569694519043e-01
3.623022735118865967e-01
3.616094291210174561e-01
3.611710667610168457e-01
0.000000000000000000e+00
3.611404299736022949e-01
3.611982762813568115e-01
3.626451492309570312e-01
3.629627227783203125e-01
3.637739419937133789e-01
3.637739419937133789e-01
3.615059554576873779e-01
3.620337247848510742e-01
3.627275824546813965e-01
3.626943230628967285e-01
3.637739419937133789e-01
3.637739419937133789e-01
3.637739419937133789e-01
3.637739419937133789e-01
3.637739419937133789e-01
3.637739419937133789e-01
3.637739419937133789e-01
3.637739419937133789e-01
3.637739419937133789e-01
3.637739419937133789e-01
3.637739419937133789e-01
3.637739419937133789e-01
3.637739419937133789e-01
3.637739419937133789e-01
3.637739419937133789e-01
3.637739419937133789e-01
3.637739419937133789e-01
3.637739419937133789e-01
3.637739419937133789e-01
3.637739419937133789e-01
3.637739419937133789e-01
3.637739419937133789e-01
3.615834116935729980e-01
0.000000000000000000e+00
0.000000000000000000e+00
0.000000000000000000e+00
0.000000000000000000e+00
0.000000000000000000e+00
0.000000000000000000e+00
0.000000000000000000e+00
0.000000000000000000e+00
0.000000000000000000e+00
0.000000000000000000e+00
3.421572148799896240e-01
0.000000000000000000e+00
0.000000000000000000e+00
0.000000000000000000e+00
3.615212440490722656e-01
0.000000000000000000e+00
0.000000000000000000e+00
0.000000000000000000e+00
0.000000000000000000e+00
3.614760041236877441e-01
3.616072237491607666e-01
3.613459765911102295e-01
0.000000000000000000e+00
3.614348769187927246e-01
3.615720570087432861e-01
3.613393008708953857e-01
3.613922595977783203e-01
0.000000000000000000e+00
0.000000000000000000e+00
0.000000000000000000e+00
0.000000000000000000e+00
0.000000000000000000e+00
3.613794445991516113e-01
3.613965511322021484e-01
3.614788651466369629e-01
3.614719808101654053e-01
3.622913062572479248e-01
3.626109957695007324e-01
3.636866807937622070e-01
3.637739419937133789e-01
3.637739419937133789e-01
3.637739419937133789e-01
3.637739419937133789e-01
0.000000000000000000e+00
3.637739419937133789e-01
3.637739419937133789e-01
3.637739419937133789e-01
3.637739419937133789e-01
3.637739419937133789e-01
3.637739419937133789e-01
3.637739419937133789e-01
3.637739419937133789e-01
3.637739419937133789e-01
3.637739419937133789e-01
3.637739419937133789e-01
3.637739419937133789e-01
3.637739419937133789e-01
3.637739419937133789e-01
3.637739419937133789e-01
3.637739419937133789e-01
3.637739419937133789e-01
3.637739419937133789e-01
3.637739419937133789e-01
3.637739419937133789e-01
3.637739419937133789e-01
3.637739419937133789e-01
3.637739419937133789e-01
3.637739419937133789e-01
3.637739419937133789e-01
3.637739419937133789e-01
3.637739419937133789e-01
3.637739419937133789e-01
3.637739419937133789e-01
3.637739419937133789e-01
3.637739419937133789e-01
3.637739419937133789e-01
3.637739419937133789e-01
3.637739419937133789e-01
3.637739419937133789e-01
3.637739419937133789e-01
3.637739419937133789e-01
3.637739419937133789e-01
3.637739419937133789e-01
3.637739419937133789e-01
3.637739419937133789e-01
3.637739419937133789e-01
3.637739419937133789e-01
3.637739419937133789e-01
3.637739419937133789e-01
3.637739419937133789e-01
3.637739419937133789e-01
3.637739419937133789e-01
3.637739419937133789e-01
3.637739419937133789e-01
3.637739419937133789e-01
3.637739419937133789e-01
3.637739419937133789e-01
3.637739419937133789e-01
3.637739419937133789e-01
3.637739419937133789e-01
3.637739419937133789e-01
3.637739419937133789e-01
3.637739419937133789e-01
3.637739419937133789e-01
3.637739419937133789e-01
3.637739419937133789e-01
3.637739419937133789e-01
3.637739419937133789e-01
3.637739419937133789e-01
3.637739419937133789e-01
3.637739419937133789e-01
3.637739419937133789e-01
3.637739419937133789e-01
3.637739419937133789e-01
3.637739419937133789e-01
3.635407388210296631e-01
3.630390167236328125e-01
3.632032573223114014e-01
3.627628684043884277e-01
3.630577325820922852e-01
3.628546595573425293e-01
3.632174730300903320e-01
3.624326586723327637e-01
3.624429404735565186e-01
3.615649640560150146e-01
3.630501031875610352e-01
3.610993325710296631e-01
3.600984215736389160e-01
3.610687851905822754e-01
3.604083657264709473e-01
3.600407838821411133e-01
3.616804480552673340e-01
3.609103560447692871e-01
3.610830008983612061e-01
3.610357046127319336e-01
3.607468903064727783e-01
3.604598045349121094e-01
3.614731431007385254e-01
3.614111840724945068e-01
3.613063693046569824e-01
3.616109490394592285e-01
3.607539534568786621e-01
3.617786765098571777e-01
3.610158562660217285e-01
3.610444068908691406e-01
3.597567081451416016e-01
3.603720068931579590e-01
3.583601117134094238e-01
3.586421012878417969e-01
3.589024543762207031e-01
3.602257668972015381e-01
3.629884123802185059e-01
3.618468642234802246e-01
3.614583909511566162e-01
3.624303638935089111e-01
3.615353107452392578e-01
3.613532185554504395e-01
3.597472608089447021e-01
3.586054444313049316e-01
3.541754484176635742e-01
3.557320833206176758e-01
3.497171998023986816e-01
3.549200892448425293e-01
3.426069021224975586e-01
3.558534085750579834e-01
3.546596169471740723e-01
3.637739419937133789e-01
3.637739419937133789e-01
3.637739419937133789e-01
3.637739419937133789e-01
3.637739419937133789e-01
3.637739419937133789e-01
3.637739419937133789e-01
3.637739419937133789e-01
3.637739419937133789e-01
3.637739419937133789e-01
3.637739419937133789e-01
3.637739419937133789e-01
3.637739419937133789e-01
3.637739419937133789e-01
3.637739419937133789e-01
3.637739419937133789e-01
3.637739419937133789e-01
3.637739419937133789e-01
3.637739419937133789e-01
3.637739419937133789e-01
3.637739419937133789e-01
3.637739419937133789e-01
3.637739419937133789e-01
3.637739419937133789e-01
3.637739419937133789e-01
3.637739419937133789e-01
3.637371659278869629e-01
3.637739419937133789e-01
3.637739419937133789e-01
3.637670874595642090e-01
3.637739419937133789e-01
3.636152446269989014e-01
3.628125786781311035e-01
3.632919788360595703e-01
3.621630668640136719e-01
3.637739419937133789e-01
3.633244633674621582e-01
3.547175824642181396e-01
3.572444915771484375e-01
3.618653416633605957e-01
3.623780906200408936e-01
3.641514182090759277e-01
3.637739419937133789e-01
3.637739419937133789e-01
3.605499863624572754e-01
3.637739419937133789e-01
3.603507280349731445e-01
3.596112132072448730e-01
3.599956035614013672e-01
3.609492778778076172e-01
3.621764481067657471e-01
3.603298068046569824e-01
3.602119684219360352e-01
3.602841496467590332e-01
3.590458035469055176e-01
3.590056300163269043e-01
3.593420982360839844e-01
3.583534955978393555e-01
3.578020930290222168e-01
3.604696691036224365e-01
3.590053319931030273e-01
3.557930290699005127e-01
3.555205166339874268e-01
3.569671809673309326e-01
3.573009371757507324e-01
3.637739419937133789e-01
3.617652058601379395e-01
3.637739419937133789e-01
3.637739419937133789e-01
3.637739419937133789e-01
3.637739419937133789e-01
3.637739419937133789e-01
3.637739419937133789e-01
3.637739419937133789e-01
3.637739419937133789e-01
3.637739419937133789e-01
3.637739419937133789e-01
3.637739419937133789e-01
3.637739419937133789e-01
3.637739419937133789e-01
3.637739419937133789e-01
3.637739419937133789e-01
3.637739419937133789e-01
3.637739419937133789e-01
3.637739419937133789e-01
3.636226654052734375e-01
3.637739419937133789e-01
3.637739419937133789e-01
3.637739419937133789e-01
3.637739419937133789e-01
3.637739419937133789e-01
3.631473183631896973e-01
3.633643388748168945e-01
3.637739419937133789e-01
3.637739419937133789e-01
3.637739419937133789e-01
3.637739419937133789e-01
3.637739419937133789e-01
3.637739419937133789e-01
3.637739419937133789e-01
3.637739419937133789e-01
3.637739419937133789e-01
3.637739419937133789e-01
3.637739419937133789e-01
3.637739419937133789e-01
3.637739419937133789e-01
3.637739419937133789e-01
3.637739419937133789e-01
3.637739419937133789e-01
3.637739419937133789e-01
3.637739419937133789e-01
3.637739419937133789e-01
3.637739419937133789e-01
3.637739419937133789e-01
3.637739419937133789e-01
3.637739419937133789e-01
3.637739419937133789e-01
3.634312152862548828e-01
3.627582490444183350e-01
3.629943728446960449e-01
3.634871840476989746e-01
3.637739419937133789e-01
3.637739419937133789e-01
3.637739419937133789e-01
3.637739419937133789e-01
3.637739419937133789e-01
3.637739419937133789e-01
3.637739419937133789e-01
3.637739419937133789e-01
3.637739419937133789e-01
3.637739419937133789e-01
3.637739419937133789e-01
3.637739419937133789e-01
3.637739419937133789e-01
3.637739419937133789e-01
3.637739419937133789e-01
3.637739419937133789e-01
3.637739419937133789e-01
3.637739419937133789e-01
3.637739419937133789e-01
3.637739419937133789e-01
3.637739419937133789e-01
3.637739419937133789e-01
3.637739419937133789e-01
3.637739419937133789e-01
3.637739419937133789e-01
3.637739419937133789e-01
3.637739419937133789e-01
3.614848256111145020e-01
0.000000000000000000e+00
0.000000000000000000e+00
3.614439368247985840e-01
3.578760623931884766e-01
3.571068644523620605e-01
3.577359318733215332e-01
0.000000000000000000e+00
3.571051955223083496e-01
3.575264811515808105e-01
3.581463098526000977e-01
3.586009144783020020e-01
3.579868078231811523e-01
3.577950000762939453e-01
3.580202460289001465e-01
3.581710457801818848e-01
0.000000000000000000e+00
3.578236699104309082e-01
3.581040203571319580e-01
0.000000000000000000e+00
3.575754165649414062e-01
0.000000000000000000e+00
0.000000000000000000e+00
3.587009906768798828e-01
0.000000000000000000e+00
3.587706983089447021e-01
0.000000000000000000e+00
0.000000000000000000e+00
3.584151864051818848e-01
3.586184084415435791e-01
3.580709397792816162e-01
3.592008054256439209e-01
3.593942224979400635e-01
3.595326542854309082e-01
3.602421879768371582e-01
3.600142002105712891e-01
3.601879477500915527e-01
3.601211309432983398e-01
0.000000000000000000e+00
0.000000000000000000e+00
3.616001307964324951e-01
0.000000000000000000e+00
3.619306981563568115e-01
3.634907007217407227e-01
7.792189717292785645e-02
3.637739419937133789e-01
3.604907393455505371e-01
3.637739419937133789e-01
3.637739419937133789e-01
3.637739419937133789e-01
3.637739419937133789e-01
3.637739419937133789e-01
3.637739419937133789e-01
3.637739419937133789e-01
3.637739419937133789e-01
3.637739419937133789e-01
3.637739419937133789e-01
3.637739419937133789e-01
3.637739419937133789e-01
3.637739419937133789e-01
3.637739419937133789e-01
3.482594490051269531e-01
3.497957885265350342e-01
3.501393198966979980e-01
3.494002223014831543e-01
3.590801954269409180e-01
3.580279946327209473e-01
3.539647459983825684e-01
0.000000000000000000e+00
3.413470983505249023e-01
3.386576175689697266e-01
3.376821875572204590e-01
3.373301923274993896e-01
3.367941379547119141e-01
3.368165493011474609e-01
3.363820910453796387e-01
3.368343710899353027e-01
3.363808989524841309e-01
3.362221717834472656e-01
3.361696004867553711e-01
3.361278772354125977e-01
3.360575437545776367e-01
3.388968110084533691e-01
3.496687114238739014e-01
3.466432690620422363e-01
3.416842818260192871e-01
3.412221074104309082e-01
3.397009670734405518e-01
3.386125564575195312e-01
3.371869921684265137e-01
3.367602229118347168e-01
3.368633389472961426e-01
3.365036249160766602e-01
3.365076184272766113e-01
3.364186286926269531e-01
3.380797505378723145e-01
3.383479416370391846e-01
3.381302952766418457e-01
3.408421576023101807e-01
3.365075588226318359e-01
3.365733921527862549e-01
3.364630341529846191e-01
3.365128636360168457e-01
3.370423913002014160e-01
3.370712101459503174e-01
0.000000000000000000e+00
3.581046760082244873e-01
3.637739419937133789e-01
3.637739419937133789e-01
3.637739419937133789e-01
3.637739419937133789e-01
3.637739419937133789e-01
3.637739419937133789e-01
3.637739419937133789e-01
3.637739419937133789e-01
3.637739419937133789e-01
3.637739419937133789e-01
3.627910614013671875e-01
3.635875582695007324e-01
3.637739419937133789e-01
3.637739419937133789e-01
3.637739419937133789e-01
3.637448549270629883e-01
3.634240031242370605e-01
3.518701195716857910e-01
3.505877852439880371e-01
3.520454764366149902e-01
3.545881509780883789e-01
3.545853793621063232e-01
3.592065572738647461e-01
3.637739419937133789e-01
3.637739419937133789e-01
3.637739419937133789e-01
3.637739419937133789e-01
3.637739419937133789e-01
3.601371049880981445e-01
3.557612895965576172e-01
3.554156422615051270e-01
3.545006513595581055e-01
3.553976416587829590e-01
3.582070469856262207e-01
3.533295392990112305e-01
3.586848676204681396e-01
3.637739419937133789e-01
3.637739419937133789e-01
3.637739419937133789e-01
3.637739419937133789e-01
3.637739419937133789e-01
3.637739419937133789e-01
3.637739419937133789e-01
3.637739419937133789e-01
3.637739419937133789e-01
3.637739419937133789e-01
3.637739419937133789e-01
3.637739419937133789e-01
3.637739419937133789e-01
3.637739419937133789e-01
3.637739419937133789e-01
3.628553748130798340e-01
3.637739419937133789e-01
3.637739419937133789e-01
3.637739419937133789e-01
3.637739419937133789e-01
3.637739419937133789e-01
3.637739419937133789e-01
3.637739419937133789e-01
3.637739419937133789e-01
3.637739419937133789e-01
3.637739419937133789e-01
3.637739419937133789e-01
3.637739419937133789e-01
3.637739419937133789e-01
3.637739419937133789e-01
3.629453182220458984e-01
3.637739419937133789e-01
3.637739419937133789e-01
3.637739419937133789e-01
3.637739419937133789e-01
3.637739419937133789e-01
3.637739419937133789e-01
3.636735677719116211e-01
3.637739419937133789e-01
3.637739419937133789e-01
3.637739419937133789e-01
3.637739419937133789e-01
3.637739419937133789e-01
3.637739419937133789e-01
3.637739419937133789e-01
3.634553849697113037e-01
3.637739419937133789e-01
3.637739419937133789e-01
3.633246421813964844e-01
3.637739419937133789e-01
3.633942604064941406e-01
3.633569180965423584e-01
3.627821803092956543e-01
3.630177378654479980e-01
3.637739419937133789e-01
3.636134564876556396e-01
3.637739419937133789e-01
3.637739419937133789e-01
3.637739419937133789e-01
3.637739419937133789e-01
3.615676760673522949e-01
3.622403144836425781e-01
3.630213141441345215e-01
3.613959550857543945e-01
3.637739419937133789e-01
3.637739419937133789e-01
3.635891079902648926e-01
3.637739419937133789e-01
3.632737398147583008e-01
3.637739419937133789e-01
3.637739419937133789e-01
3.626102805137634277e-01
3.622730374336242676e-01
3.637739419937133789e-01
3.637739419937133789e-01
3.637739419937133789e-01
3.637739419937133789e-01
3.631299138069152832e-01
3.630588650703430176e-01
3.637739419937133789e-01
3.627342581748962402e-01
3.637376129627227783e-01
3.624764084815979004e-01
3.637039959430694580e-01
3.637739419937133789e-01
3.637739419937133789e-01
3.637739419937133789e-01
3.637739419937133789e-01
3.637739419937133789e-01
3.637739419937133789e-01
3.637739419937133789e-01
3.637739419937133789e-01
3.637739419937133789e-01
3.637739419937133789e-01
3.637739419937133789e-01
3.637739419937133789e-01
3.636141419410705566e-01
3.637739419937133789e-01
3.637739419937133789e-01
3.634287118911743164e-01
3.531764149665832520e-01
3.570827841758728027e-01
3.637739419937133789e-01
3.637739419937133789e-01
3.637739419937133789e-01
3.637739419937133789e-01
3.512399196624755859e-01
3.637739419937133789e-01
3.526836633682250977e-01
3.553892970085144043e-01
3.637739419937133789e-01
3.612418174743652344e-01
3.645882010459899902e-01
3.596668243408203125e-01
3.642081618309020996e-01
3.577574491500854492e-01
3.646772503852844238e-01
3.577467203140258789e-01
3.486770391464233398e-01
3.631943464279174805e-01
3.568595647811889648e-01
3.633798062801361084e-01
3.570650815963745117e-01
3.629719316959381104e-01
3.395311534404754639e-01
3.386015892028808594e-01
3.398948609828948975e-01
3.443001806735992432e-01
3.493531346321105957e-01
3.637739419937133789e-01
3.637739419937133789e-01
3.637739419937133789e-01
3.637739419937133789e-01
3.637739419937133789e-01
3.577536344528198242e-01
3.530699312686920166e-01
3.488717973232269287e-01
3.543466329574584961e-01
3.527139723300933838e-01
3.584057092666625977e-01
3.637739419937133789e-01
3.637739419937133789e-01
3.637739419937133789e-01
3.637739419937133789e-01
3.637739419937133789e-01
3.637739419937133789e-01
3.581098914146423340e-01
3.570064306259155273e-01
3.584972620010375977e-01
3.589842915534973145e-01
3.637739419937133789e-01
3.637739419937133789e-01
3.637739419937133789e-01
3.637739419937133789e-01
3.637739419937133789e-01
3.637739419937133789e-01
3.637739419937133789e-01
3.637739419937133789e-01
3.637739419937133789e-01
3.637739419937133789e-01
3.533671498298645020e-01
3.547769188880920410e-01
3.517777919769287109e-01
3.514276146888732910e-01
3.489734530448913574e-01
3.437141776084899902e-01
3.413366675376892090e-01
3.406486511230468750e-01
3.471846580505371094e-01
3.403027653694152832e-01
3.396770954132080078e-01
3.389815092086791992e-01
3.390015363693237305e-01
3.391720056533813477e-01
3.364091515541076660e-01
3.361492455005645752e-01
3.360858857631683350e-01
3.360913991928100586e-01
3.361429572105407715e-01
3.361869752407073975e-01
3.361288607120513916e-01
3.361117243766784668e-01
3.362230062484741211e-01
3.362748622894287109e-01
3.367030918598175049e-01
3.363810777664184570e-01
3.365558385848999023e-01
3.364399969577789307e-01
3.364518880844116211e-01
3.367042541503906250e-01
3.369075655937194824e-01
3.395947813987731934e-01
3.468206524848937988e-01
3.518059253692626953e-01
3.582569658756256104e-01
3.547942638397216797e-01
3.496423959732055664e-01
3.484263420104980469e-01
3.484902977943420410e-01
3.478019535541534424e-01
3.482038974761962891e-01
3.497706353664398193e-01
3.526910543441772461e-01
3.619243502616882324e-01
3.637739419937133789e-01
3.637739419937133789e-01
3.625999093055725098e-01
3.633809089660644531e-01
3.575280606746673584e-01
3.389512896537780762e-01
3.416317701339721680e-01
3.448635935783386230e-01
3.497625291347503662e-01
3.585046529769897461e-01
3.626139163970947266e-01
3.637739419937133789e-01
3.637739419937133789e-01
3.637739419937133789e-01
3.637739419937133789e-01
3.637739419937133789e-01
3.637739419937133789e-01
3.637739419937133789e-01
3.637739419937133789e-01
3.637739419937133789e-01
3.637739419937133789e-01
3.637739419937133789e-01
3.637739419937133789e-01
3.635931909084320068e-01
3.571953177452087402e-01
3.581692576408386230e-01
3.595698773860931396e-01
3.591710925102233887e-01
3.565673232078552246e-01
3.637739419937133789e-01
3.637739419937133789e-01
3.637739419937133789e-01
3.637739419937133789e-01
3.637739419937133789e-01
3.637739419937133789e-01
3.637739419937133789e-01
3.621717095375061035e-01
3.602492213249206543e-01
3.579610586166381836e-01
3.545977175235748291e-01
3.557744026184082031e-01
3.632966279983520508e-01
3.633313179016113281e-01
3.608750104904174805e-01
3.607446849346160889e-01
3.582285642623901367e-01
3.634800910949707031e-01
3.637739419937133789e-01
3.596376776695251465e-01
3.502978682518005371e-01
3.484830558300018311e-01
3.473736047744750977e-01
3.467239141464233398e-01
3.483943343162536621e-01
3.518527448177337646e-01
3.538547456264495850e-01
3.534671664237976074e-01
3.520188033580780029e-01
3.535004854202270508e-01
3.542971014976501465e-01
3.527528047561645508e-01
3.538359403610229492e-01
3.528437614440917969e-01
3.517937660217285156e-01
3.542860448360443115e-01
3.519124388694763184e-01
3.515718579292297363e-01
3.515450954437255859e-01
3.454333543777465820e-01
3.517515361309051514e-01
3.524681925773620605e-01
3.520377874374389648e-01
3.521259725093841553e-01
3.501334190368652344e-01
3.542266488075256348e-01
3.622269034385681152e-01
3.637739419937133789e-01
3.637739419937133789e-01
3.598423600196838379e-01
3.605487048625946045e-01
3.610901832580566406e-01
3.611420392990112305e-01
3.603598773479461670e-01
3.600294589996337891e-01
3.629462122917175293e-01
3.601643443107604980e-01
3.597114086151123047e-01
3.595162034034729004e-01
3.629824519157409668e-01
3.600456714630126953e-01
3.570017218589782715e-01
3.604012131690979004e-01
3.637739419937133789e-01
3.561980128288269043e-01
3.637739419937133789e-01
3.637739419937133789e-01
3.637739419937133789e-01
3.637739419937133789e-01
3.637739419937133789e-01
3.637739419937133789e-01
3.637739419937133789e-01
3.637739419937133789e-01
3.637739419937133789e-01
3.637739419937133789e-01
3.637739419937133789e-01
3.637739419937133789e-01
3.637739419937133789e-01
3.637739419937133789e-01
3.637739419937133789e-01
3.632972240447998047e-01
3.634875416755676270e-01
3.626552522182464600e-01
3.637739419937133789e-01
3.637739419937133789e-01
3.637739419937133789e-01
3.637739419937133789e-01
3.637739419937133789e-01
3.637739419937133789e-01
3.637739419937133789e-01
3.637739419937133789e-01
3.637739419937133789e-01
3.637739419937133789e-01
3.637739419937133789e-01
3.637739419937133789e-01
3.637739419937133789e-01
3.637739419937133789e-01
0.000000000000000000e+00
3.630966842174530029e-01
3.628013730049133301e-01
3.636004328727722168e-01
3.622989654541015625e-01
3.637739419937133789e-01
3.624926209449768066e-01
3.637739419937133789e-01
3.629132211208343506e-01
3.621276021003723145e-01
3.637739419937133789e-01
3.637739419937133789e-01
3.635695576667785645e-01
3.637739419937133789e-01
3.637739419937133789e-01
3.599284291267395020e-01
3.615176379680633545e-01
3.619417250156402588e-01
3.611490726470947266e-01
3.617667555809020996e-01
3.613683879375457764e-01
3.637739419937133789e-01
3.622239232063293457e-01
3.629565238952636719e-01
3.637739419937133789e-01
3.565060496330261230e-01
3.616356253623962402e-01
3.632680177688598633e-01
0.000000000000000000e+00
3.617116212844848633e-01
3.608176112174987793e-01
3.595115840435028076e-01
3.592656552791595459e-01
3.625160455703735352e-01
3.617300987243652344e-01
3.637739419937133789e-01
3.637739419937133789e-01
3.637739419937133789e-01
3.634037971496582031e-01
3.637739419937133789e-01
3.637739419937133789e-01
3.637739419937133789e-01
3.637739419937133789e-01
3.637739419937133789e-01
3.637739419937133789e-01
3.637739419937133789e-01
3.637739419937133789e-01
3.637739419937133789e-01
3.604697287082672119e-01
3.546414971351623535e-01
3.588839173316955566e-01
3.601753711700439453e-01
3.592002987861633301e-01
3.582155704498291016e-01
3.591082990169525146e-01
3.604409694671630859e-01
3.635346889495849609e-01
3.636806905269622803e-01
3.637739419937133789e-01
3.637739419937133789e-01
3.637739419937133789e-01
3.637739419937133789e-01
3.637739419937133789e-01
3.637739419937133789e-01
3.637739419937133789e-01
3.637739419937133789e-01
3.637739419937133789e-01
3.637739419937133789e-01
3.637739419937133789e-01
3.582523465156555176e-01
3.589297533035278320e-01
3.596483469009399414e-01
3.595668375492095947e-01
3.602546453475952148e-01
3.582791090011596680e-01
3.588111996650695801e-01
3.582484722137451172e-01
3.586050868034362793e-01
3.636499047279357910e-01
3.616976141929626465e-01
3.608635962009429932e-01
3.611087203025817871e-01
3.579288721084594727e-01
3.578903079032897949e-01
3.597376346588134766e-01
3.585566878318786621e-01
3.611324727535247803e-01
3.611473441123962402e-01
3.592633605003356934e-01
3.558932542800903320e-01
3.587949872016906738e-01
3.621903657913208008e-01
3.610721528530120850e-01
3.637739419937133789e-01
0.000000000000000000e+00
3.637739419937133789e-01
0.000000000000000000e+00
0.000000000000000000e+00
3.534111380577087402e-01
3.507656753063201904e-01
3.438550233840942383e-01
3.416631221771240234e-01
3.438035249710083008e-01
3.424333930015563965e-01
3.388442695140838623e-01
3.400385379791259766e-01
3.400670886039733887e-01
3.386892676353454590e-01
3.387046456336975098e-01
3.385767936706542969e-01
3.381439447402954102e-01
3.387424349784851074e-01
0.000000000000000000e+00
3.375065326690673828e-01
3.421970605850219727e-01
3.387858271598815918e-01
3.369615077972412109e-01
3.366783261299133301e-01
3.409807682037353516e-01
0.000000000000000000e+00
0.000000000000000000e+00
0.000000000000000000e+00
0.000000000000000000e+00
3.378066122531890869e-01
3.376858830451965332e-01
0.000000000000000000e+00
0.000000000000000000e+00
0.000000000000000000e+00
0.000000000000000000e+00
0.000000000000000000e+00
0.000000000000000000e+00
0.000000000000000000e+00
0.000000000000000000e+00
0.000000000000000000e+00
0.000000000000000000e+00
0.000000000000000000e+00
3.359827995300292969e-01
3.389791548252105713e-01
0.000000000000000000e+00
3.637739419937133789e-01
3.637713491916656494e-01
3.637739419937133789e-01
3.637739419937133789e-01
3.637739419937133789e-01
3.637739419937133789e-01
3.637739419937133789e-01
3.637739419937133789e-01
3.637739419937133789e-01
3.637739419937133789e-01
3.637739419937133789e-01
3.637739419937133789e-01
3.637739419937133789e-01
3.637739419937133789e-01
3.637739419937133789e-01
3.637739419937133789e-01
3.637739419937133789e-01
3.637739419937133789e-01
3.637739419937133789e-01
3.637739419937133789e-01
3.637739419937133789e-01
3.637739419937133789e-01
3.637739419937133789e-01
3.637739419937133789e-01
3.637739419937133789e-01
3.637739419937133789e-01
3.637739419937133789e-01
3.637739419937133789e-01
3.637739419937133789e-01
3.637739419937133789e-01
3.637739419937133789e-01
3.637739419937133789e-01
3.625397682189941406e-01
3.637739419937133789e-01
3.637739419937133789e-01
3.634607195854187012e-01
3.629848957061767578e-01
3.637739419937133789e-01
3.637739419937133789e-01
3.637543022632598877e-01
3.620697855949401855e-01
3.633846640586853027e-01
3.634293079376220703e-01
3.637739419937133789e-01
3.637739419937133789e-01
3.637739419937133789e-01
3.637739419937133789e-01
3.637739419937133789e-01
3.637739419937133789e-01
3.637739419937133789e-01
3.637739419937133789e-01
3.637739419937133789e-01
3.637739419937133789e-01
3.637739419937133789e-01
3.637739419937133789e-01
3.637739419937133789e-01
3.637739419937133789e-01
3.637739419937133789e-01
3.636146187782287598e-01
3.637739419937133789e-01
3.637739419937133789e-01
3.637739419937133789e-01
3.637739419937133789e-01
3.637739419937133789e-01
3.637739419937133789e-01
3.637739419937133789e-01
3.637739419937133789e-01
3.637739419937133789e-01
3.637739419937133789e-01
3.637739419937133789e-01
3.637739419937133789e-01
3.637739419937133789e-01
3.637739419937133789e-01
3.637739419937133789e-01
3.637739419937133789e-01
3.637739419937133789e-01
3.637739419937133789e-01
3.637739419937133789e-01
