0.000000000000000000e+00
4.900155961513519287e-01
4.900146126747131348e-01
4.900143444538116455e-01
4.900175333023071289e-01
4.900173842906951904e-01
4.900139272212982178e-01
4.900145828723907471e-01
4.900196194648742676e-01
0.000000000000000000e+00
4.900146126747131348e-01
4.900164008140563965e-01
4.900147616863250732e-01
4.900152385234832764e-01
4.900200963020324707e-01
4.900151789188385010e-01
4.900282919406890869e-01
4.900138974189758301e-01
4.900141656398773193e-01
4.900145232677459717e-01
4.900160431861877441e-01
4.900191426277160645e-01
4.900163114070892334e-01
4.900422692298889160e-01
4.904018640518188477e-01
0.000000000000000000e+00
4.900154769420623779e-01
4.900138080120086670e-01
4.900142252445220947e-01
4.900144338607788086e-01
4.900298118591308594e-01
4.900144934654235840e-01
4.900147318840026855e-01
4.900148510932922363e-01
4.900152981281280518e-01
4.900146722793579102e-01
4.900308847427368164e-01
4.900150895118713379e-01
4.900256097316741943e-01
4.900140166282653809e-01
4.900141060352325439e-01
4.900151491165161133e-01
0.000000000000000000e+00
4.900138676166534424e-01
4.900141060352325439e-01
4.900139272212982178e-01
4.900143742561340332e-01
4.900147616863250732e-01
4.900180101394653320e-01
4.900151789188385010e-01
4.900144338607788086e-01
4.900140166282653809e-01
4.900138676166534424e-01
4.900137484073638916e-01
4.900138080120086670e-01
4.900138974189758301e-01
4.900142252445220947e-01
4.900139570236206055e-01
4.900143146514892578e-01
4.900139272212982178e-01
4.900138974189758301e-01
4.900141954421997070e-01
4.900140166282653809e-01
4.900140464305877686e-01
4.900140464305877686e-01
4.900141656398773193e-01
4.900139868259429932e-01
4.900138676166534424e-01
4.900140464305877686e-01
4.900139570236206055e-01
4.900140464305877686e-01
4.900139272212982178e-01
4.900141060352325439e-01
4.900137484073638916e-01
4.900138974189758301e-01
4.900136590003967285e-01
4.900135397911071777e-01
4.900137186050415039e-01
4.900135397911071777e-01
4.900135695934295654e-01
4.900136590003967285e-01
4.900136291980743408e-01
4.900135993957519531e-01
4.900135397911071777e-01
4.900135993957519531e-01
4.900136291980743408e-01
4.900137484073638916e-01
4.900136888027191162e-01
4.900136590003967285e-01
4.900136291980743408e-01
4.900136888027191162e-01
4.900136888027191162e-01
4.900136888027191162e-01
4.900136888027191162e-01
4.900138080120086670e-01
4.900139868259429932e-01
4.900139868259429932e-01
4.900138974189758301e-01
4.900139868259429932e-01
4.900141358375549316e-01
4.900141358375549316e-01
4.900139272212982178e-01
4.900139570236206055e-01
4.900141656398773193e-01
4.900140464305877686e-01
4.900140762329101562e-01
4.900143146514892578e-01
4.900148510932922363e-01
4.900138080120086670e-01
4.900136888027191162e-01
4.900137782096862793e-01
4.900140762329101562e-01
4.900140762329101562e-01
4.900141060352325439e-01
4.900141954421997070e-01
4.900141656398773193e-01
4.900142252445220947e-01
4.900139570236206055e-01
4.900140762329101562e-01
4.900139570236206055e-01
4.900140464305877686e-01
4.900139868259429932e-01
4.900144040584564209e-01
4.900142252445220947e-01
4.900140464305877686e-01
4.900141656398773193e-01
4.900142550468444824e-01
4.900145232677459717e-01
4.900146424770355225e-01
4.900144338607788086e-01
4.900142550468444824e-01
4.900141060352325439e-01
4.900140166282653809e-01
4.900141954421997070e-01
4.900140166282653809e-01
4.900141954421997070e-01
4.900143146514892578e-01
4.900143742561340332e-01
4.900141656398773193e-01
4.900144338607788086e-01
4.900142848491668701e-01
4.900138974189758301e-01
4.900138080120086670e-01
4.900139868259429932e-01
4.900139272212982178e-01
4.900139868259429932e-01
4.900138080120086670e-01
4.900140464305877686e-01
4.900138974189758301e-01
4.900140762329101562e-01
4.900139570236206055e-01
4.900139570236206055e-01
4.900278449058532715e-01
4.900138378143310547e-01
4.900135397911071777e-01
4.900136291980743408e-01
4.900135993957519531e-01
4.900137186050415039e-01
4.900136888027191162e-01
4.900139272212982178e-01
4.900146722793579102e-01
4.900139570236206055e-01
4.900138378143310547e-01
4.900138974189758301e-01
4.900142550468444824e-01
4.900140166282653809e-01
4.900140166282653809e-01
4.900139272212982178e-01
4.900140166282653809e-01
4.900142848491668701e-01
4.900141358375549316e-01
4.900140166282653809e-01
4.900144338607788086e-01
4.900141954421997070e-01
4.900147616863250732e-01
4.900144338607788086e-01
4.900142252445220947e-01
0.000000000000000000e+00
0.000000000000000000e+00
0.000000000000000000e+00
0.000000000000000000e+00
0.000000000000000000e+00
0.000000000000000000e+00
0.000000000000000000e+00
0.000000000000000000e+00
0.000000000000000000e+00
0.000000000000000000e+00
0.000000000000000000e+00
0.000000000000000000e+00
0.000000000000000000e+00
0.000000000000000000e+00
0.000000000000000000e+00
0.000000000000000000e+00
0.000000000000000000e+00
0.000000000000000000e+00
0.000000000000000000e+00
0.000000000000000000e+00
0.000000000000000000e+00
0.000000000000000000e+00
0.000000000000000000e+00
0.000000000000000000e+00
0.000000000000000000e+00
0.000000000000000000e+00
0.000000000000000000e+00
0.000000000000000000e+00
0.000000000000000000e+00
0.000000000000000000e+00
0.000000000000000000e+00
0.000000000000000000e+00
0.000000000000000000e+00
0.000000000000000000e+00
0.000000000000000000e+00
0.000000000000000000e+00
0.000000000000000000e+00
0.000000000000000000e+00
0.000000000000000000e+00
0.000000000000000000e+00
0.000000000000000000e+00
0.000000000000000000e+00
0.000000000000000000e+00
0.000000000000000000e+00
0.000000000000000000e+00
0.000000000000000000e+00
0.000000000000000000e+00
0.000000000000000000e+00
4.900153577327728271e-01
0.000000000000000000e+00
4.900149106979370117e-01
4.900146424770355225e-01
4.900144934654235840e-01
4.900146126747131348e-01
4.900144338607788086e-01
4.900148212909698486e-01
4.900148510932922363e-01
4.900151193141937256e-01
4.900147318840026855e-01
4.900148212909698486e-01
4.900147914886474609e-01
4.900149106979370117e-01
4.900153577327728271e-01
4.900164306163787842e-01
4.900153577327728271e-01
4.900153577327728271e-01
4.900152385234832764e-01
4.900155067443847656e-01
4.900153279304504395e-01
4.900152683258056641e-01
4.900155365467071533e-01
0.000000000000000000e+00
4.900177121162414551e-01
4.900174438953399658e-01
4.900191426277160645e-01
4.900180101394653320e-01
4.900188446044921875e-01
4.900189042091369629e-01
4.900193512439727783e-01
4.900187253952026367e-01
4.900204241275787354e-01
4.900190532207489014e-01
4.900211095809936523e-01
4.900193810462951660e-01
4.900196194648742676e-01
4.900144338607788086e-01
4.900143742561340332e-01
4.900143146514892578e-01
4.900142252445220947e-01
4.900140762329101562e-01
4.900142550468444824e-01
4.900142252445220947e-01
4.900141954421997070e-01
4.900143146514892578e-01
4.900142252445220947e-01
4.900141060352325439e-01
4.900141358375549316e-01
4.900140166282653809e-01
4.900142252445220947e-01
4.900141358375549316e-01
4.900138974189758301e-01
4.900138974189758301e-01
4.900139272212982178e-01
4.900141358375549316e-01
4.900143444538116455e-01
4.900141060352325439e-01
4.900141358375549316e-01
4.900140464305877686e-01
4.900138974189758301e-01
4.900141954421997070e-01
4.900139570236206055e-01
4.900144040584564209e-01
4.900141358375549316e-01
4.900140464305877686e-01
4.900141656398773193e-01
4.900144338607788086e-01
4.900145530700683594e-01
4.900145530700683594e-01
4.900148808956146240e-01
4.900144338607788086e-01
4.900140464305877686e-01
4.900142550468444824e-01
4.900140762329101562e-01
4.900138378143310547e-01
4.900139570236206055e-01
4.900138974189758301e-01
4.900140762329101562e-01
4.900140762329101562e-01
4.900141060352325439e-01
4.900141954421997070e-01
4.900140762329101562e-01
4.900143146514892578e-01
4.900140166282653809e-01
4.900140762329101562e-01
4.900142252445220947e-01
4.900140166282653809e-01
4.900140464305877686e-01
4.900140464305877686e-01
4.900141656398773193e-01
4.900143742561340332e-01
4.900144636631011963e-01
4.900142848491668701e-01
4.900143742561340332e-01
4.900143444538116455e-01
4.900142550468444824e-01
4.900141358375549316e-01
4.900141060352325439e-01
4.900143444538116455e-01
4.900141656398773193e-01
4.900142252445220947e-01
4.900142550468444824e-01
4.900141358375549316e-01
4.900140762329101562e-01
4.900141060352325439e-01
4.900142848491668701e-01
4.900141656398773193e-01
4.900140762329101562e-01
4.900140762329101562e-01
4.900156557559967041e-01
4.900158345699310303e-01
4.900155067443847656e-01
4.900151491165161133e-01
4.900150895118713379e-01
0.000000000000000000e+00
4.900149405002593994e-01
0.000000000000000000e+00
0.000000000000000000e+00
4.900160431861877441e-01
4.900524318218231201e-01
4.900244772434234619e-01
4.900235533714294434e-01
4.900232255458831787e-01
4.900231659412384033e-01
4.900238513946533203e-01
4.900240600109100342e-01
4.900232255458831787e-01
4.900232553482055664e-01
4.900226593017578125e-01
4.900215864181518555e-01
4.900221824645996094e-01
4.900217950344085693e-01
4.900221228599548340e-01
4.900231361389160156e-01
4.900229871273040771e-01
4.900242984294891357e-01
4.900237321853637695e-01
4.900240898132324219e-01
4.900230467319488525e-01
4.900256991386413574e-01
4.900261163711547852e-01
4.900271296501159668e-01
4.900275170803070068e-01
4.900228977203369141e-01
4.900233149528503418e-01
0.000000000000000000e+00
0.000000000000000000e+00
0.000000000000000000e+00
0.000000000000000000e+00
0.000000000000000000e+00
3.892128169536590576e-01
0.000000000000000000e+00
0.000000000000000000e+00
0.000000000000000000e+00
0.000000000000000000e+00
0.000000000000000000e+00
0.000000000000000000e+00
0.000000000000000000e+00
0.000000000000000000e+00
0.000000000000000000e+00
0.000000000000000000e+00
0.000000000000000000e+00
0.000000000000000000e+00
0.000000000000000000e+00
0.000000000000000000e+00
4.900147318840026855e-01
4.900141656398773193e-01
4.900143146514892578e-01
4.900142252445220947e-01
4.900144040584564209e-01
4.900143444538116455e-01
4.900147914886474609e-01
4.900146424770355225e-01
4.900144636631011963e-01
4.900146722793579102e-01
4.900145828723907471e-01
4.900145828723907471e-01
4.900150001049041748e-01
4.900148212909698486e-01
4.900148808956146240e-01
4.900145828723907471e-01
4.900144040584564209e-01
4.900142252445220947e-01
4.900144934654235840e-01
4.900147020816802979e-01
4.900145828723907471e-01
4.900148510932922363e-01
4.900146126747131348e-01
4.900139868259429932e-01
0.000000000000000000e+00
4.900152385234832764e-01
4.900145530700683594e-01
4.900146126747131348e-01
4.900148212909698486e-01
4.900147616863250732e-01
4.900152087211608887e-01
4.900157451629638672e-01
0.000000000000000000e+00
4.900146424770355225e-01
4.900147318840026855e-01
4.900148510932922363e-01
4.900147616863250732e-01
4.900145232677459717e-01
4.900144338607788086e-01
4.900145530700683594e-01
4.900149703025817871e-01
4.900150895118713379e-01
4.900152683258056641e-01
4.900153875350952148e-01
4.900152683258056641e-01
4.900151491165161133e-01
4.900150299072265625e-01
4.900150299072265625e-01
4.900150597095489502e-01
4.900150597095489502e-01
4.900152385234832764e-01
4.900152981281280518e-01
4.900149405002593994e-01
4.900150001049041748e-01
4.900150001049041748e-01
4.900151491165161133e-01
4.900153875350952148e-01
4.900155365467071533e-01
4.900150895118713379e-01
4.900150895118713379e-01
4.900150895118713379e-01
4.900150895118713379e-01
4.900149405002593994e-01
4.900151193141937256e-01
4.900151789188385010e-01
4.900150001049041748e-01
4.900154173374176025e-01
4.900204837322235107e-01
4.900203347206115723e-01
4.900205731391906738e-01
4.900216758251190186e-01
4.900210499763488770e-01
0.000000000000000000e+00
0.000000000000000000e+00
0.000000000000000000e+00
0.000000000000000000e+00
4.690884053707122803e-01
0.000000000000000000e+00
0.000000000000000000e+00
