4.738899469375610352e-01
4.738899469375610352e-01
4.738899469375610352e-01
4.738899469375610352e-01
4.738899469375610352e-01
4.738899469375610352e-01
4.738899469375610352e-01
4.738899469375610352e-01
4.738899469375610352e-01
4.738899469375610352e-01
4.738899469375610352e-01
4.738899469375610352e-01
4.738899469375610352e-01
4.738899469375610352e-01
4.738899469375610352e-01
4.738899469375610352e-01
4.738899469375610352e-01
4.738899469375610352e-01
4.738899469375610352e-01
4.738899469375610352e-01
4.738899469375610352e-01
4.738899469375610352e-01
4.738899469375610352e-01
4.738899469375610352e-01
4.738899469375610352e-01
4.738899469375610352e-01
4.738899469375610352e-01
4.738946557044982910e-01
4.738899469375610352e-01
4.738899469375610352e-01
4.738899469375610352e-01
4.738899469375610352e-01
4.738899469375610352e-01
4.738899469375610352e-01
4.738899469375610352e-01
4.738899469375610352e-01
4.738899469375610352e-01
4.738899469375610352e-01
4.738899469375610352e-01
4.738899469375610352e-01
4.738899469375610352e-01
4.738899469375610352e-01
4.738899469375610352e-01
4.738899469375610352e-01
4.739033877849578857e-01
4.739037454128265381e-01
4.739017486572265625e-01
4.738899469375610352e-01
0.000000000000000000e+00
0.000000000000000000e+00
4.739103913307189941e-01
4.739093482494354248e-01
4.739122092723846436e-01
4.738969802856445312e-01
4.739105701446533203e-01
4.738946557044982910e-01
4.738899469375610352e-01
4.738899469375610352e-01
4.739051461219787598e-01
4.738899469375610352e-01
4.739035069942474365e-01
4.738899469375610352e-01
4.739133715629577637e-01
4.738937020301818848e-01
4.739190340042114258e-01
4.739111661911010742e-01
4.739175438880920410e-01
0.000000000000000000e+00
4.738940298557281494e-01
4.738942086696624756e-01
4.739193022251129150e-01
4.738899469375610352e-01
4.739214181900024414e-01
4.739049971103668213e-01
4.738899469375610352e-01
4.738968908786773682e-01
4.739206731319427490e-01
4.739132821559906006e-01
4.739036858081817627e-01
4.738899469375610352e-01
4.739144146442413330e-01
4.738899469375610352e-01
4.739142060279846191e-01
4.739198088645935059e-01
4.739061594009399414e-01
4.738899469375610352e-01
4.738899469375610352e-01
4.725349545478820801e-01
1.535324156284332275e-01
2.550594210624694824e-01
4.714849889278411865e-01
4.738899469375610352e-01
0.000000000000000000e+00
0.000000000000000000e+00
0.000000000000000000e+00
3.898846507072448730e-01
4.738900065422058105e-01
4.738899469375610352e-01
0.000000000000000000e+00
0.000000000000000000e+00
0.000000000000000000e+00
0.000000000000000000e+00
4.738900065422058105e-01
0.000000000000000000e+00
4.738899469375610352e-01
4.738899469375610352e-01
4.738899469375610352e-01
4.738899469375610352e-01
4.738899469375610352e-01
4.738899469375610352e-01
4.738899469375610352e-01
4.738899469375610352e-01
4.738899469375610352e-01
4.738899469375610352e-01
4.738899469375610352e-01
0.000000000000000000e+00
0.000000000000000000e+00
0.000000000000000000e+00
0.000000000000000000e+00
0.000000000000000000e+00
0.000000000000000000e+00
0.000000000000000000e+00
0.000000000000000000e+00
0.000000000000000000e+00
0.000000000000000000e+00
0.000000000000000000e+00
0.000000000000000000e+00
0.000000000000000000e+00
0.000000000000000000e+00
0.000000000000000000e+00
0.000000000000000000e+00
0.000000000000000000e+00
0.000000000000000000e+00
0.000000000000000000e+00
0.000000000000000000e+00
0.000000000000000000e+00
0.000000000000000000e+00
0.000000000000000000e+00
0.000000000000000000e+00
0.000000000000000000e+00
0.000000000000000000e+00
0.000000000000000000e+00
0.000000000000000000e+00
0.000000000000000000e+00
0.000000000000000000e+00
0.000000000000000000e+00
0.000000000000000000e+00
0.000000000000000000e+00
0.000000000000000000e+00
0.000000000000000000e+00
0.000000000000000000e+00
0.000000000000000000e+00
0.000000000000000000e+00
0.000000000000000000e+00
0.000000000000000000e+00
0.000000000000000000e+00
0.000000000000000000e+00
4.727671742439270020e-01
0.000000000000000000e+00
0.000000000000000000e+00
0.000000000000000000e+00
0.000000000000000000e+00
0.000000000000000000e+00
0.000000000000000000e+00
0.000000000000000000e+00
0.000000000000000000e+00
0.000000000000000000e+00
0.000000000000000000e+00
0.000000000000000000e+00
0.000000000000000000e+00
0.000000000000000000e+00
0.000000000000000000e+00
0.000000000000000000e+00
0.000000000000000000e+00
0.000000000000000000e+00
0.000000000000000000e+00
0.000000000000000000e+00
0.000000000000000000e+00
0.000000000000000000e+00
0.000000000000000000e+00
0.000000000000000000e+00
0.000000000000000000e+00
0.000000000000000000e+00
0.000000000000000000e+00
0.000000000000000000e+00
0.000000000000000000e+00
0.000000000000000000e+00
0.000000000000000000e+00
0.000000000000000000e+00
4.738899469375610352e-01
4.738899469375610352e-01
4.738899469375610352e-01
4.738899469375610352e-01
4.738899469375610352e-01
4.736808538436889648e-01
4.738899469375610352e-01
4.738899469375610352e-01
4.738899469375610352e-01
4.738899469375610352e-01
4.738899469375610352e-01
4.738899469375610352e-01
4.738899469375610352e-01
4.738899469375610352e-01
4.738899469375610352e-01
4.738899469375610352e-01
4.738899469375610352e-01
4.738899469375610352e-01
4.738899469375610352e-01
4.738899469375610352e-01
4.738899469375610352e-01
