3.950807452201843262e-01
4.160529077053070068e-01
4.125650823116302490e-01
4.146317243576049805e-01
4.155290126800537109e-01
4.178687930107116699e-01
4.204604327678680420e-01
4.214919209480285645e-01
4.171505570411682129e-01
4.125827550888061523e-01
4.076305031776428223e-01
4.077423512935638428e-01
4.078888893127441406e-01
3.993113040924072266e-01
3.874602317810058594e-01
3.919090032577514648e-01
3.856843709945678711e-01
4.005063176155090332e-01
4.005602002143859863e-01
3.957347571849822998e-01
3.972874283790588379e-01
3.942086100578308105e-01
3.898221850395202637e-01
3.948023915290832520e-01
3.860145509243011475e-01
3.907946944236755371e-01
3.892560005187988281e-01
3.898882567882537842e-01
3.894074261188507080e-01
3.446483910083770752e-01
3.307692408561706543e-01
3.546242713928222656e-01
3.665441274642944336e-01
3.701739311218261719e-01
3.540952205657958984e-01
3.485758304595947266e-01
3.416988849639892578e-01
3.245319128036499023e-01
3.109194636344909668e-01
3.148276805877685547e-01
3.406677842140197754e-01
3.291233479976654053e-01
3.799318671226501465e-01
3.741451501846313477e-01
3.615359663963317871e-01
3.437741994857788086e-01
3.414801359176635742e-01
3.418904244899749756e-01
3.386333286762237549e-01
3.451509475708007812e-01
3.442543447017669678e-01
3.455027937889099121e-01
3.347915410995483398e-01
3.572355508804321289e-01
3.501307964324951172e-01
3.386474251747131348e-01
3.399937152862548828e-01
3.309755921363830566e-01
3.281122148036956787e-01
3.283730745315551758e-01
3.438737988471984863e-01
3.560193777084350586e-01
3.597431182861328125e-01
3.671187162399291992e-01
3.517874479293823242e-01
3.552255034446716309e-01
3.538785278797149658e-01
3.518672287464141846e-01
4.073438048362731934e-01
3.744225203990936279e-01
3.930794298648834229e-01
3.692378997802734375e-01
3.855496942996978760e-01
3.340724110603332520e-01
3.431529998779296875e-01
3.526251912117004395e-01
3.569311499595642090e-01
3.614865243434906006e-01
3.645572066307067871e-01
3.605475723743438721e-01
3.683819174766540527e-01
3.505276739597320557e-01
3.582996726036071777e-01
3.538606762886047363e-01
3.571992814540863037e-01
3.573579788208007812e-01
3.561621606349945068e-01
3.411119580268859863e-01
3.457368910312652588e-01
3.417748808860778809e-01
3.281078338623046875e-01
3.426018953323364258e-01
3.390417098999023438e-01
3.328157067298889160e-01
3.487687110900878906e-01
3.261267840862274170e-01
3.449321985244750977e-01
3.605846762657165527e-01
3.655626773834228516e-01
3.723954558372497559e-01
3.714161515235900879e-01
3.482175469398498535e-01
3.571070432662963867e-01
3.859989643096923828e-01
3.497669100761413574e-01
3.798031806945800781e-01
3.679935634136199951e-01
3.690863251686096191e-01
3.546037077903747559e-01
3.575032949447631836e-01
3.625487685203552246e-01
3.636521697044372559e-01
3.708538413047790527e-01
3.582751750946044922e-01
3.648020029067993164e-01
3.769586384296417236e-01
3.495159149169921875e-01
3.716424107551574707e-01
3.853662014007568359e-01
3.798387646675109863e-01
3.804724216461181641e-01
3.851458728313446045e-01
4.226288199424743652e-01
4.216518402099609375e-01
4.357759356498718262e-01
4.431310892105102539e-01
4.159149825572967529e-01
4.052492082118988037e-01
4.504821002483367920e-01
3.863215446472167969e-01
4.546740353107452393e-01
4.118168652057647705e-01
4.516762495040893555e-01
4.105952382087707520e-01
4.125198721885681152e-01
4.094922840595245361e-01
4.129762351512908936e-01
4.170695543289184570e-01
4.044104814529418945e-01
3.940261006355285645e-01
4.142876267433166504e-01
4.141391515731811523e-01
4.068421721458435059e-01
4.105653166770935059e-01
3.794195055961608887e-01
3.881331682205200195e-01
3.844801485538482666e-01
4.002892673015594482e-01
4.084091484546661377e-01
4.103694260120391846e-01
3.787454664707183838e-01
4.055162370204925537e-01
4.021341204643249512e-01
3.971999883651733398e-01
3.910852968692779541e-01
3.967992067337036133e-01
3.855676949024200439e-01
3.775545656681060791e-01
3.795696794986724854e-01
3.804772496223449707e-01
3.672372400760650635e-01
3.441402316093444824e-01
3.660319447517395020e-01
3.630216121673583984e-01
3.585753440856933594e-01
3.720897436141967773e-01
3.825340569019317627e-01
3.929911255836486816e-01
3.885863423347473145e-01
3.799242973327636719e-01
3.730560243129730225e-01
3.770578801631927490e-01
3.504723906517028809e-01
3.704529702663421631e-01
3.746093511581420898e-01
3.657001852989196777e-01
3.553953766822814941e-01
3.569136857986450195e-01
3.543968200683593750e-01
3.511289358139038086e-01
3.571157455444335938e-01
3.590163588523864746e-01
3.600370883941650391e-01
3.591376543045043945e-01
3.521640896797180176e-01
3.512949943542480469e-01
3.486442565917968750e-01
3.413940668106079102e-01
3.752167224884033203e-01
3.597188591957092285e-01
3.570766448974609375e-01
3.523054420948028564e-01
3.508563637733459473e-01
3.569316565990447998e-01
3.592829406261444092e-01
3.590311408042907715e-01
3.577697277069091797e-01
3.620542883872985840e-01
3.606203794479370117e-01
3.637421429157257080e-01
3.590053319931030273e-01
3.581968545913696289e-01
3.516122102737426758e-01
3.690955042839050293e-01
3.745413422584533691e-01
3.733948469161987305e-01
3.748491406440734863e-01
3.635526895523071289e-01
3.686514496803283691e-01
3.714857697486877441e-01
3.680764734745025635e-01
3.840957880020141602e-01
3.793432414531707764e-01
3.828569650650024414e-01
3.432985544204711914e-01
3.747071623802185059e-01
3.652676343917846680e-01
3.611819744110107422e-01
3.656969666481018066e-01
3.748981356620788574e-01
3.644368052482604980e-01
3.727153539657592773e-01
3.584729433059692383e-01
3.587072491645812988e-01
3.701619803905487061e-01
3.913421332836151123e-01
3.824236392974853516e-01
3.862254023551940918e-01
3.843151330947875977e-01
3.838059306144714355e-01
3.821485638618469238e-01
3.843358159065246582e-01
3.841280937194824219e-01
3.901399374008178711e-01
3.747626543045043945e-01
3.664199709892272949e-01
3.782957196235656738e-01
3.773841261863708496e-01
3.704291284084320068e-01
3.768797218799591064e-01
3.733816742897033691e-01
3.670853972434997559e-01
3.653044104576110840e-01
3.736658096313476562e-01
3.755267858505249023e-01
3.642019629478454590e-01
3.816796839237213135e-01
3.729264140129089355e-01
3.869293928146362305e-01
3.887535333633422852e-01
3.670390844345092773e-01
3.662306070327758789e-01
3.770220279693603516e-01
3.833989500999450684e-01
3.773876130580902100e-01
3.664931058883666992e-01
3.710894584655761719e-01
3.710892200469970703e-01
3.729687631130218506e-01
3.775053024291992188e-01
3.804284334182739258e-01
3.836924135684967041e-01
3.787578940391540527e-01
3.867151737213134766e-01
3.943259119987487793e-01
3.782232105731964111e-01
3.849019110202789307e-01
3.798462152481079102e-01
3.824618458747863770e-01
3.838543295860290527e-01
3.776981234550476074e-01
3.754169642925262451e-01
3.719391822814941406e-01
3.797345757484436035e-01
3.799764513969421387e-01
3.817047178745269775e-01
3.819124400615692139e-01
3.814087510108947754e-01
3.800566196441650391e-01
3.783051371574401855e-01
3.774762451648712158e-01
3.764236569404602051e-01
3.742291629314422607e-01
3.731976747512817383e-01
3.828114271163940430e-01
3.851795792579650879e-01
3.574277162551879883e-01
3.547761142253875732e-01
3.605855107307434082e-01
3.571264445781707764e-01
3.908465504646301270e-01
3.901329934597015381e-01
3.798575401306152344e-01
3.712147474288940430e-01
3.388085961341857910e-01
3.282268047332763672e-01
3.407788872718811035e-01
3.383563756942749023e-01
3.321405053138732910e-01
3.327475488185882568e-01
3.209061026573181152e-01
3.642187118530273438e-01
3.680916428565979004e-01
3.691202700138092041e-01
3.694203495979309082e-01
3.682640194892883301e-01
3.680022358894348145e-01
3.649382591247558594e-01
3.659631609916687012e-01
3.642877042293548584e-01
3.643015623092651367e-01
3.629611134529113770e-01
3.611143827438354492e-01
3.589275777339935303e-01
3.592232167720794678e-01
3.562844991683959961e-01
3.582042455673217773e-01
3.602491915225982666e-01
3.547475039958953857e-01
3.530345559120178223e-01
3.848549425601959229e-01
3.899051845073699951e-01
3.935449421405792236e-01
3.964952528476715088e-01
3.822551965713500977e-01
3.827234804630279541e-01
3.616110682487487793e-01
3.702656626701354980e-01
3.744418025016784668e-01
3.697514533996582031e-01
3.647089898586273193e-01
3.502373099327087402e-01
3.280021846294403076e-01
3.401430547237396240e-01
3.330472707748413086e-01
3.330140113830566406e-01
3.335401415824890137e-01
3.534176349639892578e-01
3.409929275512695312e-01
3.597702383995056152e-01
3.558890819549560547e-01
3.979255855083465576e-01
3.786524534225463867e-01
3.801109790802001953e-01
3.812818527221679688e-01
3.811946511268615723e-01
3.793649673461914062e-01
3.597853779792785645e-01
3.592695593833923340e-01
3.665284514427185059e-01
3.570988774299621582e-01
3.564265966415405273e-01
3.538174033164978027e-01
3.644706606864929199e-01
3.676255345344543457e-01
3.655525147914886475e-01
3.615931868553161621e-01
3.383818864822387695e-01
3.364051282405853271e-01
3.457873761653900146e-01
3.452934920787811279e-01
3.435287475585937500e-01
3.551649749279022217e-01
3.603136241436004639e-01
3.670147657394409180e-01
3.799436688423156738e-01
3.798005282878875732e-01
3.803022205829620361e-01
3.802280128002166748e-01
3.763130605220794678e-01
3.813638687133789062e-01
3.741585016250610352e-01
3.920528590679168701e-01
3.888626098632812500e-01
3.646683692932128906e-01
4.014028906822204590e-01
4.079785048961639404e-01
4.060005545616149902e-01
4.029168486595153809e-01
4.034558534622192383e-01
3.703813552856445312e-01
3.800645172595977783e-01
3.526841402053833008e-01
3.622075915336608887e-01
3.508126735687255859e-01
3.441581428050994873e-01
3.413872122764587402e-01
3.376041650772094727e-01
3.408610820770263672e-01
3.415987491607666016e-01
3.531038761138916016e-01
3.422829806804656982e-01
3.434144854545593262e-01
3.406240046024322510e-01
3.456422090530395508e-01
3.653413355350494385e-01
3.673465251922607422e-01
3.728003799915313721e-01
3.697718679904937744e-01
3.612430691719055176e-01
3.755398988723754883e-01
3.719477653503417969e-01
3.586152791976928711e-01
3.684915602207183838e-01
3.771049082279205322e-01
3.782728910446166992e-01
3.633603155612945557e-01
3.574920892715454102e-01
3.422196507453918457e-01
3.399538397789001465e-01
3.306711018085479736e-01
4.003184735774993896e-01
3.870516717433929443e-01
3.880647420883178711e-01
3.548340797424316406e-01
3.553585410118103027e-01
3.581560552120208740e-01
3.600873947143554688e-01
3.568397164344787598e-01
3.571691513061523438e-01
3.558909893035888672e-01
3.549817502498626709e-01
3.543701767921447754e-01
3.531524837017059326e-01
3.489349186420440674e-01
3.480028510093688965e-01
3.472300171852111816e-01
3.678572773933410645e-01
3.697376847267150879e-01
3.623040914535522461e-01
3.597086369991302490e-01
3.748521208763122559e-01
3.780102133750915527e-01
3.713726401329040527e-01
3.700968921184539795e-01
3.738395571708679199e-01
3.450124263763427734e-01
3.488610982894897461e-01
3.427487611770629883e-01
3.475712835788726807e-01
3.135385513305664062e-01
3.276987671852111816e-01
3.426624834537506104e-01
3.190645575523376465e-01
3.324332237243652344e-01
3.324167132377624512e-01
3.231930732727050781e-01
3.305906951427459717e-01
3.417710065841674805e-01
3.394630551338195801e-01
3.099355399608612061e-01
2.960874438285827637e-01
2.823075950145721436e-01
3.025010228157043457e-01
3.169253468513488770e-01
3.336679935455322266e-01
3.318988680839538574e-01
3.319526910781860352e-01
3.304390907287597656e-01
3.184828162193298340e-01
2.949500679969787598e-01
2.608638405799865723e-01
3.179483413696289062e-01
2.023190855979919434e-01
2.056899964809417725e-01
3.442980051040649414e-01
3.426305055618286133e-01
3.303408026695251465e-01
3.408855199813842773e-01
3.336058259010314941e-01
3.453995585441589355e-01
3.386768102645874023e-01
3.137540221214294434e-01
3.199333548545837402e-01
3.377705216407775879e-01
3.245444893836975098e-01
3.355398476123809814e-01
3.347780704498291016e-01
3.370254635810852051e-01
3.393440246582031250e-01
3.451354503631591797e-01
3.559426963329315186e-01
3.532173037528991699e-01
3.516935706138610840e-01
3.661815226078033447e-01
3.628081679344177246e-01
3.379614949226379395e-01
3.486306071281433105e-01
3.545840978622436523e-01
3.440973758697509766e-01
3.331192731857299805e-01
3.236824274063110352e-01
3.396589159965515137e-01
3.407522439956665039e-01
3.459975123405456543e-01
3.677430748939514160e-01
3.591423332691192627e-01
3.612907528877258301e-01
3.459997475147247314e-01
3.498274683952331543e-01
3.519175648689270020e-01
3.539837002754211426e-01
3.558602333068847656e-01
3.578617572784423828e-01
3.596585988998413086e-01
3.596166968345642090e-01
3.504338860511779785e-01
3.414122760295867920e-01
3.498421311378479004e-01
3.548978269100189209e-01
3.491282463073730469e-01
3.454470634460449219e-01
3.487002849578857422e-01
3.442120552062988281e-01
3.459507226943969727e-01
3.412772417068481445e-01
3.592033386230468750e-01
3.766222894191741943e-01
3.517519235610961914e-01
3.762364089488983154e-01
3.454872965812683105e-01
3.451826572418212891e-01
3.507076501846313477e-01
3.494815230369567871e-01
3.375047445297241211e-01
3.379538059234619141e-01
3.320037126541137695e-01
3.595351576805114746e-01
3.530443310737609863e-01
3.511073589324951172e-01
3.584642410278320312e-01
3.472555279731750488e-01
3.588981926441192627e-01
3.461047112941741943e-01
3.569789826869964600e-01
3.593814969062805176e-01
3.578623533248901367e-01
3.821880817413330078e-01
3.854137063026428223e-01
3.598307371139526367e-01
3.669590055942535400e-01
4.136152565479278564e-01
3.440976440906524658e-01
3.590783178806304932e-01
3.645496368408203125e-01
3.395252823829650879e-01
3.261627554893493652e-01
3.286496996879577637e-01
3.188979625701904297e-01
3.842427730560302734e-01
3.549713492393493652e-01
3.138073086738586426e-01
3.597713112831115723e-01
3.354247808456420898e-01
3.468866348266601562e-01
3.307182192802429199e-01
3.320173025131225586e-01
3.823376893997192383e-01
3.592354357242584229e-01
3.838719725608825684e-01
3.924224972724914551e-01
3.870694339275360107e-01
3.786234557628631592e-01
3.558095395565032959e-01
3.239943385124206543e-01
3.607208728790283203e-01
3.400253057479858398e-01
3.395586609840393066e-01
3.233538866043090820e-01
3.202292025089263916e-01
3.103694021701812744e-01
3.057691454887390137e-01
2.946000695228576660e-01
3.219857513904571533e-01
3.499954938888549805e-01
3.478541374206542969e-01
3.435416817665100098e-01
3.358597755432128906e-01
3.519017696380615234e-01
3.702609837055206299e-01
3.747046589851379395e-01
3.774220645427703857e-01
3.747074007987976074e-01
3.824646472930908203e-01
3.823869228363037109e-01
3.758406341075897217e-01
3.701411485671997070e-01
3.838232159614562988e-01
3.859619498252868652e-01
3.626996278762817383e-01
3.612881600856781006e-01
3.523597121238708496e-01
3.511294126510620117e-01
3.596145510673522949e-01
3.632307052612304688e-01
3.419840335845947266e-01
3.446447253227233887e-01
3.468637466430664062e-01
3.510547280311584473e-01
3.409328460693359375e-01
3.505966663360595703e-01
3.530556559562683105e-01
3.857612311840057373e-01
3.851900696754455566e-01
3.845037221908569336e-01
3.840926885604858398e-01
3.580987453460693359e-01
3.545929193496704102e-01
3.448208570480346680e-01
3.798372149467468262e-01
3.799809515476226807e-01
3.795463144779205322e-01
3.796779811382293701e-01
3.789890110492706299e-01
3.778696060180664062e-01
3.787856101989746094e-01
3.812034130096435547e-01
3.816889524459838867e-01
3.820479214191436768e-01
3.829016983509063721e-01
3.819075226783752441e-01
3.841828405857086182e-01
3.841489851474761963e-01
3.758839964866638184e-01
3.500234484672546387e-01
3.471772670745849609e-01
3.479055762290954590e-01
3.508866727352142334e-01
3.428522944450378418e-01
3.502722382545471191e-01
3.402439951896667480e-01
3.393943607807159424e-01
3.340297639369964600e-01
3.500001728534698486e-01
3.339113593101501465e-01
3.380272984504699707e-01
3.439246118068695068e-01
3.322891891002655029e-01
3.291148543357849121e-01
3.210248947143554688e-01
3.224892616271972656e-01
3.432806432247161865e-01
3.514397740364074707e-01
3.957662582397460938e-01
3.964991867542266846e-01
3.873986303806304932e-01
3.454705476760864258e-01
3.320900201797485352e-01
3.490006923675537109e-01
3.393612504005432129e-01
3.331748247146606445e-01
3.444439470767974854e-01
3.944633305072784424e-01
3.952295482158660889e-01
3.941043317317962646e-01
3.888161182403564453e-01
3.202419281005859375e-01
3.615539073944091797e-01
3.439572453498840332e-01
3.314474225044250488e-01
3.382392525672912598e-01
3.455966413021087646e-01
3.848170936107635498e-01
3.498526811599731445e-01
3.724571466445922852e-01
3.918437659740447998e-01
3.632515668869018555e-01
3.677958250045776367e-01
3.840502202510833740e-01
3.767042458057403564e-01
3.647684752941131592e-01
3.467541933059692383e-01
3.474490046501159668e-01
3.796677589416503906e-01
3.706319928169250488e-01
3.308442533016204834e-01
3.761016726493835449e-01
3.316010236740112305e-01
3.738702535629272461e-01
3.736950159072875977e-01
3.717042207717895508e-01
3.457022309303283691e-01
3.750220537185668945e-01
3.748315274715423584e-01
3.672941923141479492e-01
3.703401088714599609e-01
3.712130188941955566e-01
3.692721128463745117e-01
3.705846071243286133e-01
3.687849044799804688e-01
3.603068590164184570e-01
3.499889373779296875e-01
3.414416909217834473e-01
3.427214622497558594e-01
3.382418155670166016e-01
3.310738205909729004e-01
3.312502503395080566e-01
4.004584252834320068e-01
3.510011136531829834e-01
3.625664710998535156e-01
3.582168817520141602e-01
3.554888963699340820e-01
3.859912753105163574e-01
3.992285430431365967e-01
3.906185626983642578e-01
3.514842987060546875e-01
3.870693445205688477e-01
3.419232964515686035e-01
3.566010296344757080e-01
3.595348000526428223e-01
3.602024912834167480e-01
3.539071679115295410e-01
3.477172851562500000e-01
3.500276803970336914e-01
3.466477394104003906e-01
3.353987932205200195e-01
3.387367129325866699e-01
3.450796306133270264e-01
3.493263721466064453e-01
3.491712808609008789e-01
3.496513962745666504e-01
3.365446925163269043e-01
3.214095830917358398e-01
3.215851187705993652e-01
3.227846622467041016e-01
3.278986811637878418e-01
3.371846973896026611e-01
3.861304223537445068e-01
3.832994699478149414e-01
3.824034333229064941e-01
3.838101923465728760e-01
3.767434358596801758e-01
3.648780882358551025e-01
3.642849326133728027e-01
3.571784496307373047e-01
3.530755639076232910e-01
3.533561229705810547e-01
3.498913645744323730e-01
3.598337769508361816e-01
3.548850417137145996e-01
3.510229885578155518e-01
3.501149415969848633e-01
3.425997793674468994e-01
3.455516099929809570e-01
3.443588614463806152e-01
3.358462452888488770e-01
3.256530761718750000e-01
3.181022405624389648e-01
0.000000000000000000e+00
2.439243793487548828e-01
3.918544054031372070e-01
3.568542003631591797e-01
3.042616248130798340e-01
3.061231374740600586e-01
3.174972832202911377e-01
3.648246228694915771e-01
0.000000000000000000e+00
0.000000000000000000e+00
2.886169552803039551e-01
2.249685823917388916e-01
0.000000000000000000e+00
0.000000000000000000e+00
0.000000000000000000e+00
0.000000000000000000e+00
3.063271641731262207e-01
2.873113155364990234e-01
3.063464760780334473e-01
2.946555614471435547e-01
3.192210793495178223e-01
3.219129741191864014e-01
3.399023413658142090e-01
3.367109894752502441e-01
3.471647799015045166e-01
3.495335280895233154e-01
3.425239324569702148e-01
3.141316771507263184e-01
2.750935554504394531e-01
3.181962370872497559e-01
2.685089111328125000e-01
3.114901483058929443e-01
3.314641416072845459e-01
3.335555195808410645e-01
3.518440723419189453e-01
3.482524156570434570e-01
3.244385719299316406e-01
3.377337455749511719e-01
3.397712111473083496e-01
3.229242563247680664e-01
3.100728988647460938e-01
3.409230709075927734e-01
3.420423865318298340e-01
3.677817583084106445e-01
3.423050045967102051e-01
3.777365982532501221e-01
3.378913998603820801e-01
3.504786193370819092e-01
3.560675382614135742e-01
3.569750189781188965e-01
3.576053082942962646e-01
3.643726110458374023e-01
3.577787280082702637e-01
3.369491696357727051e-01
3.539714217185974121e-01
3.521150946617126465e-01
3.515200614929199219e-01
3.509033918380737305e-01
3.547201752662658691e-01
3.658773303031921387e-01
3.676549792289733887e-01
3.813872337341308594e-01
3.895553946495056152e-01
3.851851820945739746e-01
3.878556787967681885e-01
3.616444468498229980e-01
3.615553975105285645e-01
3.728114962577819824e-01
3.752866089344024658e-01
3.754322826862335205e-01
3.764412403106689453e-01
3.707503080368041992e-01
3.490772843360900879e-01
3.684013485908508301e-01
3.544207215309143066e-01
3.600511550903320312e-01
3.419350385665893555e-01
3.645635247230529785e-01
3.881765007972717285e-01
3.899719417095184326e-01
3.914718031883239746e-01
3.785993158817291260e-01
3.617349863052368164e-01
3.971742987632751465e-01
3.926570117473602295e-01
3.902478814125061035e-01
3.797383010387420654e-01
3.749560713768005371e-01
3.690245151519775391e-01
3.678813576698303223e-01
3.678774833679199219e-01
3.655697703361511230e-01
3.698782920837402344e-01
3.774745762348175049e-01
3.869017362594604492e-01
3.845181763172149658e-01
3.854638934135437012e-01
3.874908685684204102e-01
3.842725753784179688e-01
3.837615847587585449e-01
3.772713840007781982e-01
3.795247375965118408e-01
3.781473040580749512e-01
3.644425868988037109e-01
0.000000000000000000e+00
2.599639892578125000e-01
3.447386622428894043e-01
2.533277869224548340e-01
2.697447538375854492e-01
2.299740612506866455e-01
2.683706283569335938e-01
2.105164527893066406e-01
0.000000000000000000e+00
2.948918044567108154e-01
3.111599385738372803e-01
3.291584253311157227e-01
3.482898771762847900e-01
3.634697198867797852e-01
3.489915132522583008e-01
3.237967491149902344e-01
3.250668048858642578e-01
3.310988545417785645e-01
3.230133056640625000e-01
2.868050336837768555e-01
2.571501135826110840e-01
2.796558141708374023e-01
3.010408878326416016e-01
3.194339275360107422e-01
2.926065921783447266e-01
2.694894075393676758e-01
3.053726851940155029e-01
3.298593759536743164e-01
3.174597620964050293e-01
3.278650045394897461e-01
3.462898135185241699e-01
3.609599471092224121e-01
3.397947251796722412e-01
3.745272755622863770e-01
3.524410724639892578e-01
3.487501144409179688e-01
3.632509708404541016e-01
3.715006709098815918e-01
3.696406483650207520e-01
3.600102663040161133e-01
3.367622494697570801e-01
3.225914239883422852e-01
3.153783082962036133e-01
3.681944608688354492e-01
3.034890294075012207e-01
3.266977071762084961e-01
3.463056981563568115e-01
3.344938158988952637e-01
3.251497149467468262e-01
3.314891755580902100e-01
3.402561545372009277e-01
3.368712663650512695e-01
3.346707224845886230e-01
3.346262574195861816e-01
3.383340537548065186e-01
3.543429970741271973e-01
3.517532348632812500e-01
3.543068766593933105e-01
3.498519659042358398e-01
3.526318073272705078e-01
3.544553518295288086e-01
3.696439564228057861e-01
3.784904479980468750e-01
3.910925090312957764e-01
3.876005709171295166e-01
3.990903496742248535e-01
4.054850935935974121e-01
4.040859937667846680e-01
4.152856469154357910e-01
4.113551080226898193e-01
4.008094966411590576e-01
3.954242467880249023e-01
3.754384815692901611e-01
3.791963458061218262e-01
3.799784183502197266e-01
3.797233700752258301e-01
3.776574730873107910e-01
3.756133913993835449e-01
4.052219986915588379e-01
3.712880015373229980e-01
3.688709139823913574e-01
3.838557004928588867e-01
3.789227008819580078e-01
4.129223823547363281e-01
3.764103055000305176e-01
3.687662482261657715e-01
3.725522160530090332e-01
3.709333539009094238e-01
3.828145265579223633e-01
3.656594157218933105e-01
3.612555861473083496e-01
3.589699864387512207e-01
3.646577000617980957e-01
3.677499890327453613e-01
3.681070804595947266e-01
3.594167828559875488e-01
3.657906949520111084e-01
3.663697242736816406e-01
3.544764220714569092e-01
3.638712763786315918e-01
3.743943274021148682e-01
3.579987585544586182e-01
3.562123179435729980e-01
3.539922237396240234e-01
3.887434899806976318e-01
3.898684680461883545e-01
3.891392350196838379e-01
3.703340291976928711e-01
3.888109326362609863e-01
3.915700912475585938e-01
3.891937136650085449e-01
3.824774324893951416e-01
3.919048011302947998e-01
3.914029002189636230e-01
3.912123143672943115e-01
3.928422927856445312e-01
3.952291309833526611e-01
4.007075130939483643e-01
3.918664157390594482e-01
3.910524249076843262e-01
3.921150565147399902e-01
3.816083073616027832e-01
3.852558434009552002e-01
3.850288391113281250e-01
3.885329961776733398e-01
3.918983936309814453e-01
3.662285208702087402e-01
3.642152249813079834e-01
3.589150905609130859e-01
3.344896435737609863e-01
3.769616186618804932e-01
3.798268437385559082e-01
3.805398046970367432e-01
3.772258162498474121e-01
3.510373830795288086e-01
3.730992674827575684e-01
3.591160774230957031e-01
3.663471937179565430e-01
3.589309155941009521e-01
3.507714867591857910e-01
3.414775133132934570e-01
3.626054525375366211e-01
3.358222842216491699e-01
3.876678347587585449e-01
3.919534981250762939e-01
3.848260045051574707e-01
3.902223706245422363e-01
3.822570145130157471e-01
3.581544756889343262e-01
3.489478230476379395e-01
3.550354838371276855e-01
3.521304726600646973e-01
3.506478369235992432e-01
3.668395280838012695e-01
3.663335442543029785e-01
3.767445683479309082e-01
3.955916166305541992e-01
3.950847983360290527e-01
3.919319808483123779e-01
3.926467299461364746e-01
3.868792653083801270e-01
3.891144394874572754e-01
3.873485326766967773e-01
3.722941279411315918e-01
3.644198179244995117e-01
3.583709001541137695e-01
3.574717044830322266e-01
3.686202168464660645e-01
3.734987974166870117e-01
3.683393001556396484e-01
3.396020531654357910e-01
3.609856963157653809e-01
3.610210418701171875e-01
3.602012991905212402e-01
3.555524349212646484e-01
3.545859456062316895e-01
3.540663719177246094e-01
3.493797183036804199e-01
3.495282530784606934e-01
3.507557511329650879e-01
3.517857789993286133e-01
3.499101698398590088e-01
3.464707732200622559e-01
3.477870523929595947e-01
3.520833253860473633e-01
3.475186824798583984e-01
3.566621840000152588e-01
3.370132446289062500e-01
3.583923578262329102e-01
3.541708588600158691e-01
3.371198773384094238e-01
3.426852226257324219e-01
3.520488142967224121e-01
3.509494066238403320e-01
3.420109152793884277e-01
3.428395390510559082e-01
3.539751172065734863e-01
3.435665071010589600e-01
3.526837229728698730e-01
3.342303037643432617e-01
3.362568616867065430e-01
3.294373750686645508e-01
3.309762477874755859e-01
3.391165733337402344e-01
3.493363559246063232e-01
3.330031037330627441e-01
3.289887309074401855e-01
3.267382085323333740e-01
3.226758241653442383e-01
3.228996396064758301e-01
3.188385665416717529e-01
2.926707267761230469e-01
2.567917704582214355e-01
3.136949241161346436e-01
2.883954644203186035e-01
2.184461951255798340e-01
2.299821078777313232e-01
2.675728201866149902e-01
2.953626811504364014e-01
2.402102053165435791e-01
3.549205064773559570e-01
3.585807681083679199e-01
3.466339707374572754e-01
3.421211838722229004e-01
3.449172675609588623e-01
3.470231890678405762e-01
3.418970704078674316e-01
3.352935910224914551e-01
3.426833450794219971e-01
3.458275794982910156e-01
3.393795490264892578e-01
3.459551930427551270e-01
3.714661002159118652e-01
3.509365320205688477e-01
3.613799214363098145e-01
3.662269115447998047e-01
3.464498519897460938e-01
3.513050079345703125e-01
3.398908972740173340e-01
3.426789045333862305e-01
3.375435769557952881e-01
3.445661067962646484e-01
3.676356077194213867e-01
3.755778074264526367e-01
3.741730153560638428e-01
3.755023777484893799e-01
3.775620162487030029e-01
3.792315423488616943e-01
3.808567821979522705e-01
3.818048238754272461e-01
3.898220062255859375e-01
3.914248049259185791e-01
4.133090376853942871e-01
4.122917056083679199e-01
4.083530902862548828e-01
3.893017470836639404e-01
3.903883397579193115e-01
3.883861899375915527e-01
3.889600038528442383e-01
3.818255662918090820e-01
3.834477663040161133e-01
3.800342679023742676e-01
3.841020762920379639e-01
3.764862716197967529e-01
3.718665242195129395e-01
3.660262227058410645e-01
3.742411732673645020e-01
3.707511425018310547e-01
3.551459312438964844e-01
3.624272346496582031e-01
3.607892394065856934e-01
3.512951433658599854e-01
3.610295653343200684e-01
3.488766849040985107e-01
3.914524912834167480e-01
3.939254879951477051e-01
3.913206458091735840e-01
3.930803537368774414e-01
3.969139158725738525e-01
3.942660093307495117e-01
3.980182409286499023e-01
3.981659710407257080e-01
3.990051448345184326e-01
3.985547423362731934e-01
4.000393152236938477e-01
4.012299776077270508e-01
3.446436822414398193e-01
3.412639498710632324e-01
3.368974328041076660e-01
3.330526351928710938e-01
3.327381610870361328e-01
3.296863734722137451e-01
3.279798030853271484e-01
3.298477232456207275e-01
3.277074694633483887e-01
3.898971974849700928e-01
3.450542390346527100e-01
3.380437493324279785e-01
3.340105414390563965e-01
3.382897377014160156e-01
3.292827904224395752e-01
3.816257417201995850e-01
3.492975831031799316e-01
3.310617506504058838e-01
3.385708332061767578e-01
3.399131894111633301e-01
3.274789750576019287e-01
3.398558497428894043e-01
3.341494202613830566e-01
3.079798221588134766e-01
3.211740851402282715e-01
3.236185312271118164e-01
3.471702933311462402e-01
3.515735864639282227e-01
3.494690656661987305e-01
3.289328515529632568e-01
3.080068230628967285e-01
3.269189000129699707e-01
3.376646637916564941e-01
3.399506807327270508e-01
3.477104902267456055e-01
3.430557847023010254e-01
3.372732400894165039e-01
3.260061740875244141e-01
3.238123059272766113e-01
3.251134157180786133e-01
3.264055252075195312e-01
3.236063718795776367e-01
3.276299238204956055e-01
3.428210020065307617e-01
3.400514721870422363e-01
3.395608961582183838e-01
3.763108551502227783e-01
3.610114753246307373e-01
3.656423091888427734e-01
3.564980924129486084e-01
3.644956350326538086e-01
3.650049567222595215e-01
3.715359568595886230e-01
3.554757833480834961e-01
3.588481545448303223e-01
3.631057143211364746e-01
3.681617975234985352e-01
3.632054328918457031e-01
3.436772227287292480e-01
3.528249263763427734e-01
3.496263921260833740e-01
3.449862301349639893e-01
3.772997260093688965e-01
3.585504889488220215e-01
3.500747680664062500e-01
3.439695239067077637e-01
3.378850221633911133e-01
3.326480388641357422e-01
3.346768021583557129e-01
3.358302712440490723e-01
3.336849212646484375e-01
3.487485051155090332e-01
3.545312881469726562e-01
3.409886360168457031e-01
3.440274000167846680e-01
3.443150520324707031e-01
3.383080661296844482e-01
3.475115299224853516e-01
3.532206416130065918e-01
3.510617911815643311e-01
3.448439240455627441e-01
3.498551547527313232e-01
3.560953736305236816e-01
3.562189936637878418e-01
3.728939294815063477e-01
3.922899067401885986e-01
3.504281640052795410e-01
3.618248105049133301e-01
3.817340731620788574e-01
3.724161982536315918e-01
3.600274324417114258e-01
3.591642975807189941e-01
3.551291525363922119e-01
3.542729020118713379e-01
3.562175035476684570e-01
3.836689591407775879e-01
3.648321032524108887e-01
3.686795234680175781e-01
3.863492608070373535e-01
3.833920061588287354e-01
3.754655122756958008e-01
3.728041052818298340e-01
3.857867419719696045e-01
3.739776015281677246e-01
3.897953331470489502e-01
3.725399374961853027e-01
3.409534096717834473e-01
3.513023555278778076e-01
3.547698855400085449e-01
3.312379717826843262e-01
3.490216732025146484e-01
3.451566696166992188e-01
3.611252605915069580e-01
3.654036521911621094e-01
3.574047982692718506e-01
3.661996424198150635e-01
3.591459989547729492e-01
3.835366666316986084e-01
3.871380984783172607e-01
3.906063735485076904e-01
3.865146934986114502e-01
3.890103101730346680e-01
3.881569802761077881e-01
3.972548842430114746e-01
3.896313011646270752e-01
3.894304037094116211e-01
3.848961591720581055e-01
3.842345178127288818e-01
3.739560246467590332e-01
3.591403365135192871e-01
3.536343574523925781e-01
3.481419086456298828e-01
3.511358499526977539e-01
3.495422005653381348e-01
3.665047287940979004e-01
3.440612554550170898e-01
3.516855239868164062e-01
3.531607389450073242e-01
3.511092066764831543e-01
3.581542372703552246e-01
3.538184165954589844e-01
3.589854240417480469e-01
3.649354577064514160e-01
3.814561069011688232e-01
3.815758526325225830e-01
3.616692423820495605e-01
3.879335522651672363e-01
3.580821156501770020e-01
3.566698133945465088e-01
3.582088649272918701e-01
3.364412188529968262e-01
3.430725336074829102e-01
3.676003813743591309e-01
3.715618848800659180e-01
3.691295087337493896e-01
3.825005888938903809e-01
3.608180284500122070e-01
3.664284944534301758e-01
3.812519013881683350e-01
3.673888444900512695e-01
3.676187098026275635e-01
3.656085133552551270e-01
3.654165863990783691e-01
3.503237366676330566e-01
3.484539687633514404e-01
3.450364470481872559e-01
3.485301136970520020e-01
3.452446162700653076e-01
3.327403068542480469e-01
3.466641306877136230e-01
3.333773612976074219e-01
3.623100519180297852e-01
3.695093989372253418e-01
3.704060018062591553e-01
3.607912659645080566e-01
3.620162308216094971e-01
3.728368282318115234e-01
3.935986161231994629e-01
3.614491820335388184e-01
3.641949892044067383e-01
3.829923868179321289e-01
3.543877005577087402e-01
3.854753971099853516e-01
3.864138424396514893e-01
3.879296779632568359e-01
3.701492547988891602e-01
3.612471222877502441e-01
3.876089453697204590e-01
3.901278972625732422e-01
3.888672888278961182e-01
3.945620357990264893e-01
3.932920098304748535e-01
3.935704529285430908e-01
3.861673474311828613e-01
3.809856474399566650e-01
3.810560107231140137e-01
3.557108342647552490e-01
3.668115139007568359e-01
3.610249757766723633e-01
3.492894172668457031e-01
3.745027184486389160e-01
3.690635263919830322e-01
3.689391613006591797e-01
3.810580372810363770e-01
3.866348862648010254e-01
3.863698542118072510e-01
3.906667530536651611e-01
3.941598832607269287e-01
3.909096121788024902e-01
3.910596072673797607e-01
3.535144329071044922e-01
3.472456932067871094e-01
3.553984761238098145e-01
3.491457998752593994e-01
3.607810139656066895e-01
3.533222675323486328e-01
3.517040908336639404e-01
3.526767492294311523e-01
3.524974286556243896e-01
3.602004051208496094e-01
3.555914759635925293e-01
3.576404452323913574e-01
3.596739768981933594e-01
3.605456352233886719e-01
3.569582700729370117e-01
3.505688905715942383e-01
3.537800014019012451e-01
3.517485558986663818e-01
3.296694457530975342e-01
2.966496944427490234e-01
3.659619688987731934e-01
3.677346706390380859e-01
3.874806761741638184e-01
3.841483592987060547e-01
3.852573633193969727e-01
3.612232804298400879e-01
3.781024217605590820e-01
3.683434724807739258e-01
3.621494174003601074e-01
3.633454442024230957e-01
3.737751841545104980e-01
3.605035245418548584e-01
3.771427273750305176e-01
3.946047127246856689e-01
4.090250134468078613e-01
3.624367415904998779e-01
3.773817420005798340e-01
3.771652579307556152e-01
3.677306473255157471e-01
3.729523420333862305e-01
3.803386390209197998e-01
3.694335222244262695e-01
3.707509040832519531e-01
3.567956686019897461e-01
3.245115876197814941e-01
3.488787412643432617e-01
3.470578789710998535e-01
3.480033278465270996e-01
3.725538849830627441e-01
3.606469929218292236e-01
3.092852830886840820e-01
3.064475059509277344e-01
3.200955390930175781e-01
3.458250761032104492e-01
3.401566445827484131e-01
3.388978242874145508e-01
3.277367353439331055e-01
3.120443224906921387e-01
3.199935555458068848e-01
3.157020211219787598e-01
3.180702626705169678e-01
3.187894225120544434e-01
3.120810985565185547e-01
3.057167530059814453e-01
2.922742068767547607e-01
3.068193793296813965e-01
3.363770246505737305e-01
2.950580120086669922e-01
2.867062091827392578e-01
3.108963668346405029e-01
3.737237453460693359e-01
3.486135005950927734e-01
3.083562254905700684e-01
2.882015109062194824e-01
2.584274411201477051e-01
3.030361533164978027e-01
2.874475717544555664e-01
2.968032360076904297e-01
3.443999886512756348e-01
3.520923256874084473e-01
3.576692342758178711e-01
3.167700171470642090e-01
3.549124002456665039e-01
3.520077168941497803e-01
3.287323713302612305e-01
3.649938106536865234e-01
3.777545690536499023e-01
3.492604792118072510e-01
4.057550430297851562e-01
3.724260330200195312e-01
3.775700032711029053e-01
3.598157763481140137e-01
3.809815645217895508e-01
3.857631981372833252e-01
4.027675390243530273e-01
3.755035102367401123e-01
3.900201916694641113e-01
3.908037245273590088e-01
3.737314939498901367e-01
3.940955996513366699e-01
3.688533902168273926e-01
3.673336505889892578e-01
3.851544857025146484e-01
3.900712132453918457e-01
3.709513247013092041e-01
3.602893948554992676e-01
3.533468842506408691e-01
2.669607102870941162e-01
3.005960583686828613e-01
3.112660646438598633e-01
3.551973104476928711e-01
3.365773558616638184e-01
3.251725137233734131e-01
3.160645365715026855e-01
3.134279847145080566e-01
3.184627890586853027e-01
3.194115161895751953e-01
3.188559412956237793e-01
3.159277439117431641e-01
3.325681090354919434e-01
3.175733983516693115e-01
3.341830372810363770e-01
3.355636000633239746e-01
3.404209017753601074e-01
3.290131688117980957e-01
3.427947759628295898e-01
3.495209217071533203e-01
3.442441225051879883e-01
3.413766622543334961e-01
3.416005969047546387e-01
3.401973843574523926e-01
3.367822766304016113e-01
3.499224781990051270e-01
3.490123152732849121e-01
3.456118702888488770e-01
3.534756302833557129e-01
3.521170020103454590e-01
3.445601463317871094e-01
3.676612377166748047e-01
3.668807744979858398e-01
3.637416958808898926e-01
3.665453195571899414e-01
3.561959266662597656e-01
3.907625079154968262e-01
3.651705682277679443e-01
3.732157051563262939e-01
3.666491508483886719e-01
3.608179092407226562e-01
3.542831540107727051e-01
