4.790450632572174072e-01
4.790450632572174072e-01
4.790450632572174072e-01
4.790450632572174072e-01
4.790450632572174072e-01
4.790450632572174072e-01
4.790450632572174072e-01
4.790450632572174072e-01
4.790450632572174072e-01
4.790450632572174072e-01
4.790450632572174072e-01
4.790450632572174072e-01
4.790475368499755859e-01
4.790450632572174072e-01
4.790450632572174072e-01
4.790450632572174072e-01
4.790450632572174072e-01
4.790450632572174072e-01
4.790450632572174072e-01
4.790450632572174072e-01
4.790450632572174072e-01
4.790450632572174072e-01
4.790450632572174072e-01
4.790450632572174072e-01
4.790450632572174072e-01
4.790450632572174072e-01
4.790450632572174072e-01
4.790450632572174072e-01
4.790450632572174072e-01
5.069345831871032715e-01
4.790450632572174072e-01
4.790450632572174072e-01
4.790450632572174072e-01
4.790450632572174072e-01
4.790450632572174072e-01
4.790450632572174072e-01
4.790450632572174072e-01
4.969815611839294434e-01
5.039132833480834961e-01
4.905904829502105713e-01
4.790450632572174072e-01
4.790450632572174072e-01
4.790450632572174072e-01
4.790450632572174072e-01
4.790450632572174072e-01
4.790450632572174072e-01
4.790450632572174072e-01
4.790450632572174072e-01
4.790450632572174072e-01
4.790450632572174072e-01
4.790450632572174072e-01
4.790450632572174072e-01
4.790450632572174072e-01
4.790450632572174072e-01
4.790450632572174072e-01
4.790450632572174072e-01
4.790450632572174072e-01
4.790450632572174072e-01
4.790450632572174072e-01
4.790450632572174072e-01
4.790450632572174072e-01
4.790450632572174072e-01
4.790450632572174072e-01
4.790450632572174072e-01
4.790450632572174072e-01
4.790450632572174072e-01
4.790450632572174072e-01
4.790450632572174072e-01
4.790450632572174072e-01
4.790450632572174072e-01
4.790450632572174072e-01
4.790450632572174072e-01
4.790450632572174072e-01
4.790450632572174072e-01
4.790450632572174072e-01
4.790450632572174072e-01
4.790450632572174072e-01
4.790450632572174072e-01
4.790450632572174072e-01
4.790450632572174072e-01
4.790450632572174072e-01
4.790450632572174072e-01
4.790450632572174072e-01
4.790450632572174072e-01
4.790450632572174072e-01
4.790450632572174072e-01
4.790450632572174072e-01
4.790450632572174072e-01
4.790450632572174072e-01
4.790450632572174072e-01
4.790450632572174072e-01
5.066179037094116211e-01
4.790450632572174072e-01
4.790450632572174072e-01
4.790450632572174072e-01
4.790450632572174072e-01
4.790450632572174072e-01
4.790450632572174072e-01
4.790450632572174072e-01
4.790450632572174072e-01
4.790450632572174072e-01
4.790450632572174072e-01
4.790450632572174072e-01
4.790450632572174072e-01
4.790495932102203369e-01
4.790450632572174072e-01
4.790450632572174072e-01
4.790450632572174072e-01
4.790450632572174072e-01
4.790450632572174072e-01
4.790450632572174072e-01
4.790450632572174072e-01
4.790450632572174072e-01
4.790450632572174072e-01
4.790450632572174072e-01
4.790450632572174072e-01
4.790450632572174072e-01
4.790450632572174072e-01
4.790450632572174072e-01
4.790450632572174072e-01
4.790450632572174072e-01
4.790450632572174072e-01
4.790450632572174072e-01
4.790450632572174072e-01
4.790450632572174072e-01
4.790450632572174072e-01
4.790450632572174072e-01
4.790450632572174072e-01
4.790450632572174072e-01
4.790450632572174072e-01
4.790450632572174072e-01
5.061906576156616211e-01
4.790450632572174072e-01
4.790450632572174072e-01
4.790450632572174072e-01
4.790450632572174072e-01
4.790450632572174072e-01
4.790450632572174072e-01
4.790450632572174072e-01
4.790450632572174072e-01
4.790450632572174072e-01
4.916372597217559814e-01
4.896830022335052490e-01
4.790450632572174072e-01
4.790590405464172363e-01
4.790450632572174072e-01
4.790450632572174072e-01
4.790450632572174072e-01
4.790450632572174072e-01
4.790450632572174072e-01
4.790450632572174072e-01
5.076436400413513184e-01
5.069397687911987305e-01
4.755125343799591064e-01
4.790450632572174072e-01
4.790450632572174072e-01
4.790450632572174072e-01
4.790450632572174072e-01
4.790450632572174072e-01
4.790450632572174072e-01
4.790450632572174072e-01
4.790450632572174072e-01
4.790450632572174072e-01
4.790450632572174072e-01
4.790450632572174072e-01
4.790450632572174072e-01
4.790450632572174072e-01
4.790450632572174072e-01
4.790450632572174072e-01
4.790450632572174072e-01
4.790450632572174072e-01
4.790450632572174072e-01
4.968990087509155273e-01
4.790450632572174072e-01
4.790450632572174072e-01
4.790450632572174072e-01
4.790450632572174072e-01
5.063496828079223633e-01
4.790450632572174072e-01
4.790450632572174072e-01
4.790450632572174072e-01
4.790450632572174072e-01
4.790450632572174072e-01
4.790450632572174072e-01
4.917393028736114502e-01
4.790450632572174072e-01
4.790450632572174072e-01
4.790450632572174072e-01
4.790450632572174072e-01
4.790450632572174072e-01
4.790450632572174072e-01
4.790450632572174072e-01
4.790450632572174072e-01
4.790450632572174072e-01
4.790450632572174072e-01
4.790450632572174072e-01
4.790450632572174072e-01
4.790450632572174072e-01
4.790450632572174072e-01
4.790450632572174072e-01
4.790450632572174072e-01
4.790450632572174072e-01
4.790450632572174072e-01
4.790450632572174072e-01
4.790450632572174072e-01
4.790450632572174072e-01
4.790450632572174072e-01
4.790450632572174072e-01
4.790450632572174072e-01
4.790450632572174072e-01
4.790450632572174072e-01
4.790450632572174072e-01
4.790450632572174072e-01
4.790450632572174072e-01
4.790450632572174072e-01
4.790450632572174072e-01
4.790450632572174072e-01
4.790450632572174072e-01
4.790450632572174072e-01
4.790450632572174072e-01
4.790450632572174072e-01
4.790450632572174072e-01
4.790450632572174072e-01
4.790450632572174072e-01
4.790450632572174072e-01
4.790450632572174072e-01
4.790450632572174072e-01
4.790450632572174072e-01
4.790450632572174072e-01
4.790450632572174072e-01
4.790450632572174072e-01
4.790450632572174072e-01
4.790450632572174072e-01
4.790450632572174072e-01
4.790450632572174072e-01
4.790450632572174072e-01
4.790450632572174072e-01
4.790450632572174072e-01
4.790450632572174072e-01
4.790450632572174072e-01
4.790450632572174072e-01
4.790450632572174072e-01
4.790450632572174072e-01
4.790496230125427246e-01
4.950609207153320312e-01
4.790458381175994873e-01
4.790450632572174072e-01
4.790450632572174072e-01
4.790450632572174072e-01
4.790450632572174072e-01
4.790450632572174072e-01
4.790450632572174072e-01
4.790450632572174072e-01
4.790450632572174072e-01
4.790450632572174072e-01
4.790450632572174072e-01
4.790450632572174072e-01
4.790450632572174072e-01
4.790450632572174072e-01
4.790450632572174072e-01
4.790450632572174072e-01
4.790450632572174072e-01
4.790450632572174072e-01
4.790450632572174072e-01
4.790450632572174072e-01
4.790450632572174072e-01
4.790450632572174072e-01
4.790450632572174072e-01
4.790450632572174072e-01
4.790450632572174072e-01
4.790450632572174072e-01
4.790450632572174072e-01
4.790450632572174072e-01
4.790450632572174072e-01
4.790450632572174072e-01
4.790450632572174072e-01
4.790450632572174072e-01
4.790450632572174072e-01
4.917387366294860840e-01
4.790450632572174072e-01
4.790450632572174072e-01
4.790450632572174072e-01
4.790450632572174072e-01
5.057806372642517090e-01
4.790450632572174072e-01
4.790450632572174072e-01
4.790450632572174072e-01
4.790450632572174072e-01
4.790450632572174072e-01
4.790450632572174072e-01
4.790450632572174072e-01
4.790450632572174072e-01
4.790450632572174072e-01
4.790450632572174072e-01
4.790450632572174072e-01
5.030675530433654785e-01
4.790450632572174072e-01
4.790450632572174072e-01
4.790450632572174072e-01
4.790450632572174072e-01
4.790450632572174072e-01
4.790450632572174072e-01
4.790450632572174072e-01
4.790450632572174072e-01
4.790450632572174072e-01
4.790450632572174072e-01
4.790450632572174072e-01
4.790450632572174072e-01
4.790450632572174072e-01
4.790450632572174072e-01
4.790450632572174072e-01
4.790450632572174072e-01
4.790450632572174072e-01
4.790450632572174072e-01
4.790450632572174072e-01
4.790450632572174072e-01
4.790450632572174072e-01
4.790450632572174072e-01
4.790450632572174072e-01
4.790450632572174072e-01
4.790450632572174072e-01
4.790450632572174072e-01
4.790450632572174072e-01
4.790450632572174072e-01
4.790450632572174072e-01
4.790450632572174072e-01
4.790450632572174072e-01
4.790450632572174072e-01
4.790450632572174072e-01
4.790450632572174072e-01
4.790450632572174072e-01
4.790454506874084473e-01
4.790450632572174072e-01
4.790450632572174072e-01
4.790450632572174072e-01
4.790450632572174072e-01
4.790450632572174072e-01
4.790450632572174072e-01
4.790450632572174072e-01
4.790450632572174072e-01
4.790450632572174072e-01
4.790450632572174072e-01
4.790450632572174072e-01
4.913100600242614746e-01
5.068259835243225098e-01
4.790450632572174072e-01
4.790450632572174072e-01
4.790450632572174072e-01
4.790450632572174072e-01
4.790450632572174072e-01
4.790450632572174072e-01
4.790450632572174072e-01
4.790450632572174072e-01
4.790450632572174072e-01
4.790450632572174072e-01
4.790450632572174072e-01
4.790450632572174072e-01
4.790450632572174072e-01
4.790450632572174072e-01
4.790450632572174072e-01
4.790450632572174072e-01
4.790450632572174072e-01
4.790450632572174072e-01
4.790450632572174072e-01
4.790450632572174072e-01
4.790450632572174072e-01
4.790450632572174072e-01
4.790450632572174072e-01
4.790450632572174072e-01
4.790450632572174072e-01
4.790450632572174072e-01
4.790450632572174072e-01
4.790450632572174072e-01
4.790450632572174072e-01
4.790450632572174072e-01
4.790450632572174072e-01
4.790450632572174072e-01
4.790450632572174072e-01
4.790450632572174072e-01
4.790450632572174072e-01
4.790450632572174072e-01
4.790450632572174072e-01
4.790450632572174072e-01
4.790450632572174072e-01
4.790450632572174072e-01
4.790450632572174072e-01
4.790450632572174072e-01
4.790450632572174072e-01
4.790450632572174072e-01
4.790450632572174072e-01
4.790450632572174072e-01
4.790450632572174072e-01
4.790450632572174072e-01
4.790450632572174072e-01
4.790450632572174072e-01
4.809454083442687988e-01
4.808495938777923584e-01
4.790450632572174072e-01
4.790450632572174072e-01
4.790450632572174072e-01
4.790450632572174072e-01
4.790450632572174072e-01
4.790450632572174072e-01
4.790450632572174072e-01
4.790450632572174072e-01
4.790450632572174072e-01
4.790450632572174072e-01
4.790450632572174072e-01
4.790450632572174072e-01
4.790450632572174072e-01
4.790450632572174072e-01
4.790450632572174072e-01
4.790450632572174072e-01
4.790450632572174072e-01
4.790450632572174072e-01
4.790450632572174072e-01
4.790450632572174072e-01
4.790450632572174072e-01
4.790450632572174072e-01
4.766626358032226562e-01
4.790450632572174072e-01
4.790450632572174072e-01
4.790450632572174072e-01
4.790450632572174072e-01
4.790450930595397949e-01
4.996469020843505859e-01
5.050510764122009277e-01
4.790450632572174072e-01
4.790450632572174072e-01
4.790693819522857666e-01
4.790450632572174072e-01
4.790450632572174072e-01
4.790450632572174072e-01
4.790450632572174072e-01
4.790450632572174072e-01
4.790450632572174072e-01
4.790450632572174072e-01
4.790450632572174072e-01
4.790450632572174072e-01
4.790450632572174072e-01
4.790450632572174072e-01
4.790450632572174072e-01
4.790450632572174072e-01
4.790450632572174072e-01
4.790450632572174072e-01
4.790450632572174072e-01
4.790450632572174072e-01
4.790450632572174072e-01
4.790450632572174072e-01
4.790450632572174072e-01
4.790450632572174072e-01
4.790450632572174072e-01
4.790450632572174072e-01
4.790450632572174072e-01
4.790450632572174072e-01
4.790450632572174072e-01
4.790450632572174072e-01
4.790450632572174072e-01
4.790450632572174072e-01
4.790450632572174072e-01
4.790450632572174072e-01
4.790450632572174072e-01
4.790450632572174072e-01
4.917393028736114502e-01
4.790450632572174072e-01
4.917087256908416748e-01
4.790450632572174072e-01
4.790450632572174072e-01
4.790450632572174072e-01
4.958696365356445312e-01
4.804810285568237305e-01
4.790450632572174072e-01
4.790450632572174072e-01
4.790450632572174072e-01
4.790450632572174072e-01
4.790450632572174072e-01
4.790450632572174072e-01
4.790450632572174072e-01
4.790450632572174072e-01
4.790450632572174072e-01
4.790450632572174072e-01
4.790450632572174072e-01
4.790450632572174072e-01
4.790450632572174072e-01
4.790450632572174072e-01
4.790450632572174072e-01
4.790450632572174072e-01
4.790450632572174072e-01
4.790450632572174072e-01
4.790450632572174072e-01
4.790450632572174072e-01
4.790450632572174072e-01
4.790450632572174072e-01
4.790450632572174072e-01
4.790450632572174072e-01
4.790450632572174072e-01
4.790450632572174072e-01
4.790450632572174072e-01
4.790450632572174072e-01
4.790450632572174072e-01
4.790450632572174072e-01
4.790450632572174072e-01
4.790450632572174072e-01
4.790450632572174072e-01
4.790450632572174072e-01
4.790450632572174072e-01
4.790450632572174072e-01
4.790450632572174072e-01
4.790450632572174072e-01
4.790450632572174072e-01
4.790450632572174072e-01
4.790450632572174072e-01
4.790450632572174072e-01
4.790450632572174072e-01
4.790450632572174072e-01
4.790450632572174072e-01
4.790450632572174072e-01
4.917385280132293701e-01
4.790450632572174072e-01
4.790450632572174072e-01
4.790450632572174072e-01
4.790450632572174072e-01
4.790450632572174072e-01
4.790450632572174072e-01
4.790450632572174072e-01
4.790450632572174072e-01
4.790450632572174072e-01
4.790450632572174072e-01
4.790475070476531982e-01
4.790450632572174072e-01
4.790450632572174072e-01
4.790450632572174072e-01
4.790450632572174072e-01
4.790450632572174072e-01
4.790450632572174072e-01
4.790450632572174072e-01
4.790450632572174072e-01
4.790450632572174072e-01
4.961461722850799561e-01
4.961894154548645020e-01
4.945849180221557617e-01
4.790451526641845703e-01
4.790450632572174072e-01
4.940352141857147217e-01
5.040382146835327148e-01
4.790450632572174072e-01
5.081233978271484375e-01
4.790450632572174072e-01
4.790450632572174072e-01
4.790450632572174072e-01
4.790450632572174072e-01
4.997282326221466064e-01
4.790450632572174072e-01
4.790450632572174072e-01
4.790450632572174072e-01
4.790450632572174072e-01
4.790450632572174072e-01
4.916220903396606445e-01
4.790450632572174072e-01
4.999199509620666504e-01
5.006560087203979492e-01
4.790450632572174072e-01
4.790492057800292969e-01
4.790450632572174072e-01
4.793471097946166992e-01
4.793060719966888428e-01
4.864807724952697754e-01
4.814193844795227051e-01
4.792003035545349121e-01
4.790450632572174072e-01
4.790450632572174072e-01
4.790450632572174072e-01
4.790450632572174072e-01
4.790450632572174072e-01
4.790450632572174072e-01
4.790450632572174072e-01
4.790450632572174072e-01
4.790450632572174072e-01
4.790450632572174072e-01
4.790450632572174072e-01
4.790450632572174072e-01
4.790450632572174072e-01
4.790450632572174072e-01
4.790450632572174072e-01
4.790450632572174072e-01
4.790450632572174072e-01
4.790450632572174072e-01
4.790450632572174072e-01
4.790450632572174072e-01
4.790450632572174072e-01
4.790450632572174072e-01
4.790450632572174072e-01
4.790450632572174072e-01
4.790450632572174072e-01
4.790450632572174072e-01
4.790450632572174072e-01
4.790450632572174072e-01
4.790450632572174072e-01
4.790450632572174072e-01
4.790450632572174072e-01
4.790450632572174072e-01
4.790450632572174072e-01
4.790450632572174072e-01
4.790450632572174072e-01
4.790450632572174072e-01
4.790450632572174072e-01
4.790450632572174072e-01
4.790450632572174072e-01
4.790450632572174072e-01
4.790450632572174072e-01
4.790450632572174072e-01
4.790450632572174072e-01
4.790450632572174072e-01
4.790450632572174072e-01
4.790450632572174072e-01
4.790450632572174072e-01
4.790450632572174072e-01
4.790450632572174072e-01
4.790450632572174072e-01
4.978942871093750000e-01
4.790450632572174072e-01
4.790450632572174072e-01
4.790450632572174072e-01
4.790450632572174072e-01
4.790450632572174072e-01
4.790450632572174072e-01
4.790450632572174072e-01
4.790450632572174072e-01
4.790450632572174072e-01
4.790450632572174072e-01
4.790450632572174072e-01
4.790450632572174072e-01
4.790450632572174072e-01
4.790450632572174072e-01
4.790450632572174072e-01
4.790450632572174072e-01
4.790450632572174072e-01
4.790450632572174072e-01
4.790450632572174072e-01
4.790450632572174072e-01
4.790450632572174072e-01
4.790450632572174072e-01
4.790450632572174072e-01
4.790450632572174072e-01
4.790450632572174072e-01
5.069397687911987305e-01
5.069397687911987305e-01
4.790450632572174072e-01
4.790450632572174072e-01
4.790450632572174072e-01
4.790450632572174072e-01
4.790450632572174072e-01
4.790450632572174072e-01
5.065920352935791016e-01
4.790450632572174072e-01
4.790450632572174072e-01
4.790450632572174072e-01
4.790450632572174072e-01
4.790450632572174072e-01
4.790450632572174072e-01
4.790450632572174072e-01
4.790450632572174072e-01
4.790450632572174072e-01
4.790450632572174072e-01
4.790450632572174072e-01
4.790450632572174072e-01
4.790468513965606689e-01
4.790450632572174072e-01
4.790450632572174072e-01
4.790450632572174072e-01
4.790450632572174072e-01
4.790492653846740723e-01
5.069397687911987305e-01
4.790450632572174072e-01
4.790450632572174072e-01
4.790450632572174072e-01
4.790450632572174072e-01
4.790450632572174072e-01
4.790450632572174072e-01
4.790450632572174072e-01
4.790450632572174072e-01
4.790450632572174072e-01
4.790450632572174072e-01
4.790453016757965088e-01
4.790450632572174072e-01
4.790450632572174072e-01
4.900953769683837891e-01
5.069394111633300781e-01
4.888997375965118408e-01
5.064756274223327637e-01
5.064756274223327637e-01
5.064772367477416992e-01
4.860165119171142578e-01
4.840011298656463623e-01
5.063953995704650879e-01
4.928944408893585205e-01
4.887129068374633789e-01
4.912826120853424072e-01
4.912826418876647949e-01
4.893475770950317383e-01
4.958682060241699219e-01
4.796922206878662109e-01
4.960201382637023926e-01
4.949450492858886719e-01
4.793833494186401367e-01
4.790851473808288574e-01
4.942455589771270752e-01
4.790450632572174072e-01
4.790450632572174072e-01
4.790450632572174072e-01
4.790450632572174072e-01
4.790450632572174072e-01
4.790450632572174072e-01
4.790450632572174072e-01
4.790450632572174072e-01
4.790450632572174072e-01
4.942455589771270752e-01
4.790450632572174072e-01
4.790450632572174072e-01
4.790450632572174072e-01
4.790450632572174072e-01
4.790582358837127686e-01
4.790450632572174072e-01
4.790450632572174072e-01
4.790450632572174072e-01
4.790450632572174072e-01
4.790450632572174072e-01
4.790450632572174072e-01
4.790450632572174072e-01
4.790450632572174072e-01
4.790450632572174072e-01
4.790450632572174072e-01
4.790450632572174072e-01
4.790450632572174072e-01
4.790450632572174072e-01
4.790450632572174072e-01
4.790450632572174072e-01
4.790450632572174072e-01
4.790450632572174072e-01
4.790450632572174072e-01
4.790450632572174072e-01
4.790450632572174072e-01
4.790450632572174072e-01
4.790450632572174072e-01
4.790450632572174072e-01
4.790450632572174072e-01
4.790450632572174072e-01
4.790450632572174072e-01
4.790450632572174072e-01
4.790453314781188965e-01
4.790450632572174072e-01
4.790450632572174072e-01
4.790450632572174072e-01
4.790450632572174072e-01
4.790450632572174072e-01
4.790450632572174072e-01
4.790450632572174072e-01
4.790450632572174072e-01
4.790450632572174072e-01
4.790450632572174072e-01
4.790450632572174072e-01
4.790450632572174072e-01
4.790450632572174072e-01
4.790450632572174072e-01
4.790450632572174072e-01
4.790450632572174072e-01
4.790450632572174072e-01
4.790451228618621826e-01
4.790450632572174072e-01
4.790450632572174072e-01
4.790450632572174072e-01
4.790450632572174072e-01
4.790450632572174072e-01
4.790450632572174072e-01
4.790450632572174072e-01
4.790450632572174072e-01
4.790450632572174072e-01
4.790450632572174072e-01
4.790450632572174072e-01
4.790450632572174072e-01
4.790450632572174072e-01
4.790450632572174072e-01
4.790450632572174072e-01
4.790450632572174072e-01
4.790450632572174072e-01
4.917226135730743408e-01
4.790450632572174072e-01
4.790450632572174072e-01
4.790450632572174072e-01
4.790450632572174072e-01
4.790450632572174072e-01
4.790450632572174072e-01
4.790450632572174072e-01
4.790450632572174072e-01
4.790450632572174072e-01
4.790450632572174072e-01
4.790450632572174072e-01
4.790450632572174072e-01
4.790450632572174072e-01
4.790450632572174072e-01
4.790450632572174072e-01
4.790450632572174072e-01
4.790450632572174072e-01
4.790450632572174072e-01
4.790450632572174072e-01
4.790450632572174072e-01
4.790450632572174072e-01
4.790450632572174072e-01
4.790450632572174072e-01
4.790450632572174072e-01
4.790450632572174072e-01
4.790450632572174072e-01
4.790450632572174072e-01
4.790450632572174072e-01
4.790450632572174072e-01
4.790450632572174072e-01
4.790450632572174072e-01
4.790450632572174072e-01
4.790450632572174072e-01
4.790450632572174072e-01
4.790450632572174072e-01
4.790450632572174072e-01
4.790450632572174072e-01
4.790450632572174072e-01
4.790450632572174072e-01
4.790450632572174072e-01
4.790450632572174072e-01
4.790450632572174072e-01
4.790450632572174072e-01
4.790450632572174072e-01
4.790450632572174072e-01
4.790450632572174072e-01
4.790450632572174072e-01
4.790450632572174072e-01
4.790450632572174072e-01
4.790450632572174072e-01
4.790450632572174072e-01
4.790450632572174072e-01
4.790450632572174072e-01
4.790450632572174072e-01
4.790450632572174072e-01
4.790450632572174072e-01
4.790450632572174072e-01
4.790450632572174072e-01
4.790450632572174072e-01
4.790450632572174072e-01
4.790450632572174072e-01
4.790450632572174072e-01
4.790450632572174072e-01
4.790450632572174072e-01
4.790450632572174072e-01
4.790450632572174072e-01
4.790450632572174072e-01
4.790450632572174072e-01
4.790450632572174072e-01
4.790450632572174072e-01
4.790450632572174072e-01
4.790450632572174072e-01
4.790450632572174072e-01
4.790450632572174072e-01
4.790450632572174072e-01
4.790450632572174072e-01
4.790450632572174072e-01
4.790450632572174072e-01
4.790450632572174072e-01
4.790450632572174072e-01
4.790450632572174072e-01
4.790450632572174072e-01
4.790450632572174072e-01
4.790450632572174072e-01
4.790450632572174072e-01
4.790450632572174072e-01
4.790455400943756104e-01
4.790450632572174072e-01
4.917392432689666748e-01
4.790450632572174072e-01
4.790450632572174072e-01
4.790450632572174072e-01
5.063611865043640137e-01
5.069381594657897949e-01
4.948546886444091797e-01
4.790450632572174072e-01
4.790450632572174072e-01
4.790450632572174072e-01
4.790450632572174072e-01
4.790450632572174072e-01
4.790450632572174072e-01
4.790450632572174072e-01
5.069397687911987305e-01
5.069397687911987305e-01
4.790450632572174072e-01
5.026541948318481445e-01
4.917386770248413086e-01
4.790450632572174072e-01
4.790450632572174072e-01
4.790450632572174072e-01
4.790450632572174072e-01
4.790450632572174072e-01
4.790450632572174072e-01
4.790450632572174072e-01
4.790450632572174072e-01
4.790450632572174072e-01
4.790450632572174072e-01
4.790450632572174072e-01
4.942455589771270752e-01
4.790450632572174072e-01
4.790450632572174072e-01
4.790450632572174072e-01
4.790450632572174072e-01
4.790450632572174072e-01
4.790450632572174072e-01
4.790450632572174072e-01
4.790450632572174072e-01
4.790450632572174072e-01
4.790450632572174072e-01
4.790450632572174072e-01
4.790450632572174072e-01
4.790450632572174072e-01
4.790450632572174072e-01
4.790450632572174072e-01
4.790450632572174072e-01
4.790450632572174072e-01
4.790450632572174072e-01
4.790450632572174072e-01
4.790450632572174072e-01
4.790450632572174072e-01
4.790450632572174072e-01
4.915426075458526611e-01
4.790450632572174072e-01
4.790450632572174072e-01
4.790450632572174072e-01
4.790450632572174072e-01
4.790450632572174072e-01
4.790537655353546143e-01
4.790450632572174072e-01
4.790450632572174072e-01
4.790450632572174072e-01
4.790450632572174072e-01
4.790450632572174072e-01
4.790450632572174072e-01
4.790450632572174072e-01
4.790450632572174072e-01
4.790450632572174072e-01
4.790450632572174072e-01
4.790450632572174072e-01
4.790450632572174072e-01
4.790450632572174072e-01
4.790450632572174072e-01
4.790450632572174072e-01
4.790450632572174072e-01
4.790450632572174072e-01
4.790450632572174072e-01
4.790450632572174072e-01
4.790450632572174072e-01
4.790450632572174072e-01
4.790450632572174072e-01
4.790450632572174072e-01
4.790450632572174072e-01
4.790450632572174072e-01
4.790450632572174072e-01
4.790450632572174072e-01
4.790450632572174072e-01
4.790450632572174072e-01
4.790450632572174072e-01
4.790450632572174072e-01
4.790450632572174072e-01
4.790450632572174072e-01
4.790450632572174072e-01
4.790450632572174072e-01
4.790450632572174072e-01
4.790450632572174072e-01
4.790450632572174072e-01
4.790450632572174072e-01
4.790450632572174072e-01
4.790450632572174072e-01
4.790450632572174072e-01
4.790450632572174072e-01
