4.403238594532012939e-01
0.000000000000000000e+00
4.373323619365692139e-01
0.000000000000000000e+00
0.000000000000000000e+00
4.370525181293487549e-01
4.926735758781433105e-01
5.081923007965087891e-01
5.081923007965087891e-01
5.081923007965087891e-01
4.863518774509429932e-01
4.627009630203247070e-01
5.081922411918640137e-01
5.081923007965087891e-01
5.081923007965087891e-01
5.081923007965087891e-01
5.081923007965087891e-01
5.081920623779296875e-01
4.885354936122894287e-01
5.081894397735595703e-01
5.069707632064819336e-01
5.074118375778198242e-01
5.053340196609497070e-01
5.045744180679321289e-01
4.986991286277770996e-01
4.964905679225921631e-01
5.017561316490173340e-01
5.073949694633483887e-01
0.000000000000000000e+00
5.002888441085815430e-01
5.033763647079467773e-01
5.025445222854614258e-01
5.047665834426879883e-01
5.042034983634948730e-01
4.880512356758117676e-01
4.858379662036895752e-01
5.081729292869567871e-01
5.081526637077331543e-01
5.081851482391357422e-01
5.081821084022521973e-01
5.038419961929321289e-01
5.081923007965087891e-01
5.081804394721984863e-01
5.076802968978881836e-01
5.081835985183715820e-01
5.080697536468505859e-01
0.000000000000000000e+00
5.082321763038635254e-01
5.081830620765686035e-01
5.081378817558288574e-01
5.080961585044860840e-01
5.081923007965087891e-01
5.077031254768371582e-01
5.078002214431762695e-01
5.063138008117675781e-01
0.000000000000000000e+00
0.000000000000000000e+00
0.000000000000000000e+00
4.814690351486206055e-01
0.000000000000000000e+00
0.000000000000000000e+00
5.065832734107971191e-01
0.000000000000000000e+00
5.078790187835693359e-01
5.081883668899536133e-01
5.079241394996643066e-01
5.080586671829223633e-01
5.078840851783752441e-01
5.077685117721557617e-01
5.081923007965087891e-01
5.080139636993408203e-01
5.081078410148620605e-01
5.079159140586853027e-01
5.080526471138000488e-01
5.081810355186462402e-01
5.079508423805236816e-01
5.081295967102050781e-01
5.080178976058959961e-01
5.040679574012756348e-01
5.067142248153686523e-01
5.064013600349426270e-01
4.904229640960693359e-01
5.000144243240356445e-01
5.010758042335510254e-01
4.931331872940063477e-01
4.880969524383544922e-01
4.846035838127136230e-01
4.766157269477844238e-01
4.724342226982116699e-01
4.666191637516021729e-01
4.679317474365234375e-01
4.638167619705200195e-01
4.587502181529998779e-01
4.510194957256317139e-01
4.644432961940765381e-01
4.631626904010772705e-01
4.726078212261199951e-01
4.750690460205078125e-01
4.729331731796264648e-01
4.806281626224517822e-01
4.894180893898010254e-01
4.842585921287536621e-01
4.636779725551605225e-01
4.527739584445953369e-01
4.517830312252044678e-01
4.481285810470581055e-01
4.430157840251922607e-01
4.327926039695739746e-01
4.677709639072418213e-01
4.502311050891876221e-01
4.732682108879089355e-01
4.848907589912414551e-01
4.580964148044586182e-01
4.590056836605072021e-01
4.549883306026458740e-01
4.622752368450164795e-01
5.071551203727722168e-01
4.922336339950561523e-01
5.040171742439270020e-01
4.924365878105163574e-01
5.079991221427917480e-01
5.073621273040771484e-01
5.021052956581115723e-01
4.899103045463562012e-01
5.075350403785705566e-01
5.050751566886901855e-01
4.970178902149200439e-01
4.943003058433532715e-01
5.025576949119567871e-01
4.963695406913757324e-01
5.019767880439758301e-01
5.038760304450988770e-01
4.893617630004882812e-01
5.079302191734313965e-01
5.033725500106811523e-01
4.761005342006683350e-01
4.793750941753387451e-01
5.078977346420288086e-01
5.067858695983886719e-01
5.081851482391357422e-01
5.059093832969665527e-01
5.067033767700195312e-01
5.081923007965087891e-01
5.071863532066345215e-01
5.062923431396484375e-01
5.081923007965087891e-01
5.081923007965087891e-01
5.080901384353637695e-01
5.081923007965087891e-01
5.081923007965087891e-01
5.081923007965087891e-01
4.620211422443389893e-01
5.081957578659057617e-01
4.337130188941955566e-01
4.435661733150482178e-01
5.081921219825744629e-01
5.081923007965087891e-01
4.433237016201019287e-01
5.081904530525207520e-01
5.081918239593505859e-01
5.081923007965087891e-01
5.081915855407714844e-01
5.081923007965087891e-01
5.081923007965087891e-01
5.081923007965087891e-01
5.080962181091308594e-01
5.075916051864624023e-01
5.081313252449035645e-01
4.959184229373931885e-01
4.904115200042724609e-01
5.067483782768249512e-01
4.876738786697387695e-01
5.073356032371520996e-01
5.075567364692687988e-01
5.075401663780212402e-01
5.076561570167541504e-01
5.075944662094116211e-01
5.074544548988342285e-01
4.905227124691009521e-01
4.862660169601440430e-01
4.788610041141510010e-01
4.715927243232727051e-01
4.777343273162841797e-01
4.938252270221710205e-01
5.068995952606201172e-01
5.075663924217224121e-01
4.819588661193847656e-01
4.634467959403991699e-01
4.989985525608062744e-01
5.079409480094909668e-01
5.074824094772338867e-01
4.676543474197387695e-01
4.772044420242309570e-01
4.854011535644531250e-01
4.815825223922729492e-01
4.860113263130187988e-01
4.815680384635925293e-01
5.029944777488708496e-01
5.056610107421875000e-01
4.769542217254638672e-01
5.055435299873352051e-01
5.037702918052673340e-01
4.728854894638061523e-01
4.862131476402282715e-01
4.917170107364654541e-01
4.667378664016723633e-01
4.630428552627563477e-01
4.620847105979919434e-01
4.614544808864593506e-01
4.597849249839782715e-01
4.585959315299987793e-01
4.381672739982604980e-01
4.414703845977783203e-01
0.000000000000000000e+00
5.076333284378051758e-01
0.000000000000000000e+00
0.000000000000000000e+00
5.073377490043640137e-01
0.000000000000000000e+00
5.038532614707946777e-01
5.053984522819519043e-01
3.164772987365722656e-01
4.927642345428466797e-01
4.909581243991851807e-01
4.817197322845458984e-01
4.922387301921844482e-01
5.056082010269165039e-01
0.000000000000000000e+00
5.076266527175903320e-01
5.079112052917480469e-01
5.078410506248474121e-01
5.076543688774108887e-01
5.075307488441467285e-01
5.080917477607727051e-01
5.080094933509826660e-01
5.079765319824218750e-01
4.918107092380523682e-01
5.081923007965087891e-01
4.892621934413909912e-01
4.931990206241607666e-01
5.201470255851745605e-01
5.418018698692321777e-01
5.319768190383911133e-01
5.472310781478881836e-01
5.162800550460815430e-01
5.116791725158691406e-01
4.980561733245849609e-01
5.034199953079223633e-01
5.451424121856689453e-01
5.027335882186889648e-01
4.881773591041564941e-01
4.883846938610076904e-01
4.821695685386657715e-01
4.942792952060699463e-01
5.037128329277038574e-01
5.001143813133239746e-01
5.248012542724609375e-01
5.037947297096252441e-01
5.049228072166442871e-01
5.028716921806335449e-01
5.001174807548522949e-01
5.034574270248413086e-01
5.005787611007690430e-01
5.009533166885375977e-01
5.021401643753051758e-01
5.049597024917602539e-01
5.049617290496826172e-01
4.989281892776489258e-01
4.905737042427062988e-01
4.880934357643127441e-01
5.039880871772766113e-01
5.049311518669128418e-01
5.041512250900268555e-01
5.007555484771728516e-01
5.036265850067138672e-01
5.051556229591369629e-01
5.040042400360107422e-01
5.055603981018066406e-01
4.893708527088165283e-01
4.918114244937896729e-01
4.927307367324829102e-01
4.840024113655090332e-01
5.081923007965087891e-01
5.081599354743957520e-01
5.081515908241271973e-01
5.081116557121276855e-01
5.081284642219543457e-01
5.080631375312805176e-01
5.080344080924987793e-01
5.080734491348266602e-01
5.078387260437011719e-01
5.043002963066101074e-01
5.043693184852600098e-01
4.965707659721374512e-01
5.063401460647583008e-01
5.080326795578002930e-01
5.081407427787780762e-01
5.081152319908142090e-01
5.080489516258239746e-01
5.081212520599365234e-01
5.080937147140502930e-01
5.080612897872924805e-01
5.079257488250732422e-01
5.081085562705993652e-01
5.080099105834960938e-01
5.077412724494934082e-01
5.072957277297973633e-01
5.075187087059020996e-01
5.077493786811828613e-01
5.076717138290405273e-01
5.077829957008361816e-01
5.078793168067932129e-01
5.073632597923278809e-01
5.075732469558715820e-01
5.074827075004577637e-01
5.075553059577941895e-01
5.075759887695312500e-01
5.076748728752136230e-01
5.054687261581420898e-01
5.077617764472961426e-01
5.027647614479064941e-01
5.060590505599975586e-01
4.944854378700256348e-01
4.372035861015319824e-01
4.678762555122375488e-01
4.877162873744964600e-01
4.824535548686981201e-01
4.774670898914337158e-01
4.989225566387176514e-01
4.785248339176177979e-01
4.789012670516967773e-01
4.903965294361114502e-01
4.876543879508972168e-01
4.856423437595367432e-01
4.853685796260833740e-01
4.669629335403442383e-01
4.536199271678924561e-01
3.674692511558532715e-01
2.911187410354614258e-01
0.000000000000000000e+00
0.000000000000000000e+00
0.000000000000000000e+00
0.000000000000000000e+00
0.000000000000000000e+00
0.000000000000000000e+00
4.446680545806884766e-01
4.544326066970825195e-01
4.517856538295745850e-01
4.365429878234863281e-01
4.453323185443878174e-01
4.677475392818450928e-01
4.758343100547790527e-01
4.796613454818725586e-01
4.436175823211669922e-01
4.707232415676116943e-01
4.778329432010650635e-01
4.749174118041992188e-01
4.889563918113708496e-01
4.772233366966247559e-01
0.000000000000000000e+00
0.000000000000000000e+00
0.000000000000000000e+00
0.000000000000000000e+00
0.000000000000000000e+00
4.684722721576690674e-01
0.000000000000000000e+00
0.000000000000000000e+00
0.000000000000000000e+00
0.000000000000000000e+00
0.000000000000000000e+00
0.000000000000000000e+00
0.000000000000000000e+00
0.000000000000000000e+00
0.000000000000000000e+00
0.000000000000000000e+00
0.000000000000000000e+00
0.000000000000000000e+00
0.000000000000000000e+00
0.000000000000000000e+00
0.000000000000000000e+00
0.000000000000000000e+00
0.000000000000000000e+00
0.000000000000000000e+00
0.000000000000000000e+00
0.000000000000000000e+00
5.081702470779418945e-01
5.071066021919250488e-01
0.000000000000000000e+00
0.000000000000000000e+00
0.000000000000000000e+00
5.073350071907043457e-01
5.075593590736389160e-01
5.079507827758789062e-01
5.074509978294372559e-01
5.077811479568481445e-01
5.076276659965515137e-01
5.068296790122985840e-01
4.903168976306915283e-01
4.890187680721282959e-01
4.449984431266784668e-01
0.000000000000000000e+00
0.000000000000000000e+00
0.000000000000000000e+00
4.915684461593627930e-01
4.304510354995727539e-01
0.000000000000000000e+00
4.682600796222686768e-01
4.756809771060943604e-01
4.819157123565673828e-01
4.714044332504272461e-01
4.670284688472747803e-01
4.661316573619842529e-01
4.641953110694885254e-01
4.608142971992492676e-01
4.515562355518341064e-01
4.512082040309906006e-01
4.518811106681823730e-01
4.542720913887023926e-01
4.502965807914733887e-01
4.435218870639801025e-01
4.354026019573211670e-01
2.826132178306579590e-01
0.000000000000000000e+00
0.000000000000000000e+00
0.000000000000000000e+00
0.000000000000000000e+00
0.000000000000000000e+00
0.000000000000000000e+00
0.000000000000000000e+00
0.000000000000000000e+00
4.786241650581359863e-01
5.073146820068359375e-01
5.074335336685180664e-01
4.585648477077484131e-01
5.081923007965087891e-01
4.996895194053649902e-01
4.989021420478820801e-01
4.996674358844757080e-01
5.078693032264709473e-01
5.079708695411682129e-01
5.081923007965087891e-01
5.012739896774291992e-01
4.995161294937133789e-01
