5.253286957740783691e-01
5.259416699409484863e-01
5.259256958961486816e-01
5.259392857551574707e-01
5.259364843368530273e-01
5.259361267089843750e-01
5.259391665458679199e-01
5.259352326393127441e-01
5.259389281272888184e-01
5.259404778480529785e-01
5.259405970573425293e-01
5.259408950805664062e-01
5.259416103363037109e-01
5.259162187576293945e-01
5.259416699409484863e-01
5.259416699409484863e-01
5.259416699409484863e-01
5.259417295455932617e-01
5.259417295455932617e-01
5.259417295455932617e-01
5.259417295455932617e-01
5.259417295455932617e-01
5.259417295455932617e-01
5.259417295455932617e-01
5.259417295455932617e-01
5.259417295455932617e-01
5.259416699409484863e-01
5.259416699409484863e-01
5.259417295455932617e-01
5.259416699409484863e-01
5.259416699409484863e-01
5.259416699409484863e-01
5.259417295455932617e-01
5.259417295455932617e-01
5.259417295455932617e-01
5.257900953292846680e-01
5.259417295455932617e-01
5.259417295455932617e-01
5.259416103363037109e-01
5.259415507316589355e-01
5.259415507316589355e-01
5.259417295455932617e-01
5.259416103363037109e-01
5.259416699409484863e-01
5.259417295455932617e-01
5.261049866676330566e-01
5.259417295455932617e-01
5.259417295455932617e-01
5.260730981826782227e-01
5.259206295013427734e-01
5.259358286857604980e-01
5.259337425231933594e-01
5.259236693382263184e-01
5.259395241737365723e-01
5.259395241737365723e-01
5.259413719177246094e-01
5.259414911270141602e-01
5.259415507316589355e-01
5.259416103363037109e-01
5.179353356361389160e-01
5.259352922439575195e-01
5.186741948127746582e-01
5.181056857109069824e-01
5.187358856201171875e-01
5.258862376213073730e-01
5.187012553215026855e-01
5.195354819297790527e-01
5.257907509803771973e-01
5.240368247032165527e-01
5.194147229194641113e-01
5.136950612068176270e-01
5.140907764434814453e-01
5.140519738197326660e-01
5.247941613197326660e-01
5.256727337837219238e-01
5.259286165237426758e-01
5.259371995925903320e-01
5.259349942207336426e-01
5.259371399879455566e-01
5.259386301040649414e-01
5.259347558021545410e-01
5.259382724761962891e-01
5.258890986442565918e-01
5.259334444999694824e-01
5.258989334106445312e-01
5.259367227554321289e-01
5.259374976158142090e-01
5.259150862693786621e-01
5.258795022964477539e-01
5.257899761199951172e-01
5.257806181907653809e-01
5.257871747016906738e-01
5.258213281631469727e-01
5.258290767669677734e-01
5.258371829986572266e-01
5.259001851081848145e-01
5.258746743202209473e-01
5.258827209472656250e-01
5.259001851081848145e-01
5.259323120117187500e-01
5.259314775466918945e-01
5.259102582931518555e-01
5.259218811988830566e-01
5.259162187576293945e-01
5.259185433387756348e-01
5.259290933609008789e-01
5.259261131286621094e-01
5.259320139884948730e-01
5.259384512901306152e-01
5.257335901260375977e-01
5.259349942207336426e-01
5.259313583374023438e-01
5.257315635681152344e-01
5.259326696395874023e-01
5.259332060813903809e-01
5.259331464767456055e-01
5.259343385696411133e-01
5.259348750114440918e-01
5.259356498718261719e-01
5.259356498718261719e-01
5.259335637092590332e-01
5.259332656860351562e-01
5.259369611740112305e-01
5.259383916854858398e-01
5.259371399879455566e-01
5.259368419647216797e-01
5.259361863136291504e-01
5.259386301040649414e-01
5.259378552436828613e-01
5.259361863136291504e-01
5.259382724761962891e-01
5.259373188018798828e-01
5.259383916854858398e-01
5.259394049644470215e-01
5.259393453598022461e-01
5.259380340576171875e-01
5.259395241737365723e-01
5.259391069412231445e-01
5.259380340576171875e-01
5.259364247322082520e-01
5.259284973144531250e-01
5.259386897087097168e-01
5.259042978286743164e-01
5.259340405464172363e-01
5.259339213371276855e-01
5.259377360343933105e-01
5.258666276931762695e-01
5.259391069412231445e-01
5.259302854537963867e-01
5.258842110633850098e-01
5.258877873420715332e-01
5.259082317352294922e-01
5.259159207344055176e-01
5.259386897087097168e-01
5.259397625923156738e-01
5.259395241737365723e-01
5.259402394294738770e-01
5.259395837783813477e-01
5.252143144607543945e-01
5.257748365402221680e-01
5.259169340133666992e-01
5.258817672729492188e-01
5.259201526641845703e-01
5.259175896644592285e-01
5.259373784065246582e-01
5.259123444557189941e-01
5.259299278259277344e-01
5.259382128715515137e-01
5.259376764297485352e-01
5.259394049644470215e-01
5.259306430816650391e-01
5.259400606155395508e-01
5.259308815002441406e-01
5.259370803833007812e-01
5.259367227554321289e-01
5.259388089179992676e-01
5.259399414062500000e-01
5.259388685226440430e-01
5.257906317710876465e-01
5.259411931037902832e-01
5.259398221969604492e-01
5.259397029876708984e-01
5.256195068359375000e-01
5.257459878921508789e-01
5.259350538253784180e-01
5.258313417434692383e-01
5.259323120117187500e-01
5.258702635765075684e-01
5.258546471595764160e-01
5.259355306625366211e-01
5.258828997611999512e-01
5.259380340576171875e-01
5.259064435958862305e-01
5.259228348731994629e-01
5.258826017379760742e-01
5.259344577789306641e-01
5.259362459182739258e-01
5.258516669273376465e-01
5.259354114532470703e-01
5.259360074996948242e-01
5.259348750114440918e-01
5.259363651275634766e-01
5.259371399879455566e-01
5.259354114532470703e-01
5.259341597557067871e-01
5.259360671043395996e-01
5.259346961975097656e-01
5.259374380111694336e-01
5.259373188018798828e-01
5.259378552436828613e-01
5.259417295455932617e-01
5.258751511573791504e-01
5.259417295455932617e-01
5.259417295455932617e-01
5.259417295455932617e-01
5.259417295455932617e-01
5.259417295455932617e-01
5.259417295455932617e-01
5.259417295455932617e-01
5.259417295455932617e-01
5.259417295455932617e-01
5.259417295455932617e-01
5.259417295455932617e-01
5.257622599601745605e-01
5.256261825561523438e-01
5.257540941238403320e-01
5.259417295455932617e-01
5.259417295455932617e-01
5.259417295455932617e-01
5.259417295455932617e-01
5.259417295455932617e-01
5.258573293685913086e-01
5.259416699409484863e-01
5.259414911270141602e-01
5.259416103363037109e-01
5.259415507316589355e-01
5.259416103363037109e-01
5.259414315223693848e-01
5.259411931037902832e-01
5.291979908943176270e-01
5.259417295455932617e-01
5.259417295455932617e-01
5.259417295455932617e-01
5.259405970573425293e-01
5.259410738945007324e-01
5.259415507316589355e-01
5.259413719177246094e-01
5.259411931037902832e-01
5.259414315223693848e-01
5.259407162666320801e-01
5.259407162666320801e-01
5.259416699409484863e-01
5.259417295455932617e-01
5.259417295455932617e-01
5.303087234497070312e-01
5.259411931037902832e-01
5.259409546852111816e-01
5.259301662445068359e-01
5.259265303611755371e-01
5.259220600128173828e-01
5.259346961975097656e-01
5.259328484535217285e-01
5.259309411048889160e-01
5.259323120117187500e-01
5.259357690811157227e-01
5.259293317794799805e-01
5.259250402450561523e-01
5.258705019950866699e-01
5.258752703666687012e-01
5.258091688156127930e-01
5.258363485336303711e-01
5.258519053459167480e-01
5.258705615997314453e-01
5.258834958076477051e-01
5.259079337120056152e-01
5.259224772453308105e-01
5.259234309196472168e-01
5.259097814559936523e-01
5.259035229682922363e-01
5.259126424789428711e-01
5.259108543395996094e-01
5.259164571762084961e-01
5.259188413619995117e-01
5.259222388267517090e-01
5.259218811988830566e-01
5.259315967559814453e-01
5.259339809417724609e-01
5.259349346160888672e-01
5.259362459182739258e-01
5.259362459182739258e-01
5.259270668029785156e-01
5.259377956390380859e-01
5.259243845939636230e-01
5.259263515472412109e-01
5.259278416633605957e-01
5.259286165237426758e-01
5.259312391281127930e-01
5.259338617324829102e-01
5.259342789649963379e-01
5.259349346160888672e-01
5.259361267089843750e-01
5.259344577789306641e-01
5.259317755699157715e-01
5.259316563606262207e-01
5.259304046630859375e-01
5.259336829185485840e-01
5.259293317794799805e-01
5.259350538253784180e-01
5.259264111518859863e-01
5.259270071983337402e-01
5.259302258491516113e-01
5.259268283843994141e-01
5.259341001510620117e-01
5.259266495704650879e-01
5.259217619895935059e-01
5.259233117103576660e-01
5.259189009666442871e-01
5.259280204772949219e-01
5.259321928024291992e-01
5.259325504302978516e-01
5.259236693382263184e-01
5.259253382682800293e-01
5.259290337562561035e-01
5.259324908256530762e-01
5.259342193603515625e-01
5.259354114532470703e-01
5.259371995925903320e-01
5.259386301040649414e-01
5.259392857551574707e-01
5.259407162666320801e-01
5.258839726448059082e-01
5.256062150001525879e-01
5.256404280662536621e-01
5.258473753929138184e-01
5.257519483566284180e-01
5.259119272232055664e-01
5.258324146270751953e-01
5.258375406265258789e-01
5.259194970130920410e-01
5.256637930870056152e-01
5.257858037948608398e-01
5.258232355117797852e-01
5.258647203445434570e-01
5.259208083152770996e-01
5.259388685226440430e-01
5.254960656166076660e-01
5.256204605102539062e-01
5.257094502449035645e-01
5.256893634796142578e-01
5.257147550582885742e-01
5.258539915084838867e-01
5.258160233497619629e-01
5.259023904800415039e-01
5.258688330650329590e-01
5.259362459182739258e-01
5.259324312210083008e-01
5.259308218955993652e-01
5.259375572204589844e-01
5.259292721748352051e-01
5.259110927581787109e-01
5.259272456169128418e-01
5.259369015693664551e-01
5.259381532669067383e-01
5.259389877319335938e-01
5.259352922439575195e-01
5.259370207786560059e-01
5.259368419647216797e-01
5.259363651275634766e-01
5.259367227554321289e-01
5.259385108947753906e-01
5.259391665458679199e-01
5.259371399879455566e-01
5.259391665458679199e-01
5.259386897087097168e-01
5.253507494926452637e-01
5.257838964462280273e-01
5.253562927246093750e-01
5.253672599792480469e-01
5.259385108947753906e-01
5.259383320808410645e-01
5.140482187271118164e-01
5.259277224540710449e-01
5.256600379943847656e-01
5.125315785408020020e-01
5.147083997726440430e-01
5.160349607467651367e-01
5.259397625923156738e-01
5.145492553710937500e-01
5.259255766868591309e-01
5.164636969566345215e-01
5.132004022598266602e-01
5.161971449851989746e-01
5.136504173278808594e-01
5.149804949760437012e-01
5.259392857551574707e-01
5.145399570465087891e-01
5.144571065902709961e-01
5.153430700302124023e-01
5.158985853195190430e-01
5.161263346672058105e-01
5.152712464332580566e-01
5.258944630622863770e-01
5.258888006210327148e-01
5.231540203094482422e-01
5.258973240852355957e-01
5.258293747901916504e-01
5.259121656417846680e-01
5.175732374191284180e-01
5.164566636085510254e-01
5.256720185279846191e-01
5.247389078140258789e-01
5.259206891059875488e-01
5.259180068969726562e-01
5.258894562721252441e-01
5.249398350715637207e-01
5.259090662002563477e-01
5.166870951652526855e-01
5.164983272552490234e-01
5.136121511459350586e-01
5.153030753135681152e-01
5.140011906623840332e-01
5.146861076354980469e-01
5.138678550720214844e-01
5.244381427764892578e-01
5.259367823600769043e-01
5.142366290092468262e-01
5.259294509887695312e-01
5.259354114532470703e-01
5.259363651275634766e-01
5.259377360343933105e-01
5.259297490119934082e-01
5.259357094764709473e-01
5.259380340576171875e-01
5.259330868721008301e-01
5.259371995925903320e-01
5.259373188018798828e-01
5.259374380111694336e-01
5.259347558021545410e-01
5.259390473365783691e-01
5.259392857551574707e-01
5.259352326393127441e-01
5.259383320808410645e-01
5.259399414062500000e-01
5.259409546852111816e-01
5.259405970573425293e-01
5.259380936622619629e-01
5.259394645690917969e-01
5.259370803833007812e-01
5.259363651275634766e-01
5.259324312210083008e-01
5.259326696395874023e-01
5.259389281272888184e-01
5.259405970573425293e-01
5.259364247322082520e-01
5.259410142898559570e-01
5.259363651275634766e-01
5.259403586387634277e-01
5.259402394294738770e-01
5.259359478950500488e-01
5.259395241737365723e-01
5.259389877319335938e-01
5.259341597557067871e-01
5.259259343147277832e-01
5.259355306625366211e-01
5.259389877319335938e-01
5.259393453598022461e-01
5.259363055229187012e-01
5.259377360343933105e-01
5.259380936622619629e-01
5.259380936622619629e-01
5.259381532669067383e-01
5.259392261505126953e-01
5.259366631507873535e-01
5.259374976158142090e-01
5.259371399879455566e-01
5.259385108947753906e-01
5.259383916854858398e-01
5.259045362472534180e-01
5.259293913841247559e-01
5.259283185005187988e-01
5.259354114532470703e-01
5.259286165237426758e-01
5.259414315223693848e-01
5.259409546852111816e-01
5.259412527084350586e-01
5.259414911270141602e-01
5.259414911270141602e-01
5.259414911270141602e-01
5.259413123130798340e-01
5.259405970573425293e-01
5.259408354759216309e-01
5.259407758712768555e-01
5.259408950805664062e-01
5.259409546852111816e-01
5.259411931037902832e-01
5.259410142898559570e-01
5.259411334991455078e-01
5.259411931037902832e-01
5.259413123130798340e-01
5.259412527084350586e-01
5.259408950805664062e-01
5.259406566619873047e-01
5.258884429931640625e-01
5.258817076683044434e-01
5.259417295455932617e-01
5.259417295455932617e-01
5.255695581436157227e-01
5.259416699409484863e-01
5.259416699409484863e-01
5.256406068801879883e-01
5.259416699409484863e-01
5.259416699409484863e-01
5.258674621582031250e-01
5.259416103363037109e-01
5.259413123130798340e-01
5.259414315223693848e-01
5.259414911270141602e-01
5.259415507316589355e-01
5.259416699409484863e-01
5.259416103363037109e-01
5.259415507316589355e-01
5.258957743644714355e-01
5.259416699409484863e-01
5.259416699409484863e-01
5.259416699409484863e-01
5.259417295455932617e-01
5.259417295455932617e-01
5.259407162666320801e-01
5.259405374526977539e-01
5.259410142898559570e-01
5.259401798248291016e-01
5.259398818016052246e-01
5.259402990341186523e-01
5.259405374526977539e-01
5.259406566619873047e-01
5.259406566619873047e-01
5.259410142898559570e-01
5.259403586387634277e-01
5.259404778480529785e-01
5.259408950805664062e-01
5.259410142898559570e-01
5.259410738945007324e-01
5.259409546852111816e-01
5.259404778480529785e-01
5.259410738945007324e-01
5.259410142898559570e-01
5.259413719177246094e-01
5.259361863136291504e-01
5.259377360343933105e-01
5.293044447898864746e-01
5.259389281272888184e-01
5.259396433830261230e-01
5.259404182434082031e-01
5.259410738945007324e-01
5.259415507316589355e-01
5.259414911270141602e-01
5.207572579383850098e-01
5.171219110488891602e-01
5.149130225181579590e-01
5.152807235717773438e-01
5.154381394386291504e-01
5.148650407791137695e-01
5.259386897087097168e-01
5.150968432426452637e-01
5.254486203193664551e-01
5.258554816246032715e-01
5.258780717849731445e-01
5.258936882019042969e-01
5.258252024650573730e-01
5.258930325508117676e-01
5.171325206756591797e-01
5.259218215942382812e-01
5.259277820587158203e-01
5.259230136871337891e-01
5.259378552436828613e-01
5.259371995925903320e-01
5.259342789649963379e-01
5.259349346160888672e-01
5.259385108947753906e-01
5.259363055229187012e-01
5.259370207786560059e-01
5.259362459182739258e-01
5.259391665458679199e-01
5.259378552436828613e-01
5.259172916412353516e-01
5.259353518486022949e-01
5.134195089340209961e-01
5.141339898109436035e-01
5.137906670570373535e-01
5.259386897087097168e-01
5.131474733352661133e-01
5.135118961334228516e-01
5.259348750114440918e-01
5.259346961975097656e-01
5.259363651275634766e-01
5.259386897087097168e-01
5.259390473365783691e-01
5.134909152984619141e-01
5.127973556518554688e-01
5.143599510192871094e-01
5.259383916854858398e-01
5.259391665458679199e-01
5.119786858558654785e-01
5.147960186004638672e-01
5.259383916854858398e-01
5.137658119201660156e-01
5.151411890983581543e-01
5.146497488021850586e-01
5.259391069412231445e-01
5.259391665458679199e-01
5.169220566749572754e-01
5.257684588432312012e-01
5.248003005981445312e-01
5.179365873336791992e-01
5.259106159210205078e-01
5.259107947349548340e-01
5.259358286857604980e-01
5.259366035461425781e-01
5.259348750114440918e-01
5.259366631507873535e-01
5.258820056915283203e-01
5.259328484535217285e-01
5.259124040603637695e-01
5.259394645690917969e-01
5.258941054344177246e-01
5.255618691444396973e-01
5.259264707565307617e-01
5.247502923011779785e-01
5.259355902671813965e-01
5.251572132110595703e-01
5.251385569572448730e-01
5.259357094764709473e-01
5.259386301040649414e-01
5.249936580657958984e-01
5.259382724761962891e-01
5.259400010108947754e-01
5.234943032264709473e-01
5.149964690208435059e-01
5.180858969688415527e-01
5.259387493133544922e-01
5.259381532669067383e-01
5.259382724761962891e-01
5.259391665458679199e-01
5.259416103363037109e-01
5.253469944000244141e-01
5.259331464767456055e-01
5.253250598907470703e-01
5.259417295455932617e-01
5.259417295455932617e-01
5.259417295455932617e-01
5.259417295455932617e-01
5.259417295455932617e-01
5.259417295455932617e-01
5.259417295455932617e-01
5.259417295455932617e-01
5.259417295455932617e-01
5.259417295455932617e-01
5.259417295455932617e-01
5.259417295455932617e-01
5.259417295455932617e-01
5.259417295455932617e-01
5.259417295455932617e-01
5.259417295455932617e-01
5.317252278327941895e-01
5.259417295455932617e-01
5.259417295455932617e-01
5.287164449691772461e-01
5.259417295455932617e-01
5.259417295455932617e-01
5.259417295455932617e-01
5.259417295455932617e-01
5.259417295455932617e-01
5.259417295455932617e-01
5.259417295455932617e-01
5.259417295455932617e-01
5.259417295455932617e-01
5.259417295455932617e-01
5.259417295455932617e-01
5.259417295455932617e-01
5.259417295455932617e-01
5.259417295455932617e-01
5.259417295455932617e-01
5.259417295455932617e-01
5.259416699409484863e-01
5.259416699409484863e-01
5.259416699409484863e-01
5.259417295455932617e-01
5.259417295455932617e-01
5.259416699409484863e-01
5.259416699409484863e-01
5.319479703903198242e-01
5.266560912132263184e-01
5.259395837783813477e-01
5.259066224098205566e-01
5.259205102920532227e-01
5.259232521057128906e-01
5.259163975715637207e-01
5.259233117103576660e-01
5.258547067642211914e-01
5.259298086166381836e-01
5.259361863136291504e-01
5.259346365928649902e-01
5.259355902671813965e-01
5.259354114532470703e-01
5.259386301040649414e-01
5.259380340576171875e-01
5.259366631507873535e-01
5.259205698966979980e-01
5.259360671043395996e-01
5.259349942207336426e-01
5.249457955360412598e-01
5.257940292358398438e-01
5.252395868301391602e-01
5.258143544197082520e-01
5.257688760757446289e-01
5.350041985511779785e-01
5.259113311767578125e-01
5.259152650833129883e-01
5.259093642234802246e-01
5.259042978286743164e-01
5.259129405021667480e-01
5.259240269660949707e-01
5.265589952468872070e-01
5.398371219635009766e-01
5.251289010047912598e-01
5.259417295455932617e-01
5.259417295455932617e-01
5.259417295455932617e-01
5.262492299079895020e-01
5.259417295455932617e-01
5.259417295455932617e-01
5.259417295455932617e-01
5.259416699409484863e-01
5.259417295455932617e-01
5.259416699409484863e-01
5.259416699409484863e-01
5.259416699409484863e-01
5.259416699409484863e-01
5.259416699409484863e-01
5.259416103363037109e-01
5.259416699409484863e-01
5.259416103363037109e-01
5.259416699409484863e-01
5.259416103363037109e-01
5.259407758712768555e-01
5.259414315223693848e-01
5.259416699409484863e-01
5.259416103363037109e-01
5.259412527084350586e-01
5.259411334991455078e-01
5.259401798248291016e-01
5.259406566619873047e-01
5.259409546852111816e-01
5.259405970573425293e-01
5.259412527084350586e-01
5.258131027221679688e-01
5.245703458786010742e-01
5.259335041046142578e-01
5.257709622383117676e-01
5.253527760505676270e-01
5.259339809417724609e-01
5.257811546325683594e-01
5.259385704994201660e-01
5.259349942207336426e-01
5.258128643035888672e-01
5.258173346519470215e-01
5.258139371871948242e-01
5.258983969688415527e-01
5.259120464324951172e-01
5.259110927581787109e-01
5.259231925010681152e-01
5.259323716163635254e-01
5.257407426834106445e-01
5.257278680801391602e-01
5.257387757301330566e-01
5.257489085197448730e-01
5.259376168251037598e-01
5.258376598358154297e-01
5.258959531784057617e-01
5.258755683898925781e-01
5.259084701538085938e-01
5.258673429489135742e-01
5.258562564849853516e-01
5.258508920669555664e-01
5.259349346160888672e-01
5.259037017822265625e-01
5.259093642234802246e-01
5.259178280830383301e-01
5.259291529655456543e-01
5.259414911270141602e-01
5.259411334991455078e-01
5.259416103363037109e-01
5.257601141929626465e-01
5.257858037948608398e-01
5.257855057716369629e-01
5.257767438888549805e-01
5.258363485336303711e-01
5.258249044418334961e-01
5.258159041404724121e-01
5.258011817932128906e-01
5.256844758987426758e-01
5.257751345634460449e-01
5.257965326309204102e-01
5.258184671401977539e-01
5.258380770683288574e-01
5.258423089981079102e-01
5.258331298828125000e-01
5.258682370185852051e-01
5.258086323738098145e-01
5.259417295455932617e-01
5.258539319038391113e-01
5.259417295455932617e-01
5.259417295455932617e-01
5.259417295455932617e-01
5.257873535156250000e-01
5.258625745773315430e-01
5.259412527084350586e-01
5.259407162666320801e-01
5.259408354759216309e-01
5.259414911270141602e-01
5.259414911270141602e-01
5.259400606155395508e-01
5.259394049644470215e-01
5.259408354759216309e-01
5.259400606155395508e-01
5.259405374526977539e-01
5.259258151054382324e-01
5.259395837783813477e-01
5.259399414062500000e-01
5.259277820587158203e-01
5.259360671043395996e-01
5.259359478950500488e-01
5.259135365486145020e-01
5.259371399879455566e-01
5.262041091918945312e-01
5.259392857551574707e-01
5.259415507316589355e-01
5.257351994514465332e-01
5.253121256828308105e-01
5.259416103363037109e-01
5.259417295455932617e-01
5.259361863136291504e-01
5.259388685226440430e-01
5.259365439414978027e-01
5.259367227554321289e-01
5.259384512901306152e-01
5.259395837783813477e-01
5.259380936622619629e-01
5.259381532669067383e-01
5.259386897087097168e-01
5.259400606155395508e-01
5.259401798248291016e-01
5.259404778480529785e-01
5.259405970573425293e-01
5.259407162666320801e-01
5.259408950805664062e-01
5.259409546852111816e-01
5.259408950805664062e-01
5.259408354759216309e-01
5.259400606155395508e-01
5.259410142898559570e-01
5.259411931037902832e-01
5.259413123130798340e-01
5.259413719177246094e-01
5.259414911270141602e-01
5.259412527084350586e-01
5.259408950805664062e-01
5.259412527084350586e-01
5.267025828361511230e-01
5.259416103363037109e-01
5.259416103363037109e-01
5.259413123130798340e-01
5.259413123130798340e-01
5.259413719177246094e-01
5.259415507316589355e-01
5.259415507316589355e-01
5.259414911270141602e-01
5.259411931037902832e-01
5.259411334991455078e-01
5.259406566619873047e-01
5.259408354759216309e-01
5.259414315223693848e-01
5.259411931037902832e-01
5.259416699409484863e-01
5.259371399879455566e-01
5.259384512901306152e-01
5.153983235359191895e-01
5.181884169578552246e-01
5.142164826393127441e-01
5.154547691345214844e-01
5.149943232536315918e-01
5.153518915176391602e-01
5.154900550842285156e-01
5.146773457527160645e-01
5.167399644851684570e-01
5.150462985038757324e-01
5.182434320449829102e-01
5.162615180015563965e-01
5.248960852622985840e-01
5.259370207786560059e-01
5.143526196479797363e-01
5.153453946113586426e-01
5.154970884323120117e-01
5.151903033256530762e-01
5.132879614830017090e-01
5.143938064575195312e-01
5.135042071342468262e-01
5.259385704994201660e-01
5.259334444999694824e-01
5.138233304023742676e-01
5.138934254646301270e-01
5.137165784835815430e-01
5.138180255889892578e-01
5.138983726501464844e-01
5.138549208641052246e-01
5.140976905822753906e-01
5.138919949531555176e-01
5.134507417678833008e-01
5.136415362358093262e-01
5.130864381790161133e-01
5.134928822517395020e-01
5.140788555145263672e-01
5.136866569519042969e-01
5.141600966453552246e-01
5.259388685226440430e-01
5.259391665458679199e-01
5.172529220581054688e-01
5.256588459014892578e-01
5.154714584350585938e-01
5.259366035461425781e-01
5.258576869964599609e-01
5.257196426391601562e-01
5.256210565567016602e-01
5.171577930450439453e-01
5.256298184394836426e-01
5.258975625038146973e-01
5.258941650390625000e-01
5.259321928024291992e-01
5.259308218955993652e-01
5.259388685226440430e-01
5.258901715278625488e-01
5.259094834327697754e-01
5.259300470352172852e-01
5.259335041046142578e-01
5.256397128105163574e-01
5.259087085723876953e-01
5.250024795532226562e-01
5.137622356414794922e-01
5.259104371070861816e-01
5.259374976158142090e-01
5.259386897087097168e-01
5.257356762886047363e-01
5.253631472587585449e-01
5.256093144416809082e-01
5.258161425590515137e-01
5.257145762443542480e-01
5.257195234298706055e-01
5.257400870323181152e-01
5.257939100265502930e-01
5.258841514587402344e-01
5.259337425231933594e-01
5.259354114532470703e-01
5.259361863136291504e-01
5.259350538253784180e-01
5.259317755699157715e-01
5.259333848953247070e-01
5.259361863136291504e-01
5.259364843368530273e-01
5.259346961975097656e-01
5.259358882904052734e-01
5.259343385696411133e-01
5.259337425231933594e-01
5.259348154067993164e-01
5.259368419647216797e-01
5.259352326393127441e-01
5.259374380111694336e-01
5.259364247322082520e-01
5.259362459182739258e-01
5.257896780967712402e-01
5.259413719177246094e-01
5.255878567695617676e-01
5.255488157272338867e-01
5.259411931037902832e-01
5.259411931037902832e-01
5.259400606155395508e-01
5.259415507316589355e-01
5.259301066398620605e-01
5.259205102920532227e-01
5.259338021278381348e-01
5.259371995925903320e-01
5.259078741073608398e-01
5.259339809417724609e-01
5.259387493133544922e-01
5.259365439414978027e-01
5.259386897087097168e-01
5.259407162666320801e-01
5.259396433830261230e-01
5.259417295455932617e-01
5.259417295455932617e-01
5.259091258049011230e-01
5.259417295455932617e-01
5.259417295455932617e-01
5.259416699409484863e-01
5.259417295455932617e-01
5.259417295455932617e-01
5.259417295455932617e-01
5.259416699409484863e-01
5.259416699409484863e-01
5.259144306182861328e-01
5.259417295455932617e-01
5.259417295455932617e-01
5.258691310882568359e-01
5.259417295455932617e-01
5.259416699409484863e-01
5.259417295455932617e-01
5.259417295455932617e-01
5.259417295455932617e-01
5.259417295455932617e-01
5.259416103363037109e-01
5.259414315223693848e-01
5.259413719177246094e-01
5.259413719177246094e-01
5.259414315223693848e-01
5.259414315223693848e-01
5.259416699409484863e-01
5.259395241737365723e-01
5.259401798248291016e-01
5.259410738945007324e-01
5.259411334991455078e-01
5.259414911270141602e-01
5.259411334991455078e-01
5.259413719177246094e-01
5.259398221969604492e-01
5.259403586387634277e-01
5.259409546852111816e-01
5.259411334991455078e-01
5.259412527084350586e-01
5.259411931037902832e-01
5.259411931037902832e-01
5.259413123130798340e-01
5.259414315223693848e-01
5.259417295455932617e-01
5.259368419647216797e-01
5.259279608726501465e-01
5.258786678314208984e-01
5.259263515472412109e-01
5.259289741516113281e-01
5.259122252464294434e-01
5.258797407150268555e-01
5.259020328521728516e-01
5.259019732475280762e-01
5.259352326393127441e-01
5.259262323379516602e-01
5.259279012680053711e-01
5.259081125259399414e-01
5.259208679199218750e-01
5.259227752685546875e-01
5.259280800819396973e-01
5.259320735931396484e-01
5.259332060813903809e-01
5.259342193603515625e-01
5.259343385696411133e-01
5.259360671043395996e-01
5.259382128715515137e-01
5.259377360343933105e-01
5.259388685226440430e-01
5.259295105934143066e-01
5.259383916854858398e-01
5.259379148483276367e-01
5.258997678756713867e-01
5.259146094322204590e-01
5.259292721748352051e-01
5.259355306625366211e-01
5.259274244308471680e-01
5.259183049201965332e-01
5.259325504302978516e-01
5.259300470352172852e-01
5.259323716163635254e-01
5.259323120117187500e-01
5.259343981742858887e-01
5.259375572204589844e-01
5.259398221969604492e-01
5.259401202201843262e-01
5.212574601173400879e-01
5.153266191482543945e-01
5.157312154769897461e-01
5.259360074996948242e-01
5.259376168251037598e-01
5.259335637092590332e-01
5.259383320808410645e-01
5.259396433830261230e-01
5.259417295455932617e-01
5.259417295455932617e-01
5.259417295455932617e-01
5.259417295455932617e-01
5.259417295455932617e-01
5.315862894058227539e-01
5.259417295455932617e-01
5.275158286094665527e-01
5.259417295455932617e-01
5.259417295455932617e-01
5.259417295455932617e-01
5.259417295455932617e-01
5.259417295455932617e-01
5.258583426475524902e-01
5.257853269577026367e-01
5.259416103363037109e-01
5.259416103363037109e-01
5.265898704528808594e-01
5.259416699409484863e-01
5.259416699409484863e-01
5.259417295455932617e-01
5.259414911270141602e-01
5.259415507316589355e-01
5.259416103363037109e-01
5.259416103363037109e-01
5.259416103363037109e-01
5.259416699409484863e-01
5.259416699409484863e-01
5.259416699409484863e-01
5.259417295455932617e-01
5.259957313537597656e-01
5.259417295455932617e-01
5.259416103363037109e-01
5.259416103363037109e-01
5.259416699409484863e-01
5.259413719177246094e-01
5.259415507316589355e-01
5.259414911270141602e-01
5.259414911270141602e-01
5.259415507316589355e-01
5.259415507316589355e-01
5.259416103363037109e-01
5.259416699409484863e-01
5.259416699409484863e-01
5.259417295455932617e-01
5.252335667610168457e-01
5.147609710693359375e-01
5.144238471984863281e-01
5.139248371124267578e-01
5.147097706794738770e-01
5.141760706901550293e-01
5.148014426231384277e-01
5.232488512992858887e-01
5.146318674087524414e-01
5.146152377128601074e-01
5.147879123687744141e-01
5.253186225891113281e-01
5.144470930099487305e-01
5.150371789932250977e-01
5.140234827995300293e-01
5.144066214561462402e-01
5.144444704055786133e-01
5.143904089927673340e-01
5.144001245498657227e-01
5.140413045883178711e-01
5.255262851715087891e-01
5.258800983428955078e-01
5.259056687355041504e-01
5.259232521057128906e-01
5.259318947792053223e-01
5.259287357330322266e-01
5.259370803833007812e-01
5.259381532669067383e-01
5.259376764297485352e-01
5.259392261505126953e-01
5.259391665458679199e-01
5.259319543838500977e-01
5.259311199188232422e-01
5.259395241737365723e-01
5.259366631507873535e-01
5.192084908485412598e-01
5.259380936622619629e-01
5.259385704994201660e-01
5.259389877319335938e-01
5.259381532669067383e-01
5.258218646049499512e-01
5.259355306625366211e-01
5.146754384040832520e-01
5.195282697677612305e-01
5.255668759346008301e-01
5.259374976158142090e-01
5.259310603141784668e-01
5.251140594482421875e-01
5.259038805961608887e-01
5.257088541984558105e-01
5.258756279945373535e-01
5.258134603500366211e-01
5.258265137672424316e-01
5.258444547653198242e-01
5.258679389953613281e-01
5.258936285972595215e-01
5.258768796920776367e-01
5.258812904357910156e-01
5.259004831314086914e-01
5.259039998054504395e-01
5.259090662002563477e-01
5.259203314781188965e-01
5.259313583374023438e-01
5.259331464767456055e-01
5.259382128715515137e-01
5.259390473365783691e-01
5.156319141387939453e-01
5.154609680175781250e-01
5.196909904479980469e-01
5.259371399879455566e-01
5.257495045661926270e-01
5.255857110023498535e-01
5.253309607505798340e-01
5.259358286857604980e-01
5.259369015693664551e-01
5.259383916854858398e-01
5.259326100349426270e-01
5.259328484535217285e-01
5.259328484535217285e-01
5.259353518486022949e-01
5.259364843368530273e-01
5.259364247322082520e-01
5.259355306625366211e-01
5.259376764297485352e-01
5.259355902671813965e-01
5.259366631507873535e-01
5.259354114532470703e-01
5.259361863136291504e-01
5.259377360343933105e-01
5.259392857551574707e-01
5.259392261505126953e-01
5.259391069412231445e-01
5.258869528770446777e-01
5.259234309196472168e-01
5.259160399436950684e-01
5.259229540824890137e-01
5.259263515472412109e-01
5.256197452545166016e-01
5.185861587524414062e-01
5.259111523628234863e-01
5.259265899658203125e-01
5.251435637474060059e-01
5.258660912513732910e-01
5.259311795234680176e-01
5.257588028907775879e-01
5.259370207786560059e-01
5.251341462135314941e-01
5.254062414169311523e-01
5.254592895507812500e-01
5.257361531257629395e-01
5.258353948593139648e-01
5.257252454757690430e-01
5.256081223487854004e-01
5.259322524070739746e-01
5.258655548095703125e-01
5.257720351219177246e-01
5.258584022521972656e-01
5.258816480636596680e-01
5.258826017379760742e-01
5.259356498718261719e-01
5.255569219589233398e-01
5.259322524070739746e-01
5.258585214614868164e-01
5.259247422218322754e-01
5.259094238281250000e-01
5.256991386413574219e-01
5.254755020141601562e-01
5.259355902671813965e-01
5.259409546852111816e-01
5.251339673995971680e-01
5.259405970573425293e-01
5.259407758712768555e-01
5.259411334991455078e-01
5.259408950805664062e-01
5.253094434738159180e-01
5.253124833106994629e-01
5.256079435348510742e-01
5.249574184417724609e-01
5.253055095672607422e-01
5.259379148483276367e-01
5.259383320808410645e-01
5.131058096885681152e-01
5.259156823158264160e-01
5.258317589759826660e-01
5.169478654861450195e-01
5.258544087409973145e-01
5.186096429824829102e-01
5.197837948799133301e-01
5.216644406318664551e-01
5.186530947685241699e-01
5.179433822631835938e-01
5.188140869140625000e-01
5.188835263252258301e-01
5.174216032028198242e-01
5.214765667915344238e-01
5.164182782173156738e-01
5.148118734359741211e-01
5.155397057533264160e-01
5.146887898445129395e-01
5.224721431732177734e-01
5.221173167228698730e-01
5.246412754058837891e-01
5.245821475982666016e-01
5.253209471702575684e-01
5.251175165176391602e-01
5.253733992576599121e-01
5.255450010299682617e-01
5.256021022796630859e-01
5.257540941238403320e-01
5.257077813148498535e-01
5.257494449615478516e-01
5.258141756057739258e-01
5.258390307426452637e-01
5.258601903915405273e-01
5.258967876434326172e-01
5.259011983871459961e-01
5.259087681770324707e-01
5.259273648262023926e-01
5.148234963417053223e-01
5.145157575607299805e-01
5.229147076606750488e-01
5.257950425148010254e-01
5.258709192276000977e-01
5.259344577789306641e-01
5.259224176406860352e-01
5.259343981742858887e-01
5.259333252906799316e-01
5.259398818016052246e-01
5.259390473365783691e-01
5.255761742591857910e-01
5.256350040435791016e-01
5.256310701370239258e-01
5.259393453598022461e-01
5.254849791526794434e-01
5.259388685226440430e-01
5.137133598327636719e-01
5.259394645690917969e-01
5.259370803833007812e-01
5.259412527084350586e-01
5.259414911270141602e-01
5.259417295455932617e-01
5.258259773254394531e-01
5.254509449005126953e-01
5.256878137588500977e-01
5.259410738945007324e-01
5.259381532669067383e-01
5.259366035461425781e-01
5.259393453598022461e-01
5.259397625923156738e-01
5.259383916854858398e-01
5.259386301040649414e-01
5.259395241737365723e-01
5.259408950805664062e-01
5.259401202201843262e-01
5.259404778480529785e-01
5.259390473365783691e-01
5.259334444999694824e-01
5.259377956390380859e-01
5.259380340576171875e-01
5.259388685226440430e-01
5.259371399879455566e-01
5.259392857551574707e-01
5.259371995925903320e-01
5.259351730346679688e-01
5.259371995925903320e-01
5.259311795234680176e-01
5.259334444999694824e-01
5.259391069412231445e-01
5.259358882904052734e-01
5.259370803833007812e-01
5.259380936622619629e-01
5.259380340576171875e-01
5.259357690811157227e-01
5.259364247322082520e-01
5.259393453598022461e-01
5.259356498718261719e-01
5.259323716163635254e-01
5.259371399879455566e-01
5.258380770683288574e-01
5.256674885749816895e-01
5.259178280830383301e-01
5.258926749229431152e-01
5.258592367172241211e-01
5.259367227554321289e-01
5.259362459182739258e-01
5.259340405464172363e-01
5.259341597557067871e-01
5.259350538253784180e-01
5.259360074996948242e-01
5.259367823600769043e-01
5.259372591972351074e-01
5.259347558021545410e-01
5.259363055229187012e-01
5.259346365928649902e-01
5.259358882904052734e-01
5.259377360343933105e-01
5.259390473365783691e-01
5.259397625923156738e-01
5.259400010108947754e-01
5.259401202201843262e-01
5.254286527633666992e-01
5.250895619392395020e-01
5.258140563964843750e-01
5.254610776901245117e-01
5.258291363716125488e-01
5.257948040962219238e-01
5.255676507949829102e-01
5.259417295455932617e-01
5.259417295455932617e-01
5.258797407150268555e-01
5.259417295455932617e-01
5.259417295455932617e-01
5.259417295455932617e-01
5.258364081382751465e-01
5.256904363632202148e-01
5.259417295455932617e-01
5.259417295455932617e-01
5.259417295455932617e-01
5.259368419647216797e-01
5.259417295455932617e-01
5.259417295455932617e-01
5.259417295455932617e-01
5.259417295455932617e-01
5.259417295455932617e-01
5.259416699409484863e-01
5.259416699409484863e-01
5.265311002731323242e-01
5.259416699409484863e-01
5.259414315223693848e-01
5.259414315223693848e-01
5.259414911270141602e-01
5.259412527084350586e-01
5.259414911270141602e-01
5.259394645690917969e-01
5.262198448181152344e-01
5.259404182434082031e-01
5.259406566619873047e-01
5.259409546852111816e-01
5.259410738945007324e-01
5.259413719177246094e-01
5.259416103363037109e-01
5.281163454055786133e-01
5.259416103363037109e-01
5.288832187652587891e-01
5.258508920669555664e-01
5.257093310356140137e-01
5.259409546852111816e-01
5.259417295455932617e-01
5.259415507316589355e-01
5.259328484535217285e-01
5.259093046188354492e-01
5.258492231369018555e-01
5.258767008781433105e-01
5.258830785751342773e-01
5.258965492248535156e-01
5.259024500846862793e-01
5.259090662002563477e-01
5.259324312210083008e-01
5.259371995925903320e-01
5.259377360343933105e-01
5.259385704994201660e-01
5.259389281272888184e-01
5.259395241737365723e-01
5.259398221969604492e-01
5.259394645690917969e-01
5.259394645690917969e-01
5.259395241737365723e-01
5.259397029876708984e-01
5.259395241737365723e-01
5.259401202201843262e-01
5.259383916854858398e-01
5.259395241737365723e-01
5.259398818016052246e-01
5.259395837783813477e-01
5.259394645690917969e-01
5.259401202201843262e-01
5.259391069412231445e-01
5.259400010108947754e-01
5.259404182434082031e-01
5.259407758712768555e-01
5.259407162666320801e-01
5.259413719177246094e-01
5.259409546852111816e-01
5.259401798248291016e-01
5.259391069412231445e-01
5.259397029876708984e-01
5.259396433830261230e-01
5.259398221969604492e-01
5.259394049644470215e-01
5.259404778480529785e-01
5.259401202201843262e-01
5.259397625923156738e-01
5.259398818016052246e-01
5.259400010108947754e-01
5.259352326393127441e-01
5.259342789649963379e-01
5.259364843368530273e-01
5.259380936622619629e-01
5.259379744529724121e-01
5.259383916854858398e-01
5.259386301040649414e-01
5.259405970573425293e-01
5.259404778480529785e-01
5.259391665458679199e-01
5.258988142013549805e-01
5.259373188018798828e-01
5.259381532669067383e-01
5.259359478950500488e-01
5.259379148483276367e-01
5.259352922439575195e-01
5.259378552436828613e-01
5.259355306625366211e-01
5.259245038032531738e-01
5.258304476737976074e-01
5.257359743118286133e-01
5.259384512901306152e-01
5.259324312210083008e-01
5.259346961975097656e-01
5.259352326393127441e-01
5.259155631065368652e-01
5.259006619453430176e-01
5.259336829185485840e-01
5.259162187576293945e-01
5.259369611740112305e-01
5.259229540824890137e-01
5.259235501289367676e-01
5.259255766868591309e-01
5.259286165237426758e-01
5.259342789649963379e-01
5.259374976158142090e-01
5.259385704994201660e-01
5.171369314193725586e-01
5.259140133857727051e-01
5.135556459426879883e-01
5.159481167793273926e-01
5.128970146179199219e-01
5.162750482559204102e-01
5.159752964973449707e-01
5.259371399879455566e-01
5.217579603195190430e-01
5.227393507957458496e-01
5.246564149856567383e-01
5.250314474105834961e-01
5.254577398300170898e-01
5.255306959152221680e-01
5.256439447402954102e-01
5.257167816162109375e-01
5.255960226058959961e-01
5.257651805877685547e-01
5.259364843368530273e-01
5.258724093437194824e-01
5.259231925010681152e-01
5.259020328521728516e-01
5.259135961532592773e-01
5.259330272674560547e-01
5.259324908256530762e-01
5.259312391281127930e-01
5.259356498718261719e-01
5.259328484535217285e-01
5.259341597557067871e-01
5.259412527084350586e-01
5.259372591972351074e-01
5.259400010108947754e-01
5.259398221969604492e-01
5.259416103363037109e-01
5.259416699409484863e-01
5.259416699409484863e-01
5.259416103363037109e-01
5.259416103363037109e-01
5.259411334991455078e-01
5.259417295455932617e-01
5.259417295455932617e-01
5.259416699409484863e-01
5.259416699409484863e-01
5.259416699409484863e-01
5.259020924568176270e-01
5.259416103363037109e-01
5.259413719177246094e-01
5.259416699409484863e-01
5.259412527084350586e-01
5.259412527084350586e-01
5.259413719177246094e-01
5.259401202201843262e-01
5.259401202201843262e-01
5.259415507316589355e-01
5.259417295455932617e-01
5.259415507316589355e-01
5.259410142898559570e-01
5.259416699409484863e-01
5.259409546852111816e-01
5.259411334991455078e-01
5.259415507316589355e-01
5.259412527084350586e-01
5.259410142898559570e-01
5.259410738945007324e-01
5.259405374526977539e-01
5.259407162666320801e-01
5.258958935737609863e-01
5.259406566619873047e-01
5.252047777175903320e-01
5.283876061439514160e-01
5.250952839851379395e-01
5.350024700164794922e-01
5.240448117256164551e-01
5.341369509696960449e-01
5.257950425148010254e-01
5.258148908615112305e-01
5.258479118347167969e-01
5.258994102478027344e-01
5.259308815002441406e-01
5.258945822715759277e-01
5.259287953376770020e-01
5.259359478950500488e-01
5.258888602256774902e-01
5.259401798248291016e-01
5.259214043617248535e-01
5.207455158233642578e-01
5.239913463592529297e-01
5.259328484535217285e-01
5.259366631507873535e-01
5.259387493133544922e-01
5.259402394294738770e-01
5.259407758712768555e-01
5.259410142898559570e-01
5.259411334991455078e-01
5.259398221969604492e-01
5.259401798248291016e-01
5.259407162666320801e-01
5.259408950805664062e-01
5.259411931037902832e-01
5.259411931037902832e-01
5.259404778480529785e-01
5.259402990341186523e-01
5.259407162666320801e-01
5.259410738945007324e-01
5.259403586387634277e-01
5.259393453598022461e-01
5.259406566619873047e-01
5.259386897087097168e-01
5.259405970573425293e-01
5.259244441986083984e-01
5.259374976158142090e-01
5.259351730346679688e-01
5.259365439414978027e-01
5.259385704994201660e-01
5.259284973144531250e-01
5.259311795234680176e-01
5.259346365928649902e-01
5.259414911270141602e-01
5.259269475936889648e-01
5.259417295455932617e-01
5.259417295455932617e-01
5.259417295455932617e-01
5.259417295455932617e-01
5.259417295455932617e-01
5.259417295455932617e-01
5.259417295455932617e-01
5.259417295455932617e-01
5.259417295455932617e-01
5.259417295455932617e-01
5.259417295455932617e-01
5.259417295455932617e-01
5.259417295455932617e-01
5.259417295455932617e-01
5.259417295455932617e-01
5.259416699409484863e-01
5.259417295455932617e-01
5.259416103363037109e-01
5.259416699409484863e-01
5.259415507316589355e-01
5.259202718734741211e-01
5.259413123130798340e-01
5.259400606155395508e-01
5.259408354759216309e-01
5.259394049644470215e-01
5.259376168251037598e-01
5.259217619895935059e-01
5.259402990341186523e-01
5.259413123130798340e-01
5.259412527084350586e-01
5.259386897087097168e-01
5.259350538253784180e-01
5.259385704994201660e-01
5.259383320808410645e-01
5.252469778060913086e-01
5.249620676040649414e-01
5.252401232719421387e-01
5.259349346160888672e-01
5.255726575851440430e-01
5.256417393684387207e-01
5.257090330123901367e-01
5.258128643035888672e-01
5.258693695068359375e-01
5.259147882461547852e-01
5.259052515029907227e-01
5.258655548095703125e-01
5.259004831314086914e-01
5.259340405464172363e-01
5.259382724761962891e-01
5.259369015693664551e-01
5.157945752143859863e-01
5.158985853195190430e-01
5.259062647819519043e-01
5.259107947349548340e-01
5.259075164794921875e-01
5.259228944778442383e-01
5.259373188018798828e-01
5.259351730346679688e-01
5.259302258491516113e-01
5.259363651275634766e-01
5.259341597557067871e-01
5.259356498718261719e-01
5.259362459182739258e-01
5.259375572204589844e-01
5.259369611740112305e-01
5.259387493133544922e-01
5.259388089179992676e-01
5.259364247322082520e-01
5.259336233139038086e-01
5.259273648262023926e-01
5.259357094764709473e-01
5.259296298027038574e-01
5.259323716163635254e-01
5.259118080139160156e-01
5.259053111076354980e-01
5.259391665458679199e-01
5.259213447570800781e-01
5.259326696395874023e-01
5.259382128715515137e-01
5.259205102920532227e-01
5.259267687797546387e-01
5.259321331977844238e-01
5.259369611740112305e-01
5.259395241737365723e-01
5.258756875991821289e-01
5.256803631782531738e-01
5.252543687820434570e-01
5.259398221969604492e-01
5.259383916854858398e-01
5.255230665206909180e-01
5.259402394294738770e-01
5.257821679115295410e-01
5.257492661476135254e-01
5.254029631614685059e-01
5.258019566535949707e-01
5.259400010108947754e-01
5.259404778480529785e-01
5.176330208778381348e-01
5.213848948478698730e-01
5.253452658653259277e-01
5.259383320808410645e-01
5.254482030868530273e-01
5.250860452651977539e-01
5.250567197799682617e-01
5.259169340133666992e-01
5.222178101539611816e-01
5.230997204780578613e-01
5.234632492065429688e-01
5.248073339462280273e-01
5.231561660766601562e-01
5.245004296302795410e-01
5.205976963043212891e-01
5.253397226333618164e-01
5.187153220176696777e-01
5.140635967254638672e-01
5.135852694511413574e-01
5.143570303916931152e-01
5.134343504905700684e-01
5.142540931701660156e-01
5.143074989318847656e-01
5.156649351119995117e-01
5.218279361724853516e-01
5.169864296913146973e-01
5.237193107604980469e-01
5.247256755828857422e-01
5.251107811927795410e-01
5.251560807228088379e-01
5.254728794097900391e-01
5.259350538253784180e-01
5.258926153182983398e-01
5.259014964103698730e-01
5.259342193603515625e-01
5.259129405021667480e-01
5.259189009666442871e-01
5.259181857109069824e-01
5.259220600128173828e-01
5.259232521057128906e-01
5.259189605712890625e-01
5.259162783622741699e-01
5.259354710578918457e-01
5.259385704994201660e-01
5.259283781051635742e-01
5.259365439414978027e-01
5.259392857551574707e-01
5.259271264076232910e-01
5.259342193603515625e-01
5.259330868721008301e-01
5.259385108947753906e-01
5.259379744529724121e-01
5.259402990341186523e-01
5.259370207786560059e-01
5.259376168251037598e-01
5.259402394294738770e-01
5.259388685226440430e-01
5.259392857551574707e-01
5.259398221969604492e-01
5.257658362388610840e-01
5.258063673973083496e-01
5.254105925559997559e-01
5.259343981742858887e-01
5.259380340576171875e-01
5.259327292442321777e-01
5.131608247756958008e-01
5.259380936622619629e-01
5.191450715065002441e-01
5.132201313972473145e-01
5.255756378173828125e-01
5.253803730010986328e-01
5.256661772727966309e-01
5.259367227554321289e-01
5.258968472480773926e-01
5.259209275245666504e-01
5.259204506874084473e-01
5.259380340576171875e-01
5.257733464241027832e-01
5.237759351730346680e-01
5.256757736206054688e-01
5.254108309745788574e-01
5.253947377204895020e-01
5.250571966171264648e-01
5.252006053924560547e-01
5.254520177841186523e-01
5.257468223571777344e-01
5.256726145744323730e-01
5.257421135902404785e-01
5.258398652076721191e-01
5.258368253707885742e-01
5.259121656417846680e-01
5.250748991966247559e-01
5.248875021934509277e-01
5.259287357330322266e-01
5.258443355560302734e-01
5.258980989456176758e-01
5.259093046188354492e-01
5.259387493133544922e-01
5.259348154067993164e-01
5.254213213920593262e-01
5.256126523017883301e-01
5.259393453598022461e-01
5.245942473411560059e-01
5.249761343002319336e-01
5.259378552436828613e-01
5.259387493133544922e-01
5.259390473365783691e-01
5.259383320808410645e-01
5.259390473365783691e-01
5.259374976158142090e-01
5.259401798248291016e-01
5.259377360343933105e-01
5.259656310081481934e-01
5.259391069412231445e-01
5.259398221969604492e-01
5.259392857551574707e-01
5.259402990341186523e-01
5.259403586387634277e-01
5.257443785667419434e-01
5.259390473365783691e-01
5.259406566619873047e-01
5.259372591972351074e-01
5.259361267089843750e-01
5.259333252906799316e-01
5.259333848953247070e-01
5.259358882904052734e-01
5.259380340576171875e-01
5.259380340576171875e-01
5.259385704994201660e-01
5.259395241737365723e-01
5.259401202201843262e-01
5.259405970573425293e-01
5.259409546852111816e-01
5.259407758712768555e-01
5.259410738945007324e-01
5.259413719177246094e-01
5.259413719177246094e-01
5.259415507316589355e-01
5.259414911270141602e-01
5.259416103363037109e-01
5.259416103363037109e-01
5.259414911270141602e-01
5.259416699409484863e-01
5.315470099449157715e-01
5.259416699409484863e-01
5.259416699409484863e-01
5.259416699409484863e-01
5.259416699409484863e-01
5.259417295455932617e-01
5.258868336677551270e-01
5.258983969688415527e-01
5.259094238281250000e-01
5.259165167808532715e-01
5.259034633636474609e-01
5.259327292442321777e-01
5.259340405464172363e-01
5.259259939193725586e-01
5.259338021278381348e-01
5.259275436401367188e-01
5.259216427803039551e-01
5.259208679199218750e-01
5.259362459182739258e-01
5.259388089179992676e-01
5.259392857551574707e-01
5.259223580360412598e-01
5.259282588958740234e-01
5.259255170822143555e-01
5.259311795234680176e-01
5.259352922439575195e-01
5.258858203887939453e-01
5.259386301040649414e-01
5.259385704994201660e-01
5.259381532669067383e-01
5.259387493133544922e-01
5.259389281272888184e-01
5.259372591972351074e-01
5.262013077735900879e-01
5.259380936622619629e-01
5.259367227554321289e-01
5.258936882019042969e-01
5.259364247322082520e-01
5.259324312210083008e-01
5.259161591529846191e-01
5.259374380111694336e-01
5.259347558021545410e-01
5.259333252906799316e-01
5.259333252906799316e-01
5.259341597557067871e-01
5.259350538253784180e-01
5.259361863136291504e-01
5.259371399879455566e-01
5.259358286857604980e-01
5.259373784065246582e-01
5.259372591972351074e-01
5.259373784065246582e-01
5.259381532669067383e-01
5.259389877319335938e-01
5.259394049644470215e-01
5.259396433830261230e-01
5.259401202201843262e-01
5.259401202201843262e-01
5.259391069412231445e-01
5.259397029876708984e-01
5.259403586387634277e-01
5.259406566619873047e-01
5.259024500846862793e-01
5.259390473365783691e-01
5.259374976158142090e-01
5.259389281272888184e-01
5.259377956390380859e-01
5.259386897087097168e-01
5.259397625923156738e-01
5.259401202201843262e-01
5.259334444999694824e-01
5.259401798248291016e-01
5.259406566619873047e-01
5.259408950805664062e-01
5.259372591972351074e-01
5.259388089179992676e-01
5.259405970573425293e-01
5.259403586387634277e-01
5.259394049644470215e-01
5.259370803833007812e-01
5.259371399879455566e-01
5.258508324623107910e-01
5.259402394294738770e-01
5.259391069412231445e-01
5.259410738945007324e-01
5.259379744529724121e-01
5.259317159652709961e-01
5.259392261505126953e-01
5.258485674858093262e-01
5.258571505546569824e-01
5.259392857551574707e-01
5.259398221969604492e-01
5.259380340576171875e-01
5.259415507316589355e-01
5.259414911270141602e-01
5.259414911270141602e-01
5.259413719177246094e-01
5.259415507316589355e-01
5.259413719177246094e-01
5.259034037590026855e-01
5.259414911270141602e-01
5.259407758712768555e-01
5.259399414062500000e-01
5.259410738945007324e-01
5.259401202201843262e-01
5.259400010108947754e-01
5.259383320808410645e-01
5.259391665458679199e-01
5.259378552436828613e-01
5.259385704994201660e-01
5.259374976158142090e-01
5.259393453598022461e-01
5.259382724761962891e-01
5.259375572204589844e-01
5.259380936622619629e-01
5.259287357330322266e-01
5.259271860122680664e-01
5.259364843368530273e-01
5.259233117103576660e-01
5.259386301040649414e-01
5.198444128036499023e-01
5.248985886573791504e-01
5.233818888664245605e-01
5.218290090560913086e-01
5.218567848205566406e-01
5.236378312110900879e-01
5.132460594177246094e-01
5.259391069412231445e-01
5.140066146850585938e-01
5.135190486907958984e-01
5.243177413940429688e-01
5.258895754814147949e-01
5.254177451133728027e-01
5.259000658988952637e-01
5.259271264076232910e-01
5.259311199188232422e-01
5.259351730346679688e-01
5.259388685226440430e-01
5.259054899215698242e-01
5.259044766426086426e-01
5.259100794792175293e-01
5.259152054786682129e-01
5.259141325950622559e-01
5.259183049201965332e-01
5.259045362472534180e-01
5.259057283401489258e-01
5.259045362472534180e-01
5.259062647819519043e-01
5.258949995040893555e-01
5.258932113647460938e-01
5.259068012237548828e-01
5.258784294128417969e-01
5.258590579032897949e-01
5.258281230926513672e-01
5.258796811103820801e-01
5.258955359458923340e-01
5.259053707122802734e-01
5.258861184120178223e-01
5.258984565734863281e-01
5.258824825286865234e-01
5.259338617324829102e-01
5.259318947792053223e-01
5.259258747100830078e-01
5.259238481521606445e-01
5.259205698966979980e-01
5.259003043174743652e-01
5.259129405021667480e-01
5.259050130844116211e-01
5.259127020835876465e-01
5.259182453155517578e-01
5.259240269660949707e-01
5.259281396865844727e-01
5.259281396865844727e-01
5.259307622909545898e-01
5.259333848953247070e-01
5.259352326393127441e-01
5.259365439414978027e-01
5.259380936622619629e-01
5.259392261505126953e-01
5.259400010108947754e-01
5.259403586387634277e-01
5.259407162666320801e-01
5.259412527084350586e-01
5.259411931037902832e-01
5.258936882019042969e-01
5.258830785751342773e-01
5.259017348289489746e-01
5.258913040161132812e-01
5.259101390838623047e-01
5.259416103363037109e-01
5.259414315223693848e-01
5.259389281272888184e-01
5.259416699409484863e-01
5.257437229156494141e-01
5.257918834686279297e-01
5.258855819702148438e-01
5.259394049644470215e-01
5.259417295455932617e-01
5.259416699409484863e-01
5.259300470352172852e-01
5.259391069412231445e-01
5.259380340576171875e-01
5.259389877319335938e-01
5.259391665458679199e-01
5.259398818016052246e-01
5.259406566619873047e-01
5.259386301040649414e-01
5.259368419647216797e-01
5.259380936622619629e-01
5.259385704994201660e-01
5.259385704994201660e-01
5.259386301040649414e-01
5.259417295455932617e-01
5.305868983268737793e-01
5.259417295455932617e-01
5.259417295455932617e-01
5.334957838058471680e-01
5.259417295455932617e-01
5.271883606910705566e-01
5.259417295455932617e-01
5.259417295455932617e-01
5.259417295455932617e-01
5.259417295455932617e-01
5.259417295455932617e-01
5.257853865623474121e-01
5.259416103363037109e-01
5.291624665260314941e-01
5.259410738945007324e-01
5.259413719177246094e-01
5.259414315223693848e-01
5.259414911270141602e-01
5.259414911270141602e-01
5.259414911270141602e-01
5.259414315223693848e-01
5.259416103363037109e-01
5.259416103363037109e-01
5.259416699409484863e-01
5.259416699409484863e-01
5.259417295455932617e-01
5.259417295455932617e-01
5.259417295455932617e-01
5.259417295455932617e-01
5.259417295455932617e-01
5.259417295455932617e-01
5.259410738945007324e-01
5.259401798248291016e-01
5.259417295455932617e-01
5.259417295455932617e-01
5.259417295455932617e-01
5.259416103363037109e-01
5.259417295455932617e-01
5.259417295455932617e-01
5.259417295455932617e-01
5.259417295455932617e-01
5.305811166763305664e-01
5.259417295455932617e-01
5.259417295455932617e-01
5.259384512901306152e-01
5.258149504661560059e-01
5.253760814666748047e-01
5.259193181991577148e-01
5.259356498718261719e-01
5.259377956390380859e-01
5.259366035461425781e-01
5.259243249893188477e-01
5.257637500762939453e-01
5.259274244308471680e-01
5.258022546768188477e-01
5.259342193603515625e-01
5.256510972976684570e-01
5.255424976348876953e-01
5.254858136177062988e-01
5.256462693214416504e-01
5.256329178810119629e-01
5.259408354759216309e-01
5.259379744529724121e-01
5.259343385696411133e-01
5.259360671043395996e-01
5.259339809417724609e-01
5.259361267089843750e-01
5.259369611740112305e-01
5.259363055229187012e-01
5.259370803833007812e-01
5.259384512901306152e-01
5.259352922439575195e-01
5.259374380111694336e-01
5.259395837783813477e-01
5.259395837783813477e-01
5.259392261505126953e-01
5.259386897087097168e-01
5.259394645690917969e-01
5.259400606155395508e-01
5.259404182434082031e-01
5.259407162666320801e-01
5.259407758712768555e-01
5.259410142898559570e-01
5.259396433830261230e-01
5.259379744529724121e-01
5.259386301040649414e-01
5.259395241737365723e-01
5.259399414062500000e-01
5.259369611740112305e-01
5.259385704994201660e-01
5.259382128715515137e-01
5.257656574249267578e-01
5.259364843368530273e-01
5.259384512901306152e-01
5.259366631507873535e-01
5.259368419647216797e-01
5.259387493133544922e-01
5.259354114532470703e-01
5.259277224540710449e-01
5.259414315223693848e-01
5.259415507316589355e-01
5.259416103363037109e-01
5.259416699409484863e-01
5.259416699409484863e-01
5.259416699409484863e-01
5.259417295455932617e-01
5.259401798248291016e-01
5.259393453598022461e-01
5.259407162666320801e-01
5.259404778480529785e-01
5.259379148483276367e-01
5.259107351303100586e-01
5.259308815002441406e-01
5.259119272232055664e-01
5.259166955947875977e-01
5.259203910827636719e-01
5.259224176406860352e-01
5.259357690811157227e-01
5.259273648262023926e-01
5.259391069412231445e-01
5.259351730346679688e-01
5.259394049644470215e-01
5.259404182434082031e-01
5.259404182434082031e-01
5.257265567779541016e-01
5.257905125617980957e-01
5.257664322853088379e-01
5.259376168251037598e-01
5.259389877319335938e-01
5.259399414062500000e-01
5.256657600402832031e-01
5.259414911270141602e-01
5.258663296699523926e-01
5.255148410797119141e-01
5.259381532669067383e-01
5.259390473365783691e-01
5.259389877319335938e-01
5.259384512901306152e-01
5.259386301040649414e-01
5.259358286857604980e-01
5.259332060813903809e-01
5.259240865707397461e-01
5.259098410606384277e-01
5.259112715721130371e-01
5.259177088737487793e-01
5.258352160453796387e-01
5.257664322853088379e-01
5.247563123703002930e-01
5.222530364990234375e-01
5.257512331008911133e-01
5.257412195205688477e-01
5.255963802337646484e-01
5.256429314613342285e-01
5.252537727355957031e-01
5.241106152534484863e-01
5.244551897048950195e-01
5.249506831169128418e-01
5.253227949142456055e-01
5.252979993820190430e-01
5.254700183868408203e-01
5.254919528961181641e-01
5.255705714225769043e-01
5.257165431976318359e-01
5.257384777069091797e-01
5.257676839828491211e-01
5.257974267005920410e-01
5.258413553237915039e-01
5.258537530899047852e-01
5.258664488792419434e-01
5.258845090866088867e-01
5.258895754814147949e-01
5.258914232254028320e-01
5.259022712707519531e-01
5.259079933166503906e-01
5.259061455726623535e-01
5.259045958518981934e-01
5.259146094322204590e-01
5.259201526641845703e-01
5.259224176406860352e-01
5.259265303611755371e-01
5.259282588958740234e-01
5.259314179420471191e-01
5.257527828216552734e-01
5.259358882904052734e-01
5.259372591972351074e-01
5.259393453598022461e-01
5.259327888488769531e-01
5.258470177650451660e-01
5.256218910217285156e-01
5.257984399795532227e-01
5.259196758270263672e-01
5.259241461753845215e-01
5.259368419647216797e-01
5.259376168251037598e-01
5.259368419647216797e-01
5.259238481521606445e-01
5.259349346160888672e-01
5.259279608726501465e-01
5.259192585945129395e-01
5.257906913757324219e-01
5.259271264076232910e-01
5.258485674858093262e-01
5.259303450584411621e-01
5.259371399879455566e-01
5.259341001510620117e-01
5.259353518486022949e-01
5.259379744529724121e-01
5.259371995925903320e-01
5.148842334747314453e-01
5.157479047775268555e-01
5.182750225067138672e-01
5.150294899940490723e-01
5.135753750801086426e-01
5.246880054473876953e-01
5.246356129646301270e-01
5.248451232910156250e-01
5.247468948364257812e-01
5.249907374382019043e-01
5.246722102165222168e-01
5.245056152343750000e-01
5.245318412780761719e-01
5.245276689529418945e-01
5.246946811676025391e-01
5.255730152130126953e-01
5.259416699409484863e-01
5.249752998352050781e-01
5.249994397163391113e-01
5.249075293540954590e-01
5.259417295455932617e-01
5.259417295455932617e-01
5.259196758270263672e-01
5.251152515411376953e-01
5.249956250190734863e-01
5.257679224014282227e-01
5.259072780609130859e-01
5.259417295455932617e-01
5.256587266921997070e-01
5.259417295455932617e-01
5.259092450141906738e-01
5.259416103363037109e-01
5.259416699409484863e-01
5.259416699409484863e-01
5.259416103363037109e-01
5.259416699409484863e-01
5.259417295455932617e-01
5.259416699409484863e-01
5.259417295455932617e-01
5.259417295455932617e-01
5.259416103363037109e-01
5.259408354759216309e-01
5.259395837783813477e-01
5.259387493133544922e-01
5.259398221969604492e-01
5.259410142898559570e-01
5.259408950805664062e-01
5.259410738945007324e-01
5.259401798248291016e-01
5.259414911270141602e-01
5.259401798248291016e-01
5.259395837783813477e-01
5.259372591972351074e-01
5.259402394294738770e-01
5.259382128715515137e-01
5.259384512901306152e-01
5.259366035461425781e-01
5.259375572204589844e-01
5.259380340576171875e-01
5.259380936622619629e-01
5.259321331977844238e-01
5.259344577789306641e-01
5.259292721748352051e-01
5.259297490119934082e-01
5.259307026863098145e-01
5.259336829185485840e-01
5.259385704994201660e-01
5.254974365234375000e-01
5.254294872283935547e-01
5.255347490310668945e-01
5.258414745330810547e-01
5.259170532226562500e-01
5.259367823600769043e-01
5.259384512901306152e-01
5.258302688598632812e-01
5.259396433830261230e-01
5.258890390396118164e-01
5.259396433830261230e-01
5.259417295455932617e-01
5.259417295455932617e-01
5.259417295455932617e-01
5.259417295455932617e-01
5.259417295455932617e-01
5.259417295455932617e-01
5.259417295455932617e-01
5.255548357963562012e-01
5.257177948951721191e-01
5.259012579917907715e-01
5.259381532669067383e-01
5.259417295455932617e-01
5.259417295455932617e-01
5.259417295455932617e-01
5.259417295455932617e-01
5.259417295455932617e-01
5.259417295455932617e-01
5.259417295455932617e-01
5.259093046188354492e-01
5.258657336235046387e-01
5.259417295455932617e-01
5.258681178092956543e-01
5.259417295455932617e-01
5.259417295455932617e-01
5.259417295455932617e-01
5.259417295455932617e-01
5.259408950805664062e-01
5.259417295455932617e-01
5.259417295455932617e-01
5.258229970932006836e-01
5.258326530456542969e-01
5.259417295455932617e-01
5.259415507316589355e-01
5.259416699409484863e-01
5.368378162384033203e-01
5.253146886825561523e-01
5.265223383903503418e-01
5.259417295455932617e-01
5.259417295455932617e-01
5.259115695953369141e-01
5.258732438087463379e-01
5.258452296257019043e-01
5.257693529129028320e-01
5.258423089981079102e-01
5.276412367820739746e-01
5.259409546852111816e-01
5.259401202201843262e-01
5.259391665458679199e-01
5.259392857551574707e-01
5.259373188018798828e-01
5.259371399879455566e-01
5.259381532669067383e-01
5.259383320808410645e-01
5.259358882904052734e-01
5.259382128715515137e-01
5.259295701980590820e-01
5.259241461753845215e-01
5.259308815002441406e-01
5.259285569190979004e-01
5.259314179420471191e-01
5.259355306625366211e-01
5.259388685226440430e-01
5.259395241737365723e-01
5.258145332336425781e-01
5.257924199104309082e-01
5.259199142456054688e-01
5.259384512901306152e-01
5.259388685226440430e-01
5.258688926696777344e-01
5.256411433219909668e-01
5.258114337921142578e-01
5.256760716438293457e-01
5.254251956939697266e-01
5.257721543312072754e-01
5.258755087852478027e-01
5.258231163024902344e-01
5.259065628051757812e-01
5.258978009223937988e-01
5.259217023849487305e-01
5.259333252906799316e-01
5.259242653846740723e-01
5.259323716163635254e-01
5.259393453598022461e-01
5.259324312210083008e-01
5.259348154067993164e-01
5.259362459182739258e-01
5.259386301040649414e-01
5.259384512901306152e-01
5.259234905242919922e-01
5.259369611740112305e-01
5.259385704994201660e-01
5.259367823600769043e-01
5.259384512901306152e-01
5.259374380111694336e-01
5.259374976158142090e-01
5.259373784065246582e-01
5.259377360343933105e-01
5.259382724761962891e-01
5.259373784065246582e-01
5.259407758712768555e-01
4.995238780975341797e-01
0.000000000000000000e+00
5.253182649612426758e-01
5.253178477287292480e-01
5.259413123130798340e-01
5.259411334991455078e-01
5.259413719177246094e-01
5.259414315223693848e-01
5.259408950805664062e-01
5.259361267089843750e-01
5.242593884468078613e-01
5.237528681755065918e-01
5.208919048309326172e-01
5.192958712577819824e-01
5.212205648422241211e-01
5.217012166976928711e-01
5.225326418876647949e-01
5.197467803955078125e-01
5.211029648780822754e-01
5.211903452873229980e-01
5.212076306343078613e-01
5.212406516075134277e-01
5.229269862174987793e-01
5.249869227409362793e-01
5.280120372772216797e-01
5.258801579475402832e-01
5.286066532135009766e-01
5.258705019950866699e-01
5.340014696121215820e-01
5.259362459182739258e-01
5.259391069412231445e-01
5.259417295455932617e-01
5.259032845497131348e-01
5.259388089179992676e-01
5.259405970573425293e-01
5.259345173835754395e-01
5.258735418319702148e-01
5.259069800376892090e-01
5.258679986000061035e-01
5.258705019950866699e-01
5.258934497833251953e-01
5.258805751800537109e-01
5.259417295455932617e-01
5.259417295455932617e-01
5.259417295455932617e-01
5.259416699409484863e-01
5.259407162666320801e-01
5.259407162666320801e-01
5.259414315223693848e-01
5.259406566619873047e-01
5.259400010108947754e-01
5.259277224540710449e-01
5.165739655494689941e-01
5.162220001220703125e-01
5.254229307174682617e-01
5.257154107093811035e-01
5.193228125572204590e-01
5.206969976425170898e-01
5.216657519340515137e-01
5.217980742454528809e-01
5.248802900314331055e-01
5.216155052185058594e-01
5.249397158622741699e-01
5.224586725234985352e-01
5.257482528686523438e-01
5.251988172531127930e-01
5.234468579292297363e-01
5.227009654045104980e-01
5.255132913589477539e-01
5.298708081245422363e-01
5.258787274360656738e-01
5.259228944778442383e-01
5.259268283843994141e-01
5.259336829185485840e-01
5.258969664573669434e-01
5.259010791778564453e-01
5.259367823600769043e-01
5.259414911270141602e-01
5.259414315223693848e-01
5.259393453598022461e-01
5.260215401649475098e-01
5.259404182434082031e-01
5.259383320808410645e-01
5.259233117103576660e-01
5.259274840354919434e-01
5.259330868721008301e-01
5.259281396865844727e-01
5.259304046630859375e-01
5.259353518486022949e-01
5.259372591972351074e-01
5.259309411048889160e-01
5.259310007095336914e-01
5.259248614311218262e-01
5.259259939193725586e-01
5.259278416633605957e-01
5.259310007095336914e-01
5.259289145469665527e-01
5.259302854537963867e-01
5.259317159652709961e-01
5.259333848953247070e-01
5.259344577789306641e-01
5.259344577789306641e-01
5.259348750114440918e-01
5.259354114532470703e-01
5.259346961975097656e-01
5.259360671043395996e-01
5.259339809417724609e-01
5.259351134300231934e-01
5.259366631507873535e-01
5.259364843368530273e-01
5.259364247322082520e-01
5.259371399879455566e-01
5.259366631507873535e-01
5.259360074996948242e-01
5.259357094764709473e-01
5.259345769882202148e-01
5.259377360343933105e-01
5.259222388267517090e-01
5.259209871292114258e-01
5.259259343147277832e-01
5.259277224540710449e-01
5.259293913841247559e-01
5.259310603141784668e-01
5.259339809417724609e-01
5.259348750114440918e-01
5.259371399879455566e-01
5.259391069412231445e-01
5.274655818939208984e-01
5.259411334991455078e-01
5.259411931037902832e-01
5.259405970573425293e-01
5.259402990341186523e-01
5.259408354759216309e-01
5.259400010108947754e-01
5.259402394294738770e-01
5.259327888488769531e-01
5.254624485969543457e-01
5.255210995674133301e-01
5.250244140625000000e-01
5.254976749420166016e-01
5.254621505737304688e-01
5.253884792327880859e-01
5.253929495811462402e-01
5.249617099761962891e-01
5.257357954978942871e-01
5.250768661499023438e-01
5.259416103363037109e-01
5.259414911270141602e-01
5.259415507316589355e-01
5.256962180137634277e-01
5.256515145301818848e-01
5.255873203277587891e-01
5.253530144691467285e-01
5.245930552482604980e-01
5.254122614860534668e-01
5.254420042037963867e-01
5.253208279609680176e-01
5.255153179168701172e-01
5.259403586387634277e-01
5.259392857551574707e-01
5.259410142898559570e-01
5.259399414062500000e-01
5.250996351242065430e-01
5.250877737998962402e-01
5.257338285446166992e-01
5.259417295455932617e-01
5.255792140960693359e-01
5.259417295455932617e-01
5.259417295455932617e-01
5.255430936813354492e-01
5.259417295455932617e-01
5.259417295455932617e-01
5.259416103363037109e-01
5.259416699409484863e-01
5.259416699409484863e-01
5.259417295455932617e-01
5.259417295455932617e-01
5.259417295455932617e-01
5.259417295455932617e-01
5.259417295455932617e-01
5.259417295455932617e-01
5.259411931037902832e-01
5.259413123130798340e-01
5.259417295455932617e-01
5.259416699409484863e-01
5.259417295455932617e-01
5.262783169746398926e-01
5.259417295455932617e-01
5.259416699409484863e-01
5.259417295455932617e-01
5.259424448013305664e-01
5.258473157882690430e-01
5.258593559265136719e-01
5.253168344497680664e-01
5.259010791778564453e-01
5.260705351829528809e-01
5.258942842483520508e-01
5.338559150695800781e-01
5.259068608283996582e-01
5.259053111076354980e-01
5.259017348289489746e-01
5.259290337562561035e-01
5.259175300598144531e-01
5.259277224540710449e-01
5.259594321250915527e-01
5.257228016853332520e-01
5.259417295455932617e-01
5.259417295455932617e-01
5.259417295455932617e-01
5.260162353515625000e-01
5.259417295455932617e-01
5.259417295455932617e-01
5.259662270545959473e-01
5.259417295455932617e-01
5.259342789649963379e-01
5.259417295455932617e-01
5.259417295455932617e-01
5.259417295455932617e-01
5.259417295455932617e-01
5.259417295455932617e-01
5.253579616546630859e-01
5.255742669105529785e-01
5.259382724761962891e-01
5.259364247322082520e-01
5.259312391281127930e-01
5.259330868721008301e-01
5.259336233139038086e-01
5.259252190589904785e-01
5.259261727333068848e-01
5.164585113525390625e-01
5.259417295455932617e-01
5.259417295455932617e-01
5.257145762443542480e-01
5.259413719177246094e-01
5.259153246879577637e-01
5.301235914230346680e-01
5.259417295455932617e-01
5.270858407020568848e-01
5.258999466896057129e-01
5.310755968093872070e-01
5.258985161781311035e-01
5.373679995536804199e-01
5.256801247596740723e-01
5.444286465644836426e-01
5.253770351409912109e-01
5.408731698989868164e-01
5.249091982841491699e-01
5.466248393058776855e-01
5.248488187789916992e-01
5.269271731376647949e-01
5.275954604148864746e-01
5.244382619857788086e-01
5.244092941284179688e-01
5.465559959411621094e-01
5.243417024612426758e-01
5.247518420219421387e-01
5.386669635772705078e-01
5.240513682365417480e-01
5.421306490898132324e-01
5.236071944236755371e-01
5.288614630699157715e-01
5.474971532821655273e-01
5.236893296241760254e-01
5.229495763778686523e-01
5.236429572105407715e-01
5.303311944007873535e-01
5.223863720893859863e-01
5.423173904418945312e-01
5.231739282608032227e-01
5.401412844657897949e-01
5.225577354431152344e-01
5.237017869949340820e-01
5.240431427955627441e-01
5.232527852058410645e-01
5.259407162666320801e-01
5.259416103363037109e-01
5.259391665458679199e-01
5.259414911270141602e-01
5.259416699409484863e-01
5.259417295455932617e-01
5.259417295455932617e-01
5.259415507316589355e-01
5.259416699409484863e-01
5.259416699409484863e-01
5.259417295455932617e-01
5.259417295455932617e-01
5.259417295455932617e-01
5.259417295455932617e-01
5.259417295455932617e-01
5.259417295455932617e-01
5.259417295455932617e-01
5.281991958618164062e-01
5.259417295455932617e-01
5.259417295455932617e-01
5.288574099540710449e-01
5.259417295455932617e-01
5.259417295455932617e-01
5.259416699409484863e-01
5.280457735061645508e-01
5.259172916412353516e-01
5.259348750114440918e-01
5.259087681770324707e-01
5.258821249008178711e-01
5.259098410606384277e-01
5.258820056915283203e-01
5.259382128715515137e-01
5.259349346160888672e-01
5.247083902359008789e-01
5.251300334930419922e-01
5.250747799873352051e-01
5.254809260368347168e-01
5.255125761032104492e-01
5.256899595260620117e-01
5.256643891334533691e-01
5.516396164894104004e-01
5.241830348968505859e-01
5.256343483924865723e-01
5.236529707908630371e-01
5.389729738235473633e-01
5.236376523971557617e-01
5.256331562995910645e-01
5.254291892051696777e-01
5.318831205368041992e-01
5.239580273628234863e-01
5.270515084266662598e-01
5.258892178535461426e-01
5.258398056030273438e-01
5.339481234550476074e-01
5.253242850303649902e-01
5.256488323211669922e-01
5.252494812011718750e-01
5.256965756416320801e-01
5.254336595535278320e-01
5.245398879051208496e-01
5.254072546958923340e-01
5.255830883979797363e-01
5.252130031585693359e-01
5.252268910408020020e-01
5.259255170822143555e-01
5.258881449699401855e-01
5.287649631500244141e-01
5.258581042289733887e-01
5.374614596366882324e-01
5.219087004661560059e-01
5.253962874412536621e-01
5.253285765647888184e-01
5.243125557899475098e-01
5.253744721412658691e-01
5.256223082542419434e-01
5.256406068801879883e-01
5.256630182266235352e-01
5.254031419754028320e-01
5.258044600486755371e-01
5.268432497978210449e-01
5.213534235954284668e-01
5.218454599380493164e-01
5.256891250610351562e-01
5.221442580223083496e-01
5.256671905517578125e-01
5.259388089179992676e-01
5.259396433830261230e-01
5.259395837783813477e-01
5.259401798248291016e-01
5.259373784065246582e-01
5.259139537811279297e-01
5.258985161781311035e-01
5.259059071540832520e-01
5.259135961532592773e-01
5.259199738502502441e-01
5.259222388267517090e-01
5.259255170822143555e-01
5.259267687797546387e-01
5.259269475936889648e-01
5.259324312210083008e-01
5.259338617324829102e-01
5.259366035461425781e-01
5.259363055229187012e-01
5.259371995925903320e-01
5.259381532669067383e-01
5.259261131286621094e-01
5.259237885475158691e-01
5.243442058563232422e-01
5.250804424285888672e-01
5.253250002861022949e-01
5.255135893821716309e-01
5.256512165069580078e-01
5.259416103363037109e-01
5.259416699409484863e-01
5.259417295455932617e-01
5.259416699409484863e-01
5.259417295455932617e-01
5.259416699409484863e-01
5.259417295455932617e-01
5.259416699409484863e-01
5.259416699409484863e-01
5.259416103363037109e-01
5.259416699409484863e-01
5.259416699409484863e-01
5.259416699409484863e-01
5.259416699409484863e-01
5.259416699409484863e-01
5.259417295455932617e-01
5.259417295455932617e-01
5.259417295455932617e-01
5.259416699409484863e-01
5.259416103363037109e-01
5.259417295455932617e-01
5.259115695953369141e-01
5.258277654647827148e-01
5.297037959098815918e-01
5.255856513977050781e-01
5.270366668701171875e-01
5.258733034133911133e-01
5.255546569824218750e-01
5.257983803749084473e-01
5.371074676513671875e-01
5.253889560699462891e-01
5.256567597389221191e-01
5.257189273834228516e-01
5.256254076957702637e-01
5.255405902862548828e-01
5.254415273666381836e-01
5.254797935485839844e-01
5.256200432777404785e-01
5.256522893905639648e-01
5.255120992660522461e-01
5.255520939826965332e-01
5.254603624343872070e-01
5.255563259124755859e-01
5.257146954536437988e-01
5.251956582069396973e-01
5.259394049644470215e-01
5.259385108947753906e-01
5.259397029876708984e-01
5.259374380111694336e-01
5.259402394294738770e-01
5.259385704994201660e-01
5.259390473365783691e-01
5.259394049644470215e-01
5.255573391914367676e-01
5.259407162666320801e-01
5.259410142898559570e-01
5.258960127830505371e-01
5.259405970573425293e-01
5.259346961975097656e-01
5.259366035461425781e-01
5.259359478950500488e-01
5.259341597557067871e-01
5.259346961975097656e-01
5.259298682212829590e-01
5.259311199188232422e-01
5.259332656860351562e-01
5.259313583374023438e-01
5.250833034515380859e-01
5.250875353813171387e-01
5.250717401504516602e-01
5.230555534362792969e-01
5.240083932876586914e-01
5.231677293777465820e-01
5.243788361549377441e-01
5.237433910369873047e-01
5.244992971420288086e-01
5.243492126464843750e-01
5.242822766304016113e-01
5.242133736610412598e-01
5.248060822486877441e-01
5.250805020332336426e-01
5.259414315223693848e-01
5.259415507316589355e-01
5.259416103363037109e-01
5.259413719177246094e-01
5.259414315223693848e-01
5.259416103363037109e-01
5.297545194625854492e-01
5.258172154426574707e-01
5.264621973037719727e-01
5.259414911270141602e-01
5.258580446243286133e-01
5.258855223655700684e-01
5.258417129516601562e-01
5.257445573806762695e-01
5.258501172065734863e-01
5.258472561836242676e-01
5.259401202201843262e-01
5.259405970573425293e-01
5.259411334991455078e-01
5.259408354759216309e-01
5.259408950805664062e-01
5.259411334991455078e-01
5.259411931037902832e-01
5.259413123130798340e-01
5.259413719177246094e-01
5.259411334991455078e-01
5.259411334991455078e-01
5.259412527084350586e-01
5.259414315223693848e-01
5.259413123130798340e-01
5.259414315223693848e-01
5.259383916854858398e-01
5.259303450584411621e-01
5.259221196174621582e-01
5.259284377098083496e-01
5.259307026863098145e-01
5.259310603141784668e-01
5.259303450584411621e-01
5.259348750114440918e-01
5.259365439414978027e-01
5.259367227554321289e-01
5.259381532669067383e-01
5.259372591972351074e-01
5.259378552436828613e-01
5.259378552436828613e-01
5.259385108947753906e-01
5.259377360343933105e-01
5.259380340576171875e-01
5.259376764297485352e-01
5.259377956390380859e-01
5.259367227554321289e-01
5.259374380111694336e-01
5.259358882904052734e-01
5.259378552436828613e-01
5.259382724761962891e-01
5.259361863136291504e-01
5.259371995925903320e-01
5.259373188018798828e-01
5.259357690811157227e-01
5.259357690811157227e-01
5.259369611740112305e-01
5.259373784065246582e-01
5.259366035461425781e-01
5.259336829185485840e-01
5.259292125701904297e-01
5.259356498718261719e-01
5.259372591972351074e-01
5.259374976158142090e-01
5.259335041046142578e-01
5.259234309196472168e-01
5.258877873420715332e-01
5.258710384368896484e-01
5.258954763412475586e-01
5.258904099464416504e-01
5.259088277816772461e-01
5.259386301040649414e-01
5.259340405464172363e-01
5.259184837341308594e-01
5.259390473365783691e-01
5.259233117103576660e-01
5.259215831756591797e-01
5.259277820587158203e-01
5.259301662445068359e-01
5.259332656860351562e-01
5.259409546852111816e-01
5.259410738945007324e-01
5.259407758712768555e-01
5.259410738945007324e-01
5.259391665458679199e-01
5.259383320808410645e-01
5.259409546852111816e-01
5.259409546852111816e-01
5.259400606155395508e-01
5.259398221969604492e-01
5.259407162666320801e-01
5.259397625923156738e-01
5.259396433830261230e-01
5.259398221969604492e-01
5.259395837783813477e-01
5.259388089179992676e-01
5.259284973144531250e-01
5.259326696395874023e-01
5.259300470352172852e-01
5.259313583374023438e-01
5.259328484535217285e-01
5.259353518486022949e-01
5.259382724761962891e-01
5.259384512901306152e-01
5.259364247322082520e-01
5.259380936622619629e-01
5.259376168251037598e-01
5.259307026863098145e-01
5.259371399879455566e-01
5.259346961975097656e-01
5.259360074996948242e-01
5.259372591972351074e-01
5.259370803833007812e-01
5.259304642677307129e-01
5.259335041046142578e-01
5.259348154067993164e-01
5.259378552436828613e-01
5.259249806404113770e-01
5.259233117103576660e-01
5.259268879890441895e-01
5.259288549423217773e-01
5.259301066398620605e-01
5.259323120117187500e-01
5.259338617324829102e-01
5.259385108947753906e-01
5.259373784065246582e-01
5.259364247322082520e-01
5.259371995925903320e-01
5.259315371513366699e-01
5.258543491363525391e-01
5.258418917655944824e-01
5.256987214088439941e-01
5.258020758628845215e-01
5.258414745330810547e-01
5.256875753402709961e-01
5.258982777595520020e-01
5.257884860038757324e-01
5.258780121803283691e-01
5.258210897445678711e-01
5.259149074554443359e-01
5.258783102035522461e-01
5.259248018264770508e-01
5.259298682212829590e-01
5.259281992912292480e-01
5.259330272674560547e-01
5.259372591972351074e-01
5.259385108947753906e-01
5.259374380111694336e-01
5.259358882904052734e-01
5.259373784065246582e-01
5.259221792221069336e-01
5.259260535240173340e-01
5.259278416633605957e-01
5.259302258491516113e-01
5.259315371513366699e-01
5.259342193603515625e-01
5.259358286857604980e-01
5.259333848953247070e-01
5.259343385696411133e-01
5.259352326393127441e-01
5.259364247322082520e-01
5.259364247322082520e-01
5.259409546852111816e-01
5.430400371551513672e-01
5.259416103363037109e-01
5.253604650497436523e-01
5.253337025642395020e-01
5.253194570541381836e-01
5.253186225891113281e-01
5.253493189811706543e-01
