4.158137440681457520e-01
4.357797205448150635e-01
4.306144714355468750e-01
4.304507672786712646e-01
4.304982125759124756e-01
4.301832318305969238e-01
4.258774816989898682e-01
0.000000000000000000e+00
0.000000000000000000e+00
0.000000000000000000e+00
0.000000000000000000e+00
0.000000000000000000e+00
0.000000000000000000e+00
0.000000000000000000e+00
0.000000000000000000e+00
0.000000000000000000e+00
0.000000000000000000e+00
0.000000000000000000e+00
0.000000000000000000e+00
3.619472682476043701e-01
0.000000000000000000e+00
3.382524847984313965e-01
0.000000000000000000e+00
0.000000000000000000e+00
0.000000000000000000e+00
0.000000000000000000e+00
0.000000000000000000e+00
0.000000000000000000e+00
0.000000000000000000e+00
0.000000000000000000e+00
0.000000000000000000e+00
0.000000000000000000e+00
0.000000000000000000e+00
0.000000000000000000e+00
3.300577998161315918e-01
0.000000000000000000e+00
3.633959889411926270e-01
0.000000000000000000e+00
0.000000000000000000e+00
3.175925612449645996e-01
6.890887022018432617e-02
4.357797205448150635e-01
4.357797205448150635e-01
4.357797205448150635e-01
4.321119189262390137e-01
4.311038255691528320e-01
4.357797205448150635e-01
4.295599758625030518e-01
4.317530095577239990e-01
4.279294312000274658e-01
4.357797205448150635e-01
4.347814023494720459e-01
4.289182722568511963e-01
4.144812822341918945e-01
4.130304753780364990e-01
4.151487350463867188e-01
4.351541697978973389e-01
4.351154565811157227e-01
4.352082014083862305e-01
4.352147877216339111e-01
4.352228939533233643e-01
4.352395534515380859e-01
4.352554678916931152e-01
4.352572858333587646e-01
4.352569580078125000e-01
4.352487921714782715e-01
4.352368116378784180e-01
4.352199733257293701e-01
4.351953268051147461e-01
4.352191090583801270e-01
4.356076419353485107e-01
4.357797205448150635e-01
4.357797205448150635e-01
4.357797205448150635e-01
4.357797205448150635e-01
4.344384074211120605e-01
4.350622296333312988e-01
4.357797205448150635e-01
4.354573488235473633e-01
4.357797205448150635e-01
4.357035160064697266e-01
4.357797205448150635e-01
4.346199035644531250e-01
4.291965067386627197e-01
4.357797205448150635e-01
4.357226490974426270e-01
3.893311619758605957e-01
3.917639553546905518e-01
4.357797205448150635e-01
4.357797205448150635e-01
4.357797205448150635e-01
4.357797205448150635e-01
4.357797205448150635e-01
4.357797205448150635e-01
4.357797205448150635e-01
4.357797205448150635e-01
4.357797205448150635e-01
4.357797205448150635e-01
4.357797205448150635e-01
4.357797205448150635e-01
0.000000000000000000e+00
4.357797205448150635e-01
4.357797205448150635e-01
4.357797205448150635e-01
4.357797205448150635e-01
0.000000000000000000e+00
0.000000000000000000e+00
0.000000000000000000e+00
3.724582791328430176e-01
3.645184636116027832e-01
4.196868240833282471e-01
0.000000000000000000e+00
0.000000000000000000e+00
0.000000000000000000e+00
0.000000000000000000e+00
0.000000000000000000e+00
0.000000000000000000e+00
0.000000000000000000e+00
4.357797205448150635e-01
4.357797205448150635e-01
4.357797205448150635e-01
0.000000000000000000e+00
3.671174645423889160e-01
4.357797205448150635e-01
4.304116070270538330e-01
0.000000000000000000e+00
4.357797205448150635e-01
4.357797205448150635e-01
4.297620356082916260e-01
0.000000000000000000e+00
0.000000000000000000e+00
4.050737917423248291e-01
0.000000000000000000e+00
4.337740540504455566e-01
3.607847690582275391e-01
4.357797205448150635e-01
4.159342050552368164e-01
0.000000000000000000e+00
4.210337996482849121e-01
0.000000000000000000e+00
4.357797205448150635e-01
0.000000000000000000e+00
0.000000000000000000e+00
0.000000000000000000e+00
0.000000000000000000e+00
3.724376857280731201e-01
3.502033352851867676e-01
4.188957810401916504e-01
4.062637686729431152e-01
4.097329974174499512e-01
4.357797205448150635e-01
4.357797205448150635e-01
4.241116344928741455e-01
4.357797205448150635e-01
4.121481180191040039e-01
4.354473054409027100e-01
4.357797205448150635e-01
4.198803901672363281e-01
4.199537336826324463e-01
4.357797205448150635e-01
4.357797205448150635e-01
4.357797205448150635e-01
4.357797205448150635e-01
4.357797205448150635e-01
4.302413165569305420e-01
4.357797205448150635e-01
4.165741503238677979e-01
4.357797205448150635e-01
4.271826148033142090e-01
4.357797205448150635e-01
4.302095472812652588e-01
4.357797205448150635e-01
4.244671761989593506e-01
4.237201809883117676e-01
4.231354296207427979e-01
4.280322492122650146e-01
4.357797205448150635e-01
4.357797205448150635e-01
4.357797205448150635e-01
4.187032878398895264e-01
4.357797205448150635e-01
4.357797205448150635e-01
4.343834221363067627e-01
4.344458878040313721e-01
4.357797205448150635e-01
4.357797205448150635e-01
4.357797205448150635e-01
4.357797205448150635e-01
4.357797205448150635e-01
4.357797205448150635e-01
4.361051917076110840e-01
0.000000000000000000e+00
4.357796013355255127e-01
0.000000000000000000e+00
4.357797205448150635e-01
0.000000000000000000e+00
2.879443764686584473e-01
4.348140358924865723e-01
0.000000000000000000e+00
4.357797205448150635e-01
0.000000000000000000e+00
4.357797205448150635e-01
4.325994551181793213e-01
6.503957509994506836e-02
3.642421364784240723e-01
0.000000000000000000e+00
3.704729974269866943e-01
3.782198429107666016e-01
0.000000000000000000e+00
0.000000000000000000e+00
0.000000000000000000e+00
0.000000000000000000e+00
0.000000000000000000e+00
0.000000000000000000e+00
0.000000000000000000e+00
0.000000000000000000e+00
0.000000000000000000e+00
0.000000000000000000e+00
0.000000000000000000e+00
0.000000000000000000e+00
0.000000000000000000e+00
0.000000000000000000e+00
0.000000000000000000e+00
0.000000000000000000e+00
0.000000000000000000e+00
0.000000000000000000e+00
0.000000000000000000e+00
0.000000000000000000e+00
0.000000000000000000e+00
0.000000000000000000e+00
0.000000000000000000e+00
0.000000000000000000e+00
0.000000000000000000e+00
0.000000000000000000e+00
4.357797205448150635e-01
4.357797205448150635e-01
4.309084117412567139e-01
4.357797205448150635e-01
4.357797205448150635e-01
4.357797205448150635e-01
4.357797205448150635e-01
4.357797205448150635e-01
4.357797205448150635e-01
4.357797205448150635e-01
4.357797205448150635e-01
4.357797205448150635e-01
4.357797205448150635e-01
4.357797205448150635e-01
4.357797205448150635e-01
4.357797205448150635e-01
4.223642349243164062e-01
4.119327962398529053e-01
4.187929928302764893e-01
4.176636934280395508e-01
4.357797205448150635e-01
0.000000000000000000e+00
0.000000000000000000e+00
0.000000000000000000e+00
0.000000000000000000e+00
4.357797205448150635e-01
4.357797205448150635e-01
4.357797205448150635e-01
4.357797205448150635e-01
4.357797205448150635e-01
4.357797205448150635e-01
4.357797205448150635e-01
4.357797205448150635e-01
4.357797205448150635e-01
4.357797205448150635e-01
4.357797205448150635e-01
4.357797205448150635e-01
4.357797205448150635e-01
0.000000000000000000e+00
0.000000000000000000e+00
0.000000000000000000e+00
0.000000000000000000e+00
0.000000000000000000e+00
0.000000000000000000e+00
0.000000000000000000e+00
0.000000000000000000e+00
0.000000000000000000e+00
0.000000000000000000e+00
0.000000000000000000e+00
0.000000000000000000e+00
0.000000000000000000e+00
0.000000000000000000e+00
4.216301143169403076e-01
4.320977330207824707e-01
3.904840350151062012e-01
4.083124995231628418e-01
4.001319408416748047e-01
4.078739881515502930e-01
3.939441144466400146e-01
3.794188201427459717e-01
4.357797205448150635e-01
4.357797205448150635e-01
4.357797205448150635e-01
4.357797205448150635e-01
4.357797205448150635e-01
4.357797205448150635e-01
4.357797205448150635e-01
4.357797205448150635e-01
4.357797205448150635e-01
4.357797205448150635e-01
4.357797205448150635e-01
4.357797205448150635e-01
4.357797205448150635e-01
4.357797205448150635e-01
4.357797205448150635e-01
4.357797205448150635e-01
4.357797205448150635e-01
4.357797205448150635e-01
4.357797205448150635e-01
4.357797205448150635e-01
4.357797205448150635e-01
4.357797205448150635e-01
4.357797205448150635e-01
4.357797205448150635e-01
4.357797205448150635e-01
4.357797205448150635e-01
4.357797205448150635e-01
4.357797205448150635e-01
4.357797205448150635e-01
4.357797205448150635e-01
4.357797205448150635e-01
4.357797205448150635e-01
0.000000000000000000e+00
4.357797205448150635e-01
4.357797205448150635e-01
4.357797205448150635e-01
3.808071613311767578e-01
4.357797205448150635e-01
0.000000000000000000e+00
3.373370170593261719e-01
0.000000000000000000e+00
0.000000000000000000e+00
3.809378445148468018e-01
0.000000000000000000e+00
0.000000000000000000e+00
0.000000000000000000e+00
3.560588061809539795e-01
3.768257796764373779e-01
3.589762747287750244e-01
4.264487624168395996e-01
3.631622195243835449e-01
4.263398349285125732e-01
4.250967204570770264e-01
0.000000000000000000e+00
0.000000000000000000e+00
3.634690642356872559e-01
3.620803356170654297e-01
3.605647683143615723e-01
0.000000000000000000e+00
0.000000000000000000e+00
0.000000000000000000e+00
3.632327616214752197e-01
3.644848465919494629e-01
3.581285476684570312e-01
3.276557326316833496e-01
0.000000000000000000e+00
0.000000000000000000e+00
0.000000000000000000e+00
0.000000000000000000e+00
0.000000000000000000e+00
0.000000000000000000e+00
3.113465309143066406e-01
0.000000000000000000e+00
0.000000000000000000e+00
0.000000000000000000e+00
0.000000000000000000e+00
0.000000000000000000e+00
0.000000000000000000e+00
0.000000000000000000e+00
0.000000000000000000e+00
0.000000000000000000e+00
0.000000000000000000e+00
4.357797205448150635e-01
0.000000000000000000e+00
0.000000000000000000e+00
4.357797205448150635e-01
4.321565032005310059e-01
4.357797205448150635e-01
4.357797205448150635e-01
4.234111905097961426e-01
4.220064282417297363e-01
4.357797205448150635e-01
4.357797205448150635e-01
4.244985580444335938e-01
4.357797205448150635e-01
4.341852664947509766e-01
4.357797205448150635e-01
4.223834574222564697e-01
4.325972795486450195e-01
4.357797205448150635e-01
4.168117344379425049e-01
4.271413981914520264e-01
4.357797205448150635e-01
4.357797205448150635e-01
4.357797205448150635e-01
4.357797205448150635e-01
4.357797205448150635e-01
4.357797205448150635e-01
4.357797205448150635e-01
4.357797205448150635e-01
4.357797205448150635e-01
4.357797205448150635e-01
4.357797205448150635e-01
4.357797205448150635e-01
4.357797205448150635e-01
4.357797205448150635e-01
4.357797205448150635e-01
4.357797205448150635e-01
4.357797205448150635e-01
4.357797205448150635e-01
4.357797205448150635e-01
4.357797205448150635e-01
4.357797205448150635e-01
4.357797205448150635e-01
4.357797205448150635e-01
4.357797205448150635e-01
4.357797205448150635e-01
4.357797205448150635e-01
4.357797205448150635e-01
4.357797205448150635e-01
4.357797205448150635e-01
4.357797205448150635e-01
4.357797205448150635e-01
4.357797205448150635e-01
4.357797205448150635e-01
4.357797205448150635e-01
4.357797205448150635e-01
4.357797205448150635e-01
4.357797205448150635e-01
4.357797205448150635e-01
4.357797205448150635e-01
4.357797205448150635e-01
4.357797205448150635e-01
4.357797205448150635e-01
4.357797205448150635e-01
4.357797205448150635e-01
4.357797205448150635e-01
4.357797205448150635e-01
4.357797205448150635e-01
3.739421367645263672e-01
4.357797205448150635e-01
4.357797205448150635e-01
4.357797205448150635e-01
0.000000000000000000e+00
4.357797205448150635e-01
4.357797205448150635e-01
4.357797205448150635e-01
4.357797205448150635e-01
4.357796907424926758e-01
4.357797205448150635e-01
4.357797205448150635e-01
4.357797205448150635e-01
4.357797205448150635e-01
4.357797205448150635e-01
4.357797205448150635e-01
4.357797205448150635e-01
4.357797205448150635e-01
4.357797205448150635e-01
4.357797205448150635e-01
4.357797205448150635e-01
4.357797205448150635e-01
4.357797205448150635e-01
4.357797205448150635e-01
4.357797205448150635e-01
4.357797205448150635e-01
4.357797205448150635e-01
3.761604726314544678e-01
3.753764033317565918e-01
3.789986371994018555e-01
4.357797205448150635e-01
4.357797205448150635e-01
4.357797205448150635e-01
3.700165748596191406e-01
4.357797205448150635e-01
3.981001377105712891e-01
3.676494061946868896e-01
3.069118261337280273e-01
4.357797205448150635e-01
4.357797205448150635e-01
3.782462477684020996e-01
3.882833421230316162e-01
4.304216504096984863e-01
3.652114272117614746e-01
3.698143959045410156e-01
3.848516047000885010e-01
3.695578575134277344e-01
0.000000000000000000e+00
3.837663531303405762e-01
3.228120803833007812e-01
4.174333214759826660e-01
4.046212434768676758e-01
3.786072432994842529e-01
2.431208789348602295e-01
0.000000000000000000e+00
0.000000000000000000e+00
0.000000000000000000e+00
0.000000000000000000e+00
1.887108385562896729e-01
3.477382361888885498e-01
4.311756491661071777e-01
4.253055453300476074e-01
4.195128679275512695e-01
4.220789074897766113e-01
4.254722595214843750e-01
4.154120087623596191e-01
4.053469002246856689e-01
4.199795126914978027e-01
4.197556674480438232e-01
4.284000396728515625e-01
4.286026060581207275e-01
4.298934638500213623e-01
4.304322898387908936e-01
4.344707131385803223e-01
4.357797205448150635e-01
4.357797205448150635e-01
4.344530105590820312e-01
4.357797205448150635e-01
4.357797205448150635e-01
4.339826107025146484e-01
4.333618879318237305e-01
4.356682896614074707e-01
3.773925304412841797e-01
4.357797205448150635e-01
4.357797205448150635e-01
4.357797205448150635e-01
4.357797205448150635e-01
4.357797205448150635e-01
4.357797205448150635e-01
4.357797205448150635e-01
4.357797205448150635e-01
4.357797205448150635e-01
4.357797205448150635e-01
4.357797205448150635e-01
4.357797205448150635e-01
4.357797205448150635e-01
4.357797205448150635e-01
4.357797205448150635e-01
4.357797205448150635e-01
4.357797205448150635e-01
4.357797205448150635e-01
4.357797205448150635e-01
0.000000000000000000e+00
4.357797205448150635e-01
0.000000000000000000e+00
0.000000000000000000e+00
4.357797205448150635e-01
0.000000000000000000e+00
0.000000000000000000e+00
3.298524320125579834e-01
4.357797205448150635e-01
4.357797205448150635e-01
4.357797205448150635e-01
4.357797205448150635e-01
4.357797205448150635e-01
4.357797205448150635e-01
4.357797205448150635e-01
4.357797205448150635e-01
4.357797205448150635e-01
4.357797205448150635e-01
4.357797205448150635e-01
4.357797205448150635e-01
4.357797205448150635e-01
4.357797205448150635e-01
4.252793192863464355e-01
3.945288062095642090e-01
4.201115369796752930e-01
0.000000000000000000e+00
0.000000000000000000e+00
3.896734714508056641e-01
4.357797205448150635e-01
4.357797205448150635e-01
4.357797205448150635e-01
3.941957354545593262e-01
0.000000000000000000e+00
4.357797205448150635e-01
4.357797205448150635e-01
4.357797205448150635e-01
4.357797205448150635e-01
4.346893727779388428e-01
4.357797205448150635e-01
4.357797205448150635e-01
4.357797205448150635e-01
4.357797205448150635e-01
4.357797205448150635e-01
4.357797205448150635e-01
4.357797205448150635e-01
4.331432282924652100e-01
4.357797205448150635e-01
4.357797205448150635e-01
4.357797205448150635e-01
4.357797205448150635e-01
4.357797205448150635e-01
4.357797205448150635e-01
4.357797205448150635e-01
4.357797205448150635e-01
4.357797205448150635e-01
4.357797205448150635e-01
4.357797205448150635e-01
4.063142538070678711e-01
4.357797205448150635e-01
0.000000000000000000e+00
3.988849222660064697e-01
4.357797205448150635e-01
4.357797205448150635e-01
4.216276109218597412e-01
3.994736671447753906e-01
4.215767979621887207e-01
4.357797205448150635e-01
4.004491269588470459e-01
4.067782759666442871e-01
4.290702641010284424e-01
4.357797205448150635e-01
4.357797205448150635e-01
3.878300786018371582e-01
4.292675256729125977e-01
4.357797205448150635e-01
3.899257183074951172e-01
4.357797205448150635e-01
4.357797205448150635e-01
4.357797205448150635e-01
4.357797205448150635e-01
4.357797205448150635e-01
4.357797205448150635e-01
4.357797205448150635e-01
4.357797205448150635e-01
4.357797205448150635e-01
4.357797205448150635e-01
4.357797205448150635e-01
4.357797205448150635e-01
4.357797205448150635e-01
0.000000000000000000e+00
0.000000000000000000e+00
0.000000000000000000e+00
0.000000000000000000e+00
0.000000000000000000e+00
0.000000000000000000e+00
0.000000000000000000e+00
0.000000000000000000e+00
0.000000000000000000e+00
0.000000000000000000e+00
0.000000000000000000e+00
0.000000000000000000e+00
0.000000000000000000e+00
4.266714751720428467e-01
4.357797205448150635e-01
4.228774607181549072e-01
4.357797205448150635e-01
4.357797205448150635e-01
4.357797205448150635e-01
4.357797205448150635e-01
4.357797205448150635e-01
4.357797205448150635e-01
4.357797205448150635e-01
4.357797205448150635e-01
4.357797205448150635e-01
4.357797205448150635e-01
4.357797205448150635e-01
4.357797205448150635e-01
4.357797205448150635e-01
4.357797205448150635e-01
4.357797205448150635e-01
4.357797205448150635e-01
4.357797205448150635e-01
4.357797205448150635e-01
4.357797205448150635e-01
4.357797205448150635e-01
4.357797205448150635e-01
4.357797205448150635e-01
4.357797205448150635e-01
4.357797205448150635e-01
4.357797205448150635e-01
4.357797205448150635e-01
4.357797205448150635e-01
4.357797205448150635e-01
4.357797205448150635e-01
4.357797205448150635e-01
4.357797205448150635e-01
4.357797205448150635e-01
4.357797205448150635e-01
4.357797205448150635e-01
4.357797205448150635e-01
4.357797205448150635e-01
4.357797205448150635e-01
4.357797205448150635e-01
4.357797205448150635e-01
4.357797205448150635e-01
4.357797205448150635e-01
4.357797205448150635e-01
4.357797205448150635e-01
4.357797205448150635e-01
4.357797205448150635e-01
4.357797205448150635e-01
4.357797205448150635e-01
4.357797205448150635e-01
4.357797205448150635e-01
4.357797205448150635e-01
4.357797205448150635e-01
4.357797205448150635e-01
4.357797205448150635e-01
4.357797205448150635e-01
4.357797205448150635e-01
4.357797205448150635e-01
4.357797205448150635e-01
4.357797205448150635e-01
4.357797205448150635e-01
4.357797205448150635e-01
4.357797205448150635e-01
4.357797205448150635e-01
4.357797205448150635e-01
4.357797205448150635e-01
4.357797205448150635e-01
4.357797205448150635e-01
4.357797205448150635e-01
4.357797205448150635e-01
4.357797205448150635e-01
4.357797205448150635e-01
4.357797205448150635e-01
4.357797205448150635e-01
4.357797205448150635e-01
4.357797205448150635e-01
4.357797205448150635e-01
4.357797205448150635e-01
4.357797205448150635e-01
4.357797205448150635e-01
4.357797205448150635e-01
4.357797205448150635e-01
4.357797205448150635e-01
4.357797205448150635e-01
4.357797205448150635e-01
4.357797205448150635e-01
4.357797205448150635e-01
4.357797205448150635e-01
4.357797205448150635e-01
4.357797205448150635e-01
4.357797205448150635e-01
4.357797205448150635e-01
4.357797205448150635e-01
4.357797205448150635e-01
4.357797205448150635e-01
4.357797205448150635e-01
4.357797205448150635e-01
4.357797205448150635e-01
4.357797205448150635e-01
4.357797205448150635e-01
4.357797205448150635e-01
4.357797205448150635e-01
4.357797205448150635e-01
4.357797205448150635e-01
4.357797205448150635e-01
4.357797205448150635e-01
4.357797205448150635e-01
4.357797205448150635e-01
4.357797205448150635e-01
4.357797205448150635e-01
4.357797205448150635e-01
4.357797205448150635e-01
4.357797205448150635e-01
4.357797205448150635e-01
4.357797205448150635e-01
4.357797205448150635e-01
4.357797205448150635e-01
4.357797205448150635e-01
4.357797205448150635e-01
4.357797205448150635e-01
4.357797205448150635e-01
4.357797205448150635e-01
4.357797205448150635e-01
4.357797205448150635e-01
4.357797205448150635e-01
4.357797205448150635e-01
4.357797205448150635e-01
4.357797205448150635e-01
4.357797205448150635e-01
4.357797205448150635e-01
4.357797205448150635e-01
4.357797205448150635e-01
4.357797205448150635e-01
4.357797205448150635e-01
4.357797205448150635e-01
4.357797205448150635e-01
4.357797205448150635e-01
4.357797205448150635e-01
4.357797205448150635e-01
4.357797205448150635e-01
4.357797205448150635e-01
4.357797205448150635e-01
4.357797205448150635e-01
4.357797205448150635e-01
4.357797205448150635e-01
4.357797205448150635e-01
4.357797205448150635e-01
4.357797205448150635e-01
4.357797205448150635e-01
4.357797205448150635e-01
4.357797205448150635e-01
4.357797205448150635e-01
4.357797205448150635e-01
4.357797205448150635e-01
4.357797205448150635e-01
4.357797205448150635e-01
4.357797205448150635e-01
4.357797205448150635e-01
4.357797205448150635e-01
4.357797205448150635e-01
4.357797205448150635e-01
4.357797205448150635e-01
4.357797205448150635e-01
0.000000000000000000e+00
4.357797205448150635e-01
4.357797205448150635e-01
4.357797205448150635e-01
4.357797205448150635e-01
4.357797205448150635e-01
4.357797205448150635e-01
4.357797205448150635e-01
4.357797205448150635e-01
4.357797205448150635e-01
4.357797205448150635e-01
4.357797205448150635e-01
4.357797205448150635e-01
4.250532090663909912e-01
4.357797205448150635e-01
4.357797205448150635e-01
4.326471686363220215e-01
4.338040351867675781e-01
4.357797205448150635e-01
4.357797205448150635e-01
4.357797205448150635e-01
4.357796907424926758e-01
4.357792139053344727e-01
4.357797205448150635e-01
4.357797205448150635e-01
4.357793927192687988e-01
4.298081696033477783e-01
4.337564706802368164e-01
2.246991693973541260e-01
0.000000000000000000e+00
4.352073073387145996e-01
4.361992776393890381e-01
4.357797205448150635e-01
4.357797205448150635e-01
4.357797205448150635e-01
4.357797205448150635e-01
4.357797205448150635e-01
4.357797205448150635e-01
4.357797205448150635e-01
4.357797205448150635e-01
4.357797205448150635e-01
4.357797205448150635e-01
4.357797205448150635e-01
4.357797205448150635e-01
4.357797205448150635e-01
4.357797205448150635e-01
4.357797205448150635e-01
4.357797205448150635e-01
4.357797205448150635e-01
4.357797205448150635e-01
4.357797205448150635e-01
4.357797205448150635e-01
4.357797205448150635e-01
4.357797205448150635e-01
4.357797205448150635e-01
4.357797205448150635e-01
4.357797205448150635e-01
4.357797205448150635e-01
4.357797205448150635e-01
4.357797205448150635e-01
4.357797205448150635e-01
4.357797205448150635e-01
4.357797205448150635e-01
4.357797205448150635e-01
4.357797205448150635e-01
4.357797205448150635e-01
4.357797205448150635e-01
4.357797205448150635e-01
4.357797205448150635e-01
4.357797205448150635e-01
4.357797205448150635e-01
4.357797205448150635e-01
4.357797205448150635e-01
4.357797205448150635e-01
4.357797205448150635e-01
4.357797205448150635e-01
4.357797205448150635e-01
4.357797205448150635e-01
4.357797205448150635e-01
4.357797205448150635e-01
4.357797205448150635e-01
4.357797205448150635e-01
4.288154244422912598e-01
4.357797205448150635e-01
4.357797205448150635e-01
4.357797205448150635e-01
4.357797205448150635e-01
4.357797205448150635e-01
4.357797205448150635e-01
4.357797205448150635e-01
4.357797205448150635e-01
4.357797205448150635e-01
4.357797205448150635e-01
4.357797205448150635e-01
4.357797205448150635e-01
4.357797205448150635e-01
4.357797205448150635e-01
4.357797205448150635e-01
4.357797205448150635e-01
4.357797205448150635e-01
4.357797205448150635e-01
4.357797205448150635e-01
4.357797205448150635e-01
4.357797205448150635e-01
4.357797205448150635e-01
4.357797205448150635e-01
4.357797205448150635e-01
4.357797205448150635e-01
4.357797205448150635e-01
4.357797205448150635e-01
4.302544593811035156e-01
4.357797205448150635e-01
4.357797205448150635e-01
4.294230937957763672e-01
4.357797205448150635e-01
4.357797205448150635e-01
4.357797205448150635e-01
4.357797205448150635e-01
4.357797205448150635e-01
4.357797205448150635e-01
4.357797205448150635e-01
4.357797205448150635e-01
4.357797205448150635e-01
4.357797205448150635e-01
4.357797205448150635e-01
4.357797205448150635e-01
4.357797205448150635e-01
4.357797205448150635e-01
4.357797205448150635e-01
4.357797205448150635e-01
4.357797205448150635e-01
4.357797205448150635e-01
4.357797205448150635e-01
4.357797205448150635e-01
4.357797205448150635e-01
4.357797205448150635e-01
4.357797205448150635e-01
4.357797205448150635e-01
4.357797205448150635e-01
4.357797205448150635e-01
4.357797205448150635e-01
4.357797205448150635e-01
4.357797205448150635e-01
4.357797205448150635e-01
4.357797205448150635e-01
4.357797205448150635e-01
4.357797205448150635e-01
4.357797205448150635e-01
4.357797205448150635e-01
4.357797205448150635e-01
4.357797205448150635e-01
4.357797205448150635e-01
4.357797205448150635e-01
4.357797205448150635e-01
4.357797205448150635e-01
4.357797205448150635e-01
4.357797205448150635e-01
4.357797205448150635e-01
4.357797205448150635e-01
4.357797205448150635e-01
4.357797205448150635e-01
4.357797205448150635e-01
4.357797205448150635e-01
4.357797205448150635e-01
4.357797205448150635e-01
4.357797205448150635e-01
4.357797205448150635e-01
4.357797205448150635e-01
4.357797205448150635e-01
4.357797205448150635e-01
4.357797205448150635e-01
4.357797205448150635e-01
4.357797205448150635e-01
4.357797205448150635e-01
4.357797205448150635e-01
4.357797205448150635e-01
4.357797205448150635e-01
4.357797205448150635e-01
4.357797205448150635e-01
4.357797205448150635e-01
4.357797205448150635e-01
4.357797205448150635e-01
4.357797205448150635e-01
4.357797205448150635e-01
4.357797205448150635e-01
4.357797205448150635e-01
4.357797205448150635e-01
4.357797205448150635e-01
4.353948831558227539e-01
4.337683618068695068e-01
4.357797205448150635e-01
4.357797205448150635e-01
4.357797205448150635e-01
4.357797205448150635e-01
4.357797205448150635e-01
4.357797205448150635e-01
4.357797205448150635e-01
4.357797205448150635e-01
4.357797205448150635e-01
4.357797205448150635e-01
4.357797205448150635e-01
4.357797205448150635e-01
4.357797205448150635e-01
4.357797205448150635e-01
4.357797205448150635e-01
4.359295368194580078e-01
4.357797205448150635e-01
4.357797205448150635e-01
4.357797205448150635e-01
4.357797205448150635e-01
4.357797205448150635e-01
4.357797205448150635e-01
4.357797205448150635e-01
4.357797205448150635e-01
4.357797205448150635e-01
4.357797205448150635e-01
4.357797205448150635e-01
4.357797205448150635e-01
4.357797205448150635e-01
4.357797205448150635e-01
4.357797205448150635e-01
4.357797205448150635e-01
4.357797205448150635e-01
4.357797205448150635e-01
4.357797205448150635e-01
4.357797205448150635e-01
4.357797205448150635e-01
4.357797205448150635e-01
4.357797205448150635e-01
4.357797205448150635e-01
4.357797205448150635e-01
4.357797205448150635e-01
4.357797205448150635e-01
4.357797205448150635e-01
4.357797205448150635e-01
4.357797205448150635e-01
4.357797205448150635e-01
3.669348359107971191e-01
4.357797205448150635e-01
4.357322752475738525e-01
4.357797205448150635e-01
4.357797205448150635e-01
4.357797205448150635e-01
4.357797205448150635e-01
4.357797205448150635e-01
4.357797205448150635e-01
4.357797205448150635e-01
4.357797205448150635e-01
4.357797205448150635e-01
4.357797205448150635e-01
4.357797205448150635e-01
4.357797205448150635e-01
4.357797205448150635e-01
4.357797205448150635e-01
4.357797205448150635e-01
4.357797205448150635e-01
4.357797205448150635e-01
4.357797205448150635e-01
3.670503795146942139e-01
0.000000000000000000e+00
3.889458775520324707e-01
3.653890788555145264e-01
4.199762940406799316e-01
3.882623016834259033e-01
0.000000000000000000e+00
4.357797205448150635e-01
0.000000000000000000e+00
4.219643771648406982e-01
2.644734978675842285e-01
3.940280377864837646e-01
4.256987571716308594e-01
4.347329139709472656e-01
4.244645237922668457e-01
0.000000000000000000e+00
4.357797205448150635e-01
0.000000000000000000e+00
4.357797205448150635e-01
