4.589782357215881348e-01
4.589782357215881348e-01
4.589782357215881348e-01
4.589782357215881348e-01
4.589782357215881348e-01
4.589782357215881348e-01
4.589782357215881348e-01
4.589782357215881348e-01
4.589726030826568604e-01
4.588956832885742188e-01
4.588874280452728271e-01
4.586285650730133057e-01
4.589782357215881348e-01
4.589782357215881348e-01
4.587560594081878662e-01
4.589250981807708740e-01
4.589782357215881348e-01
4.586447179317474365e-01
4.588695168495178223e-01
4.585886299610137939e-01
4.574446976184844971e-01
4.584718048572540283e-01
4.589782357215881348e-01
4.589782357215881348e-01
4.589782357215881348e-01
4.589782357215881348e-01
4.589782357215881348e-01
4.589782357215881348e-01
4.589782357215881348e-01
4.589782357215881348e-01
4.587882459163665771e-01
4.578759074211120605e-01
4.575727581977844238e-01
4.589782357215881348e-01
4.565035700798034668e-01
4.589782357215881348e-01
4.589782357215881348e-01
4.589782357215881348e-01
4.589782357215881348e-01
4.589782357215881348e-01
4.589782357215881348e-01
4.589782357215881348e-01
4.589782357215881348e-01
4.589782357215881348e-01
4.589782357215881348e-01
4.589782357215881348e-01
4.589782357215881348e-01
4.589782357215881348e-01
4.589782357215881348e-01
4.589782357215881348e-01
4.589782357215881348e-01
4.589782357215881348e-01
4.589782357215881348e-01
4.589782357215881348e-01
4.589782357215881348e-01
4.589093327522277832e-01
4.589782357215881348e-01
4.587742686271667480e-01
4.589782357215881348e-01
0.000000000000000000e+00
0.000000000000000000e+00
0.000000000000000000e+00
0.000000000000000000e+00
0.000000000000000000e+00
2.392925620079040527e-01
4.589782357215881348e-01
4.589782357215881348e-01
4.589782357215881348e-01
4.589782357215881348e-01
4.589782357215881348e-01
4.589782357215881348e-01
4.589782357215881348e-01
4.589782357215881348e-01
4.589782357215881348e-01
4.589782357215881348e-01
4.589782357215881348e-01
4.589359760284423828e-01
4.589782357215881348e-01
4.589775800704956055e-01
4.589782357215881348e-01
4.589782357215881348e-01
4.589782357215881348e-01
4.589782357215881348e-01
4.589782357215881348e-01
4.589782357215881348e-01
4.589782357215881348e-01
4.589746892452239990e-01
4.589572846889495850e-01
4.589512944221496582e-01
4.589185118675231934e-01
4.589332938194274902e-01
4.589078128337860107e-01
4.589589536190032959e-01
4.588977396488189697e-01
4.587746560573577881e-01
4.589782357215881348e-01
4.584762752056121826e-01
4.589782357215881348e-01
4.589782357215881348e-01
4.589782357215881348e-01
4.589782357215881348e-01
4.589782357215881348e-01
4.589782357215881348e-01
4.589782357215881348e-01
4.589782357215881348e-01
4.589782357215881348e-01
4.589782357215881348e-01
4.589782357215881348e-01
4.589782357215881348e-01
4.589782357215881348e-01
4.589782357215881348e-01
4.589782357215881348e-01
4.589782357215881348e-01
4.589782357215881348e-01
4.589782357215881348e-01
4.589782357215881348e-01
4.589782357215881348e-01
4.589782357215881348e-01
4.589782357215881348e-01
4.589782357215881348e-01
4.589782357215881348e-01
4.582853317260742188e-01
4.583260715007781982e-01
4.589782357215881348e-01
4.589782357215881348e-01
4.584732651710510254e-01
4.589782357215881348e-01
4.577639102935791016e-01
4.589782357215881348e-01
4.589782357215881348e-01
4.589782357215881348e-01
4.587894976139068604e-01
4.589782357215881348e-01
4.589782357215881348e-01
4.589782357215881348e-01
4.589782357215881348e-01
4.589782357215881348e-01
4.573897123336791992e-01
4.578252434730529785e-01
4.589782357215881348e-01
4.589782357215881348e-01
4.588809311389923096e-01
4.589782357215881348e-01
4.589782357215881348e-01
4.589782357215881348e-01
4.589782357215881348e-01
4.589782357215881348e-01
4.589782357215881348e-01
4.589782357215881348e-01
4.589782357215881348e-01
4.589782357215881348e-01
4.589782357215881348e-01
4.589782357215881348e-01
4.589782357215881348e-01
4.589782357215881348e-01
4.589782357215881348e-01
4.589782357215881348e-01
4.589782357215881348e-01
4.589782357215881348e-01
4.589782357215881348e-01
4.589782357215881348e-01
4.589782357215881348e-01
4.589782357215881348e-01
4.589782357215881348e-01
4.589782357215881348e-01
4.589782357215881348e-01
4.589782357215881348e-01
4.589782357215881348e-01
4.589782357215881348e-01
4.589782357215881348e-01
4.589782357215881348e-01
4.589782357215881348e-01
4.589782357215881348e-01
4.589782357215881348e-01
4.589782357215881348e-01
4.589782357215881348e-01
4.589782357215881348e-01
4.589782357215881348e-01
4.589782357215881348e-01
4.589782357215881348e-01
4.589782357215881348e-01
4.589782357215881348e-01
4.589782357215881348e-01
4.589782357215881348e-01
4.589782357215881348e-01
4.589782357215881348e-01
4.589782357215881348e-01
4.589782357215881348e-01
4.589782357215881348e-01
4.589782357215881348e-01
4.589782357215881348e-01
4.589782357215881348e-01
4.589782357215881348e-01
4.589782357215881348e-01
4.589782357215881348e-01
4.589782357215881348e-01
4.589782357215881348e-01
4.589782357215881348e-01
4.589782357215881348e-01
4.589782357215881348e-01
4.589782357215881348e-01
4.589782357215881348e-01
4.589782357215881348e-01
4.589782357215881348e-01
4.589782357215881348e-01
4.589782357215881348e-01
4.589782357215881348e-01
4.589782357215881348e-01
4.589782357215881348e-01
4.589782357215881348e-01
4.589782357215881348e-01
4.589782357215881348e-01
4.589782357215881348e-01
4.589782357215881348e-01
4.589782357215881348e-01
4.589782357215881348e-01
4.589782357215881348e-01
4.589782357215881348e-01
4.589782357215881348e-01
4.589782357215881348e-01
4.589782357215881348e-01
4.589782357215881348e-01
4.589782357215881348e-01
4.589782357215881348e-01
4.589782357215881348e-01
4.589782357215881348e-01
4.589782357215881348e-01
4.589782357215881348e-01
4.589782357215881348e-01
4.589782357215881348e-01
4.589782357215881348e-01
4.589782357215881348e-01
4.589782357215881348e-01
4.589782357215881348e-01
4.589782357215881348e-01
4.589782357215881348e-01
4.589782357215881348e-01
4.589782357215881348e-01
4.589782357215881348e-01
4.589782357215881348e-01
4.589782357215881348e-01
4.589782357215881348e-01
4.589782357215881348e-01
4.589782357215881348e-01
4.589782357215881348e-01
4.589782357215881348e-01
4.589782357215881348e-01
4.589782357215881348e-01
4.589782357215881348e-01
4.589782357215881348e-01
4.589782357215881348e-01
4.589782357215881348e-01
4.589782357215881348e-01
4.589782357215881348e-01
4.589782357215881348e-01
4.589782357215881348e-01
4.589782357215881348e-01
4.589782357215881348e-01
4.589782357215881348e-01
4.589782357215881348e-01
4.589782357215881348e-01
0.000000000000000000e+00
0.000000000000000000e+00
4.589782357215881348e-01
4.589782357215881348e-01
4.589782357215881348e-01
4.589782357215881348e-01
4.589782357215881348e-01
4.589782357215881348e-01
4.589782357215881348e-01
4.589782357215881348e-01
4.589782357215881348e-01
4.589782357215881348e-01
4.589782357215881348e-01
4.589782357215881348e-01
4.589782357215881348e-01
4.589782357215881348e-01
4.589782357215881348e-01
4.589782357215881348e-01
4.589782357215881348e-01
4.589782357215881348e-01
4.589782357215881348e-01
4.589782357215881348e-01
4.589782357215881348e-01
4.589782357215881348e-01
4.589782357215881348e-01
4.589782357215881348e-01
4.589782357215881348e-01
4.589782357215881348e-01
4.589782357215881348e-01
4.589782357215881348e-01
4.589782357215881348e-01
4.589782357215881348e-01
4.589782357215881348e-01
4.589782357215881348e-01
4.589782357215881348e-01
4.589782357215881348e-01
4.589782357215881348e-01
4.589782357215881348e-01
4.589782357215881348e-01
4.589782357215881348e-01
4.589782357215881348e-01
4.589782357215881348e-01
4.589782357215881348e-01
4.589782357215881348e-01
4.589782357215881348e-01
4.589782357215881348e-01
4.589782357215881348e-01
4.589782357215881348e-01
4.589782357215881348e-01
4.589782357215881348e-01
4.589782357215881348e-01
4.589782357215881348e-01
4.589782357215881348e-01
4.589782357215881348e-01
0.000000000000000000e+00
4.589782357215881348e-01
4.589782357215881348e-01
4.589782357215881348e-01
4.589782357215881348e-01
4.589782357215881348e-01
4.589782357215881348e-01
4.589782357215881348e-01
4.589782357215881348e-01
4.589782357215881348e-01
4.589782357215881348e-01
4.589782357215881348e-01
4.589782357215881348e-01
4.589782357215881348e-01
4.589782357215881348e-01
4.589782357215881348e-01
4.589782357215881348e-01
4.589782357215881348e-01
4.589782357215881348e-01
4.589782357215881348e-01
4.589782357215881348e-01
4.589782357215881348e-01
4.589782357215881348e-01
4.589782357215881348e-01
4.589782357215881348e-01
4.589782357215881348e-01
4.589782357215881348e-01
4.589782357215881348e-01
4.589782357215881348e-01
4.589782357215881348e-01
4.589782357215881348e-01
4.589782357215881348e-01
4.589782357215881348e-01
4.589782357215881348e-01
4.589782357215881348e-01
4.589782357215881348e-01
4.589782357215881348e-01
4.589782357215881348e-01
4.589782357215881348e-01
4.589782357215881348e-01
4.589782357215881348e-01
4.589782357215881348e-01
4.589782357215881348e-01
4.589782357215881348e-01
4.589782357215881348e-01
4.589782357215881348e-01
4.589782357215881348e-01
4.589782357215881348e-01
4.589782357215881348e-01
4.589782357215881348e-01
4.589782357215881348e-01
4.589782357215881348e-01
4.589782357215881348e-01
4.589782357215881348e-01
4.589782357215881348e-01
4.589782357215881348e-01
4.589782357215881348e-01
4.589782357215881348e-01
4.589782357215881348e-01
4.589782357215881348e-01
4.589782357215881348e-01
4.589782357215881348e-01
4.589782357215881348e-01
4.589782357215881348e-01
4.589782357215881348e-01
4.589782357215881348e-01
4.589782357215881348e-01
4.589782357215881348e-01
4.589782357215881348e-01
4.589782357215881348e-01
4.589782357215881348e-01
4.589782357215881348e-01
4.589782357215881348e-01
4.589726924896240234e-01
4.589782357215881348e-01
4.589782357215881348e-01
4.589782357215881348e-01
4.589782357215881348e-01
4.589782357215881348e-01
4.589782357215881348e-01
4.589782357215881348e-01
4.589782357215881348e-01
4.589782357215881348e-01
4.589782357215881348e-01
4.589782357215881348e-01
4.589782357215881348e-01
4.589782357215881348e-01
4.589782357215881348e-01
4.589782357215881348e-01
4.589782357215881348e-01
4.589782357215881348e-01
4.589782357215881348e-01
4.589782357215881348e-01
4.589782357215881348e-01
4.589782357215881348e-01
4.589782357215881348e-01
4.589782357215881348e-01
4.589782357215881348e-01
4.589782357215881348e-01
4.589782357215881348e-01
4.589782357215881348e-01
4.589782357215881348e-01
4.589782357215881348e-01
4.589782357215881348e-01
4.589782357215881348e-01
4.589782357215881348e-01
4.589782357215881348e-01
4.589782357215881348e-01
4.589782357215881348e-01
4.589782357215881348e-01
4.589782357215881348e-01
4.589782357215881348e-01
4.589782357215881348e-01
4.589782357215881348e-01
4.589782357215881348e-01
4.589782357215881348e-01
4.589782357215881348e-01
4.589782357215881348e-01
4.589463174343109131e-01
4.589782357215881348e-01
4.589782357215881348e-01
4.589782357215881348e-01
4.589782357215881348e-01
4.589782357215881348e-01
4.589782357215881348e-01
4.589782357215881348e-01
4.589782357215881348e-01
4.588834643363952637e-01
4.583385884761810303e-01
4.589782357215881348e-01
4.589782357215881348e-01
4.586238563060760498e-01
4.589782357215881348e-01
4.589782357215881348e-01
4.586741030216217041e-01
4.589782357215881348e-01
4.589782357215881348e-01
4.589782357215881348e-01
4.589782357215881348e-01
4.589782357215881348e-01
4.589782357215881348e-01
4.589782357215881348e-01
4.589782357215881348e-01
4.589782357215881348e-01
4.589782357215881348e-01
4.589782357215881348e-01
4.589782357215881348e-01
4.589782357215881348e-01
4.589782357215881348e-01
4.589782357215881348e-01
4.589782357215881348e-01
4.589782357215881348e-01
4.589782357215881348e-01
4.589782357215881348e-01
4.589782357215881348e-01
4.589782357215881348e-01
4.589782357215881348e-01
4.589782357215881348e-01
4.589782357215881348e-01
4.589782357215881348e-01
4.589782357215881348e-01
4.589782357215881348e-01
4.589782357215881348e-01
4.589782357215881348e-01
4.589782357215881348e-01
4.589782357215881348e-01
4.589782357215881348e-01
4.589782357215881348e-01
4.589782357215881348e-01
4.589782357215881348e-01
4.589782357215881348e-01
4.589782357215881348e-01
4.589782357215881348e-01
4.589782357215881348e-01
4.589782357215881348e-01
4.589782357215881348e-01
4.589782357215881348e-01
4.589782357215881348e-01
4.589782357215881348e-01
4.589782357215881348e-01
4.589782357215881348e-01
4.589782357215881348e-01
4.589782357215881348e-01
4.589782357215881348e-01
4.589782357215881348e-01
4.589782357215881348e-01
4.589782357215881348e-01
4.589782357215881348e-01
4.589782357215881348e-01
4.589782357215881348e-01
4.589782357215881348e-01
4.589782357215881348e-01
4.589782357215881348e-01
4.589782357215881348e-01
4.589782357215881348e-01
4.589782357215881348e-01
4.589782357215881348e-01
4.589782357215881348e-01
4.589782357215881348e-01
4.589782357215881348e-01
4.589782357215881348e-01
4.589782357215881348e-01
4.589782357215881348e-01
4.589782357215881348e-01
4.589782357215881348e-01
4.589782357215881348e-01
4.589782357215881348e-01
4.589782357215881348e-01
4.589782357215881348e-01
4.589782357215881348e-01
4.589782357215881348e-01
4.588347673416137695e-01
4.589782357215881348e-01
4.589019119739532471e-01
4.589782357215881348e-01
4.589782357215881348e-01
4.586956501007080078e-01
4.589782357215881348e-01
4.589782357215881348e-01
4.589782357215881348e-01
4.589782357215881348e-01
4.589782357215881348e-01
4.589782357215881348e-01
4.589782357215881348e-01
4.589782357215881348e-01
4.589782357215881348e-01
4.589782357215881348e-01
4.589782357215881348e-01
4.589782357215881348e-01
4.589782357215881348e-01
4.589782357215881348e-01
4.589782357215881348e-01
4.589782357215881348e-01
4.589782357215881348e-01
4.589782357215881348e-01
4.589782357215881348e-01
4.589782357215881348e-01
4.589782357215881348e-01
4.589782357215881348e-01
4.589782357215881348e-01
4.589782357215881348e-01
4.589782357215881348e-01
4.589782357215881348e-01
4.589782357215881348e-01
4.589782357215881348e-01
4.589782357215881348e-01
4.589782357215881348e-01
4.589782357215881348e-01
4.589782357215881348e-01
4.589782357215881348e-01
4.589782357215881348e-01
4.589782357215881348e-01
4.589782357215881348e-01
4.589782357215881348e-01
4.589782357215881348e-01
4.589010477066040039e-01
4.588494896888732910e-01
4.589782357215881348e-01
4.589132964611053467e-01
4.588735103607177734e-01
4.589782357215881348e-01
4.589782357215881348e-01
4.589782357215881348e-01
4.589782357215881348e-01
4.589782357215881348e-01
4.589782357215881348e-01
4.589782357215881348e-01
4.589782357215881348e-01
4.589782357215881348e-01
4.589782357215881348e-01
4.589782357215881348e-01
4.589782357215881348e-01
4.589782357215881348e-01
4.589782357215881348e-01
4.589782357215881348e-01
4.589782357215881348e-01
4.589782357215881348e-01
4.589782357215881348e-01
4.589782357215881348e-01
4.589782357215881348e-01
4.589782357215881348e-01
4.589782357215881348e-01
4.589782357215881348e-01
4.589782357215881348e-01
4.589782357215881348e-01
4.589782357215881348e-01
4.589782357215881348e-01
4.589782357215881348e-01
4.589782357215881348e-01
4.589782357215881348e-01
4.589782357215881348e-01
4.589782357215881348e-01
4.589782357215881348e-01
4.589782357215881348e-01
4.589782357215881348e-01
4.589782357215881348e-01
4.589782357215881348e-01
4.589782357215881348e-01
4.589782357215881348e-01
4.589782357215881348e-01
4.589782357215881348e-01
4.589782357215881348e-01
4.589782357215881348e-01
4.589782357215881348e-01
4.589782357215881348e-01
4.589782357215881348e-01
4.589782357215881348e-01
4.589782357215881348e-01
4.589782357215881348e-01
4.589782357215881348e-01
4.589782357215881348e-01
4.589782357215881348e-01
4.589782357215881348e-01
4.589782357215881348e-01
4.589782357215881348e-01
4.589782357215881348e-01
4.589782357215881348e-01
4.589782357215881348e-01
4.589782357215881348e-01
4.589782357215881348e-01
4.589782357215881348e-01
4.589782357215881348e-01
0.000000000000000000e+00
0.000000000000000000e+00
4.589782357215881348e-01
4.589782357215881348e-01
4.589782357215881348e-01
4.589782357215881348e-01
0.000000000000000000e+00
0.000000000000000000e+00
4.589782357215881348e-01
0.000000000000000000e+00
4.589782357215881348e-01
0.000000000000000000e+00
0.000000000000000000e+00
0.000000000000000000e+00
4.589782357215881348e-01
0.000000000000000000e+00
0.000000000000000000e+00
0.000000000000000000e+00
0.000000000000000000e+00
4.589782357215881348e-01
0.000000000000000000e+00
0.000000000000000000e+00
4.589782357215881348e-01
4.589782357215881348e-01
4.589782357215881348e-01
4.589782357215881348e-01
4.589782357215881348e-01
4.589782357215881348e-01
4.589782357215881348e-01
4.589782357215881348e-01
4.589782357215881348e-01
4.589782357215881348e-01
0.000000000000000000e+00
0.000000000000000000e+00
0.000000000000000000e+00
4.589782357215881348e-01
4.589782357215881348e-01
4.589782357215881348e-01
0.000000000000000000e+00
0.000000000000000000e+00
0.000000000000000000e+00
0.000000000000000000e+00
0.000000000000000000e+00
0.000000000000000000e+00
0.000000000000000000e+00
0.000000000000000000e+00
0.000000000000000000e+00
0.000000000000000000e+00
0.000000000000000000e+00
0.000000000000000000e+00
0.000000000000000000e+00
0.000000000000000000e+00
0.000000000000000000e+00
0.000000000000000000e+00
0.000000000000000000e+00
0.000000000000000000e+00
0.000000000000000000e+00
0.000000000000000000e+00
0.000000000000000000e+00
0.000000000000000000e+00
0.000000000000000000e+00
0.000000000000000000e+00
0.000000000000000000e+00
0.000000000000000000e+00
0.000000000000000000e+00
0.000000000000000000e+00
0.000000000000000000e+00
0.000000000000000000e+00
4.589782357215881348e-01
4.589782357215881348e-01
4.589782357215881348e-01
4.589782357215881348e-01
4.589782357215881348e-01
4.589782357215881348e-01
4.589782357215881348e-01
4.589782357215881348e-01
4.589782357215881348e-01
4.589782357215881348e-01
4.589782357215881348e-01
4.589782357215881348e-01
4.589782357215881348e-01
4.589782357215881348e-01
4.589782357215881348e-01
4.589782357215881348e-01
4.589782357215881348e-01
4.589782357215881348e-01
4.589782357215881348e-01
4.589782357215881348e-01
4.589782357215881348e-01
4.589782357215881348e-01
4.589782357215881348e-01
4.589782357215881348e-01
4.589782357215881348e-01
4.589782357215881348e-01
4.589782357215881348e-01
4.589782357215881348e-01
4.589782357215881348e-01
4.589782357215881348e-01
4.589782357215881348e-01
4.589273333549499512e-01
4.588979482650756836e-01
4.589782357215881348e-01
4.589782357215881348e-01
4.589782357215881348e-01
4.589782357215881348e-01
4.589104950428009033e-01
4.588486552238464355e-01
4.582161307334899902e-01
4.589782357215881348e-01
4.589782357215881348e-01
4.589782357215881348e-01
4.589782357215881348e-01
4.589782357215881348e-01
4.589782357215881348e-01
4.589782357215881348e-01
4.589782357215881348e-01
4.589782357215881348e-01
4.589782357215881348e-01
4.589782357215881348e-01
4.589782357215881348e-01
4.589782357215881348e-01
4.589782357215881348e-01
4.589782357215881348e-01
4.589782357215881348e-01
4.589782357215881348e-01
4.589782357215881348e-01
4.589782357215881348e-01
4.589782357215881348e-01
4.589782357215881348e-01
4.589782357215881348e-01
4.589782357215881348e-01
4.589782357215881348e-01
4.589782357215881348e-01
4.589782357215881348e-01
4.589782357215881348e-01
4.589782357215881348e-01
4.589782357215881348e-01
4.589782357215881348e-01
4.589782357215881348e-01
4.589782357215881348e-01
4.589782357215881348e-01
4.589782357215881348e-01
4.589782357215881348e-01
4.589782357215881348e-01
4.589782357215881348e-01
4.589782357215881348e-01
4.589782357215881348e-01
4.589782357215881348e-01
4.589782357215881348e-01
4.589782357215881348e-01
4.589782357215881348e-01
4.589782357215881348e-01
4.589782357215881348e-01
4.589782357215881348e-01
4.589782357215881348e-01
4.589782357215881348e-01
4.589782357215881348e-01
4.589782357215881348e-01
4.589782357215881348e-01
4.589782357215881348e-01
4.589782357215881348e-01
0.000000000000000000e+00
4.589782357215881348e-01
0.000000000000000000e+00
4.589782357215881348e-01
4.589782357215881348e-01
4.589782357215881348e-01
4.589782357215881348e-01
4.589782357215881348e-01
4.589782357215881348e-01
4.589782357215881348e-01
4.589782357215881348e-01
4.589782357215881348e-01
4.589782357215881348e-01
4.589782357215881348e-01
4.589782357215881348e-01
4.589782357215881348e-01
4.589782357215881348e-01
4.589782357215881348e-01
4.589782357215881348e-01
4.589782357215881348e-01
4.589782357215881348e-01
4.589782357215881348e-01
4.589782357215881348e-01
4.589782357215881348e-01
4.589782357215881348e-01
4.588367342948913574e-01
4.589782357215881348e-01
4.589782357215881348e-01
4.589782357215881348e-01
4.589782357215881348e-01
4.589782357215881348e-01
4.589782357215881348e-01
4.589782357215881348e-01
4.589782357215881348e-01
4.589782357215881348e-01
4.586942791938781738e-01
4.587185084819793701e-01
4.589782357215881348e-01
4.589782357215881348e-01
4.589782357215881348e-01
4.589782357215881348e-01
4.589782357215881348e-01
4.589452743530273438e-01
4.589782357215881348e-01
4.589782357215881348e-01
4.587039947509765625e-01
4.589782357215881348e-01
4.589782357215881348e-01
4.589782357215881348e-01
4.589782357215881348e-01
4.589782357215881348e-01
4.588707983493804932e-01
4.589782357215881348e-01
4.589782357215881348e-01
4.575133621692657471e-01
4.589782357215881348e-01
4.589782357215881348e-01
4.589782357215881348e-01
4.589782357215881348e-01
4.589782357215881348e-01
4.589782357215881348e-01
4.589782357215881348e-01
4.589782357215881348e-01
4.589782357215881348e-01
4.589139819145202637e-01
4.589782357215881348e-01
4.589782357215881348e-01
4.589782357215881348e-01
4.589782357215881348e-01
4.589019417762756348e-01
4.589782357215881348e-01
4.589782357215881348e-01
4.589782357215881348e-01
4.589782357215881348e-01
4.589782357215881348e-01
4.589782357215881348e-01
4.589782357215881348e-01
4.589782357215881348e-01
4.589782357215881348e-01
4.589782357215881348e-01
4.589782357215881348e-01
4.589782357215881348e-01
4.587344229221343994e-01
4.589782357215881348e-01
4.589782357215881348e-01
4.589782357215881348e-01
4.589782357215881348e-01
4.588991999626159668e-01
4.585154354572296143e-01
4.571493566036224365e-01
4.589782357215881348e-01
4.587253332138061523e-01
4.585732817649841309e-01
4.588934183120727539e-01
4.589322507381439209e-01
4.589782357215881348e-01
4.585034549236297607e-01
4.589366018772125244e-01
4.589782357215881348e-01
4.588425457477569580e-01
4.589782357215881348e-01
4.589782357215881348e-01
4.589782357215881348e-01
4.589782357215881348e-01
4.589782357215881348e-01
4.588314294815063477e-01
4.589782357215881348e-01
4.589782357215881348e-01
4.589782357215881348e-01
4.589782357215881348e-01
4.589782357215881348e-01
4.589782357215881348e-01
4.589782357215881348e-01
4.589782357215881348e-01
4.589782357215881348e-01
4.589782357215881348e-01
4.589782357215881348e-01
4.589782357215881348e-01
4.589782357215881348e-01
4.589782357215881348e-01
4.589782357215881348e-01
4.589782357215881348e-01
4.589782357215881348e-01
4.589782357215881348e-01
4.589782357215881348e-01
4.589782357215881348e-01
4.589782357215881348e-01
4.589782357215881348e-01
4.589782357215881348e-01
4.589782357215881348e-01
4.589782357215881348e-01
4.589782357215881348e-01
4.589782357215881348e-01
4.589782357215881348e-01
4.589782357215881348e-01
4.589782357215881348e-01
4.589782357215881348e-01
4.589782357215881348e-01
4.589782357215881348e-01
4.589782357215881348e-01
4.589782357215881348e-01
4.589782357215881348e-01
4.589782357215881348e-01
4.589782357215881348e-01
4.589782357215881348e-01
4.589782357215881348e-01
4.589782357215881348e-01
4.589782357215881348e-01
4.589782357215881348e-01
4.589782357215881348e-01
4.589782357215881348e-01
4.589782357215881348e-01
4.589782357215881348e-01
4.589782357215881348e-01
4.589782357215881348e-01
4.589782357215881348e-01
4.589782357215881348e-01
4.589782357215881348e-01
4.589782357215881348e-01
4.589782357215881348e-01
4.589782357215881348e-01
4.589782357215881348e-01
4.589782357215881348e-01
4.589782357215881348e-01
4.589782357215881348e-01
4.589782357215881348e-01
4.589782357215881348e-01
4.589782357215881348e-01
4.589782357215881348e-01
4.588031172752380371e-01
4.589782357215881348e-01
4.589782357215881348e-01
4.589782357215881348e-01
4.589782357215881348e-01
4.589782357215881348e-01
4.589782357215881348e-01
4.589782357215881348e-01
4.589782357215881348e-01
4.589782357215881348e-01
4.589782357215881348e-01
4.589782357215881348e-01
4.589782357215881348e-01
4.589782357215881348e-01
4.589782357215881348e-01
4.589782357215881348e-01
4.589782357215881348e-01
4.589782357215881348e-01
4.589782357215881348e-01
4.589782357215881348e-01
4.589782357215881348e-01
4.589782357215881348e-01
0.000000000000000000e+00
4.589782357215881348e-01
4.589782357215881348e-01
4.589782357215881348e-01
4.589782357215881348e-01
4.589782357215881348e-01
4.589782357215881348e-01
0.000000000000000000e+00
0.000000000000000000e+00
0.000000000000000000e+00
0.000000000000000000e+00
4.589782357215881348e-01
4.589782357215881348e-01
4.589782357215881348e-01
4.589782357215881348e-01
4.589782357215881348e-01
4.589782357215881348e-01
4.589782357215881348e-01
4.589782357215881348e-01
4.589782357215881348e-01
4.589782357215881348e-01
4.589782357215881348e-01
4.589782357215881348e-01
4.589782357215881348e-01
0.000000000000000000e+00
4.589782357215881348e-01
4.589782357215881348e-01
4.589782357215881348e-01
4.589782357215881348e-01
4.589782357215881348e-01
4.589782357215881348e-01
4.589782357215881348e-01
4.589782357215881348e-01
4.589782357215881348e-01
4.589782357215881348e-01
4.589782357215881348e-01
4.589782357215881348e-01
4.589782357215881348e-01
4.589782357215881348e-01
4.589782357215881348e-01
4.589782357215881348e-01
4.589782357215881348e-01
4.589782357215881348e-01
4.589782357215881348e-01
4.589782357215881348e-01
4.589782357215881348e-01
4.589782357215881348e-01
4.589782357215881348e-01
4.589782357215881348e-01
4.589782357215881348e-01
4.589782357215881348e-01
4.589782357215881348e-01
4.589782357215881348e-01
4.589782357215881348e-01
4.589782357215881348e-01
4.589782357215881348e-01
4.589782357215881348e-01
4.589782357215881348e-01
4.589782357215881348e-01
4.589782357215881348e-01
4.589782357215881348e-01
4.588940143585205078e-01
4.589782357215881348e-01
4.585169553756713867e-01
4.589782357215881348e-01
4.589782357215881348e-01
4.589782357215881348e-01
4.589782357215881348e-01
4.589782357215881348e-01
4.589782357215881348e-01
4.589782357215881348e-01
4.589782357215881348e-01
4.589782357215881348e-01
4.589782357215881348e-01
4.589782357215881348e-01
4.589782357215881348e-01
4.589127898216247559e-01
4.589782357215881348e-01
4.589782357215881348e-01
4.589475691318511963e-01
4.589479863643646240e-01
4.585635066032409668e-01
4.588626325130462646e-01
4.589013755321502686e-01
4.589782357215881348e-01
4.589561522006988525e-01
4.589782357215881348e-01
4.583619534969329834e-01
4.589076340198516846e-01
4.588334560394287109e-01
4.587163329124450684e-01
4.589409828186035156e-01
4.589782357215881348e-01
4.588375091552734375e-01
4.587535262107849121e-01
4.589782357215881348e-01
4.588167667388916016e-01
4.589782357215881348e-01
4.589782357215881348e-01
4.586119651794433594e-01
4.588751792907714844e-01
4.588707685470581055e-01
4.589589238166809082e-01
4.582462608814239502e-01
4.589782357215881348e-01
4.589782357215881348e-01
4.589782357215881348e-01
4.589782357215881348e-01
4.589782357215881348e-01
4.589782357215881348e-01
4.589782357215881348e-01
4.589674174785614014e-01
4.588965773582458496e-01
4.589300155639648438e-01
4.586226344108581543e-01
4.589782357215881348e-01
4.589782357215881348e-01
4.589782357215881348e-01
4.589782357215881348e-01
4.589782357215881348e-01
4.589782357215881348e-01
4.589782357215881348e-01
4.589782357215881348e-01
4.589782357215881348e-01
4.589782357215881348e-01
4.589782357215881348e-01
4.589782357215881348e-01
4.589782357215881348e-01
4.589782357215881348e-01
4.587813317775726318e-01
4.589782357215881348e-01
4.589271247386932373e-01
4.589782357215881348e-01
4.589336216449737549e-01
4.589712321758270264e-01
4.589782357215881348e-01
4.589782357215881348e-01
4.589782357215881348e-01
4.589782357215881348e-01
4.589782357215881348e-01
4.589782357215881348e-01
4.589187800884246826e-01
4.589782357215881348e-01
4.589782357215881348e-01
4.589782357215881348e-01
4.589782357215881348e-01
4.589782357215881348e-01
4.589782357215881348e-01
4.589782357215881348e-01
4.589782357215881348e-01
4.589782357215881348e-01
4.589782357215881348e-01
4.589246809482574463e-01
4.589731097221374512e-01
4.589782357215881348e-01
4.589782357215881348e-01
4.589782357215881348e-01
4.589782357215881348e-01
4.589782357215881348e-01
4.589782357215881348e-01
4.589782357215881348e-01
4.587598145008087158e-01
4.589782357215881348e-01
4.589782357215881348e-01
4.589782357215881348e-01
4.589782357215881348e-01
0.000000000000000000e+00
4.589782357215881348e-01
4.589782357215881348e-01
4.589782357215881348e-01
4.589782357215881348e-01
4.589782357215881348e-01
4.589782357215881348e-01
4.589782357215881348e-01
4.589782357215881348e-01
4.589782357215881348e-01
4.589782357215881348e-01
4.589782357215881348e-01
4.589782357215881348e-01
4.589782357215881348e-01
4.589782357215881348e-01
4.589782357215881348e-01
4.589782357215881348e-01
4.589782357215881348e-01
4.589782357215881348e-01
