4.583065807819366455e-01
0.000000000000000000e+00
0.000000000000000000e+00
4.653024375438690186e-01
0.000000000000000000e+00
0.000000000000000000e+00
0.000000000000000000e+00
0.000000000000000000e+00
0.000000000000000000e+00
0.000000000000000000e+00
0.000000000000000000e+00
0.000000000000000000e+00
0.000000000000000000e+00
1.026419699192047119e-01
4.771145880222320557e-01
0.000000000000000000e+00
0.000000000000000000e+00
0.000000000000000000e+00
0.000000000000000000e+00
0.000000000000000000e+00
0.000000000000000000e+00
0.000000000000000000e+00
0.000000000000000000e+00
0.000000000000000000e+00
0.000000000000000000e+00
0.000000000000000000e+00
0.000000000000000000e+00
0.000000000000000000e+00
0.000000000000000000e+00
0.000000000000000000e+00
0.000000000000000000e+00
0.000000000000000000e+00
0.000000000000000000e+00
0.000000000000000000e+00
0.000000000000000000e+00
0.000000000000000000e+00
0.000000000000000000e+00
0.000000000000000000e+00
0.000000000000000000e+00
0.000000000000000000e+00
0.000000000000000000e+00
0.000000000000000000e+00
0.000000000000000000e+00
0.000000000000000000e+00
0.000000000000000000e+00
0.000000000000000000e+00
0.000000000000000000e+00
0.000000000000000000e+00
0.000000000000000000e+00
0.000000000000000000e+00
0.000000000000000000e+00
0.000000000000000000e+00
4.771232604980468750e-01
4.771232604980468750e-01
3.735750913619995117e-01
4.698193073272705078e-01
4.779169857501983643e-01
4.779325127601623535e-01
0.000000000000000000e+00
0.000000000000000000e+00
0.000000000000000000e+00
0.000000000000000000e+00
0.000000000000000000e+00
0.000000000000000000e+00
0.000000000000000000e+00
0.000000000000000000e+00
0.000000000000000000e+00
0.000000000000000000e+00
0.000000000000000000e+00
0.000000000000000000e+00
0.000000000000000000e+00
0.000000000000000000e+00
0.000000000000000000e+00
0.000000000000000000e+00
0.000000000000000000e+00
0.000000000000000000e+00
0.000000000000000000e+00
0.000000000000000000e+00
0.000000000000000000e+00
0.000000000000000000e+00
0.000000000000000000e+00
0.000000000000000000e+00
0.000000000000000000e+00
0.000000000000000000e+00
0.000000000000000000e+00
0.000000000000000000e+00
4.771232604980468750e-01
4.771232604980468750e-01
4.771232604980468750e-01
4.771232604980468750e-01
4.771232604980468750e-01
4.771232604980468750e-01
4.771232604980468750e-01
0.000000000000000000e+00
0.000000000000000000e+00
0.000000000000000000e+00
0.000000000000000000e+00
0.000000000000000000e+00
0.000000000000000000e+00
0.000000000000000000e+00
0.000000000000000000e+00
0.000000000000000000e+00
0.000000000000000000e+00
0.000000000000000000e+00
0.000000000000000000e+00
0.000000000000000000e+00
0.000000000000000000e+00
0.000000000000000000e+00
0.000000000000000000e+00
0.000000000000000000e+00
0.000000000000000000e+00
4.742804765701293945e-01
0.000000000000000000e+00
0.000000000000000000e+00
0.000000000000000000e+00
0.000000000000000000e+00
0.000000000000000000e+00
0.000000000000000000e+00
0.000000000000000000e+00
0.000000000000000000e+00
0.000000000000000000e+00
0.000000000000000000e+00
0.000000000000000000e+00
0.000000000000000000e+00
0.000000000000000000e+00
0.000000000000000000e+00
0.000000000000000000e+00
0.000000000000000000e+00
0.000000000000000000e+00
0.000000000000000000e+00
0.000000000000000000e+00
0.000000000000000000e+00
0.000000000000000000e+00
0.000000000000000000e+00
0.000000000000000000e+00
0.000000000000000000e+00
0.000000000000000000e+00
4.771232604980468750e-01
4.771232604980468750e-01
4.771232604980468750e-01
4.771232604980468750e-01
4.771232604980468750e-01
0.000000000000000000e+00
0.000000000000000000e+00
0.000000000000000000e+00
0.000000000000000000e+00
0.000000000000000000e+00
0.000000000000000000e+00
0.000000000000000000e+00
0.000000000000000000e+00
0.000000000000000000e+00
0.000000000000000000e+00
0.000000000000000000e+00
0.000000000000000000e+00
0.000000000000000000e+00
0.000000000000000000e+00
0.000000000000000000e+00
0.000000000000000000e+00
0.000000000000000000e+00
0.000000000000000000e+00
0.000000000000000000e+00
0.000000000000000000e+00
0.000000000000000000e+00
0.000000000000000000e+00
0.000000000000000000e+00
0.000000000000000000e+00
0.000000000000000000e+00
0.000000000000000000e+00
0.000000000000000000e+00
0.000000000000000000e+00
0.000000000000000000e+00
0.000000000000000000e+00
0.000000000000000000e+00
0.000000000000000000e+00
0.000000000000000000e+00
0.000000000000000000e+00
0.000000000000000000e+00
0.000000000000000000e+00
0.000000000000000000e+00
0.000000000000000000e+00
0.000000000000000000e+00
0.000000000000000000e+00
0.000000000000000000e+00
0.000000000000000000e+00
0.000000000000000000e+00
0.000000000000000000e+00
0.000000000000000000e+00
0.000000000000000000e+00
0.000000000000000000e+00
0.000000000000000000e+00
0.000000000000000000e+00
0.000000000000000000e+00
0.000000000000000000e+00
0.000000000000000000e+00
0.000000000000000000e+00
0.000000000000000000e+00
0.000000000000000000e+00
0.000000000000000000e+00
0.000000000000000000e+00
0.000000000000000000e+00
0.000000000000000000e+00
0.000000000000000000e+00
4.771232604980468750e-01
0.000000000000000000e+00
0.000000000000000000e+00
0.000000000000000000e+00
0.000000000000000000e+00
0.000000000000000000e+00
0.000000000000000000e+00
4.738335013389587402e-01
0.000000000000000000e+00
4.453427791595458984e-01
4.077946543693542480e-01
0.000000000000000000e+00
0.000000000000000000e+00
1.429706811904907227e-03
1.212493181228637695e-01
4.785833656787872314e-01
4.846776723861694336e-01
4.144021272659301758e-01
4.731516838073730469e-01
2.755166888236999512e-01
4.771232604980468750e-01
4.771232604980468750e-01
4.772496223449707031e-01
4.771232604980468750e-01
4.771232604980468750e-01
4.771232604980468750e-01
4.771232604980468750e-01
4.771232604980468750e-01
4.771232604980468750e-01
4.771232604980468750e-01
4.771232604980468750e-01
4.771232604980468750e-01
0.000000000000000000e+00
0.000000000000000000e+00
0.000000000000000000e+00
0.000000000000000000e+00
0.000000000000000000e+00
0.000000000000000000e+00
0.000000000000000000e+00
0.000000000000000000e+00
0.000000000000000000e+00
0.000000000000000000e+00
0.000000000000000000e+00
0.000000000000000000e+00
0.000000000000000000e+00
0.000000000000000000e+00
0.000000000000000000e+00
0.000000000000000000e+00
0.000000000000000000e+00
0.000000000000000000e+00
0.000000000000000000e+00
0.000000000000000000e+00
0.000000000000000000e+00
0.000000000000000000e+00
0.000000000000000000e+00
0.000000000000000000e+00
0.000000000000000000e+00
4.980851113796234131e-01
4.771232604980468750e-01
4.771232604980468750e-01
4.771232604980468750e-01
4.771232604980468750e-01
4.771232604980468750e-01
4.771232604980468750e-01
4.771232604980468750e-01
4.771232604980468750e-01
4.771232604980468750e-01
4.771232604980468750e-01
4.771232604980468750e-01
4.771232604980468750e-01
4.771232604980468750e-01
4.771232604980468750e-01
4.771232604980468750e-01
4.771232604980468750e-01
4.771232604980468750e-01
4.771232604980468750e-01
4.771232604980468750e-01
4.771232604980468750e-01
0.000000000000000000e+00
4.771232604980468750e-01
0.000000000000000000e+00
0.000000000000000000e+00
4.793087542057037354e-01
0.000000000000000000e+00
0.000000000000000000e+00
0.000000000000000000e+00
0.000000000000000000e+00
4.771232604980468750e-01
0.000000000000000000e+00
0.000000000000000000e+00
4.771306514739990234e-01
4.771232604980468750e-01
4.771232604980468750e-01
4.771232604980468750e-01
4.771232604980468750e-01
4.771232604980468750e-01
4.771232604980468750e-01
4.771232604980468750e-01
4.771232604980468750e-01
4.771232604980468750e-01
4.771232604980468750e-01
4.798420071601867676e-01
4.771232604980468750e-01
4.771232604980468750e-01
4.771232604980468750e-01
4.771232604980468750e-01
4.771232604980468750e-01
4.771232604980468750e-01
4.771232604980468750e-01
4.771232604980468750e-01
4.771232604980468750e-01
4.771232604980468750e-01
4.771232604980468750e-01
4.771232604980468750e-01
0.000000000000000000e+00
4.771232604980468750e-01
4.771232604980468750e-01
4.771232604980468750e-01
4.771232604980468750e-01
4.771232604980468750e-01
4.771232604980468750e-01
4.771232604980468750e-01
4.771232604980468750e-01
4.771232604980468750e-01
4.771232604980468750e-01
0.000000000000000000e+00
4.771232604980468750e-01
4.771232604980468750e-01
4.771232604980468750e-01
