4.597727954387664795e-01
4.597727954387664795e-01
4.597727954387664795e-01
4.597727954387664795e-01
4.597727954387664795e-01
4.597727954387664795e-01
4.597727954387664795e-01
4.597727954387664795e-01
4.597727954387664795e-01
4.597727954387664795e-01
4.597727954387664795e-01
4.597727954387664795e-01
4.597727954387664795e-01
4.597727954387664795e-01
4.597727954387664795e-01
4.597727954387664795e-01
4.597727954387664795e-01
4.597727954387664795e-01
4.597727954387664795e-01
4.597727954387664795e-01
4.597727954387664795e-01
4.597727954387664795e-01
4.597727954387664795e-01
4.597727954387664795e-01
4.597727954387664795e-01
4.597727954387664795e-01
4.595952033996582031e-01
4.597727954387664795e-01
4.596696197986602783e-01
4.596954584121704102e-01
4.597727954387664795e-01
4.592404365539550781e-01
4.594329595565795898e-01
4.594628512859344482e-01
4.593173265457153320e-01
4.597727954387664795e-01
4.594046473503112793e-01
4.594939649105072021e-01
4.597727954387664795e-01
4.597387313842773438e-01
4.597584605216979980e-01
4.597458839416503906e-01
4.597490429878234863e-01
4.597623348236083984e-01
4.597689807415008545e-01
4.597679674625396729e-01
4.597691297531127930e-01
4.597717225551605225e-01
4.597719013690948486e-01
4.597725570201873779e-01
4.597713053226470947e-01
4.597720205783843994e-01
4.597722589969635010e-01
4.597727954387664795e-01
4.597727954387664795e-01
4.597727060317993164e-01
4.597727954387664795e-01
4.597727954387664795e-01
4.597727954387664795e-01
4.597727954387664795e-01
4.597727954387664795e-01
4.597727954387664795e-01
4.597727954387664795e-01
4.597727954387664795e-01
4.597727954387664795e-01
4.597727954387664795e-01
4.597727954387664795e-01
4.597727954387664795e-01
4.597727954387664795e-01
4.597727954387664795e-01
4.597727954387664795e-01
4.597727954387664795e-01
4.597727954387664795e-01
4.597727954387664795e-01
4.597727954387664795e-01
4.597727954387664795e-01
4.597727954387664795e-01
4.597727954387664795e-01
4.597727954387664795e-01
4.597727954387664795e-01
4.597727954387664795e-01
4.597727954387664795e-01
4.597727954387664795e-01
4.597727954387664795e-01
4.597727954387664795e-01
4.597727954387664795e-01
4.597727954387664795e-01
4.597674012184143066e-01
4.584472775459289551e-01
4.597638249397277832e-01
4.597727954387664795e-01
4.597727954387664795e-01
4.597705900669097900e-01
4.597727954387664795e-01
4.597727954387664795e-01
4.567263722419738770e-01
4.591885209083557129e-01
4.557980597019195557e-01
4.553040862083435059e-01
4.587285220623016357e-01
4.597727954387664795e-01
4.595164656639099121e-01
4.553081393241882324e-01
4.597727954387664795e-01
4.597727954387664795e-01
4.597727954387664795e-01
4.588589668273925781e-01
4.597727954387664795e-01
4.585544764995574951e-01
4.597719907760620117e-01
4.597727954387664795e-01
4.597727954387664795e-01
4.597727954387664795e-01
4.597727954387664795e-01
4.597727954387664795e-01
4.597727954387664795e-01
4.597727954387664795e-01
4.597727954387664795e-01
4.597727954387664795e-01
4.597727954387664795e-01
4.597727954387664795e-01
4.597727954387664795e-01
4.597727954387664795e-01
4.597727954387664795e-01
4.597727954387664795e-01
4.597727954387664795e-01
4.597727954387664795e-01
4.597727954387664795e-01
4.597727954387664795e-01
4.597727954387664795e-01
4.597727954387664795e-01
4.597727954387664795e-01
4.597727954387664795e-01
4.597727954387664795e-01
4.597727954387664795e-01
4.597727954387664795e-01
4.597727954387664795e-01
4.597727954387664795e-01
4.597727954387664795e-01
4.597727954387664795e-01
4.597727060317993164e-01
4.597727954387664795e-01
4.597727954387664795e-01
4.597727954387664795e-01
4.597727954387664795e-01
4.597727954387664795e-01
4.597727954387664795e-01
4.597727954387664795e-01
4.597727954387664795e-01
4.597727954387664795e-01
4.597727954387664795e-01
4.597727954387664795e-01
4.597590267658233643e-01
4.597626328468322754e-01
4.597653448581695557e-01
4.597690403461456299e-01
4.597709476947784424e-01
4.597714245319366455e-01
4.597720801830291748e-01
4.597724378108978271e-01
4.597726166248321533e-01
4.597726762294769287e-01
4.597727060317993164e-01
4.597727656364440918e-01
4.597726166248321533e-01
4.585329294204711914e-01
4.597727954387664795e-01
4.597727954387664795e-01
4.597727656364440918e-01
4.597727358341217041e-01
4.597727954387664795e-01
4.597727954387664795e-01
4.597727954387664795e-01
4.597727954387664795e-01
4.597727954387664795e-01
4.597727954387664795e-01
4.597727954387664795e-01
4.597727954387664795e-01
4.597727954387664795e-01
4.597727954387664795e-01
4.597727954387664795e-01
4.597727954387664795e-01
4.597727954387664795e-01
4.597727954387664795e-01
4.597727954387664795e-01
4.597727954387664795e-01
4.597727954387664795e-01
4.597727954387664795e-01
4.597727954387664795e-01
4.597727954387664795e-01
4.597727954387664795e-01
4.597727954387664795e-01
4.597727954387664795e-01
4.597727954387664795e-01
4.597727954387664795e-01
4.597727954387664795e-01
4.597727954387664795e-01
4.597727954387664795e-01
4.597727954387664795e-01
4.597727954387664795e-01
4.597727358341217041e-01
4.597727954387664795e-01
4.597727954387664795e-01
4.597727954387664795e-01
4.597727954387664795e-01
4.597727954387664795e-01
4.597727954387664795e-01
4.597727954387664795e-01
4.597727954387664795e-01
4.597727954387664795e-01
4.597727954387664795e-01
4.597727954387664795e-01
4.597727954387664795e-01
4.597727954387664795e-01
4.597727954387664795e-01
4.597727954387664795e-01
4.597727954387664795e-01
4.597727954387664795e-01
4.597727954387664795e-01
4.597727954387664795e-01
4.597727954387664795e-01
4.597727954387664795e-01
4.597727954387664795e-01
4.597727954387664795e-01
4.597727954387664795e-01
4.597727954387664795e-01
4.588514566421508789e-01
4.597727954387664795e-01
4.597727954387664795e-01
4.597727954387664795e-01
4.597727954387664795e-01
4.597518444061279297e-01
4.597727954387664795e-01
4.597727954387664795e-01
4.597727954387664795e-01
4.590248167514801025e-01
4.592851400375366211e-01
4.594598114490509033e-01
4.597727954387664795e-01
4.596776366233825684e-01
4.595899581909179688e-01
4.596759378910064697e-01
4.597727954387664795e-01
4.597336351871490479e-01
4.597595334053039551e-01
4.597440958023071289e-01
4.597626328468322754e-01
4.597667455673217773e-01
4.597702026367187500e-01
4.597710371017456055e-01
4.597721099853515625e-01
4.597723782062530518e-01
4.597725272178649902e-01
4.597726464271545410e-01
4.597727656364440918e-01
4.597727656364440918e-01
4.597727954387664795e-01
4.597727954387664795e-01
4.597727954387664795e-01
4.597727954387664795e-01
4.597727954387664795e-01
4.597727954387664795e-01
4.597727954387664795e-01
4.597727954387664795e-01
4.597727954387664795e-01
4.597727954387664795e-01
4.597727954387664795e-01
4.597727954387664795e-01
4.597727954387664795e-01
4.597727954387664795e-01
