3.395686149597167969e-01
3.395686149597167969e-01
3.395686149597167969e-01
3.395686149597167969e-01
3.395686149597167969e-01
3.395686149597167969e-01
3.395686149597167969e-01
3.395686149597167969e-01
3.395686149597167969e-01
3.395686149597167969e-01
3.395686149597167969e-01
3.395686149597167969e-01
3.177835345268249512e-01
3.395686149597167969e-01
3.395686149597167969e-01
3.395686149597167969e-01
3.395686149597167969e-01
3.395686149597167969e-01
3.395686149597167969e-01
3.395686149597167969e-01
3.395686149597167969e-01
3.395686149597167969e-01
3.395686149597167969e-01
3.395686149597167969e-01
3.395686149597167969e-01
3.395686149597167969e-01
3.231524825096130371e-01
3.395686149597167969e-01
3.380459547042846680e-01
3.395686149597167969e-01
3.395686149597167969e-01
3.395686149597167969e-01
3.395686149597167969e-01
3.395686149597167969e-01
3.395686149597167969e-01
3.395686149597167969e-01
3.395686149597167969e-01
3.395686149597167969e-01
3.395686149597167969e-01
3.395686149597167969e-01
3.395686149597167969e-01
3.395686149597167969e-01
3.395686149597167969e-01
3.395686149597167969e-01
3.395686149597167969e-01
3.395686149597167969e-01
3.395686149597167969e-01
3.395686149597167969e-01
3.395686149597167969e-01
3.395686149597167969e-01
3.395686149597167969e-01
3.395686149597167969e-01
3.395686149597167969e-01
3.395686149597167969e-01
3.395686149597167969e-01
3.395686149597167969e-01
3.395686149597167969e-01
3.395686149597167969e-01
3.395686149597167969e-01
3.395686149597167969e-01
3.395686149597167969e-01
3.395686149597167969e-01
3.395686149597167969e-01
3.395686149597167969e-01
3.395686149597167969e-01
3.395686149597167969e-01
3.395686149597167969e-01
3.395686149597167969e-01
3.395686149597167969e-01
3.395686149597167969e-01
3.395686149597167969e-01
3.395686149597167969e-01
3.395686149597167969e-01
3.395686149597167969e-01
3.395686149597167969e-01
3.395686149597167969e-01
3.395686149597167969e-01
3.395686149597167969e-01
3.395686149597167969e-01
3.395686149597167969e-01
3.048548102378845215e-01
3.395686149597167969e-01
3.395686149597167969e-01
3.395686149597167969e-01
2.928150296211242676e-01
3.395686149597167969e-01
2.679395675659179688e-01
3.395686149597167969e-01
3.395686149597167969e-01
2.752706408500671387e-01
3.395686149597167969e-01
3.395686149597167969e-01
3.395686149597167969e-01
3.395686149597167969e-01
3.395686149597167969e-01
3.395686149597167969e-01
3.395686149597167969e-01
3.395686149597167969e-01
3.395686149597167969e-01
3.395686149597167969e-01
3.395686149597167969e-01
3.395686149597167969e-01
3.395686149597167969e-01
3.395686149597167969e-01
3.395686149597167969e-01
3.395686149597167969e-01
3.395686149597167969e-01
3.395686149597167969e-01
3.395686149597167969e-01
3.395686149597167969e-01
3.395686149597167969e-01
3.395686149597167969e-01
3.395686149597167969e-01
3.395686149597167969e-01
3.395686149597167969e-01
3.395686149597167969e-01
3.395686149597167969e-01
3.395686149597167969e-01
3.180851340293884277e-01
2.746239900588989258e-01
3.103671669960021973e-01
3.020803332328796387e-01
3.395686149597167969e-01
3.395686149597167969e-01
3.395686149597167969e-01
3.395686149597167969e-01
3.395686149597167969e-01
3.395686149597167969e-01
3.395686149597167969e-01
3.395686149597167969e-01
3.395686149597167969e-01
3.395686149597167969e-01
3.395686149597167969e-01
3.395686149597167969e-01
3.395686149597167969e-01
3.395686149597167969e-01
3.395686149597167969e-01
3.395686149597167969e-01
3.395686149597167969e-01
3.395686149597167969e-01
3.395686149597167969e-01
3.395686149597167969e-01
3.395686149597167969e-01
3.395686149597167969e-01
3.395686149597167969e-01
3.395686149597167969e-01
3.395686149597167969e-01
3.395686149597167969e-01
3.395686149597167969e-01
3.395686149597167969e-01
3.395686149597167969e-01
3.395686149597167969e-01
3.395686149597167969e-01
3.395686149597167969e-01
3.395686149597167969e-01
3.395686149597167969e-01
3.395686149597167969e-01
3.395686149597167969e-01
3.395686149597167969e-01
3.395686149597167969e-01
3.395686149597167969e-01
3.395686149597167969e-01
3.032447695732116699e-01
3.395686149597167969e-01
3.395686149597167969e-01
3.395686149597167969e-01
3.395686149597167969e-01
3.395686149597167969e-01
3.395686149597167969e-01
3.395686149597167969e-01
3.395686149597167969e-01
3.395686149597167969e-01
3.395686149597167969e-01
3.045522868633270264e-01
3.393900990486145020e-01
3.395686149597167969e-01
