4.989302456378936768e-01
4.989302456378936768e-01
4.989302456378936768e-01
4.989302456378936768e-01
4.989302456378936768e-01
4.989302456378936768e-01
4.989302456378936768e-01
4.989302456378936768e-01
4.989302456378936768e-01
4.989302456378936768e-01
4.989302456378936768e-01
4.989302456378936768e-01
4.974534809589385986e-01
4.958773553371429443e-01
4.982946813106536865e-01
4.989302456378936768e-01
4.989302456378936768e-01
4.989302456378936768e-01
4.989302456378936768e-01
4.989302456378936768e-01
4.989302456378936768e-01
4.989302456378936768e-01
4.989302456378936768e-01
4.989302456378936768e-01
4.989302456378936768e-01
4.989302456378936768e-01
4.989302456378936768e-01
4.989302456378936768e-01
4.989302456378936768e-01
4.989302456378936768e-01
4.919828176498413086e-01
4.989302456378936768e-01
4.919828176498413086e-01
4.919828176498413086e-01
4.919828176498413086e-01
4.919828176498413086e-01
4.989302456378936768e-01
4.989302456378936768e-01
4.989302456378936768e-01
4.918626248836517334e-01
4.988602995872497559e-01
4.834732115268707275e-01
4.834732115268707275e-01
4.989302456378936768e-01
4.989302456378936768e-01
4.934417009353637695e-01
4.989302456378936768e-01
4.834774434566497803e-01
4.919279515743255615e-01
4.921591281890869141e-01
4.917641580104827881e-01
4.923731982707977295e-01
4.989302456378936768e-01
4.925490021705627441e-01
4.934417009353637695e-01
4.989150166511535645e-01
4.989302456378936768e-01
4.989302456378936768e-01
4.989302456378936768e-01
4.989302456378936768e-01
4.989302456378936768e-01
4.989302456378936768e-01
4.989302456378936768e-01
4.989302456378936768e-01
4.936804175376892090e-01
4.989302456378936768e-01
4.989302456378936768e-01
4.989302456378936768e-01
4.989302456378936768e-01
4.989302456378936768e-01
4.989302456378936768e-01
4.989302456378936768e-01
4.989302456378936768e-01
4.989302456378936768e-01
4.989302456378936768e-01
4.989302456378936768e-01
4.918784499168395996e-01
4.927971661090850830e-01
4.989302456378936768e-01
4.984751641750335693e-01
4.986927509307861328e-01
4.895566105842590332e-01
4.989302456378936768e-01
4.906798601150512695e-01
4.989302456378936768e-01
4.989302456378936768e-01
4.989302456378936768e-01
4.989302456378936768e-01
4.989302456378936768e-01
4.989302456378936768e-01
4.989302456378936768e-01
4.989302456378936768e-01
4.989302456378936768e-01
4.989302456378936768e-01
4.989302456378936768e-01
4.989302456378936768e-01
4.989302456378936768e-01
4.989302456378936768e-01
4.989302456378936768e-01
4.989302456378936768e-01
4.989302456378936768e-01
4.989302456378936768e-01
4.989302456378936768e-01
4.989302456378936768e-01
4.989302456378936768e-01
4.989302456378936768e-01
4.989302456378936768e-01
4.989302456378936768e-01
4.989302456378936768e-01
4.989302456378936768e-01
4.989302456378936768e-01
4.989302456378936768e-01
4.989302456378936768e-01
4.989302456378936768e-01
4.989302456378936768e-01
4.989302456378936768e-01
4.989302456378936768e-01
4.989302456378936768e-01
4.989302456378936768e-01
4.989302456378936768e-01
4.989302456378936768e-01
4.989302456378936768e-01
4.989302456378936768e-01
4.989302456378936768e-01
4.989302456378936768e-01
4.989302456378936768e-01
4.989302456378936768e-01
4.989302456378936768e-01
4.989302456378936768e-01
4.989302456378936768e-01
4.989302456378936768e-01
4.989302456378936768e-01
4.989302456378936768e-01
4.989302456378936768e-01
4.989302456378936768e-01
4.989302456378936768e-01
4.989302456378936768e-01
4.989302456378936768e-01
4.989302456378936768e-01
4.989302456378936768e-01
4.989302456378936768e-01
4.989302456378936768e-01
4.989302456378936768e-01
4.989302456378936768e-01
4.989302456378936768e-01
4.989302456378936768e-01
4.989302456378936768e-01
4.989302456378936768e-01
4.989302456378936768e-01
4.989302456378936768e-01
4.989302456378936768e-01
4.989302456378936768e-01
4.989302456378936768e-01
4.989302456378936768e-01
4.989302456378936768e-01
4.989302456378936768e-01
4.989302456378936768e-01
4.989302456378936768e-01
4.989302456378936768e-01
4.989302456378936768e-01
4.989302456378936768e-01
4.989302456378936768e-01
4.989302456378936768e-01
4.989302456378936768e-01
4.989302456378936768e-01
4.989302456378936768e-01
4.989302456378936768e-01
4.989302456378936768e-01
4.989302456378936768e-01
4.989302456378936768e-01
4.989302456378936768e-01
4.989302456378936768e-01
4.989302456378936768e-01
4.989302456378936768e-01
4.989302456378936768e-01
4.989302456378936768e-01
4.989302456378936768e-01
4.989302456378936768e-01
4.989302456378936768e-01
4.989302456378936768e-01
4.989302456378936768e-01
4.989302456378936768e-01
4.989302456378936768e-01
4.989302456378936768e-01
4.989302456378936768e-01
4.989302456378936768e-01
4.989302456378936768e-01
4.989302456378936768e-01
4.989302456378936768e-01
4.989302456378936768e-01
4.989302456378936768e-01
4.989302456378936768e-01
4.989302456378936768e-01
4.989302456378936768e-01
4.989302456378936768e-01
4.989302456378936768e-01
4.989302456378936768e-01
4.906798601150512695e-01
4.989302456378936768e-01
4.989302456378936768e-01
4.989302456378936768e-01
4.989302456378936768e-01
4.989302456378936768e-01
4.989302456378936768e-01
4.989302456378936768e-01
4.989302456378936768e-01
4.989302456378936768e-01
4.989302456378936768e-01
4.989302456378936768e-01
4.989302456378936768e-01
4.989302456378936768e-01
4.989302456378936768e-01
4.989302456378936768e-01
4.989302456378936768e-01
4.989302456378936768e-01
4.989302456378936768e-01
4.989302456378936768e-01
4.989302456378936768e-01
4.989302456378936768e-01
4.989302456378936768e-01
4.989302456378936768e-01
4.989302456378936768e-01
4.989302456378936768e-01
4.989302456378936768e-01
4.989302456378936768e-01
4.989302456378936768e-01
4.989302456378936768e-01
4.989302456378936768e-01
4.989302456378936768e-01
4.989302456378936768e-01
4.989302456378936768e-01
4.989302456378936768e-01
4.989302456378936768e-01
4.989302456378936768e-01
4.989302456378936768e-01
4.989302456378936768e-01
4.989302456378936768e-01
4.989302456378936768e-01
4.989302456378936768e-01
4.989302456378936768e-01
4.989302456378936768e-01
4.989302456378936768e-01
4.989302456378936768e-01
4.989302456378936768e-01
4.989302456378936768e-01
4.989302456378936768e-01
4.989302456378936768e-01
4.989302456378936768e-01
4.989302456378936768e-01
4.989302456378936768e-01
4.989302456378936768e-01
4.989302456378936768e-01
4.989302456378936768e-01
4.989302456378936768e-01
4.989302456378936768e-01
4.989302456378936768e-01
4.989302456378936768e-01
4.989302456378936768e-01
4.989302456378936768e-01
4.989302456378936768e-01
4.989302456378936768e-01
4.989302456378936768e-01
4.989302456378936768e-01
4.989302456378936768e-01
4.989302456378936768e-01
4.989302456378936768e-01
4.989302456378936768e-01
4.989302456378936768e-01
4.989302456378936768e-01
4.989302456378936768e-01
4.989302456378936768e-01
4.989302456378936768e-01
4.989302456378936768e-01
4.989302456378936768e-01
4.989302456378936768e-01
4.989302456378936768e-01
4.989302456378936768e-01
4.989302456378936768e-01
4.989302456378936768e-01
4.989302456378936768e-01
4.989302456378936768e-01
4.989302456378936768e-01
4.989302456378936768e-01
4.989302456378936768e-01
4.989302456378936768e-01
4.989302456378936768e-01
4.989302456378936768e-01
4.989302456378936768e-01
4.989302456378936768e-01
4.989302456378936768e-01
4.989302456378936768e-01
4.989302456378936768e-01
4.989302456378936768e-01
4.989302456378936768e-01
4.989302456378936768e-01
4.989302456378936768e-01
4.989302456378936768e-01
4.989302456378936768e-01
4.989302456378936768e-01
4.989302456378936768e-01
4.989302456378936768e-01
4.989302456378936768e-01
4.989302456378936768e-01
4.989302456378936768e-01
4.989302456378936768e-01
4.989302456378936768e-01
4.989302456378936768e-01
4.989302456378936768e-01
4.989302456378936768e-01
4.989302456378936768e-01
4.989302456378936768e-01
4.989302456378936768e-01
4.989302456378936768e-01
4.989302456378936768e-01
4.989302456378936768e-01
4.989302456378936768e-01
4.989302456378936768e-01
4.989302456378936768e-01
4.989302456378936768e-01
4.989302456378936768e-01
4.989302456378936768e-01
4.989302456378936768e-01
4.989302456378936768e-01
4.989302456378936768e-01
4.989302456378936768e-01
4.989302456378936768e-01
4.989302456378936768e-01
4.989302456378936768e-01
4.989302456378936768e-01
4.989302456378936768e-01
4.989302456378936768e-01
4.989302456378936768e-01
4.989302456378936768e-01
4.989302456378936768e-01
4.989302456378936768e-01
4.989302456378936768e-01
4.989302456378936768e-01
4.989302456378936768e-01
4.989302456378936768e-01
4.989302456378936768e-01
4.989302456378936768e-01
4.989302456378936768e-01
4.989302456378936768e-01
4.989302456378936768e-01
4.989302456378936768e-01
4.917235970497131348e-01
4.873290956020355225e-01
4.932313859462738037e-01
4.488874971866607666e-01
4.927454888820648193e-01
4.989302158355712891e-01
4.989302456378936768e-01
4.989302456378936768e-01
4.989302456378936768e-01
4.989302456378936768e-01
4.989302456378936768e-01
4.989302456378936768e-01
4.989302456378936768e-01
4.989302456378936768e-01
4.989302456378936768e-01
4.989302456378936768e-01
4.989302456378936768e-01
4.989302456378936768e-01
4.989302456378936768e-01
4.989302456378936768e-01
4.989302456378936768e-01
4.989302456378936768e-01
4.989302456378936768e-01
4.989302456378936768e-01
4.989302456378936768e-01
4.989302456378936768e-01
4.989302456378936768e-01
4.989302456378936768e-01
4.989302456378936768e-01
4.989302456378936768e-01
4.989302456378936768e-01
4.989302456378936768e-01
4.989302456378936768e-01
4.989302456378936768e-01
4.989302456378936768e-01
4.989302456378936768e-01
4.986243247985839844e-01
4.989302456378936768e-01
4.965303242206573486e-01
4.945890903472900391e-01
4.943292140960693359e-01
4.920531809329986572e-01
4.918301105499267578e-01
4.989302456378936768e-01
4.917313158512115479e-01
4.989302456378936768e-01
4.918693304061889648e-01
4.834838509559631348e-01
4.924726188182830811e-01
4.989302456378936768e-01
4.989302456378936768e-01
4.989302456378936768e-01
4.989302456378936768e-01
4.989302456378936768e-01
4.989302456378936768e-01
4.989302456378936768e-01
4.989302456378936768e-01
4.989302456378936768e-01
4.989302456378936768e-01
4.989302456378936768e-01
4.989302456378936768e-01
4.989302456378936768e-01
4.989302456378936768e-01
4.989302456378936768e-01
4.989302456378936768e-01
4.989302456378936768e-01
4.989302456378936768e-01
4.989302456378936768e-01
4.989302456378936768e-01
4.989302456378936768e-01
4.989302456378936768e-01
4.989302456378936768e-01
4.989302456378936768e-01
4.989302456378936768e-01
4.989302456378936768e-01
4.989302456378936768e-01
4.989302456378936768e-01
4.989302456378936768e-01
4.989302456378936768e-01
4.989302456378936768e-01
4.989302456378936768e-01
4.989302456378936768e-01
4.989302456378936768e-01
4.989302456378936768e-01
4.989302456378936768e-01
4.989302456378936768e-01
4.989302456378936768e-01
4.989302456378936768e-01
4.717992544174194336e-01
4.945406615734100342e-01
4.989302456378936768e-01
4.843043684959411621e-01
4.989302456378936768e-01
4.919524490833282471e-01
4.980228245258331299e-01
4.989302456378936768e-01
4.989302456378936768e-01
4.989302456378936768e-01
4.981272518634796143e-01
4.989302456378936768e-01
4.979011118412017822e-01
4.989302456378936768e-01
4.989044070243835449e-01
4.989302456378936768e-01
4.989302456378936768e-01
4.989302456378936768e-01
4.989302456378936768e-01
0.000000000000000000e+00
4.847003221511840820e-01
4.807986021041870117e-01
4.989302456378936768e-01
4.827904105186462402e-01
4.989302456378936768e-01
4.220899045467376709e-01
4.974052608013153076e-01
4.989302456378936768e-01
4.989302456378936768e-01
4.947659969329833984e-01
4.936746656894683838e-01
4.921308755874633789e-01
4.921590685844421387e-01
4.989302456378936768e-01
4.921899437904357910e-01
4.989302456378936768e-01
4.919828176498413086e-01
4.919828176498413086e-01
4.919828176498413086e-01
4.919828176498413086e-01
4.989302456378936768e-01
4.989302456378936768e-01
4.989302456378936768e-01
4.989302456378936768e-01
4.989302456378936768e-01
4.917611777782440186e-01
4.917394518852233887e-01
4.917336106300354004e-01
4.812802374362945557e-01
4.815243482589721680e-01
4.812802374362945557e-01
4.812802374362945557e-01
4.812802672386169434e-01
4.812802374362945557e-01
4.834740459918975830e-01
4.851861298084259033e-01
4.838565289974212646e-01
4.929686188697814941e-01
4.851443767547607422e-01
4.851946830749511719e-01
4.872492551803588867e-01
4.836503267288208008e-01
4.645965993404388428e-01
4.834780991077423096e-01
4.836830198764801025e-01
4.836860895156860352e-01
4.989302456378936768e-01
4.917370080947875977e-01
4.989302456378936768e-01
4.989302456378936768e-01
4.989302456378936768e-01
4.989302456378936768e-01
4.989302456378936768e-01
4.989302456378936768e-01
4.989302456378936768e-01
4.989302456378936768e-01
4.835779964923858643e-01
4.831538796424865723e-01
4.840081632137298584e-01
4.975394904613494873e-01
4.834740757942199707e-01
4.989302456378936768e-01
4.989302456378936768e-01
4.989302456378936768e-01
4.989302456378936768e-01
4.989302456378936768e-01
4.906798601150512695e-01
4.989302456378936768e-01
4.989302456378936768e-01
4.989302456378936768e-01
4.989302456378936768e-01
4.989302456378936768e-01
4.989302456378936768e-01
4.989302456378936768e-01
4.989302456378936768e-01
4.989302456378936768e-01
4.989302456378936768e-01
4.989302456378936768e-01
4.989302456378936768e-01
4.989302456378936768e-01
4.989302456378936768e-01
4.989302456378936768e-01
4.989302456378936768e-01
4.989302456378936768e-01
4.989302456378936768e-01
4.989302456378936768e-01
4.989302456378936768e-01
4.989302456378936768e-01
4.989302456378936768e-01
4.989302456378936768e-01
4.989302456378936768e-01
4.989302456378936768e-01
4.989302456378936768e-01
4.989302456378936768e-01
4.989302456378936768e-01
4.989302456378936768e-01
4.989302456378936768e-01
4.989302456378936768e-01
4.989302456378936768e-01
4.989302456378936768e-01
4.989302456378936768e-01
4.989302456378936768e-01
4.989302456378936768e-01
4.989302456378936768e-01
4.989302456378936768e-01
4.989302456378936768e-01
4.989302456378936768e-01
4.989302456378936768e-01
4.989302456378936768e-01
4.989302456378936768e-01
4.989302456378936768e-01
4.989302456378936768e-01
4.989302456378936768e-01
4.989302456378936768e-01
4.989302456378936768e-01
4.989302456378936768e-01
4.989302456378936768e-01
4.989302456378936768e-01
4.989302456378936768e-01
4.989302456378936768e-01
4.989302456378936768e-01
4.989302456378936768e-01
4.989302456378936768e-01
4.989302456378936768e-01
4.989302456378936768e-01
4.989302456378936768e-01
4.989302456378936768e-01
4.989302456378936768e-01
4.989302456378936768e-01
4.989302456378936768e-01
4.989302456378936768e-01
4.989302456378936768e-01
4.989302456378936768e-01
4.989302456378936768e-01
4.989302456378936768e-01
4.989302456378936768e-01
4.989302456378936768e-01
4.989302456378936768e-01
4.989302456378936768e-01
4.989302456378936768e-01
4.989302456378936768e-01
4.989302456378936768e-01
4.989302456378936768e-01
4.989302456378936768e-01
4.989302456378936768e-01
4.989302456378936768e-01
4.989302456378936768e-01
4.989302456378936768e-01
4.989302456378936768e-01
4.957186281681060791e-01
4.989302456378936768e-01
4.989302456378936768e-01
4.989302456378936768e-01
4.989302456378936768e-01
4.989302456378936768e-01
4.989302456378936768e-01
4.989302456378936768e-01
4.989302456378936768e-01
4.989302456378936768e-01
4.989302456378936768e-01
4.989302456378936768e-01
4.989302456378936768e-01
4.989302456378936768e-01
4.989302456378936768e-01
4.989302456378936768e-01
4.989302456378936768e-01
4.989302456378936768e-01
4.989302456378936768e-01
4.989302456378936768e-01
4.989302456378936768e-01
4.989302456378936768e-01
4.989302456378936768e-01
4.989302456378936768e-01
4.989302456378936768e-01
4.989302456378936768e-01
4.989302456378936768e-01
4.989302456378936768e-01
4.989302456378936768e-01
4.989302456378936768e-01
4.989302456378936768e-01
4.989302456378936768e-01
4.989302456378936768e-01
4.989302456378936768e-01
4.989302456378936768e-01
4.989302456378936768e-01
4.989302456378936768e-01
4.989302456378936768e-01
4.989302456378936768e-01
4.989302456378936768e-01
4.989302456378936768e-01
4.989302456378936768e-01
4.989302456378936768e-01
4.989302456378936768e-01
4.989302456378936768e-01
4.989302456378936768e-01
4.989302456378936768e-01
4.989302456378936768e-01
4.989302456378936768e-01
4.989302456378936768e-01
4.989302456378936768e-01
4.840649664402008057e-01
4.989302456378936768e-01
4.989302456378936768e-01
4.989302456378936768e-01
4.989302456378936768e-01
4.989256262779235840e-01
4.989302456378936768e-01
4.977542161941528320e-01
4.989302456378936768e-01
4.934417009353637695e-01
4.934417009353637695e-01
4.919705688953399658e-01
4.917782247066497803e-01
4.917966723442077637e-01
4.917235970497131348e-01
4.917481243610382080e-01
4.917555153369903564e-01
4.917240440845489502e-01
4.918570816516876221e-01
4.834887981414794922e-01
4.834897220134735107e-01
4.834911525249481201e-01
4.834911525249481201e-01
4.928871095180511475e-01
4.834764599800109863e-01
4.836275875568389893e-01
4.835737645626068115e-01
4.859216809272766113e-01
4.988088905811309814e-01
4.933827221393585205e-01
4.923315942287445068e-01
4.979118704795837402e-01
4.834732115268707275e-01
4.812802374362945557e-01
4.917244315147399902e-01
4.834732115268707275e-01
4.989302456378936768e-01
4.834732115268707275e-01
4.918028712272644043e-01
4.918378591537475586e-01
4.985381066799163818e-01
4.917586147785186768e-01
4.926217496395111084e-01
4.927401244640350342e-01
4.989302456378936768e-01
4.954857528209686279e-01
4.956682026386260986e-01
4.918249547481536865e-01
4.919107258319854736e-01
4.989302456378936768e-01
4.989302456378936768e-01
4.989302456378936768e-01
4.989302456378936768e-01
4.989302456378936768e-01
4.989302456378936768e-01
4.989302456378936768e-01
4.989302456378936768e-01
4.989302456378936768e-01
4.989302456378936768e-01
4.989302456378936768e-01
4.989302456378936768e-01
4.918646216392517090e-01
4.989302456378936768e-01
4.906798601150512695e-01
4.837325811386108398e-01
4.837326109409332275e-01
4.837326109409332275e-01
4.837326407432556152e-01
4.989302456378936768e-01
4.989302456378936768e-01
4.989302456378936768e-01
4.989302456378936768e-01
4.920459687709808350e-01
4.989302456378936768e-01
4.989302456378936768e-01
4.989302456378936768e-01
4.989302456378936768e-01
4.989302456378936768e-01
4.989302456378936768e-01
4.989302456378936768e-01
4.989302456378936768e-01
4.957989752292633057e-01
4.989302456378936768e-01
4.989302456378936768e-01
4.989302456378936768e-01
4.989302456378936768e-01
4.989302456378936768e-01
4.973505139350891113e-01
4.656004011631011963e-01
4.989302456378936768e-01
4.972014725208282471e-01
4.989302456378936768e-01
4.989302456378936768e-01
4.989302456378936768e-01
4.989302456378936768e-01
4.989302456378936768e-01
4.989302456378936768e-01
4.989302456378936768e-01
4.989302456378936768e-01
4.989302456378936768e-01
4.989302456378936768e-01
4.989302456378936768e-01
4.989302456378936768e-01
4.989302456378936768e-01
4.989302456378936768e-01
4.989302456378936768e-01
4.989302456378936768e-01
4.989302456378936768e-01
4.989302456378936768e-01
4.989302456378936768e-01
4.989302456378936768e-01
4.989302456378936768e-01
4.989302456378936768e-01
4.989302456378936768e-01
4.989302456378936768e-01
4.989302456378936768e-01
4.989302456378936768e-01
4.660433530807495117e-01
4.816735386848449707e-01
4.816471040248870850e-01
4.913376271724700928e-01
4.914199411869049072e-01
4.912706613540649414e-01
4.816305339336395264e-01
4.912677407264709473e-01
4.918200075626373291e-01
4.812802374362945557e-01
4.812802374362945557e-01
4.989302456378936768e-01
4.851913154125213623e-01
4.851913154125213623e-01
4.989302456378936768e-01
4.989302456378936768e-01
4.851913154125213623e-01
4.851913154125213623e-01
4.851913154125213623e-01
4.989302456378936768e-01
4.989302456378936768e-01
4.989302456378936768e-01
4.989302456378936768e-01
4.989302456378936768e-01
4.989302456378936768e-01
4.989302456378936768e-01
4.989302456378936768e-01
4.989302456378936768e-01
4.922465085983276367e-01
4.422373175621032715e-01
4.834733009338378906e-01
4.834733903408050537e-01
4.696840941905975342e-01
4.834733903408050537e-01
4.472942352294921875e-01
4.834733903408050537e-01
4.834733903408050537e-01
4.837324619293212891e-01
4.837324619293212891e-01
4.989302456378936768e-01
4.989302456378936768e-01
4.989302456378936768e-01
4.989302456378936768e-01
4.851914048194885254e-01
4.834794998168945312e-01
4.989302456378936768e-01
4.989302456378936768e-01
4.989302456378936768e-01
4.989302456378936768e-01
4.989302456378936768e-01
4.974091649055480957e-01
4.989302456378936768e-01
4.989302456378936768e-01
4.813410043716430664e-01
4.989302456378936768e-01
4.846014976501464844e-01
4.989302456378936768e-01
4.989302456378936768e-01
4.989302456378936768e-01
4.989302456378936768e-01
4.989302456378936768e-01
4.989302456378936768e-01
4.989301860332489014e-01
4.989289343357086182e-01
4.989302456378936768e-01
4.912411272525787354e-01
4.970736205577850342e-01
4.989302158355712891e-01
4.989302456378936768e-01
4.989302456378936768e-01
4.989302456378936768e-01
4.989302456378936768e-01
4.989302456378936768e-01
4.989302456378936768e-01
4.989302456378936768e-01
4.989302456378936768e-01
4.989302456378936768e-01
4.989302456378936768e-01
4.989302456378936768e-01
4.989302456378936768e-01
4.989302456378936768e-01
4.989302456378936768e-01
4.973527789115905762e-01
4.989302456378936768e-01
4.911114573478698730e-01
4.989302456378936768e-01
4.989302456378936768e-01
4.989302456378936768e-01
4.989302456378936768e-01
4.989302456378936768e-01
4.989302456378936768e-01
4.989302456378936768e-01
4.989302456378936768e-01
4.989302456378936768e-01
4.989302456378936768e-01
4.989302456378936768e-01
4.989302456378936768e-01
4.989302456378936768e-01
4.989302456378936768e-01
4.989302456378936768e-01
4.989302456378936768e-01
4.989302456378936768e-01
4.989302456378936768e-01
4.989302456378936768e-01
4.989302456378936768e-01
4.989302456378936768e-01
4.989302456378936768e-01
4.961174726486206055e-01
4.956133663654327393e-01
4.989302456378936768e-01
4.940297901630401611e-01
4.944814741611480713e-01
4.989302456378936768e-01
4.989302456378936768e-01
4.926999807357788086e-01
4.918276071548461914e-01
4.921227395534515381e-01
4.835120439529418945e-01
4.989302456378936768e-01
4.989302456378936768e-01
4.989302456378936768e-01
4.989302456378936768e-01
4.989302456378936768e-01
4.989302456378936768e-01
4.989302456378936768e-01
4.989302456378936768e-01
4.989302456378936768e-01
4.989302456378936768e-01
4.989302456378936768e-01
4.989302456378936768e-01
4.989302456378936768e-01
4.989302456378936768e-01
4.989302456378936768e-01
4.989302456378936768e-01
4.989302456378936768e-01
4.989302456378936768e-01
4.989302456378936768e-01
4.989302456378936768e-01
4.989302456378936768e-01
4.989302456378936768e-01
4.989302456378936768e-01
4.989302456378936768e-01
4.989302456378936768e-01
4.989302456378936768e-01
4.989302456378936768e-01
4.989302456378936768e-01
4.989302456378936768e-01
4.989302456378936768e-01
4.989302456378936768e-01
4.989302456378936768e-01
4.989302456378936768e-01
4.989302456378936768e-01
4.989302456378936768e-01
4.989302456378936768e-01
4.989302456378936768e-01
4.989302456378936768e-01
4.989302456378936768e-01
4.989302456378936768e-01
4.989302456378936768e-01
4.989302456378936768e-01
4.989302456378936768e-01
4.989302456378936768e-01
4.989302456378936768e-01
4.989302456378936768e-01
4.989302456378936768e-01
4.989302456378936768e-01
4.989302456378936768e-01
4.989302456378936768e-01
4.989302456378936768e-01
4.989302456378936768e-01
4.989302456378936768e-01
4.989302456378936768e-01
4.989302456378936768e-01
4.989302456378936768e-01
4.989302456378936768e-01
4.989302456378936768e-01
4.989302456378936768e-01
4.989302456378936768e-01
4.989302456378936768e-01
4.989302456378936768e-01
4.989302456378936768e-01
4.989302456378936768e-01
4.989302456378936768e-01
4.989302456378936768e-01
4.989302456378936768e-01
4.989302456378936768e-01
4.989302456378936768e-01
4.837324619293212891e-01
4.837324619293212891e-01
4.837324917316436768e-01
4.837324619293212891e-01
4.837324619293212891e-01
4.837324619293212891e-01
4.837324619293212891e-01
4.989302456378936768e-01
4.989302456378936768e-01
4.989302456378936768e-01
4.989302456378936768e-01
4.989302456378936768e-01
4.989302456378936768e-01
4.989302456378936768e-01
4.989302456378936768e-01
4.989302456378936768e-01
4.989302456378936768e-01
4.989302456378936768e-01
4.989302456378936768e-01
4.989302456378936768e-01
4.989302456378936768e-01
4.989302456378936768e-01
4.989302456378936768e-01
4.989302456378936768e-01
4.989302456378936768e-01
4.989302456378936768e-01
4.989302456378936768e-01
4.954763054847717285e-01
4.787331819534301758e-01
4.733963608741760254e-01
4.971556365489959717e-01
4.989302456378936768e-01
4.784286022186279297e-01
4.973304569721221924e-01
4.989302456378936768e-01
4.989302456378936768e-01
4.989302456378936768e-01
4.989302456378936768e-01
4.989302456378936768e-01
4.989302456378936768e-01
4.989302456378936768e-01
4.989302456378936768e-01
4.989302456378936768e-01
4.989302456378936768e-01
4.989302456378936768e-01
4.989302456378936768e-01
4.989302456378936768e-01
4.989302456378936768e-01
4.989302456378936768e-01
4.989302456378936768e-01
4.989302456378936768e-01
4.989302456378936768e-01
4.989302456378936768e-01
4.989302456378936768e-01
4.989302456378936768e-01
4.989302456378936768e-01
4.989302456378936768e-01
4.989302456378936768e-01
4.989302456378936768e-01
4.989302456378936768e-01
4.989302456378936768e-01
4.989302456378936768e-01
4.989302456378936768e-01
4.989302456378936768e-01
4.989302456378936768e-01
4.989302456378936768e-01
4.989302456378936768e-01
4.989302456378936768e-01
4.989302456378936768e-01
4.925033152103424072e-01
4.906798601150512695e-01
4.989302456378936768e-01
4.989302456378936768e-01
4.989302456378936768e-01
4.989302456378936768e-01
4.989302456378936768e-01
4.989302456378936768e-01
4.989302456378936768e-01
4.989302456378936768e-01
4.989302456378936768e-01
4.989302456378936768e-01
4.989302456378936768e-01
4.989302456378936768e-01
4.989302456378936768e-01
4.989302456378936768e-01
4.989302456378936768e-01
4.989302456378936768e-01
4.989302456378936768e-01
4.989302456378936768e-01
4.989302456378936768e-01
4.989302456378936768e-01
4.989302456378936768e-01
4.989302456378936768e-01
4.989302456378936768e-01
4.989302456378936768e-01
4.989302456378936768e-01
4.989302456378936768e-01
4.989302456378936768e-01
4.989302456378936768e-01
4.989302456378936768e-01
4.989302456378936768e-01
4.989302456378936768e-01
4.989302456378936768e-01
4.989302456378936768e-01
4.989302456378936768e-01
4.989302456378936768e-01
4.989302456378936768e-01
4.989302456378936768e-01
4.989302456378936768e-01
4.989302456378936768e-01
4.989302456378936768e-01
4.989302456378936768e-01
4.989302456378936768e-01
4.989302456378936768e-01
4.989302456378936768e-01
4.989302456378936768e-01
4.989302456378936768e-01
4.989302456378936768e-01
4.989302456378936768e-01
4.989302456378936768e-01
4.989302456378936768e-01
4.989302456378936768e-01
4.989302456378936768e-01
4.989302456378936768e-01
4.989302456378936768e-01
4.989302456378936768e-01
4.989302456378936768e-01
4.989302456378936768e-01
4.989302456378936768e-01
4.989302456378936768e-01
4.989302456378936768e-01
4.989302456378936768e-01
4.989302456378936768e-01
4.989302456378936768e-01
4.989302456378936768e-01
4.989302456378936768e-01
4.989302456378936768e-01
4.989302456378936768e-01
4.989302456378936768e-01
4.989302456378936768e-01
4.989302456378936768e-01
4.989302456378936768e-01
4.989302456378936768e-01
4.989302456378936768e-01
4.989302456378936768e-01
4.989302456378936768e-01
4.989302456378936768e-01
4.989302456378936768e-01
4.989302456378936768e-01
4.989302456378936768e-01
4.989302456378936768e-01
4.989302456378936768e-01
4.989302456378936768e-01
4.989302456378936768e-01
4.989302456378936768e-01
4.989302456378936768e-01
4.989302456378936768e-01
4.989302456378936768e-01
4.989302456378936768e-01
4.989302456378936768e-01
4.842627942562103271e-01
4.934417009353637695e-01
4.934417009353637695e-01
4.934417009353637695e-01
4.840632379055023193e-01
4.887841343879699707e-01
4.934417009353637695e-01
4.921699464321136475e-01
4.834732711315155029e-01
4.989302456378936768e-01
4.934417009353637695e-01
4.834734201431274414e-01
4.917357563972473145e-01
4.989302456378936768e-01
4.834732413291931152e-01
4.918444454669952393e-01
4.922577738761901855e-01
4.834732115268707275e-01
4.923837184906005859e-01
4.928398430347442627e-01
4.927892982959747314e-01
4.989302456378936768e-01
4.989302456378936768e-01
4.989302456378936768e-01
4.935405850410461426e-01
4.989302456378936768e-01
4.989302456378936768e-01
4.989302456378936768e-01
4.989302456378936768e-01
4.989302456378936768e-01
4.989302456378936768e-01
4.989302456378936768e-01
4.989302456378936768e-01
4.989302456378936768e-01
4.989302456378936768e-01
4.989302456378936768e-01
4.989302456378936768e-01
4.989302456378936768e-01
4.989302456378936768e-01
4.929046034812927246e-01
4.989302456378936768e-01
4.989302456378936768e-01
4.989302456378936768e-01
4.989302456378936768e-01
4.989302456378936768e-01
4.989302456378936768e-01
4.989302456378936768e-01
4.989302456378936768e-01
4.989302456378936768e-01
4.989302456378936768e-01
4.989302456378936768e-01
4.989302456378936768e-01
4.989302456378936768e-01
4.989302456378936768e-01
4.989302456378936768e-01
4.989302456378936768e-01
4.989302456378936768e-01
4.989302456378936768e-01
4.989302456378936768e-01
4.989302456378936768e-01
4.989302456378936768e-01
4.989302456378936768e-01
4.989302456378936768e-01
4.989302456378936768e-01
4.989302456378936768e-01
4.989302456378936768e-01
4.989302456378936768e-01
4.989302456378936768e-01
4.989302456378936768e-01
4.989302456378936768e-01
4.989302456378936768e-01
4.989302456378936768e-01
4.989302456378936768e-01
4.989302456378936768e-01
4.989302456378936768e-01
4.989302456378936768e-01
4.989302456378936768e-01
4.989302456378936768e-01
4.989302456378936768e-01
4.989302456378936768e-01
4.989302456378936768e-01
4.989302456378936768e-01
4.989302456378936768e-01
4.989302456378936768e-01
4.989302456378936768e-01
4.989302456378936768e-01
4.989302456378936768e-01
4.989302456378936768e-01
4.989302456378936768e-01
4.989302456378936768e-01
4.989302456378936768e-01
4.989302456378936768e-01
4.989302456378936768e-01
4.932731389999389648e-01
4.989302456378936768e-01
4.989302456378936768e-01
4.989302456378936768e-01
4.989302456378936768e-01
4.989302456378936768e-01
4.989302456378936768e-01
4.989302456378936768e-01
4.989302456378936768e-01
4.989302456378936768e-01
4.989302456378936768e-01
4.989302456378936768e-01
4.989302456378936768e-01
4.989302456378936768e-01
4.989302456378936768e-01
4.989302456378936768e-01
4.989302456378936768e-01
4.989302456378936768e-01
4.989302456378936768e-01
4.989302456378936768e-01
4.989302456378936768e-01
4.989302456378936768e-01
4.855899810791015625e-01
4.989301860332489014e-01
4.989302456378936768e-01
4.989302456378936768e-01
4.989302456378936768e-01
4.989302456378936768e-01
4.989302456378936768e-01
4.989302456378936768e-01
4.989302456378936768e-01
4.989302456378936768e-01
4.989302456378936768e-01
4.989302456378936768e-01
4.989302456378936768e-01
4.989302456378936768e-01
4.989302456378936768e-01
4.989302456378936768e-01
4.989302456378936768e-01
4.989302456378936768e-01
4.989302456378936768e-01
4.989302456378936768e-01
4.989302456378936768e-01
4.989302456378936768e-01
4.989302456378936768e-01
4.989302456378936768e-01
4.989302456378936768e-01
4.989302456378936768e-01
4.989302456378936768e-01
4.989302456378936768e-01
4.989302456378936768e-01
4.989302456378936768e-01
4.989302456378936768e-01
4.989302456378936768e-01
4.989302456378936768e-01
4.989302456378936768e-01
4.989302456378936768e-01
4.989302456378936768e-01
4.989302456378936768e-01
4.989302456378936768e-01
4.989302456378936768e-01
4.989302456378936768e-01
4.989302456378936768e-01
4.989302456378936768e-01
4.989302456378936768e-01
4.989302456378936768e-01
4.989302456378936768e-01
4.989302456378936768e-01
4.989302456378936768e-01
4.989302456378936768e-01
4.989302456378936768e-01
4.989302456378936768e-01
4.989302456378936768e-01
4.989302456378936768e-01
4.989302456378936768e-01
4.989302456378936768e-01
4.989302456378936768e-01
4.989302456378936768e-01
4.989302456378936768e-01
4.989302456378936768e-01
4.989302456378936768e-01
4.989302456378936768e-01
4.989302456378936768e-01
4.989302456378936768e-01
4.989302456378936768e-01
4.989302456378936768e-01
4.989302456378936768e-01
4.989302456378936768e-01
4.989302456378936768e-01
4.989302456378936768e-01
4.989302456378936768e-01
4.989302456378936768e-01
4.989302456378936768e-01
4.989302456378936768e-01
4.989302456378936768e-01
4.989302456378936768e-01
4.989302456378936768e-01
4.989302456378936768e-01
4.989302456378936768e-01
4.989302456378936768e-01
4.989302456378936768e-01
4.989302456378936768e-01
4.989302456378936768e-01
4.989302456378936768e-01
4.989302456378936768e-01
4.989302456378936768e-01
4.989302456378936768e-01
4.989302456378936768e-01
4.989302456378936768e-01
4.989302456378936768e-01
4.989302456378936768e-01
4.989302456378936768e-01
4.989302456378936768e-01
4.989302456378936768e-01
4.989302456378936768e-01
4.989302456378936768e-01
4.989302456378936768e-01
4.989302456378936768e-01
4.989302456378936768e-01
4.989302456378936768e-01
4.989302456378936768e-01
4.989302456378936768e-01
4.989302456378936768e-01
4.989302456378936768e-01
4.989302456378936768e-01
4.989302456378936768e-01
4.989302456378936768e-01
4.989302456378936768e-01
4.989302456378936768e-01
4.989302456378936768e-01
4.989302456378936768e-01
4.989302456378936768e-01
4.989302456378936768e-01
4.989302456378936768e-01
4.989302456378936768e-01
4.989302456378936768e-01
4.989302456378936768e-01
4.989302456378936768e-01
4.989302456378936768e-01
4.989302456378936768e-01
4.989302456378936768e-01
4.989302456378936768e-01
4.989302456378936768e-01
4.989302456378936768e-01
4.989302456378936768e-01
4.989302456378936768e-01
4.989302456378936768e-01
4.989302456378936768e-01
4.989302456378936768e-01
4.989302456378936768e-01
4.393267929553985596e-01
4.845587015151977539e-01
4.842035174369812012e-01
4.838254451751708984e-01
4.835969805717468262e-01
4.700691998004913330e-01
4.133439660072326660e-01
4.420335590839385986e-01
3.235419690608978271e-01
3.453823924064636230e-01
4.262826740741729736e-01
4.834780097007751465e-01
4.989302456378936768e-01
4.983711838722229004e-01
4.989302456378936768e-01
4.963445365428924561e-01
4.922007620334625244e-01
4.981019198894500732e-01
4.828017652034759521e-01
4.239581823348999023e-01
4.832586050033569336e-01
4.210124611854553223e-01
4.989302456378936768e-01
4.980614781379699707e-01
4.987425208091735840e-01
4.989302456378936768e-01
4.989302456378936768e-01
4.986066222190856934e-01
4.920165836811065674e-01
4.989302456378936768e-01
4.906798601150512695e-01
4.989302456378936768e-01
4.989302456378936768e-01
4.989302456378936768e-01
4.989302456378936768e-01
4.989302456378936768e-01
4.989302456378936768e-01
4.989302456378936768e-01
4.989302456378936768e-01
4.989302456378936768e-01
4.989302456378936768e-01
4.989302456378936768e-01
4.989302456378936768e-01
4.989302456378936768e-01
4.989302456378936768e-01
4.989302456378936768e-01
4.989302456378936768e-01
4.934417009353637695e-01
4.989302456378936768e-01
4.989302456378936768e-01
4.849718511104583740e-01
4.907481074333190918e-01
4.934417009353637695e-01
4.934417009353637695e-01
4.934417009353637695e-01
4.974651634693145752e-01
4.970190525054931641e-01
4.982265532016754150e-01
4.984605312347412109e-01
4.934658706188201904e-01
4.989302456378936768e-01
4.933251440525054932e-01
4.919828176498413086e-01
4.924541711807250977e-01
4.935135245323181152e-01
