3.480246961116790771e-01
3.534741997718811035e-01
3.510116934776306152e-01
3.507948815822601318e-01
3.499491214752197266e-01
3.457013368606567383e-01
3.474703431129455566e-01
3.546533882617950439e-01
3.497631251811981201e-01
3.550881147384643555e-01
3.518434166908264160e-01
3.509456515312194824e-01
3.563037514686584473e-01
3.560219705104827881e-01
3.579365015029907227e-01
3.554303050041198730e-01
3.566353023052215576e-01
3.561628460884094238e-01
3.552524447441101074e-01
3.566623330116271973e-01
3.568195998668670654e-01
3.578501641750335693e-01
3.570363521575927734e-01
3.573532104492187500e-01
3.582022786140441895e-01
3.586266934871673584e-01
3.586323261260986328e-01
3.581986129283905029e-01
3.617607057094573975e-01
3.571206927299499512e-01
3.600537478923797607e-01
3.552965223789215088e-01
3.553432822227478027e-01
3.550892472267150879e-01
3.525924682617187500e-01
3.528376817703247070e-01
3.531767725944519043e-01
3.526964783668518066e-01
3.534891009330749512e-01
3.576710820198059082e-01
3.470250964164733887e-01
3.440879881381988525e-01
3.453309535980224609e-01
3.347266316413879395e-01
3.226651549339294434e-01
3.460114300251007080e-01
3.524543642997741699e-01
3.524495959281921387e-01
2.416115105152130127e-01
3.300045728683471680e-01
3.325245678424835205e-01
3.222983479499816895e-01
3.515098690986633301e-01
3.538371324539184570e-01
2.897520065307617188e-01
2.594485282897949219e-01
2.573713660240173340e-01
2.381608486175537109e-01
2.343807518482208252e-01
3.527032732963562012e-01
3.490643501281738281e-01
3.541633486747741699e-01
3.455408811569213867e-01
3.315447270870208740e-01
3.378812670707702637e-01
2.353768646717071533e-01
3.318838477134704590e-01
3.313823640346527100e-01
3.286696076393127441e-01
3.210325837135314941e-01
2.388752400875091553e-01
2.583616375923156738e-01
2.691988348960876465e-01
3.151094317436218262e-01
3.369280993938446045e-01
3.386971950531005859e-01
3.382728099822998047e-01
3.340934514999389648e-01
3.381329774856567383e-01
3.331201672554016113e-01
3.419196605682373047e-01
3.331161141395568848e-01
3.364660143852233887e-01
3.392423093318939209e-01
3.359764218330383301e-01
3.544802665710449219e-01
3.558469414710998535e-01
3.559527397155761719e-01
3.558960556983947754e-01
3.574135899543762207e-01
3.572154641151428223e-01
3.574395775794982910e-01
3.575442433357238770e-01
3.577088713645935059e-01
3.575195968151092529e-01
3.576705157756805420e-01
3.581313490867614746e-01
3.539930880069732666e-01
3.569358587265014648e-01
3.558452129364013672e-01
3.556469082832336426e-01
3.564163446426391602e-01
3.571956753730773926e-01
3.590583801269531250e-01
3.553496003150939941e-01
3.562892079353332520e-01
3.569848537445068359e-01
3.574426770210266113e-01
3.563019633293151855e-01
3.567966520786285400e-01
3.498351275920867920e-01
3.568729758262634277e-01
3.546729683876037598e-01
3.561262488365173340e-01
3.560451269149780273e-01
3.562118411064147949e-01
3.575081527233123779e-01
3.562195301055908203e-01
3.538394570350646973e-01
3.551660180091857910e-01
3.549898862838745117e-01
3.583060503005981445e-01
3.585880398750305176e-01
3.570925593376159668e-01
3.580324053764343262e-01
3.584416210651397705e-01
3.585402369499206543e-01
3.585652410984039307e-01
3.585295081138610840e-01
3.585358262062072754e-01
3.586340248584747314e-01
3.584639728069305420e-01
3.569159507751464844e-01
3.567617535591125488e-01
3.580099940299987793e-01
3.564273118972778320e-01
3.567261099815368652e-01
3.541902601718902588e-01
3.567511141300201416e-01
3.540952801704406738e-01
3.565695285797119141e-01
3.522072434425354004e-01
3.568107485771179199e-01
3.519546985626220703e-01
3.567612171173095703e-01
3.568105995655059814e-01
3.567167520523071289e-01
3.578593134880065918e-01
3.574626445770263672e-01
3.581329882144927979e-01
3.583226799964904785e-01
3.581909537315368652e-01
3.583084940910339355e-01
3.586555123329162598e-01
3.586673736572265625e-01
3.585277199745178223e-01
3.583532571792602539e-01
3.606132268905639648e-01
3.579771518707275391e-01
3.580702245235443115e-01
3.582814931869506836e-01
3.570661544799804688e-01
3.583959341049194336e-01
3.586817979812622070e-01
3.585814535617828369e-01
3.584985136985778809e-01
3.571202158927917480e-01
3.579555153846740723e-01
3.582049608230590820e-01
3.585332930088043213e-01
3.583830595016479492e-01
3.581335842609405518e-01
3.608202636241912842e-01
3.598957061767578125e-01
3.531542420387268066e-01
3.540943264961242676e-01
3.555437922477722168e-01
3.554345965385437012e-01
3.555984497070312500e-01
3.557046055793762207e-01
3.550356030464172363e-01
3.550695776939392090e-01
3.556259870529174805e-01
3.546809554100036621e-01
3.552283346652984619e-01
3.538641929626464844e-01
3.556562066078186035e-01
3.554578125476837158e-01
3.559471666812896729e-01
3.568633496761322021e-01
3.557991981506347656e-01
3.556177020072937012e-01
3.567744195461273193e-01
3.559995293617248535e-01
3.562708497047424316e-01
3.537189960479736328e-01
3.566132783889770508e-01
3.505704402923583984e-01
3.532186746597290039e-01
3.522543311119079590e-01
3.530574142932891846e-01
3.576127290725708008e-01
3.585490584373474121e-01
3.577768504619598389e-01
3.579002618789672852e-01
3.407435417175292969e-01
3.423547744750976562e-01
3.296130001544952393e-01
3.349824547767639160e-01
3.531966805458068848e-01
3.519477844238281250e-01
3.525386452674865723e-01
3.520296216011047363e-01
3.511937260627746582e-01
3.509750962257385254e-01
3.260337710380554199e-01
3.464263975620269775e-01
3.463999629020690918e-01
3.539584875106811523e-01
3.543270230293273926e-01
3.550058603286743164e-01
3.556075692176818848e-01
3.557940721511840820e-01
3.563633561134338379e-01
3.565642833709716797e-01
3.568580150604248047e-01
3.572003245353698730e-01
3.565967977046966553e-01
3.592545390129089355e-01
3.570507466793060303e-01
3.603850603103637695e-01
3.565859198570251465e-01
3.600601553916931152e-01
3.597215712070465088e-01
3.574012219905853271e-01
3.553530275821685791e-01
3.566725850105285645e-01
3.556386232376098633e-01
3.553596138954162598e-01
3.557284474372863770e-01
3.549712300300598145e-01
3.560570478439331055e-01
3.561616837978363037e-01
3.562763929367065430e-01
3.570140004158020020e-01
3.576630353927612305e-01
3.578251600265502930e-01
3.578908145427703857e-01
3.578457832336425781e-01
3.580240607261657715e-01
3.580279946327209473e-01
3.581678867340087891e-01
