3.136855065822601318e-01
3.137378692626953125e-01
3.133282065391540527e-01
3.135683834552764893e-01
3.138919174671173096e-01
3.140642642974853516e-01
3.139082789421081543e-01
3.134713768959045410e-01
3.136088848114013672e-01
3.137454092502593994e-01
3.138090074062347412e-01
3.136444687843322754e-01
3.142028748989105225e-01
0.000000000000000000e+00
3.148434162139892578e-01
3.130174875259399414e-01
3.130519390106201172e-01
0.000000000000000000e+00
3.128055334091186523e-01
0.000000000000000000e+00
3.135433793067932129e-01
3.131771981716156006e-01
3.132474422454833984e-01
3.125266432762145996e-01
3.109614849090576172e-01
3.126651644706726074e-01
0.000000000000000000e+00
3.128928542137145996e-01
3.128734827041625977e-01
3.134198784828186035e-01
3.141182661056518555e-01
3.115322589874267578e-01
3.136990070343017578e-01
3.122617602348327637e-01
3.137468099594116211e-01
3.139246106147766113e-01
3.132205605506896973e-01
3.130252957344055176e-01
3.133597075939178467e-01
3.136229515075683594e-01
3.129743337631225586e-01
0.000000000000000000e+00
3.138595819473266602e-01
0.000000000000000000e+00
3.133373558521270752e-01
0.000000000000000000e+00
3.132163286209106445e-01
3.129980266094207764e-01
3.137338161468505859e-01
3.139206171035766602e-01
3.148666322231292725e-01
3.142379224300384521e-01
3.140285909175872803e-01
3.135469555854797363e-01
3.137460947036743164e-01
3.132811188697814941e-01
3.130579590797424316e-01
3.131604194641113281e-01
3.131885826587677002e-01
3.140802383422851562e-01
0.000000000000000000e+00
3.140322864055633545e-01
3.137770891189575195e-01
3.139488697052001953e-01
3.139828145503997803e-01
3.135311007499694824e-01
3.134529590606689453e-01
3.135908544063568115e-01
3.136493265628814697e-01
3.138275146484375000e-01
3.140473365783691406e-01
3.140226602554321289e-01
3.137744069099426270e-01
3.137763142585754395e-01
3.137326538562774658e-01
3.141425848007202148e-01
3.140358924865722656e-01
3.141692876815795898e-01
3.152370452880859375e-01
3.140966594219207764e-01
3.141362667083740234e-01
3.139765262603759766e-01
3.141294419765472412e-01
3.139130771160125732e-01
3.141780495643615723e-01
3.142646849155426025e-01
3.140649497509002686e-01
3.140200376510620117e-01
3.146072030067443848e-01
3.140236139297485352e-01
3.144872784614562988e-01
3.138874769210815430e-01
3.140790462493896484e-01
3.145163059234619141e-01
3.138439655303955078e-01
3.138941526412963867e-01
3.143945038318634033e-01
3.146959543228149414e-01
3.145065903663635254e-01
3.144390583038330078e-01
3.142395019531250000e-01
3.145350217819213867e-01
3.146481215953826904e-01
3.143912255764007568e-01
3.139646351337432861e-01
3.148083686828613281e-01
3.148139119148254395e-01
3.142973184585571289e-01
3.139519691467285156e-01
3.139554262161254883e-01
3.141428232192993164e-01
3.142639696598052979e-01
3.140456974506378174e-01
3.145312666893005371e-01
3.140469193458557129e-01
3.146637380123138428e-01
3.144400417804718018e-01
3.141074180603027344e-01
3.142743110656738281e-01
3.147791028022766113e-01
3.141601085662841797e-01
3.146409988403320312e-01
3.143733739852905273e-01
3.146771788597106934e-01
3.140623569488525391e-01
3.137326240539550781e-01
3.128113150596618652e-01
3.138288259506225586e-01
3.138734698295593262e-01
3.129696249961853027e-01
3.139392137527465820e-01
3.134573698043823242e-01
3.137336969375610352e-01
3.129988908767700195e-01
3.128923177719116211e-01
3.132044672966003418e-01
3.134665489196777344e-01
3.133443593978881836e-01
3.138763308525085449e-01
0.000000000000000000e+00
3.141638040542602539e-01
3.130633831024169922e-01
3.128505647182464600e-01
7.146042585372924805e-02
3.139711618423461914e-01
3.134514093399047852e-01
3.136042356491088867e-01
3.133249282836914062e-01
0.000000000000000000e+00
3.135243058204650879e-01
3.131552338600158691e-01
3.138043880462646484e-01
0.000000000000000000e+00
3.135213851928710938e-01
3.130968213081359863e-01
3.122018575668334961e-01
3.135958611965179443e-01
3.139271736145019531e-01
3.128135800361633301e-01
3.130575418472290039e-01
3.134287595748901367e-01
3.135039806365966797e-01
0.000000000000000000e+00
3.346442580223083496e-01
3.131521344184875488e-01
3.131904304027557373e-01
3.141254782676696777e-01
3.144258856773376465e-01
3.139644861221313477e-01
3.135556578636169434e-01
0.000000000000000000e+00
0.000000000000000000e+00
0.000000000000000000e+00
3.143581748008728027e-01
3.135810494422912598e-01
3.132072091102600098e-01
3.136597871780395508e-01
3.115199208259582520e-01
3.127945065498352051e-01
3.128899335861206055e-01
3.121170997619628906e-01
3.125487267971038818e-01
3.129721283912658691e-01
3.118730485439300537e-01
3.130284249782562256e-01
3.127384781837463379e-01
3.122325837612152100e-01
3.128617405891418457e-01
0.000000000000000000e+00
0.000000000000000000e+00
3.131465315818786621e-01
3.122352957725524902e-01
3.443677127361297607e-01
3.130351305007934570e-01
3.119771480560302734e-01
3.121440410614013672e-01
3.128173947334289551e-01
3.132542967796325684e-01
3.131867051124572754e-01
3.132349252700805664e-01
3.128641247749328613e-01
3.133056759834289551e-01
3.134014606475830078e-01
3.130846619606018066e-01
3.136022984981536865e-01
3.134801983833312988e-01
3.137330412864685059e-01
3.133081793785095215e-01
0.000000000000000000e+00
3.129253387451171875e-01
3.130294680595397949e-01
0.000000000000000000e+00
3.126689791679382324e-01
3.130878210067749023e-01
3.133333921432495117e-01
3.130112290382385254e-01
3.132700920104980469e-01
3.128639459609985352e-01
3.139022588729858398e-01
3.136833310127258301e-01
3.140436708927154541e-01
3.141197562217712402e-01
3.137484192848205566e-01
3.138056397438049316e-01
3.141487240791320801e-01
3.137952387332916260e-01
3.138839006423950195e-01
3.137775063514709473e-01
3.141793906688690186e-01
3.138498961925506592e-01
3.140581250190734863e-01
3.140837848186492920e-01
3.134087026119232178e-01
3.137683272361755371e-01
3.131620883941650391e-01
3.141895532608032227e-01
3.137182593345642090e-01
3.143069148063659668e-01
3.137449026107788086e-01
3.136392235755920410e-01
3.137698173522949219e-01
3.140186071395874023e-01
3.140325546264648438e-01
3.135259747505187988e-01
3.137090206146240234e-01
3.136796355247497559e-01
3.133879899978637695e-01
3.132146894931793213e-01
3.143173456192016602e-01
3.133545517921447754e-01
3.136219978332519531e-01
0.000000000000000000e+00
0.000000000000000000e+00
3.128044605255126953e-01
3.132274746894836426e-01
3.134166598320007324e-01
3.136164546012878418e-01
3.133555054664611816e-01
3.139560520648956299e-01
3.138162493705749512e-01
3.139855265617370605e-01
3.136377334594726562e-01
3.136346936225891113e-01
3.139216303825378418e-01
3.135857284069061279e-01
3.139663934707641602e-01
3.145182728767395020e-01
3.147149384021759033e-01
3.145604133605957031e-01
3.143748044967651367e-01
3.151556849479675293e-01
3.133916854858398438e-01
3.138958215713500977e-01
3.141057193279266357e-01
3.133718371391296387e-01
3.144072592258453369e-01
3.148329257965087891e-01
3.135464787483215332e-01
3.142883479595184326e-01
3.134679496288299561e-01
3.137711286544799805e-01
3.140161037445068359e-01
3.132119476795196533e-01
3.134067654609680176e-01
3.135780692100524902e-01
3.130344152450561523e-01
3.139500021934509277e-01
3.138660788536071777e-01
3.137353062629699707e-01
3.125883340835571289e-01
3.130756020545959473e-01
3.140506744384765625e-01
3.137550354003906250e-01
3.139209449291229248e-01
3.136613368988037109e-01
3.136885464191436768e-01
3.130256831645965576e-01
3.141471147537231445e-01
3.140711784362792969e-01
3.138796687126159668e-01
3.139671087265014648e-01
3.131583333015441895e-01
3.139501810073852539e-01
3.131118416786193848e-01
3.141914010047912598e-01
3.139707446098327637e-01
3.134463131427764893e-01
3.135628700256347656e-01
3.136967420578002930e-01
3.135718703269958496e-01
3.134953975677490234e-01
3.241025209426879883e-01
3.140559196472167969e-01
3.132619857788085938e-01
3.135601878166198730e-01
2.490083575248718262e-01
0.000000000000000000e+00
3.272489905357360840e-01
3.137053847312927246e-01
3.140794634819030762e-01
3.137798011302947998e-01
3.134885430335998535e-01
3.131229281425476074e-01
3.132645487785339355e-01
3.133960366249084473e-01
3.132385611534118652e-01
3.141188621520996094e-01
3.134178817272186279e-01
3.137153387069702148e-01
3.135515451431274414e-01
3.143838047981262207e-01
3.136302232742309570e-01
3.136004209518432617e-01
3.142146170139312744e-01
3.138263821601867676e-01
3.138634562492370605e-01
3.139595389366149902e-01
3.137006163597106934e-01
3.143156170845031738e-01
3.138605952262878418e-01
3.138995766639709473e-01
3.139267563819885254e-01
3.137117028236389160e-01
3.136301636695861816e-01
3.141797184944152832e-01
3.137859702110290527e-01
3.138771653175354004e-01
3.137699961662292480e-01
3.141950368881225586e-01
3.144462704658508301e-01
3.139592111110687256e-01
3.139554858207702637e-01
3.138743042945861816e-01
3.137162327766418457e-01
3.138232231140136719e-01
3.138537406921386719e-01
3.139699101448059082e-01
3.138230443000793457e-01
3.139847517013549805e-01
3.139875233173370361e-01
3.141118288040161133e-01
3.139318227767944336e-01
3.139317929744720459e-01
3.141382932662963867e-01
3.138377368450164795e-01
3.138495087623596191e-01
3.141507506370544434e-01
3.141475319862365723e-01
3.138689994812011719e-01
3.139483332633972168e-01
3.138050734996795654e-01
3.142334818840026855e-01
3.139995336532592773e-01
3.139101266860961914e-01
3.142606914043426514e-01
3.140810728073120117e-01
3.139875531196594238e-01
3.140692114830017090e-01
3.138645887374877930e-01
3.138280510902404785e-01
3.142666518688201904e-01
3.139204680919647217e-01
3.138726353645324707e-01
3.139089941978454590e-01
3.139767348766326904e-01
3.139900565147399902e-01
3.139823377132415771e-01
3.140684366226196289e-01
3.141240477561950684e-01
3.141638636589050293e-01
3.143244981765747070e-01
3.145065009593963623e-01
3.142576813697814941e-01
3.145464062690734863e-01
3.140067756175994873e-01
3.141890764236450195e-01
3.148414790630340576e-01
3.154513835906982422e-01
3.141435384750366211e-01
3.140881657600402832e-01
3.139407038688659668e-01
3.139325976371765137e-01
3.148620724678039551e-01
3.143411874771118164e-01
3.137291073799133301e-01
3.137594163417816162e-01
3.139334917068481445e-01
3.139483332633972168e-01
3.139011561870574951e-01
3.138604164123535156e-01
3.138746023178100586e-01
3.139563202857971191e-01
3.139576315879821777e-01
3.139536976814270020e-01
3.140409588813781738e-01
3.138046860694885254e-01
3.138611912727355957e-01
3.139424920082092285e-01
3.142700791358947754e-01
3.138495385646820068e-01
3.138786554336547852e-01
3.138932585716247559e-01
3.139344453811645508e-01
3.139805793762207031e-01
3.139640092849731445e-01
3.139797151088714600e-01
3.139496445655822754e-01
3.139548897743225098e-01
3.139742612838745117e-01
3.140083253383636475e-01
3.141550123691558838e-01
3.138579726219177246e-01
3.137885928153991699e-01
3.137873411178588867e-01
3.140467405319213867e-01
3.140361011028289795e-01
3.141490221023559570e-01
3.136336207389831543e-01
3.139836192131042480e-01
3.143056631088256836e-01
3.135875463485717773e-01
3.134571313858032227e-01
3.133563399314880371e-01
3.134997487068176270e-01
3.133407235145568848e-01
3.133484423160552979e-01
3.132744431495666504e-01
3.138388395309448242e-01
3.133696317672729492e-01
3.142815232276916504e-01
3.144835829734802246e-01
3.143386244773864746e-01
3.143312931060791016e-01
3.135011792182922363e-01
3.142706751823425293e-01
3.140802383422851562e-01
3.136959075927734375e-01
3.140084147453308105e-01
3.137947022914886475e-01
3.138005137443542480e-01
3.141252696514129639e-01
3.142312169075012207e-01
3.139575123786926270e-01
3.136683702468872070e-01
3.139517903327941895e-01
3.138791322708129883e-01
3.137930631637573242e-01
3.137469887733459473e-01
3.138383030891418457e-01
3.136605918407440186e-01
3.136892020702362061e-01
3.134236335754394531e-01
3.133339285850524902e-01
3.142924010753631592e-01
3.132815361022949219e-01
3.131245076656341553e-01
3.130648732185363770e-01
3.140989243984222412e-01
3.139316439628601074e-01
3.128507733345031738e-01
3.129559457302093506e-01
3.135058879852294922e-01
3.139577507972717285e-01
3.133312463760375977e-01
3.129563331604003906e-01
3.129470944404602051e-01
3.130366802215576172e-01
3.133999109268188477e-01
3.134291172027587891e-01
3.135463893413543701e-01
3.137505650520324707e-01
3.128283619880676270e-01
3.128825128078460693e-01
3.129978179931640625e-01
3.132988810539245605e-01
3.132484257221221924e-01
0.000000000000000000e+00
3.130713701248168945e-01
3.132552504539489746e-01
3.140590190887451172e-01
3.143922090530395508e-01
3.149597048759460449e-01
3.151094317436218262e-01
3.145445585250854492e-01
3.144801259040832520e-01
3.144559860229492188e-01
3.143010735511779785e-01
3.140239715576171875e-01
3.137866854667663574e-01
3.143934607505798340e-01
3.146886825561523438e-01
3.140684962272644043e-01
3.138316273689270020e-01
0.000000000000000000e+00
3.132932782173156738e-01
3.132697343826293945e-01
3.137168884277343750e-01
3.142227530479431152e-01
3.139694333076477051e-01
3.137454986572265625e-01
3.129269480705261230e-01
3.135455250740051270e-01
3.135199844837188721e-01
3.140851557254791260e-01
3.131316602230072021e-01
3.138504922389984131e-01
3.140061497688293457e-01
3.139261007308959961e-01
3.134638071060180664e-01
3.140133023262023926e-01
3.141133189201354980e-01
3.139773607254028320e-01
3.139067888259887695e-01
3.137523531913757324e-01
3.138461410999298096e-01
3.135480880737304688e-01
3.138803839683532715e-01
3.140504360198974609e-01
3.138529658317565918e-01
3.136273622512817383e-01
3.131404519081115723e-01
3.131820559501647949e-01
3.133043050765991211e-01
3.131899833679199219e-01
3.138861954212188721e-01
3.131738603115081787e-01
3.133603334426879883e-01
3.131665587425231934e-01
3.134933710098266602e-01
3.134956061840057373e-01
3.133373856544494629e-01
3.140414953231811523e-01
3.136251568794250488e-01
3.135370016098022461e-01
3.133488297462463379e-01
3.134589195251464844e-01
3.133289515972137451e-01
3.135933279991149902e-01
3.142344653606414795e-01
3.138239681720733643e-01
3.136891722679138184e-01
3.137190341949462891e-01
3.139719963073730469e-01
3.136629760265350342e-01
3.136891126632690430e-01
3.138062357902526855e-01
3.135180473327636719e-01
3.135482966899871826e-01
3.140175342559814453e-01
3.140833973884582520e-01
3.140034079551696777e-01
3.139678239822387695e-01
3.139939010143280029e-01
3.137068748474121094e-01
3.139601945877075195e-01
3.138341307640075684e-01
3.136539161205291748e-01
3.137776851654052734e-01
3.137236833572387695e-01
3.137508630752563477e-01
3.139483928680419922e-01
3.138906359672546387e-01
3.139534592628479004e-01
3.140538930892944336e-01
3.139287233352661133e-01
3.139477968215942383e-01
3.153565526008605957e-01
3.150061666965484619e-01
3.149348497390747070e-01
3.145306706428527832e-01
3.141837716102600098e-01
3.136174082756042480e-01
3.138767480850219727e-01
3.140079975128173828e-01
3.139020800590515137e-01
3.143038451671600342e-01
3.139137029647827148e-01
3.134095668792724609e-01
3.132058680057525635e-01
3.129982352256774902e-01
3.135054111480712891e-01
3.136613368988037109e-01
3.133149147033691406e-01
3.132725656032562256e-01
3.132318854331970215e-01
3.131859898567199707e-01
0.000000000000000000e+00
3.133115172386169434e-01
3.129101991653442383e-01
3.133049607276916504e-01
3.135515451431274414e-01
0.000000000000000000e+00
3.133879899978637695e-01
3.124049305915832520e-01
3.129260540008544922e-01
3.133386373519897461e-01
3.132125139236450195e-01
3.141815662384033203e-01
3.139043450355529785e-01
3.131294846534729004e-01
3.135554194450378418e-01
3.131691813468933105e-01
3.134167790412902832e-01
3.133393526077270508e-01
3.139544129371643066e-01
3.129075169563293457e-01
3.133572936058044434e-01
3.135642707347869873e-01
3.133471608161926270e-01
3.135610818862915039e-01
3.135082721710205078e-01
3.134058415889739990e-01
3.140532970428466797e-01
3.133591413497924805e-01
3.128032088279724121e-01
3.129113316535949707e-01
3.131300210952758789e-01
3.132486343383789062e-01
3.137068152427673340e-01
3.135977387428283691e-01
3.133264183998107910e-01
3.141436278820037842e-01
3.134754300117492676e-01
3.132129013538360596e-01
3.142617940902709961e-01
3.135053515434265137e-01
3.132385015487670898e-01
3.133645057678222656e-01
3.136839866638183594e-01
3.134062886238098145e-01
3.132252097129821777e-01
3.132786750793457031e-01
3.135232329368591309e-01
3.132383823394775391e-01
3.135092258453369141e-01
3.133811950683593750e-01
3.126572370529174805e-01
0.000000000000000000e+00
0.000000000000000000e+00
3.130740523338317871e-01
3.135028779506683350e-01
0.000000000000000000e+00
0.000000000000000000e+00
0.000000000000000000e+00
0.000000000000000000e+00
0.000000000000000000e+00
0.000000000000000000e+00
3.134269118309020996e-01
3.137989640235900879e-01
3.527555465698242188e-01
0.000000000000000000e+00
0.000000000000000000e+00
0.000000000000000000e+00
0.000000000000000000e+00
0.000000000000000000e+00
3.142412304878234863e-01
3.136454820632934570e-01
3.134876191616058350e-01
3.130588829517364502e-01
3.136283159255981445e-01
3.139939904212951660e-01
0.000000000000000000e+00
3.138557672500610352e-01
0.000000000000000000e+00
3.137386143207550049e-01
3.130096793174743652e-01
3.140592277050018311e-01
3.141970038414001465e-01
3.134685754776000977e-01
3.137330710887908936e-01
3.130111396312713623e-01
3.133371472358703613e-01
3.131043314933776855e-01
2.958974242210388184e-01
3.136561512947082520e-01
0.000000000000000000e+00
3.131572604179382324e-01
3.134588003158569336e-01
3.137465715408325195e-01
3.127565383911132812e-01
3.131268024444580078e-01
3.130557239055633545e-01
3.139166235923767090e-01
3.135395050048828125e-01
3.140633106231689453e-01
2.337408065795898438e-01
3.136762380599975586e-01
3.132320046424865723e-01
3.138796389102935791e-01
3.136712312698364258e-01
3.131753206253051758e-01
3.138415813446044922e-01
3.143204450607299805e-01
3.704897761344909668e-01
3.139251470565795898e-01
3.136218786239624023e-01
3.137473464012145996e-01
3.136752247810363770e-01
3.136472105979919434e-01
3.135155141353607178e-01
3.138526678085327148e-01
3.134669661521911621e-01
3.131982684135437012e-01
3.133766055107116699e-01
3.136005401611328125e-01
3.136388063430786133e-01
3.135827183723449707e-01
3.127545714378356934e-01
3.134462237358093262e-01
3.134554624557495117e-01
3.139888048171997070e-01
3.136481344699859619e-01
3.132333159446716309e-01
3.130345344543457031e-01
3.128417432308197021e-01
3.126440644264221191e-01
3.122614026069641113e-01
3.117744326591491699e-01
3.131977319717407227e-01
3.132608532905578613e-01
0.000000000000000000e+00
3.130081295967102051e-01
0.000000000000000000e+00
0.000000000000000000e+00
3.811162114143371582e-01
0.000000000000000000e+00
3.124154806137084961e-01
0.000000000000000000e+00
0.000000000000000000e+00
0.000000000000000000e+00
0.000000000000000000e+00
0.000000000000000000e+00
1.279695928096771240e-01
0.000000000000000000e+00
0.000000000000000000e+00
0.000000000000000000e+00
0.000000000000000000e+00
0.000000000000000000e+00
3.138149976730346680e-01
0.000000000000000000e+00
0.000000000000000000e+00
3.128666877746582031e-01
3.128550052642822266e-01
0.000000000000000000e+00
3.132046461105346680e-01
3.433959484100341797e-01
0.000000000000000000e+00
3.122653663158416748e-01
3.125500679016113281e-01
3.130490481853485107e-01
3.131139874458312988e-01
0.000000000000000000e+00
3.134147524833679199e-01
0.000000000000000000e+00
3.128203153610229492e-01
3.128737211227416992e-01
3.129038214683532715e-01
3.144210577011108398e-01
3.149288296699523926e-01
3.149070739746093750e-01
3.143854737281799316e-01
3.145162761211395264e-01
3.141386508941650391e-01
3.138057589530944824e-01
3.141097426414489746e-01
3.143090605735778809e-01
3.148672580718994141e-01
3.148424029350280762e-01
3.145738840103149414e-01
3.143929243087768555e-01
3.146991133689880371e-01
3.146242499351501465e-01
3.145059943199157715e-01
3.144975602626800537e-01
3.139001727104187012e-01
3.137450814247131348e-01
3.138417601585388184e-01
3.139286041259765625e-01
3.138356208801269531e-01
3.137104511260986328e-01
3.135815560817718506e-01
3.135860562324523926e-01
3.136119246482849121e-01
3.132911920547485352e-01
3.131660819053649902e-01
3.138207793235778809e-01
3.132501244544982910e-01
3.137815594673156738e-01
3.129884004592895508e-01
3.136770427227020264e-01
3.139097988605499268e-01
3.137522339820861816e-01
3.134646713733673096e-01
3.137089908123016357e-01
3.133947849273681641e-01
3.136730194091796875e-01
3.136207461357116699e-01
3.136527240276336670e-01
3.128369450569152832e-01
3.136796355247497559e-01
3.133787512779235840e-01
3.130760192871093750e-01
3.133546710014343262e-01
0.000000000000000000e+00
3.130503892898559570e-01
3.132249712944030762e-01
3.131920993328094482e-01
3.132479786872863770e-01
3.131132125854492188e-01
3.135478496551513672e-01
3.131011724472045898e-01
3.131088614463806152e-01
3.133681416511535645e-01
3.133451342582702637e-01
3.134182691574096680e-01
3.132507205009460449e-01
3.132827877998352051e-01
3.135267496109008789e-01
3.141722083091735840e-01
3.138207197189331055e-01
3.135081529617309570e-01
3.137575984001159668e-01
3.137560486793518066e-01
3.268662095069885254e-01
3.141686618328094482e-01
3.133422136306762695e-01
3.138630986213684082e-01
3.135493993759155273e-01
3.135393559932708740e-01
3.133304119110107422e-01
3.136235177516937256e-01
3.137396574020385742e-01
3.141301870346069336e-01
3.135893344879150391e-01
3.135426640510559082e-01
3.140071034431457520e-01
3.145419359207153320e-01
3.139865100383758545e-01
3.138289451599121094e-01
3.142713010311126709e-01
3.141099810600280762e-01
3.138493895530700684e-01
3.138270974159240723e-01
3.138127923011779785e-01
3.137429952621459961e-01
3.137560486793518066e-01
3.137452602386474609e-01
3.139269649982452393e-01
3.134987354278564453e-01
3.134761452674865723e-01
3.133199810981750488e-01
3.134207129478454590e-01
3.132787346839904785e-01
3.131242692470550537e-01
3.132938742637634277e-01
3.132832646369934082e-01
3.131109178066253662e-01
3.132860660552978516e-01
3.132263123989105225e-01
3.130480647087097168e-01
3.132286071777343750e-01
3.133770823478698730e-01
3.134504556655883789e-01
3.133671879768371582e-01
3.134349286556243896e-01
3.135598897933959961e-01
3.136456608772277832e-01
3.138582706451416016e-01
3.139478862285614014e-01
3.133656978607177734e-01
3.129453063011169434e-01
3.134046196937561035e-01
3.137533068656921387e-01
3.131791055202484131e-01
3.129537701606750488e-01
3.135573267936706543e-01
3.137387633323669434e-01
2.841960787773132324e-01
3.131448030471801758e-01
0.000000000000000000e+00
3.136025369167327881e-01
3.128102719783782959e-01
3.123714327812194824e-01
3.137505948543548584e-01
3.132648468017578125e-01
3.131444454193115234e-01
3.133494853973388672e-01
3.130030035972595215e-01
3.129955530166625977e-01
3.129240870475769043e-01
0.000000000000000000e+00
3.129427433013916016e-01
3.146306872367858887e-01
3.145438432693481445e-01
3.142749667167663574e-01
3.142248094081878662e-01
3.143594861030578613e-01
3.135243058204650879e-01
3.130577206611633301e-01
3.130496144294738770e-01
3.137155771255493164e-01
3.130371272563934326e-01
3.133973479270935059e-01
3.132628202438354492e-01
3.135399222373962402e-01
3.136775493621826172e-01
3.127809762954711914e-01
3.130501210689544678e-01
3.135322332382202148e-01
0.000000000000000000e+00
3.130131363868713379e-01
0.000000000000000000e+00
3.123000264167785645e-01
0.000000000000000000e+00
0.000000000000000000e+00
0.000000000000000000e+00
0.000000000000000000e+00
0.000000000000000000e+00
0.000000000000000000e+00
0.000000000000000000e+00
0.000000000000000000e+00
0.000000000000000000e+00
0.000000000000000000e+00
0.000000000000000000e+00
0.000000000000000000e+00
3.132923543453216553e-01
3.138299584388732910e-01
3.133342862129211426e-01
0.000000000000000000e+00
3.126828670501708984e-01
0.000000000000000000e+00
3.108335733413696289e-01
3.092879652976989746e-01
0.000000000000000000e+00
0.000000000000000000e+00
0.000000000000000000e+00
0.000000000000000000e+00
0.000000000000000000e+00
0.000000000000000000e+00
0.000000000000000000e+00
0.000000000000000000e+00
0.000000000000000000e+00
3.131563365459442139e-01
3.129029273986816406e-01
0.000000000000000000e+00
3.131756782531738281e-01
3.137221932411193848e-01
3.135187327861785889e-01
3.130971193313598633e-01
0.000000000000000000e+00
0.000000000000000000e+00
3.692416846752166748e-01
0.000000000000000000e+00
0.000000000000000000e+00
3.128427267074584961e-01
3.129111528396606445e-01
3.138319253921508789e-01
3.144232630729675293e-01
3.145675063133239746e-01
3.144138157367706299e-01
3.144989013671875000e-01
3.138746619224548340e-01
3.144685626029968262e-01
3.145559728145599365e-01
3.137660026550292969e-01
3.144544363021850586e-01
3.137108087539672852e-01
3.143656253814697266e-01
3.143187165260314941e-01
3.142023980617523193e-01
3.138527274131774902e-01
3.138095140457153320e-01
3.142189383506774902e-01
3.139981031417846680e-01
3.140574097633361816e-01
3.150739073753356934e-01
3.148592114448547363e-01
3.138829469680786133e-01
3.136035203933715820e-01
3.136320710182189941e-01
3.135929703712463379e-01
3.138154447078704834e-01
3.135609626770019531e-01
3.133696317672729492e-01
3.137899339199066162e-01
3.137892782688140869e-01
3.130947947502136230e-01
3.137769699096679688e-01
3.137188553810119629e-01
3.131293058395385742e-01
3.135706782341003418e-01
3.130460381507873535e-01
3.131022453308105469e-01
0.000000000000000000e+00
0.000000000000000000e+00
3.131094574928283691e-01
0.000000000000000000e+00
3.134900927543640137e-01
3.131438493728637695e-01
3.133494853973388672e-01
3.135403096675872803e-01
3.135791420936584473e-01
3.135443329811096191e-01
3.147254884243011475e-01
3.145596981048583984e-01
3.141421079635620117e-01
3.142021894454956055e-01
3.141329884529113770e-01
3.140254616737365723e-01
3.137879967689514160e-01
3.144093155860900879e-01
3.143393695354461670e-01
3.136698901653289795e-01
3.138217926025390625e-01
3.141488432884216309e-01
3.139973282814025879e-01
3.140316605567932129e-01
3.143891394138336182e-01
3.144040107727050781e-01
3.399297893047332764e-01
3.144389986991882324e-01
3.144425153732299805e-01
3.142887353897094727e-01
3.144752979278564453e-01
3.138564229011535645e-01
3.137740492820739746e-01
3.140950202941894531e-01
3.135087192058563232e-01
3.134781122207641602e-01
0.000000000000000000e+00
0.000000000000000000e+00
3.145076632499694824e-01
0.000000000000000000e+00
3.141845166683197021e-01
3.142782449722290039e-01
3.137238025665283203e-01
3.138744235038757324e-01
3.136914968490600586e-01
3.133869171142578125e-01
3.141034841537475586e-01
3.137726783752441406e-01
3.182277083396911621e-02
3.481349945068359375e-01
3.135819733142852783e-01
3.134916424751281738e-01
3.131408691406250000e-01
3.135664463043212891e-01
3.130633234977722168e-01
3.128869533538818359e-01
3.132339715957641602e-01
3.132993578910827637e-01
3.129946589469909668e-01
3.130298256874084473e-01
3.130223155021667480e-01
0.000000000000000000e+00
3.135022222995758057e-01
3.130238652229309082e-01
0.000000000000000000e+00
3.129764199256896973e-01
0.000000000000000000e+00
3.131626248359680176e-01
3.130090534687042236e-01
0.000000000000000000e+00
3.131222724914550781e-01
3.134693503379821777e-01
3.136916160583496094e-01
3.133967220783233643e-01
3.136097788810729980e-01
3.133872151374816895e-01
3.141570091247558594e-01
3.136378228664398193e-01
3.145964145660400391e-01
3.147031962871551514e-01
3.145709633827209473e-01
3.139395713806152344e-01
3.146935701370239258e-01
3.142362833023071289e-01
3.142980337142944336e-01
3.139461278915405273e-01
3.139170706272125244e-01
3.140616416931152344e-01
3.140349090099334717e-01
3.139550685882568359e-01
3.138178884983062744e-01
3.140054345130920410e-01
3.139476776123046875e-01
3.136593103408813477e-01
3.134941458702087402e-01
3.133946657180786133e-01
3.127720952033996582e-01
3.144496083259582520e-01
3.134248852729797363e-01
3.142334222793579102e-01
3.139865100383758545e-01
3.140933513641357422e-01
3.133466243743896484e-01
3.137548565864562988e-01
3.135240077972412109e-01
3.140361011028289795e-01
3.136168420314788818e-01
3.137550055980682373e-01
3.142423033714294434e-01
3.140631318092346191e-01
3.140033781528472900e-01
3.139051795005798340e-01
3.137848973274230957e-01
3.140546977519989014e-01
3.141412734985351562e-01
3.142181038856506348e-01
3.138795793056488037e-01
3.141346871852874756e-01
3.138936758041381836e-01
3.139668107032775879e-01
3.138829767704010010e-01
3.138562440872192383e-01
3.139824867248535156e-01
3.139551579952239990e-01
3.145471811294555664e-01
3.129045963287353516e-01
3.142443299293518066e-01
3.145484030246734619e-01
3.143242597579956055e-01
3.137222528457641602e-01
3.145489096641540527e-01
3.144825696945190430e-01
3.144800066947937012e-01
3.144014179706573486e-01
3.141184449195861816e-01
3.142749667167663574e-01
3.127197623252868652e-01
3.133790194988250732e-01
3.137809634208679199e-01
3.143221139907836914e-01
3.141744136810302734e-01
3.142974376678466797e-01
3.145889937877655029e-01
3.134190440177917480e-01
3.131800889968872070e-01
3.133276700973510742e-01
3.137490153312683105e-01
3.138890564441680908e-01
3.137339353561401367e-01
3.137333691120147705e-01
3.138396739959716797e-01
3.134497106075286865e-01
3.137177228927612305e-01
3.132806420326232910e-01
3.128787577152252197e-01
3.133668899536132812e-01
3.133440613746643066e-01
3.133411407470703125e-01
3.139501214027404785e-01
3.131045103073120117e-01
3.138635158538818359e-01
3.130444884300231934e-01
3.129420876502990723e-01
3.137364983558654785e-01
3.132740259170532227e-01
3.135256767272949219e-01
3.138757944107055664e-01
0.000000000000000000e+00
0.000000000000000000e+00
0.000000000000000000e+00
0.000000000000000000e+00
3.133468627929687500e-01
3.137634992599487305e-01
3.136943876743316650e-01
3.140027523040771484e-01
0.000000000000000000e+00
3.128413856029510498e-01
3.139634728431701660e-01
0.000000000000000000e+00
0.000000000000000000e+00
0.000000000000000000e+00
0.000000000000000000e+00
3.134626746177673340e-01
3.138490319252014160e-01
3.133826255798339844e-01
3.132816255092620850e-01
3.134022951126098633e-01
3.132688701152801514e-01
3.136920034885406494e-01
3.129260540008544922e-01
3.131099641323089600e-01
3.129587769508361816e-01
3.131873607635498047e-01
3.135223388671875000e-01
3.127017617225646973e-01
3.139971494674682617e-01
3.136897087097167969e-01
3.139619827270507812e-01
3.135704994201660156e-01
3.138547539710998535e-01
3.135591149330139160e-01
3.135562539100646973e-01
3.143594861030578613e-01
3.143072128295898438e-01
3.145640492439270020e-01
3.145524859428405762e-01
3.145520091056823730e-01
3.149745166301727295e-01
3.140549063682556152e-01
3.143011927604675293e-01
3.143087625503540039e-01
3.140999674797058105e-01
3.145144581794738770e-01
3.147053420543670654e-01
3.143013119697570801e-01
3.136407732963562012e-01
3.137933015823364258e-01
3.138673901557922363e-01
3.136997818946838379e-01
3.133078217506408691e-01
3.141973614692687988e-01
3.142883181571960449e-01
3.137190341949462891e-01
3.141928315162658691e-01
3.139753937721252441e-01
3.140206933021545410e-01
3.143167495727539062e-01
3.143804073333740234e-01
3.141884803771972656e-01
3.143720030784606934e-01
3.139688968658447266e-01
3.144846558570861816e-01
3.143422007560729980e-01
3.143327832221984863e-01
3.141327500343322754e-01
3.143356442451477051e-01
3.142356276512145996e-01
3.142172098159790039e-01
3.139463365077972412e-01
3.137794733047485352e-01
3.140675723552703857e-01
3.144596815109252930e-01
3.141865432262420654e-01
3.140799999237060547e-01
3.147842288017272949e-01
3.147299885749816895e-01
3.140552043914794922e-01
3.137472867965698242e-01
3.143858611583709717e-01
3.137238621711730957e-01
3.142009377479553223e-01
3.139624595642089844e-01
3.134871721267700195e-01
3.140797019004821777e-01
3.138645291328430176e-01
3.137474060058593750e-01
3.146005272865295410e-01
3.139505386352539062e-01
3.140883445739746094e-01
3.135402202606201172e-01
3.134482800960540771e-01
3.132968842983245850e-01
3.135069608688354492e-01
3.135249018669128418e-01
3.135626912117004395e-01
3.135418891906738281e-01
0.000000000000000000e+00
3.138352036476135254e-01
3.134351968765258789e-01
3.132929801940917969e-01
3.138322830200195312e-01
3.141317963600158691e-01
3.133800029754638672e-01
3.134359121322631836e-01
3.141070604324340820e-01
3.138846457004547119e-01
3.136051893234252930e-01
3.138817250728607178e-01
3.139267563819885254e-01
3.141975998878479004e-01
3.135359883308410645e-01
3.135844171047210693e-01
3.132938742637634277e-01
3.136773705482482910e-01
3.127446174621582031e-01
3.141173124313354492e-01
3.133271932601928711e-01
3.134726285934448242e-01
0.000000000000000000e+00
3.137209117412567139e-01
3.135224878787994385e-01
3.137021660804748535e-01
0.000000000000000000e+00
3.136969208717346191e-01
0.000000000000000000e+00
3.135675787925720215e-01
0.000000000000000000e+00
0.000000000000000000e+00
3.415804505348205566e-01
3.123350143432617188e-01
3.126934766769409180e-01
3.138568997383117676e-01
3.134385347366333008e-01
3.132363557815551758e-01
3.136500716209411621e-01
3.136758804321289062e-01
3.139073848724365234e-01
3.133641481399536133e-01
3.135605752468109131e-01
3.140319585800170898e-01
3.135089874267578125e-01
3.136824369430541992e-01
3.138190805912017822e-01
3.137877583503723145e-01
3.138228058815002441e-01
3.143348097801208496e-01
3.141834437847137451e-01
3.139289617538452148e-01
3.140927553176879883e-01
3.142528533935546875e-01
3.144302070140838623e-01
3.141677975654602051e-01
3.139562606811523438e-01
3.144006133079528809e-01
3.141780495643615723e-01
3.144909143447875977e-01
3.147234916687011719e-01
3.140646219253540039e-01
3.139918744564056396e-01
3.145285844802856445e-01
3.213395476341247559e-01
5.877569317817687988e-01
3.148658871650695801e-01
3.134914040565490723e-01
3.136995434761047363e-01
3.137957453727722168e-01
3.135172426700592041e-01
3.132292032241821289e-01
3.139523863792419434e-01
3.142709136009216309e-01
3.138903081417083740e-01
3.142137229442596436e-01
3.141817450523376465e-01
3.132829666137695312e-01
3.141357898712158203e-01
3.148283362388610840e-01
3.149641752243041992e-01
3.136029243469238281e-01
3.139875233173370361e-01
3.140047788619995117e-01
3.141241073608398438e-01
3.135380744934082031e-01
3.140004873275756836e-01
3.134574890136718750e-01
3.137175440788269043e-01
3.137387931346893311e-01
3.136460781097412109e-01
3.136711716651916504e-01
3.129189908504486084e-01
3.136573433876037598e-01
3.129282593727111816e-01
3.134985566139221191e-01
3.131228089332580566e-01
3.130737543106079102e-01
3.131539821624755859e-01
0.000000000000000000e+00
3.135571479797363281e-01
3.129387199878692627e-01
3.133971691131591797e-01
3.135571479797363281e-01
3.125084042549133301e-01
3.130373358726501465e-01
0.000000000000000000e+00
0.000000000000000000e+00
3.134705424308776855e-01
3.129573166370391846e-01
0.000000000000000000e+00
3.205825686454772949e-01
0.000000000000000000e+00
0.000000000000000000e+00
0.000000000000000000e+00
3.138599991798400879e-01
0.000000000000000000e+00
3.133326768875122070e-01
3.120758831501007080e-01
3.138062953948974609e-01
3.141310811042785645e-01
3.140233755111694336e-01
3.136917948722839355e-01
3.129014372825622559e-01
3.135308027267456055e-01
3.134887218475341797e-01
3.129378855228424072e-01
3.133289217948913574e-01
0.000000000000000000e+00
3.131790757179260254e-01
3.130100369453430176e-01
3.114158511161804199e-01
3.133130669593811035e-01
3.131709694862365723e-01
3.136890530586242676e-01
3.134215772151947021e-01
3.133517801761627197e-01
3.137353062629699707e-01
3.136970400810241699e-01
3.128306567668914795e-01
3.161581158638000488e-01
3.136382102966308594e-01
0.000000000000000000e+00
3.140377402305603027e-01
3.130450248718261719e-01
3.138690590858459473e-01
3.136488497257232666e-01
3.129121661186218262e-01
3.130456209182739258e-01
3.140767216682434082e-01
3.133424520492553711e-01
3.133559226989746094e-01
3.136719465255737305e-01
3.132558465003967285e-01
3.139305710792541504e-01
3.133317232131958008e-01
3.138969540596008301e-01
3.137458562850952148e-01
3.135631978511810303e-01
3.132975697517395020e-01
3.138092756271362305e-01
3.128987848758697510e-01
3.138074874877929688e-01
3.132424056529998779e-01
3.136372566223144531e-01
3.128792047500610352e-01
3.137905597686767578e-01
3.131458163261413574e-01
3.128248453140258789e-01
3.130684196949005127e-01
3.136697411537170410e-01
3.130365014076232910e-01
3.139129579067230225e-01
3.132827877998352051e-01
3.131967186927795410e-01
3.129329681396484375e-01
3.131446838378906250e-01
3.135777413845062256e-01
3.135144710540771484e-01
3.147198855876922607e-01
3.137710690498352051e-01
3.131490349769592285e-01
0.000000000000000000e+00
3.142884373664855957e-01
3.129660487174987793e-01
3.139995932579040527e-01
3.143551945686340332e-01
3.137421309947967529e-01
3.141645491123199463e-01
3.138369321823120117e-01
3.136143684387207031e-01
3.135238885879516602e-01
3.134332299232482910e-01
3.135765194892883301e-01
3.133640885353088379e-01
3.135814070701599121e-01
3.134270310401916504e-01
3.137581944465637207e-01
3.140563964843750000e-01
3.140048980712890625e-01
3.136910200119018555e-01
3.135354220867156982e-01
3.136228322982788086e-01
3.134868144989013672e-01
3.138699531555175781e-01
3.138029277324676514e-01
3.137474656105041504e-01
3.133257031440734863e-01
3.130552768707275391e-01
3.135529756546020508e-01
3.131057024002075195e-01
3.133998513221740723e-01
3.135334253311157227e-01
3.132997155189514160e-01
3.136476576328277588e-01
3.133000731468200684e-01
3.134820759296417236e-01
3.131111562252044678e-01
3.135092854499816895e-01
3.142024874687194824e-01
3.136198222637176514e-01
3.145093321800231934e-01
3.135138750076293945e-01
3.144115209579467773e-01
3.141757249832153320e-01
3.138333857059478760e-01
3.138613700866699219e-01
3.138427436351776123e-01
3.139544129371643066e-01
3.139531612396240234e-01
3.139322400093078613e-01
3.139857053756713867e-01
3.141431808471679688e-01
3.146417737007141113e-01
3.142922520637512207e-01
3.141782581806182861e-01
3.137954175472259521e-01
3.138558268547058105e-01
3.138631582260131836e-01
3.139389157295227051e-01
3.139722049236297607e-01
3.137890100479125977e-01
3.138794302940368652e-01
3.138728737831115723e-01
3.142272830009460449e-01
3.144272565841674805e-01
3.139729797840118408e-01
3.140198886394500732e-01
3.138549327850341797e-01
3.137637376785278320e-01
3.138786554336547852e-01
3.143384456634521484e-01
3.145928084850311279e-01
3.140538930892944336e-01
3.144344985485076904e-01
3.140244185924530029e-01
3.140866756439208984e-01
3.143782317638397217e-01
3.146974742412567139e-01
3.141622841358184814e-01
3.145183920860290527e-01
3.146092891693115234e-01
3.146354556083679199e-01
3.148165941238403320e-01
3.144048750400543213e-01
3.151525259017944336e-01
3.148641586303710938e-01
3.143487572669982910e-01
3.147329688072204590e-01
3.142346739768981934e-01
3.144629001617431641e-01
3.145452141761779785e-01
3.136429786682128906e-01
3.137415051460266113e-01
3.139368295669555664e-01
0.000000000000000000e+00
0.000000000000000000e+00
0.000000000000000000e+00
0.000000000000000000e+00
0.000000000000000000e+00
0.000000000000000000e+00
0.000000000000000000e+00
0.000000000000000000e+00
0.000000000000000000e+00
0.000000000000000000e+00
0.000000000000000000e+00
0.000000000000000000e+00
0.000000000000000000e+00
0.000000000000000000e+00
0.000000000000000000e+00
0.000000000000000000e+00
3.131722211837768555e-01
0.000000000000000000e+00
0.000000000000000000e+00
2.029416561126708984e-01
3.323743343353271484e-01
3.135967850685119629e-01
3.135963380336761475e-01
3.137230873107910156e-01
3.136738240718841553e-01
3.137328624725341797e-01
3.137614428997039795e-01
3.138032257556915283e-01
3.138489425182342529e-01
3.138315081596374512e-01
3.138623833656311035e-01
3.139505982398986816e-01
3.139553070068359375e-01
3.139885663986206055e-01
3.139676451683044434e-01
3.139864802360534668e-01
3.138614892959594727e-01
3.139939904212951660e-01
3.139827847480773926e-01
3.139629364013671875e-01
3.137083649635314941e-01
3.142694234848022461e-01
3.138833642005920410e-01
3.136676251888275146e-01
3.130730986595153809e-01
3.127488493919372559e-01
3.129044473171234131e-01
3.140315413475036621e-01
3.139491081237792969e-01
3.136951625347137451e-01
3.134318292140960693e-01
3.137316107749938965e-01
3.138539493083953857e-01
3.141040205955505371e-01
3.137902617454528809e-01
3.899799883365631104e-01
3.714357316493988037e-01
3.138319253921508789e-01
3.142986893653869629e-01
3.135658502578735352e-01
3.114363849163055420e-01
3.139460980892181396e-01
3.140516281127929688e-01
3.141972720623016357e-01
3.136213719844818115e-01
3.136842250823974609e-01
3.140585422515869141e-01
3.143036961555480957e-01
3.137331604957580566e-01
3.141515254974365234e-01
3.138031363487243652e-01
3.133372664451599121e-01
3.135524988174438477e-01
3.136905729770660400e-01
3.135128617286682129e-01
3.143089413642883301e-01
3.143283724784851074e-01
3.139694929122924805e-01
3.135153651237487793e-01
3.140142858028411865e-01
3.135082125663757324e-01
3.134560585021972656e-01
3.134744465351104736e-01
3.134124875068664551e-01
3.143277168273925781e-01
3.143482804298400879e-01
3.146659135818481445e-01
3.135240674018859863e-01
3.142331242561340332e-01
3.138468265533447266e-01
3.139394521713256836e-01
3.137533664703369141e-01
3.144304156303405762e-01
3.138211369514465332e-01
3.138675093650817871e-01
3.136267960071563721e-01
3.144671916961669922e-01
3.131408691406250000e-01
3.140855133533477783e-01
3.128960728645324707e-01
3.141435384750366211e-01
3.139123916625976562e-01
3.139401078224182129e-01
3.141614198684692383e-01
0.000000000000000000e+00
3.139702677726745605e-01
3.129806518554687500e-01
3.134798705577850342e-01
3.137206733226776123e-01
3.137533068656921387e-01
3.136062622070312500e-01
3.138476610183715820e-01
3.137120604515075684e-01
3.137922883033752441e-01
3.138468861579895020e-01
0.000000000000000000e+00
0.000000000000000000e+00
0.000000000000000000e+00
3.136409521102905273e-01
3.134186863899230957e-01
3.137708604335784912e-01
3.139950037002563477e-01
3.138632476329803467e-01
3.133981823921203613e-01
3.138965964317321777e-01
3.139491677284240723e-01
3.141995072364807129e-01
3.134326934814453125e-01
3.137561976909637451e-01
3.136207759380340576e-01
3.142286539077758789e-01
3.139192461967468262e-01
3.135356307029724121e-01
3.139988183975219727e-01
3.136513829231262207e-01
3.134316205978393555e-01
3.134555816650390625e-01
3.135169148445129395e-01
3.132722079753875732e-01
3.135223984718322754e-01
3.136228919029235840e-01
3.135376572608947754e-01
3.134542107582092285e-01
3.132988214492797852e-01
3.139455318450927734e-01
3.133433461189270020e-01
3.132628202438354492e-01
3.133004307746887207e-01
3.140258193016052246e-01
3.130682706832885742e-01
3.135758936405181885e-01
3.132302165031433105e-01
3.134074211120605469e-01
3.131779432296752930e-01
3.133938908576965332e-01
3.126479983329772949e-01
3.131837844848632812e-01
3.130567669868469238e-01
3.133907020092010498e-01
0.000000000000000000e+00
0.000000000000000000e+00
3.129273951053619385e-01
3.135685324668884277e-01
3.140835762023925781e-01
3.134499192237854004e-01
3.133704662322998047e-01
0.000000000000000000e+00
3.132852315902709961e-01
3.129112720489501953e-01
3.132771253585815430e-01
3.134093582630157471e-01
3.131946325302124023e-01
3.129578530788421631e-01
3.135258555412292480e-01
3.135963082313537598e-01
3.136199116706848145e-01
3.134286403656005859e-01
3.133905529975891113e-01
3.134657740592956543e-01
3.133829832077026367e-01
3.482840359210968018e-01
3.138911128044128418e-01
3.135533332824707031e-01
3.141300082206726074e-01
3.140867352485656738e-01
3.142957687377929688e-01
3.139392733573913574e-01
3.138114809989929199e-01
3.133893013000488281e-01
3.135592341423034668e-01
3.138471245765686035e-01
3.138721883296966553e-01
3.139787316322326660e-01
3.135635256767272949e-01
3.135603666305541992e-01
3.135197758674621582e-01
3.135436475276947021e-01
3.135238885879516602e-01
3.135487735271453857e-01
3.136450946331024170e-01
3.136777877807617188e-01
3.137663602828979492e-01
3.136189579963684082e-01
3.136525750160217285e-01
3.136256933212280273e-01
3.135548233985900879e-01
3.135147690773010254e-01
3.135960698127746582e-01
3.136065006256103516e-01
3.136613667011260986e-01
3.136754035949707031e-01
3.136838674545288086e-01
3.137036561965942383e-01
3.136857450008392334e-01
3.136472702026367188e-01
3.136984109878540039e-01
3.137248456478118896e-01
3.137405514717102051e-01
3.137493729591369629e-01
3.139554262161254883e-01
3.139233291149139404e-01
3.143773674964904785e-01
3.139724731445312500e-01
3.138884902000427246e-01
3.136458098888397217e-01
3.139232397079467773e-01
3.139137923717498779e-01
3.139646053314208984e-01
3.140297532081604004e-01
3.138795495033264160e-01
3.138232827186584473e-01
3.137602806091308594e-01
3.143122792243957520e-01
3.143658638000488281e-01
3.139945864677429199e-01
3.139427304267883301e-01
3.139819502830505371e-01
3.145313858985900879e-01
3.146065473556518555e-01
3.141391575336456299e-01
3.144261837005615234e-01
3.138513565063476562e-01
3.141641616821289062e-01
3.141972422599792480e-01
3.142516911029815674e-01
3.139875531196594238e-01
3.148721158504486084e-01
3.143563270568847656e-01
3.139805197715759277e-01
3.140105903148651123e-01
3.139712214469909668e-01
3.153681159019470215e-01
3.146857619285583496e-01
3.140978217124938965e-01
3.143527507781982422e-01
3.138462901115417480e-01
3.141421675682067871e-01
3.142371773719787598e-01
3.148495554924011230e-01
3.142669796943664551e-01
3.137354254722595215e-01
3.142325282096862793e-01
3.140192627906799316e-01
3.139933943748474121e-01
3.141094148159027100e-01
3.139021396636962891e-01
3.137272596359252930e-01
3.143224120140075684e-01
3.137089610099792480e-01
3.139498829841613770e-01
3.135223388671875000e-01
3.132930696010589600e-01
3.133955597877502441e-01
3.139315247535705566e-01
3.133932948112487793e-01
3.142150342464447021e-01
3.135782480239868164e-01
3.138224482536315918e-01
3.134772777557373047e-01
3.136689960956573486e-01
3.138507008552551270e-01
3.138485550880432129e-01
3.139660358428955078e-01
3.139452040195465088e-01
3.139684200286865234e-01
3.139345347881317139e-01
3.139986395835876465e-01
3.139023780822753906e-01
3.139573931694030762e-01
3.143908679485321045e-01
3.144935965538024902e-01
3.145349621772766113e-01
3.142983317375183105e-01
3.145444691181182861e-01
3.141193389892578125e-01
3.139864206314086914e-01
3.144893646240234375e-01
3.145304322242736816e-01
3.142976760864257812e-01
3.144732117652893066e-01
3.143178820610046387e-01
3.140777945518493652e-01
3.139515519142150879e-01
3.138100802898406982e-01
3.136968612670898438e-01
3.133925795555114746e-01
3.136781454086303711e-01
3.136362433433532715e-01
3.134999871253967285e-01
3.138436675071716309e-01
3.136515617370605469e-01
3.134103417396545410e-01
3.132787346839904785e-01
3.133978247642517090e-01
3.134179115295410156e-01
3.135544657707214355e-01
3.134468793869018555e-01
3.133695125579833984e-01
3.134811520576477051e-01
3.132991790771484375e-01
3.133816719055175781e-01
3.133417069911956787e-01
3.135368824005126953e-01
3.134053945541381836e-01
3.134262263774871826e-01
3.135088086128234863e-01
3.134399056434631348e-01
3.131106793880462646e-01
3.129031062126159668e-01
0.000000000000000000e+00
0.000000000000000000e+00
3.130450248718261719e-01
3.116194009780883789e-01
0.000000000000000000e+00
3.133817017078399658e-01
0.000000000000000000e+00
3.131484985351562500e-01
3.129075765609741211e-01
0.000000000000000000e+00
3.128817975521087646e-01
3.118237853050231934e-01
0.000000000000000000e+00
3.130385875701904297e-01
0.000000000000000000e+00
3.134509921073913574e-01
3.143604993820190430e-01
3.141041994094848633e-01
3.136536777019500732e-01
3.141945600509643555e-01
3.134962618350982666e-01
3.135011792182922363e-01
3.138202428817749023e-01
3.139970898628234863e-01
3.131176233291625977e-01
3.133227229118347168e-01
3.133066892623901367e-01
3.137051761150360107e-01
3.133938014507293701e-01
3.141688108444213867e-01
3.127269744873046875e-01
3.138942122459411621e-01
3.135740160942077637e-01
3.138620853424072266e-01
3.135948777198791504e-01
3.138055205345153809e-01
3.134797811508178711e-01
3.137689828872680664e-01
3.134147524833679199e-01
3.140708208084106445e-01
3.135193586349487305e-01
3.136901855468750000e-01
3.138199448585510254e-01
3.140120506286621094e-01
3.132872581481933594e-01
3.140252828598022461e-01
3.141551613807678223e-01
3.142690658569335938e-01
3.147848248481750488e-01
3.149229884147644043e-01
3.150987625122070312e-01
3.148423433303833008e-01
3.143088221549987793e-01
3.138132989406585693e-01
3.141526877880096436e-01
3.144726455211639404e-01
3.139457106590270996e-01
3.147574663162231445e-01
3.151287734508514404e-01
3.139458894729614258e-01
3.134413957595825195e-01
3.145838379859924316e-01
3.141796588897705078e-01
3.138357996940612793e-01
3.132173717021942139e-01
3.141747117042541504e-01
3.142406642436981201e-01
3.140379190444946289e-01
3.134349584579467773e-01
3.139284253120422363e-01
3.136494159698486328e-01
3.129647374153137207e-01
3.131039142608642578e-01
3.139274418354034424e-01
3.138678967952728271e-01
3.138934671878814697e-01
3.132681250572204590e-01
3.132844865322113037e-01
3.137671649456024170e-01
3.135624825954437256e-01
3.141958117485046387e-01
3.143935203552246094e-01
3.147220909595489502e-01
3.144426345825195312e-01
3.145966529846191406e-01
3.139698505401611328e-01
3.146061301231384277e-01
3.144072890281677246e-01
3.148617148399353027e-01
3.133610486984252930e-01
3.137157857418060303e-01
3.137251734733581543e-01
3.137760758399963379e-01
3.138543963432312012e-01
3.138713240623474121e-01
3.136880397796630859e-01
3.144216835498809814e-01
3.141491413116455078e-01
3.141454160213470459e-01
3.138098120689392090e-01
3.143361210823059082e-01
3.141042590141296387e-01
3.138759732246398926e-01
3.141048848628997803e-01
3.134818971157073975e-01
3.141676783561706543e-01
3.139967918395996094e-01
3.139920830726623535e-01
3.140234351158142090e-01
3.139829039573669434e-01
3.152436912059783936e-01
3.139119148254394531e-01
3.139160573482513428e-01
3.140143156051635742e-01
3.135038614273071289e-01
3.134205639362335205e-01
3.140832185745239258e-01
3.137732744216918945e-01
3.145223259925842285e-01
3.136772513389587402e-01
3.142991662025451660e-01
3.139961957931518555e-01
3.138686716556549072e-01
3.139525055885314941e-01
3.140967488288879395e-01
3.138193786144256592e-01
3.133540153503417969e-01
3.135411143302917480e-01
3.131998777389526367e-01
3.137854933738708496e-01
3.138198852539062500e-01
3.139458596706390381e-01
3.138746023178100586e-01
3.135442733764648438e-01
3.140030503273010254e-01
3.132760822772979736e-01
3.138196468353271484e-01
3.138402402400970459e-01
3.136988282203674316e-01
3.132453560829162598e-01
1.815962195396423340e-01
3.136651515960693359e-01
0.000000000000000000e+00
3.129180669784545898e-01
3.125621974468231201e-01
3.133085370063781738e-01
3.140654563903808594e-01
3.138350248336791992e-01
3.139707744121551514e-01
3.134431838989257812e-01
3.136436939239501953e-01
3.136801123619079590e-01
3.138408660888671875e-01
3.138801753520965576e-01
3.139072060585021973e-01
3.138909935951232910e-01
3.138455152511596680e-01
3.140469193458557129e-01
3.138883709907531738e-01
3.138913810253143311e-01
3.139763474464416504e-01
3.136485815048217773e-01
3.137570023536682129e-01
3.139015138149261475e-01
3.135760128498077393e-01
3.138574063777923584e-01
3.135846555233001709e-01
3.139167428016662598e-01
3.130405843257904053e-01
3.137798309326171875e-01
3.136861324310302734e-01
3.135097622871398926e-01
3.137370347976684570e-01
3.138089179992675781e-01
3.138214349746704102e-01
3.140184879302978516e-01
3.140252530574798584e-01
3.140097260475158691e-01
3.141123652458190918e-01
3.140168786048889160e-01
3.140466213226318359e-01
3.137251734733581543e-01
3.140648007392883301e-01
3.141891956329345703e-01
3.141010403633117676e-01
3.141015172004699707e-01
3.141041994094848633e-01
3.139108717441558838e-01
3.141945302486419678e-01
3.130004107952117920e-01
3.140324950218200684e-01
3.135816454887390137e-01
3.137822747230529785e-01
3.141570091247558594e-01
3.136815726757049561e-01
3.132264316082000732e-01
3.134441971778869629e-01
3.136274814605712891e-01
3.137366175651550293e-01
3.139957785606384277e-01
3.144301176071166992e-01
3.136439025402069092e-01
3.140581846237182617e-01
3.140013217926025391e-01
3.139309883117675781e-01
3.138154745101928711e-01
3.139938116073608398e-01
3.140748739242553711e-01
3.139733374118804932e-01
3.139600157737731934e-01
3.137986958026885986e-01
3.137365281581878662e-01
3.138352632522583008e-01
3.138747811317443848e-01
3.138055205345153809e-01
3.134897649288177490e-01
3.135809302330017090e-01
3.136411905288696289e-01
3.148000836372375488e-01
3.139868974685668945e-01
3.140034079551696777e-01
3.134185671806335449e-01
3.135803341865539551e-01
3.140109777450561523e-01
3.133058547973632812e-01
3.144773840904235840e-01
3.137435317039489746e-01
3.134227991104125977e-01
3.131043314933776855e-01
3.132674396038055420e-01
3.132380247116088867e-01
3.137249350547790527e-01
3.130100369453430176e-01
3.127637505531311035e-01
3.173498511314392090e-01
3.135071396827697754e-01
3.127445578575134277e-01
3.247736096382141113e-01
3.132484555244445801e-01
3.130164742469787598e-01
3.135888576507568359e-01
3.132500052452087402e-01
3.134288191795349121e-01
3.132140338420867920e-01
3.134653568267822266e-01
3.132401108741760254e-01
3.134800791740417480e-01
3.135599792003631592e-01
3.134528994560241699e-01
0.000000000000000000e+00
3.132808208465576172e-01
3.124051690101623535e-01
3.121597766876220703e-01
0.000000000000000000e+00
3.130789995193481445e-01
3.128951787948608398e-01
3.136507272720336914e-01
3.130071163177490234e-01
3.136551678180694580e-01
3.141392767429351807e-01
3.129546046257019043e-01
3.140884339809417725e-01
3.130926787853240967e-01
3.138647675514221191e-01
3.134767413139343262e-01
3.140380978584289551e-01
3.140684664249420166e-01
3.142056465148925781e-01
3.144348263740539551e-01
3.139744400978088379e-01
3.133899569511413574e-01
3.138266205787658691e-01
3.139165043830871582e-01
3.134353160858154297e-01
3.135137259960174561e-01
3.141365051269531250e-01
3.142095208168029785e-01
3.149785697460174561e-01
3.139891624450683594e-01
3.139156699180603027e-01
3.139336705207824707e-01
3.138426840305328369e-01
3.136882781982421875e-01
3.137949705123901367e-01
3.139319419860839844e-01
3.137824237346649170e-01
3.138837814331054688e-01
3.139617741107940674e-01
3.139759302139282227e-01
3.139371871948242188e-01
3.136413097381591797e-01
3.137728571891784668e-01
3.139493465423583984e-01
3.139165937900543213e-01
3.139864206314086914e-01
3.139862418174743652e-01
3.139637708663940430e-01
3.139330148696899414e-01
3.138787448406219482e-01
3.139653205871582031e-01
3.139415383338928223e-01
3.139658570289611816e-01
3.138857483863830566e-01
3.137634396553039551e-01
3.133196234703063965e-01
3.135623335838317871e-01
3.136521279811859131e-01
3.137291073799133301e-01
3.139676153659820557e-01
3.139824867248535156e-01
3.139880299568176270e-01
3.134449422359466553e-01
3.139028549194335938e-01
3.136858940124511719e-01
3.136185407638549805e-01
3.133095800876617432e-01
3.133887946605682373e-01
3.130232691764831543e-01
3.134281039237976074e-01
3.134847879409790039e-01
0.000000000000000000e+00
0.000000000000000000e+00
0.000000000000000000e+00
0.000000000000000000e+00
0.000000000000000000e+00
0.000000000000000000e+00
3.132617771625518799e-01
2.623384594917297363e-01
3.127274215221405029e-01
3.136878013610839844e-01
3.136423826217651367e-01
3.135909438133239746e-01
3.133995532989501953e-01
3.131421208381652832e-01
3.135637044906616211e-01
3.140147924423217773e-01
3.131281733512878418e-01
3.135809898376464844e-01
3.133582174777984619e-01
3.131644427776336670e-01
0.000000000000000000e+00
0.000000000000000000e+00
0.000000000000000000e+00
0.000000000000000000e+00
0.000000000000000000e+00
3.132777512073516846e-01
0.000000000000000000e+00
0.000000000000000000e+00
3.134586215019226074e-01
3.134220838546752930e-01
3.133220076560974121e-01
3.133203387260437012e-01
3.135216534137725830e-01
3.136304318904876709e-01
3.133479356765747070e-01
3.133269548416137695e-01
3.134205937385559082e-01
3.134375214576721191e-01
3.136542439460754395e-01
3.136332035064697266e-01
3.136241436004638672e-01
3.141851425170898438e-01
3.133696913719177246e-01
3.136535286903381348e-01
3.137730360031127930e-01
3.136935830116271973e-01
3.138189315795898438e-01
3.139182329177856445e-01
3.137208819389343262e-01
3.135449886322021484e-01
3.135673403739929199e-01
3.136609196662902832e-01
3.138593435287475586e-01
3.138123750686645508e-01
3.136873245239257812e-01
3.137516081333160400e-01
3.137102723121643066e-01
3.136690258979797363e-01
3.136957287788391113e-01
3.131125867366790771e-01
3.134811520576477051e-01
3.143353164196014404e-01
3.135390877723693848e-01
3.138439655303955078e-01
3.139064311981201172e-01
3.137765228748321533e-01
0.000000000000000000e+00
4.330361187458038330e-01
0.000000000000000000e+00
0.000000000000000000e+00
3.133065700531005859e-01
3.134143948554992676e-01
3.140079975128173828e-01
3.135852813720703125e-01
3.137398362159729004e-01
3.130363821983337402e-01
3.127975463867187500e-01
3.136768341064453125e-01
3.133269846439361572e-01
3.134079873561859131e-01
3.133705258369445801e-01
3.138082325458526611e-01
3.134986162185668945e-01
3.137287199497222900e-01
3.147584795951843262e-01
3.143904209136962891e-01
3.142887651920318604e-01
3.135322332382202148e-01
3.130838871002197266e-01
3.128041625022888184e-01
3.141040802001953125e-01
3.140224218368530273e-01
3.139546513557434082e-01
3.137444853782653809e-01
3.143450021743774414e-01
3.148215413093566895e-01
3.146185278892517090e-01
3.149491250514984131e-01
3.143315315246582031e-01
3.147378265857696533e-01
3.139988780021667480e-01
3.135265111923217773e-01
3.139789104461669922e-01
3.138620555400848389e-01
3.134514689445495605e-01
3.132565915584564209e-01
3.140501976013183594e-01
3.141947686672210693e-01
3.140167593955993652e-01
3.138620257377624512e-01
3.133106231689453125e-01
3.137985467910766602e-01
3.138149678707122803e-01
3.138549327850341797e-01
3.135598897933959961e-01
3.135936856269836426e-01
3.138030171394348145e-01
3.139318525791168213e-01
3.139265477657318115e-01
3.143286108970642090e-01
3.141988515853881836e-01
3.134375810623168945e-01
3.130637407302856445e-01
3.132920861244201660e-01
3.133332729339599609e-01
3.134092092514038086e-01
3.138175010681152344e-01
3.139691948890686035e-01
3.132333159446716309e-01
3.136579096317291260e-01
3.141655325889587402e-01
3.139113187789916992e-01
0.000000000000000000e+00
3.137945532798767090e-01
3.131909966468811035e-01
3.128495812416076660e-01
3.131881356239318848e-01
3.124673366546630859e-01
3.122487068176269531e-01
3.128978013992309570e-01
0.000000000000000000e+00
0.000000000000000000e+00
0.000000000000000000e+00
0.000000000000000000e+00
3.136928081512451172e-01
3.415384590625762939e-01
3.148587942123413086e-01
3.135927915573120117e-01
3.141005039215087891e-01
3.144431710243225098e-01
3.127441704273223877e-01
3.137641549110412598e-01
3.134008347988128662e-01
3.136745095252990723e-01
3.130603432655334473e-01
3.136365115642547607e-01
3.135956227779388428e-01
3.137853145599365234e-01
3.137068152427673340e-01
3.138221502304077148e-01
3.134332299232482910e-01
3.137417137622833252e-01
3.132085204124450684e-01
3.133451640605926514e-01
3.137772083282470703e-01
3.133963346481323242e-01
3.135966956615447998e-01
3.130682408809661865e-01
3.132130801677703857e-01
3.133653402328491211e-01
3.133890032768249512e-01
3.133946657180786133e-01
0.000000000000000000e+00
0.000000000000000000e+00
3.143608570098876953e-01
3.130784630775451660e-01
3.136281371116638184e-01
3.134083151817321777e-01
3.132848441600799561e-01
3.134197890758514404e-01
3.133193850517272949e-01
3.136385679244995117e-01
3.138096332550048828e-01
3.134416937828063965e-01
3.130728006362915039e-01
3.134819865226745605e-01
0.000000000000000000e+00
3.149334192276000977e-01
3.350521326065063477e-01
3.147818446159362793e-01
3.136273622512817383e-01
3.142960071563720703e-01
2.239480316638946533e-01
3.147411942481994629e-01
3.137006163597106934e-01
3.139176964759826660e-01
3.140282630920410156e-01
3.143407106399536133e-01
3.147209286689758301e-01
3.135746717453002930e-01
3.135521411895751953e-01
3.140984773635864258e-01
3.140896856784820557e-01
3.138752579689025879e-01
3.136078119277954102e-01
3.133528232574462891e-01
3.133858442306518555e-01
3.136378526687622070e-01
3.137946128845214844e-01
0.000000000000000000e+00
3.138847053050994873e-01
3.135328888893127441e-01
3.130694031715393066e-01
3.132140040397644043e-01
0.000000000000000000e+00
3.139141798019409180e-01
0.000000000000000000e+00
3.135069012641906738e-01
3.129884004592895508e-01
0.000000000000000000e+00
3.135749697685241699e-01
3.131763339042663574e-01
3.132503032684326172e-01
0.000000000000000000e+00
3.137125372886657715e-01
3.125783205032348633e-01
3.115938901901245117e-01
3.114066123962402344e-01
3.131846785545349121e-01
3.135086894035339355e-01
3.133563995361328125e-01
3.134115934371948242e-01
3.125346601009368896e-01
3.133412301540374756e-01
3.135441839694976807e-01
3.140222132205963135e-01
3.142923116683959961e-01
3.144410848617553711e-01
3.136034905910491943e-01
3.140257298946380615e-01
3.137116432189941406e-01
3.138944506645202637e-01
3.136695623397827148e-01
3.143207430839538574e-01
3.138180375099182129e-01
3.138935565948486328e-01
3.136995434761047363e-01
3.138274550437927246e-01
3.137606382369995117e-01
3.138044476509094238e-01
3.140571117401123047e-01
3.138365745544433594e-01
3.141398429870605469e-01
3.141342401504516602e-01
3.138187825679779053e-01
3.141120672225952148e-01
3.138881325721740723e-01
3.138588070869445801e-01
3.141619563102722168e-01
3.139656484127044678e-01
3.139728903770446777e-01
3.139119744300842285e-01
3.140321373939514160e-01
3.139359354972839355e-01
0.000000000000000000e+00
3.139554262161254883e-01
3.139537572860717773e-01
3.139485120773315430e-01
3.139864206314086914e-01
3.139656186103820801e-01
3.139575123786926270e-01
3.139894604682922363e-01
3.140913844108581543e-01
3.139429688453674316e-01
3.141404390335083008e-01
3.139581084251403809e-01
3.139780759811401367e-01
3.139871954917907715e-01
3.139964044094085693e-01
3.143291771411895752e-01
3.139581680297851562e-01
3.139870166778564453e-01
3.139851093292236328e-01
3.151115179061889648e-01
3.138378858566284180e-01
3.141843676567077637e-01
3.138476014137268066e-01
3.136817216873168945e-01
3.142550885677337646e-01
3.138236999511718750e-01
3.146596550941467285e-01
3.143465518951416016e-01
3.143239617347717285e-01
3.140643835067749023e-01
3.139904141426086426e-01
3.141504228115081787e-01
3.147125840187072754e-01
3.143566846847534180e-01
3.139968514442443848e-01
3.138943910598754883e-01
3.138688206672668457e-01
3.139328658580780029e-01
3.138312697410583496e-01
3.138165473937988281e-01
3.137689828872680664e-01
3.138365149497985840e-01
3.139793574810028076e-01
3.141980171203613281e-01
3.141416311264038086e-01
3.138313293457031250e-01
3.140321671962738037e-01
3.139038681983947754e-01
3.139212727546691895e-01
3.139634728431701660e-01
3.139880299568176270e-01
3.138846755027770996e-01
3.139421939849853516e-01
3.139789104461669922e-01
3.139507174491882324e-01
3.152064681053161621e-01
3.140404224395751953e-01
3.141734004020690918e-01
3.139173686504364014e-01
3.139425516128540039e-01
3.139860033988952637e-01
3.146014213562011719e-01
3.146623373031616211e-01
3.149865865707397461e-01
3.144982457160949707e-01
3.141584992408752441e-01
3.143672943115234375e-01
3.143704533576965332e-01
3.143364191055297852e-01
3.140949606895446777e-01
3.138132989406585693e-01
3.138093948364257812e-01
3.138464689254760742e-01
3.137932419776916504e-01
3.138960897922515869e-01
3.139797151088714600e-01
3.138779401779174805e-01
3.147313594818115234e-01
3.145489692687988281e-01
3.143160939216613770e-01
3.136143982410430908e-01
3.143931329250335693e-01
3.146222829818725586e-01
3.142316341400146484e-01
3.145128190517425537e-01
3.138143420219421387e-01
3.140761256217956543e-01
3.139421045780181885e-01
3.139724135398864746e-01
3.139373064041137695e-01
3.139539659023284912e-01
3.139587938785552979e-01
3.139573335647583008e-01
3.139634132385253906e-01
3.139591217041015625e-01
3.139329850673675537e-01
3.139094114303588867e-01
3.138693273067474365e-01
3.139686584472656250e-01
3.139567375183105469e-01
3.139570653438568115e-01
3.142073750495910645e-01
3.138676881790161133e-01
3.130859136581420898e-01
3.135619461536407471e-01
3.129540681838989258e-01
3.133246302604675293e-01
3.135076165199279785e-01
3.135088086128234863e-01
3.132206797599792480e-01
3.133206963539123535e-01
3.131992816925048828e-01
3.130294680595397949e-01
3.130302727222442627e-01
3.133281469345092773e-01
3.138954043388366699e-01
3.142049014568328857e-01
3.135365247726440430e-01
3.138494193553924561e-01
3.141546249389648438e-01
3.131736516952514648e-01
3.136096596717834473e-01
3.132476508617401123e-01
3.132694959640502930e-01
3.134231567382812500e-01
3.128928542137145996e-01
3.131780624389648438e-01
3.139479756355285645e-01
3.130025267601013184e-01
3.130322992801666260e-01
3.135191798210144043e-01
3.128820061683654785e-01
3.140795826911926270e-01
3.132365345954895020e-01
3.132684826850891113e-01
3.127921223640441895e-01
3.131424188613891602e-01
3.130970597267150879e-01
0.000000000000000000e+00
3.136758804321289062e-01
3.145565688610076904e-01
3.137049078941345215e-01
3.142827749252319336e-01
3.143522739410400391e-01
3.141296505928039551e-01
3.135240077972412109e-01
3.140318393707275391e-01
3.142110705375671387e-01
3.142942190170288086e-01
3.143936097621917725e-01
3.143195509910583496e-01
3.142656087875366211e-01
3.143913745880126953e-01
3.140127360820770264e-01
3.140205144882202148e-01
3.139023780822753906e-01
3.144159913063049316e-01
3.142731785774230957e-01
3.138502538204193115e-01
3.145180344581604004e-01
3.143510222434997559e-01
3.142424821853637695e-01
3.142788410186767578e-01
3.139715790748596191e-01
3.138252496719360352e-01
3.135200142860412598e-01
3.134733140468597412e-01
3.136448264122009277e-01
3.136364221572875977e-01
3.138442635536193848e-01
3.136832118034362793e-01
3.136294484138488770e-01
3.136315345764160156e-01
3.135656118392944336e-01
3.135645389556884766e-01
3.135660290718078613e-01
3.141639232635498047e-01
3.137477040290832520e-01
3.142687678337097168e-01
3.145173192024230957e-01
3.143743276596069336e-01
3.139989972114562988e-01
3.139539957046508789e-01
3.139641284942626953e-01
3.140885531902313232e-01
3.139575719833374023e-01
3.132067620754241943e-01
3.142139315605163574e-01
3.137503266334533691e-01
3.146840333938598633e-01
3.139350712299346924e-01
3.138108253479003906e-01
3.135511279106140137e-01
3.135611414909362793e-01
3.136422336101531982e-01
3.148930668830871582e-01
3.137126564979553223e-01
3.135400712490081787e-01
3.141095042228698730e-01
3.133179545402526855e-01
3.132892251014709473e-01
3.130256533622741699e-01
3.140861392021179199e-01
3.133122920989990234e-01
3.136722743511199951e-01
3.130973279476165771e-01
3.137338161468505859e-01
3.126323223114013672e-01
3.129822611808776855e-01
0.000000000000000000e+00
3.132900595664978027e-01
0.000000000000000000e+00
3.128153681755065918e-01
0.000000000000000000e+00
3.141570091247558594e-01
3.131695985794067383e-01
3.129697442054748535e-01
3.129500150680541992e-01
3.131863474845886230e-01
0.000000000000000000e+00
3.128610253334045410e-01
0.000000000000000000e+00
0.000000000000000000e+00
0.000000000000000000e+00
0.000000000000000000e+00
0.000000000000000000e+00
0.000000000000000000e+00
0.000000000000000000e+00
0.000000000000000000e+00
0.000000000000000000e+00
0.000000000000000000e+00
0.000000000000000000e+00
0.000000000000000000e+00
0.000000000000000000e+00
0.000000000000000000e+00
3.129773736000061035e-01
3.139227628707885742e-01
0.000000000000000000e+00
3.119686841964721680e-01
3.129323124885559082e-01
3.118871450424194336e-01
3.126868009567260742e-01
0.000000000000000000e+00
3.127681612968444824e-01
0.000000000000000000e+00
3.119216561317443848e-01
3.119695186614990234e-01
3.137733638286590576e-01
3.131350874900817871e-01
3.131867647171020508e-01
3.131684362888336182e-01
3.130946159362792969e-01
3.129697442054748535e-01
3.130909800529479980e-01
3.132655620574951172e-01
3.119731545448303223e-01
3.149011135101318359e-01
3.148166537284851074e-01
3.147288560867309570e-01
4.321140348911285400e-01
3.152429461479187012e-01
3.136385679244995117e-01
3.137900829315185547e-01
3.138071894645690918e-01
3.138951063156127930e-01
3.137409687042236328e-01
3.133073449134826660e-01
3.130491375923156738e-01
3.128470778465270996e-01
3.139630556106567383e-01
3.132576346397399902e-01
3.129221200942993164e-01
0.000000000000000000e+00
0.000000000000000000e+00
0.000000000000000000e+00
3.132653832435607910e-01
0.000000000000000000e+00
0.000000000000000000e+00
0.000000000000000000e+00
0.000000000000000000e+00
0.000000000000000000e+00
0.000000000000000000e+00
3.121758103370666504e-01
3.131328225135803223e-01
3.129177391529083252e-01
3.135348558425903320e-01
3.130888938903808594e-01
3.136272430419921875e-01
3.131034076213836670e-01
3.128332495689392090e-01
3.133888840675354004e-01
3.122033774852752686e-01
3.129567503929138184e-01
3.128383457660675049e-01
3.134322166442871094e-01
3.129108846187591553e-01
3.132074475288391113e-01
3.133780956268310547e-01
3.128380179405212402e-01
3.130258917808532715e-01
3.139351308345794678e-01
3.141341209411621094e-01
3.139336109161376953e-01
3.133409023284912109e-01
3.132728338241577148e-01
3.130257725715637207e-01
3.129626214504241943e-01
3.132893443107604980e-01
3.131650090217590332e-01
3.133563399314880371e-01
3.134023249149322510e-01
3.129028677940368652e-01
3.140379786491394043e-01
3.135064244270324707e-01
3.137056231498718262e-01
3.138680458068847656e-01
0.000000000000000000e+00
3.129924535751342773e-01
3.130259215831756592e-01
3.135967254638671875e-01
3.129737377166748047e-01
1.656216382980346680e-01
3.137184977531433105e-01
3.130620718002319336e-01
3.130848705768585205e-01
3.137171268463134766e-01
3.134054839611053467e-01
3.132188320159912109e-01
3.130961656570434570e-01
3.131854534149169922e-01
3.130987286567687988e-01
3.133096694946289062e-01
3.134839534759521484e-01
3.136944174766540527e-01
3.138634562492370605e-01
3.134598731994628906e-01
3.139562010765075684e-01
3.135605454444885254e-01
3.134549260139465332e-01
3.136439323425292969e-01
3.135178089141845703e-01
3.133922815322875977e-01
3.135389685630798340e-01
3.134164214134216309e-01
3.134102821350097656e-01
3.132758140563964844e-01
3.131131529808044434e-01
3.132677674293518066e-01
3.131998181343078613e-01
3.130834102630615234e-01
3.130888342857360840e-01
3.132320642471313477e-01
3.131243884563446045e-01
0.000000000000000000e+00
3.149815201759338379e-01
3.153029084205627441e-01
3.148164749145507812e-01
3.133444190025329590e-01
3.141636252403259277e-01
3.135944008827209473e-01
3.130991458892822266e-01
3.134421110153198242e-01
3.133072555065155029e-01
3.130986094474792480e-01
3.129309415817260742e-01
0.000000000000000000e+00
0.000000000000000000e+00
0.000000000000000000e+00
0.000000000000000000e+00
3.191171288490295410e-01
3.136953711509704590e-01
3.127368092536926270e-01
3.135010600090026855e-01
3.131964206695556641e-01
3.139064013957977295e-01
3.130562305450439453e-01
3.128356933593750000e-01
3.136758506298065186e-01
3.130385875701904297e-01
3.136729598045349121e-01
3.140468597412109375e-01
3.143433332443237305e-01
3.137970566749572754e-01
3.143757879734039307e-01
3.142006099224090576e-01
3.135905861854553223e-01
3.136917352676391602e-01
3.141084611415863037e-01
3.137646317481994629e-01
3.135995268821716309e-01
3.142802417278289795e-01
3.139619827270507812e-01
3.140793442726135254e-01
3.141044378280639648e-01
3.138690888881683350e-01
3.137871026992797852e-01
3.140019178390502930e-01
3.138722479343414307e-01
3.137263059616088867e-01
3.138816356658935547e-01
3.137328624725341797e-01
3.138226270675659180e-01
3.136540055274963379e-01
3.139196634292602539e-01
3.136377930641174316e-01
3.135578632354736328e-01
3.135946393013000488e-01
3.137732744216918945e-01
3.138936161994934082e-01
3.138696551322937012e-01
3.139188885688781738e-01
3.138455152511596680e-01
3.142614960670471191e-01
3.136200904846191406e-01
3.136852979660034180e-01
3.136948347091674805e-01
3.137165307998657227e-01
3.137587606906890869e-01
3.137761652469635010e-01
3.139005303382873535e-01
3.137795329093933105e-01
3.138850629329681396e-01
3.136957883834838867e-01
3.137453794479370117e-01
3.140116333961486816e-01
3.137858808040618896e-01
3.138825893402099609e-01
3.138548731803894043e-01
3.138206005096435547e-01
3.139284253120422363e-01
3.143826425075531006e-01
3.147233426570892334e-01
3.141782283782958984e-01
3.144303560256958008e-01
3.139585852622985840e-01
3.140413463115692139e-01
3.148622512817382812e-01
3.140513300895690918e-01
3.144289255142211914e-01
3.142894506454467773e-01
3.137522339820861816e-01
3.146559000015258789e-01
