4.966646432876586914e-01
4.966646432876586914e-01
4.966646432876586914e-01
4.966646432876586914e-01
4.966646432876586914e-01
4.966646432876586914e-01
4.966646432876586914e-01
4.966646432876586914e-01
4.966646432876586914e-01
4.966646432876586914e-01
4.966646432876586914e-01
4.966646432876586914e-01
4.966646432876586914e-01
4.966646432876586914e-01
4.966646432876586914e-01
4.966646432876586914e-01
4.966646432876586914e-01
4.966646432876586914e-01
4.966646432876586914e-01
4.966646432876586914e-01
4.966646432876586914e-01
4.966646432876586914e-01
4.966646432876586914e-01
4.966646432876586914e-01
4.966646432876586914e-01
4.966646432876586914e-01
0.000000000000000000e+00
0.000000000000000000e+00
0.000000000000000000e+00
4.966646432876586914e-01
4.966646432876586914e-01
4.966646432876586914e-01
4.966646432876586914e-01
4.966646432876586914e-01
4.966646432876586914e-01
4.966646432876586914e-01
4.966646432876586914e-01
4.966646432876586914e-01
4.966646432876586914e-01
4.966646432876586914e-01
4.966646432876586914e-01
0.000000000000000000e+00
0.000000000000000000e+00
4.966646432876586914e-01
4.966646432876586914e-01
4.966646432876586914e-01
4.966646432876586914e-01
4.966646432876586914e-01
4.966646432876586914e-01
4.966646432876586914e-01
4.966646432876586914e-01
4.966646432876586914e-01
4.966646432876586914e-01
4.966646432876586914e-01
4.966646432876586914e-01
