2.438372969627380371e-01
3.087435960769653320e-01
3.794893026351928711e-01
3.582864999771118164e-01
3.695035874843597412e-01
3.765367269515991211e-01
3.800880312919616699e-01
3.816482722759246826e-01
3.822862803936004639e-01
3.733560740947723389e-01
3.810561001300811768e-01
3.826246857643127441e-01
3.826704621315002441e-01
3.824321329593658447e-01
3.033970296382904053e-01
3.033970296382904053e-01
3.033969998359680176e-01
3.033969998359680176e-01
3.045209050178527832e-01
3.045208454132080078e-01
3.045203983783721924e-01
3.032081127166748047e-01
3.045161366462707520e-01
3.032511472702026367e-01
3.045048415660858154e-01
3.051286935806274414e-01
3.220589756965637207e-01
3.220589756965637207e-01
3.220589756965637207e-01
3.220589756965637207e-01
3.220589756965637207e-01
3.047574758529663086e-01
2.403470873832702637e-01
3.084396123886108398e-01
2.725324034690856934e-01
2.720049619674682617e-01
2.704566419124603271e-01
2.651140689849853516e-01
2.694683969020843506e-01
2.351303398609161377e-01
3.827008903026580811e-01
3.827008903026580811e-01
3.827008903026580811e-01
3.827008903026580811e-01
3.827008903026580811e-01
3.827008903026580811e-01
3.827008903026580811e-01
3.827008903026580811e-01
3.827008903026580811e-01
3.827008903026580811e-01
3.827008903026580811e-01
3.827008903026580811e-01
3.827008903026580811e-01
3.827008903026580811e-01
3.827008903026580811e-01
3.827008903026580811e-01
3.827008903026580811e-01
3.827008903026580811e-01
3.827008903026580811e-01
3.827008903026580811e-01
3.827008903026580811e-01
3.827008903026580811e-01
3.827008903026580811e-01
3.827008903026580811e-01
3.827008903026580811e-01
3.827008903026580811e-01
3.827008903026580811e-01
3.827008903026580811e-01
3.827008903026580811e-01
3.827008903026580811e-01
3.827008903026580811e-01
3.827008903026580811e-01
3.827008903026580811e-01
3.827008903026580811e-01
3.827008903026580811e-01
3.827008903026580811e-01
2.825499176979064941e-01
2.825512290000915527e-01
2.855350971221923828e-01
2.754342555999755859e-01
2.858936190605163574e-01
3.059402108192443848e-01
3.055795431137084961e-01
3.059402108192443848e-01
3.058874309062957764e-01
2.574759721755981445e-01
2.432062029838562012e-01
2.432062029838562012e-01
2.432062029838562012e-01
2.432062029838562012e-01
2.432062029838562012e-01
2.432062029838562012e-01
2.432062029838562012e-01
2.432062029838562012e-01
2.432062029838562012e-01
2.432062029838562012e-01
2.432062029838562012e-01
2.432062029838562012e-01
2.432062029838562012e-01
2.432062029838562012e-01
2.432062029838562012e-01
2.432062029838562012e-01
2.432062029838562012e-01
2.432062029838562012e-01
2.432062029838562012e-01
2.432062029838562012e-01
2.432062029838562012e-01
3.220589756965637207e-01
3.220589756965637207e-01
3.220589756965637207e-01
3.220589756965637207e-01
3.220589756965637207e-01
3.220589756965637207e-01
3.220589756965637207e-01
3.220589756965637207e-01
3.220589756965637207e-01
3.220589756965637207e-01
3.220589756965637207e-01
3.220589756965637207e-01
3.220589756965637207e-01
3.098605275154113770e-01
3.059626519680023193e-01
3.059402108192443848e-01
3.040583729743957520e-01
3.056454062461853027e-01
3.063204288482666016e-01
3.075937926769256592e-01
3.078129291534423828e-01
3.078353404998779297e-01
3.082898259162902832e-01
2.593249678611755371e-01
2.593249678611755371e-01
2.593249976634979248e-01
2.593249976634979248e-01
2.593249976634979248e-01
2.593249976634979248e-01
2.608497738838195801e-01
2.604425549507141113e-01
2.604425549507141113e-01
2.604425549507141113e-01
3.827008903026580811e-01
3.827008903026580811e-01
3.827008903026580811e-01
3.827008903026580811e-01
3.827008903026580811e-01
3.827008903026580811e-01
3.827008903026580811e-01
3.827008903026580811e-01
3.827008903026580811e-01
3.827008903026580811e-01
3.827008903026580811e-01
3.827008903026580811e-01
3.827008903026580811e-01
3.827008903026580811e-01
3.827008903026580811e-01
3.827008903026580811e-01
3.827008903026580811e-01
3.827008903026580811e-01
3.827008903026580811e-01
3.827008903026580811e-01
3.827008903026580811e-01
3.827008903026580811e-01
3.827008903026580811e-01
3.827008903026580811e-01
3.827008903026580811e-01
3.827008903026580811e-01
3.827008903026580811e-01
3.827008903026580811e-01
3.827008903026580811e-01
3.827008903026580811e-01
3.827008903026580811e-01
3.827008903026580811e-01
3.827008903026580811e-01
3.827008903026580811e-01
3.827008903026580811e-01
3.827008903026580811e-01
3.827008903026580811e-01
3.827008903026580811e-01
3.827008903026580811e-01
3.827008903026580811e-01
3.827008903026580811e-01
3.827008903026580811e-01
3.827008903026580811e-01
3.827008903026580811e-01
3.098806738853454590e-01
3.077188730239868164e-01
3.092956542968750000e-01
3.135114312171936035e-01
3.205486238002777100e-01
3.304789662361145020e-01
2.840849161148071289e-01
3.421621918678283691e-01
3.718995451927185059e-01
3.786148130893707275e-01
3.822169303894042969e-01
3.825931251049041748e-01
3.827008903026580811e-01
3.827008903026580811e-01
3.827008903026580811e-01
3.827008903026580811e-01
3.827008903026580811e-01
3.827008903026580811e-01
3.827008903026580811e-01
3.827008903026580811e-01
3.827008903026580811e-01
3.827008903026580811e-01
3.827008903026580811e-01
3.827008903026580811e-01
3.827008903026580811e-01
3.252950310707092285e-01
3.827008903026580811e-01
3.827008903026580811e-01
3.827008903026580811e-01
3.827008903026580811e-01
3.827008903026580811e-01
3.827008903026580811e-01
3.827008903026580811e-01
3.827008903026580811e-01
3.827008903026580811e-01
3.827008903026580811e-01
3.827008903026580811e-01
3.827008903026580811e-01
3.827008903026580811e-01
3.827008903026580811e-01
3.827008903026580811e-01
3.827008903026580811e-01
3.827008903026580811e-01
3.827008903026580811e-01
3.827008903026580811e-01
3.827008903026580811e-01
3.827008903026580811e-01
3.827008903026580811e-01
3.827008903026580811e-01
3.827008903026580811e-01
3.827008903026580811e-01
3.827008903026580811e-01
3.827008903026580811e-01
3.827008903026580811e-01
3.827008903026580811e-01
3.827008903026580811e-01
3.827008903026580811e-01
3.827008903026580811e-01
3.827008903026580811e-01
3.827008903026580811e-01
3.827008903026580811e-01
3.827008903026580811e-01
3.827008903026580811e-01
3.827008903026580811e-01
3.827008903026580811e-01
3.827008903026580811e-01
3.827008903026580811e-01
3.827008903026580811e-01
3.827008903026580811e-01
3.827008903026580811e-01
3.827008903026580811e-01
3.827008903026580811e-01
3.827008903026580811e-01
3.827008903026580811e-01
3.827008903026580811e-01
3.827008903026580811e-01
3.723631501197814941e-01
3.774035274982452393e-01
3.804609775543212891e-01
3.817948698997497559e-01
3.823404312133789062e-01
3.797167241573333740e-01
3.810505270957946777e-01
3.820777237415313721e-01
3.824186623096466064e-01
3.825831115245819092e-01
3.826541006565093994e-01
3.826802670955657959e-01
3.826849758625030518e-01
3.826893866062164307e-01
3.826834559440612793e-01
3.826897144317626953e-01
3.826693892478942871e-01
3.826633095741271973e-01
3.826633095741271973e-01
3.826559484004974365e-01
3.826559484004974365e-01
3.826577961444854736e-01
3.804676532745361328e-01
3.826577961444854736e-01
3.824369907379150391e-01
3.826577961444854736e-01
3.826596438884735107e-01
3.827008903026580811e-01
3.827008903026580811e-01
3.827008903026580811e-01
3.827008903026580811e-01
3.827008903026580811e-01
3.827008903026580811e-01
3.827008903026580811e-01
3.827008903026580811e-01
3.646529912948608398e-01
3.646927475929260254e-01
3.827008903026580811e-01
3.827008903026580811e-01
3.827008903026580811e-01
3.827008903026580811e-01
3.827008903026580811e-01
3.827008903026580811e-01
3.827008903026580811e-01
3.827008903026580811e-01
3.827008903026580811e-01
3.827008903026580811e-01
3.827008903026580811e-01
3.827008903026580811e-01
3.827008903026580811e-01
3.827008903026580811e-01
3.827008903026580811e-01
3.827008903026580811e-01
3.827008903026580811e-01
3.827008903026580811e-01
3.332879543304443359e-01
3.312718868255615234e-01
3.086582422256469727e-01
3.059402108192443848e-01
3.058558404445648193e-01
3.031096458435058594e-01
3.031850457191467285e-01
3.827008903026580811e-01
3.827008903026580811e-01
3.827008903026580811e-01
3.827008903026580811e-01
3.827008903026580811e-01
3.827008903026580811e-01
3.827008903026580811e-01
3.827008903026580811e-01
3.827008903026580811e-01
3.827008903026580811e-01
3.827008903026580811e-01
3.827008903026580811e-01
3.827008903026580811e-01
3.199669122695922852e-01
3.827008903026580811e-01
3.827008903026580811e-01
3.827008903026580811e-01
3.827008903026580811e-01
3.827008903026580811e-01
3.827008903026580811e-01
3.827008903026580811e-01
3.827008903026580811e-01
3.827008903026580811e-01
3.827008903026580811e-01
3.827008903026580811e-01
3.827008903026580811e-01
3.827008903026580811e-01
3.827008903026580811e-01
3.827008903026580811e-01
3.827008903026580811e-01
3.827008903026580811e-01
3.827008903026580811e-01
3.827008903026580811e-01
3.827008903026580811e-01
0.000000000000000000e+00
2.272134125232696533e-01
2.593249678611755371e-01
2.593249678611755371e-01
2.593249678611755371e-01
2.593249678611755371e-01
2.593249678611755371e-01
2.593249678611755371e-01
2.562817335128784180e-01
2.386027872562408447e-01
2.275593578815460205e-01
2.255561649799346924e-01
3.033046722412109375e-01
2.467824518680572510e-01
2.403419315814971924e-01
2.386901378631591797e-01
3.036978244781494141e-01
3.267892301082611084e-01
3.381725549697875977e-01
3.706146478652954102e-01
3.818065524101257324e-01
2.501450181007385254e-01
2.403422892093658447e-01
2.403420507907867432e-01
2.578887343406677246e-01
2.428385317325592041e-01
2.358194887638092041e-01
2.044534981250762939e-01
3.826149106025695801e-01
3.827006816864013672e-01
3.827002048492431641e-01
3.825809955596923828e-01
2.384514212608337402e-01
2.403450310230255127e-01
3.827003240585327148e-01
3.272168636322021484e-01
3.827008903026580811e-01
2.767306566238403320e-01
3.827008903026580811e-01
3.827008903026580811e-01
3.827008903026580811e-01
3.827008903026580811e-01
3.827008903026580811e-01
3.827008903026580811e-01
2.403419315814971924e-01
2.254013121128082275e-01
2.529240548610687256e-01
3.827008903026580811e-01
3.827008903026580811e-01
3.827008903026580811e-01
3.827008903026580811e-01
3.827008903026580811e-01
3.827008903026580811e-01
3.827008903026580811e-01
3.827008903026580811e-01
3.827008903026580811e-01
3.827008903026580811e-01
3.827008903026580811e-01
3.827008903026580811e-01
3.827008903026580811e-01
3.827008903026580811e-01
3.827008605003356934e-01
3.827008605003356934e-01
3.827008903026580811e-01
3.827008903026580811e-01
3.827008903026580811e-01
3.827008903026580811e-01
3.827008903026580811e-01
3.827008903026580811e-01
3.827008903026580811e-01
3.817242980003356934e-01
3.827008903026580811e-01
3.827008903026580811e-01
3.827008903026580811e-01
3.827008903026580811e-01
3.827008903026580811e-01
3.827008903026580811e-01
3.827008903026580811e-01
3.827008903026580811e-01
3.827008903026580811e-01
3.827008903026580811e-01
3.827008903026580811e-01
3.827008903026580811e-01
3.827008903026580811e-01
3.827008903026580811e-01
3.827008903026580811e-01
3.827008903026580811e-01
3.827008903026580811e-01
3.827008903026580811e-01
3.827008903026580811e-01
3.827008903026580811e-01
3.827008903026580811e-01
3.827008903026580811e-01
3.827008903026580811e-01
3.827008903026580811e-01
3.827008903026580811e-01
3.827008903026580811e-01
3.827008903026580811e-01
3.827008903026580811e-01
3.827008903026580811e-01
3.827008903026580811e-01
3.827008903026580811e-01
3.827008903026580811e-01
3.827008903026580811e-01
3.827008903026580811e-01
3.827008903026580811e-01
3.827008903026580811e-01
3.827008903026580811e-01
3.827008903026580811e-01
3.827008903026580811e-01
3.827008903026580811e-01
3.827008903026580811e-01
3.827008903026580811e-01
3.827008903026580811e-01
3.827008903026580811e-01
3.827008903026580811e-01
3.827008903026580811e-01
3.827008903026580811e-01
3.827008903026580811e-01
3.827008903026580811e-01
3.827008903026580811e-01
3.827008306980133057e-01
3.826993703842163086e-01
3.827000558376312256e-01
3.827005624771118164e-01
3.827007710933685303e-01
3.827008605003356934e-01
3.826974630355834961e-01
3.826989531517028809e-01
3.811185657978057861e-01
3.827008903026580811e-01
3.827008903026580811e-01
3.827008903026580811e-01
3.827008903026580811e-01
3.827008903026580811e-01
3.827008903026580811e-01
3.827008903026580811e-01
3.827008903026580811e-01
3.827008903026580811e-01
3.827008903026580811e-01
3.827008903026580811e-01
3.827008903026580811e-01
3.827008903026580811e-01
3.826977014541625977e-01
2.984284162521362305e-01
2.833243310451507568e-01
3.826983869075775146e-01
3.827008903026580811e-01
3.827008903026580811e-01
3.827008903026580811e-01
3.827008903026580811e-01
3.827008903026580811e-01
3.827008903026580811e-01
3.827005624771118164e-01
3.826316893100738525e-01
3.827008903026580811e-01
3.827005326747894287e-01
3.821107745170593262e-01
2.886410355567932129e-01
3.827008605003356934e-01
3.827008903026580811e-01
3.827008903026580811e-01
3.827008903026580811e-01
3.827008903026580811e-01
3.827008903026580811e-01
3.827008903026580811e-01
3.827008903026580811e-01
3.827008903026580811e-01
3.827008903026580811e-01
3.827008903026580811e-01
3.827008903026580811e-01
3.827008903026580811e-01
3.827008903026580811e-01
3.827008903026580811e-01
3.827008903026580811e-01
3.827008903026580811e-01
3.827008903026580811e-01
3.827008903026580811e-01
3.827008903026580811e-01
3.827008903026580811e-01
3.827008903026580811e-01
3.827008903026580811e-01
3.827008903026580811e-01
3.827008903026580811e-01
3.827008903026580811e-01
3.827008903026580811e-01
3.827008903026580811e-01
3.827008903026580811e-01
3.827008903026580811e-01
3.827008903026580811e-01
3.827008903026580811e-01
3.827008903026580811e-01
3.827008903026580811e-01
3.827008903026580811e-01
3.827008903026580811e-01
3.827008903026580811e-01
3.827008903026580811e-01
3.827008903026580811e-01
3.827008903026580811e-01
3.827008903026580811e-01
3.827008903026580811e-01
3.826959729194641113e-01
3.827008903026580811e-01
3.827008903026580811e-01
3.827008903026580811e-01
3.787841200828552246e-01
3.809638917446136475e-01
3.818576335906982422e-01
2.495789825916290283e-01
3.810413479804992676e-01
3.825741112232208252e-01
3.826443850994110107e-01
3.826737999916076660e-01
3.826937079429626465e-01
3.826980590820312500e-01
3.825364112854003906e-01
3.826387226581573486e-01
2.407478690147399902e-01
3.456335365772247314e-01
3.827008903026580811e-01
3.827008903026580811e-01
3.827008903026580811e-01
3.827008903026580811e-01
3.827008903026580811e-01
3.827008903026580811e-01
3.827008903026580811e-01
3.827008903026580811e-01
3.827008903026580811e-01
3.827008903026580811e-01
3.827008903026580811e-01
3.827008903026580811e-01
3.827008903026580811e-01
3.827008903026580811e-01
2.437338829040527344e-01
3.827008903026580811e-01
3.827008903026580811e-01
3.827008903026580811e-01
3.827008903026580811e-01
3.827008903026580811e-01
3.827008903026580811e-01
3.827008903026580811e-01
3.827008903026580811e-01
3.827008903026580811e-01
3.827008903026580811e-01
3.040090799331665039e-01
3.039388656616210938e-01
3.039383888244628906e-01
3.137495815753936768e-01
3.644054532051086426e-01
3.651776909828186035e-01
3.668379783630371094e-01
3.827008903026580811e-01
3.827008903026580811e-01
3.827008903026580811e-01
3.827008903026580811e-01
3.827008903026580811e-01
3.827008903026580811e-01
3.827008903026580811e-01
3.827008903026580811e-01
3.827008903026580811e-01
3.827008903026580811e-01
3.827008903026580811e-01
3.827008903026580811e-01
3.827008903026580811e-01
3.827008903026580811e-01
3.827008903026580811e-01
3.827008903026580811e-01
3.827008903026580811e-01
3.827008903026580811e-01
3.827008903026580811e-01
3.827008903026580811e-01
3.827008903026580811e-01
3.827008903026580811e-01
3.827008903026580811e-01
3.827008903026580811e-01
3.827008903026580811e-01
3.827008903026580811e-01
3.827008903026580811e-01
3.827008903026580811e-01
3.827008903026580811e-01
3.827008903026580811e-01
3.827008903026580811e-01
3.827008903026580811e-01
3.827008903026580811e-01
3.827008903026580811e-01
3.827008903026580811e-01
3.827008903026580811e-01
3.827008903026580811e-01
3.827008903026580811e-01
3.827008903026580811e-01
3.827008903026580811e-01
3.827008903026580811e-01
3.827008903026580811e-01
3.827008903026580811e-01
3.827008903026580811e-01
3.827008903026580811e-01
3.827008903026580811e-01
3.827008903026580811e-01
3.827008903026580811e-01
3.827008903026580811e-01
3.827008903026580811e-01
3.827008903026580811e-01
3.827008903026580811e-01
3.827008903026580811e-01
3.827008903026580811e-01
3.827008903026580811e-01
3.827008903026580811e-01
3.827008903026580811e-01
3.827008903026580811e-01
3.827008903026580811e-01
3.827008903026580811e-01
3.827008903026580811e-01
3.827008903026580811e-01
3.827008903026580811e-01
3.827008903026580811e-01
3.827008903026580811e-01
3.827008903026580811e-01
3.826995790004730225e-01
3.827008903026580811e-01
3.826983571052551270e-01
3.826999366283416748e-01
3.827002346515655518e-01
3.826990723609924316e-01
3.220589756965637207e-01
2.570151090621948242e-01
3.827008903026580811e-01
2.432062029838562012e-01
2.432062029838562012e-01
3.827004730701446533e-01
2.432062029838562012e-01
3.827008903026580811e-01
3.827008903026580811e-01
3.827008903026580811e-01
3.827008903026580811e-01
3.827008903026580811e-01
3.827008903026580811e-01
3.827008903026580811e-01
3.827008903026580811e-01
3.827008903026580811e-01
3.827008903026580811e-01
3.827008903026580811e-01
3.827008903026580811e-01
3.827008903026580811e-01
3.826378881931304932e-01
3.715515136718750000e-01
3.664012253284454346e-01
3.573738634586334229e-01
3.683151602745056152e-01
3.738512992858886719e-01
3.825760185718536377e-01
3.809241056442260742e-01
3.827008903026580811e-01
3.827007412910461426e-01
3.827008306980133057e-01
3.827008903026580811e-01
3.827008903026580811e-01
3.827008903026580811e-01
3.827008903026580811e-01
3.826957643032073975e-01
3.827008903026580811e-01
3.827008903026580811e-01
3.827008903026580811e-01
3.827000558376312256e-01
3.827008903026580811e-01
3.827008903026580811e-01
3.827008903026580811e-01
3.827008903026580811e-01
3.827008903026580811e-01
3.827008903026580811e-01
3.827008903026580811e-01
3.827008903026580811e-01
3.827008903026580811e-01
3.827008903026580811e-01
3.827008903026580811e-01
3.827008605003356934e-01
3.827008903026580811e-01
3.827008903026580811e-01
3.827008903026580811e-01
3.827008903026580811e-01
2.407356798648834229e-01
3.827008903026580811e-01
3.827008903026580811e-01
3.827008903026580811e-01
3.827008903026580811e-01
3.827008903026580811e-01
3.827008903026580811e-01
3.827008903026580811e-01
3.827008903026580811e-01
3.827008903026580811e-01
3.827008903026580811e-01
3.827008903026580811e-01
3.827008903026580811e-01
3.827008903026580811e-01
3.827008903026580811e-01
3.827008903026580811e-01
3.827008903026580811e-01
3.827008008956909180e-01
3.269817233085632324e-01
2.520497441291809082e-01
3.611088395118713379e-01
3.827008903026580811e-01
3.827008903026580811e-01
3.827008903026580811e-01
3.827008903026580811e-01
3.827008903026580811e-01
3.853809833526611328e-01
3.827008903026580811e-01
3.827008903026580811e-01
3.827008903026580811e-01
3.827008903026580811e-01
3.827008903026580811e-01
3.827008903026580811e-01
3.827008903026580811e-01
3.827008903026580811e-01
3.827008903026580811e-01
3.827008903026580811e-01
3.827008903026580811e-01
3.827008903026580811e-01
3.827008903026580811e-01
3.827008903026580811e-01
3.827007710933685303e-01
3.827008903026580811e-01
3.827008903026580811e-01
3.827008903026580811e-01
3.827008903026580811e-01
3.827008903026580811e-01
3.827008903026580811e-01
3.827008903026580811e-01
3.827008903026580811e-01
3.827008903026580811e-01
3.827008903026580811e-01
3.827008903026580811e-01
3.827008903026580811e-01
3.827008903026580811e-01
3.827008903026580811e-01
3.827008903026580811e-01
3.827008903026580811e-01
3.827008903026580811e-01
3.827008903026580811e-01
3.827008903026580811e-01
3.827008903026580811e-01
3.827008903026580811e-01
3.827008903026580811e-01
3.827008903026580811e-01
3.791760206222534180e-01
3.827008903026580811e-01
3.827008903026580811e-01
3.827008903026580811e-01
3.827008903026580811e-01
3.827008903026580811e-01
3.827008903026580811e-01
3.827008903026580811e-01
3.220589756965637207e-01
3.220589756965637207e-01
3.220589756965637207e-01
3.220589756965637207e-01
3.827008903026580811e-01
3.827008903026580811e-01
3.827008903026580811e-01
3.827008903026580811e-01
3.827008903026580811e-01
3.827008903026580811e-01
3.827008903026580811e-01
3.827008903026580811e-01
3.827008903026580811e-01
3.827008903026580811e-01
3.827008903026580811e-01
3.827008903026580811e-01
3.827008903026580811e-01
3.827008903026580811e-01
3.827008903026580811e-01
3.827008903026580811e-01
3.827008903026580811e-01
3.827008903026580811e-01
3.827008903026580811e-01
3.827008903026580811e-01
3.827008903026580811e-01
3.827008903026580811e-01
3.827008903026580811e-01
3.827008903026580811e-01
3.827008903026580811e-01
3.827008903026580811e-01
3.827008903026580811e-01
3.826998174190521240e-01
3.827008903026580811e-01
3.827008903026580811e-01
3.188989460468292236e-01
3.827005624771118164e-01
3.827008903026580811e-01
3.827008903026580811e-01
3.827008903026580811e-01
3.826999068260192871e-01
3.827006518840789795e-01
3.827008903026580811e-01
3.826783001422882080e-01
3.826925754547119141e-01
3.827008903026580811e-01
3.827008903026580811e-01
3.826974034309387207e-01
3.827008903026580811e-01
3.827006220817565918e-01
3.827008903026580811e-01
3.827008903026580811e-01
3.827008903026580811e-01
3.827008903026580811e-01
3.827008903026580811e-01
3.827008903026580811e-01
3.827008903026580811e-01
3.827008903026580811e-01
3.827008903026580811e-01
3.827008903026580811e-01
3.827008903026580811e-01
3.827008903026580811e-01
3.827008903026580811e-01
3.827008903026580811e-01
3.827008903026580811e-01
3.827008903026580811e-01
3.827008903026580811e-01
3.827008903026580811e-01
3.827008903026580811e-01
3.827008903026580811e-01
3.059402108192443848e-01
3.827008903026580811e-01
3.827008903026580811e-01
3.827008903026580811e-01
3.827008903026580811e-01
3.827008903026580811e-01
3.827008903026580811e-01
3.827008903026580811e-01
3.827008903026580811e-01
3.827008903026580811e-01
3.827008903026580811e-01
3.827008903026580811e-01
3.827008903026580811e-01
3.827008903026580811e-01
3.827003538608551025e-01
3.827008605003356934e-01
3.827008306980133057e-01
3.827008903026580811e-01
3.827008903026580811e-01
3.827008903026580811e-01
3.827008903026580811e-01
3.827008903026580811e-01
3.827008903026580811e-01
3.827008903026580811e-01
3.827008903026580811e-01
3.827008903026580811e-01
3.827008903026580811e-01
3.827008903026580811e-01
3.827008903026580811e-01
3.827008903026580811e-01
3.827008903026580811e-01
3.827008903026580811e-01
3.827008903026580811e-01
3.827008903026580811e-01
3.827008903026580811e-01
3.827008903026580811e-01
3.827008903026580811e-01
3.827008903026580811e-01
3.827008903026580811e-01
3.827008903026580811e-01
3.827008903026580811e-01
3.827008903026580811e-01
3.827008903026580811e-01
3.827008903026580811e-01
3.827008903026580811e-01
3.827008903026580811e-01
3.827008903026580811e-01
3.823615312576293945e-01
3.827008903026580811e-01
3.827008903026580811e-01
3.827008903026580811e-01
3.827008903026580811e-01
3.827008903026580811e-01
3.827008903026580811e-01
3.827008903026580811e-01
3.827008903026580811e-01
3.827008903026580811e-01
3.827008903026580811e-01
3.827008903026580811e-01
3.827008903026580811e-01
3.827008903026580811e-01
3.827008903026580811e-01
3.827008903026580811e-01
3.827008903026580811e-01
3.827008903026580811e-01
3.827008903026580811e-01
3.827008903026580811e-01
3.827008903026580811e-01
3.437582254409790039e-01
3.381393253803253174e-01
2.403496801853179932e-01
3.827008903026580811e-01
3.827008903026580811e-01
3.827008903026580811e-01
3.827008903026580811e-01
3.827008903026580811e-01
3.827008903026580811e-01
3.827008903026580811e-01
3.827008903026580811e-01
3.827008903026580811e-01
3.827008903026580811e-01
3.827008903026580811e-01
3.827008903026580811e-01
3.827008903026580811e-01
3.827008903026580811e-01
3.827008903026580811e-01
3.827008903026580811e-01
3.827008903026580811e-01
3.827008903026580811e-01
3.827008903026580811e-01
3.827008903026580811e-01
3.827008903026580811e-01
3.827008903026580811e-01
3.827008903026580811e-01
3.827008903026580811e-01
3.827008903026580811e-01
3.827008903026580811e-01
3.827008903026580811e-01
3.827008903026580811e-01
3.827008903026580811e-01
3.827008903026580811e-01
3.827008903026580811e-01
3.827008903026580811e-01
3.827008903026580811e-01
3.827008903026580811e-01
3.213561773300170898e-01
3.213562369346618652e-01
3.220589756965637207e-01
3.220589756965637207e-01
3.220589756965637207e-01
3.220589756965637207e-01
3.220589756965637207e-01
3.220589756965637207e-01
3.220589756965637207e-01
3.220589756965637207e-01
3.252084851264953613e-01
3.358384966850280762e-01
3.494566679000854492e-01
3.825403749942779541e-01
3.725409209728240967e-01
3.773044347763061523e-01
3.696328103542327881e-01
3.400595784187316895e-01
3.403133749961853027e-01
3.779493272304534912e-01
3.321084380149841309e-01
3.427894413471221924e-01
3.743172883987426758e-01
3.798596262931823730e-01
3.384844064712524414e-01
3.824262022972106934e-01
3.825969696044921875e-01
2.491449117660522461e-01
2.224387526512145996e-01
3.826940059661865234e-01
2.579751610755920410e-01
3.826992511749267578e-01
2.439113557338714600e-01
2.230279445648193359e-01
3.826556801795959473e-01
2.404375374317169189e-01
3.827008903026580811e-01
3.827008903026580811e-01
3.827008903026580811e-01
3.827008903026580811e-01
3.827008903026580811e-01
3.827008903026580811e-01
3.827008903026580811e-01
3.827008903026580811e-01
3.827008903026580811e-01
3.827008903026580811e-01
3.827008903026580811e-01
3.827008903026580811e-01
3.827008903026580811e-01
3.827008903026580811e-01
3.827008903026580811e-01
3.827008903026580811e-01
3.827008903026580811e-01
3.827008903026580811e-01
3.827008903026580811e-01
3.827008903026580811e-01
3.827008903026580811e-01
3.827008903026580811e-01
3.827008903026580811e-01
3.827008903026580811e-01
3.827008903026580811e-01
3.827008903026580811e-01
3.827008903026580811e-01
3.827008903026580811e-01
3.827008903026580811e-01
3.827008903026580811e-01
3.827008903026580811e-01
3.827008903026580811e-01
3.827008903026580811e-01
3.827008903026580811e-01
3.827008903026580811e-01
3.827008903026580811e-01
3.827008903026580811e-01
3.827008903026580811e-01
3.827008903026580811e-01
3.827008903026580811e-01
3.827008903026580811e-01
3.827008903026580811e-01
3.827008903026580811e-01
3.827008903026580811e-01
3.827008903026580811e-01
3.827008903026580811e-01
3.827008903026580811e-01
3.827008903026580811e-01
3.827008903026580811e-01
3.827008903026580811e-01
3.827008903026580811e-01
3.827008903026580811e-01
3.673628568649291992e-01
3.325417041778564453e-01
3.827008903026580811e-01
3.827008903026580811e-01
3.223226070404052734e-01
3.187299370765686035e-01
3.225353956222534180e-01
3.225582838058471680e-01
3.226029872894287109e-01
3.225615024566650391e-01
3.223672509193420410e-01
3.224087953567504883e-01
3.224751651287078857e-01
3.224982023239135742e-01
3.123871684074401855e-01
3.827008903026580811e-01
3.827008903026580811e-01
3.827008903026580811e-01
3.827008903026580811e-01
3.827008903026580811e-01
3.827008903026580811e-01
3.827008903026580811e-01
3.827008903026580811e-01
3.827008903026580811e-01
3.827008903026580811e-01
3.827008903026580811e-01
3.827008903026580811e-01
3.827008903026580811e-01
3.827008903026580811e-01
3.827008903026580811e-01
3.827008903026580811e-01
3.827008903026580811e-01
3.827008903026580811e-01
3.827008903026580811e-01
3.827008903026580811e-01
3.827008903026580811e-01
3.827008903026580811e-01
3.827008903026580811e-01
3.827008903026580811e-01
3.827008903026580811e-01
3.827008903026580811e-01
3.827008903026580811e-01
3.827008903026580811e-01
3.827008903026580811e-01
3.827008903026580811e-01
3.827008903026580811e-01
3.827008903026580811e-01
3.827008903026580811e-01
3.827008903026580811e-01
3.827008903026580811e-01
3.827008903026580811e-01
3.827008903026580811e-01
3.827008903026580811e-01
3.827008903026580811e-01
3.827008903026580811e-01
3.827008903026580811e-01
3.827008903026580811e-01
3.827008903026580811e-01
3.827008903026580811e-01
3.827008903026580811e-01
3.827008903026580811e-01
3.827008903026580811e-01
3.827008903026580811e-01
3.827008903026580811e-01
3.827008903026580811e-01
3.827008903026580811e-01
3.827008903026580811e-01
3.827008903026580811e-01
3.827008903026580811e-01
3.827008903026580811e-01
3.827008903026580811e-01
3.827008903026580811e-01
3.827008903026580811e-01
3.827008903026580811e-01
3.827008903026580811e-01
3.827008903026580811e-01
3.827008903026580811e-01
3.827008903026580811e-01
3.827008903026580811e-01
3.827008903026580811e-01
3.827008903026580811e-01
3.827008903026580811e-01
3.827008903026580811e-01
3.827008903026580811e-01
3.827008903026580811e-01
3.827008903026580811e-01
3.827008903026580811e-01
3.827008903026580811e-01
3.827008903026580811e-01
3.827008903026580811e-01
3.827008903026580811e-01
3.827008903026580811e-01
3.827008903026580811e-01
3.827008903026580811e-01
3.827008903026580811e-01
3.827008903026580811e-01
3.827008903026580811e-01
3.827008903026580811e-01
3.827008903026580811e-01
3.827008903026580811e-01
3.827008903026580811e-01
3.827008903026580811e-01
3.827008903026580811e-01
3.827008903026580811e-01
3.827008903026580811e-01
3.827008903026580811e-01
3.827008903026580811e-01
3.827008903026580811e-01
3.827008903026580811e-01
3.827008903026580811e-01
3.827008903026580811e-01
3.827008903026580811e-01
3.827008903026580811e-01
3.827008903026580811e-01
3.827008605003356934e-01
3.827008903026580811e-01
3.826990127563476562e-01
3.827008903026580811e-01
3.827008903026580811e-01
3.827008903026580811e-01
3.827001154422760010e-01
3.827007412910461426e-01
3.827008903026580811e-01
3.827008903026580811e-01
3.827008903026580811e-01
3.827008903026580811e-01
3.827008903026580811e-01
3.827008903026580811e-01
3.827008903026580811e-01
3.827008903026580811e-01
3.827008903026580811e-01
3.827008903026580811e-01
3.827008903026580811e-01
3.827008903026580811e-01
3.827008306980133057e-01
3.827008605003356934e-01
3.827008903026580811e-01
3.827008903026580811e-01
3.827008903026580811e-01
3.827008903026580811e-01
3.826970458030700684e-01
3.827008903026580811e-01
3.827008903026580811e-01
3.827008903026580811e-01
3.827008903026580811e-01
3.827008903026580811e-01
3.827008903026580811e-01
3.827008903026580811e-01
3.827008903026580811e-01
3.827008903026580811e-01
3.827008903026580811e-01
3.827008903026580811e-01
3.827008903026580811e-01
3.827008903026580811e-01
3.827008903026580811e-01
3.827008903026580811e-01
3.827008903026580811e-01
3.827008903026580811e-01
3.827008903026580811e-01
3.827008903026580811e-01
3.827008903026580811e-01
3.827008903026580811e-01
3.827008903026580811e-01
3.827008903026580811e-01
3.827008903026580811e-01
3.827008903026580811e-01
3.827008903026580811e-01
3.827008903026580811e-01
3.827008903026580811e-01
3.827008903026580811e-01
3.827008903026580811e-01
3.827008903026580811e-01
3.827008903026580811e-01
3.827008903026580811e-01
3.827008903026580811e-01
3.827008903026580811e-01
3.827008903026580811e-01
3.827008903026580811e-01
3.827008903026580811e-01
3.827008903026580811e-01
3.827008903026580811e-01
3.827008903026580811e-01
3.827008903026580811e-01
3.827008903026580811e-01
3.827008903026580811e-01
3.827008903026580811e-01
3.827008903026580811e-01
3.827008903026580811e-01
3.827008903026580811e-01
3.827008903026580811e-01
3.827008903026580811e-01
3.827008903026580811e-01
3.827008903026580811e-01
3.827008903026580811e-01
3.827008903026580811e-01
3.827008903026580811e-01
3.827008903026580811e-01
3.827008903026580811e-01
3.827008903026580811e-01
3.827008903026580811e-01
3.827008903026580811e-01
3.827008903026580811e-01
3.827008903026580811e-01
3.827008903026580811e-01
3.827008903026580811e-01
3.827008903026580811e-01
3.827008903026580811e-01
3.827008903026580811e-01
3.827008903026580811e-01
3.827008903026580811e-01
3.827008903026580811e-01
3.827008903026580811e-01
3.827008903026580811e-01
3.827008903026580811e-01
3.827008903026580811e-01
3.827008903026580811e-01
3.827008903026580811e-01
3.827008903026580811e-01
3.827008903026580811e-01
3.827008903026580811e-01
3.827008903026580811e-01
3.827008903026580811e-01
3.827008903026580811e-01
3.827008903026580811e-01
