4.727909564971923828e-01
4.727909564971923828e-01
4.727909564971923828e-01
4.727909564971923828e-01
4.727909564971923828e-01
4.727909564971923828e-01
4.727909564971923828e-01
4.727909564971923828e-01
4.727909564971923828e-01
4.727909564971923828e-01
4.727909564971923828e-01
4.727909564971923828e-01
4.727909564971923828e-01
4.727909564971923828e-01
4.727909564971923828e-01
4.727909564971923828e-01
4.727909564971923828e-01
4.727909564971923828e-01
4.727909564971923828e-01
4.727909564971923828e-01
4.727909564971923828e-01
4.727909564971923828e-01
4.727909564971923828e-01
4.727909564971923828e-01
4.727909564971923828e-01
4.727909564971923828e-01
4.727909564971923828e-01
4.727909564971923828e-01
4.727909564971923828e-01
4.727909564971923828e-01
4.727909564971923828e-01
4.727909564971923828e-01
4.727909564971923828e-01
4.727909564971923828e-01
4.727909564971923828e-01
4.727909564971923828e-01
4.727909564971923828e-01
4.727909564971923828e-01
4.727909564971923828e-01
4.727909564971923828e-01
4.727909564971923828e-01
4.735341966152191162e-01
4.739893376827239990e-01
4.727909564971923828e-01
4.727909564971923828e-01
4.727909564971923828e-01
4.727909564971923828e-01
4.727938771247863770e-01
4.727909564971923828e-01
4.727909564971923828e-01
4.727909564971923828e-01
4.727909564971923828e-01
4.727909564971923828e-01
4.727909564971923828e-01
4.727909564971923828e-01
4.727909564971923828e-01
4.727909564971923828e-01
4.727909564971923828e-01
4.727909564971923828e-01
4.727909564971923828e-01
4.727909564971923828e-01
4.727909564971923828e-01
4.727909564971923828e-01
4.727909564971923828e-01
4.727909564971923828e-01
4.727909564971923828e-01
0.000000000000000000e+00
4.727909564971923828e-01
4.727909564971923828e-01
4.727909564971923828e-01
4.727909564971923828e-01
4.727909564971923828e-01
0.000000000000000000e+00
4.727909564971923828e-01
4.727909564971923828e-01
4.727909564971923828e-01
4.727909564971923828e-01
4.727909564971923828e-01
4.727909564971923828e-01
4.727909564971923828e-01
4.727909564971923828e-01
4.727909564971923828e-01
4.727909564971923828e-01
4.727909564971923828e-01
4.727909564971923828e-01
4.727909564971923828e-01
4.727909564971923828e-01
4.727909564971923828e-01
4.727909564971923828e-01
4.727909564971923828e-01
4.727909564971923828e-01
4.727909564971923828e-01
4.727909564971923828e-01
4.727909564971923828e-01
4.727909564971923828e-01
4.727909564971923828e-01
4.727909564971923828e-01
4.727909564971923828e-01
4.727909564971923828e-01
4.727909564971923828e-01
4.727909564971923828e-01
4.727909564971923828e-01
4.727909564971923828e-01
4.727909564971923828e-01
4.727909564971923828e-01
0.000000000000000000e+00
4.727909564971923828e-01
4.727909564971923828e-01
0.000000000000000000e+00
4.727909564971923828e-01
4.727909564971923828e-01
4.727909564971923828e-01
4.727909564971923828e-01
4.727909564971923828e-01
4.727909564971923828e-01
4.727909564971923828e-01
4.727909564971923828e-01
4.727909564971923828e-01
4.727909564971923828e-01
4.727909564971923828e-01
4.727909564971923828e-01
4.727909564971923828e-01
4.727909564971923828e-01
4.727909564971923828e-01
4.727909564971923828e-01
4.727909564971923828e-01
4.727909564971923828e-01
4.727909564971923828e-01
4.727909564971923828e-01
4.727909564971923828e-01
4.727909564971923828e-01
4.727909564971923828e-01
4.727909564971923828e-01
4.727909564971923828e-01
4.727909564971923828e-01
4.727909564971923828e-01
4.727909564971923828e-01
4.727909564971923828e-01
4.727909564971923828e-01
4.727909564971923828e-01
4.727909564971923828e-01
4.727909564971923828e-01
4.727909564971923828e-01
4.727909564971923828e-01
4.727909564971923828e-01
4.727909564971923828e-01
4.737641215324401855e-01
4.729563593864440918e-01
4.727909564971923828e-01
4.731353521347045898e-01
4.732977747917175293e-01
0.000000000000000000e+00
4.730062484741210938e-01
4.733490049839019775e-01
4.729075431823730469e-01
4.730368256568908691e-01
0.000000000000000000e+00
4.732207357883453369e-01
0.000000000000000000e+00
4.728539586067199707e-01
4.727909564971923828e-01
4.729734659194946289e-01
4.729391932487487793e-01
0.000000000000000000e+00
0.000000000000000000e+00
4.730106890201568604e-01
4.730955362319946289e-01
0.000000000000000000e+00
4.730118215084075928e-01
4.731454849243164062e-01
4.732807278633117676e-01
4.728001654148101807e-01
4.731855690479278564e-01
4.730855524539947510e-01
4.733526110649108887e-01
4.734481871128082275e-01
4.732667505741119385e-01
4.735016822814941406e-01
4.735198318958282471e-01
0.000000000000000000e+00
0.000000000000000000e+00
0.000000000000000000e+00
4.728417396545410156e-01
0.000000000000000000e+00
0.000000000000000000e+00
0.000000000000000000e+00
0.000000000000000000e+00
0.000000000000000000e+00
4.727909564971923828e-01
4.727909564971923828e-01
4.727909564971923828e-01
0.000000000000000000e+00
4.727909564971923828e-01
0.000000000000000000e+00
0.000000000000000000e+00
0.000000000000000000e+00
4.727909564971923828e-01
0.000000000000000000e+00
0.000000000000000000e+00
0.000000000000000000e+00
4.727909564971923828e-01
4.727909564971923828e-01
4.727909564971923828e-01
4.727909564971923828e-01
4.727909564971923828e-01
4.727909564971923828e-01
4.727909564971923828e-01
4.727909564971923828e-01
4.727909564971923828e-01
4.727909564971923828e-01
4.728650748729705811e-01
4.731859564781188965e-01
4.727909564971923828e-01
4.727909564971923828e-01
4.727909564971923828e-01
4.727909564971923828e-01
4.727909564971923828e-01
4.727909564971923828e-01
4.727909564971923828e-01
4.727909564971923828e-01
4.727909564971923828e-01
4.727909564971923828e-01
4.727909564971923828e-01
4.727909564971923828e-01
4.727909564971923828e-01
4.727909564971923828e-01
4.727909564971923828e-01
4.727909564971923828e-01
4.727909564971923828e-01
4.727909564971923828e-01
4.727909564971923828e-01
4.727909564971923828e-01
4.727909564971923828e-01
4.727909564971923828e-01
4.727909564971923828e-01
4.727909564971923828e-01
4.727909564971923828e-01
4.727909564971923828e-01
4.727909564971923828e-01
4.727909564971923828e-01
4.728648364543914795e-01
4.730587899684906006e-01
4.728191494941711426e-01
4.727909564971923828e-01
4.729261398315429688e-01
4.727909564971923828e-01
4.727909564971923828e-01
4.733054637908935547e-01
4.727909564971923828e-01
4.727909564971923828e-01
4.727909564971923828e-01
4.737464785575866699e-01
4.727909564971923828e-01
4.727909564971923828e-01
4.727909564971923828e-01
4.727909564971923828e-01
4.727909564971923828e-01
4.731372296810150146e-01
4.731400012969970703e-01
4.727909564971923828e-01
4.727909564971923828e-01
4.727909564971923828e-01
4.727909564971923828e-01
4.727909564971923828e-01
4.727909564971923828e-01
4.727909564971923828e-01
4.730530977249145508e-01
4.730271399021148682e-01
4.740213751792907715e-01
4.730539619922637939e-01
4.730924367904663086e-01
4.730647206306457520e-01
4.729343652725219727e-01
4.730105698108673096e-01
4.730406999588012695e-01
4.730607569217681885e-01
4.727909564971923828e-01
4.728717505931854248e-01
4.727909564971923828e-01
4.729713201522827148e-01
4.729123711585998535e-01
4.728633165359497070e-01
4.729843139648437500e-01
4.727909564971923828e-01
4.728913903236389160e-01
4.732958078384399414e-01
4.731286764144897461e-01
4.731806814670562744e-01
4.729878902435302734e-01
4.729411602020263672e-01
4.733280241489410400e-01
4.732188582420349121e-01
4.729536473751068115e-01
4.731552600860595703e-01
4.729824364185333252e-01
4.733330607414245605e-01
4.734682142734527588e-01
4.727909564971923828e-01
4.731697440147399902e-01
4.730075001716613770e-01
4.730982184410095215e-01
4.733085334300994873e-01
4.730956554412841797e-01
4.742048382759094238e-01
4.731092453002929688e-01
4.732658863067626953e-01
4.737202823162078857e-01
4.731923341751098633e-01
4.733602404594421387e-01
4.733534455299377441e-01
4.727909564971923828e-01
4.727909564971923828e-01
4.727909564971923828e-01
4.727909564971923828e-01
4.727909564971923828e-01
4.727909564971923828e-01
4.727909564971923828e-01
4.727909564971923828e-01
4.727909564971923828e-01
4.727909564971923828e-01
4.727909564971923828e-01
4.727909564971923828e-01
4.727909564971923828e-01
4.727909564971923828e-01
4.727909564971923828e-01
4.727909564971923828e-01
4.727909564971923828e-01
4.727909564971923828e-01
4.727909564971923828e-01
4.727909564971923828e-01
4.727909564971923828e-01
4.727909564971923828e-01
4.727909564971923828e-01
4.727909564971923828e-01
4.727909564971923828e-01
4.727909564971923828e-01
4.727909564971923828e-01
4.727909564971923828e-01
4.727909564971923828e-01
4.727909564971923828e-01
4.727909564971923828e-01
4.727909564971923828e-01
4.727909564971923828e-01
4.727909564971923828e-01
4.730178713798522949e-01
4.727909564971923828e-01
0.000000000000000000e+00
4.727909564971923828e-01
0.000000000000000000e+00
4.727909564971923828e-01
0.000000000000000000e+00
0.000000000000000000e+00
0.000000000000000000e+00
0.000000000000000000e+00
0.000000000000000000e+00
0.000000000000000000e+00
4.727909564971923828e-01
0.000000000000000000e+00
0.000000000000000000e+00
0.000000000000000000e+00
0.000000000000000000e+00
0.000000000000000000e+00
4.727909564971923828e-01
0.000000000000000000e+00
4.727909564971923828e-01
4.728075563907623291e-01
4.733391404151916504e-01
4.728042185306549072e-01
4.731175899505615234e-01
4.729111194610595703e-01
4.731022119522094727e-01
4.731614589691162109e-01
4.730198979377746582e-01
4.731788337230682373e-01
4.734254479408264160e-01
4.729411005973815918e-01
4.731898009777069092e-01
4.732350111007690430e-01
4.732961058616638184e-01
4.733566939830780029e-01
4.733527302742004395e-01
4.733550548553466797e-01
4.727909564971923828e-01
4.727909564971923828e-01
4.729790687561035156e-01
4.729850292205810547e-01
4.730445742607116699e-01
4.729887545108795166e-01
4.729228317737579346e-01
4.727909564971923828e-01
4.728681147098541260e-01
4.727909564971923828e-01
4.727909564971923828e-01
4.727909564971923828e-01
4.728020727634429932e-01
4.729246497154235840e-01
4.731630682945251465e-01
4.727909564971923828e-01
4.727909564971923828e-01
4.727909564971923828e-01
4.727909564971923828e-01
4.727909564971923828e-01
4.727909564971923828e-01
0.000000000000000000e+00
0.000000000000000000e+00
4.727909564971923828e-01
4.727909564971923828e-01
4.727909564971923828e-01
4.723615646362304688e-01
4.727909564971923828e-01
4.727909564971923828e-01
4.727909564971923828e-01
4.730210304260253906e-01
4.727909564971923828e-01
4.727909564971923828e-01
4.727909564971923828e-01
4.727909564971923828e-01
4.734247326850891113e-01
4.729693531990051270e-01
4.727909564971923828e-01
4.727909564971923828e-01
4.727909564971923828e-01
4.732468128204345703e-01
4.732429087162017822e-01
0.000000000000000000e+00
4.733307361602783203e-01
4.733420312404632568e-01
4.731590449810028076e-01
4.730867743492126465e-01
4.732379913330078125e-01
4.732519984245300293e-01
4.733618199825286865e-01
4.732875823974609375e-01
4.734871685504913330e-01
4.734520316123962402e-01
4.738240838050842285e-01
0.000000000000000000e+00
0.000000000000000000e+00
0.000000000000000000e+00
0.000000000000000000e+00
0.000000000000000000e+00
0.000000000000000000e+00
0.000000000000000000e+00
0.000000000000000000e+00
0.000000000000000000e+00
0.000000000000000000e+00
0.000000000000000000e+00
0.000000000000000000e+00
0.000000000000000000e+00
0.000000000000000000e+00
0.000000000000000000e+00
0.000000000000000000e+00
0.000000000000000000e+00
0.000000000000000000e+00
0.000000000000000000e+00
0.000000000000000000e+00
0.000000000000000000e+00
0.000000000000000000e+00
0.000000000000000000e+00
4.712922275066375732e-01
4.731377661228179932e-01
0.000000000000000000e+00
1.413248777389526367e-01
4.115436971187591553e-01
4.737139642238616943e-01
4.731228649616241455e-01
4.729155898094177246e-01
4.727909564971923828e-01
4.727909564971923828e-01
4.727909564971923828e-01
4.727909564971923828e-01
4.727909564971923828e-01
4.727909564971923828e-01
4.727909564971923828e-01
4.727909564971923828e-01
4.727909564971923828e-01
4.727909564971923828e-01
4.727909564971923828e-01
4.727909564971923828e-01
4.727909564971923828e-01
4.727909564971923828e-01
4.729293882846832275e-01
4.727909564971923828e-01
4.727909564971923828e-01
4.730795621871948242e-01
4.727909564971923828e-01
4.727909564971923828e-01
4.727909564971923828e-01
4.727909564971923828e-01
4.727909564971923828e-01
4.727909564971923828e-01
4.728563427925109863e-01
4.727909564971923828e-01
4.729433655738830566e-01
4.728282690048217773e-01
4.727909564971923828e-01
4.727909564971923828e-01
4.727909564971923828e-01
4.727909564971923828e-01
4.727909564971923828e-01
4.728213846683502197e-01
4.727909564971923828e-01
4.727909564971923828e-01
4.727909564971923828e-01
4.727909564971923828e-01
4.727909564971923828e-01
4.727909564971923828e-01
0.000000000000000000e+00
4.727909564971923828e-01
4.727909564971923828e-01
4.727909564971923828e-01
4.727909564971923828e-01
4.727909564971923828e-01
4.727909564971923828e-01
4.727909564971923828e-01
4.727909564971923828e-01
4.727909564971923828e-01
4.727909564971923828e-01
4.727909564971923828e-01
4.727909564971923828e-01
4.727909564971923828e-01
4.727909564971923828e-01
4.727909564971923828e-01
4.727909564971923828e-01
4.727909564971923828e-01
4.727909564971923828e-01
4.732186794281005859e-01
4.733304977416992188e-01
4.730373620986938477e-01
4.727909564971923828e-01
4.727909564971923828e-01
4.727909564971923828e-01
4.727909564971923828e-01
4.729061424732208252e-01
4.735221564769744873e-01
4.727909564971923828e-01
4.729185700416564941e-01
4.730377793312072754e-01
4.730606675148010254e-01
4.728409051895141602e-01
4.729052484035491943e-01
4.728811979293823242e-01
4.730419516563415527e-01
4.729442000389099121e-01
4.731379747390747070e-01
4.727909564971923828e-01
4.729196429252624512e-01
4.729529619216918945e-01
4.731320738792419434e-01
4.727909564971923828e-01
4.730948507785797119e-01
4.730021953582763672e-01
4.729867577552795410e-01
4.729714393615722656e-01
4.728294014930725098e-01
4.727909564971923828e-01
4.727909564971923828e-01
4.727909564971923828e-01
4.727909564971923828e-01
4.727909564971923828e-01
4.727909564971923828e-01
4.727909564971923828e-01
4.727909564971923828e-01
4.727909564971923828e-01
4.728605151176452637e-01
4.732533693313598633e-01
4.728239774703979492e-01
4.727909564971923828e-01
4.727909564971923828e-01
4.727909564971923828e-01
4.727909564971923828e-01
4.728921949863433838e-01
4.727909564971923828e-01
4.727909564971923828e-01
4.727909564971923828e-01
4.727909564971923828e-01
4.727909564971923828e-01
4.727909564971923828e-01
4.727909564971923828e-01
4.727909564971923828e-01
4.727909564971923828e-01
4.727909564971923828e-01
4.727909564971923828e-01
4.727909564971923828e-01
4.727909564971923828e-01
4.727909564971923828e-01
4.727909564971923828e-01
4.727909564971923828e-01
4.727909564971923828e-01
4.727909564971923828e-01
4.727909564971923828e-01
4.727909564971923828e-01
4.727909564971923828e-01
4.727909564971923828e-01
4.727909564971923828e-01
0.000000000000000000e+00
0.000000000000000000e+00
0.000000000000000000e+00
4.727909564971923828e-01
4.727909564971923828e-01
4.727909564971923828e-01
4.727909564971923828e-01
4.727909564971923828e-01
4.727909564971923828e-01
4.727909564971923828e-01
4.727909564971923828e-01
4.727909564971923828e-01
0.000000000000000000e+00
4.727909564971923828e-01
4.727909564971923828e-01
0.000000000000000000e+00
4.727909564971923828e-01
0.000000000000000000e+00
0.000000000000000000e+00
4.727909564971923828e-01
4.727909564971923828e-01
4.727909564971923828e-01
4.727909564971923828e-01
4.727909564971923828e-01
4.727909564971923828e-01
4.727909564971923828e-01
0.000000000000000000e+00
0.000000000000000000e+00
0.000000000000000000e+00
0.000000000000000000e+00
0.000000000000000000e+00
0.000000000000000000e+00
0.000000000000000000e+00
0.000000000000000000e+00
4.727909564971923828e-01
4.727909564971923828e-01
4.727909564971923828e-01
4.727909564971923828e-01
4.727909564971923828e-01
4.727909564971923828e-01
0.000000000000000000e+00
0.000000000000000000e+00
0.000000000000000000e+00
0.000000000000000000e+00
0.000000000000000000e+00
0.000000000000000000e+00
0.000000000000000000e+00
0.000000000000000000e+00
0.000000000000000000e+00
0.000000000000000000e+00
0.000000000000000000e+00
0.000000000000000000e+00
0.000000000000000000e+00
0.000000000000000000e+00
0.000000000000000000e+00
4.727909564971923828e-01
4.727909564971923828e-01
0.000000000000000000e+00
0.000000000000000000e+00
0.000000000000000000e+00
0.000000000000000000e+00
0.000000000000000000e+00
4.727909564971923828e-01
4.727909564971923828e-01
4.727909564971923828e-01
4.727909564971923828e-01
4.727909564971923828e-01
4.727909564971923828e-01
4.727909564971923828e-01
0.000000000000000000e+00
0.000000000000000000e+00
4.727909564971923828e-01
4.727909564971923828e-01
4.727909564971923828e-01
4.727909564971923828e-01
4.727909564971923828e-01
4.727909564971923828e-01
4.727909564971923828e-01
4.727909564971923828e-01
4.727909564971923828e-01
4.727909564971923828e-01
4.727909564971923828e-01
4.727909564971923828e-01
4.727909564971923828e-01
4.727909564971923828e-01
4.727909564971923828e-01
4.727909564971923828e-01
4.727909564971923828e-01
4.727909564971923828e-01
4.727909564971923828e-01
4.727909564971923828e-01
4.727909564971923828e-01
4.727909564971923828e-01
4.727909564971923828e-01
4.728718996047973633e-01
4.727909564971923828e-01
4.727909564971923828e-01
4.727909564971923828e-01
4.727909564971923828e-01
4.727909564971923828e-01
4.727909564971923828e-01
4.727909564971923828e-01
4.727909564971923828e-01
4.727909564971923828e-01
4.729393720626831055e-01
4.730090498924255371e-01
4.728388190269470215e-01
4.730797708034515381e-01
4.727909564971923828e-01
4.729820787906646729e-01
4.728729128837585449e-01
4.727909564971923828e-01
4.739622771739959717e-01
4.731300473213195801e-01
4.741401672363281250e-01
4.729264080524444580e-01
4.733490347862243652e-01
4.730053842067718506e-01
4.727909564971923828e-01
4.730195999145507812e-01
4.729748368263244629e-01
4.728619754314422607e-01
4.727909564971923828e-01
4.732424020767211914e-01
4.730398356914520264e-01
4.732002317905426025e-01
4.730261266231536865e-01
4.727909564971923828e-01
4.727909564971923828e-01
4.727909564971923828e-01
4.727909564971923828e-01
4.727909564971923828e-01
4.727909564971923828e-01
4.727909564971923828e-01
4.727909564971923828e-01
4.727909564971923828e-01
4.727909564971923828e-01
0.000000000000000000e+00
0.000000000000000000e+00
0.000000000000000000e+00
0.000000000000000000e+00
0.000000000000000000e+00
0.000000000000000000e+00
0.000000000000000000e+00
0.000000000000000000e+00
0.000000000000000000e+00
0.000000000000000000e+00
0.000000000000000000e+00
0.000000000000000000e+00
4.727909564971923828e-01
4.727909564971923828e-01
0.000000000000000000e+00
0.000000000000000000e+00
0.000000000000000000e+00
0.000000000000000000e+00
0.000000000000000000e+00
0.000000000000000000e+00
0.000000000000000000e+00
0.000000000000000000e+00
0.000000000000000000e+00
0.000000000000000000e+00
0.000000000000000000e+00
0.000000000000000000e+00
0.000000000000000000e+00
0.000000000000000000e+00
4.727909564971923828e-01
4.727909564971923828e-01
4.727909564971923828e-01
4.735276401042938232e-01
4.732429683208465576e-01
0.000000000000000000e+00
4.731151759624481201e-01
0.000000000000000000e+00
4.731905162334442139e-01
4.731917381286621094e-01
4.727909564971923828e-01
0.000000000000000000e+00
0.000000000000000000e+00
0.000000000000000000e+00
0.000000000000000000e+00
0.000000000000000000e+00
0.000000000000000000e+00
0.000000000000000000e+00
0.000000000000000000e+00
0.000000000000000000e+00
0.000000000000000000e+00
4.727909564971923828e-01
4.727909564971923828e-01
4.727909564971923828e-01
4.727909564971923828e-01
4.727909564971923828e-01
0.000000000000000000e+00
0.000000000000000000e+00
0.000000000000000000e+00
0.000000000000000000e+00
0.000000000000000000e+00
0.000000000000000000e+00
4.727909564971923828e-01
4.727909564971923828e-01
4.727909564971923828e-01
4.727909564971923828e-01
0.000000000000000000e+00
0.000000000000000000e+00
0.000000000000000000e+00
0.000000000000000000e+00
4.727909564971923828e-01
4.727909564971923828e-01
4.727909564971923828e-01
4.727909564971923828e-01
0.000000000000000000e+00
0.000000000000000000e+00
0.000000000000000000e+00
0.000000000000000000e+00
0.000000000000000000e+00
4.727909564971923828e-01
4.727909564971923828e-01
4.727909564971923828e-01
4.727909564971923828e-01
4.727909564971923828e-01
4.727909564971923828e-01
4.727909564971923828e-01
4.727909564971923828e-01
0.000000000000000000e+00
0.000000000000000000e+00
0.000000000000000000e+00
0.000000000000000000e+00
0.000000000000000000e+00
4.727909564971923828e-01
4.727909564971923828e-01
4.727909564971923828e-01
4.727909564971923828e-01
4.727909564971923828e-01
4.727909564971923828e-01
4.727909564971923828e-01
4.727909564971923828e-01
4.727909564971923828e-01
4.727909564971923828e-01
4.727909564971923828e-01
4.727909564971923828e-01
4.727909564971923828e-01
4.727909564971923828e-01
4.727909564971923828e-01
4.727909564971923828e-01
4.727909564971923828e-01
4.727909564971923828e-01
4.727909564971923828e-01
4.727909564971923828e-01
0.000000000000000000e+00
0.000000000000000000e+00
4.727909564971923828e-01
4.727909564971923828e-01
4.727909564971923828e-01
4.727909564971923828e-01
4.727909564971923828e-01
4.727909564971923828e-01
4.727909564971923828e-01
4.727909564971923828e-01
4.727909564971923828e-01
4.727909564971923828e-01
4.727909564971923828e-01
4.727909564971923828e-01
4.727909564971923828e-01
4.727909564971923828e-01
4.727835357189178467e-01
4.727909564971923828e-01
4.727909564971923828e-01
4.727909564971923828e-01
4.727909564971923828e-01
4.727909564971923828e-01
4.731314182281494141e-01
4.729493558406829834e-01
4.727909564971923828e-01
4.727909564971923828e-01
4.727909564971923828e-01
0.000000000000000000e+00
0.000000000000000000e+00
4.727909564971923828e-01
4.727909564971923828e-01
4.727909564971923828e-01
4.727909564971923828e-01
4.727909564971923828e-01
4.727909564971923828e-01
4.727909564971923828e-01
4.731737375259399414e-01
4.727909564971923828e-01
4.730490744113922119e-01
4.730548858642578125e-01
4.732105135917663574e-01
4.728004336357116699e-01
4.728582203388214111e-01
4.728950262069702148e-01
0.000000000000000000e+00
0.000000000000000000e+00
0.000000000000000000e+00
