4.882199168205261230e-01
4.882199168205261230e-01
4.882199168205261230e-01
4.882199168205261230e-01
4.882199168205261230e-01
4.882199168205261230e-01
4.882199168205261230e-01
4.882199168205261230e-01
4.882199168205261230e-01
4.882199168205261230e-01
4.882199168205261230e-01
4.882199168205261230e-01
4.882199168205261230e-01
4.882199168205261230e-01
4.882199168205261230e-01
4.882199168205261230e-01
4.882199168205261230e-01
4.882199168205261230e-01
4.882199168205261230e-01
4.882199168205261230e-01
4.882199168205261230e-01
4.882199168205261230e-01
4.882199168205261230e-01
4.882199168205261230e-01
4.882199168205261230e-01
4.882199168205261230e-01
4.882199168205261230e-01
4.882199168205261230e-01
4.882199168205261230e-01
4.882199168205261230e-01
4.882199168205261230e-01
4.882199168205261230e-01
4.882199168205261230e-01
4.882199168205261230e-01
4.882199168205261230e-01
4.882199168205261230e-01
4.993136525154113770e-01
4.917223155498504639e-01
4.934976100921630859e-01
4.882199168205261230e-01
4.882199168205261230e-01
4.889794886112213135e-01
4.897842407226562500e-01
4.882199168205261230e-01
4.882199168205261230e-01
4.882199168205261230e-01
4.882199168205261230e-01
4.882199168205261230e-01
4.801844954490661621e-01
4.882199168205261230e-01
4.882199168205261230e-01
4.882199168205261230e-01
4.882199168205261230e-01
4.882199168205261230e-01
4.882199168205261230e-01
4.882199168205261230e-01
4.882199168205261230e-01
4.882199168205261230e-01
4.882199168205261230e-01
4.882199168205261230e-01
4.882199168205261230e-01
4.882199168205261230e-01
4.882199168205261230e-01
4.882199168205261230e-01
4.882199168205261230e-01
4.882199168205261230e-01
4.882199168205261230e-01
4.882199168205261230e-01
4.882199168205261230e-01
4.882199168205261230e-01
4.882199168205261230e-01
4.882199168205261230e-01
4.882199168205261230e-01
4.882199168205261230e-01
4.882199168205261230e-01
4.882199168205261230e-01
4.882199168205261230e-01
4.882199168205261230e-01
4.882199168205261230e-01
4.882199168205261230e-01
4.882199168205261230e-01
4.882199168205261230e-01
4.882199168205261230e-01
4.882199168205261230e-01
4.882199168205261230e-01
4.882199168205261230e-01
4.882199168205261230e-01
4.882199168205261230e-01
4.882199168205261230e-01
4.882199168205261230e-01
4.882199168205261230e-01
4.882199168205261230e-01
4.882199168205261230e-01
4.882199168205261230e-01
4.882199168205261230e-01
4.882199168205261230e-01
4.882199168205261230e-01
4.882199168205261230e-01
4.882199168205261230e-01
4.882199168205261230e-01
4.882199168205261230e-01
4.874176084995269775e-01
4.882199168205261230e-01
4.882199168205261230e-01
4.882199168205261230e-01
4.882199168205261230e-01
4.882199168205261230e-01
4.882199168205261230e-01
4.952391386032104492e-01
4.882199168205261230e-01
4.882199168205261230e-01
4.882199168205261230e-01
4.895937740802764893e-01
4.882199168205261230e-01
4.882199168205261230e-01
4.882199168205261230e-01
4.882199168205261230e-01
4.882199168205261230e-01
4.882199168205261230e-01
4.882199168205261230e-01
4.835194647312164307e-01
4.882199168205261230e-01
4.878747761249542236e-01
4.878038167953491211e-01
4.882227182388305664e-01
4.863228797912597656e-01
4.865950047969818115e-01
4.840846359729766846e-01
4.882199168205261230e-01
4.831736385822296143e-01
4.817730784416198730e-01
4.882199168205261230e-01
4.894417822360992432e-01
4.882199168205261230e-01
4.882199168205261230e-01
0.000000000000000000e+00
4.880287349224090576e-01
4.882199168205261230e-01
4.870897829532623291e-01
4.865723848342895508e-01
0.000000000000000000e+00
4.853490889072418213e-01
0.000000000000000000e+00
0.000000000000000000e+00
4.857084453105926514e-01
0.000000000000000000e+00
4.882199168205261230e-01
4.882199168205261230e-01
4.882199168205261230e-01
4.882199168205261230e-01
4.882199168205261230e-01
4.846620261669158936e-01
4.882199168205261230e-01
4.882199168205261230e-01
4.882199168205261230e-01
4.882199168205261230e-01
4.882199168205261230e-01
4.882199168205261230e-01
4.876732230186462402e-01
4.882214963436126709e-01
4.881180524826049805e-01
4.882499277591705322e-01
4.882199168205261230e-01
4.882199168205261230e-01
4.882199168205261230e-01
4.882199168205261230e-01
4.882199168205261230e-01
4.882199168205261230e-01
4.882199168205261230e-01
4.882199168205261230e-01
4.882199168205261230e-01
4.882199168205261230e-01
4.882199168205261230e-01
4.883028864860534668e-01
4.882199168205261230e-01
4.882199168205261230e-01
4.882199168205261230e-01
4.305100440979003906e-01
5.149152874946594238e-01
1.940264701843261719e-01
0.000000000000000000e+00
9.639453887939453125e-02
2.643454074859619141e-01
4.836128056049346924e-01
4.855794906616210938e-01
4.882199168205261230e-01
4.882199168205261230e-01
4.886212050914764404e-01
4.846754074096679688e-01
4.882199168205261230e-01
4.882199168205261230e-01
4.881609678268432617e-01
4.875774979591369629e-01
4.880541861057281494e-01
4.882199168205261230e-01
4.879463315010070801e-01
4.879097640514373779e-01
4.882199168205261230e-01
4.882199168205261230e-01
4.882199168205261230e-01
4.882199168205261230e-01
4.869838058948516846e-01
4.882199168205261230e-01
4.882199168205261230e-01
4.882199168205261230e-01
4.882199168205261230e-01
4.882199168205261230e-01
4.882199168205261230e-01
4.882199168205261230e-01
4.882199168205261230e-01
4.882199168205261230e-01
4.882199168205261230e-01
4.882199168205261230e-01
4.882199168205261230e-01
4.882199168205261230e-01
4.882199168205261230e-01
4.853836297988891602e-01
4.839789867401123047e-01
4.844644665718078613e-01
4.859800040721893311e-01
4.924655854701995850e-01
4.871164262294769287e-01
4.882199168205261230e-01
4.855064749717712402e-01
0.000000000000000000e+00
4.913527667522430420e-01
4.906802177429199219e-01
4.882199168205261230e-01
4.882199168205261230e-01
4.882199168205261230e-01
4.882199168205261230e-01
4.882199168205261230e-01
4.882199168205261230e-01
4.882199168205261230e-01
4.882199168205261230e-01
4.882199168205261230e-01
4.882199168205261230e-01
4.882199168205261230e-01
4.882199168205261230e-01
4.882199168205261230e-01
4.882199168205261230e-01
4.882199168205261230e-01
4.882199168205261230e-01
4.882199168205261230e-01
4.882199168205261230e-01
4.882199168205261230e-01
4.882199168205261230e-01
4.882199168205261230e-01
4.882199168205261230e-01
4.882199168205261230e-01
4.882199168205261230e-01
4.882199168205261230e-01
4.882199168205261230e-01
4.882199168205261230e-01
4.882199168205261230e-01
4.882199168205261230e-01
4.882199168205261230e-01
4.882199168205261230e-01
4.882199168205261230e-01
4.882199168205261230e-01
4.882199168205261230e-01
4.882199168205261230e-01
4.882199168205261230e-01
4.882199168205261230e-01
4.882199168205261230e-01
4.882199168205261230e-01
4.882199168205261230e-01
4.882199168205261230e-01
4.882199168205261230e-01
4.882199168205261230e-01
4.659722745418548584e-01
1.281068325042724609e-01
4.257815480232238770e-01
4.951288402080535889e-01
3.271381258964538574e-01
4.941469728946685791e-01
4.941468834877014160e-01
4.941468536853790283e-01
0.000000000000000000e+00
0.000000000000000000e+00
3.697180747985839844e-01
0.000000000000000000e+00
4.882199168205261230e-01
4.882199168205261230e-01
4.882199168205261230e-01
4.882199168205261230e-01
4.941469430923461914e-01
4.941467940807342529e-01
4.917884469032287598e-01
4.914945363998413086e-01
4.882199168205261230e-01
4.882199168205261230e-01
4.882199168205261230e-01
4.882199168205261230e-01
4.882199168205261230e-01
4.882199168205261230e-01
4.882199168205261230e-01
4.882199168205261230e-01
4.882199168205261230e-01
4.882199168205261230e-01
4.882199168205261230e-01
4.882199168205261230e-01
4.882199168205261230e-01
4.882199168205261230e-01
4.882213771343231201e-01
4.882199168205261230e-01
4.882199168205261230e-01
4.882199168205261230e-01
4.882199168205261230e-01
4.884231984615325928e-01
4.882199168205261230e-01
4.882287085056304932e-01
4.868787229061126709e-01
4.882199168205261230e-01
4.882199168205261230e-01
4.882199168205261230e-01
4.882199168205261230e-01
4.882199168205261230e-01
4.882199168205261230e-01
4.883388578891754150e-01
4.812499582767486572e-01
4.661074578762054443e-01
5.279827117919921875e-01
2.527586817741394043e-01
3.170306682586669922e-01
0.000000000000000000e+00
0.000000000000000000e+00
0.000000000000000000e+00
0.000000000000000000e+00
0.000000000000000000e+00
0.000000000000000000e+00
0.000000000000000000e+00
3.784068226814270020e-01
4.793868064880371094e-01
4.801625609397888184e-01
4.810637831687927246e-01
4.803085029125213623e-01
4.787656962871551514e-01
4.828394055366516113e-01
4.816530644893646240e-01
4.817167222499847412e-01
4.811618030071258545e-01
4.812057614326477051e-01
4.806617796421051025e-01
4.810697436332702637e-01
4.881558716297149658e-01
4.813974201679229736e-01
4.805704951286315918e-01
4.872022867202758789e-01
4.863861203193664551e-01
4.862010478973388672e-01
4.870706498622894287e-01
4.869279265403747559e-01
4.870956242084503174e-01
4.905759990215301514e-01
4.855259060859680176e-01
4.866146445274353027e-01
4.865628778934478760e-01
4.869166910648345947e-01
4.835266172885894775e-01
4.883440434932708740e-01
4.840455353260040283e-01
0.000000000000000000e+00
4.958154261112213135e-01
4.909442365169525146e-01
3.421843945980072021e-01
4.882199168205261230e-01
4.904440939426422119e-01
4.882199168205261230e-01
4.869342446327209473e-01
4.882199168205261230e-01
4.882199168205261230e-01
4.882199168205261230e-01
4.882199168205261230e-01
4.882889986038208008e-01
4.871347546577453613e-01
4.880960285663604736e-01
4.881650209426879883e-01
4.882199168205261230e-01
4.882116317749023438e-01
4.882207512855529785e-01
4.874492287635803223e-01
4.850967228412628174e-01
4.857512116432189941e-01
4.882199168205261230e-01
4.882199168205261230e-01
4.871912896633148193e-01
4.865926504135131836e-01
4.867795109748840332e-01
4.875772893428802490e-01
4.872393310070037842e-01
4.882199168205261230e-01
4.882199168205261230e-01
4.882199168205261230e-01
4.882199168205261230e-01
4.882199168205261230e-01
4.882200658321380615e-01
4.882199168205261230e-01
4.882199168205261230e-01
4.849166274070739746e-01
4.878150224685668945e-01
4.882199168205261230e-01
4.243917167186737061e-01
4.882199168205261230e-01
4.882199168205261230e-01
4.882199168205261230e-01
4.882199168205261230e-01
4.882199168205261230e-01
4.882199168205261230e-01
4.882199168205261230e-01
4.882199168205261230e-01
4.882199168205261230e-01
4.882199168205261230e-01
4.882199168205261230e-01
4.887780845165252686e-01
4.882199168205261230e-01
4.882199168205261230e-01
4.882199168205261230e-01
4.882199168205261230e-01
4.882199168205261230e-01
4.882199168205261230e-01
4.881462454795837402e-01
4.881645441055297852e-01
4.882199168205261230e-01
4.882199168205261230e-01
4.882199168205261230e-01
4.882199168205261230e-01
4.882198870182037354e-01
4.806907474994659424e-01
4.814379513263702393e-01
4.811716079711914062e-01
4.813086390495300293e-01
4.896776080131530762e-01
4.807173311710357666e-01
5.050727725028991699e-01
5.203301310539245605e-01
4.797142744064331055e-01
4.846766293048858643e-01
4.851881861686706543e-01
4.850977063179016113e-01
4.816798269748687744e-01
4.848058223724365234e-01
4.846399724483489990e-01
4.815961122512817383e-01
4.850198924541473389e-01
4.889554083347320557e-01
5.347483158111572266e-01
2.057995498180389404e-01
4.848254024982452393e-01
4.872914850711822510e-01
4.866576790809631348e-01
4.876653850078582764e-01
4.874942302703857422e-01
0.000000000000000000e+00
4.873829185962677002e-01
4.887114465236663818e-01
4.882199168205261230e-01
4.882251918315887451e-01
4.881335794925689697e-01
4.882199168205261230e-01
4.882199168205261230e-01
4.882245063781738281e-01
4.941818714141845703e-01
0.000000000000000000e+00
0.000000000000000000e+00
0.000000000000000000e+00
0.000000000000000000e+00
0.000000000000000000e+00
0.000000000000000000e+00
0.000000000000000000e+00
4.303109645843505859e-01
4.880973100662231445e-01
0.000000000000000000e+00
4.848283231258392334e-01
2.610917091369628906e-01
4.812422394752502441e-01
4.832942187786102295e-01
4.826637506484985352e-01
4.840307831764221191e-01
4.858611226081848145e-01
4.830030500888824463e-01
4.834215342998504639e-01
4.841842353343963623e-01
4.831480085849761963e-01
4.828718900680541992e-01
4.827670454978942871e-01
4.828215241432189941e-01
4.828329384326934814e-01
4.827935397624969482e-01
4.828414916992187500e-01
4.829845726490020752e-01
4.827772378921508789e-01
4.833570122718811035e-01
4.834195971488952637e-01
4.866537451744079590e-01
4.866763949394226074e-01
4.868115484714508057e-01
4.870286285877227783e-01
4.869589507579803467e-01
4.867388010025024414e-01
4.882199168205261230e-01
4.882199168205261230e-01
4.882199168205261230e-01
4.882199168205261230e-01
4.927296936511993408e-01
4.910600781440734863e-01
4.882199168205261230e-01
4.882199168205261230e-01
4.882199168205261230e-01
4.882199168205261230e-01
4.882199168205261230e-01
4.916104674339294434e-01
4.882199168205261230e-01
4.882843196392059326e-01
4.882199168205261230e-01
4.890195429325103760e-01
4.865456223487854004e-01
4.900186955928802490e-01
4.876198172569274902e-01
4.882199168205261230e-01
4.863381385803222656e-01
4.849725365638732910e-01
4.882199168205261230e-01
4.876571893692016602e-01
4.861872792243957520e-01
4.882286489009857178e-01
4.873225092887878418e-01
4.867312610149383545e-01
4.882199168205261230e-01
4.872857332229614258e-01
4.874937236309051514e-01
4.874415695667266846e-01
4.874579906463623047e-01
4.870832562446594238e-01
4.882199168205261230e-01
4.877249896526336670e-01
4.882199168205261230e-01
4.882199168205261230e-01
4.882199168205261230e-01
4.882199168205261230e-01
4.882199168205261230e-01
4.882199168205261230e-01
4.882199168205261230e-01
4.882199168205261230e-01
4.882199168205261230e-01
4.882199168205261230e-01
4.882199168205261230e-01
4.882199168205261230e-01
4.882199168205261230e-01
4.882199168205261230e-01
4.882199168205261230e-01
4.882199168205261230e-01
4.882199168205261230e-01
4.882199168205261230e-01
4.882199168205261230e-01
4.993991255760192871e-01
4.882199168205261230e-01
4.882199168205261230e-01
4.846994876861572266e-01
4.882199168205261230e-01
4.836317598819732666e-01
4.882199168205261230e-01
4.870535433292388916e-01
4.873720705509185791e-01
4.882199168205261230e-01
4.882199168205261230e-01
4.882199168205261230e-01
4.904599785804748535e-01
4.882199168205261230e-01
4.882199168205261230e-01
4.882199168205261230e-01
4.882199168205261230e-01
4.882199168205261230e-01
4.882199168205261230e-01
4.882199168205261230e-01
4.882192909717559814e-01
4.882199168205261230e-01
4.882199168205261230e-01
4.882199168205261230e-01
4.882199168205261230e-01
4.882199168205261230e-01
4.882199168205261230e-01
4.882199168205261230e-01
4.882199168205261230e-01
4.882199168205261230e-01
4.882199168205261230e-01
4.882199168205261230e-01
4.882199168205261230e-01
4.882199168205261230e-01
4.882199168205261230e-01
4.882199168205261230e-01
4.882199168205261230e-01
4.882199168205261230e-01
4.882199168205261230e-01
4.882199168205261230e-01
4.882199168205261230e-01
4.882199168205261230e-01
4.882199168205261230e-01
4.882199168205261230e-01
4.882199168205261230e-01
4.882199168205261230e-01
4.882199168205261230e-01
4.882199168205261230e-01
4.882199168205261230e-01
4.882199168205261230e-01
4.955382943153381348e-01
4.886094033718109131e-01
4.882199168205261230e-01
4.882199168205261230e-01
4.882199168205261230e-01
4.906611144542694092e-01
4.898748695850372314e-01
4.882199168205261230e-01
4.885221123695373535e-01
4.956369102001190186e-01
4.841046631336212158e-01
4.837419688701629639e-01
4.882199168205261230e-01
4.863120615482330322e-01
4.882199168205261230e-01
4.865278005599975586e-01
4.882199168205261230e-01
4.882199168205261230e-01
4.882234334945678711e-01
4.882199168205261230e-01
4.882199168205261230e-01
4.871320128440856934e-01
4.871884584426879883e-01
4.882199168205261230e-01
4.882199168205261230e-01
4.882199168205261230e-01
4.882199168205261230e-01
4.882240891456604004e-01
4.882199168205261230e-01
4.882199168205261230e-01
4.882199168205261230e-01
4.882199168205261230e-01
4.870503246784210205e-01
4.882200658321380615e-01
4.882199168205261230e-01
4.882199168205261230e-01
4.882199168205261230e-01
4.882199168205261230e-01
4.882199168205261230e-01
4.882199168205261230e-01
4.882199168205261230e-01
4.882199168205261230e-01
4.882199168205261230e-01
4.882199168205261230e-01
4.882199168205261230e-01
4.882199168205261230e-01
4.882199168205261230e-01
4.882199168205261230e-01
4.882199168205261230e-01
4.882199168205261230e-01
4.882199168205261230e-01
4.882199168205261230e-01
4.882199168205261230e-01
4.882199168205261230e-01
