0.000000000000000000e+00
0.000000000000000000e+00
0.000000000000000000e+00
0.000000000000000000e+00
0.000000000000000000e+00
0.000000000000000000e+00
0.000000000000000000e+00
0.000000000000000000e+00
0.000000000000000000e+00
0.000000000000000000e+00
0.000000000000000000e+00
0.000000000000000000e+00
0.000000000000000000e+00
0.000000000000000000e+00
0.000000000000000000e+00
0.000000000000000000e+00
3.468872010707855225e-01
3.462682962417602539e-01
4.401593506336212158e-01
4.370459318161010742e-01
4.409369528293609619e-01
4.410099089145660400e-01
4.409905672073364258e-01
4.409894049167633057e-01
4.405025243759155273e-01
4.401784837245941162e-01
4.389978945255279541e-01
4.372120499610900879e-01
4.398384094238281250e-01
4.437286257743835449e-01
4.392158985137939453e-01
4.385364055633544922e-01
4.394696354866027832e-01
4.397138357162475586e-01
4.393593668937683105e-01
4.407026767730712891e-01
4.405697584152221680e-01
4.400517344474792480e-01
4.395338296890258789e-01
4.408019483089447021e-01
4.402019083499908447e-01
4.392983019351959229e-01
4.394049942493438721e-01
4.393349885940551758e-01
4.390545487403869629e-01
4.392713308334350586e-01
4.390604794025421143e-01
4.391155540943145752e-01
4.391472041606903076e-01
4.395506680011749268e-01
4.394917190074920654e-01
4.392076432704925537e-01
4.395307898521423340e-01
4.392799735069274902e-01
4.392482340335845947e-01
4.391525685787200928e-01
4.391685724258422852e-01
4.380871653556823730e-01
4.392883479595184326e-01
4.393478035926818848e-01
4.392556548118591309e-01
4.390300810337066650e-01
4.388293623924255371e-01
4.395217001438140869e-01
4.392578601837158203e-01
4.393455088138580322e-01
4.395174980163574219e-01
4.395418167114257812e-01
4.399301409721374512e-01
4.401735961437225342e-01
4.396454989910125732e-01
4.397465288639068604e-01
4.398260712623596191e-01
4.393602907657623291e-01
4.392115473747253418e-01
4.393814802169799805e-01
4.393532574176788330e-01
4.393316209316253662e-01
4.392524063587188721e-01
4.392792880535125732e-01
4.352677166461944580e-01
4.307358264923095703e-01
4.339374601840972900e-01
4.247287511825561523e-01
4.280890226364135742e-01
4.199656248092651367e-01
1.336172223091125488e-01
0.000000000000000000e+00
0.000000000000000000e+00
0.000000000000000000e+00
0.000000000000000000e+00
0.000000000000000000e+00
0.000000000000000000e+00
0.000000000000000000e+00
0.000000000000000000e+00
0.000000000000000000e+00
0.000000000000000000e+00
0.000000000000000000e+00
0.000000000000000000e+00
0.000000000000000000e+00
0.000000000000000000e+00
0.000000000000000000e+00
0.000000000000000000e+00
0.000000000000000000e+00
0.000000000000000000e+00
0.000000000000000000e+00
0.000000000000000000e+00
0.000000000000000000e+00
0.000000000000000000e+00
0.000000000000000000e+00
0.000000000000000000e+00
0.000000000000000000e+00
4.073783457279205322e-01
4.390664100646972656e-01
4.392282962799072266e-01
4.397523999214172363e-01
4.430826008319854736e-01
4.388488233089447021e-01
4.430887997150421143e-01
4.438219964504241943e-01
4.426208138465881348e-01
4.420701861381530762e-01
4.434567391872406006e-01
4.391612410545349121e-01
4.392690956592559814e-01
4.391147196292877197e-01
4.419684410095214844e-01
4.390539228916168213e-01
4.392928481101989746e-01
4.353914856910705566e-01
4.394000172615051270e-01
4.368377923965454102e-01
4.393905401229858398e-01
4.390495717525482178e-01
4.393456578254699707e-01
4.391769468784332275e-01
4.431056380271911621e-01
4.439075887203216553e-01
4.419566094875335693e-01
4.389959871768951416e-01
4.432933330535888672e-01
4.393422603607177734e-01
4.390624761581420898e-01
4.406122267246246338e-01
4.348018169403076172e-01
4.391301870346069336e-01
4.388416409492492676e-01
4.432093501091003418e-01
4.393517971038818359e-01
4.393965005874633789e-01
4.390211403369903564e-01
4.411580562591552734e-01
4.345161318778991699e-01
4.393582344055175781e-01
4.392390549182891846e-01
4.394523203372955322e-01
4.392831623554229736e-01
4.393137693405151367e-01
4.394206702709197998e-01
4.394594132900238037e-01
4.394961893558502197e-01
4.395051002502441406e-01
4.397729635238647461e-01
4.395169615745544434e-01
4.402851164340972900e-01
4.397929608821868896e-01
4.378946423530578613e-01
4.395437836647033691e-01
4.391153156757354736e-01
4.392467439174652100e-01
4.392446577548980713e-01
4.391480386257171631e-01
4.392756223678588867e-01
4.392645657062530518e-01
4.392141401767730713e-01
4.393332004547119141e-01
4.394181966781616211e-01
4.389292597770690918e-01
4.400429427623748779e-01
4.396465718746185303e-01
4.392299056053161621e-01
4.392198324203491211e-01
4.367774128913879395e-01
4.392210841178894043e-01
4.393438696861267090e-01
4.435192942619323730e-01
4.391730725765228271e-01
4.439396560192108154e-01
4.391872286796569824e-01
4.391559064388275146e-01
4.392096996307373047e-01
4.390955567359924316e-01
4.436919391155242920e-01
4.391921758651733398e-01
4.391200840473175049e-01
4.389467239379882812e-01
4.391215443611145020e-01
4.392680823802947998e-01
4.392655789852142334e-01
4.391614496707916260e-01
4.392259716987609863e-01
4.392469525337219238e-01
4.392767250537872314e-01
4.391916394233703613e-01
4.392177164554595947e-01
4.392197728157043457e-01
4.392581284046173096e-01
4.391860365867614746e-01
4.392399787902832031e-01
4.390709400177001953e-01
4.392743408679962158e-01
4.392532706260681152e-01
4.393838346004486084e-01
4.392626881599426270e-01
4.392535984516143799e-01
4.393095672130584717e-01
4.388260543346405029e-01
4.392343759536743164e-01
4.393323063850402832e-01
4.390782713890075684e-01
4.392378032207489014e-01
4.392667114734649658e-01
4.390183091163635254e-01
4.360078573226928711e-01
4.393706917762756348e-01
4.392524361610412598e-01
4.393870234489440918e-01
4.391250312328338623e-01
4.376873672008514404e-01
4.394021630287170410e-01
4.391403794288635254e-01
4.403260052204132080e-01
4.407288134098052979e-01
4.407301843166351318e-01
4.395352900028228760e-01
4.402258694171905518e-01
4.405162930488586426e-01
4.409664571285247803e-01
4.407947063446044922e-01
4.404202401638031006e-01
4.407180845737457275e-01
4.404117763042449951e-01
4.402310550212860107e-01
4.399041831493377686e-01
4.389806985855102539e-01
4.391023516654968262e-01
4.391779005527496338e-01
4.393484294414520264e-01
4.392710924148559570e-01
4.390928745269775391e-01
4.390002787113189697e-01
4.392160475254058838e-01
4.390594959259033203e-01
4.392500817775726318e-01
4.392444193363189697e-01
4.390454590320587158e-01
4.394753873348236084e-01
4.395033419132232666e-01
4.392694532871246338e-01
4.394037127494812012e-01
4.392651915550231934e-01
4.391859471797943115e-01
4.391204714775085449e-01
4.392316937446594238e-01
4.392277300357818604e-01
4.392601847648620605e-01
4.392435550689697266e-01
4.391412138938903809e-01
4.392548799514770508e-01
4.391888380050659180e-01
4.392588138580322266e-01
4.392291903495788574e-01
4.390259087085723877e-01
4.379204511642456055e-01
4.396917223930358887e-01
4.384157061576843262e-01
4.416984319686889648e-01
4.395121335983276367e-01
4.399071931838989258e-01
4.394392371177673340e-01
4.374882280826568604e-01
4.396493732929229736e-01
4.395046532154083252e-01
4.391691088676452637e-01
4.392921030521392822e-01
4.394339919090270996e-01
4.399867951869964600e-01
4.396843016147613525e-01
4.394934773445129395e-01
4.393302202224731445e-01
4.392646849155426025e-01
4.391557574272155762e-01
4.395758509635925293e-01
4.395463466644287109e-01
4.393351376056671143e-01
4.394175410270690918e-01
4.395048618316650391e-01
4.393145143985748291e-01
4.394793212413787842e-01
4.397610723972320557e-01
4.397227168083190918e-01
4.393498003482818604e-01
4.393510222434997559e-01
4.394408762454986572e-01
4.392734766006469727e-01
4.394651055335998535e-01
4.401692450046539307e-01
4.397716224193572998e-01
4.389820396900177002e-01
4.402456283569335938e-01
4.397778213024139404e-01
4.398423433303833008e-01
4.395025968551635742e-01
4.394218623638153076e-01
4.387303292751312256e-01
4.393399059772491455e-01
4.389502108097076416e-01
4.392444491386413574e-01
4.391857385635375977e-01
4.392198324203491211e-01
4.392575323581695557e-01
4.392524659633636475e-01
4.391771554946899414e-01
4.391588866710662842e-01
4.391646683216094971e-01
4.390398561954498291e-01
4.401571750640869141e-01
4.391489326953887939e-01
4.391418993473052979e-01
4.389991164207458496e-01
4.391722977161407471e-01
4.392414093017578125e-01
4.391936957836151123e-01
4.440178275108337402e-01
4.427796602249145508e-01
4.388855099678039551e-01
4.392865002155303955e-01
4.406152665615081787e-01
4.434041976928710938e-01
4.387254416942596436e-01
4.390833973884582520e-01
4.391575157642364502e-01
4.390152096748352051e-01
4.391813576221466064e-01
4.392816424369812012e-01
4.391212463378906250e-01
4.388046264648437500e-01
4.391362965106964111e-01
4.390890896320343018e-01
4.392805397510528564e-01
4.391569197177886963e-01
4.403285682201385498e-01
4.391515851020812988e-01
4.390993416309356689e-01
4.391777813434600830e-01
4.391480684280395508e-01
4.392647743225097656e-01
4.390901923179626465e-01
4.391195178031921387e-01
4.390302002429962158e-01
4.390454590320587158e-01
4.391323626041412354e-01
4.391179084777832031e-01
4.391174614429473877e-01
4.390763044357299805e-01
4.391199052333831787e-01
4.368925690650939941e-01
4.389678239822387695e-01
4.386425614356994629e-01
4.397692084312438965e-01
4.393408000469207764e-01
4.386825263500213623e-01
4.393845200538635254e-01
4.430750012397766113e-01
4.391977190971374512e-01
4.393947124481201172e-01
4.402392506599426270e-01
4.392979741096496582e-01
4.393344521522521973e-01
4.391717016696929932e-01
4.386393129825592041e-01
4.392294287681579590e-01
4.355148971080780029e-01
4.389702081680297852e-01
4.393394887447357178e-01
4.393167197704315186e-01
4.392512440681457520e-01
4.393272101879119873e-01
4.389809668064117432e-01
4.429128766059875488e-01
4.391199350357055664e-01
4.388607740402221680e-01
4.406658411026000977e-01
4.393746852874755859e-01
4.391703307628631592e-01
4.390906989574432373e-01
4.392456710338592529e-01
4.389716386795043945e-01
4.391552507877349854e-01
4.392660558223724365e-01
4.390890300273895264e-01
4.391275048255920410e-01
4.391221404075622559e-01
4.388203620910644531e-01
4.390848278999328613e-01
4.391970932483673096e-01
4.391877353191375732e-01
4.391780197620391846e-01
4.411995112895965576e-01
4.391778707504272461e-01
4.392005503177642822e-01
4.441575706005096436e-01
4.392377436161041260e-01
4.392812252044677734e-01
4.392107725143432617e-01
4.391756951808929443e-01
4.391227066516876221e-01
4.391874372959136963e-01
4.389132261276245117e-01
4.392071366310119629e-01
4.391551017761230469e-01
4.390962719917297363e-01
4.391771256923675537e-01
4.388279616832733154e-01
4.391728639602661133e-01
4.320056438446044922e-01
4.399497210979461670e-01
4.390964806079864502e-01
4.391525089740753174e-01
4.391182959079742432e-01
4.392656385898590088e-01
4.391015470027923584e-01
4.377170205116271973e-01
4.394704401493072510e-01
4.392977356910705566e-01
4.401503801345825195e-01
4.399849176406860352e-01
4.399549961090087891e-01
4.398327767848968506e-01
4.392573833465576172e-01
4.392021000385284424e-01
4.393596053123474121e-01
4.376592934131622314e-01
4.389966428279876709e-01
4.396038055419921875e-01
4.393556714057922363e-01
4.391390979290008545e-01
4.390057623386383057e-01
4.392042458057403564e-01
4.391602873802185059e-01
4.393100738525390625e-01
4.392327666282653809e-01
4.391770064830780029e-01
4.392565786838531494e-01
4.392414987087249756e-01
4.348362684249877930e-01
4.391649663448333740e-01
4.412162601947784424e-01
4.391923546791076660e-01
4.348089098930358887e-01
4.331632852554321289e-01
4.391897320747375488e-01
4.395848810672760010e-01
4.391298592090606689e-01
4.392890930175781250e-01
4.409197270870208740e-01
4.330804944038391113e-01
4.296022951602935791e-01
4.370844066143035889e-01
4.256387054920196533e-01
4.390971064567565918e-01
4.395782947540283203e-01
4.404998719692230225e-01
4.341204464435577393e-01
4.356337189674377441e-01
4.394678473472595215e-01
4.401080012321472168e-01
4.378152191638946533e-01
4.248992800712585449e-01
0.000000000000000000e+00
0.000000000000000000e+00
4.241796433925628662e-01
4.177823066711425781e-01
4.019276499748229980e-01
1.175595521926879883e-01
0.000000000000000000e+00
0.000000000000000000e+00
4.392209351062774658e-01
4.401635229587554932e-01
4.393168985843658447e-01
4.292198419570922852e-01
4.342825412750244141e-01
4.399906992912292480e-01
4.406396746635437012e-01
4.390374720096588135e-01
4.391347169876098633e-01
4.389559924602508545e-01
4.421451985836029053e-01
4.424439072608947754e-01
4.439412951469421387e-01
4.429861307144165039e-01
4.424831867218017578e-01
4.439535439014434814e-01
4.389858543872833252e-01
4.408805668354034424e-01
4.431904554367065430e-01
4.430245459079742432e-01
4.412549734115600586e-01
4.437413811683654785e-01
4.388066828250885010e-01
4.395820796489715576e-01
4.438128173351287842e-01
4.389284849166870117e-01
4.391676783561706543e-01
4.390724301338195801e-01
4.411991834640502930e-01
4.438919126987457275e-01
4.388905167579650879e-01
4.388351142406463623e-01
4.415735602378845215e-01
4.394706189632415771e-01
4.391464889049530029e-01
4.390841424465179443e-01
4.391479492187500000e-01
4.384966194629669189e-01
4.440084993839263916e-01
4.388835430145263672e-01
4.390972852706909180e-01
4.421403408050537109e-01
4.388043582439422607e-01
4.389675557613372803e-01
4.424616098403930664e-01
4.415810406208038330e-01
4.391453564167022705e-01
4.390629231929779053e-01
4.398526847362518311e-01
4.390684962272644043e-01
4.391831159591674805e-01
4.391683042049407959e-01
4.389970302581787109e-01
4.391162097454071045e-01
4.391823410987854004e-01
4.390725195407867432e-01
4.421147406101226807e-01
4.420030713081359863e-01
4.392238855361938477e-01
4.390867948532104492e-01
4.391580820083618164e-01
4.392203688621520996e-01
4.387292861938476562e-01
4.393693804740905762e-01
4.393442273139953613e-01
4.381661117076873779e-01
4.335159361362457275e-01
4.430456161499023438e-01
4.450523555278778076e-01
4.341357350349426270e-01
4.397713243961334229e-01
4.438351690769195557e-01
4.454012513160705566e-01
4.372399151325225830e-01
4.395867884159088135e-01
4.353333115577697754e-01
4.395203292369842529e-01
4.396310746669769287e-01
4.395554065704345703e-01
4.395103752613067627e-01
4.394441545009613037e-01
4.396036267280578613e-01
4.405581057071685791e-01
4.397749602794647217e-01
4.399862885475158691e-01
4.390193819999694824e-01
4.390512108802795410e-01
4.391273558139801025e-01
4.392484724521636963e-01
4.390442073345184326e-01
4.390882551670074463e-01
4.391375482082366943e-01
4.392148256301879883e-01
4.392367899417877197e-01
4.392538964748382568e-01
4.390633404254913330e-01
4.391347765922546387e-01
4.391896128654479980e-01
4.390930533409118652e-01
4.001333713531494141e-01
4.392287433147430420e-01
4.391664862632751465e-01
4.391578137874603271e-01
4.391993880271911621e-01
4.391800761222839355e-01
4.392299950122833252e-01
4.391592741012573242e-01
4.392490386962890625e-01
4.394537806510925293e-01
4.390794336795806885e-01
4.391109943389892578e-01
4.391416311264038086e-01
4.392399191856384277e-01
4.391272664070129395e-01
4.390853345394134521e-01
4.390951991081237793e-01
4.391544461250305176e-01
4.392282366752624512e-01
4.392905533313751221e-01
4.391247630119323730e-01
4.391522109508514404e-01
4.392011761665344238e-01
4.391907453536987305e-01
4.391908943653106689e-01
4.391427636146545410e-01
4.392426908016204834e-01
4.390779733657836914e-01
4.390245378017425537e-01
4.394372701644897461e-01
4.341534078121185303e-01
4.378628134727478027e-01
4.395151436328887939e-01
4.395826458930969238e-01
4.391575455665588379e-01
4.452019333839416504e-01
4.431499838829040527e-01
4.433616101741790771e-01
4.392934441566467285e-01
4.387612640857696533e-01
4.392836093902587891e-01
4.389167428016662598e-01
4.377075433731079102e-01
4.388675391674041748e-01
4.390695989131927490e-01
4.390786588191986084e-01
4.387727975845336914e-01
4.390205442905426025e-01
4.389118254184722900e-01
4.392817914485931396e-01
4.392287731170654297e-01
4.391092061996459961e-01
4.390955269336700439e-01
4.391563832759857178e-01
4.390654861927032471e-01
4.392198920249938965e-01
4.391167163848876953e-01
4.419405758380889893e-01
4.391447603702545166e-01
4.391646683216094971e-01
4.392943084239959717e-01
4.399688839912414551e-01
4.390178918838500977e-01
4.391899406909942627e-01
4.391782581806182861e-01
4.429302215576171875e-01
4.391349554061889648e-01
4.393076002597808838e-01
4.391043782234191895e-01
4.391385614871978760e-01
4.391531944274902344e-01
4.392465651035308838e-01
4.393965601921081543e-01
4.393835365772247314e-01
4.392883181571960449e-01
