4.428041577339172363e-01
4.428041577339172363e-01
4.428041577339172363e-01
4.428041577339172363e-01
4.428041577339172363e-01
4.428041577339172363e-01
4.428041577339172363e-01
4.428041577339172363e-01
4.428041577339172363e-01
4.428041577339172363e-01
4.428041577339172363e-01
4.428041577339172363e-01
4.450531005859375000e-01
4.428041577339172363e-01
4.428041577339172363e-01
4.428041577339172363e-01
4.428041577339172363e-01
4.428041577339172363e-01
4.428041577339172363e-01
4.428041577339172363e-01
4.428041577339172363e-01
4.428041577339172363e-01
4.428041577339172363e-01
4.428041577339172363e-01
4.428041577339172363e-01
4.428041577339172363e-01
4.428041577339172363e-01
4.428041577339172363e-01
4.428041577339172363e-01
4.428041577339172363e-01
4.428041577339172363e-01
4.428041577339172363e-01
4.428041577339172363e-01
4.428041577339172363e-01
4.428041577339172363e-01
4.428041577339172363e-01
4.428041577339172363e-01
4.428041577339172363e-01
4.428041577339172363e-01
4.428041577339172363e-01
4.428041577339172363e-01
4.428041577339172363e-01
4.428041577339172363e-01
4.428041577339172363e-01
4.428041577339172363e-01
4.428041577339172363e-01
4.093344211578369141e-01
4.428041577339172363e-01
4.428041577339172363e-01
4.428041577339172363e-01
4.428041577339172363e-01
4.428041577339172363e-01
4.428041577339172363e-01
4.428041577339172363e-01
4.230732321739196777e-01
4.230875968933105469e-01
4.231025576591491699e-01
4.005003869533538818e-01
4.005041420459747314e-01
3.994379937648773193e-01
3.977064788341522217e-01
8.284464478492736816e-02
6.025066971778869629e-02
0.000000000000000000e+00
0.000000000000000000e+00
0.000000000000000000e+00
3.954480886459350586e-01
3.954480886459350586e-01
2.843438386917114258e-01
3.238223493099212646e-01
3.976970613002777100e-01
3.980869650840759277e-01
4.064610898494720459e-01
3.899531662464141846e-01
3.433186709880828857e-01
3.964172899723052979e-01
3.906546533107757568e-01
3.265134990215301514e-01
4.170934259891510010e-01
3.443266749382019043e-01
4.329761862754821777e-01
3.976970613002777100e-01
4.428041577339172363e-01
4.428041577339172363e-01
4.428041577339172363e-01
4.428041577339172363e-01
4.450531005859375000e-01
4.428041577339172363e-01
4.428041577339172363e-01
4.428041577339172363e-01
4.428041577339172363e-01
4.428041577339172363e-01
4.067380428314208984e-01
4.067380428314208984e-01
3.971516191959381104e-01
3.971516191959381104e-01
3.971516191959381104e-01
3.971516191959381104e-01
3.971516191959381104e-01
3.971516191959381104e-01
3.971516191959381104e-01
3.971516191959381104e-01
3.957341909408569336e-01
4.428041577339172363e-01
4.428041577339172363e-01
4.428041577339172363e-01
4.428041577339172363e-01
4.428041577339172363e-01
4.428041577339172363e-01
4.428041577339172363e-01
4.428041577339172363e-01
4.428041577339172363e-01
4.428041577339172363e-01
4.428041577339172363e-01
4.428041577339172363e-01
4.428041577339172363e-01
4.428041577339172363e-01
4.428041577339172363e-01
4.066659808158874512e-01
3.983200192451477051e-01
3.983204066753387451e-01
3.983204364776611328e-01
3.983197808265686035e-01
3.983201384544372559e-01
3.983206152915954590e-01
3.983207345008850098e-01
3.983198404312133789e-01
3.983209729194641113e-01
3.983210623264312744e-01
3.983138203620910645e-01
3.983142375946044922e-01
3.983136713504791260e-01
3.983143270015716553e-01
3.983130455017089844e-01
3.983133137226104736e-01
3.983147442340850830e-01
3.983141779899597168e-01
3.983145356178283691e-01
3.983154892921447754e-01
3.983161151409149170e-01
3.983162343502044678e-01
3.983159661293029785e-01
3.983165025711059570e-01
3.983165919780731201e-01
3.983124494552612305e-01
3.983136713504791260e-01
3.983142971992492676e-01
3.983114659786224365e-01
3.984698951244354248e-01
3.983870744705200195e-01
3.982991874217987061e-01
3.982985019683837891e-01
4.089875221252441406e-01
4.428041577339172363e-01
3.998846411705017090e-01
3.985317051410675049e-01
4.428041577339172363e-01
4.428041577339172363e-01
4.428041577339172363e-01
4.428041577339172363e-01
4.428041577339172363e-01
4.428041577339172363e-01
4.428041577339172363e-01
4.428041577339172363e-01
4.428041577339172363e-01
4.428041577339172363e-01
4.428041577339172363e-01
4.428041577339172363e-01
4.428041577339172363e-01
4.428041577339172363e-01
4.428041577339172363e-01
4.428041577339172363e-01
4.428041577339172363e-01
4.428041577339172363e-01
4.428041577339172363e-01
4.428041577339172363e-01
4.428041577339172363e-01
4.428041577339172363e-01
4.428041577339172363e-01
4.428041577339172363e-01
4.428041577339172363e-01
4.428041577339172363e-01
4.428041577339172363e-01
4.428041577339172363e-01
4.428041577339172363e-01
4.428041577339172363e-01
4.428041577339172363e-01
4.428041577339172363e-01
3.979312479496002197e-01
4.428041577339172363e-01
4.428041577339172363e-01
4.428041577339172363e-01
4.428041577339172363e-01
4.428041577339172363e-01
4.428041577339172363e-01
4.428041577339172363e-01
4.428041577339172363e-01
4.428041577339172363e-01
4.428041577339172363e-01
4.428041577339172363e-01
4.428041577339172363e-01
4.428041577339172363e-01
4.428041577339172363e-01
4.428041577339172363e-01
4.428041577339172363e-01
4.428041577339172363e-01
4.428041577339172363e-01
4.428041577339172363e-01
4.428041577339172363e-01
4.428041577339172363e-01
4.428041577339172363e-01
4.428041577339172363e-01
4.428041577339172363e-01
4.428041577339172363e-01
4.428041577339172363e-01
4.428041577339172363e-01
4.428041577339172363e-01
4.428041577339172363e-01
4.428041577339172363e-01
4.428041577339172363e-01
4.428041577339172363e-01
4.428041577339172363e-01
4.428041577339172363e-01
4.428041577339172363e-01
4.428041577339172363e-01
4.428041577339172363e-01
4.428041577339172363e-01
4.428041577339172363e-01
4.428041577339172363e-01
4.428041577339172363e-01
4.428041577339172363e-01
4.428041577339172363e-01
4.428041577339172363e-01
4.428041577339172363e-01
4.428041577339172363e-01
4.428041577339172363e-01
4.428041577339172363e-01
4.428041577339172363e-01
4.428041577339172363e-01
4.428041577339172363e-01
4.428041577339172363e-01
4.428041577339172363e-01
4.428041577339172363e-01
4.428041577339172363e-01
4.428041577339172363e-01
4.428041577339172363e-01
4.428041577339172363e-01
4.428041577339172363e-01
4.428041577339172363e-01
4.428040385246276855e-01
4.428041577339172363e-01
4.428041577339172363e-01
4.428041577339172363e-01
4.428041577339172363e-01
4.428041577339172363e-01
4.428041577339172363e-01
4.428041577339172363e-01
4.428041577339172363e-01
4.428041577339172363e-01
4.428041577339172363e-01
4.428041577339172363e-01
4.428041577339172363e-01
4.428041577339172363e-01
4.428041577339172363e-01
4.428041577339172363e-01
4.428041577339172363e-01
4.428041577339172363e-01
4.428041577339172363e-01
3.971516191959381104e-01
4.428041577339172363e-01
4.428041577339172363e-01
4.428041577339172363e-01
4.428041577339172363e-01
4.428041577339172363e-01
4.428041577339172363e-01
4.428041577339172363e-01
4.428041577339172363e-01
4.428041577339172363e-01
4.428041577339172363e-01
4.428041577339172363e-01
4.428041577339172363e-01
4.428041577339172363e-01
4.428041577339172363e-01
4.428041577339172363e-01
4.428041577339172363e-01
4.428041577339172363e-01
4.428041577339172363e-01
4.428041577339172363e-01
4.428041577339172363e-01
4.428041577339172363e-01
4.428041577339172363e-01
4.428041577339172363e-01
4.428041577339172363e-01
3.973116576671600342e-01
4.380826950073242188e-01
4.428041577339172363e-01
4.428041577339172363e-01
4.428041577339172363e-01
4.418858587741851807e-01
3.981325030326843262e-01
4.368788301944732666e-01
4.428041577339172363e-01
4.185292124748229980e-01
4.427278041839599609e-01
4.428041577339172363e-01
3.976970911026000977e-01
3.976971805095672607e-01
3.976971805095672607e-01
3.978866338729858398e-01
3.977088928222656250e-01
3.977086842060089111e-01
3.991907238960266113e-01
3.977204859256744385e-01
3.982963562011718750e-01
3.977132737636566162e-01
3.977073431015014648e-01
3.816246688365936279e-01
3.418398499488830566e-01
4.218498170375823975e-01
3.957528471946716309e-01
3.978071808815002441e-01
3.954792916774749756e-01
3.977288305759429932e-01
3.976970613002777100e-01
3.954482078552246094e-01
3.954481184482574463e-01
3.954481184482574463e-01
3.954481184482574463e-01
3.954481184482574463e-01
3.954481184482574463e-01
3.954501748085021973e-01
3.977149128913879395e-01
3.982957899570465088e-01
3.981032669544219971e-01
3.976975083351135254e-01
3.982770144939422607e-01
4.326141476631164551e-01
4.928794801235198975e-01
3.978144824504852295e-01
3.980413079261779785e-01
3.979498744010925293e-01
3.979583084583282471e-01
3.979074060916900635e-01
3.977491855621337891e-01
3.978928923606872559e-01
3.982951641082763672e-01
3.982992768287658691e-01
4.428041577339172363e-01
4.428041577339172363e-01
4.428041577339172363e-01
4.428041577339172363e-01
4.428041577339172363e-01
4.428041577339172363e-01
4.428041577339172363e-01
4.428041577339172363e-01
4.089870452880859375e-01
4.428041577339172363e-01
4.428041577339172363e-01
4.428041577339172363e-01
4.428041577339172363e-01
4.428041577339172363e-01
4.428041577339172363e-01
4.428041577339172363e-01
4.428041577339172363e-01
4.428041577339172363e-01
3.971516191959381104e-01
4.428041577339172363e-01
4.025085568428039551e-01
4.418757855892181396e-01
4.428041577339172363e-01
4.428041577339172363e-01
4.428041577339172363e-01
4.428041577339172363e-01
4.428041577339172363e-01
4.428041577339172363e-01
4.428041577339172363e-01
4.428041577339172363e-01
4.005457758903503418e-01
3.956823050975799561e-01
4.428041577339172363e-01
3.993343412876129150e-01
4.428041577339172363e-01
4.428041577339172363e-01
4.087969064712524414e-01
3.993752598762512207e-01
3.993877768516540527e-01
3.993853032588958740e-01
3.993522524833679199e-01
3.993912935256958008e-01
3.992944955825805664e-01
3.971516191959381104e-01
3.971516191959381104e-01
3.993191123008728027e-01
3.992955088615417480e-01
4.428041577339172363e-01
4.428041577339172363e-01
4.428041577339172363e-01
4.428041577339172363e-01
4.428041577339172363e-01
4.427526295185089111e-01
4.428036808967590332e-01
4.428041577339172363e-01
3.993707299232482910e-01
3.989276289939880371e-01
3.988402187824249268e-01
3.989264667034149170e-01
4.428041577339172363e-01
4.428041577339172363e-01
4.428041577339172363e-01
4.428041577339172363e-01
3.954501450061798096e-01
4.428027272224426270e-01
4.428041577339172363e-01
4.428041577339172363e-01
4.428041279315948486e-01
4.428041577339172363e-01
4.428041577339172363e-01
4.428041577339172363e-01
4.428041577339172363e-01
4.428041577339172363e-01
4.428041577339172363e-01
4.428041577339172363e-01
4.428041577339172363e-01
4.428041577339172363e-01
4.428041577339172363e-01
4.428041577339172363e-01
4.428041577339172363e-01
4.428041577339172363e-01
4.428041577339172363e-01
4.428041577339172363e-01
4.428041577339172363e-01
4.428041577339172363e-01
4.428041577339172363e-01
4.428041577339172363e-01
4.428041577339172363e-01
4.428041577339172363e-01
4.428041577339172363e-01
4.428041577339172363e-01
4.428041577339172363e-01
4.428041577339172363e-01
4.428041577339172363e-01
4.428041577339172363e-01
4.428041577339172363e-01
4.428041577339172363e-01
4.428041577339172363e-01
4.428041577339172363e-01
4.428041577339172363e-01
4.428041577339172363e-01
4.428041577339172363e-01
4.428041577339172363e-01
4.428041577339172363e-01
4.428041577339172363e-01
4.428041577339172363e-01
4.428041577339172363e-01
4.428041577339172363e-01
4.428041577339172363e-01
4.428041577339172363e-01
4.428041577339172363e-01
4.428041577339172363e-01
4.428041577339172363e-01
4.428041577339172363e-01
4.428041577339172363e-01
4.428041577339172363e-01
3.978917598724365234e-01
4.428041577339172363e-01
4.428041577339172363e-01
4.428041577339172363e-01
4.428041577339172363e-01
4.428041577339172363e-01
4.428041577339172363e-01
4.428041577339172363e-01
4.428041577339172363e-01
4.428041577339172363e-01
4.360663890838623047e-01
4.428041577339172363e-01
4.292799234390258789e-01
4.266869425773620605e-01
4.166624844074249268e-01
4.067380428314208984e-01
4.108723402023315430e-01
4.101345539093017578e-01
4.292339980602264404e-01
4.428041577339172363e-01
4.428041577339172363e-01
4.428041577339172363e-01
4.428041577339172363e-01
4.428041577339172363e-01
4.295706748962402344e-01
4.428041577339172363e-01
4.428041577339172363e-01
4.428041577339172363e-01
4.428041577339172363e-01
4.428041577339172363e-01
4.428041577339172363e-01
4.428041577339172363e-01
4.428041577339172363e-01
4.428041577339172363e-01
4.428041577339172363e-01
4.056985080242156982e-01
3.971516191959381104e-01
4.262700080871582031e-01
4.359450936317443848e-01
4.360298216342926025e-01
4.428041577339172363e-01
3.994006514549255371e-01
3.994006514549255371e-01
4.428041577339172363e-01
4.428041577339172363e-01
4.428041577339172363e-01
4.428041577339172363e-01
4.428041577339172363e-01
4.428041577339172363e-01
4.428041577339172363e-01
4.428041577339172363e-01
4.428041577339172363e-01
4.428041577339172363e-01
4.428041577339172363e-01
4.428041577339172363e-01
4.428041577339172363e-01
4.428041577339172363e-01
4.428041577339172363e-01
4.428041577339172363e-01
4.428041577339172363e-01
4.428041577339172363e-01
4.428041577339172363e-01
4.428041577339172363e-01
4.428041577339172363e-01
4.428041577339172363e-01
4.428041577339172363e-01
4.428041577339172363e-01
4.428041577339172363e-01
4.428041577339172363e-01
4.428041577339172363e-01
4.428041577339172363e-01
4.428041577339172363e-01
4.428041577339172363e-01
4.428041577339172363e-01
4.428041577339172363e-01
4.428041577339172363e-01
4.428041577339172363e-01
4.428041577339172363e-01
4.428041577339172363e-01
4.428041577339172363e-01
4.428041577339172363e-01
4.428041577339172363e-01
4.428041577339172363e-01
4.428041577339172363e-01
3.994005918502807617e-01
4.428041577339172363e-01
3.994005918502807617e-01
4.428041577339172363e-01
4.428041577339172363e-01
4.428041577339172363e-01
4.428041577339172363e-01
3.990738391876220703e-01
4.204395413398742676e-01
4.002998471260070801e-01
4.002988338470458984e-01
4.021407961845397949e-01
4.021463692188262939e-01
4.028972089290618896e-01
4.029057323932647705e-01
4.173300266265869141e-01
4.172929227352142334e-01
4.172987937927246094e-01
4.173379838466644287e-01
4.174115061759948730e-01
4.267067611217498779e-01
4.266421198844909668e-01
4.266460537910461426e-01
4.264833629131317139e-01
4.268409013748168945e-01
4.428041577339172363e-01
4.428041577339172363e-01
4.428041577339172363e-01
4.428041577339172363e-01
4.428041577339172363e-01
4.428041577339172363e-01
4.428041577339172363e-01
4.428041577339172363e-01
4.428041577339172363e-01
4.428041577339172363e-01
4.428041577339172363e-01
4.428041577339172363e-01
4.428041577339172363e-01
4.428041577339172363e-01
4.428041577339172363e-01
4.428041577339172363e-01
4.003087580204010010e-01
4.426239132881164551e-01
4.428041577339172363e-01
4.428041577339172363e-01
4.428041577339172363e-01
4.428041577339172363e-01
4.428040385246276855e-01
4.428041279315948486e-01
4.428041279315948486e-01
4.301897287368774414e-01
4.428041577339172363e-01
4.428041577339172363e-01
4.428041577339172363e-01
4.428041577339172363e-01
4.428041577339172363e-01
4.428041577339172363e-01
4.428041577339172363e-01
4.108262658119201660e-01
4.428041577339172363e-01
4.428041577339172363e-01
4.428041577339172363e-01
4.428041577339172363e-01
4.428041577339172363e-01
4.428041577339172363e-01
4.428041577339172363e-01
4.428041577339172363e-01
4.428041577339172363e-01
4.428041577339172363e-01
4.428041577339172363e-01
4.428041577339172363e-01
4.428041577339172363e-01
4.428041577339172363e-01
4.428041577339172363e-01
4.428041577339172363e-01
4.428041577339172363e-01
4.428041577339172363e-01
4.428041577339172363e-01
4.428041577339172363e-01
4.428041577339172363e-01
4.428041577339172363e-01
4.428041577339172363e-01
4.428041577339172363e-01
4.428041577339172363e-01
4.428041577339172363e-01
4.428041577339172363e-01
4.405457675457000732e-01
4.577848613262176514e-01
4.486468136310577393e-01
4.474865496158599854e-01
4.137208163738250732e-01
4.035421907901763916e-01
4.009882211685180664e-01
3.994951248168945312e-01
3.981108963489532471e-01
4.159004390239715576e-01
3.998340666294097900e-01
4.158992469310760498e-01
3.976970613002777100e-01
3.959440588951110840e-01
4.428041577339172363e-01
4.428041577339172363e-01
4.428041577339172363e-01
4.428041577339172363e-01
4.428041577339172363e-01
4.428041577339172363e-01
4.428041577339172363e-01
4.428041577339172363e-01
4.428041577339172363e-01
4.428041577339172363e-01
4.428041577339172363e-01
4.428041577339172363e-01
4.428041577339172363e-01
4.428041577339172363e-01
4.428041577339172363e-01
4.428041577339172363e-01
4.428041577339172363e-01
4.428041577339172363e-01
4.428041577339172363e-01
4.428041577339172363e-01
4.428041577339172363e-01
4.428041577339172363e-01
4.428041577339172363e-01
4.428041577339172363e-01
4.428041577339172363e-01
4.428041577339172363e-01
4.428041577339172363e-01
4.428041577339172363e-01
4.428041577339172363e-01
4.428041577339172363e-01
4.428041577339172363e-01
4.428041577339172363e-01
4.428041577339172363e-01
4.428041577339172363e-01
4.428041577339172363e-01
4.428041577339172363e-01
4.428041577339172363e-01
4.428041577339172363e-01
4.428041577339172363e-01
4.428041577339172363e-01
4.428041577339172363e-01
4.428041577339172363e-01
3.986245691776275635e-01
4.428041577339172363e-01
4.428041577339172363e-01
4.046723246574401855e-01
4.428041577339172363e-01
4.428041577339172363e-01
4.428041577339172363e-01
4.428041577339172363e-01
4.428041577339172363e-01
4.428041577339172363e-01
4.428041577339172363e-01
4.428041577339172363e-01
4.428041577339172363e-01
4.428041577339172363e-01
4.428041577339172363e-01
4.428041577339172363e-01
4.428041577339172363e-01
4.428041577339172363e-01
4.428041577339172363e-01
4.428041577339172363e-01
4.067380428314208984e-01
3.971516191959381104e-01
3.964008986949920654e-01
3.961600363254547119e-01
3.961691856384277344e-01
3.983848094940185547e-01
3.983694314956665039e-01
3.983916938304901123e-01
3.983755409717559814e-01
3.983910381793975830e-01
3.983765542507171631e-01
3.983909487724304199e-01
3.983764946460723877e-01
3.980785012245178223e-01
3.983364999294281006e-01
3.980685770511627197e-01
3.980834186077117920e-01
3.980087637901306152e-01
3.983794748783111572e-01
3.983748555183410645e-01
3.976972103118896484e-01
3.977997303009033203e-01
3.978495597839355469e-01
3.977963030338287354e-01
3.977633714675903320e-01
3.977029919624328613e-01
3.977027535438537598e-01
3.977018594741821289e-01
3.977019488811492920e-01
3.977091610431671143e-01
3.982541859149932861e-01
3.977853953838348389e-01
3.978970646858215332e-01
3.976976573467254639e-01
3.976976275444030762e-01
3.980187177658081055e-01
3.982959687709808350e-01
3.977013528347015381e-01
3.977013528347015381e-01
3.983791470527648926e-01
3.979312777519226074e-01
3.979312777519226074e-01
3.997242450714111328e-01
4.428041577339172363e-01
4.428041577339172363e-01
4.428041577339172363e-01
4.428041577339172363e-01
4.428041577339172363e-01
4.428041577339172363e-01
4.428041577339172363e-01
4.428041577339172363e-01
4.428041577339172363e-01
4.428041577339172363e-01
4.428041577339172363e-01
4.428041577339172363e-01
4.428041577339172363e-01
4.428041577339172363e-01
4.428041577339172363e-01
4.428041577339172363e-01
4.428041577339172363e-01
4.428041577339172363e-01
4.428041577339172363e-01
4.428041577339172363e-01
4.428041577339172363e-01
3.994677960872650146e-01
4.428041577339172363e-01
3.977322578430175781e-01
3.977322578430175781e-01
3.977456390857696533e-01
3.977457284927368164e-01
3.978626728057861328e-01
3.979185819625854492e-01
3.979162275791168213e-01
3.979132771492004395e-01
3.983022570610046387e-01
3.983022272586822510e-01
3.983021974563598633e-01
3.983021676540374756e-01
3.983029127120971680e-01
3.983028531074523926e-01
3.983020186424255371e-01
3.983020186424255371e-01
3.983021080493927002e-01
3.983001112937927246e-01
3.982984423637390137e-01
3.978965282440185547e-01
3.989605903625488281e-01
4.428041577339172363e-01
4.428041577339172363e-01
3.980714976787567139e-01
4.428041577339172363e-01
4.428041577339172363e-01
4.428041577339172363e-01
4.428041577339172363e-01
4.428041577339172363e-01
4.428041577339172363e-01
4.428041577339172363e-01
4.450531005859375000e-01
4.428041577339172363e-01
4.428041577339172363e-01
4.428041577339172363e-01
4.428041577339172363e-01
4.428041577339172363e-01
4.428041577339172363e-01
4.428041577339172363e-01
4.428041577339172363e-01
4.428041577339172363e-01
4.428041577339172363e-01
4.428041577339172363e-01
4.428041577339172363e-01
4.067380428314208984e-01
4.428041577339172363e-01
4.428041577339172363e-01
4.428041577339172363e-01
4.067380428314208984e-01
3.986037075519561768e-01
3.986025154590606689e-01
3.986311554908752441e-01
3.986112773418426514e-01
3.986328840255737305e-01
3.985924124717712402e-01
4.356172084808349609e-01
4.011197686195373535e-01
4.428041577339172363e-01
4.046342372894287109e-01
4.059845209121704102e-01
4.360449016094207764e-01
4.428041577339172363e-01
4.428041577339172363e-01
4.428041577339172363e-01
3.960444629192352295e-01
3.954537510871887207e-01
3.954516053199768066e-01
3.970481455326080322e-01
3.971359133720397949e-01
3.970511555671691895e-01
3.970694839954376221e-01
3.955605328083038330e-01
3.958905339241027832e-01
3.977145552635192871e-01
3.982948362827301025e-01
3.972272276878356934e-01
3.982948362827301025e-01
3.976970613002777100e-01
3.973710238933563232e-01
3.980870842933654785e-01
3.976970911026000977e-01
3.976971507072448730e-01
3.976970613002777100e-01
3.976970613002777100e-01
3.976970613002777100e-01
3.976971805095672607e-01
3.954513370990753174e-01
3.954536318778991699e-01
3.964583575725555420e-01
3.954706788063049316e-01
4.067380428314208984e-01
4.067380428314208984e-01
4.067380428314208984e-01
4.067380428314208984e-01
4.428041577339172363e-01
3.955130577087402344e-01
3.955243229866027832e-01
3.956253230571746826e-01
3.981345891952514648e-01
3.955778777599334717e-01
3.955891728401184082e-01
3.954491615295410156e-01
3.955791890621185303e-01
3.954679965972900391e-01
3.958829045295715332e-01
3.954864740371704102e-01
3.955994248390197754e-01
3.954546749591827393e-01
3.955390453338623047e-01
3.956106901168823242e-01
3.954482078552246094e-01
3.955117166042327881e-01
3.960270285606384277e-01
4.009699821472167969e-01
4.253471791744232178e-01
4.428041577339172363e-01
4.428041577339172363e-01
4.428041577339172363e-01
4.428041577339172363e-01
4.428041577339172363e-01
4.428041577339172363e-01
4.428041577339172363e-01
4.428041577339172363e-01
4.428041577339172363e-01
4.428041577339172363e-01
4.428041577339172363e-01
4.428041577339172363e-01
4.428041577339172363e-01
4.428041577339172363e-01
4.089874625205993652e-01
4.428041577339172363e-01
4.428041577339172363e-01
4.428041577339172363e-01
4.428041577339172363e-01
4.428041577339172363e-01
4.428041577339172363e-01
4.428041577339172363e-01
4.428041577339172363e-01
4.428041577339172363e-01
4.450531005859375000e-01
4.428041577339172363e-01
4.428041577339172363e-01
4.428041577339172363e-01
4.428041577339172363e-01
4.428041577339172363e-01
4.428041577339172363e-01
4.428041279315948486e-01
4.428041577339172363e-01
4.428041577339172363e-01
4.428041577339172363e-01
4.067380428314208984e-01
4.067380428314208984e-01
4.067380428314208984e-01
4.067380428314208984e-01
4.067380428314208984e-01
4.067380428314208984e-01
4.067380428314208984e-01
4.067380428314208984e-01
4.067380428314208984e-01
4.067380428314208984e-01
4.154102206230163574e-01
4.154826700687408447e-01
4.061601758003234863e-01
3.982166945934295654e-01
3.959921002388000488e-01
3.955393433570861816e-01
3.954609036445617676e-01
4.012378752231597900e-01
3.982760012149810791e-01
4.040260314941406250e-01
4.000427722930908203e-01
3.976973593235015869e-01
3.976982235908508301e-01
4.428041577339172363e-01
4.428041577339172363e-01
4.045979380607604980e-01
4.428041577339172363e-01
4.428041577339172363e-01
4.428041577339172363e-01
4.428041577339172363e-01
4.428041577339172363e-01
4.022275805473327637e-01
4.428041577339172363e-01
4.428041577339172363e-01
4.428041577339172363e-01
4.428041577339172363e-01
4.428041577339172363e-01
4.428041577339172363e-01
4.428041577339172363e-01
4.428041577339172363e-01
4.428041577339172363e-01
4.428041577339172363e-01
4.428041577339172363e-01
4.428041577339172363e-01
4.428041577339172363e-01
4.428041577339172363e-01
4.428041577339172363e-01
4.428041577339172363e-01
4.428041577339172363e-01
4.428041577339172363e-01
4.428041577339172363e-01
4.428041577339172363e-01
4.428041577339172363e-01
4.428041577339172363e-01
4.428041577339172363e-01
4.428041577339172363e-01
4.428041577339172363e-01
4.428041577339172363e-01
4.428041577339172363e-01
4.428041577339172363e-01
3.979312479496002197e-01
3.979312479496002197e-01
3.979312479496002197e-01
3.979312479496002197e-01
3.979312479496002197e-01
3.979312479496002197e-01
3.979312479496002197e-01
3.978437185287475586e-01
3.977731764316558838e-01
3.977602124214172363e-01
3.977602124214172363e-01
4.033509194850921631e-01
3.978982269763946533e-01
3.978982865810394287e-01
3.979546725749969482e-01
3.983089327812194824e-01
3.983064889907836914e-01
3.979817926883697510e-01
3.965144753456115723e-01
4.019735455513000488e-01
3.963696360588073730e-01
3.981033563613891602e-01
3.963622450828552246e-01
4.009337127208709717e-01
3.963611721992492676e-01
3.954554796218872070e-01
3.954501450061798096e-01
3.983382582664489746e-01
3.983325362205505371e-01
3.983365893363952637e-01
4.040329754352569580e-01
3.982990384101867676e-01
3.983005285263061523e-01
3.983057737350463867e-01
3.985274434089660645e-01
3.976970613002777100e-01
3.975845873355865479e-01
3.976241648197174072e-01
3.977686464786529541e-01
3.975583910942077637e-01
3.978829383850097656e-01
3.982948362827301025e-01
4.428041577339172363e-01
4.428041577339172363e-01
4.428041577339172363e-01
4.428041577339172363e-01
4.428039193153381348e-01
4.428041577339172363e-01
4.428041577339172363e-01
4.428041577339172363e-01
4.428041577339172363e-01
4.428041577339172363e-01
4.428041577339172363e-01
4.428041577339172363e-01
4.428041577339172363e-01
4.428041577339172363e-01
4.428041577339172363e-01
4.428041577339172363e-01
4.428041577339172363e-01
4.428041577339172363e-01
4.428041577339172363e-01
4.428041577339172363e-01
4.428041577339172363e-01
4.428041577339172363e-01
4.428041577339172363e-01
4.428041577339172363e-01
4.428041577339172363e-01
4.428041577339172363e-01
4.428041577339172363e-01
4.428041577339172363e-01
4.428041577339172363e-01
4.428041577339172363e-01
4.428041577339172363e-01
4.428041577339172363e-01
4.428041577339172363e-01
4.428041577339172363e-01
4.428041577339172363e-01
4.428041577339172363e-01
4.428041577339172363e-01
4.428041577339172363e-01
4.428041577339172363e-01
4.428041577339172363e-01
3.984278142452239990e-01
3.989557921886444092e-01
4.283264279365539551e-01
4.428041577339172363e-01
4.428041577339172363e-01
3.990138173103332520e-01
3.959480226039886475e-01
4.428041577339172363e-01
3.958357572555541992e-01
4.428041577339172363e-01
3.955917656421661377e-01
3.955291807651519775e-01
3.959810733795166016e-01
3.958719968795776367e-01
3.956539034843444824e-01
3.958631753921508789e-01
4.122013449668884277e-01
4.338635206222534180e-01
4.124477505683898926e-01
4.331293702125549316e-01
4.338814020156860352e-01
4.321796596050262451e-01
4.404175281524658203e-01
4.428041577339172363e-01
4.428041577339172363e-01
4.428041577339172363e-01
4.428041577339172363e-01
4.428041577339172363e-01
4.428041577339172363e-01
4.428040683269500732e-01
4.428041577339172363e-01
3.963718712329864502e-01
4.067380428314208984e-01
4.428041577339172363e-01
4.428041577339172363e-01
4.428041577339172363e-01
4.428041577339172363e-01
4.428041577339172363e-01
4.428041577339172363e-01
4.428041577339172363e-01
4.428041577339172363e-01
4.428041577339172363e-01
4.428041577339172363e-01
4.428041577339172363e-01
4.428041577339172363e-01
4.428041577339172363e-01
4.428041577339172363e-01
4.428041577339172363e-01
4.428041577339172363e-01
4.428041577339172363e-01
4.428041577339172363e-01
4.428041577339172363e-01
4.428041577339172363e-01
4.428041577339172363e-01
4.428041577339172363e-01
4.428041577339172363e-01
4.428041577339172363e-01
4.428041577339172363e-01
4.428041577339172363e-01
4.428041577339172363e-01
4.428041577339172363e-01
4.428041577339172363e-01
4.428041577339172363e-01
4.428041577339172363e-01
4.428041577339172363e-01
4.428041577339172363e-01
4.428041577339172363e-01
4.428041577339172363e-01
4.428041577339172363e-01
4.428041577339172363e-01
4.428041577339172363e-01
4.428041577339172363e-01
4.428041577339172363e-01
4.428041577339172363e-01
4.428041577339172363e-01
4.428041577339172363e-01
4.428041577339172363e-01
4.428041577339172363e-01
4.428041577339172363e-01
4.428041577339172363e-01
4.428041577339172363e-01
4.428041577339172363e-01
4.428041577339172363e-01
4.428041577339172363e-01
4.428041577339172363e-01
4.428041577339172363e-01
4.428041577339172363e-01
4.428041577339172363e-01
4.428041577339172363e-01
4.428041577339172363e-01
4.428041577339172363e-01
4.428041577339172363e-01
4.428041577339172363e-01
4.428041577339172363e-01
4.428041577339172363e-01
4.428041577339172363e-01
4.428041577339172363e-01
4.428041577339172363e-01
4.428041577339172363e-01
4.428041577339172363e-01
4.428041577339172363e-01
4.428041577339172363e-01
4.428041577339172363e-01
4.428041577339172363e-01
4.428041577339172363e-01
4.428041577339172363e-01
4.428041577339172363e-01
4.428041577339172363e-01
4.428041577339172363e-01
4.428030550479888916e-01
4.423462450504302979e-01
4.423460066318511963e-01
4.423460960388183594e-01
4.424312114715576172e-01
4.421893954277038574e-01
4.422631263732910156e-01
4.422667324542999268e-01
4.422827661037445068e-01
3.954524099826812744e-01
3.997722566127777100e-01
4.058100879192352295e-01
3.954526185989379883e-01
3.975889682769775391e-01
4.064627587795257568e-01
4.064828455448150635e-01
4.064573645591735840e-01
4.076951742172241211e-01
4.067380428314208984e-01
4.067380428314208984e-01
4.067380428314208984e-01
4.070232510566711426e-01
4.067380428314208984e-01
4.086852967739105225e-01
4.071511030197143555e-01
4.097444117069244385e-01
4.086123108863830566e-01
4.101998507976531982e-01
4.093310832977294922e-01
4.096888899803161621e-01
3.978172242641448975e-01
4.015620946884155273e-01
3.978624343872070312e-01
3.978624343872070312e-01
3.979473710060119629e-01
3.977888822555541992e-01
3.977742791175842285e-01
4.000416994094848633e-01
4.040279090404510498e-01
3.995725214481353760e-01
4.037042558193206787e-01
3.973810672760009766e-01
3.973963260650634766e-01
3.973957300186157227e-01
3.973927497863769531e-01
3.972921967506408691e-01
3.976713716983795166e-01
3.976178765296936035e-01
3.976178765296936035e-01
3.977189958095550537e-01
3.977165222167968750e-01
3.977014422416687012e-01
3.977702558040618896e-01
3.977276682853698730e-01
3.979559242725372314e-01
3.981758952140808105e-01
4.428041577339172363e-01
3.977249562740325928e-01
3.977904319763183594e-01
3.979312479496002197e-01
3.979312479496002197e-01
3.979312479496002197e-01
3.978010416030883789e-01
3.982968032360076904e-01
3.982960879802703857e-01
3.982957005500793457e-01
3.976979553699493408e-01
3.982957005500793457e-01
3.976986408233642578e-01
3.959022164344787598e-01
4.428038597106933594e-01
4.089874923229217529e-01
4.019795358180999756e-01
4.249722957611083984e-01
4.264428019523620605e-01
4.255059659481048584e-01
4.225778877735137939e-01
4.235209822654724121e-01
4.278523921966552734e-01
3.982973098754882812e-01
4.294831752777099609e-01
4.106894135475158691e-01
3.955781757831573486e-01
3.976971209049224854e-01
3.982948362827301025e-01
3.976970911026000977e-01
3.957602977752685547e-01
3.954485356807708740e-01
3.041644990444183350e-01
4.092355370521545410e-01
4.063036739826202393e-01
3.977138102054595947e-01
3.970514833927154541e-01
3.954491615295410156e-01
3.956072628498077393e-01
3.954591751098632812e-01
4.411347508430480957e-01
4.428041577339172363e-01
3.985815048217773438e-01
3.994005918502807617e-01
3.994006216526031494e-01
3.977288305759429932e-01
3.994006216526031494e-01
3.954913914203643799e-01
3.954590260982513428e-01
3.967843651771545410e-01
3.954504430294036865e-01
3.977210521697998047e-01
3.977209031581878662e-01
3.977224230766296387e-01
3.977224230766296387e-01
3.977224230766296387e-01
3.977006673812866211e-01
3.976971209049224854e-01
3.976971507072448730e-01
3.982642292976379395e-01
3.976971507072448730e-01
3.976613581180572510e-01
3.976616859436035156e-01
3.976625502109527588e-01
3.976629376411437988e-01
3.976780772209167480e-01
4.428041577339172363e-01
4.428041577339172363e-01
4.428041577339172363e-01
4.326691925525665283e-01
4.332863092422485352e-01
4.332863092422485352e-01
4.332863092422485352e-01
4.332862794399261475e-01
4.332862496376037598e-01
4.332277774810791016e-01
4.372098743915557861e-01
4.372140765190124512e-01
4.402592778205871582e-01
4.414481818675994873e-01
3.976977467536926270e-01
3.982266187667846680e-01
4.427147507667541504e-01
4.427757561206817627e-01
4.427951276302337646e-01
3.977288305759429932e-01
3.977288305759429932e-01
3.980012536048889160e-01
3.982562422752380371e-01
3.982951045036315918e-01
3.982992172241210938e-01
3.976970613002777100e-01
4.428041577339172363e-01
4.428041577339172363e-01
4.275730848312377930e-01
4.428041577339172363e-01
4.106173217296600342e-01
4.107077121734619141e-01
4.103582799434661865e-01
4.107314348220825195e-01
4.161322712898254395e-01
4.121913909912109375e-01
4.121821224689483643e-01
4.122295379638671875e-01
4.122156202793121338e-01
4.128702878952026367e-01
4.189913570880889893e-01
4.067380428314208984e-01
4.067380428314208984e-01
4.067380428314208984e-01
4.067380428314208984e-01
4.067380428314208984e-01
4.067380428314208984e-01
4.067380428314208984e-01
4.067380428314208984e-01
4.067380428314208984e-01
4.067380428314208984e-01
4.067380428314208984e-01
4.067380428314208984e-01
4.066902697086334229e-01
4.067380428314208984e-01
4.067380428314208984e-01
4.067380428314208984e-01
3.976849615573883057e-01
3.981836140155792236e-01
4.003546535968780518e-01
3.954481780529022217e-01
3.954495191574096680e-01
3.976970613002777100e-01
3.976970613002777100e-01
3.976971507072448730e-01
3.954481780529022217e-01
3.976970613002777100e-01
3.954481184482574463e-01
4.073420464992523193e-01
4.465016126632690430e-01
3.074675500392913818e-01
4.072060585021972656e-01
4.601176381111145020e-01
4.623711407184600830e-01
4.587082862854003906e-01
4.341647028923034668e-01
4.536833167076110840e-01
4.497103989124298096e-01
4.575245380401611328e-01
4.259395003318786621e-01
3.983864784240722656e-01
3.982948362827301025e-01
3.983864784240722656e-01
3.976691067218780518e-01
3.977439999580383301e-01
3.981215953826904297e-01
3.982948362827301025e-01
3.976998925209045410e-01
3.964364230632781982e-01
3.963842988014221191e-01
3.968836963176727295e-01
3.965325057506561279e-01
3.958164453506469727e-01
3.994007706642150879e-01
4.013510048389434814e-01
4.422187507152557373e-01
4.303230643272399902e-01
3.973926603794097900e-01
3.986755013465881348e-01
3.987168073654174805e-01
4.428041279315948486e-01
4.427815973758697510e-01
4.427964389324188232e-01
4.428014755249023438e-01
4.427919089794158936e-01
3.967776894569396973e-01
3.967773318290710449e-01
3.967766463756561279e-01
3.967739045619964600e-01
4.396692216396331787e-01
4.426654279232025146e-01
4.426843822002410889e-01
4.426856637001037598e-01
4.428041577339172363e-01
4.428041577339172363e-01
4.428041577339172363e-01
4.428041577339172363e-01
4.426915347576141357e-01
4.428038895130157471e-01
4.428040385246276855e-01
4.428041279315948486e-01
4.428041279315948486e-01
4.428041577339172363e-01
4.428041577339172363e-01
4.428041577339172363e-01
4.428041577339172363e-01
4.428041577339172363e-01
4.425329267978668213e-01
3.982093930244445801e-01
3.959144651889801025e-01
3.994565308094024658e-01
4.362619519233703613e-01
4.427914321422576904e-01
4.398214817047119141e-01
4.428027868270874023e-01
4.428041279315948486e-01
4.428041279315948486e-01
3.994006514549255371e-01
3.994006514549255371e-01
3.994006514549255371e-01
3.994006514549255371e-01
3.994006514549255371e-01
3.994006514549255371e-01
4.428041577339172363e-01
4.428041577339172363e-01
4.428041577339172363e-01
4.428041577339172363e-01
4.428041577339172363e-01
4.428041577339172363e-01
4.428041577339172363e-01
4.428041577339172363e-01
4.428041577339172363e-01
4.428041577339172363e-01
4.428041577339172363e-01
4.428041577339172363e-01
4.428041577339172363e-01
4.428041577339172363e-01
4.428041577339172363e-01
4.428041577339172363e-01
4.428041577339172363e-01
3.979689776897430420e-01
4.056900739669799805e-01
4.428041577339172363e-01
4.428041577339172363e-01
4.428041577339172363e-01
4.428041577339172363e-01
4.428041577339172363e-01
4.428041577339172363e-01
4.428041577339172363e-01
4.428041577339172363e-01
4.428041577339172363e-01
4.428041577339172363e-01
4.428041577339172363e-01
4.428041577339172363e-01
4.428041577339172363e-01
4.428041577339172363e-01
4.428041577339172363e-01
4.428041577339172363e-01
4.121017456054687500e-01
3.978482186794281006e-01
3.978409469127655029e-01
3.982849419116973877e-01
4.428041577339172363e-01
4.428041577339172363e-01
4.428041577339172363e-01
4.428041577339172363e-01
4.428041577339172363e-01
4.428041577339172363e-01
4.428041577339172363e-01
4.428041577339172363e-01
4.428041577339172363e-01
4.428041577339172363e-01
4.428041577339172363e-01
4.428041577339172363e-01
4.428041577339172363e-01
4.428041577339172363e-01
4.428041577339172363e-01
4.428041577339172363e-01
4.428041577339172363e-01
4.428041577339172363e-01
4.428041577339172363e-01
4.428041577339172363e-01
4.428041577339172363e-01
4.428041577339172363e-01
4.428041577339172363e-01
4.428041577339172363e-01
4.428041577339172363e-01
4.428041577339172363e-01
4.428041577339172363e-01
4.428041577339172363e-01
4.428041577339172363e-01
4.428041577339172363e-01
4.428041577339172363e-01
4.428041577339172363e-01
4.428041577339172363e-01
4.428041577339172363e-01
4.428041577339172363e-01
4.428041577339172363e-01
4.428041577339172363e-01
4.428041577339172363e-01
4.428041577339172363e-01
4.428041577339172363e-01
4.428041577339172363e-01
4.428041577339172363e-01
4.428041577339172363e-01
4.428041577339172363e-01
4.073354899883270264e-01
4.040561914443969727e-01
4.000608921051025391e-01
4.040245115756988525e-01
4.001199603080749512e-01
3.995292782783508301e-01
3.976971507072448730e-01
4.046131968498229980e-01
4.021676182746887207e-01
4.046036899089813232e-01
4.032203853130340576e-01
4.039770960807800293e-01
4.046220779418945312e-01
4.031846523284912109e-01
4.046168923377990723e-01
4.046167433261871338e-01
4.046189188957214355e-01
3.993275165557861328e-01
4.040001630783081055e-01
3.973128497600555420e-01
3.984978795051574707e-01
4.046221077442169189e-01
4.039825201034545898e-01
4.040243029594421387e-01
3.982948362827301025e-01
3.982811868190765381e-01
4.281643033027648926e-01
3.982948362827301025e-01
3.983741104602813721e-01
3.991905748844146729e-01
3.982775509357452393e-01
3.982948362827301025e-01
3.982419371604919434e-01
3.965896070003509521e-01
3.979877829551696777e-01
4.545240998268127441e-01
4.500113427639007568e-01
3.976420164108276367e-01
3.976444602012634277e-01
3.980051577091217041e-01
4.169932007789611816e-01
3.972825407981872559e-01
4.428041577339172363e-01
4.428041577339172363e-01
4.428041577339172363e-01
4.428041577339172363e-01
4.428041577339172363e-01
4.428041577339172363e-01
4.428041577339172363e-01
4.428041577339172363e-01
4.428041577339172363e-01
4.428041577339172363e-01
4.428041577339172363e-01
4.428041577339172363e-01
4.428041577339172363e-01
4.428041577339172363e-01
4.428041577339172363e-01
4.428041577339172363e-01
4.428041577339172363e-01
4.428041577339172363e-01
4.428041577339172363e-01
4.428041577339172363e-01
4.428041577339172363e-01
4.428041577339172363e-01
4.428041577339172363e-01
4.428041577339172363e-01
4.428041577339172363e-01
4.428041577339172363e-01
4.428041577339172363e-01
4.428041577339172363e-01
4.428041577339172363e-01
4.428041577339172363e-01
4.428041577339172363e-01
4.428041577339172363e-01
4.428041577339172363e-01
4.428041577339172363e-01
4.428041577339172363e-01
4.428041577339172363e-01
4.428041577339172363e-01
4.067380428314208984e-01
0.000000000000000000e+00
3.984429240226745605e-01
3.994018435478210449e-01
3.994018435478210449e-01
3.994018435478210449e-01
3.994016945362091064e-01
4.036918580532073975e-01
4.067380428314208984e-01
4.105662405490875244e-01
4.164972305297851562e-01
4.240838885307312012e-01
4.317959845066070557e-01
4.376452267169952393e-01
4.106251597404479980e-01
4.425100982189178467e-01
3.954482674598693848e-01
3.954560756683349609e-01
3.954567909240722656e-01
3.963208198547363281e-01
3.974815905094146729e-01
3.976891934871673584e-01
3.976970613002777100e-01
3.987788558006286621e-01
3.983749449253082275e-01
3.983749449253082275e-01
3.983749449253082275e-01
3.983749449253082275e-01
4.020177423954010010e-01
3.979733288288116455e-01
3.976883888244628906e-01
3.976883888244628906e-01
3.980379700660705566e-01
3.982482850551605225e-01
3.982482850551605225e-01
3.982482552528381348e-01
2.069589495658874512e-01
4.023705422878265381e-01
3.983680307865142822e-01
3.983680307865142822e-01
3.983680307865142822e-01
3.983680009841918945e-01
3.983739018440246582e-01
3.983741104602813721e-01
3.971516191959381104e-01
3.980009555816650391e-01
3.980009555816650391e-01
3.980009555816650391e-01
3.980009555816650391e-01
3.980009853839874268e-01
3.959395289421081543e-01
3.980009853839874268e-01
3.954483568668365479e-01
4.027732014656066895e-01
3.982349634170532227e-01
3.961191773414611816e-01
3.999091386795043945e-01
3.999090492725372314e-01
3.999112248420715332e-01
3.957513868808746338e-01
4.038741290569305420e-01
3.981046676635742188e-01
4.043976664543151855e-01
4.104895293712615967e-01
4.040257334709167480e-01
3.976989984512329102e-01
3.973972201347351074e-01
3.977288305759429932e-01
3.976972103118896484e-01
3.977288305759429932e-01
4.007499217987060547e-01
4.089940488338470459e-01
4.040243029594421387e-01
4.004365503787994385e-01
3.982948362827301025e-01
4.040243029594421387e-01
4.001054465770721436e-01
4.033933579921722412e-01
3.998433351516723633e-01
4.040243029594421387e-01
3.976970613002777100e-01
3.976970613002777100e-01
3.982948362827301025e-01
3.982820510864257812e-01
3.980885148048400879e-01
3.982822000980377197e-01
3.982857465744018555e-01
3.982948362827301025e-01
4.122755825519561768e-01
3.982948362827301025e-01
3.982948362827301025e-01
4.087541699409484863e-01
3.983470797538757324e-01
4.786307215690612793e-01
4.044406116008758545e-01
3.974241018295288086e-01
3.979312479496002197e-01
3.979312777519226074e-01
4.067380428314208984e-01
4.428041577339172363e-01
4.428041577339172363e-01
0.000000000000000000e+00
4.089871048927307129e-01
4.089875519275665283e-01
3.982948362827301025e-01
3.982948362827301025e-01
3.982948362827301025e-01
3.982948362827301025e-01
3.956794738769531250e-01
4.026759862899780273e-01
4.030792117118835449e-01
4.033453166484832764e-01
3.980845212936401367e-01
3.982596695423126221e-01
3.983309268951416016e-01
3.983649015426635742e-01
3.982948362827301025e-01
3.982948362827301025e-01
3.983804881572723389e-01
3.983835577964782715e-01
3.983854055404663086e-01
3.983859121799468994e-01
3.983633518218994141e-01
3.982794582843780518e-01
4.418327808380126953e-01
3.979836106300354004e-01
3.984851241111755371e-01
3.978489637374877930e-01
3.989017009735107422e-01
3.962233364582061768e-01
3.983135223388671875e-01
3.976970911026000977e-01
3.983193337917327881e-01
3.977073132991790771e-01
4.303436875343322754e-01
4.955215156078338623e-01
3.983874022960662842e-01
3.990879654884338379e-01
3.979817032814025879e-01
3.980098962783813477e-01
4.428041577339172363e-01
4.428041577339172363e-01
4.428041577339172363e-01
4.428041577339172363e-01
4.428041577339172363e-01
3.977412581443786621e-01
4.428041577339172363e-01
3.978614807128906250e-01
4.428041577339172363e-01
4.428041577339172363e-01
4.428041577339172363e-01
4.428041577339172363e-01
4.428041577339172363e-01
4.428041577339172363e-01
4.428041577339172363e-01
4.428041577339172363e-01
4.428041577339172363e-01
4.428041577339172363e-01
4.428041577339172363e-01
4.428041577339172363e-01
4.428041577339172363e-01
4.428041577339172363e-01
4.428041577339172363e-01
4.428041577339172363e-01
4.428041577339172363e-01
4.428041577339172363e-01
3.960979282855987549e-01
3.976970613002777100e-01
3.954481184482574463e-01
3.986405432224273682e-01
3.954478502273559570e-01
4.353149831295013428e-01
4.428041577339172363e-01
3.994005918502807617e-01
3.976970613002777100e-01
3.993996083736419678e-01
3.980840146541595459e-01
4.428041577339172363e-01
4.428041577339172363e-01
4.428041577339172363e-01
4.428041577339172363e-01
4.428041577339172363e-01
4.428041577339172363e-01
4.428041577339172363e-01
4.428041577339172363e-01
4.428041577339172363e-01
4.428041577339172363e-01
4.428041577339172363e-01
4.428041577339172363e-01
4.428041577339172363e-01
3.981379568576812744e-01
4.428041577339172363e-01
4.428041577339172363e-01
4.428041577339172363e-01
4.428041577339172363e-01
4.428041577339172363e-01
4.428041577339172363e-01
4.428041577339172363e-01
4.428041577339172363e-01
4.428041577339172363e-01
4.428041577339172363e-01
4.428041577339172363e-01
4.428041577339172363e-01
4.428041577339172363e-01
4.428041577339172363e-01
4.428041577339172363e-01
4.428041577339172363e-01
4.428041577339172363e-01
4.428041577339172363e-01
4.428041577339172363e-01
4.428041577339172363e-01
4.428041577339172363e-01
4.428041577339172363e-01
4.428041577339172363e-01
4.428041577339172363e-01
4.428041577339172363e-01
4.428041577339172363e-01
4.428041577339172363e-01
4.428041577339172363e-01
4.428041577339172363e-01
4.428041577339172363e-01
4.428041577339172363e-01
4.428041577339172363e-01
4.428041577339172363e-01
4.428041577339172363e-01
4.428041577339172363e-01
4.428041577339172363e-01
4.428041577339172363e-01
4.428041577339172363e-01
4.428041577339172363e-01
4.428041577339172363e-01
4.428041577339172363e-01
4.428041577339172363e-01
4.428041577339172363e-01
4.428041577339172363e-01
4.428041577339172363e-01
4.428041577339172363e-01
4.428041577339172363e-01
4.428041577339172363e-01
4.428041577339172363e-01
4.428041577339172363e-01
4.428041577339172363e-01
4.428041577339172363e-01
4.428041577339172363e-01
4.428041577339172363e-01
4.428041577339172363e-01
4.428041577339172363e-01
4.428041577339172363e-01
4.067380428314208984e-01
4.067380428314208984e-01
4.067380428314208984e-01
4.067380428314208984e-01
4.067380428314208984e-01
4.067380428314208984e-01
4.428041577339172363e-01
4.013375043869018555e-01
3.997401893138885498e-01
3.997401893138885498e-01
4.067380428314208984e-01
4.067380428314208984e-01
4.067380428314208984e-01
4.067380428314208984e-01
4.067380428314208984e-01
4.067380428314208984e-01
4.058397412300109863e-01
4.067380428314208984e-01
4.067381024360656738e-01
4.063410162925720215e-01
4.067380428314208984e-01
4.067380428314208984e-01
3.996084630489349365e-01
3.996080458164215088e-01
3.996077477931976318e-01
3.996073901653289795e-01
3.987496197223663330e-01
4.067380428314208984e-01
4.067380428314208984e-01
3.976147472858428955e-01
3.996906280517578125e-01
3.984214365482330322e-01
3.969220817089080811e-01
3.967047631740570068e-01
3.969757258892059326e-01
3.962651491165161133e-01
3.975789844989776611e-01
3.976399004459381104e-01
3.977436125278472900e-01
3.982854485511779785e-01
3.982857465744018555e-01
3.982864916324615479e-01
4.428041577339172363e-01
4.428041577339172363e-01
4.428041577339172363e-01
3.977019786834716797e-01
3.977013528347015381e-01
3.977021276950836182e-01
3.977016508579254150e-01
3.977057337760925293e-01
3.979312479496002197e-01
3.979312479496002197e-01
3.979218304157257080e-01
3.979218304157257080e-01
3.979218304157257080e-01
3.979218900203704834e-01
3.979236781597137451e-01
3.978666663169860840e-01
3.973599672317504883e-01
3.974193632602691650e-01
3.974260687828063965e-01
3.974283933639526367e-01
3.975204825401306152e-01
3.976515829563140869e-01
3.976633250713348389e-01
3.976636230945587158e-01
3.976642191410064697e-01
3.976652026176452637e-01
4.031684398651123047e-01
4.039553999900817871e-01
4.000528454780578613e-01
3.987905979156494141e-01
3.987906277179718018e-01
3.987904787063598633e-01
4.428041577339172363e-01
4.428041577339172363e-01
4.428041577339172363e-01
4.428041577339172363e-01
4.428041577339172363e-01
4.428041577339172363e-01
4.428041577339172363e-01
4.428041577339172363e-01
4.428041577339172363e-01
4.428041577339172363e-01
4.428041577339172363e-01
4.428041577339172363e-01
4.428041577339172363e-01
4.428041577339172363e-01
4.428041577339172363e-01
4.428041577339172363e-01
4.428041577339172363e-01
4.428041577339172363e-01
4.428041577339172363e-01
4.428041577339172363e-01
4.428041577339172363e-01
4.428041577339172363e-01
4.428041577339172363e-01
4.067380428314208984e-01
4.067380428314208984e-01
4.067380428314208984e-01
4.067380428314208984e-01
4.067380428314208984e-01
4.067380428314208984e-01
4.067380428314208984e-01
4.067380428314208984e-01
4.428041577339172363e-01
4.428041577339172363e-01
4.428041577339172363e-01
4.067380428314208984e-01
4.067380428314208984e-01
4.428041577339172363e-01
4.067380428314208984e-01
4.067380428314208984e-01
4.428041577339172363e-01
4.428041577339172363e-01
4.067380428314208984e-01
4.428041577339172363e-01
4.428041577339172363e-01
4.428041577339172363e-01
4.067380428314208984e-01
4.067380428314208984e-01
4.428041577339172363e-01
4.428041577339172363e-01
4.428041577339172363e-01
4.428041577339172363e-01
4.428041577339172363e-01
4.067380428314208984e-01
4.067380428314208984e-01
4.067380428314208984e-01
4.428041577339172363e-01
4.428041577339172363e-01
4.428041577339172363e-01
4.067380428314208984e-01
4.428041577339172363e-01
4.428041577339172363e-01
4.428041577339172363e-01
3.995984792709350586e-01
4.428041577339172363e-01
4.067380428314208984e-01
4.067380428314208984e-01
4.067380428314208984e-01
4.067380428314208984e-01
4.098622798919677734e-01
4.114703536033630371e-01
4.136486053466796875e-01
4.136483669281005859e-01
4.073681235313415527e-01
4.073679149150848389e-01
4.070841670036315918e-01
4.068708419799804688e-01
4.068850278854370117e-01
4.067380428314208984e-01
4.067380428314208984e-01
4.067380428314208984e-01
4.067380428314208984e-01
4.067380428314208984e-01
3.981417119503021240e-01
3.990553319454193115e-01
3.981438279151916504e-01
4.071478843688964844e-01
3.976052403450012207e-01
4.031355381011962891e-01
3.990073800086975098e-01
4.041571319103240967e-01
3.989056050777435303e-01
4.039762020111083984e-01
3.984299898147583008e-01
4.027871489524841309e-01
3.974652588367462158e-01
3.972870707511901855e-01
3.976970613002777100e-01
3.954481184482574463e-01
3.954481184482574463e-01
3.954481780529022217e-01
3.980300724506378174e-01
4.067380428314208984e-01
4.067380428314208984e-01
4.067380428314208984e-01
3.972602784633636475e-01
3.976970613002777100e-01
4.129082858562469482e-01
3.976970613002777100e-01
3.976970613002777100e-01
3.954533934593200684e-01
3.979066014289855957e-01
3.982086181640625000e-01
3.976972699165344238e-01
3.976975381374359131e-01
3.976970613002777100e-01
3.969962000846862793e-01
3.976970613002777100e-01
4.437661170959472656e-01
3.977316617965698242e-01
3.977122604846954346e-01
3.976970613002777100e-01
3.976970613002777100e-01
3.976970613002777100e-01
3.976970613002777100e-01
3.976970613002777100e-01
3.976970613002777100e-01
