4.385184049606323242e-01
4.387525320053100586e-01
4.387713670730590820e-01
4.385270774364471436e-01
4.388578832149505615e-01
4.388468563556671143e-01
4.386689364910125732e-01
4.386261403560638428e-01
4.385604858398437500e-01
4.386387467384338379e-01
4.389784932136535645e-01
4.385882019996643066e-01
4.385116696357727051e-01
4.386019408702850342e-01
4.386050403118133545e-01
4.386294186115264893e-01
4.385962188243865967e-01
4.388387203216552734e-01
4.395204782485961914e-01
4.390739202499389648e-01
4.390937685966491699e-01
4.388419985771179199e-01
4.389334022998809814e-01
4.387851953506469727e-01
4.385589957237243652e-01
4.385910034179687500e-01
4.391207396984100342e-01
4.386361241340637207e-01
4.388391971588134766e-01
4.385361373424530029e-01
4.385806024074554443e-01
4.385363757610321045e-01
4.100239276885986328e-01
0.000000000000000000e+00
4.386124610900878906e-01
4.308270514011383057e-01
4.385395348072052002e-01
4.385823905467987061e-01
4.385893046855926514e-01
4.389370679855346680e-01
4.386044740676879883e-01
4.386755228042602539e-01
4.384982287883758545e-01
4.385690093040466309e-01
4.392605423927307129e-01
4.387101233005523682e-01
4.386918544769287109e-01
4.386425316333770752e-01
4.385994672775268555e-01
4.386613667011260986e-01
4.386033117771148682e-01
4.385769069194793701e-01
4.385765790939331055e-01
4.386020302772521973e-01
4.386967718601226807e-01
4.385350346565246582e-01
4.385905861854553223e-01
4.386510252952575684e-01
4.385872185230255127e-01
4.385825097560882568e-01
4.385865032672882080e-01
4.385757446289062500e-01
4.385863244533538818e-01
4.385658502578735352e-01
4.385862648487091064e-01
4.385872781276702881e-01
4.386386871337890625e-01
4.385426640510559082e-01
4.386102855205535889e-01
4.386612176895141602e-01
4.387372136116027832e-01
4.386158287525177002e-01
4.385729730129241943e-01
4.385548233985900879e-01
4.386232197284698486e-01
4.386323392391204834e-01
4.385843575000762939e-01
4.385932385921478271e-01
4.385775327682495117e-01
4.385942220687866211e-01
4.385549426078796387e-01
4.387532174587249756e-01
4.446855783462524414e-01
0.000000000000000000e+00
4.385697245597839355e-01
4.385854899883270264e-01
4.385499060153961182e-01
4.386167824268341064e-01
4.387213289737701416e-01
4.386253952980041504e-01
4.390062689781188965e-01
4.385023117065429688e-01
4.386630654335021973e-01
4.387011229991912842e-01
4.202709197998046875e-01
4.388034939765930176e-01
4.385944902896881104e-01
4.385658502578735352e-01
4.387195408344268799e-01
0.000000000000000000e+00
4.385961294174194336e-01
4.386361241340637207e-01
4.386030733585357666e-01
4.386031031608581543e-01
4.386253356933593750e-01
4.388559758663177490e-01
4.386339783668518066e-01
4.386314451694488525e-01
4.388523101806640625e-01
4.386065602302551270e-01
4.386127889156341553e-01
4.385822415351867676e-01
4.386873841285705566e-01
0.000000000000000000e+00
4.390411376953125000e-01
0.000000000000000000e+00
4.387199282646179199e-01
4.385876059532165527e-01
4.386056959629058838e-01
4.385944604873657227e-01
4.388693273067474365e-01
4.387285709381103516e-01
4.385980963706970215e-01
4.386939108371734619e-01
4.387381374835968018e-01
4.385608136653900146e-01
4.385817050933837891e-01
4.386042058467864990e-01
4.386034011840820312e-01
4.385940432548522949e-01
4.388351142406463623e-01
4.386077225208282471e-01
4.386681020259857178e-01
4.385696053504943848e-01
4.386210143566131592e-01
0.000000000000000000e+00
0.000000000000000000e+00
4.386391937732696533e-01
4.386363625526428223e-01
4.386969804763793945e-01
4.386595487594604492e-01
4.389478862285614014e-01
4.386592805385589600e-01
4.389014840126037598e-01
4.389137029647827148e-01
4.385702908039093018e-01
4.386605322360992432e-01
4.386109709739685059e-01
4.386519789695739746e-01
4.388227462768554688e-01
4.386622011661529541e-01
4.386848807334899902e-01
4.388610720634460449e-01
4.385079741477966309e-01
4.386209547519683838e-01
4.385806918144226074e-01
4.385643899440765381e-01
4.385973215103149414e-01
4.386266171932220459e-01
4.386418461799621582e-01
4.386292994022369385e-01
4.385851919651031494e-01
4.386372566223144531e-01
4.386724233627319336e-01
4.390454888343811035e-01
4.385960400104522705e-01
4.386998414993286133e-01
4.385720491409301758e-01
4.386067092418670654e-01
4.385888874530792236e-01
4.385993778705596924e-01
4.386948049068450928e-01
4.385710358619689941e-01
4.388105869293212891e-01
4.385630786418914795e-01
4.386566877365112305e-01
4.388241469860076904e-01
4.386441707611083984e-01
4.385917484760284424e-01
4.385771751403808594e-01
4.385297894477844238e-01
4.385522007942199707e-01
4.386056959629058838e-01
4.385879635810852051e-01
4.385990500450134277e-01
4.388555884361267090e-01
4.386682510375976562e-01
4.385855495929718018e-01
4.385947883129119873e-01
4.385890364646911621e-01
4.387331604957580566e-01
4.385802745819091797e-01
4.386029839515686035e-01
4.386432766914367676e-01
4.386817216873168945e-01
4.385521411895751953e-01
4.385429024696350098e-01
4.386051893234252930e-01
4.385659098625183105e-01
4.434680938720703125e-01
4.403125941753387451e-01
4.370315372943878174e-01
4.385654032230377197e-01
4.385095834732055664e-01
4.391202032566070557e-01
4.390245378017425537e-01
4.385614097118377686e-01
4.386025071144104004e-01
2.900285422801971436e-01
4.386179745197296143e-01
4.386148452758789062e-01
4.386787712574005127e-01
4.388311207294464111e-01
4.384922385215759277e-01
4.385530948638916016e-01
4.385645985603332520e-01
4.385682642459869385e-01
4.385618865489959717e-01
4.385382235050201416e-01
4.385539889335632324e-01
4.389032721519470215e-01
4.390228688716888428e-01
4.385585784912109375e-01
4.385978281497955322e-01
4.385913312435150146e-01
4.386130571365356445e-01
4.386171102523803711e-01
4.387021660804748535e-01
4.386824667453765869e-01
4.387576878070831299e-01
4.387369751930236816e-01
4.387681782245635986e-01
4.386990666389465332e-01
4.387506544589996338e-01
4.387543499469757080e-01
4.385684132575988770e-01
4.386878311634063721e-01
4.386112689971923828e-01
4.385876357555389404e-01
4.385908246040344238e-01
4.386344254016876221e-01
4.388071894645690918e-01
4.386574327945709229e-01
4.386647045612335205e-01
4.385784864425659180e-01
4.386632144451141357e-01
4.385956227779388428e-01
4.387435913085937500e-01
4.386421740055084229e-01
4.386221170425415039e-01
4.386933743953704834e-01
4.386705160140991211e-01
4.388452172279357910e-01
4.390000402927398682e-01
4.386646151542663574e-01
4.386190176010131836e-01
4.386180043220520020e-01
4.386422932147979736e-01
4.386079013347625732e-01
4.386597871780395508e-01
4.385325610637664795e-01
4.387421011924743652e-01
4.386451244354248047e-01
4.386731386184692383e-01
4.386337399482727051e-01
4.386239051818847656e-01
4.387139379978179932e-01
4.386414289474487305e-01
4.385892152786254883e-01
4.387301504611968994e-01
4.385897815227508545e-01
4.386428296566009521e-01
4.386172592639923096e-01
4.386621415615081787e-01
4.386011064052581787e-01
4.386387169361114502e-01
4.386587440967559814e-01
4.388313293457031250e-01
4.386125504970550537e-01
4.386529624462127686e-01
4.386342763900756836e-01
4.386090934276580811e-01
4.386528134346008301e-01
4.387851655483245850e-01
4.385356009006500244e-01
4.386923909187316895e-01
4.386139512062072754e-01
4.108324944972991943e-01
4.389063119888305664e-01
4.386383891105651855e-01
4.385557770729064941e-01
4.396036267280578613e-01
4.387090206146240234e-01
4.385661482810974121e-01
4.424312114715576172e-01
4.385870099067687988e-01
4.385508596897125244e-01
4.387217164039611816e-01
4.386209547519683838e-01
4.385765790939331055e-01
4.386011064052581787e-01
4.386036694049835205e-01
4.385663866996765137e-01
4.386115670204162598e-01
4.385571479797363281e-01
4.385820627212524414e-01
4.386218488216400146e-01
4.385627806186676025e-01
4.385657906532287598e-01
4.386788308620452881e-01
4.386008381843566895e-01
4.386064410209655762e-01
4.385615587234497070e-01
4.386260509490966797e-01
4.387246966361999512e-01
4.386239945888519287e-01
4.385859072208404541e-01
4.386200010776519775e-01
4.386585950851440430e-01
4.386297464370727539e-01
4.386329054832458496e-01
4.386066496372222900e-01
4.385723769664764404e-01
4.387777745723724365e-01
4.385944008827209473e-01
4.387405514717102051e-01
4.386561512947082520e-01
4.387529194355010986e-01
4.386211931705474854e-01
4.386408925056457520e-01
4.385584592819213867e-01
4.385965466499328613e-01
4.386596083641052246e-01
4.385820329189300537e-01
4.385977983474731445e-01
4.386134743690490723e-01
4.386062324047088623e-01
4.386578202247619629e-01
4.386604130268096924e-01
4.386146664619445801e-01
4.389092028141021729e-01
4.389188885688781738e-01
4.386640787124633789e-01
4.385858178138732910e-01
4.386452734470367432e-01
4.386686086654663086e-01
4.385406374931335449e-01
4.386456012725830078e-01
4.387354254722595215e-01
4.385899305343627930e-01
4.387173652648925781e-01
4.385789930820465088e-01
4.386795759201049805e-01
4.246189296245574951e-01
4.607348442077636719e-01
4.386078119277954102e-01
4.388429522514343262e-01
4.385670721530914307e-01
4.386318624019622803e-01
4.386046826839447021e-01
4.386368095874786377e-01
4.386273026466369629e-01
4.535806477069854736e-01
4.385929703712463379e-01
4.388908743858337402e-01
4.389247894287109375e-01
4.386060535907745361e-01
4.385878741741180420e-01
4.386110603809356689e-01
4.386353194713592529e-01
4.386679828166961670e-01
4.385974705219268799e-01
4.387086927890777588e-01
4.386185407638549805e-01
0.000000000000000000e+00
4.387663006782531738e-01
4.385414719581604004e-01
4.387128949165344238e-01
4.386607110500335693e-01
4.385787248611450195e-01
4.386371672153472900e-01
4.388602674007415771e-01
4.387378692626953125e-01
4.386041462421417236e-01
4.385795593261718750e-01
4.385991692543029785e-01
4.386093914508819580e-01
4.386158883571624756e-01
4.386494755744934082e-01
4.386726021766662598e-01
4.389712512493133545e-01
4.386266767978668213e-01
4.400066733360290527e-01
4.385743439197540283e-01
4.385716319084167480e-01
4.386023879051208496e-01
4.385727047920227051e-01
4.386063814163208008e-01
0.000000000000000000e+00
4.386364817619323730e-01
4.386648833751678467e-01
4.387081563472747803e-01
4.387289583683013916e-01
4.385759234428405762e-01
4.386847615242004395e-01
4.386612474918365479e-01
4.385467171669006348e-01
4.387382864952087402e-01
4.385754466056823730e-01
4.386700391769409180e-01
4.386482536792755127e-01
4.386055469512939453e-01
4.386061131954193115e-01
4.386150538921356201e-01
4.386761784553527832e-01
4.386000633239746094e-01
4.386251568794250488e-01
4.386235773563385010e-01
4.386648237705230713e-01
4.386104047298431396e-01
4.388690888881683350e-01
4.391691982746124268e-01
4.391216635704040527e-01
4.387016594409942627e-01
4.385796189308166504e-01
4.650608599185943604e-01
4.657650887966156006e-01
4.394596815109252930e-01
4.397410750389099121e-01
4.428889453411102295e-01
4.386456906795501709e-01
4.386144578456878662e-01
4.387474656105041504e-01
4.387213885784149170e-01
4.386091828346252441e-01
4.386291503906250000e-01
4.386639297008514404e-01
4.385879039764404297e-01
4.386838674545288086e-01
4.386452734470367432e-01
4.385987520217895508e-01
4.386038780212402344e-01
4.386563599109649658e-01
4.386121332645416260e-01
4.386100172996520996e-01
4.386484324932098389e-01
4.385817050933837891e-01
4.386267662048339844e-01
4.386531412601470947e-01
4.386264085769653320e-01
4.389355778694152832e-01
4.386696219444274902e-01
4.386393725872039795e-01
4.385465383529663086e-01
4.386993050575256348e-01
4.476841986179351807e-01
4.705247879028320312e-01
4.386945068836212158e-01
4.386637210845947266e-01
4.385296106338500977e-01
4.387784004211425781e-01
4.387963116168975830e-01
4.386602342128753662e-01
4.386566579341888428e-01
4.386253654956817627e-01
4.385867416858673096e-01
4.387218952178955078e-01
4.386474490165710449e-01
4.386346042156219482e-01
4.386647939682006836e-01
4.387200772762298584e-01
4.386036694049835205e-01
4.386610686779022217e-01
4.385617375373840332e-01
4.385947287082672119e-01
4.385766983032226562e-01
4.389154613018035889e-01
4.202846586704254150e-01
4.386862814426422119e-01
4.385813176631927490e-01
4.387893676757812500e-01
4.386000037193298340e-01
4.386197030544281006e-01
4.386099874973297119e-01
4.386237263679504395e-01
4.386301934719085693e-01
4.386006891727447510e-01
4.386497735977172852e-01
4.386377334594726562e-01
4.386079609394073486e-01
4.386873841285705566e-01
4.385705590248107910e-01
4.386315941810607910e-01
4.385682642459869385e-01
4.389224350452423096e-01
4.386739134788513184e-01
4.386017024517059326e-01
4.390350878238677979e-01
4.387156665325164795e-01
4.387417733669281006e-01
4.389637112617492676e-01
4.226061701774597168e-01
4.385456442832946777e-01
4.262707531452178955e-01
0.000000000000000000e+00
4.387457966804504395e-01
4.239755272865295410e-01
4.384897947311401367e-01
4.387280941009521484e-01
4.385742843151092529e-01
4.195043146610260010e-01
4.266237318515777588e-01
4.233043789863586426e-01
4.214148223400115967e-01
4.214722812175750732e-01
4.385929107666015625e-01
4.284941554069519043e-01
4.308128654956817627e-01
4.265489578247070312e-01
4.385766386985778809e-01
4.390839636325836182e-01
4.389405846595764160e-01
4.386251568794250488e-01
4.386084079742431641e-01
4.385783672332763672e-01
4.386422336101531982e-01
4.386145174503326416e-01
4.385883510112762451e-01
4.386134743690490723e-01
4.385372996330261230e-01
4.386030137538909912e-01
4.385970234870910645e-01
4.386435747146606445e-01
4.386280477046966553e-01
4.386366903781890869e-01
4.385982155799865723e-01
4.197288751602172852e-01
4.388259053230285645e-01
4.386650323867797852e-01
4.385858774185180664e-01
4.385920166969299316e-01
4.385751187801361084e-01
0.000000000000000000e+00
4.386199712753295898e-01
4.386148154735565186e-01
4.385587275028228760e-01
4.386032819747924805e-01
4.385642111301422119e-01
4.386600852012634277e-01
4.385907053947448730e-01
4.385677576065063477e-01
4.386014938354492188e-01
4.386241734027862549e-01
4.387505054473876953e-01
4.388300776481628418e-01
4.385947883129119873e-01
4.386297464370727539e-01
4.386684298515319824e-01
4.385818541049957275e-01
4.386493265628814697e-01
4.386827051639556885e-01
4.386819601058959961e-01
4.387226700782775879e-01
4.386520385742187500e-01
4.386544227600097656e-01
4.386400878429412842e-01
4.386577308177947998e-01
4.492001235485076904e-01
4.386564195156097412e-01
4.385895431041717529e-01
4.386165440082550049e-01
4.386203885078430176e-01
4.386171400547027588e-01
4.387265741825103760e-01
4.386340975761413574e-01
4.385988712310791016e-01
4.386112987995147705e-01
4.406579732894897461e-01
4.488946497440338135e-01
4.386220872402191162e-01
4.386997818946838379e-01
4.385748505592346191e-01
4.386743605136871338e-01
4.386985599994659424e-01
4.387341439723968506e-01
4.386982619762420654e-01
4.385384917259216309e-01
4.390566647052764893e-01
4.386617839336395264e-01
4.386490583419799805e-01
4.386213421821594238e-01
4.387030005455017090e-01
4.386854171752929688e-01
4.386723637580871582e-01
4.387667477130889893e-01
4.386886060237884521e-01
4.387534260749816895e-01
4.385664463043212891e-01
4.388340711593627930e-01
4.386196434497833252e-01
4.385737478733062744e-01
4.385263323783874512e-01
4.386508464813232422e-01
4.387273490428924561e-01
4.387894570827484131e-01
0.000000000000000000e+00
4.387439787387847900e-01
4.386327564716339111e-01
4.385934472084045410e-01
4.388121962547302246e-01
4.386743903160095215e-01
4.386272430419921875e-01
4.385944902896881104e-01
4.386627972126007080e-01
4.386174976825714111e-01
4.386292695999145508e-01
4.385477900505065918e-01
4.386315941810607910e-01
4.388559460639953613e-01
4.385998249053955078e-01
4.385585188865661621e-01
4.386000633239746094e-01
4.386370182037353516e-01
4.385996758937835693e-01
4.386907517910003662e-01
4.387091398239135742e-01
4.386127293109893799e-01
4.385938048362731934e-01
4.385742843151092529e-01
4.388043880462646484e-01
4.394450485706329346e-01
4.387384355068206787e-01
4.388585388660430908e-01
4.388780891895294189e-01
4.388639926910400391e-01
4.386202096939086914e-01
4.385761618614196777e-01
4.386398196220397949e-01
0.000000000000000000e+00
4.221416711807250977e-01
4.387635588645935059e-01
4.386025369167327881e-01
4.387110173702239990e-01
4.386974275112152100e-01
4.386904835700988770e-01
4.389666914939880371e-01
4.386551380157470703e-01
0.000000000000000000e+00
4.211816489696502686e-01
4.385711848735809326e-01
4.386329650878906250e-01
4.387309551239013672e-01
4.387331604957580566e-01
4.384995400905609131e-01
4.386788010597229004e-01
4.386225044727325439e-01
4.386802315711975098e-01
4.385890960693359375e-01
4.386378824710845947e-01
4.385820925235748291e-01
4.385603070259094238e-01
4.392202794551849365e-01
4.387112557888031006e-01
0.000000000000000000e+00
4.178639054298400879e-01
4.386492669582366943e-01
4.385821819305419922e-01
4.388504326343536377e-01
4.385442137718200684e-01
4.386807680130004883e-01
4.386754035949707031e-01
4.385793209075927734e-01
4.386785626411437988e-01
4.385689496994018555e-01
4.385712146759033203e-01
4.387282431125640869e-01
4.386216402053833008e-01
4.386090338230133057e-01
4.387588202953338623e-01
4.386002719402313232e-01
4.386211633682250977e-01
4.385828971862792969e-01
4.388751685619354248e-01
4.386888444423675537e-01
4.386147856712341309e-01
4.388241767883300781e-01
4.387475252151489258e-01
4.386269450187683105e-01
4.387080669403076172e-01
4.385920166969299316e-01
4.385905563831329346e-01
4.385760128498077393e-01
4.386305212974548340e-01
4.386710822582244873e-01
4.335666298866271973e-01
4.387237429618835449e-01
4.386705458164215088e-01
4.386377036571502686e-01
4.386168420314788818e-01
4.387535452842712402e-01
4.389090538024902344e-01
4.388019442558288574e-01
4.385935664176940918e-01
4.385754466056823730e-01
4.466185569763183594e-01
4.385924637317657471e-01
4.385730028152465820e-01
4.386890530586242676e-01
4.388452470302581787e-01
4.385930895805358887e-01
4.388862550258636475e-01
4.388349056243896484e-01
4.386232793331146240e-01
4.387561380863189697e-01
4.390577971935272217e-01
4.388899207115173340e-01
4.389485120773315430e-01
4.385118186473846436e-01
4.388468265533447266e-01
4.386263489723205566e-01
4.385804235935211182e-01
4.385615289211273193e-01
4.385764598846435547e-01
4.386745989322662354e-01
4.387220442295074463e-01
4.389025866985321045e-01
4.389229118824005127e-01
4.389621317386627197e-01
4.387745261192321777e-01
4.390431940555572510e-01
4.387505948543548584e-01
4.388197362422943115e-01
4.387642741203308105e-01
4.441330134868621826e-01
4.387854933738708496e-01
4.387931525707244873e-01
4.387811720371246338e-01
4.388058483600616455e-01
4.388875067234039307e-01
4.388731122016906738e-01
4.387799799442291260e-01
4.387066960334777832e-01
4.386827647686004639e-01
4.386668205261230469e-01
4.386702775955200195e-01
4.389266669750213623e-01
4.385185241699218750e-01
4.386104345321655273e-01
4.385962486267089844e-01
4.385842978954315186e-01
4.386188387870788574e-01
4.385755062103271484e-01
4.385684728622436523e-01
4.385502040386199951e-01
4.385606646537780762e-01
4.248256683349609375e-01
4.385920166969299316e-01
4.435236752033233643e-01
4.482755362987518311e-01
4.386049807071685791e-01
4.386003017425537109e-01
4.386291205883026123e-01
4.385150969028472900e-01
4.385896623134613037e-01
4.385902583599090576e-01
4.385701119899749756e-01
4.386380910873413086e-01
4.387104213237762451e-01
4.385583996772766113e-01
4.386664032936096191e-01
4.313440322875976562e-01
4.386136531829833984e-01
4.385939836502075195e-01
4.680996835231781006e-01
4.385304450988769531e-01
4.386640787124633789e-01
4.385315775871276855e-01
4.386233687400817871e-01
4.386237561702728271e-01
4.385824799537658691e-01
4.386302232742309570e-01
4.385611116886138916e-01
4.386687278747558594e-01
4.388224482536315918e-01
4.386320412158966064e-01
4.386849999427795410e-01
4.385773241519927979e-01
4.386487007141113281e-01
4.386284649372100830e-01
4.385991096496582031e-01
4.386563599109649658e-01
4.386256933212280273e-01
4.386011958122253418e-01
4.679622650146484375e-01
4.386579394340515137e-01
4.385433793067932129e-01
4.386725127696990967e-01
4.386625885963439941e-01
4.386852383613586426e-01
4.385893940925598145e-01
4.386584162712097168e-01
4.388165175914764404e-01
4.387011229991912842e-01
4.388140738010406494e-01
4.385174214839935303e-01
4.385221004486083984e-01
4.386588037014007568e-01
4.387826621532440186e-01
4.386611580848693848e-01
4.386824965476989746e-01
4.385861158370971680e-01
4.387065470218658447e-01
4.386581480503082275e-01
4.385435581207275391e-01
4.386248588562011719e-01
4.385614693164825439e-01
4.385753870010375977e-01
4.385616481304168701e-01
4.386071562767028809e-01
4.385680556297302246e-01
4.385727047920227051e-01
4.385782480239868164e-01
4.386094510555267334e-01
4.387100040912628174e-01
4.385565817356109619e-01
4.296957254409790039e-01
4.447425901889801025e-01
4.385786354541778564e-01
4.386365115642547607e-01
4.385895133018493652e-01
4.385994374752044678e-01
4.386536777019500732e-01
4.385728240013122559e-01
4.386405646800994873e-01
4.385800361633300781e-01
4.386632442474365234e-01
4.385671019554138184e-01
4.386266767978668213e-01
4.386081993579864502e-01
4.385855495929718018e-01
4.386207759380340576e-01
4.386470317840576172e-01
4.386351704597473145e-01
4.386382699012756348e-01
4.386605024337768555e-01
4.454459547996520996e-01
4.388139545917510986e-01
4.385869801044464111e-01
4.390207231044769287e-01
4.390671849250793457e-01
4.385533630847930908e-01
4.387082755565643311e-01
4.385676383972167969e-01
4.386040568351745605e-01
4.385780990123748779e-01
4.385895431041717529e-01
4.385811984539031982e-01
4.385525584220886230e-01
4.385624527931213379e-01
4.385415613651275635e-01
4.385581016540527344e-01
4.386020898818969727e-01
4.386115074157714844e-01
4.385710060596466064e-01
4.385935068130493164e-01
4.387160539627075195e-01
4.385386109352111816e-01
4.386433362960815430e-01
4.386575818061828613e-01
4.388703703880310059e-01
4.386340677738189697e-01
4.386757910251617432e-01
4.385721683502197266e-01
4.388115406036376953e-01
4.385401904582977295e-01
4.385975897312164307e-01
4.386029839515686035e-01
4.387210905551910400e-01
4.388967156410217285e-01
4.388308823108673096e-01
4.385982751846313477e-01
4.386205375194549561e-01
4.385713934898376465e-01
4.386682212352752686e-01
4.385920763015747070e-01
4.386064112186431885e-01
4.386288225650787354e-01
4.386499524116516113e-01
4.385918676853179932e-01
4.386242330074310303e-01
4.386073052883148193e-01
4.385753870010375977e-01
4.385863244533538818e-01
4.388437867164611816e-01
4.386232197284698486e-01
4.386162161827087402e-01
4.385974109172821045e-01
4.385863542556762695e-01
4.386190176010131836e-01
4.386129677295684814e-01
4.386757910251617432e-01
4.386066198348999023e-01
4.386298060417175293e-01
4.386216700077056885e-01
4.386690557003021240e-01
4.386164546012878418e-01
4.386317133903503418e-01
4.386082291603088379e-01
4.386331140995025635e-01
4.385729134082794189e-01
4.385946691036224365e-01
4.385725855827331543e-01
4.386037290096282959e-01
4.413807392120361328e-01
4.386324286460876465e-01
4.386375844478607178e-01
4.387410879135131836e-01
4.388200938701629639e-01
4.386393725872039795e-01
4.385958909988403320e-01
4.389618039131164551e-01
4.386150836944580078e-01
0.000000000000000000e+00
4.042655825614929199e-01
4.387792944908142090e-01
4.386961162090301514e-01
4.385912716388702393e-01
4.386057555675506592e-01
4.385703802108764648e-01
4.385440349578857422e-01
4.385964274406433105e-01
4.387145340442657471e-01
4.385824799537658691e-01
4.386773705482482910e-01
4.386464655399322510e-01
4.385845661163330078e-01
4.385526478290557861e-01
0.000000000000000000e+00
4.385775029659271240e-01
4.386183917522430420e-01
4.387332499027252197e-01
4.386248588562011719e-01
4.386844933032989502e-01
4.386835694313049316e-01
4.385943412780761719e-01
4.386222362518310547e-01
4.386118650436401367e-01
4.385690987110137939e-01
4.385731220245361328e-01
4.385849833488464355e-01
4.386045336723327637e-01
4.378833472728729248e-01
4.518389701843261719e-01
4.396429359912872314e-01
4.385888874530792236e-01
4.385723471641540527e-01
4.386655688285827637e-01
4.386500120162963867e-01
4.386782646179199219e-01
4.385893642902374268e-01
4.385965764522552490e-01
4.387146234512329102e-01
4.385856389999389648e-01
4.506617784500122070e-01
0.000000000000000000e+00
4.386440217494964600e-01
4.297785162925720215e-01
4.386288523674011230e-01
4.537868797779083252e-01
4.407241940498352051e-01
4.553865194320678711e-01
4.385761320590972900e-01
4.386437535285949707e-01
4.385840296745300293e-01
4.385783970355987549e-01
4.280408322811126709e-01
4.386979639530181885e-01
4.387617409229278564e-01
4.390766322612762451e-01
4.388265311717987061e-01
4.390206933021545410e-01
4.388362467288970947e-01
4.386738836765289307e-01
4.390909373760223389e-01
4.387865066528320312e-01
4.386725723743438721e-01
4.386775791645050049e-01
4.385660290718078613e-01
4.387149214744567871e-01
4.385389387607574463e-01
4.386028647422790527e-01
4.385531246662139893e-01
4.389205873012542725e-01
4.385757446289062500e-01
4.386150240898132324e-01
4.385666549205780029e-01
4.385895133018493652e-01
4.386611580848693848e-01
4.386332631111145020e-01
4.385596513748168945e-01
4.377573430538177490e-01
4.385242164134979248e-01
4.386061429977416992e-01
4.385795593261718750e-01
4.386336505413055420e-01
4.385883808135986328e-01
4.386779963970184326e-01
4.385396540164947510e-01
4.386699199676513672e-01
4.387127757072448730e-01
4.385583400726318359e-01
4.386118054389953613e-01
4.386615753173828125e-01
4.388086199760437012e-01
4.390000104904174805e-01
4.386211335659027100e-01
4.386194646358489990e-01
4.386217594146728516e-01
4.386445283889770508e-01
4.386669099330902100e-01
4.386579990386962891e-01
4.386580586433410645e-01
4.386247992515563965e-01
4.386404156684875488e-01
4.386782050132751465e-01
4.387188851833343506e-01
4.386511147022247314e-01
4.386755526065826416e-01
4.386659860610961914e-01
4.386802315711975098e-01
4.386200904846191406e-01
4.386740922927856445e-01
4.386391341686248779e-01
4.386543333530426025e-01
4.386540353298187256e-01
4.386283159255981445e-01
4.386240541934967041e-01
4.386478364467620850e-01
4.386288523674011230e-01
4.386712014675140381e-01
4.388163387775421143e-01
4.386386871337890625e-01
4.386251270771026611e-01
4.386191070079803467e-01
4.386178255081176758e-01
4.386611580848693848e-01
4.386069178581237793e-01
4.386538863182067871e-01
4.386259317398071289e-01
4.387570321559906006e-01
4.386090636253356934e-01
4.386591017246246338e-01
4.386797845363616943e-01
4.386401176452636719e-01
4.386532902717590332e-01
4.388359487056732178e-01
4.386580586433410645e-01
4.386159479618072510e-01
4.386380314826965332e-01
4.386216402053833008e-01
4.386475086212158203e-01
4.386356770992279053e-01
4.386440217494964600e-01
4.386968016624450684e-01
4.386923909187316895e-01
4.386131167411804199e-01
4.386215507984161377e-01
4.387154281139373779e-01
4.386182725429534912e-01
4.386232793331146240e-01
4.386539459228515625e-01
4.387505054473876953e-01
4.385958611965179443e-01
4.387022852897644043e-01
4.399535357952117920e-01
4.386530518531799316e-01
4.386322200298309326e-01
4.387176036834716797e-01
4.388397336006164551e-01
4.385918676853179932e-01
4.386313557624816895e-01
4.386533200740814209e-01
4.386005997657775879e-01
4.386921226978302002e-01
4.386436045169830322e-01
4.386398792266845703e-01
4.386683702468872070e-01
4.386121034622192383e-01
4.386065602302551270e-01
4.386205673217773438e-01
4.386198818683624268e-01
4.386570453643798828e-01
4.386351108551025391e-01
4.385804533958435059e-01
4.388957917690277100e-01
4.384979009628295898e-01
4.494508802890777588e-01
4.385407865047454834e-01
4.386087357997894287e-01
4.385873675346374512e-01
4.444755017757415771e-01
4.387992620468139648e-01
4.386760294437408447e-01
4.385304749011993408e-01
4.386095106601715088e-01
4.386478364467620850e-01
4.386482238769531250e-01
4.385643899440765381e-01
4.390127360820770264e-01
4.387976825237274170e-01
4.387230277061462402e-01
4.290535748004913330e-01
4.387164115905761719e-01
4.386881589889526367e-01
4.388551414012908936e-01
4.385413527488708496e-01
4.386344254016876221e-01
4.386131465435028076e-01
4.385535418987274170e-01
4.385440945625305176e-01
4.386087954044342041e-01
4.385403692722320557e-01
4.386621117591857910e-01
4.385792016983032227e-01
4.385432600975036621e-01
4.385592043399810791e-01
0.000000000000000000e+00
4.386470317840576172e-01
4.386254847049713135e-01
4.384933710098266602e-01
4.385711252689361572e-01
4.385676085948944092e-01
4.386413097381591797e-01
4.385885596275329590e-01
4.386158883571624756e-01
4.385444819927215576e-01
4.389306306838989258e-01
4.386271238327026367e-01
4.385193586349487305e-01
4.389311373233795166e-01
4.386835694313049316e-01
4.389411211013793945e-01
4.386287629604339600e-01
4.385482370853424072e-01
4.386601746082305908e-01
4.386695027351379395e-01
4.386241137981414795e-01
4.386076927185058594e-01
4.385633170604705811e-01
4.386052787303924561e-01
4.387018978595733643e-01
4.386124014854431152e-01
4.386167526245117188e-01
4.386045634746551514e-01
4.386536478996276855e-01
4.385995268821716309e-01
4.386122822761535645e-01
4.386335313320159912e-01
0.000000000000000000e+00
4.386005997657775879e-01
4.387314319610595703e-01
4.386364221572875977e-01
4.289643764495849609e-01
4.386618137359619141e-01
4.385624229907989502e-01
4.386071264743804932e-01
4.386613368988037109e-01
