4.247643649578094482e-01
4.246664047241210938e-01
4.248438179492950439e-01
4.245500564575195312e-01
4.245232939720153809e-01
4.239280521869659424e-01
4.220009148120880127e-01
4.235568940639495850e-01
4.245777130126953125e-01
4.244408011436462402e-01
4.240076243877410889e-01
4.239639937877655029e-01
4.242131114006042480e-01
4.236076474189758301e-01
4.239347875118255615e-01
4.241789579391479492e-01
4.229469299316406250e-01
4.231411218643188477e-01
4.240700304508209229e-01
4.237213730812072754e-01
4.216679334640502930e-01
4.237089753150939941e-01
4.246045947074890137e-01
4.246118366718292236e-01
4.250335097312927246e-01
4.246480464935302734e-01
4.240017235279083252e-01
4.249092638492584229e-01
4.249866008758544922e-01
4.249038398265838623e-01
4.250477254390716553e-01
4.250265955924987793e-01
4.230775237083435059e-01
4.231214523315429688e-01
4.249132573604583740e-01
4.249755144119262695e-01
4.242196381092071533e-01
4.251658916473388672e-01
4.248495101928710938e-01
4.247719645500183105e-01
4.250185489654541016e-01
4.250785112380981445e-01
4.247562289237976074e-01
4.252100288867950439e-01
4.249873757362365723e-01
4.250370264053344727e-01
4.250296950340270996e-01
4.248884618282318115e-01
4.251736998558044434e-01
4.248491525650024414e-01
4.250007867813110352e-01
4.245674014091491699e-01
4.239377975463867188e-01
4.239044189453125000e-01
4.241157770156860352e-01
4.248888194561004639e-01
4.251800179481506348e-01
4.250983297824859619e-01
4.243217706680297852e-01
4.246359467506408691e-01
4.251417517662048340e-01
4.249575734138488770e-01
4.245932102203369141e-01
4.248928427696228027e-01
4.250774979591369629e-01
4.243310987949371338e-01
4.252220094203948975e-01
4.242236614227294922e-01
4.252554178237915039e-01
4.247197210788726807e-01
4.237869381904602051e-01
4.229812324047088623e-01
4.231350421905517578e-01
4.238593876361846924e-01
4.241673946380615234e-01
4.236984550952911377e-01
4.242582917213439941e-01
4.249563515186309814e-01
4.247950017452239990e-01
4.251531958580017090e-01
4.223176240921020508e-01
4.234011173248291016e-01
4.234279096126556396e-01
4.229122996330261230e-01
4.244871437549591064e-01
4.241649210453033447e-01
4.240953028202056885e-01
4.241816699504852295e-01
4.227010309696197510e-01
4.249276518821716309e-01
4.225046932697296143e-01
4.242262840270996094e-01
4.246160089969635010e-01
4.246026873588562012e-01
4.247870147228240967e-01
4.226239323616027832e-01
4.231261909008026123e-01
4.231273531913757324e-01
4.238501787185668945e-01
4.238805770874023438e-01
4.227832853794097900e-01
4.243046641349792480e-01
4.239849448204040527e-01
4.229353666305541992e-01
4.248773157596588135e-01
4.245636165142059326e-01
4.245520830154418945e-01
4.234045743942260742e-01
4.241818189620971680e-01
4.238590598106384277e-01
4.228925406932830811e-01
4.224095344543457031e-01
4.231370389461517334e-01
4.224923849105834961e-01
4.240388274192810059e-01
4.231373071670532227e-01
4.231671690940856934e-01
4.242107570171356201e-01
4.253322482109069824e-01
4.202429354190826416e-01
4.250397086143493652e-01
4.200474917888641357e-01
4.229955971240997314e-01
4.250463843345642090e-01
4.251133799552917480e-01
4.194201529026031494e-01
4.239912033081054688e-01
4.238492846488952637e-01
4.251094460487365723e-01
4.250352978706359863e-01
4.250329732894897461e-01
4.235681295394897461e-01
4.253557920455932617e-01
4.226296544075012207e-01
4.220302999019622803e-01
4.250017404556274414e-01
4.250456094741821289e-01
4.229610860347747803e-01
4.251073598861694336e-01
4.197360277175903320e-01
4.206399619579315186e-01
4.250331819057464600e-01
4.250648021697998047e-01
4.250092804431915283e-01
4.250449538230895996e-01
4.231829941272735596e-01
4.192970097064971924e-01
4.250591099262237549e-01
4.250757098197937012e-01
4.250536262989044189e-01
4.250515699386596680e-01
4.250480830669403076e-01
4.250457286834716797e-01
4.250484108924865723e-01
4.250452518463134766e-01
4.250712096691131592e-01
4.250406324863433838e-01
4.250414371490478516e-01
4.251099228858947754e-01
4.237875640392303467e-01
4.252246916294097900e-01
4.233009219169616699e-01
4.229429662227630615e-01
4.253404438495635986e-01
4.250401258468627930e-01
4.250860512256622314e-01
4.250951409339904785e-01
4.250239729881286621e-01
4.248669147491455078e-01
4.246681928634643555e-01
4.251278638839721680e-01
4.242231845855712891e-01
4.251470267772674561e-01
4.249639511108398438e-01
4.250464141368865967e-01
4.248285889625549316e-01
4.240204989910125732e-01
4.247363209724426270e-01
4.249020814895629883e-01
4.247731864452362061e-01
4.249241948127746582e-01
4.226349592208862305e-01
4.243443608283996582e-01
4.247628748416900635e-01
4.240355193614959717e-01
4.246119856834411621e-01
4.247629344463348389e-01
4.235800206661224365e-01
4.246540665626525879e-01
4.246329069137573242e-01
4.247661530971527100e-01
4.224143326282501221e-01
4.239325821399688721e-01
4.252169430255889893e-01
4.249584078788757324e-01
4.250429272651672363e-01
4.250292778015136719e-01
4.250307083129882812e-01
4.245322346687316895e-01
4.249931573867797852e-01
4.250179529190063477e-01
4.250302314758300781e-01
4.250278472900390625e-01
4.250261783599853516e-01
4.250311553478240967e-01
4.250299632549285889e-01
4.250296950340270996e-01
4.234520792961120605e-01
4.254666864871978760e-01
4.222043752670288086e-01
4.249808490276336670e-01
4.250279068946838379e-01
4.250366091728210449e-01
4.250291883945465088e-01
4.249406158924102783e-01
4.250578284263610840e-01
4.249470531940460205e-01
4.250523447990417480e-01
4.250228404998779297e-01
4.250315129756927490e-01
4.250337481498718262e-01
4.243921041488647461e-01
4.251439571380615234e-01
4.249670505523681641e-01
4.249839186668395996e-01
4.244708120822906494e-01
4.250346720218658447e-01
4.250353574752807617e-01
4.250633716583251953e-01
4.250210523605346680e-01
4.249534904956817627e-01
4.250557422637939453e-01
4.250334799289703369e-01
4.248179793357849121e-01
4.244506359100341797e-01
4.246752858161926270e-01
4.243243634700775146e-01
4.244008064270019531e-01
4.232230782508850098e-01
4.243240356445312500e-01
4.252322316169738770e-01
4.247388243675231934e-01
4.220121204853057861e-01
4.247204065322875977e-01
4.230585694313049316e-01
4.230163693428039551e-01
4.239158034324645996e-01
4.239642918109893799e-01
4.240078330039978027e-01
4.245891571044921875e-01
4.243766963481903076e-01
4.239550232887268066e-01
4.248296320438385010e-01
4.220440089702606201e-01
4.225550591945648193e-01
4.231348037719726562e-01
4.237381517887115479e-01
4.245841503143310547e-01
4.239444136619567871e-01
4.247033298015594482e-01
4.245484173297882080e-01
4.240041375160217285e-01
4.245547056198120117e-01
4.228921532630920410e-01
4.245312809944152832e-01
4.256748259067535400e-01
4.214507639408111572e-01
4.095172286033630371e-01
4.006273448467254639e-01
3.953337073326110840e-01
3.918710350990295410e-01
4.001466035842895508e-01
3.971693217754364014e-01
3.934231996536254883e-01
4.252461791038513184e-01
4.254019260406494141e-01
4.222756624221801758e-01
4.262464940547943115e-01
4.244488179683685303e-01
4.253235757350921631e-01
4.252290129661560059e-01
4.242523908615112305e-01
4.234867990016937256e-01
4.230496585369110107e-01
4.226851761341094971e-01
4.221140146255493164e-01
4.212563335895538330e-01
4.217266440391540527e-01
4.211148023605346680e-01
4.206890463829040527e-01
4.205385744571685791e-01
4.195909202098846436e-01
4.176819920539855957e-01
4.152075350284576416e-01
4.129958152770996094e-01
3.974443674087524414e-01
3.996219038963317871e-01
3.942555189132690430e-01
3.920692801475524902e-01
3.861764669418334961e-01
3.863379061222076416e-01
3.939477205276489258e-01
4.062298536300659180e-01
4.094513952732086182e-01
4.024969935417175293e-01
4.064040184020996094e-01
4.046344757080078125e-01
4.040971994400024414e-01
4.248685538768768311e-01
4.250859022140502930e-01
4.250254034996032715e-01
4.250507950782775879e-01
4.250296354293823242e-01
4.250415563583374023e-01
4.250251054763793945e-01
4.248695075511932373e-01
4.250764846801757812e-01
4.250214099884033203e-01
4.250341653823852539e-01
4.250331819057464600e-01
4.250331521034240723e-01
4.250354170799255371e-01
4.247873127460479736e-01
4.251017570495605469e-01
4.235286116600036621e-01
4.252171516418457031e-01
4.250370860099792480e-01
4.250962734222412109e-01
4.250947535037994385e-01
4.234828352928161621e-01
4.254335165023803711e-01
4.242388904094696045e-01
4.252854585647583008e-01
4.249393939971923828e-01
4.223967194557189941e-01
4.245661199092864990e-01
4.225777089595794678e-01
4.249904155731201172e-01
4.247308671474456787e-01
4.237847924232482910e-01
4.254158437252044678e-01
4.250247180461883545e-01
4.251245558261871338e-01
4.251154959201812744e-01
4.250907301902770996e-01
4.251211881637573242e-01
4.251266419887542725e-01
4.246465563774108887e-01
4.210233092308044434e-01
4.252427220344543457e-01
4.187075793743133545e-01
4.197990596294403076e-01
4.197036027908325195e-01
4.195616543292999268e-01
4.191223978996276855e-01
4.182848036289215088e-01
4.176936447620391846e-01
4.191724359989166260e-01
4.185729622840881348e-01
4.155645966529846191e-01
4.133178889751434326e-01
4.095800518989562988e-01
4.104411602020263672e-01
4.098550975322723389e-01
4.141235947608947754e-01
4.178728461265563965e-01
4.217399656772613525e-01
4.230723977088928223e-01
4.188372492790222168e-01
4.187544584274291992e-01
4.231128096580505371e-01
4.251246750354766846e-01
4.249283075332641602e-01
4.250518381595611572e-01
4.250880777835845947e-01
4.251550734043121338e-01
4.251450598239898682e-01
4.251224100589752197e-01
4.251312017440795898e-01
4.251129329204559326e-01
4.251342117786407471e-01
4.251230657100677490e-01
4.250797629356384277e-01
4.251103103160858154e-01
4.251329004764556885e-01
4.251466095447540283e-01
4.241311550140380859e-01
4.252828657627105713e-01
4.249592423439025879e-01
4.250502884387969971e-01
4.250287115573883057e-01
4.250347614288330078e-01
4.250302314758300781e-01
4.250299930572509766e-01
4.250297546386718750e-01
4.250471889972686768e-01
4.195503294467926025e-01
4.250442385673522949e-01
4.250414371490478516e-01
4.237027168273925781e-01
4.190624654293060303e-01
4.250440895557403564e-01
4.250277280807495117e-01
4.250473976135253906e-01
4.249333143234252930e-01
4.245712161064147949e-01
4.251699745655059814e-01
4.249984920024871826e-01
4.236033558845520020e-01
4.181563556194305420e-01
4.250190258026123047e-01
4.177173674106597900e-01
4.181118905544281006e-01
4.204530715942382812e-01
4.212002158164978027e-01
4.224604368209838867e-01
4.185890853404998779e-01
4.256438016891479492e-01
4.253770411014556885e-01
4.244148731231689453e-01
4.255566596984863281e-01
4.255189597606658936e-01
4.254620075225830078e-01
4.254255294799804688e-01
4.237894415855407715e-01
4.251500368118286133e-01
4.252757132053375244e-01
4.252502024173736572e-01
4.252206683158874512e-01
4.254094958305358887e-01
4.208302795886993408e-01
4.211455285549163818e-01
4.209148883819580078e-01
4.205015003681182861e-01
4.192495048046112061e-01
4.157012701034545898e-01
4.254900217056274414e-01
4.254091978073120117e-01
4.253919422626495361e-01
4.254331886768341064e-01
4.254387617111206055e-01
4.251130521297454834e-01
4.211769104003906250e-01
4.253278672695159912e-01
4.248670339584350586e-01
4.253104329109191895e-01
4.234094321727752686e-01
4.253818392753601074e-01
4.252814054489135742e-01
4.247066974639892578e-01
4.237880408763885498e-01
4.251352548599243164e-01
4.253553152084350586e-01
4.248421788215637207e-01
4.243755936622619629e-01
4.249039292335510254e-01
4.244959950447082520e-01
4.222147166728973389e-01
4.250693917274475098e-01
4.249771833419799805e-01
4.250323772430419922e-01
4.236463606357574463e-01
4.244520962238311768e-01
4.221312105655670166e-01
4.240726828575134277e-01
4.240969717502593994e-01
4.250193834304809570e-01
4.190783500671386719e-01
4.224763810634613037e-01
4.219436645507812500e-01
4.217815399169921875e-01
4.240831136703491211e-01
4.203373789787292480e-01
4.246507883071899414e-01
4.193781912326812744e-01
4.234802722930908203e-01
4.245860278606414795e-01
4.208378493785858154e-01
4.217132329940795898e-01
4.234541356563568115e-01
4.211204648017883301e-01
4.232336878776550293e-01
4.229038357734680176e-01
4.226703345775604248e-01
4.250662922859191895e-01
4.198096096515655518e-01
4.202254116535186768e-01
4.203344583511352539e-01
4.200870096683502197e-01
4.246858954429626465e-01
4.245038628578186035e-01
4.236395359039306641e-01
4.248982369899749756e-01
4.245874583721160889e-01
4.245793223381042480e-01
4.248338341712951660e-01
4.248329102993011475e-01
4.249773621559143066e-01
4.207625389099121094e-01
4.244040846824645996e-01
4.245482981204986572e-01
4.246888160705566406e-01
4.247572422027587891e-01
4.248793721199035645e-01
4.248517453670501709e-01
4.245125651359558105e-01
4.245879352092742920e-01
4.248947501182556152e-01
4.240371584892272949e-01
4.242031276226043701e-01
4.247349202632904053e-01
4.245347678661346436e-01
4.251669347286224365e-01
4.247751533985137939e-01
4.214597344398498535e-01
4.241112172603607178e-01
4.197649955749511719e-01
4.165555238723754883e-01
4.163536429405212402e-01
4.185358881950378418e-01
4.215378165245056152e-01
4.206226170063018799e-01
4.247595369815826416e-01
4.250718951225280762e-01
4.249583482742309570e-01
4.231861829757690430e-01
4.251204133033752441e-01
4.239937365055084229e-01
4.251673519611358643e-01
4.248764514923095703e-01
4.248833060264587402e-01
4.250727891921997070e-01
4.250226616859436035e-01
4.250333011150360107e-01
4.248743057250976562e-01
4.250248074531555176e-01
4.250327348709106445e-01
4.250332117080688477e-01
4.250330924987792969e-01
4.250297546386718750e-01
4.248232841491699219e-01
4.250889420509338379e-01
4.239851534366607666e-01
4.252035617828369141e-01
4.249292910099029541e-01
4.250619411468505859e-01
4.250296950340270996e-01
4.250343143939971924e-01
4.250366091728210449e-01
4.250100553035736084e-01
4.250205755233764648e-01
4.250415265560150146e-01
4.250398874282836914e-01
4.250425398349761963e-01
4.239179491996765137e-01
4.246235489845275879e-01
4.248336851596832275e-01
4.250874817371368408e-01
4.250220656394958496e-01
4.237709641456604004e-01
4.253814518451690674e-01
4.249353408813476562e-01
4.246580302715301514e-01
4.252735972404479980e-01
4.248339235782623291e-01
4.250301718711853027e-01
4.243388473987579346e-01
4.252184033393859863e-01
4.249810576438903809e-01
4.250434041023254395e-01
4.224855303764343262e-01
4.235615134239196777e-01
4.193374514579772949e-01
4.231727719306945801e-01
4.241479933261871338e-01
4.227075576782226562e-01
4.237132668495178223e-01
4.236718416213989258e-01
4.247510135173797607e-01
4.244326651096343994e-01
4.233685433864593506e-01
4.245989620685577393e-01
4.243819117546081543e-01
4.245699644088745117e-01
4.250507354736328125e-01
4.239844679832458496e-01
4.250449538230895996e-01
4.244769513607025146e-01
4.249657392501831055e-01
4.247529506683349609e-01
4.249152839183807373e-01
4.248754978179931641e-01
4.249068498611450195e-01
4.247738122940063477e-01
4.247651398181915283e-01
4.245288372039794922e-01
4.225967526435852051e-01
4.243032336235046387e-01
4.243377745151519775e-01
4.247527718544006348e-01
4.247553348541259766e-01
4.250078797340393066e-01
4.250376820564270020e-01
4.227026700973510742e-01
4.247635006904602051e-01
4.246153831481933594e-01
4.248022139072418213e-01
4.242905080318450928e-01
4.220277667045593262e-01
4.237101674079895020e-01
4.244064986705780029e-01
4.248496890068054199e-01
4.249758124351501465e-01
4.250155985355377197e-01
4.250259101390838623e-01
4.250288307666778564e-01
4.251345396041870117e-01
4.251071214675903320e-01
4.250134825706481934e-01
4.250269532203674316e-01
4.250304698944091797e-01
4.250335395336151123e-01
4.247492551803588867e-01
4.250563383102416992e-01
4.250211417675018311e-01
4.250281155109405518e-01
4.248964488506317139e-01
4.250205159187316895e-01
4.250234663486480713e-01
4.250296652317047119e-01
4.250278770923614502e-01
4.250334203243255615e-01
4.250268936157226562e-01
4.250317215919494629e-01
4.250317513942718506e-01
4.250310957431793213e-01
4.250277280807495117e-01
4.250339269638061523e-01
4.250261485576629639e-01
4.250339269638061523e-01
4.250321984291076660e-01
4.249323606491088867e-01
4.250620007514953613e-01
4.250264763832092285e-01
4.250405430793762207e-01
4.250301718711853027e-01
4.250375628471374512e-01
4.250369966030120850e-01
4.250373244285583496e-01
4.250310659408569336e-01
4.250401854515075684e-01
4.239940643310546875e-01
4.250054061412811279e-01
4.250231087207794189e-01
4.241671264171600342e-01
4.239722490310668945e-01
4.241510629653930664e-01
4.245047271251678467e-01
4.226250648498535156e-01
4.230070114135742188e-01
4.226529896259307861e-01
4.229381978511810303e-01
4.230539500713348389e-01
4.228848814964294434e-01
4.229466021060943604e-01
4.244024157524108887e-01
4.236706197261810303e-01
4.238129258155822754e-01
4.224513471126556396e-01
4.229146838188171387e-01
4.232896268367767334e-01
4.234619140625000000e-01
4.225183427333831787e-01
4.227669835090637207e-01
4.231542348861694336e-01
4.246161580085754395e-01
4.231110513210296631e-01
4.238693416118621826e-01
4.223623275756835938e-01
4.226281046867370605e-01
4.226889014244079590e-01
4.221190810203552246e-01
4.240732789039611816e-01
4.240871369838714600e-01
4.216679334640502930e-01
4.179532825946807861e-01
4.235948920249938965e-01
4.245831668376922607e-01
4.249290525913238525e-01
4.241500198841094971e-01
4.252943396568298340e-01
4.250259101390838623e-01
4.247769713401794434e-01
4.249732196331024170e-01
4.250943660736083984e-01
4.250350594520568848e-01
4.250602126121520996e-01
4.250546693801879883e-01
4.250694215297698975e-01
4.251007139682769775e-01
4.251098632812500000e-01
4.250373244285583496e-01
4.250265955924987793e-01
4.250336587429046631e-01
4.250259399414062500e-01
4.249477982521057129e-01
4.250203371047973633e-01
4.250333309173583984e-01
4.250308871269226074e-01
4.250391721725463867e-01
4.250316023826599121e-01
4.250364899635314941e-01
4.250335991382598877e-01
4.250387847423553467e-01
4.250408709049224854e-01
4.250393211841583252e-01
4.250355362892150879e-01
4.250361323356628418e-01
4.250390529632568359e-01
4.250444173812866211e-01
4.250337779521942139e-01
4.250494241714477539e-01
4.250435829162597656e-01
4.250312745571136475e-01
4.250441491603851318e-01
4.224775731563568115e-01
4.245331883430480957e-01
4.251655042171478271e-01
4.185349345207214355e-01
4.239232838153839111e-01
4.249354600906372070e-01
4.197563529014587402e-01
4.239182174205780029e-01
4.199796915054321289e-01
4.103825688362121582e-01
4.233003258705139160e-01
4.230287671089172363e-01
4.234436154365539551e-01
4.248724877834320068e-01
4.209889173507690430e-01
4.249153137207031250e-01
4.245731234550476074e-01
4.221964776515960693e-01
4.230725169181823730e-01
4.233439266681671143e-01
4.245634675025939941e-01
4.235807657241821289e-01
4.223718941211700439e-01
4.223977625370025635e-01
4.234960675239562988e-01
4.235908091068267822e-01
4.238741099834442139e-01
4.240046739578247070e-01
4.244305491447448730e-01
4.250590801239013672e-01
4.251266419887542725e-01
4.250608682632446289e-01
4.250749349594116211e-01
4.250708520412445068e-01
4.249272048473358154e-01
4.245525002479553223e-01
4.245858192443847656e-01
4.240472316741943359e-01
4.246284067630767822e-01
4.239946603775024414e-01
4.252330660820007324e-01
4.239358305931091309e-01
4.253277182579040527e-01
4.248000383377075195e-01
4.251197874546051025e-01
4.244094192981719971e-01
4.251101911067962646e-01
4.250639677047729492e-01
4.232037067413330078e-01
4.243623018264770508e-01
4.251616597175598145e-01
4.252346754074096680e-01
4.251591563224792480e-01
4.249183833599090576e-01
4.239017367362976074e-01
4.247919321060180664e-01
4.248816370964050293e-01
4.245487749576568604e-01
4.248398542404174805e-01
4.249388873577117920e-01
4.219167530536651611e-01
4.251537322998046875e-01
4.245979785919189453e-01
4.250434339046478271e-01
4.248520135879516602e-01
4.246132671833038330e-01
4.239049553871154785e-01
4.232255518436431885e-01
4.234762191772460938e-01
4.228571057319641113e-01
4.254428148269653320e-01
4.246235787868499756e-01
4.241715669631958008e-01
4.240115582942962646e-01
4.252081215381622314e-01
4.240577816963195801e-01
4.241494834423065186e-01
4.242632389068603516e-01
4.219472408294677734e-01
4.246810376644134521e-01
4.248790144920349121e-01
4.250340759754180908e-01
4.249638319015502930e-01
4.250472784042358398e-01
4.247145056724548340e-01
4.242544770240783691e-01
4.250042736530303955e-01
4.237789511680603027e-01
4.249912202358245850e-01
4.250481128692626953e-01
4.250238835811614990e-01
4.250340759754180908e-01
4.250305294990539551e-01
4.250310659408569336e-01
4.250341057777404785e-01
4.250256121158599854e-01
4.250317215919494629e-01
4.250210523605346680e-01
4.250385761260986328e-01
4.250256419181823730e-01
4.250353276729583740e-01
4.249681830406188965e-01
4.250422418117523193e-01
4.233285784721374512e-01
4.252929985523223877e-01
4.241881966590881348e-01
4.232119917869567871e-01
4.243881106376647949e-01
4.237939715385437012e-01
4.244795739650726318e-01
4.238238930702209473e-01
4.231787323951721191e-01
4.240565598011016846e-01
4.239443838596343994e-01
4.238667488098144531e-01
4.226852953433990479e-01
4.231001138687133789e-01
4.230532646179199219e-01
4.230189621448516846e-01
4.230374097824096680e-01
4.230110347270965576e-01
4.239949882030487061e-01
4.238070845603942871e-01
4.231966733932495117e-01
4.240259528160095215e-01
4.245058894157409668e-01
4.239655435085296631e-01
4.244328439235687256e-01
4.226300120353698730e-01
4.231629073619842529e-01
4.230548441410064697e-01
4.240711629390716553e-01
4.233137667179107666e-01
4.229295253753662109e-01
4.240080416202545166e-01
4.226834177970886230e-01
4.237284362316131592e-01
4.240265190601348877e-01
4.236378669738769531e-01
4.243191182613372803e-01
4.245869219303131104e-01
4.247385263442993164e-01
4.242250919342041016e-01
4.243821501731872559e-01
4.239537119865417480e-01
4.234657287597656250e-01
4.239309430122375488e-01
4.245618283748626709e-01
4.227600991725921631e-01
4.134739339351654053e-01
4.229840338230133057e-01
4.241507947444915771e-01
4.231978058815002441e-01
4.246846735477447510e-01
4.195412695407867432e-01
4.208790063858032227e-01
4.223864972591400146e-01
4.222072958946228027e-01
4.223982989788055420e-01
4.221231639385223389e-01
4.219368100166320801e-01
4.224554002285003662e-01
4.225506484508514404e-01
4.224319458007812500e-01
4.223495125770568848e-01
4.221638441085815430e-01
4.223414063453674316e-01
4.230942130088806152e-01
4.234974384307861328e-01
4.227141439914703369e-01
4.225461781024932861e-01
4.230484962463378906e-01
4.243232011795043945e-01
4.248027503490447998e-01
4.247579574584960938e-01
4.241713285446166992e-01
4.255135655403137207e-01
4.252931177616119385e-01
4.250158369541168213e-01
4.204951524734497070e-01
4.217566251754760742e-01
4.192477464675903320e-01
4.219771027565002441e-01
4.224517345428466797e-01
4.233964681625366211e-01
4.220375418663024902e-01
4.215880632400512695e-01
4.182266891002655029e-01
4.211746752262115479e-01
4.240099787712097168e-01
4.236147105693817139e-01
4.216679334640502930e-01
4.234906733036041260e-01
4.240650832653045654e-01
4.189106225967407227e-01
4.242269098758697510e-01
4.235334992408752441e-01
4.241633415222167969e-01
4.236271679401397705e-01
4.235530793666839600e-01
4.225969314575195312e-01
4.227722883224487305e-01
4.228287339210510254e-01
4.228700995445251465e-01
4.232417941093444824e-01
4.242921471595764160e-01
4.226872920989990234e-01
4.239364266395568848e-01
4.232604503631591797e-01
4.226879775524139404e-01
4.230449199676513672e-01
4.234365522861480713e-01
4.228887557983398438e-01
4.230304956436157227e-01
4.230164885520935059e-01
4.238138198852539062e-01
4.233994185924530029e-01
4.235889613628387451e-01
4.228297472000122070e-01
4.230721592903137207e-01
4.229952096939086914e-01
4.233274459838867188e-01
4.228889942169189453e-01
4.226842224597930908e-01
4.223923087120056152e-01
4.227852523326873779e-01
4.229184091091156006e-01
4.231414198875427246e-01
4.225809276103973389e-01
4.231967329978942871e-01
4.241923689842224121e-01
4.237277507781982422e-01
4.239807426929473877e-01
4.244907200336456299e-01
4.230853319168090820e-01
4.245037734508514404e-01
4.250052273273468018e-01
4.246815145015716553e-01
4.251265525817871094e-01
4.250025451183319092e-01
4.250400364398956299e-01
4.229931831359863281e-01
4.240187406539916992e-01
4.247490763664245605e-01
4.250904619693756104e-01
4.240128397941589355e-01
4.245575368404388428e-01
4.248653948307037354e-01
4.244424104690551758e-01
4.251362383365631104e-01
4.248849749565124512e-01
4.250207543373107910e-01
4.243454039096832275e-01
4.246024191379547119e-01
4.247000813484191895e-01
4.251092672348022461e-01
4.240924417972564697e-01
4.250690639019012451e-01
4.249571859836578369e-01
4.245782494544982910e-01
4.244661331176757812e-01
4.247898161411285400e-01
4.250885844230651855e-01
4.224483370780944824e-01
4.251368641853332520e-01
4.249994158744812012e-01
4.250408411026000977e-01
4.249305129051208496e-01
4.241099357604980469e-01
4.216679334640502930e-01
4.238725304603576660e-01
4.243083596229553223e-01
4.240454435348510742e-01
4.242720007896423340e-01
4.242469668388366699e-01
4.246745109558105469e-01
4.245648384094238281e-01
4.239146411418914795e-01
4.247594475746154785e-01
4.245989024639129639e-01
4.225865304470062256e-01
4.231251478195190430e-01
4.236692488193511963e-01
4.243322610855102539e-01
4.225195348262786865e-01
4.217416346073150635e-01
4.234348833560943604e-01
4.246384203433990479e-01
4.242029488086700439e-01
4.228743910789489746e-01
4.252843856811523438e-01
4.237200915813446045e-01
4.257362484931945801e-01
4.254326522350311279e-01
4.248921871185302734e-01
4.248331189155578613e-01
4.242037236690521240e-01
4.250890314579010010e-01
4.255523681640625000e-01
4.254255890846252441e-01
4.255105853080749512e-01
4.254361987113952637e-01
4.253981709480285645e-01
4.231992363929748535e-01
4.230420589447021484e-01
4.228481054306030273e-01
4.259997308254241943e-01
4.217484295368194580e-01
4.224396347999572754e-01
4.240146279335021973e-01
4.221265316009521484e-01
4.243063926696777344e-01
4.230915904045104980e-01
4.233078360557556152e-01
4.228204786777496338e-01
4.245765209197998047e-01
4.242388010025024414e-01
4.216679334640502930e-01
4.224702715873718262e-01
4.224547743797302246e-01
4.225715994834899902e-01
4.228234589099884033e-01
4.228309392929077148e-01
4.223335087299346924e-01
4.225432872772216797e-01
4.222858548164367676e-01
4.226539731025695801e-01
4.220190644264221191e-01
4.228972494602203369e-01
4.236608743667602539e-01
4.232826232910156250e-01
4.231708645820617676e-01
4.223710298538208008e-01
4.231995642185211182e-01
4.237682223320007324e-01
4.217730760574340820e-01
4.218540489673614502e-01
4.225372374057769775e-01
4.229580461978912354e-01
4.242213964462280273e-01
4.244402647018432617e-01
4.246360957622528076e-01
4.247213602066040039e-01
4.244653880596160889e-01
4.247085452079772949e-01
4.249952137470245361e-01
4.250289201736450195e-01
4.250168204307556152e-01
4.250594973564147949e-01
4.250259995460510254e-01
4.250307679176330566e-01
4.250273108482360840e-01
4.250302314758300781e-01
4.224216938018798828e-01
4.243354201316833496e-01
4.245984852313995361e-01
4.249641299247741699e-01
4.250500500202178955e-01
4.250232577323913574e-01
4.247809052467346191e-01
4.251069426536560059e-01
4.248778820037841797e-01
4.251258671283721924e-01
4.245797991752624512e-01
4.251593947410583496e-01
4.244107007980346680e-01
4.251984357833862305e-01
4.248214960098266602e-01
4.250915646553039551e-01
4.250372648239135742e-01
4.246441721916198730e-01
4.242508113384246826e-01
4.239520728588104248e-01
4.248890280723571777e-01
4.245952665805816650e-01
4.245909452438354492e-01
4.243171513080596924e-01
4.252339899539947510e-01
4.249692559242248535e-01
4.250527024269104004e-01
4.243797659873962402e-01
4.242054224014282227e-01
4.248235523700714111e-01
4.239219129085540771e-01
4.247701466083526611e-01
4.244991838932037354e-01
4.248840808868408203e-01
4.248592853546142578e-01
4.250773787498474121e-01
4.247169494628906250e-01
4.251227974891662598e-01
4.248442649841308594e-01
4.243455529212951660e-01
4.246894717216491699e-01
4.251269698143005371e-01
4.235095977783203125e-01
4.228711724281311035e-01
4.235220551490783691e-01
4.230309128761291504e-01
4.247439205646514893e-01
4.245437383651733398e-01
4.240299463272094727e-01
4.247047603130340576e-01
4.248409867286682129e-01
4.250190854072570801e-01
4.246055483818054199e-01
4.244537353515625000e-01
4.250735342502593994e-01
4.241206645965576172e-01
4.242591559886932373e-01
4.249619543552398682e-01
4.249122142791748047e-01
4.249310195446014404e-01
4.245926737785339355e-01
4.250647425651550293e-01
4.229049682617187500e-01
4.231418073177337646e-01
4.229147434234619141e-01
4.227044582366943359e-01
4.236157834529876709e-01
4.239234328269958496e-01
4.231801629066467285e-01
4.228204488754272461e-01
4.238341152667999268e-01
4.239803552627563477e-01
4.224036335945129395e-01
4.246854186058044434e-01
4.221182763576507568e-01
4.252738356590270996e-01
4.242925643920898438e-01
4.240385591983795166e-01
4.252631962299346924e-01
4.249534308910369873e-01
4.250119030475616455e-01
4.247776865959167480e-01
4.250116944313049316e-01
4.249938726425170898e-01
4.249763786792755127e-01
4.249846339225769043e-01
4.240373075008392334e-01
4.244063794612884521e-01
4.244804680347442627e-01
4.242703318595886230e-01
4.252006411552429199e-01
4.241716563701629639e-01
4.252851605415344238e-01
4.248162209987640381e-01
4.241637885570526123e-01
4.246617257595062256e-01
4.250435829162597656e-01
4.249811768531799316e-01
4.230519831180572510e-01
4.229775965213775635e-01
4.246864616870880127e-01
4.239120483398437500e-01
4.233307242393493652e-01
4.229307472705841064e-01
4.231854081153869629e-01
4.228578209877014160e-01
4.230690598487854004e-01
4.230328500270843506e-01
4.230041205883026123e-01
4.228766560554504395e-01
4.230597913265228271e-01
4.231940805912017822e-01
4.241253733634948730e-01
4.242675006389617920e-01
4.239057004451751709e-01
4.244049787521362305e-01
4.236891865730285645e-01
4.237122237682342529e-01
4.247928857803344727e-01
4.235472679138183594e-01
4.240342974662780762e-01
4.248721599578857422e-01
4.249526262283325195e-01
4.247673749923706055e-01
4.236103594303131104e-01
4.228102862834930420e-01
4.240592122077941895e-01
4.243518412113189697e-01
4.241974353790283203e-01
4.244742393493652344e-01
4.249523580074310303e-01
4.249483048915863037e-01
4.239383637905120850e-01
4.252102375030517578e-01
4.245158135890960693e-01
4.248895943164825439e-01
4.249682128429412842e-01
4.249721169471740723e-01
4.224729239940643311e-01
4.242218732833862305e-01
4.225328564643859863e-01
4.236120283603668213e-01
4.239771962165832520e-01
4.225473403930664062e-01
4.239842891693115234e-01
4.236395657062530518e-01
4.235012531280517578e-01
4.240399003028869629e-01
4.239214956760406494e-01
4.233353137969970703e-01
4.241960346698760986e-01
4.239698946475982666e-01
4.244484007358551025e-01
4.243919849395751953e-01
4.250317215919494629e-01
4.199551641941070557e-01
4.246473312377929688e-01
4.247984886169433594e-01
4.247395396232604980e-01
4.244489669799804688e-01
4.245938658714294434e-01
4.247288703918457031e-01
4.246415793895721436e-01
4.249025583267211914e-01
4.250563383102416992e-01
4.250227808952331543e-01
4.247574210166931152e-01
4.247450530529022217e-01
4.238593280315399170e-01
4.239915013313293457e-01
4.246865510940551758e-01
4.245113134384155273e-01
4.248956441879272461e-01
4.230945408344268799e-01
4.251036047935485840e-01
4.250039160251617432e-01
4.224817156791687012e-01
4.247477948665618896e-01
4.250177145004272461e-01
4.248846173286437988e-01
4.250513911247253418e-01
4.250144958496093750e-01
4.245120286941528320e-01
4.243705570697784424e-01
4.252131879329681396e-01
4.248892962932586670e-01
4.247466921806335449e-01
4.249393641948699951e-01
4.243235588073730469e-01
4.252163171768188477e-01
4.249833822250366211e-01
4.250440895557403564e-01
4.250249266624450684e-01
4.250341653823852539e-01
4.250253438949584961e-01
4.250314235687255859e-01
4.250339865684509277e-01
4.236349165439605713e-01
4.249958395957946777e-01
4.240243434906005859e-01
4.236046969890594482e-01
4.242165386676788330e-01
4.247981905937194824e-01
4.237630963325500488e-01
4.251732230186462402e-01
4.223888516426086426e-01
4.231943190097808838e-01
4.229738116264343262e-01
4.236658811569213867e-01
4.237927496433258057e-01
4.243604838848114014e-01
4.237847924232482910e-01
4.245115816593170166e-01
4.235917031764984131e-01
4.237828850746154785e-01
4.242011308670043945e-01
4.243162274360656738e-01
4.249141216278076172e-01
4.250645935535430908e-01
4.247902929782867432e-01
4.250131547451019287e-01
4.245373904705047607e-01
4.226048290729522705e-01
4.240362644195556641e-01
4.244804382324218750e-01
4.249970316886901855e-01
4.221817255020141602e-01
4.234439134597778320e-01
4.241650700569152832e-01
4.244449436664581299e-01
4.251858592033386230e-01
4.246987104415893555e-01
4.238761663436889648e-01
4.250122606754302979e-01
4.249176383018493652e-01
4.250536262989044189e-01
4.249376058578491211e-01
4.232650101184844971e-01
4.244740903377532959e-01
4.249151647090911865e-01
4.242975413799285889e-01
4.240735769271850586e-01
4.249737858772277832e-01
4.245978891849517822e-01
4.246827960014343262e-01
4.250204563140869141e-01
4.246428310871124268e-01
4.251345098018646240e-01
4.247598946094512939e-01
4.248792231082916260e-01
4.246781170368194580e-01
4.250244796276092529e-01
4.247016608715057373e-01
4.251144230365753174e-01
4.249945878982543945e-01
4.250401854515075684e-01
4.250209033489227295e-01
4.249555766582489014e-01
4.248438179492950439e-01
4.243702888488769531e-01
4.242083430290222168e-01
4.244367480278015137e-01
4.234124422073364258e-01
4.247945845127105713e-01
4.249354004859924316e-01
4.249114990234375000e-01
4.247672259807586670e-01
4.241525530815124512e-01
4.234493672847747803e-01
4.245443344116210938e-01
4.246372580528259277e-01
4.250944554805755615e-01
4.245433211326599121e-01
4.216679334640502930e-01
4.231822490692138672e-01
4.232803583145141602e-01
4.216679334640502930e-01
4.223962426185607910e-01
4.217669069766998291e-01
4.205066263675689697e-01
4.221675992012023926e-01
4.200603067874908447e-01
4.203893244266510010e-01
4.206624329090118408e-01
4.212949872016906738e-01
4.216970205307006836e-01
4.224817752838134766e-01
4.250824749469757080e-01
4.237506985664367676e-01
4.242752790451049805e-01
4.249243736267089844e-01
4.250403046607971191e-01
4.250298440456390381e-01
4.250365495681762695e-01
4.236954450607299805e-01
4.250653684139251709e-01
4.250548183917999268e-01
4.250822365283966064e-01
4.250857830047607422e-01
4.250704646110534668e-01
4.250719547271728516e-01
4.250457286834716797e-01
4.250742197036743164e-01
4.250909686088562012e-01
4.250668883323669434e-01
4.250318408012390137e-01
4.250082969665527344e-01
4.250566363334655762e-01
4.249540567398071289e-01
4.250712394714355469e-01
4.250298440456390381e-01
4.249570965766906738e-01
4.250695109367370605e-01
4.250386357307434082e-01
4.250445067882537842e-01
4.250414669513702393e-01
4.250434935092926025e-01
4.250479936599731445e-01
4.250423908233642578e-01
4.250461757183074951e-01
4.250506460666656494e-01
4.250448644161224365e-01
4.250442981719970703e-01
4.250337183475494385e-01
4.250245988368988037e-01
4.250190556049346924e-01
4.247197508811950684e-01
4.251106679439544678e-01
4.250060319900512695e-01
4.250198900699615479e-01
4.250271320343017578e-01
4.250274300575256348e-01
4.250245690345764160e-01
4.250327646732330322e-01
4.250312149524688721e-01
4.250064492225646973e-01
4.243547618389129639e-01
4.248559772968292236e-01
4.248685538768768311e-01
4.243911504745483398e-01
4.251192808151245117e-01
4.249234795570373535e-01
4.243614673614501953e-01
4.237590432167053223e-01
4.249723851680755615e-01
4.246176779270172119e-01
4.246038794517517090e-01
4.240058958530426025e-01
4.250169694423675537e-01
4.249458312988281250e-01
4.244320690631866455e-01
4.226118028163909912e-01
4.237736463546752930e-01
4.236783385276794434e-01
4.246151447296142578e-01
4.223504066467285156e-01
4.236637651920318604e-01
4.218102395534515381e-01
4.216679334640502930e-01
4.224109351634979248e-01
4.226943254470825195e-01
4.229302406311035156e-01
4.242370426654815674e-01
4.249048531055450439e-01
4.245244860649108887e-01
4.246969819068908691e-01
4.244605898857116699e-01
4.240853786468505859e-01
4.220651388168334961e-01
4.231130182743072510e-01
4.232692420482635498e-01
4.248165488243103027e-01
4.228700101375579834e-01
4.247547686100006104e-01
4.248059391975402832e-01
4.249506294727325439e-01
4.249352812767028809e-01
4.249098896980285645e-01
4.248517155647277832e-01
4.248691797256469727e-01
4.234001636505126953e-01
4.150701165199279785e-01
4.231408238410949707e-01
4.234295487403869629e-01
4.227682352066040039e-01
4.231038689613342285e-01
4.236586689949035645e-01
4.229643046855926514e-01
4.236427247524261475e-01
4.246853590011596680e-01
4.247037768363952637e-01
4.248272478580474854e-01
4.248509109020233154e-01
4.245626628398895264e-01
4.242901206016540527e-01
4.242041707038879395e-01
4.238204061985015869e-01
4.245494902133941650e-01
4.243509769439697266e-01
4.240127205848693848e-01
4.249623417854309082e-01
4.248195290565490723e-01
4.242611527442932129e-01
4.248752892017364502e-01
4.248019456863403320e-01
4.247049391269683838e-01
4.248244166374206543e-01
4.250082671642303467e-01
4.250019192695617676e-01
4.250308871269226074e-01
4.245507121086120605e-01
4.250819683074951172e-01
4.250127375125885010e-01
4.242624044418334961e-01
4.250068664550781250e-01
4.249036312103271484e-01
4.249852895736694336e-01
4.247246384620666504e-01
4.249700903892517090e-01
4.250029921531677246e-01
4.247623980045318604e-01
4.249332547187805176e-01
4.249886870384216309e-01
4.250258207321166992e-01
4.250375628471374512e-01
4.250279068946838379e-01
4.250363707542419434e-01
4.250258207321166992e-01
4.250289797782897949e-01
4.250337481498718262e-01
4.249131679534912109e-01
4.250712692737579346e-01
4.250436723232269287e-01
4.250240325927734375e-01
4.250341057777404785e-01
4.250320196151733398e-01
4.242652356624603271e-01
4.252427816390991211e-01
4.249698519706726074e-01
4.250478744506835938e-01
4.251117706298828125e-01
4.247903227806091309e-01
4.250406324863433838e-01
4.250363409519195557e-01
4.250421524047851562e-01
4.251302182674407959e-01
4.251098036766052246e-01
4.251205027103424072e-01
4.251316487789154053e-01
4.251155555248260498e-01
4.251208305358886719e-01
4.249933063983917236e-01
4.250696003437042236e-01
4.244555234909057617e-01
4.239642620086669922e-01
4.251943826675415039e-01
4.249876439571380615e-01
4.250441491603851318e-01
4.237519800662994385e-01
4.251010715961456299e-01
4.224489629268646240e-01
4.243089556694030762e-01
4.248078167438507080e-01
4.245431125164031982e-01
4.251677393913269043e-01
4.246384501457214355e-01
4.248867630958557129e-01
4.250610768795013428e-01
4.224717020988464355e-01
4.243947565555572510e-01
4.218435287475585938e-01
4.233625531196594238e-01
4.234118461608886719e-01
4.231562316417694092e-01
4.235762059688568115e-01
4.220549166202545166e-01
4.227754771709442139e-01
4.232186079025268555e-01
4.235270023345947266e-01
4.243137240409851074e-01
4.241261780261993408e-01
4.242454767227172852e-01
4.241794645786285400e-01
4.234298765659332275e-01
4.227384924888610840e-01
4.248093962669372559e-01
4.246561527252197266e-01
4.251201450824737549e-01
4.249518811702728271e-01
4.250317215919494629e-01
4.249544143676757812e-01
4.250303506851196289e-01
4.249971508979797363e-01
4.250241518020629883e-01
4.241469502449035645e-01
4.251985549926757812e-01
4.224765896797180176e-01
4.252978265285491943e-01
4.231818318367004395e-01
4.251510500907897949e-01
4.246932566165924072e-01
4.249635040760040283e-01
4.250487387180328369e-01
4.250254631042480469e-01
4.250273108482360840e-01
4.250296950340270996e-01
4.250296354293823242e-01
4.241327643394470215e-01
4.246897399425506592e-01
4.222527146339416504e-01
4.225904643535614014e-01
4.234602451324462891e-01
4.239357709884643555e-01
4.235220849514007568e-01
4.228542447090148926e-01
4.230448603630065918e-01
4.244999587535858154e-01
4.248964488506317139e-01
4.222877025604248047e-01
4.230466485023498535e-01
4.229993224143981934e-01
4.229934215545654297e-01
4.230221807956695557e-01
4.241995215415954590e-01
4.223564565181732178e-01
4.232384562492370605e-01
4.240419268608093262e-01
4.227466583251953125e-01
4.230819344520568848e-01
4.233321249485015869e-01
4.229167699813842773e-01
4.230585694313049316e-01
4.225595891475677490e-01
4.230361580848693848e-01
4.227666258811950684e-01
4.229943156242370605e-01
4.231342971324920654e-01
4.220718741416931152e-01
4.229891300201416016e-01
4.223922789096832275e-01
4.226928651332855225e-01
4.230481684207916260e-01
4.209704995155334473e-01
4.228986501693725586e-01
4.228808879852294922e-01
4.237281382083892822e-01
4.236868321895599365e-01
4.242973029613494873e-01
4.226764440536499023e-01
4.234958291053771973e-01
4.236547946929931641e-01
4.252329468727111816e-01
4.249292016029357910e-01
4.246762692928314209e-01
4.238845705986022949e-01
4.243228435516357422e-01
4.247456192970275879e-01
4.235520064830780029e-01
4.241496324539184570e-01
4.238543212413787842e-01
4.237327575683593750e-01
4.238830804824829102e-01
4.246487021446228027e-01
4.244331717491149902e-01
4.250845909118652344e-01
4.236224591732025146e-01
4.246571063995361328e-01
4.246048331260681152e-01
4.250497519969940186e-01
4.246702492237091064e-01
4.247601926326751709e-01
4.249290525913238525e-01
4.249061346054077148e-01
4.249105751514434814e-01
4.246648550033569336e-01
4.242497384548187256e-01
4.250331223011016846e-01
4.246781468391418457e-01
4.244358539581298828e-01
4.241968989372253418e-01
4.233544766902923584e-01
4.240753650665283203e-01
4.239380657672882080e-01
4.233927130699157715e-01
4.238926768302917480e-01
4.243107736110687256e-01
4.245363175868988037e-01
4.239244461059570312e-01
4.228022396564483643e-01
4.231002628803253174e-01
4.229717850685119629e-01
4.230144321918487549e-01
4.228018522262573242e-01
4.224801063537597656e-01
4.238694906234741211e-01
4.234704077243804932e-01
4.225654006004333496e-01
4.231010079383850098e-01
4.240035712718963623e-01
4.237577617168426514e-01
4.238613843917846680e-01
4.238008856773376465e-01
4.223947227001190186e-01
4.243538677692413330e-01
4.244185388088226318e-01
4.243220984935760498e-01
4.226525127887725830e-01
4.231059551239013672e-01
4.229962825775146484e-01
4.225118160247802734e-01
4.225368499755859375e-01
4.230899214744567871e-01
4.242705106735229492e-01
4.243754446506500244e-01
4.245620369911193848e-01
4.244391024112701416e-01
4.245081245899200439e-01
4.226741492748260498e-01
4.248417913913726807e-01
4.247116446495056152e-01
4.236490130424499512e-01
4.242159724235534668e-01
4.248575568199157715e-01
4.245418310165405273e-01
4.242224395275115967e-01
4.242545366287231445e-01
4.244125485420227051e-01
4.233619570732116699e-01
4.245297908782958984e-01
4.247958362102508545e-01
4.248111248016357422e-01
4.239775538444519043e-01
4.247395992279052734e-01
4.234961271286010742e-01
4.224099218845367432e-01
4.241653680801391602e-01
4.247097969055175781e-01
4.207646846771240234e-01
4.245230257511138916e-01
4.197641015052795410e-01
4.234049022197723389e-01
4.226927161216735840e-01
4.229116737842559814e-01
4.232062101364135742e-01
4.231823682785034180e-01
4.231013953685760498e-01
4.238848090171813965e-01
4.246097505092620850e-01
4.244406223297119141e-01
4.241662323474884033e-01
4.241972565650939941e-01
4.243832528591156006e-01
4.250191748142242432e-01
4.250018000602722168e-01
4.249621033668518066e-01
4.250799417495727539e-01
4.250562787055969238e-01
4.250881075859069824e-01
4.250711202621459961e-01
4.250225424766540527e-01
4.250341057777404785e-01
4.250275492668151855e-01
4.250080287456512451e-01
4.249525368213653564e-01
4.250351190567016602e-01
4.238878488540649414e-01
4.252313971519470215e-01
4.229700267314910889e-01
4.226213395595550537e-01
4.239718317985534668e-01
4.251779317855834961e-01
4.247353076934814453e-01
4.248088002204895020e-01
4.249634742736816406e-01
4.250659346580505371e-01
4.250216186046600342e-01
4.250265061855316162e-01
4.250707626342773438e-01
4.251036643981933594e-01
4.251170158386230469e-01
4.249261617660522461e-01
4.251152873039245605e-01
4.250560998916625977e-01
4.250687956809997559e-01
4.250248670578002930e-01
4.243159890174865723e-01
4.245089888572692871e-01
4.251192212104797363e-01
4.223020374774932861e-01
4.248639345169067383e-01
4.250995814800262451e-01
4.250699579715728760e-01
4.250865280628204346e-01
4.249722361564636230e-01
4.250503778457641602e-01
4.250411391258239746e-01
4.250268936157226562e-01
4.250344038009643555e-01
4.250333905220031738e-01
4.250322580337524414e-01
4.250346422195434570e-01
4.250164628028869629e-01
4.250345826148986816e-01
4.249092936515808105e-01
4.250633716583251953e-01
4.250226020812988281e-01
4.233393669128417969e-01
4.228442311286926270e-01
4.231160283088684082e-01
4.229966998100280762e-01
4.227190315723419189e-01
4.230794310569763184e-01
4.241259694099426270e-01
4.241344332695007324e-01
4.222826957702636719e-01
4.228493571281433105e-01
4.229865074157714844e-01
4.230669140815734863e-01
4.230836331844329834e-01
4.164002537727355957e-01
4.261834621429443359e-01
4.178800284862518311e-01
5.091223716735839844e-01
5.044225454330444336e-01
4.228878617286682129e-01
4.204569756984710693e-01
4.223699569702148438e-01
4.222680628299713135e-01
4.219693839550018311e-01
4.225683808326721191e-01
4.216679334640502930e-01
4.221540987491607666e-01
4.233521819114685059e-01
4.219539165496826172e-01
4.221837222576141357e-01
4.238720536231994629e-01
4.238183200359344482e-01
4.244253337383270264e-01
4.246653914451599121e-01
4.245612323284149170e-01
4.243955314159393311e-01
4.245890676975250244e-01
4.235900044441223145e-01
4.239054024219512939e-01
4.241485893726348877e-01
4.246209561824798584e-01
4.250342249870300293e-01
4.245673120021820068e-01
4.250162243843078613e-01
4.249165952205657959e-01
4.250371456146240234e-01
4.250267744064331055e-01
4.250299334526062012e-01
4.250397086143493652e-01
4.250303804874420166e-01
4.250276684761047363e-01
4.250335395336151123e-01
4.247745573520660400e-01
4.250890612602233887e-01
4.250150620937347412e-01
4.250361323356628418e-01
4.250246286392211914e-01
4.250329732894897461e-01
4.250352084636688232e-01
4.250330924987792969e-01
4.250373840332031250e-01
4.250384569168090820e-01
4.250313937664031982e-01
4.249105751514434814e-01
4.247625172138214111e-01
4.249671995639801025e-01
4.250747263431549072e-01
4.250415265560150146e-01
4.250502884387969971e-01
4.246711134910583496e-01
4.239993393421173096e-01
4.240062832832336426e-01
4.238076210021972656e-01
4.222923815250396729e-01
4.221524894237518311e-01
4.237712323665618896e-01
4.238324165344238281e-01
4.242834150791168213e-01
4.242095649242401123e-01
4.234972298145294189e-01
4.244626164436340332e-01
4.251839220523834229e-01
4.248719811439514160e-01
4.250768423080444336e-01
4.250177443027496338e-01
4.250355958938598633e-01
4.250211119651794434e-01
4.250322580337524414e-01
4.242883920669555664e-01
4.244115948677062988e-01
4.224600493907928467e-01
4.231456220149993896e-01
4.240574240684509277e-01
4.252903759479522705e-01
4.250198304653167725e-01
4.251403510570526123e-01
4.250425398349761963e-01
4.249266386032104492e-01
4.250614643096923828e-01
4.250507950782775879e-01
4.250940680503845215e-01
4.250207543373107910e-01
4.250303506851196289e-01
4.250352382659912109e-01
4.250276088714599609e-01
4.250321388244628906e-01
4.250286817550659180e-01
4.250357151031494141e-01
4.250332713127136230e-01
4.250334799289703369e-01
4.251103997230529785e-01
4.251544773578643799e-01
4.251330792903900146e-01
4.250088930130004883e-01
4.250548779964447021e-01
4.244655370712280273e-01
4.238678812980651855e-01
4.245744943618774414e-01
4.251658320426940918e-01
4.249940812587738037e-01
4.250403344631195068e-01
4.249214529991149902e-01
4.250237345695495605e-01
4.250213503837585449e-01
4.242141842842102051e-01
4.244024753570556641e-01
4.246360361576080322e-01
4.251400232315063477e-01
4.250725209712982178e-01
4.250232279300689697e-01
4.250350892543792725e-01
4.250271916389465332e-01
4.248197078704833984e-01
4.240248799324035645e-01
4.249942302703857422e-01
4.244812428951263428e-01
4.248135387897491455e-01
4.240839779376983643e-01
4.235016703605651855e-01
4.229821562767028809e-01
4.226661920547485352e-01
4.239163994789123535e-01
4.241293370723724365e-01
4.236324429512023926e-01
4.245765209197998047e-01
4.250494241714477539e-01
4.250251650810241699e-01
4.250354170799255371e-01
4.241669774055480957e-01
4.247243404388427734e-01
4.249788820743560791e-01
4.246301651000976562e-01
4.251169264316558838e-01
4.248300790786743164e-01
4.239688515663146973e-01
4.226144552230834961e-01
4.228179156780242920e-01
4.232932627201080322e-01
4.235324859619140625e-01
4.242566227912902832e-01
4.241542518138885498e-01
4.255592525005340576e-01
4.234792590141296387e-01
4.231125712394714355e-01
4.222972393035888672e-01
4.239392876625061035e-01
4.251687824726104736e-01
4.254278242588043213e-01
4.253202676773071289e-01
4.180895090103149414e-01
4.230130314826965332e-01
4.227803349494934082e-01
4.224911034107208252e-01
4.230001270771026611e-01
4.239364862442016602e-01
4.253841042518615723e-01
4.266193211078643799e-01
4.254668056964874268e-01
4.395698606967926025e-01
4.244797825813293457e-01
4.252501130104064941e-01
4.236915707588195801e-01
4.233080148696899414e-01
4.233180582523345947e-01
4.253829717636108398e-01
4.252450466156005859e-01
4.253979325294494629e-01
4.223977923393249512e-01
4.255624711513519287e-01
4.216735959053039551e-01
4.215781688690185547e-01
4.218297004699707031e-01
4.203043878078460693e-01
4.202764034271240234e-01
4.199602901935577393e-01
4.208685755729675293e-01
4.207583069801330566e-01
4.198925793170928955e-01
4.170177578926086426e-01
4.053854644298553467e-01
4.102540910243988037e-01
4.250273704528808594e-01
4.232511520385742188e-01
4.239991903305053711e-01
4.243492186069488525e-01
4.224317669868469238e-01
4.235256612300872803e-01
4.235537052154541016e-01
4.216679334640502930e-01
4.216679334640502930e-01
4.216679334640502930e-01
4.216679334640502930e-01
4.224197268486022949e-01
4.231059551239013672e-01
4.224868118762969971e-01
4.230119585990905762e-01
4.201886057853698730e-01
4.238815903663635254e-01
4.245845079421997070e-01
4.245316982269287109e-01
4.247200191020965576e-01
4.243936240673065186e-01
4.248192012310028076e-01
4.247505664825439453e-01
4.249103069305419922e-01
4.242700934410095215e-01
4.249331653118133545e-01
4.247328937053680420e-01
4.249722361564636230e-01
4.248268604278564453e-01
4.247759580612182617e-01
4.250611662864685059e-01
4.250129461288452148e-01
4.250348508358001709e-01
4.248142838478088379e-01
4.250619113445281982e-01
4.247283339500427246e-01
4.247857630252838135e-01
4.249744713306427002e-01
4.248429536819458008e-01
4.249681234359741211e-01
4.249320030212402344e-01
4.250072240829467773e-01
4.250166416168212891e-01
4.250140190124511719e-01
4.250304698944091797e-01
4.250285625457763672e-01
4.244840741157531738e-01
4.251793622970581055e-01
4.248709678649902344e-01
4.250230193138122559e-01
4.248907566070556641e-01
4.250189661979675293e-01
4.250167608261108398e-01
4.247920215129852295e-01
4.250438511371612549e-01
4.250212609767913818e-01
4.250076115131378174e-01
4.250617027282714844e-01
4.251151084899902344e-01
4.242148995399475098e-01
4.248297810554504395e-01
4.244577884674072266e-01
4.250729084014892578e-01
4.246917963027954102e-01
4.243502616882324219e-01
4.246662259101867676e-01
4.238906800746917725e-01
4.242613315582275391e-01
4.248015880584716797e-01
4.250713288784027100e-01
4.240183830261230469e-01
4.248453676700592041e-01
4.243444800376892090e-01
4.246174991130828857e-01
4.238253831863403320e-01
4.253484010696411133e-01
4.249508380889892578e-01
4.250594377517700195e-01
4.245768785476684570e-01
4.228363335132598877e-01
4.219921827316284180e-01
4.239158630371093750e-01
4.245568811893463135e-01
4.247401952743530273e-01
4.251110851764678955e-01
4.239466190338134766e-01
4.249266982078552246e-01
4.250057339668273926e-01
4.249044358730316162e-01
4.248449802398681641e-01
4.209556579589843750e-01
4.245909452438354492e-01
4.246373772621154785e-01
4.240738153457641602e-01
4.251190721988677979e-01
4.250097870826721191e-01
4.245566129684448242e-01
4.251684546470642090e-01
4.249539077281951904e-01
4.250508844852447510e-01
4.250313639640808105e-01
4.250362515449523926e-01
4.250339269638061523e-01
4.250191748142242432e-01
4.250348806381225586e-01
4.250383079051971436e-01
4.250386655330657959e-01
4.250347316265106201e-01
4.249950945377349854e-01
4.250551462173461914e-01
4.241125583648681641e-01
4.245742559432983398e-01
4.250144064426422119e-01
4.250527024269104004e-01
4.250376224517822266e-01
4.250455200672149658e-01
4.249504804611206055e-01
4.250580072402954102e-01
4.250311553478240967e-01
4.250426888465881348e-01
4.246891736984252930e-01
4.245274662971496582e-01
4.247436523437500000e-01
4.249086380004882812e-01
4.250904321670532227e-01
4.228528141975402832e-01
4.230545461177825928e-01
4.251287877559661865e-01
4.250070154666900635e-01
4.245786964893341064e-01
4.240639209747314453e-01
4.234763681888580322e-01
4.238693714141845703e-01
4.252268075942993164e-01
4.245791733264923096e-01
4.225830137729644775e-01
4.246080517768859863e-01
4.225778579711914062e-01
4.231209754943847656e-01
4.230047166347503662e-01
4.232444465160369873e-01
4.248704016208648682e-01
4.201812744140625000e-01
4.228592514991760254e-01
4.226834774017333984e-01
4.229139685630798340e-01
4.231225848197937012e-01
4.247880876064300537e-01
4.243155419826507568e-01
4.248786568641662598e-01
4.246470928192138672e-01
4.202767014503479004e-01
4.246464073657989502e-01
4.246540963649749756e-01
4.206596314907073975e-01
4.244641661643981934e-01
4.238386154174804688e-01
4.239858090877532959e-01
4.246220290660858154e-01
4.237365722656250000e-01
4.249618947505950928e-01
4.250504970550537109e-01
4.249813258647918701e-01
4.250448048114776611e-01
4.250507950782775879e-01
4.250762462615966797e-01
4.250665307044982910e-01
4.250579774379730225e-01
4.250931143760681152e-01
4.251035749912261963e-01
4.251028299331665039e-01
4.250322878360748291e-01
4.249186515808105469e-01
4.246167242527008057e-01
4.250997900962829590e-01
4.250177443027496338e-01
4.225796163082122803e-01
4.228508770465850830e-01
4.236844778060913086e-01
4.252052605152130127e-01
4.248893260955810547e-01
4.250714480876922607e-01
4.247778058052062988e-01
4.251025319099426270e-01
4.248923063278198242e-01
4.250739812850952148e-01
4.250315129756927490e-01
4.250745475292205811e-01
4.244474172592163086e-01
4.250226616859436035e-01
4.250404536724090576e-01
4.246255159378051758e-01
4.248435199260711670e-01
4.248909950256347656e-01
4.242615401744842529e-01
4.240838885307312012e-01
4.247429370880126953e-01
4.234640002250671387e-01
4.247444570064544678e-01
4.249066114425659180e-01
4.247626662254333496e-01
4.250520467758178711e-01
4.249616563320159912e-01
4.250536561012268066e-01
4.250515103340148926e-01
4.239750504493713379e-01
4.225917756557464600e-01
4.231360554695129395e-01
4.242709279060363770e-01
4.226779937744140625e-01
4.231140017509460449e-01
4.229964613914489746e-01
4.236624240875244141e-01
4.237731099128723145e-01
4.227694272994995117e-01
4.230933785438537598e-01
4.230041205883026123e-01
4.232901632785797119e-01
4.234504103660583496e-01
4.230378866195678711e-01
4.230667948722839355e-01
4.242343008518218994e-01
4.238237738609313965e-01
4.231613576412200928e-01
4.244661033153533936e-01
4.240615069866180420e-01
4.230709671974182129e-01
4.247296452522277832e-01
4.246333837509155273e-01
4.249483644962310791e-01
4.250436723232269287e-01
4.236905574798583984e-01
4.245240092277526855e-01
4.249234795570373535e-01
4.249443411827087402e-01
4.249680340290069580e-01
4.244269728660583496e-01
4.246779680252075195e-01
4.249415695667266846e-01
4.245536923408508301e-01
4.250293970108032227e-01
4.250272810459136963e-01
4.250402450561523438e-01
4.250282049179077148e-01
4.250261783599853516e-01
4.250338971614837646e-01
4.250303506851196289e-01
4.238274991512298584e-01
4.249534010887145996e-01
4.250390529632568359e-01
4.250414967536926270e-01
4.250403344631195068e-01
4.250310361385345459e-01
4.246371686458587646e-01
4.243739843368530273e-01
4.248088598251342773e-01
4.250921010971069336e-01
4.248356819152832031e-01
4.250851869583129883e-01
4.250148832798004150e-01
4.250344932079315186e-01
4.250296950340270996e-01
4.249661564826965332e-01
4.250660240650177002e-01
4.250597655773162842e-01
4.250994920730590820e-01
4.250603914260864258e-01
4.239979088306427002e-01
4.224177002906799316e-01
4.250698983669281006e-01
4.250052571296691895e-01
4.250793755054473877e-01
4.250152707099914551e-01
4.250286221504211426e-01
4.250521659851074219e-01
4.250436723232269287e-01
4.250334799289703369e-01
4.250239133834838867e-01
4.250222742557525635e-01
4.244308769702911377e-01
4.251956641674041748e-01
4.249577224254608154e-01
4.249114692211151123e-01
4.250596165657043457e-01
4.250096380710601807e-01
4.250324666500091553e-01
4.229233264923095703e-01
4.234370291233062744e-01
4.247431457042694092e-01
4.201243221759796143e-01
4.251365661621093750e-01
4.251297712326049805e-01
4.249892234802246094e-01
4.250168204307556152e-01
4.250792860984802246e-01
4.250331819057464600e-01
4.250570535659790039e-01
4.250276982784271240e-01
4.250280559062957764e-01
4.249773621559143066e-01
4.250412583351135254e-01
4.247044622898101807e-01
4.247721433639526367e-01
4.251006841659545898e-01
4.237320423126220703e-01
4.252343773841857910e-01
4.244809150695800781e-01
4.250759184360504150e-01
4.249886870384216309e-01
4.247984886169433594e-01
4.250892400741577148e-01
4.250065088272094727e-01
4.250417947769165039e-01
4.246213138103485107e-01
4.225744605064392090e-01
4.240190386772155762e-01
4.241913259029388428e-01
4.233858287334442139e-01
4.228500425815582275e-01
4.227290749549865723e-01
4.224455058574676514e-01
4.242154657840728760e-01
4.245229065418243408e-01
4.207302629947662354e-01
4.203473627567291260e-01
4.251023530960083008e-01
4.204176068305969238e-01
4.250380992889404297e-01
4.250291287899017334e-01
4.235405325889587402e-01
4.223047792911529541e-01
4.240278303623199463e-01
4.247755408287048340e-01
4.248749911785125732e-01
4.250620901584625244e-01
4.250167608261108398e-01
4.250563383102416992e-01
4.250338077545166016e-01
4.250414371490478516e-01
4.250333011150360107e-01
4.250270426273345947e-01
4.250303506851196289e-01
4.250313341617584229e-01
4.250354170799255371e-01
4.247705042362213135e-01
4.251061677932739258e-01
4.248791337013244629e-01
4.250657260417938232e-01
4.250264465808868408e-01
4.250358343124389648e-01
4.250316321849822998e-01
4.250343441963195801e-01
4.250319004058837891e-01
4.250319898128509521e-01
4.250319898128509521e-01
4.250309169292449951e-01
4.250350296497344971e-01
4.250310957431793213e-01
4.250336587429046631e-01
4.248709082603454590e-01
4.250756502151489258e-01
4.250215888023376465e-01
4.250374436378479004e-01
4.250289201736450195e-01
4.249643385410308838e-01
4.250444173812866211e-01
4.250310659408569336e-01
4.249669611454010010e-01
4.250518381595611572e-01
4.250325262546539307e-01
4.250318109989166260e-01
4.250287711620330811e-01
4.250404238700866699e-01
4.250252544879913330e-01
4.250314235687255859e-01
4.247318804264068604e-01
4.251497983932495117e-01
4.249960482120513916e-01
4.250394999980926514e-01
4.231912493705749512e-01
4.254850745201110840e-01
4.238056242465972900e-01
4.240597188472747803e-01
4.253005683422088623e-01
4.246566891670227051e-01
4.228150248527526855e-01
4.250184893608093262e-01
4.250165820121765137e-01
4.250409007072448730e-01
4.250841736793518066e-01
4.250189065933227539e-01
4.250873923301696777e-01
4.245781898498535156e-01
4.226068556308746338e-01
4.248900711536407471e-01
4.251605570316314697e-01
4.222796559333801270e-01
4.230902791023254395e-01
4.229639768600463867e-01
4.230182766914367676e-01
4.230377078056335449e-01
4.239233136177062988e-01
4.232876002788543701e-01
4.229463338851928711e-01
4.234653711318969727e-01
4.225015342235565186e-01
4.227841794490814209e-01
4.230801463127136230e-01
4.230163991451263428e-01
4.209390580654144287e-01
4.199029505252838135e-01
4.213272035121917725e-01
4.230587184429168701e-01
4.205110967159271240e-01
4.229824542999267578e-01
4.244377315044403076e-01
4.236468374729156494e-01
4.233676493167877197e-01
4.243374466896057129e-01
4.226601123809814453e-01
4.227442741394042969e-01
4.238767027854919434e-01
4.218981862068176270e-01
4.237342476844787598e-01
4.240235984325408936e-01
4.243368506431579590e-01
4.239415228366851807e-01
4.250848889350891113e-01
4.236950278282165527e-01
4.250710308551788330e-01
4.240608811378479004e-01
4.245355129241943359e-01
4.245119690895080566e-01
4.247514605522155762e-01
4.249823391437530518e-01
4.249947071075439453e-01
4.245176911354064941e-01
4.242709577083587646e-01
4.246562719345092773e-01
4.232385754585266113e-01
4.235885739326477051e-01
4.233881235122680664e-01
4.242995083332061768e-01
4.235848784446716309e-01
4.249964654445648193e-01
4.231174886226654053e-01
4.230907261371612549e-01
4.233653545379638672e-01
4.236775338649749756e-01
4.228385388851165771e-01
4.237185120582580566e-01
4.241828620433807373e-01
4.246045649051666260e-01
4.236792922019958496e-01
4.228321313858032227e-01
4.235666692256927490e-01
4.228467643260955811e-01
4.231045842170715332e-01
4.232297241687774658e-01
4.227451682090759277e-01
4.230360388755798340e-01
4.229590892791748047e-01
4.229053854942321777e-01
4.230247735977172852e-01
4.229595363140106201e-01
4.241483509540557861e-01
4.246957898139953613e-01
4.233455657958984375e-01
4.238698780536651611e-01
4.234893918037414551e-01
4.223304688930511475e-01
4.216679334640502930e-01
4.216679334640502930e-01
4.219671785831451416e-01
4.220713973045349121e-01
4.226863384246826172e-01
4.225191175937652588e-01
4.216679334640502930e-01
4.216679334640502930e-01
4.216679334640502930e-01
4.216679334640502930e-01
4.217245280742645264e-01
4.223038256168365479e-01
4.227228462696075439e-01
4.228354394435882568e-01
4.223509132862091064e-01
4.228186011314392090e-01
4.216679334640502930e-01
4.216679334640502930e-01
4.225027561187744141e-01
4.228566586971282959e-01
4.229481816291809082e-01
4.229365587234497070e-01
4.230270981788635254e-01
4.230081439018249512e-01
4.230378568172454834e-01
4.230288267135620117e-01
4.226890802383422852e-01
4.227828383445739746e-01
4.229037165641784668e-01
4.229026436805725098e-01
4.229921698570251465e-01
4.239078760147094727e-01
4.227482974529266357e-01
4.230842888355255127e-01
4.229898154735565186e-01
4.230187833309173584e-01
4.230146408081054688e-01
4.230157136917114258e-01
4.230251014232635498e-01
4.231353402137756348e-01
4.242159426212310791e-01
4.243565797805786133e-01
4.250734150409698486e-01
4.235513806343078613e-01
4.244956672191619873e-01
4.243821501731872559e-01
4.237233400344848633e-01
4.234554171562194824e-01
4.236298501491546631e-01
4.222335815429687500e-01
4.231485128402709961e-01
4.229894280433654785e-01
4.237943291664123535e-01
4.244313836097717285e-01
4.247286319732666016e-01
4.248976111412048340e-01
4.250195622444152832e-01
4.246756434440612793e-01
4.244431853294372559e-01
4.240306317806243896e-01
4.232887029647827148e-01
4.246193170547485352e-01
4.240749180316925049e-01
4.247164726257324219e-01
4.223811924457550049e-01
4.241285920143127441e-01
4.225453734397888184e-01
4.233408272266387939e-01
4.229888021945953369e-01
4.239760041236877441e-01
4.241182506084442139e-01
4.229817986488342285e-01
4.232188463211059570e-01
4.237458705902099609e-01
4.231889843940734863e-01
4.236104488372802734e-01
4.242695271968841553e-01
4.235451817512512207e-01
4.246921539306640625e-01
4.232619702816009521e-01
4.237999022006988525e-01
4.234935641288757324e-01
4.244968891143798828e-01
4.243233799934387207e-01
4.241744875907897949e-01
4.230887591838836670e-01
4.241514503955841064e-01
4.236938655376434326e-01
4.245280921459197998e-01
4.250771999359130859e-01
4.249835908412933350e-01
4.244228303432464600e-01
4.249208569526672363e-01
4.250650405883789062e-01
4.249846637248992920e-01
4.250446557998657227e-01
4.250312447547912598e-01
4.246805012226104736e-01
4.249282777309417725e-01
4.248439371585845947e-01
4.249271750450134277e-01
4.247967600822448730e-01
4.251556098461151123e-01
4.224483966827392578e-01
4.232329726219177246e-01
4.229580163955688477e-01
4.230497479438781738e-01
4.226721525192260742e-01
4.240782558917999268e-01
4.243948459625244141e-01
4.232404828071594238e-01
4.230400919914245605e-01
4.230853915214538574e-01
4.229931831359863281e-01
4.230230748653411865e-01
4.230172634124755859e-01
4.234857261180877686e-01
4.235351085662841797e-01
4.233196377754211426e-01
4.240163862705230713e-01
4.243810176849365234e-01
4.241120815277099609e-01
4.238713979721069336e-01
4.232199788093566895e-01
4.236353039741516113e-01
4.228107929229736328e-01
4.237845242023468018e-01
4.245864152908325195e-01
4.246802926063537598e-01
4.234058260917663574e-01
4.234268665313720703e-01
4.244772195816040039e-01
4.234500825405120850e-01
4.237877726554870605e-01
4.227842986583709717e-01
4.230855107307434082e-01
4.242341518402099609e-01
4.247694313526153564e-01
4.240751564502716064e-01
4.245280921459197998e-01
4.243854284286499023e-01
4.241182804107666016e-01
4.233617782592773438e-01
4.235691130161285400e-01
4.232812523841857910e-01
4.234682321548461914e-01
4.230534136295318604e-01
4.231776595115661621e-01
4.242261648178100586e-01
4.245651066303253174e-01
4.241911470890045166e-01
4.243096113204956055e-01
4.240215420722961426e-01
4.244981408119201660e-01
4.239751994609832764e-01
4.243557751178741455e-01
4.243568181991577148e-01
4.229568839073181152e-01
4.238139986991882324e-01
4.247964322566986084e-01
4.225144386291503906e-01
4.231764972209930420e-01
4.229798316955566406e-01
4.230328798294067383e-01
4.230282902717590332e-01
4.227745831012725830e-01
4.230196774005889893e-01
4.232040047645568848e-01
4.231782555580139160e-01
4.242982566356658936e-01
4.231484830379486084e-01
4.225762486457824707e-01
4.230757355690002441e-01
4.234715998172760010e-01
4.238890409469604492e-01
4.238158464431762695e-01
4.240146875381469727e-01
4.246176779270172119e-01
4.246317744255065918e-01
4.240391254425048828e-01
4.232177138328552246e-01
4.229555726051330566e-01
4.245345294475555420e-01
4.242012202739715576e-01
4.237474501132965088e-01
4.240246713161468506e-01
4.230941534042358398e-01
4.235601127147674561e-01
4.228761494159698486e-01
4.230571985244750977e-01
4.235310256481170654e-01
4.246623218059539795e-01
4.241637289524078369e-01
4.238854050636291504e-01
4.235617518424987793e-01
4.238437116146087646e-01
4.234303832054138184e-01
4.238703250885009766e-01
4.240635037422180176e-01
4.236237406730651855e-01
4.237192273139953613e-01
4.253326058387756348e-01
4.224982559680938721e-01
4.240196347236633301e-01
4.241926074028015137e-01
4.221267700195312500e-01
4.226022660732269287e-01
4.218256473541259766e-01
4.220299720764160156e-01
4.231898784637451172e-01
4.245162308216094971e-01
4.250450730323791504e-01
4.250308275222778320e-01
4.247319996356964111e-01
4.251046776771545410e-01
4.250178635120391846e-01
4.246135950088500977e-01
4.249967038631439209e-01
4.250429868698120117e-01
4.230881929397583008e-01
4.255062937736511230e-01
4.244482219219207764e-01
4.249818921089172363e-01
4.227822422981262207e-01
4.239872395992279053e-01
4.246133267879486084e-01
4.245229363441467285e-01
4.251697063446044922e-01
4.246592223644256592e-01
4.251300394535064697e-01
4.249833524227142334e-01
4.250424504280090332e-01
4.250243604183197021e-01
4.250312149524688721e-01
4.250291585922241211e-01
4.250595271587371826e-01
4.250246882438659668e-01
4.248299002647399902e-01
4.246529638767242432e-01
4.249027669429779053e-01
4.237026274204254150e-01
4.252417683601379395e-01
4.247855842113494873e-01
4.235793948173522949e-01
4.231185913085937500e-01
4.234000444412231445e-01
4.252710938453674316e-01
4.237433671951293945e-01
4.253843426704406738e-01
4.249264299869537354e-01
4.250438213348388672e-01
4.250307679176330566e-01
4.250279664993286133e-01
4.222349524497985840e-01
4.226357340812683105e-01
4.224303960800170898e-01
4.223707914352416992e-01
4.225516915321350098e-01
4.229843318462371826e-01
4.231902360916137695e-01
4.237895607948303223e-01
4.228256046772003174e-01
4.231808781623840332e-01
4.237575531005859375e-01
4.228446185588836670e-01
4.228173792362213135e-01
4.233148396015167236e-01
4.232695698738098145e-01
4.220411777496337891e-01
4.223984479904174805e-01
4.225361049175262451e-01
4.218676686286926270e-01
4.216832220554351807e-01
4.216679334640502930e-01
4.216679334640502930e-01
4.216679334640502930e-01
4.216679334640502930e-01
4.216679334640502930e-01
4.216679334640502930e-01
4.216679334640502930e-01
4.224573075771331787e-01
4.222674071788787842e-01
4.224610030651092529e-01
4.216679334640502930e-01
4.223086833953857422e-01
4.245874285697937012e-01
4.241659939289093018e-01
4.216679334640502930e-01
4.216679334640502930e-01
4.244665205478668213e-01
4.239572584629058838e-01
4.239798188209533691e-01
4.246283471584320068e-01
4.242964088916778564e-01
4.246563911437988281e-01
4.241546392440795898e-01
4.245821535587310791e-01
4.240328669548034668e-01
4.227377474308013916e-01
4.226830005645751953e-01
4.231424927711486816e-01
4.230034351348876953e-01
4.230779409408569336e-01
4.239006638526916504e-01
4.229403138160705566e-01
4.241087138652801514e-01
4.242637455463409424e-01
4.245189726352691650e-01
4.246497452259063721e-01
4.243066608905792236e-01
4.184641838073730469e-01
4.243857860565185547e-01
4.242735505104064941e-01
4.243574738502502441e-01
4.248332381248474121e-01
4.249849617481231689e-01
4.249889254570007324e-01
4.243990480899810791e-01
4.243353605270385742e-01
4.243905246257781982e-01
4.243717193603515625e-01
4.236150979995727539e-01
4.235721528530120850e-01
4.229681789875030518e-01
4.233510792255401611e-01
4.239552915096282959e-01
4.242853224277496338e-01
4.228063821792602539e-01
4.230667352676391602e-01
4.230063259601593018e-01
4.230224788188934326e-01
4.236110448837280273e-01
4.234547615051269531e-01
4.240731596946716309e-01
4.232594370841979980e-01
4.228541553020477295e-01
4.237504005432128906e-01
4.242962896823883057e-01
4.243673086166381836e-01
4.238939285278320312e-01
4.246709644794464111e-01
4.243051707744598389e-01
4.251439869403839111e-01
4.247773289680480957e-01
4.241277575492858887e-01
4.242793023586273193e-01
4.243432283401489258e-01
4.242483675479888916e-01
4.249276220798492432e-01
4.249972701072692871e-01
4.248681366443634033e-01
4.244808852672576904e-01
4.240291118621826172e-01
4.250805974006652832e-01
4.248605966567993164e-01
4.245591163635253906e-01
4.232018291950225830e-01
4.234677255153656006e-01
4.243578612804412842e-01
4.244749248027801514e-01
4.232620596885681152e-01
4.227529764175415039e-01
4.228293895721435547e-01
4.237698614597320557e-01
4.245780110359191895e-01
4.241574406623840332e-01
4.242004752159118652e-01
4.235212206840515137e-01
4.244761765003204346e-01
4.244129061698913574e-01
4.237459003925323486e-01
4.240521192550659180e-01
4.244860708713531494e-01
4.229390621185302734e-01
4.230201244354248047e-01
4.239493906497955322e-01
4.227693676948547363e-01
4.236687421798706055e-01
4.227537810802459717e-01
4.234038591384887695e-01
4.238693416118621826e-01
4.241525828838348389e-01
4.240312576293945312e-01
4.234730899333953857e-01
4.228891134262084961e-01
4.239228963851928711e-01
4.240587353706359863e-01
4.243371486663818359e-01
4.233529567718505859e-01
4.243369102478027344e-01
4.242727458477020264e-01
4.245639443397521973e-01
4.250113368034362793e-01
4.248150587081909180e-01
4.241657257080078125e-01
4.235957264900207520e-01
4.238542616367340088e-01
4.243922829627990723e-01
4.235688149929046631e-01
4.249849617481231689e-01
4.245146512985229492e-01
4.249713122844696045e-01
4.250071048736572266e-01
4.246702790260314941e-01
4.248433113098144531e-01
4.243903160095214844e-01
4.241937398910522461e-01
4.242779016494750977e-01
4.242975115776062012e-01
4.219421148300170898e-01
4.229588508605957031e-01
4.234945774078369141e-01
4.236472249031066895e-01
4.228329360485076904e-01
4.243566393852233887e-01
4.243408739566802979e-01
4.246139228343963623e-01
4.241793453693389893e-01
4.252378940582275391e-01
4.249719381332397461e-01
4.249119460582733154e-01
4.250575900077819824e-01
4.220421314239501953e-01
4.219098389148712158e-01
4.242735803127288818e-01
4.210706055164337158e-01
4.217687845230102539e-01
4.202668070793151855e-01
4.200551211833953857e-01
4.207834005355834961e-01
4.245921671390533447e-01
4.226468205451965332e-01
4.242605566978454590e-01
4.243822693824768066e-01
4.246640801429748535e-01
4.244338870048522949e-01
4.244903028011322021e-01
4.245529770851135254e-01
4.244593381881713867e-01
4.247576296329498291e-01
4.249360859394073486e-01
4.249905943870544434e-01
4.250113964080810547e-01
4.250264763832092285e-01
4.250293374061584473e-01
4.250094294548034668e-01
4.250389933586120605e-01
4.247662425041198730e-01
4.251043498516082764e-01
4.245329797267913818e-01
4.246219396591186523e-01
4.251211583614349365e-01
4.245080351829528809e-01
4.237436056137084961e-01
4.244730472564697266e-01
4.248006045818328857e-01
4.247635304927825928e-01
4.249159693717956543e-01
4.249431192874908447e-01
4.247033596038818359e-01
4.245840907096862793e-01
4.246487915515899658e-01
4.249254465103149414e-01
4.248321056365966797e-01
4.245729148387908936e-01
4.245562851428985596e-01
4.248882234096527100e-01
4.244654476642608643e-01
4.246264696121215820e-01
4.242002367973327637e-01
4.227849841117858887e-01
4.235461354255676270e-01
4.238488674163818359e-01
4.240255653858184814e-01
4.226959347724914551e-01
4.237418472766876221e-01
4.234642982482910156e-01
4.231612682342529297e-01
4.229776263236999512e-01
4.230283796787261963e-01
4.230119884014129639e-01
4.230256974697113037e-01
4.232682585716247559e-01
4.236029088497161865e-01
4.235664308071136475e-01
4.232299923896789551e-01
4.235011041164398193e-01
4.233636856079101562e-01
4.244226217269897461e-01
4.226204454898834229e-01
4.231527149677276611e-01
4.234097003936767578e-01
4.239996373653411865e-01
4.234707355499267578e-01
4.245975911617279053e-01
4.244187474250793457e-01
4.250168502330780029e-01
4.245330393314361572e-01
4.251434206962585449e-01
4.250077307224273682e-01
4.245169460773468018e-01
4.248221814632415771e-01
4.247192442417144775e-01
4.236157536506652832e-01
4.235549569129943848e-01
4.242951869964599609e-01
4.245508909225463867e-01
4.247874617576599121e-01
4.248557686805725098e-01
4.243624806404113770e-01
4.249901771545410156e-01
4.245753586292266846e-01
4.250359535217285156e-01
4.250024855136871338e-01
4.250279664993286133e-01
4.250327348709106445e-01
4.230533838272094727e-01
4.241651892662048340e-01
4.248428642749786377e-01
4.230907559394836426e-01
4.241321086883544922e-01
4.237761199474334717e-01
4.243616163730621338e-01
4.232903718948364258e-01
4.239637255668640137e-01
4.231946468353271484e-01
4.239872694015502930e-01
4.238528311252593994e-01
4.239216446876525879e-01
4.232377409934997559e-01
4.236587882041931152e-01
4.238486886024475098e-01
4.230687022209167480e-01
4.239406287670135498e-01
4.243181347846984863e-01
4.233660101890563965e-01
4.248883128166198730e-01
4.229847192764282227e-01
4.220803380012512207e-01
4.216679334640502930e-01
4.252731502056121826e-01
4.217354953289031982e-01
4.235240221023559570e-01
4.222585856914520264e-01
4.234101772308349609e-01
4.239574670791625977e-01
4.242494702339172363e-01
4.245811700820922852e-01
4.246579408645629883e-01
4.239434599876403809e-01
4.237052798271179199e-01
4.229472875595092773e-01
4.228902757167816162e-01
4.228476285934448242e-01
4.229717254638671875e-01
4.242703616619110107e-01
4.244312644004821777e-01
4.241097271442413330e-01
4.247440099716186523e-01
4.249818325042724609e-01
4.243834018707275391e-01
4.247315227985382080e-01
4.244695603847503662e-01
4.251927733421325684e-01
4.246793091297149658e-01
4.243489205837249756e-01
4.251513183116912842e-01
4.242980182170867920e-01
4.245825707912445068e-01
4.251377582550048828e-01
4.231771230697631836e-01
4.242761731147766113e-01
4.237608015537261963e-01
4.252861142158508301e-01
4.236475825309753418e-01
4.231119155883789062e-01
4.247954785823822021e-01
4.251059591770172119e-01
4.250502586364746094e-01
4.250625967979431152e-01
4.250845313072204590e-01
4.250916838645935059e-01
4.246819317340850830e-01
4.244374036788940430e-01
4.238138198852539062e-01
4.248126149177551270e-01
4.250968396663665771e-01
4.250583052635192871e-01
4.251009225845336914e-01
4.250689446926116943e-01
4.245606660842895508e-01
4.251610338687896729e-01
4.249999523162841797e-01
4.250606298446655273e-01
4.249026477336883545e-01
4.244911372661590576e-01
4.249922931194305420e-01
4.242556393146514893e-01
4.247967302799224854e-01
4.250310659408569336e-01
4.224665760993957520e-01
4.231644868850708008e-01
4.229761064052581787e-01
4.243790805339813232e-01
4.238483905792236328e-01
4.238018691539764404e-01
4.235408008098602295e-01
4.242342710494995117e-01
4.246748089790344238e-01
4.225826263427734375e-01
4.231571555137634277e-01
