4.544824957847595215e-01
4.519643187522888184e-01
4.519643187522888184e-01
4.541501998901367188e-01
4.541501998901367188e-01
4.541501998901367188e-01
4.541501998901367188e-01
4.541501998901367188e-01
4.541501998901367188e-01
4.541501998901367188e-01
4.541501998901367188e-01
4.541501998901367188e-01
4.519643187522888184e-01
4.519643187522888184e-01
4.519643187522888184e-01
4.519643187522888184e-01
4.519643187522888184e-01
4.519643187522888184e-01
4.519643187522888184e-01
4.519643187522888184e-01
4.519643187522888184e-01
4.519643187522888184e-01
4.519643187522888184e-01
4.519643187522888184e-01
4.519643187522888184e-01
4.532613754272460938e-01
4.519643187522888184e-01
4.519643187522888184e-01
4.519643187522888184e-01
4.519643187522888184e-01
4.519643187522888184e-01
4.519643187522888184e-01
4.541501998901367188e-01
4.456540644168853760e-01
4.636067152023315430e-01
4.545878469944000244e-01
4.541501998901367188e-01
4.519643187522888184e-01
4.542263150215148926e-01
4.542287588119506836e-01
4.519643187522888184e-01
4.519643187522888184e-01
