3.685015439987182617e-01
3.680679798126220703e-01
3.879993855953216553e-01
3.881513774394989014e-01
3.680171072483062744e-01
3.875407576560974121e-01
3.887843787670135498e-01
3.856900632381439209e-01
3.880884051322937012e-01
3.880057036876678467e-01
3.870781660079956055e-01
3.864641785621643066e-01
3.886359333992004395e-01
3.875697255134582520e-01
3.899784982204437256e-01
3.892922699451446533e-01
0.000000000000000000e+00
3.875171542167663574e-01
3.868295550346374512e-01
3.889080882072448730e-01
3.898669779300689697e-01
3.903213143348693848e-01
3.902942836284637451e-01
3.894177377223968506e-01
3.889289498329162598e-01
3.876575827598571777e-01
3.874340057373046875e-01
3.839271664619445801e-01
3.840323090553283691e-01
3.835873901844024658e-01
3.866554200649261475e-01
3.873749375343322754e-01
3.892226815223693848e-01
3.851447701454162598e-01
3.890021443367004395e-01
3.883680701255798340e-01
3.892829418182373047e-01
3.886191844940185547e-01
3.878314495086669922e-01
3.875946104526519775e-01
3.870548009872436523e-01
3.866186738014221191e-01
0.000000000000000000e+00
0.000000000000000000e+00
0.000000000000000000e+00
3.788142502307891846e-01
3.799975812435150146e-01
3.727501034736633301e-01
3.772621750831604004e-01
3.794980347156524658e-01
3.859663903713226318e-01
0.000000000000000000e+00
3.800992965698242188e-01
3.705502748489379883e-01
3.717958331108093262e-01
3.709065616130828857e-01
3.703346252441406250e-01
3.692336976528167725e-01
3.689410686492919922e-01
3.680192232131958008e-01
3.680712580680847168e-01
3.680697083473205566e-01
3.680642843246459961e-01
3.680433630943298340e-01
3.682405948638916016e-01
3.683186769485473633e-01
3.681373000144958496e-01
3.727992773056030273e-01
3.749171495437622070e-01
3.713539540767669678e-01
3.717548847198486328e-01
3.705430030822753906e-01
3.701309561729431152e-01
3.695140779018402100e-01
3.689826726913452148e-01
3.685078620910644531e-01
3.682514429092407227e-01
3.681912422180175781e-01
3.682346045970916748e-01
3.682211935520172119e-01
3.681790828704833984e-01
3.682824373245239258e-01
3.681205511093139648e-01
3.680936098098754883e-01
3.680660724639892578e-01
3.680508136749267578e-01
3.680576086044311523e-01
3.680171072483062744e-01
3.698396682739257812e-01
3.688864707946777344e-01
3.680724501609802246e-01
3.680171370506286621e-01
3.719978928565979004e-01
3.716162145137786865e-01
3.709769845008850098e-01
3.711676895618438721e-01
3.721475601196289062e-01
3.725299835205078125e-01
3.722322583198547363e-01
3.778283894062042236e-01
3.822290897369384766e-01
3.839750587940216064e-01
3.854402303695678711e-01
3.843745291233062744e-01
3.876760005950927734e-01
3.872713148593902588e-01
3.872336447238922119e-01
3.866437673568725586e-01
3.859608173370361328e-01
3.705518245697021484e-01
3.854912221431732178e-01
3.742843568325042725e-01
3.803165256977081299e-01
3.835942745208740234e-01
3.781719803810119629e-01
3.754262626171112061e-01
3.785330653190612793e-01
3.803309202194213867e-01
3.778105974197387695e-01
3.838592469692230225e-01
3.826184570789337158e-01
3.745973706245422363e-01
4.381110668182373047e-01
3.882362246513366699e-01
3.890491127967834473e-01
3.888072371482849121e-01
3.866943418979644775e-01
3.822187781333923340e-01
3.803178668022155762e-01
3.824276626110076904e-01
3.809891939163208008e-01
3.780844211578369141e-01
3.760125339031219482e-01
3.752967417240142822e-01
3.738271892070770264e-01
3.747677505016326904e-01
3.742769360542297363e-01
3.729478716850280762e-01
3.722721338272094727e-01
3.720570504665374756e-01
3.717456758022308350e-01
3.701061010360717773e-01
3.708758950233459473e-01
3.715150356292724609e-01
3.715350329875946045e-01
3.709691166877746582e-01
3.708139061927795410e-01
3.690368235111236572e-01
3.705129623413085938e-01
3.700321614742279053e-01
3.707692325115203857e-01
3.705124557018280029e-01
3.711782097816467285e-01
3.708909749984741211e-01
3.722459077835083008e-01
3.733400702476501465e-01
3.794637620449066162e-01
3.799409568309783936e-01
3.785825371742248535e-01
3.749743103981018066e-01
3.749091327190399170e-01
3.734948039054870605e-01
3.798950314521789551e-01
3.739797770977020264e-01
3.735508918762207031e-01
3.726785182952880859e-01
3.733590841293334961e-01
3.727446794509887695e-01
3.733472824096679688e-01
3.729071915149688721e-01
3.813337087631225586e-01
3.822842836380004883e-01
3.729467391967773438e-01
3.917288184165954590e-01
3.832274675369262695e-01
3.933721184730529785e-01
3.953183293342590332e-01
3.954101800918579102e-01
3.945770561695098877e-01
3.910154104232788086e-01
3.918105959892272949e-01
3.921682238578796387e-01
3.905299305915832520e-01
3.938394784927368164e-01
3.932603597640991211e-01
3.922923207283020020e-01
3.914661109447479248e-01
3.897728323936462402e-01
3.893814086914062500e-01
3.897295594215393066e-01
3.904113173484802246e-01
3.914313614368438721e-01
3.898969292640686035e-01
3.896562755107879639e-01
3.910702764987945557e-01
3.917667567729949951e-01
3.910984992980957031e-01
3.905668854713439941e-01
3.893367946147918701e-01
3.901650309562683105e-01
3.904159069061279297e-01
3.870970010757446289e-01
3.897013962268829346e-01
3.896788656711578369e-01
3.876356780529022217e-01
3.891727328300476074e-01
3.820797204971313477e-01
3.839283585548400879e-01
3.879082500934600830e-01
3.886703848838806152e-01
3.905656337738037109e-01
3.891655206680297852e-01
3.900154531002044678e-01
3.881300091743469238e-01
3.889859318733215332e-01
3.887147307395935059e-01
3.891865015029907227e-01
3.887754678726196289e-01
3.869698643684387207e-01
3.853683769702911377e-01
3.848052620887756348e-01
3.889940381050109863e-01
3.684055805206298828e-01
3.686703443527221680e-01
3.690953254699707031e-01
3.698830604553222656e-01
3.703072667121887207e-01
3.705786466598510742e-01
3.707426786422729492e-01
3.694791793823242188e-01
3.698432147502899170e-01
3.698741793632507324e-01
3.694075942039489746e-01
3.696504831314086914e-01
3.691565990447998047e-01
3.690858483314514160e-01
3.689556121826171875e-01
3.688642978668212891e-01
3.687166571617126465e-01
3.686856031417846680e-01
3.685983419418334961e-01
3.686230182647705078e-01
3.683435916900634766e-01
3.687362670898437500e-01
3.685025870800018311e-01
3.684499859809875488e-01
3.685450553894042969e-01
3.683356940746307373e-01
3.688008785247802734e-01
3.680884242057800293e-01
3.680929541587829590e-01
3.682896494865417480e-01
3.682159185409545898e-01
3.681424260139465332e-01
3.681464791297912598e-01
3.680959939956665039e-01
3.680966496467590332e-01
3.680777549743652344e-01
3.683412671089172363e-01
3.682936429977416992e-01
3.680227696895599365e-01
3.680381774902343750e-01
3.680867552757263184e-01
3.680535554885864258e-01
3.680617213249206543e-01
3.680763840675354004e-01
0.000000000000000000e+00
3.854048848152160645e-01
3.845425546169281006e-01
3.854885101318359375e-01
3.859052062034606934e-01
3.866953849792480469e-01
3.853514790534973145e-01
3.829934597015380859e-01
3.864799141883850098e-01
3.861184716224670410e-01
3.868705034255981445e-01
3.853154480457305908e-01
3.878456056118011475e-01
3.870803415775299072e-01
3.857716917991638184e-01
3.826027512550354004e-01
3.861649632453918457e-01
3.864038884639739990e-01
3.846174776554107666e-01
3.791320919990539551e-01
3.851214647293090820e-01
3.819327056407928467e-01
3.746044337749481201e-01
3.799390792846679688e-01
3.805548548698425293e-01
3.726020455360412598e-01
3.713247776031494141e-01
3.789348900318145752e-01
3.873434960842132568e-01
3.878137767314910889e-01
3.867179751396179199e-01
3.880092203617095947e-01
3.871927559375762939e-01
3.866909444332122803e-01
3.874784708023071289e-01
3.876726031303405762e-01
3.889605700969696045e-01
3.890404105186462402e-01
3.892241716384887695e-01
3.890567421913146973e-01
3.894911408424377441e-01
3.896464109420776367e-01
3.894744515419006348e-01
3.890475630760192871e-01
3.892457783222198486e-01
3.893668949604034424e-01
3.890177011489868164e-01
3.893412649631500244e-01
3.897356986999511719e-01
3.892644345760345459e-01
3.887875676155090332e-01
3.885008692741394043e-01
3.887999355792999268e-01
3.891982436180114746e-01
3.683789372444152832e-01
3.900758326053619385e-01
3.895096480846405029e-01
3.904620409011840820e-01
3.911013007164001465e-01
3.905055224895477295e-01
3.915064036846160889e-01
3.914641141891479492e-01
3.915911912918090820e-01
3.909590244293212891e-01
3.911139369010925293e-01
3.911343216896057129e-01
3.919707238674163818e-01
3.918776214122772217e-01
3.899382054805755615e-01
3.891542255878448486e-01
3.889864683151245117e-01
3.895825743675231934e-01
3.886198103427886963e-01
3.902395963668823242e-01
3.860599994659423828e-01
3.868291378021240234e-01
3.837099075317382812e-01
3.911088705062866211e-01
3.910915255546569824e-01
3.908706903457641602e-01
3.909025192260742188e-01
3.911086320877075195e-01
3.906442821025848389e-01
3.899712264537811279e-01
3.894542157649993896e-01
3.890005052089691162e-01
3.877893090248107910e-01
3.878889977931976318e-01
3.882369101047515869e-01
3.884210288524627686e-01
3.887944519519805908e-01
3.891626000404357910e-01
3.885710835456848145e-01
3.889067769050598145e-01
3.897855281829833984e-01
3.902665972709655762e-01
3.895268440246582031e-01
3.890890777111053467e-01
3.911329805850982666e-01
3.899919986724853516e-01
3.910998404026031494e-01
3.910580575466156006e-01
3.907603323459625244e-01
3.910131454467773438e-01
3.909917175769805908e-01
3.907265067100524902e-01
3.904536068439483643e-01
3.908312916755676270e-01
3.907930254936218262e-01
3.896626830101013184e-01
3.905989527702331543e-01
3.902739286422729492e-01
3.906775712966918945e-01
3.904186487197875977e-01
3.907749354839324951e-01
3.907141685485839844e-01
3.905771076679229736e-01
3.867053985595703125e-01
3.904453516006469727e-01
3.907615840435028076e-01
3.902368843555450439e-01
3.754557371139526367e-01
3.893130421638488770e-01
3.896223008632659912e-01
3.887816071510314941e-01
3.887299299240112305e-01
3.883052766323089600e-01
3.876887559890747070e-01
3.884375989437103271e-01
3.884719014167785645e-01
3.883748650550842285e-01
3.891048431396484375e-01
3.888788223266601562e-01
3.894080221652984619e-01
3.899040520191192627e-01
3.902607560157775879e-01
3.901170790195465088e-01
3.890459537506103516e-01
3.883612751960754395e-01
3.880456984043121338e-01
3.899187445640563965e-01
3.891186416149139404e-01
3.889239728450775146e-01
3.880621492862701416e-01
3.864251077175140381e-01
3.884362578392028809e-01
3.884337544441223145e-01
3.885036706924438477e-01
3.884684443473815918e-01
3.887760639190673828e-01
3.888368010520935059e-01
3.893775045871734619e-01
3.888461887836456299e-01
3.893718123435974121e-01
3.890069127082824707e-01
3.889805078506469727e-01
3.893480300903320312e-01
3.893212080001831055e-01
3.891782760620117188e-01
3.885549008846282959e-01
3.869429826736450195e-01
3.868150413036346436e-01
3.863930702209472656e-01
3.854258060455322266e-01
3.861328959465026855e-01
3.871186375617980957e-01
3.875530660152435303e-01
3.881990015506744385e-01
3.881382346153259277e-01
3.873785436153411865e-01
3.881427645683288574e-01
3.879166543483734131e-01
3.867368102073669434e-01
3.826502561569213867e-01
3.852135539054870605e-01
3.802642822265625000e-01
3.915859460830688477e-01
3.907089531421661377e-01
3.910356163978576660e-01
3.911448419094085693e-01
3.905817866325378418e-01
3.913529515266418457e-01
3.908933401107788086e-01
3.899728059768676758e-01
3.890765607357025146e-01
3.892316818237304688e-01
3.870266377925872803e-01
3.843801021575927734e-01
3.846062719821929932e-01
3.831201493740081787e-01
3.855927288532257080e-01
3.864947855472564697e-01
3.874801397323608398e-01
3.877284526824951172e-01
3.865895271301269531e-01
3.871790468692779541e-01
3.861528038978576660e-01
3.852440118789672852e-01
3.833293318748474121e-01
3.822819292545318604e-01
3.807271718978881836e-01
3.838657736778259277e-01
3.830589056015014648e-01
3.742293715476989746e-01
3.853121995925903320e-01
3.845099806785583496e-01
3.844560682773590088e-01
3.855693042278289795e-01
3.850872814655303955e-01
3.870459198951721191e-01
3.875115215778350830e-01
3.680174350738525391e-01
3.680173754692077637e-01
3.680172562599182129e-01
3.680172562599182129e-01
3.680172562599182129e-01
3.680171966552734375e-01
3.680171370506286621e-01
3.680171668529510498e-01
3.680171370506286621e-01
3.680171668529510498e-01
3.680171370506286621e-01
3.680171370506286621e-01
3.680171370506286621e-01
3.680171370506286621e-01
3.680171072483062744e-01
3.680171370506286621e-01
3.680171370506286621e-01
3.680176138877868652e-01
3.680177330970764160e-01
3.680183887481689453e-01
3.680191636085510254e-01
3.680200576782226562e-01
3.680211901664733887e-01
3.680264949798583984e-01
3.680414557456970215e-01
3.680556416511535645e-01
3.683464527130126953e-01
3.692272901535034180e-01
3.688146770000457764e-01
3.699387013912200928e-01
3.694209754467010498e-01
3.689679801464080811e-01
3.706738948822021484e-01
3.964096903800964355e-01
3.696488142013549805e-01
3.691040277481079102e-01
3.702450692653656006e-01
3.688214123249053955e-01
3.680251538753509521e-01
3.682832419872283936e-01
0.000000000000000000e+00
0.000000000000000000e+00
0.000000000000000000e+00
0.000000000000000000e+00
0.000000000000000000e+00
3.754343688488006592e-01
3.876478970050811768e-01
3.266459107398986816e-01
3.780829906463623047e-01
3.784625828266143799e-01
3.840724527835845947e-01
3.791451752185821533e-01
3.772919476032257080e-01
3.880335390567779541e-01
3.907514810562133789e-01
3.757834732532501221e-01
3.767833113670349121e-01
3.849152922630310059e-01
2.971135973930358887e-01
3.124729990959167480e-01
3.608544766902923584e-01
3.752050101757049561e-01
3.753032088279724121e-01
3.749358057975769043e-01
3.752305805683135986e-01
3.741958737373352051e-01
3.731111288070678711e-01
3.744778633117675781e-01
3.781060278415679932e-01
0.000000000000000000e+00
0.000000000000000000e+00
3.743818402290344238e-01
3.751292824745178223e-01
3.762282133102416992e-01
3.763326108455657959e-01
3.795235753059387207e-01
3.802570104598999023e-01
3.724877834320068359e-01
3.896917700767517090e-01
3.895598053932189941e-01
3.896976709365844727e-01
3.896727859973907471e-01
3.897582888603210449e-01
3.889442980289459229e-01
3.887251019477844238e-01
3.891377151012420654e-01
3.882158994674682617e-01
3.887181580066680908e-01
3.894174098968505859e-01
3.895420134067535400e-01
3.895553946495056152e-01
3.896462619304656982e-01
3.896484673023223877e-01
3.895935714244842529e-01
3.896232247352600098e-01
3.896643817424774170e-01
3.899010121822357178e-01
3.893652856349945068e-01
3.889847397804260254e-01
3.879917263984680176e-01
3.868082761764526367e-01
3.858491778373718262e-01
3.896281421184539795e-01
3.891857266426086426e-01
3.889839947223663330e-01
3.892122805118560791e-01
3.892014026641845703e-01
3.890589475631713867e-01
3.890272080898284912e-01
3.889415562152862549e-01
3.888171315193176270e-01
3.680272102355957031e-01
3.680357933044433594e-01
3.680306375026702881e-01
3.680616021156311035e-01
3.680574297904968262e-01
3.680171966552734375e-01
3.680171370506286621e-01
3.680171072483062744e-01
3.680257201194763184e-01
3.680171966552734375e-01
3.680197596549987793e-01
3.686668872833251953e-01
3.690911531448364258e-01
3.691051602363586426e-01
3.688439726829528809e-01
3.690209984779357910e-01
3.692890405654907227e-01
3.692926764488220215e-01
3.709681332111358643e-01
3.705587089061737061e-01
3.706272840499877930e-01
3.710758686065673828e-01
3.704187273979187012e-01
3.705899715423583984e-01
3.705425858497619629e-01
3.698568940162658691e-01
3.691140413284301758e-01
3.696276843547821045e-01
3.693942427635192871e-01
3.739371895790100098e-01
3.683296442031860352e-01
3.710709810256958008e-01
3.845735788345336914e-01
3.829242289066314697e-01
3.780510425567626953e-01
3.742551803588867188e-01
3.691816926002502441e-01
3.690508604049682617e-01
3.686961531639099121e-01
3.692222535610198975e-01
3.693595230579376221e-01
3.693370521068572998e-01
3.689998388290405273e-01
3.680495023727416992e-01
3.969405293464660645e-01
3.856545090675354004e-01
3.861669301986694336e-01
3.862834870815277100e-01
3.866597414016723633e-01
3.870269358158111572e-01
3.872990608215332031e-01
3.873973488807678223e-01
3.870214521884918213e-01
3.870574831962585449e-01
3.866213858127593994e-01
3.878864645957946777e-01
3.872445821762084961e-01
3.864082694053649902e-01
3.859261870384216309e-01
3.867274522781372070e-01
3.873481750488281250e-01
3.870794177055358887e-01
3.867900967597961426e-01
3.869870901107788086e-01
3.867670297622680664e-01
3.864634633064270020e-01
3.821846246719360352e-01
3.816370069980621338e-01
3.873173594474792480e-01
3.881874978542327881e-01
3.881822824478149414e-01
3.903496265411376953e-01
3.962104320526123047e-01
3.900283873081207275e-01
3.903277516365051270e-01
3.861398994922637939e-01
3.850747346878051758e-01
3.850750923156738281e-01
3.858951926231384277e-01
3.865025937557220459e-01
3.886336684226989746e-01
3.895618319511413574e-01
3.915259242057800293e-01
3.907556533813476562e-01
3.882026374340057373e-01
3.886767029762268066e-01
3.884876668453216553e-01
3.887383341789245605e-01
3.883341848850250244e-01
3.876031935214996338e-01
3.881440162658691406e-01
3.880640566349029541e-01
3.878498673439025879e-01
3.868633806705474854e-01
3.877386748790740967e-01
3.879678249359130859e-01
3.886689841747283936e-01
3.848176896572113037e-01
3.885434567928314209e-01
3.882423043251037598e-01
3.868264257907867432e-01
3.882723450660705566e-01
3.878832161426544189e-01
3.875336050987243652e-01
3.869500160217285156e-01
3.866796195507049561e-01
3.870074152946472168e-01
3.810922503471374512e-01
3.842611312866210938e-01
3.879511654376983643e-01
3.878520429134368896e-01
3.799780011177062988e-01
3.819827437400817871e-01
3.814789354801177979e-01
3.784454464912414551e-01
3.754777610301971436e-01
3.726156949996948242e-01
3.734528720378875732e-01
3.739402890205383301e-01
0.000000000000000000e+00
3.868604302406311035e-01
3.868241906166076660e-01
3.870101571083068848e-01
3.871554136276245117e-01
3.882420659065246582e-01
3.887127041816711426e-01
3.885790109634399414e-01
3.884140253067016602e-01
3.880569636821746826e-01
3.875797688961029053e-01
3.868461251258850098e-01
3.680171072483062744e-01
3.829715251922607422e-01
4.330097436904907227e-01
3.948475420475006104e-01
3.921560347080230713e-01
3.888871073722839355e-01
3.888489603996276855e-01
4.279487133026123047e-01
4.349032938480377197e-01
0.000000000000000000e+00
0.000000000000000000e+00
0.000000000000000000e+00
0.000000000000000000e+00
0.000000000000000000e+00
0.000000000000000000e+00
3.901821672916412354e-01
3.930781483650207520e-01
0.000000000000000000e+00
0.000000000000000000e+00
0.000000000000000000e+00
3.845465183258056641e-01
3.850630819797515869e-01
3.819722831249237061e-01
3.841404318809509277e-01
3.845643103122711182e-01
3.845641016960144043e-01
3.835013508796691895e-01
3.801530003547668457e-01
3.810797929763793945e-01
3.802788853645324707e-01
3.803480267524719238e-01
3.798963725566864014e-01
3.796259760856628418e-01
3.779009282588958740e-01
3.816425502300262451e-01
3.786819875240325928e-01
3.790717720985412598e-01
0.000000000000000000e+00
3.757152557373046875e-01
3.245778679847717285e-01
0.000000000000000000e+00
3.777234852313995361e-01
3.776457011699676514e-01
3.767995238304138184e-01
0.000000000000000000e+00
3.806730508804321289e-01
3.829872906208038330e-01
3.857012391090393066e-01
3.680171370506286621e-01
3.680176138877868652e-01
3.688656687736511230e-01
3.699187636375427246e-01
3.680171370506286621e-01
3.871104717254638672e-01
3.871477246284484863e-01
3.871357440948486328e-01
3.874541819095611572e-01
3.680171072483062744e-01
3.874981403350830078e-01
3.873495161533355713e-01
3.847280144691467285e-01
3.836740851402282715e-01
3.816462755203247070e-01
3.778478205204010010e-01
3.754449486732482910e-01
3.734980523586273193e-01
3.727723062038421631e-01
3.719686865806579590e-01
3.718172311782836914e-01
3.713787198066711426e-01
3.692266345024108887e-01
3.692117333412170410e-01
3.693969845771789551e-01
3.698516786098480225e-01
3.695729672908782959e-01
3.693859577178955078e-01
3.691991567611694336e-01
3.686704337596893311e-01
3.691853880882263184e-01
3.692538738250732422e-01
3.689903616905212402e-01
3.682546019554138184e-01
3.681083917617797852e-01
3.682150840759277344e-01
3.684173822402954102e-01
3.694979846477508545e-01
3.693780899047851562e-01
3.691403269767761230e-01
3.693319559097290039e-01
3.680171072483062744e-01
3.819448947906494141e-01
3.798135817050933838e-01
3.767940700054168701e-01
3.751840889453887939e-01
3.760266900062561035e-01
3.782970011234283447e-01
3.786062300205230713e-01
3.760813474655151367e-01
3.764015436172485352e-01
3.757669329643249512e-01
3.739850223064422607e-01
3.737558722496032715e-01
3.876788616180419922e-01
3.877148032188415527e-01
3.906630277633666992e-01
3.910770416259765625e-01
3.680171072483062744e-01
3.909593522548675537e-01
3.902898132801055908e-01
3.729499578475952148e-01
3.754301369190216064e-01
3.771799504756927490e-01
3.806122541427612305e-01
3.809951841831207275e-01
3.823736011981964111e-01
3.832049369812011719e-01
3.827120065689086914e-01
3.830389678478240967e-01
3.806613385677337646e-01
3.857915103435516357e-01
3.959781527519226074e-01
3.959778845310211182e-01
3.842206597328186035e-01
3.838107585906982422e-01
3.865599334239959717e-01
3.853865265846252441e-01
3.818285763263702393e-01
3.785390257835388184e-01
3.755578100681304932e-01
3.778756558895111084e-01
3.803133070468902588e-01
3.769441843032836914e-01
3.729944825172424316e-01
3.744435012340545654e-01
3.734416365623474121e-01
3.731868863105773926e-01
3.734716176986694336e-01
3.790008425712585449e-01
3.788853585720062256e-01
3.788969516754150391e-01
3.765631914138793945e-01
3.773275017738342285e-01
3.787576556205749512e-01
3.778019249439239502e-01
3.791717290878295898e-01
3.825000822544097900e-01
3.848226070404052734e-01
3.854351937770843506e-01
3.870546817779541016e-01
3.873569965362548828e-01
3.881849944591522217e-01
3.884636759757995605e-01
3.886208534240722656e-01
3.861572742462158203e-01
3.890511393547058105e-01
3.872571289539337158e-01
3.884322345256805420e-01
3.884234130382537842e-01
3.889369964599609375e-01
3.886851072311401367e-01
3.876365721225738525e-01
3.889124691486358643e-01
3.898627460002899170e-01
3.894949555397033691e-01
3.896195888519287109e-01
3.896896541118621826e-01
3.898812234401702881e-01
3.901288807392120361e-01
3.901925683021545410e-01
3.904414176940917969e-01
3.904305100440979004e-01
3.905886411666870117e-01
3.906155228614807129e-01
3.904932737350463867e-01
3.903236985206604004e-01
3.867607116699218750e-01
3.903713822364807129e-01
3.902690708637237549e-01
3.898078501224517822e-01
3.680171370506286621e-01
3.903079628944396973e-01
3.905380368232727051e-01
3.904399871826171875e-01
3.905529975891113281e-01
3.902739584445953369e-01
3.898459672927856445e-01
3.889663219451904297e-01
3.892863392829895020e-01
3.887346088886260986e-01
3.882636725902557373e-01
3.900405764579772949e-01
3.904134631156921387e-01
3.907159268856048584e-01
3.896486163139343262e-01
3.856318295001983643e-01
3.889950811862945557e-01
3.879253268241882324e-01
3.880125582218170166e-01
3.861696124076843262e-01
3.842258751392364502e-01
3.837556242942810059e-01
3.883335292339324951e-01
3.882259130477905273e-01
3.845283985137939453e-01
3.884933292865753174e-01
3.884655833244323730e-01
3.868019580841064453e-01
3.904063105583190918e-01
3.863864541053771973e-01
3.905643224716186523e-01
3.887597322463989258e-01
3.891810178756713867e-01
3.904743194580078125e-01
3.896658122539520264e-01
3.908928632736206055e-01
3.897475004196166992e-01
3.884082436561584473e-01
3.852902650833129883e-01
3.856654763221740723e-01
3.875785768032073975e-01
3.851977586746215820e-01
3.845360875129699707e-01
3.843565285205841064e-01
3.835344314575195312e-01
3.848027884960174561e-01
3.860256671905517578e-01
3.866717219352722168e-01
3.879069089889526367e-01
3.882737755775451660e-01
3.876169621944427490e-01
3.885902166366577148e-01
3.875027894973754883e-01
3.877170681953430176e-01
3.869265615940093994e-01
3.857249915599822998e-01
3.881359100341796875e-01
3.872934877872467041e-01
3.865067660808563232e-01
3.869060873985290527e-01
3.872010111808776855e-01
3.836320042610168457e-01
3.857926130294799805e-01
3.872328400611877441e-01
3.841693699359893799e-01
3.874079585075378418e-01
3.876718878746032715e-01
3.880365788936614990e-01
3.883816897869110107e-01
3.885598778724670410e-01
3.871426284313201904e-01
3.874437212944030762e-01
3.866572976112365723e-01
3.937907814979553223e-01
3.915376365184783936e-01
3.929462730884552002e-01
3.929651081562042236e-01
3.923866748809814453e-01
3.680283427238464355e-01
3.900716006755828857e-01
3.901959359645843506e-01
3.898765742778778076e-01
3.897924423217773438e-01
3.899078369140625000e-01
3.902489840984344482e-01
3.882383704185485840e-01
3.875538408756256104e-01
3.873175978660583496e-01
3.867862820625305176e-01
3.857652246952056885e-01
3.858512043952941895e-01
3.864022493362426758e-01
3.871660530567169189e-01
3.862974345684051514e-01
3.882015049457550049e-01
3.884299993515014648e-01
3.877720832824707031e-01
3.881166279315948486e-01
3.887246549129486084e-01
3.889410495758056641e-01
3.891869783401489258e-01
3.893999457359313965e-01
3.888044953346252441e-01
3.884744048118591309e-01
3.879816234111785889e-01
3.872685134410858154e-01
3.836903274059295654e-01
3.814823925495147705e-01
3.797699213027954102e-01
3.783770203590393066e-01
3.770737349987030029e-01
3.760563731193542480e-01
3.755791783332824707e-01
3.744861483573913574e-01
3.738799095153808594e-01
3.734101653099060059e-01
3.730027973651885986e-01
3.726228773593902588e-01
3.723508119583129883e-01
3.720861077308654785e-01
3.717182278633117676e-01
3.856638073921203613e-01
3.841108381748199463e-01
3.851349353790283203e-01
3.834498226642608643e-01
3.821009993553161621e-01
3.759984076023101807e-01
3.806734085083007812e-01
3.793943524360656738e-01
3.680171072483062744e-01
3.815126717090606689e-01
3.843087553977966309e-01
3.863956332206726074e-01
3.866381943225860596e-01
3.827526867389678955e-01
3.817260265350341797e-01
3.869421482086181641e-01
3.870246410369873047e-01
3.836205303668975830e-01
3.869371414184570312e-01
3.759077787399291992e-01
3.762585222721099854e-01
3.787725269794464111e-01
3.841562867164611816e-01
3.841220140457153320e-01
3.851062059402465820e-01
3.847836256027221680e-01
3.854431509971618652e-01
3.842019140720367432e-01
3.829760253429412842e-01
3.817126452922821045e-01
3.799262940883636475e-01
3.801153898239135742e-01
3.795701265335083008e-01
3.788596987724304199e-01
3.785209655761718750e-01
3.798221349716186523e-01
3.767381310462951660e-01
3.799735903739929199e-01
3.788885474205017090e-01
3.790267109870910645e-01
3.733273446559906006e-01
3.720188140869140625e-01
3.784995377063751221e-01
3.816283345222473145e-01
3.800239264965057373e-01
3.790259957313537598e-01
3.794014751911163330e-01
3.810116052627563477e-01
3.818034231662750244e-01
3.785930573940277100e-01
3.832936882972717285e-01
3.797658681869506836e-01
3.807012140750885010e-01
3.825945258140563965e-01
3.819018304347991943e-01
3.821156620979309082e-01
3.842972218990325928e-01
3.844643235206604004e-01
3.844372034072875977e-01
3.858234882354736328e-01
3.873090147972106934e-01
3.837477564811706543e-01
3.818304538726806641e-01
3.680171072483062744e-01
3.898802697658538818e-01
3.891120851039886475e-01
3.869756162166595459e-01
3.848245143890380859e-01
3.867073059082031250e-01
3.861750960350036621e-01
3.850480020046234131e-01
3.841339945793151855e-01
3.838128149509429932e-01
3.835141062736511230e-01
3.864292502403259277e-01
3.867657780647277832e-01
3.869233727455139160e-01
3.865323066711425781e-01
3.864495754241943359e-01
3.868879973888397217e-01
3.875423669815063477e-01
3.874731957912445068e-01
3.875601887702941895e-01
3.875979185104370117e-01
3.875364363193511963e-01
3.873112201690673828e-01
3.869096934795379639e-01
3.873279392719268799e-01
3.853366076946258545e-01
3.830779492855072021e-01
3.779725432395935059e-01
3.764881491661071777e-01
3.798655867576599121e-01
3.827669620513916016e-01
3.842373490333557129e-01
3.856765925884246826e-01
3.865772783756256104e-01
3.866881728172302246e-01
3.867201209068298340e-01
3.862353265285491943e-01
3.850262761116027832e-01
3.860095441341400146e-01
3.867932558059692383e-01
3.867892622947692871e-01
3.862454891204833984e-01
3.863669931888580322e-01
3.864153027534484863e-01
3.866063058376312256e-01
3.863424360752105713e-01
3.863506913185119629e-01
3.862901926040649414e-01
3.864832222461700439e-01
3.871015608310699463e-01
2.079972922801971436e-01
3.889478147029876709e-01
3.889742195606231689e-01
3.890577256679534912e-01
3.894497454166412354e-01
3.896450996398925781e-01
3.896847665309906006e-01
3.897759020328521729e-01
3.899005353450775146e-01
3.899222910404205322e-01
3.898923993110656738e-01
3.897531330585479736e-01
3.896245062351226807e-01
3.874675333499908447e-01
3.896074891090393066e-01
3.885263502597808838e-01
3.885801136493682861e-01
3.884207606315612793e-01
3.889233171939849854e-01
3.867073655128479004e-01
3.885975480079650879e-01
3.842571377754211426e-01
3.880503177642822266e-01
3.680201172828674316e-01
3.881143331527709961e-01
3.885164260864257812e-01
3.853788077831268311e-01
3.858561813831329346e-01
3.876565098762512207e-01
3.877941966056823730e-01
3.879763484001159668e-01
3.883326649665832520e-01
3.875949978828430176e-01
3.885233402252197266e-01
3.882296681404113770e-01
3.890692293643951416e-01
3.883668184280395508e-01
3.885025978088378906e-01
3.891878724098205566e-01
3.894677162170410156e-01
3.895168304443359375e-01
3.893424272537231445e-01
3.874237835407257080e-01
3.886901438236236572e-01
3.873642683029174805e-01
3.873642086982727051e-01
3.860778212547302246e-01
3.854649960994720459e-01
3.842956423759460449e-01
3.844566047191619873e-01
3.861259818077087402e-01
3.867706954479217529e-01
3.880333304405212402e-01
3.867479264736175537e-01
3.887579739093780518e-01
3.885745108127593994e-01
3.884151577949523926e-01
3.843139708042144775e-01
3.882966339588165283e-01
3.842460215091705322e-01
3.970785737037658691e-01
3.889723718166351318e-01
3.892915844917297363e-01
3.888482451438903809e-01
3.875176608562469482e-01
3.857921063899993896e-01
3.878822028636932373e-01
3.873710632324218750e-01
3.886759877204895020e-01
3.879487514495849609e-01
3.873320817947387695e-01
3.861955702304840088e-01
3.850874006748199463e-01
3.861834406852722168e-01
3.845967352390289307e-01
3.830647468566894531e-01
3.828918039798736572e-01
3.835711479187011719e-01
3.824369311332702637e-01
3.824549615383148193e-01
3.826575279235839844e-01
3.816651999950408936e-01
3.824814856052398682e-01
3.851425647735595703e-01
3.841529488563537598e-01
3.848802447319030762e-01
3.837748467922210693e-01
3.817218840122222900e-01
3.849494755268096924e-01
3.859974443912506104e-01
3.819564282894134521e-01
3.867058753967285156e-01
3.870690166950225830e-01
3.864769637584686279e-01
3.856501281261444092e-01
3.820500373840332031e-01
3.849390745162963867e-01
3.834708929061889648e-01
3.756103217601776123e-01
3.766326308250427246e-01
3.825392723083496094e-01
3.765899240970611572e-01
3.825262188911437988e-01
3.835976123809814453e-01
3.870173096656799316e-01
3.819779455661773682e-01
3.832791745662689209e-01
3.864155113697052002e-01
3.799171745777130127e-01
3.851942718029022217e-01
3.837127387523651123e-01
3.866176903247833252e-01
3.844621479511260986e-01
3.827180862426757812e-01
3.820492327213287354e-01
3.810181915760040283e-01
3.833792805671691895e-01
3.833637833595275879e-01
3.854604065418243408e-01
3.854261636734008789e-01
3.854866325855255127e-01
3.868055939674377441e-01
3.865897059440612793e-01
3.859312534332275391e-01
3.850253224372863770e-01
3.853909671306610107e-01
3.828957378864288330e-01
3.863687813282012939e-01
3.869183361530303955e-01
3.856438398361206055e-01
3.850895166397094727e-01
3.855775892734527588e-01
3.847485482692718506e-01
3.837237060070037842e-01
3.849905431270599365e-01
3.838184475898742676e-01
3.875410258769989014e-01
3.861692547798156738e-01
3.880838155746459961e-01
3.875510096549987793e-01
3.885720074176788330e-01
3.890123367309570312e-01
3.879514038562774658e-01
3.910790085792541504e-01
3.906993269920349121e-01
3.905843496322631836e-01
3.875662088394165039e-01
3.889905214309692383e-01
3.890846669673919678e-01
3.882580995559692383e-01
3.895481824874877930e-01
3.894028663635253906e-01
3.892006278038024902e-01
3.886104822158813477e-01
3.884212374687194824e-01
3.886830806732177734e-01
3.889735341072082520e-01
3.888520598411560059e-01
3.892133831977844238e-01
3.889647424221038818e-01
3.893680274486541748e-01
3.894196748733520508e-01
3.882980644702911377e-01
3.883788585662841797e-01
3.870185017585754395e-01
3.902283906936645508e-01
3.910339474678039551e-01
3.918334841728210449e-01
3.895791172981262207e-01
3.901970982551574707e-01
3.897977173328399658e-01
3.902043700218200684e-01
3.899078965187072754e-01
3.909596502780914307e-01
3.910837471485137939e-01
3.910577893257141113e-01
3.905186057090759277e-01
3.903546333312988281e-01
3.902978897094726562e-01
3.910387158393859863e-01
3.908019065856933594e-01
3.908369541168212891e-01
3.910400271415710449e-01
3.911203742027282715e-01
3.911210000514984131e-01
3.910674750804901123e-01
3.902728259563446045e-01
3.914312124252319336e-01
3.896167278289794922e-01
3.888714015483856201e-01
3.885842263698577881e-01
3.888896107673645020e-01
3.891443610191345215e-01
3.897958397865295410e-01
3.898004293441772461e-01
3.902076780796051025e-01
3.902440667152404785e-01
3.898323178291320801e-01
3.887920975685119629e-01
3.883010745048522949e-01
3.886238038539886475e-01
3.883681595325469971e-01
3.885211944580078125e-01
3.886198699474334717e-01
3.881982564926147461e-01
3.874838948249816895e-01
3.868914246559143066e-01
3.868945240974426270e-01
3.866029381752014160e-01
3.840926289558410645e-01
3.854760527610778809e-01
3.885683417320251465e-01
3.888806104660034180e-01
3.887150287628173828e-01
3.887325227260589600e-01
3.886242508888244629e-01
3.882397115230560303e-01
3.886918425559997559e-01
3.877587020397186279e-01
3.851335644721984863e-01
3.721944093704223633e-01
3.718030452728271484e-01
3.722981214523315430e-01
3.738419413566589355e-01
3.732405304908752441e-01
3.720573782920837402e-01
3.718479871749877930e-01
3.712376952171325684e-01
3.712314963340759277e-01
3.715289235115051270e-01
3.709315657615661621e-01
3.736657500267028809e-01
3.680171072483062744e-01
3.724509775638580322e-01
3.700762987136840820e-01
3.888951241970062256e-01
3.866507411003112793e-01
3.736732006072998047e-01
3.888228237628936768e-01
3.879270255565643311e-01
3.889549076557159424e-01
3.888217210769653320e-01
3.887999951839447021e-01
3.898349106311798096e-01
3.892852663993835449e-01
3.891033232212066650e-01
3.877697288990020752e-01
3.872812688350677490e-01
3.882553577423095703e-01
3.876070380210876465e-01
3.875401616096496582e-01
3.878713250160217285e-01
3.871215581893920898e-01
3.869990110397338867e-01
3.839767575263977051e-01
3.854629993438720703e-01
3.824160695075988770e-01
3.851872980594635010e-01
3.837654292583465576e-01
3.853312134742736816e-01
3.827794492244720459e-01
3.869072496891021729e-01
3.872802853584289551e-01
3.863973915576934814e-01
3.880606293678283691e-01
3.899867832660675049e-01
3.887781500816345215e-01
3.846290707588195801e-01
3.853850662708282471e-01
3.867372870445251465e-01
3.856418132781982422e-01
3.846429884433746338e-01
3.842563033103942871e-01
3.833229541778564453e-01
3.721423745155334473e-01
3.821556270122528076e-01
3.827839195728302002e-01
3.834582567214965820e-01
3.832406401634216309e-01
3.821528851985931396e-01
3.831326365470886230e-01
3.825595080852508545e-01
3.831595182418823242e-01
3.830135166645050049e-01
3.842804729938507080e-01
3.857622444629669189e-01
3.829988241195678711e-01
3.786773681640625000e-01
3.814316987991333008e-01
3.794704079627990723e-01
3.800479471683502197e-01
3.835813999176025391e-01
3.809665441513061523e-01
3.841874003410339355e-01
3.860549628734588623e-01
3.842147588729858398e-01
3.850884139537811279e-01
3.880729377269744873e-01
3.880066275596618652e-01
3.881687223911285400e-01
3.867491483688354492e-01
3.887822628021240234e-01
3.888944983482360840e-01
3.885294795036315918e-01
3.891537487506866455e-01
3.885580301284790039e-01
3.888253271579742432e-01
3.893792927265167236e-01
3.894584178924560547e-01
3.895751237869262695e-01
3.893468379974365234e-01
3.884144127368927002e-01
3.680171072483062744e-01
3.896126449108123779e-01
3.870213925838470459e-01
3.878441751003265381e-01
3.878096938133239746e-01
3.882377445697784424e-01
3.883790969848632812e-01
3.867353200912475586e-01
3.893785774707794189e-01
3.873339891433715820e-01
3.881337940692901611e-01
3.894880712032318115e-01
3.898598551750183105e-01
3.899807631969451904e-01
3.899172246456146240e-01
3.898365497589111328e-01
3.896533548831939697e-01
3.969405293464660645e-01
3.899713456630706787e-01
3.905944228172302246e-01
3.904438018798828125e-01
3.905532062053680420e-01
3.902530372142791748e-01
3.902557790279388428e-01
3.946808576583862305e-01
3.943482935428619385e-01
3.939493298530578613e-01
3.926144838333129883e-01
3.944885730743408203e-01
3.925012946128845215e-01
3.918053209781646729e-01
3.929789364337921143e-01
3.925766348838806152e-01
3.921818137168884277e-01
3.917217254638671875e-01
3.911295533180236816e-01
3.898712396621704102e-01
3.771234750747680664e-01
3.891165256500244141e-01
3.893737494945526123e-01
3.903715312480926514e-01
3.877535462379455566e-01
3.873364925384521484e-01
3.875459730625152588e-01
3.880898356437683105e-01
3.874609470367431641e-01
3.887913227081298828e-01
3.889634311199188232e-01
3.892000317573547363e-01
3.893091678619384766e-01
3.893337845802307129e-01
3.892110884189605713e-01
3.891198039054870605e-01
3.890047967433929443e-01
3.887462913990020752e-01
3.887697756290435791e-01
3.877610564231872559e-01
3.865824937820434570e-01
3.844016790390014648e-01
3.816268742084503174e-01
3.787400424480438232e-01
3.806295990943908691e-01
3.797420859336853027e-01
3.805454373359680176e-01
3.877058029174804688e-01
3.886368870735168457e-01
3.885632753372192383e-01
3.886961042881011963e-01
3.902053236961364746e-01
3.910567164421081543e-01
3.897445797920227051e-01
3.905996084213256836e-01
3.896543383598327637e-01
3.895599246025085449e-01
3.888124823570251465e-01
3.895346522331237793e-01
3.895679712295532227e-01
3.894847035408020020e-01
3.894855976104736328e-01
3.898180425167083740e-01
3.900036215782165527e-01
3.897865712642669678e-01
3.898589909076690674e-01
3.901559710502624512e-01
3.903101980686187744e-01
3.909407854080200195e-01
3.908788561820983887e-01
3.907779455184936523e-01
3.900830745697021484e-01
3.899003863334655762e-01
3.895284533500671387e-01
3.893183469772338867e-01
3.898020684719085693e-01
3.680171072483062744e-01
3.900271654129028320e-01
3.894268274307250977e-01
3.906827569007873535e-01
3.906623125076293945e-01
3.904205560684204102e-01
3.876612186431884766e-01
3.869544863700866699e-01
3.868905007839202881e-01
3.871376514434814453e-01
3.839346766471862793e-01
3.842357993125915527e-01
3.837968409061431885e-01
3.793233036994934082e-01
3.761281371116638184e-01
3.759084343910217285e-01
3.767246901988983154e-01
3.736744523048400879e-01
3.739629387855529785e-01
3.724161982536315918e-01
3.740459382534027100e-01
3.741437792778015137e-01
3.753671944141387939e-01
3.739831447601318359e-01
3.760652244091033936e-01
3.740949630737304688e-01
3.747636675834655762e-01
3.752663135528564453e-01
3.725386261940002441e-01
3.721431493759155273e-01
3.729097545146942139e-01
3.729810714721679688e-01
3.720230460166931152e-01
3.738659024238586426e-01
3.741481900215148926e-01
3.732779920101165771e-01
3.730133175849914551e-01
3.710074424743652344e-01
3.712513446807861328e-01
3.722822666168212891e-01
3.752728998661041260e-01
3.793692588806152344e-01
3.821451663970947266e-01
3.839271664619445801e-01
3.849679231643676758e-01
3.843902647495269775e-01
3.860446214675903320e-01
3.858745098114013672e-01
3.852092325687408447e-01
3.846367895603179932e-01
3.680171072483062744e-01
3.889904618263244629e-01
3.887386322021484375e-01
3.884323239326477051e-01
3.894400596618652344e-01
3.889214098453521729e-01
3.890787661075592041e-01
3.892524838447570801e-01
3.884307742118835449e-01
3.874344825744628906e-01
3.953981995582580566e-01
3.903961777687072754e-01
3.899673223495483398e-01
3.908458352088928223e-01
3.885561227798461914e-01
3.895038664340972900e-01
3.898676037788391113e-01
3.877455592155456543e-01
3.902608156204223633e-01
3.878936469554901123e-01
3.895449638366699219e-01
3.895896971225738525e-01
3.897837996482849121e-01
3.898314833641052246e-01
3.895152211189270020e-01
3.891341090202331543e-01
3.883800804615020752e-01
3.883633613586425781e-01
3.882553577423095703e-01
3.888364136219024658e-01
3.901790976524353027e-01
3.906110227108001709e-01
3.916400372982025146e-01
3.915393948554992676e-01
3.961065113544464111e-01
3.957335352897644043e-01
3.878887295722961426e-01
3.882266879081726074e-01
3.885497450828552246e-01
3.829731047153472900e-01
3.894653618335723877e-01
3.869965970516204834e-01
3.873171210289001465e-01
3.869841396808624268e-01
3.892587125301361084e-01
3.878133594989776611e-01
3.873995542526245117e-01
3.872788846492767334e-01
3.928343355655670166e-01
3.914029300212860107e-01
3.891558945178985596e-01
3.892259299755096436e-01
3.882412314414978027e-01
3.877114653587341309e-01
3.858447670936584473e-01
3.854541778564453125e-01
3.835949599742889404e-01
3.825446367263793945e-01
3.813767433166503906e-01
3.766133189201354980e-01
3.777174949645996094e-01
3.773749470710754395e-01
3.810802400112152100e-01
3.825458288192749023e-01
3.684624433517456055e-01
3.814857006072998047e-01
3.796831071376800537e-01
3.797523081302642822e-01
3.784925341606140137e-01
3.808703124523162842e-01
3.814230263233184814e-01
3.803248405456542969e-01
3.851166367530822754e-01
3.865257203578948975e-01
3.864939808845520020e-01
3.857056200504302979e-01
3.862072527408599854e-01
3.852529525756835938e-01
3.859067857265472412e-01
3.682634830474853516e-01
3.850009441375732422e-01
3.877454698085784912e-01
3.881542682647705078e-01
3.879007399082183838e-01
3.882363438606262207e-01
3.870915472507476807e-01
3.886715471744537354e-01
3.889744579792022705e-01
3.877892196178436279e-01
3.880559802055358887e-01
3.884857296943664551e-01
3.883866667747497559e-01
3.881220817565917969e-01
3.892703652381896973e-01
3.879580199718475342e-01
3.887225389480590820e-01
3.890047371387481689e-01
3.880781829357147217e-01
3.889440000057220459e-01
3.887414634227752686e-01
3.887976408004760742e-01
3.884875774383544922e-01
3.873485624790191650e-01
3.884253799915313721e-01
3.879904150962829590e-01
3.865185379981994629e-01
3.881841599941253662e-01
3.884496390819549561e-01
3.885377943515777588e-01
3.886016011238098145e-01
3.887258172035217285e-01
3.891208767890930176e-01
3.889832198619842529e-01
3.680171072483062744e-01
3.881611526012420654e-01
3.884074985980987549e-01
3.887635767459869385e-01
3.894249796867370605e-01
3.897424936294555664e-01
3.885084688663482666e-01
3.860679566860198975e-01
3.871146738529205322e-01
3.864164650440216064e-01
3.867868483066558838e-01
3.874908089637756348e-01
3.680171072483062744e-01
3.894501626491546631e-01
3.890321850776672363e-01
3.895876407623291016e-01
3.897222280502319336e-01
3.898430466651916504e-01
3.895859420299530029e-01
3.895232975482940674e-01
3.902470767498016357e-01
3.903129398822784424e-01
3.903239369392395020e-01
3.903953135013580322e-01
3.902677893638610840e-01
3.903758823871612549e-01
3.897798657417297363e-01
3.910370469093322754e-01
3.879797756671905518e-01
3.709293007850646973e-01
3.810193240642547607e-01
3.864123225212097168e-01
3.868764638900756836e-01
3.887960612773895264e-01
3.882021903991699219e-01
3.879902064800262451e-01
3.886863589286804199e-01
3.893312811851501465e-01
3.894333243370056152e-01
3.881761729717254639e-01
3.887723684310913086e-01
3.881865441799163818e-01
3.883866667747497559e-01
3.883773684501647949e-01
3.851850032806396484e-01
3.874539434909820557e-01
3.878337442874908447e-01
3.864872157573699951e-01
3.846680223941802979e-01
3.841894268989562988e-01
3.843596279621124268e-01
3.849829435348510742e-01
3.850011825561523438e-01
3.844091296195983887e-01
3.842799663543701172e-01
3.852918148040771484e-01
3.849929273128509521e-01
3.839572668075561523e-01
3.822138905525207520e-01
3.803927004337310791e-01
3.698918819427490234e-01
3.684926629066467285e-01
3.751869201660156250e-01
3.783096969127655029e-01
3.714435100555419922e-01
3.754767775535583496e-01
3.719556927680969238e-01
3.834251165390014648e-01
3.834124505519866943e-01
3.834213316440582275e-01
3.812798261642456055e-01
3.818127810955047607e-01
3.804821074008941650e-01
3.812091052532196045e-01
3.838267922401428223e-01
3.830376267433166504e-01
3.811181187629699707e-01
3.790917992591857910e-01
3.771518170833587646e-01
3.755770921707153320e-01
3.740375041961669922e-01
3.756825029850006104e-01
3.746654987335205078e-01
3.745467960834503174e-01
3.772614598274230957e-01
3.757477402687072754e-01
3.746555447578430176e-01
3.758601546287536621e-01
3.757747709751129150e-01
3.745714426040649414e-01
3.743400275707244873e-01
3.747390508651733398e-01
3.751048743724822998e-01
3.743242025375366211e-01
3.756021857261657715e-01
3.749016523361206055e-01
3.742203116416931152e-01
3.736383616924285889e-01
3.731575012207031250e-01
3.806091248989105225e-01
3.723803162574768066e-01
3.720663487911224365e-01
3.718212842941284180e-01
3.798307180404663086e-01
3.813890218734741211e-01
3.862296342849731445e-01
3.827684521675109863e-01
3.969405293464660645e-01
3.873348832130432129e-01
3.767804205417633057e-01
3.889663219451904297e-01
3.894820809364318848e-01
3.865168988704681396e-01
3.867529630661010742e-01
3.867529928684234619e-01
3.890451788902282715e-01
3.888982236385345459e-01
3.886239230632781982e-01
3.884777426719665527e-01
3.881849646568298340e-01
3.870948851108551025e-01
3.866228163242340088e-01
3.863011300563812256e-01
3.853369951248168945e-01
3.842728435993194580e-01
3.817305266857147217e-01
3.850682377815246582e-01
3.821794986724853516e-01
3.866541385650634766e-01
2.706948518753051758e-01
2.410530447959899902e-01
2.926718592643737793e-01
3.922663033008575439e-01
3.906835913658142090e-01
3.913601636886596680e-01
3.902634978294372559e-01
4.502153992652893066e-01
4.506773352622985840e-01
4.485117197036743164e-01
4.559076428413391113e-01
4.532348215579986572e-01
4.578068256378173828e-01
4.580446183681488037e-01
4.313732683658599854e-01
4.326713681221008301e-01
4.104693830013275146e-01
4.103667736053466797e-01
4.114404618740081787e-01
4.047589004039764404e-01
3.871400356292724609e-01
3.875115513801574707e-01
3.928443491458892822e-01
3.963409066200256348e-01
3.913579285144805908e-01
3.898123800754547119e-01
3.862878680229187012e-01
3.881352245807647705e-01
3.848483264446258545e-01
3.832618296146392822e-01
3.827739953994750977e-01
3.822222948074340820e-01
3.818575143814086914e-01
3.833112716674804688e-01
3.825972676277160645e-01
3.820430636405944824e-01
3.817490935325622559e-01
3.817908167839050293e-01
3.817530572414398193e-01
3.827770352363586426e-01
3.834355473518371582e-01
3.841038048267364502e-01
3.841800093650817871e-01
3.880814611911773682e-01
2.786859869956970215e-01
3.860348463058471680e-01
3.966949284076690674e-01
3.791037797927856445e-01
3.870519697666168213e-01
3.887361884117126465e-01
3.882699012756347656e-01
3.896943926811218262e-01
3.945514857769012451e-01
3.946255445480346680e-01
3.953240513801574707e-01
3.955547213554382324e-01
3.949983417987823486e-01
3.945778310298919678e-01
3.925593197345733643e-01
3.933268487453460693e-01
3.929361999034881592e-01
3.925836980342864990e-01
3.928590714931488037e-01
3.937808871269226074e-01
3.903797268867492676e-01
3.913534879684448242e-01
3.914883136749267578e-01
3.899649679660797119e-01
3.885580897331237793e-01
3.875311017036437988e-01
3.864355385303497314e-01
3.909477293491363525e-01
3.827481269836425781e-01
3.911899328231811523e-01
3.913190960884094238e-01
3.914287090301513672e-01
3.879441618919372559e-01
3.896603286266326904e-01
3.895258605480194092e-01
3.846136927604675293e-01
3.821034729480743408e-01
3.782128095626831055e-01
3.930599391460418701e-01
3.956760168075561523e-01
3.766873180866241455e-01
3.731701970100402832e-01
3.922935426235198975e-01
3.946032524108886719e-01
3.725455403327941895e-01
3.732004165649414062e-01
3.783209919929504395e-01
3.805184364318847656e-01
3.878335356712341309e-01
3.875210881233215332e-01
3.871681690216064453e-01
3.866204619407653809e-01
3.849103450775146484e-01
3.830407857894897461e-01
3.711075186729431152e-01
3.804183900356292725e-01
3.721599578857421875e-01
3.703904151916503906e-01
3.727318644523620605e-01
3.723590970039367676e-01
3.703931570053100586e-01
3.714440464973449707e-01
3.709037303924560547e-01
3.716072738170623779e-01
3.718358874320983887e-01
3.706859350204467773e-01
3.715413212776184082e-01
3.711707293987274170e-01
3.738377094268798828e-01
3.757363259792327881e-01
3.792734146118164062e-01
3.794247806072235107e-01
3.809340000152587891e-01
3.821322023868560791e-01
3.835175037384033203e-01
3.846223652362823486e-01
3.852256238460540771e-01
3.859442770481109619e-01
3.844326138496398926e-01
3.875674307346343994e-01
3.896018266677856445e-01
3.924608826637268066e-01
3.906050622463226318e-01
3.918630480766296387e-01
3.911522626876831055e-01
3.937160074710845947e-01
3.939442038536071777e-01
3.956923484802246094e-01
3.942967057228088379e-01
3.947407901287078857e-01
3.968309462070465088e-01
3.884877264499664307e-01
3.946959078311920166e-01
3.938732743263244629e-01
3.946760594844818115e-01
3.939849734306335449e-01
3.946990668773651123e-01
3.936753273010253906e-01
3.940550982952117920e-01
3.938924968242645264e-01
3.941216766834259033e-01
3.954744040966033936e-01
3.928917050361633301e-01
3.842877149581909180e-01
3.887280821800231934e-01
3.883257806301116943e-01
3.904602527618408203e-01
3.891829252243041992e-01
3.914293646812438965e-01
3.880268037319183350e-01
3.919967114925384521e-01
3.954696059226989746e-01
3.762926757335662842e-01
3.851218521595001221e-01
3.887978196144104004e-01
3.888874650001525879e-01
3.888120055198669434e-01
3.890058100223541260e-01
3.887169659137725830e-01
3.874567747116088867e-01
3.851156830787658691e-01
3.870646059513092041e-01
3.682609200477600098e-01
3.888818919658660889e-01
3.808437287807464600e-01
3.794895410537719727e-01
3.765773177146911621e-01
3.785670399665832520e-01
3.778538405895233154e-01
3.808973729610443115e-01
3.853221535682678223e-01
3.874957859516143799e-01
3.863508403301239014e-01
3.863167762756347656e-01
3.856204450130462646e-01
3.867152929306030273e-01
3.866393864154815674e-01
3.867624998092651367e-01
3.864135146141052246e-01
3.883887529373168945e-01
3.889751732349395752e-01
3.870211839675903320e-01
3.887346684932708740e-01
3.889788687229156494e-01
3.880415558815002441e-01
3.881234228610992432e-01
3.882532715797424316e-01
3.874914050102233887e-01
3.883777260780334473e-01
3.881358504295349121e-01
3.876943588256835938e-01
3.859786093235015869e-01
3.851432204246520996e-01
3.804490566253662109e-01
3.793357610702514648e-01
3.794711232185363770e-01
3.795889317989349365e-01
3.812436461448669434e-01
3.858032822608947754e-01
3.867438435554504395e-01
3.886047601699829102e-01
3.893699049949645996e-01
3.894022405147552490e-01
3.897528350353240967e-01
3.909161686897277832e-01
3.894215226173400879e-01
3.893146216869354248e-01
3.892478048801422119e-01
3.891431391239166260e-01
3.890753686428070068e-01
3.890416026115417480e-01
3.889151215553283691e-01
3.883685171604156494e-01
3.883955478668212891e-01
3.886199593544006348e-01
3.880502581596374512e-01
3.890386819839477539e-01
3.890230655670166016e-01
3.889079093933105469e-01
3.882105648517608643e-01
3.889402151107788086e-01
3.889967203140258789e-01
3.880948424339294434e-01
3.892379403114318848e-01
3.680171072483062744e-01
3.866440057754516602e-01
3.850997090339660645e-01
3.830386698246002197e-01
3.894104361534118652e-01
3.891036212444305420e-01
3.887702822685241699e-01
3.889283537864685059e-01
3.892372250556945801e-01
3.897492289543151855e-01
3.893880248069763184e-01
3.886955976486206055e-01
3.881239891052246094e-01
3.877777159214019775e-01
3.874267935752868652e-01
3.877847790718078613e-01
3.895855247974395752e-01
3.913142681121826172e-01
3.863468766212463379e-01
3.875975608825683594e-01
3.864279687404632568e-01
3.857815265655517578e-01
3.857268691062927246e-01
3.894258141517639160e-01
3.911696672439575195e-01
3.916260898113250732e-01
3.911647200584411621e-01
3.912908434867858887e-01
3.908091187477111816e-01
3.889700770378112793e-01
3.891100883483886719e-01
3.891384005546569824e-01
3.879875838756561279e-01
3.865571916103363037e-01
3.849599063396453857e-01
3.840644955635070801e-01
3.844479322433471680e-01
3.834934830665588379e-01
3.844518661499023438e-01
3.845682740211486816e-01
3.832539916038513184e-01
3.830451369285583496e-01
3.829527199268341064e-01
3.831931650638580322e-01
3.841951489448547363e-01
3.842945098876953125e-01
3.880658447742462158e-01
3.880813121795654297e-01
3.831353187561035156e-01
3.842155933380126953e-01
3.834797739982604980e-01
3.865595161914825439e-01
3.867434859275817871e-01
3.866288661956787109e-01
3.853237628936767578e-01
3.849694132804870605e-01
3.871493935585021973e-01
3.826268315315246582e-01
3.859697282314300537e-01
3.822063505649566650e-01
3.819789886474609375e-01
3.850689530372619629e-01
3.857512772083282471e-01
3.863158524036407471e-01
3.868280947208404541e-01
3.864457309246063232e-01
3.849323391914367676e-01
3.851243555545806885e-01
3.854049444198608398e-01
3.843338191509246826e-01
3.680171072483062744e-01
3.872572481632232666e-01
3.878665864467620850e-01
3.831104338169097900e-01
3.869330286979675293e-01
3.857017755508422852e-01
3.863638639450073242e-01
3.680171072483062744e-01
3.874943852424621582e-01
3.887133598327636719e-01
3.886783719062805176e-01
3.884498476982116699e-01
3.890525698661804199e-01
3.889793157577514648e-01
3.889190554618835449e-01
3.877185583114624023e-01
3.887380063533782959e-01
3.881372511386871338e-01
3.878111839294433594e-01
3.885514736175537109e-01
3.880935311317443848e-01
3.876337409019470215e-01
3.885450363159179688e-01
3.889614939689636230e-01
3.878113925457000732e-01
3.884710073471069336e-01
3.867124021053314209e-01
3.884357810020446777e-01
3.880617022514343262e-01
3.866294622421264648e-01
3.885761797428131104e-01
3.901894092559814453e-01
3.956654965877532959e-01
3.947337865829467773e-01
3.937254548072814941e-01
3.933753073215484619e-01
3.927002251148223877e-01
3.946689069271087646e-01
3.921429216861724854e-01
3.918412625789642334e-01
3.927644789218902588e-01
3.909408450126647949e-01
3.907024562358856201e-01
3.898854255676269531e-01
3.899497389793395996e-01
3.879112601280212402e-01
3.896923959255218506e-01
3.893415331840515137e-01
3.906857967376708984e-01
3.873788118362426758e-01
3.910192847251892090e-01
3.908492326736450195e-01
3.913090527057647705e-01
3.912115097045898438e-01
3.910011947154998779e-01
3.908606767654418945e-01
3.908312022686004639e-01
3.855728805065155029e-01
3.916110694408416748e-01
3.900762498378753662e-01
3.908353447914123535e-01
3.958724141120910645e-01
3.959092795848846436e-01
3.959395587444305420e-01
3.957000672817230225e-01
3.964433670043945312e-01
3.916177749633789062e-01
3.962898850440979004e-01
3.911919891834259033e-01
3.969177901744842529e-01
3.965728282928466797e-01
3.969405293464660645e-01
3.969405293464660645e-01
3.896808624267578125e-01
3.887130022048950195e-01
3.872219920158386230e-01
3.890558779239654541e-01
3.889236152172088623e-01
3.891289234161376953e-01
3.891027271747589111e-01
3.897038996219635010e-01
3.899628520011901855e-01
3.898624479770660400e-01
3.896248340606689453e-01
3.891535997390747070e-01
3.895812332630157471e-01
3.895607590675354004e-01
3.891739845275878906e-01
3.886023759841918945e-01
3.881403207778930664e-01
3.893008232116699219e-01
3.882993161678314209e-01
3.889041543006896973e-01
3.873105049133300781e-01
3.857851028442382812e-01
3.844367265701293945e-01
3.830062448978424072e-01
3.823086321353912354e-01
3.787623643875122070e-01
3.774776458740234375e-01
3.764269053936004639e-01
3.763754665851593018e-01
3.771337866783142090e-01
3.826675117015838623e-01
3.821026384830474854e-01
3.850063979625701904e-01
3.848082721233367920e-01
3.849310874938964844e-01
3.839557468891143799e-01
3.814871609210968018e-01
3.925490379333496094e-01
3.848579525947570801e-01
3.865186572074890137e-01
3.886949717998504639e-01
3.870030641555786133e-01
3.823243975639343262e-01
3.815953135490417480e-01
3.835406303405761719e-01
3.811970651149749756e-01
3.854075968265533447e-01
3.838339149951934814e-01
3.818561434745788574e-01
3.861097693443298340e-01
3.868547081947326660e-01
3.867987394332885742e-01
3.861069679260253906e-01
3.878026306629180908e-01
3.840942978858947754e-01
3.834792971611022949e-01
3.864483237266540527e-01
3.878985345363616943e-01
3.869465589523315430e-01
3.854187130928039551e-01
3.842540681362152100e-01
3.810594379901885986e-01
3.828266263008117676e-01
