4.055906832218170166e-01
4.055906832218170166e-01
4.055906832218170166e-01
3.704361617565155029e-01
3.704415857791900635e-01
4.055906832218170166e-01
4.055906832218170166e-01
4.055906832218170166e-01
4.055906832218170166e-01
4.055906832218170166e-01
3.476005196571350098e-01
3.809312582015991211e-01
4.055906832218170166e-01
4.055906832218170166e-01
4.055906832218170166e-01
4.055906832218170166e-01
4.055906832218170166e-01
4.055906832218170166e-01
3.707110285758972168e-01
3.972479104995727539e-01
4.055906832218170166e-01
4.055906832218170166e-01
4.055906832218170166e-01
4.055906832218170166e-01
3.704352378845214844e-01
4.055906832218170166e-01
3.494554758071899414e-01
4.055906832218170166e-01
3.704364597797393799e-01
4.055906832218170166e-01
4.033742845058441162e-01
1.752268075942993164e-01
3.860131502151489258e-01
3.704285919666290283e-01
3.704278469085693359e-01
1.673138141632080078e-01
3.642342984676361084e-01
3.478084802627563477e-01
3.545025587081909180e-01
3.538036346435546875e-01
3.902070522308349609e-01
3.704324960708618164e-01
4.055906832218170166e-01
4.055906832218170166e-01
3.883251547813415527e-01
4.055906832218170166e-01
4.055906832218170166e-01
3.704423308372497559e-01
4.055906832218170166e-01
4.055906832218170166e-01
4.055906832218170166e-01
4.055906832218170166e-01
3.638364672660827637e-01
3.687242269515991211e-01
3.620383143424987793e-01
3.790057003498077393e-01
4.055906832218170166e-01
4.055906832218170166e-01
4.055906832218170166e-01
3.525652885437011719e-01
4.055906832218170166e-01
3.612509369850158691e-01
3.486894369125366211e-01
3.434541821479797363e-01
3.737750053405761719e-01
3.601281046867370605e-01
4.055906832218170166e-01
4.055906832218170166e-01
4.055906832218170166e-01
3.568568825721740723e-01
3.764200508594512939e-01
3.839029073715209961e-01
4.055906832218170166e-01
4.055906832218170166e-01
4.055906832218170166e-01
4.055906832218170166e-01
4.055906832218170166e-01
4.055906832218170166e-01
4.055906832218170166e-01
4.055906832218170166e-01
4.055906832218170166e-01
4.055906832218170166e-01
4.055906832218170166e-01
3.560330867767333984e-01
3.530116975307464600e-01
3.531646132469177246e-01
3.704266846179962158e-01
4.055906832218170166e-01
4.055906832218170166e-01
4.055906832218170166e-01
4.055906832218170166e-01
4.055906832218170166e-01
4.055906832218170166e-01
4.055906832218170166e-01
3.986231684684753418e-01
3.724710941314697266e-01
4.055906832218170166e-01
4.055906832218170166e-01
3.549547791481018066e-01
3.615042865276336670e-01
3.458158373832702637e-01
4.055906832218170166e-01
4.055906832218170166e-01
4.055906832218170166e-01
3.614841997623443604e-01
4.055906832218170166e-01
4.055906832218170166e-01
3.704324960708618164e-01
3.739898800849914551e-01
3.689393401145935059e-01
3.704288601875305176e-01
4.055906832218170166e-01
4.055906832218170166e-01
4.055906832218170166e-01
4.055906832218170166e-01
4.055906832218170166e-01
4.055906832218170166e-01
4.055906832218170166e-01
4.055906832218170166e-01
4.055906832218170166e-01
4.055906832218170166e-01
4.055906832218170166e-01
4.055906832218170166e-01
4.055906832218170166e-01
4.055906832218170166e-01
3.552002310752868652e-01
3.635926544666290283e-01
4.055906832218170166e-01
4.055906832218170166e-01
3.899891674518585205e-01
3.607006072998046875e-01
4.055906832218170166e-01
3.595399856567382812e-01
3.603250384330749512e-01
4.055906832218170166e-01
3.704285621643066406e-01
3.704261779785156250e-01
4.055906832218170166e-01
4.055906832218170166e-01
3.797930479049682617e-01
4.055906832218170166e-01
4.055906832218170166e-01
3.704286217689514160e-01
3.879158794879913330e-01
3.704302012920379639e-01
4.055906832218170166e-01
4.055906832218170166e-01
4.055906832218170166e-01
4.055906832218170166e-01
3.639932870864868164e-01
3.611226081848144531e-01
4.055906832218170166e-01
4.055906832218170166e-01
4.055906832218170166e-01
4.055906832218170166e-01
4.055906832218170166e-01
4.055906832218170166e-01
4.055906832218170166e-01
4.055906832218170166e-01
4.055906832218170166e-01
4.055906832218170166e-01
4.055906832218170166e-01
4.055906832218170166e-01
4.055906832218170166e-01
4.055906832218170166e-01
4.055906832218170166e-01
4.055906832218170166e-01
4.055906832218170166e-01
4.055906832218170166e-01
4.055906832218170166e-01
4.055906832218170166e-01
4.055906832218170166e-01
4.055906832218170166e-01
4.055906832218170166e-01
4.055906832218170166e-01
3.704276084899902344e-01
4.055906832218170166e-01
3.704276680946350098e-01
3.704276680946350098e-01
3.704276680946350098e-01
3.704276680946350098e-01
4.055906832218170166e-01
4.055906832218170166e-01
3.529734313488006592e-01
3.696605563163757324e-01
3.560890853404998779e-01
3.431153297424316406e-01
3.552879095077514648e-01
3.522050082683563232e-01
3.662798404693603516e-01
3.825279772281646729e-01
3.643206954002380371e-01
4.055906832218170166e-01
3.718693256378173828e-01
3.623138666152954102e-01
3.748802542686462402e-01
3.557738661766052246e-01
3.440816402435302734e-01
3.695394992828369141e-01
3.802459836006164551e-01
3.523819446563720703e-01
3.776978850364685059e-01
3.813744783401489258e-01
3.485479354858398438e-01
3.625922799110412598e-01
3.705716431140899658e-01
4.055906832218170166e-01
4.055906832218170166e-01
4.055906832218170166e-01
3.704319596290588379e-01
3.619885444641113281e-01
3.503594696521759033e-01
4.055906832218170166e-01
4.055906832218170166e-01
4.055906832218170166e-01
4.055906832218170166e-01
4.055906832218170166e-01
4.055906832218170166e-01
3.466945290565490723e-01
3.491298556327819824e-01
3.762427568435668945e-01
3.477232456207275391e-01
4.055906832218170166e-01
4.055906832218170166e-01
3.704261779785156250e-01
3.704262375831604004e-01
3.704258799552917480e-01
3.753213584423065186e-01
4.055906832218170166e-01
3.848782181739807129e-01
3.453650474548339844e-01
3.704264760017395020e-01
3.704264760017395020e-01
3.752077817916870117e-01
3.704262673854827881e-01
3.704262971878051758e-01
3.579027056694030762e-01
3.704264760017395020e-01
3.502111434936523438e-01
3.553093671798706055e-01
3.704751729965209961e-01
3.526157736778259277e-01
3.491907715797424316e-01
3.440447449684143066e-01
4.055906832218170166e-01
3.708359599113464355e-01
3.704265654087066650e-01
3.742198348045349121e-01
3.610522150993347168e-01
3.472822308540344238e-01
3.542715907096862793e-01
3.472481369972229004e-01
3.733192086219787598e-01
3.864546120166778564e-01
3.593691587448120117e-01
3.652072846889495850e-01
3.494564294815063477e-01
2.390473783016204834e-01
3.700969815254211426e-01
3.567044436931610107e-01
2.719653546810150146e-01
3.611599206924438477e-01
3.871184587478637695e-01
3.870921730995178223e-01
3.870886564254760742e-01
2.475396692752838135e-01
3.863058090209960938e-01
3.674398660659790039e-01
3.508965969085693359e-01
3.662033677101135254e-01
3.544325828552246094e-01
3.466159105300903320e-01
3.611015975475311279e-01
3.543649315834045410e-01
3.472172617912292480e-01
3.463973402976989746e-01
3.446915149688720703e-01
3.740414977073669434e-01
4.055906832218170166e-01
4.055906832218170166e-01
3.482389152050018311e-01
3.430446982383728027e-01
3.648997247219085693e-01
3.836522698402404785e-01
3.671725392341613770e-01
3.606410920619964600e-01
3.704361021518707275e-01
3.529393672943115234e-01
3.647907376289367676e-01
4.055906832218170166e-01
3.704270124435424805e-01
3.523339033126831055e-01
3.704367876052856445e-01
3.371325135231018066e-01
3.606659173965454102e-01
3.611532449722290039e-01
4.055906832218170166e-01
4.055906832218170166e-01
3.682211041450500488e-01
3.480805754661560059e-01
3.540513515472412109e-01
3.467053771018981934e-01
3.656477630138397217e-01
3.801614344120025635e-01
3.895479738712310791e-01
3.592675030231475830e-01
3.704314231872558594e-01
3.633190989494323730e-01
3.596083521842956543e-01
3.755343854427337646e-01
4.055906832218170166e-01
4.055906832218170166e-01
4.055906832218170166e-01
4.055906832218170166e-01
4.055906832218170166e-01
4.055906832218170166e-01
3.122711181640625000e-01
3.481739759445190430e-01
4.055906832218170166e-01
3.901498019695281982e-01
3.617849946022033691e-01
4.055906832218170166e-01
4.055906832218170166e-01
4.055906832218170166e-01
4.055906832218170166e-01
4.055906832218170166e-01
4.055906832218170166e-01
4.055906832218170166e-01
4.055906832218170166e-01
3.704371452331542969e-01
4.055906832218170166e-01
4.055906832218170166e-01
4.055906832218170166e-01
4.055906832218170166e-01
4.055906832218170166e-01
4.055906832218170166e-01
4.055906832218170166e-01
4.055906832218170166e-01
4.055906832218170166e-01
4.055906832218170166e-01
4.055906832218170166e-01
4.055906832218170166e-01
4.055906832218170166e-01
4.055906832218170166e-01
4.055906832218170166e-01
4.055906832218170166e-01
4.055906832218170166e-01
4.055906832218170166e-01
4.055906832218170166e-01
4.055906832218170166e-01
4.055906832218170166e-01
4.055906832218170166e-01
4.055906832218170166e-01
4.055906832218170166e-01
4.055906832218170166e-01
4.055906832218170166e-01
4.055906832218170166e-01
4.055906832218170166e-01
4.055906832218170166e-01
4.055906832218170166e-01
4.055906832218170166e-01
4.055906832218170166e-01
4.055906832218170166e-01
4.055906832218170166e-01
4.055906832218170166e-01
4.055906832218170166e-01
4.055906832218170166e-01
4.055906832218170166e-01
4.055906832218170166e-01
4.055906832218170166e-01
4.055906832218170166e-01
4.055906832218170166e-01
4.055906832218170166e-01
4.055906832218170166e-01
4.055906832218170166e-01
4.055906832218170166e-01
4.055906832218170166e-01
4.055906832218170166e-01
4.055906832218170166e-01
4.055906832218170166e-01
4.055906832218170166e-01
4.055906832218170166e-01
4.055906832218170166e-01
4.055906832218170166e-01
4.055906832218170166e-01
4.055906832218170166e-01
4.055906832218170166e-01
4.055906832218170166e-01
4.055906832218170166e-01
4.055906832218170166e-01
4.055906832218170166e-01
4.055906832218170166e-01
3.734943866729736328e-01
3.845939636230468750e-01
3.845748901367187500e-01
3.845733702182769775e-01
3.845480084419250488e-01
3.845569491386413574e-01
4.055906832218170166e-01
4.055906832218170166e-01
4.055906832218170166e-01
4.055906832218170166e-01
4.055906832218170166e-01
3.827148973941802979e-01
4.055906832218170166e-01
4.055906832218170166e-01
4.055906832218170166e-01
4.055906832218170166e-01
4.055906832218170166e-01
4.055906832218170166e-01
4.055906832218170166e-01
4.055906832218170166e-01
4.055906832218170166e-01
3.704268336296081543e-01
3.704268932342529297e-01
4.055906832218170166e-01
4.055906832218170166e-01
4.055906832218170166e-01
4.055906832218170166e-01
4.055906832218170166e-01
4.055906832218170166e-01
4.055906832218170166e-01
4.055906832218170166e-01
4.055906832218170166e-01
3.724940717220306396e-01
4.055906832218170166e-01
3.555011749267578125e-01
3.879083693027496338e-01
3.704431653022766113e-01
3.704492449760437012e-01
3.784028589725494385e-01
3.945737779140472412e-01
4.055906832218170166e-01
4.055906832218170166e-01
4.055906832218170166e-01
4.055906832218170166e-01
4.055906832218170166e-01
4.055906832218170166e-01
4.055906832218170166e-01
4.055906832218170166e-01
4.055906832218170166e-01
4.055906832218170166e-01
4.055906832218170166e-01
4.055906832218170166e-01
4.055906832218170166e-01
4.055906832218170166e-01
4.055906832218170166e-01
4.055906832218170166e-01
4.055906832218170166e-01
4.055906832218170166e-01
4.055906832218170166e-01
4.055906832218170166e-01
3.581414818763732910e-01
4.055906832218170166e-01
4.055906832218170166e-01
3.730348944664001465e-01
4.055906832218170166e-01
3.704285025596618652e-01
4.055906832218170166e-01
4.055906832218170166e-01
3.615180253982543945e-01
3.513543009757995605e-01
3.615389466285705566e-01
3.594535589218139648e-01
4.055906832218170166e-01
3.522518873214721680e-01
3.444485068321228027e-01
3.612962365150451660e-01
3.515828847885131836e-01
3.545294702053070068e-01
3.704310357570648193e-01
4.055906832218170166e-01
3.704296946525573730e-01
3.704285621643066406e-01
3.922311067581176758e-01
3.629508018493652344e-01
4.004077613353729248e-01
4.055906832218170166e-01
3.713942766189575195e-01
3.614948987960815430e-01
3.444963097572326660e-01
3.590818643569946289e-01
3.671336174011230469e-01
3.443711698055267334e-01
4.055906832218170166e-01
3.528748750686645508e-01
3.581936061382293701e-01
3.441929817199707031e-01
1.746079027652740479e-01
2.344407439231872559e-01
3.704279065132141113e-01
3.704332113265991211e-01
4.055906832218170166e-01
3.753364980220794678e-01
3.612136840820312500e-01
3.878224194049835205e-01
3.909184634685516357e-01
3.662584424018859863e-01
3.705134391784667969e-01
4.055906832218170166e-01
4.055906832218170166e-01
4.055906832218170166e-01
4.055906832218170166e-01
3.704264760017395020e-01
3.704264760017395020e-01
4.055906832218170166e-01
4.055906832218170166e-01
3.639402985572814941e-01
3.611348271369934082e-01
4.055906832218170166e-01
3.619256913661956787e-01
3.508362472057342529e-01
3.700433969497680664e-01
3.467761874198913574e-01
3.591313362121582031e-01
3.704279065132141113e-01
4.055906832218170166e-01
4.055906832218170166e-01
4.055906832218170166e-01
3.524936437606811523e-01
4.055906832218170166e-01
4.055906832218170166e-01
4.055906832218170166e-01
4.055906832218170166e-01
4.055906832218170166e-01
4.055906832218170166e-01
4.055906832218170166e-01
4.055906832218170166e-01
4.055906832218170166e-01
4.055906832218170166e-01
4.055906832218170166e-01
4.055906832218170166e-01
4.055906832218170166e-01
4.055906832218170166e-01
4.055906832218170166e-01
4.055906832218170166e-01
4.055906832218170166e-01
4.055906832218170166e-01
4.055906832218170166e-01
4.055906832218170166e-01
4.055906832218170166e-01
4.055906832218170166e-01
4.055906832218170166e-01
4.055906832218170166e-01
4.055906832218170166e-01
4.055906832218170166e-01
4.055906832218170166e-01
4.055906832218170166e-01
4.055906832218170166e-01
4.055906832218170166e-01
4.055906832218170166e-01
4.055906832218170166e-01
4.055906832218170166e-01
4.055906832218170166e-01
4.055906832218170166e-01
4.055906832218170166e-01
4.055906832218170166e-01
4.055906832218170166e-01
4.055906832218170166e-01
4.055906832218170166e-01
4.055906832218170166e-01
4.055906832218170166e-01
4.055906832218170166e-01
3.870604634284973145e-01
4.055906832218170166e-01
4.055906832218170166e-01
4.055906832218170166e-01
4.055906832218170166e-01
4.055906832218170166e-01
4.055906832218170166e-01
4.055906832218170166e-01
3.751135468482971191e-01
4.055906832218170166e-01
4.055906832218170166e-01
4.055906832218170166e-01
4.055906832218170166e-01
4.055906832218170166e-01
4.055906832218170166e-01
4.055906832218170166e-01
4.055906832218170166e-01
4.055906832218170166e-01
4.055906832218170166e-01
4.055906832218170166e-01
4.055906832218170166e-01
4.055906832218170166e-01
4.055906832218170166e-01
4.055906832218170166e-01
4.055906832218170166e-01
4.055906832218170166e-01
4.055906832218170166e-01
4.055906832218170166e-01
4.055906832218170166e-01
4.055906832218170166e-01
4.055906832218170166e-01
4.055906832218170166e-01
4.055906832218170166e-01
4.055906832218170166e-01
4.055906832218170166e-01
4.055906832218170166e-01
4.055906832218170166e-01
4.055906832218170166e-01
4.055906832218170166e-01
4.055906832218170166e-01
4.055906832218170166e-01
4.055906832218170166e-01
4.055906832218170166e-01
4.055906832218170166e-01
4.055906832218170166e-01
3.636444211006164551e-01
4.055906832218170166e-01
4.055906832218170166e-01
4.055906832218170166e-01
3.744586706161499023e-01
4.055906832218170166e-01
3.888336420059204102e-01
4.055906832218170166e-01
4.055906832218170166e-01
4.055906832218170166e-01
4.055906832218170166e-01
3.704341053962707520e-01
3.903096914291381836e-01
3.544622659683227539e-01
3.704296946525573730e-01
4.055906832218170166e-01
4.055906832218170166e-01
4.055906832218170166e-01
4.055906832218170166e-01
4.055906832218170166e-01
4.055906832218170166e-01
4.055906832218170166e-01
4.055906832218170166e-01
4.055906832218170166e-01
4.055906832218170166e-01
4.055906832218170166e-01
4.055906832218170166e-01
4.055906832218170166e-01
4.055906832218170166e-01
4.055906832218170166e-01
4.055906832218170166e-01
4.055906832218170166e-01
3.700942993164062500e-01
3.912254273891448975e-01
3.855893015861511230e-01
4.055906832218170166e-01
4.055906832218170166e-01
4.055906832218170166e-01
4.055906832218170166e-01
4.055906832218170166e-01
4.055906832218170166e-01
4.055906832218170166e-01
4.055906832218170166e-01
4.055906832218170166e-01
4.055906832218170166e-01
4.055906832218170166e-01
4.055906832218170166e-01
4.055906832218170166e-01
4.055906832218170166e-01
4.055906832218170166e-01
4.055906832218170166e-01
4.055906832218170166e-01
4.055906832218170166e-01
4.055906832218170166e-01
4.055906832218170166e-01
4.055906832218170166e-01
4.055906832218170166e-01
4.055906832218170166e-01
4.055906832218170166e-01
4.055906832218170166e-01
4.055906832218170166e-01
4.055906832218170166e-01
4.055906832218170166e-01
4.055906832218170166e-01
4.055906832218170166e-01
4.055906832218170166e-01
4.055906832218170166e-01
4.055906832218170166e-01
4.055906832218170166e-01
4.055906832218170166e-01
4.055906832218170166e-01
4.055906832218170166e-01
4.055906832218170166e-01
4.055906832218170166e-01
4.055906832218170166e-01
4.055906832218170166e-01
4.055906832218170166e-01
4.055906832218170166e-01
4.055906832218170166e-01
4.055906832218170166e-01
4.055906832218170166e-01
4.055906832218170166e-01
4.055906832218170166e-01
4.055906832218170166e-01
3.916291892528533936e-01
4.055906832218170166e-01
4.055906832218170166e-01
3.595396876335144043e-01
3.616651892662048340e-01
3.589479923248291016e-01
3.704268932342529297e-01
3.594660758972167969e-01
3.704268336296081543e-01
3.583827018737792969e-01
3.567950129508972168e-01
3.650542497634887695e-01
3.704267442226409912e-01
3.704264163970947266e-01
3.704268038272857666e-01
4.055906832218170166e-01
3.704267740249633789e-01
3.704267740249633789e-01
3.704258799552917480e-01
3.704258799552917480e-01
3.704258799552917480e-01
4.055906832218170166e-01
4.055906832218170166e-01
3.682051002979278564e-01
3.704258799552917480e-01
4.055906832218170166e-01
3.704282045364379883e-01
3.661575317382812500e-01
3.546356558799743652e-01
3.554283380508422852e-01
3.575243353843688965e-01
3.704291284084320068e-01
3.704262375831604004e-01
4.055906832218170166e-01
3.884073495864868164e-01
3.581306338310241699e-01
3.704266548156738281e-01
3.538306951522827148e-01
3.524602055549621582e-01
3.609611392021179199e-01
3.629175722599029541e-01
3.691925406455993652e-01
3.628945350646972656e-01
3.475975990295410156e-01
3.638716042041778564e-01
3.636606931686401367e-01
3.718632459640502930e-01
3.460092544555664062e-01
3.727422952651977539e-01
3.756312131881713867e-01
3.611232638359069824e-01
4.055906832218170166e-01
4.055906832218170166e-01
4.055906832218170166e-01
3.917099535465240479e-01
4.055906832218170166e-01
3.704297244548797607e-01
3.615102767944335938e-01
1.873185038566589355e-01
4.055906832218170166e-01
4.055906832218170166e-01
3.975407481193542480e-01
3.704419136047363281e-01
3.586264848709106445e-01
3.462418317794799805e-01
3.468507528305053711e-01
3.453247249126434326e-01
3.502412438392639160e-01
3.859312832355499268e-01
3.704312443733215332e-01
4.055906832218170166e-01
3.616753816604614258e-01
3.704264163970947266e-01
3.588627278804779053e-01
4.055906832218170166e-01
4.055906832218170166e-01
4.055906832218170166e-01
3.826344311237335205e-01
3.865676820278167725e-01
3.515102267265319824e-01
3.861539661884307861e-01
4.055906832218170166e-01
3.704316020011901855e-01
3.704292774200439453e-01
3.484888076782226562e-01
3.529878556728363037e-01
3.530116081237792969e-01
3.047541379928588867e-01
3.042963445186614990e-01
3.119207024574279785e-01
3.441450595855712891e-01
3.697744011878967285e-01
3.492615222930908203e-01
3.644395470619201660e-01
3.508678674697875977e-01
3.477207124233245850e-01
3.902634978294372559e-01
3.561548590660095215e-01
3.565338253974914551e-01
3.704279065132141113e-01
4.055906832218170166e-01
4.055906832218170166e-01
4.055906832218170166e-01
3.566503524780273438e-01
3.678611218929290771e-01
3.462172448635101318e-01
4.055906832218170166e-01
4.055906832218170166e-01
4.055906832218170166e-01
4.055906832218170166e-01
4.055906832218170166e-01
4.055906832218170166e-01
4.055906832218170166e-01
4.055906832218170166e-01
4.055906832218170166e-01
4.055906832218170166e-01
4.055906832218170166e-01
4.055906832218170166e-01
4.055906832218170166e-01
4.055906832218170166e-01
4.055906832218170166e-01
4.055906832218170166e-01
4.055906832218170166e-01
4.055906832218170166e-01
4.055906832218170166e-01
4.055906832218170166e-01
4.055906832218170166e-01
4.055906832218170166e-01
4.055906832218170166e-01
4.055906832218170166e-01
4.055906832218170166e-01
4.055906832218170166e-01
4.055906832218170166e-01
4.055906832218170166e-01
4.055906832218170166e-01
4.055906832218170166e-01
4.055906832218170166e-01
4.055906832218170166e-01
4.055906832218170166e-01
4.055906832218170166e-01
4.055906832218170166e-01
4.055906832218170166e-01
4.055906832218170166e-01
4.055906832218170166e-01
4.055906832218170166e-01
4.055906832218170166e-01
4.055906832218170166e-01
4.055906832218170166e-01
4.055906832218170166e-01
4.055906832218170166e-01
4.055906832218170166e-01
4.055906832218170166e-01
3.704322576522827148e-01
3.709417581558227539e-01
3.704321980476379395e-01
4.003971517086029053e-01
4.055906832218170166e-01
4.055906832218170166e-01
4.055906832218170166e-01
3.826029300689697266e-01
3.915616869926452637e-01
4.001389443874359131e-01
4.055906832218170166e-01
3.704263865947723389e-01
4.055906832218170166e-01
4.055906832218170166e-01
4.055906832218170166e-01
4.055906832218170166e-01
3.822848200798034668e-01
3.704299926757812500e-01
4.055906832218170166e-01
4.055906832218170166e-01
4.055906832218170166e-01
4.055906832218170166e-01
4.055906832218170166e-01
4.055906832218170166e-01
4.055906832218170166e-01
4.055906832218170166e-01
4.055906832218170166e-01
4.055906832218170166e-01
4.055906832218170166e-01
4.055906832218170166e-01
4.055906832218170166e-01
4.055906832218170166e-01
4.055906832218170166e-01
3.594395816326141357e-01
3.529371023178100586e-01
3.448193669319152832e-01
3.463779091835021973e-01
3.439008891582489014e-01
3.491110503673553467e-01
3.793954849243164062e-01
3.691914379596710205e-01
3.559303879737854004e-01
3.704309463500976562e-01
4.055906832218170166e-01
3.535077571868896484e-01
3.893698453903198242e-01
3.477114140987396240e-01
3.599922060966491699e-01
3.623319864273071289e-01
3.704304099082946777e-01
4.055906832218170166e-01
4.055906832218170166e-01
4.055906832218170166e-01
3.497791886329650879e-01
4.055906832218170166e-01
4.055906832218170166e-01
4.055906832218170166e-01
4.055906832218170166e-01
4.055906832218170166e-01
4.055906832218170166e-01
4.055906832218170166e-01
4.055906832218170166e-01
4.055906832218170166e-01
4.055906832218170166e-01
4.055906832218170166e-01
4.055906832218170166e-01
4.055906832218170166e-01
4.055906832218170166e-01
4.055906832218170166e-01
4.055906832218170166e-01
4.055906832218170166e-01
4.055906832218170166e-01
4.055906832218170166e-01
4.055906832218170166e-01
4.055906832218170166e-01
4.055906832218170166e-01
4.055906832218170166e-01
4.055906832218170166e-01
4.055906832218170166e-01
4.055906832218170166e-01
4.055906832218170166e-01
4.055906832218170166e-01
4.055906832218170166e-01
4.055906832218170166e-01
4.055906832218170166e-01
4.055906832218170166e-01
4.055906832218170166e-01
4.055906832218170166e-01
4.055906832218170166e-01
4.055906832218170166e-01
4.055906832218170166e-01
4.055906832218170166e-01
4.055906832218170166e-01
4.055906832218170166e-01
4.055906832218170166e-01
4.055906832218170166e-01
4.055906832218170166e-01
4.055906832218170166e-01
4.055906832218170166e-01
4.055906832218170166e-01
3.704296946525573730e-01
4.055906832218170166e-01
4.055906832218170166e-01
4.055906832218170166e-01
4.055906832218170166e-01
4.055906832218170166e-01
4.055906832218170166e-01
4.055906832218170166e-01
4.055906832218170166e-01
3.540323674678802490e-01
3.541962504386901855e-01
3.544757962226867676e-01
4.055906832218170166e-01
4.055906832218170166e-01
4.055906832218170166e-01
4.055906832218170166e-01
3.864738643169403076e-01
3.563123345375061035e-01
3.541560769081115723e-01
3.539636135101318359e-01
3.868045806884765625e-01
3.612749576568603516e-01
4.055906832218170166e-01
3.532335758209228516e-01
3.762391209602355957e-01
3.643026947975158691e-01
4.055906832218170166e-01
3.847733139991760254e-01
4.055906832218170166e-01
3.855237960815429688e-01
3.728112578392028809e-01
3.516497611999511719e-01
3.446682095527648926e-01
3.671379685401916504e-01
3.704666793346405029e-01
3.618970513343811035e-01
4.055906832218170166e-01
3.483203053474426270e-01
3.553695380687713623e-01
3.866427838802337646e-01
3.643665313720703125e-01
3.899910748004913330e-01
4.055906832218170166e-01
3.696777224540710449e-01
3.450554013252258301e-01
4.055906832218170166e-01
4.055906832218170166e-01
4.055906832218170166e-01
3.430861234664916992e-01
3.614808917045593262e-01
4.055906832218170166e-01
4.055906832218170166e-01
4.055906832218170166e-01
4.055906832218170166e-01
3.539551496505737305e-01
4.055906832218170166e-01
4.055906832218170166e-01
4.055906832218170166e-01
4.055906832218170166e-01
4.055906832218170166e-01
4.055906832218170166e-01
4.055906832218170166e-01
4.055906832218170166e-01
4.055906832218170166e-01
4.055906832218170166e-01
4.055906832218170166e-01
3.886359333992004395e-01
4.055906832218170166e-01
4.055906832218170166e-01
4.055906832218170166e-01
4.055906832218170166e-01
4.055906832218170166e-01
4.055906832218170166e-01
4.055906832218170166e-01
4.055906832218170166e-01
3.566133975982666016e-01
4.055906832218170166e-01
3.661421537399291992e-01
3.888722062110900879e-01
3.489239811897277832e-01
4.055906832218170166e-01
3.568297624588012695e-01
3.799158334732055664e-01
3.579063415527343750e-01
3.631214797496795654e-01
4.055906832218170166e-01
4.055906832218170166e-01
4.055906832218170166e-01
4.055906832218170166e-01
4.055906832218170166e-01
4.055906832218170166e-01
4.055906832218170166e-01
4.055906832218170166e-01
4.055906832218170166e-01
4.055906832218170166e-01
3.670976459980010986e-01
3.664969205856323242e-01
4.055906832218170166e-01
4.055906832218170166e-01
4.055906832218170166e-01
4.055906832218170166e-01
4.055906832218170166e-01
4.055906832218170166e-01
4.055906832218170166e-01
4.055906832218170166e-01
4.055906832218170166e-01
4.055906832218170166e-01
4.055906832218170166e-01
4.055906832218170166e-01
4.055906832218170166e-01
4.055906832218170166e-01
4.055906832218170166e-01
4.055906832218170166e-01
4.055906832218170166e-01
4.055906832218170166e-01
4.055906832218170166e-01
4.055906832218170166e-01
4.055906832218170166e-01
4.055906832218170166e-01
4.055906832218170166e-01
4.055906832218170166e-01
4.055906832218170166e-01
4.055906832218170166e-01
4.055906832218170166e-01
4.055906832218170166e-01
4.055906832218170166e-01
4.055906832218170166e-01
4.055906832218170166e-01
4.055906832218170166e-01
4.055906832218170166e-01
4.055906832218170166e-01
4.055906832218170166e-01
4.055906832218170166e-01
4.055906832218170166e-01
4.055906832218170166e-01
3.716028928756713867e-01
4.055906832218170166e-01
4.055906832218170166e-01
4.055906832218170166e-01
4.055906832218170166e-01
4.055906832218170166e-01
4.055906832218170166e-01
4.055906832218170166e-01
4.055906832218170166e-01
4.055906832218170166e-01
4.055906832218170166e-01
4.055906832218170166e-01
4.055906832218170166e-01
3.704313039779663086e-01
3.704360127449035645e-01
4.055906832218170166e-01
4.055906832218170166e-01
4.055906832218170166e-01
4.055906832218170166e-01
3.618648648262023926e-01
4.055906832218170166e-01
4.055906832218170166e-01
3.866533339023590088e-01
3.817805647850036621e-01
3.747611641883850098e-01
4.055906832218170166e-01
3.684138655662536621e-01
4.055906832218170166e-01
4.055906832218170166e-01
4.055906832218170166e-01
4.055906832218170166e-01
4.055906832218170166e-01
4.055906832218170166e-01
3.640520572662353516e-01
4.055906832218170166e-01
3.574624657630920410e-01
3.466355800628662109e-01
3.496739268302917480e-01
3.491764068603515625e-01
3.569893836975097656e-01
4.055906832218170166e-01
3.704259991645812988e-01
3.642879426479339600e-01
4.055906832218170166e-01
3.651440143585205078e-01
3.605579137802124023e-01
4.055906832218170166e-01
4.055906832218170166e-01
4.055906832218170166e-01
4.055906832218170166e-01
4.055906832218170166e-01
4.055906832218170166e-01
4.055906832218170166e-01
4.055906832218170166e-01
4.055906832218170166e-01
4.055906832218170166e-01
4.055906832218170166e-01
4.055906832218170166e-01
3.704285621643066406e-01
4.055906832218170166e-01
3.870786726474761963e-01
4.055906832218170166e-01
3.666769862174987793e-01
4.055906832218170166e-01
3.704271316528320312e-01
3.590936064720153809e-01
4.055906832218170166e-01
4.055906832218170166e-01
4.055906832218170166e-01
4.055906832218170166e-01
4.055906832218170166e-01
4.055906832218170166e-01
4.055906832218170166e-01
4.055906832218170166e-01
4.055906832218170166e-01
4.055906832218170166e-01
4.055906832218170166e-01
4.055906832218170166e-01
4.055906832218170166e-01
4.055906832218170166e-01
4.055906832218170166e-01
4.055906832218170166e-01
4.055906832218170166e-01
4.055906832218170166e-01
4.055906832218170166e-01
4.055906832218170166e-01
4.055906832218170166e-01
4.055906832218170166e-01
4.055906832218170166e-01
4.055906832218170166e-01
3.554608225822448730e-01
4.055906832218170166e-01
3.912391662597656250e-01
4.055906832218170166e-01
4.055906832218170166e-01
4.055906832218170166e-01
3.910311460494995117e-01
4.055906832218170166e-01
4.055906832218170166e-01
3.827116191387176514e-01
3.704364299774169922e-01
3.704326152801513672e-01
4.055906832218170166e-01
3.847168087959289551e-01
3.457502722740173340e-01
3.975056409835815430e-01
4.055906832218170166e-01
4.055906832218170166e-01
3.704321086406707764e-01
4.055906832218170166e-01
4.055906832218170166e-01
4.055906832218170166e-01
4.055906832218170166e-01
4.055906832218170166e-01
4.055906832218170166e-01
3.507004380226135254e-01
3.513459563255310059e-01
3.627353608608245850e-01
3.704746365547180176e-01
4.055906832218170166e-01
3.708344101905822754e-01
3.439739346504211426e-01
3.426205515861511230e-01
4.055906832218170166e-01
3.677133917808532715e-01
3.714156150817871094e-01
3.516904115676879883e-01
3.435133397579193115e-01
3.453687131404876709e-01
3.485735654830932617e-01
3.841818571090698242e-01
3.636150360107421875e-01
4.055906832218170166e-01
4.055906832218170166e-01
3.556765317916870117e-01
3.213754296302795410e-01
3.660168051719665527e-01
3.573937416076660156e-01
3.644989132881164551e-01
3.539165556430816650e-01
3.650091886520385742e-01
3.611638545989990234e-01
3.437824249267578125e-01
3.467184305191040039e-01
3.680290579795837402e-01
3.654200434684753418e-01
3.512170314788818359e-01
3.568359613418579102e-01
4.055906832218170166e-01
4.055906832218170166e-01
4.055906832218170166e-01
4.055906832218170166e-01
3.902479410171508789e-01
3.522553443908691406e-01
4.055906832218170166e-01
4.055906832218170166e-01
4.055906832218170166e-01
4.055906832218170166e-01
4.055906832218170166e-01
4.055906832218170166e-01
4.055906832218170166e-01
3.867987394332885742e-01
4.055906832218170166e-01
4.055906832218170166e-01
4.055906832218170166e-01
4.055906832218170166e-01
3.624753952026367188e-01
3.428868651390075684e-01
3.650473952293395996e-01
3.614431321620941162e-01
3.425952196121215820e-01
4.055906832218170166e-01
4.055906832218170166e-01
3.812442421913146973e-01
4.055906832218170166e-01
4.055906832218170166e-01
4.055906832218170166e-01
4.055906832218170166e-01
4.055906832218170166e-01
4.055906832218170166e-01
4.055906832218170166e-01
4.055906832218170166e-01
4.055906832218170166e-01
4.055906832218170166e-01
4.055906832218170166e-01
4.055906832218170166e-01
4.055906832218170166e-01
3.858299851417541504e-01
3.687046170234680176e-01
3.633630871772766113e-01
3.450496792793273926e-01
3.593331575393676758e-01
3.448299765586853027e-01
3.705532550811767578e-01
4.055906832218170166e-01
3.704338669776916504e-01
4.055906832218170166e-01
4.055906832218170166e-01
4.055906832218170166e-01
4.055906832218170166e-01
3.961092531681060791e-01
3.909527063369750977e-01
4.055906832218170166e-01
4.055906832218170166e-01
3.888638019561767578e-01
4.055906832218170166e-01
4.055906832218170166e-01
4.055906832218170166e-01
4.055906832218170166e-01
4.055906832218170166e-01
4.055906832218170166e-01
4.055906832218170166e-01
4.030951857566833496e-01
3.704361915588378906e-01
4.055906832218170166e-01
3.766292333602905273e-01
4.055906832218170166e-01
4.055906832218170166e-01
4.055906832218170166e-01
4.055906832218170166e-01
4.055906832218170166e-01
4.055906832218170166e-01
4.055906832218170166e-01
4.055906832218170166e-01
4.055906832218170166e-01
4.055906832218170166e-01
4.055906832218170166e-01
4.055906832218170166e-01
4.055906832218170166e-01
4.055906832218170166e-01
4.055906832218170166e-01
4.055906832218170166e-01
4.055906832218170166e-01
4.055906832218170166e-01
4.055906832218170166e-01
4.055906832218170166e-01
4.055906832218170166e-01
4.055906832218170166e-01
4.055906832218170166e-01
4.055906832218170166e-01
4.055906832218170166e-01
4.055906832218170166e-01
4.055906832218170166e-01
4.055906832218170166e-01
4.055906832218170166e-01
4.055906832218170166e-01
4.055906832218170166e-01
3.704396486282348633e-01
4.055906832218170166e-01
4.055906832218170166e-01
4.055906832218170166e-01
4.055906832218170166e-01
4.055906832218170166e-01
4.055906832218170166e-01
4.055906832218170166e-01
4.055906832218170166e-01
4.055906832218170166e-01
4.055906832218170166e-01
4.055906832218170166e-01
4.055906832218170166e-01
4.055906832218170166e-01
4.055906832218170166e-01
4.055906832218170166e-01
4.055906832218170166e-01
4.055906832218170166e-01
4.055906832218170166e-01
4.055906832218170166e-01
4.055906832218170166e-01
4.055906832218170166e-01
4.055906832218170166e-01
4.055906832218170166e-01
4.055906832218170166e-01
4.055906832218170166e-01
4.055906832218170166e-01
4.055906832218170166e-01
4.055906832218170166e-01
4.055906832218170166e-01
4.055906832218170166e-01
4.055906832218170166e-01
4.055906832218170166e-01
4.055906832218170166e-01
4.055906832218170166e-01
4.055906832218170166e-01
4.055906832218170166e-01
4.055906832218170166e-01
4.055906832218170166e-01
4.055906832218170166e-01
4.055906832218170166e-01
4.055906832218170166e-01
4.055906832218170166e-01
4.055906832218170166e-01
4.055906832218170166e-01
4.055906832218170166e-01
4.055906832218170166e-01
4.055906832218170166e-01
4.055906832218170166e-01
4.055906832218170166e-01
4.055906832218170166e-01
4.055906832218170166e-01
4.055906832218170166e-01
4.055906832218170166e-01
4.055906832218170166e-01
4.055906832218170166e-01
4.055906832218170166e-01
4.055906832218170166e-01
4.055906832218170166e-01
4.055906832218170166e-01
4.055906832218170166e-01
4.055906832218170166e-01
4.055906832218170166e-01
4.055906832218170166e-01
4.055906832218170166e-01
4.055906832218170166e-01
4.055906832218170166e-01
4.055906832218170166e-01
4.055906832218170166e-01
4.055906832218170166e-01
4.055906832218170166e-01
4.055906832218170166e-01
4.055906832218170166e-01
4.055906832218170166e-01
4.055906832218170166e-01
3.524249196052551270e-01
4.055906832218170166e-01
4.055906832218170166e-01
4.055906832218170166e-01
4.055906832218170166e-01
4.055906832218170166e-01
4.055906832218170166e-01
4.055906832218170166e-01
4.055906832218170166e-01
4.055906832218170166e-01
4.055906832218170166e-01
4.055906832218170166e-01
4.055906832218170166e-01
4.055906832218170166e-01
4.055906832218170166e-01
4.055906832218170166e-01
4.055906832218170166e-01
4.055906832218170166e-01
4.055906832218170166e-01
4.055906832218170166e-01
4.055906832218170166e-01
4.055906832218170166e-01
4.055906832218170166e-01
4.055906832218170166e-01
4.055906832218170166e-01
3.887472450733184814e-01
4.055906832218170166e-01
4.055906832218170166e-01
4.055906832218170166e-01
4.055906832218170166e-01
4.055906832218170166e-01
4.055906832218170166e-01
4.055906832218170166e-01
4.055906832218170166e-01
4.055906832218170166e-01
4.055906832218170166e-01
4.055906832218170166e-01
4.055906832218170166e-01
4.055906832218170166e-01
4.055906832218170166e-01
4.055906832218170166e-01
4.055906832218170166e-01
4.055906832218170166e-01
4.055906832218170166e-01
4.055906832218170166e-01
4.055906832218170166e-01
4.055906832218170166e-01
4.055906832218170166e-01
4.055906832218170166e-01
4.055906832218170166e-01
3.990676403045654297e-01
4.055906832218170166e-01
4.055906832218170166e-01
4.055906832218170166e-01
4.055906832218170166e-01
4.042467474937438965e-01
4.055906832218170166e-01
4.055906832218170166e-01
4.055906832218170166e-01
4.055906832218170166e-01
4.055906832218170166e-01
4.055906832218170166e-01
4.055906832218170166e-01
4.055906832218170166e-01
4.055906832218170166e-01
4.055906832218170166e-01
4.055906832218170166e-01
4.055906832218170166e-01
4.055906832218170166e-01
3.821244537830352783e-01
4.055906832218170166e-01
3.814375698566436768e-01
4.055906832218170166e-01
4.055906832218170166e-01
4.055906832218170166e-01
4.055906832218170166e-01
4.055906832218170166e-01
4.055906832218170166e-01
4.055906832218170166e-01
4.055906832218170166e-01
4.055906832218170166e-01
4.055906832218170166e-01
4.055906832218170166e-01
4.055906832218170166e-01
4.055906832218170166e-01
4.055906832218170166e-01
4.055906832218170166e-01
4.055906832218170166e-01
4.055906832218170166e-01
3.596919476985931396e-01
3.704273700714111328e-01
4.055906832218170166e-01
3.565331399440765381e-01
3.570049703121185303e-01
3.854514956474304199e-01
3.610919117927551270e-01
4.055906832218170166e-01
4.055906832218170166e-01
4.055906832218170166e-01
4.055906832218170166e-01
4.055906832218170166e-01
4.055906832218170166e-01
4.055906832218170166e-01
4.055906832218170166e-01
4.055906832218170166e-01
4.055906832218170166e-01
4.055906832218170166e-01
4.055906832218170166e-01
4.055906832218170166e-01
4.055906832218170166e-01
4.055906832218170166e-01
4.055906832218170166e-01
4.055906832218170166e-01
4.055906832218170166e-01
4.055906832218170166e-01
4.055906832218170166e-01
4.055906832218170166e-01
4.055906832218170166e-01
3.572870492935180664e-01
4.055906832218170166e-01
4.055906832218170166e-01
4.055906832218170166e-01
4.055906832218170166e-01
4.055906832218170166e-01
4.055906832218170166e-01
4.055906832218170166e-01
3.586465120315551758e-01
4.055906832218170166e-01
4.055906832218170166e-01
3.594538867473602295e-01
3.614774942398071289e-01
3.495219945907592773e-01
4.055906832218170166e-01
4.055906832218170166e-01
3.779534697532653809e-01
3.823285102844238281e-01
4.055906832218170166e-01
3.655002117156982422e-01
4.055906832218170166e-01
3.628916144371032715e-01
4.055906832218170166e-01
3.704262971878051758e-01
4.055906832218170166e-01
3.715190887451171875e-01
3.908821046352386475e-01
3.596239387989044189e-01
3.890118896961212158e-01
3.731662631034851074e-01
3.913331329822540283e-01
3.507822155952453613e-01
3.430457115173339844e-01
3.565648198127746582e-01
4.055906832218170166e-01
3.690536618232727051e-01
3.477452397346496582e-01
3.510889708995819092e-01
3.603489398956298828e-01
3.595188260078430176e-01
3.622832894325256348e-01
4.007392227649688721e-01
4.055906832218170166e-01
3.541513681411743164e-01
3.924657106399536133e-01
4.055906832218170166e-01
4.055906832218170166e-01
4.055906832218170166e-01
3.841824829578399658e-01
3.894844949245452881e-01
3.657588362693786621e-01
3.858931660652160645e-01
3.584955930709838867e-01
3.574166893959045410e-01
4.055906832218170166e-01
4.055906832218170166e-01
4.055906832218170166e-01
4.055906832218170166e-01
4.055906832218170166e-01
4.055906832218170166e-01
3.704321086406707764e-01
4.055906832218170166e-01
4.055906832218170166e-01
4.055906832218170166e-01
4.055906832218170166e-01
4.055906832218170166e-01
4.055906832218170166e-01
4.055906832218170166e-01
4.055906832218170166e-01
4.055906832218170166e-01
4.055906832218170166e-01
4.055906832218170166e-01
4.055906832218170166e-01
4.055906832218170166e-01
4.055906832218170166e-01
4.055906832218170166e-01
4.055906832218170166e-01
4.055906832218170166e-01
4.055906832218170166e-01
4.055906832218170166e-01
4.055906832218170166e-01
4.055906832218170166e-01
4.055906832218170166e-01
4.055906832218170166e-01
4.055906832218170166e-01
4.055906832218170166e-01
4.055906832218170166e-01
4.055906832218170166e-01
4.055906832218170166e-01
4.055906832218170166e-01
4.055906832218170166e-01
4.055906832218170166e-01
4.055906832218170166e-01
4.055906832218170166e-01
4.055906832218170166e-01
4.055906832218170166e-01
4.055906832218170166e-01
4.055906832218170166e-01
4.055906832218170166e-01
4.055906832218170166e-01
4.055906832218170166e-01
4.055906832218170166e-01
4.055906832218170166e-01
4.055906832218170166e-01
4.055906832218170166e-01
4.055906832218170166e-01
4.055906832218170166e-01
4.055906832218170166e-01
4.055906832218170166e-01
4.055906832218170166e-01
4.055906832218170166e-01
4.055906832218170166e-01
4.055906832218170166e-01
4.055906832218170166e-01
3.704331815242767334e-01
4.055906832218170166e-01
3.704294264316558838e-01
4.055906832218170166e-01
3.704321980476379395e-01
4.055906832218170166e-01
4.055906832218170166e-01
4.055906832218170166e-01
4.055906832218170166e-01
4.055906832218170166e-01
4.055906832218170166e-01
4.055906832218170166e-01
4.055906832218170166e-01
4.055906832218170166e-01
4.055906832218170166e-01
4.055906832218170166e-01
4.055906832218170166e-01
4.055906832218170166e-01
4.055906832218170166e-01
4.055906832218170166e-01
4.055906832218170166e-01
4.055906832218170166e-01
4.055906832218170166e-01
4.055906832218170166e-01
4.055906832218170166e-01
4.055906832218170166e-01
4.055906832218170166e-01
4.055906832218170166e-01
4.055906832218170166e-01
4.055906832218170166e-01
3.869394659996032715e-01
4.055906832218170166e-01
3.982530236244201660e-01
3.617789447307586670e-01
4.055906832218170166e-01
3.591679632663726807e-01
3.521928191184997559e-01
3.764253258705139160e-01
3.493053615093231201e-01
2.188610732555389404e-01
3.775204420089721680e-01
3.654438853263854980e-01
3.522907495498657227e-01
1.979005634784698486e-01
3.723765015602111816e-01
3.544463515281677246e-01
2.166368067264556885e-01
3.626375198364257812e-01
3.763982057571411133e-01
3.574044704437255859e-01
3.454586863517761230e-01
3.442377448081970215e-01
3.464062213897705078e-01
3.464445471763610840e-01
3.475347757339477539e-01
3.472406864166259766e-01
3.490510582923889160e-01
3.630405068397521973e-01
3.648000657558441162e-01
3.641737699508666992e-01
3.490518331527709961e-01
3.704401850700378418e-01
3.540986180305480957e-01
3.731167018413543701e-01
3.975533843040466309e-01
4.055906832218170166e-01
4.055906832218170166e-01
4.055906832218170166e-01
4.055906832218170166e-01
4.055906832218170166e-01
4.055906832218170166e-01
4.055906832218170166e-01
4.055906832218170166e-01
3.672603368759155273e-01
4.055906832218170166e-01
3.731241226196289062e-01
3.704474866390228271e-01
4.055906832218170166e-01
4.055906832218170166e-01
4.055906832218170166e-01
4.055906832218170166e-01
4.055906832218170166e-01
4.055906832218170166e-01
4.055906832218170166e-01
4.055906832218170166e-01
4.055906832218170166e-01
4.055906832218170166e-01
4.055906832218170166e-01
4.055906832218170166e-01
4.055906832218170166e-01
4.055906832218170166e-01
4.055906832218170166e-01
4.055906832218170166e-01
4.055906832218170166e-01
4.055906832218170166e-01
4.055906832218170166e-01
4.055906832218170166e-01
4.055906832218170166e-01
4.055906832218170166e-01
4.055906832218170166e-01
4.055906832218170166e-01
4.055906832218170166e-01
4.055906832218170166e-01
4.055906832218170166e-01
4.055906832218170166e-01
4.055906832218170166e-01
4.055906832218170166e-01
4.055906832218170166e-01
4.055906832218170166e-01
4.055906832218170166e-01
4.055906832218170166e-01
4.055906832218170166e-01
4.055906832218170166e-01
4.055906832218170166e-01
4.055906832218170166e-01
4.055906832218170166e-01
4.055906832218170166e-01
4.055906832218170166e-01
4.055906832218170166e-01
4.055906832218170166e-01
4.055906832218170166e-01
4.055906832218170166e-01
4.055906832218170166e-01
3.890045285224914551e-01
3.891735672950744629e-01
3.891343474388122559e-01
3.468775749206542969e-01
4.055906832218170166e-01
3.534104526042938232e-01
4.055906832218170166e-01
4.055906832218170166e-01
4.055906832218170166e-01
3.596888184547424316e-01
4.055906832218170166e-01
3.629875779151916504e-01
3.897122740745544434e-01
3.626177012920379639e-01
4.055906832218170166e-01
3.568806052207946777e-01
3.914130330085754395e-01
3.768028616905212402e-01
3.670123219490051270e-01
3.536499738693237305e-01
4.055906832218170166e-01
3.704269826412200928e-01
3.704330325126647949e-01
4.055906832218170166e-01
4.055906832218170166e-01
4.055906832218170166e-01
3.438421189785003662e-01
3.505185246467590332e-01
3.629277348518371582e-01
3.472588658332824707e-01
3.605203628540039062e-01
3.589347004890441895e-01
3.543310165405273438e-01
3.457245230674743652e-01
3.435747325420379639e-01
3.435104489326477051e-01
3.454449176788330078e-01
3.709460198879241943e-01
3.580919504165649414e-01
4.055906832218170166e-01
4.055906832218170166e-01
4.055906832218170166e-01
3.445293903350830078e-01
3.881737589836120605e-01
3.524106144905090332e-01
4.055906832218170166e-01
3.809202313423156738e-01
3.891936242580413818e-01
4.055906832218170166e-01
4.055906832218170166e-01
4.055906832218170166e-01
3.592139184474945068e-01
3.893010020256042480e-01
4.055906832218170166e-01
4.055906832218170166e-01
3.704283237457275391e-01
3.474978208541870117e-01
3.470777869224548340e-01
4.055906832218170166e-01
4.055906832218170166e-01
4.055906832218170166e-01
3.640474081039428711e-01
4.055906832218170166e-01
3.858078122138977051e-01
3.484156131744384766e-01
3.875132203102111816e-01
4.055906832218170166e-01
4.055906832218170166e-01
4.055906832218170166e-01
4.055906832218170166e-01
3.860621154308319092e-01
3.619000911712646484e-01
4.055906832218170166e-01
3.704343140125274658e-01
3.922432959079742432e-01
3.745932579040527344e-01
3.615188300609588623e-01
3.525273203849792480e-01
3.636851012706756592e-01
3.633006215095520020e-01
3.633281886577606201e-01
3.497987985610961914e-01
3.715049624443054199e-01
3.704315423965454102e-01
4.055906832218170166e-01
3.611803650856018066e-01
4.018349945545196533e-01
3.704483509063720703e-01
4.055906832218170166e-01
4.055906832218170166e-01
3.398894071578979492e-01
3.538590371608734131e-01
3.506608605384826660e-01
3.453967571258544922e-01
3.639648556709289551e-01
3.672156035900115967e-01
3.465839624404907227e-01
3.465477228164672852e-01
3.454289436340332031e-01
3.573375344276428223e-01
3.508213758468627930e-01
3.455669879913330078e-01
3.684937357902526855e-01
3.525069653987884521e-01
3.440900444984436035e-01
3.464236259460449219e-01
3.513240218162536621e-01
3.761006295680999756e-01
4.055906832218170166e-01
4.055906832218170166e-01
4.055906832218170166e-01
4.055906832218170166e-01
4.055906832218170166e-01
4.055906832218170166e-01
4.055906832218170166e-01
4.055906832218170166e-01
4.055906832218170166e-01
4.055906832218170166e-01
4.055906832218170166e-01
4.055906832218170166e-01
4.055906832218170166e-01
4.055906832218170166e-01
3.704462051391601562e-01
3.495371341705322266e-01
3.654136657714843750e-01
3.548331260681152344e-01
4.055906832218170166e-01
4.055906832218170166e-01
4.055906832218170166e-01
4.055906832218170166e-01
3.579351603984832764e-01
4.055906832218170166e-01
4.055906832218170166e-01
4.055906832218170166e-01
4.055906832218170166e-01
4.055906832218170166e-01
3.566186428070068359e-01
3.628436028957366943e-01
4.055906832218170166e-01
3.668527007102966309e-01
4.055906832218170166e-01
3.640148639678955078e-01
3.699653148651123047e-01
4.055906832218170166e-01
4.055906832218170166e-01
4.055906832218170166e-01
4.055906832218170166e-01
4.055906832218170166e-01
4.055906832218170166e-01
4.055906832218170166e-01
4.055906832218170166e-01
4.055906832218170166e-01
4.055906832218170166e-01
4.055906832218170166e-01
4.055906832218170166e-01
4.055906832218170166e-01
4.055906832218170166e-01
4.055906832218170166e-01
4.055906832218170166e-01
4.055906832218170166e-01
4.055906832218170166e-01
4.055906832218170166e-01
4.055906832218170166e-01
4.055906832218170166e-01
4.055906832218170166e-01
4.055906832218170166e-01
4.055906832218170166e-01
4.055906832218170166e-01
4.055906832218170166e-01
4.055906832218170166e-01
4.055906832218170166e-01
4.055906832218170166e-01
4.055906832218170166e-01
4.055906832218170166e-01
4.055906832218170166e-01
4.055906832218170166e-01
4.055906832218170166e-01
4.055906832218170166e-01
4.055906832218170166e-01
4.055906832218170166e-01
4.055906832218170166e-01
4.055906832218170166e-01
4.055906832218170166e-01
4.055906832218170166e-01
4.055906832218170166e-01
4.055906832218170166e-01
4.055906832218170166e-01
4.055906832218170166e-01
4.055906832218170166e-01
4.055906832218170166e-01
4.055906832218170166e-01
4.055906832218170166e-01
4.055906832218170166e-01
4.055906832218170166e-01
4.055906832218170166e-01
4.055906832218170166e-01
4.055906832218170166e-01
4.055906832218170166e-01
4.055906832218170166e-01
4.055906832218170166e-01
4.055906832218170166e-01
4.055906832218170166e-01
4.055906832218170166e-01
4.055906832218170166e-01
4.055906832218170166e-01
4.055906832218170166e-01
3.704358935356140137e-01
4.055906832218170166e-01
4.055906832218170166e-01
4.002014994621276855e-01
3.993932902812957764e-01
3.704280257225036621e-01
3.665798306465148926e-01
3.463445305824279785e-01
3.500014245510101318e-01
3.596197366714477539e-01
3.754818141460418701e-01
3.713940978050231934e-01
4.055906832218170166e-01
4.055906832218170166e-01
4.055906832218170166e-01
4.055906832218170166e-01
4.055906832218170166e-01
4.055906832218170166e-01
4.055906832218170166e-01
4.055906832218170166e-01
4.055906832218170166e-01
4.055906832218170166e-01
4.055906832218170166e-01
3.801491260528564453e-01
4.055906832218170166e-01
4.055906832218170166e-01
4.055906832218170166e-01
3.722642064094543457e-01
3.921710550785064697e-01
4.055906832218170166e-01
4.055906832218170166e-01
4.055906832218170166e-01
3.814652860164642334e-01
4.055906832218170166e-01
4.055906832218170166e-01
4.055906832218170166e-01
4.055906832218170166e-01
4.055906832218170166e-01
3.704449534416198730e-01
3.704473376274108887e-01
3.704596459865570068e-01
3.589639067649841309e-01
4.055906832218170166e-01
4.055906832218170166e-01
4.055906832218170166e-01
4.055906832218170166e-01
4.055906832218170166e-01
4.055906832218170166e-01
4.055906832218170166e-01
4.055906832218170166e-01
4.055906832218170166e-01
4.055906832218170166e-01
4.055906832218170166e-01
3.631993532180786133e-01
3.614243865013122559e-01
3.874732553958892822e-01
4.055906832218170166e-01
4.055906832218170166e-01
4.055906832218170166e-01
4.055906832218170166e-01
3.645799756050109863e-01
4.055906832218170166e-01
4.055906832218170166e-01
3.624629378318786621e-01
4.055906832218170166e-01
4.055906832218170166e-01
3.653346002101898193e-01
3.529828190803527832e-01
3.541668653488159180e-01
4.055906832218170166e-01
4.055906832218170166e-01
4.055906832218170166e-01
3.565186858177185059e-01
2.184302806854248047e-01
3.488289117813110352e-01
3.895452320575714111e-01
3.530374467372894287e-01
3.571731448173522949e-01
3.594395816326141357e-01
3.612825572490692139e-01
3.547003269195556641e-01
3.467517495155334473e-01
3.487319648265838623e-01
3.602258563041687012e-01
4.055906832218170166e-01
4.055906832218170166e-01
4.055906832218170166e-01
4.055906832218170166e-01
4.055906832218170166e-01
4.055906832218170166e-01
4.055906832218170166e-01
4.055906832218170166e-01
4.055906832218170166e-01
4.055906832218170166e-01
4.055906832218170166e-01
4.055906832218170166e-01
4.055906832218170166e-01
4.055906832218170166e-01
4.055906832218170166e-01
4.055906832218170166e-01
4.055906832218170166e-01
4.055906832218170166e-01
4.055906832218170166e-01
4.055906832218170166e-01
4.055906832218170166e-01
4.055906832218170166e-01
4.055906832218170166e-01
4.055906832218170166e-01
4.055906832218170166e-01
4.055906832218170166e-01
4.055906832218170166e-01
4.055906832218170166e-01
4.055906832218170166e-01
4.055906832218170166e-01
4.055906832218170166e-01
4.055906832218170166e-01
4.055906832218170166e-01
4.055906832218170166e-01
4.055906832218170166e-01
4.055906832218170166e-01
4.055906832218170166e-01
4.055906832218170166e-01
4.055906832218170166e-01
4.055906832218170166e-01
4.055906832218170166e-01
4.055906832218170166e-01
3.513805270195007324e-01
3.520837426185607910e-01
3.899540901184082031e-01
3.522800207138061523e-01
3.603597581386566162e-01
3.478203713893890381e-01
4.055906832218170166e-01
3.702967166900634766e-01
3.576610088348388672e-01
4.055906832218170166e-01
4.055906832218170166e-01
4.055906832218170166e-01
3.673921823501586914e-01
3.577456474304199219e-01
4.055906832218170166e-01
4.055906832218170166e-01
4.055906832218170166e-01
4.055906832218170166e-01
3.704265356063842773e-01
3.694280385971069336e-01
3.705061078071594238e-01
3.704288601875305176e-01
3.615272641181945801e-01
3.616712689399719238e-01
3.456683754920959473e-01
4.055906832218170166e-01
3.638795018196105957e-01
3.704273104667663574e-01
4.055906832218170166e-01
4.055906832218170166e-01
4.055906832218170166e-01
4.055906832218170166e-01
4.055906832218170166e-01
4.055906832218170166e-01
4.055906832218170166e-01
4.055906832218170166e-01
4.055906832218170166e-01
4.055906832218170166e-01
4.055906832218170166e-01
4.055906832218170166e-01
4.055906832218170166e-01
4.055906832218170166e-01
4.055906832218170166e-01
4.055906832218170166e-01
4.055906832218170166e-01
4.055906832218170166e-01
4.055906832218170166e-01
4.055906832218170166e-01
4.055906832218170166e-01
4.055906832218170166e-01
4.055906832218170166e-01
4.055906832218170166e-01
4.055906832218170166e-01
4.055906832218170166e-01
4.055906832218170166e-01
4.055906832218170166e-01
4.055906832218170166e-01
4.055906832218170166e-01
4.055906832218170166e-01
4.055906832218170166e-01
4.055906832218170166e-01
4.055906832218170166e-01
4.055906832218170166e-01
4.055906832218170166e-01
4.055906832218170166e-01
4.055906832218170166e-01
4.055906832218170166e-01
4.055906832218170166e-01
4.055906832218170166e-01
4.055906832218170166e-01
4.055906832218170166e-01
4.055906832218170166e-01
4.055906832218170166e-01
4.055906832218170166e-01
4.055906832218170166e-01
4.055906832218170166e-01
4.055906832218170166e-01
4.055906832218170166e-01
4.055906832218170166e-01
4.055906832218170166e-01
4.055906832218170166e-01
4.055906832218170166e-01
4.055906832218170166e-01
4.055906832218170166e-01
4.055906832218170166e-01
3.850045502185821533e-01
4.055906832218170166e-01
4.055906832218170166e-01
4.055906832218170166e-01
4.055906832218170166e-01
4.055906832218170166e-01
4.055906832218170166e-01
4.055906832218170166e-01
4.055906832218170166e-01
4.055906832218170166e-01
4.055906832218170166e-01
4.055906832218170166e-01
4.055906832218170166e-01
4.055906832218170166e-01
4.055906832218170166e-01
4.055906832218170166e-01
4.055906832218170166e-01
4.055906832218170166e-01
4.055906832218170166e-01
4.055906832218170166e-01
4.055906832218170166e-01
4.055906832218170166e-01
4.055906832218170166e-01
4.055906832218170166e-01
4.055906832218170166e-01
4.055906832218170166e-01
4.055906832218170166e-01
4.055906832218170166e-01
4.055906832218170166e-01
4.055906832218170166e-01
4.055906832218170166e-01
4.055906832218170166e-01
4.055906832218170166e-01
4.055906832218170166e-01
4.055906832218170166e-01
4.055906832218170166e-01
4.055906832218170166e-01
4.055906832218170166e-01
4.055906832218170166e-01
4.055906832218170166e-01
4.055906832218170166e-01
4.055906832218170166e-01
4.055906832218170166e-01
4.055906832218170166e-01
4.055906832218170166e-01
4.055906832218170166e-01
4.055906832218170166e-01
4.055906832218170166e-01
4.055906832218170166e-01
4.055906832218170166e-01
4.055906832218170166e-01
4.055906832218170166e-01
4.055906832218170166e-01
4.055906832218170166e-01
3.863321244716644287e-01
4.055906832218170166e-01
4.055906832218170166e-01
4.055906832218170166e-01
4.055906832218170166e-01
4.055906832218170166e-01
4.055906832218170166e-01
4.055906832218170166e-01
4.055906832218170166e-01
3.912552595138549805e-01
4.055906832218170166e-01
4.055906832218170166e-01
4.055906832218170166e-01
4.055906832218170166e-01
4.055906832218170166e-01
4.055906832218170166e-01
4.055906832218170166e-01
4.055906832218170166e-01
4.055906832218170166e-01
4.055906832218170166e-01
4.055906832218170166e-01
4.055906832218170166e-01
4.055906832218170166e-01
4.055906832218170166e-01
4.055906832218170166e-01
4.055906832218170166e-01
4.055906832218170166e-01
4.055906832218170166e-01
4.055906832218170166e-01
4.055906832218170166e-01
4.055906832218170166e-01
4.055906832218170166e-01
4.055906832218170166e-01
4.055906832218170166e-01
4.055906832218170166e-01
4.055906832218170166e-01
4.055906832218170166e-01
4.055906832218170166e-01
4.055906832218170166e-01
4.055906832218170166e-01
4.055906832218170166e-01
4.055906832218170166e-01
4.055906832218170166e-01
4.055906832218170166e-01
4.055906832218170166e-01
4.055906832218170166e-01
4.055906832218170166e-01
4.055906832218170166e-01
4.055906832218170166e-01
4.055906832218170166e-01
4.055906832218170166e-01
4.055906832218170166e-01
4.055906832218170166e-01
4.055906832218170166e-01
4.055906832218170166e-01
4.055906832218170166e-01
4.055906832218170166e-01
4.055906832218170166e-01
4.055906832218170166e-01
3.704304099082946777e-01
4.055906832218170166e-01
4.055906832218170166e-01
4.055906832218170166e-01
4.055906832218170166e-01
4.055906832218170166e-01
4.055906832218170166e-01
4.055906832218170166e-01
4.055906832218170166e-01
4.055906832218170166e-01
4.055906832218170166e-01
3.704329729080200195e-01
4.055906832218170166e-01
4.055906832218170166e-01
4.055906832218170166e-01
4.055906832218170166e-01
3.704475164413452148e-01
4.014031291007995605e-01
4.055906832218170166e-01
4.055906832218170166e-01
4.055906832218170166e-01
4.055906832218170166e-01
4.055906832218170166e-01
4.055906832218170166e-01
4.055906832218170166e-01
4.055906832218170166e-01
4.055906832218170166e-01
4.055906832218170166e-01
4.055906832218170166e-01
4.055906832218170166e-01
4.055906832218170166e-01
4.055906832218170166e-01
4.055906832218170166e-01
4.055906832218170166e-01
4.055906832218170166e-01
4.055906832218170166e-01
4.055906832218170166e-01
4.055906832218170166e-01
4.055906832218170166e-01
4.055906832218170166e-01
4.055906832218170166e-01
4.055906832218170166e-01
4.055906832218170166e-01
4.055906832218170166e-01
4.055906832218170166e-01
3.950189948081970215e-01
4.055906832218170166e-01
4.055906832218170166e-01
4.055906832218170166e-01
4.055906832218170166e-01
4.055906832218170166e-01
4.055906832218170166e-01
4.055906832218170166e-01
4.055906832218170166e-01
4.055906832218170166e-01
4.055906832218170166e-01
4.055906832218170166e-01
4.055906832218170166e-01
4.055906832218170166e-01
4.055906832218170166e-01
4.055906832218170166e-01
4.055906832218170166e-01
4.055906832218170166e-01
3.717858791351318359e-01
3.704359531402587891e-01
4.055906832218170166e-01
4.055906832218170166e-01
4.055906832218170166e-01
4.055906832218170166e-01
4.055906832218170166e-01
3.704256415367126465e-01
3.653310537338256836e-01
3.710812032222747803e-01
4.055906832218170166e-01
4.055906832218170166e-01
4.055906832218170166e-01
4.055906832218170166e-01
4.055906832218170166e-01
4.055906832218170166e-01
4.055906832218170166e-01
3.746542334556579590e-01
4.055906832218170166e-01
4.055906832218170166e-01
3.531775772571563721e-01
4.055906832218170166e-01
4.055906832218170166e-01
4.055906832218170166e-01
4.055906832218170166e-01
4.055906832218170166e-01
4.055906832218170166e-01
4.055906832218170166e-01
4.055906832218170166e-01
4.055906832218170166e-01
4.055906832218170166e-01
3.555883765220642090e-01
4.055906832218170166e-01
4.055906832218170166e-01
4.055906832218170166e-01
4.055906832218170166e-01
4.055906832218170166e-01
4.055906832218170166e-01
4.055906832218170166e-01
4.055906832218170166e-01
4.055906832218170166e-01
4.055906832218170166e-01
4.055906832218170166e-01
4.055906832218170166e-01
4.055906832218170166e-01
4.055906832218170166e-01
4.055906832218170166e-01
4.055906832218170166e-01
4.055906832218170166e-01
4.055906832218170166e-01
4.055906832218170166e-01
4.055906832218170166e-01
4.055906832218170166e-01
4.055906832218170166e-01
4.002180993556976318e-01
4.055906832218170166e-01
4.055906832218170166e-01
4.055906832218170166e-01
4.055906832218170166e-01
4.055906832218170166e-01
4.055906832218170166e-01
4.055906832218170166e-01
4.055906832218170166e-01
4.055906832218170166e-01
4.055906832218170166e-01
4.055906832218170166e-01
4.055906832218170166e-01
4.055906832218170166e-01
4.055906832218170166e-01
4.055906832218170166e-01
4.055906832218170166e-01
4.055906832218170166e-01
4.055906832218170166e-01
4.055906832218170166e-01
4.055906832218170166e-01
4.055906832218170166e-01
4.055906832218170166e-01
4.055906832218170166e-01
4.055906832218170166e-01
4.055906832218170166e-01
4.055906832218170166e-01
4.055906832218170166e-01
4.055906832218170166e-01
4.055906832218170166e-01
4.055906832218170166e-01
4.055906832218170166e-01
4.055906832218170166e-01
4.055906832218170166e-01
4.055906832218170166e-01
4.055906832218170166e-01
4.055906832218170166e-01
4.055906832218170166e-01
4.055906832218170166e-01
4.055906832218170166e-01
4.055906832218170166e-01
4.055906832218170166e-01
4.055906832218170166e-01
4.055906832218170166e-01
4.055906832218170166e-01
4.055906832218170166e-01
4.055906832218170166e-01
4.055906832218170166e-01
4.055906832218170166e-01
4.055906832218170166e-01
4.055906832218170166e-01
4.055906832218170166e-01
4.055906832218170166e-01
4.055906832218170166e-01
4.055906832218170166e-01
4.055906832218170166e-01
4.055906832218170166e-01
4.055906832218170166e-01
4.055906832218170166e-01
4.055906832218170166e-01
4.055906832218170166e-01
4.055906832218170166e-01
4.055906832218170166e-01
4.055906832218170166e-01
4.055906832218170166e-01
4.055906832218170166e-01
4.055906832218170166e-01
4.055906832218170166e-01
4.055906832218170166e-01
4.055906832218170166e-01
4.055906832218170166e-01
4.055906832218170166e-01
4.055906832218170166e-01
4.055906832218170166e-01
4.055906832218170166e-01
4.055906832218170166e-01
4.055906832218170166e-01
4.055906832218170166e-01
4.055906832218170166e-01
4.055906832218170166e-01
4.055906832218170166e-01
4.055906832218170166e-01
4.055906832218170166e-01
4.055906832218170166e-01
4.055906832218170166e-01
3.545907139778137207e-01
4.055906832218170166e-01
4.055906832218170166e-01
4.055906832218170166e-01
4.055906832218170166e-01
4.055906832218170166e-01
4.055906832218170166e-01
4.055906832218170166e-01
4.055906832218170166e-01
3.704359233379364014e-01
3.612032532691955566e-01
3.908827602863311768e-01
4.055906832218170166e-01
4.055906832218170166e-01
4.055906832218170166e-01
4.055906832218170166e-01
4.055906832218170166e-01
4.055906832218170166e-01
4.055906832218170166e-01
4.055906832218170166e-01
4.055906832218170166e-01
4.055906832218170166e-01
4.055906832218170166e-01
3.760789036750793457e-01
1.325583457946777344e-01
4.055906832218170166e-01
4.055906832218170166e-01
4.055906832218170166e-01
3.583823442459106445e-01
3.438156843185424805e-01
3.465338945388793945e-01
3.481593132019042969e-01
3.449121713638305664e-01
4.028891921043395996e-01
3.832927942276000977e-01
3.726391792297363281e-01
3.993007242679595947e-01
3.888854086399078369e-01
4.055906832218170166e-01
3.499640226364135742e-01
3.509315848350524902e-01
3.447639346122741699e-01
3.483200669288635254e-01
3.468034863471984863e-01
3.499412238597869873e-01
3.594339489936828613e-01
3.443166315555572510e-01
3.496283292770385742e-01
3.464741110801696777e-01
3.572548627853393555e-01
3.497855067253112793e-01
4.055906832218170166e-01
4.055906832218170166e-01
4.055906832218170166e-01
4.055906832218170166e-01
4.055906832218170166e-01
4.055906832218170166e-01
4.055906832218170166e-01
4.055906832218170166e-01
4.055906832218170166e-01
4.055906832218170166e-01
4.055906832218170166e-01
4.055906832218170166e-01
4.055906832218170166e-01
4.055906832218170166e-01
4.055906832218170166e-01
4.055906832218170166e-01
4.055906832218170166e-01
4.055906832218170166e-01
4.055906832218170166e-01
4.055906832218170166e-01
4.055906832218170166e-01
4.055906832218170166e-01
4.055906832218170166e-01
4.055906832218170166e-01
4.055906832218170166e-01
4.055906832218170166e-01
4.055906832218170166e-01
4.055906832218170166e-01
4.055906832218170166e-01
4.055906832218170166e-01
4.055906832218170166e-01
4.055906832218170166e-01
4.055906832218170166e-01
4.055906832218170166e-01
3.859922289848327637e-01
3.859676420688629150e-01
3.828279972076416016e-01
3.458547592163085938e-01
4.055906832218170166e-01
4.055906832218170166e-01
4.055906832218170166e-01
3.859318494796752930e-01
3.828395605087280273e-01
4.055906832218170166e-01
4.055906832218170166e-01
4.055906832218170166e-01
4.055906832218170166e-01
4.055906832218170166e-01
4.055906832218170166e-01
3.704254329204559326e-01
4.055906832218170166e-01
4.055906832218170166e-01
4.055906832218170166e-01
4.055906832218170166e-01
4.055906832218170166e-01
4.055906832218170166e-01
4.055906832218170166e-01
4.055906832218170166e-01
4.055906832218170166e-01
4.055906832218170166e-01
4.055906832218170166e-01
4.055906832218170166e-01
4.055906832218170166e-01
4.055906832218170166e-01
4.055906832218170166e-01
4.055906832218170166e-01
3.704319000244140625e-01
4.055906832218170166e-01
4.055906832218170166e-01
4.055906832218170166e-01
4.055906832218170166e-01
4.055906832218170166e-01
4.055906832218170166e-01
4.055906832218170166e-01
4.055906832218170166e-01
4.055906832218170166e-01
