0.000000000000000000e+00
0.000000000000000000e+00
0.000000000000000000e+00
0.000000000000000000e+00
0.000000000000000000e+00
0.000000000000000000e+00
0.000000000000000000e+00
0.000000000000000000e+00
0.000000000000000000e+00
3.728938698768615723e-01
3.893038034439086914e-01
3.669288754463195801e-01
3.669286370277404785e-01
0.000000000000000000e+00
3.647015988826751709e-01
3.652039766311645508e-01
3.659116923809051514e-01
3.653015494346618652e-01
3.643822669982910156e-01
3.655453920364379883e-01
0.000000000000000000e+00
0.000000000000000000e+00
0.000000000000000000e+00
3.550299406051635742e-01
0.000000000000000000e+00
0.000000000000000000e+00
0.000000000000000000e+00
0.000000000000000000e+00
0.000000000000000000e+00
0.000000000000000000e+00
0.000000000000000000e+00
0.000000000000000000e+00
0.000000000000000000e+00
0.000000000000000000e+00
0.000000000000000000e+00
0.000000000000000000e+00
0.000000000000000000e+00
0.000000000000000000e+00
0.000000000000000000e+00
0.000000000000000000e+00
0.000000000000000000e+00
0.000000000000000000e+00
0.000000000000000000e+00
0.000000000000000000e+00
0.000000000000000000e+00
0.000000000000000000e+00
0.000000000000000000e+00
0.000000000000000000e+00
0.000000000000000000e+00
0.000000000000000000e+00
0.000000000000000000e+00
0.000000000000000000e+00
0.000000000000000000e+00
0.000000000000000000e+00
0.000000000000000000e+00
3.595215976238250732e-01
0.000000000000000000e+00
1.661811172962188721e-01
0.000000000000000000e+00
0.000000000000000000e+00
0.000000000000000000e+00
3.677725791931152344e-01
0.000000000000000000e+00
0.000000000000000000e+00
0.000000000000000000e+00
3.672474622726440430e-01
3.669535815715789795e-01
3.667152225971221924e-01
3.669360280036926270e-01
3.701512515544891357e-01
3.669292330741882324e-01
0.000000000000000000e+00
2.136380374431610107e-01
0.000000000000000000e+00
0.000000000000000000e+00
3.694304823875427246e-01
0.000000000000000000e+00
0.000000000000000000e+00
0.000000000000000000e+00
0.000000000000000000e+00
0.000000000000000000e+00
0.000000000000000000e+00
0.000000000000000000e+00
0.000000000000000000e+00
0.000000000000000000e+00
0.000000000000000000e+00
3.669284284114837646e-01
0.000000000000000000e+00
3.601281344890594482e-01
4.003542661666870117e-01
0.000000000000000000e+00
0.000000000000000000e+00
0.000000000000000000e+00
0.000000000000000000e+00
0.000000000000000000e+00
0.000000000000000000e+00
0.000000000000000000e+00
3.604667186737060547e-01
3.606770932674407959e-01
3.619235754013061523e-01
2.285337448120117188e-01
0.000000000000000000e+00
3.614763021469116211e-01
0.000000000000000000e+00
0.000000000000000000e+00
0.000000000000000000e+00
0.000000000000000000e+00
3.669283986091613770e-01
3.622968196868896484e-01
3.522741496562957764e-01
3.632796108722686768e-01
0.000000000000000000e+00
0.000000000000000000e+00
3.757676482200622559e-01
0.000000000000000000e+00
0.000000000000000000e+00
3.672315478324890137e-01
0.000000000000000000e+00
0.000000000000000000e+00
3.756311833858489990e-01
0.000000000000000000e+00
0.000000000000000000e+00
0.000000000000000000e+00
0.000000000000000000e+00
0.000000000000000000e+00
0.000000000000000000e+00
0.000000000000000000e+00
3.398810029029846191e-01
0.000000000000000000e+00
3.669284880161285400e-01
3.669301867485046387e-01
3.466308116912841797e-01
3.669283986091613770e-01
3.669768571853637695e-01
0.000000000000000000e+00
3.637976050376892090e-01
3.669342398643493652e-01
3.669308423995971680e-01
3.672448396682739258e-01
3.663455247879028320e-01
3.669590651988983154e-01
3.669343590736389160e-01
3.936306536197662354e-01
3.635207414627075195e-01
3.522927463054656982e-01
0.000000000000000000e+00
0.000000000000000000e+00
3.565283715724945068e-01
0.000000000000000000e+00
0.000000000000000000e+00
3.674194812774658203e-01
3.667131066322326660e-01
3.392142653465270996e-01
3.609530329704284668e-01
3.605930209159851074e-01
0.000000000000000000e+00
0.000000000000000000e+00
0.000000000000000000e+00
3.878228664398193359e-01
4.007759094238281250e-01
3.706364035606384277e-01
3.638666272163391113e-01
0.000000000000000000e+00
0.000000000000000000e+00
0.000000000000000000e+00
0.000000000000000000e+00
0.000000000000000000e+00
0.000000000000000000e+00
0.000000000000000000e+00
0.000000000000000000e+00
0.000000000000000000e+00
0.000000000000000000e+00
0.000000000000000000e+00
0.000000000000000000e+00
0.000000000000000000e+00
0.000000000000000000e+00
0.000000000000000000e+00
0.000000000000000000e+00
0.000000000000000000e+00
0.000000000000000000e+00
0.000000000000000000e+00
0.000000000000000000e+00
0.000000000000000000e+00
0.000000000000000000e+00
0.000000000000000000e+00
0.000000000000000000e+00
0.000000000000000000e+00
0.000000000000000000e+00
0.000000000000000000e+00
0.000000000000000000e+00
0.000000000000000000e+00
0.000000000000000000e+00
0.000000000000000000e+00
0.000000000000000000e+00
0.000000000000000000e+00
0.000000000000000000e+00
0.000000000000000000e+00
0.000000000000000000e+00
0.000000000000000000e+00
0.000000000000000000e+00
0.000000000000000000e+00
0.000000000000000000e+00
0.000000000000000000e+00
0.000000000000000000e+00
0.000000000000000000e+00
0.000000000000000000e+00
0.000000000000000000e+00
0.000000000000000000e+00
0.000000000000000000e+00
0.000000000000000000e+00
0.000000000000000000e+00
0.000000000000000000e+00
0.000000000000000000e+00
0.000000000000000000e+00
