4.551881253719329834e-01
4.552303850650787354e-01
4.551431834697723389e-01
4.550930857658386230e-01
4.550801217555999756e-01
4.548017382621765137e-01
4.551589190959930420e-01
4.552303254604339600e-01
4.552707672119140625e-01
4.551433324813842773e-01
4.552705883979797363e-01
4.548751115798950195e-01
4.550601840019226074e-01
4.552803635597229004e-01
4.552830159664154053e-01
4.552770256996154785e-01
4.551958143711090088e-01
4.552627801895141602e-01
4.551999568939208984e-01
4.552682638168334961e-01
4.552817046642303467e-01
4.548540115356445312e-01
4.512162208557128906e-01
4.550267159938812256e-01
4.537642598152160645e-01
4.550081193447113037e-01
4.543339908123016357e-01
4.518254399299621582e-01
4.530467391014099121e-01
4.542970955371856689e-01
4.537336528301239014e-01
4.537488222122192383e-01
4.530443549156188965e-01
4.411721229553222656e-01
4.527190327644348145e-01
4.532628357410430908e-01
4.552724659442901611e-01
4.552002549171447754e-01
4.550934731960296631e-01
4.552270770072937012e-01
4.551187157630920410e-01
4.543540775775909424e-01
4.546032547950744629e-01
4.546326398849487305e-01
4.539109766483306885e-01
4.543426334857940674e-01
4.541466534137725830e-01
4.385884106159210205e-01
4.518139362335205078e-01
4.524162113666534424e-01
0.000000000000000000e+00
0.000000000000000000e+00
4.470295608043670654e-01
4.540840089321136475e-01
0.000000000000000000e+00
0.000000000000000000e+00
4.534679651260375977e-01
0.000000000000000000e+00
0.000000000000000000e+00
0.000000000000000000e+00
0.000000000000000000e+00
0.000000000000000000e+00
0.000000000000000000e+00
4.552259147167205811e-01
4.552538096904754639e-01
4.552381038665771484e-01
4.552639126777648926e-01
4.552467763423919678e-01
4.552465081214904785e-01
0.000000000000000000e+00
0.000000000000000000e+00
4.552481472492218018e-01
0.000000000000000000e+00
4.552511572837829590e-01
4.552655220031738281e-01
4.552781283855438232e-01
4.552789330482482910e-01
4.552797973155975342e-01
4.552813470363616943e-01
4.552811682224273682e-01
0.000000000000000000e+00
4.552838206291198730e-01
4.552830457687377930e-01
4.552816450595855713e-01
4.552839994430541992e-01
0.000000000000000000e+00
0.000000000000000000e+00
4.552836120128631592e-01
0.000000000000000000e+00
4.552766978740692139e-01
4.552745223045349121e-01
4.552662372589111328e-01
4.552736878395080566e-01
2.169258892536163330e-01
4.552806317806243896e-01
0.000000000000000000e+00
4.552722573280334473e-01
4.552793800830841064e-01
4.552721381187438965e-01
4.552775025367736816e-01
4.552785456180572510e-01
0.000000000000000000e+00
0.000000000000000000e+00
4.580709636211395264e-01
4.550227522850036621e-01
4.506696164608001709e-01
4.538525640964508057e-01
4.542990326881408691e-01
0.000000000000000000e+00
0.000000000000000000e+00
0.000000000000000000e+00
0.000000000000000000e+00
0.000000000000000000e+00
0.000000000000000000e+00
4.473004341125488281e-01
0.000000000000000000e+00
3.184361457824707031e-01
0.000000000000000000e+00
4.502239227294921875e-01
4.531947374343872070e-01
4.505409896373748779e-01
0.000000000000000000e+00
0.000000000000000000e+00
0.000000000000000000e+00
0.000000000000000000e+00
0.000000000000000000e+00
0.000000000000000000e+00
0.000000000000000000e+00
4.544810950756072998e-01
4.521057605743408203e-01
4.488404989242553711e-01
0.000000000000000000e+00
0.000000000000000000e+00
0.000000000000000000e+00
0.000000000000000000e+00
0.000000000000000000e+00
4.530755877494812012e-01
4.520882666110992432e-01
4.544850587844848633e-01
4.542906284332275391e-01
4.537365138530731201e-01
4.533873498439788818e-01
4.528847336769104004e-01
4.531018137931823730e-01
4.514169692993164062e-01
0.000000000000000000e+00
4.265422821044921875e-01
0.000000000000000000e+00
4.036611318588256836e-01
4.516592323780059814e-01
3.995085358619689941e-01
4.551922678947448730e-01
4.549410939216613770e-01
4.552404582500457764e-01
4.552327096462249756e-01
4.533845782279968262e-01
4.530243277549743652e-01
4.530312716960906982e-01
3.955884873867034912e-01
3.786064088344573975e-01
0.000000000000000000e+00
0.000000000000000000e+00
0.000000000000000000e+00
0.000000000000000000e+00
0.000000000000000000e+00
4.535160660743713379e-01
4.511212110519409180e-01
0.000000000000000000e+00
0.000000000000000000e+00
0.000000000000000000e+00
4.375166893005371094e-01
4.548234939575195312e-01
4.543159306049346924e-01
4.541749954223632812e-01
4.540990293025970459e-01
4.531072080135345459e-01
4.545471668243408203e-01
4.405981004238128662e-01
3.975142240524291992e-01
3.960409164428710938e-01
3.951578140258789062e-01
4.032541513442993164e-01
4.417511820793151855e-01
4.002725481986999512e-01
0.000000000000000000e+00
0.000000000000000000e+00
4.444862902164459229e-01
0.000000000000000000e+00
0.000000000000000000e+00
4.535435140132904053e-01
4.543255865573883057e-01
4.545851647853851318e-01
4.548884928226470947e-01
4.546315073966979980e-01
4.529537558555603027e-01
4.476048946380615234e-01
4.440799057483673096e-01
4.444722235202789307e-01
3.967449367046356201e-01
0.000000000000000000e+00
0.000000000000000000e+00
0.000000000000000000e+00
0.000000000000000000e+00
4.485273063182830811e-01
4.521456956863403320e-01
0.000000000000000000e+00
4.540286362171173096e-01
4.544706940650939941e-01
4.544593095779418945e-01
4.253087043762207031e-01
4.501221776008605957e-01
4.552039802074432373e-01
0.000000000000000000e+00
0.000000000000000000e+00
4.548791944980621338e-01
4.552677869796752930e-01
4.549962878227233887e-01
4.548713862895965576e-01
0.000000000000000000e+00
0.000000000000000000e+00
4.549696445465087891e-01
4.547239243984222412e-01
4.547800421714782715e-01
0.000000000000000000e+00
0.000000000000000000e+00
4.551361501216888428e-01
4.552103579044342041e-01
0.000000000000000000e+00
0.000000000000000000e+00
4.552797377109527588e-01
4.552794694900512695e-01
4.552708566188812256e-01
4.552350342273712158e-01
4.552831649780273438e-01
4.552806913852691650e-01
4.552788734436035156e-01
4.552770555019378662e-01
4.552756845951080322e-01
4.552739262580871582e-01
4.552717506885528564e-01
4.552629292011260986e-01
4.552508294582366943e-01
4.552565813064575195e-01
4.552534520626068115e-01
4.552653431892395020e-01
4.552526473999023438e-01
4.552640914916992188e-01
4.552676379680633545e-01
4.552611112594604492e-01
4.552814662456512451e-01
4.552622437477111816e-01
