5.395634770393371582e-01
5.051221251487731934e-01
5.213348269462585449e-01
5.052147507667541504e-01
5.050697326660156250e-01
5.395657420158386230e-01
5.045598745346069336e-01
5.045598745346069336e-01
5.045598745346069336e-01
5.045598745346069336e-01
5.385314822196960449e-01
4.722685217857360840e-01
4.722689390182495117e-01
5.045855641365051270e-01
5.045598745346069336e-01
4.554099440574645996e-01
0.000000000000000000e+00
0.000000000000000000e+00
0.000000000000000000e+00
2.769675850868225098e-02
0.000000000000000000e+00
0.000000000000000000e+00
0.000000000000000000e+00
0.000000000000000000e+00
0.000000000000000000e+00
0.000000000000000000e+00
0.000000000000000000e+00
5.049809813499450684e-01
5.355671048164367676e-01
2.169619500637054443e-01
0.000000000000000000e+00
3.824022412300109863e-02
0.000000000000000000e+00
0.000000000000000000e+00
0.000000000000000000e+00
4.218244552612304688e-02
0.000000000000000000e+00
2.969623506069183350e-01
1.316824555397033691e-02
4.237796366214752197e-01
3.545084595680236816e-01
5.045598745346069336e-01
5.045598745346069336e-01
5.045598745346069336e-01
5.045598745346069336e-01
5.045598745346069336e-01
5.045598745346069336e-01
5.389722585678100586e-01
5.392771959304809570e-01
5.387278795242309570e-01
5.436627864837646484e-01
5.045598745346069336e-01
5.045598745346069336e-01
5.045598745346069336e-01
5.045598745346069336e-01
5.045598745346069336e-01
5.045598745346069336e-01
5.045598745346069336e-01
5.045598745346069336e-01
5.045598745346069336e-01
5.045598745346069336e-01
5.045598745346069336e-01
5.050697326660156250e-01
4.876695275306701660e-01
4.818737804889678955e-01
4.818767607212066650e-01
5.045598745346069336e-01
5.045598745346069336e-01
5.045598745346069336e-01
5.045598745346069336e-01
5.045598745346069336e-01
5.045598745346069336e-01
5.045598745346069336e-01
5.045598745346069336e-01
5.045598745346069336e-01
5.045598745346069336e-01
3.721377253532409668e-01
5.045598745346069336e-01
5.395452380180358887e-01
5.045598745346069336e-01
5.395452380180358887e-01
5.395467281341552734e-01
5.395454168319702148e-01
5.395512580871582031e-01
5.395458936691284180e-01
5.395509600639343262e-01
5.395480990409851074e-01
4.110381603240966797e-01
5.104444026947021484e-01
5.441676378250122070e-01
2.099862694740295410e-01
5.395659804344177246e-01
5.395659804344177246e-01
1.780050396919250488e-01
1.541670262813568115e-01
4.028069972991943359e-01
4.669928550720214844e-02
0.000000000000000000e+00
5.395655632019042969e-01
5.292593836784362793e-01
5.395658612251281738e-01
5.395659804344177246e-01
5.052293539047241211e-01
5.395659208297729492e-01
2.532428503036499023e-01
5.395659804344177246e-01
5.395659208297729492e-01
5.395637154579162598e-01
5.395603179931640625e-01
5.052058696746826172e-01
5.395655035972595215e-01
5.383711457252502441e-01
5.443586707115173340e-01
5.415267944335937500e-01
5.047981142997741699e-01
2.715902030467987061e-01
5.395659208297729492e-01
5.142402052879333496e-01
5.486071109771728516e-01
5.428988933563232422e-01
5.395659208297729492e-01
5.045598745346069336e-01
5.045779943466186523e-01
5.045598745346069336e-01
5.393993854522705078e-01
5.045598745346069336e-01
5.045598745346069336e-01
5.045598745346069336e-01
5.045598745346069336e-01
5.045598745346069336e-01
5.045598745346069336e-01
5.051841139793395996e-01
5.395407676696777344e-01
5.404130816459655762e-01
5.395658612251281738e-01
4.779932796955108643e-01
4.301080107688903809e-01
4.944410026073455811e-01
3.824687898159027100e-01
5.391048192977905273e-01
5.150745511054992676e-01
4.818774461746215820e-01
0.000000000000000000e+00
0.000000000000000000e+00
0.000000000000000000e+00
0.000000000000000000e+00
0.000000000000000000e+00
0.000000000000000000e+00
0.000000000000000000e+00
0.000000000000000000e+00
2.759049534797668457e-01
3.957244753837585449e-01
0.000000000000000000e+00
3.741994202136993408e-01
0.000000000000000000e+00
5.186952352523803711e-01
1.426743566989898682e-01
3.675730228424072266e-01
4.318852722644805908e-01
4.380195438861846924e-01
4.318866133689880371e-01
4.190885722637176514e-01
4.318836033344268799e-01
4.197032153606414795e-01
4.326500892639160156e-01
1.787945032119750977e-01
1.819892227649688721e-01
0.000000000000000000e+00
0.000000000000000000e+00
0.000000000000000000e+00
5.045598745346069336e-01
5.045827627182006836e-01
5.052291750907897949e-01
4.841831326484680176e-01
5.052270293235778809e-01
5.052293539047241211e-01
5.052293539047241211e-01
4.023796916007995605e-01
5.052293539047241211e-01
5.395659804344177246e-01
6.949409842491149902e-02
2.337966561317443848e-01
0.000000000000000000e+00
0.000000000000000000e+00
0.000000000000000000e+00
5.335279107093811035e-01
6.087067723274230957e-02
1.633796095848083496e-02
3.454536199569702148e-02
5.052243471145629883e-01
4.255734384059906006e-01
5.395659208297729492e-01
5.052293539047241211e-01
2.513739764690399170e-01
5.395659804344177246e-01
5.395659208297729492e-01
5.051781535148620605e-01
5.045598745346069336e-01
5.045598745346069336e-01
5.045598745346069336e-01
5.045598745346069336e-01
5.051971077919006348e-01
5.002000927925109863e-01
5.395659804344177246e-01
4.376276433467864990e-01
5.111559033393859863e-01
5.052291750907897949e-01
5.395658612251281738e-01
5.395646691322326660e-01
5.045598745346069336e-01
5.045598745346069336e-01
5.049082040786743164e-01
4.030154347419738770e-01
1.306020021438598633e-01
4.179596602916717529e-01
2.625834345817565918e-01
0.000000000000000000e+00
5.050835609436035156e-01
5.050923228263854980e-01
0.000000000000000000e+00
1.354865729808807373e-01
0.000000000000000000e+00
1.927595436573028564e-01
0.000000000000000000e+00
0.000000000000000000e+00
3.007093071937561035e-01
0.000000000000000000e+00
0.000000000000000000e+00
0.000000000000000000e+00
0.000000000000000000e+00
0.000000000000000000e+00
0.000000000000000000e+00
0.000000000000000000e+00
0.000000000000000000e+00
0.000000000000000000e+00
0.000000000000000000e+00
0.000000000000000000e+00
0.000000000000000000e+00
0.000000000000000000e+00
0.000000000000000000e+00
0.000000000000000000e+00
0.000000000000000000e+00
0.000000000000000000e+00
0.000000000000000000e+00
4.588673114776611328e-01
5.050548911094665527e-01
5.051699280738830566e-01
5.049523711204528809e-01
1.862123310565948486e-01
2.231356799602508545e-01
3.011459112167358398e-01
4.132860004901885986e-01
0.000000000000000000e+00
2.205188572406768799e-01
0.000000000000000000e+00
5.045598745346069336e-01
5.045598745346069336e-01
5.045598745346069336e-01
5.045598745346069336e-01
5.045598745346069336e-01
5.045598745346069336e-01
5.045598745346069336e-01
5.045598745346069336e-01
5.045598745346069336e-01
5.045598745346069336e-01
5.045598745346069336e-01
5.045598745346069336e-01
5.045598745346069336e-01
5.045598745346069336e-01
5.045598745346069336e-01
5.045598745346069336e-01
5.045598745346069336e-01
5.045598745346069336e-01
5.045598745346069336e-01
5.045598745346069336e-01
5.045598745346069336e-01
5.045598745346069336e-01
5.045598745346069336e-01
5.045598745346069336e-01
5.045598745346069336e-01
5.045598745346069336e-01
5.045598745346069336e-01
5.045598745346069336e-01
5.045598745346069336e-01
5.045598745346069336e-01
5.045598745346069336e-01
5.052260160446166992e-01
5.052129030227661133e-01
5.046179294586181641e-01
5.045598745346069336e-01
5.045598745346069336e-01
5.045598745346069336e-01
5.045598745346069336e-01
5.052213668823242188e-01
5.050697326660156250e-01
5.050697326660156250e-01
5.050697326660156250e-01
3.741845190525054932e-01
5.045598745346069336e-01
3.873176872730255127e-01
0.000000000000000000e+00
0.000000000000000000e+00
5.045598745346069336e-01
5.045598745346069336e-01
5.045598745346069336e-01
5.045598745346069336e-01
5.047774910926818848e-01
5.045598745346069336e-01
5.050060749053955078e-01
5.045598745346069336e-01
5.045598745346069336e-01
5.045598745346069336e-01
5.050697326660156250e-01
5.045598745346069336e-01
5.052260160446166992e-01
4.888111352920532227e-01
5.052292943000793457e-01
5.052278637886047363e-01
5.052293539047241211e-01
5.395659208297729492e-01
5.052260160446166992e-01
5.395659208297729492e-01
5.052260160446166992e-01
5.395659208297729492e-01
5.052260160446166992e-01
5.395659208297729492e-01
5.052260160446166992e-01
5.395659208297729492e-01
5.052260160446166992e-01
5.395659208297729492e-01
5.052260160446166992e-01
5.395659208297729492e-01
5.052260160446166992e-01
5.395659208297729492e-01
5.052260160446166992e-01
5.395659208297729492e-01
5.052260160446166992e-01
5.395659208297729492e-01
5.052260160446166992e-01
5.395659208297729492e-01
5.052260160446166992e-01
5.395658612251281738e-01
5.052260160446166992e-01
5.418114662170410156e-01
5.074666142463684082e-01
4.578013718128204346e-01
3.851321935653686523e-01
5.429537892341613770e-01
5.051282644271850586e-01
5.235394239425659180e-01
5.052292943000793457e-01
5.052293539047241211e-01
4.947561323642730713e-01
5.428466200828552246e-01
3.969883918762207031e-01
5.395649671554565430e-01
5.052255988121032715e-01
5.045598745346069336e-01
5.045598745346069336e-01
5.045598745346069336e-01
5.045598745346069336e-01
5.045598745346069336e-01
5.045598745346069336e-01
5.045598745346069336e-01
5.045598745346069336e-01
5.045598745346069336e-01
5.045598745346069336e-01
5.045598745346069336e-01
5.045598745346069336e-01
5.045598745346069336e-01
5.045598745346069336e-01
5.045598745346069336e-01
5.045598745346069336e-01
5.045598745346069336e-01
5.045598745346069336e-01
5.045598745346069336e-01
5.050454139709472656e-01
5.045598745346069336e-01
5.045598745346069336e-01
5.045598745346069336e-01
5.050470829010009766e-01
5.050697326660156250e-01
5.050470829010009766e-01
5.045598745346069336e-01
5.045598745346069336e-01
5.045598745346069336e-01
5.045598745346069336e-01
5.045598745346069336e-01
5.045598745346069336e-01
5.045598745346069336e-01
5.045598745346069336e-01
5.045598745346069336e-01
5.050468444824218750e-01
5.045598745346069336e-01
5.045598745346069336e-01
5.045598745346069336e-01
5.045598745346069336e-01
5.045598745346069336e-01
5.045598745346069336e-01
5.045598745346069336e-01
5.050697326660156250e-01
5.045598745346069336e-01
5.052052140235900879e-01
5.052256584167480469e-01
5.159873962402343750e-01
5.050964951515197754e-01
5.090503096580505371e-01
0.000000000000000000e+00
5.196749567985534668e-01
5.094587802886962891e-01
4.871005713939666748e-01
5.051978826522827148e-01
5.062039494514465332e-01
5.392227172851562500e-01
5.379836559295654297e-01
5.052052736282348633e-01
5.260308980941772461e-01
5.052052140235900879e-01
5.395520925521850586e-01
5.395613312721252441e-01
5.395637154579162598e-01
5.045598745346069336e-01
5.045598745346069336e-01
5.045598745346069336e-01
5.045598745346069336e-01
5.045598745346069336e-01
5.045598745346069336e-01
5.045598745346069336e-01
5.045598745346069336e-01
5.045598745346069336e-01
5.045598745346069336e-01
5.045598745346069336e-01
5.045598745346069336e-01
5.045598745346069336e-01
5.045598745346069336e-01
5.045598745346069336e-01
5.045598745346069336e-01
5.045598745346069336e-01
5.045598745346069336e-01
5.045598745346069336e-01
5.045598745346069336e-01
5.045598745346069336e-01
5.045598745346069336e-01
5.045598745346069336e-01
5.045598745346069336e-01
5.395659804344177246e-01
5.303871035575866699e-01
5.045598745346069336e-01
5.045598745346069336e-01
5.045598745346069336e-01
5.045598745346069336e-01
5.045598745346069336e-01
5.045598745346069336e-01
5.045598745346069336e-01
5.045598745346069336e-01
5.045598745346069336e-01
5.045598745346069336e-01
5.045598745346069336e-01
5.045598745346069336e-01
5.045598745346069336e-01
5.045598745346069336e-01
5.045598745346069336e-01
5.045598745346069336e-01
5.045598745346069336e-01
5.045598745346069336e-01
5.045598745346069336e-01
5.045598745346069336e-01
5.045598745346069336e-01
5.045598745346069336e-01
5.045598745346069336e-01
5.045598745346069336e-01
5.045598745346069336e-01
5.045598745346069336e-01
5.045598745346069336e-01
5.045598745346069336e-01
5.045598745346069336e-01
5.045598745346069336e-01
5.045598745346069336e-01
5.045598745346069336e-01
5.045598745346069336e-01
5.045598745346069336e-01
5.045598745346069336e-01
5.045598745346069336e-01
5.045598745346069336e-01
5.045598745346069336e-01
5.045598745346069336e-01
5.045598745346069336e-01
5.045598745346069336e-01
5.045598745346069336e-01
5.045598745346069336e-01
5.045598745346069336e-01
5.045598745346069336e-01
5.045598745346069336e-01
5.045598745346069336e-01
5.045598745346069336e-01
5.045598745346069336e-01
5.045598745346069336e-01
5.045598745346069336e-01
5.045598745346069336e-01
5.045598745346069336e-01
5.045598745346069336e-01
5.045598745346069336e-01
5.045598745346069336e-01
5.045598745346069336e-01
5.045598745346069336e-01
5.045598745346069336e-01
5.045598745346069336e-01
5.395457744598388672e-01
5.395495891571044922e-01
5.045598745346069336e-01
5.395575165748596191e-01
5.395655632019042969e-01
5.395653247833251953e-01
5.052292346954345703e-01
5.395310521125793457e-01
5.051516890525817871e-01
5.052285194396972656e-01
5.049026012420654297e-01
5.045598745346069336e-01
5.045598745346069336e-01
5.045598745346069336e-01
5.047342181205749512e-01
5.045598745346069336e-01
5.045598745346069336e-01
5.045598745346069336e-01
4.911923110485076904e-01
5.395658612251281738e-01
5.395650267601013184e-01
5.045598745346069336e-01
5.045598745346069336e-01
5.052263736724853516e-01
5.395609736442565918e-01
5.045598745346069336e-01
5.395656824111938477e-01
5.387381911277770996e-01
5.045598745346069336e-01
5.045598745346069336e-01
5.045598745346069336e-01
5.045598745346069336e-01
5.045598745346069336e-01
5.045598745346069336e-01
5.045598745346069336e-01
5.045598745346069336e-01
5.045598745346069336e-01
5.045598745346069336e-01
5.050697326660156250e-01
5.052051544189453125e-01
5.052260160446166992e-01
5.075628161430358887e-01
5.082120895385742188e-01
5.074611306190490723e-01
5.050697326660156250e-01
5.050697326660156250e-01
5.050697326660156250e-01
5.050697326660156250e-01
5.050697326660156250e-01
5.050697326660156250e-01
5.050697326660156250e-01
5.050697326660156250e-01
5.050697326660156250e-01
5.050697326660156250e-01
5.050697326660156250e-01
5.052052736282348633e-01
5.050697326660156250e-01
5.045598745346069336e-01
5.045598745346069336e-01
5.045598745346069336e-01
5.045598745346069336e-01
5.045598745346069336e-01
5.045598745346069336e-01
5.045598745346069336e-01
5.045598745346069336e-01
5.045598745346069336e-01
5.050697326660156250e-01
5.051134228706359863e-01
5.051679015159606934e-01
5.051131248474121094e-01
5.051130652427673340e-01
5.047045350074768066e-01
5.050697326660156250e-01
5.050697326660156250e-01
5.050697326660156250e-01
5.045598745346069336e-01
5.050697326660156250e-01
5.261648297309875488e-01
5.050697326660156250e-01
5.045598745346069336e-01
5.045598745346069336e-01
5.045598745346069336e-01
5.045598745346069336e-01
5.045598745346069336e-01
5.045598745346069336e-01
5.045598745346069336e-01
5.045598745346069336e-01
5.045598745346069336e-01
5.045598745346069336e-01
5.045598745346069336e-01
5.045598745346069336e-01
5.045598745346069336e-01
5.045598745346069336e-01
5.045598745346069336e-01
5.067597031593322754e-01
5.070487856864929199e-01
5.045598745346069336e-01
5.045598745346069336e-01
5.045598745346069336e-01
5.045598745346069336e-01
5.045598745346069336e-01
5.045598745346069336e-01
5.045598745346069336e-01
5.045598745346069336e-01
5.045598745346069336e-01
5.045598745346069336e-01
5.045598745346069336e-01
5.045598745346069336e-01
5.045598745346069336e-01
5.045598745346069336e-01
5.045598745346069336e-01
5.045598745346069336e-01
5.045598745346069336e-01
5.045598745346069336e-01
5.045598745346069336e-01
5.045598745346069336e-01
5.045598745346069336e-01
5.045598745346069336e-01
5.045598745346069336e-01
5.045598745346069336e-01
5.052046775817871094e-01
5.050697326660156250e-01
5.051207542419433594e-01
5.394580364227294922e-01
5.395657420158386230e-01
5.052293539047241211e-01
5.160070061683654785e-01
5.045598745346069336e-01
5.045598745346069336e-01
5.052230358123779297e-01
5.052270293235778809e-01
5.052255392074584961e-01
5.045598745346069336e-01
5.045598745346069336e-01
5.045598745346069336e-01
5.045598745346069336e-01
5.045598745346069336e-01
5.051831007003784180e-01
5.369468927383422852e-01
5.045598745346069336e-01
5.045598745346069336e-01
5.045598745346069336e-01
5.045598745346069336e-01
5.045598745346069336e-01
5.045598745346069336e-01
5.045598745346069336e-01
5.045598745346069336e-01
5.045598745346069336e-01
5.045598745346069336e-01
5.045598745346069336e-01
5.045598745346069336e-01
5.045598745346069336e-01
5.045598745346069336e-01
5.050697326660156250e-01
5.045598745346069336e-01
5.045598745346069336e-01
5.045598745346069336e-01
5.052263140678405762e-01
5.045598745346069336e-01
5.045598745346069336e-01
5.395612716674804688e-01
5.052052140235900879e-01
5.052052140235900879e-01
5.045598745346069336e-01
5.050697326660156250e-01
5.052052140235900879e-01
5.050697326660156250e-01
5.050697326660156250e-01
5.177259445190429688e-01
5.045598745346069336e-01
5.045598745346069336e-01
5.395416021347045898e-01
5.395416021347045898e-01
5.052000284194946289e-01
5.395635366439819336e-01
5.052288770675659180e-01
5.052188634872436523e-01
5.045598745346069336e-01
5.045598745346069336e-01
5.045598745346069336e-01
5.045598745346069336e-01
5.045598745346069336e-01
5.045598745346069336e-01
5.045598745346069336e-01
5.050697326660156250e-01
5.050697326660156250e-01
5.045598745346069336e-01
5.045598745346069336e-01
5.050697326660156250e-01
5.241810083389282227e-01
5.241790413856506348e-01
5.204635858535766602e-01
5.045598745346069336e-01
5.045598745346069336e-01
5.045598745346069336e-01
5.045598745346069336e-01
5.045598745346069336e-01
5.045598745346069336e-01
5.045598745346069336e-01
5.045598745346069336e-01
5.045598745346069336e-01
5.045598745346069336e-01
5.045598745346069336e-01
5.045598745346069336e-01
5.045598745346069336e-01
5.045819282531738281e-01
5.052193999290466309e-01
5.046141743659973145e-01
5.045647025108337402e-01
5.045598745346069336e-01
5.052060484886169434e-01
5.052060484886169434e-01
5.052069425582885742e-01
5.052091479301452637e-01
5.166377425193786621e-01
5.045598745346069336e-01
5.050697326660156250e-01
5.045598745346069336e-01
5.045598745346069336e-01
5.045598745346069336e-01
5.045598745346069336e-01
5.050697326660156250e-01
5.045598745346069336e-01
5.045598745346069336e-01
5.045598745346069336e-01
5.045598745346069336e-01
5.045598745346069336e-01
5.045598745346069336e-01
5.045598745346069336e-01
5.395451784133911133e-01
5.045598745346069336e-01
5.050429105758666992e-01
