5.018126964569091797e-01
5.018126964569091797e-01
5.018126964569091797e-01
5.018126964569091797e-01
5.018126964569091797e-01
5.018126964569091797e-01
5.018126964569091797e-01
5.018126964569091797e-01
5.018126964569091797e-01
5.018126964569091797e-01
5.018126964569091797e-01
5.018126964569091797e-01
5.018126964569091797e-01
5.018126964569091797e-01
5.018126964569091797e-01
5.018126964569091797e-01
5.018126964569091797e-01
5.018126964569091797e-01
5.018126964569091797e-01
5.018126964569091797e-01
5.018126964569091797e-01
5.018126964569091797e-01
5.018126964569091797e-01
5.018126964569091797e-01
5.018126964569091797e-01
5.018126964569091797e-01
5.018126964569091797e-01
5.017598867416381836e-01
5.017796158790588379e-01
5.017920136451721191e-01
5.017985701560974121e-01
5.018038749694824219e-01
5.018066763877868652e-01
5.017734169960021973e-01
5.017892718315124512e-01
5.017967820167541504e-01
5.018014311790466309e-01
5.018057227134704590e-01
5.018082857131958008e-01
5.018098950386047363e-01
5.018109083175659180e-01
5.018115043640136719e-01
5.018103718757629395e-01
5.018125772476196289e-01
5.018126964569091797e-01
5.018123388290405273e-01
5.018125772476196289e-01
5.018124580383300781e-01
5.018125176429748535e-01
5.018125772476196289e-01
5.018126368522644043e-01
5.018126368522644043e-01
5.018126368522644043e-01
5.018126368522644043e-01
5.018126964569091797e-01
5.018126964569091797e-01
5.018126964569091797e-01
5.018126964569091797e-01
5.018126964569091797e-01
5.018126964569091797e-01
5.018126964569091797e-01
5.018126964569091797e-01
5.018126964569091797e-01
5.018126964569091797e-01
5.018126964569091797e-01
5.018126964569091797e-01
5.018126964569091797e-01
5.018126964569091797e-01
5.018126964569091797e-01
5.018126964569091797e-01
5.018126964569091797e-01
5.018126964569091797e-01
5.018126964569091797e-01
5.018126964569091797e-01
5.018126964569091797e-01
5.018126964569091797e-01
5.018126964569091797e-01
5.018126964569091797e-01
5.018126964569091797e-01
5.018126964569091797e-01
5.018126964569091797e-01
5.018126964569091797e-01
5.018126964569091797e-01
5.018126964569091797e-01
5.018126964569091797e-01
5.018126964569091797e-01
5.018126964569091797e-01
5.018126964569091797e-01
5.018126964569091797e-01
5.018126964569091797e-01
5.018126964569091797e-01
5.018126964569091797e-01
5.018126964569091797e-01
5.018126964569091797e-01
5.018126964569091797e-01
5.018126964569091797e-01
5.018126964569091797e-01
5.018126964569091797e-01
5.018126964569091797e-01
5.018126964569091797e-01
5.018126964569091797e-01
5.018126964569091797e-01
5.018126964569091797e-01
5.018126368522644043e-01
5.018126964569091797e-01
5.018126964569091797e-01
5.018126964569091797e-01
5.018126964569091797e-01
5.018126964569091797e-01
5.018126964569091797e-01
5.018126964569091797e-01
5.018126964569091797e-01
5.018126964569091797e-01
5.018126964569091797e-01
5.018126964569091797e-01
5.018126964569091797e-01
5.018126964569091797e-01
5.018126964569091797e-01
5.018126964569091797e-01
5.018126964569091797e-01
5.018126964569091797e-01
5.018126964569091797e-01
5.018126964569091797e-01
5.018126964569091797e-01
5.018126964569091797e-01
5.018126964569091797e-01
5.018126964569091797e-01
5.018126964569091797e-01
5.018126964569091797e-01
5.018126964569091797e-01
5.018126964569091797e-01
5.018126964569091797e-01
5.018126964569091797e-01
5.018126964569091797e-01
5.018126964569091797e-01
5.018126964569091797e-01
5.018126964569091797e-01
5.018126964569091797e-01
5.018126964569091797e-01
5.018126964569091797e-01
5.018126964569091797e-01
5.018126964569091797e-01
5.018126964569091797e-01
5.018126964569091797e-01
5.018126964569091797e-01
5.018126964569091797e-01
5.018126964569091797e-01
5.018126964569091797e-01
5.018126964569091797e-01
5.018126964569091797e-01
5.018126964569091797e-01
5.018126964569091797e-01
5.018126964569091797e-01
5.018126964569091797e-01
5.018126964569091797e-01
5.018126964569091797e-01
5.018126964569091797e-01
5.018126964569091797e-01
5.018126964569091797e-01
5.018126964569091797e-01
5.018126964569091797e-01
5.018126964569091797e-01
5.018126964569091797e-01
5.018126964569091797e-01
5.018126964569091797e-01
5.018126964569091797e-01
5.018126964569091797e-01
5.018126964569091797e-01
5.018126964569091797e-01
5.018126964569091797e-01
5.018126964569091797e-01
5.018126964569091797e-01
5.018126964569091797e-01
5.018126964569091797e-01
5.018126964569091797e-01
5.018126964569091797e-01
5.018126964569091797e-01
5.018126964569091797e-01
5.018126964569091797e-01
5.018126964569091797e-01
5.018126964569091797e-01
5.018126964569091797e-01
5.018126964569091797e-01
5.018126964569091797e-01
5.018126964569091797e-01
5.018126964569091797e-01
5.018126964569091797e-01
5.018126964569091797e-01
5.018126964569091797e-01
5.018126964569091797e-01
5.018126964569091797e-01
5.018126964569091797e-01
5.018126964569091797e-01
5.016716718673706055e-01
5.018126964569091797e-01
5.018126964569091797e-01
5.018126964569091797e-01
5.018126964569091797e-01
5.018126964569091797e-01
5.018126964569091797e-01
5.018126964569091797e-01
5.018126964569091797e-01
5.018126964569091797e-01
5.018126964569091797e-01
5.018126964569091797e-01
5.018126964569091797e-01
5.018126964569091797e-01
5.018126964569091797e-01
5.018126964569091797e-01
5.018115043640136719e-01
5.018126964569091797e-01
5.018126964569091797e-01
5.018126964569091797e-01
5.018126964569091797e-01
5.018126964569091797e-01
5.018126964569091797e-01
5.018126964569091797e-01
5.018126964569091797e-01
5.018126964569091797e-01
5.018126964569091797e-01
5.018126964569091797e-01
5.018126964569091797e-01
5.018126964569091797e-01
5.018126964569091797e-01
5.018126964569091797e-01
5.018126964569091797e-01
5.018126964569091797e-01
5.018126964569091797e-01
5.018126964569091797e-01
5.018126964569091797e-01
5.018126964569091797e-01
5.018126964569091797e-01
5.018126964569091797e-01
5.018126964569091797e-01
5.018126964569091797e-01
5.018126964569091797e-01
5.018126964569091797e-01
5.018126964569091797e-01
5.018126964569091797e-01
5.018126964569091797e-01
5.018126964569091797e-01
5.018126964569091797e-01
5.018126964569091797e-01
5.018126964569091797e-01
5.018126368522644043e-01
5.018126964569091797e-01
5.017040371894836426e-01
5.018126964569091797e-01
5.018126964569091797e-01
5.018126964569091797e-01
5.018126964569091797e-01
5.018126964569091797e-01
5.018126964569091797e-01
5.018126964569091797e-01
5.018126964569091797e-01
5.018126964569091797e-01
5.018126964569091797e-01
5.018126964569091797e-01
5.018126964569091797e-01
5.018126964569091797e-01
5.018126964569091797e-01
5.018126964569091797e-01
5.018126964569091797e-01
5.018126964569091797e-01
5.018126964569091797e-01
5.018126964569091797e-01
5.018126964569091797e-01
5.018126964569091797e-01
5.018126964569091797e-01
5.018126368522644043e-01
5.018126368522644043e-01
5.018126368522644043e-01
5.018126368522644043e-01
5.018126368522644043e-01
5.018126368522644043e-01
5.018126964569091797e-01
5.018126964569091797e-01
5.018126964569091797e-01
5.018126964569091797e-01
5.018126964569091797e-01
5.018126964569091797e-01
5.018126964569091797e-01
5.018126964569091797e-01
5.018126964569091797e-01
5.018126964569091797e-01
5.018126964569091797e-01
5.018126964569091797e-01
5.018126964569091797e-01
5.018126964569091797e-01
5.018126964569091797e-01
5.018126964569091797e-01
5.018126964569091797e-01
5.018126964569091797e-01
5.018126964569091797e-01
5.018126964569091797e-01
5.018126964569091797e-01
5.018126964569091797e-01
5.018126964569091797e-01
5.018126964569091797e-01
5.018126964569091797e-01
5.018126964569091797e-01
5.018126964569091797e-01
5.018126964569091797e-01
5.018126964569091797e-01
5.018126964569091797e-01
5.018126964569091797e-01
5.018126964569091797e-01
5.018126964569091797e-01
5.018126964569091797e-01
5.018126964569091797e-01
5.018126964569091797e-01
5.018126964569091797e-01
5.018126964569091797e-01
5.018126964569091797e-01
4.711760878562927246e-01
4.711760282516479492e-01
4.642945230007171631e-01
5.017921328544616699e-01
5.018126964569091797e-01
5.018094182014465332e-01
5.018104314804077148e-01
5.013663172721862793e-01
5.015004277229309082e-01
5.018114447593688965e-01
5.018050670623779297e-01
5.018126964569091797e-01
5.018126964569091797e-01
5.018126964569091797e-01
5.018126964569091797e-01
5.018126964569091797e-01
5.018126964569091797e-01
5.018126964569091797e-01
5.018126964569091797e-01
5.018126964569091797e-01
5.018126964569091797e-01
5.018126964569091797e-01
5.018126964569091797e-01
5.018126964569091797e-01
5.018126964569091797e-01
5.018126964569091797e-01
5.018126964569091797e-01
5.018126964569091797e-01
5.018126964569091797e-01
5.018126964569091797e-01
5.018126964569091797e-01
5.018126964569091797e-01
5.018126964569091797e-01
5.018126964569091797e-01
5.018126964569091797e-01
5.018126964569091797e-01
5.018126964569091797e-01
5.018126964569091797e-01
5.018126964569091797e-01
5.018126964569091797e-01
5.018126964569091797e-01
5.018126964569091797e-01
5.018126964569091797e-01
