1.954851150512695312e-01
4.867911934852600098e-01
4.867911934852600098e-01
4.867911934852600098e-01
4.867911934852600098e-01
4.867911934852600098e-01
4.867911934852600098e-01
4.867911934852600098e-01
4.867911934852600098e-01
4.867911934852600098e-01
4.867911934852600098e-01
4.867911934852600098e-01
4.869365096092224121e-01
4.867911934852600098e-01
4.867911934852600098e-01
4.867911934852600098e-01
4.867911934852600098e-01
4.867911934852600098e-01
4.867911934852600098e-01
4.868268966674804688e-01
4.867911934852600098e-01
4.867911934852600098e-01
4.868728220462799072e-01
4.867911934852600098e-01
4.867911934852600098e-01
4.867911934852600098e-01
4.867911934852600098e-01
4.867911934852600098e-01
4.867512583732604980e-01
4.742390513420104980e-01
4.742736220359802246e-01
4.627863168716430664e-01
4.642772674560546875e-01
4.643559455871582031e-01
4.654295742511749268e-01
4.542033374309539795e-01
4.547688364982604980e-01
4.464457035064697266e-01
4.503481984138488770e-01
4.601873457431793213e-01
4.690868854522705078e-01
4.749068617820739746e-01
4.772564470767974854e-01
4.795388579368591309e-01
4.808928668498992920e-01
4.817792773246765137e-01
4.819212555885314941e-01
4.867911934852600098e-01
4.867911934852600098e-01
4.867911934852600098e-01
4.867911934852600098e-01
4.867911934852600098e-01
4.867911934852600098e-01
4.867911934852600098e-01
4.867911934852600098e-01
4.867911934852600098e-01
4.867911934852600098e-01
4.867911934852600098e-01
4.867911934852600098e-01
4.867911934852600098e-01
4.867911934852600098e-01
4.868021011352539062e-01
4.870569705963134766e-01
4.872001111507415771e-01
4.873854219913482666e-01
4.874438941478729248e-01
4.874653518199920654e-01
4.874616861343383789e-01
4.875522255897521973e-01
4.875540733337402344e-01
4.869430959224700928e-01
4.867911934852600098e-01
4.869790673255920410e-01
4.867911934852600098e-01
4.869796335697174072e-01
4.871150553226470947e-01
4.898817539215087891e-01
4.886187314987182617e-01
4.884826540946960449e-01
4.884647428989410400e-01
4.886665344238281250e-01
4.882727563381195068e-01
4.886151850223541260e-01
4.887697994709014893e-01
4.879192411899566650e-01
4.887291789054870605e-01
4.887077808380126953e-01
4.889499247074127197e-01
4.888344109058380127e-01
4.890901744365692139e-01
4.888927042484283447e-01
4.887824356555938721e-01
4.886736273765563965e-01
4.884759187698364258e-01
4.882548451423645020e-01
4.425348341464996338e-01
4.852803647518157959e-01
4.407175183296203613e-01
4.844980835914611816e-01
0.000000000000000000e+00
4.892905950546264648e-01
4.870613217353820801e-01
4.858407974243164062e-01
4.867521524429321289e-01
4.829204976558685303e-01
4.873010516166687012e-01
4.854140877723693848e-01
4.829094409942626953e-01
4.886609315872192383e-01
4.885325729846954346e-01
4.856384396553039551e-01
4.888082146644592285e-01
4.887207746505737305e-01
4.887268543243408203e-01
4.893856048583984375e-01
4.889248013496398926e-01
4.888457953929901123e-01
4.888890683650970459e-01
4.892940521240234375e-01
4.856376945972442627e-01
4.888029098510742188e-01
4.337279200553894043e-01
2.114964723587036133e-01
1.659027636051177979e-01
9.449443221092224121e-02
7.518973946571350098e-02
9.295463562011718750e-02
0.000000000000000000e+00
0.000000000000000000e+00
0.000000000000000000e+00
0.000000000000000000e+00
0.000000000000000000e+00
0.000000000000000000e+00
0.000000000000000000e+00
0.000000000000000000e+00
0.000000000000000000e+00
0.000000000000000000e+00
0.000000000000000000e+00
1.893626451492309570e-01
1.429368555545806885e-01
4.870966374874114990e-01
4.867911934852600098e-01
4.860141277313232422e-01
4.684773981571197510e-01
4.707766771316528320e-01
4.596050083637237549e-01
2.782530784606933594e-01
3.120850324630737305e-01
3.349551260471343994e-01
3.505992293357849121e-01
4.878318905830383301e-01
4.876893460750579834e-01
4.880483746528625488e-01
4.877201318740844727e-01
4.876584410667419434e-01
4.876991808414459229e-01
4.877956211566925049e-01
4.877446293830871582e-01
4.878010451793670654e-01
4.887703657150268555e-01
4.884356558322906494e-01
4.883771240711212158e-01
4.882347583770751953e-01
4.883157908916473389e-01
4.883517920970916748e-01
4.883014559745788574e-01
4.881413578987121582e-01
4.880452454090118408e-01
4.880566895008087158e-01
4.879277050495147705e-01
4.881829917430877686e-01
4.879499673843383789e-01
4.877880513668060303e-01
4.877339601516723633e-01
4.876522421836853027e-01
4.877029955387115479e-01
4.875383079051971436e-01
4.873903989791870117e-01
4.873399138450622559e-01
4.875097274780273438e-01
4.880392551422119141e-01
4.880116283893585205e-01
4.879787862300872803e-01
4.878689646720886230e-01
4.879144728183746338e-01
4.880250990390777588e-01
4.878033399581909180e-01
4.881425499916076660e-01
4.876793920993804932e-01
4.873953461647033691e-01
4.873106181621551514e-01
4.870286583900451660e-01
4.870201647281646729e-01
4.872261583805084229e-01
4.870850145816802979e-01
4.871432781219482422e-01
4.875030517578125000e-01
4.872237443923950195e-01
4.874132871627807617e-01
4.873065650463104248e-01
4.872922301292419434e-01
4.871230423450469971e-01
4.873025119304656982e-01
4.875755012035369873e-01
0.000000000000000000e+00
0.000000000000000000e+00
0.000000000000000000e+00
0.000000000000000000e+00
0.000000000000000000e+00
0.000000000000000000e+00
0.000000000000000000e+00
0.000000000000000000e+00
0.000000000000000000e+00
0.000000000000000000e+00
0.000000000000000000e+00
0.000000000000000000e+00
0.000000000000000000e+00
0.000000000000000000e+00
0.000000000000000000e+00
0.000000000000000000e+00
0.000000000000000000e+00
0.000000000000000000e+00
0.000000000000000000e+00
0.000000000000000000e+00
0.000000000000000000e+00
0.000000000000000000e+00
4.255665242671966553e-01
4.460381865501403809e-01
4.516935050487518311e-01
4.441899359226226807e-01
4.512991011142730713e-01
4.238735735416412354e-01
4.424263238906860352e-01
4.548593461513519287e-01
4.883475303649902344e-01
4.495983123779296875e-01
4.696865975856781006e-01
4.876045286655426025e-01
4.303243756294250488e-01
4.294517636299133301e-01
3.821291029453277588e-01
4.094911217689514160e-01
4.422141015529632568e-01
4.888470768928527832e-01
4.482128918170928955e-01
4.347867071628570557e-01
4.468861222267150879e-01
4.367659389972686768e-01
0.000000000000000000e+00
2.603503167629241943e-01
4.867911934852600098e-01
4.868333339691162109e-01
4.869087040424346924e-01
4.873874485492706299e-01
4.873743951320648193e-01
4.875853955745697021e-01
4.872789084911346436e-01
4.879134595394134521e-01
4.877965748310089111e-01
4.882529377937316895e-01
4.873526096343994141e-01
4.577916264533996582e-01
4.876298606395721436e-01
4.883336722850799561e-01
4.424956738948822021e-01
4.895404577255249023e-01
4.893582761287689209e-01
4.903143048286437988e-01
4.903130531311035156e-01
4.890169799327850342e-01
4.902700781822204590e-01
4.905578494071960449e-01
4.903740584850311279e-01
4.905545115470886230e-01
4.904513061046600342e-01
4.917595982551574707e-01
4.905490875244140625e-01
4.905197322368621826e-01
4.896085262298583984e-01
4.910743832588195801e-01
4.893908798694610596e-01
4.898531734943389893e-01
4.889882802963256836e-01
4.901186823844909668e-01
4.843290150165557861e-01
4.884539842605590820e-01
4.876146316528320312e-01
4.874109923839569092e-01
4.877696037292480469e-01
4.882611334323883057e-01
4.884833097457885742e-01
4.883790016174316406e-01
4.882671236991882324e-01
4.867911934852600098e-01
4.876019954681396484e-01
4.871216118335723877e-01
4.871602952480316162e-01
4.871602654457092285e-01
4.871675372123718262e-01
4.873478710651397705e-01
4.873167276382446289e-01
4.873328804969787598e-01
4.877971708774566650e-01
4.878250658512115479e-01
4.874083697795867920e-01
4.879269003868103027e-01
4.877364635467529297e-01
4.878219664096832275e-01
4.874290227890014648e-01
4.877568781375885010e-01
4.878106117248535156e-01
4.876851439476013184e-01
4.878120124340057373e-01
4.877931475639343262e-01
4.878237843513488770e-01
4.880432486534118652e-01
4.879999458789825439e-01
4.880068004131317139e-01
4.878985285758972168e-01
4.879375994205474854e-01
4.882637560367584229e-01
4.879385828971862793e-01
4.879615902900695801e-01
4.878033399581909180e-01
4.869699776172637939e-01
4.873144924640655518e-01
4.875470101833343506e-01
4.875564575195312500e-01
4.877434670925140381e-01
4.878652989864349365e-01
4.879077076911926270e-01
4.878546595573425293e-01
4.556476473808288574e-01
4.603692889213562012e-01
4.673179388046264648e-01
4.877166450023651123e-01
4.878698587417602539e-01
4.879361093044281006e-01
4.878879785537719727e-01
4.872039854526519775e-01
4.876757860183715820e-01
4.871737957000732422e-01
4.873131811618804932e-01
4.874725341796875000e-01
4.868969917297363281e-01
4.868091046810150146e-01
4.867911934852600098e-01
4.867911934852600098e-01
4.867911934852600098e-01
4.877989888191223145e-01
4.871632158756256104e-01
0.000000000000000000e+00
0.000000000000000000e+00
0.000000000000000000e+00
0.000000000000000000e+00
0.000000000000000000e+00
1.340209543704986572e-01
2.162120342254638672e-01
1.561726331710815430e-01
0.000000000000000000e+00
4.607961177825927734e-01
4.508509635925292969e-01
4.115763306617736816e-01
3.666675090789794922e-01
3.967327177524566650e-01
3.955177664756774902e-01
4.292674362659454346e-01
4.335749447345733643e-01
2.796730399131774902e-01
1.801111698150634766e-01
4.625383913516998291e-01
9.241047501564025879e-02
0.000000000000000000e+00
0.000000000000000000e+00
0.000000000000000000e+00
0.000000000000000000e+00
4.915106892585754395e-01
4.908829331398010254e-01
4.898889958858489990e-01
4.901179969310760498e-01
4.745698869228363037e-01
4.417212605476379395e-01
4.889367222785949707e-01
4.887892603874206543e-01
4.370709657669067383e-01
4.586656093597412109e-01
4.461896717548370361e-01
4.880699217319488525e-01
4.457393884658813477e-01
3.943190872669219971e-01
3.888329565525054932e-01
4.279362857341766357e-01
3.542662858963012695e-01
4.313377737998962402e-01
3.303888440132141113e-01
1.347114443778991699e-01
3.008667826652526855e-01
3.347641825675964355e-01
4.060981571674346924e-01
3.944039344787597656e-01
3.860120475292205811e-01
4.333764016628265381e-01
4.304876923561096191e-01
4.394761025905609131e-01
4.827534556388854980e-01
4.873142838478088379e-01
4.870095252990722656e-01
4.871996939182281494e-01
4.870408773422241211e-01
4.871670901775360107e-01
4.869827926158905029e-01
4.872983992099761963e-01
4.872947931289672852e-01
4.873071312904357910e-01
4.874587059020996094e-01
4.879027605056762695e-01
4.869204759597778320e-01
4.867911934852600098e-01
4.867911934852600098e-01
4.867911934852600098e-01
4.867440760135650635e-01
4.867911934852600098e-01
4.865407645702362061e-01
4.867911934852600098e-01
4.867911934852600098e-01
4.867911934852600098e-01
4.867911934852600098e-01
4.867911934852600098e-01
4.867911934852600098e-01
4.870024621486663818e-01
4.868662953376770020e-01
4.868710935115814209e-01
4.868259727954864502e-01
4.870245456695556641e-01
4.869477152824401855e-01
4.867911934852600098e-01
4.870915710926055908e-01
4.867714941501617432e-01
4.867911934852600098e-01
4.867911934852600098e-01
4.867911934852600098e-01
4.867911934852600098e-01
4.867782890796661377e-01
4.867911934852600098e-01
4.867911934852600098e-01
4.867911934852600098e-01
4.867911934852600098e-01
4.867911934852600098e-01
4.867911934852600098e-01
4.870440065860748291e-01
4.870060980319976807e-01
4.871088862419128418e-01
4.872858226299285889e-01
4.870908260345458984e-01
4.871108233928680420e-01
4.871436059474945068e-01
4.870748817920684814e-01
4.868364632129669189e-01
4.868232905864715576e-01
4.868183434009552002e-01
4.868248403072357178e-01
4.868119955062866211e-01
4.868156015872955322e-01
4.868143796920776367e-01
4.867695569992065430e-01
4.870053827762603760e-01
4.868925213813781738e-01
4.869991242885589600e-01
4.870123863220214844e-01
4.869454801082611084e-01
4.869065284729003906e-01
4.867911934852600098e-01
4.869219958782196045e-01
4.869492948055267334e-01
4.872225224971771240e-01
4.869552850723266602e-01
4.867911934852600098e-01
4.867911934852600098e-01
4.867911934852600098e-01
4.867911934852600098e-01
4.776549935340881348e-01
4.758376479148864746e-01
4.821911454200744629e-01
4.869871139526367188e-01
4.871283173561096191e-01
4.867969155311584473e-01
4.867951571941375732e-01
4.867911934852600098e-01
4.867911934852600098e-01
4.710434377193450928e-01
4.708444476127624512e-01
4.713348746299743652e-01
4.722755551338195801e-01
4.742527306079864502e-01
4.764793217182159424e-01
4.811576902866363525e-01
4.804166555404663086e-01
4.818115830421447754e-01
4.867911934852600098e-01
4.095449447631835938e-01
4.247871041297912598e-01
4.464014172554016113e-01
4.131160974502563477e-01
3.982957005500793457e-01
2.262648344039916992e-01
1.826385855674743652e-01
0.000000000000000000e+00
1.236544251441955566e-01
3.568443953990936279e-01
4.271741509437561035e-01
4.097607135772705078e-01
3.962976038455963135e-01
4.050411880016326904e-01
4.186913669109344482e-01
4.000961184501647949e-01
3.989885151386260986e-01
3.937026560306549072e-01
4.000686407089233398e-01
4.318550527095794678e-01
4.106578528881072998e-01
3.990344405174255371e-01
4.066271185874938965e-01
4.092587232589721680e-01
4.142816662788391113e-01
4.670841991901397705e-01
3.744125962257385254e-01
3.426491022109985352e-01
4.161764085292816162e-01
4.710565805435180664e-01
3.464899659156799316e-01
3.841840028762817383e-01
4.633457660675048828e-01
4.445747137069702148e-01
4.604997038841247559e-01
4.835767447948455811e-01
4.868718087673187256e-01
4.857203364372253418e-01
4.865315854549407959e-01
4.868129193782806396e-01
4.875263273715972900e-01
4.876325130462646484e-01
4.874627590179443359e-01
4.872728586196899414e-01
4.875532388687133789e-01
4.819288849830627441e-01
4.610467553138732910e-01
4.852484464645385742e-01
4.867911934852600098e-01
4.867911934852600098e-01
4.867911934852600098e-01
4.867911934852600098e-01
4.867911934852600098e-01
4.867911934852600098e-01
4.867911934852600098e-01
4.867911934852600098e-01
4.867911934852600098e-01
4.867911934852600098e-01
4.868133068084716797e-01
4.867911934852600098e-01
4.867911934852600098e-01
4.867911934852600098e-01
4.867911934852600098e-01
4.867911934852600098e-01
4.867911934852600098e-01
4.867911934852600098e-01
4.867911934852600098e-01
4.878612458705902100e-01
4.878671169281005859e-01
4.879208505153656006e-01
4.878952801227569580e-01
4.878317713737487793e-01
4.878212511539459229e-01
4.878234863281250000e-01
4.878034293651580811e-01
4.878455400466918945e-01
4.877905845642089844e-01
4.878379702568054199e-01
4.877849221229553223e-01
4.879840016365051270e-01
4.875769615173339844e-01
4.875114858150482178e-01
4.877142906188964844e-01
4.875694513320922852e-01
4.874807000160217285e-01
4.873632192611694336e-01
4.878038167953491211e-01
4.879926443099975586e-01
4.875971674919128418e-01
4.874846935272216797e-01
4.869397878646850586e-01
4.868217408657073975e-01
4.867992997169494629e-01
4.869774281978607178e-01
4.869474172592163086e-01
4.871904850006103516e-01
4.870959818363189697e-01
4.870857000350952148e-01
4.872671365737915039e-01
4.871290922164916992e-01
4.871240854263305664e-01
4.871696233749389648e-01
4.878774881362915039e-01
4.875686168670654297e-01
4.872473478317260742e-01
4.871397614479064941e-01
4.872671365737915039e-01
4.873850941658020020e-01
4.841979742050170898e-01
4.867740571498870850e-01
4.876507818698883057e-01
4.875183105468750000e-01
4.818417131900787354e-01
4.829209744930267334e-01
3.865414559841156006e-01
3.882099390029907227e-01
4.595118463039398193e-01
4.838552772998809814e-01
4.867891967296600342e-01
4.867911934852600098e-01
4.867911934852600098e-01
4.867911934852600098e-01
4.872055351734161377e-01
4.867911934852600098e-01
4.867911934852600098e-01
4.867911934852600098e-01
4.867911934852600098e-01
4.867911934852600098e-01
4.867911934852600098e-01
4.867911934852600098e-01
4.867911934852600098e-01
4.867911934852600098e-01
4.867911934852600098e-01
4.882412850856781006e-01
4.883736073970794678e-01
4.879755079746246338e-01
4.882324934005737305e-01
4.880528748035430908e-01
4.880644977092742920e-01
4.877209067344665527e-01
4.881764948368072510e-01
4.878757297992706299e-01
4.878789484500885010e-01
4.877253472805023193e-01
4.881041347980499268e-01
4.880540370941162109e-01
4.880666434764862061e-01
4.876406192779541016e-01
4.842956662178039551e-01
4.879304766654968262e-01
4.814777076244354248e-01
4.817896783351898193e-01
4.859778583049774170e-01
4.856621325016021729e-01
4.865933060646057129e-01
4.871479570865631104e-01
4.873041808605194092e-01
4.870176315307617188e-01
4.868917465209960938e-01
4.867036342620849609e-01
4.870106577873229980e-01
4.871219694614410400e-01
0.000000000000000000e+00
0.000000000000000000e+00
0.000000000000000000e+00
0.000000000000000000e+00
0.000000000000000000e+00
0.000000000000000000e+00
0.000000000000000000e+00
0.000000000000000000e+00
0.000000000000000000e+00
0.000000000000000000e+00
0.000000000000000000e+00
0.000000000000000000e+00
0.000000000000000000e+00
0.000000000000000000e+00
0.000000000000000000e+00
0.000000000000000000e+00
0.000000000000000000e+00
0.000000000000000000e+00
0.000000000000000000e+00
0.000000000000000000e+00
0.000000000000000000e+00
0.000000000000000000e+00
1.742276549339294434e-02
0.000000000000000000e+00
0.000000000000000000e+00
0.000000000000000000e+00
0.000000000000000000e+00
0.000000000000000000e+00
0.000000000000000000e+00
0.000000000000000000e+00
0.000000000000000000e+00
0.000000000000000000e+00
0.000000000000000000e+00
0.000000000000000000e+00
0.000000000000000000e+00
0.000000000000000000e+00
0.000000000000000000e+00
0.000000000000000000e+00
0.000000000000000000e+00
0.000000000000000000e+00
0.000000000000000000e+00
0.000000000000000000e+00
0.000000000000000000e+00
0.000000000000000000e+00
0.000000000000000000e+00
4.867911934852600098e-01
4.854249954223632812e-01
4.854789972305297852e-01
4.073470234870910645e-01
3.735015988349914551e-01
3.652828633785247803e-01
3.201535344123840332e-01
2.846020460128784180e-01
1.405509710311889648e-01
1.197587549686431885e-01
4.867911934852600098e-01
4.867911934852600098e-01
4.867911934852600098e-01
4.867911934852600098e-01
4.867911934852600098e-01
4.867911934852600098e-01
4.870950281620025635e-01
4.867395162582397461e-01
4.873939752578735352e-01
