4.863297641277313232e-01
4.863297641277313232e-01
4.863297641277313232e-01
4.863297641277313232e-01
4.863297641277313232e-01
4.863297641277313232e-01
4.863297641277313232e-01
4.863297641277313232e-01
4.863297641277313232e-01
4.863297641277313232e-01
4.863297641277313232e-01
4.863297641277313232e-01
4.863297641277313232e-01
4.863297641277313232e-01
4.863297641277313232e-01
4.863297641277313232e-01
4.863297641277313232e-01
4.863297641277313232e-01
4.863297641277313232e-01
4.863297641277313232e-01
4.863297641277313232e-01
4.863297641277313232e-01
4.863297641277313232e-01
4.863297641277313232e-01
4.863297641277313232e-01
4.863297641277313232e-01
4.863297641277313232e-01
4.863297641277313232e-01
4.863297641277313232e-01
4.863297641277313232e-01
4.863297641277313232e-01
4.863297641277313232e-01
4.863297641277313232e-01
4.863297641277313232e-01
4.863297641277313232e-01
4.863297641277313232e-01
4.863297641277313232e-01
4.863297641277313232e-01
4.863297641277313232e-01
4.863297641277313232e-01
4.863297641277313232e-01
4.863297641277313232e-01
4.863297641277313232e-01
4.863297641277313232e-01
4.863297641277313232e-01
4.863297641277313232e-01
4.863297641277313232e-01
4.863297641277313232e-01
4.863297641277313232e-01
4.863297641277313232e-01
4.863297641277313232e-01
4.863297641277313232e-01
4.863297641277313232e-01
4.863297641277313232e-01
4.863297641277313232e-01
4.863297641277313232e-01
4.863297641277313232e-01
4.863297641277313232e-01
4.863297641277313232e-01
4.863297641277313232e-01
4.863297641277313232e-01
4.863297641277313232e-01
4.863297641277313232e-01
4.863297641277313232e-01
4.863297641277313232e-01
4.863297641277313232e-01
4.863297641277313232e-01
4.865689873695373535e-01
4.863297641277313232e-01
4.863297641277313232e-01
4.863297641277313232e-01
4.863297641277313232e-01
4.863364100456237793e-01
4.863384664058685303e-01
4.863297641277313232e-01
4.863297641277313232e-01
4.863297641277313232e-01
4.863297641277313232e-01
4.863297641277313232e-01
4.863297641277313232e-01
4.863297641277313232e-01
4.863297641277313232e-01
4.863297641277313232e-01
4.863297641277313232e-01
4.863297641277313232e-01
4.863297641277313232e-01
4.863297641277313232e-01
4.863297641277313232e-01
4.863297641277313232e-01
4.863297641277313232e-01
4.865240752696990967e-01
4.863297641277313232e-01
4.863297641277313232e-01
4.863297641277313232e-01
4.863297641277313232e-01
4.863297641277313232e-01
4.863297641277313232e-01
4.863297641277313232e-01
4.863297641277313232e-01
4.863297641277313232e-01
4.863297641277313232e-01
