3.834902942180633545e-01
3.804150819778442383e-01
3.858138918876647949e-01
3.977349996566772461e-01
3.946238160133361816e-01
3.858869671821594238e-01
3.866316676139831543e-01
4.528570473194122314e-01
4.511764049530029297e-01
4.478667378425598145e-01
4.389698505401611328e-01
4.388695955276489258e-01
4.351183176040649414e-01
4.345483183860778809e-01
4.307661056518554688e-01
4.148075580596923828e-01
4.138831496238708496e-01
3.857099413871765137e-01
3.880636096000671387e-01
3.895875513553619385e-01
3.802886605262756348e-01
3.918349146842956543e-01
4.022723734378814697e-01
3.893133103847503662e-01
4.085345566272735596e-01
4.452537596225738525e-01
4.066736400127410889e-01
3.963800370693206787e-01
3.897297680377960205e-01
3.909001648426055908e-01
0.000000000000000000e+00
0.000000000000000000e+00
4.139479994773864746e-01
4.027848541736602783e-01
4.218395948410034180e-01
4.103246927261352539e-01
4.150374829769134521e-01
4.211183190345764160e-01
4.534443318843841553e-01
4.448977112770080566e-01
4.296150505542755127e-01
4.376149177551269531e-01
4.576867818832397461e-01
4.570880234241485596e-01
4.555184841156005859e-01
4.289790689945220947e-01
4.320639371871948242e-01
4.539183378219604492e-01
4.534596502780914307e-01
4.584767818450927734e-01
4.583863615989685059e-01
4.584767818450927734e-01
4.584767818450927734e-01
4.583718776702880859e-01
4.583493769168853760e-01
4.584381580352783203e-01
4.584112763404846191e-01
4.581646919250488281e-01
4.580265581607818604e-01
4.580333530902862549e-01
4.581407904624938965e-01
4.579518735408782959e-01
4.579627215862274170e-01
4.582017064094543457e-01
4.583952426910400391e-01
4.584693908691406250e-01
4.583538174629211426e-01
4.582295417785644531e-01
4.582142531871795654e-01
4.582238197326660156e-01
4.582185447216033936e-01
4.582174718379974365e-01
4.553350508213043213e-01
4.570083916187286377e-01
4.569031596183776855e-01
4.555748105049133301e-01
4.570439159870147705e-01
4.571987390518188477e-01
4.345474839210510254e-01
0.000000000000000000e+00
8.281970024108886719e-02
0.000000000000000000e+00
0.000000000000000000e+00
4.366127848625183105e-01
0.000000000000000000e+00
4.459961652755737305e-01
0.000000000000000000e+00
0.000000000000000000e+00
0.000000000000000000e+00
0.000000000000000000e+00
0.000000000000000000e+00
0.000000000000000000e+00
0.000000000000000000e+00
0.000000000000000000e+00
3.808353841304779053e-01
0.000000000000000000e+00
0.000000000000000000e+00
0.000000000000000000e+00
4.172859191894531250e-01
0.000000000000000000e+00
0.000000000000000000e+00
0.000000000000000000e+00
0.000000000000000000e+00
0.000000000000000000e+00
0.000000000000000000e+00
0.000000000000000000e+00
4.583508372306823730e-01
4.583760499954223633e-01
4.583781361579895020e-01
4.583778679370880127e-01
4.583762288093566895e-01
4.583124816417694092e-01
4.582467377185821533e-01
4.581772983074188232e-01
4.579204618930816650e-01
4.582580327987670898e-01
4.581318199634552002e-01
4.543280899524688721e-01
4.580152332782745361e-01
4.539849758148193359e-01
4.581917822360992432e-01
4.206866025924682617e-01
4.044143855571746826e-01
3.797399401664733887e-01
4.082735776901245117e-01
4.130276441574096680e-01
3.864048421382904053e-01
3.850153088569641113e-01
3.791378438472747803e-01
3.592260479927062988e-01
0.000000000000000000e+00
3.114602565765380859e-01
3.736990094184875488e-01
3.786189556121826172e-01
3.858639895915985107e-01
3.736500144004821777e-01
3.885446190834045410e-01
4.493522942066192627e-01
4.581376016139984131e-01
4.273540377616882324e-01
4.566583335399627686e-01
4.413219690322875977e-01
3.796863853931427002e-01
0.000000000000000000e+00
0.000000000000000000e+00
0.000000000000000000e+00
0.000000000000000000e+00
0.000000000000000000e+00
0.000000000000000000e+00
4.584535062313079834e-01
4.584741890430450439e-01
4.565349221229553223e-01
4.574179351329803467e-01
4.583178162574768066e-01
4.583206176757812500e-01
4.584767818450927734e-01
4.584767818450927734e-01
4.584767818450927734e-01
4.584767818450927734e-01
4.584767818450927734e-01
4.584767818450927734e-01
4.584767818450927734e-01
4.584767818450927734e-01
4.584767818450927734e-01
4.584767818450927734e-01
4.584767818450927734e-01
4.298345744609832764e-01
4.312902688980102539e-01
4.574855566024780273e-01
4.583701789379119873e-01
0.000000000000000000e+00
4.584767818450927734e-01
4.583781659603118896e-01
4.584767818450927734e-01
4.584767818450927734e-01
4.584767818450927734e-01
4.584767818450927734e-01
4.584767818450927734e-01
4.584767818450927734e-01
4.584767818450927734e-01
4.584767818450927734e-01
4.584767818450927734e-01
4.584767818450927734e-01
4.584767818450927734e-01
4.584767818450927734e-01
4.584767818450927734e-01
4.584767818450927734e-01
4.584767818450927734e-01
4.584767818450927734e-01
4.584767818450927734e-01
4.584767818450927734e-01
4.584767818450927734e-01
4.584767818450927734e-01
4.584767818450927734e-01
4.584767818450927734e-01
4.584767818450927734e-01
4.584767818450927734e-01
4.584767818450927734e-01
4.584767818450927734e-01
4.584767818450927734e-01
4.584767818450927734e-01
4.584767818450927734e-01
4.584767818450927734e-01
4.584767818450927734e-01
4.584767818450927734e-01
4.584767818450927734e-01
4.584767818450927734e-01
4.584228694438934326e-01
4.584767818450927734e-01
4.584767818450927734e-01
4.584767818450927734e-01
4.575902819633483887e-01
4.575902819633483887e-01
4.575902819633483887e-01
4.575902819633483887e-01
4.575902819633483887e-01
4.575902819633483887e-01
4.575684368610382080e-01
4.575902819633483887e-01
4.575902819633483887e-01
4.575902819633483887e-01
4.575903117656707764e-01
4.574875831604003906e-01
4.575902819633483887e-01
4.572044312953948975e-01
4.578783214092254639e-01
4.578782916069030762e-01
4.575035274028778076e-01
4.578571915626525879e-01
4.580285251140594482e-01
4.576916992664337158e-01
4.582971632480621338e-01
4.582972526550292969e-01
4.583021998405456543e-01
4.583100676536560059e-01
4.583053588867187500e-01
4.583169221878051758e-01
4.582527279853820801e-01
4.582639634609222412e-01
4.564775228500366211e-01
4.566893875598907471e-01
4.552104771137237549e-01
4.554669857025146484e-01
4.553728699684143066e-01
4.517276883125305176e-01
4.563813805580139160e-01
4.563664197921752930e-01
4.565666615962982178e-01
4.565666019916534424e-01
4.565236568450927734e-01
4.564981162548065186e-01
4.578090906143188477e-01
4.567862451076507568e-01
4.567862451076507568e-01
4.567862451076507568e-01
4.567649662494659424e-01
4.570357799530029297e-01
4.570357799530029297e-01
4.584767818450927734e-01
4.584767818450927734e-01
4.584767818450927734e-01
4.584767818450927734e-01
4.584767818450927734e-01
4.584767818450927734e-01
4.584767818450927734e-01
4.584767818450927734e-01
4.584767818450927734e-01
4.584767818450927734e-01
4.584767818450927734e-01
4.584767818450927734e-01
4.584767818450927734e-01
4.584767818450927734e-01
4.584767818450927734e-01
4.584767818450927734e-01
4.584767818450927734e-01
4.584767818450927734e-01
4.584767818450927734e-01
4.584767818450927734e-01
4.584767818450927734e-01
3.162106573581695557e-01
3.898230195045471191e-01
3.869411349296569824e-01
4.584767818450927734e-01
3.937803208827972412e-01
0.000000000000000000e+00
0.000000000000000000e+00
4.221968948841094971e-01
4.231036901473999023e-01
4.218393862247467041e-01
4.218393862247467041e-01
4.584767818450927734e-01
4.584767818450927734e-01
4.584767818450927734e-01
4.584767818450927734e-01
4.584767818450927734e-01
4.584767818450927734e-01
4.583799839019775391e-01
4.584767818450927734e-01
4.584767818450927734e-01
4.584292173385620117e-01
4.583355486392974854e-01
4.584767818450927734e-01
4.582696557044982910e-01
4.567722976207733154e-01
4.569711387157440186e-01
4.571276605129241943e-01
4.571900665760040283e-01
4.572012722492218018e-01
4.571687281131744385e-01
4.572283625602722168e-01
4.572365880012512207e-01
4.572697281837463379e-01
4.572801589965820312e-01
4.574202299118041992e-01
4.575560092926025391e-01
4.575783610343933105e-01
4.576911628246307373e-01
4.576439261436462402e-01
4.579344689846038818e-01
4.583671092987060547e-01
4.584767818450927734e-01
4.582644701004028320e-01
4.584767818450927734e-01
4.578097164630889893e-01
4.581598043441772461e-01
4.581759870052337646e-01
4.583090841770172119e-01
4.582265019416809082e-01
4.583009779453277588e-01
4.583334028720855713e-01
4.583286941051483154e-01
4.581595659255981445e-01
4.580643177032470703e-01
4.580875635147094727e-01
0.000000000000000000e+00
4.581545889377593994e-01
4.581980407238006592e-01
4.581984281539916992e-01
4.582131505012512207e-01
4.582205414772033691e-01
4.581955969333648682e-01
4.581500589847564697e-01
4.583910107612609863e-01
4.579136669635772705e-01
4.583981335163116455e-01
4.582246541976928711e-01
4.583347141742706299e-01
4.584494531154632568e-01
4.584767818450927734e-01
4.584767818450927734e-01
4.584767818450927734e-01
4.578802883625030518e-01
4.577873647212982178e-01
4.570083916187286377e-01
4.569942057132720947e-01
4.569620490074157715e-01
4.572255313396453857e-01
4.580632150173187256e-01
0.000000000000000000e+00
4.562044739723205566e-01
4.569234848022460938e-01
0.000000000000000000e+00
0.000000000000000000e+00
4.565469622611999512e-01
4.564211964607238770e-01
0.000000000000000000e+00
4.573703706264495850e-01
4.573592543601989746e-01
4.491166472434997559e-01
4.264444112777709961e-01
4.492351412773132324e-01
4.578414559364318848e-01
4.556253254413604736e-01
4.582155048847198486e-01
4.579235017299652100e-01
4.584767818450927734e-01
4.584767818450927734e-01
4.584767818450927734e-01
4.584767818450927734e-01
4.584767818450927734e-01
4.584767818450927734e-01
4.584767818450927734e-01
4.584767818450927734e-01
4.584767818450927734e-01
4.584767818450927734e-01
4.584767818450927734e-01
4.584767818450927734e-01
4.584767818450927734e-01
4.584767818450927734e-01
4.584767818450927734e-01
4.584767818450927734e-01
4.584767818450927734e-01
4.584767818450927734e-01
4.584767818450927734e-01
4.584767818450927734e-01
4.584767818450927734e-01
4.584767818450927734e-01
4.584767818450927734e-01
4.584767818450927734e-01
4.584767818450927734e-01
4.584767818450927734e-01
4.584767818450927734e-01
4.584767818450927734e-01
4.584767818450927734e-01
4.584767818450927734e-01
4.584767818450927734e-01
4.584767818450927734e-01
4.584767818450927734e-01
4.584767818450927734e-01
4.584767818450927734e-01
4.584767818450927734e-01
4.584767818450927734e-01
4.584767818450927734e-01
4.584767818450927734e-01
4.584767818450927734e-01
4.584767818450927734e-01
4.583894610404968262e-01
4.582734704017639160e-01
4.567941427230834961e-01
4.571489989757537842e-01
4.575745165348052979e-01
4.574797749519348145e-01
4.574798047542572021e-01
4.574797749519348145e-01
4.574797749519348145e-01
4.574689567089080811e-01
4.576575756072998047e-01
4.573575556278228760e-01
4.575561285018920898e-01
4.576299488544464111e-01
4.576391577720642090e-01
4.576698839664459229e-01
4.575670957565307617e-01
4.576218128204345703e-01
4.575099050998687744e-01
4.574252068996429443e-01
4.574401974678039551e-01
4.573738873004913330e-01
4.573744833469390869e-01
4.574040472507476807e-01
4.573894739151000977e-01
4.573895037174224854e-01
4.573684036731719971e-01
4.573819935321807861e-01
4.576199054718017578e-01
4.575063586235046387e-01
4.019505083560943604e-01
3.888030648231506348e-01
0.000000000000000000e+00
0.000000000000000000e+00
3.898843824863433838e-01
3.891194760799407959e-01
3.882417678833007812e-01
4.584767818450927734e-01
4.584767818450927734e-01
4.584767818450927734e-01
4.584767818450927734e-01
4.429446160793304443e-01
4.532802700996398926e-01
4.574533402919769287e-01
4.584767818450927734e-01
4.584767818450927734e-01
4.449943602085113525e-01
4.540096819400787354e-01
4.534341990947723389e-01
4.556068778038024902e-01
4.555861651897430420e-01
4.558086097240447998e-01
4.553230404853820801e-01
4.559343159198760986e-01
3.960276544094085693e-01
4.557633996009826660e-01
4.558839499950408936e-01
3.857458829879760742e-01
3.701143860816955566e-01
3.923825919628143311e-01
4.151566624641418457e-01
4.115488827228546143e-01
2.349082827568054199e-01
4.563828706741333008e-01
4.563952386379241943e-01
4.580478668212890625e-01
4.573340713977813721e-01
4.571977853775024414e-01
4.571200311183929443e-01
4.572453200817108154e-01
4.571161270141601562e-01
4.508836865425109863e-01
4.532874822616577148e-01
4.426369071006774902e-01
4.231833219528198242e-01
4.567579329013824463e-01
4.568035900592803955e-01
4.563164710998535156e-01
4.567981362342834473e-01
4.575010240077972412e-01
4.574614763259887695e-01
4.575629532337188721e-01
4.581090211868286133e-01
4.581090211868286133e-01
4.581090211868286133e-01
4.581090211868286133e-01
4.581090211868286133e-01
4.581090211868286133e-01
4.576748907566070557e-01
4.576748907566070557e-01
4.576749205589294434e-01
4.576751589775085449e-01
4.576758742332458496e-01
4.576770365238189697e-01
4.580946564674377441e-01
4.580940604209899902e-01
4.581187069416046143e-01
4.581195116043090820e-01
4.581416547298431396e-01
4.581695497035980225e-01
4.582033455371856689e-01
4.579384922981262207e-01
4.580348730087280273e-01
4.582837522029876709e-01
4.583328664302825928e-01
4.584767818450927734e-01
4.584767818450927734e-01
4.584767818450927734e-01
4.584767818450927734e-01
4.584767818450927734e-01
4.584767818450927734e-01
4.562962651252746582e-01
4.563048481941223145e-01
4.564990699291229248e-01
4.566462635993957520e-01
4.568470716476440430e-01
4.574505686759948730e-01
4.572910070419311523e-01
4.571000933647155762e-01
4.575333893299102783e-01
4.570521712303161621e-01
4.200661182403564453e-01
4.566746950149536133e-01
4.563067555427551270e-01
4.562914967536926270e-01
4.061913490295410156e-01
0.000000000000000000e+00
0.000000000000000000e+00
0.000000000000000000e+00
3.936274647712707520e-01
3.787297606468200684e-01
4.584458768367767334e-01
4.568240642547607422e-01
3.769553899765014648e-01
2.361755669116973877e-01
0.000000000000000000e+00
4.584767818450927734e-01
4.584767818450927734e-01
4.584302306175231934e-01
4.088501632213592529e-01
4.584767818450927734e-01
3.891884386539459229e-01
0.000000000000000000e+00
0.000000000000000000e+00
0.000000000000000000e+00
0.000000000000000000e+00
0.000000000000000000e+00
0.000000000000000000e+00
0.000000000000000000e+00
0.000000000000000000e+00
0.000000000000000000e+00
0.000000000000000000e+00
3.893007934093475342e-01
4.573888778686523438e-01
4.577425718307495117e-01
4.576621949672698975e-01
4.575113654136657715e-01
4.576834738254547119e-01
4.578248858451843262e-01
4.578172564506530762e-01
4.576156139373779297e-01
4.574012160301208496e-01
4.578200876712799072e-01
4.578703939914703369e-01
4.578071832656860352e-01
4.572301208972930908e-01
4.570705592632293701e-01
4.565382897853851318e-01
4.562466740608215332e-01
0.000000000000000000e+00
4.564076960086822510e-01
0.000000000000000000e+00
3.832798600196838379e-01
0.000000000000000000e+00
4.081882834434509277e-01
4.574092030525207520e-01
4.574020206928253174e-01
4.573981463909149170e-01
4.574004411697387695e-01
4.573976993560791016e-01
4.573979675769805908e-01
4.573982656002044678e-01
4.573982954025268555e-01
4.573982357978820801e-01
4.573980867862701416e-01
4.573979675769805908e-01
4.573991894721984863e-01
4.557154476642608643e-01
4.567271471023559570e-01
4.567144811153411865e-01
4.567822813987731934e-01
4.567838609218597412e-01
4.567846357822418213e-01
4.568960368633270264e-01
4.568962454795837402e-01
4.568964540958404541e-01
4.568393826484680176e-01
4.568561315536499023e-01
4.568088948726654053e-01
4.571426808834075928e-01
4.571714103221893311e-01
3.954010903835296631e-01
4.572453498840332031e-01
4.572475254535675049e-01
4.572533965110778809e-01
4.568272829055786133e-01
4.363828301429748535e-01
4.281897246837615967e-01
4.304202795028686523e-01
4.391608238220214844e-01
4.577386379241943359e-01
4.582391977310180664e-01
4.447392821311950684e-01
4.562223553657531738e-01
4.579512774944305420e-01
4.584767818450927734e-01
4.584767818450927734e-01
4.584767818450927734e-01
4.538381397724151611e-01
4.556550979614257812e-01
4.556551277637481689e-01
4.556779265403747559e-01
4.556779563426971436e-01
4.556779265403747559e-01
4.556215703487396240e-01
4.556215703487396240e-01
4.556215703487396240e-01
4.552110135555267334e-01
4.556215703487396240e-01
4.556215703487396240e-01
4.556123018264770508e-01
4.550531208515167236e-01
4.556123018264770508e-01
4.556123018264770508e-01
4.556126296520233154e-01
4.556123316287994385e-01
4.555405676364898682e-01
4.554882049560546875e-01
4.555407762527465820e-01
4.541423618793487549e-01
4.533301591873168945e-01
4.542183876037597656e-01
4.543335139751434326e-01
4.543918073177337646e-01
4.543909132480621338e-01
4.543958604335784912e-01
4.543941020965576172e-01
4.545355439186096191e-01
4.545777440071105957e-01
4.546640515327453613e-01
4.547846615314483643e-01
4.547796845436096191e-01
4.547912478446960449e-01
4.548023343086242676e-01
4.546543061733245850e-01
4.547694921493530273e-01
4.549841284751892090e-01
4.551068842411041260e-01
4.562576711177825928e-01
4.582850933074951172e-01
4.584767818450927734e-01
4.584767818450927734e-01
4.584767818450927734e-01
4.584767818450927734e-01
4.582847356796264648e-01
4.584767818450927734e-01
4.584767818450927734e-01
4.568859040737152100e-01
4.567674696445465088e-01
4.583233892917633057e-01
4.584767818450927734e-01
4.584767818450927734e-01
4.584767818450927734e-01
4.584767818450927734e-01
4.584767818450927734e-01
4.584767818450927734e-01
4.584767818450927734e-01
4.584767818450927734e-01
4.584767818450927734e-01
4.584767818450927734e-01
4.584767818450927734e-01
4.584767818450927734e-01
4.584767818450927734e-01
4.584767818450927734e-01
4.584767818450927734e-01
4.584767818450927734e-01
4.584767818450927734e-01
4.584767818450927734e-01
4.584767818450927734e-01
4.584767818450927734e-01
4.584767818450927734e-01
4.584767818450927734e-01
4.584767818450927734e-01
4.584767818450927734e-01
4.584767818450927734e-01
4.584767818450927734e-01
4.584767818450927734e-01
4.584767818450927734e-01
4.584767818450927734e-01
4.584767818450927734e-01
4.584767818450927734e-01
4.584767818450927734e-01
4.584767818450927734e-01
4.584767818450927734e-01
4.584767818450927734e-01
4.584767818450927734e-01
4.584767818450927734e-01
4.584767818450927734e-01
4.584767818450927734e-01
4.584767818450927734e-01
4.584767818450927734e-01
4.580501019954681396e-01
4.580489397048950195e-01
4.579984247684478760e-01
4.579847753047943115e-01
4.579847753047943115e-01
4.579847455024719238e-01
4.578532278537750244e-01
4.578531384468078613e-01
4.579595625400543213e-01
4.576363265514373779e-01
4.568656384944915771e-01
4.571450948715209961e-01
4.569059908390045166e-01
4.569108188152313232e-01
4.569487571716308594e-01
4.570063650608062744e-01
4.568062722682952881e-01
4.567957818508148193e-01
4.567647278308868408e-01
4.565450847148895264e-01
4.563922286033630371e-01
4.557241499423980713e-01
4.561139047145843506e-01
4.560635685920715332e-01
4.567863047122955322e-01
4.571011066436767578e-01
4.573340415954589844e-01
4.573340117931365967e-01
4.573340415954589844e-01
4.573335647583007812e-01
4.573697745800018311e-01
4.565347433090209961e-01
4.565349519252777100e-01
4.565352797508239746e-01
4.565307199954986572e-01
4.562505483627319336e-01
4.523083269596099854e-01
4.523269534111022949e-01
4.524164199829101562e-01
4.528550207614898682e-01
4.554392993450164795e-01
4.565116167068481445e-01
4.570547640323638916e-01
4.570770263671875000e-01
4.573485255241394043e-01
4.576336145401000977e-01
4.579557478427886963e-01
4.581801295280456543e-01
4.584767818450927734e-01
3.905059695243835449e-01
4.584767818450927734e-01
4.578846395015716553e-01
4.578846395015716553e-01
4.578846395015716553e-01
4.578846395015716553e-01
4.578846693038940430e-01
4.578846693038940430e-01
4.578889608383178711e-01
4.578890204429626465e-01
4.578920304775238037e-01
4.578890502452850342e-01
4.579013884067535400e-01
4.581679999828338623e-01
4.581202566623687744e-01
4.026508927345275879e-01
2.287587523460388184e-02
4.581000804901123047e-01
4.227286577224731445e-01
4.579710364341735840e-01
4.183641672134399414e-01
4.581442475318908691e-01
4.581451416015625000e-01
4.576342999935150146e-01
4.579158723354339600e-01
4.578988552093505859e-01
4.579250514507293701e-01
4.579381048679351807e-01
4.578498303890228271e-01
4.577707052230834961e-01
4.577515721321105957e-01
4.584767818450927734e-01
4.584767818450927734e-01
4.584127962589263916e-01
4.582064747810363770e-01
4.584767818450927734e-01
4.584767818450927734e-01
4.584554731845855713e-01
4.584767818450927734e-01
4.584767818450927734e-01
4.584767818450927734e-01
4.584767818450927734e-01
4.584767818450927734e-01
4.584767818450927734e-01
4.584767818450927734e-01
4.582222998142242432e-01
4.584767818450927734e-01
4.584767818450927734e-01
4.584767818450927734e-01
4.584767818450927734e-01
4.584767818450927734e-01
4.584767818450927734e-01
4.584767818450927734e-01
4.584767818450927734e-01
4.584767818450927734e-01
4.584767818450927734e-01
4.584767818450927734e-01
4.584767818450927734e-01
4.583197236061096191e-01
4.584767818450927734e-01
4.584767818450927734e-01
4.584767818450927734e-01
4.584767818450927734e-01
4.583639204502105713e-01
4.583889842033386230e-01
4.583983421325683594e-01
4.584189355373382568e-01
4.584521949291229248e-01
4.575569629669189453e-01
4.580097198486328125e-01
4.580990076065063477e-01
4.581579566001892090e-01
4.581580460071563721e-01
4.584767818450927734e-01
4.584767818450927734e-01
4.584767818450927734e-01
4.584767818450927734e-01
4.583477675914764404e-01
4.584767818450927734e-01
4.584767818450927734e-01
4.584767818450927734e-01
4.584767818450927734e-01
4.584767818450927734e-01
4.584767818450927734e-01
4.584767818450927734e-01
4.584767818450927734e-01
4.584767818450927734e-01
4.584767818450927734e-01
4.584174454212188721e-01
4.584185481071472168e-01
4.584176838397979736e-01
4.584197402000427246e-01
4.584208726882934570e-01
4.584217965602874756e-01
4.584239125251770020e-01
4.584278166294097900e-01
4.584377110004425049e-01
4.584497511386871338e-01
4.584471285343170166e-01
4.584767818450927734e-01
0.000000000000000000e+00
0.000000000000000000e+00
0.000000000000000000e+00
0.000000000000000000e+00
0.000000000000000000e+00
0.000000000000000000e+00
0.000000000000000000e+00
0.000000000000000000e+00
0.000000000000000000e+00
0.000000000000000000e+00
0.000000000000000000e+00
0.000000000000000000e+00
0.000000000000000000e+00
0.000000000000000000e+00
0.000000000000000000e+00
0.000000000000000000e+00
2.914617657661437988e-01
2.309686243534088135e-01
0.000000000000000000e+00
1.777052283287048340e-01
2.639380097389221191e-01
0.000000000000000000e+00
0.000000000000000000e+00
2.192917168140411377e-01
0.000000000000000000e+00
0.000000000000000000e+00
3.157695531845092773e-01
1.485748291015625000e-01
3.585760891437530518e-01
7.578247785568237305e-02
3.586231470108032227e-01
3.897601962089538574e-01
4.584767818450927734e-01
4.584767818450927734e-01
4.528796672821044922e-01
3.899354934692382812e-01
4.584767818450927734e-01
4.584767818450927734e-01
4.584767818450927734e-01
4.540891647338867188e-01
4.554049372673034668e-01
4.555107355117797852e-01
4.553063213825225830e-01
4.553508758544921875e-01
4.490566551685333252e-01
4.410439729690551758e-01
4.554143548011779785e-01
4.552470743656158447e-01
4.105920791625976562e-01
4.554964900016784668e-01
4.558236300945281982e-01
4.553214311599731445e-01
4.564852714538574219e-01
4.566679000854492188e-01
4.466632008552551270e-01
4.555115401744842529e-01
4.566064476966857910e-01
4.566393494606018066e-01
4.555252194404602051e-01
4.548440575599670410e-01
4.542973041534423828e-01
4.545011520385742188e-01
4.559778571128845215e-01
4.564384520053863525e-01
4.562907814979553223e-01
4.566541910171508789e-01
4.573796689510345459e-01
4.583370089530944824e-01
4.584767818450927734e-01
4.584767818450927734e-01
4.584767818450927734e-01
4.584767818450927734e-01
4.584767818450927734e-01
4.584767818450927734e-01
4.584767818450927734e-01
4.584767818450927734e-01
4.584767818450927734e-01
3.866756558418273926e-01
4.570165276527404785e-01
4.520428180694580078e-01
4.539715051651000977e-01
4.558249115943908691e-01
4.558992385864257812e-01
4.560641050338745117e-01
4.560904502868652344e-01
4.559691548347473145e-01
4.559750258922576904e-01
4.559760093688964844e-01
4.578495323657989502e-01
4.578550755977630615e-01
4.580878913402557373e-01
4.580859243869781494e-01
4.580653607845306396e-01
4.580027461051940918e-01
4.580274522304534912e-01
4.544135928153991699e-01
4.557837247848510742e-01
4.557880759239196777e-01
4.550446569919586182e-01
4.550560712814331055e-01
4.550847709178924561e-01
4.550990164279937744e-01
4.550372660160064697e-01
4.549320638179779053e-01
4.549533128738403320e-01
4.538297355175018311e-01
4.542742967605590820e-01
4.541402757167816162e-01
4.539766311645507812e-01
0.000000000000000000e+00
0.000000000000000000e+00
0.000000000000000000e+00
0.000000000000000000e+00
0.000000000000000000e+00
0.000000000000000000e+00
0.000000000000000000e+00
0.000000000000000000e+00
0.000000000000000000e+00
0.000000000000000000e+00
0.000000000000000000e+00
0.000000000000000000e+00
0.000000000000000000e+00
0.000000000000000000e+00
0.000000000000000000e+00
0.000000000000000000e+00
1.639522612094879150e-01
0.000000000000000000e+00
0.000000000000000000e+00
0.000000000000000000e+00
0.000000000000000000e+00
0.000000000000000000e+00
0.000000000000000000e+00
0.000000000000000000e+00
0.000000000000000000e+00
0.000000000000000000e+00
0.000000000000000000e+00
0.000000000000000000e+00
0.000000000000000000e+00
0.000000000000000000e+00
0.000000000000000000e+00
0.000000000000000000e+00
0.000000000000000000e+00
0.000000000000000000e+00
0.000000000000000000e+00
0.000000000000000000e+00
0.000000000000000000e+00
0.000000000000000000e+00
0.000000000000000000e+00
0.000000000000000000e+00
0.000000000000000000e+00
0.000000000000000000e+00
0.000000000000000000e+00
0.000000000000000000e+00
0.000000000000000000e+00
0.000000000000000000e+00
4.569118916988372803e-01
4.562657475471496582e-01
4.347322881221771240e-01
3.922551274299621582e-01
4.259249269962310791e-01
3.932747244834899902e-01
0.000000000000000000e+00
3.850297331809997559e-01
3.821104466915130615e-01
3.823260664939880371e-01
3.795628845691680908e-01
3.657315969467163086e-01
1.438584625720977783e-01
3.659249246120452881e-01
3.746742904186248779e-01
3.644880056381225586e-01
1.809659004211425781e-01
0.000000000000000000e+00
4.571946561336517334e-01
4.575073719024658203e-01
4.575073719024658203e-01
4.575073719024658203e-01
4.575073719024658203e-01
4.575073719024658203e-01
4.576844871044158936e-01
4.483694732189178467e-01
4.537650942802429199e-01
4.537650942802429199e-01
4.497205913066864014e-01
4.535064995288848877e-01
4.537018835544586182e-01
4.537031054496765137e-01
4.537929296493530273e-01
4.537934660911560059e-01
4.537925124168395996e-01
4.537941515445709229e-01
4.537940323352813721e-01
4.537936747074127197e-01
4.537922143936157227e-01
4.547055065631866455e-01
4.547053575515747070e-01
4.547054469585418701e-01
4.547050297260284424e-01
4.547013044357299805e-01
3.386510014533996582e-01
4.545551538467407227e-01
3.916775584220886230e-01
4.547285437583923340e-01
4.547269344329833984e-01
4.547249674797058105e-01
4.547127783298492432e-01
4.463450014591217041e-01
4.497472345829010010e-01
4.537791311740875244e-01
4.535537958145141602e-01
4.540673792362213135e-01
4.422974884510040283e-01
4.341764450073242188e-01
4.301367402076721191e-01
3.894750773906707764e-01
4.370202124118804932e-01
4.395521581172943115e-01
4.169045388698577881e-01
3.869674801826477051e-01
4.069874584674835205e-01
3.827179074287414551e-01
3.782266974449157715e-01
3.806522488594055176e-01
0.000000000000000000e+00
7.242277264595031738e-02
3.434634208679199219e-01
0.000000000000000000e+00
0.000000000000000000e+00
3.900457620620727539e-01
0.000000000000000000e+00
4.582923054695129395e-01
4.109783470630645752e-01
4.134969711303710938e-01
4.109216332435607910e-01
3.973611593246459961e-01
3.893671035766601562e-01
4.580697119235992432e-01
4.338120818138122559e-01
3.827881217002868652e-01
3.861121535301208496e-01
4.536044597625732422e-01
4.584767818450927734e-01
4.569489657878875732e-01
4.584767818450927734e-01
4.584767818450927734e-01
4.584767818450927734e-01
4.584767818450927734e-01
4.584767818450927734e-01
4.584767818450927734e-01
4.584767818450927734e-01
4.584767818450927734e-01
4.584767818450927734e-01
4.584767818450927734e-01
4.584767818450927734e-01
4.584767818450927734e-01
4.584767818450927734e-01
4.584767818450927734e-01
4.584767818450927734e-01
4.584767818450927734e-01
4.584767818450927734e-01
4.584767818450927734e-01
4.584767818450927734e-01
4.584767818450927734e-01
4.584767818450927734e-01
4.584767818450927734e-01
4.584767818450927734e-01
4.584767818450927734e-01
4.584767818450927734e-01
4.584767818450927734e-01
4.584767818450927734e-01
4.584767818450927734e-01
4.584767818450927734e-01
4.584767818450927734e-01
4.584767818450927734e-01
4.584767818450927734e-01
4.584767818450927734e-01
4.584767818450927734e-01
4.584767818450927734e-01
4.584767818450927734e-01
4.584767818450927734e-01
4.584767818450927734e-01
4.584767818450927734e-01
4.584767818450927734e-01
4.584767818450927734e-01
4.584767818450927734e-01
4.583512842655181885e-01
4.106529355049133301e-01
0.000000000000000000e+00
3.689577579498291016e-01
5.889406800270080566e-02
0.000000000000000000e+00
3.825810253620147705e-01
4.584173858165740967e-01
4.584030210971832275e-01
4.583969712257385254e-01
4.584093987941741943e-01
4.584767818450927734e-01
4.584767818450927734e-01
4.584767818450927734e-01
4.584767818450927734e-01
4.584767818450927734e-01
4.584767818450927734e-01
2.136479318141937256e-01
4.584767818450927734e-01
4.584767818450927734e-01
4.583652913570404053e-01
4.584767818450927734e-01
4.584767818450927734e-01
4.584767818450927734e-01
4.584767818450927734e-01
4.584767818450927734e-01
4.584767818450927734e-01
4.297662377357482910e-01
4.584767818450927734e-01
4.569956064224243164e-01
4.567813575267791748e-01
4.584363996982574463e-01
4.584558606147766113e-01
4.584767818450927734e-01
4.584767818450927734e-01
4.584756195545196533e-01
4.584767818450927734e-01
4.584767818450927734e-01
4.584767818450927734e-01
4.584767818450927734e-01
4.584767818450927734e-01
4.584767818450927734e-01
4.584767818450927734e-01
4.584767818450927734e-01
4.584767818450927734e-01
4.584767818450927734e-01
4.584767818450927734e-01
4.584767818450927734e-01
4.584767818450927734e-01
4.563546180725097656e-01
4.575328230857849121e-01
4.575327038764953613e-01
4.575317502021789551e-01
4.575310945510864258e-01
4.533035755157470703e-01
4.555187225341796875e-01
4.557038545608520508e-01
4.560533761978149414e-01
4.563124179840087891e-01
4.564963877201080322e-01
4.563785195350646973e-01
4.563405811786651611e-01
4.563683271408081055e-01
4.563975632190704346e-01
4.563659429550170898e-01
4.565414786338806152e-01
4.565578699111938477e-01
4.564253687858581543e-01
4.564788341522216797e-01
4.532710015773773193e-01
4.534899592399597168e-01
4.535015523433685303e-01
4.533835649490356445e-01
4.534995257854461670e-01
4.535286724567413330e-01
4.535210728645324707e-01
4.531487226486206055e-01
4.536692798137664795e-01
4.542700648307800293e-01
4.553925991058349609e-01
4.553976655006408691e-01
4.553991556167602539e-01
4.567341506481170654e-01
4.566954374313354492e-01
4.569541513919830322e-01
4.568581879138946533e-01
4.567399621009826660e-01
4.567732810974121094e-01
4.563340246677398682e-01
4.563165009021759033e-01
4.563022255897521973e-01
4.563202559947967529e-01
4.565767347812652588e-01
4.515862762928009033e-01
3.914848268032073975e-01
4.477050304412841797e-01
4.582991600036621094e-01
4.582991600036621094e-01
4.584767818450927734e-01
4.110985994338989258e-01
4.575376808643341064e-01
4.575380384922027588e-01
4.575386047363281250e-01
4.575383067131042480e-01
4.575386941432952881e-01
4.575386643409729004e-01
4.575387537479400635e-01
4.575918018817901611e-01
4.439967870712280273e-01
4.556875526905059814e-01
0.000000000000000000e+00
3.919776380062103271e-01
3.936731517314910889e-01
3.892095088958740234e-01
3.880922496318817139e-01
0.000000000000000000e+00
3.884926438331604004e-01
3.888758420944213867e-01
3.871611356735229492e-01
3.848763704299926758e-01
3.846713304519653320e-01
3.794741630554199219e-01
3.636230230331420898e-01
3.648995161056518555e-01
3.540683090686798096e-01
3.644056022167205811e-01
0.000000000000000000e+00
3.672672510147094727e-01
2.987197637557983398e-01
0.000000000000000000e+00
0.000000000000000000e+00
0.000000000000000000e+00
0.000000000000000000e+00
0.000000000000000000e+00
0.000000000000000000e+00
0.000000000000000000e+00
0.000000000000000000e+00
0.000000000000000000e+00
0.000000000000000000e+00
0.000000000000000000e+00
0.000000000000000000e+00
0.000000000000000000e+00
0.000000000000000000e+00
0.000000000000000000e+00
0.000000000000000000e+00
0.000000000000000000e+00
0.000000000000000000e+00
0.000000000000000000e+00
0.000000000000000000e+00
0.000000000000000000e+00
0.000000000000000000e+00
0.000000000000000000e+00
0.000000000000000000e+00
0.000000000000000000e+00
0.000000000000000000e+00
0.000000000000000000e+00
0.000000000000000000e+00
0.000000000000000000e+00
0.000000000000000000e+00
0.000000000000000000e+00
0.000000000000000000e+00
0.000000000000000000e+00
0.000000000000000000e+00
0.000000000000000000e+00
0.000000000000000000e+00
0.000000000000000000e+00
0.000000000000000000e+00
0.000000000000000000e+00
0.000000000000000000e+00
0.000000000000000000e+00
0.000000000000000000e+00
0.000000000000000000e+00
0.000000000000000000e+00
0.000000000000000000e+00
0.000000000000000000e+00
0.000000000000000000e+00
0.000000000000000000e+00
0.000000000000000000e+00
0.000000000000000000e+00
0.000000000000000000e+00
0.000000000000000000e+00
0.000000000000000000e+00
0.000000000000000000e+00
0.000000000000000000e+00
0.000000000000000000e+00
0.000000000000000000e+00
0.000000000000000000e+00
0.000000000000000000e+00
0.000000000000000000e+00
0.000000000000000000e+00
0.000000000000000000e+00
0.000000000000000000e+00
0.000000000000000000e+00
0.000000000000000000e+00
0.000000000000000000e+00
0.000000000000000000e+00
0.000000000000000000e+00
2.338260412216186523e-03
4.577696323394775391e-01
4.563522934913635254e-01
4.578258097171783447e-01
4.556837677955627441e-01
4.566010832786560059e-01
4.566525816917419434e-01
4.566525816917419434e-01
3.788068294525146484e-01
0.000000000000000000e+00
0.000000000000000000e+00
6.410688161849975586e-03
0.000000000000000000e+00
0.000000000000000000e+00
0.000000000000000000e+00
0.000000000000000000e+00
0.000000000000000000e+00
0.000000000000000000e+00
0.000000000000000000e+00
0.000000000000000000e+00
0.000000000000000000e+00
0.000000000000000000e+00
0.000000000000000000e+00
0.000000000000000000e+00
0.000000000000000000e+00
0.000000000000000000e+00
