4.098544716835021973e-01
4.029404819011688232e-01
4.029404819011688232e-01
4.020228087902069092e-01
4.029404819011688232e-01
4.029404819011688232e-01
4.029404819011688232e-01
4.029404819011688232e-01
4.029404819011688232e-01
4.029404819011688232e-01
4.029404819011688232e-01
4.029404819011688232e-01
4.029404819011688232e-01
4.029404819011688232e-01
4.029404819011688232e-01
4.029404819011688232e-01
4.029404819011688232e-01
4.029404819011688232e-01
4.029404819011688232e-01
4.029404819011688232e-01
4.029404819011688232e-01
4.029404819011688232e-01
4.029404819011688232e-01
4.029404819011688232e-01
4.029404819011688232e-01
4.029404819011688232e-01
4.029404819011688232e-01
4.061892628669738770e-01
3.946295678615570068e-01
0.000000000000000000e+00
0.000000000000000000e+00
0.000000000000000000e+00
0.000000000000000000e+00
0.000000000000000000e+00
0.000000000000000000e+00
4.022907018661499023e-01
0.000000000000000000e+00
0.000000000000000000e+00
4.007967412471771240e-01
4.029404819011688232e-01
4.029404819011688232e-01
4.029404819011688232e-01
4.029404819011688232e-01
4.029404819011688232e-01
4.029404819011688232e-01
4.029404819011688232e-01
4.029404819011688232e-01
4.029404819011688232e-01
4.029404819011688232e-01
4.029404819011688232e-01
4.029404819011688232e-01
4.029404819011688232e-01
4.029404819011688232e-01
4.029404819011688232e-01
4.029404819011688232e-01
0.000000000000000000e+00
0.000000000000000000e+00
0.000000000000000000e+00
0.000000000000000000e+00
4.026257991790771484e-01
4.026068747043609619e-01
4.027168452739715576e-01
4.027861356735229492e-01
4.027118682861328125e-01
4.026634693145751953e-01
4.028477072715759277e-01
4.026884138584136963e-01
4.024909734725952148e-01
4.024387598037719727e-01
3.803134858608245850e-01
4.029404819011688232e-01
3.821129798889160156e-01
3.974479138851165771e-01
4.029404819011688232e-01
4.029404819011688232e-01
4.029404819011688232e-01
4.029404819011688232e-01
4.029404819011688232e-01
4.029404819011688232e-01
4.029404819011688232e-01
4.029404819011688232e-01
4.029404819011688232e-01
4.029404819011688232e-01
4.029404819011688232e-01
4.029404819011688232e-01
4.029404819011688232e-01
4.029404819011688232e-01
4.029404819011688232e-01
4.029404819011688232e-01
4.029404819011688232e-01
4.022897183895111084e-01
4.025079607963562012e-01
4.024130702018737793e-01
0.000000000000000000e+00
0.000000000000000000e+00
0.000000000000000000e+00
4.024730324745178223e-01
3.990240395069122314e-01
2.353645861148834229e-01
3.964514434337615967e-01
4.027386307716369629e-01
3.868435025215148926e-01
4.029404819011688232e-01
4.029404819011688232e-01
4.029404819011688232e-01
4.029404819011688232e-01
4.029404819011688232e-01
4.023151993751525879e-01
4.029404819011688232e-01
4.029404819011688232e-01
0.000000000000000000e+00
0.000000000000000000e+00
4.029404819011688232e-01
4.029404819011688232e-01
4.029404819011688232e-01
4.029404819011688232e-01
4.029404819011688232e-01
4.029404819011688232e-01
4.023378491401672363e-01
0.000000000000000000e+00
3.946313261985778809e-01
3.961860239505767822e-01
4.029404819011688232e-01
4.029404819011688232e-01
4.029404819011688232e-01
4.029404819011688232e-01
4.029404819011688232e-01
4.029404819011688232e-01
4.029404819011688232e-01
4.029404819011688232e-01
4.029404819011688232e-01
4.029404819011688232e-01
4.029404819011688232e-01
4.029404819011688232e-01
4.029404819011688232e-01
4.029404819011688232e-01
4.029404819011688232e-01
4.029404819011688232e-01
4.029404819011688232e-01
4.029404819011688232e-01
4.029404819011688232e-01
4.029404819011688232e-01
4.029404819011688232e-01
4.029404819011688232e-01
4.029404819011688232e-01
4.029404819011688232e-01
4.029404819011688232e-01
4.029404819011688232e-01
4.029404819011688232e-01
4.029404819011688232e-01
4.029404819011688232e-01
4.029404819011688232e-01
4.029404819011688232e-01
4.029404819011688232e-01
4.029626846313476562e-01
4.029404819011688232e-01
4.029404819011688232e-01
4.029404819011688232e-01
4.029404819011688232e-01
4.029404819011688232e-01
4.029404819011688232e-01
4.029404819011688232e-01
4.029404819011688232e-01
4.029404819011688232e-01
4.029404819011688232e-01
4.029404819011688232e-01
4.029404819011688232e-01
4.029404819011688232e-01
4.029404819011688232e-01
4.029404819011688232e-01
4.029404819011688232e-01
4.029404819011688232e-01
4.029404819011688232e-01
4.029404819011688232e-01
4.029404819011688232e-01
4.029404819011688232e-01
4.029404819011688232e-01
4.029404819011688232e-01
4.029404819011688232e-01
4.029404819011688232e-01
4.029404819011688232e-01
4.029404819011688232e-01
4.029404819011688232e-01
4.029404819011688232e-01
4.029404819011688232e-01
4.029404819011688232e-01
4.029404819011688232e-01
4.029404819011688232e-01
4.029404819011688232e-01
4.029404819011688232e-01
4.029404819011688232e-01
4.029404819011688232e-01
4.029404819011688232e-01
4.029404819011688232e-01
4.029404819011688232e-01
4.029404819011688232e-01
4.029404819011688232e-01
4.029404819011688232e-01
4.029404819011688232e-01
4.029404819011688232e-01
4.029404819011688232e-01
4.029404819011688232e-01
4.029404819011688232e-01
4.029404819011688232e-01
4.029404819011688232e-01
4.029404819011688232e-01
4.029404819011688232e-01
4.029404819011688232e-01
4.029404819011688232e-01
4.029404819011688232e-01
4.029404819011688232e-01
4.029404819011688232e-01
4.029404819011688232e-01
4.029404819011688232e-01
4.029404819011688232e-01
4.029404819011688232e-01
4.029404819011688232e-01
4.029404819011688232e-01
4.029404819011688232e-01
4.029404819011688232e-01
4.029404819011688232e-01
4.029404819011688232e-01
4.029404819011688232e-01
4.029404819011688232e-01
4.029404819011688232e-01
4.029404819011688232e-01
4.029404819011688232e-01
4.029404819011688232e-01
4.029404819011688232e-01
4.029404819011688232e-01
4.029404819011688232e-01
4.029404819011688232e-01
4.029404819011688232e-01
4.029404819011688232e-01
4.029404819011688232e-01
4.029404819011688232e-01
4.029404819011688232e-01
4.029404819011688232e-01
4.029404819011688232e-01
4.029404819011688232e-01
4.029404819011688232e-01
4.029404819011688232e-01
4.029404819011688232e-01
4.029404819011688232e-01
4.029404819011688232e-01
4.029404819011688232e-01
4.018759131431579590e-01
4.029404819011688232e-01
4.029404819011688232e-01
4.029404819011688232e-01
4.029404819011688232e-01
4.029404819011688232e-01
4.029404819011688232e-01
4.029404819011688232e-01
4.029404819011688232e-01
4.029404819011688232e-01
4.029404819011688232e-01
4.029404819011688232e-01
4.029404819011688232e-01
4.029404819011688232e-01
4.029404819011688232e-01
3.988956511020660400e-01
4.029404819011688232e-01
4.029404819011688232e-01
4.029404819011688232e-01
4.029404819011688232e-01
4.029404819011688232e-01
4.029404819011688232e-01
4.029404819011688232e-01
4.029404819011688232e-01
4.029404819011688232e-01
4.029404819011688232e-01
4.029404819011688232e-01
4.029404819011688232e-01
4.029404819011688232e-01
4.029404819011688232e-01
4.029404819011688232e-01
4.029404819011688232e-01
4.029404819011688232e-01
4.029404819011688232e-01
4.029404819011688232e-01
4.029404819011688232e-01
4.029404819011688232e-01
4.029404819011688232e-01
4.029404819011688232e-01
4.029404819011688232e-01
4.029404819011688232e-01
4.029404819011688232e-01
4.029404819011688232e-01
4.029404819011688232e-01
4.029404819011688232e-01
4.029404819011688232e-01
4.029404819011688232e-01
4.029404819011688232e-01
4.029404819011688232e-01
4.029404819011688232e-01
4.029404819011688232e-01
4.024313390254974365e-01
4.029404819011688232e-01
4.029404819011688232e-01
4.023109972476959229e-01
4.029404819011688232e-01
4.029404819011688232e-01
4.029404819011688232e-01
4.029404819011688232e-01
4.029404819011688232e-01
4.029404819011688232e-01
4.028037190437316895e-01
4.029404819011688232e-01
4.029404819011688232e-01
4.023370146751403809e-01
4.020228087902069092e-01
4.020973742008209229e-01
4.029404819011688232e-01
4.026295244693756104e-01
4.029404819011688232e-01
4.021907746791839600e-01
4.029404819011688232e-01
4.020228087902069092e-01
4.029404819011688232e-01
4.029404819011688232e-01
4.020228087902069092e-01
4.020228087902069092e-01
4.020228087902069092e-01
4.018692076206207275e-01
4.016425013542175293e-01
4.020023643970489502e-01
4.025025963783264160e-01
4.027824401855468750e-01
4.029404819011688232e-01
4.027667045593261719e-01
4.024690389633178711e-01
4.024751484394073486e-01
4.024471640586853027e-01
4.024481773376464844e-01
4.026389122009277344e-01
4.009097218513488770e-01
4.019442498683929443e-01
4.020228087902069092e-01
4.017431735992431641e-01
4.023515284061431885e-01
4.021676778793334961e-01
4.024633765220642090e-01
4.024527072906494141e-01
4.020497500896453857e-01
4.024825692176818848e-01
4.022337496280670166e-01
4.021529555320739746e-01
4.027192592620849609e-01
4.024929404258728027e-01
4.028294384479522705e-01
4.029404819011688232e-01
4.029404819011688232e-01
4.029404819011688232e-01
4.029404819011688232e-01
4.029404819011688232e-01
4.029404819011688232e-01
4.029404819011688232e-01
4.029404819011688232e-01
4.029404819011688232e-01
4.029404819011688232e-01
4.029404819011688232e-01
4.029404819011688232e-01
4.029404819011688232e-01
4.029404819011688232e-01
4.029404819011688232e-01
4.028082787990570068e-01
4.027759730815887451e-01
4.027741551399230957e-01
4.029404819011688232e-01
4.029404819011688232e-01
4.029404819011688232e-01
4.029404819011688232e-01
0.000000000000000000e+00
4.027428925037384033e-01
0.000000000000000000e+00
4.029404819011688232e-01
4.029404819011688232e-01
4.029404819011688232e-01
4.029404819011688232e-01
4.029404819011688232e-01
4.029404819011688232e-01
4.029404819011688232e-01
4.029404819011688232e-01
4.029404819011688232e-01
4.027712345123291016e-01
4.029404819011688232e-01
4.029404819011688232e-01
4.029404819011688232e-01
4.029404819011688232e-01
4.029404819011688232e-01
4.029404819011688232e-01
4.029404819011688232e-01
4.029404819011688232e-01
4.029404819011688232e-01
4.029404819011688232e-01
4.029404819011688232e-01
4.029404819011688232e-01
4.029404819011688232e-01
4.029404819011688232e-01
4.029404819011688232e-01
4.029404819011688232e-01
4.029404819011688232e-01
4.029404819011688232e-01
4.029404819011688232e-01
4.029404819011688232e-01
4.029404819011688232e-01
4.029404819011688232e-01
4.029404819011688232e-01
4.029404819011688232e-01
4.029404819011688232e-01
4.029404819011688232e-01
4.029404819011688232e-01
4.029404819011688232e-01
4.029404819011688232e-01
4.029404819011688232e-01
4.029404819011688232e-01
4.029404819011688232e-01
4.029404819011688232e-01
4.029404819011688232e-01
4.029404819011688232e-01
4.029404819011688232e-01
4.029404819011688232e-01
4.029404819011688232e-01
4.029404819011688232e-01
4.029404819011688232e-01
4.029404819011688232e-01
4.029404819011688232e-01
4.029404819011688232e-01
4.029404819011688232e-01
4.029404819011688232e-01
4.029404819011688232e-01
4.029404819011688232e-01
4.029404819011688232e-01
4.029404819011688232e-01
4.029404819011688232e-01
4.029404819011688232e-01
4.029404819011688232e-01
4.029404819011688232e-01
4.029404819011688232e-01
4.029404819011688232e-01
4.029404819011688232e-01
4.029404819011688232e-01
4.029404819011688232e-01
4.029404819011688232e-01
4.029404819011688232e-01
4.029404819011688232e-01
4.029404819011688232e-01
4.029404819011688232e-01
4.029404819011688232e-01
4.029404819011688232e-01
4.029404819011688232e-01
4.029404819011688232e-01
4.029404819011688232e-01
4.029404819011688232e-01
4.029404819011688232e-01
4.029404819011688232e-01
4.029404819011688232e-01
4.029404819011688232e-01
4.029404819011688232e-01
4.029404819011688232e-01
4.029404819011688232e-01
4.029404819011688232e-01
4.029404819011688232e-01
4.029404819011688232e-01
4.029404819011688232e-01
4.029404819011688232e-01
4.029404819011688232e-01
4.029404819011688232e-01
4.029404819011688232e-01
4.029404819011688232e-01
4.029404819011688232e-01
4.029404819011688232e-01
4.029404819011688232e-01
4.029404819011688232e-01
4.029404819011688232e-01
4.029404819011688232e-01
4.029391407966613770e-01
4.029404819011688232e-01
4.029404819011688232e-01
4.029404819011688232e-01
4.029404819011688232e-01
4.020228087902069092e-01
4.029404819011688232e-01
4.029404819011688232e-01
4.029404819011688232e-01
4.029404819011688232e-01
4.029404819011688232e-01
4.029404819011688232e-01
4.029404819011688232e-01
4.029404819011688232e-01
4.029404819011688232e-01
4.029404819011688232e-01
4.029404819011688232e-01
4.029404819011688232e-01
4.029404819011688232e-01
4.029404819011688232e-01
4.029404819011688232e-01
4.029404819011688232e-01
4.029404819011688232e-01
4.029404819011688232e-01
4.029404819011688232e-01
4.025016427040100098e-01
0.000000000000000000e+00
4.025210440158843994e-01
4.024615585803985596e-01
4.024751186370849609e-01
4.029404819011688232e-01
4.029404819011688232e-01
0.000000000000000000e+00
4.019003510475158691e-01
4.029404819011688232e-01
4.029404819011688232e-01
4.029404819011688232e-01
4.029404819011688232e-01
4.029404819011688232e-01
4.029404819011688232e-01
4.029404819011688232e-01
4.029404819011688232e-01
4.029404819011688232e-01
4.029404819011688232e-01
4.029404819011688232e-01
4.029404819011688232e-01
4.029404819011688232e-01
4.029404819011688232e-01
4.029404819011688232e-01
4.029404819011688232e-01
4.029404819011688232e-01
4.029404819011688232e-01
4.029404819011688232e-01
4.029404819011688232e-01
4.029404819011688232e-01
4.029404819011688232e-01
4.029404819011688232e-01
4.029404819011688232e-01
4.029404819011688232e-01
4.029404819011688232e-01
4.029404819011688232e-01
4.029404819011688232e-01
4.029404819011688232e-01
4.029404819011688232e-01
4.029404819011688232e-01
4.029404819011688232e-01
4.029404819011688232e-01
4.029404819011688232e-01
4.029404819011688232e-01
4.029404819011688232e-01
4.029404819011688232e-01
4.029404819011688232e-01
4.029404819011688232e-01
4.029404819011688232e-01
4.029404819011688232e-01
4.029404819011688232e-01
4.029404819011688232e-01
4.029404819011688232e-01
4.029404819011688232e-01
4.029404819011688232e-01
4.029404819011688232e-01
4.029404819011688232e-01
4.029404819011688232e-01
4.029366970062255859e-01
4.022341370582580566e-01
4.020228087902069092e-01
4.020228087902069092e-01
4.020228087902069092e-01
4.020228087902069092e-01
4.020228087902069092e-01
4.020228087902069092e-01
4.020228087902069092e-01
4.020228087902069092e-01
4.020228087902069092e-01
4.020228087902069092e-01
4.020228087902069092e-01
4.020228087902069092e-01
4.020228087902069092e-01
4.020228087902069092e-01
4.020228087902069092e-01
4.020228087902069092e-01
4.029404819011688232e-01
4.020228087902069092e-01
4.029404819011688232e-01
4.013081192970275879e-01
4.021483063697814941e-01
4.024826288223266602e-01
4.022713899612426758e-01
4.023822546005249023e-01
4.029404819011688232e-01
4.029404819011688232e-01
4.024518728256225586e-01
4.029404819011688232e-01
4.025974273681640625e-01
4.022535979747772217e-01
4.022809863090515137e-01
4.024918675422668457e-01
4.026026427745819092e-01
4.024336934089660645e-01
4.024180769920349121e-01
4.023595452308654785e-01
4.017847776412963867e-01
0.000000000000000000e+00
4.029404819011688232e-01
0.000000000000000000e+00
4.029404819011688232e-01
4.029054641723632812e-01
4.029404819011688232e-01
4.029404819011688232e-01
4.025118350982666016e-01
4.026275873184204102e-01
4.028960764408111572e-01
4.028086662292480469e-01
4.026591777801513672e-01
4.027395844459533691e-01
4.027911424636840820e-01
4.029404819011688232e-01
4.029404819011688232e-01
3.979913294315338135e-01
0.000000000000000000e+00
0.000000000000000000e+00
4.026847481727600098e-01
0.000000000000000000e+00
4.026144444942474365e-01
4.029404819011688232e-01
4.029404819011688232e-01
4.029404819011688232e-01
4.029404819011688232e-01
4.029404819011688232e-01
4.029404819011688232e-01
4.029404819011688232e-01
4.029404819011688232e-01
4.029404819011688232e-01
4.029404819011688232e-01
4.029404819011688232e-01
3.896245360374450684e-01
4.029404819011688232e-01
4.029404819011688232e-01
4.029404819011688232e-01
4.029404819011688232e-01
4.029404819011688232e-01
4.029404819011688232e-01
4.029404819011688232e-01
4.029404819011688232e-01
4.029404819011688232e-01
4.029404819011688232e-01
4.029404819011688232e-01
4.029404819011688232e-01
4.029404819011688232e-01
4.029404819011688232e-01
4.029404819011688232e-01
4.029404819011688232e-01
4.029404819011688232e-01
4.029404819011688232e-01
4.029404819011688232e-01
4.029404819011688232e-01
4.029404819011688232e-01
4.029404819011688232e-01
4.029404819011688232e-01
4.029404819011688232e-01
4.029404819011688232e-01
4.029404819011688232e-01
4.029404819011688232e-01
4.029404819011688232e-01
4.022442996501922607e-01
4.029404819011688232e-01
4.029404819011688232e-01
4.029404819011688232e-01
4.029404819011688232e-01
4.029404819011688232e-01
4.029404819011688232e-01
4.029404819011688232e-01
4.029404819011688232e-01
4.029404819011688232e-01
4.029404819011688232e-01
4.029404819011688232e-01
4.029404819011688232e-01
4.029404819011688232e-01
4.029404819011688232e-01
4.029404819011688232e-01
4.029404819011688232e-01
4.029404819011688232e-01
4.029404819011688232e-01
4.029404819011688232e-01
4.029404819011688232e-01
4.029404819011688232e-01
4.029404819011688232e-01
4.029404819011688232e-01
4.029404819011688232e-01
4.029404819011688232e-01
4.029404819011688232e-01
4.026912748813629150e-01
4.029216766357421875e-01
4.028280079364776611e-01
4.029404819011688232e-01
4.029404819011688232e-01
4.029404819011688232e-01
4.029404819011688232e-01
4.029404819011688232e-01
4.029404819011688232e-01
4.029404819011688232e-01
4.029404819011688232e-01
4.029404819011688232e-01
4.029404819011688232e-01
4.029404819011688232e-01
4.029404819011688232e-01
4.029404819011688232e-01
4.029404819011688232e-01
4.029404819011688232e-01
4.029231071472167969e-01
4.027203023433685303e-01
4.027534127235412598e-01
4.027443826198577881e-01
4.027425050735473633e-01
4.027579426765441895e-01
4.028120040893554688e-01
4.028752744197845459e-01
4.029404819011688232e-01
4.029404819011688232e-01
4.026233255863189697e-01
4.026069641113281250e-01
4.028855562210083008e-01
4.025219082832336426e-01
4.026170969009399414e-01
4.029404819011688232e-01
4.029404819011688232e-01
4.029404819011688232e-01
4.029404819011688232e-01
4.029404819011688232e-01
4.029404819011688232e-01
4.029404819011688232e-01
4.029404819011688232e-01
4.029404819011688232e-01
4.029404819011688232e-01
4.029404819011688232e-01
4.029404819011688232e-01
4.029404819011688232e-01
4.029404819011688232e-01
4.029404819011688232e-01
4.029404819011688232e-01
4.029404819011688232e-01
4.029404819011688232e-01
4.029404819011688232e-01
4.029404819011688232e-01
4.029404819011688232e-01
4.029404819011688232e-01
4.029404819011688232e-01
4.029404819011688232e-01
4.029404819011688232e-01
4.029404819011688232e-01
4.029404819011688232e-01
4.029404819011688232e-01
4.029404819011688232e-01
4.029404819011688232e-01
4.029404819011688232e-01
4.029404819011688232e-01
4.029404819011688232e-01
4.029404819011688232e-01
4.029404819011688232e-01
4.029404819011688232e-01
4.029404819011688232e-01
4.029404819011688232e-01
4.029404819011688232e-01
4.029404819011688232e-01
4.029404819011688232e-01
4.029404819011688232e-01
4.029404819011688232e-01
4.029404819011688232e-01
4.029404819011688232e-01
4.029404819011688232e-01
4.029404819011688232e-01
4.029404819011688232e-01
4.029404819011688232e-01
4.029404819011688232e-01
4.029404819011688232e-01
4.029404819011688232e-01
4.029404819011688232e-01
4.029404819011688232e-01
4.029404819011688232e-01
4.029404819011688232e-01
4.029404819011688232e-01
4.029404819011688232e-01
4.029404819011688232e-01
4.029404819011688232e-01
4.029404819011688232e-01
4.029404819011688232e-01
4.029404819011688232e-01
4.029404819011688232e-01
4.029404819011688232e-01
4.029404819011688232e-01
4.029404819011688232e-01
4.029404819011688232e-01
4.029404819011688232e-01
4.029404819011688232e-01
4.029404819011688232e-01
4.029404819011688232e-01
4.029404819011688232e-01
4.029404819011688232e-01
4.029404819011688232e-01
4.029404819011688232e-01
4.029404819011688232e-01
4.029404819011688232e-01
4.029404819011688232e-01
4.029404819011688232e-01
4.029404819011688232e-01
4.029404819011688232e-01
4.029404819011688232e-01
4.029404819011688232e-01
0.000000000000000000e+00
0.000000000000000000e+00
4.029404819011688232e-01
4.029404819011688232e-01
4.029404819011688232e-01
4.029404819011688232e-01
4.029404819011688232e-01
4.029404819011688232e-01
4.029404819011688232e-01
4.029404819011688232e-01
4.029404819011688232e-01
4.029404819011688232e-01
4.029404819011688232e-01
4.029404819011688232e-01
4.029404819011688232e-01
4.029404819011688232e-01
4.029404819011688232e-01
4.029404819011688232e-01
4.029404819011688232e-01
4.029404819011688232e-01
4.029404819011688232e-01
4.029404819011688232e-01
4.029404819011688232e-01
4.029404819011688232e-01
4.029404819011688232e-01
4.029404819011688232e-01
4.029404819011688232e-01
4.029404819011688232e-01
4.029404819011688232e-01
4.029404819011688232e-01
4.029404819011688232e-01
4.029404819011688232e-01
4.029404819011688232e-01
4.029404819011688232e-01
4.029404819011688232e-01
4.029404819011688232e-01
4.029404819011688232e-01
4.029404819011688232e-01
4.029404819011688232e-01
4.029404819011688232e-01
4.029404819011688232e-01
4.029404819011688232e-01
4.029404819011688232e-01
4.029404819011688232e-01
4.029404819011688232e-01
4.029404819011688232e-01
4.029404819011688232e-01
4.029404819011688232e-01
4.029404819011688232e-01
4.029404819011688232e-01
4.029404819011688232e-01
4.029404819011688232e-01
4.029404819011688232e-01
4.029404819011688232e-01
4.029404819011688232e-01
4.029404819011688232e-01
4.029404819011688232e-01
4.029404819011688232e-01
4.029404819011688232e-01
4.029404819011688232e-01
4.029404819011688232e-01
4.029404819011688232e-01
4.029404819011688232e-01
4.029404819011688232e-01
4.029404819011688232e-01
4.029404819011688232e-01
4.029404819011688232e-01
4.029404819011688232e-01
4.029404819011688232e-01
4.029404819011688232e-01
4.029404819011688232e-01
4.029404819011688232e-01
4.029404819011688232e-01
4.029404819011688232e-01
4.029404819011688232e-01
4.029404819011688232e-01
4.029404819011688232e-01
4.029404819011688232e-01
4.029404819011688232e-01
4.029404819011688232e-01
4.029404819011688232e-01
4.029404819011688232e-01
4.029404819011688232e-01
4.029404819011688232e-01
4.029404819011688232e-01
4.029404819011688232e-01
4.029404819011688232e-01
4.029404819011688232e-01
4.029404819011688232e-01
4.029404819011688232e-01
4.029404819011688232e-01
4.029404819011688232e-01
4.029404819011688232e-01
4.029404819011688232e-01
4.029404819011688232e-01
4.029404819011688232e-01
4.029404819011688232e-01
4.029404819011688232e-01
4.029404819011688232e-01
4.029404819011688232e-01
4.029404819011688232e-01
4.029404819011688232e-01
4.029404819011688232e-01
4.029404819011688232e-01
4.029404819011688232e-01
4.029404819011688232e-01
4.029404819011688232e-01
4.029404819011688232e-01
4.029404819011688232e-01
4.029404819011688232e-01
4.029404819011688232e-01
4.029404819011688232e-01
4.029404819011688232e-01
4.029404819011688232e-01
4.029404819011688232e-01
4.029404819011688232e-01
4.029404819011688232e-01
4.029404819011688232e-01
4.029404819011688232e-01
4.029404819011688232e-01
4.029404819011688232e-01
4.029404819011688232e-01
4.029404819011688232e-01
4.029404819011688232e-01
4.029404819011688232e-01
4.029404819011688232e-01
4.029404819011688232e-01
4.029404819011688232e-01
4.029404819011688232e-01
4.029404819011688232e-01
4.029404819011688232e-01
4.029404819011688232e-01
4.029404819011688232e-01
4.029404819011688232e-01
4.029404819011688232e-01
4.029404819011688232e-01
4.029404819011688232e-01
4.029404819011688232e-01
4.029404819011688232e-01
4.029404819011688232e-01
4.029404819011688232e-01
4.029404819011688232e-01
4.029404819011688232e-01
4.029404819011688232e-01
4.029404819011688232e-01
4.029404819011688232e-01
4.029404819011688232e-01
4.029404819011688232e-01
4.029404819011688232e-01
4.029404819011688232e-01
4.026245772838592529e-01
4.029404819011688232e-01
4.029404819011688232e-01
4.029404819011688232e-01
4.029404819011688232e-01
4.029404819011688232e-01
4.029404819011688232e-01
4.029404819011688232e-01
4.029404819011688232e-01
4.029404819011688232e-01
4.029404819011688232e-01
4.029404819011688232e-01
4.029404819011688232e-01
4.029404819011688232e-01
4.029404819011688232e-01
4.012961089611053467e-01
4.029404819011688232e-01
4.029404819011688232e-01
4.029404819011688232e-01
4.029404819011688232e-01
4.029404819011688232e-01
4.029404819011688232e-01
4.029404819011688232e-01
4.029404819011688232e-01
4.029404819011688232e-01
4.029404819011688232e-01
4.029404819011688232e-01
4.029404819011688232e-01
4.029404819011688232e-01
4.029404819011688232e-01
4.029404819011688232e-01
4.029404819011688232e-01
4.029404819011688232e-01
4.029404819011688232e-01
4.029404819011688232e-01
4.029404819011688232e-01
4.029404819011688232e-01
4.029404819011688232e-01
4.029404819011688232e-01
4.029404819011688232e-01
4.029404819011688232e-01
4.029404819011688232e-01
4.029404819011688232e-01
4.029404819011688232e-01
4.029404819011688232e-01
4.029404819011688232e-01
4.029404819011688232e-01
4.029404819011688232e-01
4.029404819011688232e-01
4.029404819011688232e-01
4.029404819011688232e-01
4.029404819011688232e-01
4.029404819011688232e-01
4.029404819011688232e-01
4.029404819011688232e-01
4.028622508049011230e-01
4.022517502307891846e-01
4.023705124855041504e-01
4.029404819011688232e-01
4.029404819011688232e-01
4.029404819011688232e-01
4.029404819011688232e-01
4.029404819011688232e-01
4.029404819011688232e-01
4.029404819011688232e-01
4.029404819011688232e-01
4.029404819011688232e-01
4.029404819011688232e-01
4.029404819011688232e-01
4.029404819011688232e-01
4.029404819011688232e-01
4.029404819011688232e-01
4.029404819011688232e-01
4.029404819011688232e-01
4.029404819011688232e-01
4.029404819011688232e-01
4.029404819011688232e-01
4.029404819011688232e-01
4.029404819011688232e-01
4.029404819011688232e-01
4.029404819011688232e-01
4.029404819011688232e-01
4.029404819011688232e-01
4.029404819011688232e-01
4.029404819011688232e-01
4.029404819011688232e-01
4.029404819011688232e-01
4.029404819011688232e-01
4.029404819011688232e-01
4.029404819011688232e-01
4.029404819011688232e-01
4.029404819011688232e-01
4.029404819011688232e-01
4.029404819011688232e-01
4.029404819011688232e-01
4.029404819011688232e-01
4.029404819011688232e-01
4.029404819011688232e-01
4.029404819011688232e-01
4.029404819011688232e-01
4.029404819011688232e-01
4.029404819011688232e-01
4.029404819011688232e-01
4.029404819011688232e-01
4.029404819011688232e-01
4.029404819011688232e-01
4.029404819011688232e-01
4.029404819011688232e-01
4.029404819011688232e-01
4.029404819011688232e-01
4.029404819011688232e-01
4.029404819011688232e-01
4.029404819011688232e-01
4.029404819011688232e-01
4.029404819011688232e-01
4.029404819011688232e-01
4.029404819011688232e-01
4.029404819011688232e-01
4.029404819011688232e-01
4.029404819011688232e-01
4.029404819011688232e-01
4.029404819011688232e-01
4.029404819011688232e-01
4.029404819011688232e-01
4.029404819011688232e-01
4.029404819011688232e-01
4.029404819011688232e-01
4.029404819011688232e-01
4.029404819011688232e-01
4.029404819011688232e-01
4.029404819011688232e-01
4.029404819011688232e-01
4.029404819011688232e-01
4.029404819011688232e-01
4.029404819011688232e-01
4.029404819011688232e-01
4.029404819011688232e-01
4.029404819011688232e-01
4.029404819011688232e-01
4.029404819011688232e-01
4.029404819011688232e-01
4.029404819011688232e-01
4.029404819011688232e-01
4.029404819011688232e-01
4.029404819011688232e-01
4.029404819011688232e-01
4.029404819011688232e-01
4.029404819011688232e-01
4.029404819011688232e-01
4.029404819011688232e-01
4.029404819011688232e-01
4.029404819011688232e-01
4.029404819011688232e-01
4.029404819011688232e-01
4.029404819011688232e-01
4.029404819011688232e-01
4.029404819011688232e-01
4.029404819011688232e-01
4.029404819011688232e-01
4.029404819011688232e-01
4.029404819011688232e-01
4.029404819011688232e-01
4.029404819011688232e-01
4.029404819011688232e-01
4.029404819011688232e-01
4.029404819011688232e-01
4.029404819011688232e-01
4.029404819011688232e-01
4.029404819011688232e-01
4.029404819011688232e-01
4.029404819011688232e-01
4.029404819011688232e-01
4.029404819011688232e-01
4.029404819011688232e-01
4.029404819011688232e-01
4.029404819011688232e-01
4.029404819011688232e-01
4.029200077056884766e-01
4.029404819011688232e-01
4.029404819011688232e-01
4.029404819011688232e-01
4.029404819011688232e-01
4.029404819011688232e-01
4.029404819011688232e-01
4.029404819011688232e-01
4.029404819011688232e-01
4.029404819011688232e-01
4.029404819011688232e-01
4.029404819011688232e-01
4.029404819011688232e-01
4.029404819011688232e-01
4.029404819011688232e-01
4.029404819011688232e-01
4.029404819011688232e-01
4.029404819011688232e-01
4.029404819011688232e-01
4.029404819011688232e-01
4.029404819011688232e-01
4.029404819011688232e-01
4.029404819011688232e-01
4.029404819011688232e-01
4.029404819011688232e-01
4.029404819011688232e-01
4.029404819011688232e-01
4.029404819011688232e-01
4.029404819011688232e-01
4.029404819011688232e-01
4.029404819011688232e-01
4.029404819011688232e-01
4.029404819011688232e-01
4.029404819011688232e-01
4.029404819011688232e-01
4.029404819011688232e-01
4.029404819011688232e-01
4.029404819011688232e-01
4.029404819011688232e-01
4.029404819011688232e-01
4.029404819011688232e-01
4.029404819011688232e-01
4.029404819011688232e-01
4.029404819011688232e-01
4.029404819011688232e-01
4.029404819011688232e-01
4.029404819011688232e-01
4.029404819011688232e-01
4.029404819011688232e-01
4.029404819011688232e-01
4.029404819011688232e-01
4.029404819011688232e-01
4.029404819011688232e-01
4.029404819011688232e-01
4.029404819011688232e-01
4.029404819011688232e-01
4.029404819011688232e-01
4.029404819011688232e-01
4.029404819011688232e-01
4.029404819011688232e-01
4.029404819011688232e-01
4.029404819011688232e-01
4.029404819011688232e-01
4.029404819011688232e-01
4.029404819011688232e-01
4.029404819011688232e-01
4.029404819011688232e-01
4.029404819011688232e-01
4.029404819011688232e-01
4.029404819011688232e-01
4.029404819011688232e-01
4.029404819011688232e-01
4.029404819011688232e-01
4.029404819011688232e-01
4.029404819011688232e-01
4.029404819011688232e-01
4.029404819011688232e-01
4.029404819011688232e-01
4.029404819011688232e-01
4.029404819011688232e-01
4.029404819011688232e-01
4.029404819011688232e-01
4.029404819011688232e-01
4.029404819011688232e-01
4.029404819011688232e-01
4.029404819011688232e-01
4.029404819011688232e-01
4.029404819011688232e-01
4.029404819011688232e-01
4.029404819011688232e-01
4.029404819011688232e-01
4.029404819011688232e-01
4.029404819011688232e-01
4.029404819011688232e-01
4.029404819011688232e-01
4.029404819011688232e-01
4.029404819011688232e-01
4.029404819011688232e-01
4.029404819011688232e-01
4.029404819011688232e-01
4.029404819011688232e-01
4.029404819011688232e-01
4.029404819011688232e-01
4.029404819011688232e-01
4.029404819011688232e-01
4.029404819011688232e-01
4.029404819011688232e-01
4.029404819011688232e-01
4.029404819011688232e-01
4.029404819011688232e-01
4.029404819011688232e-01
4.029404819011688232e-01
4.029404819011688232e-01
4.029404819011688232e-01
4.029404819011688232e-01
4.029404819011688232e-01
4.029404819011688232e-01
4.029404819011688232e-01
4.029404819011688232e-01
4.029404819011688232e-01
4.029404819011688232e-01
4.029404819011688232e-01
4.029404819011688232e-01
4.029404819011688232e-01
4.029404819011688232e-01
4.029404819011688232e-01
4.029404819011688232e-01
4.029404819011688232e-01
4.029404819011688232e-01
4.029404819011688232e-01
4.029404819011688232e-01
4.029404819011688232e-01
4.029404819011688232e-01
4.029404819011688232e-01
4.029404819011688232e-01
4.029404819011688232e-01
4.029404819011688232e-01
4.029404819011688232e-01
4.029404819011688232e-01
4.029404819011688232e-01
4.029404819011688232e-01
4.029404819011688232e-01
4.029404819011688232e-01
4.029404819011688232e-01
4.029404819011688232e-01
4.029404819011688232e-01
4.029404819011688232e-01
4.029404819011688232e-01
4.029404819011688232e-01
4.029404819011688232e-01
4.029404819011688232e-01
4.029404819011688232e-01
4.029404819011688232e-01
4.029404819011688232e-01
4.029404819011688232e-01
4.029404819011688232e-01
4.029404819011688232e-01
4.029404819011688232e-01
4.029404819011688232e-01
4.029404819011688232e-01
4.029404819011688232e-01
4.029404819011688232e-01
4.029404819011688232e-01
4.029404819011688232e-01
4.029404819011688232e-01
4.029404819011688232e-01
4.029404819011688232e-01
4.029404819011688232e-01
4.029404819011688232e-01
4.029404819011688232e-01
4.029404819011688232e-01
0.000000000000000000e+00
4.029404819011688232e-01
4.029404819011688232e-01
4.025147557258605957e-01
4.029404819011688232e-01
4.029404819011688232e-01
0.000000000000000000e+00
4.029404819011688232e-01
4.029404819011688232e-01
4.029404819011688232e-01
4.029404819011688232e-01
4.029404819011688232e-01
4.029404819011688232e-01
4.029404819011688232e-01
4.029404819011688232e-01
4.029404819011688232e-01
4.029404819011688232e-01
4.029404819011688232e-01
4.029404819011688232e-01
4.029404819011688232e-01
4.029404819011688232e-01
4.029404819011688232e-01
4.029404819011688232e-01
4.029404819011688232e-01
4.029404819011688232e-01
4.029404819011688232e-01
4.029404819011688232e-01
4.029404819011688232e-01
4.029404819011688232e-01
4.029404819011688232e-01
4.029404819011688232e-01
4.029404819011688232e-01
4.029404819011688232e-01
4.029404819011688232e-01
4.029404819011688232e-01
4.029404819011688232e-01
4.029404819011688232e-01
4.029404819011688232e-01
4.029404819011688232e-01
4.029404819011688232e-01
4.029404819011688232e-01
4.029404819011688232e-01
4.029404819011688232e-01
4.029404819011688232e-01
4.029404819011688232e-01
4.029404819011688232e-01
4.029404819011688232e-01
4.029404819011688232e-01
4.029404819011688232e-01
4.029404819011688232e-01
4.029404819011688232e-01
4.029404819011688232e-01
4.029404819011688232e-01
4.029404819011688232e-01
4.029404819011688232e-01
4.029404819011688232e-01
4.029404819011688232e-01
4.029404819011688232e-01
4.029404819011688232e-01
4.029404819011688232e-01
4.029404819011688232e-01
4.029404819011688232e-01
4.029404819011688232e-01
4.029404819011688232e-01
4.029404819011688232e-01
4.029404819011688232e-01
4.029404819011688232e-01
4.029404819011688232e-01
4.029404819011688232e-01
4.029404819011688232e-01
4.029404819011688232e-01
4.029404819011688232e-01
4.029404819011688232e-01
4.029404819011688232e-01
4.029404819011688232e-01
4.029404819011688232e-01
4.029404819011688232e-01
4.029404819011688232e-01
4.029404819011688232e-01
4.029404819011688232e-01
4.029404819011688232e-01
4.029404819011688232e-01
4.029404819011688232e-01
4.029404819011688232e-01
4.029404819011688232e-01
4.029404819011688232e-01
4.029404819011688232e-01
4.029404819011688232e-01
4.029404819011688232e-01
4.029404819011688232e-01
4.029404819011688232e-01
4.029404819011688232e-01
4.029404819011688232e-01
4.029404819011688232e-01
4.029404819011688232e-01
4.029404819011688232e-01
4.029404819011688232e-01
4.029404819011688232e-01
4.029404819011688232e-01
4.029404819011688232e-01
4.029404819011688232e-01
4.029404819011688232e-01
4.029404819011688232e-01
4.029404819011688232e-01
4.029404819011688232e-01
4.029404819011688232e-01
4.029404819011688232e-01
4.029404819011688232e-01
4.029404819011688232e-01
4.029404819011688232e-01
4.029404819011688232e-01
4.029404819011688232e-01
4.029404819011688232e-01
4.029404819011688232e-01
4.029404819011688232e-01
4.029404819011688232e-01
4.029404819011688232e-01
4.029404819011688232e-01
4.029404819011688232e-01
4.029404819011688232e-01
4.029404819011688232e-01
4.029404819011688232e-01
4.029404819011688232e-01
4.029404819011688232e-01
4.029404819011688232e-01
4.029404819011688232e-01
4.029404819011688232e-01
4.029404819011688232e-01
4.029404819011688232e-01
4.029404819011688232e-01
4.029404819011688232e-01
4.029404819011688232e-01
4.029404819011688232e-01
4.029404819011688232e-01
4.029404819011688232e-01
4.029404819011688232e-01
4.029404819011688232e-01
4.029404819011688232e-01
4.029404819011688232e-01
4.029404819011688232e-01
4.029404819011688232e-01
4.029404819011688232e-01
4.029404819011688232e-01
4.029404819011688232e-01
4.029404819011688232e-01
4.029404819011688232e-01
4.029404819011688232e-01
4.029404819011688232e-01
4.029404819011688232e-01
4.029404819011688232e-01
4.029404819011688232e-01
4.029404819011688232e-01
4.029404819011688232e-01
4.029404819011688232e-01
4.029404819011688232e-01
4.029404819011688232e-01
4.029404819011688232e-01
4.029404819011688232e-01
4.029404819011688232e-01
4.029404819011688232e-01
4.029404819011688232e-01
4.029404819011688232e-01
4.029404819011688232e-01
4.029404819011688232e-01
4.029404819011688232e-01
4.029404819011688232e-01
4.029404819011688232e-01
4.029404819011688232e-01
4.029404819011688232e-01
4.029404819011688232e-01
4.029404819011688232e-01
4.029404819011688232e-01
4.029404819011688232e-01
4.029404819011688232e-01
4.029404819011688232e-01
4.029404819011688232e-01
4.029404819011688232e-01
4.029404819011688232e-01
4.029404819011688232e-01
4.029404819011688232e-01
4.029404819011688232e-01
4.029404819011688232e-01
4.029404819011688232e-01
4.029404819011688232e-01
4.029404819011688232e-01
4.029404819011688232e-01
4.029404819011688232e-01
4.029404819011688232e-01
4.029404819011688232e-01
4.029404819011688232e-01
4.029404819011688232e-01
4.029404819011688232e-01
4.029404819011688232e-01
4.029404819011688232e-01
4.029404819011688232e-01
4.029404819011688232e-01
4.029404819011688232e-01
4.029404819011688232e-01
4.024298787117004395e-01
4.020228087902069092e-01
4.020228087902069092e-01
4.020228087902069092e-01
4.029404819011688232e-01
4.029404819011688232e-01
4.029404819011688232e-01
4.029404819011688232e-01
4.029404819011688232e-01
4.029404819011688232e-01
4.029404819011688232e-01
4.029404819011688232e-01
4.029404819011688232e-01
4.029404819011688232e-01
4.029404819011688232e-01
4.029404819011688232e-01
4.029404819011688232e-01
4.029404819011688232e-01
4.029404819011688232e-01
4.029404819011688232e-01
4.029404819011688232e-01
4.029404819011688232e-01
4.029404819011688232e-01
4.029404819011688232e-01
4.029404819011688232e-01
4.029404819011688232e-01
4.029404819011688232e-01
4.029404819011688232e-01
4.029404819011688232e-01
4.029404819011688232e-01
4.029404819011688232e-01
4.029404819011688232e-01
4.029404819011688232e-01
4.029404819011688232e-01
4.029404819011688232e-01
4.029404819011688232e-01
4.029404819011688232e-01
4.029404819011688232e-01
4.029404819011688232e-01
4.029404819011688232e-01
4.029404819011688232e-01
4.029404819011688232e-01
4.029404819011688232e-01
4.029404819011688232e-01
4.029404819011688232e-01
4.029404819011688232e-01
4.029404819011688232e-01
4.029404819011688232e-01
4.029404819011688232e-01
4.029404819011688232e-01
4.029404819011688232e-01
4.029404819011688232e-01
4.029404819011688232e-01
4.029404819011688232e-01
4.029404819011688232e-01
4.029404819011688232e-01
4.029404819011688232e-01
4.029404819011688232e-01
4.029404819011688232e-01
4.029404819011688232e-01
4.029404819011688232e-01
4.029404819011688232e-01
4.029404819011688232e-01
4.029404819011688232e-01
4.029404819011688232e-01
4.029404819011688232e-01
4.029404819011688232e-01
4.029404819011688232e-01
4.029404819011688232e-01
4.029404819011688232e-01
4.029404819011688232e-01
4.029404819011688232e-01
4.029404819011688232e-01
4.029404819011688232e-01
4.029404819011688232e-01
4.029404819011688232e-01
4.029404819011688232e-01
4.029404819011688232e-01
4.029404819011688232e-01
4.029404819011688232e-01
4.029404819011688232e-01
4.029404819011688232e-01
4.029404819011688232e-01
4.029404819011688232e-01
4.029404819011688232e-01
4.029404819011688232e-01
4.029404819011688232e-01
4.029404819011688232e-01
4.029404819011688232e-01
4.029404819011688232e-01
4.029404819011688232e-01
4.029404819011688232e-01
4.029404819011688232e-01
4.029404819011688232e-01
4.029404819011688232e-01
4.029404819011688232e-01
4.029404819011688232e-01
4.029404819011688232e-01
4.029404819011688232e-01
4.029404819011688232e-01
4.029404819011688232e-01
4.029404819011688232e-01
4.029404819011688232e-01
4.029404819011688232e-01
4.029404819011688232e-01
4.029404819011688232e-01
4.029404819011688232e-01
4.029404819011688232e-01
4.029404819011688232e-01
4.029404819011688232e-01
4.029404819011688232e-01
4.029404819011688232e-01
4.029404819011688232e-01
4.029404819011688232e-01
4.029404819011688232e-01
4.029404819011688232e-01
4.029404819011688232e-01
4.029404819011688232e-01
4.029404819011688232e-01
4.029404819011688232e-01
4.029404819011688232e-01
4.029404819011688232e-01
4.029404819011688232e-01
4.029404819011688232e-01
4.029404819011688232e-01
4.029404819011688232e-01
4.029404819011688232e-01
4.029404819011688232e-01
4.029404819011688232e-01
4.029404819011688232e-01
4.029404819011688232e-01
4.029404819011688232e-01
4.029404819011688232e-01
4.029404819011688232e-01
4.029404819011688232e-01
4.029404819011688232e-01
4.029404819011688232e-01
4.029404819011688232e-01
4.029404819011688232e-01
4.029404819011688232e-01
4.029404819011688232e-01
4.029404819011688232e-01
4.029404819011688232e-01
4.029404819011688232e-01
4.029404819011688232e-01
4.029404819011688232e-01
4.029404819011688232e-01
4.029404819011688232e-01
4.029404819011688232e-01
4.029404819011688232e-01
4.029404819011688232e-01
4.029404819011688232e-01
4.029404819011688232e-01
4.029404819011688232e-01
4.029404819011688232e-01
4.029404819011688232e-01
4.029404819011688232e-01
4.029404819011688232e-01
4.029404819011688232e-01
4.029404819011688232e-01
4.029404819011688232e-01
4.029404819011688232e-01
4.029404819011688232e-01
4.029404819011688232e-01
4.029404819011688232e-01
4.029404819011688232e-01
4.029404819011688232e-01
4.029404819011688232e-01
4.029404819011688232e-01
4.029404819011688232e-01
4.029404819011688232e-01
4.028368592262268066e-01
4.029404819011688232e-01
4.023478329181671143e-01
4.029404819011688232e-01
4.029404819011688232e-01
4.029404819011688232e-01
4.029404819011688232e-01
4.029404819011688232e-01
4.029404819011688232e-01
4.029404819011688232e-01
4.029404819011688232e-01
4.029404819011688232e-01
4.029404819011688232e-01
4.029404819011688232e-01
4.029404819011688232e-01
4.029404819011688232e-01
4.029404819011688232e-01
4.029404819011688232e-01
4.029404819011688232e-01
4.029404819011688232e-01
4.029404819011688232e-01
4.029404819011688232e-01
4.029404819011688232e-01
4.029404819011688232e-01
4.029404819011688232e-01
4.029404819011688232e-01
4.029404819011688232e-01
4.029404819011688232e-01
4.029404819011688232e-01
4.029404819011688232e-01
4.029404819011688232e-01
4.029404819011688232e-01
4.029404819011688232e-01
4.029404819011688232e-01
4.029404819011688232e-01
4.029404819011688232e-01
4.029404819011688232e-01
4.029404819011688232e-01
4.029404819011688232e-01
4.029404819011688232e-01
4.029404819011688232e-01
4.029404819011688232e-01
4.029404819011688232e-01
4.029404819011688232e-01
4.029404819011688232e-01
4.029404819011688232e-01
4.029404819011688232e-01
4.029404819011688232e-01
4.029404819011688232e-01
4.029404819011688232e-01
4.029404819011688232e-01
4.029404819011688232e-01
4.029404819011688232e-01
4.029404819011688232e-01
4.029404819011688232e-01
4.029404819011688232e-01
4.029404819011688232e-01
4.029404819011688232e-01
4.029404819011688232e-01
4.029404819011688232e-01
4.029404819011688232e-01
4.029404819011688232e-01
4.029404819011688232e-01
4.029404819011688232e-01
4.029404819011688232e-01
4.029404819011688232e-01
4.029404819011688232e-01
4.029404819011688232e-01
4.029404819011688232e-01
4.029404819011688232e-01
4.029404819011688232e-01
4.029404819011688232e-01
4.029404819011688232e-01
4.029404819011688232e-01
4.029404819011688232e-01
4.029404819011688232e-01
4.029404819011688232e-01
4.029404819011688232e-01
4.029404819011688232e-01
4.029404819011688232e-01
4.029404819011688232e-01
4.029404819011688232e-01
4.029404819011688232e-01
4.029404819011688232e-01
4.029404819011688232e-01
4.029404819011688232e-01
4.029404819011688232e-01
4.029404819011688232e-01
4.029404819011688232e-01
4.029404819011688232e-01
4.029404819011688232e-01
4.029404819011688232e-01
4.029404819011688232e-01
4.029404819011688232e-01
4.029404819011688232e-01
4.029404819011688232e-01
4.029404819011688232e-01
4.029404819011688232e-01
4.029404819011688232e-01
4.029404819011688232e-01
4.029404819011688232e-01
4.029404819011688232e-01
4.029404819011688232e-01
4.029404819011688232e-01
4.029404819011688232e-01
4.029404819011688232e-01
4.029404819011688232e-01
4.029404819011688232e-01
4.029404819011688232e-01
4.029404819011688232e-01
4.029404819011688232e-01
4.029404819011688232e-01
4.029404819011688232e-01
4.029404819011688232e-01
4.029404819011688232e-01
4.029404819011688232e-01
4.029404819011688232e-01
4.029404819011688232e-01
4.029404819011688232e-01
4.029404819011688232e-01
4.029404819011688232e-01
4.029404819011688232e-01
4.029404819011688232e-01
4.029404819011688232e-01
4.029404819011688232e-01
4.029404819011688232e-01
4.029404819011688232e-01
4.029404819011688232e-01
4.029404819011688232e-01
4.029404819011688232e-01
4.029404819011688232e-01
4.029404819011688232e-01
4.029404819011688232e-01
4.029404819011688232e-01
4.029404819011688232e-01
4.029404819011688232e-01
4.029404819011688232e-01
4.029404819011688232e-01
4.029404819011688232e-01
4.029404819011688232e-01
4.029404819011688232e-01
4.029404819011688232e-01
4.029404819011688232e-01
4.029404819011688232e-01
4.029404819011688232e-01
4.029404819011688232e-01
4.029404819011688232e-01
4.029404819011688232e-01
4.029404819011688232e-01
4.029404819011688232e-01
4.029404819011688232e-01
4.029404819011688232e-01
4.029404819011688232e-01
4.029404819011688232e-01
4.029404819011688232e-01
4.029404819011688232e-01
4.029404819011688232e-01
4.029404819011688232e-01
4.029404819011688232e-01
4.029404819011688232e-01
4.029404819011688232e-01
4.029404819011688232e-01
4.029404819011688232e-01
4.029404819011688232e-01
4.029404819011688232e-01
4.029404819011688232e-01
4.029404819011688232e-01
4.029404819011688232e-01
4.029404819011688232e-01
4.029404819011688232e-01
4.029404819011688232e-01
4.029404819011688232e-01
4.029404819011688232e-01
4.029404819011688232e-01
4.029404819011688232e-01
4.029404819011688232e-01
4.029404819011688232e-01
4.029404819011688232e-01
4.029404819011688232e-01
4.029404819011688232e-01
4.029404819011688232e-01
4.029404819011688232e-01
4.029404819011688232e-01
4.029404819011688232e-01
4.029404819011688232e-01
4.029404819011688232e-01
4.029404819011688232e-01
4.029404819011688232e-01
4.029404819011688232e-01
4.029404819011688232e-01
4.029404819011688232e-01
4.029404819011688232e-01
4.029404819011688232e-01
4.029404819011688232e-01
4.029404819011688232e-01
4.029404819011688232e-01
4.029404819011688232e-01
4.029404819011688232e-01
4.029404819011688232e-01
4.029404819011688232e-01
4.029404819011688232e-01
4.029404819011688232e-01
4.029404819011688232e-01
4.029404819011688232e-01
4.029404819011688232e-01
4.029404819011688232e-01
4.029404819011688232e-01
4.029404819011688232e-01
4.029404819011688232e-01
4.029404819011688232e-01
4.029404819011688232e-01
4.029404819011688232e-01
4.029404819011688232e-01
4.029404819011688232e-01
4.029404819011688232e-01
4.029404819011688232e-01
4.029404819011688232e-01
4.029404819011688232e-01
4.029404819011688232e-01
4.029404819011688232e-01
4.029404819011688232e-01
4.029404819011688232e-01
4.029404819011688232e-01
4.029404819011688232e-01
4.029404819011688232e-01
4.029404819011688232e-01
4.029404819011688232e-01
4.029404819011688232e-01
4.029404819011688232e-01
4.029404819011688232e-01
4.029404819011688232e-01
4.029404819011688232e-01
4.029404819011688232e-01
4.029404819011688232e-01
4.029404819011688232e-01
4.029404819011688232e-01
4.029404819011688232e-01
4.029404819011688232e-01
4.029404819011688232e-01
4.029404819011688232e-01
4.029404819011688232e-01
4.029404819011688232e-01
4.029404819011688232e-01
4.029404819011688232e-01
4.029404819011688232e-01
4.029404819011688232e-01
4.029404819011688232e-01
4.029404819011688232e-01
4.029404819011688232e-01
4.029404819011688232e-01
4.029404819011688232e-01
4.029404819011688232e-01
4.029404819011688232e-01
4.029404819011688232e-01
4.029404819011688232e-01
4.029404819011688232e-01
4.029404819011688232e-01
4.029404819011688232e-01
4.029404819011688232e-01
4.029404819011688232e-01
4.029404819011688232e-01
4.029404819011688232e-01
4.029404819011688232e-01
4.029404819011688232e-01
4.029404819011688232e-01
4.029404819011688232e-01
4.029404819011688232e-01
4.029404819011688232e-01
4.029404819011688232e-01
4.029404819011688232e-01
4.029404819011688232e-01
4.029404819011688232e-01
4.029404819011688232e-01
4.029404819011688232e-01
4.029404819011688232e-01
4.029404819011688232e-01
4.029404819011688232e-01
4.029404819011688232e-01
4.029404819011688232e-01
4.029404819011688232e-01
4.029404819011688232e-01
4.029404819011688232e-01
4.029404819011688232e-01
4.029404819011688232e-01
4.029404819011688232e-01
4.029404819011688232e-01
4.029404819011688232e-01
4.029404819011688232e-01
4.029404819011688232e-01
4.029404819011688232e-01
4.029404819011688232e-01
4.029404819011688232e-01
4.029404819011688232e-01
4.029404819011688232e-01
4.029404819011688232e-01
4.029404819011688232e-01
4.029404819011688232e-01
4.029404819011688232e-01
4.029404819011688232e-01
4.029404819011688232e-01
4.029404819011688232e-01
4.029404819011688232e-01
4.029404819011688232e-01
4.029404819011688232e-01
4.029404819011688232e-01
4.029404819011688232e-01
4.029404819011688232e-01
4.029404819011688232e-01
4.029404819011688232e-01
4.029404819011688232e-01
4.029404819011688232e-01
4.029404819011688232e-01
4.029404819011688232e-01
4.029404819011688232e-01
4.029404819011688232e-01
4.029404819011688232e-01
4.029404819011688232e-01
4.029404819011688232e-01
4.029404819011688232e-01
4.029404819011688232e-01
4.029404819011688232e-01
4.029404819011688232e-01
4.029404819011688232e-01
4.029404819011688232e-01
4.029404819011688232e-01
4.029404819011688232e-01
4.029404819011688232e-01
4.029404819011688232e-01
4.029404819011688232e-01
4.029404819011688232e-01
4.029404819011688232e-01
4.029404819011688232e-01
4.029404819011688232e-01
4.029404819011688232e-01
4.028769433498382568e-01
4.029404819011688232e-01
4.029404819011688232e-01
4.029404819011688232e-01
4.029404819011688232e-01
4.029404819011688232e-01
4.029404819011688232e-01
4.029404819011688232e-01
4.029404819011688232e-01
4.029404819011688232e-01
4.029404819011688232e-01
4.029404819011688232e-01
4.029404819011688232e-01
4.029404819011688232e-01
4.029404819011688232e-01
4.029404819011688232e-01
4.029404819011688232e-01
4.029404819011688232e-01
4.029404819011688232e-01
4.029404819011688232e-01
4.029404819011688232e-01
4.029404819011688232e-01
4.029404819011688232e-01
4.029404819011688232e-01
4.029404819011688232e-01
4.029404819011688232e-01
4.029404819011688232e-01
4.029404819011688232e-01
4.029404819011688232e-01
4.029404819011688232e-01
4.029404819011688232e-01
4.029404819011688232e-01
4.029404819011688232e-01
4.029404819011688232e-01
4.029404819011688232e-01
4.029404819011688232e-01
4.029404819011688232e-01
4.029404819011688232e-01
4.029404819011688232e-01
4.029404819011688232e-01
4.029404819011688232e-01
4.029404819011688232e-01
4.029404819011688232e-01
4.029404819011688232e-01
4.029404819011688232e-01
4.029404819011688232e-01
4.029404819011688232e-01
4.029404819011688232e-01
4.029404819011688232e-01
4.029404819011688232e-01
4.029404819011688232e-01
4.029404819011688232e-01
4.029404819011688232e-01
4.029404819011688232e-01
4.029404819011688232e-01
4.029404819011688232e-01
4.029404819011688232e-01
4.029404819011688232e-01
4.029404819011688232e-01
4.029404819011688232e-01
4.029404819011688232e-01
4.029404819011688232e-01
4.029404819011688232e-01
4.029404819011688232e-01
4.029404819011688232e-01
4.029404819011688232e-01
4.029404819011688232e-01
4.029404819011688232e-01
4.029404819011688232e-01
4.029404819011688232e-01
4.029404819011688232e-01
4.029404819011688232e-01
4.029404819011688232e-01
4.029404819011688232e-01
4.029404819011688232e-01
4.029404819011688232e-01
4.025354385375976562e-01
4.029404819011688232e-01
4.029404819011688232e-01
4.170025885105133057e-01
3.998978435993194580e-01
3.967501223087310791e-01
4.029404819011688232e-01
4.029404819011688232e-01
4.029404819011688232e-01
4.029404819011688232e-01
4.029404819011688232e-01
4.029404819011688232e-01
4.029404819011688232e-01
4.029404819011688232e-01
4.029404819011688232e-01
4.029404819011688232e-01
4.029404819011688232e-01
4.029404819011688232e-01
4.029404819011688232e-01
4.029404819011688232e-01
4.029404819011688232e-01
4.029404819011688232e-01
4.029404819011688232e-01
4.029404819011688232e-01
4.029404819011688232e-01
4.029404819011688232e-01
4.029404819011688232e-01
4.029404819011688232e-01
4.029404819011688232e-01
4.029404819011688232e-01
4.029404819011688232e-01
4.029404819011688232e-01
4.029404819011688232e-01
4.029404819011688232e-01
4.029404819011688232e-01
4.029404819011688232e-01
4.029404819011688232e-01
4.029404819011688232e-01
4.029404819011688232e-01
4.029404819011688232e-01
4.029404819011688232e-01
4.029404819011688232e-01
4.029404819011688232e-01
4.029404819011688232e-01
4.029404819011688232e-01
4.029404819011688232e-01
4.029404819011688232e-01
4.029404819011688232e-01
4.029404819011688232e-01
4.029404819011688232e-01
4.029404819011688232e-01
4.029404819011688232e-01
4.029404819011688232e-01
4.029404819011688232e-01
4.029404819011688232e-01
4.029404819011688232e-01
4.029404819011688232e-01
4.029404819011688232e-01
4.029404819011688232e-01
4.029404819011688232e-01
4.029404819011688232e-01
4.029404819011688232e-01
4.029404819011688232e-01
4.029404819011688232e-01
4.029404819011688232e-01
4.029404819011688232e-01
4.029404819011688232e-01
4.029404819011688232e-01
4.029404819011688232e-01
4.029404819011688232e-01
4.029404819011688232e-01
4.029404819011688232e-01
4.029404819011688232e-01
4.029404819011688232e-01
4.029404819011688232e-01
4.029404819011688232e-01
4.029404819011688232e-01
4.029404819011688232e-01
4.029404819011688232e-01
4.029404819011688232e-01
4.029404819011688232e-01
4.029404819011688232e-01
4.029404819011688232e-01
4.029404819011688232e-01
4.029404819011688232e-01
4.029404819011688232e-01
4.029404819011688232e-01
4.029404819011688232e-01
4.029404819011688232e-01
4.029404819011688232e-01
4.029404819011688232e-01
4.029404819011688232e-01
4.029404819011688232e-01
4.029404819011688232e-01
4.029404819011688232e-01
4.029404819011688232e-01
4.029404819011688232e-01
4.029404819011688232e-01
4.029404819011688232e-01
4.029404819011688232e-01
4.029404819011688232e-01
4.029404819011688232e-01
4.029404819011688232e-01
4.029404819011688232e-01
4.029404819011688232e-01
4.029404819011688232e-01
4.029404819011688232e-01
4.029404819011688232e-01
4.029404819011688232e-01
4.029404819011688232e-01
4.029404819011688232e-01
4.029404819011688232e-01
3.994155228137969971e-01
4.029404819011688232e-01
4.029404819011688232e-01
4.007614552974700928e-01
3.954782485961914062e-01
3.950883448123931885e-01
4.029404819011688232e-01
4.029404819011688232e-01
4.029404819011688232e-01
4.029404819011688232e-01
4.029404819011688232e-01
4.029404819011688232e-01
4.029404819011688232e-01
4.029404819011688232e-01
4.029404819011688232e-01
4.029404819011688232e-01
4.029404819011688232e-01
4.029404819011688232e-01
4.029404819011688232e-01
4.029404819011688232e-01
4.029404819011688232e-01
4.029404819011688232e-01
4.029404819011688232e-01
4.029404819011688232e-01
4.029404819011688232e-01
4.029404819011688232e-01
4.029404819011688232e-01
4.029404819011688232e-01
4.029404819011688232e-01
4.029404819011688232e-01
4.029404819011688232e-01
4.029404819011688232e-01
4.029404819011688232e-01
4.029404819011688232e-01
4.029404819011688232e-01
4.029404819011688232e-01
4.029404819011688232e-01
4.029404819011688232e-01
4.029404819011688232e-01
4.029404819011688232e-01
4.029404819011688232e-01
4.029404819011688232e-01
4.029404819011688232e-01
4.029404819011688232e-01
4.029404819011688232e-01
4.029404819011688232e-01
4.029404819011688232e-01
4.029404819011688232e-01
4.029404819011688232e-01
4.029404819011688232e-01
4.029404819011688232e-01
4.029404819011688232e-01
4.029404819011688232e-01
4.029404819011688232e-01
4.029404819011688232e-01
4.029404819011688232e-01
4.029404819011688232e-01
4.029404819011688232e-01
4.029404819011688232e-01
4.029404819011688232e-01
4.029404819011688232e-01
4.029404819011688232e-01
4.029404819011688232e-01
4.029404819011688232e-01
4.029404819011688232e-01
4.029404819011688232e-01
4.029404819011688232e-01
4.029404819011688232e-01
4.029404819011688232e-01
4.029404819011688232e-01
4.029404819011688232e-01
4.029404819011688232e-01
4.029404819011688232e-01
4.029404819011688232e-01
4.029404819011688232e-01
4.029404819011688232e-01
4.029404819011688232e-01
4.029404819011688232e-01
4.029404819011688232e-01
4.029404819011688232e-01
4.029404819011688232e-01
4.029404819011688232e-01
4.029404819011688232e-01
4.029404819011688232e-01
4.029404819011688232e-01
4.029404819011688232e-01
4.029404819011688232e-01
4.029404819011688232e-01
4.029404819011688232e-01
4.029404819011688232e-01
4.029404819011688232e-01
4.029404819011688232e-01
4.029404819011688232e-01
4.029404819011688232e-01
4.029404819011688232e-01
4.029404819011688232e-01
4.029404819011688232e-01
4.029404819011688232e-01
4.028509855270385742e-01
4.026251137256622314e-01
4.029404819011688232e-01
4.026393294334411621e-01
4.029404819011688232e-01
4.029404819011688232e-01
4.029404819011688232e-01
4.027866721153259277e-01
4.029404819011688232e-01
4.029404819011688232e-01
4.029404819011688232e-01
4.021741151809692383e-01
4.029404819011688232e-01
4.029404819011688232e-01
3.919469714164733887e-01
4.029404819011688232e-01
4.025110602378845215e-01
4.029404819011688232e-01
4.029404819011688232e-01
4.029404819011688232e-01
4.029404819011688232e-01
4.029404819011688232e-01
4.029404819011688232e-01
4.029404819011688232e-01
4.029404819011688232e-01
4.029404819011688232e-01
4.029404819011688232e-01
4.029404819011688232e-01
4.029404819011688232e-01
4.029404819011688232e-01
4.029404819011688232e-01
4.029404819011688232e-01
4.029404819011688232e-01
4.029404819011688232e-01
4.029404819011688232e-01
4.029404819011688232e-01
4.029404819011688232e-01
4.029404819011688232e-01
4.029404819011688232e-01
4.029404819011688232e-01
4.029404819011688232e-01
4.029404819011688232e-01
4.029404819011688232e-01
4.029404819011688232e-01
4.029404819011688232e-01
4.029404819011688232e-01
4.029404819011688232e-01
4.029404819011688232e-01
4.029404819011688232e-01
4.029404819011688232e-01
4.029404819011688232e-01
