0.000000000000000000e+00
4.632098376750946045e-01
4.632098376750946045e-01
4.632098376750946045e-01
4.632098376750946045e-01
4.632098376750946045e-01
4.632098376750946045e-01
4.632098376750946045e-01
4.632098376750946045e-01
4.632098376750946045e-01
4.632098376750946045e-01
4.632098376750946045e-01
4.632098376750946045e-01
4.632098376750946045e-01
4.632098376750946045e-01
4.632098376750946045e-01
4.632098376750946045e-01
4.632098376750946045e-01
4.632098376750946045e-01
4.632098376750946045e-01
4.632098376750946045e-01
4.632098376750946045e-01
4.632098376750946045e-01
4.632098376750946045e-01
4.632098376750946045e-01
4.632098376750946045e-01
4.632098376750946045e-01
4.632098376750946045e-01
4.632098376750946045e-01
4.632098376750946045e-01
4.632098376750946045e-01
4.632098376750946045e-01
4.632098376750946045e-01
4.632098376750946045e-01
4.632098376750946045e-01
4.632098376750946045e-01
4.632098376750946045e-01
4.632098376750946045e-01
4.632098376750946045e-01
4.632098376750946045e-01
4.632098376750946045e-01
4.632098376750946045e-01
4.632098376750946045e-01
4.632098376750946045e-01
4.632098376750946045e-01
4.632098376750946045e-01
4.632098376750946045e-01
4.632098376750946045e-01
4.632098376750946045e-01
4.632098376750946045e-01
4.632098376750946045e-01
4.632098376750946045e-01
4.632098376750946045e-01
4.632098376750946045e-01
4.632098376750946045e-01
4.632098376750946045e-01
4.632098376750946045e-01
4.632098376750946045e-01
0.000000000000000000e+00
4.632098376750946045e-01
4.632098376750946045e-01
4.632098376750946045e-01
4.632098376750946045e-01
4.632098376750946045e-01
4.632098376750946045e-01
4.632098376750946045e-01
4.632098376750946045e-01
4.632098376750946045e-01
4.632098376750946045e-01
4.632098376750946045e-01
4.632098376750946045e-01
4.632098376750946045e-01
4.632098376750946045e-01
4.632098376750946045e-01
4.632098376750946045e-01
4.632098376750946045e-01
0.000000000000000000e+00
4.632098376750946045e-01
4.998077750205993652e-01
4.632098376750946045e-01
4.632098376750946045e-01
4.632098376750946045e-01
4.632098376750946045e-01
4.632098376750946045e-01
4.632098376750946045e-01
4.632098376750946045e-01
4.632098376750946045e-01
4.632098376750946045e-01
4.632098376750946045e-01
4.632098376750946045e-01
4.632098376750946045e-01
4.632098376750946045e-01
4.632098376750946045e-01
4.632098376750946045e-01
4.632098376750946045e-01
4.632098376750946045e-01
4.632098376750946045e-01
4.632098376750946045e-01
4.632098376750946045e-01
4.632098376750946045e-01
4.632098376750946045e-01
4.632098376750946045e-01
4.632098376750946045e-01
4.632098376750946045e-01
4.632098376750946045e-01
4.632098376750946045e-01
4.632098376750946045e-01
4.632098376750946045e-01
4.632098376750946045e-01
4.632098376750946045e-01
4.632098376750946045e-01
4.632098376750946045e-01
4.632098376750946045e-01
4.632098376750946045e-01
4.632098376750946045e-01
4.632098376750946045e-01
4.632098376750946045e-01
4.632098376750946045e-01
4.632098376750946045e-01
4.632098376750946045e-01
4.632098376750946045e-01
4.632098376750946045e-01
4.632098376750946045e-01
4.632098376750946045e-01
4.632098376750946045e-01
4.632098376750946045e-01
4.632098376750946045e-01
4.632098376750946045e-01
4.632098376750946045e-01
4.632098376750946045e-01
4.632098376750946045e-01
4.632098376750946045e-01
4.632098376750946045e-01
4.632098376750946045e-01
4.632098376750946045e-01
4.632098376750946045e-01
4.632098376750946045e-01
4.632098376750946045e-01
4.632098376750946045e-01
4.632098376750946045e-01
4.632098376750946045e-01
4.632098376750946045e-01
4.632098376750946045e-01
4.632098376750946045e-01
4.632098376750946045e-01
4.843375086784362793e-01
4.632098376750946045e-01
4.632098376750946045e-01
4.632098376750946045e-01
4.632098376750946045e-01
4.632098376750946045e-01
4.632098376750946045e-01
4.632098376750946045e-01
4.632098376750946045e-01
4.632098376750946045e-01
4.632098376750946045e-01
4.632098376750946045e-01
4.632098376750946045e-01
4.632098376750946045e-01
4.632098376750946045e-01
4.632098376750946045e-01
4.632098376750946045e-01
4.632098376750946045e-01
4.632098376750946045e-01
4.632098376750946045e-01
4.632098376750946045e-01
4.632098376750946045e-01
4.632098376750946045e-01
4.632098376750946045e-01
4.632098376750946045e-01
4.632098376750946045e-01
4.632098376750946045e-01
4.632098376750946045e-01
4.632098376750946045e-01
4.632098376750946045e-01
4.632098376750946045e-01
4.632098376750946045e-01
4.632098376750946045e-01
4.632098376750946045e-01
4.632098376750946045e-01
4.632098376750946045e-01
4.632098376750946045e-01
4.632098376750946045e-01
4.632098376750946045e-01
4.632098376750946045e-01
4.632098376750946045e-01
4.632098376750946045e-01
4.632098376750946045e-01
4.632098376750946045e-01
4.632098376750946045e-01
4.632098376750946045e-01
4.632098376750946045e-01
4.632098376750946045e-01
4.632098376750946045e-01
4.632098376750946045e-01
4.632098376750946045e-01
4.632098376750946045e-01
4.632098376750946045e-01
4.632098376750946045e-01
4.632098376750946045e-01
4.632098376750946045e-01
4.632098376750946045e-01
4.632098376750946045e-01
4.632098376750946045e-01
4.632098376750946045e-01
4.632098376750946045e-01
4.632098376750946045e-01
4.632098376750946045e-01
4.632098376750946045e-01
4.632098376750946045e-01
4.632098376750946045e-01
4.632098376750946045e-01
4.632098376750946045e-01
4.632098376750946045e-01
4.632098376750946045e-01
4.632098376750946045e-01
4.632098376750946045e-01
4.632098376750946045e-01
4.632098376750946045e-01
4.632098376750946045e-01
4.632098376750946045e-01
4.632098376750946045e-01
4.632098376750946045e-01
4.632098376750946045e-01
4.632098376750946045e-01
4.632098376750946045e-01
4.632098376750946045e-01
4.632098376750946045e-01
4.632098376750946045e-01
4.632098376750946045e-01
4.632098376750946045e-01
4.632098376750946045e-01
4.632098376750946045e-01
4.632098376750946045e-01
4.632098376750946045e-01
4.632098376750946045e-01
4.632098376750946045e-01
4.632098376750946045e-01
4.632098376750946045e-01
4.632098376750946045e-01
4.632098376750946045e-01
4.632098376750946045e-01
4.632098376750946045e-01
4.632098376750946045e-01
4.632098376750946045e-01
4.632098376750946045e-01
4.632098376750946045e-01
4.632098376750946045e-01
4.632098376750946045e-01
4.632098376750946045e-01
4.632098376750946045e-01
4.632098376750946045e-01
4.632098376750946045e-01
4.632098376750946045e-01
4.632098376750946045e-01
4.632098376750946045e-01
4.632098376750946045e-01
4.632098376750946045e-01
4.632098376750946045e-01
4.632098376750946045e-01
4.632098376750946045e-01
4.632098376750946045e-01
4.632098376750946045e-01
4.632098376750946045e-01
4.632098376750946045e-01
4.632098376750946045e-01
4.632098376750946045e-01
4.632098376750946045e-01
4.632098376750946045e-01
4.632098376750946045e-01
4.632098376750946045e-01
0.000000000000000000e+00
4.632098376750946045e-01
4.632098376750946045e-01
4.632098376750946045e-01
4.632098376750946045e-01
4.632098376750946045e-01
4.632098376750946045e-01
4.632098376750946045e-01
4.632098376750946045e-01
4.632098376750946045e-01
4.632098376750946045e-01
4.632098376750946045e-01
0.000000000000000000e+00
4.632098376750946045e-01
4.632098376750946045e-01
4.632098376750946045e-01
4.632098376750946045e-01
4.632098376750946045e-01
4.632098376750946045e-01
0.000000000000000000e+00
4.632098376750946045e-01
4.632098376750946045e-01
4.632098376750946045e-01
4.632098376750946045e-01
4.632098376750946045e-01
4.632098376750946045e-01
4.632098376750946045e-01
4.632098376750946045e-01
4.632098376750946045e-01
4.632098376750946045e-01
4.632098376750946045e-01
4.632098376750946045e-01
4.632098376750946045e-01
4.632098376750946045e-01
4.632098376750946045e-01
4.632098376750946045e-01
4.632098376750946045e-01
4.632098376750946045e-01
4.632098376750946045e-01
4.632098376750946045e-01
4.632098376750946045e-01
4.632098376750946045e-01
4.632098376750946045e-01
4.632098376750946045e-01
4.632098376750946045e-01
4.632098376750946045e-01
4.632098376750946045e-01
4.632098376750946045e-01
4.632098376750946045e-01
4.632098376750946045e-01
4.632098376750946045e-01
4.632098376750946045e-01
4.632098376750946045e-01
4.632098376750946045e-01
4.632098376750946045e-01
4.632098376750946045e-01
4.632098376750946045e-01
4.632098376750946045e-01
4.632098376750946045e-01
4.632098376750946045e-01
4.632098376750946045e-01
4.632098376750946045e-01
4.632098376750946045e-01
4.632098376750946045e-01
0.000000000000000000e+00
4.632098376750946045e-01
4.632098376750946045e-01
4.632098376750946045e-01
4.632098376750946045e-01
4.632098376750946045e-01
4.632098376750946045e-01
4.632098376750946045e-01
4.632098376750946045e-01
4.632098376750946045e-01
4.632098376750946045e-01
4.632098376750946045e-01
4.632098376750946045e-01
4.632098376750946045e-01
4.632098376750946045e-01
4.632098376750946045e-01
4.632098376750946045e-01
4.632098376750946045e-01
4.632098376750946045e-01
4.632098376750946045e-01
4.632098376750946045e-01
4.632098376750946045e-01
4.632098376750946045e-01
4.632098376750946045e-01
4.632098376750946045e-01
4.632098376750946045e-01
4.632098376750946045e-01
4.632098376750946045e-01
4.632098376750946045e-01
4.632098376750946045e-01
4.632098376750946045e-01
4.632098376750946045e-01
4.632098376750946045e-01
4.632098376750946045e-01
4.632098376750946045e-01
4.632098376750946045e-01
4.632098376750946045e-01
4.632098376750946045e-01
4.632098376750946045e-01
4.632098376750946045e-01
4.632098376750946045e-01
4.632098376750946045e-01
4.632098376750946045e-01
4.632098376750946045e-01
5.084860920906066895e-01
4.632098376750946045e-01
4.632098376750946045e-01
0.000000000000000000e+00
4.632096886634826660e-01
4.632098376750946045e-01
4.632098376750946045e-01
4.632098376750946045e-01
4.632098376750946045e-01
4.632098376750946045e-01
4.632098376750946045e-01
4.632098376750946045e-01
4.632098376750946045e-01
4.629460871219635010e-01
4.632098376750946045e-01
4.632098376750946045e-01
4.632098376750946045e-01
4.632098376750946045e-01
4.632098376750946045e-01
4.632098376750946045e-01
4.632098376750946045e-01
0.000000000000000000e+00
0.000000000000000000e+00
4.608381986618041992e-01
4.614562094211578369e-01
4.632098376750946045e-01
4.632098376750946045e-01
4.632098376750946045e-01
4.632098376750946045e-01
4.632098376750946045e-01
0.000000000000000000e+00
4.743847846984863281e-01
4.632098376750946045e-01
4.632098376750946045e-01
4.632098376750946045e-01
4.632098376750946045e-01
4.632098376750946045e-01
4.632098376750946045e-01
4.632098376750946045e-01
4.632098376750946045e-01
4.632098376750946045e-01
4.632098376750946045e-01
4.632098376750946045e-01
4.632098376750946045e-01
4.632098376750946045e-01
4.632098376750946045e-01
4.632098376750946045e-01
4.632098376750946045e-01
4.632098376750946045e-01
4.632098376750946045e-01
4.632098376750946045e-01
4.632098376750946045e-01
4.632098376750946045e-01
4.632098376750946045e-01
4.632098376750946045e-01
4.632098376750946045e-01
4.632098376750946045e-01
4.632098376750946045e-01
4.632098376750946045e-01
4.632098376750946045e-01
4.632098376750946045e-01
4.632098376750946045e-01
4.632098376750946045e-01
4.632098376750946045e-01
4.632098376750946045e-01
4.632098376750946045e-01
4.632098376750946045e-01
4.632098376750946045e-01
4.632098376750946045e-01
4.632098376750946045e-01
4.632098376750946045e-01
4.632098376750946045e-01
4.632098376750946045e-01
4.632098376750946045e-01
4.632098376750946045e-01
4.632098376750946045e-01
4.632098376750946045e-01
4.632098376750946045e-01
4.632098376750946045e-01
4.632098376750946045e-01
4.632098376750946045e-01
4.632098376750946045e-01
4.632098376750946045e-01
4.632098376750946045e-01
4.632098376750946045e-01
4.632098376750946045e-01
4.632098376750946045e-01
4.632098376750946045e-01
4.632098376750946045e-01
4.632098376750946045e-01
4.632098376750946045e-01
4.632098376750946045e-01
4.632098376750946045e-01
4.632098376750946045e-01
4.632098376750946045e-01
4.632098376750946045e-01
4.632098376750946045e-01
4.632098376750946045e-01
4.632098376750946045e-01
4.632098376750946045e-01
4.632098376750946045e-01
4.632098376750946045e-01
4.632098376750946045e-01
4.632098376750946045e-01
4.632098376750946045e-01
4.632098376750946045e-01
4.632098376750946045e-01
4.632098376750946045e-01
4.632098376750946045e-01
4.632098376750946045e-01
4.777853190898895264e-01
4.632098376750946045e-01
4.632098376750946045e-01
4.632098376750946045e-01
4.632098376750946045e-01
4.632098376750946045e-01
4.632098376750946045e-01
4.632098376750946045e-01
4.632098376750946045e-01
4.632098376750946045e-01
4.632098376750946045e-01
4.632098376750946045e-01
4.632098376750946045e-01
4.632098376750946045e-01
4.632098376750946045e-01
4.632098376750946045e-01
4.632098376750946045e-01
4.632098376750946045e-01
4.632098376750946045e-01
4.632098376750946045e-01
4.632098376750946045e-01
4.632098376750946045e-01
4.632098376750946045e-01
4.632098376750946045e-01
4.632098376750946045e-01
4.632098376750946045e-01
4.632098376750946045e-01
4.632098376750946045e-01
4.632098376750946045e-01
4.632098376750946045e-01
4.632098376750946045e-01
4.632098376750946045e-01
4.632098376750946045e-01
4.632098376750946045e-01
4.632098376750946045e-01
4.632098376750946045e-01
4.632098376750946045e-01
4.632098376750946045e-01
4.632098376750946045e-01
4.632098376750946045e-01
4.632098376750946045e-01
4.632098376750946045e-01
4.632098376750946045e-01
4.632098376750946045e-01
4.632098376750946045e-01
4.632098376750946045e-01
4.632098376750946045e-01
4.632098376750946045e-01
4.632098376750946045e-01
4.632098376750946045e-01
4.632098376750946045e-01
4.632098376750946045e-01
4.632098376750946045e-01
4.632098376750946045e-01
4.632098376750946045e-01
4.632098376750946045e-01
4.632098376750946045e-01
4.632098376750946045e-01
4.632098376750946045e-01
4.632098376750946045e-01
4.632098376750946045e-01
4.632098376750946045e-01
4.632098376750946045e-01
4.632098376750946045e-01
4.632098376750946045e-01
4.632098376750946045e-01
4.632098376750946045e-01
4.632098376750946045e-01
4.632098376750946045e-01
4.632098376750946045e-01
0.000000000000000000e+00
4.632098376750946045e-01
4.632098376750946045e-01
4.632098376750946045e-01
4.632098376750946045e-01
4.632098376750946045e-01
4.632098376750946045e-01
4.632098376750946045e-01
4.632098376750946045e-01
4.632098376750946045e-01
4.632098376750946045e-01
4.632098376750946045e-01
4.632098376750946045e-01
4.632098376750946045e-01
4.632098376750946045e-01
4.632098376750946045e-01
4.632098376750946045e-01
4.632098376750946045e-01
0.000000000000000000e+00
4.632098376750946045e-01
4.632098376750946045e-01
4.632098376750946045e-01
4.632098376750946045e-01
4.632098376750946045e-01
4.632098376750946045e-01
4.632098376750946045e-01
4.632098376750946045e-01
4.632098376750946045e-01
4.632098376750946045e-01
4.632098376750946045e-01
4.632098376750946045e-01
4.632098376750946045e-01
4.632098376750946045e-01
4.632098376750946045e-01
4.632098376750946045e-01
4.632098376750946045e-01
4.632098376750946045e-01
4.632098376750946045e-01
4.632098376750946045e-01
4.632098376750946045e-01
4.632098376750946045e-01
4.632098376750946045e-01
4.632098376750946045e-01
4.632098376750946045e-01
4.632098376750946045e-01
4.632098376750946045e-01
4.632098376750946045e-01
4.632098376750946045e-01
4.632098376750946045e-01
4.632098376750946045e-01
4.632098376750946045e-01
0.000000000000000000e+00
0.000000000000000000e+00
4.632098376750946045e-01
4.632098376750946045e-01
4.632098376750946045e-01
4.632098376750946045e-01
4.632098376750946045e-01
4.632098376750946045e-01
4.632098376750946045e-01
4.632098376750946045e-01
4.632098376750946045e-01
4.632098376750946045e-01
4.632098376750946045e-01
4.632098376750946045e-01
0.000000000000000000e+00
4.632098376750946045e-01
4.632098376750946045e-01
4.632098376750946045e-01
4.632098376750946045e-01
4.632098376750946045e-01
4.632098376750946045e-01
4.632098376750946045e-01
4.632098376750946045e-01
4.632098376750946045e-01
4.632098376750946045e-01
4.632098376750946045e-01
4.755737781524658203e-01
4.632098376750946045e-01
4.632098376750946045e-01
4.632098376750946045e-01
4.632098376750946045e-01
4.632098376750946045e-01
4.632098376750946045e-01
4.632098376750946045e-01
0.000000000000000000e+00
4.632098376750946045e-01
4.632098376750946045e-01
4.632098376750946045e-01
4.632098376750946045e-01
4.632098376750946045e-01
4.632098376750946045e-01
4.632098376750946045e-01
4.632098376750946045e-01
4.632098376750946045e-01
4.632098376750946045e-01
4.632098376750946045e-01
4.632098376750946045e-01
4.632098376750946045e-01
4.632098376750946045e-01
4.632098376750946045e-01
4.632098376750946045e-01
4.632098376750946045e-01
4.632098376750946045e-01
4.632098376750946045e-01
4.632098376750946045e-01
4.632098376750946045e-01
4.632098376750946045e-01
4.632098376750946045e-01
4.632098376750946045e-01
4.632098376750946045e-01
4.632098376750946045e-01
4.632098376750946045e-01
4.632098376750946045e-01
4.632098376750946045e-01
4.632098376750946045e-01
4.632098376750946045e-01
4.632098376750946045e-01
4.632098376750946045e-01
4.632098376750946045e-01
4.632098376750946045e-01
4.632098376750946045e-01
4.632098376750946045e-01
4.632098376750946045e-01
4.632098376750946045e-01
4.632098376750946045e-01
4.632098376750946045e-01
4.632098376750946045e-01
4.632098376750946045e-01
4.632098376750946045e-01
4.632098376750946045e-01
4.632098376750946045e-01
4.632098376750946045e-01
0.000000000000000000e+00
4.632098376750946045e-01
4.632098376750946045e-01
0.000000000000000000e+00
0.000000000000000000e+00
4.632098376750946045e-01
4.632098376750946045e-01
0.000000000000000000e+00
0.000000000000000000e+00
0.000000000000000000e+00
4.632098376750946045e-01
0.000000000000000000e+00
4.632098376750946045e-01
0.000000000000000000e+00
4.632098376750946045e-01
0.000000000000000000e+00
4.632098376750946045e-01
0.000000000000000000e+00
0.000000000000000000e+00
0.000000000000000000e+00
0.000000000000000000e+00
4.632098376750946045e-01
0.000000000000000000e+00
0.000000000000000000e+00
0.000000000000000000e+00
0.000000000000000000e+00
0.000000000000000000e+00
0.000000000000000000e+00
0.000000000000000000e+00
4.632098376750946045e-01
0.000000000000000000e+00
0.000000000000000000e+00
0.000000000000000000e+00
0.000000000000000000e+00
0.000000000000000000e+00
0.000000000000000000e+00
4.632098376750946045e-01
4.632098376750946045e-01
0.000000000000000000e+00
0.000000000000000000e+00
0.000000000000000000e+00
0.000000000000000000e+00
4.632098376750946045e-01
4.632098376750946045e-01
0.000000000000000000e+00
4.632098376750946045e-01
4.632098376750946045e-01
4.632098376750946045e-01
4.632098376750946045e-01
4.632098376750946045e-01
4.632098376750946045e-01
4.632098376750946045e-01
4.632098376750946045e-01
4.632098376750946045e-01
4.632098376750946045e-01
4.632098376750946045e-01
4.632098376750946045e-01
4.632098376750946045e-01
4.632098376750946045e-01
4.632098376750946045e-01
4.632098376750946045e-01
4.632098376750946045e-01
4.632098376750946045e-01
4.632098376750946045e-01
4.632098376750946045e-01
4.632098376750946045e-01
4.632098376750946045e-01
4.632098376750946045e-01
4.632098376750946045e-01
4.632098376750946045e-01
4.632098376750946045e-01
4.632098376750946045e-01
4.632098376750946045e-01
4.632098376750946045e-01
4.632098376750946045e-01
4.632098376750946045e-01
4.632098376750946045e-01
4.632098376750946045e-01
4.632098376750946045e-01
4.632098376750946045e-01
4.632098376750946045e-01
4.632098376750946045e-01
4.632098376750946045e-01
4.632098376750946045e-01
4.632098376750946045e-01
4.632098376750946045e-01
4.632098376750946045e-01
4.632098376750946045e-01
4.632098376750946045e-01
4.632098376750946045e-01
4.632098376750946045e-01
4.632098376750946045e-01
4.632098376750946045e-01
4.632098376750946045e-01
4.632098376750946045e-01
4.632098376750946045e-01
4.632098376750946045e-01
4.632098376750946045e-01
4.632098376750946045e-01
4.632098376750946045e-01
4.632098376750946045e-01
4.632098376750946045e-01
4.632098376750946045e-01
4.632098376750946045e-01
4.632098376750946045e-01
4.632098376750946045e-01
4.632098376750946045e-01
4.632098376750946045e-01
4.632098376750946045e-01
4.632098376750946045e-01
4.632098376750946045e-01
4.632098376750946045e-01
4.632098376750946045e-01
4.632098376750946045e-01
0.000000000000000000e+00
0.000000000000000000e+00
0.000000000000000000e+00
4.962611794471740723e-01
0.000000000000000000e+00
4.632098376750946045e-01
4.632098376750946045e-01
4.632098376750946045e-01
4.632098376750946045e-01
4.632098376750946045e-01
4.632098376750946045e-01
4.632098376750946045e-01
4.632098376750946045e-01
0.000000000000000000e+00
0.000000000000000000e+00
4.632098376750946045e-01
4.632098376750946045e-01
4.632098376750946045e-01
4.632098376750946045e-01
4.632098376750946045e-01
4.632098376750946045e-01
4.632098376750946045e-01
4.632098376750946045e-01
4.632098376750946045e-01
4.632098376750946045e-01
4.632098376750946045e-01
4.632098376750946045e-01
4.632098376750946045e-01
4.632098376750946045e-01
4.632098376750946045e-01
4.632098376750946045e-01
4.632098376750946045e-01
4.632098376750946045e-01
4.632098376750946045e-01
4.632098376750946045e-01
4.632098376750946045e-01
4.632098376750946045e-01
4.632098376750946045e-01
4.632098376750946045e-01
4.632098376750946045e-01
4.632098376750946045e-01
4.632098376750946045e-01
4.632098376750946045e-01
4.632098376750946045e-01
4.632098376750946045e-01
4.632098376750946045e-01
4.632098376750946045e-01
4.632098376750946045e-01
4.632098376750946045e-01
4.632098376750946045e-01
4.632098376750946045e-01
4.632098376750946045e-01
0.000000000000000000e+00
4.632098376750946045e-01
4.632098376750946045e-01
4.632098376750946045e-01
4.632098376750946045e-01
4.632098376750946045e-01
4.632098376750946045e-01
4.632098376750946045e-01
4.632098376750946045e-01
4.632098376750946045e-01
4.632098376750946045e-01
4.632098376750946045e-01
4.632098376750946045e-01
4.632098376750946045e-01
4.632098376750946045e-01
4.679301679134368896e-01
4.632098376750946045e-01
4.632098376750946045e-01
4.632098376750946045e-01
4.632098376750946045e-01
4.632098376750946045e-01
4.632098376750946045e-01
4.632098376750946045e-01
4.632098376750946045e-01
4.632098376750946045e-01
4.632098376750946045e-01
4.632098376750946045e-01
4.632098376750946045e-01
4.632098376750946045e-01
4.632098376750946045e-01
4.632098376750946045e-01
4.632098376750946045e-01
4.632098376750946045e-01
4.632098376750946045e-01
4.632098376750946045e-01
4.632098376750946045e-01
4.632098376750946045e-01
4.632098376750946045e-01
4.632098376750946045e-01
4.632098376750946045e-01
4.632098376750946045e-01
4.632098376750946045e-01
4.632098376750946045e-01
4.632098376750946045e-01
4.632098376750946045e-01
4.632098376750946045e-01
4.632098376750946045e-01
4.632098376750946045e-01
4.632098376750946045e-01
4.632098376750946045e-01
4.632098376750946045e-01
4.632098376750946045e-01
4.632098376750946045e-01
4.632098376750946045e-01
4.632098376750946045e-01
4.632098376750946045e-01
4.632098376750946045e-01
4.632098376750946045e-01
4.632098376750946045e-01
4.632098376750946045e-01
4.632098376750946045e-01
4.632098376750946045e-01
4.632098376750946045e-01
4.632098376750946045e-01
4.632098376750946045e-01
4.632098376750946045e-01
4.632098376750946045e-01
4.632098376750946045e-01
4.632098376750946045e-01
4.632098376750946045e-01
4.632098376750946045e-01
4.632098376750946045e-01
4.632098376750946045e-01
4.632098376750946045e-01
4.632098376750946045e-01
4.632098376750946045e-01
4.632098376750946045e-01
4.632098376750946045e-01
4.632098376750946045e-01
4.632098376750946045e-01
4.632098376750946045e-01
4.632098376750946045e-01
4.632098376750946045e-01
4.632098376750946045e-01
4.632098376750946045e-01
4.632098376750946045e-01
4.632098376750946045e-01
4.632098376750946045e-01
4.632098376750946045e-01
4.632098376750946045e-01
4.632098376750946045e-01
4.632098376750946045e-01
4.632098376750946045e-01
4.632098376750946045e-01
4.632098376750946045e-01
4.632098376750946045e-01
4.632098376750946045e-01
4.632098376750946045e-01
4.632098376750946045e-01
4.632098376750946045e-01
4.632098376750946045e-01
4.632098376750946045e-01
4.632098376750946045e-01
4.632098376750946045e-01
4.632098376750946045e-01
4.632098376750946045e-01
4.632098376750946045e-01
4.632098376750946045e-01
4.632098376750946045e-01
4.632098376750946045e-01
4.632098376750946045e-01
4.632098376750946045e-01
4.632098376750946045e-01
4.632098376750946045e-01
4.632098376750946045e-01
4.632098376750946045e-01
4.632098376750946045e-01
4.632098376750946045e-01
4.632098376750946045e-01
4.632098376750946045e-01
4.632098376750946045e-01
4.632098376750946045e-01
4.632098376750946045e-01
4.632098376750946045e-01
4.632098376750946045e-01
4.632098376750946045e-01
4.632098376750946045e-01
4.632098376750946045e-01
4.632098376750946045e-01
4.632098376750946045e-01
4.632098376750946045e-01
4.632098376750946045e-01
4.632098376750946045e-01
4.632098376750946045e-01
4.632098376750946045e-01
4.632098376750946045e-01
4.632098376750946045e-01
4.632098376750946045e-01
4.632098376750946045e-01
4.632098376750946045e-01
4.632098376750946045e-01
4.632098376750946045e-01
4.632098376750946045e-01
4.632098376750946045e-01
4.632098376750946045e-01
4.632098376750946045e-01
4.632098376750946045e-01
4.632098376750946045e-01
4.632098376750946045e-01
4.632098376750946045e-01
4.632098376750946045e-01
4.632098376750946045e-01
4.632098376750946045e-01
4.632098376750946045e-01
4.632098376750946045e-01
4.632098376750946045e-01
4.632098376750946045e-01
4.632098376750946045e-01
4.632098376750946045e-01
4.632098376750946045e-01
4.632098376750946045e-01
4.632098376750946045e-01
4.632098376750946045e-01
4.632098376750946045e-01
4.632098376750946045e-01
4.632098376750946045e-01
4.632098376750946045e-01
4.632098376750946045e-01
4.632098376750946045e-01
4.632098376750946045e-01
4.632098376750946045e-01
4.632098376750946045e-01
4.632098376750946045e-01
4.632098376750946045e-01
4.632098376750946045e-01
4.632098376750946045e-01
4.632098376750946045e-01
4.632098376750946045e-01
4.632098376750946045e-01
4.632098376750946045e-01
4.632098376750946045e-01
4.632098376750946045e-01
4.632098376750946045e-01
4.632098376750946045e-01
4.632098376750946045e-01
4.632098376750946045e-01
4.632098376750946045e-01
4.632098376750946045e-01
4.632098376750946045e-01
4.632098376750946045e-01
4.632098376750946045e-01
4.632098376750946045e-01
4.632098376750946045e-01
4.632098376750946045e-01
4.632098376750946045e-01
4.632098376750946045e-01
0.000000000000000000e+00
2.870928943157196045e-01
3.952708542346954346e-01
4.632098376750946045e-01
0.000000000000000000e+00
4.632098376750946045e-01
4.632098376750946045e-01
4.632098376750946045e-01
4.632098376750946045e-01
4.632098376750946045e-01
4.632098376750946045e-01
4.632098376750946045e-01
4.632098376750946045e-01
4.632098376750946045e-01
4.632098376750946045e-01
0.000000000000000000e+00
4.632098376750946045e-01
4.632098376750946045e-01
0.000000000000000000e+00
4.632098376750946045e-01
0.000000000000000000e+00
4.632098376750946045e-01
4.632098376750946045e-01
3.708196282386779785e-01
4.632098376750946045e-01
4.632098376750946045e-01
4.632098376750946045e-01
4.632098376750946045e-01
4.632098376750946045e-01
4.632098376750946045e-01
4.632098376750946045e-01
4.632098376750946045e-01
4.632098376750946045e-01
4.632098376750946045e-01
4.632098376750946045e-01
4.632098376750946045e-01
4.632098376750946045e-01
4.632098376750946045e-01
4.632098376750946045e-01
4.632098376750946045e-01
4.632098376750946045e-01
4.632098376750946045e-01
4.632098376750946045e-01
4.632098376750946045e-01
4.632098376750946045e-01
4.632098376750946045e-01
4.632098376750946045e-01
4.632098376750946045e-01
4.632098376750946045e-01
4.632098376750946045e-01
4.632098376750946045e-01
4.632098376750946045e-01
4.632098376750946045e-01
4.632098376750946045e-01
4.632098376750946045e-01
4.632098376750946045e-01
4.632098376750946045e-01
4.632098376750946045e-01
4.632098376750946045e-01
4.632098376750946045e-01
4.632098376750946045e-01
4.632098376750946045e-01
4.632098376750946045e-01
4.632098376750946045e-01
4.632098376750946045e-01
4.632098376750946045e-01
4.632098376750946045e-01
4.632098376750946045e-01
4.632098376750946045e-01
4.632098376750946045e-01
4.632098376750946045e-01
4.632098376750946045e-01
4.632098376750946045e-01
4.632098376750946045e-01
4.632098376750946045e-01
4.632098376750946045e-01
4.632098376750946045e-01
4.632098376750946045e-01
4.632098376750946045e-01
4.632098376750946045e-01
4.632098376750946045e-01
4.632098376750946045e-01
4.632098376750946045e-01
4.632098376750946045e-01
4.632098376750946045e-01
4.632098376750946045e-01
4.632098376750946045e-01
4.632098376750946045e-01
4.632098376750946045e-01
4.632098376750946045e-01
4.632098376750946045e-01
4.632098376750946045e-01
4.632098376750946045e-01
4.632098376750946045e-01
4.632098376750946045e-01
4.632098376750946045e-01
4.632098376750946045e-01
4.632098376750946045e-01
4.632098376750946045e-01
4.632098376750946045e-01
4.632098376750946045e-01
4.632098376750946045e-01
4.632098376750946045e-01
4.632098376750946045e-01
4.632098376750946045e-01
4.632098376750946045e-01
4.632098376750946045e-01
4.632098376750946045e-01
4.632098376750946045e-01
4.632098376750946045e-01
4.632098376750946045e-01
4.632098376750946045e-01
4.632098376750946045e-01
4.632098376750946045e-01
4.632098376750946045e-01
4.632098376750946045e-01
4.632098376750946045e-01
4.632098376750946045e-01
4.632098376750946045e-01
4.632098376750946045e-01
4.632098376750946045e-01
4.632098376750946045e-01
4.632098376750946045e-01
4.632098376750946045e-01
4.632098376750946045e-01
4.632098376750946045e-01
4.632098376750946045e-01
4.632098376750946045e-01
4.632098376750946045e-01
4.632098376750946045e-01
4.632098376750946045e-01
4.632098376750946045e-01
4.632098376750946045e-01
4.632098376750946045e-01
4.632098376750946045e-01
4.632098376750946045e-01
4.632098376750946045e-01
0.000000000000000000e+00
4.632098376750946045e-01
4.632098376750946045e-01
4.632098376750946045e-01
4.632098376750946045e-01
4.632098376750946045e-01
4.632098376750946045e-01
4.632098376750946045e-01
4.632098376750946045e-01
4.632098376750946045e-01
4.632098376750946045e-01
4.632098376750946045e-01
4.632098376750946045e-01
4.632098376750946045e-01
4.632098376750946045e-01
4.632098376750946045e-01
4.632098376750946045e-01
4.632098376750946045e-01
4.632098376750946045e-01
4.632098376750946045e-01
4.632098376750946045e-01
4.632098376750946045e-01
4.632098376750946045e-01
4.632098376750946045e-01
4.632098376750946045e-01
4.632098376750946045e-01
4.632098376750946045e-01
4.632098376750946045e-01
4.632098376750946045e-01
4.632098376750946045e-01
4.632098376750946045e-01
4.632098376750946045e-01
4.632098376750946045e-01
4.632098376750946045e-01
4.632098376750946045e-01
4.632098376750946045e-01
4.632098376750946045e-01
4.632098376750946045e-01
4.632098376750946045e-01
4.632098376750946045e-01
4.632098376750946045e-01
4.632098376750946045e-01
4.632098376750946045e-01
4.632098376750946045e-01
4.632098376750946045e-01
4.632098376750946045e-01
4.632098376750946045e-01
4.632098376750946045e-01
4.632098376750946045e-01
4.632098376750946045e-01
4.632098376750946045e-01
4.632098376750946045e-01
4.632098376750946045e-01
4.632098376750946045e-01
4.632098376750946045e-01
4.632098376750946045e-01
4.632098376750946045e-01
4.632098376750946045e-01
4.632098376750946045e-01
4.632098376750946045e-01
4.632098376750946045e-01
4.632098376750946045e-01
4.632098376750946045e-01
4.632098376750946045e-01
4.632098376750946045e-01
4.632098376750946045e-01
4.632098376750946045e-01
4.632098376750946045e-01
4.632098376750946045e-01
4.632098376750946045e-01
4.632098376750946045e-01
4.632098376750946045e-01
4.632098376750946045e-01
4.632098376750946045e-01
4.632098376750946045e-01
4.632098376750946045e-01
4.632098376750946045e-01
4.632098376750946045e-01
4.632098376750946045e-01
4.632098376750946045e-01
4.632098376750946045e-01
4.632098376750946045e-01
4.632098376750946045e-01
4.632098376750946045e-01
4.632098376750946045e-01
4.632098376750946045e-01
4.632098376750946045e-01
4.632098376750946045e-01
4.632098376750946045e-01
4.632098376750946045e-01
4.632098376750946045e-01
4.632098376750946045e-01
4.632098376750946045e-01
4.632098376750946045e-01
4.632098376750946045e-01
4.632098376750946045e-01
4.632098376750946045e-01
4.632098376750946045e-01
4.632098376750946045e-01
4.632098376750946045e-01
4.632098376750946045e-01
4.632098376750946045e-01
4.632098376750946045e-01
4.632098376750946045e-01
4.632098376750946045e-01
4.632098376750946045e-01
4.632098376750946045e-01
4.632098376750946045e-01
4.632098376750946045e-01
4.632098376750946045e-01
4.632098376750946045e-01
4.632098376750946045e-01
4.632098376750946045e-01
4.632098376750946045e-01
4.632098376750946045e-01
4.632098376750946045e-01
4.632098376750946045e-01
4.632098376750946045e-01
4.632098376750946045e-01
4.632098376750946045e-01
4.632098376750946045e-01
4.632098376750946045e-01
4.632098376750946045e-01
4.632098376750946045e-01
4.632098376750946045e-01
4.632098376750946045e-01
4.632098376750946045e-01
4.632098376750946045e-01
4.632098376750946045e-01
4.632098376750946045e-01
4.632098376750946045e-01
4.632098376750946045e-01
4.632098376750946045e-01
4.632098376750946045e-01
4.632098376750946045e-01
4.632098376750946045e-01
4.632098376750946045e-01
4.632098376750946045e-01
4.632098376750946045e-01
4.632098376750946045e-01
4.632098376750946045e-01
4.632098376750946045e-01
4.632098376750946045e-01
4.632098376750946045e-01
4.632098376750946045e-01
4.632098376750946045e-01
4.632098376750946045e-01
4.632098376750946045e-01
4.632098376750946045e-01
0.000000000000000000e+00
4.632098376750946045e-01
4.632098376750946045e-01
4.632098376750946045e-01
4.632098376750946045e-01
4.632098376750946045e-01
4.632098376750946045e-01
4.632098376750946045e-01
0.000000000000000000e+00
4.632098376750946045e-01
4.632098376750946045e-01
4.632098376750946045e-01
4.632098376750946045e-01
4.632098376750946045e-01
4.632098376750946045e-01
4.632098376750946045e-01
4.632098376750946045e-01
4.632098376750946045e-01
4.632098376750946045e-01
4.632098376750946045e-01
4.632098376750946045e-01
4.632098376750946045e-01
4.632098376750946045e-01
4.632098376750946045e-01
4.632098376750946045e-01
4.632098376750946045e-01
4.632098376750946045e-01
4.632098376750946045e-01
4.632098376750946045e-01
4.632098376750946045e-01
4.632098376750946045e-01
4.632098376750946045e-01
4.632098376750946045e-01
4.632098376750946045e-01
4.632098376750946045e-01
4.632098376750946045e-01
4.632098376750946045e-01
4.632098376750946045e-01
4.632098376750946045e-01
4.632098376750946045e-01
4.632098376750946045e-01
4.632098376750946045e-01
4.632098376750946045e-01
4.632098376750946045e-01
4.632098376750946045e-01
4.632098376750946045e-01
4.632098376750946045e-01
4.632098376750946045e-01
4.632098376750946045e-01
4.632098376750946045e-01
4.632098376750946045e-01
4.632098376750946045e-01
4.632098376750946045e-01
4.632098376750946045e-01
4.632098376750946045e-01
4.632098376750946045e-01
4.632098376750946045e-01
4.632098376750946045e-01
4.632098376750946045e-01
4.632098376750946045e-01
4.632098376750946045e-01
4.632098376750946045e-01
4.632098376750946045e-01
4.632098376750946045e-01
4.632098376750946045e-01
4.632098376750946045e-01
4.632098376750946045e-01
4.632098376750946045e-01
4.632098376750946045e-01
4.632098376750946045e-01
4.632098376750946045e-01
4.632098376750946045e-01
4.632098376750946045e-01
4.632098376750946045e-01
4.632098376750946045e-01
4.632098376750946045e-01
0.000000000000000000e+00
4.632098376750946045e-01
4.632098376750946045e-01
4.632098376750946045e-01
4.632098376750946045e-01
4.632098376750946045e-01
4.632098376750946045e-01
4.632098376750946045e-01
4.632098376750946045e-01
0.000000000000000000e+00
4.632098376750946045e-01
0.000000000000000000e+00
4.632098376750946045e-01
4.632098376750946045e-01
4.632098376750946045e-01
4.632098376750946045e-01
4.632098376750946045e-01
4.632098376750946045e-01
4.632098376750946045e-01
4.632098376750946045e-01
4.632098376750946045e-01
4.632098376750946045e-01
4.632098376750946045e-01
4.632098376750946045e-01
4.632098376750946045e-01
4.632098376750946045e-01
4.632098376750946045e-01
4.632098376750946045e-01
4.632098376750946045e-01
4.632098376750946045e-01
4.632098376750946045e-01
4.632098376750946045e-01
4.632098376750946045e-01
4.632098376750946045e-01
4.632098376750946045e-01
4.632098376750946045e-01
4.632098376750946045e-01
4.632098376750946045e-01
4.632098376750946045e-01
4.632098376750946045e-01
4.632098376750946045e-01
4.632098376750946045e-01
4.632098376750946045e-01
4.632098376750946045e-01
4.632098376750946045e-01
4.632098376750946045e-01
4.632098376750946045e-01
4.632098376750946045e-01
4.632098376750946045e-01
4.632098376750946045e-01
4.632098376750946045e-01
4.632098376750946045e-01
4.632098376750946045e-01
4.632098376750946045e-01
4.632098376750946045e-01
4.632098376750946045e-01
4.632098376750946045e-01
4.632098376750946045e-01
4.632098376750946045e-01
4.632098376750946045e-01
0.000000000000000000e+00
4.632098376750946045e-01
4.632098376750946045e-01
4.632098376750946045e-01
4.632098376750946045e-01
4.632098376750946045e-01
0.000000000000000000e+00
0.000000000000000000e+00
0.000000000000000000e+00
0.000000000000000000e+00
0.000000000000000000e+00
4.632098376750946045e-01
0.000000000000000000e+00
4.632098376750946045e-01
0.000000000000000000e+00
0.000000000000000000e+00
0.000000000000000000e+00
4.632098376750946045e-01
4.632098376750946045e-01
4.632098376750946045e-01
0.000000000000000000e+00
4.632098376750946045e-01
4.632098376750946045e-01
4.632098376750946045e-01
4.632098376750946045e-01
4.632098376750946045e-01
4.632098376750946045e-01
4.632098376750946045e-01
4.632098376750946045e-01
4.632098376750946045e-01
4.632098376750946045e-01
4.632098376750946045e-01
4.632098376750946045e-01
4.632098376750946045e-01
4.632098376750946045e-01
4.632098376750946045e-01
4.632098376750946045e-01
4.632098376750946045e-01
4.632098376750946045e-01
4.632098376750946045e-01
4.632098376750946045e-01
4.632098376750946045e-01
4.632098376750946045e-01
4.632098376750946045e-01
4.632098376750946045e-01
4.632098376750946045e-01
4.632098376750946045e-01
4.632098376750946045e-01
4.632098376750946045e-01
4.632098376750946045e-01
4.632098376750946045e-01
4.632098376750946045e-01
4.632098376750946045e-01
4.632098376750946045e-01
4.924783110618591309e-01
4.632098376750946045e-01
4.632098376750946045e-01
4.632098376750946045e-01
4.632098376750946045e-01
0.000000000000000000e+00
5.017632842063903809e-01
4.632098376750946045e-01
4.632098376750946045e-01
4.632098376750946045e-01
4.632098376750946045e-01
4.632098376750946045e-01
0.000000000000000000e+00
4.902145862579345703e-01
4.632098376750946045e-01
4.665270745754241943e-01
4.632098376750946045e-01
4.632098376750946045e-01
4.632098376750946045e-01
4.663584828376770020e-01
4.632098376750946045e-01
4.632098376750946045e-01
4.941472411155700684e-01
4.669992923736572266e-01
4.632098376750946045e-01
4.632098376750946045e-01
4.632098376750946045e-01
4.632098376750946045e-01
4.632098376750946045e-01
4.632098376750946045e-01
4.632098376750946045e-01
4.632098376750946045e-01
4.632098376750946045e-01
4.632098376750946045e-01
4.632098376750946045e-01
4.632098376750946045e-01
4.632098376750946045e-01
4.632098376750946045e-01
4.632098376750946045e-01
4.632098376750946045e-01
4.632098376750946045e-01
4.723145067691802979e-01
4.632098376750946045e-01
4.632098376750946045e-01
4.632098376750946045e-01
4.632098376750946045e-01
4.632098376750946045e-01
4.632098376750946045e-01
4.632098376750946045e-01
4.632098376750946045e-01
4.632098376750946045e-01
0.000000000000000000e+00
5.192799568176269531e-01
4.632098376750946045e-01
4.632098376750946045e-01
4.632098376750946045e-01
4.632098376750946045e-01
4.632098376750946045e-01
0.000000000000000000e+00
4.632098376750946045e-01
0.000000000000000000e+00
4.718491435050964355e-01
4.632098376750946045e-01
4.632098376750946045e-01
4.632098376750946045e-01
4.632098376750946045e-01
4.632098376750946045e-01
4.632098376750946045e-01
0.000000000000000000e+00
4.632098376750946045e-01
4.632098376750946045e-01
0.000000000000000000e+00
4.632098376750946045e-01
4.632098376750946045e-01
4.632098376750946045e-01
0.000000000000000000e+00
4.632098376750946045e-01
4.632098376750946045e-01
4.632098376750946045e-01
4.632098376750946045e-01
4.632098376750946045e-01
4.632098376750946045e-01
4.632098376750946045e-01
4.632098376750946045e-01
4.632098376750946045e-01
4.632098376750946045e-01
4.632098376750946045e-01
4.632098376750946045e-01
4.632098376750946045e-01
4.632098376750946045e-01
4.632098376750946045e-01
4.632098376750946045e-01
4.632098376750946045e-01
0.000000000000000000e+00
4.632098376750946045e-01
4.632098376750946045e-01
4.632098376750946045e-01
0.000000000000000000e+00
4.632098376750946045e-01
4.632098376750946045e-01
4.632098376750946045e-01
4.632098376750946045e-01
4.632098376750946045e-01
4.632098376750946045e-01
4.632098376750946045e-01
4.632098376750946045e-01
4.632098376750946045e-01
4.632098376750946045e-01
4.632098376750946045e-01
4.632098376750946045e-01
4.632098376750946045e-01
4.632098376750946045e-01
4.632098376750946045e-01
4.632098376750946045e-01
4.632098376750946045e-01
4.632098376750946045e-01
4.632098376750946045e-01
4.632098376750946045e-01
4.632098376750946045e-01
4.632098376750946045e-01
4.632098376750946045e-01
4.632098376750946045e-01
4.632098376750946045e-01
4.632098376750946045e-01
4.632098376750946045e-01
4.632098376750946045e-01
4.632098376750946045e-01
4.632098376750946045e-01
4.632098376750946045e-01
4.632098376750946045e-01
4.632098376750946045e-01
4.632098376750946045e-01
4.632098376750946045e-01
0.000000000000000000e+00
4.632098376750946045e-01
4.632098376750946045e-01
0.000000000000000000e+00
0.000000000000000000e+00
4.632098376750946045e-01
4.632098376750946045e-01
4.632098376750946045e-01
4.632098376750946045e-01
4.632098376750946045e-01
4.632098376750946045e-01
4.632098376750946045e-01
4.632098376750946045e-01
4.632098376750946045e-01
4.632098376750946045e-01
4.632098376750946045e-01
4.632098376750946045e-01
4.632098376750946045e-01
4.632098376750946045e-01
4.632098376750946045e-01
4.632098376750946045e-01
4.632098376750946045e-01
4.632098376750946045e-01
4.632098376750946045e-01
4.632098376750946045e-01
4.632098376750946045e-01
4.632098376750946045e-01
4.632098376750946045e-01
4.632098376750946045e-01
4.632098376750946045e-01
4.632098376750946045e-01
4.632098376750946045e-01
4.632098376750946045e-01
4.632098376750946045e-01
4.632098376750946045e-01
4.632098376750946045e-01
4.632098376750946045e-01
4.632098376750946045e-01
4.632098376750946045e-01
4.632098376750946045e-01
4.632098376750946045e-01
4.632098376750946045e-01
4.632098376750946045e-01
4.632098376750946045e-01
4.632098376750946045e-01
4.632098376750946045e-01
4.632098376750946045e-01
5.043631792068481445e-01
4.632098376750946045e-01
4.632098376750946045e-01
4.632098376750946045e-01
4.632098376750946045e-01
4.632098376750946045e-01
4.632098376750946045e-01
4.632098376750946045e-01
4.632098376750946045e-01
4.632098376750946045e-01
4.632098376750946045e-01
4.632098376750946045e-01
4.632098376750946045e-01
4.632098376750946045e-01
4.632098376750946045e-01
0.000000000000000000e+00
0.000000000000000000e+00
0.000000000000000000e+00
0.000000000000000000e+00
4.632098376750946045e-01
4.632098376750946045e-01
4.632098376750946045e-01
0.000000000000000000e+00
0.000000000000000000e+00
4.836474359035491943e-01
4.632098376750946045e-01
0.000000000000000000e+00
0.000000000000000000e+00
0.000000000000000000e+00
4.617797732353210449e-01
4.632098376750946045e-01
4.628148674964904785e-01
4.632098376750946045e-01
4.630655348300933838e-01
0.000000000000000000e+00
0.000000000000000000e+00
0.000000000000000000e+00
4.632098376750946045e-01
4.707551300525665283e-01
0.000000000000000000e+00
4.632098376750946045e-01
0.000000000000000000e+00
4.632098376750946045e-01
4.632098376750946045e-01
4.632098376750946045e-01
4.632098376750946045e-01
4.632098376750946045e-01
4.632098376750946045e-01
4.632098376750946045e-01
4.632098376750946045e-01
4.632098376750946045e-01
4.632098376750946045e-01
4.632098376750946045e-01
0.000000000000000000e+00
4.632098376750946045e-01
4.558533132076263428e-01
4.632098376750946045e-01
1.689369082450866699e-01
4.615059196949005127e-01
4.632098376750946045e-01
4.632098376750946045e-01
4.632098376750946045e-01
4.632098376750946045e-01
4.632098376750946045e-01
4.632098376750946045e-01
4.632098376750946045e-01
4.632098376750946045e-01
4.632098376750946045e-01
0.000000000000000000e+00
0.000000000000000000e+00
4.669704437255859375e-01
4.632098376750946045e-01
4.632098376750946045e-01
4.632098376750946045e-01
4.632098376750946045e-01
4.632098376750946045e-01
4.632098376750946045e-01
4.632098376750946045e-01
4.632098376750946045e-01
4.632098376750946045e-01
4.632098376750946045e-01
4.632098376750946045e-01
4.632098376750946045e-01
4.632098376750946045e-01
4.632098376750946045e-01
4.632098376750946045e-01
4.632098376750946045e-01
4.632098376750946045e-01
4.632098376750946045e-01
4.632098376750946045e-01
4.632098376750946045e-01
4.632098376750946045e-01
4.632098376750946045e-01
4.632098376750946045e-01
4.632098376750946045e-01
4.632098376750946045e-01
4.632098376750946045e-01
4.632098376750946045e-01
4.632098376750946045e-01
4.632098376750946045e-01
4.632098376750946045e-01
4.632098376750946045e-01
4.632098376750946045e-01
4.632098376750946045e-01
4.632098376750946045e-01
4.632098376750946045e-01
4.632098376750946045e-01
4.632098376750946045e-01
4.632098376750946045e-01
4.632098376750946045e-01
4.632098376750946045e-01
4.632098376750946045e-01
4.632098376750946045e-01
4.632098376750946045e-01
4.632098376750946045e-01
0.000000000000000000e+00
4.632098376750946045e-01
4.632098376750946045e-01
4.632098376750946045e-01
4.632098376750946045e-01
4.632098376750946045e-01
4.632098376750946045e-01
4.632098376750946045e-01
4.632098376750946045e-01
4.632098376750946045e-01
4.632098376750946045e-01
4.632098376750946045e-01
4.632098376750946045e-01
4.632098376750946045e-01
4.632098376750946045e-01
4.632098376750946045e-01
4.632098376750946045e-01
4.632098376750946045e-01
4.632098376750946045e-01
4.632098376750946045e-01
4.632098376750946045e-01
4.632098376750946045e-01
4.632098376750946045e-01
4.632098376750946045e-01
4.632098376750946045e-01
4.632098376750946045e-01
4.632098376750946045e-01
4.632098376750946045e-01
4.632098376750946045e-01
4.632098376750946045e-01
4.632098376750946045e-01
4.632098376750946045e-01
0.000000000000000000e+00
4.632098376750946045e-01
4.632098376750946045e-01
4.632098376750946045e-01
4.632098376750946045e-01
4.632098376750946045e-01
4.632098376750946045e-01
4.632098376750946045e-01
4.632098376750946045e-01
4.632098376750946045e-01
4.632098376750946045e-01
4.632098376750946045e-01
4.632098376750946045e-01
4.632098376750946045e-01
4.632098376750946045e-01
4.632098376750946045e-01
4.632098376750946045e-01
4.632098376750946045e-01
4.636051356792449951e-01
4.632098376750946045e-01
4.632098376750946045e-01
4.632098376750946045e-01
4.632098376750946045e-01
4.632098376750946045e-01
4.632098376750946045e-01
4.632098376750946045e-01
4.632098376750946045e-01
4.632098376750946045e-01
0.000000000000000000e+00
4.632098376750946045e-01
4.632098376750946045e-01
4.632098376750946045e-01
4.632098376750946045e-01
4.632098376750946045e-01
4.632098376750946045e-01
0.000000000000000000e+00
0.000000000000000000e+00
0.000000000000000000e+00
0.000000000000000000e+00
0.000000000000000000e+00
0.000000000000000000e+00
0.000000000000000000e+00
0.000000000000000000e+00
0.000000000000000000e+00
0.000000000000000000e+00
0.000000000000000000e+00
0.000000000000000000e+00
0.000000000000000000e+00
0.000000000000000000e+00
0.000000000000000000e+00
0.000000000000000000e+00
0.000000000000000000e+00
4.632098376750946045e-01
0.000000000000000000e+00
0.000000000000000000e+00
0.000000000000000000e+00
0.000000000000000000e+00
0.000000000000000000e+00
4.632098376750946045e-01
0.000000000000000000e+00
0.000000000000000000e+00
0.000000000000000000e+00
0.000000000000000000e+00
0.000000000000000000e+00
0.000000000000000000e+00
0.000000000000000000e+00
0.000000000000000000e+00
0.000000000000000000e+00
0.000000000000000000e+00
0.000000000000000000e+00
0.000000000000000000e+00
0.000000000000000000e+00
0.000000000000000000e+00
0.000000000000000000e+00
0.000000000000000000e+00
0.000000000000000000e+00
4.632098376750946045e-01
4.632098376750946045e-01
4.632098376750946045e-01
4.632098376750946045e-01
4.632098376750946045e-01
4.632098376750946045e-01
4.632098376750946045e-01
4.632098376750946045e-01
4.632098376750946045e-01
4.632098376750946045e-01
4.632098376750946045e-01
4.632098376750946045e-01
4.632098376750946045e-01
4.632098376750946045e-01
4.632098376750946045e-01
4.632098376750946045e-01
4.632098376750946045e-01
4.632098376750946045e-01
4.632098376750946045e-01
4.632098376750946045e-01
4.632098376750946045e-01
4.632098376750946045e-01
4.632098376750946045e-01
4.632098376750946045e-01
4.632098376750946045e-01
4.632098376750946045e-01
4.632098376750946045e-01
4.632098376750946045e-01
4.632098376750946045e-01
4.632098376750946045e-01
4.632098376750946045e-01
4.632098376750946045e-01
4.632098376750946045e-01
4.632098376750946045e-01
4.632098376750946045e-01
4.632098376750946045e-01
4.632098376750946045e-01
4.632098376750946045e-01
4.632098376750946045e-01
4.632098376750946045e-01
4.632098376750946045e-01
4.632098376750946045e-01
4.632098376750946045e-01
4.632098376750946045e-01
4.632098376750946045e-01
4.632098376750946045e-01
4.632098376750946045e-01
4.632098376750946045e-01
4.632098376750946045e-01
4.632098376750946045e-01
4.632098376750946045e-01
4.632098376750946045e-01
0.000000000000000000e+00
4.632098376750946045e-01
4.632098376750946045e-01
4.632098376750946045e-01
4.632098376750946045e-01
4.632098376750946045e-01
4.632098376750946045e-01
4.632098376750946045e-01
4.632098376750946045e-01
4.632098376750946045e-01
4.632098376750946045e-01
4.632098376750946045e-01
4.632098376750946045e-01
4.632098376750946045e-01
4.632098376750946045e-01
4.632098376750946045e-01
4.632098376750946045e-01
4.632098376750946045e-01
4.632098376750946045e-01
4.632098376750946045e-01
4.632098376750946045e-01
4.632098376750946045e-01
4.632098376750946045e-01
4.632098376750946045e-01
4.632098376750946045e-01
4.632098376750946045e-01
4.632098376750946045e-01
4.632098376750946045e-01
4.632098376750946045e-01
4.632098376750946045e-01
4.632098376750946045e-01
4.632098376750946045e-01
4.632098376750946045e-01
0.000000000000000000e+00
4.632098376750946045e-01
4.632098376750946045e-01
4.632098376750946045e-01
4.632098376750946045e-01
4.632098376750946045e-01
0.000000000000000000e+00
4.632098376750946045e-01
4.632098376750946045e-01
4.632098376750946045e-01
4.632098376750946045e-01
4.632098376750946045e-01
4.632098376750946045e-01
4.632098376750946045e-01
4.632098376750946045e-01
4.632098376750946045e-01
4.632098376750946045e-01
4.632098376750946045e-01
0.000000000000000000e+00
4.632098376750946045e-01
4.632098376750946045e-01
4.632098376750946045e-01
4.632098376750946045e-01
0.000000000000000000e+00
4.632098376750946045e-01
4.632098376750946045e-01
0.000000000000000000e+00
4.632098376750946045e-01
4.632098376750946045e-01
4.632098376750946045e-01
4.632098376750946045e-01
4.632098376750946045e-01
0.000000000000000000e+00
4.632098376750946045e-01
4.632098376750946045e-01
4.632098376750946045e-01
4.632098376750946045e-01
4.632098376750946045e-01
4.632098376750946045e-01
4.632098376750946045e-01
4.632098376750946045e-01
4.632098376750946045e-01
4.632098376750946045e-01
4.632098376750946045e-01
4.632098376750946045e-01
4.632098376750946045e-01
4.632098376750946045e-01
4.632098376750946045e-01
4.632098376750946045e-01
4.632098376750946045e-01
4.632098376750946045e-01
4.632098376750946045e-01
4.632098376750946045e-01
4.632098376750946045e-01
4.632098376750946045e-01
4.632098376750946045e-01
4.632098376750946045e-01
4.632098376750946045e-01
4.632098376750946045e-01
4.632098376750946045e-01
4.632098376750946045e-01
4.632098376750946045e-01
4.632098376750946045e-01
4.632098376750946045e-01
4.632098376750946045e-01
4.632098376750946045e-01
4.632098376750946045e-01
4.632098376750946045e-01
4.632098376750946045e-01
4.632098376750946045e-01
4.632098376750946045e-01
4.632098376750946045e-01
0.000000000000000000e+00
4.632098376750946045e-01
4.632098376750946045e-01
4.632098376750946045e-01
4.632098376750946045e-01
4.632098376750946045e-01
4.632098376750946045e-01
4.632098376750946045e-01
4.632098376750946045e-01
4.632098376750946045e-01
4.632098376750946045e-01
4.632098376750946045e-01
4.632098376750946045e-01
4.632098376750946045e-01
4.632098376750946045e-01
4.632098376750946045e-01
4.632098376750946045e-01
4.632098376750946045e-01
4.632098376750946045e-01
4.632098376750946045e-01
4.632098376750946045e-01
4.632098376750946045e-01
4.632098376750946045e-01
4.632098376750946045e-01
4.632098376750946045e-01
4.632098376750946045e-01
4.632098376750946045e-01
4.632098376750946045e-01
4.632098376750946045e-01
4.632098376750946045e-01
4.632098376750946045e-01
4.632098376750946045e-01
4.632098376750946045e-01
4.632098376750946045e-01
4.632098376750946045e-01
4.632098376750946045e-01
4.632098376750946045e-01
4.632098376750946045e-01
4.632098376750946045e-01
4.632098376750946045e-01
4.632098376750946045e-01
4.632098376750946045e-01
4.632098376750946045e-01
4.632098376750946045e-01
4.632098376750946045e-01
4.632098376750946045e-01
4.632098376750946045e-01
4.632098376750946045e-01
4.632098376750946045e-01
4.632098376750946045e-01
4.632098376750946045e-01
4.632098376750946045e-01
4.632098376750946045e-01
4.632098376750946045e-01
4.632098376750946045e-01
4.632098376750946045e-01
4.632098376750946045e-01
4.632098376750946045e-01
4.632098376750946045e-01
4.632098376750946045e-01
0.000000000000000000e+00
4.632098376750946045e-01
4.632098376750946045e-01
4.632098376750946045e-01
4.632098376750946045e-01
4.632098376750946045e-01
4.632098376750946045e-01
4.632098376750946045e-01
4.632098376750946045e-01
4.632098376750946045e-01
4.632098376750946045e-01
4.632098376750946045e-01
4.632098376750946045e-01
4.632098376750946045e-01
4.632098376750946045e-01
4.632098376750946045e-01
4.632098376750946045e-01
4.632098376750946045e-01
4.632098376750946045e-01
4.632098376750946045e-01
4.632098376750946045e-01
4.632098376750946045e-01
4.632098376750946045e-01
4.632098376750946045e-01
4.632098376750946045e-01
4.632098376750946045e-01
4.632098376750946045e-01
0.000000000000000000e+00
4.622013568878173828e-01
4.632098376750946045e-01
4.632098376750946045e-01
4.632098376750946045e-01
4.632098376750946045e-01
4.632098376750946045e-01
0.000000000000000000e+00
4.632098376750946045e-01
4.632098376750946045e-01
4.632098376750946045e-01
4.632098376750946045e-01
4.632098376750946045e-01
4.632098376750946045e-01
4.632098376750946045e-01
4.632098376750946045e-01
4.632098376750946045e-01
4.632098376750946045e-01
0.000000000000000000e+00
4.632098376750946045e-01
4.632098376750946045e-01
4.632098376750946045e-01
4.632098376750946045e-01
0.000000000000000000e+00
0.000000000000000000e+00
4.632098376750946045e-01
4.632098376750946045e-01
4.632098376750946045e-01
4.632098376750946045e-01
0.000000000000000000e+00
0.000000000000000000e+00
0.000000000000000000e+00
0.000000000000000000e+00
0.000000000000000000e+00
0.000000000000000000e+00
4.632098376750946045e-01
4.632098376750946045e-01
0.000000000000000000e+00
4.632098376750946045e-01
4.632098376750946045e-01
4.632098376750946045e-01
4.632098376750946045e-01
4.632098376750946045e-01
4.632098376750946045e-01
4.632098376750946045e-01
4.632098376750946045e-01
4.632098376750946045e-01
4.628476202487945557e-01
4.632098376750946045e-01
4.632098376750946045e-01
4.861757159233093262e-01
4.632098376750946045e-01
4.632098376750946045e-01
4.632098376750946045e-01
4.632098376750946045e-01
4.632098376750946045e-01
4.632098376750946045e-01
4.632098376750946045e-01
4.632098376750946045e-01
4.632098376750946045e-01
4.632098376750946045e-01
4.632098376750946045e-01
0.000000000000000000e+00
4.632098376750946045e-01
4.632098376750946045e-01
4.632098376750946045e-01
4.632098376750946045e-01
4.632098376750946045e-01
4.632098376750946045e-01
4.632098376750946045e-01
4.632098376750946045e-01
4.632098376750946045e-01
4.632098376750946045e-01
4.632098376750946045e-01
4.678353965282440186e-01
4.632098376750946045e-01
0.000000000000000000e+00
4.880170524120330811e-01
4.632098376750946045e-01
4.632098376750946045e-01
4.632098376750946045e-01
4.632098376750946045e-01
4.632098376750946045e-01
4.632098376750946045e-01
4.632098376750946045e-01
4.632098376750946045e-01
4.632098376750946045e-01
4.632098376750946045e-01
4.632098376750946045e-01
4.632098376750946045e-01
0.000000000000000000e+00
4.632098376750946045e-01
4.632098376750946045e-01
4.632098376750946045e-01
4.632098376750946045e-01
4.632098376750946045e-01
4.632098376750946045e-01
0.000000000000000000e+00
4.676994681358337402e-01
4.632098376750946045e-01
0.000000000000000000e+00
0.000000000000000000e+00
4.632098376750946045e-01
0.000000000000000000e+00
4.632098376750946045e-01
0.000000000000000000e+00
0.000000000000000000e+00
4.632098376750946045e-01
4.632098376750946045e-01
4.632098376750946045e-01
4.632098376750946045e-01
4.632098376750946045e-01
4.632098376750946045e-01
4.632098376750946045e-01
4.632098376750946045e-01
4.632098376750946045e-01
4.632098376750946045e-01
4.632098376750946045e-01
4.632098376750946045e-01
4.632098376750946045e-01
4.632098376750946045e-01
4.632098376750946045e-01
4.632098376750946045e-01
4.632098376750946045e-01
4.632098376750946045e-01
4.658467173576354980e-01
4.632098376750946045e-01
4.632098376750946045e-01
4.632098376750946045e-01
0.000000000000000000e+00
4.632098376750946045e-01
4.632098376750946045e-01
4.632098376750946045e-01
4.632098376750946045e-01
0.000000000000000000e+00
4.632098376750946045e-01
4.632098376750946045e-01
4.632098376750946045e-01
4.632098376750946045e-01
4.632098376750946045e-01
4.632098376750946045e-01
4.632098376750946045e-01
4.632098376750946045e-01
4.632098376750946045e-01
4.632098376750946045e-01
4.632098376750946045e-01
4.632098376750946045e-01
4.632098376750946045e-01
4.632098376750946045e-01
4.632098376750946045e-01
4.632098376750946045e-01
4.632098376750946045e-01
4.632098376750946045e-01
4.632098376750946045e-01
4.632098376750946045e-01
4.632098376750946045e-01
4.632098376750946045e-01
4.632098376750946045e-01
4.632098376750946045e-01
4.632098376750946045e-01
4.632098376750946045e-01
4.632098376750946045e-01
4.632098376750946045e-01
4.632098376750946045e-01
4.632098376750946045e-01
4.632098376750946045e-01
4.632098376750946045e-01
4.632098376750946045e-01
4.632098376750946045e-01
4.632098376750946045e-01
4.263480305671691895e-01
0.000000000000000000e+00
0.000000000000000000e+00
0.000000000000000000e+00
0.000000000000000000e+00
0.000000000000000000e+00
0.000000000000000000e+00
0.000000000000000000e+00
9.442105889320373535e-02
0.000000000000000000e+00
0.000000000000000000e+00
0.000000000000000000e+00
0.000000000000000000e+00
0.000000000000000000e+00
0.000000000000000000e+00
0.000000000000000000e+00
0.000000000000000000e+00
0.000000000000000000e+00
0.000000000000000000e+00
0.000000000000000000e+00
0.000000000000000000e+00
0.000000000000000000e+00
0.000000000000000000e+00
0.000000000000000000e+00
0.000000000000000000e+00
0.000000000000000000e+00
0.000000000000000000e+00
4.632098376750946045e-01
4.632098376750946045e-01
4.632098376750946045e-01
0.000000000000000000e+00
0.000000000000000000e+00
4.632098376750946045e-01
1.834324598312377930e-01
0.000000000000000000e+00
0.000000000000000000e+00
4.632098376750946045e-01
4.632098376750946045e-01
4.632098376750946045e-01
4.632098376750946045e-01
4.632098376750946045e-01
4.632098376750946045e-01
4.632098376750946045e-01
4.632098376750946045e-01
4.632098376750946045e-01
4.632098376750946045e-01
4.632098376750946045e-01
4.632098376750946045e-01
4.632098376750946045e-01
4.632098376750946045e-01
4.632098376750946045e-01
4.632098376750946045e-01
4.632098376750946045e-01
4.632098376750946045e-01
4.632098376750946045e-01
4.632098376750946045e-01
4.632098376750946045e-01
4.632098376750946045e-01
4.632098376750946045e-01
4.632098376750946045e-01
4.632098376750946045e-01
4.632098376750946045e-01
4.632098376750946045e-01
4.632098376750946045e-01
4.632098376750946045e-01
4.632098376750946045e-01
4.632098376750946045e-01
4.632098376750946045e-01
4.632098376750946045e-01
4.632098376750946045e-01
4.632098376750946045e-01
4.632098376750946045e-01
4.632098376750946045e-01
4.632098376750946045e-01
4.632098376750946045e-01
3.589548468589782715e-01
4.632098376750946045e-01
4.632098376750946045e-01
4.632098376750946045e-01
4.632098376750946045e-01
4.632098376750946045e-01
4.632098376750946045e-01
4.632098376750946045e-01
4.632098376750946045e-01
4.632098376750946045e-01
4.584463834762573242e-01
0.000000000000000000e+00
0.000000000000000000e+00
2.809448242187500000e-01
0.000000000000000000e+00
0.000000000000000000e+00
0.000000000000000000e+00
0.000000000000000000e+00
0.000000000000000000e+00
0.000000000000000000e+00
4.632098376750946045e-01
0.000000000000000000e+00
0.000000000000000000e+00
0.000000000000000000e+00
0.000000000000000000e+00
0.000000000000000000e+00
0.000000000000000000e+00
0.000000000000000000e+00
0.000000000000000000e+00
4.632098376750946045e-01
0.000000000000000000e+00
0.000000000000000000e+00
0.000000000000000000e+00
0.000000000000000000e+00
0.000000000000000000e+00
4.632098376750946045e-01
0.000000000000000000e+00
0.000000000000000000e+00
4.632098376750946045e-01
4.447894990444183350e-01
4.632098376750946045e-01
0.000000000000000000e+00
4.634383618831634521e-01
4.632098376750946045e-01
4.631569981575012207e-01
4.628999531269073486e-01
2.219576239585876465e-01
4.632098376750946045e-01
4.660404622554779053e-01
0.000000000000000000e+00
4.632098376750946045e-01
4.632098376750946045e-01
0.000000000000000000e+00
4.632098376750946045e-01
4.632098376750946045e-01
4.632098376750946045e-01
4.632098376750946045e-01
4.632098376750946045e-01
4.632098376750946045e-01
4.632098376750946045e-01
4.632098376750946045e-01
0.000000000000000000e+00
4.632098376750946045e-01
4.632098376750946045e-01
4.632098376750946045e-01
4.632098376750946045e-01
4.632098376750946045e-01
4.632098376750946045e-01
4.632098376750946045e-01
4.632098376750946045e-01
4.632098376750946045e-01
4.632098376750946045e-01
4.632098376750946045e-01
4.632098376750946045e-01
4.632098376750946045e-01
4.632098376750946045e-01
4.632098376750946045e-01
4.632098376750946045e-01
4.632098376750946045e-01
4.632098376750946045e-01
4.632098376750946045e-01
4.632098376750946045e-01
4.632098376750946045e-01
4.632098376750946045e-01
4.632098376750946045e-01
4.632098376750946045e-01
4.632098376750946045e-01
4.632098376750946045e-01
4.632098376750946045e-01
4.632098376750946045e-01
4.632098376750946045e-01
4.632098376750946045e-01
4.632098376750946045e-01
4.632098376750946045e-01
4.632098376750946045e-01
0.000000000000000000e+00
0.000000000000000000e+00
4.632098376750946045e-01
4.632098376750946045e-01
4.632098376750946045e-01
4.632098376750946045e-01
4.632098376750946045e-01
4.632098376750946045e-01
4.632098376750946045e-01
0.000000000000000000e+00
0.000000000000000000e+00
4.632098376750946045e-01
4.632098376750946045e-01
4.632098376750946045e-01
4.632098376750946045e-01
4.632098376750946045e-01
4.632098376750946045e-01
4.632098376750946045e-01
4.632098376750946045e-01
4.632098376750946045e-01
4.632098376750946045e-01
4.632098376750946045e-01
4.632098376750946045e-01
4.632098376750946045e-01
4.632098376750946045e-01
4.632098376750946045e-01
4.632098376750946045e-01
4.632098376750946045e-01
4.632098376750946045e-01
4.632098376750946045e-01
4.632098376750946045e-01
4.632098376750946045e-01
4.632098376750946045e-01
4.632098376750946045e-01
4.632098376750946045e-01
4.632098376750946045e-01
4.632098376750946045e-01
4.632098376750946045e-01
4.632098376750946045e-01
4.632098376750946045e-01
4.632098376750946045e-01
4.632098376750946045e-01
4.632098376750946045e-01
4.632098376750946045e-01
4.632098376750946045e-01
4.632098376750946045e-01
4.632098376750946045e-01
4.632098376750946045e-01
4.632098376750946045e-01
4.632098376750946045e-01
4.632098376750946045e-01
4.632098376750946045e-01
4.632098376750946045e-01
4.632098376750946045e-01
4.632098376750946045e-01
4.632098376750946045e-01
4.632098376750946045e-01
4.632098376750946045e-01
4.632098376750946045e-01
4.632098376750946045e-01
4.632098376750946045e-01
4.632098376750946045e-01
4.632098376750946045e-01
4.632098376750946045e-01
4.632098376750946045e-01
4.632098376750946045e-01
4.632098376750946045e-01
4.632098376750946045e-01
4.632098376750946045e-01
4.632098376750946045e-01
4.632098376750946045e-01
4.632098376750946045e-01
4.632098376750946045e-01
4.632098376750946045e-01
4.632098376750946045e-01
4.632098376750946045e-01
4.632098376750946045e-01
4.632098376750946045e-01
4.632098376750946045e-01
4.632098376750946045e-01
4.632098376750946045e-01
4.632098376750946045e-01
4.632098376750946045e-01
4.632098376750946045e-01
4.632098376750946045e-01
4.632098376750946045e-01
4.632098376750946045e-01
4.632098376750946045e-01
4.632098376750946045e-01
4.632098376750946045e-01
4.632098376750946045e-01
4.632098376750946045e-01
4.632098376750946045e-01
4.632098376750946045e-01
4.632098376750946045e-01
4.632098376750946045e-01
4.632098376750946045e-01
4.632098376750946045e-01
4.644438028335571289e-01
4.632098376750946045e-01
4.632098376750946045e-01
4.632098376750946045e-01
4.632098376750946045e-01
4.632098376750946045e-01
4.632098376750946045e-01
4.632098376750946045e-01
4.632098376750946045e-01
4.632098376750946045e-01
4.632098376750946045e-01
0.000000000000000000e+00
4.632098376750946045e-01
0.000000000000000000e+00
4.632098376750946045e-01
4.632098376750946045e-01
4.632098376750946045e-01
4.632098376750946045e-01
0.000000000000000000e+00
4.632098376750946045e-01
4.632098376750946045e-01
4.632098376750946045e-01
4.632098376750946045e-01
4.632098376750946045e-01
4.632098376750946045e-01
4.632098376750946045e-01
4.632098376750946045e-01
4.632098376750946045e-01
4.632098376750946045e-01
4.632098376750946045e-01
4.632098376750946045e-01
4.632098376750946045e-01
4.632098376750946045e-01
4.632098376750946045e-01
4.632098376750946045e-01
4.632098376750946045e-01
4.632098376750946045e-01
4.632098376750946045e-01
4.632098376750946045e-01
4.632098376750946045e-01
4.632098376750946045e-01
4.632098376750946045e-01
4.632098376750946045e-01
4.632098376750946045e-01
4.632098376750946045e-01
4.632098376750946045e-01
4.632098376750946045e-01
4.632098376750946045e-01
4.632098376750946045e-01
4.632098376750946045e-01
4.632098376750946045e-01
4.632098376750946045e-01
4.632098376750946045e-01
4.632098376750946045e-01
4.632098376750946045e-01
4.632098376750946045e-01
4.632098376750946045e-01
4.632098376750946045e-01
4.632098376750946045e-01
0.000000000000000000e+00
4.632098376750946045e-01
4.632098376750946045e-01
4.632098376750946045e-01
4.632098376750946045e-01
4.632098376750946045e-01
4.632098376750946045e-01
4.632098376750946045e-01
4.632098376750946045e-01
4.632098376750946045e-01
4.632098376750946045e-01
4.632098376750946045e-01
4.632098376750946045e-01
4.632098376750946045e-01
4.632098376750946045e-01
4.632098376750946045e-01
4.632098376750946045e-01
4.632098376750946045e-01
4.632098376750946045e-01
4.632098376750946045e-01
4.632098376750946045e-01
4.632098376750946045e-01
4.632098376750946045e-01
4.632098376750946045e-01
4.632098376750946045e-01
4.632098376750946045e-01
4.632098376750946045e-01
4.632098376750946045e-01
4.632098376750946045e-01
4.632098376750946045e-01
4.632098376750946045e-01
4.632098376750946045e-01
4.632098376750946045e-01
4.632098376750946045e-01
4.632098376750946045e-01
4.632098376750946045e-01
4.632098376750946045e-01
4.632098376750946045e-01
4.632098376750946045e-01
4.632098376750946045e-01
4.632098376750946045e-01
4.632098376750946045e-01
4.632098376750946045e-01
4.632098376750946045e-01
4.632098376750946045e-01
4.632098376750946045e-01
4.632098376750946045e-01
4.632098376750946045e-01
4.632098376750946045e-01
4.632098376750946045e-01
4.632098376750946045e-01
4.632098376750946045e-01
5.054057240486145020e-01
4.632098376750946045e-01
4.632098376750946045e-01
4.632098376750946045e-01
4.632098376750946045e-01
4.632098376750946045e-01
4.632098376750946045e-01
4.632098376750946045e-01
4.632098376750946045e-01
4.632098376750946045e-01
4.632098376750946045e-01
4.632098376750946045e-01
4.632098376750946045e-01
4.632098376750946045e-01
4.632098376750946045e-01
4.632098376750946045e-01
4.632098376750946045e-01
4.632098376750946045e-01
4.632098376750946045e-01
4.632098376750946045e-01
4.632098376750946045e-01
4.632098376750946045e-01
4.632098376750946045e-01
4.632098376750946045e-01
4.632098376750946045e-01
4.632098376750946045e-01
4.632098376750946045e-01
4.632098376750946045e-01
4.632098376750946045e-01
0.000000000000000000e+00
4.632098376750946045e-01
4.632098376750946045e-01
4.632098376750946045e-01
4.632098376750946045e-01
4.632098376750946045e-01
4.632098376750946045e-01
4.632098376750946045e-01
4.632098376750946045e-01
4.632098376750946045e-01
4.632098376750946045e-01
4.632098376750946045e-01
4.632098376750946045e-01
4.632098376750946045e-01
0.000000000000000000e+00
0.000000000000000000e+00
0.000000000000000000e+00
4.632098376750946045e-01
0.000000000000000000e+00
0.000000000000000000e+00
4.632098376750946045e-01
0.000000000000000000e+00
0.000000000000000000e+00
0.000000000000000000e+00
4.632098376750946045e-01
0.000000000000000000e+00
0.000000000000000000e+00
0.000000000000000000e+00
0.000000000000000000e+00
0.000000000000000000e+00
0.000000000000000000e+00
0.000000000000000000e+00
0.000000000000000000e+00
0.000000000000000000e+00
4.632098376750946045e-01
4.632098376750946045e-01
0.000000000000000000e+00
0.000000000000000000e+00
0.000000000000000000e+00
0.000000000000000000e+00
0.000000000000000000e+00
0.000000000000000000e+00
0.000000000000000000e+00
0.000000000000000000e+00
0.000000000000000000e+00
0.000000000000000000e+00
0.000000000000000000e+00
4.632098376750946045e-01
4.632098376750946045e-01
0.000000000000000000e+00
0.000000000000000000e+00
0.000000000000000000e+00
0.000000000000000000e+00
0.000000000000000000e+00
4.632098376750946045e-01
4.632098376750946045e-01
4.632098376750946045e-01
4.632098376750946045e-01
4.632098376750946045e-01
4.632098376750946045e-01
4.632098376750946045e-01
4.632098376750946045e-01
4.632098376750946045e-01
4.632098376750946045e-01
4.632098376750946045e-01
4.632098376750946045e-01
4.632098376750946045e-01
4.632098376750946045e-01
4.632098376750946045e-01
4.632098376750946045e-01
4.632098376750946045e-01
4.632098376750946045e-01
4.632098376750946045e-01
4.632098376750946045e-01
4.632098376750946045e-01
4.632098376750946045e-01
4.632098376750946045e-01
4.632098376750946045e-01
4.632098376750946045e-01
4.632098376750946045e-01
4.632098376750946045e-01
4.632098376750946045e-01
4.632098376750946045e-01
4.632098376750946045e-01
4.632098376750946045e-01
4.632098376750946045e-01
4.632098376750946045e-01
4.632098376750946045e-01
4.632098376750946045e-01
4.632098376750946045e-01
4.632098376750946045e-01
4.632098376750946045e-01
4.632098376750946045e-01
4.632098376750946045e-01
4.632098376750946045e-01
4.632098376750946045e-01
4.632098376750946045e-01
4.632098376750946045e-01
4.632098376750946045e-01
4.632098376750946045e-01
4.632098376750946045e-01
4.632098376750946045e-01
4.632098376750946045e-01
4.632098376750946045e-01
4.632098376750946045e-01
4.632098376750946045e-01
4.632098376750946045e-01
4.632098376750946045e-01
4.632098376750946045e-01
4.632098376750946045e-01
4.632098376750946045e-01
4.632098376750946045e-01
4.632098376750946045e-01
4.632098376750946045e-01
4.632098376750946045e-01
4.632098376750946045e-01
4.632098376750946045e-01
4.632098376750946045e-01
4.632098376750946045e-01
4.632098376750946045e-01
4.632098376750946045e-01
4.632098376750946045e-01
4.632098376750946045e-01
4.632098376750946045e-01
4.632098376750946045e-01
4.632098376750946045e-01
4.632098376750946045e-01
4.632098376750946045e-01
4.632098376750946045e-01
4.632098376750946045e-01
4.632098376750946045e-01
4.632098376750946045e-01
4.632098376750946045e-01
4.632098376750946045e-01
4.632098376750946045e-01
4.632098376750946045e-01
4.632098376750946045e-01
4.632098376750946045e-01
4.632098376750946045e-01
4.632098376750946045e-01
4.632098376750946045e-01
4.632098376750946045e-01
4.803774058818817139e-01
4.632098376750946045e-01
4.632098376750946045e-01
4.632098376750946045e-01
4.632098376750946045e-01
4.632098376750946045e-01
4.632098376750946045e-01
4.632098376750946045e-01
4.632098376750946045e-01
4.632098376750946045e-01
4.632098376750946045e-01
4.632098376750946045e-01
4.632098376750946045e-01
4.632098376750946045e-01
4.632098376750946045e-01
4.632098376750946045e-01
4.632098376750946045e-01
0.000000000000000000e+00
0.000000000000000000e+00
0.000000000000000000e+00
4.632098376750946045e-01
4.632098376750946045e-01
4.632098376750946045e-01
4.632098376750946045e-01
4.632098376750946045e-01
4.632098376750946045e-01
4.632098376750946045e-01
4.632098376750946045e-01
4.632098376750946045e-01
4.632098376750946045e-01
4.632098376750946045e-01
4.632098376750946045e-01
4.632098376750946045e-01
4.632098376750946045e-01
4.632098376750946045e-01
4.632098376750946045e-01
4.632098376750946045e-01
4.632098376750946045e-01
4.632098376750946045e-01
4.632098376750946045e-01
4.632098376750946045e-01
4.632098376750946045e-01
4.632098376750946045e-01
4.632098376750946045e-01
4.632098376750946045e-01
4.632098376750946045e-01
4.632098376750946045e-01
4.632098376750946045e-01
4.632098376750946045e-01
4.632098376750946045e-01
4.632098376750946045e-01
4.632098376750946045e-01
4.632098376750946045e-01
4.632098376750946045e-01
4.632098376750946045e-01
4.632098376750946045e-01
4.632098376750946045e-01
4.632098376750946045e-01
4.632098376750946045e-01
4.632098376750946045e-01
4.632098376750946045e-01
0.000000000000000000e+00
4.632098376750946045e-01
4.632098376750946045e-01
4.632098376750946045e-01
4.632098376750946045e-01
4.632098376750946045e-01
4.632098376750946045e-01
4.632098376750946045e-01
4.632098376750946045e-01
4.632098376750946045e-01
4.632098376750946045e-01
4.632098376750946045e-01
0.000000000000000000e+00
4.632098376750946045e-01
0.000000000000000000e+00
0.000000000000000000e+00
0.000000000000000000e+00
4.632098376750946045e-01
2.283722460269927979e-01
0.000000000000000000e+00
0.000000000000000000e+00
0.000000000000000000e+00
4.632098376750946045e-01
0.000000000000000000e+00
4.632098376750946045e-01
4.632098376750946045e-01
4.632098376750946045e-01
4.632098376750946045e-01
4.632098376750946045e-01
4.632098376750946045e-01
4.632098376750946045e-01
4.632098376750946045e-01
4.632098376750946045e-01
4.632098376750946045e-01
4.632098376750946045e-01
4.632098376750946045e-01
4.632098376750946045e-01
4.632098376750946045e-01
4.632098376750946045e-01
4.632098376750946045e-01
4.632098376750946045e-01
4.632098376750946045e-01
4.632098376750946045e-01
4.632098376750946045e-01
4.632098376750946045e-01
4.632098376750946045e-01
4.632098376750946045e-01
4.632098376750946045e-01
4.632098376750946045e-01
4.632098376750946045e-01
4.632098376750946045e-01
4.632098376750946045e-01
4.632098376750946045e-01
4.632098376750946045e-01
4.632098376750946045e-01
4.632098376750946045e-01
4.632098376750946045e-01
4.632098376750946045e-01
4.632098376750946045e-01
4.632098376750946045e-01
4.632098376750946045e-01
4.632098376750946045e-01
4.632098376750946045e-01
4.632098376750946045e-01
4.632098376750946045e-01
4.632098376750946045e-01
4.632098376750946045e-01
4.632098376750946045e-01
4.632098376750946045e-01
4.632098376750946045e-01
4.632098376750946045e-01
4.632098376750946045e-01
4.632098376750946045e-01
4.632098376750946045e-01
4.632098376750946045e-01
4.632098376750946045e-01
4.632098376750946045e-01
4.632098376750946045e-01
4.632098376750946045e-01
4.632098376750946045e-01
4.632098376750946045e-01
4.632098376750946045e-01
4.632098376750946045e-01
4.632098376750946045e-01
4.632098376750946045e-01
4.632098376750946045e-01
4.632098376750946045e-01
4.632098376750946045e-01
4.632098376750946045e-01
4.632098376750946045e-01
4.632098376750946045e-01
4.632098376750946045e-01
4.632098376750946045e-01
4.632098376750946045e-01
4.632098376750946045e-01
4.632098376750946045e-01
4.632098376750946045e-01
4.632098376750946045e-01
4.632098376750946045e-01
4.632098376750946045e-01
4.632098376750946045e-01
4.632098376750946045e-01
4.632098376750946045e-01
4.632098376750946045e-01
4.632098376750946045e-01
4.632098376750946045e-01
4.632098376750946045e-01
4.632098376750946045e-01
4.632098376750946045e-01
4.632098376750946045e-01
4.632098376750946045e-01
4.632098376750946045e-01
4.632098376750946045e-01
4.632098376750946045e-01
4.632098376750946045e-01
4.632098376750946045e-01
4.632098376750946045e-01
4.632098376750946045e-01
4.632098376750946045e-01
4.632098376750946045e-01
4.632098376750946045e-01
4.632098376750946045e-01
4.632098376750946045e-01
4.632098376750946045e-01
4.632098376750946045e-01
4.632098376750946045e-01
4.802535176277160645e-01
4.632098376750946045e-01
4.632098376750946045e-01
4.632098376750946045e-01
4.632098376750946045e-01
4.632098376750946045e-01
4.632098376750946045e-01
4.632098376750946045e-01
4.632098376750946045e-01
4.632098376750946045e-01
4.632098376750946045e-01
4.632098376750946045e-01
4.632098376750946045e-01
4.632098376750946045e-01
4.632098376750946045e-01
4.632098376750946045e-01
4.632098376750946045e-01
4.632098376750946045e-01
4.632098376750946045e-01
4.632098376750946045e-01
4.632098376750946045e-01
4.632098376750946045e-01
4.632098376750946045e-01
4.632098376750946045e-01
4.632098376750946045e-01
4.632098376750946045e-01
4.632098376750946045e-01
4.632098376750946045e-01
4.632098376750946045e-01
4.632098376750946045e-01
4.632098376750946045e-01
4.632098376750946045e-01
4.632098376750946045e-01
4.632098376750946045e-01
4.632098376750946045e-01
4.632098376750946045e-01
4.632098376750946045e-01
4.632098376750946045e-01
4.632098376750946045e-01
4.632098376750946045e-01
4.632098376750946045e-01
4.632098376750946045e-01
4.632098376750946045e-01
4.632098376750946045e-01
4.632098376750946045e-01
4.632098376750946045e-01
4.632098376750946045e-01
0.000000000000000000e+00
4.632098376750946045e-01
0.000000000000000000e+00
0.000000000000000000e+00
0.000000000000000000e+00
0.000000000000000000e+00
0.000000000000000000e+00
0.000000000000000000e+00
4.632098376750946045e-01
4.632098376750946045e-01
4.632098376750946045e-01
4.632098376750946045e-01
4.632098376750946045e-01
4.632098376750946045e-01
4.632098376750946045e-01
4.543791413307189941e-01
4.632098376750946045e-01
4.632098376750946045e-01
4.632098376750946045e-01
4.632098376750946045e-01
4.632098376750946045e-01
4.632098376750946045e-01
4.632098376750946045e-01
0.000000000000000000e+00
4.680529832839965820e-01
4.632098376750946045e-01
4.632098376750946045e-01
4.632098376750946045e-01
4.632098376750946045e-01
4.632098376750946045e-01
4.632098376750946045e-01
4.632098376750946045e-01
4.632098376750946045e-01
4.632098376750946045e-01
4.632098376750946045e-01
4.632098376750946045e-01
4.632098376750946045e-01
4.632098376750946045e-01
4.632098376750946045e-01
4.632098376750946045e-01
4.632098376750946045e-01
4.632098376750946045e-01
4.632098376750946045e-01
4.632098376750946045e-01
4.632098376750946045e-01
4.632098376750946045e-01
4.632098376750946045e-01
4.632098376750946045e-01
4.632098376750946045e-01
4.632098376750946045e-01
4.632098376750946045e-01
0.000000000000000000e+00
4.684389233589172363e-01
4.632098376750946045e-01
4.632098376750946045e-01
4.793469607830047607e-01
4.632098376750946045e-01
4.585916996002197266e-01
4.638625681400299072e-01
3.996104896068572998e-01
4.620853364467620850e-01
0.000000000000000000e+00
4.632098376750946045e-01
4.588510990142822266e-01
4.627837836742401123e-01
4.632098376750946045e-01
4.632098376750946045e-01
4.632098376750946045e-01
4.632098376750946045e-01
4.632098376750946045e-01
4.632098376750946045e-01
0.000000000000000000e+00
4.632098376750946045e-01
4.632098376750946045e-01
4.632098376750946045e-01
4.632098376750946045e-01
4.632098376750946045e-01
4.632098376750946045e-01
4.632098376750946045e-01
4.632098376750946045e-01
4.632098376750946045e-01
4.632098376750946045e-01
4.632098376750946045e-01
0.000000000000000000e+00
4.632098376750946045e-01
4.632098376750946045e-01
4.632098376750946045e-01
4.632098376750946045e-01
4.632098376750946045e-01
4.632098376750946045e-01
4.632098376750946045e-01
4.633850753307342529e-01
4.632098376750946045e-01
4.632098376750946045e-01
4.632098376750946045e-01
4.632098376750946045e-01
4.632098376750946045e-01
4.632098376750946045e-01
4.632098376750946045e-01
4.632098376750946045e-01
4.632098376750946045e-01
4.632098376750946045e-01
4.632098376750946045e-01
4.632098376750946045e-01
4.632098376750946045e-01
4.632098376750946045e-01
4.632098376750946045e-01
4.632098376750946045e-01
4.632098376750946045e-01
4.632098376750946045e-01
4.632098376750946045e-01
4.632098376750946045e-01
4.632098376750946045e-01
4.632098376750946045e-01
4.632098376750946045e-01
4.632098376750946045e-01
4.632098376750946045e-01
4.632098376750946045e-01
4.632098376750946045e-01
4.632098376750946045e-01
4.632098376750946045e-01
4.632098376750946045e-01
4.632098376750946045e-01
4.632098376750946045e-01
4.632098376750946045e-01
4.632098376750946045e-01
4.632098376750946045e-01
4.632098376750946045e-01
4.632098376750946045e-01
4.632098376750946045e-01
4.632098376750946045e-01
4.632098376750946045e-01
4.632098376750946045e-01
4.632098376750946045e-01
4.632098376750946045e-01
4.632098376750946045e-01
4.632098376750946045e-01
4.632098376750946045e-01
4.632098376750946045e-01
4.632098376750946045e-01
4.632098376750946045e-01
4.632098376750946045e-01
4.632098376750946045e-01
4.632098376750946045e-01
4.632098376750946045e-01
4.632098376750946045e-01
4.632098376750946045e-01
4.632098376750946045e-01
4.632098376750946045e-01
4.632098376750946045e-01
4.632098376750946045e-01
4.632098376750946045e-01
4.632098376750946045e-01
4.632098376750946045e-01
4.632098376750946045e-01
4.632098376750946045e-01
4.632098376750946045e-01
4.632098376750946045e-01
4.632098376750946045e-01
4.641379714012145996e-01
4.632098376750946045e-01
4.632098376750946045e-01
4.632098376750946045e-01
4.632098376750946045e-01
0.000000000000000000e+00
4.642451107501983643e-01
4.632098376750946045e-01
4.632098376750946045e-01
4.632098376750946045e-01
4.632098376750946045e-01
4.632098376750946045e-01
4.632098376750946045e-01
0.000000000000000000e+00
4.632098376750946045e-01
0.000000000000000000e+00
4.632098376750946045e-01
4.632098376750946045e-01
4.632098376750946045e-01
4.632098376750946045e-01
0.000000000000000000e+00
4.632098376750946045e-01
4.632098376750946045e-01
4.632098376750946045e-01
4.632098376750946045e-01
4.632098376750946045e-01
4.632098376750946045e-01
4.632098376750946045e-01
4.632098376750946045e-01
4.632098376750946045e-01
4.632098376750946045e-01
4.632098376750946045e-01
4.632098376750946045e-01
4.632098376750946045e-01
4.632098376750946045e-01
4.632098376750946045e-01
4.632098376750946045e-01
4.632098376750946045e-01
4.632098376750946045e-01
4.632098376750946045e-01
4.632098376750946045e-01
4.632098376750946045e-01
4.632098376750946045e-01
4.632098376750946045e-01
4.632098376750946045e-01
4.632098376750946045e-01
4.632098376750946045e-01
4.632098376750946045e-01
4.632098376750946045e-01
4.632098376750946045e-01
4.632098376750946045e-01
4.632098376750946045e-01
4.632098376750946045e-01
4.632098376750946045e-01
4.632098376750946045e-01
4.632098376750946045e-01
4.632098376750946045e-01
4.632098376750946045e-01
4.632098376750946045e-01
4.632098376750946045e-01
4.632098376750946045e-01
4.632098376750946045e-01
4.632098376750946045e-01
4.632098376750946045e-01
4.632098376750946045e-01
4.632098376750946045e-01
4.632098376750946045e-01
4.632098376750946045e-01
4.632098376750946045e-01
4.632098376750946045e-01
4.632098376750946045e-01
4.632098376750946045e-01
4.632098376750946045e-01
4.632098376750946045e-01
4.632098376750946045e-01
4.632098376750946045e-01
4.632098376750946045e-01
4.632098376750946045e-01
4.632098376750946045e-01
4.632098376750946045e-01
4.632098376750946045e-01
4.632098376750946045e-01
5.028311014175415039e-01
4.632098376750946045e-01
4.632098376750946045e-01
4.632098376750946045e-01
4.632098376750946045e-01
4.632098376750946045e-01
4.632098376750946045e-01
4.632098376750946045e-01
4.632098376750946045e-01
4.632098376750946045e-01
4.632098376750946045e-01
4.632098376750946045e-01
4.632098376750946045e-01
4.632098376750946045e-01
4.632098376750946045e-01
4.632098376750946045e-01
4.632098376750946045e-01
4.632098376750946045e-01
4.632098376750946045e-01
4.632098376750946045e-01
4.632098376750946045e-01
4.632098376750946045e-01
4.632098376750946045e-01
4.632098376750946045e-01
4.632098376750946045e-01
4.632098376750946045e-01
4.632098376750946045e-01
4.632098376750946045e-01
4.632098376750946045e-01
4.632098376750946045e-01
4.632098376750946045e-01
4.632098376750946045e-01
4.632098376750946045e-01
4.632098376750946045e-01
4.632098376750946045e-01
4.632098376750946045e-01
4.632098376750946045e-01
4.632098376750946045e-01
4.632098376750946045e-01
4.632098376750946045e-01
4.632098376750946045e-01
4.632098376750946045e-01
4.632098376750946045e-01
4.632098376750946045e-01
4.632098376750946045e-01
4.632098376750946045e-01
4.632098376750946045e-01
4.632098376750946045e-01
4.632098376750946045e-01
4.632098376750946045e-01
4.632098376750946045e-01
4.632098376750946045e-01
4.632098376750946045e-01
4.632098376750946045e-01
0.000000000000000000e+00
4.632098376750946045e-01
4.632098376750946045e-01
4.632098376750946045e-01
4.632098376750946045e-01
0.000000000000000000e+00
4.632098376750946045e-01
4.632098376750946045e-01
4.632098376750946045e-01
4.632098376750946045e-01
4.632098376750946045e-01
4.632098376750946045e-01
4.632098376750946045e-01
4.632098376750946045e-01
4.632098376750946045e-01
4.632098376750946045e-01
4.632098376750946045e-01
4.632098376750946045e-01
4.632098376750946045e-01
4.632098376750946045e-01
4.632098376750946045e-01
4.632098376750946045e-01
4.632098376750946045e-01
4.632098376750946045e-01
4.632098376750946045e-01
4.632098376750946045e-01
4.632098376750946045e-01
4.632098376750946045e-01
4.632098376750946045e-01
4.632098376750946045e-01
4.632098376750946045e-01
4.632098376750946045e-01
4.632098376750946045e-01
4.632098376750946045e-01
4.632098376750946045e-01
4.632098376750946045e-01
4.632098376750946045e-01
4.632098376750946045e-01
4.632098376750946045e-01
4.632098376750946045e-01
4.632098376750946045e-01
4.632098376750946045e-01
4.632098376750946045e-01
4.632098376750946045e-01
4.632098376750946045e-01
4.632098376750946045e-01
4.632098376750946045e-01
4.632098376750946045e-01
4.632098376750946045e-01
4.632098376750946045e-01
4.632098376750946045e-01
4.632098376750946045e-01
4.632098376750946045e-01
4.632098376750946045e-01
4.632098376750946045e-01
4.632098376750946045e-01
4.632098376750946045e-01
4.632098376750946045e-01
4.632098376750946045e-01
4.632098376750946045e-01
4.632098376750946045e-01
4.632098376750946045e-01
4.632098376750946045e-01
4.632098376750946045e-01
4.632098376750946045e-01
4.632098376750946045e-01
4.632098376750946045e-01
4.632098376750946045e-01
4.632098376750946045e-01
4.632098376750946045e-01
4.632098376750946045e-01
4.632098376750946045e-01
4.632098376750946045e-01
4.632098376750946045e-01
4.632098376750946045e-01
4.632098376750946045e-01
4.632098376750946045e-01
4.632098376750946045e-01
4.632098376750946045e-01
4.632098376750946045e-01
4.632098376750946045e-01
4.632098376750946045e-01
4.632098376750946045e-01
4.632098376750946045e-01
4.632098376750946045e-01
4.632098376750946045e-01
4.632098376750946045e-01
4.632098376750946045e-01
4.632098376750946045e-01
4.632098376750946045e-01
4.671252667903900146e-01
4.632098376750946045e-01
0.000000000000000000e+00
4.632098376750946045e-01
4.632098376750946045e-01
0.000000000000000000e+00
0.000000000000000000e+00
4.632098376750946045e-01
4.632098376750946045e-01
4.632098376750946045e-01
4.632098376750946045e-01
4.632098376750946045e-01
4.632098376750946045e-01
4.632098376750946045e-01
4.632098376750946045e-01
4.632098376750946045e-01
0.000000000000000000e+00
0.000000000000000000e+00
4.646036028861999512e-01
0.000000000000000000e+00
0.000000000000000000e+00
4.632098376750946045e-01
4.632098376750946045e-01
4.632098376750946045e-01
4.632098376750946045e-01
0.000000000000000000e+00
0.000000000000000000e+00
0.000000000000000000e+00
0.000000000000000000e+00
0.000000000000000000e+00
4.632098376750946045e-01
0.000000000000000000e+00
0.000000000000000000e+00
3.258261680603027344e-01
0.000000000000000000e+00
4.632098376750946045e-01
4.632098376750946045e-01
0.000000000000000000e+00
0.000000000000000000e+00
0.000000000000000000e+00
0.000000000000000000e+00
0.000000000000000000e+00
4.632098376750946045e-01
4.632098376750946045e-01
0.000000000000000000e+00
0.000000000000000000e+00
4.632098376750946045e-01
4.632098376750946045e-01
4.632098376750946045e-01
4.632098376750946045e-01
4.632098376750946045e-01
4.632098376750946045e-01
4.632098376750946045e-01
4.632098376750946045e-01
0.000000000000000000e+00
4.632098376750946045e-01
4.632098376750946045e-01
4.632098376750946045e-01
0.000000000000000000e+00
0.000000000000000000e+00
0.000000000000000000e+00
0.000000000000000000e+00
0.000000000000000000e+00
0.000000000000000000e+00
4.632098376750946045e-01
0.000000000000000000e+00
4.632098376750946045e-01
4.632098376750946045e-01
0.000000000000000000e+00
0.000000000000000000e+00
4.640300869941711426e-01
0.000000000000000000e+00
4.632098376750946045e-01
4.632098376750946045e-01
4.632098376750946045e-01
4.632098376750946045e-01
0.000000000000000000e+00
0.000000000000000000e+00
4.632098376750946045e-01
4.622107744216918945e-01
4.632098376750946045e-01
0.000000000000000000e+00
0.000000000000000000e+00
4.647752940654754639e-01
0.000000000000000000e+00
4.613710343837738037e-01
0.000000000000000000e+00
0.000000000000000000e+00
0.000000000000000000e+00
3.359734117984771729e-01
4.632098376750946045e-01
0.000000000000000000e+00
0.000000000000000000e+00
4.632098376750946045e-01
0.000000000000000000e+00
0.000000000000000000e+00
4.632098376750946045e-01
4.543843865394592285e-01
4.632098376750946045e-01
4.632098376750946045e-01
0.000000000000000000e+00
4.612327814102172852e-01
4.601127803325653076e-01
4.632098376750946045e-01
4.632098376750946045e-01
4.632098376750946045e-01
4.632098376750946045e-01
4.632098376750946045e-01
4.632098376750946045e-01
4.632098376750946045e-01
4.632098376750946045e-01
4.632098376750946045e-01
4.632098376750946045e-01
4.632098376750946045e-01
4.632098376750946045e-01
4.632098376750946045e-01
4.632098376750946045e-01
4.632098376750946045e-01
5.110557079315185547e-01
0.000000000000000000e+00
4.632098376750946045e-01
4.632098376750946045e-01
4.632098376750946045e-01
0.000000000000000000e+00
0.000000000000000000e+00
0.000000000000000000e+00
0.000000000000000000e+00
0.000000000000000000e+00
0.000000000000000000e+00
0.000000000000000000e+00
0.000000000000000000e+00
0.000000000000000000e+00
3.065761923789978027e-01
0.000000000000000000e+00
0.000000000000000000e+00
0.000000000000000000e+00
0.000000000000000000e+00
0.000000000000000000e+00
0.000000000000000000e+00
0.000000000000000000e+00
0.000000000000000000e+00
0.000000000000000000e+00
0.000000000000000000e+00
0.000000000000000000e+00
4.908825457096099854e-01
0.000000000000000000e+00
0.000000000000000000e+00
0.000000000000000000e+00
0.000000000000000000e+00
4.810258746147155762e-01
0.000000000000000000e+00
4.632098376750946045e-01
4.632098376750946045e-01
4.632098376750946045e-01
4.632098376750946045e-01
4.632098376750946045e-01
4.632098376750946045e-01
4.632098376750946045e-01
4.632098376750946045e-01
4.632098376750946045e-01
4.632098376750946045e-01
4.632098376750946045e-01
