5.204073786735534668e-01
5.204371213912963867e-01
5.203494429588317871e-01
5.202353596687316895e-01
5.201938152313232422e-01
5.204722881317138672e-01
5.205153822898864746e-01
5.204407572746276855e-01
5.204054713249206543e-01
5.197197794914245605e-01
5.202296972274780273e-01
5.200030803680419922e-01
5.203274488449096680e-01
5.202913880348205566e-01
5.206016302108764648e-01
5.206034779548645020e-01
5.207038521766662598e-01
5.205811262130737305e-01
5.205646753311157227e-01
5.208122730255126953e-01
5.209283828735351562e-01
5.205966234207153320e-01
5.186335444450378418e-01
5.206032991409301758e-01
5.206232666969299316e-01
5.206474065780639648e-01
5.203339457511901855e-01
5.206218361854553223e-01
5.202988386154174805e-01
5.202361941337585449e-01
5.202560424804687500e-01
5.203136801719665527e-01
5.197937488555908203e-01
5.212205052375793457e-01
5.207843184471130371e-01
5.213875174522399902e-01
5.204303860664367676e-01
5.201944708824157715e-01
5.207321047782897949e-01
5.208206772804260254e-01
5.205878019332885742e-01
5.206901431083679199e-01
5.205162763595581055e-01
5.206370353698730469e-01
5.205634832382202148e-01
5.215449929237365723e-01
5.205318331718444824e-01
5.204381942749023438e-01
5.205411911010742188e-01
5.200452208518981934e-01
5.203133821487426758e-01
5.205323100090026855e-01
5.206884741783142090e-01
5.202794671058654785e-01
5.194514989852905273e-01
5.204383730888366699e-01
5.205324888229370117e-01
5.204262137413024902e-01
5.209341645240783691e-01
5.207925438880920410e-01
5.208191275596618652e-01
5.208143591880798340e-01
5.206233263015747070e-01
5.202870965003967285e-01
5.202280879020690918e-01
5.205308198928833008e-01
5.200783014297485352e-01
5.204861164093017578e-01
5.204905867576599121e-01
5.205526351928710938e-01
5.204644799232482910e-01
5.204902291297912598e-01
5.204790234565734863e-01
5.199945569038391113e-01
5.204210281372070312e-01
5.204393863677978516e-01
5.205505490303039551e-01
5.201764106750488281e-01
5.204039216041564941e-01
5.204422473907470703e-01
5.204924345016479492e-01
5.204598903656005859e-01
5.204610824584960938e-01
5.204559564590454102e-01
5.208547115325927734e-01
5.206598639488220215e-01
5.208030939102172852e-01
5.206052660942077637e-01
5.203620791435241699e-01
5.203599333763122559e-01
5.197933316230773926e-01
5.202117562294006348e-01
5.201262235641479492e-01
5.200831890106201172e-01
5.198372006416320801e-01
5.200771689414978027e-01
5.201023221015930176e-01
5.201452374458312988e-01
5.201616883277893066e-01
5.200897455215454102e-01
5.200749635696411133e-01
5.201048254966735840e-01
5.200916528701782227e-01
5.200988650321960449e-01
5.200722217559814453e-01
5.200576782226562500e-01
5.200783014297485352e-01
5.201318860054016113e-01
5.201949477195739746e-01
5.204321146011352539e-01
5.202459096908569336e-01
5.201790332794189453e-01
5.198456645011901855e-01
5.202479958534240723e-01
5.201313495635986328e-01
5.201721787452697754e-01
5.201584100723266602e-01
5.201935768127441406e-01
5.202075839042663574e-01
5.201351642608642578e-01
5.200997591018676758e-01
5.200669765472412109e-01
5.201901197433471680e-01
5.202994346618652344e-01
5.203143954277038574e-01
5.203245878219604492e-01
5.203536748886108398e-01
5.202141404151916504e-01
5.203595161437988281e-01
5.203587412834167480e-01
5.203595757484436035e-01
5.203570127487182617e-01
5.203773975372314453e-01
5.203812122344970703e-01
5.203896760940551758e-01
5.201124548912048340e-01
5.202534794807434082e-01
5.202602744102478027e-01
5.200154185295104980e-01
5.201461315155029297e-01
5.209854245185852051e-01
5.202400088310241699e-01
5.203067064285278320e-01
5.203089714050292969e-01
5.201708674430847168e-01
5.177744030952453613e-01
5.202012062072753906e-01
5.205525755882263184e-01
5.197655558586120605e-01
5.206908583641052246e-01
5.210933089256286621e-01
5.206927657127380371e-01
5.206442475318908691e-01
5.208598971366882324e-01
5.191252231597900391e-01
5.195011496543884277e-01
5.203444957733154297e-01
5.207648277282714844e-01
5.206483602523803711e-01
5.202544927597045898e-01
5.206093192100524902e-01
5.198911428451538086e-01
5.208902955055236816e-01
5.208835601806640625e-01
5.208185911178588867e-01
5.206637382507324219e-01
5.201694965362548828e-01
5.202004909515380859e-01
5.201624631881713867e-01
5.203752517700195312e-01
5.203611254692077637e-01
5.203822255134582520e-01
5.204545259475708008e-01
5.204320549964904785e-01
5.205009579658508301e-01
5.201976895332336426e-01
5.200935602188110352e-01
5.198812484741210938e-01
5.201701521873474121e-01
5.200021862983703613e-01
5.205178260803222656e-01
5.203601121902465820e-01
5.206881761550903320e-01
5.205042362213134766e-01
5.207038521766662598e-01
5.205093026161193848e-01
5.205698609352111816e-01
5.202133059501647949e-01
5.207217931747436523e-01
5.207908153533935547e-01
5.206712484359741211e-01
5.206475257873535156e-01
5.206100344657897949e-01
5.203077793121337891e-01
5.205745697021484375e-01
5.207383036613464355e-01
5.206900238990783691e-01
5.207947492599487305e-01
5.207477211952209473e-01
5.205919146537780762e-01
5.205484032630920410e-01
5.197322964668273926e-01
5.204176902770996094e-01
5.205550789833068848e-01
5.211302042007446289e-01
5.200132727622985840e-01
5.207458138465881348e-01
5.207377672195434570e-01
5.206325650215148926e-01
5.205406546592712402e-01
5.205594897270202637e-01
5.201709866523742676e-01
5.203757286071777344e-01
5.202823281288146973e-01
5.201990604400634766e-01
5.202158689498901367e-01
5.202122330665588379e-01
5.201427340507507324e-01
5.201382040977478027e-01
5.201023817062377930e-01
5.200698971748352051e-01
5.200706720352172852e-01
5.200924873352050781e-01
5.200192928314208984e-01
5.201023817062377930e-01
5.201042294502258301e-01
5.201348662376403809e-01
5.198531746864318848e-01
5.201566815376281738e-01
5.201032161712646484e-01
5.201812386512756348e-01
5.201801061630249023e-01
5.201581120491027832e-01
5.201126933097839355e-01
5.200708508491516113e-01
5.200968384742736816e-01
5.200967192649841309e-01
5.200885534286499023e-01
5.200609564781188965e-01
5.201354622840881348e-01
5.200743079185485840e-01
5.201163887977600098e-01
5.201050043106079102e-01
5.201900005340576172e-01
5.201746225357055664e-01
5.200527906417846680e-01
5.196939706802368164e-01
5.201058387756347656e-01
5.202023983001708984e-01
5.203211903572082520e-01
5.203320384025573730e-01
5.202530026435852051e-01
5.203095674514770508e-01
5.203652977943420410e-01
5.203291773796081543e-01
5.203593373298645020e-01
5.205954313278198242e-01
5.205075740814208984e-01
5.204170346260070801e-01
5.206643939018249512e-01
5.212771296501159668e-01
5.207579731941223145e-01
5.207250118255615234e-01
5.208752751350402832e-01
5.200721025466918945e-01
5.207829475402832031e-01
5.208188891410827637e-01
5.206586122512817383e-01
5.205954909324645996e-01
5.217108130455017090e-01
5.199388861656188965e-01
5.199277400970458984e-01
5.202813148498535156e-01
5.207573175430297852e-01
5.207120776176452637e-01
5.207267403602600098e-01
5.208427309989929199e-01
5.208240747451782227e-01
5.207492113113403320e-01
5.207710266113281250e-01
5.209190249443054199e-01
5.208413600921630859e-01
5.207585692405700684e-01
5.205431580543518066e-01
5.204558968544006348e-01
5.204019546508789062e-01
5.206133723258972168e-01
5.206848382949829102e-01
5.207247734069824219e-01
5.205957889556884766e-01
5.208688974380493164e-01
5.207319259643554688e-01
5.176568031311035156e-01
5.148206949234008789e-01
5.203313827514648438e-01
5.207703113555908203e-01
5.203000903129577637e-01
5.202959179878234863e-01
5.194029211997985840e-01
5.208554863929748535e-01
5.196970701217651367e-01
5.205996632575988770e-01
5.208210945129394531e-01
5.208226442337036133e-01
5.205557346343994141e-01
5.175787210464477539e-01
5.207166671752929688e-01
5.207188129425048828e-01
5.208752155303955078e-01
5.208878517150878906e-01
5.208771228790283203e-01
5.210269689559936523e-01
5.206836462020874023e-01
5.203562378883361816e-01
5.204185247421264648e-01
5.209091305732727051e-01
5.168617963790893555e-01
5.184644460678100586e-01
5.204926133155822754e-01
5.206592679023742676e-01
5.205457806587219238e-01
5.202959179878234863e-01
5.203329324722290039e-01
5.204200148582458496e-01
5.202614665031433105e-01
5.203652381896972656e-01
5.205716490745544434e-01
5.203666090965270996e-01
5.204996466636657715e-01
5.207078456878662109e-01
5.205094218254089355e-01
5.198512673377990723e-01
5.207244753837585449e-01
5.204438567161560059e-01
5.202672481536865234e-01
5.203421711921691895e-01
5.202853083610534668e-01
5.203685760498046875e-01
5.202792882919311523e-01
5.203820466995239258e-01
5.203372240066528320e-01
5.202235579490661621e-01
5.202928781509399414e-01
5.203244686126708984e-01
5.202922224998474121e-01
5.203306674957275391e-01
5.203657150268554688e-01
5.202777981758117676e-01
5.203332901000976562e-01
5.203513503074645996e-01
5.202749371528625488e-01
5.202743411064147949e-01
5.203983187675476074e-01
5.204288363456726074e-01
5.200771093368530273e-01
5.204944610595703125e-01
5.177487730979919434e-01
5.202082395553588867e-01
5.202242136001586914e-01
5.202680826187133789e-01
5.202991366386413574e-01
5.203095674514770508e-01
5.205708742141723633e-01
5.206959247589111328e-01
5.206363797187805176e-01
5.203517675399780273e-01
5.207175016403198242e-01
5.204296112060546875e-01
5.191465616226196289e-01
5.204002857208251953e-01
5.203645825386047363e-01
5.206746459007263184e-01
5.207036733627319336e-01
5.205839276313781738e-01
5.205977559089660645e-01
5.202692151069641113e-01
5.207917690277099609e-01
5.208373665809631348e-01
5.206614136695861816e-01
5.205534100532531738e-01
5.204086303710937500e-01
5.209106802940368652e-01
5.207250118255615234e-01
5.207664370536804199e-01
5.204348564147949219e-01
5.203790664672851562e-01
5.205310583114624023e-01
5.197500586509704590e-01
5.202558040618896484e-01
5.205737948417663574e-01
5.204942226409912109e-01
5.207102894783020020e-01
5.202544927597045898e-01
5.201902389526367188e-01
5.206506252288818359e-01
5.205557346343994141e-01
5.206801891326904297e-01
5.207137465476989746e-01
5.207797288894653320e-01
5.207792520523071289e-01
5.207307934761047363e-01
5.205110311508178711e-01
5.204157829284667969e-01
5.208677649497985840e-01
5.207861065864562988e-01
5.207977890968322754e-01
5.207791924476623535e-01
5.209188461303710938e-01
5.200434923171997070e-01
5.214527845382690430e-01
5.214254856109619141e-01
5.205988883972167969e-01
5.208854675292968750e-01
5.199847221374511719e-01
5.208014249801635742e-01
5.206446647644042969e-01
5.208077430725097656e-01
5.212224125862121582e-01
5.206282138824462891e-01
5.205923318862915039e-01
5.203763246536254883e-01
5.202144980430603027e-01
5.204691886901855469e-01
5.205295085906982422e-01
5.205512046813964844e-01
5.203266143798828125e-01
5.200958847999572754e-01
5.201284885406494141e-01
5.202527046203613281e-01
5.203183293342590332e-01
5.202675461769104004e-01
5.202627182006835938e-01
5.201167464256286621e-01
5.199431180953979492e-01
5.202326178550720215e-01
5.202671885490417480e-01
5.203813910484313965e-01
5.200645327568054199e-01
5.201792120933532715e-01
5.200338959693908691e-01
5.201076865196228027e-01
5.201882123947143555e-01
5.201570391654968262e-01
5.201606750488281250e-01
5.202491879463195801e-01
5.203243494033813477e-01
5.203198790550231934e-01
5.203751921653747559e-01
5.204015970230102539e-01
5.203638672828674316e-01
5.204988718032836914e-01
5.202479362487792969e-01
5.203495025634765625e-01
5.202540755271911621e-01
5.203478336334228516e-01
5.202316045761108398e-01
5.188301205635070801e-01
5.204626917839050293e-01
5.205237865447998047e-01
5.206444859504699707e-01
5.172719955444335938e-01
5.205156803131103516e-01
5.196717977523803711e-01
5.201893448829650879e-01
5.204476714134216309e-01
5.206671953201293945e-01
5.207370519638061523e-01
5.207317471504211426e-01
5.207397937774658203e-01
5.207007527351379395e-01
5.205890536308288574e-01
5.205023884773254395e-01
5.207694768905639648e-01
5.208307504653930664e-01
5.208431482315063477e-01
5.206986665725708008e-01
5.207062363624572754e-01
5.207518935203552246e-01
5.207661986351013184e-01
5.207642912864685059e-01
5.208098888397216797e-01
5.206372737884521484e-01
5.207005143165588379e-01
5.207182765007019043e-01
5.207893848419189453e-01
5.208132266998291016e-01
5.206379890441894531e-01
5.205214023590087891e-01
5.198161005973815918e-01
5.208641886711120605e-01
5.208021402359008789e-01
5.198274254798889160e-01
5.207452178001403809e-01
5.203744173049926758e-01
5.201457738876342773e-01
5.196700692176818848e-01
5.204709768295288086e-01
5.204664468765258789e-01
5.204083323478698730e-01
5.205593705177307129e-01
5.206381678581237793e-01
5.206403732299804688e-01
5.207169651985168457e-01
5.202184319496154785e-01
5.208604335784912109e-01
5.204836130142211914e-01
5.201708078384399414e-01
5.212007761001586914e-01
5.090874433517456055e-01
5.206369757652282715e-01
5.207967758178710938e-01
5.205312967300415039e-01
5.205143690109252930e-01
5.207725167274475098e-01
5.208380222320556641e-01
5.209058523178100586e-01
5.208619832992553711e-01
5.208519101142883301e-01
5.207403898239135742e-01
5.202270746231079102e-01
5.202948451042175293e-01
5.201895236968994141e-01
5.202404856681823730e-01
5.203785300254821777e-01
5.203577876091003418e-01
5.203615427017211914e-01
5.203803181648254395e-01
5.203341841697692871e-01
5.203509330749511719e-01
5.203014016151428223e-01
5.204304456710815430e-01
5.202831625938415527e-01
5.203738808631896973e-01
5.203385353088378906e-01
5.204010605812072754e-01
5.200038552284240723e-01
5.202571153640747070e-01
5.202465653419494629e-01
5.201339125633239746e-01
5.201887488365173340e-01
5.202058553695678711e-01
5.202101469039916992e-01
5.202628970146179199e-01
5.198894143104553223e-01
5.204150080680847168e-01
5.202059745788574219e-01
5.202057361602783203e-01
5.202545523643493652e-01
5.202560424804687500e-01
5.201972126960754395e-01
5.202203989028930664e-01
5.202328562736511230e-01
5.203284025192260742e-01
5.202895402908325195e-01
5.204135179519653320e-01
5.203253626823425293e-01
5.202124714851379395e-01
5.202652812004089355e-01
5.202994346618652344e-01
5.203009843826293945e-01
5.204212665557861328e-01
5.204315781593322754e-01
5.204805731773376465e-01
5.202990770339965820e-01
5.203303694725036621e-01
5.211361646652221680e-01
5.208226442337036133e-01
5.207791924476623535e-01
5.208360552787780762e-01
5.208144783973693848e-01
5.208099484443664551e-01
5.207366943359375000e-01
5.205494761466979980e-01
5.205878615379333496e-01
5.205340981483459473e-01
5.204635262489318848e-01
5.207505226135253906e-01
5.208940505981445312e-01
5.197675824165344238e-01
5.207016468048095703e-01
5.206382274627685547e-01
5.206789374351501465e-01
5.202307701110839844e-01
5.204281806945800781e-01
5.203415155410766602e-01
5.203309059143066406e-01
5.203020572662353516e-01
5.202776789665222168e-01
5.202342271804809570e-01
5.199218392372131348e-01
5.202297568321228027e-01
5.202130675315856934e-01
5.201942324638366699e-01
5.202246308326721191e-01
5.202122330665588379e-01
5.201653838157653809e-01
5.201181769371032715e-01
5.200535058975219727e-01
5.200430750846862793e-01
5.200780630111694336e-01
5.200635194778442383e-01
5.199357867240905762e-01
5.202471017837524414e-01
5.202120542526245117e-01
5.200334787368774414e-01
5.201114416122436523e-01
5.200651884078979492e-01
5.200586915016174316e-01
5.201587677001953125e-01
5.200579762458801270e-01
5.198733806610107422e-01
5.200585722923278809e-01
5.200313925743103027e-01
5.200134515762329102e-01
5.201966762542724609e-01
5.198692679405212402e-01
5.200824141502380371e-01
5.201405286788940430e-01
5.200634002685546875e-01
5.199093222618103027e-01
5.201428532600402832e-01
5.202572941780090332e-01
5.201656818389892578e-01
5.203163027763366699e-01
5.197741985321044922e-01
5.202501416206359863e-01
5.198642611503601074e-01
5.202652812004089355e-01
5.203415155410766602e-01
5.204484462738037109e-01
5.202234387397766113e-01
5.196968317031860352e-01
5.203374028205871582e-01
5.202472209930419922e-01
5.202223658561706543e-01
5.206344723701477051e-01
5.208092331886291504e-01
5.208490490913391113e-01
5.207628607749938965e-01
5.209690928459167480e-01
5.207769870758056641e-01
5.208283066749572754e-01
5.206981897354125977e-01
5.204949378967285156e-01
5.207936167716979980e-01
5.207298994064331055e-01
5.208715200424194336e-01
5.204876661300659180e-01
5.204849243164062500e-01
5.204797983169555664e-01
5.203429460525512695e-01
5.202043652534484863e-01
5.201271176338195801e-01
5.201476216316223145e-01
5.201855897903442383e-01
5.201889872550964355e-01
5.202268362045288086e-01
5.202751159667968750e-01
5.202132463455200195e-01
5.201328992843627930e-01
5.202689170837402344e-01
5.201846361160278320e-01
5.201944708824157715e-01
5.202717781066894531e-01
5.202778577804565430e-01
5.202059149742126465e-01
5.201883316040039062e-01
5.201392769813537598e-01
5.200871229171752930e-01
5.201833844184875488e-01
5.200610160827636719e-01
5.201165676116943359e-01
5.200656652450561523e-01
5.199778079986572266e-01
5.193774700164794922e-01
5.199741125106811523e-01
5.201004743576049805e-01
5.201271772384643555e-01
5.202571153640747070e-01
5.172233581542968750e-01
5.203523039817810059e-01
5.203735232353210449e-01
5.204515457153320312e-01
5.204179883003234863e-01
5.202589631080627441e-01
5.203984379768371582e-01
5.203689932823181152e-01
5.204223394393920898e-01
5.204045772552490234e-01
5.205357074737548828e-01
5.206742882728576660e-01
5.204229950904846191e-01
5.205163955688476562e-01
5.205177664756774902e-01
5.206518769264221191e-01
5.203250646591186523e-01
5.201967954635620117e-01
5.204176902770996094e-01
5.204133391380310059e-01
5.204037427902221680e-01
5.205727815628051758e-01
5.204074978828430176e-01
5.204150676727294922e-01
5.202915668487548828e-01
5.203237533569335938e-01
5.202339291572570801e-01
5.201799273490905762e-01
5.202339887619018555e-01
5.202311873435974121e-01
5.203273296356201172e-01
5.203676223754882812e-01
5.203210115432739258e-01
5.202125310897827148e-01
5.202984213829040527e-01
5.203532576560974121e-01
5.203189253807067871e-01
5.203844308853149414e-01
5.203415751457214355e-01
5.203183889389038086e-01
5.202487707138061523e-01
5.198770165443420410e-01
5.203180909156799316e-01
5.202684402465820312e-01
5.202049612998962402e-01
5.203241109848022461e-01
5.203250646591186523e-01
5.204403400421142578e-01
5.203641057014465332e-01
5.203462243080139160e-01
5.203020572662353516e-01
5.204679369926452637e-01
5.204746723175048828e-01
5.204710364341735840e-01
5.203449130058288574e-01
5.205113887786865234e-01
5.201812386512756348e-01
5.205302238464355469e-01
5.204935669898986816e-01
5.205467939376831055e-01
5.203291177749633789e-01
5.206222534179687500e-01
5.203003287315368652e-01
5.199592709541320801e-01
5.207365155220031738e-01
5.196949839591979980e-01
5.203940272331237793e-01
5.206027030944824219e-01
5.204486846923828125e-01
5.204928517341613770e-01
5.208676457405090332e-01
5.216058492660522461e-01
5.206475257873535156e-01
5.206140875816345215e-01
5.203278064727783203e-01
5.203300714492797852e-01
5.201782584190368652e-01
5.203287005424499512e-01
5.201965570449829102e-01
5.200780034065246582e-01
5.201643705368041992e-01
5.200803875923156738e-01
5.201203227043151855e-01
5.200784206390380859e-01
5.200913548469543457e-01
5.200713872909545898e-01
5.201473832130432129e-01
5.200673937797546387e-01
5.201424956321716309e-01
5.201865434646606445e-01
5.201389193534851074e-01
5.201771259307861328e-01
5.201904773712158203e-01
5.201889872550964355e-01
5.203067660331726074e-01
5.203816890716552734e-01
5.203510522842407227e-01
5.202972888946533203e-01
5.202288627624511719e-01
5.201420187950134277e-01
5.201289057731628418e-01
5.201199054718017578e-01
5.204408168792724609e-01
5.202894806861877441e-01
5.203270912170410156e-01
5.203784108161926270e-01
5.203968882560729980e-01
5.202573537826538086e-01
5.201998949050903320e-01
5.202113389968872070e-01
5.201510190963745117e-01
5.201367735862731934e-01
5.201219320297241211e-01
5.200883746147155762e-01
5.200721025466918945e-01
5.200817584991455078e-01
5.200819373130798340e-01
5.201770663261413574e-01
5.202285647392272949e-01
5.204609036445617676e-01
5.204373002052307129e-01
5.204121470451354980e-01
5.205848217010498047e-01
5.204323530197143555e-01
5.206982493400573730e-01
5.206891894340515137e-01
5.207906961441040039e-01
5.203911066055297852e-01
5.208264589309692383e-01
5.208050608634948730e-01
5.206543207168579102e-01
5.205308198928833008e-01
5.203930735588073730e-01
5.205271840095520020e-01
5.213480591773986816e-01
5.209456682205200195e-01
5.199080109596252441e-01
5.205787420272827148e-01
5.203429460525512695e-01
5.202343463897705078e-01
5.204799175262451172e-01
5.205174684524536133e-01
5.206093788146972656e-01
5.208489298820495605e-01
5.207226872444152832e-01
5.199922919273376465e-01
5.203392505645751953e-01
5.203655958175659180e-01
5.203275680541992188e-01
5.200182199478149414e-01
5.211700797080993652e-01
5.203459858894348145e-01
5.202049016952514648e-01
5.204054117202758789e-01
5.199940204620361328e-01
5.203759074211120605e-01
5.204692482948303223e-01
5.204858183860778809e-01
5.207545757293701172e-01
5.204824209213256836e-01
5.206108093261718750e-01
5.204270482063293457e-01
5.207185745239257812e-01
5.207124948501586914e-01
5.203676223754882812e-01
5.202363729476928711e-01
5.204692482948303223e-01
5.205143690109252930e-01
5.200257301330566406e-01
5.205494761466979980e-01
5.203184485435485840e-01
5.205762386322021484e-01
5.205632448196411133e-01
5.208674669265747070e-01
5.208969116210937500e-01
5.205633044242858887e-01
5.205458402633666992e-01
5.206024050712585449e-01
5.207469463348388672e-01
5.207940340042114258e-01
5.208486914634704590e-01
5.207344889640808105e-01
5.210629701614379883e-01
5.209134221076965332e-01
5.208625197410583496e-01
5.207286477088928223e-01
5.210392475128173828e-01
5.180599689483642578e-01
5.207104682922363281e-01
5.208010077476501465e-01
5.190665721893310547e-01
5.206915736198425293e-01
5.207284688949584961e-01
5.207356214523315430e-01
5.207362771034240723e-01
5.207063555717468262e-01
5.207623243331909180e-01
5.207043290138244629e-01
5.208022594451904297e-01
5.207297205924987793e-01
5.208974480628967285e-01
5.210160017013549805e-01
5.200098156929016113e-01
5.208006501197814941e-01
5.207598805427551270e-01
5.207867622375488281e-01
5.206717848777770996e-01
5.206938982009887695e-01
5.205729007720947266e-01
5.207654833793640137e-01
5.206732153892517090e-01
5.200633406639099121e-01
5.204703211784362793e-01
5.204517841339111328e-01
5.201347470283508301e-01
5.207684636116027832e-01
5.187863707542419434e-01
5.207567214965820312e-01
5.208383202552795410e-01
5.205644369125366211e-01
5.208315849304199219e-01
5.206364393234252930e-01
5.207118988037109375e-01
5.206609368324279785e-01
5.202260613441467285e-01
5.201898217201232910e-01
5.201651453971862793e-01
5.202400684356689453e-01
5.203098654747009277e-01
5.203142762184143066e-01
5.201888084411621094e-01
5.204495191574096680e-01
5.202688574790954590e-01
5.201686620712280273e-01
5.201519131660461426e-01
5.201165080070495605e-01
5.200701951980590820e-01
5.200735330581665039e-01
5.200746059417724609e-01
5.200818777084350586e-01
5.200875401496887207e-01
5.200573801994323730e-01
5.201245546340942383e-01
5.201519131660461426e-01
5.202273726463317871e-01
5.199484229087829590e-01
5.201491713523864746e-01
5.201017856597900391e-01
5.200987458229064941e-01
5.200834870338439941e-01
5.200739502906799316e-01
5.200561881065368652e-01
5.200511217117309570e-01
5.200605988502502441e-01
5.200821757316589355e-01
5.200567245483398438e-01
5.200815200805664062e-01
5.201109051704406738e-01
5.200996398925781250e-01
5.200883150100708008e-01
5.201734304428100586e-01
5.201517343521118164e-01
5.201106071472167969e-01
5.200724601745605469e-01
5.200670957565307617e-01
5.198714733123779297e-01
5.200655460357666016e-01
5.200994014739990234e-01
5.200758576393127441e-01
5.200908780097961426e-01
5.201591849327087402e-01
5.198977589607238770e-01
5.201174616813659668e-01
5.200811624526977539e-01
5.200635194778442383e-01
5.200958847999572754e-01
5.201225876808166504e-01
5.203274488449096680e-01
5.200204849243164062e-01
5.208453536033630371e-01
5.205301046371459961e-01
5.204002261161804199e-01
5.203771591186523438e-01
5.204662084579467773e-01
5.207296609878540039e-01
5.199933052062988281e-01
5.207879543304443359e-01
5.208011269569396973e-01
5.205682516098022461e-01
5.206366777420043945e-01
5.204629302024841309e-01
5.203019380569458008e-01
5.203194618225097656e-01
5.203405022621154785e-01
5.202424526214599609e-01
5.206235647201538086e-01
5.208818316459655762e-01
5.206131339073181152e-01
5.206680297851562500e-01
5.207422375679016113e-01
5.206817388534545898e-01
5.205619931221008301e-01
5.207651853561401367e-01
5.207908153533935547e-01
5.201875567436218262e-01
5.206800699234008789e-01
5.204939842224121094e-01
5.207151770591735840e-01
5.207738280296325684e-01
5.196317434310913086e-01
5.202865600585937500e-01
5.194345712661743164e-01
5.203619003295898438e-01
5.204520225524902344e-01
5.203269720077514648e-01
5.207617878913879395e-01
5.201716423034667969e-01
5.197142958641052246e-01
5.206255912780761719e-01
5.205993056297302246e-01
5.204836130142211914e-01
5.201740860939025879e-01
5.201867222785949707e-01
5.204269289970397949e-01
5.207161903381347656e-01
5.203527212142944336e-01
5.200167894363403320e-01
5.203570127487182617e-01
5.203123092651367188e-01
5.202696323394775391e-01
5.201882719993591309e-01
5.200685858726501465e-01
5.200667381286621094e-01
5.200824141502380371e-01
5.200949907302856445e-01
5.202864408493041992e-01
5.201125741004943848e-01
5.202021002769470215e-01
5.201519727706909180e-01
5.201749801635742188e-01
5.200967788696289062e-01
5.201085209846496582e-01
5.200800299644470215e-01
5.200915336608886719e-01
5.200827717781066895e-01
5.200790166854858398e-01
5.200636386871337891e-01
5.200353860855102539e-01
5.202180743217468262e-01
5.200878381729125977e-01
5.200866460800170898e-01
5.201944708824157715e-01
5.201476216316223145e-01
5.200877785682678223e-01
5.201087594032287598e-01
5.200870633125305176e-01
5.201104283332824707e-01
5.200449824333190918e-01
5.200702548027038574e-01
5.200780630111694336e-01
5.203320384025573730e-01
5.201288461685180664e-01
5.201258063316345215e-01
5.200985074043273926e-01
5.200703740119934082e-01
5.200769901275634766e-01
5.200693607330322266e-01
5.200726985931396484e-01
5.200978517532348633e-01
5.194761753082275391e-01
5.200836062431335449e-01
5.200855731964111328e-01
5.201236605644226074e-01
5.202641487121582031e-01
5.202872157096862793e-01
5.203051567077636719e-01
5.203662514686584473e-01
5.203640460968017578e-01
5.203140377998352051e-01
5.205878019332885742e-01
5.204870104789733887e-01
5.204851627349853516e-01
5.204454660415649414e-01
5.214219689369201660e-01
5.176920890808105469e-01
5.202608704566955566e-01
5.204228758811950684e-01
5.203268527984619141e-01
5.204750895500183105e-01
5.205675959587097168e-01
5.204051136970520020e-01
5.204437375068664551e-01
5.202087163925170898e-01
5.205774903297424316e-01
5.207147598266601562e-01
5.207002758979797363e-01
5.208244919776916504e-01
5.170599818229675293e-01
5.206902623176574707e-01
5.206002593040466309e-01
5.211099982261657715e-01
5.197556614875793457e-01
5.206560492515563965e-01
5.212392210960388184e-01
5.208321809768676758e-01
5.206869244575500488e-01
5.209366679191589355e-01
5.216607451438903809e-01
5.203333497047424316e-01
5.199657082557678223e-01
5.197926163673400879e-01
5.197474360466003418e-01
5.202305912971496582e-01
5.203137397766113281e-01
5.205366611480712891e-01
5.202584266662597656e-01
5.201301574707031250e-01
5.202478170394897461e-01
5.204572081565856934e-01
5.205085277557373047e-01
5.206925272941589355e-01
5.203831195831298828e-01
5.203701257705688477e-01
5.203209519386291504e-01
5.205329060554504395e-01
5.204015970230102539e-01
5.204294919967651367e-01
5.204641819000244141e-01
5.203201174736022949e-01
5.204326510429382324e-01
5.203358530998229980e-01
5.204571485519409180e-01
5.206016302108764648e-01
5.206643342971801758e-01
5.208647847175598145e-01
5.208078026771545410e-01
5.207876563072204590e-01
5.208100676536560059e-01
5.207682847976684570e-01
5.201243758201599121e-01
5.203633904457092285e-01
5.203426480293273926e-01
5.203813314437866211e-01
5.201978683471679688e-01
5.203049778938293457e-01
5.203016996383666992e-01
5.201908349990844727e-01
5.201561450958251953e-01
5.201877951622009277e-01
5.202012062072753906e-01
5.202557444572448730e-01
5.201083421707153320e-01
5.203272104263305664e-01
5.204113721847534180e-01
5.204651951789855957e-01
5.203864574432373047e-01
5.204336047172546387e-01
5.203580260276794434e-01
5.203613638877868652e-01
5.204336047172546387e-01
5.205204486846923828e-01
5.203967094421386719e-01
5.204504728317260742e-01
5.203710794448852539e-01
5.202813148498535156e-01
5.203033089637756348e-01
5.202896595001220703e-01
5.201583504676818848e-01
5.201086997985839844e-01
5.201092958450317383e-01
5.200915932655334473e-01
5.201084613800048828e-01
5.201185941696166992e-01
5.201050639152526855e-01
5.201224684715270996e-01
5.200778841972351074e-01
5.198931694030761719e-01
5.200729966163635254e-01
5.201388597488403320e-01
5.201950073242187500e-01
5.202274918556213379e-01
5.203575491905212402e-01
5.203949809074401855e-01
5.204567909240722656e-01
5.204302072525024414e-01
5.204496979713439941e-01
5.203712582588195801e-01
5.203052163124084473e-01
5.203309059143066406e-01
5.193577408790588379e-01
5.208861827850341797e-01
5.207391381263732910e-01
5.205860137939453125e-01
5.203756690025329590e-01
5.206822156906127930e-01
5.211346745491027832e-01
5.207614302635192871e-01
5.207948684692382812e-01
5.208320021629333496e-01
5.207587480545043945e-01
5.206025838851928711e-01
5.205343365669250488e-01
5.205228924751281738e-01
5.205245614051818848e-01
5.205198526382446289e-01
5.204641222953796387e-01
5.205893516540527344e-01
5.206775069236755371e-01
5.204013586044311523e-01
5.205613374710083008e-01
5.203545093536376953e-01
5.205855965614318848e-01
5.204282402992248535e-01
5.204517245292663574e-01
5.207884311676025391e-01
5.205739140510559082e-01
5.207065343856811523e-01
5.208036899566650391e-01
5.206586718559265137e-01
5.204439163208007812e-01
5.203904509544372559e-01
5.206898450851440430e-01
5.207446217536926270e-01
5.207865238189697266e-01
5.206008553504943848e-01
5.207595825195312500e-01
5.205161571502685547e-01
5.206464529037475586e-01
5.206584930419921875e-01
5.204533934593200684e-01
5.205083489418029785e-01
5.204783678054809570e-01
5.202642679214477539e-01
5.203813314437866211e-01
5.199582576751708984e-01
5.201278328895568848e-01
5.200939774513244629e-01
5.201942324638366699e-01
5.201187729835510254e-01
5.204621553421020508e-01
5.202749967575073242e-01
5.202972888946533203e-01
5.206341743469238281e-01
5.205283164978027344e-01
5.209605693817138672e-01
5.212582349777221680e-01
5.208494663238525391e-01
5.208587646484375000e-01
5.210407972335815430e-01
5.208860635757446289e-01
5.209365487098693848e-01
5.209236145019531250e-01
5.209096074104309082e-01
5.211332440376281738e-01
5.207607746124267578e-01
5.207526683807373047e-01
5.210077762603759766e-01
5.207403302192687988e-01
5.209439992904663086e-01
5.208244323730468750e-01
5.206823945045471191e-01
5.208355784416198730e-01
5.209946632385253906e-01
5.207065939903259277e-01
5.208464264869689941e-01
5.208172798156738281e-01
5.211916565895080566e-01
5.209510922431945801e-01
5.209234952926635742e-01
5.208759903907775879e-01
5.206139087677001953e-01
5.208455324172973633e-01
5.208407044410705566e-01
5.207967162132263184e-01
5.208543539047241211e-01
5.208517909049987793e-01
5.208140015602111816e-01
5.208611488342285156e-01
5.201998353004455566e-01
5.208293199539184570e-01
5.211496353149414062e-01
5.209135413169860840e-01
5.208324193954467773e-01
5.208121538162231445e-01
5.208945274353027344e-01
5.207044482231140137e-01
5.205521583557128906e-01
5.206947922706604004e-01
5.213459134101867676e-01
5.204758048057556152e-01
5.206416249275207520e-01
5.205681920051574707e-01
5.207328200340270996e-01
5.204531550407409668e-01
5.194765329360961914e-01
5.205669999122619629e-01
5.206348299980163574e-01
5.208683013916015625e-01
5.207274556159973145e-01
5.208028554916381836e-01
5.207547545433044434e-01
5.208731293678283691e-01
5.207090377807617188e-01
5.201915502548217773e-01
5.202048420906066895e-01
5.201202630996704102e-01
5.199607610702514648e-01
5.204388499259948730e-01
5.203381180763244629e-01
5.203277468681335449e-01
5.203446149826049805e-01
5.204702019691467285e-01
5.200271606445312500e-01
5.202652215957641602e-01
5.202372074127197266e-01
5.203056335449218750e-01
5.203616023063659668e-01
5.203467607498168945e-01
5.203499794006347656e-01
5.204406380653381348e-01
5.204193592071533203e-01
5.202683210372924805e-01
5.203306674957275391e-01
5.203733444213867188e-01
5.204329490661621094e-01
5.203937292098999023e-01
5.201569199562072754e-01
5.203101634979248047e-01
5.202323794364929199e-01
5.201906561851501465e-01
5.203945636749267578e-01
5.202073454856872559e-01
5.202327370643615723e-01
5.202137231826782227e-01
5.200904011726379395e-01
5.203281641006469727e-01
5.202850699424743652e-01
5.202541351318359375e-01
5.202794075012207031e-01
5.202717781066894531e-01
5.203670263290405273e-01
5.200428962707519531e-01
5.204092264175415039e-01
5.203453898429870605e-01
5.203751921653747559e-01
5.204126834869384766e-01
5.204067826271057129e-01
5.203480124473571777e-01
5.203566551208496094e-01
5.203085541725158691e-01
5.202465653419494629e-01
5.201796889305114746e-01
5.202230811119079590e-01
5.201972723007202148e-01
5.201380848884582520e-01
5.201588273048400879e-01
5.202012062072753906e-01
5.202327966690063477e-01
5.201943516731262207e-01
5.201387405395507812e-01
5.200846195220947266e-01
5.200987458229064941e-01
5.200999975204467773e-01
5.200911164283752441e-01
5.200732350349426270e-01
5.200913548469543457e-01
5.200688242912292480e-01
5.200957655906677246e-01
5.201162695884704590e-01
5.201228857040405273e-01
5.200914740562438965e-01
5.200757384300231934e-01
5.200677514076232910e-01
5.200659632682800293e-01
5.204789042472839355e-01
5.205416083335876465e-01
5.202087163925170898e-01
5.202598571777343750e-01
5.214124917984008789e-01
5.200120806694030762e-01
5.203195214271545410e-01
5.202828049659729004e-01
5.202130079269409180e-01
5.203289389610290527e-01
5.203549265861511230e-01
5.205056071281433105e-01
5.203652977943420410e-01
5.203598141670227051e-01
5.205641984939575195e-01
5.202292799949645996e-01
5.205361843109130859e-01
5.204015374183654785e-01
5.203884840011596680e-01
5.205847024917602539e-01
5.204617977142333984e-01
5.203777551651000977e-01
5.203463435173034668e-01
5.201548337936401367e-01
5.201789140701293945e-01
5.201071500778198242e-01
5.202776789665222168e-01
5.197572112083435059e-01
5.203235745429992676e-01
5.203360915184020996e-01
5.203280448913574219e-01
5.202457904815673828e-01
5.202962160110473633e-01
5.199009180068969727e-01
5.203727483749389648e-01
5.202726125717163086e-01
5.204902291297912598e-01
5.204768776893615723e-01
5.204423666000366211e-01
5.204595327377319336e-01
5.200837254524230957e-01
5.203167796134948730e-01
5.202400088310241699e-01
5.205552577972412109e-01
5.202581882476806641e-01
5.205982923507690430e-01
5.204331278800964355e-01
5.201635956764221191e-01
5.201739072799682617e-01
5.202538967132568359e-01
5.204763412475585938e-01
5.202155709266662598e-01
5.207415223121643066e-01
5.206781625747680664e-01
5.206220746040344238e-01
5.206584334373474121e-01
5.200673937797546387e-01
5.200151205062866211e-01
5.200604796409606934e-01
5.200642347335815430e-01
5.200946331024169922e-01
5.201239585876464844e-01
5.201258659362792969e-01
5.202088356018066406e-01
5.203278064727783203e-01
5.203997492790222168e-01
5.204475522041320801e-01
5.203555226325988770e-01
5.203357338905334473e-01
5.201635956764221191e-01
5.201354026794433594e-01
5.200915932655334473e-01
5.201144814491271973e-01
5.200214385986328125e-01
5.200716853141784668e-01
5.201140046119689941e-01
5.200604200363159180e-01
5.201262235641479492e-01
5.201127529144287109e-01
5.201521515846252441e-01
5.201702713966369629e-01
5.201672315597534180e-01
5.201427936553955078e-01
5.201312899589538574e-01
5.201455950736999512e-01
5.201748609542846680e-01
5.201337337493896484e-01
5.200594067573547363e-01
5.201303958892822266e-01
5.202022790908813477e-01
5.203123688697814941e-01
5.203083157539367676e-01
5.202684402465820312e-01
5.203282237052917480e-01
5.202128291130065918e-01
5.202429294586181641e-01
5.202295780181884766e-01
5.203391313552856445e-01
5.202711224555969238e-01
5.204825401306152344e-01
5.204960703849792480e-01
5.202326774597167969e-01
5.204065442085266113e-01
5.202547907829284668e-01
5.206791162490844727e-01
5.203885436058044434e-01
5.203424096107482910e-01
5.197177529335021973e-01
5.201532840728759766e-01
5.203639268875122070e-01
5.202156305313110352e-01
5.203660130500793457e-01
5.203689336776733398e-01
5.201183557510375977e-01
5.203062295913696289e-01
5.202939510345458984e-01
5.201061367988586426e-01
5.202416181564331055e-01
5.213000178337097168e-01
5.216672420501708984e-01
5.217000246047973633e-01
5.206639170646667480e-01
5.206943750381469727e-01
5.207514166831970215e-01
5.206795930862426758e-01
5.207723975181579590e-01
5.210346579551696777e-01
5.204312205314636230e-01
5.206224918365478516e-01
5.207340717315673828e-01
5.205547213554382324e-01
5.203728079795837402e-01
5.202953815460205078e-01
5.203943848609924316e-01
5.201022624969482422e-01
5.204000473022460938e-01
5.204477310180664062e-01
5.204133987426757812e-01
5.202404856681823730e-01
5.204306840896606445e-01
5.203601121902465820e-01
5.204047560691833496e-01
5.204374790191650391e-01
5.204985141754150391e-01
5.203651785850524902e-01
5.203681588172912598e-01
5.205550789833068848e-01
5.203902125358581543e-01
5.203207731246948242e-01
5.203691124916076660e-01
5.204289555549621582e-01
5.204364657402038574e-01
5.204366445541381836e-01
5.203927755355834961e-01
5.203705430030822754e-01
5.202357172966003418e-01
5.204473137855529785e-01
5.204366445541381836e-01
5.203343033790588379e-01
5.203936100006103516e-01
5.204346179962158203e-01
5.206371545791625977e-01
5.206285715103149414e-01
5.207641124725341797e-01
5.207668542861938477e-01
5.209617614746093750e-01
5.199889540672302246e-01
5.208460688591003418e-01
5.206962227821350098e-01
5.207150578498840332e-01
5.207828283309936523e-01
5.204960703849792480e-01
5.207355618476867676e-01
5.208454728126525879e-01
5.206740498542785645e-01
5.206885337829589844e-01
5.203544497489929199e-01
5.202037692070007324e-01
5.204139947891235352e-01
5.201224088668823242e-01
5.203942656517028809e-01
5.204108953475952148e-01
5.202544927597045898e-01
5.205494165420532227e-01
5.204501152038574219e-01
5.203532576560974121e-01
5.204275250434875488e-01
5.206183195114135742e-01
5.201401710510253906e-01
5.202926993370056152e-01
5.204634666442871094e-01
5.205162763595581055e-01
5.203874707221984863e-01
5.204579234123229980e-01
5.205204486846923828e-01
5.204547047615051270e-01
5.204041600227355957e-01
5.205508470535278320e-01
5.206140875816345215e-01
5.206320881843566895e-01
5.202126502990722656e-01
5.204633474349975586e-01
5.204647183418273926e-01
5.202125310897827148e-01
5.203061699867248535e-01
5.203003883361816406e-01
5.199133157730102539e-01
5.201133489608764648e-01
5.202754735946655273e-01
5.202305316925048828e-01
5.201935172080993652e-01
5.202078223228454590e-01
5.201598405838012695e-01
5.201489925384521484e-01
5.201615095138549805e-01
5.202360749244689941e-01
5.202951431274414062e-01
5.203009247779846191e-01
5.203849673271179199e-01
5.203546285629272461e-01
5.201817154884338379e-01
5.200458168983459473e-01
5.208963751792907715e-01
5.203882455825805664e-01
5.204914808273315430e-01
5.204028487205505371e-01
5.203211307525634766e-01
5.203711986541748047e-01
5.205062627792358398e-01
5.203168988227844238e-01
5.202937722206115723e-01
5.202438235282897949e-01
5.202434659004211426e-01
5.203499794006347656e-01
5.202533602714538574e-01
5.202824473381042480e-01
5.203041434288024902e-01
5.204746127128601074e-01
5.202070474624633789e-01
5.206052660942077637e-01
5.203214287757873535e-01
5.201946496963500977e-01
5.200158357620239258e-01
5.201101303100585938e-01
5.201127529144287109e-01
5.200543403625488281e-01
5.200597643852233887e-01
5.199073553085327148e-01
5.201148986816406250e-01
5.200974345207214355e-01
5.201582312583923340e-01
5.202137231826782227e-01
5.202305912971496582e-01
5.202655792236328125e-01
5.203212499618530273e-01
5.205685496330261230e-01
5.204209685325622559e-01
5.203973650932312012e-01
5.204375982284545898e-01
5.206955671310424805e-01
5.203821659088134766e-01
5.205055475234985352e-01
5.196074843406677246e-01
5.201789736747741699e-01
5.206324458122253418e-01
5.205825567245483398e-01
5.204674005508422852e-01
5.206470489501953125e-01
5.204061865806579590e-01
5.204672813415527344e-01
5.204488635063171387e-01
5.198788642883300781e-01
5.202441215515136719e-01
5.206907987594604492e-01
5.207505226135253906e-01
5.202631354331970215e-01
5.203415751457214355e-01
5.204839706420898438e-01
5.204055905342102051e-01
5.208143591880798340e-01
5.206025242805480957e-01
5.205628871917724609e-01
5.207748413085937500e-01
5.206691026687622070e-01
5.205422639846801758e-01
5.202962160110473633e-01
5.202678442001342773e-01
5.204009413719177246e-01
5.204671621322631836e-01
5.204997062683105469e-01
5.203216671943664551e-01
5.203783512115478516e-01
5.203456282615661621e-01
5.202328562736511230e-01
5.202981829643249512e-01
5.201824307441711426e-01
5.202258229255676270e-01
5.201670527458190918e-01
5.203339457511901855e-01
5.202551484107971191e-01
5.203392505645751953e-01
5.202509164810180664e-01
5.203555822372436523e-01
5.202947854995727539e-01
5.201434493064880371e-01
5.201519727706909180e-01
5.200931429862976074e-01
5.200663208961486816e-01
5.202698707580566406e-01
5.201385617256164551e-01
5.200933814048767090e-01
5.201094150543212891e-01
5.202701687812805176e-01
5.202807784080505371e-01
5.201492309570312500e-01
5.200918316841125488e-01
5.198623538017272949e-01
5.199245214462280273e-01
5.200548171997070312e-01
5.201070904731750488e-01
5.203555226325988770e-01
5.202349424362182617e-01
5.201188325881958008e-01
5.207135677337646484e-01
5.205213427543640137e-01
5.203582048416137695e-01
5.202711820602416992e-01
5.202538371086120605e-01
5.202308893203735352e-01
5.201485157012939453e-01
5.204882621765136719e-01
5.203180909156799316e-01
5.206926465034484863e-01
5.202789306640625000e-01
5.201978087425231934e-01
5.202881097793579102e-01
5.202676653861999512e-01
5.201738476753234863e-01
5.203530192375183105e-01
5.204063653945922852e-01
5.203281044960021973e-01
5.202487707138061523e-01
5.203146338462829590e-01
5.203098654747009277e-01
5.202847123146057129e-01
5.203200578689575195e-01
5.202839970588684082e-01
5.203124284744262695e-01
5.203118920326232910e-01
5.202351808547973633e-01
5.202959775924682617e-01
5.202417373657226562e-01
5.202230215072631836e-01
5.201981067657470703e-01
5.201892256736755371e-01
5.201607346534729004e-01
5.201265811920166016e-01
5.200942754745483398e-01
5.200859308242797852e-01
5.200838446617126465e-01
5.200669169425964355e-01
5.200688838958740234e-01
5.200722813606262207e-01
5.200917720794677734e-01
5.200775265693664551e-01
5.200933814048767090e-01
5.200909972190856934e-01
5.200842022895812988e-01
5.200739502906799316e-01
5.200721025466918945e-01
5.200677514076232910e-01
5.200775861740112305e-01
5.200651884078979492e-01
5.201111435890197754e-01
5.201266407966613770e-01
5.200796723365783691e-01
5.201336145401000977e-01
5.200942754745483398e-01
5.201195478439331055e-01
5.200643539428710938e-01
5.200803279876708984e-01
5.200667977333068848e-01
5.200647711753845215e-01
5.200632214546203613e-01
5.201164484024047852e-01
5.201249122619628906e-01
5.201598405838012695e-01
5.201522707939147949e-01
5.201120376586914062e-01
5.200681686401367188e-01
5.199825167655944824e-01
5.201002359390258789e-01
5.200746059417724609e-01
5.200734138488769531e-01
5.200430750846862793e-01
5.200444459915161133e-01
5.201272368431091309e-01
5.201013088226318359e-01
5.201053619384765625e-01
5.201005935668945312e-01
5.199126005172729492e-01
5.201544761657714844e-01
5.202856063842773438e-01
5.203844904899597168e-01
5.202748775482177734e-01
5.202966332435607910e-01
5.203238129615783691e-01
5.202573537826538086e-01
5.201073288917541504e-01
5.201793909072875977e-01
5.201691985130310059e-01
5.201615095138549805e-01
5.201367139816284180e-01
5.201497673988342285e-01
5.201349854469299316e-01
5.201295018196105957e-01
5.201506018638610840e-01
5.200937986373901367e-01
5.201926231384277344e-01
5.201615095138549805e-01
5.200933218002319336e-01
5.201362371444702148e-01
5.201776623725891113e-01
5.201929807662963867e-01
5.202115178108215332e-01
5.201436877250671387e-01
5.201116204261779785e-01
5.201050639152526855e-01
5.201194286346435547e-01
5.200669765472412109e-01
5.200830101966857910e-01
5.204267501831054688e-01
5.201777219772338867e-01
5.201620459556579590e-01
5.203108787536621094e-01
5.203225612640380859e-01
5.203562378883361816e-01
5.203964710235595703e-01
5.204726457595825195e-01
5.204137563705444336e-01
5.204802751541137695e-01
5.202096700668334961e-01
5.201410055160522461e-01
5.190789699554443359e-01
5.218565464019775391e-01
5.215185284614562988e-01
5.197116732597351074e-01
5.205491185188293457e-01
5.201900601387023926e-01
5.201275348663330078e-01
5.208634138107299805e-01
5.208205580711364746e-01
5.207347273826599121e-01
5.208076834678649902e-01
5.207815170288085938e-01
5.208142399787902832e-01
5.207071304321289062e-01
5.207826495170593262e-01
5.211638808250427246e-01
5.197691917419433594e-01
5.202795863151550293e-01
5.202866196632385254e-01
5.203961730003356934e-01
5.204188823699951172e-01
5.203963518142700195e-01
5.203636288642883301e-01
5.203264951705932617e-01
5.203447937965393066e-01
5.203184485435485840e-01
5.203860998153686523e-01
5.198948383331298828e-01
5.201342701911926270e-01
5.202480554580688477e-01
5.202898383140563965e-01
5.199087262153625488e-01
5.202500224113464355e-01
5.202336907386779785e-01
5.201320052146911621e-01
5.202061533927917480e-01
5.202063918113708496e-01
5.201963782310485840e-01
5.201437473297119141e-01
5.201029181480407715e-01
5.198935866355895996e-01
5.200604796409606934e-01
5.200882554054260254e-01
5.200862288475036621e-01
5.201019048690795898e-01
5.200671553611755371e-01
5.200682878494262695e-01
5.200676321983337402e-01
5.200644731521606445e-01
5.200937390327453613e-01
5.201107859611511230e-01
5.202260017395019531e-01
5.202033519744873047e-01
5.202040076255798340e-01
5.201616287231445312e-01
5.201646685600280762e-01
5.201242566108703613e-01
5.201450586318969727e-01
5.202269554138183594e-01
5.204260349273681641e-01
5.200865268707275391e-01
5.202377438545227051e-01
5.198709368705749512e-01
5.204660296440124512e-01
5.206930041313171387e-01
5.200362205505371094e-01
5.203335285186767578e-01
5.200870037078857422e-01
5.204042196273803711e-01
5.203970670700073242e-01
5.202853083610534668e-01
5.202700495719909668e-01
5.202043056488037109e-01
5.199124813079833984e-01
5.203617811203002930e-01
5.202660560607910156e-01
5.201234817504882812e-01
5.202621221542358398e-01
5.198835730552673340e-01
5.201860070228576660e-01
5.202472209930419922e-01
5.202752947807312012e-01
5.202711224555969238e-01
5.201885700225830078e-01
5.201489329338073730e-01
5.201697945594787598e-01
5.201008915901184082e-01
5.200953483581542969e-01
5.201671719551086426e-01
5.200997591018676758e-01
5.201104879379272461e-01
5.201072096824645996e-01
5.200579762458801270e-01
5.200914144515991211e-01
5.200502276420593262e-01
5.200861692428588867e-01
5.202545523643493652e-01
5.201720595359802246e-01
5.202085971832275391e-01
5.200927853584289551e-01
5.201499462127685547e-01
5.201117992401123047e-01
5.201829671859741211e-01
5.203591585159301758e-01
5.204923152923583984e-01
5.204080939292907715e-01
5.205039381980895996e-01
