0.000000000000000000e+00
3.429865241050720215e-01
3.429865241050720215e-01
3.429865241050720215e-01
3.429865241050720215e-01
3.429865241050720215e-01
3.429865241050720215e-01
3.429865241050720215e-01
3.429865241050720215e-01
3.429865241050720215e-01
0.000000000000000000e+00
0.000000000000000000e+00
0.000000000000000000e+00
0.000000000000000000e+00
0.000000000000000000e+00
0.000000000000000000e+00
3.429865241050720215e-01
3.429865241050720215e-01
3.429865241050720215e-01
3.429865241050720215e-01
3.429865241050720215e-01
3.429865241050720215e-01
3.429865241050720215e-01
3.429865241050720215e-01
3.429865241050720215e-01
3.429865241050720215e-01
3.429865241050720215e-01
3.429865241050720215e-01
3.429865241050720215e-01
3.429865241050720215e-01
3.429865241050720215e-01
3.429865241050720215e-01
3.429865241050720215e-01
0.000000000000000000e+00
0.000000000000000000e+00
0.000000000000000000e+00
3.429865241050720215e-01
3.429865241050720215e-01
0.000000000000000000e+00
2.213405966758728027e-01
3.429865241050720215e-01
3.429865241050720215e-01
3.429865241050720215e-01
0.000000000000000000e+00
3.429865241050720215e-01
3.429865241050720215e-01
0.000000000000000000e+00
0.000000000000000000e+00
0.000000000000000000e+00
3.429865241050720215e-01
3.429865241050720215e-01
0.000000000000000000e+00
0.000000000000000000e+00
0.000000000000000000e+00
0.000000000000000000e+00
0.000000000000000000e+00
3.429865241050720215e-01
3.429865241050720215e-01
3.429865241050720215e-01
3.429865241050720215e-01
0.000000000000000000e+00
3.429865241050720215e-01
3.429865241050720215e-01
3.429865241050720215e-01
0.000000000000000000e+00
3.429865241050720215e-01
3.429865241050720215e-01
3.429865241050720215e-01
3.429865241050720215e-01
3.429865241050720215e-01
3.429865241050720215e-01
0.000000000000000000e+00
0.000000000000000000e+00
0.000000000000000000e+00
3.429865241050720215e-01
0.000000000000000000e+00
0.000000000000000000e+00
1.391905546188354492e-02
0.000000000000000000e+00
0.000000000000000000e+00
0.000000000000000000e+00
0.000000000000000000e+00
3.429865241050720215e-01
0.000000000000000000e+00
0.000000000000000000e+00
0.000000000000000000e+00
3.429865241050720215e-01
0.000000000000000000e+00
3.429865241050720215e-01
0.000000000000000000e+00
0.000000000000000000e+00
3.429865241050720215e-01
0.000000000000000000e+00
0.000000000000000000e+00
0.000000000000000000e+00
0.000000000000000000e+00
3.429865241050720215e-01
0.000000000000000000e+00
0.000000000000000000e+00
3.429865241050720215e-01
0.000000000000000000e+00
0.000000000000000000e+00
0.000000000000000000e+00
0.000000000000000000e+00
0.000000000000000000e+00
0.000000000000000000e+00
0.000000000000000000e+00
0.000000000000000000e+00
3.431195020675659180e-01
3.585278689861297607e-01
1.491071283817291260e-01
0.000000000000000000e+00
3.529556393623352051e-01
3.429865241050720215e-01
0.000000000000000000e+00
3.429865241050720215e-01
3.429865241050720215e-01
3.429865241050720215e-01
3.429865241050720215e-01
3.429865241050720215e-01
3.429865241050720215e-01
3.429865241050720215e-01
0.000000000000000000e+00
0.000000000000000000e+00
0.000000000000000000e+00
0.000000000000000000e+00
0.000000000000000000e+00
0.000000000000000000e+00
0.000000000000000000e+00
0.000000000000000000e+00
0.000000000000000000e+00
0.000000000000000000e+00
0.000000000000000000e+00
0.000000000000000000e+00
0.000000000000000000e+00
3.429865241050720215e-01
0.000000000000000000e+00
0.000000000000000000e+00
0.000000000000000000e+00
0.000000000000000000e+00
0.000000000000000000e+00
0.000000000000000000e+00
0.000000000000000000e+00
0.000000000000000000e+00
0.000000000000000000e+00
0.000000000000000000e+00
3.429865241050720215e-01
3.429865241050720215e-01
0.000000000000000000e+00
3.429865241050720215e-01
3.429865241050720215e-01
3.429865241050720215e-01
3.429865241050720215e-01
3.429865241050720215e-01
3.429865241050720215e-01
3.429865241050720215e-01
3.429865241050720215e-01
3.429865241050720215e-01
0.000000000000000000e+00
0.000000000000000000e+00
3.429865241050720215e-01
3.429865241050720215e-01
3.429865241050720215e-01
0.000000000000000000e+00
3.429865241050720215e-01
0.000000000000000000e+00
0.000000000000000000e+00
0.000000000000000000e+00
0.000000000000000000e+00
0.000000000000000000e+00
0.000000000000000000e+00
0.000000000000000000e+00
0.000000000000000000e+00
0.000000000000000000e+00
3.429865241050720215e-01
0.000000000000000000e+00
3.429865241050720215e-01
0.000000000000000000e+00
0.000000000000000000e+00
0.000000000000000000e+00
0.000000000000000000e+00
0.000000000000000000e+00
0.000000000000000000e+00
0.000000000000000000e+00
0.000000000000000000e+00
0.000000000000000000e+00
0.000000000000000000e+00
0.000000000000000000e+00
0.000000000000000000e+00
0.000000000000000000e+00
0.000000000000000000e+00
0.000000000000000000e+00
0.000000000000000000e+00
0.000000000000000000e+00
0.000000000000000000e+00
0.000000000000000000e+00
0.000000000000000000e+00
0.000000000000000000e+00
0.000000000000000000e+00
0.000000000000000000e+00
0.000000000000000000e+00
0.000000000000000000e+00
0.000000000000000000e+00
0.000000000000000000e+00
0.000000000000000000e+00
0.000000000000000000e+00
0.000000000000000000e+00
0.000000000000000000e+00
0.000000000000000000e+00
0.000000000000000000e+00
0.000000000000000000e+00
0.000000000000000000e+00
0.000000000000000000e+00
0.000000000000000000e+00
0.000000000000000000e+00
0.000000000000000000e+00
0.000000000000000000e+00
0.000000000000000000e+00
0.000000000000000000e+00
0.000000000000000000e+00
0.000000000000000000e+00
0.000000000000000000e+00
3.429865241050720215e-01
0.000000000000000000e+00
0.000000000000000000e+00
0.000000000000000000e+00
3.429865241050720215e-01
3.429865241050720215e-01
3.429865241050720215e-01
0.000000000000000000e+00
0.000000000000000000e+00
3.429865241050720215e-01
3.429865241050720215e-01
0.000000000000000000e+00
0.000000000000000000e+00
0.000000000000000000e+00
3.429865241050720215e-01
3.429865241050720215e-01
0.000000000000000000e+00
0.000000000000000000e+00
0.000000000000000000e+00
3.429865241050720215e-01
0.000000000000000000e+00
3.429865241050720215e-01
3.429865241050720215e-01
0.000000000000000000e+00
3.429865241050720215e-01
3.429865241050720215e-01
3.429865241050720215e-01
3.429865241050720215e-01
3.429865241050720215e-01
0.000000000000000000e+00
3.429865241050720215e-01
3.429865241050720215e-01
0.000000000000000000e+00
0.000000000000000000e+00
3.429865241050720215e-01
3.429865241050720215e-01
3.429865241050720215e-01
3.429865241050720215e-01
3.429865241050720215e-01
3.429865241050720215e-01
0.000000000000000000e+00
3.429865241050720215e-01
3.429865241050720215e-01
3.429865241050720215e-01
3.429865241050720215e-01
3.429865241050720215e-01
3.429865241050720215e-01
3.429865241050720215e-01
3.429865241050720215e-01
3.429865241050720215e-01
0.000000000000000000e+00
3.429865241050720215e-01
3.429865241050720215e-01
3.429865241050720215e-01
3.429865241050720215e-01
3.429865241050720215e-01
3.429865241050720215e-01
0.000000000000000000e+00
0.000000000000000000e+00
0.000000000000000000e+00
0.000000000000000000e+00
3.429865241050720215e-01
3.429865241050720215e-01
0.000000000000000000e+00
0.000000000000000000e+00
0.000000000000000000e+00
0.000000000000000000e+00
3.168675303459167480e-01
3.429865241050720215e-01
3.429865241050720215e-01
0.000000000000000000e+00
3.429865241050720215e-01
3.429865241050720215e-01
0.000000000000000000e+00
3.429865241050720215e-01
0.000000000000000000e+00
3.429865241050720215e-01
3.429865241050720215e-01
0.000000000000000000e+00
0.000000000000000000e+00
3.429865241050720215e-01
3.429865241050720215e-01
0.000000000000000000e+00
3.429865241050720215e-01
3.429865241050720215e-01
0.000000000000000000e+00
0.000000000000000000e+00
0.000000000000000000e+00
0.000000000000000000e+00
0.000000000000000000e+00
0.000000000000000000e+00
0.000000000000000000e+00
0.000000000000000000e+00
0.000000000000000000e+00
0.000000000000000000e+00
3.429865241050720215e-01
0.000000000000000000e+00
0.000000000000000000e+00
0.000000000000000000e+00
0.000000000000000000e+00
0.000000000000000000e+00
0.000000000000000000e+00
0.000000000000000000e+00
0.000000000000000000e+00
0.000000000000000000e+00
0.000000000000000000e+00
0.000000000000000000e+00
3.429865241050720215e-01
0.000000000000000000e+00
0.000000000000000000e+00
3.429865241050720215e-01
3.429865241050720215e-01
0.000000000000000000e+00
0.000000000000000000e+00
0.000000000000000000e+00
0.000000000000000000e+00
3.429865241050720215e-01
0.000000000000000000e+00
0.000000000000000000e+00
0.000000000000000000e+00
0.000000000000000000e+00
3.429865241050720215e-01
0.000000000000000000e+00
3.429865241050720215e-01
3.429865241050720215e-01
3.899518251419067383e-01
0.000000000000000000e+00
3.429865241050720215e-01
3.429865241050720215e-01
3.429865241050720215e-01
0.000000000000000000e+00
0.000000000000000000e+00
0.000000000000000000e+00
3.429865241050720215e-01
3.429865241050720215e-01
0.000000000000000000e+00
0.000000000000000000e+00
0.000000000000000000e+00
0.000000000000000000e+00
0.000000000000000000e+00
0.000000000000000000e+00
0.000000000000000000e+00
3.429865241050720215e-01
0.000000000000000000e+00
3.429865241050720215e-01
0.000000000000000000e+00
0.000000000000000000e+00
3.429865241050720215e-01
3.429865241050720215e-01
3.429865241050720215e-01
3.429865241050720215e-01
3.429865241050720215e-01
3.429865241050720215e-01
3.429865241050720215e-01
3.429865241050720215e-01
3.429865241050720215e-01
3.429865241050720215e-01
3.429865241050720215e-01
3.429865241050720215e-01
3.429865241050720215e-01
3.429865241050720215e-01
0.000000000000000000e+00
