4.070481956005096436e-01
4.072717726230621338e-01
4.070850610733032227e-01
4.073700606822967529e-01
4.070675969123840332e-01
4.070949852466583252e-01
4.070900380611419678e-01
4.069757163524627686e-01
4.070076644420623779e-01
4.070540666580200195e-01
4.070196747779846191e-01
4.069640338420867920e-01
4.069017767906188965e-01
4.068655073642730713e-01
4.070093929767608643e-01
4.069158434867858887e-01
4.069405198097229004e-01
4.069384336471557617e-01
4.075077176094055176e-01
4.075166583061218262e-01
4.075862467288970947e-01
4.076638519763946533e-01
4.075424373149871826e-01
4.075137972831726074e-01
4.072529077529907227e-01
4.072293639183044434e-01
4.070849418640136719e-01
4.070157408714294434e-01
4.069710075855255127e-01
4.071369767189025879e-01
4.072086811065673828e-01
4.070861935615539551e-01
4.070457518100738525e-01
4.070027172565460205e-01
4.071784019470214844e-01
4.076083898544311523e-01
4.076158404350280762e-01
4.076870977878570557e-01
4.076986014842987061e-01
4.078094959259033203e-01
4.076103568077087402e-01
4.076978564262390137e-01
4.077000617980957031e-01
4.072098731994628906e-01
4.071024656295776367e-01
4.070014953613281250e-01
4.083752334117889404e-01
4.067736566066741943e-01
0.000000000000000000e+00
0.000000000000000000e+00
0.000000000000000000e+00
0.000000000000000000e+00
0.000000000000000000e+00
4.035080373287200928e-01
4.075448513031005859e-01
4.075934886932373047e-01
4.066450595855712891e-01
4.070836007595062256e-01
4.075155556201934814e-01
4.075766503810882568e-01
4.077615141868591309e-01
3.777237534523010254e-01
3.755931556224822998e-01
3.991753458976745605e-01
4.069228172302246094e-01
4.078018665313720703e-01
4.076762795448303223e-01
4.077869057655334473e-01
4.072170555591583252e-01
4.065574705600738525e-01
4.089013040065765381e-01
4.081642031669616699e-01
4.077476859092712402e-01
4.078567624092102051e-01
4.073626101016998291e-01
4.077139496803283691e-01
4.072713851928710938e-01
4.074379801750183105e-01
4.073779582977294922e-01
4.074261784553527832e-01
4.072626531124114990e-01
4.072022140026092529e-01
4.072339236736297607e-01
4.069981575012207031e-01
4.070024788379669189e-01
4.070388972759246826e-01
4.070045948028564453e-01
4.070469141006469727e-01
4.069860279560089111e-01
4.069022238254547119e-01
4.070390462875366211e-01
4.069597721099853516e-01
4.069240689277648926e-01
4.070048928260803223e-01
4.070000052452087402e-01
4.057463705539703369e-01
4.068911373615264893e-01
4.070054292678833008e-01
4.068840146064758301e-01
4.070394635200500488e-01
4.068499207496643066e-01
4.058556854724884033e-01
4.069284498691558838e-01
4.068928956985473633e-01
4.070675969123840332e-01
4.070633649826049805e-01
4.070200920104980469e-01
4.070736765861511230e-01
4.071072340011596680e-01
4.070068001747131348e-01
4.069379270076751709e-01
4.070726037025451660e-01
4.069823622703552246e-01
4.070633947849273682e-01
4.086853861808776855e-01
4.073308110237121582e-01
4.070819020271301270e-01
4.070183932781219482e-01
4.073327183723449707e-01
4.072742760181427002e-01
4.071890115737915039e-01
4.071649909019470215e-01
4.071239829063415527e-01
4.070353209972381592e-01
4.073758423328399658e-01
4.068622589111328125e-01
4.069731533527374268e-01
4.061802327632904053e-01
3.683001995086669922e-01
3.787189424037933350e-01
4.036265313625335693e-01
4.033349752426147461e-01
3.497346043586730957e-01
3.650968670845031738e-01
4.044113755226135254e-01
4.068579971790313721e-01
4.069353938102722168e-01
4.069220423698425293e-01
4.069511294364929199e-01
3.968247771263122559e-01
4.077077209949493408e-01
4.067076444625854492e-01
4.075241684913635254e-01
4.070500433444976807e-01
4.077928960323333740e-01
4.078286290168762207e-01
4.080303013324737549e-01
4.078373908996582031e-01
4.076085388660430908e-01
4.073279201984405518e-01
4.073701202869415283e-01
4.071879684925079346e-01
4.076509475708007812e-01
4.031918942928314209e-01
0.000000000000000000e+00
0.000000000000000000e+00
0.000000000000000000e+00
0.000000000000000000e+00
0.000000000000000000e+00
0.000000000000000000e+00
0.000000000000000000e+00
0.000000000000000000e+00
0.000000000000000000e+00
0.000000000000000000e+00
0.000000000000000000e+00
0.000000000000000000e+00
0.000000000000000000e+00
0.000000000000000000e+00
4.034710228443145752e-01
4.019950628280639648e-01
4.019322693347930908e-01
4.023784399032592773e-01
3.677942156791687012e-01
4.079844355583190918e-01
4.079755246639251709e-01
4.050548374652862549e-01
4.078472852706909180e-01
4.066886007785797119e-01
4.065162837505340576e-01
4.066201150417327881e-01
4.071405827999114990e-01
4.074089527130126953e-01
4.059759378433227539e-01
4.074261486530303955e-01
4.077965915203094482e-01
4.054472744464874268e-01
4.033081829547882080e-01
4.049399793148040771e-01
4.067528545856475830e-01
4.060848951339721680e-01
4.070010185241699219e-01
4.075985550880432129e-01
4.077145159244537354e-01
4.076008200645446777e-01
4.077292680740356445e-01
4.075845479965209961e-01
4.073454141616821289e-01
4.070684313774108887e-01
4.060478508472442627e-01
4.060297012329101562e-01
4.069212079048156738e-01
4.079435467720031738e-01
4.075279831886291504e-01
4.074919223785400391e-01
4.076155126094818115e-01
4.070949554443359375e-01
4.037315845489501953e-01
4.071879684925079346e-01
4.069891273975372314e-01
4.069660007953643799e-01
4.070414304733276367e-01
4.071083664894104004e-01
4.060230851173400879e-01
4.070272743701934814e-01
4.069917500019073486e-01
4.052082300186157227e-01
4.071247875690460205e-01
4.062676727771759033e-01
4.070583581924438477e-01
4.053695499897003174e-01
4.070132374763488770e-01
4.069401621818542480e-01
4.069896340370178223e-01
4.069598317146301270e-01
4.069746136665344238e-01
4.070004522800445557e-01
4.070595800876617432e-01
4.070150852203369141e-01
4.069950580596923828e-01
4.069184958934783936e-01
4.070187807083129883e-01
4.070063829421997070e-01
4.069929122924804688e-01
4.069816768169403076e-01
4.070019721984863281e-01
4.069160521030426025e-01
4.069237112998962402e-01
4.068956971168518066e-01
4.069393873214721680e-01
4.069023132324218750e-01
4.069562852382659912e-01
4.069532155990600586e-01
4.069241285324096680e-01
4.044998884201049805e-01
4.068394601345062256e-01
4.068972766399383545e-01
4.068858325481414795e-01
4.069112539291381836e-01
4.068631827831268311e-01
4.069737195968627930e-01
4.069162011146545410e-01
4.060264229774475098e-01
0.000000000000000000e+00
3.612732291221618652e-01
4.059265553951263428e-01
4.068648219108581543e-01
4.069597721099853516e-01
4.069174826145172119e-01
4.069540500640869141e-01
4.069393873214721680e-01
4.069730043411254883e-01
4.069435596466064453e-01
4.071243107318878174e-01
4.072628319263458252e-01
4.077468514442443848e-01
4.071792364120483398e-01
4.074350297451019287e-01
4.078211486339569092e-01
4.078687131404876709e-01
4.079751670360565186e-01
4.080024659633636475e-01
4.077252149581909180e-01
4.079481065273284912e-01
4.077578186988830566e-01
4.080147147178649902e-01
4.078019559383392334e-01
4.080570638179779053e-01
4.077390432357788086e-01
4.078831076622009277e-01
4.073627293109893799e-01
4.073666930198669434e-01
4.080936312675476074e-01
4.071398675441741943e-01
4.073335528373718262e-01
4.068129658699035645e-01
4.055707454681396484e-01
3.804077208042144775e-01
4.064514040946960449e-01
0.000000000000000000e+00
4.051714837551116943e-01
4.021854102611541748e-01
3.833605647087097168e-01
0.000000000000000000e+00
0.000000000000000000e+00
4.074023663997650146e-01
4.064237475395202637e-01
4.076795876026153564e-01
4.076305925846099854e-01
4.071158766746520996e-01
4.078745543956756592e-01
4.058924317359924316e-01
4.078278839588165283e-01
4.081111848354339600e-01
4.078653156757354736e-01
4.081271588802337646e-01
4.080957174301147461e-01
4.079053997993469238e-01
4.080542325973510742e-01
4.080969393253326416e-01
4.081173837184906006e-01
4.080763161182403564e-01
4.079385995864868164e-01
4.077444672584533691e-01
4.079238772392272949e-01
4.079778492450714111e-01
4.077807068824768066e-01
4.080839455127716064e-01
4.080823063850402832e-01
4.081242680549621582e-01
4.079035222530364990e-01
4.079469442367553711e-01
4.080354571342468262e-01
4.080059230327606201e-01
4.080025255680084229e-01
4.079688489437103271e-01
4.079284667968750000e-01
4.078975021839141846e-01
4.078528881072998047e-01
4.080449640750885010e-01
4.079776704311370850e-01
4.079917073249816895e-01
4.077994227409362793e-01
4.077329635620117188e-01
4.081253409385681152e-01
4.079036712646484375e-01
4.080075323581695557e-01
4.079389274120330811e-01
4.076847434043884277e-01
4.079266786575317383e-01
4.080350697040557861e-01
4.079854190349578857e-01
4.077101647853851318e-01
4.078436493873596191e-01
4.074776172637939453e-01
4.071208834648132324e-01
4.074351489543914795e-01
4.071955978870391846e-01
4.080041646957397461e-01
4.077792167663574219e-01
4.077962040901184082e-01
4.080625176429748535e-01
4.075067341327667236e-01
4.076626300811767578e-01
4.079498350620269775e-01
4.079598784446716309e-01
4.076566398143768311e-01
4.078282713890075684e-01
4.071494936943054199e-01
4.080517292022705078e-01
4.081040322780609131e-01
4.078036546707153320e-01
4.076901078224182129e-01
4.079934954643249512e-01
4.079125821590423584e-01
4.080628752708435059e-01
4.090619981288909912e-01
4.078251719474792480e-01
4.079261422157287598e-01
4.080047607421875000e-01
4.078454375267028809e-01
4.063742160797119141e-01
4.066358804702758789e-01
4.079963862895965576e-01
4.080284237861633301e-01
4.079079627990722656e-01
4.070895612239837646e-01
4.074036478996276855e-01
4.077937006950378418e-01
4.079583585262298584e-01
4.049765169620513916e-01
4.078011810779571533e-01
4.080830812454223633e-01
4.080912768840789795e-01
4.081256985664367676e-01
4.081368446350097656e-01
4.080130457878112793e-01
4.081194102764129639e-01
4.081002771854400635e-01
4.079958796501159668e-01
4.076331853866577148e-01
4.082022905349731445e-01
4.047009646892547607e-01
4.079360365867614746e-01
4.079331755638122559e-01
4.079380035400390625e-01
4.078802168369293213e-01
4.077865779399871826e-01
4.064335525035858154e-01
4.064183235168457031e-01
4.055935740470886230e-01
4.057621955871582031e-01
4.056075811386108398e-01
4.059790670871734619e-01
4.063188135623931885e-01
4.079389572143554688e-01
4.079688191413879395e-01
4.081098139286041260e-01
4.078863263130187988e-01
4.079548120498657227e-01
4.078964293003082275e-01
4.080381095409393311e-01
4.081515073776245117e-01
4.081532359123229980e-01
4.055024385452270508e-01
4.055865108966827393e-01
4.001211225986480713e-01
4.001079797744750977e-01
3.940794467926025391e-01
3.808949589729309082e-01
3.800495564937591553e-01
3.880551457405090332e-01
3.865206837654113770e-01
3.919982612133026123e-01
4.073364138603210449e-01
4.074766635894775391e-01
4.073439240455627441e-01
4.071556329727172852e-01
4.076148271560668945e-01
4.074670076370239258e-01
4.077379405498504639e-01
4.077059030532836914e-01
4.076476693153381348e-01
4.072547256946563721e-01
4.078519642353057861e-01
4.076162874698638916e-01
4.073814451694488525e-01
4.090544879436492920e-01
4.076694250106811523e-01
4.079300463199615479e-01
4.080015122890472412e-01
4.078201353549957275e-01
4.078746438026428223e-01
4.078903794288635254e-01
4.080094099044799805e-01
4.078790545463562012e-01
4.078625440597534180e-01
4.078974723815917969e-01
4.080139100551605225e-01
4.079102277755737305e-01
4.080875515937805176e-01
4.079290330410003662e-01
4.079805910587310791e-01
4.079049229621887207e-01
4.077507257461547852e-01
4.057649075984954834e-01
4.037444293498992920e-01
4.089494943618774414e-01
4.061758518218994141e-01
4.065995812416076660e-01
4.079267382621765137e-01
4.051856100559234619e-01
4.043184518814086914e-01
4.056743383407592773e-01
4.056256711483001709e-01
4.059982895851135254e-01
4.050663113594055176e-01
4.077293276786804199e-01
4.074789285659790039e-01
4.076023399829864502e-01
4.076274633407592773e-01
4.076063930988311768e-01
4.081041216850280762e-01
4.080925881862640381e-01
4.077180027961730957e-01
4.071429371833801270e-01
4.072690308094024658e-01
4.077788591384887695e-01
4.067480862140655518e-01
4.072367250919342041e-01
4.071087241172790527e-01
4.077009558677673340e-01
4.083167314529418945e-01
4.080883860588073730e-01
4.078607857227325439e-01
4.078485965728759766e-01
4.079965949058532715e-01
4.080187082290649414e-01
4.074885249137878418e-01
4.078163802623748779e-01
4.078529179096221924e-01
4.073163270950317383e-01
4.077948331832885742e-01
4.079532921314239502e-01
4.080441594123840332e-01
4.080661535263061523e-01
4.080187678337097168e-01
4.080092310905456543e-01
4.079337120056152344e-01
4.078150093555450439e-01
4.078126847743988037e-01
4.079408347606658936e-01
4.079641401767730713e-01
4.081094563007354736e-01
4.080684781074523926e-01
4.081023335456848145e-01
4.080014228820800781e-01
4.079838097095489502e-01
4.080964624881744385e-01
4.080253839492797852e-01
4.080832004547119141e-01
4.080956578254699707e-01
4.080574214458465576e-01
4.081159234046936035e-01
4.080100059509277344e-01
4.076197743415832520e-01
4.075998365879058838e-01
4.062341451644897461e-01
4.067477583885192871e-01
4.070685505867004395e-01
4.067217409610748291e-01
4.071459770202636719e-01
4.078173041343688965e-01
4.074054062366485596e-01
4.074321389198303223e-01
4.073889851570129395e-01
4.072459042072296143e-01
4.072848260402679443e-01
4.071575999259948730e-01
4.070572257041931152e-01
4.071565270423889160e-01
4.070789515972137451e-01
4.070835113525390625e-01
4.070498943328857422e-01
4.069899320602416992e-01
4.070192277431488037e-01
4.069716036319732666e-01
4.071976244449615479e-01
4.071551263332366943e-01
4.072504639625549316e-01
4.072064757347106934e-01
4.074614048004150391e-01
4.074242711067199707e-01
4.076631367206573486e-01
4.076182246208190918e-01
4.077384769916534424e-01
4.077439904212951660e-01
4.075654149055480957e-01
4.078511297702789307e-01
4.077022075653076172e-01
4.076406359672546387e-01
4.079768061637878418e-01
4.081898331642150879e-01
4.078280925750732422e-01
4.079533219337463379e-01
4.079631567001342773e-01
4.079396724700927734e-01
4.076646864414215088e-01
4.080539643764495850e-01
4.080045819282531738e-01
4.079414606094360352e-01
4.078448414802551270e-01
4.079014360904693604e-01
4.075825810432434082e-01
4.078674316406250000e-01
4.070441126823425293e-01
4.081884920597076416e-01
4.078125953674316406e-01
4.073704481124877930e-01
4.073134958744049072e-01
4.070421159267425537e-01
4.074073433876037598e-01
4.072842001914978027e-01
4.072463214397430420e-01
4.075144529342651367e-01
4.075182974338531494e-01
4.074774384498596191e-01
4.074454307556152344e-01
4.074137806892395020e-01
4.076386690139770508e-01
4.078885614871978760e-01
4.075707793235778809e-01
4.077373743057250977e-01
4.078469872474670410e-01
4.080512225627899170e-01
4.080467820167541504e-01
4.077991247177124023e-01
4.074860215187072754e-01
4.078027009963989258e-01
4.078150987625122070e-01
4.071570932865142822e-01
4.075624644756317139e-01
4.072484672069549561e-01
4.073777198791503906e-01
4.074227213859558105e-01
3.946731686592102051e-01
4.056259095668792725e-01
4.070944488048553467e-01
4.047417640686035156e-01
4.035728573799133301e-01
4.052763581275939941e-01
4.064076542854309082e-01
4.067364037036895752e-01
4.046846032142639160e-01
4.071069061756134033e-01
4.060982465744018555e-01
4.070125818252563477e-01
4.065182805061340332e-01
4.068846106529235840e-01
4.066939353942871094e-01
4.064781665802001953e-01
4.069076180458068848e-01
4.074541926383972168e-01
4.067226052284240723e-01
4.076573848724365234e-01
4.074617326259613037e-01
4.071269333362579346e-01
4.076651632785797119e-01
4.078231751918792725e-01
4.075994193553924561e-01
4.076972901821136475e-01
4.077327847480773926e-01
4.078027606010437012e-01
4.078809916973114014e-01
4.078876376152038574e-01
4.078930020332336426e-01
4.079032540321350098e-01
4.077996909618377686e-01
4.076561927795410156e-01
4.076843261718750000e-01
4.076853692531585693e-01
4.076918363571166992e-01
4.075766801834106445e-01
4.057341217994689941e-01
4.053599238395690918e-01
4.056271910667419434e-01
4.059304893016815186e-01
4.053943157196044922e-01
4.060274958610534668e-01
4.076895713806152344e-01
4.079189300537109375e-01
4.074836969375610352e-01
4.080074727535247803e-01
4.069036245346069336e-01
4.075820446014404297e-01
4.074980318546295166e-01
4.060626626014709473e-01
4.048764407634735107e-01
4.078550040721893311e-01
4.077364802360534668e-01
4.074304401874542236e-01
4.078753888607025146e-01
4.079451858997344971e-01
4.074839651584625244e-01
4.079803228378295898e-01
4.078336060047149658e-01
4.072493314743041992e-01
4.080526232719421387e-01
4.060514271259307861e-01
4.060250520706176758e-01
4.062369763851165771e-01
4.057749211788177490e-01
4.057821035385131836e-01
4.056777358055114746e-01
4.049945771694183350e-01
4.051902890205383301e-01
4.047752618789672852e-01
4.044746458530426025e-01
0.000000000000000000e+00
0.000000000000000000e+00
0.000000000000000000e+00
0.000000000000000000e+00
4.029392600059509277e-01
0.000000000000000000e+00
0.000000000000000000e+00
4.045065939426422119e-01
4.074951708316802979e-01
4.055450558662414551e-01
4.074620306491851807e-01
4.072593152523040771e-01
4.053825139999389648e-01
4.039679169654846191e-01
4.029551148414611816e-01
3.996436595916748047e-01
4.028872549533843994e-01
4.054531455039978027e-01
4.053483307361602783e-01
4.070453643798828125e-01
4.078910648822784424e-01
4.078331291675567627e-01
4.078885912895202637e-01
4.079719483852386475e-01
4.078983366489410400e-01
4.079815447330474854e-01
4.078365862369537354e-01
4.079407155513763428e-01
4.080385267734527588e-01
4.080317616462707520e-01
4.078615903854370117e-01
4.080362319946289062e-01
4.080313444137573242e-01
4.073185324668884277e-01
4.076054096221923828e-01
4.074219465255737305e-01
4.080318808555603027e-01
4.076923131942749023e-01
4.077944755554199219e-01
4.074935317039489746e-01
4.072844386100769043e-01
4.072975516319274902e-01
4.074449539184570312e-01
4.073470234870910645e-01
4.075885117053985596e-01
4.075144827365875244e-01
4.072607755661010742e-01
4.071678221225738525e-01
4.072081446647644043e-01
4.071350395679473877e-01
4.059854447841644287e-01
4.069721400737762451e-01
4.054082930088043213e-01
4.069273471832275391e-01
4.070717096328735352e-01
4.071112275123596191e-01
4.071045517921447754e-01
4.071514010429382324e-01
4.071879386901855469e-01
4.072237908840179443e-01
4.071301221847534180e-01
4.071185290813446045e-01
4.069769680500030518e-01
4.069881439208984375e-01
4.068633913993835449e-01
4.070056378841400146e-01
4.070215523242950439e-01
4.070130586624145508e-01
4.083554148674011230e-01
4.075319766998291016e-01
4.075033962726593018e-01
4.075691699981689453e-01
4.072043299674987793e-01
4.070513248443603516e-01
4.070022404193878174e-01
4.071295261383056641e-01
4.070090353488922119e-01
4.069731235504150391e-01
4.070672988891601562e-01
4.069687724113464355e-01
4.070256948471069336e-01
4.070811867713928223e-01
4.071206450462341309e-01
4.072850048542022705e-01
4.071737527847290039e-01
4.071618020534515381e-01
4.071151018142700195e-01
4.072063565254211426e-01
4.070293307304382324e-01
4.071162641048431396e-01
4.071725010871887207e-01
4.071317613124847412e-01
4.071461558341979980e-01
4.073638916015625000e-01
4.031655788421630859e-01
4.071134328842163086e-01
4.072906076908111572e-01
4.073197543621063232e-01
4.061785936355590820e-01
4.071350693702697754e-01
4.072157442569732666e-01
3.971419632434844971e-01
0.000000000000000000e+00
4.011263847351074219e-01
4.039527177810668945e-01
4.070062339305877686e-01
4.069150388240814209e-01
4.066474437713623047e-01
4.066428244113922119e-01
4.063964486122131348e-01
4.032247364521026611e-01
4.064439237117767334e-01
4.078032970428466797e-01
4.071698188781738281e-01
4.070900678634643555e-01
4.069646596908569336e-01
4.069993793964385986e-01
4.076649546623229980e-01
4.069066643714904785e-01
4.070064425468444824e-01
4.070090055465698242e-01
4.071448147296905518e-01
4.069885611534118652e-01
4.069995284080505371e-01
4.061759710311889648e-01
4.065960347652435303e-01
4.069818258285522461e-01
4.072630405426025391e-01
4.074661433696746826e-01
4.075701236724853516e-01
4.075036048889160156e-01
4.075843691825866699e-01
4.077898859977722168e-01
4.080467820167541504e-01
4.081335067749023438e-01
4.080556631088256836e-01
4.080007374286651611e-01
4.078282713890075684e-01
4.077090024948120117e-01
4.077322483062744141e-01
4.068850278854370117e-01
4.076529741287231445e-01
4.074551463127136230e-01
4.078170061111450195e-01
4.079248905181884766e-01
4.077691137790679932e-01
4.079511165618896484e-01
4.080167114734649658e-01
4.077769517898559570e-01
4.078910350799560547e-01
4.071877598762512207e-01
4.077903628349304199e-01
4.077420830726623535e-01
4.079242646694183350e-01
4.079701900482177734e-01
4.080041050910949707e-01
4.080249071121215820e-01
4.080632925033569336e-01
4.077430367469787598e-01
4.070418477058410645e-01
4.047044515609741211e-01
4.041399061679840088e-01
4.047451019287109375e-01
4.070919752120971680e-01
4.071435034275054932e-01
4.073405265808105469e-01
4.071572721004486084e-01
4.070574045181274414e-01
4.070315957069396973e-01
4.069449305534362793e-01
3.929199278354644775e-01
4.046210646629333496e-01
3.975741565227508545e-01
3.992018401622772217e-01
3.918963372707366943e-01
3.971983492374420166e-01
3.985185921192169189e-01
4.022790789604187012e-01
4.031881093978881836e-01
4.041585624217987061e-01
4.062017202377319336e-01
4.060946106910705566e-01
4.022248387336730957e-01
4.007356166839599609e-01
3.971173167228698730e-01
3.981609940528869629e-01
3.943396210670471191e-01
3.677392601966857910e-01
3.906445801258087158e-01
3.918232321739196777e-01
0.000000000000000000e+00
2.957403659820556641e-01
3.787674307823181152e-01
3.837305009365081787e-01
3.651731610298156738e-01
3.707355260848999023e-01
3.716462850570678711e-01
0.000000000000000000e+00
3.488832712173461914e-01
0.000000000000000000e+00
0.000000000000000000e+00
2.868945598602294922e-01
3.257001638412475586e-01
3.931256830692291260e-01
3.840726912021636963e-01
4.074747562408447266e-01
4.075745344161987305e-01
4.074334204196929932e-01
4.076491892337799072e-01
4.077422320842742920e-01
4.076722860336303711e-01
4.076626300811767578e-01
4.078460335731506348e-01
4.079755544662475586e-01
4.078009426593780518e-01
4.076854884624481201e-01
4.075101912021636963e-01
4.078047871589660645e-01
4.076914191246032715e-01
4.077173471450805664e-01
4.080616533756256104e-01
4.078433513641357422e-01
4.073000848293304443e-01
4.068999588489532471e-01
4.069894254207611084e-01
4.076490104198455811e-01
4.074522554874420166e-01
4.078603982925415039e-01
4.077512919902801514e-01
4.079331457614898682e-01
4.075716137886047363e-01
4.073387980461120605e-01
4.072396457195281982e-01
4.079568088054656982e-01
4.073801338672637939e-01
4.074794650077819824e-01
4.077525138854980469e-01
4.079570174217224121e-01
4.073953628540039062e-01
4.078964591026306152e-01
