4.722917377948760986e-01
4.722917377948760986e-01
4.722917377948760986e-01
4.722917377948760986e-01
4.722917377948760986e-01
4.722917377948760986e-01
4.722917377948760986e-01
4.722917377948760986e-01
4.722917377948760986e-01
4.722917377948760986e-01
4.722917377948760986e-01
4.722917377948760986e-01
4.722917377948760986e-01
4.722917377948760986e-01
4.722917377948760986e-01
4.722917377948760986e-01
4.722917377948760986e-01
4.722917377948760986e-01
4.722917377948760986e-01
4.722917377948760986e-01
4.722917377948760986e-01
4.722917377948760986e-01
4.722917377948760986e-01
4.722917377948760986e-01
4.722917377948760986e-01
4.722917377948760986e-01
4.722917377948760986e-01
4.722917377948760986e-01
4.722917377948760986e-01
4.722917377948760986e-01
4.722917377948760986e-01
4.722917377948760986e-01
4.722917377948760986e-01
4.722917377948760986e-01
4.722917377948760986e-01
4.722917377948760986e-01
4.722917377948760986e-01
4.722917377948760986e-01
4.722917377948760986e-01
4.722917377948760986e-01
4.722917377948760986e-01
4.722917377948760986e-01
4.722917377948760986e-01
4.722917377948760986e-01
4.722917377948760986e-01
4.722917377948760986e-01
0.000000000000000000e+00
0.000000000000000000e+00
0.000000000000000000e+00
0.000000000000000000e+00
0.000000000000000000e+00
0.000000000000000000e+00
0.000000000000000000e+00
0.000000000000000000e+00
0.000000000000000000e+00
0.000000000000000000e+00
4.722917377948760986e-01
0.000000000000000000e+00
4.722917377948760986e-01
4.722917377948760986e-01
4.722917377948760986e-01
4.722917377948760986e-01
4.722917377948760986e-01
4.722917377948760986e-01
4.722917377948760986e-01
4.722917377948760986e-01
4.722917377948760986e-01
4.722917377948760986e-01
4.722917377948760986e-01
4.722917377948760986e-01
4.722917377948760986e-01
0.000000000000000000e+00
4.722917377948760986e-01
4.722917377948760986e-01
0.000000000000000000e+00
0.000000000000000000e+00
0.000000000000000000e+00
4.722917377948760986e-01
4.722917377948760986e-01
4.722917377948760986e-01
4.722917377948760986e-01
0.000000000000000000e+00
4.722917377948760986e-01
4.722917377948760986e-01
4.722917377948760986e-01
4.722917377948760986e-01
4.722917377948760986e-01
4.722917377948760986e-01
4.722917377948760986e-01
4.722917377948760986e-01
0.000000000000000000e+00
4.722917377948760986e-01
0.000000000000000000e+00
0.000000000000000000e+00
0.000000000000000000e+00
4.722917377948760986e-01
0.000000000000000000e+00
0.000000000000000000e+00
4.722917377948760986e-01
0.000000000000000000e+00
4.722917377948760986e-01
0.000000000000000000e+00
4.722917377948760986e-01
4.722917377948760986e-01
4.722917377948760986e-01
4.722917377948760986e-01
4.722917377948760986e-01
4.722917377948760986e-01
4.722917377948760986e-01
0.000000000000000000e+00
4.722917377948760986e-01
4.722917377948760986e-01
5.013210177421569824e-01
4.722917377948760986e-01
4.722917377948760986e-01
4.722917377948760986e-01
4.722917377948760986e-01
4.722917377948760986e-01
4.722917377948760986e-01
0.000000000000000000e+00
4.722917377948760986e-01
4.722917377948760986e-01
4.722917377948760986e-01
4.722917377948760986e-01
4.722917377948760986e-01
4.722917377948760986e-01
4.722917377948760986e-01
4.722917377948760986e-01
4.722917377948760986e-01
4.722917377948760986e-01
4.722917377948760986e-01
4.722917377948760986e-01
4.722917377948760986e-01
4.722917377948760986e-01
0.000000000000000000e+00
4.722917377948760986e-01
4.722917377948760986e-01
4.722917377948760986e-01
4.722917377948760986e-01
4.722917377948760986e-01
4.722917377948760986e-01
4.722917377948760986e-01
4.722917377948760986e-01
4.722917377948760986e-01
4.722917377948760986e-01
4.722917377948760986e-01
4.722917377948760986e-01
4.722917377948760986e-01
4.722917377948760986e-01
4.722917377948760986e-01
4.722917377948760986e-01
4.722917377948760986e-01
4.722917377948760986e-01
4.722917377948760986e-01
4.722917377948760986e-01
4.722917377948760986e-01
4.722917377948760986e-01
4.722917377948760986e-01
4.722917377948760986e-01
4.722917377948760986e-01
4.722917377948760986e-01
4.722917377948760986e-01
4.722917377948760986e-01
4.722917377948760986e-01
4.722917377948760986e-01
4.722917377948760986e-01
4.722917377948760986e-01
4.722917377948760986e-01
4.722917377948760986e-01
4.722917377948760986e-01
4.722917377948760986e-01
4.722917377948760986e-01
4.722917377948760986e-01
4.722917377948760986e-01
4.722917377948760986e-01
4.722917377948760986e-01
4.722917377948760986e-01
4.722917377948760986e-01
4.722917377948760986e-01
4.722917377948760986e-01
4.722917377948760986e-01
4.722917377948760986e-01
4.722917377948760986e-01
4.722917377948760986e-01
4.722917377948760986e-01
4.722917377948760986e-01
4.722917377948760986e-01
4.722917377948760986e-01
4.722917377948760986e-01
4.722917377948760986e-01
0.000000000000000000e+00
4.722917377948760986e-01
4.722917377948760986e-01
0.000000000000000000e+00
4.722917377948760986e-01
4.722917377948760986e-01
4.722917377948760986e-01
4.722917377948760986e-01
0.000000000000000000e+00
4.722917377948760986e-01
0.000000000000000000e+00
0.000000000000000000e+00
4.722917377948760986e-01
4.722917377948760986e-01
4.722917377948760986e-01
4.722917377948760986e-01
4.722917377948760986e-01
4.722917377948760986e-01
4.722917377948760986e-01
4.722917377948760986e-01
4.722917377948760986e-01
4.722917377948760986e-01
4.588885307312011719e-01
0.000000000000000000e+00
0.000000000000000000e+00
1.533387601375579834e-01
4.722917377948760986e-01
4.722917377948760986e-01
4.722917377948760986e-01
4.722917377948760986e-01
0.000000000000000000e+00
4.722917377948760986e-01
0.000000000000000000e+00
0.000000000000000000e+00
4.799774587154388428e-01
0.000000000000000000e+00
0.000000000000000000e+00
4.722917377948760986e-01
4.728420674800872803e-01
4.722917377948760986e-01
0.000000000000000000e+00
5.043813586235046387e-01
4.722917377948760986e-01
0.000000000000000000e+00
4.792682528495788574e-01
0.000000000000000000e+00
0.000000000000000000e+00
4.722917377948760986e-01
4.722917377948760986e-01
4.722917377948760986e-01
4.774625897407531738e-01
4.722917377948760986e-01
4.722917377948760986e-01
4.801769256591796875e-01
4.722917377948760986e-01
4.722917377948760986e-01
0.000000000000000000e+00
4.796651899814605713e-01
4.722917377948760986e-01
4.722917377948760986e-01
4.722917377948760986e-01
4.867140352725982666e-01
4.722917377948760986e-01
4.722917377948760986e-01
0.000000000000000000e+00
0.000000000000000000e+00
4.722917377948760986e-01
4.702657461166381836e-01
4.722917377948760986e-01
0.000000000000000000e+00
4.722917377948760986e-01
4.722917377948760986e-01
4.722917377948760986e-01
4.722917377948760986e-01
4.722917377948760986e-01
0.000000000000000000e+00
4.722917377948760986e-01
0.000000000000000000e+00
0.000000000000000000e+00
0.000000000000000000e+00
4.722917377948760986e-01
0.000000000000000000e+00
0.000000000000000000e+00
0.000000000000000000e+00
0.000000000000000000e+00
0.000000000000000000e+00
0.000000000000000000e+00
0.000000000000000000e+00
0.000000000000000000e+00
0.000000000000000000e+00
0.000000000000000000e+00
0.000000000000000000e+00
0.000000000000000000e+00
0.000000000000000000e+00
0.000000000000000000e+00
0.000000000000000000e+00
0.000000000000000000e+00
0.000000000000000000e+00
0.000000000000000000e+00
0.000000000000000000e+00
0.000000000000000000e+00
0.000000000000000000e+00
4.722917377948760986e-01
4.722917377948760986e-01
4.722917377948760986e-01
4.722917377948760986e-01
3.123230934143066406e-01
0.000000000000000000e+00
4.722917377948760986e-01
4.722917377948760986e-01
4.722917377948760986e-01
4.722917377948760986e-01
0.000000000000000000e+00
0.000000000000000000e+00
0.000000000000000000e+00
0.000000000000000000e+00
0.000000000000000000e+00
4.722917377948760986e-01
0.000000000000000000e+00
0.000000000000000000e+00
0.000000000000000000e+00
0.000000000000000000e+00
0.000000000000000000e+00
0.000000000000000000e+00
0.000000000000000000e+00
0.000000000000000000e+00
0.000000000000000000e+00
0.000000000000000000e+00
0.000000000000000000e+00
0.000000000000000000e+00
0.000000000000000000e+00
0.000000000000000000e+00
0.000000000000000000e+00
0.000000000000000000e+00
0.000000000000000000e+00
0.000000000000000000e+00
0.000000000000000000e+00
0.000000000000000000e+00
0.000000000000000000e+00
0.000000000000000000e+00
0.000000000000000000e+00
0.000000000000000000e+00
0.000000000000000000e+00
0.000000000000000000e+00
0.000000000000000000e+00
0.000000000000000000e+00
0.000000000000000000e+00
0.000000000000000000e+00
0.000000000000000000e+00
0.000000000000000000e+00
0.000000000000000000e+00
0.000000000000000000e+00
0.000000000000000000e+00
0.000000000000000000e+00
0.000000000000000000e+00
4.722917377948760986e-01
4.722917377948760986e-01
4.722917377948760986e-01
4.722917377948760986e-01
0.000000000000000000e+00
4.722917377948760986e-01
4.825584292411804199e-01
0.000000000000000000e+00
0.000000000000000000e+00
0.000000000000000000e+00
4.722917377948760986e-01
4.722917377948760986e-01
0.000000000000000000e+00
4.722917377948760986e-01
4.722917377948760986e-01
4.722917377948760986e-01
4.722917377948760986e-01
4.722917377948760986e-01
0.000000000000000000e+00
0.000000000000000000e+00
4.722917377948760986e-01
4.722917377948760986e-01
4.722917377948760986e-01
4.722917377948760986e-01
4.722917377948760986e-01
2.755630016326904297e-01
2.730655074119567871e-01
0.000000000000000000e+00
4.814048409461975098e-01
4.722917377948760986e-01
0.000000000000000000e+00
4.722917377948760986e-01
4.722917377948760986e-01
4.722917377948760986e-01
0.000000000000000000e+00
0.000000000000000000e+00
0.000000000000000000e+00
0.000000000000000000e+00
0.000000000000000000e+00
0.000000000000000000e+00
0.000000000000000000e+00
0.000000000000000000e+00
0.000000000000000000e+00
0.000000000000000000e+00
0.000000000000000000e+00
0.000000000000000000e+00
0.000000000000000000e+00
0.000000000000000000e+00
0.000000000000000000e+00
0.000000000000000000e+00
0.000000000000000000e+00
0.000000000000000000e+00
0.000000000000000000e+00
0.000000000000000000e+00
0.000000000000000000e+00
0.000000000000000000e+00
0.000000000000000000e+00
0.000000000000000000e+00
0.000000000000000000e+00
0.000000000000000000e+00
0.000000000000000000e+00
0.000000000000000000e+00
0.000000000000000000e+00
0.000000000000000000e+00
0.000000000000000000e+00
0.000000000000000000e+00
0.000000000000000000e+00
0.000000000000000000e+00
0.000000000000000000e+00
0.000000000000000000e+00
0.000000000000000000e+00
0.000000000000000000e+00
0.000000000000000000e+00
0.000000000000000000e+00
0.000000000000000000e+00
0.000000000000000000e+00
0.000000000000000000e+00
0.000000000000000000e+00
0.000000000000000000e+00
0.000000000000000000e+00
4.722917377948760986e-01
0.000000000000000000e+00
4.722917377948760986e-01
0.000000000000000000e+00
0.000000000000000000e+00
4.722917377948760986e-01
4.722917377948760986e-01
4.722917377948760986e-01
0.000000000000000000e+00
0.000000000000000000e+00
0.000000000000000000e+00
0.000000000000000000e+00
4.722917377948760986e-01
4.722917377948760986e-01
4.722917377948760986e-01
0.000000000000000000e+00
4.722917377948760986e-01
0.000000000000000000e+00
4.722917377948760986e-01
4.722917377948760986e-01
0.000000000000000000e+00
0.000000000000000000e+00
4.722917377948760986e-01
4.722917377948760986e-01
0.000000000000000000e+00
4.722917377948760986e-01
4.722917377948760986e-01
4.722917377948760986e-01
0.000000000000000000e+00
4.725886583328247070e-01
4.722917377948760986e-01
4.722917377948760986e-01
0.000000000000000000e+00
0.000000000000000000e+00
0.000000000000000000e+00
0.000000000000000000e+00
0.000000000000000000e+00
0.000000000000000000e+00
0.000000000000000000e+00
4.722917377948760986e-01
0.000000000000000000e+00
4.722917377948760986e-01
4.722917377948760986e-01
4.722917377948760986e-01
4.722917377948760986e-01
4.722917377948760986e-01
4.722917377948760986e-01
4.722917377948760986e-01
4.722917377948760986e-01
0.000000000000000000e+00
4.722917377948760986e-01
4.722917377948760986e-01
4.722917377948760986e-01
4.722917377948760986e-01
4.722917377948760986e-01
4.722917377948760986e-01
4.722917377948760986e-01
0.000000000000000000e+00
4.722917377948760986e-01
4.722917377948760986e-01
0.000000000000000000e+00
4.722917377948760986e-01
4.722917377948760986e-01
4.722917377948760986e-01
4.722917377948760986e-01
0.000000000000000000e+00
4.722917377948760986e-01
4.722917377948760986e-01
4.722917377948760986e-01
4.722917377948760986e-01
4.722917377948760986e-01
4.722917377948760986e-01
4.722917377948760986e-01
4.722917377948760986e-01
0.000000000000000000e+00
0.000000000000000000e+00
0.000000000000000000e+00
0.000000000000000000e+00
0.000000000000000000e+00
8.929881453514099121e-02
0.000000000000000000e+00
0.000000000000000000e+00
4.035402238368988037e-01
0.000000000000000000e+00
4.786789417266845703e-01
0.000000000000000000e+00
4.722917377948760986e-01
4.722917377948760986e-01
4.722917377948760986e-01
4.722917377948760986e-01
0.000000000000000000e+00
4.722917377948760986e-01
0.000000000000000000e+00
0.000000000000000000e+00
0.000000000000000000e+00
0.000000000000000000e+00
0.000000000000000000e+00
0.000000000000000000e+00
0.000000000000000000e+00
0.000000000000000000e+00
0.000000000000000000e+00
0.000000000000000000e+00
0.000000000000000000e+00
0.000000000000000000e+00
0.000000000000000000e+00
0.000000000000000000e+00
0.000000000000000000e+00
0.000000000000000000e+00
0.000000000000000000e+00
0.000000000000000000e+00
0.000000000000000000e+00
0.000000000000000000e+00
0.000000000000000000e+00
0.000000000000000000e+00
0.000000000000000000e+00
0.000000000000000000e+00
0.000000000000000000e+00
0.000000000000000000e+00
0.000000000000000000e+00
0.000000000000000000e+00
0.000000000000000000e+00
0.000000000000000000e+00
0.000000000000000000e+00
0.000000000000000000e+00
0.000000000000000000e+00
0.000000000000000000e+00
0.000000000000000000e+00
0.000000000000000000e+00
0.000000000000000000e+00
0.000000000000000000e+00
0.000000000000000000e+00
0.000000000000000000e+00
0.000000000000000000e+00
0.000000000000000000e+00
0.000000000000000000e+00
4.722917377948760986e-01
4.722917377948760986e-01
4.722917377948760986e-01
4.722917377948760986e-01
4.722917377948760986e-01
4.722917377948760986e-01
0.000000000000000000e+00
4.722917377948760986e-01
4.722917377948760986e-01
4.722917377948760986e-01
4.722917377948760986e-01
4.722917377948760986e-01
4.722917377948760986e-01
4.722917377948760986e-01
4.722917377948760986e-01
4.722917377948760986e-01
4.722917377948760986e-01
4.722917377948760986e-01
4.722917377948760986e-01
4.722917377948760986e-01
4.722917377948760986e-01
4.722917377948760986e-01
4.722917377948760986e-01
4.722917377948760986e-01
0.000000000000000000e+00
0.000000000000000000e+00
0.000000000000000000e+00
4.722917377948760986e-01
4.722917377948760986e-01
4.722917377948760986e-01
4.722917377948760986e-01
4.722917377948760986e-01
4.722917377948760986e-01
0.000000000000000000e+00
0.000000000000000000e+00
4.722917377948760986e-01
4.722917377948760986e-01
0.000000000000000000e+00
4.722917377948760986e-01
4.722917377948760986e-01
4.722917377948760986e-01
4.722917377948760986e-01
4.722917377948760986e-01
4.722917377948760986e-01
4.722917377948760986e-01
4.722917377948760986e-01
4.722917377948760986e-01
4.722917377948760986e-01
0.000000000000000000e+00
0.000000000000000000e+00
4.722917377948760986e-01
4.722917377948760986e-01
0.000000000000000000e+00
0.000000000000000000e+00
0.000000000000000000e+00
0.000000000000000000e+00
0.000000000000000000e+00
0.000000000000000000e+00
0.000000000000000000e+00
4.746847450733184814e-01
4.722917377948760986e-01
4.722917377948760986e-01
4.722917377948760986e-01
4.722917377948760986e-01
4.722917377948760986e-01
0.000000000000000000e+00
4.722917377948760986e-01
4.722917377948760986e-01
4.722917377948760986e-01
4.722917377948760986e-01
4.722917377948760986e-01
4.722917377948760986e-01
4.722917377948760986e-01
4.722917377948760986e-01
4.722917377948760986e-01
4.722917377948760986e-01
4.722917377948760986e-01
4.722917377948760986e-01
4.722917377948760986e-01
4.722917377948760986e-01
4.722917377948760986e-01
4.722917377948760986e-01
4.722917377948760986e-01
4.722917377948760986e-01
0.000000000000000000e+00
4.722917377948760986e-01
4.722917377948760986e-01
4.722917377948760986e-01
4.722917377948760986e-01
4.722917377948760986e-01
4.722917377948760986e-01
4.722917377948760986e-01
4.722917377948760986e-01
4.722917377948760986e-01
4.722917377948760986e-01
4.722917377948760986e-01
4.722917377948760986e-01
0.000000000000000000e+00
4.722917377948760986e-01
4.722917377948760986e-01
4.722917377948760986e-01
4.722917377948760986e-01
4.722917377948760986e-01
4.722917377948760986e-01
0.000000000000000000e+00
4.722917377948760986e-01
4.722917377948760986e-01
4.722917377948760986e-01
4.722917377948760986e-01
0.000000000000000000e+00
4.722917377948760986e-01
0.000000000000000000e+00
0.000000000000000000e+00
4.939566254615783691e-01
4.733845591545104980e-01
4.835104346275329590e-01
4.722917377948760986e-01
4.931958615779876709e-01
4.722917377948760986e-01
0.000000000000000000e+00
4.722917377948760986e-01
4.722917377948760986e-01
0.000000000000000000e+00
4.881690144538879395e-01
4.935034513473510742e-01
0.000000000000000000e+00
4.870985150337219238e-01
4.722917377948760986e-01
4.722917377948760986e-01
4.722917377948760986e-01
4.722917377948760986e-01
0.000000000000000000e+00
4.722917377948760986e-01
4.723540544509887695e-01
4.722917377948760986e-01
0.000000000000000000e+00
0.000000000000000000e+00
0.000000000000000000e+00
0.000000000000000000e+00
4.722917377948760986e-01
0.000000000000000000e+00
0.000000000000000000e+00
0.000000000000000000e+00
0.000000000000000000e+00
0.000000000000000000e+00
0.000000000000000000e+00
0.000000000000000000e+00
4.722917377948760986e-01
0.000000000000000000e+00
4.766079187393188477e-01
0.000000000000000000e+00
4.818253219127655029e-01
0.000000000000000000e+00
0.000000000000000000e+00
4.722917377948760986e-01
0.000000000000000000e+00
4.722917377948760986e-01
2.632913589477539062e-01
0.000000000000000000e+00
0.000000000000000000e+00
0.000000000000000000e+00
0.000000000000000000e+00
0.000000000000000000e+00
0.000000000000000000e+00
0.000000000000000000e+00
0.000000000000000000e+00
0.000000000000000000e+00
0.000000000000000000e+00
0.000000000000000000e+00
0.000000000000000000e+00
0.000000000000000000e+00
0.000000000000000000e+00
0.000000000000000000e+00
0.000000000000000000e+00
0.000000000000000000e+00
0.000000000000000000e+00
0.000000000000000000e+00
0.000000000000000000e+00
0.000000000000000000e+00
0.000000000000000000e+00
0.000000000000000000e+00
0.000000000000000000e+00
0.000000000000000000e+00
4.800117015838623047e-01
0.000000000000000000e+00
0.000000000000000000e+00
0.000000000000000000e+00
0.000000000000000000e+00
0.000000000000000000e+00
0.000000000000000000e+00
0.000000000000000000e+00
0.000000000000000000e+00
0.000000000000000000e+00
0.000000000000000000e+00
4.722917377948760986e-01
0.000000000000000000e+00
0.000000000000000000e+00
0.000000000000000000e+00
0.000000000000000000e+00
4.722917377948760986e-01
0.000000000000000000e+00
0.000000000000000000e+00
0.000000000000000000e+00
0.000000000000000000e+00
0.000000000000000000e+00
0.000000000000000000e+00
0.000000000000000000e+00
0.000000000000000000e+00
0.000000000000000000e+00
0.000000000000000000e+00
0.000000000000000000e+00
0.000000000000000000e+00
4.722917377948760986e-01
4.722917377948760986e-01
4.722917377948760986e-01
4.722917377948760986e-01
4.722917377948760986e-01
4.722917377948760986e-01
0.000000000000000000e+00
4.722917377948760986e-01
4.722917377948760986e-01
4.722917377948760986e-01
4.722917377948760986e-01
4.722917377948760986e-01
4.722917377948760986e-01
4.722917377948760986e-01
0.000000000000000000e+00
4.722917377948760986e-01
4.722917377948760986e-01
4.722917377948760986e-01
4.722917377948760986e-01
4.722917377948760986e-01
4.722917377948760986e-01
4.722917377948760986e-01
4.722917377948760986e-01
4.722917377948760986e-01
4.722917377948760986e-01
4.722917377948760986e-01
4.722917377948760986e-01
4.722917377948760986e-01
4.722917377948760986e-01
4.722917377948760986e-01
4.722917377948760986e-01
4.722917377948760986e-01
4.722917377948760986e-01
4.722917377948760986e-01
4.722917377948760986e-01
4.722917377948760986e-01
4.722917377948760986e-01
4.722917377948760986e-01
4.722917377948760986e-01
0.000000000000000000e+00
4.722917377948760986e-01
4.722917377948760986e-01
4.722917377948760986e-01
4.722917377948760986e-01
4.722917377948760986e-01
4.722917377948760986e-01
4.722917377948760986e-01
4.722917377948760986e-01
0.000000000000000000e+00
4.722917377948760986e-01
4.722917377948760986e-01
4.722917377948760986e-01
4.722917377948760986e-01
4.722917377948760986e-01
4.722917377948760986e-01
4.722917377948760986e-01
4.722917377948760986e-01
4.722917377948760986e-01
4.722917377948760986e-01
4.722917377948760986e-01
4.722917377948760986e-01
0.000000000000000000e+00
0.000000000000000000e+00
0.000000000000000000e+00
0.000000000000000000e+00
0.000000000000000000e+00
0.000000000000000000e+00
0.000000000000000000e+00
0.000000000000000000e+00
0.000000000000000000e+00
0.000000000000000000e+00
0.000000000000000000e+00
0.000000000000000000e+00
0.000000000000000000e+00
0.000000000000000000e+00
0.000000000000000000e+00
0.000000000000000000e+00
0.000000000000000000e+00
0.000000000000000000e+00
0.000000000000000000e+00
0.000000000000000000e+00
0.000000000000000000e+00
0.000000000000000000e+00
0.000000000000000000e+00
0.000000000000000000e+00
0.000000000000000000e+00
0.000000000000000000e+00
0.000000000000000000e+00
0.000000000000000000e+00
0.000000000000000000e+00
0.000000000000000000e+00
0.000000000000000000e+00
0.000000000000000000e+00
4.722917377948760986e-01
4.722917377948760986e-01
4.722917377948760986e-01
0.000000000000000000e+00
4.722917377948760986e-01
4.722917377948760986e-01
4.722917377948760986e-01
4.722917377948760986e-01
4.722917377948760986e-01
4.722917377948760986e-01
4.722917377948760986e-01
4.722917377948760986e-01
4.722917377948760986e-01
4.722917377948760986e-01
4.722917377948760986e-01
4.722917377948760986e-01
4.722917377948760986e-01
4.722917377948760986e-01
4.722917377948760986e-01
4.722917377948760986e-01
4.722917377948760986e-01
4.722917377948760986e-01
4.722917377948760986e-01
4.722917377948760986e-01
4.722917377948760986e-01
0.000000000000000000e+00
4.722917377948760986e-01
0.000000000000000000e+00
4.722917377948760986e-01
4.722917377948760986e-01
4.722917377948760986e-01
0.000000000000000000e+00
4.722917377948760986e-01
4.722917377948760986e-01
4.722917377948760986e-01
0.000000000000000000e+00
0.000000000000000000e+00
0.000000000000000000e+00
0.000000000000000000e+00
0.000000000000000000e+00
0.000000000000000000e+00
4.722917377948760986e-01
4.722917377948760986e-01
4.722917377948760986e-01
0.000000000000000000e+00
4.722917377948760986e-01
0.000000000000000000e+00
4.722917377948760986e-01
0.000000000000000000e+00
0.000000000000000000e+00
0.000000000000000000e+00
0.000000000000000000e+00
0.000000000000000000e+00
0.000000000000000000e+00
4.722917377948760986e-01
4.722917377948760986e-01
4.722917377948760986e-01
4.722917377948760986e-01
4.722917377948760986e-01
4.722917377948760986e-01
4.722917377948760986e-01
4.722917377948760986e-01
0.000000000000000000e+00
4.722917377948760986e-01
0.000000000000000000e+00
0.000000000000000000e+00
4.722917377948760986e-01
0.000000000000000000e+00
0.000000000000000000e+00
0.000000000000000000e+00
4.722917377948760986e-01
0.000000000000000000e+00
0.000000000000000000e+00
0.000000000000000000e+00
4.722917377948760986e-01
0.000000000000000000e+00
0.000000000000000000e+00
4.722917377948760986e-01
4.722917377948760986e-01
4.722917377948760986e-01
0.000000000000000000e+00
4.722917377948760986e-01
4.722917377948760986e-01
0.000000000000000000e+00
0.000000000000000000e+00
4.722917377948760986e-01
4.722917377948760986e-01
4.722917377948760986e-01
0.000000000000000000e+00
4.722917377948760986e-01
0.000000000000000000e+00
0.000000000000000000e+00
0.000000000000000000e+00
0.000000000000000000e+00
4.722917377948760986e-01
4.722917377948760986e-01
4.722917377948760986e-01
4.722917377948760986e-01
4.722917377948760986e-01
4.722917377948760986e-01
4.722917377948760986e-01
4.722917377948760986e-01
4.722917377948760986e-01
4.722917377948760986e-01
4.722917377948760986e-01
4.722917377948760986e-01
4.722917377948760986e-01
4.722917377948760986e-01
4.722917377948760986e-01
4.722917377948760986e-01
4.722917377948760986e-01
4.722917377948760986e-01
4.722917377948760986e-01
4.722917377948760986e-01
4.722917377948760986e-01
4.722917377948760986e-01
4.722917377948760986e-01
4.722917377948760986e-01
4.722917377948760986e-01
4.722917377948760986e-01
4.722917377948760986e-01
4.722917377948760986e-01
4.722917377948760986e-01
4.722917377948760986e-01
4.722917377948760986e-01
4.722917377948760986e-01
4.722917377948760986e-01
4.722917377948760986e-01
4.722917377948760986e-01
4.722917377948760986e-01
4.722917377948760986e-01
4.722917377948760986e-01
4.722917377948760986e-01
4.722917377948760986e-01
4.722917377948760986e-01
4.722917377948760986e-01
4.722917377948760986e-01
0.000000000000000000e+00
4.722917377948760986e-01
4.722917377948760986e-01
4.722917377948760986e-01
4.722917377948760986e-01
4.722917377948760986e-01
4.722917377948760986e-01
4.722917377948760986e-01
4.722917377948760986e-01
4.722917377948760986e-01
0.000000000000000000e+00
4.722917377948760986e-01
4.722917377948760986e-01
4.722917377948760986e-01
4.722917377948760986e-01
4.722917377948760986e-01
4.722917377948760986e-01
4.722917377948760986e-01
4.722917377948760986e-01
4.722917377948760986e-01
4.722917377948760986e-01
4.722917377948760986e-01
4.722917377948760986e-01
4.722917377948760986e-01
0.000000000000000000e+00
4.722917377948760986e-01
4.722917377948760986e-01
4.722917377948760986e-01
4.722917377948760986e-01
4.722917377948760986e-01
4.722917377948760986e-01
4.722917377948760986e-01
4.722917377948760986e-01
4.722917377948760986e-01
4.722917377948760986e-01
4.722917377948760986e-01
4.722917377948760986e-01
4.722917377948760986e-01
4.722917377948760986e-01
0.000000000000000000e+00
4.722917377948760986e-01
4.722917377948760986e-01
4.722917377948760986e-01
0.000000000000000000e+00
0.000000000000000000e+00
4.722917377948760986e-01
4.722917377948760986e-01
0.000000000000000000e+00
4.722917377948760986e-01
4.722917377948760986e-01
0.000000000000000000e+00
4.722917377948760986e-01
4.722917377948760986e-01
4.722917377948760986e-01
4.722917377948760986e-01
4.722917377948760986e-01
4.722917377948760986e-01
4.722917377948760986e-01
0.000000000000000000e+00
4.722917377948760986e-01
4.722917377948760986e-01
4.722917377948760986e-01
4.722917377948760986e-01
4.722917377948760986e-01
4.722917377948760986e-01
4.722917377948760986e-01
4.722917377948760986e-01
4.722917377948760986e-01
4.722917377948760986e-01
4.722917377948760986e-01
4.722917377948760986e-01
4.722917377948760986e-01
4.722917377948760986e-01
4.722917377948760986e-01
4.722917377948760986e-01
4.722917377948760986e-01
4.722917377948760986e-01
4.722917377948760986e-01
4.722917377948760986e-01
4.438571333885192871e-01
4.793460965156555176e-01
4.722917377948760986e-01
4.722917377948760986e-01
4.722917377948760986e-01
4.722917377948760986e-01
0.000000000000000000e+00
0.000000000000000000e+00
4.722917377948760986e-01
4.722917377948760986e-01
4.722917377948760986e-01
0.000000000000000000e+00
0.000000000000000000e+00
0.000000000000000000e+00
0.000000000000000000e+00
0.000000000000000000e+00
0.000000000000000000e+00
0.000000000000000000e+00
0.000000000000000000e+00
0.000000000000000000e+00
0.000000000000000000e+00
0.000000000000000000e+00
0.000000000000000000e+00
0.000000000000000000e+00
0.000000000000000000e+00
0.000000000000000000e+00
0.000000000000000000e+00
0.000000000000000000e+00
0.000000000000000000e+00
0.000000000000000000e+00
0.000000000000000000e+00
0.000000000000000000e+00
0.000000000000000000e+00
0.000000000000000000e+00
0.000000000000000000e+00
0.000000000000000000e+00
0.000000000000000000e+00
0.000000000000000000e+00
0.000000000000000000e+00
0.000000000000000000e+00
0.000000000000000000e+00
0.000000000000000000e+00
0.000000000000000000e+00
0.000000000000000000e+00
0.000000000000000000e+00
0.000000000000000000e+00
0.000000000000000000e+00
0.000000000000000000e+00
0.000000000000000000e+00
0.000000000000000000e+00
0.000000000000000000e+00
0.000000000000000000e+00
0.000000000000000000e+00
0.000000000000000000e+00
0.000000000000000000e+00
0.000000000000000000e+00
0.000000000000000000e+00
4.722917377948760986e-01
0.000000000000000000e+00
4.722917377948760986e-01
4.722917377948760986e-01
4.722917377948760986e-01
4.722917377948760986e-01
4.722917377948760986e-01
4.722917377948760986e-01
4.722917377948760986e-01
4.722917377948760986e-01
0.000000000000000000e+00
4.722917377948760986e-01
4.722917377948760986e-01
4.722917377948760986e-01
4.722917377948760986e-01
4.722917377948760986e-01
4.722917377948760986e-01
4.722917377948760986e-01
4.722917377948760986e-01
4.722917377948760986e-01
4.722917377948760986e-01
4.722917377948760986e-01
4.722917377948760986e-01
4.722917377948760986e-01
4.722917377948760986e-01
4.722917377948760986e-01
4.722917377948760986e-01
4.722917377948760986e-01
4.722917377948760986e-01
4.722917377948760986e-01
4.722917377948760986e-01
4.722917377948760986e-01
4.722917377948760986e-01
4.722917377948760986e-01
4.722917377948760986e-01
4.722917377948760986e-01
4.722917377948760986e-01
4.722917377948760986e-01
4.722917377948760986e-01
4.722917377948760986e-01
4.722917377948760986e-01
4.722917377948760986e-01
4.722917377948760986e-01
4.722917377948760986e-01
4.722917377948760986e-01
4.722917377948760986e-01
4.722917377948760986e-01
4.722917377948760986e-01
4.722917377948760986e-01
4.722917377948760986e-01
4.722917377948760986e-01
4.722917377948760986e-01
0.000000000000000000e+00
0.000000000000000000e+00
4.722917377948760986e-01
4.722917377948760986e-01
0.000000000000000000e+00
4.722917377948760986e-01
4.722917377948760986e-01
4.722917377948760986e-01
4.722917377948760986e-01
4.722917377948760986e-01
4.722917377948760986e-01
4.722917377948760986e-01
4.722917377948760986e-01
4.722917377948760986e-01
4.722917377948760986e-01
4.722917377948760986e-01
4.722917377948760986e-01
0.000000000000000000e+00
4.722917377948760986e-01
4.722917377948760986e-01
4.722917377948760986e-01
4.722917377948760986e-01
4.722917377948760986e-01
4.722917377948760986e-01
4.722917377948760986e-01
4.722917377948760986e-01
4.722917377948760986e-01
4.722917377948760986e-01
4.722917377948760986e-01
0.000000000000000000e+00
4.722917377948760986e-01
0.000000000000000000e+00
0.000000000000000000e+00
4.722917377948760986e-01
0.000000000000000000e+00
0.000000000000000000e+00
0.000000000000000000e+00
0.000000000000000000e+00
0.000000000000000000e+00
0.000000000000000000e+00
0.000000000000000000e+00
0.000000000000000000e+00
0.000000000000000000e+00
0.000000000000000000e+00
0.000000000000000000e+00
0.000000000000000000e+00
0.000000000000000000e+00
0.000000000000000000e+00
0.000000000000000000e+00
0.000000000000000000e+00
0.000000000000000000e+00
0.000000000000000000e+00
0.000000000000000000e+00
0.000000000000000000e+00
0.000000000000000000e+00
4.722917377948760986e-01
4.722917377948760986e-01
4.722917377948760986e-01
4.722917377948760986e-01
4.722917377948760986e-01
4.722917377948760986e-01
4.722917377948760986e-01
0.000000000000000000e+00
4.722917377948760986e-01
4.722917377948760986e-01
4.722917377948760986e-01
4.722917377948760986e-01
4.722917377948760986e-01
0.000000000000000000e+00
4.722917377948760986e-01
4.722917377948760986e-01
4.722917377948760986e-01
4.485207498073577881e-01
0.000000000000000000e+00
4.722917377948760986e-01
4.722917377948760986e-01
4.722917377948760986e-01
4.722917377948760986e-01
4.722917377948760986e-01
4.722917377948760986e-01
4.722917377948760986e-01
4.722917377948760986e-01
4.722917377948760986e-01
4.722917377948760986e-01
4.722917377948760986e-01
4.722917377948760986e-01
4.722917377948760986e-01
4.722917377948760986e-01
4.722917377948760986e-01
4.722917377948760986e-01
4.722917377948760986e-01
4.722917377948760986e-01
4.722917377948760986e-01
4.722917377948760986e-01
4.722917377948760986e-01
4.722917377948760986e-01
4.722917377948760986e-01
4.722917377948760986e-01
4.722917377948760986e-01
4.722917377948760986e-01
4.722917377948760986e-01
4.722917377948760986e-01
4.722917377948760986e-01
4.722917377948760986e-01
0.000000000000000000e+00
0.000000000000000000e+00
0.000000000000000000e+00
3.074526786804199219e-01
0.000000000000000000e+00
0.000000000000000000e+00
0.000000000000000000e+00
0.000000000000000000e+00
0.000000000000000000e+00
0.000000000000000000e+00
0.000000000000000000e+00
0.000000000000000000e+00
0.000000000000000000e+00
0.000000000000000000e+00
0.000000000000000000e+00
0.000000000000000000e+00
0.000000000000000000e+00
0.000000000000000000e+00
0.000000000000000000e+00
0.000000000000000000e+00
0.000000000000000000e+00
0.000000000000000000e+00
0.000000000000000000e+00
0.000000000000000000e+00
0.000000000000000000e+00
0.000000000000000000e+00
0.000000000000000000e+00
0.000000000000000000e+00
0.000000000000000000e+00
0.000000000000000000e+00
0.000000000000000000e+00
0.000000000000000000e+00
0.000000000000000000e+00
0.000000000000000000e+00
0.000000000000000000e+00
0.000000000000000000e+00
0.000000000000000000e+00
0.000000000000000000e+00
0.000000000000000000e+00
0.000000000000000000e+00
0.000000000000000000e+00
0.000000000000000000e+00
0.000000000000000000e+00
0.000000000000000000e+00
0.000000000000000000e+00
0.000000000000000000e+00
0.000000000000000000e+00
0.000000000000000000e+00
4.722917377948760986e-01
4.722917377948760986e-01
4.722917377948760986e-01
4.722917377948760986e-01
4.722917377948760986e-01
4.722917377948760986e-01
4.722917377948760986e-01
4.722917377948760986e-01
4.722917377948760986e-01
4.722917377948760986e-01
4.722917377948760986e-01
4.722917377948760986e-01
4.722917377948760986e-01
4.722917377948760986e-01
4.722917377948760986e-01
4.722917377948760986e-01
4.722917377948760986e-01
4.722917377948760986e-01
0.000000000000000000e+00
4.722917377948760986e-01
4.722917377948760986e-01
4.722917377948760986e-01
4.722917377948760986e-01
4.722917377948760986e-01
4.722917377948760986e-01
4.722917377948760986e-01
4.722917377948760986e-01
4.722917377948760986e-01
4.722917377948760986e-01
4.763349592685699463e-01
4.722917377948760986e-01
4.722917377948760986e-01
4.722917377948760986e-01
4.722917377948760986e-01
4.722917377948760986e-01
4.722917377948760986e-01
4.722917377948760986e-01
4.722917377948760986e-01
4.722917377948760986e-01
4.722917377948760986e-01
4.722917377948760986e-01
4.722917377948760986e-01
0.000000000000000000e+00
4.722917377948760986e-01
0.000000000000000000e+00
4.722917377948760986e-01
4.722917377948760986e-01
4.722917377948760986e-01
4.722917377948760986e-01
4.722917377948760986e-01
4.722917377948760986e-01
4.722917377948760986e-01
4.722917377948760986e-01
4.722917377948760986e-01
4.722917377948760986e-01
4.722917377948760986e-01
4.722917377948760986e-01
4.722917377948760986e-01
4.722917377948760986e-01
4.722917377948760986e-01
4.722917377948760986e-01
0.000000000000000000e+00
4.722917377948760986e-01
4.722917377948760986e-01
4.722917377948760986e-01
4.722917377948760986e-01
0.000000000000000000e+00
4.722917377948760986e-01
4.722917377948760986e-01
4.722917377948760986e-01
4.722917377948760986e-01
4.722917377948760986e-01
4.722917377948760986e-01
4.722917377948760986e-01
4.722917377948760986e-01
4.722917377948760986e-01
4.722917377948760986e-01
4.722917377948760986e-01
4.722917377948760986e-01
4.722917377948760986e-01
4.722917377948760986e-01
4.722917377948760986e-01
4.722917377948760986e-01
4.722917377948760986e-01
4.722917377948760986e-01
4.722917377948760986e-01
4.722917377948760986e-01
4.722917377948760986e-01
4.722917377948760986e-01
4.722917377948760986e-01
4.722917377948760986e-01
4.722917377948760986e-01
4.722917377948760986e-01
4.722917377948760986e-01
0.000000000000000000e+00
4.722917377948760986e-01
4.722917377948760986e-01
4.722917377948760986e-01
4.722917377948760986e-01
4.722917377948760986e-01
4.722917377948760986e-01
4.722917377948760986e-01
4.722917377948760986e-01
4.722917377948760986e-01
4.722917377948760986e-01
4.722917377948760986e-01
4.722917377948760986e-01
4.722917377948760986e-01
4.722917377948760986e-01
4.722917377948760986e-01
4.722917377948760986e-01
4.722917377948760986e-01
4.722917377948760986e-01
4.722917377948760986e-01
4.722917377948760986e-01
0.000000000000000000e+00
4.722917377948760986e-01
2.405364215373992920e-01
0.000000000000000000e+00
4.722917377948760986e-01
0.000000000000000000e+00
4.722917377948760986e-01
4.722917377948760986e-01
4.722917377948760986e-01
4.722917377948760986e-01
4.722917377948760986e-01
4.722917377948760986e-01
4.722917377948760986e-01
4.722917377948760986e-01
4.722917377948760986e-01
4.722917377948760986e-01
4.722917377948760986e-01
0.000000000000000000e+00
4.722917377948760986e-01
4.722917377948760986e-01
4.722917377948760986e-01
4.722917377948760986e-01
4.722917377948760986e-01
4.722917377948760986e-01
4.722917377948760986e-01
0.000000000000000000e+00
0.000000000000000000e+00
0.000000000000000000e+00
0.000000000000000000e+00
0.000000000000000000e+00
0.000000000000000000e+00
4.722917377948760986e-01
4.722917377948760986e-01
0.000000000000000000e+00
4.722917377948760986e-01
4.722917377948760986e-01
0.000000000000000000e+00
0.000000000000000000e+00
4.722917377948760986e-01
0.000000000000000000e+00
0.000000000000000000e+00
0.000000000000000000e+00
0.000000000000000000e+00
0.000000000000000000e+00
0.000000000000000000e+00
4.722917377948760986e-01
4.722917377948760986e-01
4.722917377948760986e-01
4.722917377948760986e-01
4.722917377948760986e-01
4.722917377948760986e-01
4.722917377948760986e-01
4.722917377948760986e-01
4.722917377948760986e-01
4.722917377948760986e-01
4.722917377948760986e-01
4.722917377948760986e-01
4.722917377948760986e-01
4.722917377948760986e-01
4.722917377948760986e-01
4.722917377948760986e-01
0.000000000000000000e+00
3.478036522865295410e-01
4.722917377948760986e-01
4.722917377948760986e-01
4.722917377948760986e-01
4.722917377948760986e-01
4.722917377948760986e-01
4.722917377948760986e-01
4.722917377948760986e-01
4.722917377948760986e-01
4.722917377948760986e-01
4.722917377948760986e-01
4.722917377948760986e-01
4.722917377948760986e-01
4.722917377948760986e-01
4.722917377948760986e-01
0.000000000000000000e+00
4.722917377948760986e-01
0.000000000000000000e+00
0.000000000000000000e+00
0.000000000000000000e+00
0.000000000000000000e+00
0.000000000000000000e+00
0.000000000000000000e+00
0.000000000000000000e+00
0.000000000000000000e+00
0.000000000000000000e+00
0.000000000000000000e+00
4.722917377948760986e-01
0.000000000000000000e+00
0.000000000000000000e+00
0.000000000000000000e+00
0.000000000000000000e+00
0.000000000000000000e+00
0.000000000000000000e+00
0.000000000000000000e+00
0.000000000000000000e+00
0.000000000000000000e+00
0.000000000000000000e+00
0.000000000000000000e+00
0.000000000000000000e+00
0.000000000000000000e+00
0.000000000000000000e+00
4.722917377948760986e-01
0.000000000000000000e+00
4.722917377948760986e-01
4.722917377948760986e-01
0.000000000000000000e+00
0.000000000000000000e+00
0.000000000000000000e+00
4.722917377948760986e-01
4.722917377948760986e-01
0.000000000000000000e+00
4.722917377948760986e-01
4.722917377948760986e-01
4.722917377948760986e-01
0.000000000000000000e+00
4.722917377948760986e-01
4.722917377948760986e-01
0.000000000000000000e+00
4.722917377948760986e-01
0.000000000000000000e+00
0.000000000000000000e+00
0.000000000000000000e+00
0.000000000000000000e+00
0.000000000000000000e+00
0.000000000000000000e+00
0.000000000000000000e+00
0.000000000000000000e+00
0.000000000000000000e+00
0.000000000000000000e+00
0.000000000000000000e+00
0.000000000000000000e+00
0.000000000000000000e+00
0.000000000000000000e+00
0.000000000000000000e+00
4.781797230243682861e-01
4.722917377948760986e-01
4.722917377948760986e-01
0.000000000000000000e+00
4.722917377948760986e-01
4.722917377948760986e-01
0.000000000000000000e+00
4.722917377948760986e-01
4.722917377948760986e-01
0.000000000000000000e+00
4.722917377948760986e-01
4.722917377948760986e-01
4.722917377948760986e-01
4.722917377948760986e-01
4.722917377948760986e-01
4.722917377948760986e-01
4.722917377948760986e-01
4.722917377948760986e-01
4.722917377948760986e-01
4.722917377948760986e-01
4.722917377948760986e-01
4.722917377948760986e-01
0.000000000000000000e+00
0.000000000000000000e+00
0.000000000000000000e+00
0.000000000000000000e+00
0.000000000000000000e+00
0.000000000000000000e+00
0.000000000000000000e+00
0.000000000000000000e+00
0.000000000000000000e+00
0.000000000000000000e+00
0.000000000000000000e+00
0.000000000000000000e+00
0.000000000000000000e+00
0.000000000000000000e+00
0.000000000000000000e+00
0.000000000000000000e+00
0.000000000000000000e+00
0.000000000000000000e+00
0.000000000000000000e+00
0.000000000000000000e+00
0.000000000000000000e+00
0.000000000000000000e+00
0.000000000000000000e+00
0.000000000000000000e+00
0.000000000000000000e+00
0.000000000000000000e+00
0.000000000000000000e+00
0.000000000000000000e+00
0.000000000000000000e+00
0.000000000000000000e+00
0.000000000000000000e+00
4.722917377948760986e-01
4.722917377948760986e-01
4.722917377948760986e-01
4.722917377948760986e-01
4.722917377948760986e-01
4.722917377948760986e-01
4.722917377948760986e-01
0.000000000000000000e+00
4.722917377948760986e-01
4.722917377948760986e-01
4.722917377948760986e-01
4.722917377948760986e-01
4.722917377948760986e-01
0.000000000000000000e+00
4.722917377948760986e-01
4.722917377948760986e-01
4.722917377948760986e-01
4.722917377948760986e-01
0.000000000000000000e+00
4.722917377948760986e-01
4.722917377948760986e-01
0.000000000000000000e+00
4.722917377948760986e-01
0.000000000000000000e+00
4.722917377948760986e-01
4.722917377948760986e-01
4.722917377948760986e-01
4.722917377948760986e-01
4.722917377948760986e-01
4.722917377948760986e-01
4.722917377948760986e-01
4.722917377948760986e-01
4.722917377948760986e-01
4.722917377948760986e-01
4.722917377948760986e-01
4.722917377948760986e-01
4.722917377948760986e-01
4.722917377948760986e-01
4.722917377948760986e-01
0.000000000000000000e+00
0.000000000000000000e+00
4.722917377948760986e-01
4.722917377948760986e-01
0.000000000000000000e+00
4.722917377948760986e-01
4.722917377948760986e-01
0.000000000000000000e+00
0.000000000000000000e+00
4.722917377948760986e-01
4.722917377948760986e-01
4.722917377948760986e-01
4.722917377948760986e-01
4.722917377948760986e-01
4.722917377948760986e-01
4.722917377948760986e-01
4.722917377948760986e-01
4.722917377948760986e-01
4.722917377948760986e-01
4.722917377948760986e-01
4.722917377948760986e-01
4.722917377948760986e-01
4.722917377948760986e-01
4.722917377948760986e-01
4.722917377948760986e-01
4.722917377948760986e-01
4.722917377948760986e-01
4.722917377948760986e-01
4.722917377948760986e-01
4.722917377948760986e-01
4.722917377948760986e-01
4.722917377948760986e-01
4.722917377948760986e-01
4.722917377948760986e-01
4.722917377948760986e-01
4.722917377948760986e-01
0.000000000000000000e+00
4.722917377948760986e-01
4.722917377948760986e-01
4.722917377948760986e-01
4.722917377948760986e-01
0.000000000000000000e+00
0.000000000000000000e+00
0.000000000000000000e+00
0.000000000000000000e+00
4.722917377948760986e-01
0.000000000000000000e+00
0.000000000000000000e+00
0.000000000000000000e+00
4.722917377948760986e-01
0.000000000000000000e+00
0.000000000000000000e+00
0.000000000000000000e+00
0.000000000000000000e+00
0.000000000000000000e+00
0.000000000000000000e+00
0.000000000000000000e+00
0.000000000000000000e+00
0.000000000000000000e+00
0.000000000000000000e+00
0.000000000000000000e+00
0.000000000000000000e+00
4.722917377948760986e-01
4.722917377948760986e-01
4.722917377948760986e-01
4.722917377948760986e-01
4.722917377948760986e-01
4.722917377948760986e-01
4.722917377948760986e-01
4.722917377948760986e-01
0.000000000000000000e+00
4.722917377948760986e-01
4.722917377948760986e-01
4.722917377948760986e-01
4.722917377948760986e-01
4.722917377948760986e-01
4.722917377948760986e-01
4.722917377948760986e-01
0.000000000000000000e+00
4.722917377948760986e-01
4.722917377948760986e-01
4.722917377948760986e-01
4.722917377948760986e-01
4.722917377948760986e-01
4.722917377948760986e-01
4.722917377948760986e-01
4.722917377948760986e-01
4.722917377948760986e-01
4.722917377948760986e-01
4.722917377948760986e-01
4.722917377948760986e-01
4.722917377948760986e-01
4.722917377948760986e-01
4.722917377948760986e-01
4.722917377948760986e-01
4.722917377948760986e-01
4.722917377948760986e-01
4.722917377948760986e-01
4.722917377948760986e-01
4.722917377948760986e-01
4.722917377948760986e-01
4.722917377948760986e-01
4.722917377948760986e-01
4.722917377948760986e-01
4.722917377948760986e-01
4.722917377948760986e-01
4.722917377948760986e-01
4.722917377948760986e-01
4.722917377948760986e-01
4.722917377948760986e-01
4.722917377948760986e-01
4.722917377948760986e-01
4.722917377948760986e-01
4.722917377948760986e-01
4.722917377948760986e-01
4.722917377948760986e-01
4.722917377948760986e-01
4.722917377948760986e-01
4.722917377948760986e-01
4.722917377948760986e-01
4.722917377948760986e-01
4.722917377948760986e-01
4.722917377948760986e-01
4.722917377948760986e-01
4.722917377948760986e-01
4.722917377948760986e-01
4.722917377948760986e-01
4.722917377948760986e-01
4.722917377948760986e-01
4.722917377948760986e-01
4.722917377948760986e-01
4.722917377948760986e-01
4.722917377948760986e-01
0.000000000000000000e+00
4.722917377948760986e-01
4.722917377948760986e-01
4.722917377948760986e-01
4.722917377948760986e-01
4.722917377948760986e-01
4.722917377948760986e-01
4.722917377948760986e-01
4.722917377948760986e-01
4.722917377948760986e-01
4.722917377948760986e-01
4.722917377948760986e-01
4.722917377948760986e-01
4.722917377948760986e-01
4.722917377948760986e-01
4.722917377948760986e-01
4.722917377948760986e-01
0.000000000000000000e+00
4.722917377948760986e-01
4.722917377948760986e-01
0.000000000000000000e+00
0.000000000000000000e+00
4.722917377948760986e-01
0.000000000000000000e+00
4.722917377948760986e-01
4.722917377948760986e-01
4.722917377948760986e-01
4.722917377948760986e-01
4.722917377948760986e-01
4.722917377948760986e-01
4.722917377948760986e-01
4.722917377948760986e-01
4.722917377948760986e-01
4.722917377948760986e-01
4.722917377948760986e-01
4.722917377948760986e-01
4.722917377948760986e-01
4.722917377948760986e-01
4.722917377948760986e-01
4.722917377948760986e-01
4.722917377948760986e-01
4.722917377948760986e-01
4.722917377948760986e-01
4.722917377948760986e-01
4.722917377948760986e-01
4.722917377948760986e-01
4.722917377948760986e-01
4.722917377948760986e-01
4.722917377948760986e-01
4.722917377948760986e-01
4.722917377948760986e-01
4.722917377948760986e-01
4.722917377948760986e-01
4.722917377948760986e-01
4.722917377948760986e-01
4.722917377948760986e-01
4.722917377948760986e-01
4.722917377948760986e-01
4.722917377948760986e-01
4.722917377948760986e-01
4.722917377948760986e-01
4.722917377948760986e-01
4.722917377948760986e-01
0.000000000000000000e+00
4.722917377948760986e-01
4.722917377948760986e-01
4.722917377948760986e-01
4.722917377948760986e-01
4.722917377948760986e-01
4.722917377948760986e-01
4.722917377948760986e-01
4.722917377948760986e-01
4.722917377948760986e-01
4.722917377948760986e-01
4.722917377948760986e-01
4.722917377948760986e-01
4.722917377948760986e-01
4.722917377948760986e-01
4.722917377948760986e-01
4.722917377948760986e-01
4.722917377948760986e-01
4.722917377948760986e-01
4.722917377948760986e-01
4.722917377948760986e-01
4.722917377948760986e-01
4.722917377948760986e-01
4.722917377948760986e-01
4.722917377948760986e-01
4.722917377948760986e-01
4.722917377948760986e-01
4.722917377948760986e-01
4.722917377948760986e-01
4.722917377948760986e-01
4.722917377948760986e-01
4.722917377948760986e-01
0.000000000000000000e+00
4.722917377948760986e-01
4.722917377948760986e-01
4.722917377948760986e-01
4.722917377948760986e-01
4.722917377948760986e-01
4.722917377948760986e-01
4.722917377948760986e-01
4.722917377948760986e-01
4.722917377948760986e-01
4.722917377948760986e-01
4.722917377948760986e-01
4.722917377948760986e-01
4.722917377948760986e-01
4.722917377948760986e-01
4.722917377948760986e-01
4.722917377948760986e-01
4.722917377948760986e-01
4.722917377948760986e-01
4.722917377948760986e-01
4.722917377948760986e-01
4.722917377948760986e-01
4.722917377948760986e-01
4.722917377948760986e-01
4.722917377948760986e-01
4.722917377948760986e-01
4.722917377948760986e-01
0.000000000000000000e+00
0.000000000000000000e+00
4.812340140342712402e-01
4.812341630458831787e-01
0.000000000000000000e+00
0.000000000000000000e+00
4.722917377948760986e-01
4.748671948909759521e-01
4.722917377948760986e-01
4.722917377948760986e-01
4.722917377948760986e-01
4.722917377948760986e-01
4.722917377948760986e-01
4.722917377948760986e-01
4.722917377948760986e-01
4.722917377948760986e-01
4.722917377948760986e-01
4.872170388698577881e-01
4.722917377948760986e-01
4.722917377948760986e-01
4.722917377948760986e-01
4.722917377948760986e-01
4.722917377948760986e-01
4.722917377948760986e-01
4.722917377948760986e-01
4.722917377948760986e-01
4.722917377948760986e-01
4.722917377948760986e-01
4.722917377948760986e-01
4.722917377948760986e-01
4.722917377948760986e-01
4.722917377948760986e-01
4.722917377948760986e-01
4.722917377948760986e-01
4.722917377948760986e-01
4.722917377948760986e-01
4.722917377948760986e-01
4.722917377948760986e-01
4.722917377948760986e-01
4.722917377948760986e-01
4.722917377948760986e-01
4.722917377948760986e-01
4.722917377948760986e-01
4.722917377948760986e-01
4.722917377948760986e-01
4.722917377948760986e-01
4.722917377948760986e-01
4.722917377948760986e-01
4.722917377948760986e-01
4.722917377948760986e-01
4.722917377948760986e-01
4.722917377948760986e-01
4.722917377948760986e-01
4.722917377948760986e-01
4.722917377948760986e-01
4.722917377948760986e-01
4.722917377948760986e-01
4.722917377948760986e-01
4.722917377948760986e-01
4.722917377948760986e-01
0.000000000000000000e+00
4.722917377948760986e-01
4.722917377948760986e-01
4.722917377948760986e-01
4.722917377948760986e-01
0.000000000000000000e+00
4.722917377948760986e-01
4.722917377948760986e-01
0.000000000000000000e+00
0.000000000000000000e+00
0.000000000000000000e+00
0.000000000000000000e+00
0.000000000000000000e+00
0.000000000000000000e+00
0.000000000000000000e+00
4.722917377948760986e-01
0.000000000000000000e+00
4.722917377948760986e-01
0.000000000000000000e+00
4.722917377948760986e-01
4.722917377948760986e-01
4.722917377948760986e-01
0.000000000000000000e+00
4.722917377948760986e-01
4.722917377948760986e-01
4.722917377948760986e-01
4.722917377948760986e-01
0.000000000000000000e+00
4.722917377948760986e-01
4.722917377948760986e-01
4.722917377948760986e-01
4.722917377948760986e-01
4.722917377948760986e-01
0.000000000000000000e+00
4.722917377948760986e-01
4.722917377948760986e-01
4.722917377948760986e-01
4.722917377948760986e-01
4.722917377948760986e-01
4.722917377948760986e-01
0.000000000000000000e+00
4.722917377948760986e-01
4.722917377948760986e-01
0.000000000000000000e+00
4.722917377948760986e-01
4.722917377948760986e-01
4.722917377948760986e-01
4.722917377948760986e-01
4.722917377948760986e-01
0.000000000000000000e+00
4.722917377948760986e-01
4.722917377948760986e-01
4.722917377948760986e-01
4.722917377948760986e-01
4.722917377948760986e-01
4.722917377948760986e-01
4.722917377948760986e-01
4.722917377948760986e-01
4.722917377948760986e-01
4.722917377948760986e-01
4.722917377948760986e-01
4.722917377948760986e-01
4.722917377948760986e-01
4.722917377948760986e-01
4.722917377948760986e-01
4.722917377948760986e-01
4.722917377948760986e-01
4.722917377948760986e-01
4.722917377948760986e-01
4.722917377948760986e-01
4.722917377948760986e-01
4.722917377948760986e-01
4.722917377948760986e-01
4.722917377948760986e-01
4.722917377948760986e-01
4.722917377948760986e-01
0.000000000000000000e+00
4.722917377948760986e-01
4.722917377948760986e-01
4.722917377948760986e-01
4.722917377948760986e-01
4.722917377948760986e-01
4.722917377948760986e-01
4.722917377948760986e-01
4.722917377948760986e-01
4.722917377948760986e-01
4.722917377948760986e-01
4.722917377948760986e-01
4.722917377948760986e-01
4.722917377948760986e-01
4.722917377948760986e-01
4.722917377948760986e-01
0.000000000000000000e+00
0.000000000000000000e+00
0.000000000000000000e+00
0.000000000000000000e+00
0.000000000000000000e+00
0.000000000000000000e+00
0.000000000000000000e+00
0.000000000000000000e+00
0.000000000000000000e+00
0.000000000000000000e+00
0.000000000000000000e+00
0.000000000000000000e+00
4.722917377948760986e-01
4.722917377948760986e-01
4.722917377948760986e-01
0.000000000000000000e+00
4.722917377948760986e-01
4.722917377948760986e-01
4.722917377948760986e-01
4.722917377948760986e-01
0.000000000000000000e+00
0.000000000000000000e+00
0.000000000000000000e+00
0.000000000000000000e+00
0.000000000000000000e+00
0.000000000000000000e+00
0.000000000000000000e+00
0.000000000000000000e+00
0.000000000000000000e+00
0.000000000000000000e+00
0.000000000000000000e+00
0.000000000000000000e+00
0.000000000000000000e+00
4.722917377948760986e-01
0.000000000000000000e+00
4.722917377948760986e-01
0.000000000000000000e+00
0.000000000000000000e+00
0.000000000000000000e+00
0.000000000000000000e+00
0.000000000000000000e+00
0.000000000000000000e+00
0.000000000000000000e+00
0.000000000000000000e+00
0.000000000000000000e+00
0.000000000000000000e+00
0.000000000000000000e+00
0.000000000000000000e+00
0.000000000000000000e+00
0.000000000000000000e+00
0.000000000000000000e+00
0.000000000000000000e+00
0.000000000000000000e+00
0.000000000000000000e+00
0.000000000000000000e+00
0.000000000000000000e+00
0.000000000000000000e+00
0.000000000000000000e+00
0.000000000000000000e+00
0.000000000000000000e+00
0.000000000000000000e+00
0.000000000000000000e+00
0.000000000000000000e+00
0.000000000000000000e+00
0.000000000000000000e+00
0.000000000000000000e+00
0.000000000000000000e+00
0.000000000000000000e+00
0.000000000000000000e+00
4.722917377948760986e-01
0.000000000000000000e+00
4.722917377948760986e-01
0.000000000000000000e+00
4.722917377948760986e-01
0.000000000000000000e+00
0.000000000000000000e+00
0.000000000000000000e+00
4.722917377948760986e-01
4.722917377948760986e-01
0.000000000000000000e+00
0.000000000000000000e+00
0.000000000000000000e+00
0.000000000000000000e+00
0.000000000000000000e+00
0.000000000000000000e+00
0.000000000000000000e+00
0.000000000000000000e+00
0.000000000000000000e+00
4.722917377948760986e-01
4.722917377948760986e-01
4.722917377948760986e-01
0.000000000000000000e+00
0.000000000000000000e+00
0.000000000000000000e+00
4.722917377948760986e-01
4.722917377948760986e-01
0.000000000000000000e+00
4.722917377948760986e-01
4.722917377948760986e-01
4.722917377948760986e-01
4.722917377948760986e-01
4.722917377948760986e-01
0.000000000000000000e+00
4.722917377948760986e-01
4.722917377948760986e-01
4.722917377948760986e-01
4.722917377948760986e-01
4.722917377948760986e-01
4.722917377948760986e-01
4.722917377948760986e-01
4.722917377948760986e-01
4.722917377948760986e-01
4.722917377948760986e-01
4.722917377948760986e-01
4.722917377948760986e-01
4.722917377948760986e-01
4.722917377948760986e-01
4.722917377948760986e-01
4.722917377948760986e-01
4.722917377948760986e-01
4.722917377948760986e-01
4.722917377948760986e-01
4.722917377948760986e-01
4.722917377948760986e-01
4.722917377948760986e-01
4.722917377948760986e-01
4.722917377948760986e-01
4.722917377948760986e-01
4.722917377948760986e-01
4.722917377948760986e-01
4.722917377948760986e-01
4.722917377948760986e-01
4.722917377948760986e-01
4.722917377948760986e-01
4.722917377948760986e-01
4.722917377948760986e-01
4.722917377948760986e-01
4.722917377948760986e-01
4.722917377948760986e-01
4.722917377948760986e-01
4.722917377948760986e-01
4.722917377948760986e-01
4.722917377948760986e-01
4.722917377948760986e-01
4.722917377948760986e-01
4.722917377948760986e-01
4.722917377948760986e-01
4.722917377948760986e-01
4.722917377948760986e-01
4.722917377948760986e-01
4.722917377948760986e-01
4.722917377948760986e-01
4.722917377948760986e-01
4.722917377948760986e-01
4.722917377948760986e-01
4.722917377948760986e-01
4.722917377948760986e-01
4.722917377948760986e-01
4.722917377948760986e-01
4.722917377948760986e-01
4.722917377948760986e-01
4.722917377948760986e-01
4.722917377948760986e-01
4.722917377948760986e-01
4.722917377948760986e-01
4.722917377948760986e-01
4.722917377948760986e-01
4.722917377948760986e-01
4.722917377948760986e-01
4.722917377948760986e-01
4.722917377948760986e-01
4.722917377948760986e-01
4.722917377948760986e-01
4.722917377948760986e-01
4.722917377948760986e-01
4.722917377948760986e-01
0.000000000000000000e+00
4.722917377948760986e-01
4.722917377948760986e-01
4.722917377948760986e-01
4.722917377948760986e-01
4.722917377948760986e-01
4.722917377948760986e-01
4.722917377948760986e-01
4.722917377948760986e-01
0.000000000000000000e+00
4.722917377948760986e-01
4.722917377948760986e-01
4.722917377948760986e-01
4.722917377948760986e-01
0.000000000000000000e+00
4.722917377948760986e-01
4.722917377948760986e-01
4.722917377948760986e-01
4.722917377948760986e-01
4.722917377948760986e-01
4.722917377948760986e-01
4.722917377948760986e-01
4.722917377948760986e-01
4.722917377948760986e-01
4.722917377948760986e-01
4.722917377948760986e-01
4.722917377948760986e-01
4.722917377948760986e-01
4.722917377948760986e-01
4.722917377948760986e-01
4.722917377948760986e-01
4.722917377948760986e-01
4.722917377948760986e-01
4.722917377948760986e-01
4.722917377948760986e-01
4.722917377948760986e-01
4.722917377948760986e-01
4.722917377948760986e-01
4.722917377948760986e-01
4.722917377948760986e-01
4.722917377948760986e-01
4.722917377948760986e-01
4.722917377948760986e-01
4.722917377948760986e-01
4.722917377948760986e-01
4.722917377948760986e-01
4.722917377948760986e-01
4.722917377948760986e-01
4.722917377948760986e-01
4.722917377948760986e-01
4.722917377948760986e-01
4.722917377948760986e-01
4.722917377948760986e-01
4.722917377948760986e-01
4.722917377948760986e-01
4.722917377948760986e-01
4.722917377948760986e-01
4.722917377948760986e-01
4.722917377948760986e-01
4.722917377948760986e-01
4.722917377948760986e-01
4.722917377948760986e-01
4.722917377948760986e-01
4.722917377948760986e-01
4.722917377948760986e-01
4.722917377948760986e-01
4.722917377948760986e-01
4.722917377948760986e-01
4.722917377948760986e-01
4.722917377948760986e-01
4.722917377948760986e-01
4.722917377948760986e-01
4.722917377948760986e-01
4.722917377948760986e-01
4.722917377948760986e-01
4.722917377948760986e-01
4.722917377948760986e-01
4.722917377948760986e-01
4.722917377948760986e-01
4.722917377948760986e-01
4.722917377948760986e-01
4.722917377948760986e-01
4.722917377948760986e-01
4.722917377948760986e-01
4.722917377948760986e-01
4.722917377948760986e-01
4.722917377948760986e-01
4.722917377948760986e-01
4.722917377948760986e-01
4.722917377948760986e-01
4.722917377948760986e-01
4.722917377948760986e-01
4.722917377948760986e-01
4.722917377948760986e-01
4.722917377948760986e-01
4.722917377948760986e-01
4.722917377948760986e-01
4.722917377948760986e-01
4.722917377948760986e-01
4.722917377948760986e-01
4.722917377948760986e-01
4.722917377948760986e-01
4.722917377948760986e-01
4.722917377948760986e-01
4.722917377948760986e-01
4.722917377948760986e-01
4.722917377948760986e-01
4.722917377948760986e-01
4.722917377948760986e-01
4.722917377948760986e-01
4.722917377948760986e-01
4.722917377948760986e-01
4.722917377948760986e-01
4.722917377948760986e-01
4.722917377948760986e-01
4.722917377948760986e-01
4.722917377948760986e-01
4.722917377948760986e-01
4.722917377948760986e-01
4.722917377948760986e-01
4.722917377948760986e-01
4.722917377948760986e-01
4.722917377948760986e-01
4.722917377948760986e-01
4.722917377948760986e-01
4.722917377948760986e-01
4.722917377948760986e-01
4.733411073684692383e-01
4.722917377948760986e-01
4.722917377948760986e-01
4.722917377948760986e-01
4.722917377948760986e-01
4.722917377948760986e-01
4.722917377948760986e-01
4.786445498466491699e-01
4.722917377948760986e-01
4.722917377948760986e-01
4.850853681564331055e-01
4.722917377948760986e-01
4.722917377948760986e-01
4.722917377948760986e-01
4.722917377948760986e-01
4.722917377948760986e-01
4.722917377948760986e-01
4.722917377948760986e-01
4.722917377948760986e-01
4.722917377948760986e-01
0.000000000000000000e+00
0.000000000000000000e+00
0.000000000000000000e+00
4.722917377948760986e-01
4.722917377948760986e-01
4.722917377948760986e-01
4.722917377948760986e-01
4.722917377948760986e-01
4.722917377948760986e-01
4.722917377948760986e-01
4.722917377948760986e-01
4.722917377948760986e-01
4.722917377948760986e-01
4.722917377948760986e-01
4.722917377948760986e-01
4.722917377948760986e-01
4.722917377948760986e-01
4.722917377948760986e-01
4.722917377948760986e-01
0.000000000000000000e+00
0.000000000000000000e+00
0.000000000000000000e+00
4.722917377948760986e-01
4.722917377948760986e-01
4.722917377948760986e-01
4.722917377948760986e-01
4.722917377948760986e-01
4.722917377948760986e-01
0.000000000000000000e+00
4.722917377948760986e-01
4.722917377948760986e-01
4.722917377948760986e-01
4.722917377948760986e-01
0.000000000000000000e+00
4.722917377948760986e-01
4.722917377948760986e-01
4.722917377948760986e-01
4.722917377948760986e-01
4.722917377948760986e-01
4.722917377948760986e-01
4.722917377948760986e-01
4.722917377948760986e-01
4.722917377948760986e-01
4.722917377948760986e-01
4.722917377948760986e-01
4.722917377948760986e-01
4.722917377948760986e-01
4.722917377948760986e-01
4.722917377948760986e-01
4.722917377948760986e-01
4.722917377948760986e-01
4.722917377948760986e-01
4.722917377948760986e-01
4.722917377948760986e-01
4.722917377948760986e-01
4.722917377948760986e-01
4.722917377948760986e-01
4.722917377948760986e-01
4.722917377948760986e-01
4.722917377948760986e-01
4.722917377948760986e-01
4.722917377948760986e-01
4.722917377948760986e-01
4.722917377948760986e-01
4.722917377948760986e-01
4.722917377948760986e-01
4.722917377948760986e-01
4.722917377948760986e-01
4.722917377948760986e-01
4.722917377948760986e-01
4.722917377948760986e-01
4.722917377948760986e-01
4.722917377948760986e-01
4.722917377948760986e-01
4.722917377948760986e-01
4.722917377948760986e-01
4.722917377948760986e-01
4.722917377948760986e-01
4.722917377948760986e-01
4.722917377948760986e-01
4.722917377948760986e-01
4.722917377948760986e-01
4.722917377948760986e-01
4.722917377948760986e-01
4.722917377948760986e-01
4.722917377948760986e-01
4.722917377948760986e-01
4.722917377948760986e-01
4.722917377948760986e-01
4.722917377948760986e-01
4.722917377948760986e-01
4.722917377948760986e-01
4.722917377948760986e-01
4.722917377948760986e-01
4.722917377948760986e-01
0.000000000000000000e+00
4.722917377948760986e-01
4.722917377948760986e-01
4.722917377948760986e-01
4.722917377948760986e-01
4.722917377948760986e-01
4.722917377948760986e-01
4.722917377948760986e-01
4.722917377948760986e-01
4.722917377948760986e-01
4.722917377948760986e-01
4.722917377948760986e-01
4.722917377948760986e-01
4.722917377948760986e-01
4.722917377948760986e-01
0.000000000000000000e+00
4.722917377948760986e-01
4.722917377948760986e-01
4.722917377948760986e-01
4.722917377948760986e-01
4.722917377948760986e-01
4.722917377948760986e-01
4.722917377948760986e-01
4.722917377948760986e-01
4.722917377948760986e-01
4.722917377948760986e-01
4.722917377948760986e-01
4.722917377948760986e-01
4.722917377948760986e-01
4.722917377948760986e-01
4.722917377948760986e-01
4.722917377948760986e-01
4.722917377948760986e-01
4.722917377948760986e-01
4.722917377948760986e-01
4.722917377948760986e-01
4.722917377948760986e-01
4.722917377948760986e-01
4.722917377948760986e-01
4.722917377948760986e-01
4.722917377948760986e-01
4.722917377948760986e-01
4.722917377948760986e-01
4.722917377948760986e-01
4.722917377948760986e-01
4.722917377948760986e-01
4.722917377948760986e-01
4.722917377948760986e-01
4.722917377948760986e-01
4.722917377948760986e-01
4.722917377948760986e-01
4.722917377948760986e-01
4.722917377948760986e-01
4.722917377948760986e-01
4.722917377948760986e-01
4.722917377948760986e-01
4.722917377948760986e-01
4.722917377948760986e-01
4.722917377948760986e-01
4.722917377948760986e-01
4.722917377948760986e-01
4.722917377948760986e-01
4.722917377948760986e-01
4.722917377948760986e-01
4.722917377948760986e-01
4.722917377948760986e-01
4.722917377948760986e-01
4.722917377948760986e-01
4.804262518882751465e-01
4.722917377948760986e-01
4.722917377948760986e-01
4.722917377948760986e-01
4.722917377948760986e-01
4.722917377948760986e-01
4.722917377948760986e-01
4.685809016227722168e-01
4.722917377948760986e-01
4.722917377948760986e-01
4.722917377948760986e-01
4.722917377948760986e-01
4.722917377948760986e-01
4.722917377948760986e-01
4.722917377948760986e-01
4.722917377948760986e-01
4.722917377948760986e-01
4.722917377948760986e-01
4.722917377948760986e-01
4.722917377948760986e-01
4.722917377948760986e-01
4.722917377948760986e-01
4.722917377948760986e-01
0.000000000000000000e+00
4.722917377948760986e-01
4.722917377948760986e-01
4.722917377948760986e-01
4.722917377948760986e-01
4.722917377948760986e-01
4.722917377948760986e-01
4.722917377948760986e-01
4.722917377948760986e-01
4.722917377948760986e-01
4.722917377948760986e-01
4.722917377948760986e-01
4.722917377948760986e-01
4.722917377948760986e-01
4.722917377948760986e-01
4.722917377948760986e-01
4.733168482780456543e-01
4.722917377948760986e-01
4.722917377948760986e-01
4.722917377948760986e-01
4.722917377948760986e-01
4.722917377948760986e-01
4.722917377948760986e-01
4.722917377948760986e-01
4.722917377948760986e-01
4.722917377948760986e-01
4.722917377948760986e-01
4.722917377948760986e-01
4.722917377948760986e-01
4.722917377948760986e-01
4.881845414638519287e-01
4.722917377948760986e-01
4.722917377948760986e-01
4.722917377948760986e-01
4.722917377948760986e-01
4.722917377948760986e-01
4.722917377948760986e-01
4.722917377948760986e-01
4.722917377948760986e-01
4.722917377948760986e-01
4.722917377948760986e-01
4.722917377948760986e-01
4.722917377948760986e-01
4.722917377948760986e-01
4.722917377948760986e-01
4.517011344432830811e-01
0.000000000000000000e+00
0.000000000000000000e+00
0.000000000000000000e+00
4.722917377948760986e-01
4.722917377948760986e-01
4.722917377948760986e-01
4.722917377948760986e-01
4.722917377948760986e-01
4.722917377948760986e-01
4.722917377948760986e-01
4.722917377948760986e-01
4.722917377948760986e-01
4.722917377948760986e-01
4.722917377948760986e-01
4.722917377948760986e-01
4.722917377948760986e-01
4.722917377948760986e-01
4.722917377948760986e-01
4.722917377948760986e-01
4.722917377948760986e-01
4.722917377948760986e-01
4.722917377948760986e-01
4.722917377948760986e-01
4.722917377948760986e-01
4.722917377948760986e-01
4.722917377948760986e-01
4.722917377948760986e-01
4.722917377948760986e-01
4.722917377948760986e-01
4.722917377948760986e-01
4.722917377948760986e-01
4.722917377948760986e-01
4.722917377948760986e-01
4.722917377948760986e-01
4.722917377948760986e-01
4.722917377948760986e-01
4.722917377948760986e-01
4.722917377948760986e-01
4.722917377948760986e-01
4.722917377948760986e-01
4.722917377948760986e-01
4.722917377948760986e-01
4.722917377948760986e-01
4.722917377948760986e-01
4.722917377948760986e-01
4.722917377948760986e-01
4.722917377948760986e-01
4.722917377948760986e-01
4.722917377948760986e-01
4.722917377948760986e-01
4.722917377948760986e-01
4.722917377948760986e-01
4.722917377948760986e-01
4.722917377948760986e-01
4.722917377948760986e-01
4.722917377948760986e-01
4.722917377948760986e-01
4.722917377948760986e-01
0.000000000000000000e+00
4.722917377948760986e-01
4.722917377948760986e-01
4.722917377948760986e-01
0.000000000000000000e+00
4.722917377948760986e-01
4.722917377948760986e-01
4.722917377948760986e-01
4.722917377948760986e-01
4.722917377948760986e-01
4.722917377948760986e-01
4.722917377948760986e-01
4.722917377948760986e-01
4.722917377948760986e-01
4.722917377948760986e-01
4.722917377948760986e-01
4.722917377948760986e-01
4.722917377948760986e-01
4.722917377948760986e-01
4.722917377948760986e-01
0.000000000000000000e+00
4.722917377948760986e-01
4.722917377948760986e-01
4.722917377948760986e-01
4.722917377948760986e-01
4.722917377948760986e-01
4.722917377948760986e-01
4.722917377948760986e-01
4.722917377948760986e-01
4.722917377948760986e-01
4.722917377948760986e-01
4.722917377948760986e-01
4.722917377948760986e-01
4.722917377948760986e-01
4.722917377948760986e-01
4.722917377948760986e-01
4.722917377948760986e-01
4.722917377948760986e-01
4.722917377948760986e-01
4.722917377948760986e-01
4.722917377948760986e-01
4.722917377948760986e-01
4.722917377948760986e-01
4.722917377948760986e-01
4.722917377948760986e-01
4.722917377948760986e-01
4.722917377948760986e-01
4.722917377948760986e-01
4.722917377948760986e-01
4.722917377948760986e-01
4.722917377948760986e-01
4.722917377948760986e-01
4.722917377948760986e-01
0.000000000000000000e+00
0.000000000000000000e+00
0.000000000000000000e+00
0.000000000000000000e+00
0.000000000000000000e+00
0.000000000000000000e+00
0.000000000000000000e+00
4.722917377948760986e-01
4.722917377948760986e-01
4.722917377948760986e-01
4.722917377948760986e-01
4.722917377948760986e-01
4.722917377948760986e-01
4.722917377948760986e-01
4.722917377948760986e-01
4.722917377948760986e-01
4.722917377948760986e-01
4.722917377948760986e-01
4.666002988815307617e-01
4.722917377948760986e-01
4.722917377948760986e-01
4.722917377948760986e-01
4.722917377948760986e-01
4.722917377948760986e-01
4.722917377948760986e-01
4.722917377948760986e-01
4.722917377948760986e-01
4.722917377948760986e-01
4.722917377948760986e-01
4.722917377948760986e-01
4.722917377948760986e-01
4.722917377948760986e-01
4.722917377948760986e-01
4.722917377948760986e-01
4.722917377948760986e-01
4.722917377948760986e-01
0.000000000000000000e+00
0.000000000000000000e+00
0.000000000000000000e+00
0.000000000000000000e+00
0.000000000000000000e+00
0.000000000000000000e+00
0.000000000000000000e+00
0.000000000000000000e+00
0.000000000000000000e+00
0.000000000000000000e+00
4.722917377948760986e-01
4.722917377948760986e-01
4.722917377948760986e-01
4.722917377948760986e-01
4.722917377948760986e-01
4.722917377948760986e-01
4.722917377948760986e-01
4.803677499294281006e-01
4.739106595516204834e-01
4.722917377948760986e-01
4.722917377948760986e-01
4.722917377948760986e-01
4.722917377948760986e-01
4.722917377948760986e-01
4.722917377948760986e-01
2.890964448451995850e-01
4.722917377948760986e-01
4.722917377948760986e-01
4.722917377948760986e-01
0.000000000000000000e+00
4.722917377948760986e-01
0.000000000000000000e+00
0.000000000000000000e+00
4.722917377948760986e-01
4.722917377948760986e-01
0.000000000000000000e+00
0.000000000000000000e+00
0.000000000000000000e+00
0.000000000000000000e+00
4.722917377948760986e-01
4.722917377948760986e-01
4.722917377948760986e-01
4.722917377948760986e-01
4.722917377948760986e-01
4.722917377948760986e-01
4.722917377948760986e-01
4.722917377948760986e-01
4.722917377948760986e-01
4.722917377948760986e-01
4.722917377948760986e-01
4.722917377948760986e-01
4.722917377948760986e-01
4.722917377948760986e-01
0.000000000000000000e+00
0.000000000000000000e+00
4.722917377948760986e-01
4.722917377948760986e-01
4.722917377948760986e-01
4.722917377948760986e-01
4.722917377948760986e-01
4.722917377948760986e-01
4.722917377948760986e-01
4.722917377948760986e-01
4.722917377948760986e-01
4.722917377948760986e-01
4.722917377948760986e-01
4.722917377948760986e-01
4.722917377948760986e-01
4.722917377948760986e-01
4.821168184280395508e-01
4.722917377948760986e-01
4.722917377948760986e-01
4.722917377948760986e-01
4.722917377948760986e-01
4.722917377948760986e-01
4.722917377948760986e-01
4.722917377948760986e-01
4.722917377948760986e-01
4.722917377948760986e-01
4.722917377948760986e-01
4.722917377948760986e-01
4.722917377948760986e-01
4.722917377948760986e-01
4.722917377948760986e-01
4.722917377948760986e-01
4.722917377948760986e-01
4.722917377948760986e-01
4.722917377948760986e-01
4.722917377948760986e-01
4.722917377948760986e-01
4.722917377948760986e-01
4.722917377948760986e-01
0.000000000000000000e+00
4.722917377948760986e-01
4.722917377948760986e-01
4.722917377948760986e-01
4.722917377948760986e-01
4.722917377948760986e-01
0.000000000000000000e+00
4.722917377948760986e-01
4.722917377948760986e-01
4.722917377948760986e-01
4.722917377948760986e-01
4.722917377948760986e-01
4.722917377948760986e-01
4.722917377948760986e-01
4.722917377948760986e-01
4.722917377948760986e-01
4.722917377948760986e-01
4.722917377948760986e-01
4.722917377948760986e-01
4.722917377948760986e-01
4.722917377948760986e-01
4.722917377948760986e-01
4.722917377948760986e-01
4.722917377948760986e-01
4.722917377948760986e-01
4.722917377948760986e-01
4.722917377948760986e-01
4.722917377948760986e-01
4.722917377948760986e-01
4.722917377948760986e-01
4.722917377948760986e-01
4.722917377948760986e-01
4.722917377948760986e-01
0.000000000000000000e+00
4.722917377948760986e-01
4.722917377948760986e-01
4.722917377948760986e-01
4.722917377948760986e-01
4.722917377948760986e-01
4.722917377948760986e-01
4.722917377948760986e-01
4.722917377948760986e-01
4.722917377948760986e-01
4.722917377948760986e-01
4.722917377948760986e-01
4.722917377948760986e-01
4.722917377948760986e-01
4.722917377948760986e-01
4.722917377948760986e-01
4.722917377948760986e-01
4.722917377948760986e-01
4.722917377948760986e-01
4.722917377948760986e-01
4.722917377948760986e-01
4.722917377948760986e-01
4.722917377948760986e-01
0.000000000000000000e+00
4.722917377948760986e-01
4.722917377948760986e-01
4.722917377948760986e-01
4.722917377948760986e-01
4.722917377948760986e-01
4.722917377948760986e-01
4.722917377948760986e-01
4.722917377948760986e-01
4.722917377948760986e-01
4.722917377948760986e-01
4.722917377948760986e-01
4.722917377948760986e-01
4.722917377948760986e-01
4.722917377948760986e-01
4.722917377948760986e-01
4.722917377948760986e-01
4.722917377948760986e-01
4.722917377948760986e-01
4.722917377948760986e-01
4.722917377948760986e-01
4.722917377948760986e-01
4.722917377948760986e-01
4.722917377948760986e-01
4.722917377948760986e-01
4.722917377948760986e-01
4.722917377948760986e-01
4.722917377948760986e-01
4.722917377948760986e-01
4.722917377948760986e-01
4.722917377948760986e-01
4.722917377948760986e-01
4.722917377948760986e-01
4.722917377948760986e-01
4.722917377948760986e-01
4.722917377948760986e-01
4.722917377948760986e-01
4.722917377948760986e-01
4.722917377948760986e-01
4.722917377948760986e-01
4.722917377948760986e-01
4.722917377948760986e-01
4.722917377948760986e-01
4.722917377948760986e-01
0.000000000000000000e+00
4.722917377948760986e-01
4.722917377948760986e-01
4.722917377948760986e-01
4.722917377948760986e-01
4.722917377948760986e-01
4.722917377948760986e-01
4.722917377948760986e-01
4.722917377948760986e-01
4.722917377948760986e-01
4.722917377948760986e-01
4.722917377948760986e-01
4.722917377948760986e-01
4.722917377948760986e-01
4.722917377948760986e-01
4.722917377948760986e-01
4.722917377948760986e-01
4.722917377948760986e-01
4.734984040260314941e-01
0.000000000000000000e+00
4.722917377948760986e-01
4.722917377948760986e-01
4.722917377948760986e-01
4.722917377948760986e-01
4.722917377948760986e-01
4.722917377948760986e-01
4.722917377948760986e-01
4.722917377948760986e-01
4.722917377948760986e-01
4.722917377948760986e-01
4.722917377948760986e-01
4.797475337982177734e-01
4.722917377948760986e-01
4.722917377948760986e-01
4.722917377948760986e-01
3.547376990318298340e-01
0.000000000000000000e+00
0.000000000000000000e+00
0.000000000000000000e+00
0.000000000000000000e+00
0.000000000000000000e+00
0.000000000000000000e+00
0.000000000000000000e+00
0.000000000000000000e+00
0.000000000000000000e+00
0.000000000000000000e+00
0.000000000000000000e+00
0.000000000000000000e+00
0.000000000000000000e+00
0.000000000000000000e+00
0.000000000000000000e+00
0.000000000000000000e+00
0.000000000000000000e+00
0.000000000000000000e+00
0.000000000000000000e+00
0.000000000000000000e+00
0.000000000000000000e+00
0.000000000000000000e+00
0.000000000000000000e+00
0.000000000000000000e+00
0.000000000000000000e+00
0.000000000000000000e+00
0.000000000000000000e+00
0.000000000000000000e+00
0.000000000000000000e+00
0.000000000000000000e+00
0.000000000000000000e+00
0.000000000000000000e+00
0.000000000000000000e+00
0.000000000000000000e+00
0.000000000000000000e+00
0.000000000000000000e+00
0.000000000000000000e+00
0.000000000000000000e+00
0.000000000000000000e+00
0.000000000000000000e+00
0.000000000000000000e+00
0.000000000000000000e+00
4.722917377948760986e-01
4.722917377948760986e-01
4.722917377948760986e-01
4.722917377948760986e-01
4.722917377948760986e-01
4.722917377948760986e-01
4.722917377948760986e-01
4.722917377948760986e-01
4.722917377948760986e-01
4.722917377948760986e-01
4.722917377948760986e-01
4.722917377948760986e-01
4.722917377948760986e-01
4.722917377948760986e-01
4.722917377948760986e-01
4.722917377948760986e-01
4.722917377948760986e-01
4.722917377948760986e-01
4.722917377948760986e-01
4.722917377948760986e-01
4.722917377948760986e-01
4.722917377948760986e-01
4.722917377948760986e-01
4.722917377948760986e-01
4.722917377948760986e-01
4.722917377948760986e-01
4.722917377948760986e-01
4.722917377948760986e-01
4.722917377948760986e-01
4.722917377948760986e-01
4.722917377948760986e-01
4.722917377948760986e-01
4.722917377948760986e-01
4.722917377948760986e-01
4.722917377948760986e-01
4.722917377948760986e-01
4.722917377948760986e-01
4.722917377948760986e-01
4.722917377948760986e-01
4.722917377948760986e-01
4.722917377948760986e-01
4.722917377948760986e-01
4.722917377948760986e-01
4.722917377948760986e-01
4.722917377948760986e-01
4.722917377948760986e-01
4.722917377948760986e-01
4.722917377948760986e-01
4.722917377948760986e-01
4.722917377948760986e-01
4.722917377948760986e-01
4.722917377948760986e-01
4.722917377948760986e-01
4.722917377948760986e-01
4.722917377948760986e-01
4.722917377948760986e-01
4.722917377948760986e-01
4.722917377948760986e-01
4.722917377948760986e-01
4.722917377948760986e-01
4.722917377948760986e-01
4.722917377948760986e-01
4.722917377948760986e-01
4.722917377948760986e-01
4.722917377948760986e-01
4.722917377948760986e-01
4.722917377948760986e-01
4.722917377948760986e-01
4.722917377948760986e-01
4.722917377948760986e-01
4.722917377948760986e-01
4.722917377948760986e-01
4.722917377948760986e-01
4.722917377948760986e-01
4.722917377948760986e-01
4.722917377948760986e-01
4.722917377948760986e-01
4.722917377948760986e-01
4.722917377948760986e-01
4.722917377948760986e-01
4.722917377948760986e-01
4.722917377948760986e-01
4.722917377948760986e-01
4.722917377948760986e-01
4.722917377948760986e-01
4.722917377948760986e-01
4.722917377948760986e-01
4.722917377948760986e-01
4.722917377948760986e-01
4.722917377948760986e-01
4.722917377948760986e-01
4.722917377948760986e-01
4.722917377948760986e-01
4.722917377948760986e-01
4.722917377948760986e-01
4.722917377948760986e-01
4.722917377948760986e-01
4.722917377948760986e-01
4.722917377948760986e-01
4.722917377948760986e-01
4.722917377948760986e-01
4.722917377948760986e-01
0.000000000000000000e+00
4.722917377948760986e-01
0.000000000000000000e+00
0.000000000000000000e+00
