4.150190651416778564e-01
4.246394634246826172e-01
4.250959753990173340e-01
3.915293216705322266e-01
4.105906188488006592e-01
4.089432656764984131e-01
4.069362878799438477e-01
4.005664587020874023e-01
3.862823843955993652e-01
4.091511070728302002e-01
4.119482040405273438e-01
4.116422832012176514e-01
3.924613893032073975e-01
0.000000000000000000e+00
0.000000000000000000e+00
0.000000000000000000e+00
4.150109887123107910e-01
4.215072393417358398e-01
0.000000000000000000e+00
0.000000000000000000e+00
0.000000000000000000e+00
0.000000000000000000e+00
0.000000000000000000e+00
0.000000000000000000e+00
0.000000000000000000e+00
4.250959753990173340e-01
0.000000000000000000e+00
0.000000000000000000e+00
0.000000000000000000e+00
0.000000000000000000e+00
0.000000000000000000e+00
0.000000000000000000e+00
4.250959753990173340e-01
4.250959753990173340e-01
4.250959753990173340e-01
4.250959753990173340e-01
4.250959753990173340e-01
4.250959753990173340e-01
4.250959753990173340e-01
4.250959753990173340e-01
4.250959753990173340e-01
4.176231026649475098e-01
4.250959753990173340e-01
4.226943850517272949e-01
4.250959753990173340e-01
4.250959753990173340e-01
4.250959753990173340e-01
4.250959753990173340e-01
4.250959753990173340e-01
4.250959753990173340e-01
4.250959753990173340e-01
4.250959753990173340e-01
4.250959753990173340e-01
4.250959753990173340e-01
4.250959753990173340e-01
4.250959753990173340e-01
4.250959753990173340e-01
4.250959753990173340e-01
4.250959753990173340e-01
4.250959753990173340e-01
4.225611090660095215e-01
4.250959753990173340e-01
4.250959753990173340e-01
4.250959753990173340e-01
4.250959753990173340e-01
4.250959753990173340e-01
4.250959753990173340e-01
4.250959753990173340e-01
4.250959753990173340e-01
4.250959753990173340e-01
4.250959753990173340e-01
4.250959753990173340e-01
4.250959753990173340e-01
4.250959753990173340e-01
4.250959753990173340e-01
4.250959753990173340e-01
4.250959753990173340e-01
4.250959753990173340e-01
4.250959753990173340e-01
4.150190651416778564e-01
4.150190651416778564e-01
4.225614368915557861e-01
4.250959753990173340e-01
4.250959753990173340e-01
4.250959753990173340e-01
3.966589570045471191e-01
4.227504730224609375e-01
4.250959753990173340e-01
4.250959753990173340e-01
4.250959753990173340e-01
4.250959753990173340e-01
4.241332411766052246e-01
4.250959753990173340e-01
4.250959753990173340e-01
4.250959753990173340e-01
4.250959753990173340e-01
4.250959753990173340e-01
4.221458137035369873e-01
4.250959753990173340e-01
4.250959753990173340e-01
4.250959753990173340e-01
4.250959753990173340e-01
4.250959753990173340e-01
4.250959753990173340e-01
4.250959753990173340e-01
4.250959753990173340e-01
4.250959753990173340e-01
4.250959753990173340e-01
4.230828881263732910e-01
4.250959753990173340e-01
4.250959753990173340e-01
4.224444329738616943e-01
4.235997796058654785e-01
4.250959753990173340e-01
4.216784834861755371e-01
4.250959753990173340e-01
4.181052446365356445e-01
4.212290942668914795e-01
4.111714661121368408e-01
4.126894474029541016e-01
4.119816124439239502e-01
4.141601026058197021e-01
4.147570729255676270e-01
4.137461781501770020e-01
4.250959753990173340e-01
4.250959753990173340e-01
4.250959753990173340e-01
4.150190651416778564e-01
4.250959753990173340e-01
4.250959753990173340e-01
4.250959753990173340e-01
4.250959753990173340e-01
4.250959753990173340e-01
4.250959753990173340e-01
4.250959753990173340e-01
4.250959753990173340e-01
4.250959753990173340e-01
4.250959753990173340e-01
4.250959753990173340e-01
4.250959753990173340e-01
4.250959753990173340e-01
4.250959753990173340e-01
4.250959753990173340e-01
4.250959753990173340e-01
4.250959753990173340e-01
4.250959753990173340e-01
4.250959753990173340e-01
4.250959753990173340e-01
4.150190651416778564e-01
4.250959753990173340e-01
4.150190651416778564e-01
4.250959753990173340e-01
4.250959753990173340e-01
4.227800071239471436e-01
4.177541732788085938e-01
4.150190651416778564e-01
4.150190651416778564e-01
4.150190651416778564e-01
4.150190651416778564e-01
4.150190651416778564e-01
4.250959753990173340e-01
4.150190651416778564e-01
4.150190651416778564e-01
4.150190651416778564e-01
4.150190651416778564e-01
4.150190651416778564e-01
4.150190651416778564e-01
4.150190651416778564e-01
4.150190651416778564e-01
4.150190651416778564e-01
4.250959753990173340e-01
4.150190651416778564e-01
4.150190651416778564e-01
4.150190651416778564e-01
4.150190651416778564e-01
4.150190651416778564e-01
4.150190651416778564e-01
4.150190651416778564e-01
4.250959753990173340e-01
4.150190651416778564e-01
4.128310084342956543e-01
4.145800471305847168e-01
4.250959753990173340e-01
4.250959753990173340e-01
4.250959753990173340e-01
4.250959753990173340e-01
4.250959753990173340e-01
4.250959753990173340e-01
4.250959753990173340e-01
4.250959753990173340e-01
4.250959753990173340e-01
4.250959753990173340e-01
4.250959753990173340e-01
3.898032903671264648e-01
3.755825459957122803e-01
0.000000000000000000e+00
0.000000000000000000e+00
0.000000000000000000e+00
0.000000000000000000e+00
0.000000000000000000e+00
0.000000000000000000e+00
0.000000000000000000e+00
0.000000000000000000e+00
0.000000000000000000e+00
0.000000000000000000e+00
0.000000000000000000e+00
0.000000000000000000e+00
0.000000000000000000e+00
4.047288000583648682e-01
3.884681463241577148e-01
4.250959753990173340e-01
4.250959753990173340e-01
4.250959753990173340e-01
4.250959753990173340e-01
4.250959753990173340e-01
4.250959753990173340e-01
4.250959753990173340e-01
4.250959753990173340e-01
4.250959753990173340e-01
4.250959753990173340e-01
4.250959753990173340e-01
4.250959753990173340e-01
4.250959753990173340e-01
4.250959753990173340e-01
4.250959753990173340e-01
4.250959753990173340e-01
4.250959753990173340e-01
4.250959753990173340e-01
4.250959753990173340e-01
4.250959753990173340e-01
4.250959753990173340e-01
4.248317182064056396e-01
4.250959753990173340e-01
4.250959753990173340e-01
4.250959753990173340e-01
4.250959753990173340e-01
4.250959753990173340e-01
4.250959753990173340e-01
4.250959753990173340e-01
4.250959753990173340e-01
4.225713312625885010e-01
4.250959753990173340e-01
4.250959753990173340e-01
4.250959753990173340e-01
4.250959753990173340e-01
4.250959753990173340e-01
4.250959753990173340e-01
4.250959753990173340e-01
4.250959753990173340e-01
4.250959753990173340e-01
4.250959753990173340e-01
4.250959753990173340e-01
4.250959753990173340e-01
4.250959753990173340e-01
4.250959753990173340e-01
4.250959753990173340e-01
4.250959753990173340e-01
4.250959753990173340e-01
4.250959753990173340e-01
4.250959753990173340e-01
4.250959753990173340e-01
4.250959753990173340e-01
4.250959753990173340e-01
4.250959753990173340e-01
4.250959753990173340e-01
4.250959753990173340e-01
4.250959753990173340e-01
4.250959753990173340e-01
4.250959753990173340e-01
4.250959753990173340e-01
4.250959753990173340e-01
4.250959753990173340e-01
4.250959753990173340e-01
4.250959753990173340e-01
4.250959753990173340e-01
4.250959753990173340e-01
4.250959753990173340e-01
4.241354763507843018e-01
4.197379350662231445e-01
0.000000000000000000e+00
0.000000000000000000e+00
0.000000000000000000e+00
3.677039742469787598e-01
4.174090921878814697e-01
4.250959753990173340e-01
4.250959753990173340e-01
4.250959753990173340e-01
0.000000000000000000e+00
4.250959753990173340e-01
4.250959753990173340e-01
4.250959753990173340e-01
4.250959753990173340e-01
4.250959753990173340e-01
4.244282543659210205e-01
4.250959753990173340e-01
4.243884980678558350e-01
2.816588878631591797e-01
4.250959753990173340e-01
4.250959753990173340e-01
4.201706945896148682e-01
4.174468517303466797e-01
4.250959753990173340e-01
4.250959753990173340e-01
4.175838232040405273e-01
4.111835956573486328e-01
4.150190651416778564e-01
4.250959753990173340e-01
4.250959753990173340e-01
4.250959753990173340e-01
4.250959753990173340e-01
4.222084581851959229e-01
4.150190651416778564e-01
4.150190651416778564e-01
4.250959753990173340e-01
4.250959753990173340e-01
4.139171242713928223e-01
4.150190651416778564e-01
4.143859446048736572e-01
4.250959753990173340e-01
4.058440029621124268e-01
3.976953029632568359e-01
3.977105617523193359e-01
4.150190651416778564e-01
4.127843081951141357e-01
3.978156149387359619e-01
4.150190651416778564e-01
4.150190651416778564e-01
4.150190651416778564e-01
4.167342483997344971e-01
4.250959753990173340e-01
4.250959753990173340e-01
4.250959753990173340e-01
4.250959753990173340e-01
4.250959753990173340e-01
4.250959753990173340e-01
4.250959753990173340e-01
4.250959753990173340e-01
4.250959753990173340e-01
4.250959753990173340e-01
4.250959753990173340e-01
4.250959753990173340e-01
4.250959753990173340e-01
4.250959753990173340e-01
4.250959753990173340e-01
4.250959753990173340e-01
4.250959753990173340e-01
4.250959753990173340e-01
4.250959753990173340e-01
4.250959753990173340e-01
4.250959753990173340e-01
4.250959753990173340e-01
4.250959753990173340e-01
4.250959753990173340e-01
4.250959753990173340e-01
4.250959753990173340e-01
4.250959753990173340e-01
4.250959753990173340e-01
4.250959753990173340e-01
4.250959753990173340e-01
4.250959753990173340e-01
4.250959753990173340e-01
4.250959753990173340e-01
4.250959753990173340e-01
4.228292405605316162e-01
4.210510849952697754e-01
4.209924936294555664e-01
4.243646562099456787e-01
4.237199425697326660e-01
4.250959753990173340e-01
4.250959753990173340e-01
4.248636364936828613e-01
4.249185621738433838e-01
4.250959753990173340e-01
4.250959753990173340e-01
4.250959753990173340e-01
4.250959753990173340e-01
4.225091934204101562e-01
4.240771532058715820e-01
4.250959753990173340e-01
4.250959753990173340e-01
4.250959753990173340e-01
4.250959753990173340e-01
4.250959753990173340e-01
4.250959753990173340e-01
4.250959753990173340e-01
4.203553199768066406e-01
4.100983142852783203e-01
4.111581146717071533e-01
4.220671355724334717e-01
4.250959753990173340e-01
4.250959753990173340e-01
4.233279228210449219e-01
4.042385816574096680e-01
3.939124345779418945e-01
4.197750687599182129e-01
4.215235710144042969e-01
4.245780110359191895e-01
4.250959753990173340e-01
4.250959753990173340e-01
4.250959753990173340e-01
0.000000000000000000e+00
0.000000000000000000e+00
0.000000000000000000e+00
0.000000000000000000e+00
0.000000000000000000e+00
0.000000000000000000e+00
0.000000000000000000e+00
0.000000000000000000e+00
0.000000000000000000e+00
0.000000000000000000e+00
0.000000000000000000e+00
0.000000000000000000e+00
0.000000000000000000e+00
0.000000000000000000e+00
0.000000000000000000e+00
0.000000000000000000e+00
0.000000000000000000e+00
0.000000000000000000e+00
0.000000000000000000e+00
0.000000000000000000e+00
0.000000000000000000e+00
0.000000000000000000e+00
0.000000000000000000e+00
0.000000000000000000e+00
0.000000000000000000e+00
0.000000000000000000e+00
0.000000000000000000e+00
0.000000000000000000e+00
0.000000000000000000e+00
0.000000000000000000e+00
0.000000000000000000e+00
0.000000000000000000e+00
0.000000000000000000e+00
0.000000000000000000e+00
0.000000000000000000e+00
0.000000000000000000e+00
0.000000000000000000e+00
0.000000000000000000e+00
4.150190651416778564e-01
4.150190651416778564e-01
4.150190651416778564e-01
4.150190651416778564e-01
4.148896634578704834e-01
4.250959753990173340e-01
4.250959753990173340e-01
4.250959753990173340e-01
4.250959753990173340e-01
4.250959753990173340e-01
4.250959753990173340e-01
4.246538281440734863e-01
4.250959753990173340e-01
4.232678115367889404e-01
4.250959753990173340e-01
4.250959753990173340e-01
4.250959753990173340e-01
4.250959753990173340e-01
4.250959753990173340e-01
4.250959753990173340e-01
4.250959753990173340e-01
4.250959753990173340e-01
4.250959753990173340e-01
4.250959753990173340e-01
4.250959753990173340e-01
4.250959753990173340e-01
4.250959753990173340e-01
4.250959753990173340e-01
4.250959753990173340e-01
4.250959753990173340e-01
4.250959753990173340e-01
4.250959753990173340e-01
4.250959753990173340e-01
4.250959753990173340e-01
4.250959753990173340e-01
4.250959753990173340e-01
4.250959753990173340e-01
4.250959753990173340e-01
4.250959753990173340e-01
4.250959753990173340e-01
4.250959753990173340e-01
4.250959753990173340e-01
4.250959753990173340e-01
4.250959753990173340e-01
4.250959753990173340e-01
4.250959753990173340e-01
4.250959753990173340e-01
4.250959753990173340e-01
4.250959753990173340e-01
4.250959753990173340e-01
4.250959753990173340e-01
4.250959753990173340e-01
4.250959753990173340e-01
4.250959753990173340e-01
4.250959753990173340e-01
4.239774644374847412e-01
4.250959753990173340e-01
4.250959753990173340e-01
4.242631494998931885e-01
4.250959753990173340e-01
4.246612787246704102e-01
3.960227370262145996e-01
3.916789889335632324e-01
3.870288133621215820e-01
3.855481445789337158e-01
3.753389418125152588e-01
3.821933865547180176e-01
0.000000000000000000e+00
0.000000000000000000e+00
0.000000000000000000e+00
4.250959753990173340e-01
0.000000000000000000e+00
0.000000000000000000e+00
0.000000000000000000e+00
4.250959753990173340e-01
4.250959753990173340e-01
4.250959753990173340e-01
4.250959753990173340e-01
4.250959753990173340e-01
4.250959753990173340e-01
4.250959753990173340e-01
4.250959753990173340e-01
0.000000000000000000e+00
4.250959753990173340e-01
4.250959753990173340e-01
4.250959753990173340e-01
4.250959753990173340e-01
4.250959753990173340e-01
4.250959753990173340e-01
0.000000000000000000e+00
4.177625775337219238e-01
0.000000000000000000e+00
4.133968353271484375e-01
0.000000000000000000e+00
0.000000000000000000e+00
0.000000000000000000e+00
3.146728873252868652e-02
0.000000000000000000e+00
0.000000000000000000e+00
0.000000000000000000e+00
4.250959753990173340e-01
4.250959753990173340e-01
4.250959753990173340e-01
4.248401522636413574e-01
4.250406622886657715e-01
4.235707223415374756e-01
4.250959753990173340e-01
4.250959753990173340e-01
4.248662590980529785e-01
4.246416389942169189e-01
4.250959753990173340e-01
4.250959753990173340e-01
4.250959753990173340e-01
4.250959753990173340e-01
4.250959753990173340e-01
4.250959753990173340e-01
4.250959753990173340e-01
4.250959753990173340e-01
4.250959753990173340e-01
4.250959753990173340e-01
4.250959753990173340e-01
4.250959753990173340e-01
4.248618781566619873e-01
4.250959753990173340e-01
4.250959753990173340e-01
4.248037636280059814e-01
4.250959753990173340e-01
4.250959753990173340e-01
4.250959753990173340e-01
4.250959753990173340e-01
4.250959753990173340e-01
4.250959753990173340e-01
4.250959753990173340e-01
4.250959753990173340e-01
4.250959753990173340e-01
4.087365269660949707e-01
3.927313685417175293e-01
3.714708983898162842e-01
3.768424391746520996e-01
0.000000000000000000e+00
0.000000000000000000e+00
3.366841673851013184e-01
0.000000000000000000e+00
4.236315488815307617e-01
4.150190651416778564e-01
4.250959753990173340e-01
4.250959753990173340e-01
4.250959753990173340e-01
0.000000000000000000e+00
4.224012494087219238e-01
4.157703220844268799e-01
0.000000000000000000e+00
0.000000000000000000e+00
0.000000000000000000e+00
3.559457957744598389e-01
0.000000000000000000e+00
0.000000000000000000e+00
0.000000000000000000e+00
0.000000000000000000e+00
4.210624098777770996e-02
0.000000000000000000e+00
0.000000000000000000e+00
0.000000000000000000e+00
0.000000000000000000e+00
0.000000000000000000e+00
0.000000000000000000e+00
0.000000000000000000e+00
0.000000000000000000e+00
0.000000000000000000e+00
0.000000000000000000e+00
0.000000000000000000e+00
0.000000000000000000e+00
0.000000000000000000e+00
0.000000000000000000e+00
0.000000000000000000e+00
4.218270778656005859e-01
0.000000000000000000e+00
0.000000000000000000e+00
0.000000000000000000e+00
4.250959753990173340e-01
4.236048460006713867e-01
0.000000000000000000e+00
0.000000000000000000e+00
0.000000000000000000e+00
0.000000000000000000e+00
4.242548942565917969e-01
0.000000000000000000e+00
4.072823822498321533e-01
4.241584539413452148e-01
4.242483377456665039e-01
4.238718748092651367e-01
4.242663681507110596e-01
4.240302145481109619e-01
4.240044057369232178e-01
0.000000000000000000e+00
0.000000000000000000e+00
0.000000000000000000e+00
0.000000000000000000e+00
4.250959753990173340e-01
4.250959753990173340e-01
4.226892590522766113e-01
4.116372466087341309e-01
4.250959753990173340e-01
4.236083924770355225e-01
0.000000000000000000e+00
0.000000000000000000e+00
4.250959753990173340e-01
0.000000000000000000e+00
0.000000000000000000e+00
0.000000000000000000e+00
4.250959753990173340e-01
4.250959753990173340e-01
4.250959753990173340e-01
4.250959753990173340e-01
0.000000000000000000e+00
4.250959753990173340e-01
4.250959753990173340e-01
4.250959753990173340e-01
4.250959753990173340e-01
4.250959753990173340e-01
4.250959753990173340e-01
4.250959753990173340e-01
4.250959753990173340e-01
4.250959753990173340e-01
4.250959753990173340e-01
4.250959753990173340e-01
4.250959753990173340e-01
4.250959753990173340e-01
4.250959753990173340e-01
4.250959753990173340e-01
4.250959753990173340e-01
4.250959753990173340e-01
4.250959753990173340e-01
4.250959753990173340e-01
4.250959753990173340e-01
4.250959753990173340e-01
4.250959753990173340e-01
0.000000000000000000e+00
0.000000000000000000e+00
0.000000000000000000e+00
0.000000000000000000e+00
0.000000000000000000e+00
4.250553250312805176e-01
3.971844315528869629e-01
4.234832525253295898e-01
4.081110358238220215e-01
4.218114614486694336e-01
0.000000000000000000e+00
4.099015593528747559e-01
4.175159633159637451e-01
4.233372211456298828e-01
4.242460131645202637e-01
4.233506619930267334e-01
4.235897064208984375e-01
0.000000000000000000e+00
0.000000000000000000e+00
4.165059328079223633e-01
4.234316349029541016e-01
4.250959753990173340e-01
4.250959753990173340e-01
4.250959753990173340e-01
4.250959753990173340e-01
4.250959753990173340e-01
4.250959753990173340e-01
0.000000000000000000e+00
4.250959753990173340e-01
3.679633140563964844e-01
3.701852560043334961e-01
0.000000000000000000e+00
4.250959753990173340e-01
3.668817877769470215e-01
0.000000000000000000e+00
4.250959753990173340e-01
3.614899218082427979e-01
0.000000000000000000e+00
3.665100932121276855e-01
0.000000000000000000e+00
3.590462803840637207e-01
4.239686727523803711e-01
4.239878952503204346e-01
3.332885503768920898e-01
4.250869750976562500e-01
0.000000000000000000e+00
0.000000000000000000e+00
0.000000000000000000e+00
0.000000000000000000e+00
0.000000000000000000e+00
3.921048641204833984e-01
4.250959753990173340e-01
0.000000000000000000e+00
0.000000000000000000e+00
0.000000000000000000e+00
0.000000000000000000e+00
0.000000000000000000e+00
0.000000000000000000e+00
0.000000000000000000e+00
0.000000000000000000e+00
0.000000000000000000e+00
0.000000000000000000e+00
0.000000000000000000e+00
0.000000000000000000e+00
0.000000000000000000e+00
3.712026774883270264e-01
3.921872377395629883e-01
3.720251917839050293e-01
3.619872033596038818e-01
0.000000000000000000e+00
0.000000000000000000e+00
3.630529642105102539e-01
0.000000000000000000e+00
3.753632307052612305e-01
3.944996595382690430e-01
4.150190651416778564e-01
4.150190651416778564e-01
4.150190651416778564e-01
4.150190651416778564e-01
4.150190651416778564e-01
4.150190651416778564e-01
4.150190651416778564e-01
4.144879281520843506e-01
4.130369126796722412e-01
4.121764302253723145e-01
4.110588431358337402e-01
4.042069017887115479e-01
3.839625120162963867e-01
3.669369220733642578e-01
4.250959753990173340e-01
3.501170873641967773e-01
3.492898941040039062e-01
3.497927188873291016e-01
1.632126569747924805e-01
0.000000000000000000e+00
0.000000000000000000e+00
0.000000000000000000e+00
0.000000000000000000e+00
0.000000000000000000e+00
0.000000000000000000e+00
0.000000000000000000e+00
0.000000000000000000e+00
0.000000000000000000e+00
0.000000000000000000e+00
0.000000000000000000e+00
3.741034865379333496e-01
3.825614452362060547e-01
3.927150368690490723e-01
4.250959753990173340e-01
4.250959753990173340e-01
4.250959753990173340e-01
4.250959753990173340e-01
4.250959753990173340e-01
4.250959753990173340e-01
4.250959753990173340e-01
4.250959753990173340e-01
4.250959753990173340e-01
4.250959753990173340e-01
4.250959753990173340e-01
4.250959753990173340e-01
4.250959753990173340e-01
4.250959753990173340e-01
4.250959753990173340e-01
4.250959753990173340e-01
4.207860529422760010e-01
4.250959753990173340e-01
4.250959753990173340e-01
4.250959753990173340e-01
4.250959753990173340e-01
4.244407415390014648e-01
4.250959753990173340e-01
4.250959753990173340e-01
4.250959753990173340e-01
4.250959753990173340e-01
4.250959753990173340e-01
4.250959753990173340e-01
4.250959753990173340e-01
4.250959753990173340e-01
4.250959753990173340e-01
4.250959753990173340e-01
4.250959753990173340e-01
4.250959753990173340e-01
4.250959753990173340e-01
4.250959753990173340e-01
4.250959753990173340e-01
4.250959753990173340e-01
4.250959753990173340e-01
4.250959753990173340e-01
4.250959753990173340e-01
4.250959753990173340e-01
4.250959753990173340e-01
4.250959753990173340e-01
4.250959753990173340e-01
4.250959753990173340e-01
4.250959753990173340e-01
4.250959753990173340e-01
4.250959753990173340e-01
4.250959753990173340e-01
4.200077056884765625e-01
4.250959753990173340e-01
4.250959753990173340e-01
4.250959753990173340e-01
4.250959753990173340e-01
4.250959753990173340e-01
4.150190651416778564e-01
4.150190651416778564e-01
4.250959753990173340e-01
4.250959753990173340e-01
4.250959753990173340e-01
4.250959753990173340e-01
4.150190651416778564e-01
4.250959753990173340e-01
4.250959753990173340e-01
4.250959753990173340e-01
4.146667420864105225e-01
4.235202372074127197e-01
4.150190651416778564e-01
4.234002530574798584e-01
4.250959753990173340e-01
4.150190651416778564e-01
4.150190651416778564e-01
4.224059879779815674e-01
4.250959753990173340e-01
4.250959753990173340e-01
4.250959753990173340e-01
4.250959753990173340e-01
4.250959753990173340e-01
4.250959753990173340e-01
4.250959753990173340e-01
4.250959753990173340e-01
4.250959753990173340e-01
4.249789714813232422e-01
0.000000000000000000e+00
0.000000000000000000e+00
4.250959753990173340e-01
4.109390676021575928e-01
4.250959753990173340e-01
