0.000000000000000000e+00
0.000000000000000000e+00
0.000000000000000000e+00
0.000000000000000000e+00
0.000000000000000000e+00
0.000000000000000000e+00
0.000000000000000000e+00
0.000000000000000000e+00
0.000000000000000000e+00
0.000000000000000000e+00
0.000000000000000000e+00
0.000000000000000000e+00
0.000000000000000000e+00
0.000000000000000000e+00
0.000000000000000000e+00
0.000000000000000000e+00
3.879652023315429688e-01
3.880269527435302734e-01
3.875258564949035645e-01
3.875742554664611816e-01
3.875820636749267578e-01
4.575687348842620850e-01
0.000000000000000000e+00
0.000000000000000000e+00
0.000000000000000000e+00
4.422079920768737793e-01
3.995549976825714111e-01
4.251747131347656250e-01
4.312269389629364014e-01
4.346125721931457520e-01
3.897938132286071777e-01
0.000000000000000000e+00
1.829790472984313965e-01
0.000000000000000000e+00
0.000000000000000000e+00
0.000000000000000000e+00
0.000000000000000000e+00
0.000000000000000000e+00
0.000000000000000000e+00
0.000000000000000000e+00
0.000000000000000000e+00
0.000000000000000000e+00
0.000000000000000000e+00
0.000000000000000000e+00
9.952229261398315430e-02
0.000000000000000000e+00
4.259817600250244141e-01
2.036069929599761963e-01
2.222207486629486084e-01
2.421379089355468750e-01
2.487911581993103027e-01
2.751056551933288574e-01
3.135511279106140137e-01
3.510730862617492676e-01
4.317535161972045898e-01
4.306378960609436035e-01
4.292893707752227783e-01
4.311375021934509277e-01
4.329680502414703369e-01
4.204502701759338379e-01
4.327674806118011475e-01
4.327674806118011475e-01
4.178214669227600098e-01
4.173941314220428467e-01
3.884805142879486084e-01
4.130491614341735840e-01
4.082700908184051514e-01
4.070540666580200195e-01
4.038754403591156006e-01
7.868805527687072754e-02
0.000000000000000000e+00
0.000000000000000000e+00
0.000000000000000000e+00
0.000000000000000000e+00
0.000000000000000000e+00
0.000000000000000000e+00
0.000000000000000000e+00
0.000000000000000000e+00
0.000000000000000000e+00
0.000000000000000000e+00
0.000000000000000000e+00
0.000000000000000000e+00
0.000000000000000000e+00
0.000000000000000000e+00
4.355870485305786133e-01
4.355870485305786133e-01
4.355870485305786133e-01
4.291955828666687012e-01
4.355335235595703125e-01
4.355221092700958252e-01
4.322625100612640381e-01
4.292963445186614990e-01
4.319904148578643799e-01
4.332932233810424805e-01
4.323514699935913086e-01
4.296507835388183594e-01
4.328109025955200195e-01
4.293328523635864258e-01
4.203437566757202148e-01
5.591859817504882812e-01
4.983834922313690186e-01
0.000000000000000000e+00
0.000000000000000000e+00
4.193497002124786377e-01
4.209224581718444824e-01
4.212875962257385254e-01
4.214301407337188721e-01
4.248239994049072266e-01
4.268093109130859375e-01
4.307400584220886230e-01
4.316776394844055176e-01
4.315294623374938965e-01
4.303578138351440430e-01
4.269227087497711182e-01
4.208216965198516846e-01
4.244198203086853027e-01
4.276406168937683105e-01
4.306067228317260742e-01
4.334287643432617188e-01
4.341013729572296143e-01
4.335614144802093506e-01
4.335709214210510254e-01
4.247036278247833252e-01
4.559628367424011230e-01
4.244567453861236572e-01
4.338687956333160400e-01
4.338223338127136230e-01
4.353467524051666260e-01
4.346721470355987549e-01
4.295290708541870117e-01
4.250334501266479492e-01
4.221684932708740234e-01
4.303464293479919434e-01
4.312356114387512207e-01
4.334360361099243164e-01
4.354727566242218018e-01
4.354729354381561279e-01
4.354837834835052490e-01
4.354837834835052490e-01
4.339396357536315918e-01
4.358866214752197266e-01
4.353938400745391846e-01
4.347003102302551270e-01
4.307094216346740723e-01
4.328263998031616211e-01
4.323424696922302246e-01
4.355781674385070801e-01
4.355797171592712402e-01
4.351886510848999023e-01
4.352813065052032471e-01
4.351205825805664062e-01
4.355812668800354004e-01
4.348555803298950195e-01
4.354396760463714600e-01
4.347140789031982422e-01
4.350460171699523926e-01
4.321407973766326904e-01
4.269783794879913330e-01
4.309670627117156982e-01
4.271611273288726807e-01
4.196584820747375488e-01
4.202299118041992188e-01
4.222034215927124023e-01
4.206529557704925537e-01
4.192606508731842041e-01
4.193601310253143311e-01
4.205811917781829834e-01
4.262463450431823730e-01
4.247888028621673584e-01
4.242476820945739746e-01
4.336981475353240967e-01
4.338901042938232422e-01
4.325491786003112793e-01
4.324105679988861084e-01
4.287645220756530762e-01
4.353343844413757324e-01
4.340983629226684570e-01
4.346318542957305908e-01
4.160059392452239990e-01
4.211291372776031494e-01
4.243584275245666504e-01
4.216383993625640869e-01
3.970548808574676514e-01
0.000000000000000000e+00
0.000000000000000000e+00
0.000000000000000000e+00
0.000000000000000000e+00
0.000000000000000000e+00
0.000000000000000000e+00
0.000000000000000000e+00
4.243355393409729004e-01
4.222000837326049805e-01
4.246298074722290039e-01
4.246658086776733398e-01
4.219579100608825684e-01
5.134152770042419434e-01
4.188511371612548828e-01
4.203794002532958984e-01
4.175586998462677002e-01
4.712726175785064697e-01
4.208374023437500000e-01
4.204814136028289795e-01
4.207423925399780273e-01
0.000000000000000000e+00
2.342006266117095947e-01
0.000000000000000000e+00
0.000000000000000000e+00
0.000000000000000000e+00
0.000000000000000000e+00
0.000000000000000000e+00
0.000000000000000000e+00
0.000000000000000000e+00
0.000000000000000000e+00
0.000000000000000000e+00
0.000000000000000000e+00
0.000000000000000000e+00
0.000000000000000000e+00
0.000000000000000000e+00
4.349850118160247803e-01
4.349889755249023438e-01
4.349930286407470703e-01
4.349659681320190430e-01
4.349930286407470703e-01
4.349930286407470703e-01
4.349930286407470703e-01
6.098957657814025879e-01
4.349930286407470703e-01
4.347234070301055908e-01
4.970099627971649170e-01
5.017622709274291992e-01
4.618625342845916748e-01
4.497417807579040527e-01
4.705109000205993652e-01
4.377871453762054443e-01
0.000000000000000000e+00
4.231405258178710938e-01
4.258862137794494629e-01
4.360253214836120605e-01
4.263471961021423340e-01
4.277118742465972900e-01
4.237757623195648193e-01
4.221498370170593262e-01
4.212256371974945068e-01
4.192451834678649902e-01
4.260684549808502197e-01
4.275357723236083984e-01
4.193412065505981445e-01
4.197067618370056152e-01
4.204256832599639893e-01
4.242322146892547607e-01
4.230590164661407471e-01
4.333872199058532715e-01
4.353402853012084961e-01
4.353859424591064453e-01
4.353623688220977783e-01
4.348358511924743652e-01
4.321393370628356934e-01
4.320328831672668457e-01
4.324054121971130371e-01
4.316422045230865479e-01
4.319558739662170410e-01
4.305203557014465332e-01
4.297145307064056396e-01
4.307607114315032959e-01
4.322510957717895508e-01
4.315157234668731689e-01
4.308505356311798096e-01
4.262661337852478027e-01
4.275122284889221191e-01
4.269697666168212891e-01
4.272649586200714111e-01
4.276444613933563232e-01
4.344370961189270020e-01
4.315511286258697510e-01
4.332182109355926514e-01
4.348913133144378662e-01
4.354836642742156982e-01
4.351633787155151367e-01
4.354821741580963135e-01
4.354164004325866699e-01
4.354664981365203857e-01
4.353470206260681152e-01
4.353746771812438965e-01
4.353345632553100586e-01
4.343347251415252686e-01
4.343804717063903809e-01
4.357869923114776611e-01
4.348255097866058350e-01
4.349477887153625488e-01
4.335848093032836914e-01
4.331791400909423828e-01
4.336447715759277344e-01
4.326115250587463379e-01
4.257672131061553955e-01
0.000000000000000000e+00
5.101738572120666504e-01
4.238902628421783447e-01
4.222320914268493652e-01
4.215196073055267334e-01
4.198498725891113281e-01
4.436506330966949463e-01
4.218200147151947021e-01
4.328303933143615723e-01
4.201688766479492188e-01
4.214580655097961426e-01
4.347114562988281250e-01
4.347648620605468750e-01
4.296682178974151611e-01
4.341920018196105957e-01
4.348754584789276123e-01
4.345737099647521973e-01
4.344722032546997070e-01
4.343747794628143311e-01
4.308826327323913574e-01
4.289921522140502930e-01
4.224557280540466309e-01
4.212721586227416992e-01
4.203006029129028320e-01
4.228037595748901367e-01
4.196909070014953613e-01
4.199691116809844971e-01
4.192188084125518799e-01
4.189023673534393311e-01
4.189419150352478027e-01
4.196323156356811523e-01
4.195044934749603271e-01
4.195100069046020508e-01
4.207698106765747070e-01
4.248415529727935791e-01
4.205231368541717529e-01
4.190669059753417969e-01
4.203726649284362793e-01
4.235435426235198975e-01
4.199244081974029541e-01
4.159191846847534180e-01
3.945899009704589844e-01
3.965300023555755615e-01
4.195509254932403564e-01
4.206309318542480469e-01
4.222027957439422607e-01
4.202385246753692627e-01
4.205349683761596680e-01
4.196372330188751221e-01
4.197503626346588135e-01
4.193548262119293213e-01
4.194673597812652588e-01
4.295542836189270020e-01
4.302410185337066650e-01
4.263428747653961182e-01
4.198409318923950195e-01
4.194209575653076172e-01
4.196211397647857666e-01
4.204632639884948730e-01
4.250204563140869141e-01
4.214269220829010010e-01
4.202514290809631348e-01
4.191095530986785889e-01
4.238985776901245117e-01
4.274739027023315430e-01
4.272845387458801270e-01
4.200001955032348633e-01
4.234197139739990234e-01
4.200063347816467285e-01
4.210574924945831299e-01
4.252748191356658936e-01
4.285113513469696045e-01
4.205277264118194580e-01
4.192674756050109863e-01
4.194920659065246582e-01
4.229407310485839844e-01
4.199630618095397949e-01
4.234514832496643066e-01
4.252094924449920654e-01
4.263560175895690918e-01
4.194844067096710205e-01
4.216027855873107910e-01
4.212120175361633301e-01
4.216510653495788574e-01
4.216929078102111816e-01
4.214984476566314697e-01
4.195460975170135498e-01
4.202563762664794922e-01
4.208696782588958740e-01
4.207592010498046875e-01
4.191069602966308594e-01
4.249582290649414062e-01
4.204989969730377197e-01
4.189649522304534912e-01
4.234656095504760742e-01
4.235027432441711426e-01
4.187417924404144287e-01
4.500505626201629639e-01
4.845116734504699707e-01
4.262581467628479004e-01
4.252350628376007080e-01
4.850693345069885254e-01
4.802421331405639648e-01
5.095265507698059082e-01
4.217557609081268311e-01
4.219505190849304199e-01
4.183580875396728516e-01
4.185464680194854736e-01
4.185734093189239502e-01
4.183280766010284424e-01
4.217746853828430176e-01
4.277022182941436768e-01
4.288885891437530518e-01
4.291671216487884521e-01
4.297416210174560547e-01
4.278870224952697754e-01
4.255698919296264648e-01
4.247539937496185303e-01
4.218202233314514160e-01
4.205403625965118408e-01
4.077743887901306152e-01
4.194173514842987061e-01
4.238964319229125977e-01
4.253158271312713623e-01
4.356233477592468262e-01
4.209298193454742432e-01
4.314376711845397949e-01
4.324997961521148682e-01
4.349146187305450439e-01
4.316786527633666992e-01
4.316411018371582031e-01
4.330683052539825439e-01
4.323234558105468750e-01
4.350324571132659912e-01
4.348815083503723145e-01
4.352879226207733154e-01
4.354012310504913330e-01
4.336525201797485352e-01
4.350603222846984863e-01
4.348574280738830566e-01
4.320822060108184814e-01
4.294033348560333252e-01
4.294807314872741699e-01
4.289759397506713867e-01
4.317759275436401367e-01
4.280964732170104980e-01
4.252240657806396484e-01
4.347411990165710449e-01
4.348943531513214111e-01
4.345164597034454346e-01
4.355469942092895508e-01
4.349236488342285156e-01
4.354218244552612305e-01
4.363237619400024414e-01
4.354726076126098633e-01
4.355252087116241455e-01
4.360857903957366943e-01
4.357286989688873291e-01
4.352388679981231689e-01
4.353603124618530273e-01
4.353411197662353516e-01
4.361090362071990967e-01
4.351773858070373535e-01
4.345372617244720459e-01
4.351366758346557617e-01
4.354528486728668213e-01
4.355962872505187988e-01
4.358772635459899902e-01
4.356036186218261719e-01
4.354968667030334473e-01
4.346765279769897461e-01
4.324511289596557617e-01
4.344761073589324951e-01
4.350449740886688232e-01
4.317574501037597656e-01
4.344514012336730957e-01
4.347294569015502930e-01
4.348627030849456787e-01
4.312295615673065186e-01
4.342996180057525635e-01
4.292231500148773193e-01
4.275880157947540283e-01
4.280384778976440430e-01
4.347293078899383545e-01
4.292738437652587891e-01
4.303655624389648438e-01
4.344023764133453369e-01
4.338665306568145752e-01
4.276378452777862549e-01
4.257038533687591553e-01
4.276418983936309814e-01
4.343362152576446533e-01
4.345269799232482910e-01
4.303917288780212402e-01
4.274146556854248047e-01
4.351820349693298340e-01
4.342885017395019531e-01
4.345150589942932129e-01
4.340006709098815918e-01
4.361515045166015625e-01
4.216364324092864990e-01
4.216241240501403809e-01
4.223943352699279785e-01
4.251033365726470947e-01
4.279714524745941162e-01
4.290172457695007324e-01
4.270998835563659668e-01
4.354632496833801270e-01
4.353362917900085449e-01
4.357465505599975586e-01
4.356319308280944824e-01
