4.862611591815948486e-01
4.358341693878173828e-01
4.862103164196014404e-01
4.862105250358581543e-01
4.862105548381805420e-01
4.862105250358581543e-01
4.862611591815948486e-01
4.862611591815948486e-01
4.862611591815948486e-01
4.862611591815948486e-01
4.862611591815948486e-01
4.862611591815948486e-01
4.862611591815948486e-01
4.862611591815948486e-01
4.862611591815948486e-01
4.862611591815948486e-01
4.862611591815948486e-01
4.862611591815948486e-01
4.862611591815948486e-01
4.862611591815948486e-01
4.862611591815948486e-01
4.862611591815948486e-01
4.862611591815948486e-01
4.862611591815948486e-01
4.862611591815948486e-01
4.862611591815948486e-01
4.862611591815948486e-01
4.862611591815948486e-01
4.856016635894775391e-01
4.846196770668029785e-01
4.677529335021972656e-01
4.758509993553161621e-01
4.857405722141265869e-01
4.862611591815948486e-01
4.862611591815948486e-01
4.795123040676116943e-01
4.855613112449645996e-01
4.862611591815948486e-01
4.862611591815948486e-01
4.862611591815948486e-01
4.862611591815948486e-01
4.862611591815948486e-01
4.862611591815948486e-01
4.862611591815948486e-01
4.862611591815948486e-01
4.862611591815948486e-01
4.862611591815948486e-01
4.862611591815948486e-01
4.862611591815948486e-01
4.862611591815948486e-01
4.862611591815948486e-01
4.859836101531982422e-01
4.862611591815948486e-01
4.768798351287841797e-01
4.862611591815948486e-01
4.862611591815948486e-01
4.853998422622680664e-01
4.862611591815948486e-01
4.740517139434814453e-01
4.857449233531951904e-01
4.861018359661102295e-01
4.862611591815948486e-01
4.862611591815948486e-01
4.862611591815948486e-01
4.862611591815948486e-01
4.862611591815948486e-01
4.862611591815948486e-01
4.862611591815948486e-01
4.862611591815948486e-01
4.862611591815948486e-01
4.862611591815948486e-01
4.862611591815948486e-01
4.862611591815948486e-01
4.862611591815948486e-01
4.862611591815948486e-01
4.862611591815948486e-01
4.862611591815948486e-01
4.862611591815948486e-01
4.862611591815948486e-01
4.862611591815948486e-01
4.862611591815948486e-01
4.862611591815948486e-01
4.862611591815948486e-01
4.862611591815948486e-01
4.862611591815948486e-01
4.862611591815948486e-01
4.862611591815948486e-01
4.862611591815948486e-01
4.862611591815948486e-01
4.862611591815948486e-01
4.862611591815948486e-01
4.862611591815948486e-01
4.862611591815948486e-01
4.862611591815948486e-01
4.862611591815948486e-01
4.862611591815948486e-01
4.862611591815948486e-01
4.862611591815948486e-01
4.862611591815948486e-01
4.862611591815948486e-01
4.862611591815948486e-01
4.862611591815948486e-01
4.862611591815948486e-01
4.862611591815948486e-01
4.862611591815948486e-01
4.862611591815948486e-01
4.862611591815948486e-01
4.862611591815948486e-01
4.862611591815948486e-01
4.862611591815948486e-01
4.862611591815948486e-01
4.862611591815948486e-01
4.862611591815948486e-01
4.862611591815948486e-01
4.862611591815948486e-01
4.862611591815948486e-01
4.758160114288330078e-01
4.755127727985382080e-01
4.775697886943817139e-01
4.770450592041015625e-01
4.807828068733215332e-01
4.769698083400726318e-01
4.785698354244232178e-01
4.862611591815948486e-01
4.862611591815948486e-01
4.862611591815948486e-01
4.862611591815948486e-01
3.220452666282653809e-01
4.862611591815948486e-01
4.862611591815948486e-01
4.862612187862396240e-01
0.000000000000000000e+00
0.000000000000000000e+00
0.000000000000000000e+00
0.000000000000000000e+00
4.748826622962951660e-01
4.862611591815948486e-01
4.838546514511108398e-01
4.790985882282257080e-01
4.776866137981414795e-01
4.766494333744049072e-01
4.770321547985076904e-01
4.862611591815948486e-01
4.835126101970672607e-01
4.862611591815948486e-01
4.862611591815948486e-01
4.862611591815948486e-01
4.861493706703186035e-01
4.855392277240753174e-01
4.856501817703247070e-01
4.862611591815948486e-01
4.862611591815948486e-01
4.862611591815948486e-01
4.862611591815948486e-01
4.862611591815948486e-01
4.862611591815948486e-01
4.862611591815948486e-01
4.862611591815948486e-01
4.862611591815948486e-01
4.862611591815948486e-01
4.862611591815948486e-01
4.862611591815948486e-01
4.862611591815948486e-01
4.862611591815948486e-01
4.862611591815948486e-01
4.862611591815948486e-01
4.862611591815948486e-01
4.862611591815948486e-01
4.862611591815948486e-01
4.862611591815948486e-01
4.725754559040069580e-01
4.772115945816040039e-01
4.862611591815948486e-01
4.862611591815948486e-01
4.862611591815948486e-01
4.862611591815948486e-01
4.862611591815948486e-01
4.743344485759735107e-01
4.862611591815948486e-01
4.862611591815948486e-01
4.862611591815948486e-01
4.857238829135894775e-01
4.816949665546417236e-01
4.436691999435424805e-01
4.862611591815948486e-01
4.862611591815948486e-01
4.862611591815948486e-01
4.862611591815948486e-01
4.536137580871582031e-01
4.825503230094909668e-01
4.862611591815948486e-01
4.862611591815948486e-01
4.862611591815948486e-01
4.862611591815948486e-01
4.862611591815948486e-01
4.501207470893859863e-01
4.843723773956298828e-01
4.862611591815948486e-01
4.862611591815948486e-01
4.862611591815948486e-01
4.862611591815948486e-01
4.862611591815948486e-01
4.862611591815948486e-01
4.862611591815948486e-01
4.862611591815948486e-01
4.862611591815948486e-01
4.862611591815948486e-01
4.862611591815948486e-01
4.862611591815948486e-01
4.862611591815948486e-01
4.862611591815948486e-01
4.837102890014648438e-01
4.848708510398864746e-01
4.845445752143859863e-01
4.862611591815948486e-01
4.862611591815948486e-01
4.862611591815948486e-01
4.851331114768981934e-01
4.848680496215820312e-01
4.862611591815948486e-01
4.862611591815948486e-01
4.862611591815948486e-01
4.862611591815948486e-01
4.862611591815948486e-01
4.862611591815948486e-01
4.862611591815948486e-01
4.862611591815948486e-01
4.862611591815948486e-01
4.862611591815948486e-01
4.862611591815948486e-01
4.862326085567474365e-01
4.848418533802032471e-01
4.862611591815948486e-01
4.862611591815948486e-01
4.862611591815948486e-01
4.821434617042541504e-01
4.862611591815948486e-01
4.862611591815948486e-01
4.862611591815948486e-01
4.862611591815948486e-01
4.862611591815948486e-01
4.862611591815948486e-01
4.798216223716735840e-01
4.862611591815948486e-01
4.862611591815948486e-01
4.862611591815948486e-01
4.862611591815948486e-01
4.862611591815948486e-01
4.862611591815948486e-01
4.862611591815948486e-01
4.860626161098480225e-01
4.862611591815948486e-01
4.862611591815948486e-01
4.862611591815948486e-01
4.862611591815948486e-01
4.862611591815948486e-01
4.862611591815948486e-01
4.862611591815948486e-01
4.862611591815948486e-01
4.862611591815948486e-01
4.862611591815948486e-01
4.862611591815948486e-01
4.862611591815948486e-01
4.862611591815948486e-01
4.862611591815948486e-01
4.862611591815948486e-01
4.862611591815948486e-01
4.862611591815948486e-01
4.862611591815948486e-01
4.862611591815948486e-01
4.862611591815948486e-01
4.862611591815948486e-01
4.862611591815948486e-01
4.862611591815948486e-01
4.862611591815948486e-01
4.862611591815948486e-01
4.862611591815948486e-01
4.862611591815948486e-01
4.862611591815948486e-01
4.862611591815948486e-01
4.862611591815948486e-01
4.862611591815948486e-01
4.862611591815948486e-01
4.862611591815948486e-01
4.862611591815948486e-01
4.862611591815948486e-01
4.862611591815948486e-01
4.862611591815948486e-01
4.862611591815948486e-01
4.862611591815948486e-01
4.862611591815948486e-01
4.862611591815948486e-01
4.862611591815948486e-01
4.862611591815948486e-01
4.862611591815948486e-01
4.862611591815948486e-01
4.862611591815948486e-01
4.862611591815948486e-01
4.862611591815948486e-01
4.862611591815948486e-01
4.862611591815948486e-01
4.862611591815948486e-01
4.862611591815948486e-01
4.862611591815948486e-01
4.862611591815948486e-01
4.862611591815948486e-01
4.862611591815948486e-01
4.862611591815948486e-01
4.862611591815948486e-01
4.862611591815948486e-01
4.862611591815948486e-01
4.862611591815948486e-01
4.862611591815948486e-01
4.862611591815948486e-01
4.862611591815948486e-01
4.862611591815948486e-01
4.862611591815948486e-01
4.862611591815948486e-01
4.862611591815948486e-01
4.862611591815948486e-01
4.862611591815948486e-01
4.862611591815948486e-01
4.862611591815948486e-01
4.862611591815948486e-01
4.862611591815948486e-01
4.862611591815948486e-01
4.862611591815948486e-01
4.862611591815948486e-01
4.862611591815948486e-01
4.862611591815948486e-01
4.862611591815948486e-01
4.862611591815948486e-01
4.862611591815948486e-01
4.862611591815948486e-01
4.862611591815948486e-01
4.862611591815948486e-01
4.862611591815948486e-01
4.862611591815948486e-01
4.862611591815948486e-01
4.862611591815948486e-01
4.862611591815948486e-01
4.862611591815948486e-01
4.862611591815948486e-01
4.862611591815948486e-01
4.862611591815948486e-01
4.862611591815948486e-01
4.862611591815948486e-01
4.862611591815948486e-01
4.862611591815948486e-01
4.862611591815948486e-01
4.862611591815948486e-01
4.862611591815948486e-01
4.862611591815948486e-01
4.862611591815948486e-01
4.862611591815948486e-01
4.862611591815948486e-01
4.862611591815948486e-01
4.862611591815948486e-01
4.862611591815948486e-01
4.862611591815948486e-01
4.862611591815948486e-01
4.862611591815948486e-01
4.862611591815948486e-01
4.862611591815948486e-01
4.862611591815948486e-01
4.862611591815948486e-01
4.833692908287048340e-01
4.862611591815948486e-01
4.862611591815948486e-01
4.862611591815948486e-01
4.862611591815948486e-01
4.862611591815948486e-01
4.862611591815948486e-01
4.862611591815948486e-01
4.862611591815948486e-01
4.862611591815948486e-01
4.862611591815948486e-01
4.862611591815948486e-01
4.862611591815948486e-01
4.862611591815948486e-01
4.862611591815948486e-01
4.862611591815948486e-01
4.862611591815948486e-01
4.862611591815948486e-01
4.862611591815948486e-01
4.862611591815948486e-01
4.862611591815948486e-01
4.862611591815948486e-01
4.862611591815948486e-01
4.862611591815948486e-01
4.862611591815948486e-01
4.862611591815948486e-01
4.862611591815948486e-01
4.862611591815948486e-01
4.862611591815948486e-01
4.862611591815948486e-01
4.862611591815948486e-01
4.862611591815948486e-01
4.862611591815948486e-01
4.862611591815948486e-01
4.862611591815948486e-01
4.862611591815948486e-01
4.862611591815948486e-01
4.862611591815948486e-01
4.862611591815948486e-01
4.862611591815948486e-01
4.862611591815948486e-01
4.862611591815948486e-01
4.862611591815948486e-01
4.862611591815948486e-01
4.862611591815948486e-01
4.862611591815948486e-01
4.822137355804443359e-01
4.841701090335845947e-01
4.829697310924530029e-01
4.862611591815948486e-01
4.862611591815948486e-01
4.862611591815948486e-01
4.862611591815948486e-01
4.862611591815948486e-01
4.862611591815948486e-01
4.862611591815948486e-01
4.853901565074920654e-01
4.862611591815948486e-01
4.862611591815948486e-01
4.862611591815948486e-01
4.862611591815948486e-01
4.862611591815948486e-01
4.862611591815948486e-01
4.862611591815948486e-01
4.862611591815948486e-01
4.862611591815948486e-01
4.862611591815948486e-01
4.862611591815948486e-01
4.862611591815948486e-01
4.862611591815948486e-01
4.862611591815948486e-01
4.862611591815948486e-01
4.862611591815948486e-01
4.862611591815948486e-01
4.862611591815948486e-01
4.862611591815948486e-01
4.862611591815948486e-01
4.862611591815948486e-01
4.862611591815948486e-01
4.862611591815948486e-01
4.862611591815948486e-01
4.862611591815948486e-01
4.862611591815948486e-01
4.862611591815948486e-01
4.862611591815948486e-01
4.862611591815948486e-01
4.862611591815948486e-01
4.862611591815948486e-01
4.862611591815948486e-01
4.862611591815948486e-01
4.862611591815948486e-01
4.862611591815948486e-01
4.862611591815948486e-01
4.862611591815948486e-01
4.862611591815948486e-01
4.862611591815948486e-01
4.862611591815948486e-01
4.862611591815948486e-01
4.862611591815948486e-01
4.862611591815948486e-01
4.862611591815948486e-01
4.862611591815948486e-01
4.862611591815948486e-01
4.862611591815948486e-01
4.862611591815948486e-01
4.862611591815948486e-01
4.862611591815948486e-01
4.862611591815948486e-01
4.862611591815948486e-01
4.862611591815948486e-01
4.862611591815948486e-01
4.862611591815948486e-01
4.862611591815948486e-01
4.862611591815948486e-01
4.862611591815948486e-01
4.862611591815948486e-01
4.862611591815948486e-01
4.862611591815948486e-01
4.862611591815948486e-01
4.862611591815948486e-01
4.862611591815948486e-01
4.862611591815948486e-01
4.862611591815948486e-01
4.862611591815948486e-01
4.862611591815948486e-01
4.862611591815948486e-01
4.862611591815948486e-01
4.862611591815948486e-01
4.862611591815948486e-01
4.862611591815948486e-01
4.862611591815948486e-01
4.862611591815948486e-01
4.862611591815948486e-01
4.862611591815948486e-01
4.862611591815948486e-01
4.862611591815948486e-01
4.862611591815948486e-01
4.862611591815948486e-01
4.862611591815948486e-01
4.862611591815948486e-01
4.862611591815948486e-01
4.862611591815948486e-01
4.862611591815948486e-01
4.862611591815948486e-01
4.862611591815948486e-01
4.862611591815948486e-01
4.862611591815948486e-01
4.862611591815948486e-01
4.862611591815948486e-01
4.862611591815948486e-01
4.862611591815948486e-01
4.862611591815948486e-01
4.862611591815948486e-01
4.862611591815948486e-01
4.862611591815948486e-01
4.862611591815948486e-01
4.862611591815948486e-01
4.862611591815948486e-01
4.862611591815948486e-01
4.862611591815948486e-01
4.862611591815948486e-01
4.862611591815948486e-01
4.862611591815948486e-01
4.862611591815948486e-01
4.862611591815948486e-01
4.862611591815948486e-01
4.862611591815948486e-01
4.862611591815948486e-01
4.862611591815948486e-01
4.862611591815948486e-01
4.862611591815948486e-01
4.862611591815948486e-01
4.862611591815948486e-01
4.862611591815948486e-01
4.862611591815948486e-01
4.862611591815948486e-01
4.862611591815948486e-01
4.862611591815948486e-01
4.862611591815948486e-01
4.862611591815948486e-01
4.862611591815948486e-01
4.862611591815948486e-01
4.862611591815948486e-01
4.862611591815948486e-01
4.862611591815948486e-01
4.862611591815948486e-01
4.862611591815948486e-01
4.862611591815948486e-01
4.862611591815948486e-01
4.862611591815948486e-01
4.862611591815948486e-01
4.862611591815948486e-01
4.862611591815948486e-01
4.862611591815948486e-01
4.862611591815948486e-01
4.862611591815948486e-01
4.862611591815948486e-01
4.862611591815948486e-01
4.862611591815948486e-01
4.862611591815948486e-01
4.862611591815948486e-01
4.862611591815948486e-01
4.862611591815948486e-01
4.862611591815948486e-01
4.862611591815948486e-01
4.862611591815948486e-01
4.862611591815948486e-01
4.862611591815948486e-01
4.862611591815948486e-01
4.862611591815948486e-01
4.862611591815948486e-01
4.862611591815948486e-01
4.862611591815948486e-01
4.862611591815948486e-01
4.862611591815948486e-01
4.862611591815948486e-01
4.862611591815948486e-01
4.862611591815948486e-01
4.862611591815948486e-01
4.862611591815948486e-01
4.862611591815948486e-01
4.862611591815948486e-01
4.862611591815948486e-01
4.862611591815948486e-01
4.862611591815948486e-01
4.862611591815948486e-01
4.862611591815948486e-01
4.862611591815948486e-01
4.862611591815948486e-01
4.862611591815948486e-01
4.862611591815948486e-01
4.862611591815948486e-01
4.862611591815948486e-01
4.859587848186492920e-01
4.862611591815948486e-01
4.862611591815948486e-01
4.862611591815948486e-01
4.862611591815948486e-01
4.862611591815948486e-01
4.795114994049072266e-01
4.862611591815948486e-01
4.862611591815948486e-01
0.000000000000000000e+00
0.000000000000000000e+00
4.862611591815948486e-01
4.862611591815948486e-01
4.862611591815948486e-01
4.862611591815948486e-01
4.862611591815948486e-01
0.000000000000000000e+00
4.862611591815948486e-01
0.000000000000000000e+00
4.862611591815948486e-01
4.862611591815948486e-01
4.862611591815948486e-01
4.862611591815948486e-01
4.862611591815948486e-01
4.862611591815948486e-01
4.862611591815948486e-01
4.862611591815948486e-01
4.862611591815948486e-01
4.862611591815948486e-01
4.862611591815948486e-01
4.862611591815948486e-01
4.862611591815948486e-01
4.862611591815948486e-01
4.862611591815948486e-01
4.862611591815948486e-01
4.862611591815948486e-01
4.862611591815948486e-01
4.862611591815948486e-01
4.862611591815948486e-01
4.862611591815948486e-01
4.862611591815948486e-01
4.862611591815948486e-01
4.862611591815948486e-01
4.862611591815948486e-01
4.862611591815948486e-01
4.862611591815948486e-01
4.862611591815948486e-01
4.862611591815948486e-01
4.862611591815948486e-01
4.862611591815948486e-01
4.862611591815948486e-01
4.862611591815948486e-01
4.862611591815948486e-01
4.862611591815948486e-01
4.862611591815948486e-01
4.862611591815948486e-01
4.862611591815948486e-01
4.862611591815948486e-01
4.862611591815948486e-01
4.862611591815948486e-01
4.862611591815948486e-01
4.862611591815948486e-01
4.862611591815948486e-01
4.862611591815948486e-01
4.862611591815948486e-01
4.862611591815948486e-01
4.862611591815948486e-01
4.862611591815948486e-01
4.862611591815948486e-01
4.862611591815948486e-01
4.862611591815948486e-01
4.862611591815948486e-01
4.862611591815948486e-01
4.862611591815948486e-01
4.862611591815948486e-01
4.862611591815948486e-01
4.862611591815948486e-01
4.862611591815948486e-01
4.862611591815948486e-01
4.862611591815948486e-01
4.862611591815948486e-01
4.862611591815948486e-01
4.862611591815948486e-01
4.862611591815948486e-01
4.862611591815948486e-01
4.862611591815948486e-01
4.862611591815948486e-01
4.862611591815948486e-01
4.862611591815948486e-01
4.862611591815948486e-01
4.862611591815948486e-01
4.862611591815948486e-01
4.862611591815948486e-01
4.862611591815948486e-01
4.862611591815948486e-01
4.862611591815948486e-01
4.862611591815948486e-01
4.862611591815948486e-01
4.862611591815948486e-01
4.862611591815948486e-01
4.862611591815948486e-01
4.862611591815948486e-01
4.862611591815948486e-01
4.862611591815948486e-01
4.862611591815948486e-01
4.862611591815948486e-01
4.862611591815948486e-01
4.862611591815948486e-01
4.862611591815948486e-01
4.862611591815948486e-01
4.862611591815948486e-01
4.862611591815948486e-01
4.862611591815948486e-01
4.862611591815948486e-01
4.862611591815948486e-01
4.862611591815948486e-01
4.862611591815948486e-01
4.862611591815948486e-01
4.862611591815948486e-01
4.862611591815948486e-01
4.862611591815948486e-01
4.862611591815948486e-01
4.862611591815948486e-01
4.862611591815948486e-01
4.862611591815948486e-01
4.862611591815948486e-01
4.862611591815948486e-01
4.862611591815948486e-01
4.862611591815948486e-01
4.862611591815948486e-01
4.862611591815948486e-01
4.862611591815948486e-01
4.862611591815948486e-01
4.862611591815948486e-01
4.862611591815948486e-01
4.862611591815948486e-01
4.862611591815948486e-01
4.862611591815948486e-01
4.862611591815948486e-01
4.862611591815948486e-01
4.862611591815948486e-01
4.862611591815948486e-01
4.862611591815948486e-01
4.862611591815948486e-01
4.862611591815948486e-01
4.855684340000152588e-01
4.862611591815948486e-01
4.862611591815948486e-01
4.862611591815948486e-01
4.862611591815948486e-01
4.862611591815948486e-01
4.862611591815948486e-01
4.862611591815948486e-01
4.862611591815948486e-01
4.862611591815948486e-01
4.862611591815948486e-01
4.862611591815948486e-01
4.862611591815948486e-01
4.862611591815948486e-01
4.862611591815948486e-01
4.862611591815948486e-01
4.862611591815948486e-01
4.862611591815948486e-01
4.862611591815948486e-01
4.862611591815948486e-01
4.862611591815948486e-01
4.862611591815948486e-01
4.862611591815948486e-01
4.862611591815948486e-01
4.862611591815948486e-01
4.862611591815948486e-01
4.862611591815948486e-01
4.862611591815948486e-01
4.862611591815948486e-01
4.862611591815948486e-01
4.862611591815948486e-01
4.862611591815948486e-01
4.862611591815948486e-01
4.862611591815948486e-01
4.862611591815948486e-01
4.862611591815948486e-01
4.862611591815948486e-01
4.862611591815948486e-01
4.862611591815948486e-01
4.862611591815948486e-01
4.862611591815948486e-01
4.862611591815948486e-01
4.862611591815948486e-01
4.862611591815948486e-01
4.862611591815948486e-01
4.862611591815948486e-01
4.862611591815948486e-01
4.862611591815948486e-01
4.862611591815948486e-01
4.862611591815948486e-01
4.862611591815948486e-01
4.862611591815948486e-01
4.862611591815948486e-01
4.862611591815948486e-01
4.862611591815948486e-01
4.862611591815948486e-01
4.862611591815948486e-01
4.862611591815948486e-01
4.862611591815948486e-01
4.862611591815948486e-01
4.862611591815948486e-01
4.862611591815948486e-01
4.862611591815948486e-01
4.862611591815948486e-01
4.862611591815948486e-01
4.862611591815948486e-01
4.862611591815948486e-01
4.862611591815948486e-01
4.862611591815948486e-01
4.862611591815948486e-01
4.862611591815948486e-01
4.862611591815948486e-01
4.862611591815948486e-01
4.862611591815948486e-01
4.862611591815948486e-01
4.862611591815948486e-01
4.862611591815948486e-01
4.862611591815948486e-01
4.862611591815948486e-01
4.862611591815948486e-01
4.862611591815948486e-01
4.862611591815948486e-01
4.862611591815948486e-01
4.862611591815948486e-01
4.862611591815948486e-01
4.862611591815948486e-01
4.862611591815948486e-01
4.862611591815948486e-01
4.862611591815948486e-01
4.862611591815948486e-01
4.862611591815948486e-01
4.862611591815948486e-01
4.862611591815948486e-01
4.862611591815948486e-01
4.862611591815948486e-01
4.862611591815948486e-01
4.862611591815948486e-01
4.862611591815948486e-01
4.862611591815948486e-01
4.862611591815948486e-01
4.862611591815948486e-01
4.862611591815948486e-01
4.862611591815948486e-01
4.862611591815948486e-01
4.862611591815948486e-01
4.862611591815948486e-01
4.862611591815948486e-01
4.862611591815948486e-01
4.862611591815948486e-01
4.862611591815948486e-01
4.862611591815948486e-01
4.862611591815948486e-01
4.862611591815948486e-01
4.862611591815948486e-01
4.862611591815948486e-01
4.862611591815948486e-01
4.862611591815948486e-01
4.862611591815948486e-01
4.862611591815948486e-01
4.862611591815948486e-01
4.862611591815948486e-01
4.862611591815948486e-01
4.862611591815948486e-01
4.862611591815948486e-01
4.862611591815948486e-01
4.862611591815948486e-01
4.862611591815948486e-01
4.862611591815948486e-01
4.862611591815948486e-01
4.862611591815948486e-01
4.862611591815948486e-01
4.862611591815948486e-01
4.862611591815948486e-01
4.862611591815948486e-01
4.862611591815948486e-01
4.862611591815948486e-01
4.862611591815948486e-01
4.862611591815948486e-01
4.862611591815948486e-01
4.862611591815948486e-01
4.862611591815948486e-01
4.862611591815948486e-01
4.862611591815948486e-01
4.862611591815948486e-01
4.862611591815948486e-01
4.862611591815948486e-01
4.862611591815948486e-01
4.862611591815948486e-01
4.862611591815948486e-01
4.862611591815948486e-01
4.862611591815948486e-01
4.862611591815948486e-01
4.862611591815948486e-01
4.862611591815948486e-01
4.862611591815948486e-01
4.862611591815948486e-01
4.862611591815948486e-01
4.862611591815948486e-01
4.862611591815948486e-01
4.862611591815948486e-01
4.862611591815948486e-01
4.862611591815948486e-01
4.862611591815948486e-01
4.862611591815948486e-01
4.862611591815948486e-01
4.862611591815948486e-01
4.862611591815948486e-01
4.862611591815948486e-01
4.862611591815948486e-01
4.862611591815948486e-01
4.862611591815948486e-01
4.862611591815948486e-01
4.862611591815948486e-01
4.862611591815948486e-01
4.862611591815948486e-01
4.862611591815948486e-01
4.862611591815948486e-01
4.862611591815948486e-01
4.862611591815948486e-01
4.862611591815948486e-01
4.862611591815948486e-01
4.862611591815948486e-01
4.862611591815948486e-01
4.862611591815948486e-01
4.862611591815948486e-01
4.862611591815948486e-01
4.862611591815948486e-01
4.822064340114593506e-01
4.862611591815948486e-01
4.862611591815948486e-01
4.862611591815948486e-01
4.862611591815948486e-01
4.862611591815948486e-01
4.862611591815948486e-01
4.862611591815948486e-01
4.862611591815948486e-01
4.862611591815948486e-01
4.862611591815948486e-01
4.862611591815948486e-01
4.862611591815948486e-01
4.862611591815948486e-01
4.862611591815948486e-01
4.862611591815948486e-01
4.862611591815948486e-01
4.862611591815948486e-01
4.862611591815948486e-01
4.862611591815948486e-01
4.862611591815948486e-01
4.862611591815948486e-01
4.862611591815948486e-01
4.862611591815948486e-01
4.862611591815948486e-01
4.862611591815948486e-01
4.862611591815948486e-01
4.862611591815948486e-01
4.862611591815948486e-01
4.862611591815948486e-01
4.862611591815948486e-01
4.862611591815948486e-01
4.862611591815948486e-01
4.862611591815948486e-01
4.862611591815948486e-01
4.862611591815948486e-01
4.862611591815948486e-01
4.862611591815948486e-01
4.862611591815948486e-01
4.862611591815948486e-01
4.862611591815948486e-01
4.862611591815948486e-01
4.862611591815948486e-01
4.862611591815948486e-01
4.862611591815948486e-01
4.862611591815948486e-01
4.862611591815948486e-01
4.862611591815948486e-01
4.862611591815948486e-01
4.862611591815948486e-01
4.862611591815948486e-01
4.862611591815948486e-01
4.862611591815948486e-01
4.862611591815948486e-01
4.862611591815948486e-01
4.862611591815948486e-01
4.862611591815948486e-01
4.862611591815948486e-01
4.862611591815948486e-01
4.862611591815948486e-01
4.862611591815948486e-01
4.862611591815948486e-01
4.862611591815948486e-01
4.862611591815948486e-01
4.862611591815948486e-01
4.862611591815948486e-01
4.862611591815948486e-01
4.862611591815948486e-01
4.862611591815948486e-01
4.862611591815948486e-01
4.862611591815948486e-01
4.862611591815948486e-01
4.862611591815948486e-01
4.862611591815948486e-01
4.862611591815948486e-01
4.862611591815948486e-01
4.862611591815948486e-01
4.862611591815948486e-01
4.862611591815948486e-01
4.862611591815948486e-01
4.862611591815948486e-01
4.862611591815948486e-01
4.862611591815948486e-01
4.862611591815948486e-01
4.862611591815948486e-01
4.862611591815948486e-01
4.862611591815948486e-01
4.862017035484313965e-01
4.862611591815948486e-01
4.862611591815948486e-01
4.862611591815948486e-01
4.862611591815948486e-01
4.862611591815948486e-01
4.862611591815948486e-01
4.862611591815948486e-01
4.862611591815948486e-01
4.862611591815948486e-01
4.862611591815948486e-01
4.862611591815948486e-01
4.862611591815948486e-01
4.862611591815948486e-01
4.862611591815948486e-01
4.862611591815948486e-01
4.862611591815948486e-01
4.862611591815948486e-01
4.862611591815948486e-01
4.862611591815948486e-01
4.862611591815948486e-01
4.862611591815948486e-01
4.862611591815948486e-01
4.862611591815948486e-01
4.862611591815948486e-01
4.862611591815948486e-01
4.862611591815948486e-01
4.862611591815948486e-01
4.862611591815948486e-01
4.862611591815948486e-01
4.862611591815948486e-01
4.862611591815948486e-01
4.862611591815948486e-01
4.862611591815948486e-01
4.862611591815948486e-01
4.862611591815948486e-01
4.862611591815948486e-01
4.862611591815948486e-01
4.862611591815948486e-01
4.862611591815948486e-01
4.862611591815948486e-01
4.862611591815948486e-01
4.862611591815948486e-01
4.862611591815948486e-01
4.862611591815948486e-01
4.862611591815948486e-01
4.852709472179412842e-01
4.862611591815948486e-01
4.862611591815948486e-01
4.862611591815948486e-01
4.862611591815948486e-01
4.862611591815948486e-01
4.862611591815948486e-01
4.862611591815948486e-01
4.862611591815948486e-01
2.194092571735382080e-01
4.862611591815948486e-01
4.862611591815948486e-01
4.862611591815948486e-01
4.862611591815948486e-01
4.862611591815948486e-01
4.862611591815948486e-01
4.862611591815948486e-01
4.862611591815948486e-01
4.862611591815948486e-01
4.862611591815948486e-01
4.862611591815948486e-01
4.862611591815948486e-01
4.862611591815948486e-01
4.862611591815948486e-01
4.862611591815948486e-01
4.862611591815948486e-01
4.862611591815948486e-01
4.862611591815948486e-01
4.862611591815948486e-01
4.862611591815948486e-01
4.862611591815948486e-01
4.862611591815948486e-01
4.862611591815948486e-01
4.862611591815948486e-01
4.862611591815948486e-01
4.862611591815948486e-01
4.859035015106201172e-01
4.862611591815948486e-01
4.862611591815948486e-01
4.862611591815948486e-01
4.862611591815948486e-01
4.862611591815948486e-01
4.862611591815948486e-01
4.862611591815948486e-01
4.862611591815948486e-01
4.862611591815948486e-01
4.862611591815948486e-01
4.862611591815948486e-01
4.862611591815948486e-01
4.862611591815948486e-01
4.862611591815948486e-01
4.862611591815948486e-01
4.862611591815948486e-01
4.862611591815948486e-01
4.862611591815948486e-01
4.862611591815948486e-01
4.862611591815948486e-01
4.862611591815948486e-01
4.862611591815948486e-01
4.862611591815948486e-01
4.862611591815948486e-01
4.862611591815948486e-01
4.862611591815948486e-01
4.862611591815948486e-01
4.862611591815948486e-01
4.862611591815948486e-01
4.862611591815948486e-01
4.862611591815948486e-01
4.862611591815948486e-01
4.862611591815948486e-01
4.862611591815948486e-01
4.862611591815948486e-01
4.862611591815948486e-01
4.862611591815948486e-01
4.862611591815948486e-01
4.862611591815948486e-01
4.862611591815948486e-01
4.862611591815948486e-01
4.862611591815948486e-01
4.862611591815948486e-01
4.862611591815948486e-01
4.862611591815948486e-01
4.862611591815948486e-01
4.862611591815948486e-01
4.862611591815948486e-01
4.862611591815948486e-01
4.862611591815948486e-01
4.862611591815948486e-01
4.862611591815948486e-01
4.862611591815948486e-01
4.862611591815948486e-01
4.862611591815948486e-01
4.862611591815948486e-01
4.862611591815948486e-01
4.862611591815948486e-01
4.862611591815948486e-01
4.862611591815948486e-01
4.862611591815948486e-01
4.862611591815948486e-01
4.862611591815948486e-01
4.862611591815948486e-01
4.862611591815948486e-01
4.862611591815948486e-01
4.862611591815948486e-01
4.862611591815948486e-01
4.862611591815948486e-01
4.862611591815948486e-01
4.862611591815948486e-01
4.862611591815948486e-01
4.862611591815948486e-01
4.862611591815948486e-01
4.862611591815948486e-01
4.862611591815948486e-01
4.862611591815948486e-01
4.862611591815948486e-01
4.862611591815948486e-01
4.862611591815948486e-01
4.862611591815948486e-01
4.862611591815948486e-01
4.862611591815948486e-01
4.862611591815948486e-01
4.862611591815948486e-01
4.862611591815948486e-01
4.862611591815948486e-01
4.862611591815948486e-01
4.862611591815948486e-01
4.862611591815948486e-01
4.862611591815948486e-01
4.862611591815948486e-01
4.862611591815948486e-01
4.862611591815948486e-01
4.862611591815948486e-01
4.862611591815948486e-01
4.862611591815948486e-01
4.862611591815948486e-01
4.862611591815948486e-01
4.862611591815948486e-01
4.862611591815948486e-01
4.862611591815948486e-01
4.862611591815948486e-01
4.862611591815948486e-01
4.862611591815948486e-01
4.862611591815948486e-01
4.862611591815948486e-01
4.862611591815948486e-01
4.862611591815948486e-01
4.862611591815948486e-01
4.862611591815948486e-01
4.862611591815948486e-01
4.862611591815948486e-01
3.397181928157806396e-01
4.862611591815948486e-01
4.862611591815948486e-01
3.256348073482513428e-01
3.563830256462097168e-01
4.862611591815948486e-01
4.862611591815948486e-01
4.862611591815948486e-01
4.862611591815948486e-01
4.862611591815948486e-01
4.862611591815948486e-01
4.862611591815948486e-01
4.862611591815948486e-01
4.862611591815948486e-01
4.862611591815948486e-01
4.862611591815948486e-01
4.862611591815948486e-01
4.862611591815948486e-01
4.862611591815948486e-01
4.862611591815948486e-01
4.862611591815948486e-01
4.862611591815948486e-01
4.862611591815948486e-01
4.862611591815948486e-01
4.862611591815948486e-01
4.862611591815948486e-01
4.862611591815948486e-01
4.862611591815948486e-01
4.862611591815948486e-01
4.862611591815948486e-01
4.862611591815948486e-01
4.862611591815948486e-01
4.862611591815948486e-01
4.862611591815948486e-01
4.862611591815948486e-01
4.862611591815948486e-01
4.862611591815948486e-01
4.862611591815948486e-01
4.862611591815948486e-01
4.862611591815948486e-01
4.862611591815948486e-01
4.862611591815948486e-01
4.862611591815948486e-01
4.862611591815948486e-01
4.862611591815948486e-01
4.862611591815948486e-01
4.862611591815948486e-01
4.862611591815948486e-01
4.862611591815948486e-01
4.862611591815948486e-01
4.862611591815948486e-01
4.862611591815948486e-01
4.862611591815948486e-01
4.862611591815948486e-01
4.862611591815948486e-01
4.862611591815948486e-01
4.862611591815948486e-01
4.862611591815948486e-01
4.862611591815948486e-01
4.862611591815948486e-01
4.862611591815948486e-01
4.862611591815948486e-01
4.862611591815948486e-01
4.862611591815948486e-01
4.862611591815948486e-01
4.862611591815948486e-01
4.862611591815948486e-01
4.862611591815948486e-01
4.862611591815948486e-01
4.862611591815948486e-01
4.862611591815948486e-01
4.862611591815948486e-01
4.862611591815948486e-01
4.862611591815948486e-01
4.862611591815948486e-01
4.862611591815948486e-01
4.862611591815948486e-01
4.862611591815948486e-01
4.862611591815948486e-01
4.862611591815948486e-01
4.862611591815948486e-01
4.862611591815948486e-01
4.862611591815948486e-01
4.862611591815948486e-01
4.862611591815948486e-01
4.862611591815948486e-01
4.862611591815948486e-01
4.862611591815948486e-01
4.862611591815948486e-01
4.862611591815948486e-01
4.862611591815948486e-01
4.862611591815948486e-01
4.862611591815948486e-01
4.862611591815948486e-01
4.862611591815948486e-01
4.862611591815948486e-01
4.862611591815948486e-01
4.862611591815948486e-01
4.862611591815948486e-01
4.862611591815948486e-01
4.862611591815948486e-01
4.862611591815948486e-01
4.862611591815948486e-01
4.862611591815948486e-01
4.862611591815948486e-01
4.862611591815948486e-01
4.862611591815948486e-01
4.862611591815948486e-01
4.862611591815948486e-01
4.862611591815948486e-01
4.862611591815948486e-01
4.862611591815948486e-01
4.862611591815948486e-01
4.862611591815948486e-01
4.862611591815948486e-01
4.862611591815948486e-01
4.862611591815948486e-01
4.862611591815948486e-01
4.862611591815948486e-01
4.862611591815948486e-01
4.862611591815948486e-01
4.862611591815948486e-01
4.862611591815948486e-01
4.862611591815948486e-01
4.862611591815948486e-01
4.862611591815948486e-01
4.862611591815948486e-01
4.862611591815948486e-01
4.862611591815948486e-01
4.862611591815948486e-01
4.862611591815948486e-01
4.862611591815948486e-01
4.862611591815948486e-01
4.862611591815948486e-01
4.862611591815948486e-01
4.862611591815948486e-01
4.862611591815948486e-01
4.862611591815948486e-01
4.862611591815948486e-01
4.862611591815948486e-01
4.862611591815948486e-01
4.862611591815948486e-01
4.862611591815948486e-01
4.862611591815948486e-01
4.862611591815948486e-01
4.862611591815948486e-01
4.862611591815948486e-01
4.862611591815948486e-01
4.862611591815948486e-01
4.862611591815948486e-01
4.862611591815948486e-01
4.862611591815948486e-01
4.862611591815948486e-01
4.862611591815948486e-01
4.862611591815948486e-01
4.862611591815948486e-01
4.862611591815948486e-01
4.862611591815948486e-01
4.862611591815948486e-01
4.862611591815948486e-01
4.862611591815948486e-01
4.862611591815948486e-01
4.862611591815948486e-01
4.862611591815948486e-01
4.862611591815948486e-01
4.862611591815948486e-01
4.862611591815948486e-01
4.862611591815948486e-01
4.862611591815948486e-01
4.844617843627929688e-01
4.862611591815948486e-01
4.862611591815948486e-01
4.862611591815948486e-01
4.862611591815948486e-01
4.862611591815948486e-01
4.862611591815948486e-01
4.862611591815948486e-01
4.862611591815948486e-01
4.862611591815948486e-01
4.862611591815948486e-01
4.862611591815948486e-01
4.862611591815948486e-01
4.862611591815948486e-01
4.862611591815948486e-01
4.862611591815948486e-01
4.862611591815948486e-01
4.862611591815948486e-01
4.862611591815948486e-01
4.862611591815948486e-01
4.862611591815948486e-01
4.862611591815948486e-01
4.862611591815948486e-01
4.862611591815948486e-01
4.862611591815948486e-01
4.862611591815948486e-01
4.862611591815948486e-01
4.862611591815948486e-01
4.862611591815948486e-01
4.862611591815948486e-01
4.862611591815948486e-01
4.862611591815948486e-01
4.862611591815948486e-01
4.862611591815948486e-01
4.862611591815948486e-01
4.862611591815948486e-01
4.862611591815948486e-01
4.862611591815948486e-01
4.862611591815948486e-01
4.862611591815948486e-01
4.862611591815948486e-01
4.862611591815948486e-01
4.862611591815948486e-01
4.862611591815948486e-01
4.862611591815948486e-01
4.862611591815948486e-01
4.862611591815948486e-01
4.862611591815948486e-01
4.862611591815948486e-01
4.862611591815948486e-01
4.862611591815948486e-01
4.862611591815948486e-01
4.862611591815948486e-01
4.862611591815948486e-01
4.862611591815948486e-01
4.862611591815948486e-01
4.862611591815948486e-01
4.862611591815948486e-01
4.862611591815948486e-01
4.862611591815948486e-01
4.862611591815948486e-01
4.862611591815948486e-01
4.862611591815948486e-01
4.862611591815948486e-01
4.862611591815948486e-01
4.862611591815948486e-01
4.862611591815948486e-01
4.862611591815948486e-01
4.862611591815948486e-01
4.862611591815948486e-01
4.862611591815948486e-01
4.862611591815948486e-01
4.862611591815948486e-01
4.862611591815948486e-01
4.862611591815948486e-01
4.862611591815948486e-01
4.862611591815948486e-01
4.862611591815948486e-01
4.862611591815948486e-01
4.862611591815948486e-01
4.862611591815948486e-01
4.862611591815948486e-01
4.862611591815948486e-01
4.862611591815948486e-01
4.862611591815948486e-01
4.862611591815948486e-01
4.862611591815948486e-01
4.862611591815948486e-01
4.862611591815948486e-01
4.862611591815948486e-01
4.862611591815948486e-01
4.862611591815948486e-01
4.862611591815948486e-01
4.862611591815948486e-01
4.861687123775482178e-01
4.862611591815948486e-01
4.825181961059570312e-01
4.862611591815948486e-01
4.862611591815948486e-01
4.862611591815948486e-01
4.862611591815948486e-01
4.862611591815948486e-01
4.862611591815948486e-01
4.862611591815948486e-01
4.862611591815948486e-01
4.862611591815948486e-01
4.862611591815948486e-01
4.862611591815948486e-01
4.862611591815948486e-01
4.862611591815948486e-01
4.862611591815948486e-01
4.862611591815948486e-01
4.862611591815948486e-01
4.862611591815948486e-01
4.862611591815948486e-01
4.862611591815948486e-01
4.862611591815948486e-01
4.862611591815948486e-01
4.862611591815948486e-01
4.862611591815948486e-01
4.862611591815948486e-01
4.862611591815948486e-01
4.862611591815948486e-01
4.862611591815948486e-01
4.862611591815948486e-01
4.862611591815948486e-01
4.862611591815948486e-01
4.862611591815948486e-01
4.862611591815948486e-01
4.862611591815948486e-01
4.862611591815948486e-01
4.862611591815948486e-01
4.862611591815948486e-01
4.862611591815948486e-01
4.862611591815948486e-01
4.862611591815948486e-01
4.862611591815948486e-01
4.862611591815948486e-01
4.862611591815948486e-01
4.862611591815948486e-01
4.862611591815948486e-01
4.862611591815948486e-01
4.862611591815948486e-01
4.862611591815948486e-01
4.862611591815948486e-01
4.862611591815948486e-01
4.862611591815948486e-01
4.862611591815948486e-01
4.862611591815948486e-01
4.862611591815948486e-01
4.862611591815948486e-01
4.862611591815948486e-01
4.862611591815948486e-01
4.862611591815948486e-01
4.862611591815948486e-01
4.832181334495544434e-01
4.862611591815948486e-01
4.862611591815948486e-01
4.862611591815948486e-01
4.862611591815948486e-01
4.862611591815948486e-01
4.862611591815948486e-01
4.862611591815948486e-01
4.841938912868499756e-01
4.862611591815948486e-01
4.862611591815948486e-01
4.862611591815948486e-01
4.862611591815948486e-01
4.862611591815948486e-01
4.596561491489410400e-01
4.862611591815948486e-01
4.862611591815948486e-01
4.862611591815948486e-01
4.862611591815948486e-01
4.862611591815948486e-01
4.862611591815948486e-01
4.853679537773132324e-01
4.862611591815948486e-01
4.862611591815948486e-01
4.862611591815948486e-01
4.862611591815948486e-01
4.862611591815948486e-01
4.862611591815948486e-01
4.862611591815948486e-01
4.862611591815948486e-01
4.862611591815948486e-01
4.862611591815948486e-01
4.862611591815948486e-01
4.862611591815948486e-01
4.862611591815948486e-01
4.862611591815948486e-01
4.862611591815948486e-01
4.862611591815948486e-01
4.862611591815948486e-01
4.862611591815948486e-01
4.862611591815948486e-01
4.862611591815948486e-01
4.862611591815948486e-01
4.862611591815948486e-01
4.862611591815948486e-01
4.862611591815948486e-01
4.862611591815948486e-01
4.862611591815948486e-01
4.862611591815948486e-01
4.862611591815948486e-01
4.862611591815948486e-01
4.862611591815948486e-01
4.862611591815948486e-01
4.862611591815948486e-01
4.862611591815948486e-01
4.862611591815948486e-01
4.862611591815948486e-01
4.862611591815948486e-01
4.862611591815948486e-01
4.862611591815948486e-01
4.862611591815948486e-01
4.862611591815948486e-01
4.862611591815948486e-01
4.862611591815948486e-01
4.862611591815948486e-01
4.862611591815948486e-01
4.862611591815948486e-01
4.862611591815948486e-01
4.862611591815948486e-01
4.862611591815948486e-01
4.862611591815948486e-01
4.862611591815948486e-01
4.862611591815948486e-01
4.862611591815948486e-01
4.862611591815948486e-01
4.862611591815948486e-01
4.862611591815948486e-01
4.862611591815948486e-01
4.862611591815948486e-01
4.862611591815948486e-01
4.862611591815948486e-01
4.862611591815948486e-01
4.862611591815948486e-01
4.862611591815948486e-01
4.862611591815948486e-01
4.862611591815948486e-01
4.862611591815948486e-01
4.862611591815948486e-01
4.862611591815948486e-01
4.862611591815948486e-01
4.862611591815948486e-01
4.862611591815948486e-01
4.862611591815948486e-01
4.862611591815948486e-01
4.862611591815948486e-01
4.862611591815948486e-01
4.862611591815948486e-01
4.862611591815948486e-01
4.862611591815948486e-01
4.862611591815948486e-01
4.862611591815948486e-01
4.862611591815948486e-01
4.862611591815948486e-01
4.862611591815948486e-01
4.862611591815948486e-01
4.862611591815948486e-01
4.862611591815948486e-01
4.862611591815948486e-01
4.862611591815948486e-01
4.862611591815948486e-01
4.862611591815948486e-01
4.862611591815948486e-01
4.862611591815948486e-01
4.862611591815948486e-01
4.862611591815948486e-01
4.862611591815948486e-01
4.862611591815948486e-01
4.862611591815948486e-01
4.862611591815948486e-01
4.862611591815948486e-01
4.862611591815948486e-01
4.862611591815948486e-01
4.862611591815948486e-01
4.862611591815948486e-01
4.862611591815948486e-01
4.862611591815948486e-01
4.862611591815948486e-01
4.862611591815948486e-01
4.862611591815948486e-01
4.862611591815948486e-01
4.862611591815948486e-01
4.862611591815948486e-01
4.862611591815948486e-01
4.862611591815948486e-01
4.862611591815948486e-01
4.862611591815948486e-01
4.862611591815948486e-01
4.862611591815948486e-01
4.862611591815948486e-01
4.862611591815948486e-01
4.862611591815948486e-01
4.862611591815948486e-01
4.862611591815948486e-01
4.862611591815948486e-01
4.862611591815948486e-01
4.862611591815948486e-01
4.862611591815948486e-01
4.862611591815948486e-01
4.862611591815948486e-01
4.862611591815948486e-01
4.862611591815948486e-01
4.862611591815948486e-01
4.862611591815948486e-01
4.862611591815948486e-01
4.862611591815948486e-01
4.862611591815948486e-01
4.862611591815948486e-01
4.862611591815948486e-01
4.862611591815948486e-01
4.862611591815948486e-01
4.862611591815948486e-01
4.862611591815948486e-01
4.862611591815948486e-01
4.862611591815948486e-01
4.862611591815948486e-01
4.862611591815948486e-01
4.862611591815948486e-01
4.862611591815948486e-01
4.862611591815948486e-01
4.862611591815948486e-01
4.862611591815948486e-01
4.862611591815948486e-01
4.862611591815948486e-01
4.862611591815948486e-01
4.862611591815948486e-01
4.862611591815948486e-01
4.862611591815948486e-01
4.862611591815948486e-01
4.862611591815948486e-01
4.862611591815948486e-01
4.862611591815948486e-01
4.862611591815948486e-01
4.862611591815948486e-01
4.862611591815948486e-01
4.862611591815948486e-01
4.862611591815948486e-01
4.862611591815948486e-01
4.862611591815948486e-01
4.862611591815948486e-01
4.862611591815948486e-01
4.862611591815948486e-01
4.862611591815948486e-01
4.862611591815948486e-01
4.862611591815948486e-01
4.862611591815948486e-01
4.862611591815948486e-01
4.862611591815948486e-01
4.862611591815948486e-01
4.862611591815948486e-01
4.862611591815948486e-01
4.862611591815948486e-01
4.862611591815948486e-01
4.862611591815948486e-01
4.862611591815948486e-01
4.862611591815948486e-01
4.862611591815948486e-01
4.862611591815948486e-01
4.862611591815948486e-01
4.862611591815948486e-01
4.862611591815948486e-01
4.862611591815948486e-01
4.862611591815948486e-01
4.862611591815948486e-01
4.862611591815948486e-01
4.862611591815948486e-01
4.862611591815948486e-01
4.862611591815948486e-01
4.862611591815948486e-01
4.862611591815948486e-01
4.671669900417327881e-01
4.862611591815948486e-01
4.862611591815948486e-01
4.862611591815948486e-01
4.862611591815948486e-01
4.862611591815948486e-01
4.862611591815948486e-01
4.862611591815948486e-01
4.882592260837554932e-01
4.850572645664215088e-01
4.862611591815948486e-01
4.862611591815948486e-01
4.862611591815948486e-01
4.862611591815948486e-01
4.862611591815948486e-01
4.862611591815948486e-01
4.862611591815948486e-01
4.862611591815948486e-01
4.083876609802246094e-01
4.830936789512634277e-01
4.862611591815948486e-01
4.862611591815948486e-01
4.862611591815948486e-01
4.862611591815948486e-01
0.000000000000000000e+00
0.000000000000000000e+00
0.000000000000000000e+00
4.862611591815948486e-01
4.857599735260009766e-01
5.258637070655822754e-01
4.860087931156158447e-01
4.862611591815948486e-01
4.862611591815948486e-01
4.862611591815948486e-01
4.862611591815948486e-01
4.862611591815948486e-01
4.862611591815948486e-01
4.862611591815948486e-01
4.862611591815948486e-01
4.862611591815948486e-01
4.862611591815948486e-01
4.862611591815948486e-01
4.862611591815948486e-01
4.862611591815948486e-01
4.862611591815948486e-01
4.862611591815948486e-01
4.862611591815948486e-01
4.862611591815948486e-01
4.862611591815948486e-01
4.862611591815948486e-01
4.862611591815948486e-01
4.862611591815948486e-01
4.862611591815948486e-01
4.862611591815948486e-01
4.862611591815948486e-01
4.862611591815948486e-01
4.862611591815948486e-01
4.862611591815948486e-01
4.862611591815948486e-01
4.862611591815948486e-01
4.862611591815948486e-01
4.862611591815948486e-01
4.862611591815948486e-01
4.862611591815948486e-01
4.862611591815948486e-01
4.862611591815948486e-01
4.862611591815948486e-01
4.862611591815948486e-01
4.862611591815948486e-01
4.862611591815948486e-01
4.862611591815948486e-01
4.862611591815948486e-01
4.862611591815948486e-01
4.862611591815948486e-01
4.862611591815948486e-01
4.862611591815948486e-01
4.862611591815948486e-01
4.862611591815948486e-01
4.862611591815948486e-01
4.862611591815948486e-01
4.862611591815948486e-01
4.862611591815948486e-01
4.862611591815948486e-01
4.862611591815948486e-01
4.862611591815948486e-01
4.862611591815948486e-01
4.862611591815948486e-01
4.862611591815948486e-01
4.862611591815948486e-01
4.862611591815948486e-01
4.862611591815948486e-01
4.862611591815948486e-01
4.862611591815948486e-01
4.862611591815948486e-01
4.862611591815948486e-01
4.862611591815948486e-01
4.862611591815948486e-01
4.862611591815948486e-01
4.862611591815948486e-01
4.862611591815948486e-01
4.862611591815948486e-01
4.862611591815948486e-01
4.862611591815948486e-01
4.862611591815948486e-01
4.862611591815948486e-01
4.862611591815948486e-01
4.862611591815948486e-01
4.862611591815948486e-01
4.862611591815948486e-01
4.862611591815948486e-01
4.862611591815948486e-01
4.862611591815948486e-01
4.862611591815948486e-01
4.862611591815948486e-01
4.862611591815948486e-01
4.862611591815948486e-01
4.862611591815948486e-01
4.862611591815948486e-01
4.862611591815948486e-01
4.862611591815948486e-01
4.862611591815948486e-01
4.862611591815948486e-01
4.862611591815948486e-01
4.862611591815948486e-01
4.862611591815948486e-01
4.862611591815948486e-01
4.862611591815948486e-01
4.862611591815948486e-01
4.862611591815948486e-01
4.862611591815948486e-01
4.862611591815948486e-01
4.862611591815948486e-01
4.862611591815948486e-01
4.862611591815948486e-01
4.862611591815948486e-01
4.862611591815948486e-01
4.862611591815948486e-01
4.862611591815948486e-01
4.862611591815948486e-01
4.862611591815948486e-01
4.862611591815948486e-01
4.862611591815948486e-01
4.862611591815948486e-01
4.862611591815948486e-01
4.862611591815948486e-01
4.862611591815948486e-01
4.862611591815948486e-01
4.862611591815948486e-01
4.862611591815948486e-01
4.862611591815948486e-01
4.862611591815948486e-01
4.862611591815948486e-01
4.862611591815948486e-01
4.862611591815948486e-01
4.862611591815948486e-01
4.862611591815948486e-01
4.862611591815948486e-01
4.862611591815948486e-01
4.862611591815948486e-01
4.862611591815948486e-01
4.862611591815948486e-01
4.862611591815948486e-01
4.862611591815948486e-01
4.862611591815948486e-01
4.862611591815948486e-01
4.862611591815948486e-01
4.862611591815948486e-01
4.862611591815948486e-01
4.862611591815948486e-01
4.862611591815948486e-01
4.862611591815948486e-01
4.862611591815948486e-01
4.862611591815948486e-01
4.862611591815948486e-01
4.862611591815948486e-01
4.862611591815948486e-01
4.862611591815948486e-01
4.862611591815948486e-01
4.862611591815948486e-01
4.862611591815948486e-01
4.862611591815948486e-01
4.862611591815948486e-01
4.862611591815948486e-01
4.862611591815948486e-01
4.862611591815948486e-01
4.862611591815948486e-01
4.862611591815948486e-01
4.862611591815948486e-01
4.862611591815948486e-01
4.862611591815948486e-01
4.862611591815948486e-01
4.862611591815948486e-01
4.862611591815948486e-01
4.862611591815948486e-01
4.862611591815948486e-01
4.862611591815948486e-01
4.862611591815948486e-01
4.862611591815948486e-01
4.862611591815948486e-01
4.852931499481201172e-01
4.862611591815948486e-01
4.862611591815948486e-01
4.862611591815948486e-01
4.862611591815948486e-01
4.862611591815948486e-01
4.862611591815948486e-01
4.862611591815948486e-01
4.862611591815948486e-01
4.862611591815948486e-01
4.862611591815948486e-01
4.862611591815948486e-01
4.862611591815948486e-01
4.862611591815948486e-01
4.862611591815948486e-01
4.858469069004058838e-01
4.862614274024963379e-01
1.968861520290374756e-01
1.861281692981719971e-01
2.769890427589416504e-01
0.000000000000000000e+00
3.386178612709045410e-02
0.000000000000000000e+00
4.862611591815948486e-01
4.862611591815948486e-01
4.862611591815948486e-01
4.862611591815948486e-01
4.862611591815948486e-01
4.862611591815948486e-01
4.862611591815948486e-01
4.862611591815948486e-01
4.862611591815948486e-01
4.862611591815948486e-01
4.862611591815948486e-01
4.862611591815948486e-01
4.862611591815948486e-01
4.862611591815948486e-01
4.862611591815948486e-01
4.862611591815948486e-01
4.862611591815948486e-01
4.862611591815948486e-01
4.862611591815948486e-01
4.862611591815948486e-01
4.862611591815948486e-01
4.862611591815948486e-01
4.862611591815948486e-01
4.862611591815948486e-01
4.862611591815948486e-01
4.862611591815948486e-01
4.862611591815948486e-01
4.862611591815948486e-01
4.862611591815948486e-01
4.862611591815948486e-01
4.862611591815948486e-01
4.862611591815948486e-01
4.862611591815948486e-01
4.862611591815948486e-01
4.862611591815948486e-01
4.862611591815948486e-01
4.862611591815948486e-01
4.862611591815948486e-01
4.862611591815948486e-01
4.862611591815948486e-01
4.862611591815948486e-01
4.862611591815948486e-01
4.862611591815948486e-01
4.862611591815948486e-01
4.862611591815948486e-01
4.862611591815948486e-01
4.862611591815948486e-01
4.862611591815948486e-01
4.862611591815948486e-01
4.862611591815948486e-01
4.862611591815948486e-01
4.862611591815948486e-01
4.862611591815948486e-01
4.862611591815948486e-01
4.862611591815948486e-01
4.862611591815948486e-01
4.862611591815948486e-01
4.862611591815948486e-01
4.862611591815948486e-01
4.862611591815948486e-01
4.862611591815948486e-01
4.862611591815948486e-01
4.862611591815948486e-01
4.862611591815948486e-01
4.862611591815948486e-01
4.862611591815948486e-01
4.862611591815948486e-01
4.862611591815948486e-01
4.862611591815948486e-01
4.862611591815948486e-01
4.862611591815948486e-01
4.862611591815948486e-01
4.862611591815948486e-01
4.862611591815948486e-01
4.862611591815948486e-01
4.862611591815948486e-01
4.862611591815948486e-01
4.862611591815948486e-01
4.862611591815948486e-01
4.862611591815948486e-01
4.862611591815948486e-01
4.862611591815948486e-01
4.862611591815948486e-01
4.862611591815948486e-01
4.862611591815948486e-01
4.862611591815948486e-01
4.862611591815948486e-01
4.862611591815948486e-01
4.862611591815948486e-01
4.862611591815948486e-01
4.862611591815948486e-01
4.862611591815948486e-01
4.856992661952972412e-01
4.899766147136688232e-01
4.862611591815948486e-01
4.862611591815948486e-01
4.862611591815948486e-01
4.814162552356719971e-01
4.611293971538543701e-01
4.847605228424072266e-01
4.823593497276306152e-01
4.862611591815948486e-01
4.862611591815948486e-01
4.862611591815948486e-01
4.848589599132537842e-01
4.849096238613128662e-01
4.862611591815948486e-01
4.862611591815948486e-01
4.862611591815948486e-01
4.862611591815948486e-01
4.861813187599182129e-01
4.862611591815948486e-01
4.862611591815948486e-01
4.862611591815948486e-01
4.862611591815948486e-01
4.862611591815948486e-01
4.862611591815948486e-01
4.862611591815948486e-01
4.862611591815948486e-01
4.862611591815948486e-01
4.862611591815948486e-01
4.862611591815948486e-01
4.862611591815948486e-01
4.862611591815948486e-01
4.862611591815948486e-01
4.862611591815948486e-01
4.862611591815948486e-01
4.862611591815948486e-01
4.737073183059692383e-01
4.862611591815948486e-01
4.862611591815948486e-01
4.862611591815948486e-01
4.862611591815948486e-01
4.862611591815948486e-01
4.862611591815948486e-01
4.862611591815948486e-01
4.862611591815948486e-01
4.862611591815948486e-01
4.862611591815948486e-01
4.862611591815948486e-01
4.862611591815948486e-01
4.862611591815948486e-01
4.862611591815948486e-01
4.862611591815948486e-01
4.862611591815948486e-01
4.862611591815948486e-01
4.862611591815948486e-01
4.862611591815948486e-01
4.862611591815948486e-01
4.862611591815948486e-01
4.862611591815948486e-01
4.862611591815948486e-01
4.862611591815948486e-01
4.862611591815948486e-01
4.862611591815948486e-01
4.862611591815948486e-01
4.862611591815948486e-01
4.862611591815948486e-01
4.862611591815948486e-01
4.862611591815948486e-01
4.862611591815948486e-01
4.862611591815948486e-01
4.862611591815948486e-01
4.862611591815948486e-01
4.862611591815948486e-01
4.862611591815948486e-01
4.862611591815948486e-01
4.862611591815948486e-01
4.862611591815948486e-01
4.862611591815948486e-01
4.862611591815948486e-01
4.862611591815948486e-01
4.862611591815948486e-01
4.862611591815948486e-01
4.862611591815948486e-01
4.862611591815948486e-01
4.862611591815948486e-01
4.862611591815948486e-01
4.862611591815948486e-01
4.862611591815948486e-01
4.862611591815948486e-01
4.862611591815948486e-01
4.862611591815948486e-01
4.862611591815948486e-01
4.862611591815948486e-01
4.862611591815948486e-01
4.862611591815948486e-01
4.862611591815948486e-01
4.862611591815948486e-01
4.862611591815948486e-01
4.862611591815948486e-01
4.862611591815948486e-01
4.862611591815948486e-01
4.862611591815948486e-01
4.862611591815948486e-01
4.862611591815948486e-01
4.862611591815948486e-01
4.862613677978515625e-01
4.862611591815948486e-01
4.862611591815948486e-01
4.862611591815948486e-01
4.862611591815948486e-01
4.862611591815948486e-01
4.862611591815948486e-01
4.862611591815948486e-01
4.862611591815948486e-01
4.862611591815948486e-01
4.862611591815948486e-01
4.862611591815948486e-01
4.862611591815948486e-01
4.862611591815948486e-01
4.862611591815948486e-01
4.862611591815948486e-01
4.862611591815948486e-01
4.862611591815948486e-01
4.862611591815948486e-01
4.862611591815948486e-01
4.862611591815948486e-01
4.862611591815948486e-01
4.862611591815948486e-01
4.862611591815948486e-01
4.862611591815948486e-01
4.862611591815948486e-01
4.862611591815948486e-01
4.862611591815948486e-01
4.862611591815948486e-01
4.862611591815948486e-01
4.862611591815948486e-01
4.862611591815948486e-01
4.862611591815948486e-01
4.862611591815948486e-01
4.862611591815948486e-01
4.862611591815948486e-01
4.862611591815948486e-01
4.862611591815948486e-01
4.862611591815948486e-01
4.862611591815948486e-01
4.862611591815948486e-01
4.862611591815948486e-01
4.862611591815948486e-01
4.862611591815948486e-01
4.862611591815948486e-01
4.862611591815948486e-01
4.862611591815948486e-01
4.862611591815948486e-01
4.862611591815948486e-01
4.862611591815948486e-01
4.862611591815948486e-01
4.862611591815948486e-01
4.862611591815948486e-01
4.862611591815948486e-01
4.862611591815948486e-01
4.862611591815948486e-01
4.862611591815948486e-01
4.862611591815948486e-01
4.862611591815948486e-01
4.862611591815948486e-01
4.862611591815948486e-01
4.862611591815948486e-01
4.862611591815948486e-01
4.862611591815948486e-01
4.862611591815948486e-01
4.862611591815948486e-01
4.862611591815948486e-01
4.862611591815948486e-01
4.862611591815948486e-01
4.862611591815948486e-01
4.862611591815948486e-01
4.862611591815948486e-01
4.862611591815948486e-01
4.862611591815948486e-01
4.862611591815948486e-01
4.862611591815948486e-01
4.862611591815948486e-01
4.862611591815948486e-01
4.862611591815948486e-01
4.862611591815948486e-01
4.862611591815948486e-01
4.862611591815948486e-01
4.862611591815948486e-01
4.862611591815948486e-01
4.862611591815948486e-01
4.862611591815948486e-01
4.862611591815948486e-01
4.862611591815948486e-01
4.862611591815948486e-01
4.862611591815948486e-01
4.862611591815948486e-01
4.862611591815948486e-01
4.862611591815948486e-01
4.862611591815948486e-01
4.862611591815948486e-01
4.862611591815948486e-01
4.862611591815948486e-01
4.862611591815948486e-01
4.862611591815948486e-01
4.862611591815948486e-01
4.862611591815948486e-01
4.862611591815948486e-01
4.862611591815948486e-01
4.862611591815948486e-01
4.862611591815948486e-01
4.862611591815948486e-01
4.862611591815948486e-01
4.862611591815948486e-01
4.862611591815948486e-01
4.862611591815948486e-01
4.862611591815948486e-01
4.862611591815948486e-01
4.862611591815948486e-01
4.862611591815948486e-01
4.862611591815948486e-01
4.862611591815948486e-01
4.862611591815948486e-01
4.862611591815948486e-01
4.862611591815948486e-01
4.862611591815948486e-01
4.862611591815948486e-01
4.862611591815948486e-01
4.862611591815948486e-01
4.862611591815948486e-01
4.862611591815948486e-01
4.862611591815948486e-01
4.862611591815948486e-01
4.862611591815948486e-01
4.862611591815948486e-01
4.862611591815948486e-01
4.862611591815948486e-01
4.862611591815948486e-01
4.862611591815948486e-01
4.862611591815948486e-01
4.862611591815948486e-01
4.862611591815948486e-01
4.862611591815948486e-01
4.862611591815948486e-01
4.862611591815948486e-01
4.862611591815948486e-01
4.862611591815948486e-01
4.862611591815948486e-01
4.862611591815948486e-01
4.862611591815948486e-01
4.862611591815948486e-01
4.862611591815948486e-01
4.862611591815948486e-01
4.862611591815948486e-01
4.862611591815948486e-01
4.862611591815948486e-01
4.862611591815948486e-01
4.862611591815948486e-01
4.862611591815948486e-01
4.862611591815948486e-01
4.862611591815948486e-01
4.862611591815948486e-01
4.862611591815948486e-01
4.862611591815948486e-01
4.862611591815948486e-01
4.862611591815948486e-01
4.862611591815948486e-01
4.862611591815948486e-01
4.862611591815948486e-01
4.862611591815948486e-01
4.862611591815948486e-01
4.862611591815948486e-01
4.862611591815948486e-01
4.862611591815948486e-01
4.862611591815948486e-01
4.862611591815948486e-01
4.862611591815948486e-01
4.862611591815948486e-01
4.862611591815948486e-01
4.862611591815948486e-01
4.862611591815948486e-01
4.862611591815948486e-01
4.862611591815948486e-01
4.862611591815948486e-01
4.862611591815948486e-01
4.862611591815948486e-01
4.862611591815948486e-01
4.862611591815948486e-01
4.862611591815948486e-01
4.862611591815948486e-01
4.862611591815948486e-01
4.862611591815948486e-01
4.862611591815948486e-01
4.862611591815948486e-01
4.862611591815948486e-01
4.862611591815948486e-01
4.862611591815948486e-01
4.862611591815948486e-01
4.862611591815948486e-01
4.862611591815948486e-01
4.862611591815948486e-01
4.862611591815948486e-01
4.862611591815948486e-01
4.862611591815948486e-01
4.862611591815948486e-01
4.862611591815948486e-01
4.862611591815948486e-01
4.862611591815948486e-01
4.862611591815948486e-01
4.862611591815948486e-01
4.862611591815948486e-01
4.862611591815948486e-01
4.862611591815948486e-01
4.862611591815948486e-01
4.862611591815948486e-01
4.862611591815948486e-01
4.862611591815948486e-01
4.862611591815948486e-01
4.862611591815948486e-01
4.862611591815948486e-01
4.862611591815948486e-01
4.862611591815948486e-01
4.862611591815948486e-01
4.862611591815948486e-01
4.862611591815948486e-01
4.862611591815948486e-01
4.862611591815948486e-01
4.862611591815948486e-01
4.862611591815948486e-01
4.862611591815948486e-01
4.862611591815948486e-01
4.862611591815948486e-01
4.862611591815948486e-01
4.862611591815948486e-01
4.862611591815948486e-01
4.862611591815948486e-01
4.862611591815948486e-01
4.862611591815948486e-01
4.862611591815948486e-01
4.862611591815948486e-01
4.862611591815948486e-01
4.862611591815948486e-01
4.862611591815948486e-01
4.862611591815948486e-01
4.862611591815948486e-01
4.862611591815948486e-01
4.862611591815948486e-01
4.862611591815948486e-01
4.862611591815948486e-01
4.862611591815948486e-01
4.862611591815948486e-01
4.862611591815948486e-01
4.862611591815948486e-01
4.862611591815948486e-01
4.862611591815948486e-01
4.862611591815948486e-01
4.862611591815948486e-01
4.862611591815948486e-01
4.862611591815948486e-01
4.862611591815948486e-01
4.862611591815948486e-01
4.862611591815948486e-01
4.862611591815948486e-01
4.862611591815948486e-01
4.862611591815948486e-01
4.862611591815948486e-01
4.862611591815948486e-01
4.862611591815948486e-01
4.862611591815948486e-01
4.862611591815948486e-01
4.862611591815948486e-01
4.862611591815948486e-01
4.862611591815948486e-01
4.862611591815948486e-01
4.862611591815948486e-01
4.862611591815948486e-01
4.862611591815948486e-01
4.862611591815948486e-01
4.862611591815948486e-01
4.862611591815948486e-01
4.862611591815948486e-01
4.862611591815948486e-01
4.862611591815948486e-01
4.862611591815948486e-01
4.862611591815948486e-01
4.862611591815948486e-01
4.862611591815948486e-01
4.862611591815948486e-01
4.862611591815948486e-01
4.862611591815948486e-01
4.862611591815948486e-01
4.862611591815948486e-01
4.862611591815948486e-01
4.862611591815948486e-01
4.862611591815948486e-01
4.862611591815948486e-01
4.862611591815948486e-01
4.862611591815948486e-01
4.862611591815948486e-01
4.862611591815948486e-01
4.862611591815948486e-01
4.862611591815948486e-01
4.862611591815948486e-01
4.862611591815948486e-01
4.862611591815948486e-01
4.862611591815948486e-01
4.862611591815948486e-01
4.862611591815948486e-01
4.862611591815948486e-01
4.862611591815948486e-01
4.862611591815948486e-01
4.862611591815948486e-01
4.862611591815948486e-01
4.862611591815948486e-01
4.862611591815948486e-01
4.862611591815948486e-01
4.862611591815948486e-01
4.862611591815948486e-01
4.862611591815948486e-01
4.862611591815948486e-01
4.862611591815948486e-01
4.862611591815948486e-01
4.862611591815948486e-01
4.862611591815948486e-01
4.862611591815948486e-01
4.862611591815948486e-01
4.862611591815948486e-01
4.862611591815948486e-01
4.862611591815948486e-01
4.862611591815948486e-01
4.862611591815948486e-01
4.862611591815948486e-01
4.862611591815948486e-01
4.862611591815948486e-01
4.862611591815948486e-01
4.862611591815948486e-01
4.862611591815948486e-01
4.842487573623657227e-01
4.862611591815948486e-01
4.862611591815948486e-01
4.862611591815948486e-01
4.862611591815948486e-01
4.862611591815948486e-01
4.862611591815948486e-01
4.862611591815948486e-01
4.862611591815948486e-01
4.862611591815948486e-01
4.862611591815948486e-01
4.126781821250915527e-01
4.862611591815948486e-01
4.862611591815948486e-01
4.862611591815948486e-01
4.856051504611968994e-01
4.083522260189056396e-01
4.862611591815948486e-01
4.862611591815948486e-01
4.862611591815948486e-01
4.862611591815948486e-01
4.862611591815948486e-01
4.862611591815948486e-01
4.862611591815948486e-01
4.862611591815948486e-01
4.862611591815948486e-01
4.862611591815948486e-01
4.862611591815948486e-01
4.862611591815948486e-01
4.862611591815948486e-01
4.862611591815948486e-01
4.862611591815948486e-01
4.862611591815948486e-01
4.862611591815948486e-01
4.862611591815948486e-01
4.862611591815948486e-01
4.862611591815948486e-01
4.862611591815948486e-01
4.862611591815948486e-01
4.862611591815948486e-01
4.862611591815948486e-01
4.862611591815948486e-01
4.862611591815948486e-01
4.862611591815948486e-01
4.862611591815948486e-01
4.862611591815948486e-01
4.862611591815948486e-01
4.862611591815948486e-01
4.862611591815948486e-01
4.862611591815948486e-01
4.862611591815948486e-01
4.862611591815948486e-01
4.862611591815948486e-01
4.862611591815948486e-01
4.862611591815948486e-01
4.548684358596801758e-01
4.862611591815948486e-01
4.862611591815948486e-01
4.862611591815948486e-01
4.862611591815948486e-01
4.862611591815948486e-01
4.862611591815948486e-01
4.862611591815948486e-01
4.862611591815948486e-01
4.862611591815948486e-01
4.862611591815948486e-01
4.862611591815948486e-01
4.862611591815948486e-01
4.862611591815948486e-01
4.862611591815948486e-01
4.862611591815948486e-01
4.862611591815948486e-01
4.862611591815948486e-01
4.862611591815948486e-01
4.862611591815948486e-01
4.862611591815948486e-01
4.862611591815948486e-01
4.862611591815948486e-01
4.862611591815948486e-01
0.000000000000000000e+00
4.862611591815948486e-01
4.862611591815948486e-01
4.862611591815948486e-01
4.862611591815948486e-01
4.862611591815948486e-01
4.862611591815948486e-01
4.862611591815948486e-01
4.862611591815948486e-01
4.862611591815948486e-01
4.862611591815948486e-01
4.862611591815948486e-01
4.862611591815948486e-01
4.862611591815948486e-01
4.862611591815948486e-01
4.862611591815948486e-01
4.862611591815948486e-01
4.862611591815948486e-01
4.862611591815948486e-01
4.862611591815948486e-01
4.862611591815948486e-01
4.862611591815948486e-01
4.862611591815948486e-01
4.862611591815948486e-01
4.862611591815948486e-01
4.862611591815948486e-01
4.862611591815948486e-01
4.862611591815948486e-01
4.862611591815948486e-01
4.862611591815948486e-01
4.862611591815948486e-01
4.862611591815948486e-01
4.862611591815948486e-01
4.862611591815948486e-01
4.862611591815948486e-01
4.862611591815948486e-01
4.862611591815948486e-01
4.862611591815948486e-01
4.862611591815948486e-01
4.862611591815948486e-01
4.862611591815948486e-01
4.862611591815948486e-01
4.862611591815948486e-01
4.862611591815948486e-01
4.862611591815948486e-01
4.862611591815948486e-01
4.862611591815948486e-01
4.862611591815948486e-01
4.862611591815948486e-01
4.862611591815948486e-01
4.862611591815948486e-01
4.862611591815948486e-01
4.862611591815948486e-01
4.862611591815948486e-01
4.862611591815948486e-01
4.862611591815948486e-01
4.862611591815948486e-01
4.862611591815948486e-01
4.862611591815948486e-01
4.862611591815948486e-01
4.862611591815948486e-01
4.862611591815948486e-01
4.862611591815948486e-01
4.862611591815948486e-01
4.862611591815948486e-01
4.862611591815948486e-01
4.862611591815948486e-01
4.862611591815948486e-01
4.862611591815948486e-01
4.862611591815948486e-01
4.862611591815948486e-01
4.862611591815948486e-01
4.862611591815948486e-01
4.862611591815948486e-01
4.862611591815948486e-01
4.862611591815948486e-01
4.862611591815948486e-01
4.862611591815948486e-01
4.862611591815948486e-01
4.862611591815948486e-01
4.862611591815948486e-01
4.862611591815948486e-01
4.862611591815948486e-01
4.862611591815948486e-01
4.862611591815948486e-01
4.862611591815948486e-01
4.862611591815948486e-01
4.862611591815948486e-01
4.862611591815948486e-01
4.862611591815948486e-01
4.862611591815948486e-01
4.862611591815948486e-01
4.862611591815948486e-01
4.862611591815948486e-01
4.862611591815948486e-01
4.862611591815948486e-01
4.862611591815948486e-01
4.862611591815948486e-01
4.862611591815948486e-01
4.862611591815948486e-01
4.862611591815948486e-01
4.862611591815948486e-01
4.862611591815948486e-01
4.862611591815948486e-01
4.862611591815948486e-01
4.862611591815948486e-01
4.862611591815948486e-01
4.862611591815948486e-01
4.862611591815948486e-01
4.862611591815948486e-01
4.862611591815948486e-01
4.862611591815948486e-01
4.862611591815948486e-01
4.862611591815948486e-01
4.862611591815948486e-01
4.862611591815948486e-01
4.862611591815948486e-01
4.862611591815948486e-01
4.862611591815948486e-01
4.862611591815948486e-01
4.862611591815948486e-01
4.862611591815948486e-01
4.862611591815948486e-01
4.862611591815948486e-01
4.862611591815948486e-01
4.862611591815948486e-01
4.862611591815948486e-01
4.862611591815948486e-01
4.862611591815948486e-01
4.862611591815948486e-01
4.862611591815948486e-01
4.862611591815948486e-01
4.862611591815948486e-01
4.862611591815948486e-01
4.862611591815948486e-01
4.862611591815948486e-01
4.862611591815948486e-01
4.862611591815948486e-01
4.862611591815948486e-01
4.862611591815948486e-01
4.862611591815948486e-01
4.862611591815948486e-01
4.862611591815948486e-01
4.862611591815948486e-01
4.862611591815948486e-01
4.862611591815948486e-01
4.862611591815948486e-01
4.862611591815948486e-01
4.862611591815948486e-01
4.862611591815948486e-01
4.862611591815948486e-01
4.862611591815948486e-01
4.862611591815948486e-01
4.862611591815948486e-01
4.862611591815948486e-01
4.862611591815948486e-01
4.862611591815948486e-01
4.862611591815948486e-01
4.862611591815948486e-01
4.862611591815948486e-01
4.862611591815948486e-01
4.862611591815948486e-01
4.862611591815948486e-01
4.862611591815948486e-01
4.862611591815948486e-01
4.862611591815948486e-01
4.862611591815948486e-01
4.862611591815948486e-01
4.862611591815948486e-01
4.862611591815948486e-01
4.862611591815948486e-01
4.862611591815948486e-01
4.862611591815948486e-01
4.862611591815948486e-01
4.862611591815948486e-01
4.862611591815948486e-01
4.862611591815948486e-01
4.862611591815948486e-01
4.862611591815948486e-01
4.862611591815948486e-01
4.862611591815948486e-01
4.862611591815948486e-01
4.862611591815948486e-01
4.862611591815948486e-01
4.862611591815948486e-01
4.862611591815948486e-01
4.862611591815948486e-01
4.862611591815948486e-01
4.862611591815948486e-01
4.862611591815948486e-01
4.862611591815948486e-01
4.862611591815948486e-01
4.862611591815948486e-01
4.862611591815948486e-01
4.862611591815948486e-01
4.862611591815948486e-01
4.862611591815948486e-01
4.862611591815948486e-01
4.862611591815948486e-01
4.862611591815948486e-01
4.862611591815948486e-01
4.862611591815948486e-01
4.862611591815948486e-01
4.862611591815948486e-01
4.862611591815948486e-01
4.862611591815948486e-01
4.862611591815948486e-01
4.862611591815948486e-01
4.862611591815948486e-01
4.862611591815948486e-01
4.862611591815948486e-01
4.862611591815948486e-01
4.862611591815948486e-01
4.862611591815948486e-01
4.862611591815948486e-01
4.862611591815948486e-01
4.862611591815948486e-01
4.862611591815948486e-01
4.862611591815948486e-01
4.862611591815948486e-01
4.862611591815948486e-01
4.862611591815948486e-01
4.862611591815948486e-01
4.862611591815948486e-01
4.862611591815948486e-01
4.862611591815948486e-01
4.862611591815948486e-01
4.862611591815948486e-01
4.862611591815948486e-01
4.862611591815948486e-01
4.862611591815948486e-01
4.862611591815948486e-01
4.862611591815948486e-01
4.862611591815948486e-01
4.862611591815948486e-01
4.862611591815948486e-01
4.862611591815948486e-01
4.862611591815948486e-01
4.862611591815948486e-01
4.862611591815948486e-01
4.862611591815948486e-01
4.862611591815948486e-01
4.862611591815948486e-01
4.862611591815948486e-01
4.862611591815948486e-01
4.862611591815948486e-01
4.862611591815948486e-01
4.862611591815948486e-01
4.862611591815948486e-01
4.862611591815948486e-01
4.862611591815948486e-01
4.862611591815948486e-01
4.862611591815948486e-01
4.862611591815948486e-01
4.862611591815948486e-01
4.862611591815948486e-01
4.862611591815948486e-01
4.862611591815948486e-01
4.862611591815948486e-01
4.862611591815948486e-01
4.862611591815948486e-01
4.862611591815948486e-01
4.862611591815948486e-01
4.862611591815948486e-01
4.862611591815948486e-01
4.862611591815948486e-01
4.862611591815948486e-01
4.862611591815948486e-01
4.862611591815948486e-01
4.862611591815948486e-01
4.862611591815948486e-01
4.862611591815948486e-01
4.862611591815948486e-01
4.862611591815948486e-01
4.862611591815948486e-01
4.862611591815948486e-01
4.862611591815948486e-01
4.862611591815948486e-01
4.862611591815948486e-01
4.862611591815948486e-01
4.862611591815948486e-01
4.862611591815948486e-01
4.862611591815948486e-01
4.862611591815948486e-01
4.862611591815948486e-01
4.862611591815948486e-01
4.862611591815948486e-01
4.862611591815948486e-01
4.862611591815948486e-01
4.862611591815948486e-01
4.862611591815948486e-01
4.862611591815948486e-01
4.862611591815948486e-01
4.862611591815948486e-01
4.862611591815948486e-01
4.862611591815948486e-01
4.862611591815948486e-01
4.862611591815948486e-01
4.862611591815948486e-01
4.862611591815948486e-01
4.862611591815948486e-01
4.862611591815948486e-01
4.862611591815948486e-01
4.862611591815948486e-01
4.862611591815948486e-01
4.862611591815948486e-01
4.862611591815948486e-01
4.862611591815948486e-01
4.862611591815948486e-01
4.862611591815948486e-01
4.862611591815948486e-01
4.862611591815948486e-01
4.862611591815948486e-01
4.862611591815948486e-01
4.862611591815948486e-01
4.862611591815948486e-01
4.862611591815948486e-01
4.862611591815948486e-01
4.862611591815948486e-01
4.862611591815948486e-01
4.862611591815948486e-01
4.862611591815948486e-01
4.862611591815948486e-01
4.862611591815948486e-01
4.862611591815948486e-01
4.862611591815948486e-01
4.862611591815948486e-01
4.862611591815948486e-01
4.862611591815948486e-01
4.862611591815948486e-01
4.862611591815948486e-01
4.862611591815948486e-01
4.862611591815948486e-01
4.862611591815948486e-01
4.862611591815948486e-01
4.862611591815948486e-01
4.862611591815948486e-01
4.862611591815948486e-01
4.862611591815948486e-01
4.862611591815948486e-01
4.862611591815948486e-01
4.862611591815948486e-01
4.862611591815948486e-01
4.862611591815948486e-01
4.862611591815948486e-01
4.862611591815948486e-01
4.862611591815948486e-01
4.862611591815948486e-01
4.862611591815948486e-01
4.862611591815948486e-01
4.862611591815948486e-01
4.862611591815948486e-01
4.860043227672576904e-01
4.765038192272186279e-01
4.743394553661346436e-01
4.771308302879333496e-01
4.759677648544311523e-01
4.805164933204650879e-01
4.809516072273254395e-01
4.862611591815948486e-01
4.862611591815948486e-01
4.742075204849243164e-01
4.862611591815948486e-01
4.782938361167907715e-01
4.862611591815948486e-01
4.862611591815948486e-01
4.862611591815948486e-01
4.862611591815948486e-01
4.862611591815948486e-01
4.862611591815948486e-01
4.862611591815948486e-01
4.862611591815948486e-01
4.862611591815948486e-01
4.862611591815948486e-01
4.862611591815948486e-01
4.862611591815948486e-01
4.862611591815948486e-01
4.862611591815948486e-01
4.862611591815948486e-01
4.862611591815948486e-01
4.862611591815948486e-01
4.862611591815948486e-01
4.862611591815948486e-01
4.862611591815948486e-01
4.862611591815948486e-01
4.862611591815948486e-01
4.862611591815948486e-01
4.862611591815948486e-01
4.862611591815948486e-01
4.862611591815948486e-01
4.862611591815948486e-01
4.862611591815948486e-01
4.862611591815948486e-01
4.862611591815948486e-01
4.862611591815948486e-01
4.862611591815948486e-01
4.862611591815948486e-01
4.862611591815948486e-01
4.862611591815948486e-01
4.862611591815948486e-01
4.862611591815948486e-01
4.862611591815948486e-01
4.862611591815948486e-01
4.862611591815948486e-01
4.862611591815948486e-01
4.862611591815948486e-01
4.862611591815948486e-01
4.862611591815948486e-01
4.862611591815948486e-01
4.862611591815948486e-01
4.862611591815948486e-01
4.862611591815948486e-01
4.862611591815948486e-01
4.862611591815948486e-01
4.862611591815948486e-01
4.862611591815948486e-01
4.862611591815948486e-01
4.862611591815948486e-01
4.834458827972412109e-01
4.862611591815948486e-01
0.000000000000000000e+00
0.000000000000000000e+00
0.000000000000000000e+00
0.000000000000000000e+00
0.000000000000000000e+00
0.000000000000000000e+00
0.000000000000000000e+00
4.862611591815948486e-01
4.862611591815948486e-01
0.000000000000000000e+00
4.862611591815948486e-01
4.862611591815948486e-01
0.000000000000000000e+00
4.862611591815948486e-01
4.371104240417480469e-01
4.862611591815948486e-01
4.862611591815948486e-01
4.862611591815948486e-01
4.862611591815948486e-01
4.862611591815948486e-01
4.862611591815948486e-01
4.862611591815948486e-01
4.862611591815948486e-01
4.862611591815948486e-01
4.862611591815948486e-01
4.862611591815948486e-01
4.862611591815948486e-01
4.862611591815948486e-01
4.862611591815948486e-01
4.862611591815948486e-01
4.862611591815948486e-01
4.862611591815948486e-01
4.862611591815948486e-01
4.862611591815948486e-01
4.862611591815948486e-01
4.862611591815948486e-01
4.862611591815948486e-01
4.862611591815948486e-01
4.862611591815948486e-01
4.862611591815948486e-01
4.862611591815948486e-01
4.862611591815948486e-01
4.862611591815948486e-01
4.862611591815948486e-01
4.862611591815948486e-01
4.862611591815948486e-01
4.862611591815948486e-01
4.862611591815948486e-01
4.862611591815948486e-01
4.862611591815948486e-01
4.862611591815948486e-01
4.862611591815948486e-01
4.862611591815948486e-01
4.862611591815948486e-01
4.862611591815948486e-01
4.862611591815948486e-01
4.862611591815948486e-01
4.862611591815948486e-01
4.862611591815948486e-01
4.862611591815948486e-01
4.862611591815948486e-01
4.237596988677978516e-01
4.862611591815948486e-01
4.862611591815948486e-01
4.862611591815948486e-01
4.862611591815948486e-01
4.862611591815948486e-01
4.862611591815948486e-01
4.862611591815948486e-01
4.862611591815948486e-01
4.862611591815948486e-01
4.862611591815948486e-01
4.862611591815948486e-01
4.862611591815948486e-01
4.862611591815948486e-01
4.862611591815948486e-01
4.862611591815948486e-01
4.862611591815948486e-01
4.862611591815948486e-01
4.862611591815948486e-01
4.862611591815948486e-01
4.862611591815948486e-01
4.862611591815948486e-01
4.862611591815948486e-01
4.862611591815948486e-01
4.862611591815948486e-01
4.862611591815948486e-01
4.862611591815948486e-01
4.862611591815948486e-01
4.862611591815948486e-01
4.862611591815948486e-01
4.862611591815948486e-01
4.862611591815948486e-01
4.862611591815948486e-01
4.862611591815948486e-01
4.862611591815948486e-01
4.862611591815948486e-01
4.862611591815948486e-01
4.862611591815948486e-01
4.862611591815948486e-01
4.862611591815948486e-01
4.862611591815948486e-01
4.862611591815948486e-01
4.862611591815948486e-01
4.862611591815948486e-01
4.862611591815948486e-01
4.862611591815948486e-01
4.862611591815948486e-01
4.862611591815948486e-01
4.862611591815948486e-01
4.862611591815948486e-01
4.862611591815948486e-01
4.862611591815948486e-01
4.862611591815948486e-01
4.862611591815948486e-01
4.862611591815948486e-01
4.862611591815948486e-01
4.862611591815948486e-01
4.862611591815948486e-01
4.862611591815948486e-01
4.862611591815948486e-01
4.862611591815948486e-01
4.862611591815948486e-01
4.862611591815948486e-01
4.862611591815948486e-01
4.862611591815948486e-01
4.862611591815948486e-01
4.862611591815948486e-01
4.862611591815948486e-01
4.862611591815948486e-01
4.862611591815948486e-01
4.862611591815948486e-01
4.862611591815948486e-01
4.862611591815948486e-01
4.862611591815948486e-01
4.862611591815948486e-01
4.096021056175231934e-01
4.862611591815948486e-01
4.862611591815948486e-01
4.862611591815948486e-01
4.862611591815948486e-01
4.862611591815948486e-01
4.862611591815948486e-01
4.862611591815948486e-01
4.862611591815948486e-01
4.862611591815948486e-01
4.862611591815948486e-01
4.862611591815948486e-01
4.862611591815948486e-01
4.862611591815948486e-01
4.862611591815948486e-01
4.862611591815948486e-01
4.862611591815948486e-01
4.862611591815948486e-01
4.862611591815948486e-01
4.862611591815948486e-01
4.862611591815948486e-01
4.862611591815948486e-01
4.862611591815948486e-01
4.862611591815948486e-01
4.862611591815948486e-01
4.862611591815948486e-01
4.862611591815948486e-01
4.862611591815948486e-01
4.862611591815948486e-01
4.862611591815948486e-01
4.862611591815948486e-01
4.862611591815948486e-01
4.862611591815948486e-01
4.862611591815948486e-01
4.862611591815948486e-01
4.862611591815948486e-01
4.862611591815948486e-01
4.862611591815948486e-01
4.862611591815948486e-01
4.862611591815948486e-01
4.862611591815948486e-01
4.862611591815948486e-01
4.862611591815948486e-01
4.862611591815948486e-01
4.862611591815948486e-01
4.862611591815948486e-01
4.291493296623229980e-01
4.828771948814392090e-01
4.862611591815948486e-01
4.862611591815948486e-01
4.862611591815948486e-01
4.862611591815948486e-01
4.056152105331420898e-01
4.862611591815948486e-01
4.862611591815948486e-01
4.862611591815948486e-01
4.862611591815948486e-01
4.862611591815948486e-01
4.862611591815948486e-01
4.862611591815948486e-01
4.862611591815948486e-01
4.862611591815948486e-01
4.862611591815948486e-01
4.862611591815948486e-01
4.862611591815948486e-01
4.862611591815948486e-01
4.862611591815948486e-01
4.862611591815948486e-01
4.862611591815948486e-01
4.862611591815948486e-01
4.862611591815948486e-01
4.862611591815948486e-01
4.862611591815948486e-01
4.862611591815948486e-01
4.862611591815948486e-01
4.862611591815948486e-01
4.862611591815948486e-01
4.862611591815948486e-01
4.862611591815948486e-01
4.862611591815948486e-01
4.862611591815948486e-01
4.862611591815948486e-01
4.862611591815948486e-01
4.862611591815948486e-01
4.862611591815948486e-01
4.862611591815948486e-01
4.862611591815948486e-01
4.862611591815948486e-01
4.862611591815948486e-01
4.862611591815948486e-01
4.862611591815948486e-01
4.862611591815948486e-01
4.862611591815948486e-01
4.862611591815948486e-01
4.862611591815948486e-01
4.862611591815948486e-01
4.862611591815948486e-01
4.862611591815948486e-01
4.862611591815948486e-01
4.862611591815948486e-01
4.862611591815948486e-01
4.862611591815948486e-01
4.862611591815948486e-01
4.862611591815948486e-01
4.862611591815948486e-01
4.862611591815948486e-01
4.862611591815948486e-01
4.862611591815948486e-01
4.862611591815948486e-01
4.862611591815948486e-01
4.862611591815948486e-01
4.862611591815948486e-01
4.862611591815948486e-01
4.862611591815948486e-01
4.862611591815948486e-01
4.862611591815948486e-01
4.862611591815948486e-01
4.862611591815948486e-01
4.862611591815948486e-01
4.862611591815948486e-01
4.862611591815948486e-01
4.862611591815948486e-01
4.862611591815948486e-01
4.862611591815948486e-01
4.862611591815948486e-01
4.862611591815948486e-01
4.862611591815948486e-01
4.862611591815948486e-01
4.862611591815948486e-01
4.862611591815948486e-01
4.862611591815948486e-01
4.862611591815948486e-01
4.862611591815948486e-01
4.862611591815948486e-01
4.862611591815948486e-01
4.862611591815948486e-01
4.862611591815948486e-01
4.862611591815948486e-01
4.862611591815948486e-01
4.862611591815948486e-01
4.862611591815948486e-01
4.862611591815948486e-01
4.862611591815948486e-01
4.862611591815948486e-01
4.862611591815948486e-01
4.862611591815948486e-01
4.862611591815948486e-01
4.862611591815948486e-01
4.862611591815948486e-01
4.862611591815948486e-01
4.862611591815948486e-01
4.862611591815948486e-01
4.862611591815948486e-01
4.862611591815948486e-01
4.862611591815948486e-01
4.862611591815948486e-01
4.862611591815948486e-01
4.862611591815948486e-01
4.862611591815948486e-01
4.862611591815948486e-01
4.862611591815948486e-01
4.862611591815948486e-01
4.862611591815948486e-01
4.862611591815948486e-01
4.862611591815948486e-01
4.862611591815948486e-01
4.862611591815948486e-01
4.862611591815948486e-01
4.862611591815948486e-01
4.862611591815948486e-01
4.862611591815948486e-01
4.862611591815948486e-01
4.862611591815948486e-01
4.862611591815948486e-01
4.862611591815948486e-01
4.862611591815948486e-01
4.862611591815948486e-01
4.862611591815948486e-01
4.862611591815948486e-01
4.862611591815948486e-01
4.862611591815948486e-01
4.862611591815948486e-01
4.862611591815948486e-01
4.862611591815948486e-01
4.862611591815948486e-01
4.862611591815948486e-01
4.862611591815948486e-01
4.862611591815948486e-01
4.862611591815948486e-01
4.862611591815948486e-01
4.862611591815948486e-01
4.862611591815948486e-01
4.862611591815948486e-01
4.862611591815948486e-01
4.862611591815948486e-01
4.862611591815948486e-01
4.862611591815948486e-01
4.862611591815948486e-01
4.862611591815948486e-01
4.862611591815948486e-01
4.862611591815948486e-01
4.862611591815948486e-01
4.862611591815948486e-01
4.862611591815948486e-01
4.862611591815948486e-01
4.862611591815948486e-01
4.862611591815948486e-01
4.862611591815948486e-01
4.862611591815948486e-01
4.862611591815948486e-01
4.862611591815948486e-01
4.862611591815948486e-01
4.862611591815948486e-01
4.862611591815948486e-01
4.862611591815948486e-01
4.862611591815948486e-01
4.862611591815948486e-01
4.862611591815948486e-01
4.862611591815948486e-01
4.862611591815948486e-01
4.862611591815948486e-01
4.862611591815948486e-01
4.862611591815948486e-01
4.862611591815948486e-01
4.851741492748260498e-01
4.821365177631378174e-01
4.862611591815948486e-01
4.862611591815948486e-01
4.862611591815948486e-01
4.862611591815948486e-01
4.862611591815948486e-01
4.862611591815948486e-01
4.862611591815948486e-01
4.862611591815948486e-01
4.862611591815948486e-01
4.862611591815948486e-01
4.862611591815948486e-01
4.862611591815948486e-01
4.862611591815948486e-01
4.862611591815948486e-01
4.862611591815948486e-01
4.862611591815948486e-01
4.862611591815948486e-01
4.862611591815948486e-01
4.862611591815948486e-01
4.862611591815948486e-01
4.862611591815948486e-01
4.862611591815948486e-01
4.862611591815948486e-01
4.862611591815948486e-01
4.862611591815948486e-01
4.862611591815948486e-01
4.862611591815948486e-01
4.862611591815948486e-01
4.862611591815948486e-01
4.862611591815948486e-01
4.862611591815948486e-01
4.862611591815948486e-01
4.862611591815948486e-01
4.862611591815948486e-01
4.862611591815948486e-01
4.862611591815948486e-01
4.862611591815948486e-01
4.862611591815948486e-01
4.862611591815948486e-01
4.862611591815948486e-01
4.862611591815948486e-01
4.862611591815948486e-01
4.862611591815948486e-01
4.862611591815948486e-01
4.862611591815948486e-01
4.862611591815948486e-01
4.862611591815948486e-01
4.862611591815948486e-01
4.862611591815948486e-01
4.862611591815948486e-01
4.862611591815948486e-01
4.862611591815948486e-01
4.862611591815948486e-01
4.862611591815948486e-01
4.862611591815948486e-01
4.862611591815948486e-01
4.862611591815948486e-01
4.862611591815948486e-01
4.862611591815948486e-01
4.862611591815948486e-01
4.862611591815948486e-01
4.862611591815948486e-01
4.862611591815948486e-01
4.862611591815948486e-01
4.862611591815948486e-01
4.862611591815948486e-01
4.862611591815948486e-01
4.862611591815948486e-01
4.862611591815948486e-01
4.862611591815948486e-01
4.862611591815948486e-01
4.862611591815948486e-01
4.862611591815948486e-01
4.862611591815948486e-01
4.862611591815948486e-01
4.862611591815948486e-01
4.862611591815948486e-01
4.862611591815948486e-01
4.862611591815948486e-01
4.862611591815948486e-01
4.862611591815948486e-01
4.862611591815948486e-01
4.862611591815948486e-01
4.862611591815948486e-01
4.862611591815948486e-01
4.862611591815948486e-01
4.862611591815948486e-01
4.862611591815948486e-01
4.862611591815948486e-01
4.862611591815948486e-01
4.862611591815948486e-01
4.862611591815948486e-01
4.862611591815948486e-01
4.862611591815948486e-01
4.862611591815948486e-01
4.862611591815948486e-01
4.862611591815948486e-01
4.862611591815948486e-01
4.862611591815948486e-01
4.862611591815948486e-01
4.862611591815948486e-01
4.862611591815948486e-01
4.862611591815948486e-01
4.862611591815948486e-01
4.862611591815948486e-01
4.862611591815948486e-01
4.862611591815948486e-01
4.862611591815948486e-01
4.862611591815948486e-01
4.862611591815948486e-01
4.862611591815948486e-01
4.862611591815948486e-01
4.862611591815948486e-01
4.862611591815948486e-01
4.862611591815948486e-01
4.862611591815948486e-01
4.862611591815948486e-01
4.862611591815948486e-01
4.862611591815948486e-01
4.862611591815948486e-01
4.862611591815948486e-01
4.862611591815948486e-01
4.862611591815948486e-01
4.862611591815948486e-01
4.862611591815948486e-01
4.862611591815948486e-01
4.862611591815948486e-01
4.862611591815948486e-01
4.862611591815948486e-01
4.862611591815948486e-01
4.862611591815948486e-01
4.862611591815948486e-01
4.862611591815948486e-01
4.862611591815948486e-01
4.862611591815948486e-01
4.862611591815948486e-01
4.862611591815948486e-01
4.862611591815948486e-01
4.862611591815948486e-01
4.862611591815948486e-01
4.862611591815948486e-01
4.862611591815948486e-01
4.862611591815948486e-01
4.862611591815948486e-01
4.862611591815948486e-01
4.862611591815948486e-01
4.862611591815948486e-01
4.862611591815948486e-01
4.862611591815948486e-01
4.862611591815948486e-01
4.862611591815948486e-01
4.862611591815948486e-01
4.862611591815948486e-01
4.862611591815948486e-01
4.862611591815948486e-01
4.862611591815948486e-01
4.862611591815948486e-01
4.862611591815948486e-01
4.862611591815948486e-01
4.862611591815948486e-01
4.862611591815948486e-01
4.862611591815948486e-01
4.862611591815948486e-01
4.862611591815948486e-01
4.862611591815948486e-01
4.862611591815948486e-01
4.862611591815948486e-01
4.862611591815948486e-01
4.862611591815948486e-01
4.862611591815948486e-01
4.862611591815948486e-01
4.862611591815948486e-01
4.862611591815948486e-01
4.862611591815948486e-01
4.862611591815948486e-01
4.862611591815948486e-01
4.862611591815948486e-01
4.862611591815948486e-01
4.862611591815948486e-01
4.862611591815948486e-01
4.862611591815948486e-01
4.862611591815948486e-01
4.862611591815948486e-01
4.862611591815948486e-01
4.862611591815948486e-01
4.862611591815948486e-01
4.862611591815948486e-01
4.862611591815948486e-01
4.862611591815948486e-01
4.862611591815948486e-01
4.862611591815948486e-01
4.862611591815948486e-01
4.862611591815948486e-01
4.862611591815948486e-01
4.862611591815948486e-01
4.862611591815948486e-01
4.862611591815948486e-01
4.862611591815948486e-01
4.862611591815948486e-01
4.862611591815948486e-01
4.862611591815948486e-01
4.862611591815948486e-01
4.248993396759033203e-01
4.862611591815948486e-01
4.862611591815948486e-01
4.862611591815948486e-01
4.862611591815948486e-01
4.862611591815948486e-01
4.862611591815948486e-01
4.862611591815948486e-01
4.862611591815948486e-01
4.862611591815948486e-01
4.862611591815948486e-01
4.862611591815948486e-01
4.862611591815948486e-01
4.771784543991088867e-01
4.862611591815948486e-01
4.862611591815948486e-01
4.862611591815948486e-01
4.862611591815948486e-01
4.862611591815948486e-01
4.862611591815948486e-01
4.862611591815948486e-01
4.862611591815948486e-01
4.862611591815948486e-01
4.862611591815948486e-01
4.862611591815948486e-01
4.862611591815948486e-01
4.862611591815948486e-01
4.862611591815948486e-01
4.862611591815948486e-01
4.862611591815948486e-01
4.862611591815948486e-01
4.862611591815948486e-01
4.862611591815948486e-01
4.862611591815948486e-01
4.862611591815948486e-01
4.862611591815948486e-01
4.862611591815948486e-01
4.862611591815948486e-01
4.862611591815948486e-01
4.860444962978363037e-01
4.862611591815948486e-01
4.862611591815948486e-01
4.862611591815948486e-01
4.862611591815948486e-01
4.862611591815948486e-01
4.862611591815948486e-01
4.862611591815948486e-01
4.862611591815948486e-01
4.862611591815948486e-01
4.862611591815948486e-01
4.862611591815948486e-01
4.862611591815948486e-01
4.862611591815948486e-01
4.862611591815948486e-01
4.862611591815948486e-01
4.862611591815948486e-01
4.862611591815948486e-01
4.862611591815948486e-01
4.862611591815948486e-01
4.862611591815948486e-01
4.862611591815948486e-01
4.862611591815948486e-01
4.862611591815948486e-01
4.862611591815948486e-01
4.862611591815948486e-01
4.862611591815948486e-01
4.862611591815948486e-01
4.862611591815948486e-01
4.862611591815948486e-01
4.862611591815948486e-01
4.862611591815948486e-01
4.862611591815948486e-01
4.862611591815948486e-01
4.862611591815948486e-01
4.862611591815948486e-01
4.862611591815948486e-01
4.862611591815948486e-01
4.862611591815948486e-01
4.862611591815948486e-01
4.862611591815948486e-01
4.862611591815948486e-01
4.862611591815948486e-01
4.862611591815948486e-01
4.862611591815948486e-01
4.862611591815948486e-01
4.862611591815948486e-01
4.862611591815948486e-01
4.862611591815948486e-01
4.862611591815948486e-01
4.862611591815948486e-01
4.862611591815948486e-01
4.862611591815948486e-01
4.862611591815948486e-01
4.862611591815948486e-01
4.862611591815948486e-01
4.862611591815948486e-01
4.862611591815948486e-01
4.862611591815948486e-01
4.862611591815948486e-01
4.862611591815948486e-01
4.862611591815948486e-01
4.862611591815948486e-01
4.862611591815948486e-01
4.862611591815948486e-01
4.862611591815948486e-01
4.862611591815948486e-01
4.862611591815948486e-01
4.862611591815948486e-01
4.862611591815948486e-01
4.862611591815948486e-01
0.000000000000000000e+00
4.862611591815948486e-01
0.000000000000000000e+00
4.862611591815948486e-01
4.851636886596679688e-01
4.850949645042419434e-01
4.862611591815948486e-01
4.862611591815948486e-01
4.862611591815948486e-01
4.862611591815948486e-01
4.862611591815948486e-01
4.862611591815948486e-01
4.862611591815948486e-01
4.862611591815948486e-01
4.862611591815948486e-01
4.862611591815948486e-01
4.862611591815948486e-01
4.862611591815948486e-01
4.862611591815948486e-01
4.862611591815948486e-01
4.862611591815948486e-01
4.862611591815948486e-01
4.862611591815948486e-01
4.862611591815948486e-01
4.862611591815948486e-01
4.862611591815948486e-01
4.862611591815948486e-01
4.862611591815948486e-01
4.862611591815948486e-01
4.862611591815948486e-01
4.862611591815948486e-01
4.862611591815948486e-01
4.862611591815948486e-01
4.862611591815948486e-01
4.862611591815948486e-01
4.862611591815948486e-01
4.862611591815948486e-01
4.862611591815948486e-01
4.862611591815948486e-01
4.862611591815948486e-01
4.862611591815948486e-01
4.862611591815948486e-01
4.862611591815948486e-01
4.862611591815948486e-01
4.862611591815948486e-01
4.862611591815948486e-01
4.862611591815948486e-01
4.862611591815948486e-01
4.862611591815948486e-01
4.862611591815948486e-01
4.862611591815948486e-01
4.862611591815948486e-01
4.862611591815948486e-01
4.862611591815948486e-01
4.862611591815948486e-01
4.862611591815948486e-01
4.862611591815948486e-01
4.862611591815948486e-01
4.862611591815948486e-01
4.862611591815948486e-01
4.862611591815948486e-01
4.862611591815948486e-01
4.862611591815948486e-01
4.862611591815948486e-01
4.862611591815948486e-01
4.862611591815948486e-01
4.862611591815948486e-01
4.862611591815948486e-01
4.862611591815948486e-01
4.862611591815948486e-01
4.862611591815948486e-01
4.862611591815948486e-01
4.862611591815948486e-01
4.862611591815948486e-01
4.862611591815948486e-01
4.862611591815948486e-01
4.862611591815948486e-01
4.862611591815948486e-01
4.862611591815948486e-01
4.862611591815948486e-01
4.862611591815948486e-01
4.862611591815948486e-01
4.862611591815948486e-01
4.862611591815948486e-01
4.862611591815948486e-01
4.862611591815948486e-01
4.862611591815948486e-01
4.862611591815948486e-01
4.862611591815948486e-01
4.862611591815948486e-01
4.862611591815948486e-01
4.862611591815948486e-01
4.862611591815948486e-01
4.862611591815948486e-01
4.862611591815948486e-01
4.862611591815948486e-01
4.862611591815948486e-01
4.862611591815948486e-01
4.862611591815948486e-01
4.862611591815948486e-01
4.862611591815948486e-01
4.862611591815948486e-01
4.862611591815948486e-01
4.862611591815948486e-01
4.862611591815948486e-01
4.862611591815948486e-01
4.862611591815948486e-01
4.862611591815948486e-01
4.862611591815948486e-01
4.862611591815948486e-01
4.862611591815948486e-01
4.862611591815948486e-01
4.862611591815948486e-01
4.862611591815948486e-01
4.862611591815948486e-01
4.862611591815948486e-01
4.862611591815948486e-01
4.862611591815948486e-01
4.862611591815948486e-01
4.862611591815948486e-01
4.862611591815948486e-01
4.862611591815948486e-01
4.862611591815948486e-01
4.862611591815948486e-01
4.862611591815948486e-01
4.862611591815948486e-01
4.862611591815948486e-01
4.862611591815948486e-01
4.862611591815948486e-01
4.862611591815948486e-01
4.862611591815948486e-01
4.862611591815948486e-01
4.862611591815948486e-01
4.862611591815948486e-01
4.862611591815948486e-01
4.862611591815948486e-01
4.862611591815948486e-01
4.862611591815948486e-01
4.862611591815948486e-01
4.862611591815948486e-01
4.862611591815948486e-01
4.862611591815948486e-01
4.862611591815948486e-01
4.862611591815948486e-01
4.862611591815948486e-01
4.862611591815948486e-01
4.862611591815948486e-01
4.862611591815948486e-01
4.862611591815948486e-01
4.862611591815948486e-01
4.862611591815948486e-01
4.862611591815948486e-01
4.862611591815948486e-01
4.862611591815948486e-01
4.862611591815948486e-01
4.862611591815948486e-01
4.862611591815948486e-01
4.862611591815948486e-01
4.862611591815948486e-01
4.862611591815948486e-01
4.862611591815948486e-01
4.862611591815948486e-01
4.862611591815948486e-01
4.862611591815948486e-01
4.862611591815948486e-01
4.862611591815948486e-01
4.862611591815948486e-01
4.862611591815948486e-01
4.862611591815948486e-01
4.862611591815948486e-01
4.862611591815948486e-01
4.862611591815948486e-01
4.862611591815948486e-01
4.862611591815948486e-01
4.862611591815948486e-01
4.862611591815948486e-01
4.862611591815948486e-01
4.862611591815948486e-01
4.862611591815948486e-01
4.862611591815948486e-01
4.862611591815948486e-01
4.862611591815948486e-01
4.862611591815948486e-01
4.862611591815948486e-01
4.862611591815948486e-01
4.862611591815948486e-01
4.862611591815948486e-01
4.862611591815948486e-01
4.862611591815948486e-01
4.862611591815948486e-01
4.862611591815948486e-01
4.862611591815948486e-01
4.862611591815948486e-01
4.862611591815948486e-01
4.862611591815948486e-01
4.862611591815948486e-01
4.862611591815948486e-01
4.862611591815948486e-01
4.862611591815948486e-01
4.862611591815948486e-01
4.862611591815948486e-01
4.862611591815948486e-01
4.862611591815948486e-01
4.862611591815948486e-01
4.862611591815948486e-01
4.862611591815948486e-01
4.862611591815948486e-01
4.862611591815948486e-01
4.862611591815948486e-01
4.862611591815948486e-01
4.862611591815948486e-01
4.862611591815948486e-01
4.862611591815948486e-01
4.862611591815948486e-01
4.862611591815948486e-01
4.862611591815948486e-01
4.862611591815948486e-01
4.862611591815948486e-01
4.862611591815948486e-01
4.862611591815948486e-01
4.862611591815948486e-01
4.862611591815948486e-01
4.862611591815948486e-01
4.862611591815948486e-01
4.862611591815948486e-01
4.862611591815948486e-01
4.862611591815948486e-01
4.862611591815948486e-01
4.862611591815948486e-01
4.862611591815948486e-01
4.862611591815948486e-01
4.862611591815948486e-01
4.862611591815948486e-01
4.862611591815948486e-01
4.862611591815948486e-01
4.862611591815948486e-01
4.862611591815948486e-01
4.862611591815948486e-01
4.862611591815948486e-01
4.862611591815948486e-01
4.862611591815948486e-01
4.862611591815948486e-01
4.862611591815948486e-01
4.862611591815948486e-01
4.862611591815948486e-01
4.862611591815948486e-01
4.862611591815948486e-01
4.862611591815948486e-01
4.862611591815948486e-01
4.862611591815948486e-01
4.862611591815948486e-01
4.862611591815948486e-01
4.862611591815948486e-01
4.862611591815948486e-01
4.862611591815948486e-01
4.862611591815948486e-01
4.862611591815948486e-01
4.862611591815948486e-01
4.862611591815948486e-01
4.862611591815948486e-01
4.862611591815948486e-01
4.862611591815948486e-01
4.862611591815948486e-01
4.862611591815948486e-01
4.862611591815948486e-01
4.862611591815948486e-01
4.862611591815948486e-01
4.862611591815948486e-01
4.862611591815948486e-01
4.862611591815948486e-01
4.862611591815948486e-01
4.862611591815948486e-01
4.862611591815948486e-01
4.862611591815948486e-01
4.862611591815948486e-01
4.862611591815948486e-01
4.862611591815948486e-01
4.862611591815948486e-01
4.862611591815948486e-01
4.862611591815948486e-01
