4.734657406806945801e-01
4.734657406806945801e-01
4.734657406806945801e-01
4.734657406806945801e-01
4.734657406806945801e-01
4.734657406806945801e-01
4.734657406806945801e-01
4.734657406806945801e-01
4.734657406806945801e-01
4.734657406806945801e-01
4.734657406806945801e-01
4.734657406806945801e-01
4.734657406806945801e-01
4.734657406806945801e-01
4.734657406806945801e-01
4.734657406806945801e-01
4.734657406806945801e-01
4.734657406806945801e-01
4.734657406806945801e-01
4.734657406806945801e-01
4.734657406806945801e-01
4.734657406806945801e-01
4.734657406806945801e-01
4.734657406806945801e-01
4.734657406806945801e-01
4.734657406806945801e-01
4.734657406806945801e-01
4.734657406806945801e-01
4.734657406806945801e-01
4.734657406806945801e-01
4.734657406806945801e-01
4.734657406806945801e-01
4.734657406806945801e-01
4.734657406806945801e-01
4.734657406806945801e-01
4.734657406806945801e-01
4.734657406806945801e-01
4.734657406806945801e-01
4.734657406806945801e-01
4.734657406806945801e-01
4.734657406806945801e-01
4.734657406806945801e-01
4.734657406806945801e-01
4.734657406806945801e-01
4.734657406806945801e-01
4.734657406806945801e-01
4.734657406806945801e-01
4.734657406806945801e-01
4.734657406806945801e-01
4.734657406806945801e-01
4.734657406806945801e-01
4.734657406806945801e-01
4.734657406806945801e-01
4.734657406806945801e-01
4.734657406806945801e-01
4.734657406806945801e-01
4.734657406806945801e-01
4.734657406806945801e-01
4.734657406806945801e-01
4.734657406806945801e-01
4.734657406806945801e-01
4.734657406806945801e-01
4.734657406806945801e-01
4.734657406806945801e-01
4.734657406806945801e-01
4.734657406806945801e-01
4.734657406806945801e-01
4.734657406806945801e-01
4.734657406806945801e-01
4.734657406806945801e-01
4.734657406806945801e-01
4.734657406806945801e-01
4.734657406806945801e-01
4.734657406806945801e-01
4.734657406806945801e-01
4.734657406806945801e-01
4.734657406806945801e-01
4.734657406806945801e-01
4.734657406806945801e-01
4.734657406806945801e-01
4.734657406806945801e-01
4.734657406806945801e-01
4.734657406806945801e-01
4.734657406806945801e-01
4.734657406806945801e-01
4.734657406806945801e-01
4.734657406806945801e-01
4.734657406806945801e-01
4.734657406806945801e-01
4.734657406806945801e-01
4.734657406806945801e-01
4.734657406806945801e-01
4.734657406806945801e-01
4.734657406806945801e-01
4.734657406806945801e-01
4.734657406806945801e-01
4.734657406806945801e-01
4.734657406806945801e-01
4.734657406806945801e-01
4.734657406806945801e-01
4.734657406806945801e-01
4.734657406806945801e-01
4.734657406806945801e-01
4.734657406806945801e-01
4.633822739124298096e-01
4.633745849132537842e-01
4.661954343318939209e-01
4.659687876701354980e-01
4.714961647987365723e-01
4.734657406806945801e-01
4.734657406806945801e-01
4.734657406806945801e-01
4.734657406806945801e-01
4.734657406806945801e-01
4.734657406806945801e-01
4.734657406806945801e-01
4.734657406806945801e-01
4.734657406806945801e-01
4.734657406806945801e-01
4.734657406806945801e-01
4.734657406806945801e-01
4.734657406806945801e-01
4.734657406806945801e-01
4.734657406806945801e-01
4.514848291873931885e-01
4.734657406806945801e-01
4.734657406806945801e-01
4.734657406806945801e-01
4.734657406806945801e-01
4.734657406806945801e-01
4.730977118015289307e-01
4.734657406806945801e-01
4.734657406806945801e-01
4.734657406806945801e-01
4.734657406806945801e-01
4.734657406806945801e-01
4.734657406806945801e-01
4.734657406806945801e-01
4.734657406806945801e-01
4.734657406806945801e-01
4.734657406806945801e-01
4.734657406806945801e-01
4.734657406806945801e-01
4.734657406806945801e-01
4.734657406806945801e-01
4.734657406806945801e-01
4.734657406806945801e-01
4.734657406806945801e-01
4.734657406806945801e-01
4.734657406806945801e-01
4.734657406806945801e-01
4.734657406806945801e-01
4.734657406806945801e-01
4.734657406806945801e-01
4.734657406806945801e-01
4.734657406806945801e-01
4.734657406806945801e-01
4.734657406806945801e-01
4.734657406806945801e-01
4.734657406806945801e-01
4.734657406806945801e-01
4.734657406806945801e-01
4.766592085361480713e-01
4.422693550586700439e-01
4.910227060317993164e-01
4.734657406806945801e-01
4.734657406806945801e-01
4.965880513191223145e-01
0.000000000000000000e+00
4.734657406806945801e-01
4.734657406806945801e-01
4.734657406806945801e-01
4.734657406806945801e-01
4.734657406806945801e-01
4.734657406806945801e-01
4.734657406806945801e-01
4.734657406806945801e-01
4.734657406806945801e-01
4.734657406806945801e-01
4.734657406806945801e-01
4.734657406806945801e-01
4.734657406806945801e-01
4.734657406806945801e-01
4.734657406806945801e-01
4.734657406806945801e-01
4.734657406806945801e-01
4.734657406806945801e-01
4.719531834125518799e-01
4.734657406806945801e-01
4.734657406806945801e-01
4.734657406806945801e-01
4.734657406806945801e-01
4.734657406806945801e-01
4.734657406806945801e-01
4.734657406806945801e-01
4.734657406806945801e-01
4.734657406806945801e-01
4.734657406806945801e-01
4.734657406806945801e-01
4.734657406806945801e-01
4.734657406806945801e-01
4.734657406806945801e-01
4.734657406806945801e-01
4.734657406806945801e-01
4.734657406806945801e-01
4.734657406806945801e-01
4.734657406806945801e-01
4.734657406806945801e-01
4.734657406806945801e-01
4.734657406806945801e-01
4.734657406806945801e-01
4.734657406806945801e-01
4.734657406806945801e-01
4.734657406806945801e-01
4.734657406806945801e-01
4.734657406806945801e-01
4.734657406806945801e-01
4.734657406806945801e-01
4.734657406806945801e-01
4.734657406806945801e-01
4.734657406806945801e-01
4.734657406806945801e-01
4.734657406806945801e-01
4.734657406806945801e-01
4.734657406806945801e-01
4.734657406806945801e-01
4.734657406806945801e-01
4.734657406806945801e-01
4.734657406806945801e-01
4.734657406806945801e-01
4.734657406806945801e-01
4.734657406806945801e-01
4.734657406806945801e-01
4.734657406806945801e-01
4.734657406806945801e-01
4.734657406806945801e-01
4.734657406806945801e-01
4.734657406806945801e-01
4.734657406806945801e-01
4.734657406806945801e-01
4.734657406806945801e-01
4.734657406806945801e-01
5.086593627929687500e-01
5.233550071716308594e-01
