4.604525566101074219e-01
4.674149751663208008e-01
4.674148857593536377e-01
4.674149155616760254e-01
4.674148857593536377e-01
4.674149155616760254e-01
4.674148857593536377e-01
4.674149155616760254e-01
4.674149155616760254e-01
4.674149155616760254e-01
4.674149155616760254e-01
4.674149155616760254e-01
4.667651057243347168e-01
4.674262106418609619e-01
4.674121141433715820e-01
4.674155712127685547e-01
4.674147367477416992e-01
4.674149453639984131e-01
4.674148857593536377e-01
4.674149155616760254e-01
4.674148857593536377e-01
4.674148857593536377e-01
4.674148857593536377e-01
4.674148857593536377e-01
4.674148857593536377e-01
4.674148857593536377e-01
4.674148857593536377e-01
4.674148857593536377e-01
4.674148857593536377e-01
4.674148857593536377e-01
4.674148857593536377e-01
4.674148857593536377e-01
4.674148857593536377e-01
4.673199355602264404e-01
4.671037793159484863e-01
4.668189585208892822e-01
4.674238562583923340e-01
4.674127995967864990e-01
4.673866331577301025e-01
4.641728699207305908e-01
4.656442999839782715e-01
4.674259126186370850e-01
4.674122333526611328e-01
4.674155414104461670e-01
4.674147367477416992e-01
4.674149453639984131e-01
4.674148857593536377e-01
4.674149155616760254e-01
4.674149155616760254e-01
4.674149155616760254e-01
4.674037396907806396e-01
4.658513665199279785e-01
4.674140810966491699e-01
4.674153625965118408e-01
4.674150645732879639e-01
4.674150347709655762e-01
4.674149453639984131e-01
4.674149453639984131e-01
4.674149453639984131e-01
4.674149155616760254e-01
4.674149453639984131e-01
4.674149155616760254e-01
4.674149155616760254e-01
4.667259156703948975e-01
4.674263596534729004e-01
4.614254236221313477e-01
4.620410799980163574e-01
4.674147963523864746e-01
4.674149155616760254e-01
4.674148857593536377e-01
4.674149155616760254e-01
4.674148857593536377e-01
4.674148857593536377e-01
4.674148857593536377e-01
4.674148857593536377e-01
4.674148857593536377e-01
4.674148857593536377e-01
4.674148857593536377e-01
4.674071967601776123e-01
4.674165546894073486e-01
4.674144685268402100e-01
4.646082222461700439e-01
4.674330055713653564e-01
4.674104750156402588e-01
4.674159884452819824e-01
4.674145281314849854e-01
4.674150049686431885e-01
4.674148857593536377e-01
4.674149155616760254e-01
4.674148857593536377e-01
4.674148857593536377e-01
4.674148857593536377e-01
4.674148857593536377e-01
4.674148857593536377e-01
4.674148857593536377e-01
4.674179852008819580e-01
4.674140810966491699e-01
4.674151241779327393e-01
4.674148559570312500e-01
4.674149155616760254e-01
4.674016237258911133e-01
4.674180746078491211e-01
4.674139320850372314e-01
4.674152433872222900e-01
4.674148857593536377e-01
4.674149155616760254e-01
4.674149155616760254e-01
4.674149155616760254e-01
4.674149155616760254e-01
4.673915207386016846e-01
4.674202799797058105e-01
4.652593731880187988e-01
4.629839956760406494e-01
4.655668735504150391e-01
4.654002785682678223e-01
4.674131572246551514e-01
4.624850749969482422e-01
4.646409451961517334e-01
4.638311862945556641e-01
4.674207270145416260e-01
4.672200679779052734e-01
4.674250781536102295e-01
4.674133062362670898e-01
4.674153923988342285e-01
4.673988521099090576e-01
4.674188494682312012e-01
4.673906266689300537e-01
4.674208462238311768e-01
4.629690349102020264e-01
4.662447571754455566e-01
4.624632596969604492e-01
4.633487164974212646e-01
4.649498164653778076e-01
4.673449099063873291e-01
4.645912647247314453e-01
4.674300551414489746e-01
4.674110412597656250e-01
4.674099683761596680e-01
4.674146771430969238e-01
4.674149453639984131e-01
4.674149155616760254e-01
4.674155712127685547e-01
4.674169421195983887e-01
4.674172103404998779e-01
4.661130607128143311e-01
4.597620368003845215e-01
4.600909650325775146e-01
4.674149155616760254e-01
4.674149155616760254e-01
4.602007865905761719e-01
4.598738551139831543e-01
4.674145579338073730e-01
4.674150347709655762e-01
4.674175083637237549e-01
4.674142599105834961e-01
4.674150645732879639e-01
4.674148857593536377e-01
4.674149453639984131e-01
4.674160778522491455e-01
4.674148559570312500e-01
4.674149155616760254e-01
4.674178361892700195e-01
4.674169421195983887e-01
4.674156904220581055e-01
4.674245715141296387e-01
4.674164056777954102e-01
4.674226045608520508e-01
4.674220383167266846e-01
4.674206078052520752e-01
4.674161970615386963e-01
4.674234390258789062e-01
4.674129188060760498e-01
4.674208462238311768e-01
4.674153923988342285e-01
4.634171128273010254e-01
4.674335718154907227e-01
4.674115777015686035e-01
4.674158394336700439e-01
4.674176275730133057e-01
4.674154520034790039e-01
4.674151837825775146e-01
4.674154222011566162e-01
4.613345861434936523e-01
4.674155414104461670e-01
4.674147665500640869e-01
4.674149155616760254e-01
4.674148857593536377e-01
4.674148857593536377e-01
4.674148857593536377e-01
4.674149155616760254e-01
4.674149155616760254e-01
4.674150049686431885e-01
4.674148857593536377e-01
4.674259126186370850e-01
4.674127995967864990e-01
4.674170315265655518e-01
4.674143791198730469e-01
4.674156308174133301e-01
4.674147367477416992e-01
4.674149453639984131e-01
4.674149155616760254e-01
4.674149155616760254e-01
4.674156606197357178e-01
4.674147665500640869e-01
4.674149751663208008e-01
4.674149155616760254e-01
4.674159288406372070e-01
4.674146175384521484e-01
4.674196541309356689e-01
4.674140214920043945e-01
4.674153327941894531e-01
4.674149155616760254e-01
4.674150049686431885e-01
4.674149751663208008e-01
4.674149155616760254e-01
4.674149453639984131e-01
4.674149453639984131e-01
4.674149155616760254e-01
4.674149453639984131e-01
4.674172699451446533e-01
4.674180746078491211e-01
4.674247801303863525e-01
4.669865667819976807e-01
4.667055904865264893e-01
4.664193093776702881e-01
4.661399722099304199e-01
4.674141108989715576e-01
4.674201309680938721e-01
4.674186408519744873e-01
4.674197137355804443e-01
4.674184918403625488e-01
4.668829739093780518e-01
4.667621254920959473e-01
4.654138386249542236e-01
4.645178318023681641e-01
4.642568528652191162e-01
4.624590277671813965e-01
4.619233310222625732e-01
4.632697105407714844e-01
4.634127318859100342e-01
4.629797637462615967e-01
4.628059864044189453e-01
4.627859592437744141e-01
4.545674920082092285e-01
4.672468602657318115e-01
4.674248099327087402e-01
4.674345254898071289e-01
4.674110412597656250e-01
4.674226343631744385e-01
4.674130082130432129e-01
4.674154520034790039e-01
4.674147665500640869e-01
4.674149155616760254e-01
4.674174785614013672e-01
4.674142599105834961e-01
4.674150645732879639e-01
4.674148559570312500e-01
4.674149155616760254e-01
4.674193263053894043e-01
4.674139022827148438e-01
4.674150049686431885e-01
4.674148857593536377e-01
4.674149155616760254e-01
4.674148857593536377e-01
4.674148857593536377e-01
4.674148857593536377e-01
4.674160480499267578e-01
4.674158394336700439e-01
4.674176871776580811e-01
4.674197137355804443e-01
4.674234688282012939e-01
4.674306809902191162e-01
4.674190878868103027e-01
4.674165248870849609e-01
4.674251675605773926e-01
4.674153029918670654e-01
4.674147963523864746e-01
4.674218595027923584e-01
4.674143493175506592e-01
4.674166738986968994e-01
4.674162566661834717e-01
4.674206376075744629e-01
4.674194455146789551e-01
4.674233794212341309e-01
4.674137234687805176e-01
4.674218893051147461e-01
4.674168229103088379e-01
4.674199521541595459e-01
4.674204289913177490e-01
4.632488191127777100e-01
4.636246860027313232e-01
4.569095373153686523e-01
4.630901217460632324e-01
4.627947807312011719e-01
4.627674818038940430e-01
4.674133062362670898e-01
4.674153029918670654e-01
4.674148261547088623e-01
4.674149155616760254e-01
4.674149155616760254e-01
4.674149155616760254e-01
4.674194455146789551e-01
4.674146473407745361e-01
4.674167037010192871e-01
4.674198031425476074e-01
4.674206376075744629e-01
4.674149453639984131e-01
4.674273133277893066e-01
4.674119651317596436e-01
4.674156010150909424e-01
4.674147367477416992e-01
4.674149453639984131e-01
4.674148857593536377e-01
4.674149155616760254e-01
4.667806625366210938e-01
4.674258530139923096e-01
4.674137830734252930e-01
4.674151837825775146e-01
4.674148261547088623e-01
4.674149155616760254e-01
4.674148857593536377e-01
4.674149155616760254e-01
4.674148857593536377e-01
4.674148857593536377e-01
4.674148857593536377e-01
4.674148857593536377e-01
4.674148857593536377e-01
4.674148857593536377e-01
4.674210548400878906e-01
4.674136936664581299e-01
4.674172699451446533e-01
4.674143195152282715e-01
4.674153327941894531e-01
4.674174487590789795e-01
4.674145579338073730e-01
4.669625163078308105e-01
4.655270874500274658e-01
4.639663994312286377e-01
4.672432839870452881e-01
4.674137532711029053e-01
4.674151837825775146e-01
4.674166440963745117e-01
4.674257040023803711e-01
4.674174487590789795e-01
4.674161374568939209e-01
4.674221277236938477e-01
4.674164354801177979e-01
4.674200117588043213e-01
4.674213230609893799e-01
4.674172997474670410e-01
4.674143195152282715e-01
4.674150347709655762e-01
4.674164950847625732e-01
4.674144983291625977e-01
4.674206078052520752e-01
4.674187600612640381e-01
4.674164652824401855e-01
4.674144983291625977e-01
4.674150049686431885e-01
4.674167633056640625e-01
4.674144387245178223e-01
4.674188196659088135e-01
4.674154222011566162e-01
4.620351791381835938e-01
4.674148857593536377e-01
4.674160480499267578e-01
4.674146175384521484e-01
4.674149155616760254e-01
4.674148857593536377e-01
4.674148857593536377e-01
4.674148857593536377e-01
4.674148857593536377e-01
4.674148857593536377e-01
4.674148857593536377e-01
4.674148857593536377e-01
4.674148857593536377e-01
4.674148857593536377e-01
4.674149155616760254e-01
4.674149155616760254e-01
4.674149155616760254e-01
4.674149155616760254e-01
4.674149155616760254e-01
4.674149155616760254e-01
4.674149155616760254e-01
4.674149155616760254e-01
4.674149155616760254e-01
4.674149155616760254e-01
4.674149155616760254e-01
4.674149155616760254e-01
4.674065709114074707e-01
4.674174785614013672e-01
4.674074947834014893e-01
4.674137532711029053e-01
4.625799953937530518e-01
4.604728817939758301e-01
4.610043764114379883e-01
4.607659578323364258e-01
4.674150943756103516e-01
4.674149155616760254e-01
4.674149155616760254e-01
4.674149155616760254e-01
4.608537554740905762e-01
4.608184099197387695e-01
4.609119594097137451e-01
4.612385332584381104e-01
4.612247943878173828e-01
4.674152433872222900e-01
4.674149155616760254e-01
4.674149155616760254e-01
4.674149155616760254e-01
4.674149155616760254e-01
4.674150943756103516e-01
4.610034525394439697e-01
4.612033367156982422e-01
4.611192345619201660e-01
4.609504044055938721e-01
4.609149098396301270e-01
4.609795808792114258e-01
4.674249887466430664e-01
4.674125611782073975e-01
4.674156308174133301e-01
4.609851837158203125e-01
4.611045718193054199e-01
4.607625007629394531e-01
4.674153029918670654e-01
4.662808179855346680e-01
4.673839211463928223e-01
4.674209356307983398e-01
4.674134254455566406e-01
4.674152731895446777e-01
4.674148261547088623e-01
4.674149453639984131e-01
4.674161970615386963e-01
4.674144387245178223e-01
4.673978686332702637e-01
4.656556546688079834e-01
4.669697880744934082e-01
4.615383148193359375e-01
4.647251665592193604e-01
4.674319028854370117e-01
4.674107432365417480e-01
4.674159288406372070e-01
4.674146473407745361e-01
4.674149453639984131e-01
4.674135446548461914e-01
4.674083590507507324e-01
4.674177765846252441e-01
4.674196243286132812e-01
4.674198925495147705e-01
4.674246609210968018e-01
4.674209356307983398e-01
4.669306874275207520e-01
4.663335680961608887e-01
4.655924141407012939e-01
4.648474752902984619e-01
4.642236530780792236e-01
4.635222256183624268e-01
4.626642763614654541e-01
4.656077027320861816e-01
4.653839766979217529e-01
4.652479887008666992e-01
4.645910263061523438e-01
4.641698300838470459e-01
4.647248387336730957e-01
4.643847346305847168e-01
4.635485410690307617e-01
4.630765318870544434e-01
4.629614651203155518e-01
4.627358019351959229e-01
4.632885754108428955e-01
4.674048125743865967e-01
4.674243628978729248e-01
4.674322605133056641e-01
4.674167335033416748e-01
4.674249887466430664e-01
4.671324491500854492e-01
4.657625555992126465e-01
4.669694304466247559e-01
4.664308428764343262e-01
4.659094214439392090e-01
4.646224081516265869e-01
4.634500145912170410e-01
4.635612368583679199e-01
4.627732038497924805e-01
4.626218378543853760e-01
4.628139138221740723e-01
4.606875777244567871e-01
4.627886712551116943e-01
4.628095030784606934e-01
4.630443155765533447e-01
4.622271060943603516e-01
4.613209068775177002e-01
4.579238593578338623e-01
4.613015055656433105e-01
4.591228961944580078e-01
4.614205658435821533e-01
4.628169834613800049e-01
4.582540392875671387e-01
4.624039828777313232e-01
4.582173228263854980e-01
4.627688825130462646e-01
4.631953835487365723e-01
4.627239406108856201e-01
4.628119468688964844e-01
4.627962708473205566e-01
4.627989530563354492e-01
4.627711474895477295e-01
4.572436809539794922e-01
4.627873897552490234e-01
4.628285467624664307e-01
4.627376198768615723e-01
4.627758860588073730e-01
4.627596139907836914e-01
4.628109335899353027e-01
4.628081321716308594e-01
4.674150049686431885e-01
4.674148857593536377e-01
4.674149155616760254e-01
4.674209058284759521e-01
4.583872854709625244e-01
4.674326181411743164e-01
4.599251747131347656e-01
4.668331444263458252e-01
4.593088924884796143e-01
4.664397239685058594e-01
4.660678505897521973e-01
4.652771353721618652e-01
4.656386971473693848e-01
4.661281406879425049e-01
4.663205146789550781e-01
4.569750428199768066e-01
4.664119482040405273e-01
4.636357426643371582e-01
4.654251933097839355e-01
4.593910276889801025e-01
4.663095474243164062e-01
4.653966724872589111e-01
4.645296633243560791e-01
4.604170024394989014e-01
4.626820683479309082e-01
4.577514827251434326e-01
4.627651572227478027e-01
4.628518521785736084e-01
4.636154770851135254e-01
4.642289876937866211e-01
4.674302935600280762e-01
4.606460630893707275e-01
4.674175977706909180e-01
4.674142599105834961e-01
4.674150645732879639e-01
4.674241840839385986e-01
4.674126803874969482e-01
4.674218893051147461e-01
4.674169719219207764e-01
4.669480323791503906e-01
4.674151539802551270e-01
4.674148857593536377e-01
4.674149751663208008e-01
4.674149751663208008e-01
4.674150347709655762e-01
4.674181640148162842e-01
4.674153327941894531e-01
4.674150645732879639e-01
4.674149155616760254e-01
4.674150645732879639e-01
4.674152433872222900e-01
4.674149155616760254e-01
4.674149155616760254e-01
4.674149155616760254e-01
4.674149155616760254e-01
4.674149155616760254e-01
4.674149453639984131e-01
4.610192477703094482e-01
4.603672921657562256e-01
4.609195888042449951e-01
4.610167741775512695e-01
4.612189531326293945e-01
4.600839018821716309e-01
4.602702260017395020e-01
4.606360495090484619e-01
4.606632888317108154e-01
4.606437981128692627e-01
4.600486457347869873e-01
4.649481773376464844e-01
4.674391150474548340e-01
4.598490297794342041e-01
4.616913497447967529e-01
4.657499194145202637e-01
4.674275815486907959e-01
4.620500206947326660e-01
4.671435356140136719e-01
4.668379426002502441e-01
4.661201834678649902e-01
4.648350179195404053e-01
4.583561122417449951e-01
4.637661576271057129e-01
4.645054042339324951e-01
4.637477397918701172e-01
4.627347588539123535e-01
4.627572000026702881e-01
4.626712799072265625e-01
4.626982808113098145e-01
4.627450406551361084e-01
4.627388119697570801e-01
4.627798497676849365e-01
4.672289490699768066e-01
4.671576619148254395e-01
4.673662781715393066e-01
4.656998217105865479e-01
4.674212932586669922e-01
4.609916508197784424e-01
4.623126685619354248e-01
4.673939943313598633e-01
4.667725265026092529e-01
4.654175043106079102e-01
4.634185135364532471e-01
4.587464332580566406e-01
4.627653062343597412e-01
4.627606272697448730e-01
4.627628326416015625e-01
4.623110890388488770e-01
4.627644717693328857e-01
4.623740315437316895e-01
4.627625644207000732e-01
4.627680182456970215e-01
4.628058969974517822e-01
4.627579152584075928e-01
4.629363715648651123e-01
4.628823995590209961e-01
4.674140512943267822e-01
4.674162566661834717e-01
4.674145579338073730e-01
4.674149751663208008e-01
4.674148857593536377e-01
4.674149155616760254e-01
4.674149155616760254e-01
4.674149155616760254e-01
4.674149155616760254e-01
4.674149155616760254e-01
4.674148857593536377e-01
4.674149155616760254e-01
4.674148857593536377e-01
4.674149155616760254e-01
4.674149155616760254e-01
4.666398167610168457e-01
4.674266278743743896e-01
4.673832952976226807e-01
4.674212634563446045e-01
4.674119949340820312e-01
4.674156904220581055e-01
4.674106538295745850e-01
4.674156606197357178e-01
4.674148559570312500e-01
4.673893749713897705e-01
4.674212932586669922e-01
4.674133956432342529e-01
4.674152433872222900e-01
4.673846960067749023e-01
4.673986434936523438e-01
4.673938155174255371e-01
4.673908352851867676e-01
4.641973376274108887e-01
4.636898040771484375e-01
4.645876884460449219e-01
4.661722779273986816e-01
4.667064249515533447e-01
4.667423963546752930e-01
4.674236178398132324e-01
4.673881232738494873e-01
4.674214720726013184e-01
4.674133062362670898e-01
4.674159586429595947e-01
4.654423594474792480e-01
4.674322307109832764e-01
4.673905968666076660e-01
4.674070477485656738e-01
4.674304723739624023e-01
4.627931416034698486e-01
4.560777544975280762e-01
4.628099501132965088e-01
4.628815054893493652e-01
4.611074924468994141e-01
4.650723934173583984e-01
4.648948013782501221e-01
4.601981043815612793e-01
4.626834690570831299e-01
4.621557891368865967e-01
4.627757668495178223e-01
4.628185629844665527e-01
4.584665298461914062e-01
4.565760791301727295e-01
4.628556668758392334e-01
4.628264307975769043e-01
4.674153029918670654e-01
4.674167931079864502e-01
4.674144685268402100e-01
4.674027860164642334e-01
4.674244821071624756e-01
4.674125313758850098e-01
4.674170315265655518e-01
4.674163758754730225e-01
4.674221277236938477e-01
4.674173891544342041e-01
4.674179852008819580e-01
4.674141407012939453e-01
4.674157500267028809e-01
4.674246311187744141e-01
4.674200713634490967e-01
4.674198329448699951e-01
4.674156308174133301e-01
4.674184918403625488e-01
4.674198925495147705e-01
4.668035209178924561e-01
4.663977026939392090e-01
4.655825197696685791e-01
4.607108235359191895e-01
4.635774493217468262e-01
4.641222655773162842e-01
4.642912149429321289e-01
4.638500213623046875e-01
4.651426672935485840e-01
4.668807983398437500e-01
4.660757184028625488e-01
4.664721786975860596e-01
4.672969579696655273e-01
4.668038785457611084e-01
4.669119417667388916e-01
4.674199521541595459e-01
4.674172997474670410e-01
4.674143493175506592e-01
4.674150347709655762e-01
4.674148857593536377e-01
4.674149155616760254e-01
4.674149155616760254e-01
4.657090306282043457e-01
4.674341380596160889e-01
4.674101769924163818e-01
4.674160778522491455e-01
4.618193209171295166e-01
4.674429893493652344e-01
4.674081504344940186e-01
4.674165248870849609e-01
4.674145281314849854e-01
4.674150049686431885e-01
4.674148857593536377e-01
4.674149155616760254e-01
4.674148857593536377e-01
4.674149155616760254e-01
4.674101769924163818e-01
4.674160480499267578e-01
4.674146175384521484e-01
4.674149155616760254e-01
4.673681855201721191e-01
4.674260318279266357e-01
4.674123227596282959e-01
4.652303457260131836e-01
4.627076983451843262e-01
4.636965692043304443e-01
4.644161164760589600e-01
4.674296379089355469e-01
4.674113392829895020e-01
4.651678204536437988e-01
4.674312472343444824e-01
4.674108922481536865e-01
4.674158692359924316e-01
4.674146771430969238e-01
4.674149751663208008e-01
4.674148857593536377e-01
4.674149155616760254e-01
4.674149155616760254e-01
4.674149155616760254e-01
4.674149155616760254e-01
4.674149155616760254e-01
4.674149155616760254e-01
4.674149155616760254e-01
4.674149155616760254e-01
4.674149155616760254e-01
4.674149155616760254e-01
4.674149155616760254e-01
4.674149155616760254e-01
4.663703143596649170e-01
4.674240946769714355e-01
4.674126505851745605e-01
4.674174189567565918e-01
4.673902988433837891e-01
4.674228429794311523e-01
4.674153923988342285e-01
4.674147665500640869e-01
4.674186408519744873e-01
4.674139916896820068e-01
4.674177467823028564e-01
4.674151837825775146e-01
4.674148261547088623e-01
4.674167335033416748e-01
4.674156308174133301e-01
4.674146175384521484e-01
4.674195051193237305e-01
4.674149155616760254e-01
4.674290716648101807e-01
4.674133658409118652e-01
4.674208462238311768e-01
4.673944413661956787e-01
4.668609797954559326e-01
4.667112231254577637e-01
4.674230515956878662e-01
4.674170911312103271e-01
4.561071395874023438e-01
4.586896300315856934e-01
4.627720713615417480e-01
4.628435671329498291e-01
4.627607464790344238e-01
4.624269604682922363e-01
4.627639949321746826e-01
4.627653360366821289e-01
4.627617299556732178e-01
4.627639353275299072e-01
4.644128978252410889e-01
4.638059139251708984e-01
4.674152135848999023e-01
4.674148261547088623e-01
4.674026966094970703e-01
4.674178659915924072e-01
4.674141705036163330e-01
4.674150943756103516e-01
4.674148559570312500e-01
4.674149155616760254e-01
4.674148857593536377e-01
4.674149155616760254e-01
4.674149155616760254e-01
4.674148857593536377e-01
4.674148857593536377e-01
4.674148857593536377e-01
4.674148857593536377e-01
4.674149155616760254e-01
4.674148857593536377e-01
4.674149155616760254e-01
4.674149155616760254e-01
4.629718959331512451e-01
4.658592343330383301e-01
4.644245505332946777e-01
4.674322009086608887e-01
4.674106836318969727e-01
4.674159288406372070e-01
4.674146473407745361e-01
4.674149751663208008e-01
4.674148857593536377e-01
4.674149155616760254e-01
4.673933386802673340e-01
4.674198925495147705e-01
4.632246196269989014e-01
4.674427807331085205e-01
4.674080610275268555e-01
4.674165844917297363e-01
4.674004912376403809e-01
4.674175083637237549e-01
4.674142897129058838e-01
4.674150347709655762e-01
4.674148559570312500e-01
4.674149155616760254e-01
4.674148857593536377e-01
4.674149155616760254e-01
4.674148857593536377e-01
4.663897156715393066e-01
4.674273729324340820e-01
4.674122333526611328e-01
4.674148857593536377e-01
4.674148857593536377e-01
4.674149155616760254e-01
4.674149155616760254e-01
4.674152135848999023e-01
4.674149155616760254e-01
4.674149155616760254e-01
4.674148857593536377e-01
4.674148857593536377e-01
4.674148857593536377e-01
4.622279405593872070e-01
4.674148857593536377e-01
4.674163162708282471e-01
4.674145281314849854e-01
4.674207568168640137e-01
4.674137234687805176e-01
4.674151539802551270e-01
4.674148559570312500e-01
4.674149155616760254e-01
4.674155116081237793e-01
4.674184620380401611e-01
4.674230217933654785e-01
4.674130678176879883e-01
4.674221575260162354e-01
4.674192070960998535e-01
4.674233496189117432e-01
4.674151539802551270e-01
4.674157798290252686e-01
4.674162864685058594e-01
4.674161076545715332e-01
4.674148857593536377e-01
4.670215249061584473e-01
4.674201905727386475e-01
4.674140214920043945e-01
4.674231410026550293e-01
4.674168825149536133e-01
4.674240350723266602e-01
4.672644734382629395e-01
4.667752385139465332e-01
4.657056331634521484e-01
4.647207260131835938e-01
4.636673629283905029e-01
4.639176428318023682e-01
4.626362621784210205e-01
4.628156423568725586e-01
4.627822041511535645e-01
4.628205001354217529e-01
4.627980589866638184e-01
4.627645909786224365e-01
4.627668559551239014e-01
4.627851247787475586e-01
4.627845585346221924e-01
4.597197175025939941e-01
4.615406394004821777e-01
4.623884558677673340e-01
4.601693749427795410e-01
4.618619680404663086e-01
4.628218412399291992e-01
4.627749323844909668e-01
4.627740681171417236e-01
4.627835750579833984e-01
4.598859250545501709e-01
4.627979397773742676e-01
4.579252302646636963e-01
4.588020145893096924e-01
4.588018953800201416e-01
4.608296453952789307e-01
4.602040350437164307e-01
4.583098888397216797e-01
4.613353908061981201e-01
4.628125131130218506e-01
4.615933001041412354e-01
4.601270258426666260e-01
4.627953767776489258e-01
4.602984488010406494e-01
4.585234820842742920e-01
4.603678286075592041e-01
4.628206789493560791e-01
4.627160727977752686e-01
4.657773971557617188e-01
4.620131552219390869e-01
4.674142003059387207e-01
4.674095809459686279e-01
4.674156308174133301e-01
4.674144685268402100e-01
4.674150645732879639e-01
4.674149155616760254e-01
4.674149751663208008e-01
4.674150049686431885e-01
4.674097895622253418e-01
4.674249887466430664e-01
4.674138426780700684e-01
4.674184918403625488e-01
4.674205780029296875e-01
4.674192965030670166e-01
4.674164652824401855e-01
4.674242734909057617e-01
4.674143791198730469e-01
4.674177467823028564e-01
4.674209952354431152e-01
4.674166440963745117e-01
4.674177169799804688e-01
4.659789800643920898e-01
4.674256443977355957e-01
4.674160182476043701e-01
4.674156010150909424e-01
4.674150049686431885e-01
4.674170911312103271e-01
4.674153327941894531e-01
4.674150347709655762e-01
4.674153327941894531e-01
4.670624136924743652e-01
4.651660919189453125e-01
4.650821685791015625e-01
4.674254655838012695e-01
4.663849472999572754e-01
4.674257636070251465e-01
4.643271863460540771e-01
4.674325883388519287e-01
4.674106240272521973e-01
4.668833911418914795e-01
4.640156626701354980e-01
4.674270451068878174e-01
4.580424427986145020e-01
4.588203728199005127e-01
4.581167697906494141e-01
4.603133201599121094e-01
4.642200469970703125e-01
4.674282670021057129e-01
4.674057066440582275e-01
4.669394791126251221e-01
4.652716815471649170e-01
4.674278497695922852e-01
4.612563252449035645e-01
4.674149155616760254e-01
4.674148857593536377e-01
4.674148857593536377e-01
4.674148857593536377e-01
4.674148857593536377e-01
4.674148857593536377e-01
4.674148857593536377e-01
4.603104591369628906e-01
4.667645096778869629e-01
4.673970937728881836e-01
4.674198925495147705e-01
4.674134254455566406e-01
4.674152731895446777e-01
4.674155116081237793e-01
4.674145877361297607e-01
4.674149453639984131e-01
4.674148857593536377e-01
4.674161076545715332e-01
4.674172103404998779e-01
4.674168229103088379e-01
4.674156904220581055e-01
4.674171209335327148e-01
4.674193561077117920e-01
4.670605957508087158e-01
4.674162864685058594e-01
4.674203395843505859e-01
4.669405221939086914e-01
4.660000503063201904e-01
4.650408625602722168e-01
4.647888541221618652e-01
4.636984467506408691e-01
4.636216759681701660e-01
4.646433591842651367e-01
4.653382599353790283e-01
4.655864834785461426e-01
4.644687771797180176e-01
4.635193347930908203e-01
4.626922011375427246e-01
4.627681970596313477e-01
4.627710878849029541e-01
4.627596139907836914e-01
4.627642035484313965e-01
4.627620279788970947e-01
4.627626240253448486e-01
4.625161588191986084e-01
4.608054459095001221e-01
4.553523659706115723e-01
4.606974720954895020e-01
4.628595411777496338e-01
4.627614915370941162e-01
4.615491032600402832e-01
4.627532362937927246e-01
4.627695679664611816e-01
4.595662951469421387e-01
4.636859595775604248e-01
4.674148559570312500e-01
4.674149155616760254e-01
4.674149155616760254e-01
4.674149155616760254e-01
4.674147963523864746e-01
4.649706780910491943e-01
4.674321711063385010e-01
4.674106538295745850e-01
4.654096066951751709e-01
4.674303531646728516e-01
4.674111008644104004e-01
4.674181044101715088e-01
4.674141108989715576e-01
4.633488357067108154e-01
4.674375653266906738e-01
4.674093723297119141e-01
4.674162566661834717e-01
4.674145579338073730e-01
4.674226343631744385e-01
4.674148857593536377e-01
4.673961997032165527e-01
4.674148857593536377e-01
4.674149155616760254e-01
4.674148857593536377e-01
4.674175381660461426e-01
4.674148559570312500e-01
4.674149751663208008e-01
4.674179852008819580e-01
4.674168527126312256e-01
4.674148857593536377e-01
4.674183726310729980e-01
4.674150645732879639e-01
4.674161672592163086e-01
4.674203991889953613e-01
4.672744274139404297e-01
4.674191772937774658e-01
4.674167931079864502e-01
4.674144387245178223e-01
4.674150049686431885e-01
4.674148559570312500e-01
4.674149155616760254e-01
4.674148857593536377e-01
4.674149155616760254e-01
4.674148857593536377e-01
4.674148857593536377e-01
4.674148857593536377e-01
4.674148857593536377e-01
4.649473428726196289e-01
4.674322307109832764e-01
4.674106538295745850e-01
4.674159586429595947e-01
4.674146473407745361e-01
4.674149751663208008e-01
4.674148857593536377e-01
4.674158096313476562e-01
4.674147665500640869e-01
4.674154222011566162e-01
4.673922657966613770e-01
4.674206078052520752e-01
4.674134850502014160e-01
4.674152433872222900e-01
4.674148261547088623e-01
4.674212336540222168e-01
4.674161374568939209e-01
4.674195051193237305e-01
4.674137234687805176e-01
4.674192667007446289e-01
4.674187898635864258e-01
4.674158096313476562e-01
4.674179255962371826e-01
4.674159288406372070e-01
4.674146473407745361e-01
4.674208462238311768e-01
4.618086814880371094e-01
4.674394130706787109e-01
4.674131870269775391e-01
4.674192368984222412e-01
4.674165248870849609e-01
4.674140810966491699e-01
4.674154818058013916e-01
4.674181938171386719e-01
4.667980968952178955e-01
4.616378843784332275e-01
4.655749201774597168e-01
4.652649760246276855e-01
4.641377329826354980e-01
4.632617831230163574e-01
4.649614393711090088e-01
4.674129188060760498e-01
4.674151539802551270e-01
4.673161804676055908e-01
4.674201905727386475e-01
4.674151837825775146e-01
4.674219787120819092e-01
4.674155414104461670e-01
4.674176871776580811e-01
4.674152433872222900e-01
4.674183726310729980e-01
4.674198031425476074e-01
4.674181342124938965e-01
4.674217402935028076e-01
4.674183428287506104e-01
4.674152433872222900e-01
4.674153625965118408e-01
4.674154818058013916e-01
4.674155712127685547e-01
4.674154520034790039e-01
4.674147665500640869e-01
4.674149453639984131e-01
4.674148857593536377e-01
4.674149155616760254e-01
4.674149155616760254e-01
4.674149155616760254e-01
4.674195349216461182e-01
4.667030870914459229e-01
4.674254357814788818e-01
4.674187004566192627e-01
4.665372669696807861e-01
4.674360752105712891e-01
4.674128592014312744e-01
4.674265980720520020e-01
4.674206376075744629e-01
4.657583832740783691e-01
4.657889604568481445e-01
4.652048051357269287e-01
4.647016823291778564e-01
4.647546410560607910e-01
4.627522230148315430e-01
4.628165662288665771e-01
4.593859910964965820e-01
4.584053754806518555e-01
4.628392457962036133e-01
4.628504514694213867e-01
4.635508358478546143e-01
4.626968204975128174e-01
4.674201011657714844e-01
4.674172401428222656e-01
4.674205183982849121e-01
4.674230813980102539e-01
4.674152433872222900e-01
4.674211442470550537e-01
4.674137532711029053e-01
4.674151837825775146e-01
4.674148261547088623e-01
4.674149155616760254e-01
4.674144089221954346e-01
4.674150049686431885e-01
4.674148857593536377e-01
4.674174189567565918e-01
4.674181640148162842e-01
4.674171805381774902e-01
4.674184322357177734e-01
4.674212038516998291e-01
4.674190878868103027e-01
4.674193561077117920e-01
4.671247899532318115e-01
4.674160480499267578e-01
4.674254059791564941e-01
4.674182832241058350e-01
4.672435820102691650e-01
4.672031104564666748e-01
4.674068093299865723e-01
4.674072265625000000e-01
4.674149751663208008e-01
4.653738141059875488e-01
4.669752120971679688e-01
4.674098193645477295e-01
4.674215018749237061e-01
4.674164950847625732e-01
4.674209058284759521e-01
4.673841595649719238e-01
4.662413299083709717e-01
4.670002460479736328e-01
4.674184918403625488e-01
4.674255251884460449e-01
4.673659801483154297e-01
4.650236368179321289e-01
4.667944312095642090e-01
4.628563523292541504e-01
4.625925421714782715e-01
4.612281620502471924e-01
4.578809440135955811e-01
4.635312855243682861e-01
4.633371829986572266e-01
