4.816397726535797119e-01
4.819175899028778076e-01
4.819200038909912109e-01
4.818928539752960205e-01
4.816938936710357666e-01
4.816820621490478516e-01
4.818187355995178223e-01
4.818300604820251465e-01
4.818186759948730469e-01
4.818264842033386230e-01
4.818373620510101318e-01
4.818463325500488281e-01
4.818542003631591797e-01
4.817776083946228027e-01
4.818424284458160400e-01
4.818501472473144531e-01
4.818576574325561523e-01
4.818645119667053223e-01
4.818705916404724121e-01
4.818766415119171143e-01
4.818823039531707764e-01
4.818872809410095215e-01
4.818884432315826416e-01
4.818930327892303467e-01
4.818962812423706055e-01
4.818964302539825439e-01
4.819013476371765137e-01
4.819019436836242676e-01
4.818906188011169434e-01
4.816644191741943359e-01
4.819018840789794922e-01
4.819011986255645752e-01
4.819135665893554688e-01
4.819154441356658936e-01
4.819196760654449463e-01
4.819294512271881104e-01
4.819294512271881104e-01
4.818323850631713867e-01
4.818896949291229248e-01
4.817288517951965332e-01
4.814614057540893555e-01
4.778243005275726318e-01
4.811115562915802002e-01
4.812031388282775879e-01
4.797416329383850098e-01
4.812198877334594727e-01
4.818235635757446289e-01
4.818356931209564209e-01
4.818460941314697266e-01
4.819006621837615967e-01
4.819032847881317139e-01
4.819061458110809326e-01
4.819083809852600098e-01
4.819102287292480469e-01
4.819119870662689209e-01
4.819138646125793457e-01
4.818654656410217285e-01
4.818944633007049561e-01
4.812192320823669434e-01
4.819294512271881104e-01
4.819260835647583008e-01
4.819264709949493408e-01
4.819267690181732178e-01
4.819294512271881104e-01
4.819294512271881104e-01
4.819294512271881104e-01
4.819294512271881104e-01
4.819294512271881104e-01
4.819294512271881104e-01
4.819294512271881104e-01
4.819294512271881104e-01
4.819294512271881104e-01
4.819294512271881104e-01
4.819294512271881104e-01
4.819294512271881104e-01
4.819187223911285400e-01
4.819294512271881104e-01
4.819294512271881104e-01
4.819294512271881104e-01
4.819294512271881104e-01
4.819294512271881104e-01
4.819294512271881104e-01
4.819294512271881104e-01
4.819294512271881104e-01
4.819294512271881104e-01
4.819294512271881104e-01
4.819259345531463623e-01
4.819294512271881104e-01
4.819294512271881104e-01
4.819294512271881104e-01
4.819294512271881104e-01
4.819294512271881104e-01
4.819294512271881104e-01
4.819294512271881104e-01
4.819294512271881104e-01
4.819294512271881104e-01
4.819294512271881104e-01
4.819294512271881104e-01
4.819294512271881104e-01
4.819294512271881104e-01
4.819242954254150391e-01
4.819017350673675537e-01
4.819294512271881104e-01
4.819294512271881104e-01
4.819294512271881104e-01
4.819294512271881104e-01
4.819294512271881104e-01
4.819294512271881104e-01
4.819294512271881104e-01
4.819294512271881104e-01
4.819294512271881104e-01
4.810565710067749023e-01
4.818688929080963135e-01
4.819097220897674561e-01
4.819115102291107178e-01
4.819294512271881104e-01
4.819294512271881104e-01
4.819294512271881104e-01
4.819294512271881104e-01
4.819294512271881104e-01
4.819294512271881104e-01
4.819294512271881104e-01
4.819294512271881104e-01
4.819294512271881104e-01
4.819181263446807861e-01
4.819235205650329590e-01
4.819294512271881104e-01
4.819294512271881104e-01
4.819294512271881104e-01
4.819294512271881104e-01
4.819294512271881104e-01
4.819294512271881104e-01
4.819294512271881104e-01
4.819006025791168213e-01
4.819272160530090332e-01
4.819294512271881104e-01
4.818702042102813721e-01
4.819230139255523682e-01
4.819294512271881104e-01
4.819294512271881104e-01
4.819294512271881104e-01
4.819294512271881104e-01
4.819294512271881104e-01
4.819294512271881104e-01
4.819054901599884033e-01
4.819294512271881104e-01
4.819241166114807129e-01
4.818767905235290527e-01
4.818889796733856201e-01
4.819294512271881104e-01
4.819247126579284668e-01
4.819294512271881104e-01
4.819294512271881104e-01
4.819294512271881104e-01
4.819294512271881104e-01
4.819294512271881104e-01
4.819294512271881104e-01
4.819294512271881104e-01
4.819294512271881104e-01
4.819294512271881104e-01
4.819294512271881104e-01
4.819023609161376953e-01
4.818989038467407227e-01
4.819294512271881104e-01
4.819291532039642334e-01
4.819294512271881104e-01
4.819294512271881104e-01
4.819294512271881104e-01
4.819294512271881104e-01
4.819242954254150391e-01
4.819294512271881104e-01
4.819294512271881104e-01
4.819294512271881104e-01
4.819294512271881104e-01
4.819294512271881104e-01
4.819294512271881104e-01
4.819294512271881104e-01
4.819285273551940918e-01
4.819285273551940918e-01
4.819286465644836426e-01
4.819287359714508057e-01
4.819294512271881104e-01
4.819294512271881104e-01
4.810568690299987793e-01
4.818164706230163574e-01
4.818300604820251465e-01
4.818397164344787598e-01
4.818661808967590332e-01
4.818812608718872070e-01
4.818864464759826660e-01
4.818933904170989990e-01
4.819121062755584717e-01
4.819282591342926025e-01
4.819286167621612549e-01
4.819287359714508057e-01
4.819287955760955811e-01
4.819288849830627441e-01
4.819285273551940918e-01
4.819286167621612549e-01
4.819287061691284180e-01
4.819287955760955811e-01
4.819289147853851318e-01
4.819290041923522949e-01
4.819290637969970703e-01
4.819291532039642334e-01
4.819292426109313965e-01
4.819285869598388672e-01
4.819268584251403809e-01
4.819271564483642578e-01
4.819256663322448730e-01
4.819176197052001953e-01
4.819294512271881104e-01
4.819294512271881104e-01
4.819294512271881104e-01
4.825686216354370117e-01
4.819294512271881104e-01
4.819294512271881104e-01
4.819294512271881104e-01
4.819294512271881104e-01
4.817588031291961670e-01
4.817924499511718750e-01
4.818218648433685303e-01
4.818328022956848145e-01
4.818427562713623047e-01
4.818519651889801025e-01
4.818603098392486572e-01
4.819294512271881104e-01
4.819294512271881104e-01
4.819294512271881104e-01
4.819294512271881104e-01
4.819294512271881104e-01
4.819294512271881104e-01
4.819294512271881104e-01
4.819294512271881104e-01
4.819294512271881104e-01
4.819294512271881104e-01
4.819294512271881104e-01
4.819294512271881104e-01
4.819294512271881104e-01
4.819294512271881104e-01
4.818107187747955322e-01
4.818215966224670410e-01
4.818356037139892578e-01
4.818497300148010254e-01
4.818962216377258301e-01
4.819056689739227295e-01
4.819112718105316162e-01
4.819147586822509766e-01
4.819143712520599365e-01
4.819188714027404785e-01
4.819203913211822510e-01
4.819294512271881104e-01
4.819257855415344238e-01
4.819232225418090820e-01
4.819242656230926514e-01
4.819261431694030762e-01
4.819254875183105469e-01
4.819265902042388916e-01
4.819262921810150146e-01
4.819175302982330322e-01
4.819268584251403809e-01
4.819263517856597900e-01
4.819276034832000732e-01
4.819282889366149902e-01
4.819281101226806641e-01
4.819278717041015625e-01
4.819285273551940918e-01
4.819292426109313965e-01
4.819294512271881104e-01
4.819294512271881104e-01
4.819294512271881104e-01
4.819260239601135254e-01
4.819294512271881104e-01
4.819294512271881104e-01
4.819294512271881104e-01
4.819294512271881104e-01
4.819294512271881104e-01
4.819294512271881104e-01
4.819294512271881104e-01
4.819294512271881104e-01
4.819294512271881104e-01
4.819294512271881104e-01
4.819294512271881104e-01
4.819294512271881104e-01
4.819294512271881104e-01
4.819294512271881104e-01
4.819294512271881104e-01
4.819294512271881104e-01
4.819294512271881104e-01
4.819294512271881104e-01
4.819294512271881104e-01
4.819294512271881104e-01
4.818791449069976807e-01
4.819294512271881104e-01
4.819294512271881104e-01
4.819294512271881104e-01
4.818688631057739258e-01
4.820255339145660400e-01
4.819018840789794922e-01
4.818812310695648193e-01
4.816778302192687988e-01
4.818770587444305420e-01
4.818902313709259033e-01
4.819294512271881104e-01
4.819294512271881104e-01
4.818428754806518555e-01
4.819294512271881104e-01
4.819294512271881104e-01
4.152477383613586426e-01
4.809855222702026367e-01
4.819138050079345703e-01
4.818945825099945068e-01
4.819032549858093262e-01
4.819294512271881104e-01
4.799493849277496338e-01
4.815863072872161865e-01
4.815979599952697754e-01
4.816233813762664795e-01
4.809666872024536133e-01
4.814562797546386719e-01
4.816629886627197266e-01
4.816641509532928467e-01
4.817401766777038574e-01
4.816697537899017334e-01
4.817280769348144531e-01
4.818016588687896729e-01
4.817351400852203369e-01
4.818167090415954590e-01
4.818356037139892578e-01
4.818483293056488037e-01
4.818557202816009521e-01
4.818622171878814697e-01
4.819294512271881104e-01
4.819306135177612305e-01
4.746340513229370117e-01
4.820197224617004395e-01
4.819294512271881104e-01
4.816104769706726074e-01
4.819294512271881104e-01
4.819159209728240967e-01
4.819222390651702881e-01
4.819034337997436523e-01
4.819294512271881104e-01
4.819294512271881104e-01
4.819143712520599365e-01
4.818807840347290039e-01
4.818719029426574707e-01
4.818880259990692139e-01
4.818455278873443604e-01
4.818948805332183838e-01
4.818323254585266113e-01
4.819005131721496582e-01
4.818366765975952148e-01
4.819041788578033447e-01
4.819051325321197510e-01
4.819040894508361816e-01
4.818351864814758301e-01
4.818519055843353271e-01
4.819115996360778809e-01
4.819134473800659180e-01
4.819145798683166504e-01
4.818516969680786133e-01
4.818906784057617188e-01
4.818838834762573242e-01
4.819186925888061523e-01
4.819168448448181152e-01
4.818697869777679443e-01
4.819208383560180664e-01
4.819271564483642578e-01
4.819085299968719482e-01
4.818612635135650635e-01
4.819294512271881104e-01
4.819294512271881104e-01
4.819294512271881104e-01
4.819294512271881104e-01
4.819294512271881104e-01
4.819294512271881104e-01
4.819294512271881104e-01
4.819189906120300293e-01
4.819294512271881104e-01
4.819294512271881104e-01
4.819294512271881104e-01
4.819294512271881104e-01
4.819294512271881104e-01
4.819294512271881104e-01
4.819294512271881104e-01
4.819294512271881104e-01
4.819294512271881104e-01
4.819294512271881104e-01
4.819294512271881104e-01
4.819294512271881104e-01
4.819294512271881104e-01
4.819294512271881104e-01
4.819294512271881104e-01
4.819294512271881104e-01
4.819294512271881104e-01
4.819270968437194824e-01
4.819269478321075439e-01
4.819268286228179932e-01
4.819269776344299316e-01
4.815587699413299561e-01
4.818502664566040039e-01
4.818617105484008789e-01
4.818689525127410889e-01
4.818722009658813477e-01
4.818840622901916504e-01
4.818911254405975342e-01
4.818869531154632568e-01
4.818942546844482422e-01
4.818992912769317627e-01
4.819048941135406494e-01
4.819139540195465088e-01
4.819120168685913086e-01
4.818941354751586914e-01
4.799070656299591064e-01
4.819077849388122559e-01
4.747974276542663574e-01
4.810902476310729980e-01
4.819294512271881104e-01
4.819103777408599854e-01
4.819294512271881104e-01
4.819294512271881104e-01
4.819184839725494385e-01
4.819294512271881104e-01
4.818938374519348145e-01
4.819294512271881104e-01
4.819294512271881104e-01
4.819178581237792969e-01
4.819294512271881104e-01
4.819294512271881104e-01
4.819294512271881104e-01
4.819294512271881104e-01
4.819266200065612793e-01
4.819273948669433594e-01
4.819294512271881104e-01
4.819294512271881104e-01
4.819294512271881104e-01
4.812566637992858887e-01
4.818431735038757324e-01
4.819294512271881104e-01
4.817274808883666992e-01
4.819294512271881104e-01
4.819208085536956787e-01
4.819217622280120850e-01
4.819226264953613281e-01
4.819235205650329590e-01
4.819242358207702637e-01
4.819294512271881104e-01
4.817348122596740723e-01
4.818735122680664062e-01
4.818790256977081299e-01
4.818849265575408936e-01
4.818904697895050049e-01
4.818955957889556885e-01
4.819003939628601074e-01
4.819034039974212646e-01
4.819068312644958496e-01
4.819095134735107422e-01
4.819124042987823486e-01
4.819149076938629150e-01
4.819192886352539062e-01
4.819068610668182373e-01
4.819246530532836914e-01
4.819251894950866699e-01
4.819152653217315674e-01
4.819039106369018555e-01
4.818988144397735596e-01
4.819294512271881104e-01
4.819294512271881104e-01
4.819294512271881104e-01
4.819269776344299316e-01
4.819294512271881104e-01
4.819294512271881104e-01
4.819294512271881104e-01
4.819294512271881104e-01
4.819224178791046143e-01
4.819294512271881104e-01
4.819294512271881104e-01
4.819294512271881104e-01
4.819259941577911377e-01
4.819294512271881104e-01
4.819294512271881104e-01
4.819294512271881104e-01
4.819294512271881104e-01
4.819294512271881104e-01
4.819294512271881104e-01
4.819294512271881104e-01
4.819294512271881104e-01
4.819294512271881104e-01
4.819294512271881104e-01
4.819294512271881104e-01
4.819294512271881104e-01
4.819294512271881104e-01
4.819294512271881104e-01
4.819294512271881104e-01
4.819294512271881104e-01
4.819294512271881104e-01
4.819294512271881104e-01
4.819294512271881104e-01
4.819294512271881104e-01
4.819294512271881104e-01
4.819294512271881104e-01
4.819294512271881104e-01
4.819294512271881104e-01
4.819294512271881104e-01
4.819294512271881104e-01
4.819294512271881104e-01
4.819294512271881104e-01
4.819294512271881104e-01
4.819294512271881104e-01
4.819294512271881104e-01
4.818974435329437256e-01
4.819294512271881104e-01
4.819294512271881104e-01
4.819294512271881104e-01
4.819294512271881104e-01
4.819294512271881104e-01
4.819294512271881104e-01
4.819294512271881104e-01
4.819294512271881104e-01
4.819294512271881104e-01
4.819294512271881104e-01
4.819294512271881104e-01
4.819294512271881104e-01
4.819294512271881104e-01
4.819294512271881104e-01
4.819294512271881104e-01
4.819294512271881104e-01
4.819294512271881104e-01
4.819294512271881104e-01
4.819294512271881104e-01
4.819294512271881104e-01
4.819294512271881104e-01
4.819294512271881104e-01
4.819294512271881104e-01
4.819294512271881104e-01
4.819294512271881104e-01
4.819294512271881104e-01
4.819294512271881104e-01
4.819294512271881104e-01
4.819294512271881104e-01
4.819294512271881104e-01
4.819294512271881104e-01
4.819003343582153320e-01
4.818753302097320557e-01
4.819294512271881104e-01
4.819294512271881104e-01
4.818886816501617432e-01
4.819189608097076416e-01
4.819199740886688232e-01
4.819194674491882324e-01
4.819286167621612549e-01
4.819259345531463623e-01
4.819294512271881104e-01
4.819294512271881104e-01
4.819294512271881104e-01
4.819294512271881104e-01
4.819212257862091064e-01
4.819210469722747803e-01
4.819063246250152588e-01
4.819234907627105713e-01
4.819242060184478760e-01
4.819246828556060791e-01
4.819251596927642822e-01
4.819250702857971191e-01
4.819245338439941406e-01
4.819232225418090820e-01
4.819231033325195312e-01
4.819241464138031006e-01
4.819251596927642822e-01
4.819256365299224854e-01
4.819268584251403809e-01
4.819275438785552979e-01
4.819284379482269287e-01
4.819294512271881104e-01
4.819294512271881104e-01
4.819294512271881104e-01
4.819294512271881104e-01
4.819294512271881104e-01
4.819294512271881104e-01
4.819294512271881104e-01
4.819294512271881104e-01
4.819294512271881104e-01
4.819294512271881104e-01
4.813439846038818359e-01
4.818451106548309326e-01
4.816680252552032471e-01
4.816974997520446777e-01
4.817760288715362549e-01
4.817983508110046387e-01
4.818121194839477539e-01
4.818250536918640137e-01
4.818044006824493408e-01
4.818443655967712402e-01
4.819294512271881104e-01
4.819294512271881104e-01
4.819291532039642334e-01
4.819294512271881104e-01
4.819294512271881104e-01
4.819294512271881104e-01
4.819294512271881104e-01
4.819294512271881104e-01
4.819294512271881104e-01
4.819294512271881104e-01
4.819294512271881104e-01
4.819294512271881104e-01
4.819294512271881104e-01
4.819294512271881104e-01
4.819294512271881104e-01
4.819294512271881104e-01
4.819270074367523193e-01
4.819250404834747314e-01
4.819253683090209961e-01
4.819270670413970947e-01
4.819276928901672363e-01
4.819279313087463379e-01
4.819290637969970703e-01
4.819293618202209473e-01
4.797430932521820068e-01
4.815800786018371582e-01
4.816086292266845703e-01
4.816401898860931396e-01
4.816751480102539062e-01
4.816985130310058594e-01
4.817169606685638428e-01
4.817347526550292969e-01
4.817493855953216553e-01
4.816524982452392578e-01
4.818374514579772949e-01
4.818394482135772705e-01
4.818457365036010742e-01
4.818532466888427734e-01
4.817767739295959473e-01
4.818638563156127930e-01
4.818762242794036865e-01
4.819294512271881104e-01
4.819275438785552979e-01
4.819294512271881104e-01
4.819294512271881104e-01
4.813400506973266602e-01
4.819121062755584717e-01
4.819294512271881104e-01
4.818739593029022217e-01
4.819288253784179688e-01
4.819294512271881104e-01
4.818902313709259033e-01
4.819216728210449219e-01
4.819224774837493896e-01
4.819232225418090820e-01
4.817866683006286621e-01
4.819225072860717773e-01
4.819294512271881104e-01
4.819294512271881104e-01
4.819294512271881104e-01
4.819294512271881104e-01
4.819294512271881104e-01
4.819294512271881104e-01
4.819294512271881104e-01
4.819032847881317139e-01
4.819294512271881104e-01
4.819294512271881104e-01
4.819294512271881104e-01
4.819294512271881104e-01
4.819294512271881104e-01
4.819294512271881104e-01
4.819294512271881104e-01
4.819294512271881104e-01
4.819294512271881104e-01
4.819294512271881104e-01
4.819294512271881104e-01
4.819294512271881104e-01
4.819294512271881104e-01
4.819106161594390869e-01
4.819294512271881104e-01
4.828138947486877441e-01
4.820869565010070801e-01
4.819294512271881104e-01
4.819294512271881104e-01
4.819294512271881104e-01
4.819294512271881104e-01
4.819294512271881104e-01
4.819294512271881104e-01
4.819294512271881104e-01
4.825735390186309814e-01
4.819294512271881104e-01
4.822107553482055664e-01
4.819294512271881104e-01
4.819294512271881104e-01
4.766316711902618408e-01
4.819294512271881104e-01
4.819294512271881104e-01
4.819294512271881104e-01
4.807536900043487549e-01
4.682015180587768555e-01
4.819294512271881104e-01
4.821084737777709961e-01
4.819294512271881104e-01
4.819294512271881104e-01
4.595192372798919678e-01
4.823153018951416016e-01
4.819294512271881104e-01
4.819294512271881104e-01
4.819294512271881104e-01
4.821140170097351074e-01
4.819294512271881104e-01
4.819294512271881104e-01
4.819294512271881104e-01
4.819294512271881104e-01
4.819294512271881104e-01
4.819294512271881104e-01
4.327283203601837158e-01
4.766026139259338379e-01
4.330613315105438232e-01
4.765900373458862305e-01
4.827595353126525879e-01
4.819294512271881104e-01
4.404593408107757568e-01
4.819294512271881104e-01
4.356189370155334473e-01
4.824491739273071289e-01
4.823710322380065918e-01
4.823461472988128662e-01
4.334805011749267578e-01
4.325495660305023193e-01
4.795493781566619873e-01
4.819294512271881104e-01
4.821020364761352539e-01
4.824413657188415527e-01
4.822733104228973389e-01
4.169107675552368164e-01
4.819374680519104004e-01
4.819190204143524170e-01
4.819294512271881104e-01
4.819294512271881104e-01
4.819294512271881104e-01
4.819294512271881104e-01
4.819294512271881104e-01
4.819294512271881104e-01
4.819294512271881104e-01
4.819294512271881104e-01
4.819294512271881104e-01
4.819294512271881104e-01
4.819294512271881104e-01
4.819294512271881104e-01
4.819294512271881104e-01
4.819294512271881104e-01
4.819294512271881104e-01
4.819294512271881104e-01
4.819294512271881104e-01
4.819294512271881104e-01
4.819294512271881104e-01
4.819294512271881104e-01
4.819294512271881104e-01
4.822732508182525635e-01
4.819162786006927490e-01
4.819182157516479492e-01
4.819190800189971924e-01
4.819214046001434326e-01
4.819213151931762695e-01
4.819230139255523682e-01
4.819243252277374268e-01
4.819247424602508545e-01
4.819255471229553223e-01
4.819279909133911133e-01
4.819291532039642334e-01
4.819294512271881104e-01
4.819294512271881104e-01
4.819294512271881104e-01
4.819294512271881104e-01
4.819294512271881104e-01
4.819294512271881104e-01
4.819294512271881104e-01
4.819212257862091064e-01
4.819149971008300781e-01
4.818783700466156006e-01
4.819086790084838867e-01
4.806771576404571533e-01
4.805111587047576904e-01
4.803426265716552734e-01
4.806281030178070068e-01
4.817525744438171387e-01
4.818870127201080322e-01
4.819245338439941406e-01
4.819238781929016113e-01
4.819249212741851807e-01
4.819251596927642822e-01
4.819262921810150146e-01
4.819269478321075439e-01
4.819278717041015625e-01
4.741272628307342529e-01
4.746637940406799316e-01
4.743265807628631592e-01
4.792626202106475830e-01
4.752790629863739014e-01
4.753001928329467773e-01
4.819294512271881104e-01
4.819294512271881104e-01
4.819294512271881104e-01
4.791322052478790283e-01
4.819294512271881104e-01
4.819294512271881104e-01
4.819294512271881104e-01
4.819294512271881104e-01
4.819294512271881104e-01
4.819294512271881104e-01
4.819294512271881104e-01
4.824926555156707764e-01
4.819294512271881104e-01
4.821254014968872070e-01
4.819294512271881104e-01
4.819294512271881104e-01
4.819294512271881104e-01
4.819294512271881104e-01
4.819294512271881104e-01
4.819294512271881104e-01
4.828048348426818848e-01
4.781824946403503418e-01
4.787677228450775146e-01
4.817320406436920166e-01
4.817532002925872803e-01
4.817608594894409180e-01
4.817692637443542480e-01
4.817872047424316406e-01
4.817957580089569092e-01
4.818023443222045898e-01
4.818210303783416748e-01
4.818380475044250488e-01
4.818467199802398682e-01
4.818531870841979980e-01
4.818672835826873779e-01
4.818722605705261230e-01
4.818764328956604004e-01
4.818809926509857178e-01
4.818851351737976074e-01
4.818891286849975586e-01
4.818933606147766113e-01
4.818958044052124023e-01
4.818988740444183350e-01
4.818873703479766846e-01
4.818916022777557373e-01
4.818952381610870361e-01
4.818995594978332520e-01
4.819028675556182861e-01
4.819294512271881104e-01
4.819294512271881104e-01
4.819294512271881104e-01
4.819294512271881104e-01
4.818862080574035645e-01
4.819294512271881104e-01
4.819294512271881104e-01
4.819294512271881104e-01
4.819294512271881104e-01
4.819294512271881104e-01
4.819294512271881104e-01
4.819294512271881104e-01
4.819294512271881104e-01
4.819294512271881104e-01
4.819294512271881104e-01
4.818784892559051514e-01
4.819294512271881104e-01
4.819294512271881104e-01
4.819042682647705078e-01
4.819294512271881104e-01
4.819294512271881104e-01
4.819294512271881104e-01
4.819294512271881104e-01
4.819294512271881104e-01
4.819294512271881104e-01
4.819294512271881104e-01
4.819294512271881104e-01
4.819294512271881104e-01
4.819294512271881104e-01
4.819294512271881104e-01
4.819294512271881104e-01
4.819294512271881104e-01
4.819294512271881104e-01
4.819294512271881104e-01
4.819294512271881104e-01
4.819294512271881104e-01
4.819294512271881104e-01
4.819294512271881104e-01
4.819294512271881104e-01
4.818935096263885498e-01
4.819294512271881104e-01
4.819294512271881104e-01
4.819294512271881104e-01
4.819294512271881104e-01
4.819294512271881104e-01
4.819294512271881104e-01
4.819294512271881104e-01
4.819294512271881104e-01
4.819294512271881104e-01
4.819294512271881104e-01
4.819294512271881104e-01
4.819294512271881104e-01
4.819294512271881104e-01
4.819294512271881104e-01
4.819294512271881104e-01
4.819294512271881104e-01
4.819294512271881104e-01
4.819294512271881104e-01
4.819294512271881104e-01
4.819294512271881104e-01
4.819294512271881104e-01
4.819294512271881104e-01
4.819294512271881104e-01
4.819294512271881104e-01
4.819294512271881104e-01
4.819294512271881104e-01
4.819294512271881104e-01
4.819294512271881104e-01
4.819294512271881104e-01
4.815174043178558350e-01
4.361493885517120361e-01
4.818883836269378662e-01
4.819294512271881104e-01
4.819268882274627686e-01
4.133804738521575928e-01
4.809718430042266846e-01
4.173025190830230713e-01
4.819294512271881104e-01
4.819294512271881104e-01
4.819294512271881104e-01
4.819294512271881104e-01
4.819294512271881104e-01
4.819294512271881104e-01
4.818846881389617920e-01
4.819294512271881104e-01
4.818592667579650879e-01
4.819294512271881104e-01
4.818851351737976074e-01
4.819294512271881104e-01
4.818863868713378906e-01
4.819294512271881104e-01
4.827015399932861328e-01
4.819294512271881104e-01
4.819294512271881104e-01
4.819294512271881104e-01
4.819200932979583740e-01
4.818858504295349121e-01
4.818931221961975098e-01
4.818963110446929932e-01
4.819294512271881104e-01
4.819294512271881104e-01
4.819294512271881104e-01
4.822052121162414551e-01
4.819294512271881104e-01
4.819280803203582764e-01
4.819284975528717041e-01
4.819294512271881104e-01
4.819292724132537842e-01
4.819220304489135742e-01
4.819242358207702637e-01
4.819252490997314453e-01
4.819252789020538330e-01
4.819257557392120361e-01
4.819262921810150146e-01
4.819268882274627686e-01
4.819275736808776855e-01
4.819277822971343994e-01
4.819294512271881104e-01
4.819284677505493164e-01
4.819294512271881104e-01
4.819293618202209473e-01
4.819294512271881104e-01
4.819294512271881104e-01
4.818912148475646973e-01
4.819137454032897949e-01
4.819155931472778320e-01
4.819169044494628906e-01
4.819183349609375000e-01
4.817141294479370117e-01
4.817346334457397461e-01
4.817584753036499023e-01
4.817624688148498535e-01
4.817775189876556396e-01
4.817998409271240234e-01
4.781979620456695557e-01
4.814672172069549561e-01
4.815155565738677979e-01
4.815452396869659424e-01
4.815868735313415527e-01
4.816232323646545410e-01
4.816572666168212891e-01
4.816857874393463135e-01
4.817062616348266602e-01
4.817316532135009766e-01
4.817504882812500000e-01
4.818018674850463867e-01
4.817521870136260986e-01
4.818120002746582031e-01
4.818164408206939697e-01
4.818292856216430664e-01
4.818384647369384766e-01
4.818474352359771729e-01
4.816991090774536133e-01
4.818833470344543457e-01
4.815450906753540039e-01
4.818935096263885498e-01
4.818960726261138916e-01
4.819002449512481689e-01
4.818611443042755127e-01
4.818945825099945068e-01
4.819294512271881104e-01
4.819294512271881104e-01
4.819294512271881104e-01
4.819294512271881104e-01
4.819258153438568115e-01
4.819294512271881104e-01
4.819294512271881104e-01
4.819294512271881104e-01
4.819294512271881104e-01
4.819294512271881104e-01
4.819294512271881104e-01
4.819294512271881104e-01
4.819294512271881104e-01
4.819294512271881104e-01
4.819294512271881104e-01
4.819294512271881104e-01
4.819294512271881104e-01
4.819294512271881104e-01
4.819294512271881104e-01
4.819294512271881104e-01
4.819294512271881104e-01
4.820667803287506104e-01
4.819294512271881104e-01
4.819294512271881104e-01
4.824078679084777832e-01
4.824509322643280029e-01
4.819294512271881104e-01
4.819294512271881104e-01
4.819009900093078613e-01
4.819294512271881104e-01
4.819294512271881104e-01
4.819294512271881104e-01
4.819294512271881104e-01
4.819294512271881104e-01
4.819294512271881104e-01
4.819294512271881104e-01
4.819294512271881104e-01
4.819069802761077881e-01
4.819290935993194580e-01
4.819134473800659180e-01
4.819294512271881104e-01
4.818959832191467285e-01
4.819294512271881104e-01
4.819127917289733887e-01
4.819158315658569336e-01
4.819294512271881104e-01
4.819294512271881104e-01
4.819294512271881104e-01
4.818636178970336914e-01
4.802744388580322266e-01
4.796678125858306885e-01
4.801151156425476074e-01
4.813176393508911133e-01
4.798460900783538818e-01
4.800709486007690430e-01
4.802640080451965332e-01
4.804237484931945801e-01
4.805641472339630127e-01
4.813010394573211670e-01
4.813536703586578369e-01
4.816988110542297363e-01
4.815958142280578613e-01
4.816688895225524902e-01
4.817251563072204590e-01
4.817469716072082520e-01
4.817576110363006592e-01
4.816898703575134277e-01
4.817155599594116211e-01
4.817951321601867676e-01
4.818146824836730957e-01
4.818261563777923584e-01
4.818244874477386475e-01
4.818568825721740723e-01
4.818646907806396484e-01
4.818717837333679199e-01
4.818783998489379883e-01
4.818824529647827148e-01
4.818699061870574951e-01
4.818827509880065918e-01
4.818954169750213623e-01
4.818984270095825195e-01
4.749746024608612061e-01
4.819270968437194824e-01
4.818983674049377441e-01
4.818637967109680176e-01
4.819276630878448486e-01
4.819294512271881104e-01
4.819294512271881104e-01
4.819294512271881104e-01
4.803194105625152588e-01
4.819136559963226318e-01
4.819294512271881104e-01
4.819169044494628906e-01
4.819294512271881104e-01
4.819294512271881104e-01
4.078605175018310547e-01
4.819013774394989014e-01
4.819032251834869385e-01
4.818794131278991699e-01
4.819294512271881104e-01
4.819294512271881104e-01
4.819099903106689453e-01
4.819294512271881104e-01
4.819294512271881104e-01
4.819294512271881104e-01
4.819294512271881104e-01
4.819294512271881104e-01
4.819294512271881104e-01
4.819294512271881104e-01
4.820569157600402832e-01
4.820922315120697021e-01
4.819294512271881104e-01
4.818417429924011230e-01
4.818989038467407227e-01
4.746542572975158691e-01
4.819294512271881104e-01
4.819294512271881104e-01
4.818882942199707031e-01
4.818927645683288574e-01
4.819024205207824707e-01
4.819294512271881104e-01
4.819294512271881104e-01
4.818867444992065430e-01
4.818779826164245605e-01
4.818917214870452881e-01
4.819833636283874512e-01
4.819294512271881104e-01
4.819294512271881104e-01
4.819294512271881104e-01
4.819294512271881104e-01
4.746505320072174072e-01
4.746548831462860107e-01
4.423086047172546387e-01
4.817759096622467041e-01
4.746531546115875244e-01
4.818052351474761963e-01
4.809309840202331543e-01
4.818673133850097656e-01
4.815793037414550781e-01
4.817675948143005371e-01
4.816016852855682373e-01
4.817023277282714844e-01
4.651466012001037598e-01
4.630989134311676025e-01
4.819206595420837402e-01
4.752971529960632324e-01
4.819111526012420654e-01
4.819265305995941162e-01
4.819294512271881104e-01
4.819294512271881104e-01
4.818479716777801514e-01
4.818976223468780518e-01
4.817088246345520020e-01
4.818599224090576172e-01
4.819273650646209717e-01
4.819294512271881104e-01
4.819294512271881104e-01
4.819294512271881104e-01
4.819216728210449219e-01
4.835958778858184814e-01
4.818953871726989746e-01
4.818897843360900879e-01
4.819226861000061035e-01
4.779856801033020020e-01
4.817780554294586182e-01
4.818624556064605713e-01
4.818258285522460938e-01
4.817627370357513428e-01
4.759712219238281250e-01
4.765351712703704834e-01
4.371401965618133545e-01
4.773843884468078613e-01
4.773515164852142334e-01
4.815665185451507568e-01
4.818765819072723389e-01
4.819273948669433594e-01
4.819294512271881104e-01
4.819294512271881104e-01
4.746544063091278076e-01
4.746490418910980225e-01
4.746999740600585938e-01
4.838959574699401855e-01
4.818927645683288574e-01
4.818773269653320312e-01
4.819239675998687744e-01
4.819260835647583008e-01
4.458331167697906494e-01
4.493386149406433105e-01
4.819251596927642822e-01
4.818952083587646484e-01
4.819259643554687500e-01
4.819014668464660645e-01
4.819010198116302490e-01
4.819294512271881104e-01
4.819133281707763672e-01
4.819294512271881104e-01
4.819294512271881104e-01
4.819294512271881104e-01
4.819294512271881104e-01
4.819294512271881104e-01
4.819294512271881104e-01
4.819294512271881104e-01
4.819294512271881104e-01
4.819129109382629395e-01
4.819153547286987305e-01
4.819066822528839111e-01
4.819294512271881104e-01
4.818756878376007080e-01
4.179107844829559326e-01
4.166537523269653320e-01
4.168590903282165527e-01
4.158582389354705811e-01
4.157971441745758057e-01
4.158371984958648682e-01
4.819070994853973389e-01
4.815273582935333252e-01
4.149938523769378662e-01
4.818493425846099854e-01
4.818785786628723145e-01
4.818827807903289795e-01
4.818859100341796875e-01
4.819047152996063232e-01
4.819294512271881104e-01
4.819294512271881104e-01
4.819294512271881104e-01
4.819294512271881104e-01
4.820026457309722900e-01
4.819294512271881104e-01
4.818041324615478516e-01
4.567689597606658936e-01
4.818754494190216064e-01
4.819294512271881104e-01
4.797543883323669434e-01
4.807699918746948242e-01
4.776853919029235840e-01
4.817294776439666748e-01
4.809390604496002197e-01
4.819103181362152100e-01
4.818953275680541992e-01
4.818843603134155273e-01
4.819294512271881104e-01
4.819294512271881104e-01
4.818700850009918213e-01
4.818984270095825195e-01
4.819294512271881104e-01
4.819044470787048340e-01
4.818837940692901611e-01
4.819294512271881104e-01
4.819294512271881104e-01
4.819294512271881104e-01
4.819202125072479248e-01
4.819218516349792480e-01
4.819234609603881836e-01
4.819246530532836914e-01
4.819290637969970703e-01
4.819287061691284180e-01
4.819276928901672363e-01
4.819280505180358887e-01
4.819294512271881104e-01
4.819294512271881104e-01
4.819294512271881104e-01
4.819294512271881104e-01
4.818647503852844238e-01
4.817817211151123047e-01
4.817932248115539551e-01
4.803289473056793213e-01
4.809626638889312744e-01
4.810468852519989014e-01
4.812361299991607666e-01
4.813627302646636963e-01
4.814119637012481689e-01
4.814541935920715332e-01
4.815005064010620117e-01
4.815382957458496094e-01
4.815706610679626465e-01
4.812721908092498779e-01
4.754181802272796631e-01
4.818941950798034668e-01
4.818807542324066162e-01
4.818854033946990967e-01
4.818901121616363525e-01
4.818658530712127686e-01
4.818232357501983643e-01
4.819010496139526367e-01
4.819029271602630615e-01
4.819093346595764160e-01
4.819172322750091553e-01
4.809772372245788574e-01
4.818549752235412598e-01
4.818841218948364258e-01
4.819101691246032715e-01
4.818662106990814209e-01
4.818715751171112061e-01
4.818767905235290527e-01
4.817092418670654297e-01
4.816966652870178223e-01
4.817697107791900635e-01
4.817881286144256592e-01
4.818094074726104736e-01
4.818232655525207520e-01
4.818356037139892578e-01
4.818460047245025635e-01
4.818557202816009521e-01
4.799227416515350342e-01
4.816398024559020996e-01
4.816739559173583984e-01
4.817031621932983398e-01
4.817301630973815918e-01
4.817729890346527100e-01
4.817907512187957764e-01
4.818058907985687256e-01
4.818206131458282471e-01
4.818343222141265869e-01
4.818446040153503418e-01
4.818526208400726318e-01
4.818866252899169922e-01
4.819026589393615723e-01
4.819003343582153320e-01
4.819056391716003418e-01
4.817752242088317871e-01
4.818355143070220947e-01
4.818397164344787598e-01
4.818376004695892334e-01
4.818513095378875732e-01
4.818605184555053711e-01
4.818686246871948242e-01
4.818761050701141357e-01
4.818824529647827148e-01
4.818871021270751953e-01
4.818876087665557861e-01
4.818920493125915527e-01
4.818971455097198486e-01
4.818981587886810303e-01
4.818995893001556396e-01
4.819017350673675537e-01
4.819015860557556152e-01
4.819045960903167725e-01
4.819048047065734863e-01
4.818998873233795166e-01
4.819059371948242188e-01
4.819294512271881104e-01
4.819152057170867920e-01
4.819166064262390137e-01
4.819217026233673096e-01
4.819226264953613281e-01
4.819233715534210205e-01
4.819239974021911621e-01
4.819247424602508545e-01
4.819255173206329346e-01
4.819260537624359131e-01
4.819267988204956055e-01
4.819282889366149902e-01
4.819283187389373779e-01
4.819293022155761719e-01
4.819294512271881104e-01
4.819294512271881104e-01
4.819294512271881104e-01
4.819294512271881104e-01
4.819294512271881104e-01
4.819294512271881104e-01
4.819161295890808105e-01
4.819158911705017090e-01
4.819169640541076660e-01
4.819104075431823730e-01
4.819234013557434082e-01
4.819262921810150146e-01
4.819280803203582764e-01
4.819294512271881104e-01
4.819294512271881104e-01
4.819294512271881104e-01
4.819294512271881104e-01
4.819294512271881104e-01
4.819108247756958008e-01
4.818612337112426758e-01
4.818516671657562256e-01
4.818721711635589600e-01
4.818681180477142334e-01
4.819294512271881104e-01
4.818705320358276367e-01
4.819294512271881104e-01
4.819294512271881104e-01
4.818831980228424072e-01
4.819294512271881104e-01
4.819294512271881104e-01
4.819294512271881104e-01
4.818456768989562988e-01
4.819294512271881104e-01
4.819294512271881104e-01
4.819294512271881104e-01
4.819294512271881104e-01
4.819294512271881104e-01
4.819214344024658203e-01
4.819226264953613281e-01
4.818963110446929932e-01
4.819011986255645752e-01
4.819047451019287109e-01
4.819101095199584961e-01
4.819130003452301025e-01
4.819150865077972412e-01
4.819166064262390137e-01
4.819182753562927246e-01
4.819198846817016602e-01
4.819206893444061279e-01
4.819226562976837158e-01
4.819271564483642578e-01
4.819276034832000732e-01
4.819279313087463379e-01
4.819281101226806641e-01
4.819284379482269287e-01
4.819288551807403564e-01
4.819291234016418457e-01
4.819294512271881104e-01
4.819294512271881104e-01
4.819294512271881104e-01
4.819294512271881104e-01
4.819294512271881104e-01
4.819294512271881104e-01
4.819294512271881104e-01
4.819294512271881104e-01
4.819294512271881104e-01
4.819294512271881104e-01
4.819294512271881104e-01
4.819294512271881104e-01
4.819294512271881104e-01
4.819294512271881104e-01
4.819294512271881104e-01
4.819294512271881104e-01
4.819294512271881104e-01
4.819229245185852051e-01
4.819288253784179688e-01
4.819289445877075195e-01
4.819292128086090088e-01
4.819292426109313965e-01
4.819294512271881104e-01
4.818555712699890137e-01
4.819207191467285156e-01
4.818683266639709473e-01
4.818682968616485596e-01
4.818752706050872803e-01
4.818806648254394531e-01
4.818860292434692383e-01
4.818903505802154541e-01
4.818952679634094238e-01
4.818989038467407227e-01
4.819014966487884521e-01
4.819010794162750244e-01
4.807728230953216553e-01
4.817906320095062256e-01
4.819294512271881104e-01
4.819294512271881104e-01
4.819294512271881104e-01
4.818624556064605713e-01
4.819294512271881104e-01
4.818844795227050781e-01
4.819132685661315918e-01
4.818728268146514893e-01
4.819037318229675293e-01
4.819166958332061768e-01
4.819166064262390137e-01
4.818648695945739746e-01
4.819178879261016846e-01
4.819204509258270264e-01
4.819211661815643311e-01
4.819218218326568604e-01
4.819226264953613281e-01
4.819234311580657959e-01
4.779998660087585449e-01
4.798038005828857422e-01
4.815297722816467285e-01
4.816104769706726074e-01
4.816423952579498291e-01
4.816698133945465088e-01
4.816946089267730713e-01
4.817184805870056152e-01
4.817698299884796143e-01
4.817866981029510498e-01
4.818021059036254883e-01
4.818159639835357666e-01
4.818282723426818848e-01
4.818395674228668213e-01
4.818500876426696777e-01
4.818595945835113525e-01
4.818675220012664795e-01
4.818741679191589355e-01
4.818801879882812500e-01
4.818859100341796875e-01
