0.000000000000000000e+00
0.000000000000000000e+00
4.558330774307250977e-01
0.000000000000000000e+00
0.000000000000000000e+00
4.558330774307250977e-01
4.558330774307250977e-01
0.000000000000000000e+00
0.000000000000000000e+00
0.000000000000000000e+00
4.558330774307250977e-01
0.000000000000000000e+00
0.000000000000000000e+00
4.824289679527282715e-02
0.000000000000000000e+00
0.000000000000000000e+00
0.000000000000000000e+00
0.000000000000000000e+00
0.000000000000000000e+00
0.000000000000000000e+00
0.000000000000000000e+00
4.508985579013824463e-01
5.729803442955017090e-02
0.000000000000000000e+00
4.558330774307250977e-01
0.000000000000000000e+00
0.000000000000000000e+00
4.558330774307250977e-01
0.000000000000000000e+00
0.000000000000000000e+00
0.000000000000000000e+00
0.000000000000000000e+00
0.000000000000000000e+00
4.558330774307250977e-01
0.000000000000000000e+00
4.558330774307250977e-01
0.000000000000000000e+00
0.000000000000000000e+00
0.000000000000000000e+00
0.000000000000000000e+00
0.000000000000000000e+00
0.000000000000000000e+00
0.000000000000000000e+00
4.558330774307250977e-01
4.558330774307250977e-01
0.000000000000000000e+00
0.000000000000000000e+00
4.558330774307250977e-01
0.000000000000000000e+00
0.000000000000000000e+00
4.558330774307250977e-01
4.558330774307250977e-01
4.558330774307250977e-01
0.000000000000000000e+00
4.558330774307250977e-01
4.558330774307250977e-01
4.558330774307250977e-01
4.558330774307250977e-01
4.558330774307250977e-01
4.558330774307250977e-01
4.558330774307250977e-01
4.558330774307250977e-01
0.000000000000000000e+00
4.558330774307250977e-01
4.558330774307250977e-01
0.000000000000000000e+00
0.000000000000000000e+00
0.000000000000000000e+00
0.000000000000000000e+00
0.000000000000000000e+00
0.000000000000000000e+00
4.600881338119506836e-01
4.558330774307250977e-01
4.558330774307250977e-01
0.000000000000000000e+00
4.558330774307250977e-01
4.558330774307250977e-01
0.000000000000000000e+00
4.558330774307250977e-01
0.000000000000000000e+00
4.558330774307250977e-01
4.666719138622283936e-01
0.000000000000000000e+00
0.000000000000000000e+00
4.558330774307250977e-01
0.000000000000000000e+00
0.000000000000000000e+00
4.629972577095031738e-01
4.558330774307250977e-01
4.558330774307250977e-01
4.558330774307250977e-01
4.558330774307250977e-01
4.558330774307250977e-01
4.558330774307250977e-01
4.558330774307250977e-01
4.558330774307250977e-01
4.558330774307250977e-01
4.558330774307250977e-01
4.558330774307250977e-01
4.558330774307250977e-01
0.000000000000000000e+00
4.558330774307250977e-01
4.558330774307250977e-01
4.558330774307250977e-01
4.558330774307250977e-01
4.558330774307250977e-01
4.558330774307250977e-01
4.558330774307250977e-01
4.558330774307250977e-01
4.558330774307250977e-01
4.558330774307250977e-01
4.558330774307250977e-01
4.558330774307250977e-01
4.558330774307250977e-01
4.558330774307250977e-01
4.558330774307250977e-01
4.558330774307250977e-01
4.558330774307250977e-01
4.558330774307250977e-01
0.000000000000000000e+00
4.558330774307250977e-01
4.558330774307250977e-01
4.558330774307250977e-01
4.558330774307250977e-01
4.558330774307250977e-01
4.558330774307250977e-01
0.000000000000000000e+00
4.558330774307250977e-01
0.000000000000000000e+00
0.000000000000000000e+00
0.000000000000000000e+00
0.000000000000000000e+00
0.000000000000000000e+00
0.000000000000000000e+00
0.000000000000000000e+00
0.000000000000000000e+00
0.000000000000000000e+00
4.558330774307250977e-01
4.558330774307250977e-01
4.558330774307250977e-01
4.558330774307250977e-01
4.558330774307250977e-01
4.558330774307250977e-01
4.558330774307250977e-01
4.558330774307250977e-01
4.558330774307250977e-01
4.558330774307250977e-01
4.558330774307250977e-01
4.558330774307250977e-01
4.558330774307250977e-01
4.558330774307250977e-01
4.558330774307250977e-01
4.558330774307250977e-01
4.558330774307250977e-01
4.558330774307250977e-01
4.558330774307250977e-01
0.000000000000000000e+00
4.558330774307250977e-01
4.558330774307250977e-01
4.558330774307250977e-01
0.000000000000000000e+00
0.000000000000000000e+00
0.000000000000000000e+00
0.000000000000000000e+00
4.558330774307250977e-01
4.558330774307250977e-01
4.558330774307250977e-01
0.000000000000000000e+00
0.000000000000000000e+00
0.000000000000000000e+00
0.000000000000000000e+00
0.000000000000000000e+00
0.000000000000000000e+00
0.000000000000000000e+00
0.000000000000000000e+00
0.000000000000000000e+00
0.000000000000000000e+00
0.000000000000000000e+00
0.000000000000000000e+00
0.000000000000000000e+00
0.000000000000000000e+00
0.000000000000000000e+00
0.000000000000000000e+00
0.000000000000000000e+00
0.000000000000000000e+00
0.000000000000000000e+00
0.000000000000000000e+00
0.000000000000000000e+00
0.000000000000000000e+00
0.000000000000000000e+00
0.000000000000000000e+00
0.000000000000000000e+00
0.000000000000000000e+00
0.000000000000000000e+00
0.000000000000000000e+00
0.000000000000000000e+00
0.000000000000000000e+00
0.000000000000000000e+00
0.000000000000000000e+00
0.000000000000000000e+00
0.000000000000000000e+00
0.000000000000000000e+00
0.000000000000000000e+00
0.000000000000000000e+00
0.000000000000000000e+00
0.000000000000000000e+00
0.000000000000000000e+00
0.000000000000000000e+00
0.000000000000000000e+00
0.000000000000000000e+00
0.000000000000000000e+00
4.558330774307250977e-01
0.000000000000000000e+00
0.000000000000000000e+00
0.000000000000000000e+00
0.000000000000000000e+00
0.000000000000000000e+00
0.000000000000000000e+00
0.000000000000000000e+00
0.000000000000000000e+00
0.000000000000000000e+00
0.000000000000000000e+00
0.000000000000000000e+00
0.000000000000000000e+00
0.000000000000000000e+00
0.000000000000000000e+00
0.000000000000000000e+00
0.000000000000000000e+00
0.000000000000000000e+00
0.000000000000000000e+00
0.000000000000000000e+00
0.000000000000000000e+00
0.000000000000000000e+00
0.000000000000000000e+00
0.000000000000000000e+00
0.000000000000000000e+00
0.000000000000000000e+00
0.000000000000000000e+00
0.000000000000000000e+00
0.000000000000000000e+00
0.000000000000000000e+00
0.000000000000000000e+00
0.000000000000000000e+00
0.000000000000000000e+00
0.000000000000000000e+00
0.000000000000000000e+00
0.000000000000000000e+00
0.000000000000000000e+00
0.000000000000000000e+00
0.000000000000000000e+00
0.000000000000000000e+00
0.000000000000000000e+00
0.000000000000000000e+00
0.000000000000000000e+00
0.000000000000000000e+00
0.000000000000000000e+00
0.000000000000000000e+00
0.000000000000000000e+00
0.000000000000000000e+00
0.000000000000000000e+00
4.558330774307250977e-01
0.000000000000000000e+00
0.000000000000000000e+00
4.558330774307250977e-01
4.558330774307250977e-01
4.558330774307250977e-01
4.558330774307250977e-01
4.558330774307250977e-01
4.558330774307250977e-01
4.558330774307250977e-01
4.558330774307250977e-01
4.558330774307250977e-01
4.558330774307250977e-01
4.558330774307250977e-01
4.558330774307250977e-01
0.000000000000000000e+00
4.563146531581878662e-01
4.957863986492156982e-01
4.558330774307250977e-01
0.000000000000000000e+00
0.000000000000000000e+00
0.000000000000000000e+00
4.558330774307250977e-01
4.558330774307250977e-01
4.558330774307250977e-01
4.558330774307250977e-01
4.558330774307250977e-01
4.558330774307250977e-01
4.558330774307250977e-01
4.558330774307250977e-01
4.558330774307250977e-01
4.558330774307250977e-01
4.558330774307250977e-01
4.558330774307250977e-01
4.558330774307250977e-01
4.558330774307250977e-01
4.558330774307250977e-01
4.558330774307250977e-01
4.558330774307250977e-01
4.558330774307250977e-01
4.558330774307250977e-01
4.558330774307250977e-01
4.558330774307250977e-01
4.558330774307250977e-01
4.558330774307250977e-01
4.558330774307250977e-01
4.558330774307250977e-01
4.558330774307250977e-01
4.558330774307250977e-01
4.558330774307250977e-01
4.558330774307250977e-01
4.558330774307250977e-01
0.000000000000000000e+00
4.558330774307250977e-01
4.558330774307250977e-01
4.558330774307250977e-01
4.558330774307250977e-01
4.558330774307250977e-01
4.558330774307250977e-01
4.558330774307250977e-01
4.558330774307250977e-01
4.558330774307250977e-01
4.558330774307250977e-01
4.558330774307250977e-01
4.558330774307250977e-01
4.558330774307250977e-01
4.558330774307250977e-01
4.558330774307250977e-01
4.558330774307250977e-01
4.558330774307250977e-01
4.558330774307250977e-01
4.558330774307250977e-01
4.558330774307250977e-01
4.558330774307250977e-01
4.558330774307250977e-01
4.558330774307250977e-01
4.558330774307250977e-01
4.558330774307250977e-01
4.558330774307250977e-01
4.558330774307250977e-01
4.558330774307250977e-01
4.558330774307250977e-01
4.558330774307250977e-01
4.558330774307250977e-01
0.000000000000000000e+00
0.000000000000000000e+00
0.000000000000000000e+00
0.000000000000000000e+00
0.000000000000000000e+00
0.000000000000000000e+00
0.000000000000000000e+00
0.000000000000000000e+00
0.000000000000000000e+00
0.000000000000000000e+00
0.000000000000000000e+00
0.000000000000000000e+00
0.000000000000000000e+00
4.558330774307250977e-01
4.558330774307250977e-01
4.558330774307250977e-01
4.558330774307250977e-01
4.558330774307250977e-01
4.558330774307250977e-01
4.558330774307250977e-01
4.558330774307250977e-01
4.558330774307250977e-01
4.558330774307250977e-01
4.558330774307250977e-01
4.558330774307250977e-01
4.558330774307250977e-01
4.558330774307250977e-01
4.558330774307250977e-01
4.558330774307250977e-01
4.558330774307250977e-01
4.558330774307250977e-01
4.558330774307250977e-01
4.558330774307250977e-01
4.558330774307250977e-01
4.558330774307250977e-01
4.558330774307250977e-01
4.558330774307250977e-01
4.558330774307250977e-01
0.000000000000000000e+00
0.000000000000000000e+00
4.558330774307250977e-01
0.000000000000000000e+00
0.000000000000000000e+00
4.558330774307250977e-01
0.000000000000000000e+00
4.558330774307250977e-01
4.558330774307250977e-01
0.000000000000000000e+00
0.000000000000000000e+00
4.558330774307250977e-01
4.558330774307250977e-01
0.000000000000000000e+00
0.000000000000000000e+00
0.000000000000000000e+00
0.000000000000000000e+00
4.558330774307250977e-01
4.558330774307250977e-01
4.558330774307250977e-01
4.558330774307250977e-01
4.558330774307250977e-01
4.558330774307250977e-01
0.000000000000000000e+00
0.000000000000000000e+00
4.558330774307250977e-01
0.000000000000000000e+00
4.558330774307250977e-01
4.558330774307250977e-01
4.558330774307250977e-01
0.000000000000000000e+00
2.710092663764953613e-01
0.000000000000000000e+00
0.000000000000000000e+00
0.000000000000000000e+00
0.000000000000000000e+00
4.558330774307250977e-01
0.000000000000000000e+00
0.000000000000000000e+00
0.000000000000000000e+00
4.501306414604187012e-01
0.000000000000000000e+00
0.000000000000000000e+00
4.558330774307250977e-01
4.558330774307250977e-01
4.558330774307250977e-01
4.558330774307250977e-01
0.000000000000000000e+00
4.558330774307250977e-01
4.558330774307250977e-01
4.558330774307250977e-01
0.000000000000000000e+00
0.000000000000000000e+00
0.000000000000000000e+00
0.000000000000000000e+00
0.000000000000000000e+00
4.558330774307250977e-01
4.558330774307250977e-01
4.558330774307250977e-01
4.558330774307250977e-01
4.558330774307250977e-01
4.558330774307250977e-01
4.558330774307250977e-01
4.558330774307250977e-01
4.558330774307250977e-01
4.558330774307250977e-01
4.558330774307250977e-01
4.558330774307250977e-01
4.558330774307250977e-01
4.558330774307250977e-01
4.558330774307250977e-01
4.558330774307250977e-01
4.558330774307250977e-01
4.558330774307250977e-01
4.558330774307250977e-01
4.558330774307250977e-01
4.558330774307250977e-01
4.558330774307250977e-01
4.558330774307250977e-01
4.558330774307250977e-01
4.558330774307250977e-01
4.558330774307250977e-01
4.558330774307250977e-01
4.558330774307250977e-01
4.558330774307250977e-01
4.558330774307250977e-01
4.558330774307250977e-01
4.558330774307250977e-01
4.558330774307250977e-01
4.558330774307250977e-01
4.558330774307250977e-01
4.558330774307250977e-01
4.558330774307250977e-01
4.558330774307250977e-01
4.558330774307250977e-01
4.558330774307250977e-01
4.558330774307250977e-01
4.558330774307250977e-01
