0.000000000000000000e+00
0.000000000000000000e+00
0.000000000000000000e+00
0.000000000000000000e+00
3.854279816150665283e-01
3.895895481109619141e-01
3.747863471508026123e-01
3.803033828735351562e-01
3.918458223342895508e-01
3.677303194999694824e-01
3.827049434185028076e-01
3.820505142211914062e-01
3.774392902851104736e-01
3.734061717987060547e-01
3.916314542293548584e-01
3.642649054527282715e-01
3.649088144302368164e-01
3.636608421802520752e-01
4.069540202617645264e-01
3.635179400444030762e-01
3.852151930332183838e-01
4.056221544742584229e-01
3.894829154014587402e-01
3.686727881431579590e-01
3.968452811241149902e-01
3.718652129173278809e-01
3.754041194915771484e-01
4.069540202617645264e-01
4.069540202617645264e-01
3.986176848411560059e-01
3.915858566761016846e-01
3.925779759883880615e-01
4.069540202617645264e-01
4.069540202617645264e-01
4.069540202617645264e-01
4.031159877777099609e-01
4.069540202617645264e-01
4.069540202617645264e-01
4.069540202617645264e-01
4.069540202617645264e-01
4.069540202617645264e-01
4.069540202617645264e-01
4.069540202617645264e-01
4.069540202617645264e-01
4.069540202617645264e-01
4.069540202617645264e-01
4.069540202617645264e-01
4.069540202617645264e-01
4.069540202617645264e-01
4.029043614864349365e-01
4.069540202617645264e-01
4.007056951522827148e-01
4.014588296413421631e-01
3.925251662731170654e-01
3.904542922973632812e-01
3.846726417541503906e-01
3.542725443840026855e-01
3.737310171127319336e-01
3.700601458549499512e-01
3.691765666007995605e-01
3.959838747978210449e-01
3.725780248641967773e-01
4.069540202617645264e-01
3.994798064231872559e-01
3.557654619216918945e-01
3.800456523895263672e-01
3.897911906242370605e-01
3.780896961688995361e-01
3.806087076663970947e-01
3.872044384479522705e-01
4.069540202617645264e-01
4.069540202617645264e-01
4.069540202617645264e-01
3.875948190689086914e-01
4.011691212654113770e-01
4.069540202617645264e-01
4.069540202617645264e-01
4.049786925315856934e-01
4.069540202617645264e-01
4.067830145359039307e-01
3.890725672245025635e-01
3.843990564346313477e-01
3.860319256782531738e-01
3.819039463996887207e-01
4.049618840217590332e-01
3.715910911560058594e-01
4.066115021705627441e-01
4.067248404026031494e-01
4.069540202617645264e-01
4.069540202617645264e-01
4.069540202617645264e-01
4.069540202617645264e-01
4.069540202617645264e-01
4.044684469699859619e-01
4.069540202617645264e-01
4.069540202617645264e-01
4.069540202617645264e-01
4.069540202617645264e-01
4.069540202617645264e-01
4.069540202617645264e-01
0.000000000000000000e+00
4.069540202617645264e-01
4.069540202617645264e-01
4.069540202617645264e-01
4.069540202617645264e-01
4.069540202617645264e-01
4.069540202617645264e-01
4.069540202617645264e-01
4.069540202617645264e-01
4.069540202617645264e-01
4.058006107807159424e-01
4.069540202617645264e-01
4.069540202617645264e-01
4.069540202617645264e-01
4.069540202617645264e-01
4.069540202617645264e-01
4.069540202617645264e-01
4.069540202617645264e-01
4.069540202617645264e-01
4.069540202617645264e-01
4.069540202617645264e-01
4.053717255592346191e-01
4.052167534828186035e-01
4.058390259742736816e-01
0.000000000000000000e+00
0.000000000000000000e+00
4.069540202617645264e-01
4.069540202617645264e-01
4.069540202617645264e-01
3.936128616333007812e-01
3.936805129051208496e-01
4.069540202617645264e-01
3.875603973865509033e-01
0.000000000000000000e+00
4.069540202617645264e-01
4.069540202617645264e-01
4.014269709587097168e-01
4.069540202617645264e-01
4.069540202617645264e-01
3.941965103149414062e-01
3.978530466556549072e-01
3.926224112510681152e-01
4.069540202617645264e-01
4.069540202617645264e-01
4.069540202617645264e-01
3.706867694854736328e-01
4.069540202617645264e-01
4.066382646560668945e-01
4.063652753829956055e-01
4.069540202617645264e-01
4.069540202617645264e-01
4.069540202617645264e-01
4.069540202617645264e-01
4.069540202617645264e-01
4.069540202617645264e-01
4.069540202617645264e-01
4.069540202617645264e-01
4.069540202617645264e-01
4.069540202617645264e-01
4.069540202617645264e-01
4.069540202617645264e-01
4.069540202617645264e-01
4.069540202617645264e-01
4.027832746505737305e-01
4.050279855728149414e-01
4.039180874824523926e-01
4.069540202617645264e-01
4.069540202617645264e-01
4.069540202617645264e-01
4.058982729911804199e-01
4.069540202617645264e-01
4.069540202617645264e-01
4.060432016849517822e-01
4.069540202617645264e-01
4.069540202617645264e-01
4.069540202617645264e-01
4.069540202617645264e-01
4.069540202617645264e-01
4.069540202617645264e-01
4.069540202617645264e-01
4.069540202617645264e-01
4.068520367145538330e-01
4.069540202617645264e-01
4.069540202617645264e-01
4.069540202617645264e-01
4.069540202617645264e-01
4.069540202617645264e-01
4.069540202617645264e-01
4.069540202617645264e-01
4.069540202617645264e-01
4.069540202617645264e-01
4.069540202617645264e-01
4.069540202617645264e-01
4.069540202617645264e-01
4.069540202617645264e-01
4.069540202617645264e-01
4.069540202617645264e-01
4.069540202617645264e-01
4.069540202617645264e-01
4.069540202617645264e-01
4.069540202617645264e-01
4.069540202617645264e-01
4.062588810920715332e-01
4.069540202617645264e-01
4.069540202617645264e-01
4.069540202617645264e-01
4.069540202617645264e-01
4.069540202617645264e-01
4.035603404045104980e-01
4.069540202617645264e-01
4.069540202617645264e-01
4.069540202617645264e-01
4.069540202617645264e-01
4.069540202617645264e-01
4.069540202617645264e-01
4.069540202617645264e-01
4.069540202617645264e-01
4.069540202617645264e-01
3.980292379856109619e-01
4.069540202617645264e-01
4.069540202617645264e-01
4.069540202617645264e-01
4.069540202617645264e-01
4.069540202617645264e-01
4.069540202617645264e-01
4.069540202617645264e-01
4.069540202617645264e-01
3.965151906013488770e-01
4.069540202617645264e-01
4.069540202617645264e-01
4.032917022705078125e-01
4.069540202617645264e-01
3.725735545158386230e-01
4.069540202617645264e-01
4.035955369472503662e-01
4.069540202617645264e-01
4.069540202617645264e-01
4.069540202617645264e-01
4.069540202617645264e-01
4.062592983245849609e-01
4.069540202617645264e-01
4.069540202617645264e-01
4.069540202617645264e-01
4.069540202617645264e-01
4.069540202617645264e-01
4.069540202617645264e-01
3.661768436431884766e-01
3.649954795837402344e-01
3.636445999145507812e-01
4.069540202617645264e-01
3.699394464492797852e-01
4.069540202617645264e-01
4.069540202617645264e-01
4.069540202617645264e-01
0.000000000000000000e+00
4.069540202617645264e-01
4.069540202617645264e-01
3.786039054393768311e-01
4.068789482116699219e-01
4.069540202617645264e-01
4.069540202617645264e-01
3.646367788314819336e-01
4.069540202617645264e-01
4.069540202617645264e-01
4.069540202617645264e-01
4.065460562705993652e-01
4.069540202617645264e-01
4.069540202617645264e-01
4.069540202617645264e-01
4.069540202617645264e-01
4.069540202617645264e-01
4.069540202617645264e-01
4.069540202617645264e-01
4.069540202617645264e-01
4.047527909278869629e-01
4.032192230224609375e-01
4.069540202617645264e-01
4.057939648628234863e-01
4.069540202617645264e-01
4.069540202617645264e-01
4.069540202617645264e-01
3.991689085960388184e-01
4.069540202617645264e-01
4.069540202617645264e-01
3.867830634117126465e-01
4.069540202617645264e-01
4.069540202617645264e-01
4.062367677688598633e-01
4.060041606426239014e-01
4.062253832817077637e-01
4.058786630630493164e-01
4.064701199531555176e-01
4.060288369655609131e-01
4.062286019325256348e-01
4.069540202617645264e-01
4.069540202617645264e-01
4.066711068153381348e-01
4.069540202617645264e-01
4.069540202617645264e-01
3.895249068737030029e-01
3.913562595844268799e-01
3.853409886360168457e-01
3.756943345069885254e-01
4.069540202617645264e-01
3.654709458351135254e-01
4.035436809062957764e-01
4.069540202617645264e-01
4.069540202617645264e-01
4.069540202617645264e-01
4.069540202617645264e-01
4.069540202617645264e-01
4.069540202617645264e-01
3.776849508285522461e-01
