3.908093273639678955e-01
4.113357961177825928e-01
4.306118488311767578e-01
4.124952256679534912e-01
4.306723475456237793e-01
4.315144717693328857e-01
4.269201159477233887e-01
4.314769804477691650e-01
4.267588257789611816e-01
4.269177615642547607e-01
4.270915985107421875e-01
4.265864789485931396e-01
4.272667169570922852e-01
4.267316758632659912e-01
4.277195036411285400e-01
4.274091720581054688e-01
4.266047179698944092e-01
4.280684590339660645e-01
4.268988370895385742e-01
4.271622300148010254e-01
4.269645214080810547e-01
4.279191195964813232e-01
4.274845719337463379e-01
4.273002743721008301e-01
4.264311492443084717e-01
4.297619462013244629e-01
4.275097846984863281e-01
4.271507859230041504e-01
4.062798023223876953e-01
3.960736095905303955e-01
4.036581218242645264e-01
3.951871693134307861e-01
0.000000000000000000e+00
3.924914002418518066e-01
4.265049099922180176e-01
0.000000000000000000e+00
0.000000000000000000e+00
4.263743758201599121e-01
4.080203771591186523e-01
4.276088774204254150e-01
4.000224769115447998e-01
4.044679999351501465e-01
4.274162352085113525e-01
0.000000000000000000e+00
4.267837405204772949e-01
4.265323579311370850e-01
4.271011650562286377e-01
4.246450960636138916e-01
4.258846044540405273e-01
4.268862307071685791e-01
4.268217086791992188e-01
4.271168708801269531e-01
4.264485836029052734e-01
4.253804385662078857e-01
4.259547591209411621e-01
4.256775677204132080e-01
4.266108274459838867e-01
4.264112412929534912e-01
4.274077713489532471e-01
4.257474541664123535e-01
4.315907061100006104e-01
4.312095642089843750e-01
4.268664717674255371e-01
4.264858961105346680e-01
4.264700114727020264e-01
4.264500737190246582e-01
4.308686852455139160e-01
4.274055659770965576e-01
4.262970685958862305e-01
4.311641454696655273e-01
4.273196458816528320e-01
4.272010326385498047e-01
4.286154210567474365e-01
4.300571978092193604e-01
4.271008372306823730e-01
4.269650578498840332e-01
4.284571111202239990e-01
4.282376468181610107e-01
4.272068738937377930e-01
4.265146255493164062e-01
4.265694916248321533e-01
4.240817129611968994e-01
4.245523810386657715e-01
4.200694262981414795e-01
4.278701841831207275e-01
4.268422722816467285e-01
4.241005182266235352e-01
0.000000000000000000e+00
4.267792105674743652e-01
4.233018159866333008e-01
0.000000000000000000e+00
0.000000000000000000e+00
4.233425855636596680e-01
4.333362877368927002e-01
4.273616671562194824e-01
4.321185350418090820e-01
4.280896186828613281e-01
4.283578097820281982e-01
4.162559211254119873e-01
4.283598959445953369e-01
3.928270339965820312e-01
3.746691346168518066e-02
4.250067174434661865e-01
3.721782565116882324e-01
4.026635885238647461e-01
4.277036786079406738e-01
4.279054403305053711e-01
4.279610216617584229e-01
3.886285424232482910e-01
4.270888864994049072e-01
4.280835986137390137e-01
4.270111918449401855e-01
4.231323301792144775e-01
4.268461763858795166e-01
3.876685500144958496e-01
4.272517561912536621e-01
4.274054169654846191e-01
4.276649355888366699e-01
4.309801757335662842e-01
4.279165863990783691e-01
4.244103729724884033e-01
4.270089268684387207e-01
4.262895882129669189e-01
4.249837398529052734e-01
4.260472357273101807e-01
4.251791834831237793e-01
4.268147945404052734e-01
4.266387820243835449e-01
4.261110723018646240e-01
4.267392754554748535e-01
4.268542826175689697e-01
4.274283349514007568e-01
4.271019697189331055e-01
4.266104996204376221e-01
4.269498884677886963e-01
4.257179498672485352e-01
4.261662662029266357e-01
4.275134503841400146e-01
4.261140823364257812e-01
4.268661141395568848e-01
4.267576336860656738e-01
4.255724549293518066e-01
4.307268559932708740e-01
4.249336421489715576e-01
4.276358783245086670e-01
4.276717305183410645e-01
4.273503422737121582e-01
4.288183450698852539e-01
4.295650720596313477e-01
4.261317849159240723e-01
4.267219007015228271e-01
4.259070158004760742e-01
4.231071472167968750e-01
4.274929165840148926e-01
4.252692162990570068e-01
4.266747832298278809e-01
4.263855516910552979e-01
4.278641641139984131e-01
4.268590807914733887e-01
4.272956252098083496e-01
4.269634485244750977e-01
4.272367358207702637e-01
4.262144565582275391e-01
4.273287057876586914e-01
4.270083606243133545e-01
4.271544218063354492e-01
4.265673756599426270e-01
4.278667271137237549e-01
4.271544814109802246e-01
4.260724186897277832e-01
1.745160222053527832e-01
4.265629947185516357e-01
0.000000000000000000e+00
4.290263354778289795e-01
2.118781208992004395e-02
4.283741414546966553e-01
4.270060062408447266e-01
4.282720685005187988e-01
4.265752136707305908e-01
4.283953905105590820e-01
4.269858300685882568e-01
4.273679852485656738e-01
4.280967116355895996e-01
4.274321496486663818e-01
4.278600215911865234e-01
4.277128577232360840e-01
4.276134073734283447e-01
4.278249144554138184e-01
4.270890355110168457e-01
4.274378418922424316e-01
4.291712641716003418e-01
4.288093447685241699e-01
4.262283742427825928e-01
4.273642897605895996e-01
4.316998720169067383e-01
4.264252483844757080e-01
4.264622926712036133e-01
4.283912181854248047e-01
4.262435436248779297e-01
4.273332655429840088e-01
4.281967580318450928e-01
4.253220558166503906e-01
4.074982702732086182e-01
4.235977232456207275e-01
4.289101362228393555e-01
4.287987053394317627e-01
4.283008873462677002e-01
4.288195967674255371e-01
4.287990629673004150e-01
4.287486672401428223e-01
4.284243285655975342e-01
4.242456555366516113e-01
4.123010039329528809e-01
4.287057518959045410e-01
4.113137125968933105e-01
4.284000396728515625e-01
4.282326996326446533e-01
4.285022020339965820e-01
4.110375046730041504e-01
4.082676470279693604e-01
4.158217310905456543e-01
4.286809265613555908e-01
4.100943207740783691e-01
4.286871254444122314e-01
4.100776016712188721e-01
4.292989969253540039e-01
4.130065441131591797e-01
4.164263904094696045e-01
4.241819679737091064e-01
4.126091897487640381e-01
4.235091805458068848e-01
4.081678092479705811e-01
4.233683049678802490e-01
3.924698829650878906e-01
4.295037090778350830e-01
4.222782850265502930e-01
4.033173620700836182e-01
4.290776252746582031e-01
4.220277667045593262e-01
0.000000000000000000e+00
4.231592118740081787e-01
0.000000000000000000e+00
0.000000000000000000e+00
3.923516869544982910e-01
4.283279478549957275e-01
4.264802038669586182e-01
4.249569773674011230e-01
4.271929860115051270e-01
4.288004338741302490e-01
4.271466732025146484e-01
4.292311668395996094e-01
4.256549477577209473e-01
3.961256444454193115e-01
4.278116822242736816e-01
4.279435873031616211e-01
4.279665946960449219e-01
4.281131625175476074e-01
4.271830320358276367e-01
4.284585714340209961e-01
4.274116754531860352e-01
4.013058245182037354e-01
4.279660582542419434e-01
4.270075261592864990e-01
4.268048703670501709e-01
4.268647432327270508e-01
4.266070425510406494e-01
4.265953302383422852e-01
4.272583127021789551e-01
4.277087152004241943e-01
4.261559545993804932e-01
4.263533949851989746e-01
4.266397953033447266e-01
4.276490807533264160e-01
4.276641607284545898e-01
4.271123111248016357e-01
4.269207417964935303e-01
4.270814657211303711e-01
4.263527989387512207e-01
4.267690181732177734e-01
4.268586337566375732e-01
4.270961880683898926e-01
4.267510175704956055e-01
4.262537360191345215e-01
4.269658029079437256e-01
4.271044135093688965e-01
4.235530197620391846e-01
0.000000000000000000e+00
4.252945780754089355e-01
4.300515651702880859e-01
4.266934990882873535e-01
4.261531531810760498e-01
4.276036024093627930e-01
4.267441034317016602e-01
4.267729520797729492e-01
4.262433052062988281e-01
4.249262213706970215e-01
4.275554418563842773e-01
4.248443543910980225e-01
4.262344837188720703e-01
4.261374771595001221e-01
4.249048829078674316e-01
4.270759820938110352e-01
4.247187376022338867e-01
4.337814152240753174e-01
4.269347488880157471e-01
4.273164868354797363e-01
4.266646802425384521e-01
4.266324937343597412e-01
4.272922277450561523e-01
4.266456663608551025e-01
4.269858002662658691e-01
4.271557629108428955e-01
4.316456913948059082e-01
4.281837940216064453e-01
4.269952774047851562e-01
4.268098771572113037e-01
4.261757433414459229e-01
4.266243278980255127e-01
4.269511699676513672e-01
4.327833056449890137e-01
4.265483617782592773e-01
4.267717599868774414e-01
4.275009930133819580e-01
4.261119961738586426e-01
4.278356432914733887e-01
4.245731532573699951e-01
4.289351105690002441e-01
4.279931783676147461e-01
4.280610978603363037e-01
4.260334372520446777e-01
4.224996268749237061e-01
4.289207160472869873e-01
4.272713065147399902e-01
4.272684454917907715e-01
4.271553158760070801e-01
4.274093806743621826e-01
4.274628460407257080e-01
4.275012314319610596e-01
4.270868003368377686e-01
4.270597696304321289e-01
4.264627397060394287e-01
4.269242882728576660e-01
4.270208477973937988e-01
4.274041056632995605e-01
4.256854057312011719e-01
4.269154369831085205e-01
4.274414181709289551e-01
4.281538128852844238e-01
4.270890951156616211e-01
4.263209104537963867e-01
4.269105494022369385e-01
4.272391498088836670e-01
4.285083115100860596e-01
4.273527562618255615e-01
4.274473786354064941e-01
4.250204265117645264e-01
4.179362654685974121e-01
3.935659825801849365e-01
3.898699581623077393e-01
4.185027480125427246e-01
4.087670147418975830e-01
3.903181850910186768e-01
4.209799170494079590e-01
3.884380459785461426e-01
3.974229395389556885e-01
3.899720013141632080e-01
2.907084226608276367e-01
4.088007509708404541e-01
4.272009134292602539e-01
4.268496036529541016e-01
3.897261917591094971e-01
4.239665567874908447e-01
0.000000000000000000e+00
3.977698683738708496e-01
4.259926974773406982e-01
2.122081220149993896e-01
4.328587651252746582e-01
3.897756636142730713e-01
3.929563164710998535e-01
0.000000000000000000e+00
4.264993667602539062e-01
4.213362336158752441e-01
3.916811347007751465e-01
4.279799163341522217e-01
4.275622069835662842e-01
4.268803596496582031e-01
4.153682887554168701e-01
4.269524812698364258e-01
3.966220617294311523e-01
3.951170742511749268e-01
4.014911055564880371e-01
4.223669767379760742e-01
4.265213906764984131e-01
4.275178313255310059e-01
4.269390404224395752e-01
4.275062382221221924e-01
4.271930456161499023e-01
4.268505275249481201e-01
4.272042512893676758e-01
4.251952171325683594e-01
4.322564005851745605e-01
4.271271526813507080e-01
4.289191961288452148e-01
4.265488684177398682e-01
4.264477491378784180e-01
4.290990829467773438e-01
4.269598722457885742e-01
4.268279671669006348e-01
4.283897280693054199e-01
4.275479316711425781e-01
4.282393455505371094e-01
4.252015352249145508e-01
4.277084171772003174e-01
4.275531768798828125e-01
4.272434413433074951e-01
4.294344782829284668e-01
4.250875711441040039e-01
4.286359846591949463e-01
0.000000000000000000e+00
4.259840548038482666e-01
3.889975547790527344e-01
0.000000000000000000e+00
3.879728615283966064e-01
4.208931922912597656e-01
0.000000000000000000e+00
4.284757375717163086e-01
4.253187775611877441e-01
4.333209693431854248e-01
4.286622703075408936e-01
4.280974864959716797e-01
4.254307448863983154e-01
4.279219508171081543e-01
4.269906282424926758e-01
4.280042052268981934e-01
4.256594479084014893e-01
4.271076619625091553e-01
4.279626607894897461e-01
4.284021854400634766e-01
4.260824620723724365e-01
4.281603693962097168e-01
4.260880351066589355e-01
4.261270165443420410e-01
4.275156855583190918e-01
4.293637573719024658e-01
4.276628494262695312e-01
4.250674247741699219e-01
4.254374206066131592e-01
4.248668551445007324e-01
4.282591938972473145e-01
4.248991310596466064e-01
4.281138479709625244e-01
4.268100857734680176e-01
4.274280071258544922e-01
4.277790486812591553e-01
4.276219904422760010e-01
4.279130101203918457e-01
4.271475374698638916e-01
4.284516572952270508e-01
4.269432425498962402e-01
4.277820289134979248e-01
4.278351366519927979e-01
4.260737597942352295e-01
4.272051155567169189e-01
4.261386096477508545e-01
4.263970255851745605e-01
4.271044731140136719e-01
4.246578514575958252e-01
4.250818490982055664e-01
4.272517561912536621e-01
4.226810932159423828e-01
4.232069551944732666e-01
4.268091917037963867e-01
4.265892803668975830e-01
4.272007644176483154e-01
4.270282387733459473e-01
4.281947612762451172e-01
4.277182519435882568e-01
4.273529946804046631e-01
4.263558089733123779e-01
4.288886487483978271e-01
4.253133237361907959e-01
4.261022210121154785e-01
4.264330267906188965e-01
4.245007932186126709e-01
4.273598790168762207e-01
4.279549419879913330e-01
4.275540113449096680e-01
4.226943850517272949e-01
4.135460853576660156e-01
4.286331236362457275e-01
0.000000000000000000e+00
4.252077937126159668e-01
4.230780601501464844e-01
4.218242764472961426e-01
4.179405868053436279e-01
4.185665249824523926e-01
4.196096956729888916e-01
4.208062291145324707e-01
4.206517338752746582e-01
4.226315319538116455e-01
4.211324751377105713e-01
4.198619723320007324e-01
4.193520843982696533e-01
4.216655492782592773e-01
4.207254052162170410e-01
4.208849668502807617e-01
4.202114045619964600e-01
4.204295575618743896e-01
4.189706444740295410e-01
0.000000000000000000e+00
0.000000000000000000e+00
0.000000000000000000e+00
4.269414544105529785e-01
4.281966090202331543e-01
0.000000000000000000e+00
3.941485285758972168e-01
4.276864528656005859e-01
3.899276852607727051e-01
3.997751176357269287e-01
4.276706576347351074e-01
4.303736388683319092e-01
4.260491728782653809e-01
4.297237992286682129e-01
4.324479997158050537e-01
4.286208748817443848e-01
4.264603257179260254e-01
4.277013540267944336e-01
4.271788597106933594e-01
4.247389137744903564e-01
4.273346066474914551e-01
4.280734062194824219e-01
4.265569150447845459e-01
4.250192046165466309e-01
4.252263009548187256e-01
4.273045063018798828e-01
4.271498620510101318e-01
4.264195561408996582e-01
4.268065094947814941e-01
4.271167218685150146e-01
4.268451035022735596e-01
4.282788336277008057e-01
4.260758459568023682e-01
4.259452223777770996e-01
4.270578920841217041e-01
4.266441464424133301e-01
4.267722964286804199e-01
4.271299839019775391e-01
4.147295653820037842e-01
3.969424664974212646e-01
4.196684956550598145e-01
4.206463396549224854e-01
4.069936275482177734e-01
4.253928661346435547e-01
4.312609732151031494e-01
4.176118671894073486e-01
4.276855885982513428e-01
4.258271455764770508e-01
4.263085722923278809e-01
4.267250001430511475e-01
4.245632886886596680e-01
4.263617992401123047e-01
4.274095296859741211e-01
4.274883568286895752e-01
4.268370568752288818e-01
4.272854626178741455e-01
4.266971349716186523e-01
4.263305366039276123e-01
4.263499975204467773e-01
4.268962442874908447e-01
4.266940355300903320e-01
4.258815050125122070e-01
4.264783263206481934e-01
4.282643198966979980e-01
4.264986813068389893e-01
4.276179075241088867e-01
4.268546402454376221e-01
4.261944591999053955e-01
4.265282750129699707e-01
4.319948554039001465e-01
4.262620210647583008e-01
4.253726601600646973e-01
4.263247847557067871e-01
4.264093935489654541e-01
4.262780547142028809e-01
4.266654253005981445e-01
4.263131022453308105e-01
4.263713657855987549e-01
0.000000000000000000e+00
0.000000000000000000e+00
0.000000000000000000e+00
4.282641112804412842e-01
4.270920157432556152e-01
4.267014265060424805e-01
4.261809587478637695e-01
4.261839985847473145e-01
4.264595210552215576e-01
4.270485043525695801e-01
4.268953800201416016e-01
4.264514446258544922e-01
4.264305233955383301e-01
4.294584393501281738e-01
4.293246865272521973e-01
0.000000000000000000e+00
4.281350970268249512e-01
4.314505457878112793e-01
0.000000000000000000e+00
4.273224174976348877e-01
4.319117963314056396e-01
4.290605783462524414e-01
4.256183207035064697e-01
4.250061213970184326e-01
4.277878403663635254e-01
4.271852672100067139e-01
4.290073215961456299e-01
4.254074096679687500e-01
4.253727793693542480e-01
4.260194897651672363e-01
4.267942905426025391e-01
4.287326633930206299e-01
4.283288717269897461e-01
4.282995462417602539e-01
4.267209768295288086e-01
4.280618429183959961e-01
4.280654191970825195e-01
4.260915815830230713e-01
4.292816817760467529e-01
4.271713793277740479e-01
4.275947809219360352e-01
4.278851747512817383e-01
4.268269538879394531e-01
4.255576133728027344e-01
4.271548688411712646e-01
4.276418089866638184e-01
4.283129870891571045e-01
4.274576008319854736e-01
4.269921183586120605e-01
4.273221492767333984e-01
4.254668354988098145e-01
4.277960956096649170e-01
4.281700551509857178e-01
4.283569157123565674e-01
4.277010858058929443e-01
4.271332621574401855e-01
4.322907328605651855e-01
4.232531785964965820e-01
4.172389209270477295e-01
4.060169756412506104e-01
4.195085465908050537e-01
4.277330338954925537e-01
4.250264167785644531e-01
4.275155365467071533e-01
4.196905493736267090e-01
3.961512446403503418e-01
0.000000000000000000e+00
4.252233207225799561e-01
4.280790388584136963e-01
4.277463555335998535e-01
4.241559505462646484e-01
4.276902079582214355e-01
4.278351068496704102e-01
4.266567528247833252e-01
4.252530336380004883e-01
4.267685115337371826e-01
4.258717894554138184e-01
4.266650676727294922e-01
4.271137714385986328e-01
4.272669553756713867e-01
4.269912838935852051e-01
4.269337356090545654e-01
4.267999529838562012e-01
4.268514215946197510e-01
4.261257052421569824e-01
4.250732958316802979e-01
4.258258044719696045e-01
4.266678988933563232e-01
4.267054796218872070e-01
4.271212816238403320e-01
4.264527559280395508e-01
4.141893088817596436e-01
4.269368350505828857e-01
4.016016721725463867e-01
4.206686913967132568e-01
4.222608506679534912e-01
4.263135790824890137e-01
4.268836081027984619e-01
4.266027808189392090e-01
4.282700419425964355e-01
4.272700548171997070e-01
4.255100190639495850e-01
4.270622134208679199e-01
4.254260063171386719e-01
0.000000000000000000e+00
4.302544295787811279e-01
4.269855320453643799e-01
4.327273368835449219e-01
4.268673062324523926e-01
4.281274080276489258e-01
4.276980161666870117e-01
4.333622753620147705e-01
4.276444017887115479e-01
4.269678592681884766e-01
4.274219274520874023e-01
4.272819757461547852e-01
4.270849227905273438e-01
4.272441267967224121e-01
4.274047911167144775e-01
4.261849820613861084e-01
4.294799566268920898e-01
4.281981587409973145e-01
4.290928542613983154e-01
4.325229525566101074e-01
4.280488491058349609e-01
4.327248334884643555e-01
4.252510070800781250e-01
4.246821999549865723e-01
4.283089637756347656e-01
4.266207218170166016e-01
4.258170127868652344e-01
4.210325181484222412e-01
4.023798108100891113e-01
3.900384902954101562e-01
4.024414122104644775e-01
4.134368598461151123e-01
3.919321894645690918e-01
3.922122418880462646e-01
2.966383099555969238e-01
3.905728161334991455e-01
5.618724226951599121e-02
3.934451937675476074e-01
3.953473269939422607e-01
3.922323584556579590e-01
3.949433267116546631e-01
3.904851078987121582e-01
3.323022127151489258e-01
0.000000000000000000e+00
3.962366878986358643e-01
4.132986664772033691e-01
3.974489569664001465e-01
4.220033288002014160e-01
4.208528399467468262e-01
4.018026590347290039e-01
4.167761802673339844e-01
4.183793962001800537e-01
4.190162420272827148e-01
4.110248684883117676e-01
4.282984435558319092e-01
4.176557064056396484e-01
4.284992516040802002e-01
4.289272129535675049e-01
4.252946078777313232e-01
4.278654456138610840e-01
4.248257279396057129e-01
4.284161925315856934e-01
4.275813102722167969e-01
4.146541357040405273e-01
4.276622533798217773e-01
4.274135828018188477e-01
4.278002679347991943e-01
4.273285567760467529e-01
4.271000623703002930e-01
4.263386428356170654e-01
4.259714186191558838e-01
4.276428222656250000e-01
4.271942675113677979e-01
0.000000000000000000e+00
4.275031089782714844e-01
4.275410175323486328e-01
4.261731505393981934e-01
4.273981750011444092e-01
4.269972443580627441e-01
4.277024567127227783e-01
4.274078607559204102e-01
4.269860088825225830e-01
4.268951117992401123e-01
4.269942641258239746e-01
4.205288887023925781e-01
4.273756146430969238e-01
4.189483523368835449e-01
4.273627996444702148e-01
4.268313050270080566e-01
4.269040822982788086e-01
4.270140826702117920e-01
4.269247651100158691e-01
4.242129325866699219e-01
4.266412258148193359e-01
4.232783913612365723e-01
4.261746704578399658e-01
4.268017709255218506e-01
4.273188114166259766e-01
4.275391697883605957e-01
4.259573221206665039e-01
4.306632280349731445e-01
4.264315068721771240e-01
4.272199869155883789e-01
4.255745410919189453e-01
4.275624155998229980e-01
4.258684217929840088e-01
4.271303713321685791e-01
4.249033927917480469e-01
4.278748631477355957e-01
4.245131611824035645e-01
4.262304306030273438e-01
4.258654117584228516e-01
4.264158010482788086e-01
4.269202947616577148e-01
4.264065623283386230e-01
4.272497594356536865e-01
4.293443262577056885e-01
4.268080592155456543e-01
4.266827106475830078e-01
4.268109202384948730e-01
4.266247451305389404e-01
4.278933703899383545e-01
4.273933172225952148e-01
4.271178841590881348e-01
3.982824981212615967e-01
0.000000000000000000e+00
4.294814765453338623e-01
4.251630902290344238e-01
4.283208250999450684e-01
4.254575073719024658e-01
4.279296398162841797e-01
4.271380007266998291e-01
4.275985956192016602e-01
4.278415441513061523e-01
4.279598593711853027e-01
4.291779398918151855e-01
4.254861176013946533e-01
4.304972887039184570e-01
4.283168017864227295e-01
4.269850850105285645e-01
4.272178411483764648e-01
4.260568022727966309e-01
4.273259639739990234e-01
4.271785616874694824e-01
4.276724457740783691e-01
4.314107000827789307e-01
4.141648411750793457e-01
4.286453723907470703e-01
4.281096458435058594e-01
4.276416301727294922e-01
4.275549948215484619e-01
4.273455739021301270e-01
4.236370623111724854e-01
4.271588921546936035e-01
4.265414476394653320e-01
4.264674484729766846e-01
4.274401366710662842e-01
4.273708164691925049e-01
4.273869991302490234e-01
4.275622367858886719e-01
4.280233681201934814e-01
4.268910586833953857e-01
4.292183220386505127e-01
4.250712990760803223e-01
0.000000000000000000e+00
0.000000000000000000e+00
4.268240332603454590e-01
0.000000000000000000e+00
0.000000000000000000e+00
0.000000000000000000e+00
4.192186295986175537e-01
4.164596199989318848e-01
0.000000000000000000e+00
3.889196515083312988e-01
0.000000000000000000e+00
0.000000000000000000e+00
0.000000000000000000e+00
0.000000000000000000e+00
0.000000000000000000e+00
0.000000000000000000e+00
0.000000000000000000e+00
0.000000000000000000e+00
0.000000000000000000e+00
0.000000000000000000e+00
3.963004648685455322e-01
4.257351160049438477e-01
0.000000000000000000e+00
0.000000000000000000e+00
4.018268585205078125e-01
4.270630776882171631e-01
3.988500535488128662e-01
4.267322123050689697e-01
4.223542809486389160e-01
3.970648050308227539e-01
4.273504018783569336e-01
4.216333031654357910e-01
4.229394197463989258e-01
4.230549931526184082e-01
4.264297783374786377e-01
4.265958666801452637e-01
4.261404871940612793e-01
4.254714548587799072e-01
4.177305400371551514e-01
4.266811013221740723e-01
4.270371794700622559e-01
4.260134696960449219e-01
4.260326027870178223e-01
4.256936311721801758e-01
4.289008080959320068e-01
4.265847504138946533e-01
0.000000000000000000e+00
4.291043877601623535e-01
4.297245144844055176e-01
4.334299862384796143e-01
4.249721467494964600e-01
4.267056882381439209e-01
4.248288571834564209e-01
4.275696873664855957e-01
4.314819574356079102e-01
4.289048910140991211e-01
4.258601963520050049e-01
4.249117076396942139e-01
4.288382530212402344e-01
4.264556765556335449e-01
4.282270669937133789e-01
4.324193000793457031e-01
4.257675409317016602e-01
4.270268976688385010e-01
4.267311096191406250e-01
4.272020459175109863e-01
4.265220165252685547e-01
4.277305006980895996e-01
4.275479316711425781e-01
4.313991367816925049e-01
4.334280490875244141e-01
4.139805436134338379e-01
4.272082448005676270e-01
4.311184287071228027e-01
4.284326434135437012e-01
4.267286956310272217e-01
4.274396896362304688e-01
4.298370778560638428e-01
4.275204539299011230e-01
4.283149242401123047e-01
4.269577264785766602e-01
3.897081613540649414e-01
4.307649731636047363e-01
4.266292154788970947e-01
4.265361130237579346e-01
4.287882447242736816e-01
4.273018538951873779e-01
4.272649884223937988e-01
0.000000000000000000e+00
4.290867447853088379e-01
4.257671236991882324e-01
4.281854033470153809e-01
4.262815713882446289e-01
4.285972118377685547e-01
4.287717640399932861e-01
0.000000000000000000e+00
4.316951334476470947e-01
3.902169466018676758e-01
4.329175949096679688e-01
4.313534796237945557e-01
4.270002543926239014e-01
4.275306165218353271e-01
4.274511039257049561e-01
3.934713900089263916e-01
4.276504814624786377e-01
4.276765882968902588e-01
4.248285293579101562e-01
4.275463819503784180e-01
4.274452030658721924e-01
4.268734455108642578e-01
4.290128052234649658e-01
4.289346039295196533e-01
4.269422888755798340e-01
4.282237887382507324e-01
4.277600049972534180e-01
4.273703992366790771e-01
4.277305305004119873e-01
4.283888936042785645e-01
4.277396798133850098e-01
4.268953204154968262e-01
4.286313652992248535e-01
4.276677668094635010e-01
4.276964366436004639e-01
4.277199506759643555e-01
4.263951182365417480e-01
4.284607768058776855e-01
4.262217581272125244e-01
4.289653897285461426e-01
4.279862046241760254e-01
4.254358708858489990e-01
4.273535013198852539e-01
4.270423054695129395e-01
4.276989400386810303e-01
4.284456372261047363e-01
4.280541241168975830e-01
4.277101457118988037e-01
4.234246313571929932e-01
4.279441833496093750e-01
4.275173842906951904e-01
4.266150593757629395e-01
4.292583465576171875e-01
4.251759648323059082e-01
4.282043278217315674e-01
4.274469912052154541e-01
4.273882210254669189e-01
4.307587444782257080e-01
4.273831248283386230e-01
4.271272420883178711e-01
4.266437292098999023e-01
4.278430044651031494e-01
4.277610182762145996e-01
4.250907599925994873e-01
4.269773364067077637e-01
4.258882403373718262e-01
4.230882525444030762e-01
4.250299036502838135e-01
4.256185889244079590e-01
4.268159270286560059e-01
4.256570339202880859e-01
4.278346300125122070e-01
4.264174997806549072e-01
4.270794987678527832e-01
4.259327948093414307e-01
4.289268553256988525e-01
4.269600510597229004e-01
4.190249443054199219e-01
4.275330901145935059e-01
4.239703416824340820e-01
4.162988066673278809e-01
0.000000000000000000e+00
4.316529929637908936e-01
4.292992353439331055e-01
4.276077449321746826e-01
4.272347688674926758e-01
0.000000000000000000e+00
4.272811710834503174e-01
4.273667931556701660e-01
4.265867769718170166e-01
4.269784986972808838e-01
4.263031184673309326e-01
4.282575547695159912e-01
4.270381927490234375e-01
4.274876415729522705e-01
4.265775084495544434e-01
0.000000000000000000e+00
4.293079078197479248e-01
4.322697520256042480e-01
4.266331493854522705e-01
4.282713532447814941e-01
4.271004498004913330e-01
4.272984564304351807e-01
4.223810434341430664e-01
3.877791464328765869e-01
4.271763861179351807e-01
4.270099699497222900e-01
4.270777106285095215e-01
4.270776808261871338e-01
4.271499514579772949e-01
4.270878434181213379e-01
4.274129867553710938e-01
4.262971282005310059e-01
4.275485277175903320e-01
4.271460771560668945e-01
4.270023703575134277e-01
4.273887276649475098e-01
4.267233312129974365e-01
4.270960688591003418e-01
4.273051619529724121e-01
4.267191886901855469e-01
4.270793199539184570e-01
4.273579120635986328e-01
4.267934560775756836e-01
4.266704618930816650e-01
4.261604249477386475e-01
4.261294007301330566e-01
4.260728955268859863e-01
4.258808791637420654e-01
4.262425303459167480e-01
4.259518086910247803e-01
4.262484908103942871e-01
4.262355268001556396e-01
4.263343214988708496e-01
4.261490702629089355e-01
4.259933233261108398e-01
4.258634746074676514e-01
4.259861409664154053e-01
4.265346527099609375e-01
4.259684681892395020e-01
4.255101680755615234e-01
4.252397716045379639e-01
4.257051944732666016e-01
4.259165823459625244e-01
3.940169811248779297e-01
3.921652734279632568e-01
3.911851644515991211e-01
0.000000000000000000e+00
3.920164704322814941e-01
3.906356692314147949e-01
0.000000000000000000e+00
4.052965342998504639e-01
4.243646562099456787e-01
4.080570936203002930e-01
4.147867262363433838e-01
4.232913255691528320e-01
4.248261749744415283e-01
4.129355847835540771e-01
0.000000000000000000e+00
4.069163501262664795e-01
4.226803779602050781e-01
4.073454737663269043e-01
4.270222783088684082e-01
0.000000000000000000e+00
4.114328920841217041e-01
4.244941174983978271e-01
4.261477589607238770e-01
4.267093539237976074e-01
4.263482987880706787e-01
4.292461872100830078e-01
4.271769225597381592e-01
4.263683259487152100e-01
4.267669618129730225e-01
4.267650842666625977e-01
4.272141754627227783e-01
4.267582297325134277e-01
4.268091619014739990e-01
4.262984991073608398e-01
4.259412586688995361e-01
4.276075363159179688e-01
4.278330206871032715e-01
4.262223243713378906e-01
4.246742129325866699e-01
4.240833222866058350e-01
3.989828228950500488e-01
4.269210398197174072e-01
4.253798127174377441e-01
4.215920269489288330e-01
4.265786409378051758e-01
4.257274866104125977e-01
0.000000000000000000e+00
4.259975552558898926e-01
4.277520775794982910e-01
4.283167719841003418e-01
4.275025129318237305e-01
4.268212318420410156e-01
4.291671812534332275e-01
4.258093833923339844e-01
0.000000000000000000e+00
4.291570484638214111e-01
0.000000000000000000e+00
4.289772808551788330e-01
4.267355501651763916e-01
4.262051284313201904e-01
4.276034832000732422e-01
4.272299408912658691e-01
4.281864464282989502e-01
4.269862473011016846e-01
4.276887774467468262e-01
4.276387095451354980e-01
4.274345934391021729e-01
4.243330061435699463e-01
4.254979193210601807e-01
4.228770732879638672e-01
4.238038063049316406e-01
4.264065623283386230e-01
4.271903336048126221e-01
4.269720017910003662e-01
4.024688303470611572e-01
4.247012436389923096e-01
4.257363379001617432e-01
4.139615595340728760e-01
4.253907799720764160e-01
4.249468147754669189e-01
0.000000000000000000e+00
4.335551261901855469e-01
4.282670915126800537e-01
4.322463274002075195e-01
4.284213185310363770e-01
4.290677309036254883e-01
4.279581308364868164e-01
4.269751310348510742e-01
4.290244877338409424e-01
4.309132397174835205e-01
4.283780753612518311e-01
4.283989667892456055e-01
4.340441823005676270e-01
4.277482628822326660e-01
4.278549849987030029e-01
4.254367649555206299e-01
4.286094903945922852e-01
4.277900755405426025e-01
4.276696443557739258e-01
4.277239739894866943e-01
4.271525740623474121e-01
4.279228746891021729e-01
4.311109483242034912e-01
4.272587299346923828e-01
4.266522228717803955e-01
4.272158741950988770e-01
4.280982315540313721e-01
4.279821217060089111e-01
4.330307841300964355e-01
4.283062219619750977e-01
4.281104803085327148e-01
4.264906048774719238e-01
4.281586706638336182e-01
4.255425930023193359e-01
4.280143082141876221e-01
4.297097325325012207e-01
4.286570549011230469e-01
4.255361557006835938e-01
4.266005456447601318e-01
4.288887381553649902e-01
4.271481335163116455e-01
4.265187382698059082e-01
4.257743954658508301e-01
4.262787401676177979e-01
4.271869063377380371e-01
4.268143177032470703e-01
4.278130531311035156e-01
4.281592369079589844e-01
4.249002337455749512e-01
4.282006621360778809e-01
4.292445480823516846e-01
4.276945590972900391e-01
4.278576970100402832e-01
4.291105866432189941e-01
4.273859858512878418e-01
4.266902804374694824e-01
4.276081323623657227e-01
4.284468293190002441e-01
3.737227022647857666e-01
0.000000000000000000e+00
3.996095061302185059e-01
2.656949758529663086e-01
0.000000000000000000e+00
4.272938370704650879e-01
4.263800978660583496e-01
4.044356942176818848e-01
3.590260744094848633e-01
0.000000000000000000e+00
4.258896112442016602e-01
0.000000000000000000e+00
2.421020567417144775e-01
4.277681112289428711e-01
4.207358062267303467e-01
0.000000000000000000e+00
0.000000000000000000e+00
4.277456402778625488e-01
