3.761571645736694336e-01
3.815727829933166504e-01
3.800403475761413574e-01
4.046306610107421875e-01
3.913532197475433350e-01
3.945640921592712402e-01
3.983226120471954346e-01
4.015423655509948730e-01
3.967975676059722900e-01
3.948131203651428223e-01
3.896511793136596680e-01
3.879156410694122314e-01
3.862911164760589600e-01
3.824728131294250488e-01
3.811438083648681641e-01
3.808093070983886719e-01
3.841576576232910156e-01
3.888964056968688965e-01
3.929851055145263672e-01
3.996797204017639160e-01
3.958658576011657715e-01
3.910481929779052734e-01
3.899331390857696533e-01
3.905421197414398193e-01
3.890656828880310059e-01
3.892922401428222656e-01
3.864225149154663086e-01
3.871715068817138672e-01
3.859364092350006104e-01
3.856766223907470703e-01
3.850740790367126465e-01
3.857378661632537842e-01
3.860778510570526123e-01
3.861021995544433594e-01
3.849273025989532471e-01
3.816668391227722168e-01
3.768046498298645020e-01
3.755151033401489258e-01
3.754060864448547363e-01
4.247548282146453857e-01
3.951662778854370117e-01
4.254975914955139160e-01
4.276748895645141602e-01
4.258880019187927246e-01
4.012987613677978516e-01
4.010736942291259766e-01
3.985330164432525635e-01
4.010850787162780762e-01
3.892579674720764160e-01
3.791920244693756104e-01
0.000000000000000000e+00
0.000000000000000000e+00
0.000000000000000000e+00
0.000000000000000000e+00
0.000000000000000000e+00
0.000000000000000000e+00
0.000000000000000000e+00
0.000000000000000000e+00
0.000000000000000000e+00
0.000000000000000000e+00
0.000000000000000000e+00
0.000000000000000000e+00
0.000000000000000000e+00
0.000000000000000000e+00
0.000000000000000000e+00
0.000000000000000000e+00
0.000000000000000000e+00
0.000000000000000000e+00
0.000000000000000000e+00
0.000000000000000000e+00
0.000000000000000000e+00
0.000000000000000000e+00
0.000000000000000000e+00
0.000000000000000000e+00
0.000000000000000000e+00
0.000000000000000000e+00
0.000000000000000000e+00
0.000000000000000000e+00
0.000000000000000000e+00
0.000000000000000000e+00
0.000000000000000000e+00
0.000000000000000000e+00
0.000000000000000000e+00
0.000000000000000000e+00
0.000000000000000000e+00
3.902905583381652832e-01
0.000000000000000000e+00
0.000000000000000000e+00
3.178175985813140869e-01
3.161114156246185303e-01
0.000000000000000000e+00
0.000000000000000000e+00
0.000000000000000000e+00
0.000000000000000000e+00
0.000000000000000000e+00
0.000000000000000000e+00
3.655965924263000488e-01
3.705933094024658203e-01
3.769055604934692383e-01
3.854895234107971191e-01
3.624498546123504639e-01
3.013098835945129395e-01
3.426999747753143311e-01
3.204346299171447754e-01
3.423937559127807617e-01
3.514935970306396484e-01
3.609389066696166992e-01
3.418669104576110840e-01
0.000000000000000000e+00
3.113866448402404785e-01
3.512163758277893066e-01
3.317033648490905762e-01
2.929709851741790771e-01
2.989282310009002686e-01
3.173566758632659912e-01
3.173013925552368164e-01
2.660247683525085449e-01
2.794872522354125977e-01
2.713867127895355225e-01
0.000000000000000000e+00
0.000000000000000000e+00
0.000000000000000000e+00
0.000000000000000000e+00
0.000000000000000000e+00
0.000000000000000000e+00
0.000000000000000000e+00
0.000000000000000000e+00
0.000000000000000000e+00
0.000000000000000000e+00
0.000000000000000000e+00
0.000000000000000000e+00
0.000000000000000000e+00
0.000000000000000000e+00
0.000000000000000000e+00
0.000000000000000000e+00
0.000000000000000000e+00
0.000000000000000000e+00
2.624536156654357910e-01
0.000000000000000000e+00
4.399126768112182617e-02
1.393380463123321533e-01
3.749757409095764160e-01
3.777653276920318604e-01
4.294204413890838623e-01
4.238778650760650635e-01
4.215989708900451660e-01
4.244344532489776611e-01
4.242250025272369385e-01
3.871182799339294434e-01
3.906199634075164795e-01
4.010924994945526123e-01
4.154119193553924561e-01
3.929931819438934326e-01
3.885668218135833740e-01
3.948282599449157715e-01
3.988021612167358398e-01
4.227501451969146729e-01
4.018910825252532959e-01
4.099416136741638184e-01
3.675449490547180176e-01
3.758690953254699707e-01
3.859819769859313965e-01
3.742620944976806641e-01
3.683869838714599609e-01
3.767778873443603516e-01
3.689098358154296875e-01
3.759902715682983398e-01
3.719701766967773438e-01
3.766893446445465088e-01
3.804337382316589355e-01
0.000000000000000000e+00
0.000000000000000000e+00
0.000000000000000000e+00
3.976249992847442627e-01
3.974754512310028076e-01
3.971573710441589355e-01
3.990891277790069580e-01
3.955102562904357910e-01
3.932594954967498779e-01
3.876759707927703857e-01
3.854867517948150635e-01
3.837775588035583496e-01
3.810512423515319824e-01
3.779041767120361328e-01
3.761102557182312012e-01
3.806129097938537598e-01
3.744227886199951172e-01
3.824703693389892578e-01
3.745953440666198730e-01
3.771129548549652100e-01
3.804733455181121826e-01
3.860697448253631592e-01
3.885165750980377197e-01
3.903384506702423096e-01
3.925028741359710693e-01
3.889410197734832764e-01
3.890276551246643066e-01
3.923234939575195312e-01
3.950201869010925293e-01
3.943979144096374512e-01
3.935330212116241455e-01
3.994410037994384766e-01
3.994315266609191895e-01
3.986848890781402588e-01
3.941922485828399658e-01
3.891138434410095215e-01
3.829068243503570557e-01
3.826374411582946777e-01
0.000000000000000000e+00
0.000000000000000000e+00
3.995392024517059326e-01
3.932598233222961426e-01
3.916935920715332031e-01
3.813617527484893799e-01
3.875329792499542236e-01
0.000000000000000000e+00
3.872255384922027588e-01
3.862141370773315430e-01
4.235343039035797119e-01
4.254836440086364746e-01
4.270312786102294922e-01
4.242848753929138184e-01
4.231576621532440186e-01
4.242746233940124512e-01
4.234541654586791992e-01
4.244861602783203125e-01
4.235023856163024902e-01
4.236099720001220703e-01
4.240137338638305664e-01
4.250215291976928711e-01
4.204144477844238281e-01
4.307001829147338867e-01
4.260107576847076416e-01
4.262732565402984619e-01
4.266830086708068848e-01
4.265743494033813477e-01
4.247238934040069580e-01
4.256747364997863770e-01
4.238655269145965576e-01
4.259846806526184082e-01
4.272063374519348145e-01
4.274930655956268311e-01
4.328274130821228027e-01
4.254900515079498291e-01
4.252637922763824463e-01
4.246254265308380127e-01
4.239363372325897217e-01
4.205867052078247070e-01
4.247694313526153564e-01
4.227373003959655762e-01
4.223208427429199219e-01
4.240109920501708984e-01
4.246877431869506836e-01
4.243427813053131104e-01
4.229814112186431885e-01
4.246640205383300781e-01
4.252991080284118652e-01
4.261821210384368896e-01
4.260883629322052002e-01
4.250882267951965332e-01
4.245487451553344727e-01
4.252957999706268311e-01
4.251165986061096191e-01
4.253543913364410400e-01
4.254559576511383057e-01
4.248607456684112549e-01
4.260847866535186768e-01
4.245008230209350586e-01
4.271945953369140625e-01
4.229761362075805664e-01
4.246220290660858154e-01
4.236471354961395264e-01
4.262723922729492188e-01
4.271650314331054688e-01
4.262464642524719238e-01
4.334163665771484375e-01
4.248009622097015381e-01
4.239865541458129883e-01
4.243604838848114014e-01
4.241067767143249512e-01
4.244664311408996582e-01
4.014829397201538086e-01
4.005169272422790527e-01
3.907777070999145508e-01
3.899536132812500000e-01
3.982847332954406738e-01
3.978700935840606689e-01
0.000000000000000000e+00
0.000000000000000000e+00
3.704020380973815918e-01
3.805940747261047363e-01
3.807413280010223389e-01
3.838395178318023682e-01
3.834537565708160400e-01
3.822247385978698730e-01
3.833688199520111084e-01
3.871684670448303223e-01
3.812539577484130859e-01
3.811993002891540527e-01
3.804881572723388672e-01
3.992471992969512939e-01
3.771883547306060791e-01
3.613944649696350098e-01
0.000000000000000000e+00
3.673055469989776611e-01
3.223835527896881104e-01
3.130777478218078613e-01
3.117932379245758057e-01
3.749079704284667969e-01
3.797709941864013672e-01
3.844685256481170654e-01
3.861448168754577637e-01
3.870897889137268066e-01
3.936049342155456543e-01
0.000000000000000000e+00
4.007404446601867676e-01
3.846319913864135742e-01
3.806146979331970215e-01
3.819390833377838135e-01
3.806224763393402100e-01
3.824603855609893799e-01
3.841114342212677002e-01
3.848080039024353027e-01
3.937253654003143311e-01
3.899308145046234131e-01
3.846198618412017822e-01
3.813149631023406982e-01
3.804545998573303223e-01
3.965117037296295166e-01
3.792762160301208496e-01
3.758939206600189209e-01
4.242412149906158447e-01
3.973784148693084717e-01
4.002681374549865723e-01
4.029579460620880127e-01
4.003673195838928223e-01
4.028100371360778809e-01
4.033125936985015869e-01
4.037735760211944580e-01
4.034711122512817383e-01
4.103298783302307129e-01
4.096701741218566895e-01
3.981919884681701660e-01
4.217326045036315918e-01
4.167766273021697998e-01
4.132691025733947754e-01
4.230932891368865967e-01
4.240190088748931885e-01
4.244258999824523926e-01
4.248654246330261230e-01
4.150379300117492676e-01
4.098072052001953125e-01
4.126127362251281738e-01
4.045987427234649658e-01
4.088773131370544434e-01
4.018780887126922607e-01
4.009577035903930664e-01
4.080498218536376953e-01
3.925026059150695801e-01
3.948203921318054199e-01
3.876650929450988770e-01
3.852444291114807129e-01
3.870265781879425049e-01
3.959199190139770508e-01
3.916974067687988281e-01
3.877530992031097412e-01
3.914430141448974609e-01
3.906891345977783203e-01
3.904286623001098633e-01
3.935295343399047852e-01
3.897449076175689697e-01
3.994786739349365234e-01
3.914240598678588867e-01
4.074748754501342773e-01
3.992940485477447510e-01
3.992138803005218506e-01
4.062215983867645264e-01
3.921139836311340332e-01
4.229407906532287598e-01
4.222493171691894531e-01
4.229881167411804199e-01
4.240312278270721436e-01
4.244396984577178955e-01
4.351973235607147217e-01
4.239327311515808105e-01
3.940279185771942139e-01
3.930220901966094971e-01
4.028007686138153076e-01
4.026595354080200195e-01
4.136745929718017578e-01
3.979403376579284668e-01
3.928129971027374268e-01
3.888860344886779785e-01
3.904823958873748779e-01
3.935566842555999756e-01
4.060127139091491699e-01
3.863303661346435547e-01
3.861780762672424316e-01
4.106855690479278564e-01
4.182150363922119141e-01
4.086021184921264648e-01
4.038097858428955078e-01
4.068262577056884766e-01
3.834739923477172852e-01
3.895712494850158691e-01
3.865970969200134277e-01
3.887740969657897949e-01
3.876522481441497803e-01
3.904820680618286133e-01
3.855667710304260254e-01
3.813771605491638184e-01
3.849775493144989014e-01
3.837996423244476318e-01
3.737285733222961426e-01
3.798959851264953613e-01
3.826854228973388672e-01
3.970559239387512207e-01
3.922035992145538330e-01
3.965833187103271484e-01
4.023508429527282715e-01
4.042695760726928711e-01
3.812111020088195801e-01
3.818950951099395752e-01
3.307366371154785156e-01
3.803795576095581055e-01
3.403967022895812988e-01
3.778665661811828613e-01
3.482795953750610352e-01
3.747384846210479736e-01
3.633166551589965820e-01
3.782625198364257812e-01
3.869875073432922363e-01
3.865000009536743164e-01
3.853741586208343506e-01
3.809512555599212646e-01
3.801479935646057129e-01
3.825660347938537598e-01
3.825193047523498535e-01
3.867236375808715820e-01
3.948231935501098633e-01
3.968640863895416260e-01
3.948090076446533203e-01
3.909217715263366699e-01
3.970063626766204834e-01
3.928449749946594238e-01
4.159477651119232178e-01
4.166702330112457275e-01
4.050703048706054688e-01
3.893000781536102295e-01
3.936713635921478271e-01
3.893811702728271484e-01
3.889799118041992188e-01
4.174415469169616699e-01
4.181628823280334473e-01
4.176283478736877441e-01
4.166992306709289551e-01
4.165283441543579102e-01
3.998442888259887695e-01
3.884446024894714355e-01
3.912572860717773438e-01
3.896146118640899658e-01
3.865222930908203125e-01
3.839740753173828125e-01
4.000884890556335449e-01
4.137620627880096436e-01
3.920570909976959229e-01
3.945102691650390625e-01
3.913985192775726318e-01
3.962725996971130371e-01
3.980747461318969727e-01
4.011265933513641357e-01
4.032998979091644287e-01
3.998519778251647949e-01
4.243173003196716309e-01
4.221069514751434326e-01
4.246520996093750000e-01
4.256765842437744141e-01
4.252607822418212891e-01
4.258642792701721191e-01
4.221879541873931885e-01
4.025205373764038086e-01
3.797754943370819092e-01
3.763606846332550049e-01
3.726353645324707031e-01
3.729727864265441895e-01
3.741539120674133301e-01
3.746226429939270020e-01
3.789204359054565430e-01
3.835512995719909668e-01
3.827586472034454346e-01
3.853694200515747070e-01
3.862794041633605957e-01
3.884213566780090332e-01
3.867442011833190918e-01
3.873798847198486328e-01
3.879660665988922119e-01
4.024376273155212402e-01
3.887493610382080078e-01
3.875780999660491943e-01
3.858360350131988525e-01
3.991947472095489502e-01
3.830224871635437012e-01
3.767563104629516602e-01
4.247393906116485596e-01
4.244759082794189453e-01
4.258089065551757812e-01
4.222794175148010254e-01
4.246053993701934814e-01
4.247375726699829102e-01
4.241333901882171631e-01
4.100245833396911621e-01
4.272924661636352539e-01
4.224380254745483398e-01
4.101821184158325195e-01
4.132917821407318115e-01
4.226774275302886963e-01
4.242553412914276123e-01
4.223094582557678223e-01
4.243384897708892822e-01
4.146838784217834473e-01
4.123797714710235596e-01
4.163078069686889648e-01
4.173471927642822266e-01
4.132183194160461426e-01
4.145961999893188477e-01
4.141351878643035889e-01
4.180274009704589844e-01
4.156002402305603027e-01
4.165931046009063721e-01
4.159716069698333740e-01
4.183045327663421631e-01
4.183529019355773926e-01
4.085999429225921631e-01
4.193501472473144531e-01
3.957737684249877930e-01
4.169389903545379639e-01
4.196745455265045166e-01
4.213101267814636230e-01
0.000000000000000000e+00
0.000000000000000000e+00
4.220748543739318848e-01
4.189856648445129395e-01
4.207649528980255127e-01
0.000000000000000000e+00
4.256691634654998779e-01
4.245123565196990967e-01
4.047234654426574707e-01
3.988619446754455566e-01
4.054862260818481445e-01
3.905473947525024414e-01
4.173696041107177734e-01
3.802103400230407715e-01
4.018684327602386475e-01
3.776526749134063721e-01
4.247029423713684082e-01
4.252272844314575195e-01
3.769134879112243652e-01
4.248247444629669189e-01
3.755680620670318604e-01
4.075304269790649414e-01
4.015321731567382812e-01
4.189867079257965088e-01
3.904714882373809814e-01
3.948834538459777832e-01
3.748405575752258301e-01
4.257723093032836914e-01
3.864047527313232422e-01
4.101938605308532715e-01
4.137197136878967285e-01
3.901228308677673340e-01
3.972985148429870605e-01
4.239526391029357910e-01
3.857372701168060303e-01
3.741402924060821533e-01
3.734148740768432617e-01
3.736588954925537109e-01
3.761290013790130615e-01
3.807563781738281250e-01
3.813161849975585938e-01
3.816369175910949707e-01
3.826049268245697021e-01
3.846875727176666260e-01
0.000000000000000000e+00
0.000000000000000000e+00
3.964968323707580566e-01
4.001634716987609863e-01
0.000000000000000000e+00
4.029685556888580322e-01
3.946304321289062500e-01
4.001530706882476807e-01
4.061456918716430664e-01
4.056085050106048584e-01
4.065693616867065430e-01
4.229234158992767334e-01
3.974118828773498535e-01
4.103793501853942871e-01
3.737088441848754883e-01
3.680765032768249512e-01
3.745986819267272949e-01
3.694535493850708008e-01
3.696666359901428223e-01
3.719299435615539551e-01
4.036094546318054199e-01
4.123520255088806152e-01
4.128075838088989258e-01
4.073969125747680664e-01
4.056069552898406982e-01
3.973582386970520020e-01
3.659485578536987305e-01
3.753493428230285645e-01
0.000000000000000000e+00
0.000000000000000000e+00
0.000000000000000000e+00
0.000000000000000000e+00
0.000000000000000000e+00
0.000000000000000000e+00
0.000000000000000000e+00
0.000000000000000000e+00
0.000000000000000000e+00
0.000000000000000000e+00
0.000000000000000000e+00
0.000000000000000000e+00
0.000000000000000000e+00
0.000000000000000000e+00
0.000000000000000000e+00
0.000000000000000000e+00
0.000000000000000000e+00
0.000000000000000000e+00
0.000000000000000000e+00
0.000000000000000000e+00
0.000000000000000000e+00
0.000000000000000000e+00
0.000000000000000000e+00
0.000000000000000000e+00
0.000000000000000000e+00
0.000000000000000000e+00
0.000000000000000000e+00
0.000000000000000000e+00
4.096064567565917969e-01
4.060398638248443604e-01
4.068949520587921143e-01
3.988112807273864746e-01
3.913716077804565430e-01
3.937441110610961914e-01
3.921067416667938232e-01
3.893961906433105469e-01
3.882057070732116699e-01
3.883873820304870605e-01
3.872373700141906738e-01
3.878800868988037109e-01
3.874953687191009521e-01
3.874446451663970947e-01
3.875826895236968994e-01
3.877467811107635498e-01
3.982755839824676514e-01
3.854649662971496582e-01
3.748114407062530518e-01
3.838745951652526855e-01
3.850148022174835205e-01
3.839905858039855957e-01
4.252043962478637695e-01
4.264435172080993652e-01
4.258080124855041504e-01
4.254503250122070312e-01
4.257797002792358398e-01
4.275339543819427490e-01
4.285765290260314941e-01
4.259827136993408203e-01
3.977871537208557129e-01
4.245468378067016602e-01
3.930719494819641113e-01
4.315423965454101562e-01
4.252797067165374756e-01
4.234501719474792480e-01
4.240783751010894775e-01
