4.139997959136962891e-01
4.139997959136962891e-01
4.139997959136962891e-01
4.139997959136962891e-01
4.139997959136962891e-01
4.139997959136962891e-01
4.139997959136962891e-01
4.139997959136962891e-01
4.139997959136962891e-01
4.139997959136962891e-01
4.139997959136962891e-01
4.139997959136962891e-01
4.139997959136962891e-01
4.139997959136962891e-01
4.139997959136962891e-01
4.139997959136962891e-01
4.139997959136962891e-01
4.139997959136962891e-01
4.139997959136962891e-01
4.139997959136962891e-01
4.139997959136962891e-01
4.139994382858276367e-01
4.139997959136962891e-01
4.139997959136962891e-01
4.139996767044067383e-01
4.139997065067291260e-01
4.139997959136962891e-01
4.139997959136962891e-01
4.139997959136962891e-01
4.139997959136962891e-01
4.139997959136962891e-01
4.139990508556365967e-01
4.139972925186157227e-01
4.139997959136962891e-01
4.139997959136962891e-01
4.139997959136962891e-01
4.139997959136962891e-01
4.139997959136962891e-01
4.139997959136962891e-01
4.139997959136962891e-01
4.139997959136962891e-01
4.139997959136962891e-01
4.139997959136962891e-01
4.139997959136962891e-01
4.139997959136962891e-01
4.139997959136962891e-01
4.139997959136962891e-01
4.139997959136962891e-01
4.139997959136962891e-01
4.139997959136962891e-01
4.139997959136962891e-01
4.139997959136962891e-01
4.139997959136962891e-01
4.139997959136962891e-01
4.139997959136962891e-01
4.139997959136962891e-01
4.139997959136962891e-01
4.139997959136962891e-01
4.139997959136962891e-01
4.139997959136962891e-01
4.139997959136962891e-01
4.139997959136962891e-01
4.139997959136962891e-01
4.139997959136962891e-01
4.139997959136962891e-01
4.139997959136962891e-01
4.139997959136962891e-01
4.139997959136962891e-01
4.139997959136962891e-01
4.139997959136962891e-01
4.139997959136962891e-01
4.139997959136962891e-01
4.139997959136962891e-01
4.139997959136962891e-01
4.139997959136962891e-01
4.139997959136962891e-01
4.139997959136962891e-01
4.139997959136962891e-01
4.139997959136962891e-01
4.139997959136962891e-01
4.132987856864929199e-01
4.138032197952270508e-01
4.139997959136962891e-01
4.139997959136962891e-01
4.139997959136962891e-01
4.139997959136962891e-01
4.139997959136962891e-01
4.139997959136962891e-01
4.139997959136962891e-01
4.139997959136962891e-01
4.139997959136962891e-01
4.139366745948791504e-01
4.136120080947875977e-01
4.128170907497406006e-01
4.135971069335937500e-01
4.133169651031494141e-01
4.139997959136962891e-01
4.139997959136962891e-01
4.139997959136962891e-01
4.139997959136962891e-01
4.139997959136962891e-01
4.139997959136962891e-01
4.124771356582641602e-01
4.139997959136962891e-01
4.139997959136962891e-01
4.139997959136962891e-01
4.139997959136962891e-01
4.137363135814666748e-01
4.099369943141937256e-01
4.139997959136962891e-01
4.139997959136962891e-01
4.057449698448181152e-01
4.005623161792755127e-01
3.987254202365875244e-01
3.929540514945983887e-01
0.000000000000000000e+00
0.000000000000000000e+00
0.000000000000000000e+00
0.000000000000000000e+00
0.000000000000000000e+00
4.086279571056365967e-01
4.139997959136962891e-01
4.137670695781707764e-01
4.093720316886901855e-01
4.139997959136962891e-01
4.139997959136962891e-01
4.139997959136962891e-01
4.139780998229980469e-01
4.139997959136962891e-01
4.139997959136962891e-01
4.135955274105072021e-01
4.139997959136962891e-01
4.139997959136962891e-01
4.139997959136962891e-01
4.139997959136962891e-01
4.139997959136962891e-01
4.139997959136962891e-01
4.139997959136962891e-01
4.139997959136962891e-01
4.139997959136962891e-01
4.139997959136962891e-01
4.139997959136962891e-01
4.139997959136962891e-01
4.139997959136962891e-01
4.139997959136962891e-01
4.139997959136962891e-01
4.139997959136962891e-01
4.139997959136962891e-01
4.139997959136962891e-01
4.139997959136962891e-01
4.139997959136962891e-01
4.139997959136962891e-01
4.139997959136962891e-01
4.139997959136962891e-01
4.139997959136962891e-01
4.139997959136962891e-01
4.139997959136962891e-01
4.139997959136962891e-01
4.139997959136962891e-01
4.139997959136962891e-01
4.139997959136962891e-01
4.139997959136962891e-01
4.139997959136962891e-01
4.139997959136962891e-01
4.139997959136962891e-01
4.139997959136962891e-01
4.139997959136962891e-01
4.139997959136962891e-01
4.139997959136962891e-01
4.139997959136962891e-01
4.139997959136962891e-01
4.139997959136962891e-01
4.139997959136962891e-01
4.139997959136962891e-01
4.139997959136962891e-01
4.139997959136962891e-01
4.139997959136962891e-01
4.139997959136962891e-01
4.139997959136962891e-01
4.139997959136962891e-01
4.139997959136962891e-01
4.139997959136962891e-01
4.139997959136962891e-01
4.139997959136962891e-01
4.139997959136962891e-01
4.139997959136962891e-01
4.139997959136962891e-01
4.139997959136962891e-01
4.139997959136962891e-01
4.139997959136962891e-01
4.139997959136962891e-01
4.139997959136962891e-01
4.139997959136962891e-01
4.139997959136962891e-01
4.139997959136962891e-01
4.139997959136962891e-01
4.139997959136962891e-01
4.139997959136962891e-01
4.139997959136962891e-01
4.139997959136962891e-01
4.139997959136962891e-01
4.139997959136962891e-01
4.139997959136962891e-01
4.139997959136962891e-01
4.139997959136962891e-01
4.139997959136962891e-01
4.139997959136962891e-01
4.139997959136962891e-01
4.139997959136962891e-01
4.139997959136962891e-01
4.139997959136962891e-01
4.139997959136962891e-01
4.139997959136962891e-01
4.139997959136962891e-01
4.139997959136962891e-01
4.139997959136962891e-01
4.139997959136962891e-01
4.139997959136962891e-01
4.139997959136962891e-01
4.139997959136962891e-01
4.139997959136962891e-01
4.139997959136962891e-01
4.139997959136962891e-01
4.139997959136962891e-01
4.139997959136962891e-01
4.139997959136962891e-01
4.139997959136962891e-01
4.139997959136962891e-01
4.139997959136962891e-01
4.139997959136962891e-01
4.139997959136962891e-01
4.139997959136962891e-01
4.139997959136962891e-01
4.139997959136962891e-01
4.139997959136962891e-01
4.139997959136962891e-01
4.139997959136962891e-01
4.154498279094696045e-01
4.139997959136962891e-01
4.139997959136962891e-01
4.139997959136962891e-01
4.139997959136962891e-01
4.139997959136962891e-01
4.139997959136962891e-01
4.139997959136962891e-01
4.139997959136962891e-01
4.139997959136962891e-01
4.139997959136962891e-01
4.139997959136962891e-01
4.139997959136962891e-01
4.139997959136962891e-01
4.139997959136962891e-01
4.139997959136962891e-01
4.139997959136962891e-01
4.139997959136962891e-01
4.139997959136962891e-01
4.139997959136962891e-01
4.139997959136962891e-01
4.139997959136962891e-01
4.139997959136962891e-01
4.139997959136962891e-01
4.139997959136962891e-01
4.139997959136962891e-01
4.139997959136962891e-01
4.139997959136962891e-01
4.139997959136962891e-01
4.139997959136962891e-01
4.139997959136962891e-01
4.139997959136962891e-01
4.139997959136962891e-01
4.139997959136962891e-01
4.139997959136962891e-01
4.139997959136962891e-01
4.139997959136962891e-01
4.139997959136962891e-01
4.139997959136962891e-01
4.139997959136962891e-01
4.139997959136962891e-01
4.139997959136962891e-01
4.139997959136962891e-01
4.139997959136962891e-01
4.139997959136962891e-01
4.139997959136962891e-01
4.139997959136962891e-01
4.139997959136962891e-01
4.110333621501922607e-01
4.107127487659454346e-01
4.107146561145782471e-01
4.105868935585021973e-01
4.106322228908538818e-01
4.107838571071624756e-01
4.107308685779571533e-01
4.106360077857971191e-01
4.122880101203918457e-01
4.124321937561035156e-01
0.000000000000000000e+00
4.121372103691101074e-01
0.000000000000000000e+00
0.000000000000000000e+00
4.126880764961242676e-01
0.000000000000000000e+00
4.121742844581604004e-01
0.000000000000000000e+00
4.049571156501770020e-01
0.000000000000000000e+00
4.121227264404296875e-01
4.126753509044647217e-01
4.124142825603485107e-01
4.131423830986022949e-01
4.131525754928588867e-01
4.133019745349884033e-01
4.134948253631591797e-01
4.134626388549804688e-01
4.131416976451873779e-01
4.126735925674438477e-01
4.130988717079162598e-01
4.131814241409301758e-01
4.139997959136962891e-01
4.139997959136962891e-01
4.139997959136962891e-01
4.139997959136962891e-01
4.139997959136962891e-01
4.138812422752380371e-01
4.139997959136962891e-01
4.139997959136962891e-01
4.139997959136962891e-01
4.139997959136962891e-01
4.139997959136962891e-01
4.138583242893218994e-01
4.139997959136962891e-01
4.139997959136962891e-01
4.139997959136962891e-01
4.139997959136962891e-01
4.139997959136962891e-01
4.139997959136962891e-01
4.139959812164306641e-01
4.139997959136962891e-01
4.139997959136962891e-01
4.139997959136962891e-01
4.139997959136962891e-01
4.139997959136962891e-01
4.139997959136962891e-01
4.139997959136962891e-01
4.139997959136962891e-01
4.139997959136962891e-01
4.139997959136962891e-01
4.139997959136962891e-01
4.139997959136962891e-01
4.139997959136962891e-01
4.139997959136962891e-01
4.139997959136962891e-01
4.139997959136962891e-01
4.139997959136962891e-01
4.139997959136962891e-01
4.139997959136962891e-01
4.139997959136962891e-01
4.139997959136962891e-01
4.139997959136962891e-01
4.139997959136962891e-01
4.139997959136962891e-01
4.139997959136962891e-01
4.139997959136962891e-01
4.139997959136962891e-01
4.139997959136962891e-01
4.139997959136962891e-01
4.139997959136962891e-01
4.139997959136962891e-01
4.139997959136962891e-01
4.139997959136962891e-01
4.139997959136962891e-01
4.139997959136962891e-01
4.139997959136962891e-01
4.139997959136962891e-01
4.139997959136962891e-01
4.139997959136962891e-01
4.139997959136962891e-01
4.139997959136962891e-01
4.139997959136962891e-01
4.139997959136962891e-01
4.139997959136962891e-01
4.139997959136962891e-01
4.139997959136962891e-01
4.139997959136962891e-01
4.139997959136962891e-01
4.139997959136962891e-01
4.139997959136962891e-01
4.139997959136962891e-01
4.139997959136962891e-01
4.139997959136962891e-01
4.139997959136962891e-01
4.139997959136962891e-01
4.139997959136962891e-01
4.139997959136962891e-01
4.139997959136962891e-01
4.139997959136962891e-01
4.139997959136962891e-01
4.139997959136962891e-01
4.139997959136962891e-01
4.139997959136962891e-01
4.139997959136962891e-01
4.139997959136962891e-01
4.139997959136962891e-01
4.139997959136962891e-01
4.139997959136962891e-01
4.139997959136962891e-01
4.139997959136962891e-01
4.139997959136962891e-01
4.139997959136962891e-01
4.139997959136962891e-01
4.139997959136962891e-01
4.139997959136962891e-01
4.139997959136962891e-01
4.139997959136962891e-01
4.139997959136962891e-01
4.139997959136962891e-01
4.139997959136962891e-01
4.139997959136962891e-01
4.139997959136962891e-01
4.139997959136962891e-01
4.139997959136962891e-01
4.139997959136962891e-01
4.139997959136962891e-01
4.139997959136962891e-01
4.139997959136962891e-01
4.139997959136962891e-01
4.139997959136962891e-01
4.139997959136962891e-01
4.139997959136962891e-01
4.139997959136962891e-01
4.139997959136962891e-01
4.139997959136962891e-01
4.139997959136962891e-01
4.136806428432464600e-01
4.134902656078338623e-01
4.119391143321990967e-01
4.139783978462219238e-01
4.135296046733856201e-01
4.134283661842346191e-01
4.139988422393798828e-01
4.139996469020843506e-01
4.139997959136962891e-01
4.138368666172027588e-01
4.139997959136962891e-01
4.139997959136962891e-01
4.139997959136962891e-01
4.139997959136962891e-01
4.139997959136962891e-01
4.139997959136962891e-01
4.139997959136962891e-01
4.139997959136962891e-01
4.139997959136962891e-01
4.139997959136962891e-01
4.139997959136962891e-01
4.139997959136962891e-01
4.139997959136962891e-01
4.139997959136962891e-01
4.139997959136962891e-01
4.139997959136962891e-01
4.139997959136962891e-01
4.139997959136962891e-01
4.139997959136962891e-01
4.139997959136962891e-01
4.139997959136962891e-01
4.139997959136962891e-01
4.139997959136962891e-01
4.139997959136962891e-01
4.139997959136962891e-01
4.139997959136962891e-01
4.139997959136962891e-01
4.139997959136962891e-01
4.139997959136962891e-01
4.139997959136962891e-01
4.139997959136962891e-01
4.139997959136962891e-01
4.139997959136962891e-01
4.139997959136962891e-01
4.139997959136962891e-01
4.139997959136962891e-01
4.139997959136962891e-01
4.139997959136962891e-01
4.139997959136962891e-01
4.139997959136962891e-01
4.139997959136962891e-01
4.139997959136962891e-01
4.139997959136962891e-01
4.139997959136962891e-01
4.139997959136962891e-01
4.139997959136962891e-01
4.139997959136962891e-01
4.139997959136962891e-01
4.139997959136962891e-01
4.139997959136962891e-01
4.139997959136962891e-01
4.139915704727172852e-01
4.139791727066040039e-01
4.139980077743530273e-01
4.139997959136962891e-01
4.139997959136962891e-01
4.139997959136962891e-01
4.139997959136962891e-01
4.139997959136962891e-01
4.139997959136962891e-01
4.139997959136962891e-01
4.139997959136962891e-01
4.139997959136962891e-01
4.139997959136962891e-01
4.139997959136962891e-01
4.139997959136962891e-01
4.139997959136962891e-01
4.139997959136962891e-01
4.139997959136962891e-01
4.139997959136962891e-01
4.139997959136962891e-01
4.139997959136962891e-01
4.139997959136962891e-01
4.139997959136962891e-01
4.139997959136962891e-01
4.139997959136962891e-01
4.139997959136962891e-01
4.139997959136962891e-01
4.139997959136962891e-01
4.139997959136962891e-01
4.139997959136962891e-01
4.139997959136962891e-01
4.139997959136962891e-01
4.139997959136962891e-01
4.139997959136962891e-01
4.139997959136962891e-01
4.139997959136962891e-01
4.139997959136962891e-01
4.139997959136962891e-01
4.139997959136962891e-01
4.139997959136962891e-01
4.139997959136962891e-01
4.139997959136962891e-01
4.139997959136962891e-01
4.139997959136962891e-01
4.139997959136962891e-01
4.139997959136962891e-01
4.139997959136962891e-01
4.139997959136962891e-01
4.139997959136962891e-01
4.139997959136962891e-01
4.139997959136962891e-01
4.139997959136962891e-01
4.139997959136962891e-01
4.139997959136962891e-01
4.139997959136962891e-01
4.139997959136962891e-01
4.139997959136962891e-01
4.139997959136962891e-01
4.139997959136962891e-01
4.139997959136962891e-01
4.139997959136962891e-01
4.139997959136962891e-01
4.139997959136962891e-01
4.139997959136962891e-01
4.139997959136962891e-01
4.139997959136962891e-01
4.139997959136962891e-01
4.139733612537384033e-01
4.139931499958038330e-01
4.139807224273681641e-01
4.139831960201263428e-01
4.139942526817321777e-01
4.139975905418395996e-01
4.139988422393798828e-01
4.139846563339233398e-01
4.139997959136962891e-01
4.139996767044067383e-01
4.139997959136962891e-01
4.139997959136962891e-01
4.139995872974395752e-01
4.139997661113739014e-01
4.139997959136962891e-01
4.139997959136962891e-01
4.139997959136962891e-01
4.139997959136962891e-01
4.139997959136962891e-01
4.139997959136962891e-01
4.139997959136962891e-01
4.139997959136962891e-01
4.139997959136962891e-01
4.139997959136962891e-01
4.139997959136962891e-01
4.139997959136962891e-01
4.139997959136962891e-01
4.139997959136962891e-01
