3.957652151584625244e-01
4.180237948894500732e-01
4.181473255157470703e-01
4.185817241668701172e-01
4.186413288116455078e-01
4.174901247024536133e-01
4.158829748630523682e-01
4.180682897567749023e-01
4.180366396903991699e-01
4.184101521968841553e-01
4.171848297119140625e-01
4.083612859249114990e-01
4.128388166427612305e-01
4.186413288116455078e-01
4.064948558807373047e-01
4.083545804023742676e-01
4.068514108657836914e-01
4.081147909164428711e-01
4.075477123260498047e-01
4.186413288116455078e-01
4.186413288116455078e-01
4.185838103294372559e-01
4.186339080333709717e-01
4.186413288116455078e-01
4.186413288116455078e-01
4.186413288116455078e-01
4.186413288116455078e-01
4.186413288116455078e-01
4.186413288116455078e-01
4.184989035129547119e-01
4.186200499534606934e-01
4.186413288116455078e-01
4.186413288116455078e-01
4.186413288116455078e-01
4.186359643936157227e-01
4.186413288116455078e-01
4.186413288116455078e-01
4.186413288116455078e-01
4.186413288116455078e-01
4.186106026172637939e-01
4.186413288116455078e-01
4.186373353004455566e-01
4.178645908832550049e-01
4.186231493949890137e-01
4.186352193355560303e-01
4.185934960842132568e-01
4.186413288116455078e-01
4.186413288116455078e-01
4.185711145401000977e-01
4.186413288116455078e-01
4.186413288116455078e-01
4.186413288116455078e-01
4.186413288116455078e-01
4.186413288116455078e-01
4.186413288116455078e-01
4.186413288116455078e-01
4.186413288116455078e-01
4.186413288116455078e-01
4.186413288116455078e-01
4.186413288116455078e-01
4.186413288116455078e-01
4.186413288116455078e-01
4.186413288116455078e-01
4.186413288116455078e-01
4.186413288116455078e-01
4.186413288116455078e-01
4.186413288116455078e-01
4.186413288116455078e-01
4.186230599880218506e-01
4.186304509639739990e-01
4.186304509639739990e-01
4.186263084411621094e-01
4.186413288116455078e-01
4.129546880722045898e-01
4.137057065963745117e-01
4.186413288116455078e-01
3.969615101814270020e-01
4.021358489990234375e-01
4.060081243515014648e-01
4.081964790821075439e-01
4.069715142250061035e-01
4.186413288116455078e-01
4.074335098266601562e-01
4.070978462696075439e-01
4.070734381675720215e-01
4.085696339607238770e-01
4.084330201148986816e-01
4.090255200862884521e-01
4.110177159309387207e-01
4.103341102600097656e-01
4.113202989101409912e-01
4.136420786380767822e-01
4.171617627143859863e-01
4.151171743869781494e-01
4.145804643630981445e-01
4.183779358863830566e-01
4.162835776805877686e-01
4.106841087341308594e-01
4.162921905517578125e-01
4.153662621974945068e-01
3.923910856246948242e-01
4.148257374763488770e-01
4.186413288116455078e-01
4.186413288116455078e-01
4.186413288116455078e-01
4.186413288116455078e-01
4.186413288116455078e-01
0.000000000000000000e+00
4.186413288116455078e-01
4.186413288116455078e-01
4.186413288116455078e-01
4.186413288116455078e-01
4.186413288116455078e-01
4.186413288116455078e-01
4.186413288116455078e-01
4.186413288116455078e-01
4.186413288116455078e-01
4.186413288116455078e-01
4.186413288116455078e-01
4.186413288116455078e-01
4.186413288116455078e-01
4.186080396175384521e-01
4.186413288116455078e-01
4.186413288116455078e-01
4.186413288116455078e-01
4.186413288116455078e-01
4.186413288116455078e-01
4.186413288116455078e-01
4.186049103736877441e-01
4.186413288116455078e-01
4.186413288116455078e-01
4.186119139194488525e-01
4.186413288116455078e-01
4.186413288116455078e-01
4.186413288116455078e-01
4.186413288116455078e-01
4.186413288116455078e-01
4.186413288116455078e-01
4.186413288116455078e-01
4.186413288116455078e-01
4.186413288116455078e-01
4.186413288116455078e-01
4.186413288116455078e-01
4.181665778160095215e-01
4.186413288116455078e-01
4.175442457199096680e-01
4.182372093200683594e-01
4.186413288116455078e-01
4.183020889759063721e-01
4.182165265083312988e-01
4.186413288116455078e-01
4.185374081134796143e-01
4.185113012790679932e-01
4.181674122810363770e-01
4.186413288116455078e-01
4.182627499103546143e-01
4.185858964920043945e-01
4.186413288116455078e-01
4.186413288116455078e-01
4.186413288116455078e-01
4.186413288116455078e-01
