3.112255930900573730e-01
2.769200801849365234e-01
3.189522027969360352e-01
2.723134756088256836e-01
3.167715668678283691e-01
3.554440736770629883e-01
2.975764274597167969e-01
2.972262501716613770e-01
3.139970898628234863e-01
0.000000000000000000e+00
3.751807808876037598e-01
0.000000000000000000e+00
3.751486837863922119e-01
0.000000000000000000e+00
0.000000000000000000e+00
0.000000000000000000e+00
3.762230575084686279e-01
3.177592158317565918e-01
3.372304141521453857e-01
3.702271580696105957e-01
3.320878446102142334e-01
0.000000000000000000e+00
3.427363038063049316e-01
3.376379013061523438e-01
2.986844182014465332e-01
3.023394942283630371e-01
3.026280105113983154e-01
2.974800765514373779e-01
3.179111480712890625e-01
3.034772276878356934e-01
3.138656616210937500e-01
3.464214205741882324e-01
3.120361566543579102e-01
3.238037824630737305e-01
0.000000000000000000e+00
2.614681720733642578e-01
3.520202636718750000e-01
0.000000000000000000e+00
0.000000000000000000e+00
0.000000000000000000e+00
0.000000000000000000e+00
4.108067452907562256e-01
4.192759394645690918e-01
4.177207648754119873e-01
4.173612594604492188e-01
3.531312346458435059e-01
4.158629775047302246e-01
4.092576801776885986e-01
4.146478474140167236e-01
3.373932838439941406e-01
3.644888401031494141e-01
3.073876500129699707e-01
3.044538199901580811e-01
3.062170743942260742e-01
3.092481493949890137e-01
3.093489110469818115e-01
3.077522516250610352e-01
3.090274930000305176e-01
3.021337389945983887e-01
2.985317707061767578e-01
3.064618706703186035e-01
3.018575310707092285e-01
2.983866333961486816e-01
3.060185909271240234e-01
3.025679588317871094e-01
3.327529430389404297e-01
3.066681325435638428e-01
3.465069532394409180e-01
3.131556212902069092e-01
0.000000000000000000e+00
3.046626448631286621e-01
3.077516555786132812e-01
3.029729127883911133e-01
2.973480224609375000e-01
2.997035384178161621e-01
3.277863264083862305e-01
2.721901834011077881e-01
3.028569817543029785e-01
3.011407852172851562e-01
3.193007111549377441e-01
4.055853188037872314e-01
3.171239495277404785e-01
3.328051567077636719e-01
2.976818680763244629e-01
3.332926034927368164e-01
0.000000000000000000e+00
2.906164526939392090e-01
2.976279258728027344e-01
3.309870958328247070e-01
0.000000000000000000e+00
3.085268735885620117e-01
2.855589985847473145e-01
3.056555390357971191e-01
2.696443796157836914e-01
0.000000000000000000e+00
3.133340477943420410e-01
3.077303171157836914e-01
3.003929257392883301e-01
3.055442571640014648e-01
3.077344894409179688e-01
4.164226353168487549e-01
0.000000000000000000e+00
0.000000000000000000e+00
3.010270297527313232e-01
3.055313229560852051e-01
0.000000000000000000e+00
0.000000000000000000e+00
0.000000000000000000e+00
0.000000000000000000e+00
0.000000000000000000e+00
0.000000000000000000e+00
0.000000000000000000e+00
0.000000000000000000e+00
0.000000000000000000e+00
0.000000000000000000e+00
0.000000000000000000e+00
0.000000000000000000e+00
0.000000000000000000e+00
3.099195659160614014e-01
2.709839940071105957e-01
6.515541672706604004e-02
2.465670704841613770e-01
3.113501071929931641e-01
0.000000000000000000e+00
3.320055007934570312e-01
3.076003789901733398e-01
3.186284899711608887e-01
3.144612908363342285e-01
2.975262403488159180e-01
2.834336161613464355e-01
2.693934440612792969e-01
2.719100117683410645e-01
2.911872863769531250e-01
2.707576453685760498e-01
2.679460942745208740e-01
2.933789193630218506e-01
3.064589500427246094e-01
2.746482789516448975e-01
2.877095341682434082e-01
2.893090844154357910e-01
2.860267162322998047e-01
3.312495946884155273e-01
4.129169285297393799e-01
3.321493268013000488e-01
4.099800586700439453e-01
4.096757173538208008e-01
3.869253396987915039e-01
3.893091380596160889e-01
3.798254132270812988e-01
3.690984249114990234e-01
3.702771663665771484e-01
3.814024627208709717e-01
4.084904789924621582e-01
4.135018289089202881e-01
3.703688383102416992e-01
4.138227403163909912e-01
4.175205826759338379e-01
4.127774536609649658e-01
4.130336940288543701e-01
3.939417600631713867e-01
3.914963603019714355e-01
3.318540751934051514e-01
3.979438245296478271e-01
3.550605773925781250e-01
3.867797851562500000e-01
3.769682645797729492e-01
3.814914226531982422e-01
3.842218220233917236e-01
3.507862687110900879e-01
3.979825377464294434e-01
2.990096509456634521e-01
3.174717426300048828e-01
3.090197443962097168e-01
2.859290838241577148e-01
3.615425527095794678e-01
3.651984930038452148e-01
3.037465810775756836e-01
3.813153207302093506e-01
4.053825736045837402e-01
3.897882103919982910e-01
3.006017804145812988e-01
3.742118477821350098e-01
2.813147902488708496e-01
2.970882058143615723e-01
3.328410387039184570e-01
2.761268615722656250e-01
3.936379551887512207e-01
3.089451789855957031e-01
4.005712270736694336e-01
3.974470794200897217e-01
3.910773396492004395e-01
3.993773460388183594e-01
3.750789165496826172e-01
2.707943618297576904e-01
2.991384267807006836e-01
3.053785562515258789e-01
2.949992418289184570e-01
4.020266532897949219e-01
3.691812157630920410e-01
3.775591850280761719e-01
3.748715817928314209e-01
3.009990155696868896e-01
2.963918447494506836e-01
2.837544083595275879e-01
2.936398983001708984e-01
2.946490645408630371e-01
2.925711274147033691e-01
2.789117097854614258e-01
2.863357663154602051e-01
3.308552205562591553e-01
2.892684936523437500e-01
3.084089756011962891e-01
3.268209397792816162e-01
3.036068081855773926e-01
2.952081859111785889e-01
2.808641195297241211e-01
2.890548706054687500e-01
2.956815958023071289e-01
2.984898090362548828e-01
3.090685606002807617e-01
3.805517852306365967e-01
2.985787391662597656e-01
3.099820613861083984e-01
3.124784231185913086e-01
3.731749653816223145e-01
3.665685653686523438e-01
3.810401558876037598e-01
3.080513477325439453e-01
3.157970607280731201e-01
3.592752218246459961e-01
3.035367131233215332e-01
3.037604093551635742e-01
4.156603813171386719e-01
3.390621840953826904e-01
2.983671426773071289e-01
3.045074939727783203e-01
2.969619631767272949e-01
3.022661209106445312e-01
3.057339191436767578e-01
3.281763792037963867e-01
4.020437300205230713e-01
3.518996834754943848e-01
3.203200697898864746e-01
3.095234632492065430e-01
3.200142383575439453e-01
4.013417065143585205e-01
4.129287302494049072e-01
4.012705981731414795e-01
4.134105443954467773e-01
4.003849327564239502e-01
0.000000000000000000e+00
2.916646003723144531e-01
0.000000000000000000e+00
2.965980172157287598e-01
3.662330508232116699e-01
4.114331305027008057e-01
3.036026656627655029e-01
3.165772855281829834e-01
3.227739930152893066e-01
3.186347186565399170e-01
3.129003047943115234e-01
3.147871196269989014e-01
3.969663679599761963e-01
3.104184269905090332e-01
3.271934688091278076e-01
4.024738073348999023e-01
3.991514444351196289e-01
4.037504196166992188e-01
4.109621644020080566e-01
4.135273993015289307e-01
3.849752545356750488e-01
3.626524209976196289e-01
3.501898050308227539e-01
3.355218172073364258e-01
3.634055256843566895e-01
3.671787679195404053e-01
3.017027974128723145e-01
2.935823798179626465e-01
3.032292723655700684e-01
3.012951016426086426e-01
3.098963499069213867e-01
3.017188012599945068e-01
3.042332530021667480e-01
2.968534827232360840e-01
3.030635714530944824e-01
3.023973405361175537e-01
3.034373521804809570e-01
3.000271022319793701e-01
3.069101572036743164e-01
3.016595542430877686e-01
3.010905981063842773e-01
2.995541691780090332e-01
3.036006093025207520e-01
3.024756908416748047e-01
3.296861648559570312e-01
3.030704259872436523e-01
2.971491217613220215e-01
2.949641346931457520e-01
3.349811434745788574e-01
2.678313851356506348e-02
3.041070699691772461e-01
2.951754331588745117e-01
2.979141175746917725e-01
2.758531570434570312e-01
0.000000000000000000e+00
0.000000000000000000e+00
0.000000000000000000e+00
3.282973468303680420e-01
2.969868183135986328e-01
4.068282246589660645e-01
3.432775139808654785e-01
3.046415448188781738e-01
0.000000000000000000e+00
4.157400727272033691e-01
4.191113114356994629e-01
4.181184172630310059e-01
4.185827374458312988e-01
3.149711787700653076e-01
4.160220921039581299e-01
4.162438511848449707e-01
3.802304267883300781e-01
4.167725145816802979e-01
4.123942852020263672e-01
3.947636187076568604e-01
4.102316200733184814e-01
4.067340791225433350e-01
3.782258331775665283e-01
4.143740832805633545e-01
3.768411874771118164e-01
3.843238651752471924e-01
3.792529702186584473e-01
3.779703974723815918e-01
3.778518140316009521e-01
3.340914249420166016e-01
2.586074471473693848e-01
2.933159768581390381e-01
2.606758475303649902e-01
2.130101621150970459e-01
1.903343498706817627e-01
0.000000000000000000e+00
0.000000000000000000e+00
2.326920628547668457e-02
2.830110192298889160e-01
0.000000000000000000e+00
0.000000000000000000e+00
0.000000000000000000e+00
0.000000000000000000e+00
0.000000000000000000e+00
0.000000000000000000e+00
0.000000000000000000e+00
0.000000000000000000e+00
0.000000000000000000e+00
0.000000000000000000e+00
0.000000000000000000e+00
0.000000000000000000e+00
0.000000000000000000e+00
0.000000000000000000e+00
0.000000000000000000e+00
3.188981413841247559e-01
0.000000000000000000e+00
0.000000000000000000e+00
2.611631155014038086e-01
0.000000000000000000e+00
1.931788027286529541e-01
2.871786952018737793e-01
3.067902028560638428e-01
0.000000000000000000e+00
2.724505066871643066e-01
0.000000000000000000e+00
3.093714714050292969e-01
3.190802931785583496e-01
3.068410158157348633e-01
3.079699873924255371e-01
0.000000000000000000e+00
0.000000000000000000e+00
0.000000000000000000e+00
0.000000000000000000e+00
0.000000000000000000e+00
3.429707884788513184e-01
3.141133487224578857e-01
0.000000000000000000e+00
0.000000000000000000e+00
2.935522496700286865e-01
0.000000000000000000e+00
3.144341111183166504e-01
3.018422722816467285e-01
3.342894017696380615e-01
4.238073229789733887e-01
2.587584257125854492e-01
3.357086181640625000e-01
2.903823554515838623e-01
2.993502616882324219e-01
0.000000000000000000e+00
0.000000000000000000e+00
0.000000000000000000e+00
0.000000000000000000e+00
4.033173322677612305e-01
0.000000000000000000e+00
0.000000000000000000e+00
0.000000000000000000e+00
0.000000000000000000e+00
4.224677681922912598e-01
4.166969954967498779e-01
4.196743369102478027e-01
4.156111776828765869e-01
4.093638658523559570e-01
0.000000000000000000e+00
3.987091183662414551e-01
3.783511519432067871e-01
3.366852998733520508e-01
3.018034100532531738e-01
0.000000000000000000e+00
0.000000000000000000e+00
0.000000000000000000e+00
0.000000000000000000e+00
0.000000000000000000e+00
0.000000000000000000e+00
3.388638198375701904e-01
3.085390925407409668e-01
2.961223125457763672e-01
3.038589358329772949e-01
2.729465365409851074e-01
2.925181090831756592e-01
2.727014422416687012e-01
2.936373949050903320e-01
0.000000000000000000e+00
0.000000000000000000e+00
0.000000000000000000e+00
0.000000000000000000e+00
0.000000000000000000e+00
0.000000000000000000e+00
1.666126549243927002e-01
0.000000000000000000e+00
0.000000000000000000e+00
4.151892960071563721e-01
3.136399388313293457e-01
0.000000000000000000e+00
3.770166635513305664e-01
3.482805490493774414e-01
0.000000000000000000e+00
3.286994397640228271e-01
3.560807704925537109e-01
3.721838593482971191e-01
3.075200319290161133e-01
0.000000000000000000e+00
0.000000000000000000e+00
2.959762513637542725e-01
3.121367394924163818e-01
2.762647867202758789e-01
0.000000000000000000e+00
2.574473619461059570e-01
2.884179949760437012e-01
2.705693840980529785e-01
3.282784223556518555e-01
2.945662140846252441e-01
2.990155220031738281e-01
2.925187945365905762e-01
2.854993045330047607e-01
3.284335732460021973e-01
2.835674285888671875e-01
2.804189324378967285e-01
2.881525754928588867e-01
2.997936010360717773e-01
3.040893077850341797e-01
2.850146889686584473e-01
2.804740667343139648e-01
3.504285216331481934e-01
3.211711645126342773e-01
2.997174263000488281e-01
3.147044777870178223e-01
0.000000000000000000e+00
3.742219209671020508e-01
0.000000000000000000e+00
0.000000000000000000e+00
0.000000000000000000e+00
0.000000000000000000e+00
0.000000000000000000e+00
0.000000000000000000e+00
3.077698945999145508e-01
2.923209667205810547e-01
2.647181153297424316e-01
2.989083528518676758e-01
3.026644587516784668e-01
3.027233481407165527e-01
2.698805928230285645e-02
2.675647139549255371e-01
2.776692509651184082e-01
2.889997959136962891e-01
0.000000000000000000e+00
0.000000000000000000e+00
0.000000000000000000e+00
2.832596302032470703e-01
4.188001453876495361e-01
3.031629025936126709e-01
0.000000000000000000e+00
0.000000000000000000e+00
0.000000000000000000e+00
0.000000000000000000e+00
0.000000000000000000e+00
0.000000000000000000e+00
0.000000000000000000e+00
0.000000000000000000e+00
0.000000000000000000e+00
0.000000000000000000e+00
0.000000000000000000e+00
3.629114627838134766e-01
0.000000000000000000e+00
0.000000000000000000e+00
0.000000000000000000e+00
0.000000000000000000e+00
0.000000000000000000e+00
2.639428973197937012e-01
2.913156449794769287e-01
2.844135165214538574e-01
3.004627227783203125e-01
2.756368517875671387e-01
2.998443841934204102e-01
3.143345713615417480e-01
3.415625691413879395e-01
2.934077382087707520e-01
3.039795756340026855e-01
2.772608399391174316e-01
2.806074023246765137e-01
2.825746536254882812e-01
2.666026353836059570e-01
3.227627873420715332e-01
2.932863235473632812e-01
3.300277590751647949e-01
3.488484025001525879e-01
4.124988615512847900e-01
3.848517835140228271e-01
4.169898927211761475e-01
4.163800179958343506e-01
4.126015007495880127e-01
3.958286046981811523e-01
3.293198347091674805e-01
2.943335175514221191e-01
3.003741502761840820e-01
3.059064745903015137e-01
3.235724866390228271e-01
2.924970984458923340e-01
2.984986007213592529e-01
3.273438215255737305e-01
2.905715107917785645e-01
4.115550518035888672e-01
4.161621332168579102e-01
3.020350337028503418e-01
3.334710299968719482e-01
4.176542162895202637e-01
2.051342725753784180e-01
3.760746121406555176e-02
2.811981439590454102e-01
2.889592051506042480e-01
2.919224500656127930e-01
2.967631220817565918e-01
3.132307529449462891e-01
2.869097590446472168e-01
3.225191235542297363e-01
2.906674146652221680e-01
2.887585163116455078e-01
2.872984111309051514e-01
2.899037003517150879e-01
2.937020957469940186e-01
2.962433695793151855e-01
3.069585561752319336e-01
2.941088080406188965e-01
3.013284206390380859e-01
2.980190217494964600e-01
2.959525585174560547e-01
3.713623285293579102e-01
3.174847364425659180e-01
3.108883500099182129e-01
3.627408146858215332e-01
3.272988796234130859e-01
3.104603290557861328e-01
3.266892135143280029e-01
3.208435475826263428e-01
3.091381788253784180e-01
2.992519140243530273e-01
4.155931770801544189e-01
3.206526041030883789e-01
4.174610376358032227e-01
4.171327948570251465e-01
4.173844754695892334e-01
4.163402318954467773e-01
4.145424067974090576e-01
4.168272018432617188e-01
4.138477444648742676e-01
4.132553935050964355e-01
4.008625745773315430e-01
4.017724692821502686e-01
3.881338238716125488e-01
3.360776305198669434e-01
3.245570659637451172e-01
3.206291198730468750e-01
3.595197796821594238e-01
2.958806753158569336e-01
2.813526391983032227e-01
3.049453198909759521e-01
2.952048182487487793e-01
2.838976979255676270e-01
2.901254892349243164e-01
2.931979894638061523e-01
2.971938252449035645e-01
2.740209102630615234e-01
3.043939769268035889e-01
3.015851974487304688e-01
2.830360531806945801e-01
2.843068838119506836e-01
3.072856068611145020e-01
3.535655140876770020e-01
4.074586927890777588e-01
4.142314195632934570e-01
4.149918854236602783e-01
4.170242249965667725e-01
4.181876778602600098e-01
4.178552925586700439e-01
4.197633564472198486e-01
4.199093580245971680e-01
4.192802309989929199e-01
4.192827939987182617e-01
2.507578730583190918e-01
3.424085378646850586e-01
3.745376169681549072e-01
3.207155466079711914e-01
4.080187082290649414e-01
3.886909186840057373e-01
3.762910962104797363e-01
3.126143217086791992e-01
3.018476665019989014e-01
3.147738873958587646e-01
3.290302753448486328e-01
3.806884884834289551e-01
3.435915112495422363e-01
3.051695525646209717e-01
2.704254984855651855e-01
3.073703050613403320e-01
3.076873421669006348e-01
3.040301799774169922e-01
2.988248467445373535e-01
3.070086240768432617e-01
2.962170839309692383e-01
2.952638268470764160e-01
3.006649911403656006e-01
2.963853478431701660e-01
2.992465496063232422e-01
3.016620576381683350e-01
3.014578223228454590e-01
5.405864119529724121e-02
3.151637911796569824e-01
0.000000000000000000e+00
0.000000000000000000e+00
2.982309460639953613e-01
3.028507828712463379e-01
3.006765246391296387e-01
3.011727333068847656e-01
2.939205169677734375e-01
2.962791323661804199e-01
2.961837947368621826e-01
3.240883350372314453e-01
2.204750776290893555e-01
3.552703857421875000e-01
2.990445494651794434e-01
2.978516519069671631e-01
2.949485480785369873e-01
1.324891746044158936e-01
2.976187467575073242e-01
2.921786308288574219e-01
3.002386689186096191e-01
3.127348124980926514e-01
3.029482364654541016e-01
3.138149678707122803e-01
3.772028684616088867e-01
0.000000000000000000e+00
2.605080604553222656e-01
2.987526059150695801e-01
2.932104766368865967e-01
2.902985215187072754e-01
3.027448058128356934e-01
3.121623992919921875e-01
3.450709283351898193e-01
4.132995605468750000e-01
6.876379251480102539e-03
2.780852317810058594e-01
0.000000000000000000e+00
3.131043910980224609e-01
3.018896281719207764e-01
3.520303368568420410e-01
3.452072739601135254e-01
3.525326251983642578e-01
3.065962791442871094e-01
3.059064745903015137e-01
2.828097939491271973e-01
2.930579781532287598e-01
3.022988736629486084e-01
3.184742331504821777e-01
3.110313415527343750e-01
3.093298673629760742e-01
3.014054298400878906e-01
2.870865464210510254e-01
2.985166311264038086e-01
3.077526688575744629e-01
3.094725012779235840e-01
3.367247581481933594e-01
3.560450971126556396e-01
3.260359168052673340e-01
3.588209450244903564e-01
3.007361292839050293e-01
3.038108348846435547e-01
3.414345681667327881e-01
3.330204486846923828e-01
2.953854203224182129e-01
3.150135278701782227e-01
2.830139994621276855e-01
3.071860969066619873e-01
3.319376409053802490e-01
3.038807809352874756e-01
2.970640659332275391e-01
3.233527839183807373e-01
3.544116914272308350e-01
3.196561336517333984e-01
2.994690537452697754e-01
3.183805942535400391e-01
3.437227904796600342e-01
3.865112066268920898e-01
3.958140313625335693e-01
3.819573819637298584e-01
3.123811483383178711e-01
3.099157214164733887e-01
2.867000102996826172e-01
3.015018701553344727e-01
0.000000000000000000e+00
3.022335767745971680e-01
3.067410588264465332e-01
3.139777779579162598e-01
2.778140902519226074e-01
2.931682467460632324e-01
2.878726124763488770e-01
2.829534411430358887e-01
2.550266683101654053e-01
2.880501151084899902e-01
3.677564263343811035e-01
3.460192382335662842e-01
3.249999880790710449e-01
3.614199757575988770e-01
3.001443743705749512e-01
3.168092668056488037e-01
3.942448198795318604e-01
3.909475803375244141e-01
3.974687755107879639e-01
3.979897499084472656e-01
4.065204858779907227e-01
4.149886071681976318e-01
4.159547090530395508e-01
4.133037030696868896e-01
4.163867533206939697e-01
4.155918955802917480e-01
3.048147559165954590e-01
3.313467204570770264e-01
3.041961789131164551e-01
2.719045281410217285e-01
2.757349014282226562e-01
2.952080368995666504e-01
3.007622957229614258e-01
3.011513352394104004e-01
3.119229972362518311e-01
0.000000000000000000e+00
2.987484335899353027e-01
2.996251583099365234e-01
3.120753765106201172e-01
3.320252597332000732e-01
3.062627017498016357e-01
0.000000000000000000e+00
0.000000000000000000e+00
0.000000000000000000e+00
2.565034031867980957e-01
0.000000000000000000e+00
0.000000000000000000e+00
3.028219640254974365e-01
3.079827725887298584e-01
3.135087192058563232e-01
2.637564837932586670e-01
3.031538426876068115e-01
2.755351960659027100e-01
2.606015205383300781e-01
2.932205796241760254e-01
2.985021770000457764e-01
3.956748247146606445e-01
2.677083611488342285e-01
2.974573373794555664e-01
3.048993945121765137e-01
2.999792993068695068e-01
3.050681352615356445e-01
3.057038187980651855e-01
3.065002560615539551e-01
3.108602464199066162e-01
2.967740893363952637e-01
2.885921597480773926e-01
2.954221963882446289e-01
2.896808385848999023e-01
2.914062738418579102e-01
2.971752882003784180e-01
2.984341979026794434e-01
3.010879158973693848e-01
3.141837716102600098e-01
3.086271286010742188e-01
3.041840195655822754e-01
3.103528022766113281e-01
3.177321553230285645e-01
3.337639570236206055e-01
2.939672470092773438e-01
2.859200239181518555e-01
3.070843219757080078e-01
0.000000000000000000e+00
0.000000000000000000e+00
0.000000000000000000e+00
2.817308902740478516e-01
3.193010687828063965e-01
2.621130943298339844e-01
2.837719917297363281e-01
3.014915585517883301e-01
3.095310628414154053e-01
3.122003674507141113e-01
3.105294108390808105e-01
3.417055010795593262e-01
4.021645188331604004e-01
3.755912184715270996e-01
4.104746580123901367e-01
4.058434367179870605e-01
4.105630517005920410e-01
3.802643418312072754e-01
3.960655331611633301e-01
3.806837201118469238e-01
3.418889641761779785e-01
3.080641627311706543e-01
3.000659346580505371e-01
3.983980417251586914e-01
3.870317935943603516e-01
3.862437009811401367e-01
4.002970457077026367e-01
4.111149311065673828e-01
3.970535397529602051e-01
3.327804207801818848e-01
2.917377352714538574e-01
2.950509190559387207e-01
3.088496327400207520e-01
3.055925369262695312e-01
3.067424893379211426e-01
3.151731491088867188e-01
3.211411237716674805e-01
3.019487261772155762e-01
3.272396326065063477e-01
3.759967982769012451e-01
3.980810940265655518e-01
4.145582318305969238e-01
4.103370904922485352e-01
3.954081237316131592e-01
3.771918416023254395e-01
3.979123830795288086e-01
4.102942943572998047e-01
4.107708334922790527e-01
3.988484442234039307e-01
4.076172411441802979e-01
4.142401218414306641e-01
4.169840216636657715e-01
3.215406835079193115e-01
3.210069537162780762e-01
2.983656525611877441e-01
3.430836796760559082e-01
3.859330713748931885e-01
3.237433135509490967e-01
3.070921897888183594e-01
3.747486770153045654e-01
3.320608139038085938e-01
3.531475663185119629e-01
3.842102885246276855e-01
3.578158020973205566e-01
2.748854160308837891e-01
2.873008847236633301e-01
3.040974140167236328e-01
3.146375417709350586e-01
3.159167468547821045e-01
2.924782037734985352e-01
2.871559858322143555e-01
2.936990261077880859e-01
3.031287789344787598e-01
3.022396564483642578e-01
3.042149543762207031e-01
3.044674098491668701e-01
3.063553571701049805e-01
3.067727684974670410e-01
3.090934753417968750e-01
3.118349313735961914e-01
3.158074021339416504e-01
3.129491806030273438e-01
3.096843957901000977e-01
3.069971799850463867e-01
3.022478222846984863e-01
3.201055228710174561e-01
3.295069932937622070e-01
3.196694254875183105e-01
3.102034926414489746e-01
3.029561042785644531e-01
3.078218698501586914e-01
2.506757378578186035e-01
3.041052818298339844e-01
3.044455945491790771e-01
3.050536513328552246e-01
3.496522307395935059e-01
3.043884038925170898e-01
3.069286346435546875e-01
3.073296248912811279e-01
3.030151724815368652e-01
3.026530146598815918e-01
3.242248892784118652e-01
3.047888278961181641e-01
2.916411757469177246e-01
4.179879426956176758e-01
4.168598353862762451e-01
4.153883457183837891e-01
4.048041701316833496e-01
3.674830794334411621e-01
3.356549143791198730e-01
3.427402675151824951e-01
3.454433083534240723e-01
3.406850695610046387e-01
3.402626514434814453e-01
3.300201594829559326e-01
3.491196334362030029e-01
2.854127883911132812e-01
0.000000000000000000e+00
0.000000000000000000e+00
0.000000000000000000e+00
0.000000000000000000e+00
0.000000000000000000e+00
0.000000000000000000e+00
0.000000000000000000e+00
0.000000000000000000e+00
0.000000000000000000e+00
0.000000000000000000e+00
0.000000000000000000e+00
0.000000000000000000e+00
0.000000000000000000e+00
0.000000000000000000e+00
0.000000000000000000e+00
0.000000000000000000e+00
0.000000000000000000e+00
0.000000000000000000e+00
0.000000000000000000e+00
0.000000000000000000e+00
1.957004964351654053e-01
4.054234027862548828e-01
3.975956737995147705e-01
3.741264045238494873e-01
3.700162768363952637e-01
3.800595700740814209e-01
3.773306608200073242e-01
3.358212709426879883e-01
3.629509508609771729e-01
3.540874719619750977e-01
3.763621449470520020e-01
3.681563138961791992e-01
3.461117744445800781e-01
3.334649503231048584e-01
3.239262104034423828e-01
2.911236882209777832e-01
3.079393506050109863e-01
3.181883692741394043e-01
3.374211192131042480e-01
3.384545445442199707e-01
3.285429179668426514e-01
3.295903205871582031e-01
2.944982051849365234e-01
3.125176429748535156e-01
2.865524291992187500e-01
3.069524168968200684e-01
3.265843987464904785e-01
3.046090006828308105e-01
2.803037166595458984e-01
3.093338012695312500e-01
2.979077994823455811e-01
2.753589749336242676e-01
3.063133358955383301e-01
3.099814057350158691e-01
2.831923365592956543e-01
3.124785423278808594e-01
2.783802747726440430e-01
2.937918603420257568e-01
2.986025810241699219e-01
2.850737273693084717e-01
3.031609654426574707e-01
2.976767420768737793e-01
2.817999124526977539e-01
2.831155061721801758e-01
2.784278094768524170e-01
0.000000000000000000e+00
0.000000000000000000e+00
0.000000000000000000e+00
0.000000000000000000e+00
0.000000000000000000e+00
0.000000000000000000e+00
0.000000000000000000e+00
2.097310125827789307e-01
3.004403710365295410e-01
2.854700982570648193e-01
0.000000000000000000e+00
3.149554133415222168e-01
2.766715884208679199e-01
2.914115190505981445e-01
3.490799367427825928e-01
3.381448388099670410e-01
3.125021159648895264e-01
3.052561879158020020e-01
3.308445811271667480e-01
3.369852900505065918e-01
3.653042912483215332e-01
3.912796378135681152e-01
3.380363583564758301e-01
3.973788619041442871e-01
4.041464328765869141e-01
3.937288522720336914e-01
3.796429336071014404e-01
3.830823302268981934e-01
3.490445315837860107e-01
2.961826026439666748e-01
3.162084221839904785e-01
3.057041168212890625e-01
2.857542634010314941e-01
2.885715961456298828e-01
2.973377704620361328e-01
3.036524653434753418e-01
3.160109221935272217e-01
3.431211113929748535e-01
2.990980744361877441e-01
3.034299015998840332e-01
3.010816276073455811e-01
2.994768619537353516e-01
2.974259257316589355e-01
3.011885881423950195e-01
0.000000000000000000e+00
3.062323927879333496e-01
2.993873357772827148e-01
2.975170612335205078e-01
2.918356359004974365e-01
3.224525451660156250e-01
0.000000000000000000e+00
0.000000000000000000e+00
3.172863721847534180e-01
2.989481091499328613e-01
2.945637106895446777e-01
3.016562461853027344e-01
2.972539067268371582e-01
2.949619293212890625e-01
2.984409332275390625e-01
2.977330088615417480e-01
3.049823045730590820e-01
3.176854252815246582e-01
3.034772872924804688e-01
3.099839389324188232e-01
2.806248366832733154e-01
3.109975457191467285e-01
4.062812328338623047e-01
2.956838607788085938e-01
3.152425885200500488e-01
2.976130843162536621e-01
3.506239056587219238e-01
3.096535801887512207e-01
2.998675107955932617e-01
2.967718541622161865e-01
2.836664617061614990e-01
2.960296869277954102e-01
2.977348268032073975e-01
3.320957422256469727e-01
3.465867042541503906e-01
3.187577128410339355e-01
2.971225678920745850e-01
0.000000000000000000e+00
3.031415939331054688e-01
4.078164696693420410e-01
4.050848186016082764e-01
4.045742750167846680e-01
2.961071729660034180e-01
2.930328845977783203e-01
3.010630011558532715e-01
3.714328408241271973e-01
3.934018611907958984e-01
3.400121331214904785e-01
3.926521539688110352e-01
0.000000000000000000e+00
3.056358098983764648e-01
3.085926771163940430e-01
2.656759023666381836e-01
3.075953722000122070e-01
0.000000000000000000e+00
2.880946099758148193e-01
3.144851922988891602e-01
3.039884567260742188e-01
3.106056451797485352e-01
1.705810129642486572e-01
0.000000000000000000e+00
4.191889166831970215e-01
2.678478360176086426e-01
0.000000000000000000e+00
0.000000000000000000e+00
0.000000000000000000e+00
0.000000000000000000e+00
0.000000000000000000e+00
0.000000000000000000e+00
0.000000000000000000e+00
0.000000000000000000e+00
0.000000000000000000e+00
0.000000000000000000e+00
0.000000000000000000e+00
0.000000000000000000e+00
0.000000000000000000e+00
0.000000000000000000e+00
0.000000000000000000e+00
0.000000000000000000e+00
3.190009295940399170e-01
3.008776903152465820e-01
0.000000000000000000e+00
0.000000000000000000e+00
0.000000000000000000e+00
0.000000000000000000e+00
0.000000000000000000e+00
3.030855059623718262e-01
3.514506518840789795e-01
2.592984437942504883e-01
2.996101379394531250e-01
2.914526164531707764e-01
2.939164638519287109e-01
3.176339268684387207e-01
3.023501038551330566e-01
3.641482293605804443e-01
3.920065760612487793e-01
3.992506861686706543e-01
2.913401126861572266e-01
3.008999526500701904e-01
3.234807252883911133e-01
0.000000000000000000e+00
3.087339997291564941e-01
2.992653846740722656e-01
3.358392119407653809e-01
0.000000000000000000e+00
0.000000000000000000e+00
3.033645749092102051e-01
3.729052245616912842e-01
2.751751840114593506e-01
4.198392629623413086e-01
4.087618887424468994e-01
4.121637940406799316e-01
4.122819900512695312e-01
4.156259596347808838e-01
4.098081886768341064e-01
4.202235937118530273e-01
4.096351265907287598e-01
4.162052273750305176e-01
4.157805740833282471e-01
4.098122417926788330e-01
4.065210819244384766e-01
3.814422488212585449e-01
3.974996507167816162e-01
3.926518857479095459e-01
4.118659496307373047e-01
4.049504697322845459e-01
3.446134924888610840e-01
4.118067920207977295e-01
4.117523133754730225e-01
4.098971486091613770e-01
4.064830541610717773e-01
3.846080303192138672e-01
3.756763935089111328e-01
3.321087360382080078e-01
3.126829862594604492e-01
2.434664070606231689e-01
2.947297692298889160e-01
2.378132939338684082e-01
2.980307340621948242e-01
3.008447885513305664e-01
2.376067340373992920e-01
3.465134501457214355e-01
2.824584841728210449e-01
2.949224710464477539e-01
1.830065548419952393e-01
8.269253373146057129e-02
2.383259832859039307e-01
0.000000000000000000e+00
0.000000000000000000e+00
1.974891722202301025e-01
0.000000000000000000e+00
0.000000000000000000e+00
0.000000000000000000e+00
3.986893892288208008e-01
3.888146281242370605e-01
4.059578776359558105e-01
4.086333215236663818e-01
4.110859334468841553e-01
4.165152609348297119e-01
4.148259758949279785e-01
4.160790741443634033e-01
4.132717549800872803e-01
4.137151539325714111e-01
4.087756276130676270e-01
4.002919793128967285e-01
3.824266493320465088e-01
4.017243385314941406e-01
4.032847285270690918e-01
3.682653903961181641e-01
2.806676626205444336e-01
3.660530447959899902e-01
3.087198734283447266e-01
3.031171560287475586e-01
3.068820238113403320e-01
3.218796849250793457e-01
3.278357982635498047e-01
3.548869788646697998e-01
3.842488527297973633e-01
2.979281544685363770e-01
4.071252048015594482e-01
4.163670539855957031e-01
4.118633270263671875e-01
4.169822037220001221e-01
4.126598238945007324e-01
4.155783057212829590e-01
3.977569937705993652e-01
3.743118047714233398e-01
3.690009117126464844e-01
3.572759032249450684e-01
3.622421622276306152e-01
3.565011024475097656e-01
3.311239480972290039e-01
3.494645953178405762e-01
3.733620047569274902e-01
3.728727698326110840e-01
3.417690396308898926e-01
3.750843703746795654e-01
4.074285328388214111e-01
3.344950079917907715e-01
3.486117720603942871e-01
3.046174645423889160e-01
3.195684552192687988e-01
2.901573181152343750e-01
2.882968783378601074e-01
2.739991545677185059e-01
2.758757472038269043e-01
3.425649106502532959e-01
3.293152749538421631e-01
3.572847545146942139e-01
3.270007967948913574e-01
1.448347866535186768e-01
4.160782396793365479e-01
4.130461513996124268e-01
3.390688598155975342e-01
3.245928287506103516e-01
3.084299564361572266e-01
3.618463873863220215e-01
3.716138601303100586e-01
2.957070469856262207e-01
3.540256023406982422e-01
2.699584960937500000e-01
2.677001953125000000e-01
3.994827568531036377e-01
3.555819392204284668e-01
3.138602972030639648e-01
3.605310916900634766e-01
2.946083545684814453e-01
3.008410632610321045e-01
3.045326471328735352e-01
3.143238425254821777e-01
2.946225106716156006e-01
3.132487237453460693e-01
2.947788834571838379e-01
3.468008637428283691e-01
3.125617206096649170e-01
3.072749376296997070e-01
3.122845292091369629e-01
3.011595010757446289e-01
3.137910068035125732e-01
2.600998282432556152e-01
2.797601222991943359e-01
2.918541431427001953e-01
2.927398085594177246e-01
3.146596550941467285e-01
3.252836465835571289e-01
3.310483694076538086e-01
3.239971399307250977e-01
2.995989918708801270e-01
2.892637848854064941e-01
2.908773422241210938e-01
3.158883750438690186e-01
3.085715472698211670e-01
2.720448970794677734e-01
2.911555767059326172e-01
3.005000352859497070e-01
2.970993220806121826e-01
3.089112639427185059e-01
2.629377841949462891e-01
2.617645263671875000e-01
2.760336101055145264e-01
2.966300845146179199e-01
2.901665866374969482e-01
2.963826060295104980e-01
3.046179711818695068e-01
3.049567937850952148e-01
3.114047944545745850e-01
2.949754595756530762e-01
3.181991577148437500e-01
2.996547818183898926e-01
3.043146133422851562e-01
3.121023774147033691e-01
3.370653390884399414e-01
3.113607764244079590e-01
3.071573376655578613e-01
3.093793392181396484e-01
3.162388205528259277e-01
3.079911172389984131e-01
3.519416451454162598e-01
3.012043833732604980e-01
3.107218146324157715e-01
2.905248999595642090e-01
2.992545366287231445e-01
3.881557583808898926e-01
3.995260298252105713e-01
3.851388096809387207e-01
4.098858833312988281e-01
4.042488932609558105e-01
3.888728022575378418e-01
3.874996900558471680e-01
3.862712085247039795e-01
4.051161706447601318e-01
4.059533774852752686e-01
4.088319242000579834e-01
3.042392134666442871e-01
3.292257189750671387e-01
3.307940959930419922e-01
3.349221348762512207e-01
3.343197703361511230e-01
3.425819873809814453e-01
3.241899609565734863e-01
2.770152688026428223e-01
2.840416431427001953e-01
2.912431657314300537e-01
0.000000000000000000e+00
0.000000000000000000e+00
0.000000000000000000e+00
0.000000000000000000e+00
0.000000000000000000e+00
0.000000000000000000e+00
0.000000000000000000e+00
0.000000000000000000e+00
0.000000000000000000e+00
0.000000000000000000e+00
0.000000000000000000e+00
0.000000000000000000e+00
0.000000000000000000e+00
0.000000000000000000e+00
0.000000000000000000e+00
0.000000000000000000e+00
0.000000000000000000e+00
0.000000000000000000e+00
0.000000000000000000e+00
0.000000000000000000e+00
0.000000000000000000e+00
0.000000000000000000e+00
3.103320002555847168e-01
0.000000000000000000e+00
0.000000000000000000e+00
2.935863733291625977e-01
2.947256267070770264e-01
2.799128890037536621e-01
2.784771323204040527e-01
3.156490921974182129e-01
2.912462949752807617e-01
3.074166178703308105e-01
3.137040734291076660e-01
0.000000000000000000e+00
0.000000000000000000e+00
2.896475195884704590e-01
3.194069862365722656e-01
1.492883265018463135e-01
0.000000000000000000e+00
0.000000000000000000e+00
0.000000000000000000e+00
2.904797792434692383e-01
0.000000000000000000e+00
0.000000000000000000e+00
2.781892716884613037e-01
3.210736513137817383e-01
2.987220883369445801e-01
3.082565069198608398e-01
2.991175651550292969e-01
2.944772839546203613e-01
2.973707318305969238e-01
3.028019070625305176e-01
3.030353784561157227e-01
2.911291122436523438e-01
2.936779856681823730e-01
3.012589812278747559e-01
3.011594414710998535e-01
2.934082150459289551e-01
2.930461168289184570e-01
2.969413697719573975e-01
2.986927628517150879e-01
3.294401764869689941e-01
3.380181789398193359e-01
2.787529230117797852e-01
3.071737289428710938e-01
2.898960113525390625e-01
0.000000000000000000e+00
0.000000000000000000e+00
2.339504063129425049e-01
0.000000000000000000e+00
0.000000000000000000e+00
0.000000000000000000e+00
0.000000000000000000e+00
0.000000000000000000e+00
0.000000000000000000e+00
0.000000000000000000e+00
0.000000000000000000e+00
0.000000000000000000e+00
0.000000000000000000e+00
0.000000000000000000e+00
0.000000000000000000e+00
0.000000000000000000e+00
0.000000000000000000e+00
0.000000000000000000e+00
0.000000000000000000e+00
0.000000000000000000e+00
0.000000000000000000e+00
0.000000000000000000e+00
0.000000000000000000e+00
0.000000000000000000e+00
2.028912901878356934e-01
4.210125803947448730e-01
2.439829111099243164e-01
0.000000000000000000e+00
3.188071846961975098e-01
2.873534560203552246e-01
2.846373319625854492e-01
0.000000000000000000e+00
2.831101119518280029e-01
0.000000000000000000e+00
2.956836819648742676e-01
3.108068704605102539e-01
0.000000000000000000e+00
0.000000000000000000e+00
0.000000000000000000e+00
0.000000000000000000e+00
0.000000000000000000e+00
4.063382148742675781e-01
2.962809801101684570e-01
1.126615703105926514e-01
2.363779544830322266e-01
2.800604999065399170e-01
3.051847219467163086e-01
4.056360125541687012e-01
4.149623513221740723e-01
4.164107739925384521e-01
4.168912172317504883e-01
4.155665338039398193e-01
4.180099368095397949e-01
4.170731604099273682e-01
4.180079400539398193e-01
4.172833859920501709e-01
3.409932851791381836e-01
3.029423356056213379e-01
3.661379814147949219e-01
3.905596137046813965e-01
3.866778910160064697e-01
2.846900224685668945e-01
3.129612803459167480e-01
3.594512939453125000e-01
3.624196648597717285e-01
2.911100089550018311e-01
3.011333942413330078e-01
2.882333397865295410e-01
3.038707971572875977e-01
2.804557979106903076e-01
3.183594644069671631e-01
3.278325200080871582e-01
2.965691685676574707e-01
2.971666455268859863e-01
3.003565967082977295e-01
3.087308406829833984e-01
2.990690469741821289e-01
2.764327526092529297e-01
2.932131290435791016e-01
2.757827937602996826e-01
3.098319172859191895e-01
3.024724721908569336e-01
3.475694656372070312e-01
3.662973642349243164e-01
2.464658617973327637e-01
2.960256040096282959e-01
2.656472921371459961e-01
2.549597024917602539e-01
2.899750471115112305e-01
2.358012497425079346e-01
3.629949688911437988e-01
3.169510960578918457e-01
2.467183768749237061e-01
0.000000000000000000e+00
3.519846200942993164e-01
4.061708450317382812e-01
2.596569657325744629e-01
4.266607165336608887e-01
4.272800385951995850e-01
4.275021553039550781e-01
4.274188280105590820e-01
4.268007278442382812e-01
0.000000000000000000e+00
4.254001975059509277e-01
4.247941672801971436e-01
4.249986708164215088e-01
1.345417797565460205e-01
4.256237447261810303e-01
4.256884455680847168e-01
4.219407439231872559e-01
3.077456951141357422e-01
2.768235206604003906e-01
3.818739950656890869e-01
3.178767859935760498e-01
3.188298940658569336e-01
3.918096721172332764e-01
4.108072221279144287e-01
4.095579981803894043e-01
3.750329017639160156e-01
3.229750990867614746e-01
3.090574145317077637e-01
3.089227080345153809e-01
2.887699604034423828e-01
2.957522273063659668e-01
3.106837272644042969e-01
2.986811995506286621e-01
2.939741015434265137e-01
2.910916209220886230e-01
3.345389366149902344e-01
0.000000000000000000e+00
0.000000000000000000e+00
0.000000000000000000e+00
0.000000000000000000e+00
0.000000000000000000e+00
0.000000000000000000e+00
0.000000000000000000e+00
0.000000000000000000e+00
0.000000000000000000e+00
0.000000000000000000e+00
0.000000000000000000e+00
0.000000000000000000e+00
0.000000000000000000e+00
3.183158040046691895e-01
3.232551217079162598e-01
3.323871493339538574e-01
0.000000000000000000e+00
3.227210640907287598e-01
3.692393302917480469e-01
3.531632423400878906e-01
3.717410266399383545e-01
2.872677445411682129e-01
4.130903184413909912e-01
4.122671186923980713e-01
3.136471211910247803e-01
3.356907963752746582e-01
2.801794409751892090e-01
2.796339988708496094e-01
2.881482243537902832e-01
2.869653105735778809e-01
3.397376537322998047e-01
3.325716853141784668e-01
2.802833914756774902e-01
2.832034528255462646e-01
2.929819822311401367e-01
2.985619306564331055e-01
3.260197639465332031e-01
3.309562206268310547e-01
2.977628707885742188e-01
3.002421259880065918e-01
3.029421567916870117e-01
3.015574812889099121e-01
3.030005097389221191e-01
2.895980775356292725e-01
2.936504781246185303e-01
3.022843599319458008e-01
2.966528534889221191e-01
2.991281747817993164e-01
2.984228730201721191e-01
3.253452181816101074e-01
2.861196994781494141e-01
3.518872261047363281e-01
3.264398276805877686e-01
3.621520996093750000e-01
2.964015603065490723e-01
0.000000000000000000e+00
2.975733280181884766e-01
2.766965329647064209e-01
2.994301915168762207e-01
2.975235581398010254e-01
3.100605010986328125e-01
3.110881745815277100e-01
2.879924774169921875e-01
2.909965515136718750e-01
2.973308563232421875e-01
3.831481635570526123e-01
0.000000000000000000e+00
0.000000000000000000e+00
0.000000000000000000e+00
3.385412693023681641e-01
2.679218053817749023e-01
2.759259343147277832e-01
2.775022983551025391e-01
2.876872718334197998e-01
2.871443927288055420e-01
2.851112782955169678e-01
2.878939807415008545e-01
2.846094965934753418e-01
2.750176191329956055e-01
2.778226137161254883e-01
3.362693190574645996e-01
2.888170480728149414e-01
2.895438671112060547e-01
2.971738278865814209e-01
3.095381259918212891e-01
3.374522924423217773e-01
0.000000000000000000e+00
0.000000000000000000e+00
3.234641551971435547e-01
4.050812423229217529e-01
2.976058721542358398e-01
4.186611175537109375e-01
3.237228989601135254e-01
3.168382048606872559e-01
2.928615212440490723e-01
0.000000000000000000e+00
4.176096022129058838e-01
3.362137973308563232e-01
3.741307854652404785e-01
3.521435856819152832e-01
3.953542113304138184e-01
3.931517302989959717e-01
0.000000000000000000e+00
4.206284582614898682e-01
2.123545706272125244e-01
0.000000000000000000e+00
3.681131005287170410e-01
0.000000000000000000e+00
3.661545515060424805e-01
0.000000000000000000e+00
0.000000000000000000e+00
0.000000000000000000e+00
3.003765344619750977e-01
0.000000000000000000e+00
0.000000000000000000e+00
0.000000000000000000e+00
0.000000000000000000e+00
4.128850996494293213e-01
4.089364409446716309e-01
2.950826883316040039e-01
0.000000000000000000e+00
0.000000000000000000e+00
0.000000000000000000e+00
0.000000000000000000e+00
0.000000000000000000e+00
0.000000000000000000e+00
4.154185652732849121e-01
3.956693410873413086e-01
0.000000000000000000e+00
0.000000000000000000e+00
0.000000000000000000e+00
0.000000000000000000e+00
0.000000000000000000e+00
0.000000000000000000e+00
0.000000000000000000e+00
0.000000000000000000e+00
0.000000000000000000e+00
2.864899337291717529e-01
0.000000000000000000e+00
0.000000000000000000e+00
4.201270043849945068e-01
4.300758838653564453e-01
0.000000000000000000e+00
4.236471951007843018e-01
4.234344959259033203e-01
4.221186339855194092e-01
4.196202158927917480e-01
4.183461666107177734e-01
3.061664104461669922e-01
2.986977994441986084e-01
2.898078560829162598e-01
3.002148568630218506e-01
0.000000000000000000e+00
3.298117518424987793e-01
4.112401008605957031e-01
4.044876396656036377e-01
4.017415642738342285e-01
4.167855381965637207e-01
4.182865321636199951e-01
4.147594273090362549e-01
4.120250940322875977e-01
4.117535054683685303e-01
4.146618247032165527e-01
4.124576151371002197e-01
4.108232855796813965e-01
4.144719839096069336e-01
4.170897305011749268e-01
4.119360744953155518e-01
4.098113179206848145e-01
4.088707566261291504e-01
3.863739967346191406e-01
3.538767993450164795e-01
3.393092155456542969e-01
2.398032546043395996e-01
0.000000000000000000e+00
4.163657724857330322e-01
4.059677720069885254e-01
4.151768684387207031e-01
4.015829265117645264e-01
4.138326346874237061e-01
4.066465497016906738e-01
4.124588966369628906e-01
4.130430221557617188e-01
4.164069592952728271e-01
4.091283679008483887e-01
3.959954679012298584e-01
3.789078593254089355e-01
3.251637816429138184e-01
2.951864600181579590e-01
3.564276099205017090e-01
3.683260679244995117e-01
3.242452740669250488e-01
3.795388340950012207e-01
3.056666254997253418e-01
2.991668879985809326e-01
3.139384984970092773e-01
2.962998151779174805e-01
3.658836781978607178e-01
3.255351781845092773e-01
3.791674673557281494e-01
3.820168375968933105e-01
3.890963196754455566e-01
2.692205309867858887e-01
2.693597674369812012e-01
3.091832995414733887e-01
2.761027216911315918e-01
2.803574800491333008e-01
2.994041144847869873e-01
2.946383953094482422e-01
2.982628941535949707e-01
2.831209897994995117e-01
2.852368354797363281e-01
3.094238638877868652e-01
2.813357710838317871e-01
2.526912689208984375e-01
2.737345397472381592e-01
0.000000000000000000e+00
3.517442941665649414e-01
0.000000000000000000e+00
4.108012020587921143e-01
4.183056950569152832e-01
2.436578869819641113e-01
0.000000000000000000e+00
2.601401507854461670e-01
0.000000000000000000e+00
0.000000000000000000e+00
3.971816003322601318e-01
0.000000000000000000e+00
4.199083447456359863e-01
0.000000000000000000e+00
0.000000000000000000e+00
0.000000000000000000e+00
0.000000000000000000e+00
0.000000000000000000e+00
0.000000000000000000e+00
0.000000000000000000e+00
2.184619009494781494e-01
2.878416180610656738e-01
2.433761656284332275e-01
2.980836033821105957e-01
1.967447698116302490e-01
0.000000000000000000e+00
2.888751029968261719e-01
3.004803657531738281e-01
3.002974390983581543e-01
2.981502711772918701e-01
2.952082753181457520e-01
3.004944324493408203e-01
2.970001101493835449e-01
3.026018738746643066e-01
0.000000000000000000e+00
2.629182338714599609e-01
3.042194247245788574e-01
2.969385981559753418e-01
3.372778296470642090e-01
3.473246693611145020e-01
3.547559380531311035e-01
3.316428661346435547e-01
3.452688455581665039e-01
3.315787315368652344e-01
3.793791234493255615e-01
3.941856026649475098e-01
3.510951697826385498e-01
3.849250972270965576e-01
3.786722123622894287e-01
3.155438303947448730e-01
3.804852664470672607e-01
3.544866442680358887e-01
3.096129298210144043e-01
3.610352277755737305e-01
3.615001440048217773e-01
3.545809984207153320e-01
3.897354900836944580e-01
3.839943110942840576e-01
3.852873146533966064e-01
4.051691293716430664e-01
3.589398264884948730e-01
3.216659426689147949e-01
3.314527273178100586e-01
3.142148256301879883e-01
3.068121671676635742e-01
3.012079000473022461e-01
4.069485068321228027e-01
4.178923368453979492e-01
3.602452874183654785e-01
3.153476417064666748e-01
2.996012866497039795e-01
4.139899611473083496e-01
4.148153066635131836e-01
4.158357977867126465e-01
4.171069264411926270e-01
4.175943136215209961e-01
4.163021743297576904e-01
4.164995551109313965e-01
4.076523482799530029e-01
4.122971892356872559e-01
4.133930504322052002e-01
4.132262468338012695e-01
4.198056459426879883e-01
4.149045050144195557e-01
4.139990806579589844e-01
4.130163192749023438e-01
4.077329039573669434e-01
3.999569118022918701e-01
4.063938558101654053e-01
4.047583043575286865e-01
3.946317136287689209e-01
4.072186946868896484e-01
3.899807333946228027e-01
3.781210184097290039e-01
4.147884249687194824e-01
3.675649762153625488e-01
3.990167677402496338e-01
3.833953440189361572e-01
3.908724188804626465e-01
3.930667936801910400e-01
4.057438075542449951e-01
3.375105559825897217e-01
2.980855703353881836e-01
3.198750019073486328e-01
4.174930155277252197e-01
3.923397958278656006e-01
3.013411760330200195e-01
0.000000000000000000e+00
4.099745154380798340e-01
2.654636502265930176e-01
2.999331355094909668e-01
3.070610165596008301e-01
0.000000000000000000e+00
0.000000000000000000e+00
0.000000000000000000e+00
3.004706799983978271e-01
0.000000000000000000e+00
0.000000000000000000e+00
0.000000000000000000e+00
0.000000000000000000e+00
0.000000000000000000e+00
0.000000000000000000e+00
3.051053881645202637e-01
0.000000000000000000e+00
3.330042958259582520e-01
1.458941400051116943e-01
3.004212379455566406e-01
3.165478408336639404e-01
3.312174677848815918e-01
3.253362178802490234e-01
3.346527218818664551e-01
3.624787926673889160e-01
3.036572337150573730e-01
2.829048037528991699e-01
3.726078271865844727e-01
3.613429069519042969e-01
2.906734943389892578e-01
3.139104545116424561e-01
3.823796212673187256e-01
3.325785994529724121e-01
2.777294516563415527e-01
3.143261075019836426e-01
3.432469069957733154e-01
4.043960869312286377e-01
2.919923067092895508e-01
4.130455851554870605e-01
4.200301766395568848e-01
3.130208849906921387e-01
2.941322028636932373e-01
2.818633317947387695e-01
2.886977195739746094e-01
3.469079732894897461e-01
3.003465533256530762e-01
3.537389039993286133e-01
3.746155202388763428e-01
3.087523877620697021e-01
3.050495386123657227e-01
3.076223731040954590e-01
2.667436003684997559e-01
3.054127097129821777e-01
3.201419711112976074e-01
3.265193104743957520e-01
3.796903491020202637e-01
3.759654760360717773e-01
3.677214980125427246e-01
3.600966930389404297e-01
3.420932292938232422e-01
3.292925357818603516e-01
3.394575715065002441e-01
3.418473601341247559e-01
3.495914936065673828e-01
3.217681050300598145e-01
3.069021701812744141e-01
3.055939376354217529e-01
3.092387616634368896e-01
3.092249035835266113e-01
3.101862072944641113e-01
3.103871345520019531e-01
2.538970708847045898e-01
2.804908156394958496e-01
3.180584609508514404e-01
2.453343272209167480e-01
3.133903443813323975e-01
2.948583066463470459e-01
0.000000000000000000e+00
0.000000000000000000e+00
0.000000000000000000e+00
3.008089959621429443e-01
3.014776110649108887e-01
2.932894229888916016e-01
4.062714576721191406e-01
3.743796348571777344e-01
3.830290436744689941e-01
3.933972716331481934e-01
3.932155966758728027e-01
4.045979082584381104e-01
4.063258767127990723e-01
4.061075448989868164e-01
4.068138599395751953e-01
4.066020846366882324e-01
3.954216837882995605e-01
3.991947174072265625e-01
4.086649417877197266e-01
3.750793635845184326e-01
3.708128929138183594e-01
4.118636846542358398e-01
4.096233248710632324e-01
4.052154421806335449e-01
3.917303681373596191e-01
3.841382861137390137e-01
2.776661515235900879e-01
4.063677489757537842e-01
4.095030725002288818e-01
4.061910212039947510e-01
4.083599448204040527e-01
3.921346068382263184e-01
3.397593498229980469e-01
4.142001867294311523e-01
4.100692570209503174e-01
4.181291162967681885e-01
4.184503257274627686e-01
4.195048511028289795e-01
4.233681559562683105e-01
4.246627688407897949e-01
2.897660136222839355e-01
2.996513545513153076e-01
3.007088899612426758e-01
3.368458747863769531e-01
3.453286588191986084e-01
3.442680835723876953e-01
2.876515984535217285e-01
2.809530198574066162e-01
3.023826777935028076e-01
3.308774828910827637e-01
3.762348294258117676e-01
3.696037530899047852e-01
2.993184328079223633e-01
2.640453577041625977e-01
3.029312491416931152e-01
3.376203775405883789e-01
3.688145875930786133e-01
3.774227499961853027e-01
3.901685476303100586e-01
3.870363235473632812e-01
3.725193142890930176e-01
3.065416216850280762e-01
3.070501089096069336e-01
3.111218214035034180e-01
3.125748634338378906e-01
3.015459179878234863e-01
2.911995649337768555e-01
2.749398350715637207e-01
2.827489972114562988e-01
2.853434681892395020e-01
2.849069833755493164e-01
2.764937281608581543e-01
2.918168306350708008e-01
2.715509533882141113e-01
2.823439240455627441e-01
2.887669801712036133e-01
2.646829485893249512e-01
2.860025167465209961e-01
2.922482192516326904e-01
2.908127903938293457e-01
2.778869271278381348e-01
2.735409140586853027e-01
3.637720346450805664e-01
3.614838123321533203e-01
2.934438586235046387e-01
3.997127413749694824e-01
3.346877694129943848e-01
4.174807965755462646e-01
4.083772599697113037e-01
2.863158583641052246e-01
3.010679483413696289e-01
2.889764010906219482e-01
3.008986413478851318e-01
3.007199168205261230e-01
2.975953221321105957e-01
3.206534981727600098e-01
2.930968403816223145e-01
3.070362210273742676e-01
1.960739791393280029e-01
2.628501057624816895e-01
2.848724126815795898e-01
2.971781492233276367e-01
2.809867262840270996e-01
2.759672403335571289e-01
2.843379676342010498e-01
2.981846332550048828e-01
2.857822179794311523e-01
2.989372014999389648e-01
2.965511679649353027e-01
2.950710058212280273e-01
3.008729815483093262e-01
3.090671300888061523e-01
2.671712040901184082e-01
2.639468312263488770e-01
2.787091434001922607e-01
2.940747141838073730e-01
2.785894572734832764e-01
3.099164664745330811e-01
3.137426972389221191e-01
3.205511569976806641e-01
3.287659287452697754e-01
2.677154242992401123e-01
3.434832990169525146e-01
2.952973842620849609e-01
2.842614650726318359e-01
2.988442778587341309e-01
2.909379601478576660e-01
2.949685752391815186e-01
2.953602671623229980e-01
0.000000000000000000e+00
2.857172489166259766e-01
4.162297844886779785e-01
3.976874053478240967e-01
0.000000000000000000e+00
4.170858860015869141e-01
4.174165427684783936e-01
4.176776707172393799e-01
4.203145503997802734e-01
4.219704270362854004e-01
3.049914240837097168e-01
2.961550951004028320e-01
0.000000000000000000e+00
3.060448765754699707e-01
3.257176280021667480e-01
0.000000000000000000e+00
3.034017682075500488e-01
2.947217226028442383e-01
2.841273546218872070e-01
3.010966777801513672e-01
3.224249482154846191e-01
2.942935824394226074e-01
3.269104957580566406e-01
3.590755164623260498e-01
3.429393768310546875e-01
3.157956302165985107e-01
3.827126920223236084e-01
3.510669171810150146e-01
3.773941397666931152e-01
4.118629395961761475e-01
4.113723635673522949e-01
3.311702609062194824e-01
3.229663372039794922e-01
3.369732499122619629e-01
4.173860847949981689e-01
3.457241654396057129e-01
3.331583738327026367e-01
4.028115272521972656e-01
3.765247464179992676e-01
4.145440161228179932e-01
4.102878272533416748e-01
4.102141261100769043e-01
4.094894826412200928e-01
4.114377498626708984e-01
4.141223430633544922e-01
4.171268939971923828e-01
4.155620634555816650e-01
4.137037396430969238e-01
4.153006076812744141e-01
4.170208573341369629e-01
4.173620641231536865e-01
4.162702858448028564e-01
4.172450304031372070e-01
4.102692008018493652e-01
4.162261784076690674e-01
4.174984693527221680e-01
4.173891246318817139e-01
4.174234569072723389e-01
4.174642860889434814e-01
4.173941910266876221e-01
4.174548387527465820e-01
4.174757897853851318e-01
4.174786508083343506e-01
4.174916744232177734e-01
4.174778461456298828e-01
4.174733459949493408e-01
4.174772202968597412e-01
4.173473119735717773e-01
4.168166518211364746e-01
4.165062308311462402e-01
4.172511994838714600e-01
4.176137745380401611e-01
4.174979925155639648e-01
4.177370369434356689e-01
4.191031754016876221e-01
4.174690246582031250e-01
4.161729812622070312e-01
4.168889224529266357e-01
4.129903912544250488e-01
4.131978452205657959e-01
4.110037088394165039e-01
4.126846492290496826e-01
4.131243824958801270e-01
4.054647088050842285e-01
4.079644381999969482e-01
4.139561057090759277e-01
4.174940884113311768e-01
4.205103814601898193e-01
4.220404028892517090e-01
4.228471517562866211e-01
4.219640493392944336e-01
4.209557473659515381e-01
4.202550053596496582e-01
4.173721075057983398e-01
4.176084995269775391e-01
4.129926562309265137e-01
4.181101620197296143e-01
4.178848862648010254e-01
4.185190200805664062e-01
4.142450690269470215e-01
4.184151291847229004e-01
4.172703921794891357e-01
4.139968156814575195e-01
4.137434363365173340e-01
4.180211722850799561e-01
4.217911660671234131e-01
4.143679440021514893e-01
4.145613908767700195e-01
4.149592816829681396e-01
4.149149656295776367e-01
4.115512371063232422e-01
4.092532694339752197e-01
4.113040268421173096e-01
4.099251329898834229e-01
4.081398546695709229e-01
4.117969274520874023e-01
4.144640564918518066e-01
4.134408533573150635e-01
4.099508225917816162e-01
4.121910929679870605e-01
4.097314476966857910e-01
4.056113958358764648e-01
4.151398241519927979e-01
4.064408242702484131e-01
4.171890616416931152e-01
4.146462082862854004e-01
4.169440865516662598e-01
4.156840741634368896e-01
4.152294099330902100e-01
4.138859808444976807e-01
4.069474041461944580e-01
4.121225178241729736e-01
4.129626154899597168e-01
4.165253341197967529e-01
4.127123355865478516e-01
4.042260348796844482e-01
4.138063490390777588e-01
4.161004722118377686e-01
4.172555804252624512e-01
4.160210192203521729e-01
4.147779047489166260e-01
4.174327254295349121e-01
4.150312840938568115e-01
4.151372015476226807e-01
4.147805273532867432e-01
4.136226773262023926e-01
4.149818718433380127e-01
4.169198870658874512e-01
4.177176356315612793e-01
4.174222350120544434e-01
4.172645807266235352e-01
4.167849123477935791e-01
4.168302714824676514e-01
4.164270758628845215e-01
4.141993820667266846e-01
4.119629263877868652e-01
4.103651046752929688e-01
4.129813015460968018e-01
4.109545946121215820e-01
4.131228327751159668e-01
4.115469753742218018e-01
4.121535420417785645e-01
4.154501855373382568e-01
4.166166186332702637e-01
4.131954014301300049e-01
4.091970920562744141e-01
4.122700095176696777e-01
4.132636189460754395e-01
4.135004878044128418e-01
4.166213572025299072e-01
4.170366525650024414e-01
4.140435457229614258e-01
4.134509563446044922e-01
4.046773612499237061e-01
4.007782936096191406e-01
4.088945388793945312e-01
4.130921959877014160e-01
4.115876555442810059e-01
4.118315279483795166e-01
4.128005206584930420e-01
4.149078726768493652e-01
4.125103056430816650e-01
4.153043031692504883e-01
4.168079495429992676e-01
4.086352288722991943e-01
4.120787084102630615e-01
4.038738012313842773e-01
4.094330668449401855e-01
4.084913730621337891e-01
4.151353240013122559e-01
4.160411655902862549e-01
4.158671796321868896e-01
4.162507951259613037e-01
4.172683656215667725e-01
4.174385368824005127e-01
4.174713194370269775e-01
4.164360165596008301e-01
4.155933558940887451e-01
4.169918000698089600e-01
4.177006781101226807e-01
4.152168035507202148e-01
4.153357446193695068e-01
4.178389012813568115e-01
4.181020259857177734e-01
4.177494049072265625e-01
4.163288772106170654e-01
4.167246818542480469e-01
4.181021451950073242e-01
4.180274009704589844e-01
4.184860289096832275e-01
4.185888171195983887e-01
4.205724298954010010e-01
4.221650958061218262e-01
4.221457540988922119e-01
4.190020859241485596e-01
4.190162122249603271e-01
4.191864132881164551e-01
4.193719029426574707e-01
4.159439802169799805e-01
4.181476235389709473e-01
4.176104366779327393e-01
4.190401434898376465e-01
4.198428988456726074e-01
4.207051992416381836e-01
4.231658279895782471e-01
4.236038029193878174e-01
4.256392419338226318e-01
4.243565201759338379e-01
4.229058027267456055e-01
4.214200973510742188e-01
4.195760786533355713e-01
4.176552295684814453e-01
4.148648679256439209e-01
4.163635969161987305e-01
4.183527231216430664e-01
4.183324575424194336e-01
4.185384809970855713e-01
4.186236858367919922e-01
4.190801084041595459e-01
4.177578687667846680e-01
4.182527661323547363e-01
4.177603125572204590e-01
4.182905554771423340e-01
4.185688197612762451e-01
4.184110164642333984e-01
4.172300696372985840e-01
4.184634089469909668e-01
4.185507893562316895e-01
4.122953116893768311e-01
4.132378101348876953e-01
4.167112112045288086e-01
4.173049330711364746e-01
4.142303168773651123e-01
4.155269563198089600e-01
4.135759174823760986e-01
4.145029783248901367e-01
4.151118993759155273e-01
4.150083363056182861e-01
4.141039252281188965e-01
4.134775102138519287e-01
4.152200818061828613e-01
4.119699895381927490e-01
4.161191582679748535e-01
4.180942177772521973e-01
4.178734421730041504e-01
4.176600277423858643e-01
4.175235629081726074e-01
4.171803593635559082e-01
4.172332584857940674e-01
4.172668755054473877e-01
4.174596667289733887e-01
4.174520969390869141e-01
4.171743988990783691e-01
4.175088405609130859e-01
4.176613986492156982e-01
4.175791442394256592e-01
4.167461991310119629e-01
4.175697863101959229e-01
4.160826802253723145e-01
4.165361523628234863e-01
4.164674878120422363e-01
4.126077294349670410e-01
4.169614911079406738e-01
4.171614050865173340e-01
4.165528714656829834e-01
4.176154136657714844e-01
4.077101647853851318e-01
4.134394526481628418e-01
4.162551760673522949e-01
4.153387546539306641e-01
4.155676364898681641e-01
4.168444275856018066e-01
4.171001017093658447e-01
4.168159067630767822e-01
4.173850715160369873e-01
4.182659387588500977e-01
4.199960827827453613e-01
4.166987836360931396e-01
4.165402650833129883e-01
4.170176982879638672e-01
4.176304638385772705e-01
4.171507060527801514e-01
4.170594215393066406e-01
4.178428053855895996e-01
4.189587831497192383e-01
4.213545620441436768e-01
4.231656789779663086e-01
4.218972623348236084e-01
4.192824959754943848e-01
4.181014895439147949e-01
4.185865223407745361e-01
4.191870093345642090e-01
4.172255098819732666e-01
4.184229671955108643e-01
4.181751906871795654e-01
4.172373414039611816e-01
4.172024726867675781e-01
4.174054265022277832e-01
4.171578884124755859e-01
4.172511100769042969e-01
4.160939455032348633e-01
4.134321510791778564e-01
4.158357381820678711e-01
4.167136847972869873e-01
4.146964550018310547e-01
4.119733870029449463e-01
4.143318235874176025e-01
4.163336753845214844e-01
4.172093272209167480e-01
4.169782400131225586e-01
4.167029857635498047e-01
4.162530601024627686e-01
4.174484014511108398e-01
4.176245927810668945e-01
4.158737063407897949e-01
4.149937927722930908e-01
4.162233173847198486e-01
4.175162315368652344e-01
4.157787859439849854e-01
4.137631952762603760e-01
4.163527786731719971e-01
4.149708151817321777e-01
4.024471938610076904e-01
4.100110530853271484e-01
4.167118370532989502e-01
4.145551323890686035e-01
4.153171181678771973e-01
4.171926379203796387e-01
4.170274734497070312e-01
4.153929352760314941e-01
4.166737198829650879e-01
4.169384241104125977e-01
4.177913367748260498e-01
4.181111752986907959e-01
4.162713587284088135e-01
4.164597988128662109e-01
4.147954285144805908e-01
4.161628484725952148e-01
4.173520207405090332e-01
4.175027608871459961e-01
4.041149020195007324e-01
4.153843820095062256e-01
4.134438037872314453e-01
4.166138470172882080e-01
4.173277914524078369e-01
4.167509377002716064e-01
4.170282185077667236e-01
4.166530966758728027e-01
4.109089374542236328e-01
4.160014390945434570e-01
4.166389107704162598e-01
4.125857353210449219e-01
3.850445151329040527e-01
4.123077988624572754e-01
4.146820306777954102e-01
4.043711423873901367e-01
3.652548789978027344e-01
3.871020972728729248e-01
4.044003784656524658e-01
4.053534567356109619e-01
3.928134441375732422e-01
3.950600028038024902e-01
4.059063494205474854e-01
3.775606155395507812e-01
3.970237076282501221e-01
4.099269509315490723e-01
4.087139964103698730e-01
4.098865687847137451e-01
4.100036323070526123e-01
4.029116928577423096e-01
3.946519792079925537e-01
3.944459855556488037e-01
4.117470979690551758e-01
4.148796796798706055e-01
4.157868027687072754e-01
4.169970452785491943e-01
4.169964790344238281e-01
4.164088368415832520e-01
4.176629185676574707e-01
4.141289591789245605e-01
4.178703129291534424e-01
4.163275361061096191e-01
4.130645692348480225e-01
4.160990417003631592e-01
4.155654907226562500e-01
4.164398014545440674e-01
4.171465039253234863e-01
4.174292683601379395e-01
4.179149866104125977e-01
4.170882105827331543e-01
4.187279939651489258e-01
4.174741208553314209e-01
4.155874848365783691e-01
4.181291162967681885e-01
4.162777066230773926e-01
4.171280860900878906e-01
4.171929955482482910e-01
4.175386726856231689e-01
4.174420833587646484e-01
4.165660142898559570e-01
4.172011911869049072e-01
4.200970530509948730e-01
4.192951917648315430e-01
4.170617163181304932e-01
4.173978865146636963e-01
4.179053306579589844e-01
4.159837663173675537e-01
4.177973866462707520e-01
4.191182553768157959e-01
4.185928404331207275e-01
4.174531698226928711e-01
4.178986251354217529e-01
4.172771275043487549e-01
4.163739085197448730e-01
4.169530272483825684e-01
4.183776676654815674e-01
4.185851216316223145e-01
4.180812239646911621e-01
4.177508056163787842e-01
4.177656173706054688e-01
4.179740250110626221e-01
4.176062345504760742e-01
4.157921969890594482e-01
4.179115593433380127e-01
4.174691438674926758e-01
4.178254604339599609e-01
4.177823066711425781e-01
4.175887107849121094e-01
4.165515899658203125e-01
4.182561635971069336e-01
4.200871288776397705e-01
4.188804030418395996e-01
4.178601801395416260e-01
4.175796210765838623e-01
4.175068736076354980e-01
4.183570146560668945e-01
4.149695038795471191e-01
4.171177148818969727e-01
4.168313145637512207e-01
4.154314398765563965e-01
4.169016480445861816e-01
4.173323512077331543e-01
4.137517809867858887e-01
4.140269458293914795e-01
4.173841178417205811e-01
4.167897403240203857e-01
4.169693589210510254e-01
4.171490967273712158e-01
4.146318137645721436e-01
4.163983464241027832e-01
4.140133261680603027e-01
4.174707233905792236e-01
4.146728217601776123e-01
4.162485003471374512e-01
4.172047078609466553e-01
4.159863889217376709e-01
4.157525599002838135e-01
4.165948033332824707e-01
4.129871428012847900e-01
4.091012179851531982e-01
4.117816984653472900e-01
4.145160913467407227e-01
4.155498147010803223e-01
4.152609109878540039e-01
4.106517732143402100e-01
3.859998583793640137e-01
3.949614167213439941e-01
3.865737020969390869e-01
3.917938470840454102e-01
3.931227028369903564e-01
4.043076932430267334e-01
3.117507398128509521e-01
3.139648437500000000e-01
3.971006274223327637e-01
4.009147882461547852e-01
4.175060391426086426e-01
4.174897968769073486e-01
4.175127148628234863e-01
4.182178080081939697e-01
4.176528453826904297e-01
3.581454753875732422e-01
4.177202582359313965e-01
4.175329804420471191e-01
4.174919128417968750e-01
3.438770174980163574e-01
4.174936711788177490e-01
4.173995256423950195e-01
4.184836745262145996e-01
4.183253943920135498e-01
4.182697534561157227e-01
4.172783493995666504e-01
4.174671173095703125e-01
4.174811244010925293e-01
4.174839258193969727e-01
4.176372587680816650e-01
4.181206226348876953e-01
4.178976416587829590e-01
4.158944785594940186e-01
4.172543585300445557e-01
4.174501299858093262e-01
4.169646799564361572e-01
4.159644544124603271e-01
4.164192676544189453e-01
4.185259938240051270e-01
4.170685708522796631e-01
4.174137413501739502e-01
4.171575903892517090e-01
4.175111949443817139e-01
4.174704551696777344e-01
4.174760580062866211e-01
4.174779057502746582e-01
4.174785912036895752e-01
4.171385169029235840e-01
4.165012240409851074e-01
4.160157740116119385e-01
4.177114665508270264e-01
4.178200960159301758e-01
4.168509244918823242e-01
4.186673164367675781e-01
4.181599020957946777e-01
4.155530929565429688e-01
4.171645045280456543e-01
4.175070822238922119e-01
4.174990355968475342e-01
4.174009561538696289e-01
4.174726009368896484e-01
4.178491234779357910e-01
4.177798032760620117e-01
4.165073037147521973e-01
4.175613522529602051e-01
4.175000190734863281e-01
4.173108339309692383e-01
4.158955514430999756e-01
4.137104451656341553e-01
4.146195948123931885e-01
4.141292273998260498e-01
4.134352207183837891e-01
4.130212068557739258e-01
4.154829978942871094e-01
4.181618690490722656e-01
4.183436334133148193e-01
4.180572032928466797e-01
4.185898602008819580e-01
4.207507967948913574e-01
4.230087399482727051e-01
4.210502803325653076e-01
4.208611249923706055e-01
4.212923049926757812e-01
4.230341017246246338e-01
4.223062098026275635e-01
4.207510352134704590e-01
4.219699203968048096e-01
4.241417646408081055e-01
4.254354536533355713e-01
4.255044162273406982e-01
4.218781292438507080e-01
4.226300120353698730e-01
4.241901934146881104e-01
4.221894741058349609e-01
4.202554225921630859e-01
4.173706173896789551e-01
4.187504053115844727e-01
4.180738031864166260e-01
4.177238345146179199e-01
4.167625308036804199e-01
4.144176244735717773e-01
4.156720638275146484e-01
4.177768528461456299e-01
4.176015853881835938e-01
4.175274372100830078e-01
4.138680100440979004e-01
4.167931377887725830e-01
4.173755049705505371e-01
4.172651171684265137e-01
4.167489707469940186e-01
4.174291491508483887e-01
4.175195991992950439e-01
4.184709191322326660e-01
4.165545701980590820e-01
4.185815453529357910e-01
4.165208339691162109e-01
4.148175120353698730e-01
4.157181680202484131e-01
2.516587674617767334e-01
2.881506681442260742e-01
2.879728674888610840e-01
3.007408976554870605e-01
2.902321219444274902e-01
2.966093420982360840e-01
2.843676209449768066e-01
3.049331903457641602e-01
3.101305663585662842e-01
2.930303812026977539e-01
3.881134390830993652e-01
4.044058322906494141e-01
3.035432696342468262e-01
0.000000000000000000e+00
3.692918419837951660e-01
3.525919616222381592e-01
4.069230854511260986e-01
3.760381340980529785e-01
3.997874855995178223e-01
4.024699926376342773e-01
3.964389264583587646e-01
2.975821197032928467e-01
2.962854504585266113e-01
3.012631535530090332e-01
3.005425333976745605e-01
3.310365080833435059e-01
3.577513694763183594e-01
3.020926117897033691e-01
3.064669966697692871e-01
3.080543279647827148e-01
3.043140172958374023e-01
3.033608198165893555e-01
3.173029124736785889e-01
2.861912846565246582e-01
3.055636286735534668e-01
3.071669340133666992e-01
2.961495816707611084e-01
3.014760017395019531e-01
0.000000000000000000e+00
3.064901232719421387e-01
3.147242069244384766e-01
3.166804909706115723e-01
3.297862708568572998e-01
2.573550343513488770e-01
3.833022117614746094e-01
4.169869422912597656e-01
4.158456325531005859e-01
4.156935214996337891e-01
4.171170890331268311e-01
4.163129329681396484e-01
4.180735647678375244e-01
4.172918200492858887e-01
4.154163002967834473e-01
4.172964692115783691e-01
4.190532565116882324e-01
4.185158014297485352e-01
4.183401167392730713e-01
4.196361005306243896e-01
4.189758002758026123e-01
4.198229312896728516e-01
4.202972054481506348e-01
4.186654984951019287e-01
4.187572896480560303e-01
4.181832671165466309e-01
4.173893034458160400e-01
4.158752858638763428e-01
4.172043502330780029e-01
4.175556600093841553e-01
4.177056550979614258e-01
4.175295829772949219e-01
4.180773496627807617e-01
4.168979525566101074e-01
4.187053740024566650e-01
4.188514351844787598e-01
4.182412028312683105e-01
4.175489842891693115e-01
4.174897074699401855e-01
4.167718887329101562e-01
4.182391166687011719e-01
4.186933040618896484e-01
4.167336821556091309e-01
4.174486994743347168e-01
3.524823188781738281e-01
4.179896116256713867e-01
4.173941016197204590e-01
4.156216979026794434e-01
4.133850932121276855e-01
4.164315462112426758e-01
4.158918857574462891e-01
4.174176156520843506e-01
4.182057976722717285e-01
4.151360392570495605e-01
4.160000979900360107e-01
4.158109426498413086e-01
4.151973426342010498e-01
4.180981218814849854e-01
4.153378307819366455e-01
4.161765575408935547e-01
4.177320599555969238e-01
4.171652495861053467e-01
4.184731841087341309e-01
4.163341522216796875e-01
4.187039434909820557e-01
4.166007637977600098e-01
4.166156649589538574e-01
4.172048866748809814e-01
4.166038930416107178e-01
4.162103533744812012e-01
4.186092913150787354e-01
4.193992316722869873e-01
4.165079593658447266e-01
4.002823233604431152e-01
4.092382192611694336e-01
4.090226292610168457e-01
4.090597927570343018e-01
4.135637581348419189e-01
4.134213328361511230e-01
4.153576791286468506e-01
4.156259000301361084e-01
4.131260812282562256e-01
4.146258533000946045e-01
4.158367812633514404e-01
4.162033200263977051e-01
4.148759245872497559e-01
4.136167466640472412e-01
4.145901203155517578e-01
4.147718846797943115e-01
4.169141948223114014e-01
4.153686761856079102e-01
4.102935791015625000e-01
4.152286648750305176e-01
4.146886765956878662e-01
4.099275171756744385e-01
4.004898965358734131e-01
4.092021584510803223e-01
4.112150073051452637e-01
4.119794368743896484e-01
4.166489243507385254e-01
4.132491350173950195e-01
4.139691591262817383e-01
4.124448895454406738e-01
4.106296598911285400e-01
4.084772467613220215e-01
3.993499875068664551e-01
4.102348089218139648e-01
4.087082445621490479e-01
4.039570093154907227e-01
4.069767892360687256e-01
4.039949476718902588e-01
4.013666510581970215e-01
3.746466040611267090e-01
4.073896110057830811e-01
4.136970341205596924e-01
4.176674187183380127e-01
4.123362004756927490e-01
4.137508273124694824e-01
3.692682981491088867e-01
4.174819290637969971e-01
4.115608930587768555e-01
4.109961390495300293e-01
4.035863578319549561e-01
4.087396860122680664e-01
4.085445702075958252e-01
3.595888018608093262e-01
3.581400513648986816e-01
3.453529775142669678e-01
3.554123044013977051e-01
4.047512114048004150e-01
4.070304632186889648e-01
3.864988684654235840e-01
3.636407852172851562e-01
3.940276205539703369e-01
4.181083738803863525e-01
4.136050939559936523e-01
4.144489169120788574e-01
4.132182598114013672e-01
4.116105735301971436e-01
4.140397012233734131e-01
4.167479276657104492e-01
4.173130095005035400e-01
4.145082235336303711e-01
4.172521233558654785e-01
4.155364334583282471e-01
4.173142015933990479e-01
4.172727465629577637e-01
4.173456430435180664e-01
4.175226688385009766e-01
4.174872338771820068e-01
4.174794554710388184e-01
4.154314100742340088e-01
4.163897931575775146e-01
4.172357618808746338e-01
4.174425601959228516e-01
4.174298346042633057e-01
4.179180264472961426e-01
4.175838232040405273e-01
4.175137579441070557e-01
4.174878001213073730e-01
4.174803197383880615e-01
4.169054627418518066e-01
4.170545339584350586e-01
4.173278212547302246e-01
4.175522029399871826e-01
4.174946248531341553e-01
4.176364243030548096e-01
4.175715446472167969e-01
4.173884689807891846e-01
4.174731373786926270e-01
4.176490306854248047e-01
4.175146818161010742e-01
4.174851179122924805e-01
4.179261922836303711e-01
4.202488958835601807e-01
4.237219989299774170e-01
4.258642792701721191e-01
4.266309738159179688e-01
4.209019839763641357e-01
4.183993637561798096e-01
4.173335134983062744e-01
4.178074896335601807e-01
4.183027446269989014e-01
4.169330596923828125e-01
4.159486889839172363e-01
4.162869155406951904e-01
4.183231294155120850e-01
4.195598065853118896e-01
4.201062321662902832e-01
4.196259975433349609e-01
4.202362000942230225e-01
4.164287745952606201e-01
4.131910204887390137e-01
4.157140254974365234e-01
4.169599115848541260e-01
4.173481762409210205e-01
4.166667461395263672e-01
4.155847728252410889e-01
4.163156151771545410e-01
4.135297834873199463e-01
4.162608981132507324e-01
4.074360132217407227e-01
4.065719544887542725e-01
4.142274260520935059e-01
4.177320003509521484e-01
4.175415039062500000e-01
4.174990057945251465e-01
4.174883961677551270e-01
4.181429445743560791e-01
4.178422391414642334e-01
4.174985587596893311e-01
4.165677428245544434e-01
4.142952561378479004e-01
2.995733022689819336e-01
3.291199207305908203e-01
3.337024450302124023e-01
3.504729270935058594e-01
3.886244595050811768e-01
2.955148220062255859e-01
0.000000000000000000e+00
3.156616687774658203e-01
2.954258918762207031e-01
3.793756663799285889e-01
3.018501996994018555e-01
2.922165989875793457e-01
3.033997416496276855e-01
3.002772033214569092e-01
3.082233667373657227e-01
2.808766961097717285e-01
3.011962771415710449e-01
1.440580189228057861e-01
3.262383639812469482e-01
3.191195726394653320e-01
3.186195790767669678e-01
3.151705265045166016e-01
3.082426488399505615e-01
3.013864755630493164e-01
3.153041005134582520e-01
2.780536413192749023e-01
2.997245192527770996e-01
3.054721355438232422e-01
3.111408352851867676e-01
3.224661946296691895e-01
3.400999307632446289e-01
3.279834985733032227e-01
3.120731711387634277e-01
3.037448525428771973e-01
3.088016510009765625e-01
3.006930947303771973e-01
3.119472861289978027e-01
2.997727394104003906e-01
2.988962829113006592e-01
3.353251814842224121e-01
3.522985875606536865e-01
3.328561782836914062e-01
3.012768030166625977e-01
2.860335111618041992e-01
3.940544724464416504e-01
4.114891290664672852e-01
4.147772789001464844e-01
4.166749119758605957e-01
4.164380133152008057e-01
4.145163595676422119e-01
4.161799550056457520e-01
4.161167144775390625e-01
4.174695014953613281e-01
4.187174141407012939e-01
4.171922504901885986e-01
4.189803600311279297e-01
4.184176027774810791e-01
4.181508719921112061e-01
4.179455935955047607e-01
4.171578884124755859e-01
4.173967838287353516e-01
4.175446033477783203e-01
4.184669256210327148e-01
4.193856716156005859e-01
4.168547093868255615e-01
4.177129864692687988e-01
4.180288910865783691e-01
4.189631640911102295e-01
4.178192019462585449e-01
4.162275791168212891e-01
4.153246283531188965e-01
4.169341623783111572e-01
4.150564074516296387e-01
4.155172407627105713e-01
4.164112210273742676e-01
4.151973128318786621e-01
4.147801995277404785e-01
4.158804416656494141e-01
4.172195792198181152e-01
4.153129458427429199e-01
4.169657528400421143e-01
4.173265695571899414e-01
4.174644351005554199e-01
4.174732565879821777e-01
4.163974225521087646e-01
4.167687296867370605e-01
4.171983599662780762e-01
4.166973531246185303e-01
4.173865914344787598e-01
4.174350798130035400e-01
4.169599711894989014e-01
4.172421693801879883e-01
4.155643284320831299e-01
4.170775115489959717e-01
4.174858927726745605e-01
4.171811640262603760e-01
4.171853959560394287e-01
4.175556600093841553e-01
4.165188074111938477e-01
4.162250757217407227e-01
4.172872006893157959e-01
4.176267981529235840e-01
4.172219336032867432e-01
4.172761440277099609e-01
4.175887107849121094e-01
4.176771640777587891e-01
4.180791378021240234e-01
4.161956906318664551e-01
4.165043234825134277e-01
4.166228771209716797e-01
4.158368110656738281e-01
4.156060516834259033e-01
4.178954660892486572e-01
4.157623648643493652e-01
4.085852801799774170e-01
4.166736006736755371e-01
4.162748754024505615e-01
4.168651103973388672e-01
4.173536598682403564e-01
4.164608716964721680e-01
4.131568074226379395e-01
4.164750576019287109e-01
4.174741208553314209e-01
4.174242019653320312e-01
4.174725413322448730e-01
4.174746572971343994e-01
4.160646200180053711e-01
4.172271788120269775e-01
4.185143709182739258e-01
4.222995042800903320e-01
4.223721027374267578e-01
4.241044521331787109e-01
4.223212599754333496e-01
4.186045229434967041e-01
4.138526916503906250e-01
4.140031337738037109e-01
4.125789999961853027e-01
4.166528880596160889e-01
4.168610572814941406e-01
4.177001714706420898e-01
4.205425381660461426e-01
4.236718416213989258e-01
4.252452254295349121e-01
4.211455881595611572e-01
4.213413894176483154e-01
4.215063154697418213e-01
4.219616949558258057e-01
4.206997454166412354e-01
4.202596247196197510e-01
4.211183488368988037e-01
4.202563762664794922e-01
4.175612032413482666e-01
4.171308875083923340e-01
4.164166450500488281e-01
4.167454838752746582e-01
4.174855053424835205e-01
4.195552468299865723e-01
4.200347363948822021e-01
4.179589748382568359e-01
4.147359132766723633e-01
4.169168174266815186e-01
4.191792309284210205e-01
4.195373654365539551e-01
4.207859039306640625e-01
4.158858954906463623e-01
4.115579724311828613e-01
4.118727743625640869e-01
4.077520966529846191e-01
4.148135483264923096e-01
4.170066118240356445e-01
4.157312214374542236e-01
4.142279326915740967e-01
4.174919128417968750e-01
4.190270304679870605e-01
4.178073704242706299e-01
4.156057536602020264e-01
4.160647988319396973e-01
4.163636565208435059e-01
4.170443117618560791e-01
4.174190163612365723e-01
4.178256094455718994e-01
4.052624702453613281e-01
4.148356616497039795e-01
4.173238277435302734e-01
4.194968044757843018e-01
4.183571338653564453e-01
4.176838994026184082e-01
4.169481098651885986e-01
4.163177907466888428e-01
4.181528985500335693e-01
4.178426861763000488e-01
4.184858500957489014e-01
4.169076979160308838e-01
4.153989255428314209e-01
4.134309291839599609e-01
4.162434935569763184e-01
4.171920418739318848e-01
4.150934815406799316e-01
4.168326854705810547e-01
4.180495738983154297e-01
4.168868362903594971e-01
4.158546328544616699e-01
4.148305058479309082e-01
4.168306291103363037e-01
4.166601300239562988e-01
4.171738624572753906e-01
4.174621403217315674e-01
4.174929559230804443e-01
4.162631928920745850e-01
4.175457954406738281e-01
4.189335107803344727e-01
4.176340401172637939e-01
4.175358414649963379e-01
4.154079258441925049e-01
4.140461981296539307e-01
4.162110090255737305e-01
4.157737493515014648e-01
4.145828187465667725e-01
4.146502614021301270e-01
4.169307947158813477e-01
4.173676669597625732e-01
4.166349768638610840e-01
4.170317947864532471e-01
4.189887940883636475e-01
4.224709868431091309e-01
4.236323833465576172e-01
4.221529364585876465e-01
4.166460633277893066e-01
4.169655144214630127e-01
4.179518520832061768e-01
4.213671088218688965e-01
4.226831793785095215e-01
4.216135144233703613e-01
4.226077497005462646e-01
4.236694872379302979e-01
4.214918613433837891e-01
4.149284958839416504e-01
4.094131290912628174e-01
4.137632250785827637e-01
4.140088856220245361e-01
4.140894412994384766e-01
4.174323081970214844e-01
4.197352826595306396e-01
4.211481809616088867e-01
4.172517359256744385e-01
4.199837148189544678e-01
4.239058792591094971e-01
4.255367815494537354e-01
4.197536110877990723e-01
4.143923819065093994e-01
4.159353673458099365e-01
2.941406965255737305e-01
3.750585019588470459e-01
3.632364869117736816e-01
3.336784243583679199e-01
3.853131830692291260e-01
3.854805529117584229e-01
3.877232670783996582e-01
3.886258304119110107e-01
3.480111360549926758e-01
3.580694794654846191e-01
3.846606016159057617e-01
3.111126422882080078e-01
3.595849275588989258e-01
2.929539382457733154e-01
2.943679690361022949e-01
2.999350726604461670e-01
3.429068922996520996e-01
3.185755908489227295e-01
3.353033959865570068e-01
3.228375315666198730e-01
3.279388844966888428e-01
3.358554840087890625e-01
2.964010834693908691e-01
4.065086841583251953e-01
3.931556344032287598e-01
3.736699223518371582e-01
3.949380815029144287e-01
3.930809199810028076e-01
3.659064471721649170e-01
4.006370902061462402e-01
3.464198112487792969e-01
3.617764115333557129e-01
3.622298836708068848e-01
3.784928619861602783e-01
3.832203149795532227e-01
3.839128911495208740e-01
3.554788231849670410e-01
3.418891131877899170e-01
3.663111329078674316e-01
3.402422666549682617e-01
3.673223257064819336e-01
3.772766292095184326e-01
3.007159233093261719e-01
3.504527211189270020e-01
3.205238580703735352e-01
4.181561470031738281e-01
4.175941348075866699e-01
4.182176589965820312e-01
4.176439046859741211e-01
4.175115525722503662e-01
4.174904823303222656e-01
4.174956381320953369e-01
4.175153374671936035e-01
4.168999791145324707e-01
4.174849092960357666e-01
4.181703925132751465e-01
3.352274894714355469e-01
4.176498055458068848e-01
4.139309525489807129e-01
4.158095419406890869e-01
4.168739020824432373e-01
4.161652028560638428e-01
4.162966310977935791e-01
4.177204072475433350e-01
4.185823798179626465e-01
4.177184998989105225e-01
4.174931049346923828e-01
4.163209795951843262e-01
4.162871241569519043e-01
4.156052172183990479e-01
4.168987870216369629e-01
4.154752492904663086e-01
4.154701530933380127e-01
4.140147864818572998e-01
4.141404032707214355e-01
4.131011664867401123e-01
4.111063182353973389e-01
4.142445325851440430e-01
4.164608418941497803e-01
4.150940179824829102e-01
4.170521497726440430e-01
4.168087244033813477e-01
4.154484272003173828e-01
4.159483313560485840e-01
4.151386618614196777e-01
4.161260724067687988e-01
4.172412753105163574e-01
4.170774817466735840e-01
4.173283576965332031e-01
4.166003167629241943e-01
4.188893735408782959e-01
4.201319217681884766e-01
4.196170568466186523e-01
4.213458895683288574e-01
4.188381433486938477e-01
4.176592230796813965e-01
4.175341725349426270e-01
4.175048768520355225e-01
4.168012142181396484e-01
4.176331460475921631e-01
4.157894849777221680e-01
4.176624417304992676e-01
4.177394509315490723e-01
4.167424738407135010e-01
4.174878597259521484e-01
4.175666868686676025e-01
4.176968932151794434e-01
4.165622889995574951e-01
4.173519015312194824e-01
4.184207618236541748e-01
4.177796244621276855e-01
4.176046848297119141e-01
4.174404740333557129e-01
4.174515604972839355e-01
4.175002276897430420e-01
4.174905717372894287e-01
4.174792766571044922e-01
4.174814224243164062e-01
4.174804687500000000e-01
4.185523390769958496e-01
4.191305339336395264e-01
4.201498925685882568e-01
4.207003712654113770e-01
4.196867346763610840e-01
4.186255633831024170e-01
4.186289608478546143e-01
4.182200431823730469e-01
4.178516268730163574e-01
4.177267253398895264e-01
4.179050624370574951e-01
4.176098108291625977e-01
4.175287485122680664e-01
4.176418483257293701e-01
4.162735342979431152e-01
4.167791008949279785e-01
4.157424569129943848e-01
4.161261320114135742e-01
4.171292483806610107e-01
4.173957407474517822e-01
4.181231856346130371e-01
4.176197052001953125e-01
4.182570874691009521e-01
4.176465570926666260e-01
4.175149798393249512e-01
4.174869954586029053e-01
4.174815714359283447e-01
4.174802303314208984e-01
4.174795150756835938e-01
4.171304106712341309e-01
4.173996150493621826e-01
4.180340468883514404e-01
4.175987243652343750e-01
4.174836277961730957e-01
4.174839556217193604e-01
4.174799919128417969e-01
4.174803495407104492e-01
4.174807369709014893e-01
4.178503751754760742e-01
4.175582528114318848e-01
4.170159995555877686e-01
4.159846305847167969e-01
4.172231554985046387e-01
4.164379835128784180e-01
4.160285294055938721e-01
4.170910716056823730e-01
4.177544116973876953e-01
4.174835383892059326e-01
4.171949326992034912e-01
4.164785742759704590e-01
4.174071550369262695e-01
4.174741506576538086e-01
4.174657762050628662e-01
4.171647131443023682e-01
4.162251055240631104e-01
4.172001779079437256e-01
4.174127876758575439e-01
4.174799025058746338e-01
4.175908863544464111e-01
4.175629615783691406e-01
4.175180792808532715e-01
4.179203510284423828e-01
4.175195991992950439e-01
4.159840345382690430e-01
4.119628369808197021e-01
4.139910340309143066e-01
4.177752733230590820e-01
4.203645884990692139e-01
4.160205721855163574e-01
4.163577556610107422e-01
4.128482043743133545e-01
4.121823310852050781e-01
4.153159558773040771e-01
4.168886542320251465e-01
4.141091108322143555e-01
4.175130426883697510e-01
4.197094440460205078e-01
4.227326512336730957e-01
4.188253283500671387e-01
4.156767129898071289e-01
4.169944524765014648e-01
4.169973134994506836e-01
4.173783361911773682e-01
4.205751419067382812e-01
4.182989299297332764e-01
4.199464619159698486e-01
4.201518893241882324e-01
4.205295741558074951e-01
4.198519885540008545e-01
4.188819527626037598e-01
4.178310036659240723e-01
4.176343381404876709e-01
4.162025749683380127e-01
4.168921113014221191e-01
4.184270203113555908e-01
4.192030131816864014e-01
4.186746478080749512e-01
4.194162786006927490e-01
4.210163056850433350e-01
4.158037304878234863e-01
4.177939295768737793e-01
4.157258272171020508e-01
4.163852632045745850e-01
4.179454147815704346e-01
4.161340594291687012e-01
4.185814857482910156e-01
4.219141602516174316e-01
4.225486218929290771e-01
4.201578199863433838e-01
4.162251055240631104e-01
4.159118831157684326e-01
4.175295829772949219e-01
4.167450666427612305e-01
4.169732630252838135e-01
4.160977303981781006e-01
4.175025522708892822e-01
4.166335165500640869e-01
4.173015356063842773e-01
4.175891876220703125e-01
4.170573353767395020e-01
4.141018390655517578e-01
4.141810834407806396e-01
4.137410223484039307e-01
4.172125458717346191e-01
4.174876213073730469e-01
4.174868166446685791e-01
4.174832105636596680e-01
4.158844649791717529e-01
4.174534678459167480e-01
4.184648394584655762e-01
4.205305278301239014e-01
4.179909527301788330e-01
4.181945025920867920e-01
4.193810224533081055e-01
4.210088551044464111e-01
4.188525676727294922e-01
4.157662093639373779e-01
4.178495407104492188e-01
4.183961153030395508e-01
4.173963665962219238e-01
4.175157845020294189e-01
4.174964427947998047e-01
4.183461070060729980e-01
4.172470867633819580e-01
4.164077937602996826e-01
4.148653149604797363e-01
4.154710173606872559e-01
4.158334732055664062e-01
4.186288714408874512e-01
4.167224466800689697e-01
4.166944921016693115e-01
4.164563417434692383e-01
4.192858040332794189e-01
4.210843443870544434e-01
4.205241203308105469e-01
4.217294752597808838e-01
4.206641018390655518e-01
4.207578599452972412e-01
4.164465665817260742e-01
4.167855978012084961e-01
4.211411774158477783e-01
4.228017032146453857e-01
4.234917759895324707e-01
4.232522547245025635e-01
4.226111769676208496e-01
4.225184321403503418e-01
4.226652383804321289e-01
4.206733405590057373e-01
4.192905426025390625e-01
4.186277687549591064e-01
4.182181358337402344e-01
4.166129529476165771e-01
4.122552573680877686e-01
4.089625477790832520e-01
4.116704463958740234e-01
4.124218225479125977e-01
4.143600165843963623e-01
4.148790240287780762e-01
4.119135141372680664e-01
4.171838462352752686e-01
4.177898466587066650e-01
4.168274402618408203e-01
4.176914691925048828e-01
4.196915030479431152e-01
4.233337044715881348e-01
4.210486710071563721e-01
4.189606308937072754e-01
4.187963306903839111e-01
4.185751676559448242e-01
4.189894199371337891e-01
4.163029789924621582e-01
4.153962731361389160e-01
4.168310165405273438e-01
4.173571169376373291e-01
4.173243641853332520e-01
4.174562692642211914e-01
4.174795448780059814e-01
4.174824059009552002e-01
4.174827337265014648e-01
4.157031476497650146e-01
4.165977835655212402e-01
4.178265929222106934e-01
4.172575473785400391e-01
4.149001836776733398e-01
4.163359403610229492e-01
4.172818660736083984e-01
4.158692657947540283e-01
4.171194136142730713e-01
4.174217581748962402e-01
4.174266159534454346e-01
4.173914492130279541e-01
4.172026813030242920e-01
4.170621633529663086e-01
4.165745079517364502e-01
4.163274168968200684e-01
4.170622825622558594e-01
4.173960983753204346e-01
4.169509112834930420e-01
4.173999726772308350e-01
4.165434539318084717e-01
4.160808026790618896e-01
4.173800945281982422e-01
4.174645543098449707e-01
4.176185429096221924e-01
4.175071716308593750e-01
4.172837138175964355e-01
4.168506860733032227e-01
4.171228408813476562e-01
4.180305004119873047e-01
4.170648753643035889e-01
4.161301255226135254e-01
4.132954776287078857e-01
4.153126478195190430e-01
4.174006581306457520e-01
4.176259338855743408e-01
4.172950685024261475e-01
4.158592820167541504e-01
4.157852232456207275e-01
4.155910015106201172e-01
4.165671467781066895e-01
4.147149920463562012e-01
4.163974821567535400e-01
4.162998795509338379e-01
4.174886047840118408e-01
4.170880317687988281e-01
4.173794984817504883e-01
4.174324274063110352e-01
4.174717068672180176e-01
4.174786806106567383e-01
4.177074134349822998e-01
4.194644987583160400e-01
4.183200001716613770e-01
4.177618324756622314e-01
4.156403243541717529e-01
4.157870113849639893e-01
4.174111783504486084e-01
4.177283048629760742e-01
4.201066792011260986e-01
4.166788458824157715e-01
4.164589941501617432e-01
4.159704446792602539e-01
4.182019233703613281e-01
4.144098162651062012e-01
4.181648492813110352e-01
4.214779734611511230e-01
4.195896983146667480e-01
4.170444309711456299e-01
4.158789515495300293e-01
4.156627953052520752e-01
4.174542725086212158e-01
4.175243079662322998e-01
4.137812256813049316e-01
4.170405566692352295e-01
4.174301028251647949e-01
4.163230955600738525e-01
4.177651405334472656e-01
4.163984656333923340e-01
4.167095422744750977e-01
4.162461161613464355e-01
4.174408614635467529e-01
4.178547561168670654e-01
4.162191450595855713e-01
4.157952964305877686e-01
4.156392812728881836e-01
4.163429737091064453e-01
4.171993732452392578e-01
4.164907932281494141e-01
4.178562164306640625e-01
4.163113534450531006e-01
4.150929749011993408e-01
4.153656959533691406e-01
4.159259200096130371e-01
4.160058498382568359e-01
4.141497611999511719e-01
4.148304164409637451e-01
4.158185720443725586e-01
4.134787321090698242e-01
4.171899557113647461e-01
4.105559885501861572e-01
4.145542383193969727e-01
4.166410267353057861e-01
4.174208641052246094e-01
4.174481034278869629e-01
4.174708724021911621e-01
4.174759685993194580e-01
4.174776673316955566e-01
4.174796640872955322e-01
4.174725413322448730e-01
4.174764454364776611e-01
4.174776077270507812e-01
4.174780845642089844e-01
4.174783825874328613e-01
4.176354110240936279e-01
4.183236658573150635e-01
4.176576435565948486e-01
4.175246953964233398e-01
4.182061254978179932e-01
4.157286286354064941e-01
4.160811901092529297e-01
4.178988039493560791e-01
4.187595248222351074e-01
4.172899425029754639e-01
4.170518517494201660e-01
4.173597395420074463e-01
4.124882221221923828e-01
4.115617871284484863e-01
4.098542332649230957e-01
4.120153188705444336e-01
4.104367494583129883e-01
4.052552282810211182e-01
3.995842337608337402e-01
4.090583324432373047e-01
4.006533324718475342e-01
4.057711064815521240e-01
4.179340004920959473e-01
4.175565838813781738e-01
4.167986512184143066e-01
4.175155758857727051e-01
4.175018370151519775e-01
4.174877107143402100e-01
4.174824953079223633e-01
4.168387651443481445e-01
4.173759222030639648e-01
4.164022803306579590e-01
4.173047840595245361e-01
4.166916608810424805e-01
4.146260321140289307e-01
4.163518846035003662e-01
4.175542294979095459e-01
4.190599620342254639e-01
4.184645414352416992e-01
4.172225296497344971e-01
4.144812226295471191e-01
3.982567489147186279e-01
3.743564784526824951e-01
3.240359425544738770e-01
3.258118033409118652e-01
3.899043202400207520e-01
4.150661826133728027e-01
4.164253771305084229e-01
4.080098867416381836e-01
4.174717664718627930e-01
4.146763086318969727e-01
3.957166969776153564e-01
4.166263043880462646e-01
4.155768156051635742e-01
4.165688157081604004e-01
4.023541808128356934e-01
4.177247881889343262e-01
4.170010983943939209e-01
4.174579083919525146e-01
4.174702763557434082e-01
4.174782633781433105e-01
4.174340665340423584e-01
4.174735546112060547e-01
4.174824655055999756e-01
4.174829423427581787e-01
4.174862205982208252e-01
4.166765213012695312e-01
4.175673425197601318e-01
4.161172807216644287e-01
4.170945286750793457e-01
4.164215624332427979e-01
4.148535132408142090e-01
4.144045710563659668e-01
4.162556529045104980e-01
4.186411201953887939e-01
4.182830154895782471e-01
4.176606535911560059e-01
4.151652753353118896e-01
4.172534048557281494e-01
4.154630303382873535e-01
4.162870943546295166e-01
4.170520007610321045e-01
4.176597297191619873e-01
4.152395129203796387e-01
4.169748425483703613e-01
4.160098731517791748e-01
4.133928716182708740e-01
4.143216311931610107e-01
4.137437045574188232e-01
4.102083742618560791e-01
4.092068076133728027e-01
4.059033393859863281e-01
4.129693806171417236e-01
4.144918322563171387e-01
4.113360643386840820e-01
4.115580320358276367e-01
4.119434356689453125e-01
4.141292572021484375e-01
4.123283922672271729e-01
4.154137074947357178e-01
4.166418612003326416e-01
4.161808192729949951e-01
4.158650040626525879e-01
4.112210273742675781e-01
4.120883941650390625e-01
4.153527915477752686e-01
4.169212579727172852e-01
4.153118431568145752e-01
4.164547026157379150e-01
4.159298241138458252e-01
4.154056608676910400e-01
4.131850898265838623e-01
4.119655191898345947e-01
4.131479263305664062e-01
4.116186499595642090e-01
4.180347621440887451e-01
4.161877930164337158e-01
4.137295782566070557e-01
4.148669242858886719e-01
4.199505150318145752e-01
4.171137511730194092e-01
4.169932603836059570e-01
4.162611365318298340e-01
4.178703427314758301e-01
4.152316749095916748e-01
4.111985564231872559e-01
4.158019721508026123e-01
4.172609448432922363e-01
4.181791245937347412e-01
4.192243516445159912e-01
4.189347028732299805e-01
4.192970395088195801e-01
4.185150563716888428e-01
4.187671542167663574e-01
4.174499511718750000e-01
4.219912588596343994e-01
4.258012771606445312e-01
4.275341331958770752e-01
4.279926419258117676e-01
4.241811037063598633e-01
4.245138466358184814e-01
4.250965714454650879e-01
4.185863137245178223e-01
4.167537987232208252e-01
4.178874790668487549e-01
4.138495028018951416e-01
4.139429330825805664e-01
4.149792790412902832e-01
4.172923862934112549e-01
4.241669774055480957e-01
4.188694655895233154e-01
4.138713479042053223e-01
4.100379347801208496e-01
4.120696187019348145e-01
4.156391620635986328e-01
4.166193008422851562e-01
4.172395169734954834e-01
4.203342795372009277e-01
4.172849655151367188e-01
4.111774563789367676e-01
4.061768651008605957e-01
4.048671424388885498e-01
4.102423489093780518e-01
4.121430516242980957e-01
4.106273353099822998e-01
4.128282070159912109e-01
4.056707620620727539e-01
4.065837264060974121e-01
4.121536910533905029e-01
4.089149236679077148e-01
4.091498553752899170e-01
4.098583757877349854e-01
4.167790114879608154e-01
4.143529832363128662e-01
4.149028658866882324e-01
4.149186015129089355e-01
4.115971028804779053e-01
4.077382981777191162e-01
4.065993726253509521e-01
4.089261293411254883e-01
4.108892381191253662e-01
4.032937288284301758e-01
4.109755754470825195e-01
4.165587425231933594e-01
4.172802269458770752e-01
4.186291396617889404e-01
4.189500808715820312e-01
4.160944521427154541e-01
4.123190045356750488e-01
4.159336686134338379e-01
4.126411080360412598e-01
4.162830710411071777e-01
4.114413857460021973e-01
4.162861704826354980e-01
4.185293316841125488e-01
4.210371077060699463e-01
4.222072958946228027e-01
4.163075685501098633e-01
4.152258038520812988e-01
4.131245017051696777e-01
4.130333960056304932e-01
4.097846746444702148e-01
4.084436297416687012e-01
4.057512283325195312e-01
4.074479043483734131e-01
4.085588753223419189e-01
4.123892188072204590e-01
4.127570986747741699e-01
4.162977635860443115e-01
4.157531261444091797e-01
4.149174094200134277e-01
4.154380857944488525e-01
4.127642214298248291e-01
4.136166572570800781e-01
4.150298237800598145e-01
4.153625369071960449e-01
4.147402644157409668e-01
4.169477224349975586e-01
4.187431335449218750e-01
4.194617867469787598e-01
4.184548258781433105e-01
4.180909991264343262e-01
4.174897968769073486e-01
4.170757234096527100e-01
4.161784052848815918e-01
4.132471680641174316e-01
4.140983521938323975e-01
4.138419926166534424e-01
4.158916473388671875e-01
4.156547486782073975e-01
4.157090783119201660e-01
4.164589345455169678e-01
4.162221252918243408e-01
4.162441492080688477e-01
4.154632985591888428e-01
4.160178303718566895e-01
4.167668521404266357e-01
4.150545597076416016e-01
4.160627722740173340e-01
4.171643853187561035e-01
4.174549877643585205e-01
4.178419709205627441e-01
4.149753451347351074e-01
4.163736402988433838e-01
4.176241457462310791e-01
4.190916121006011963e-01
4.186881780624389648e-01
4.205152392387390137e-01
4.210188090801239014e-01
4.175381064414978027e-01
4.143741726875305176e-01
4.124658405780792236e-01
4.149933159351348877e-01
4.133994281291961670e-01
4.116508960723876953e-01
4.137235879898071289e-01
4.183315336704254150e-01
4.191038012504577637e-01
4.184773266315460205e-01
4.174173474311828613e-01
4.102897346019744873e-01
4.063320457935333252e-01
4.112065434455871582e-01
4.133385717868804932e-01
4.059732258319854736e-01
4.080100059509277344e-01
4.103182554244995117e-01
4.122907519340515137e-01
4.123291373252868652e-01
4.125337004661560059e-01
4.135147333145141602e-01
4.125485420227050781e-01
4.102414250373840332e-01
4.127571880817413330e-01
4.150067865848541260e-01
4.166414141654968262e-01
4.148420095443725586e-01
4.146711230278015137e-01
4.161201715469360352e-01
4.150371551513671875e-01
4.132679402828216553e-01
4.131732881069183350e-01
4.106017053127288818e-01
4.105268120765686035e-01
4.145946502685546875e-01
4.110779762268066406e-01
4.094949662685394287e-01
4.060102105140686035e-01
4.035800397396087646e-01
4.038461744785308838e-01
4.046648442745208740e-01
4.067282080650329590e-01
4.088584184646606445e-01
4.090473353862762451e-01
4.073821306228637695e-01
4.084755480289459229e-01
4.131046235561370850e-01
4.123918414115905762e-01
4.059087038040161133e-01
3.943924009799957275e-01
4.091853499412536621e-01
4.151672422885894775e-01
4.155440032482147217e-01
4.154518246650695801e-01
4.145581722259521484e-01
4.161552488803863525e-01
4.172910451889038086e-01
4.182732701301574707e-01
4.226571023464202881e-01
4.238914251327514648e-01
4.231284856796264648e-01
4.207572340965270996e-01
4.181508421897888184e-01
4.197473526000976562e-01
4.180951714515686035e-01
4.179813861846923828e-01
4.135757684707641602e-01
4.127645790576934814e-01
4.107802808284759521e-01
4.163975715637207031e-01
4.183804988861083984e-01
4.176803231239318848e-01
4.176460504531860352e-01
4.175806045532226562e-01
4.177642464637756348e-01
4.175280928611755371e-01
4.175024628639221191e-01
4.177696406841278076e-01
4.188000559806823730e-01
4.153209924697875977e-01
4.153693914413452148e-01
4.169509708881378174e-01
4.144485294818878174e-01
4.170945286750793457e-01
4.169360101222991943e-01
4.173687994480133057e-01
4.179485440254211426e-01
4.161366522312164307e-01
4.148592352867126465e-01
4.179869890213012695e-01
4.168562591075897217e-01
4.173099994659423828e-01
4.162018001079559326e-01
2.941369712352752686e-01
4.142277240753173828e-01
4.163533449172973633e-01
3.017631173133850098e-01
4.157808125019073486e-01
4.173634648323059082e-01
