4.558931887149810791e-01
4.561865925788879395e-01
4.559215903282165527e-01
4.554658532142639160e-01
4.558208584785461426e-01
4.550608694553375244e-01
4.560977518558502197e-01
4.554128050804138184e-01
4.563313424587249756e-01
4.558971524238586426e-01
4.552412927150726318e-01
4.550814032554626465e-01
4.553636014461517334e-01
4.551117420196533203e-01
4.552068710327148438e-01
4.551875293254852295e-01
4.559592306613922119e-01
4.551314115524291992e-01
4.551811218261718750e-01
4.554879069328308105e-01
4.546292424201965332e-01
4.548780322074890137e-01
4.554245173931121826e-01
4.553681612014770508e-01
4.546048641204833984e-01
4.543213248252868652e-01
4.543662071228027344e-01
4.542289078235626221e-01
4.547834694385528564e-01
4.548469483852386475e-01
4.545602798461914062e-01
4.542404115200042725e-01
4.554714560508728027e-01
4.551686644554138184e-01
4.556400775909423828e-01
4.541158080101013184e-01
4.555598497390747070e-01
4.541662335395812988e-01
4.545466601848602295e-01
4.543311297893524170e-01
8.011889457702636719e-02
4.621706902980804443e-01
4.551199078559875488e-01
4.553917944431304932e-01
4.556116163730621338e-01
4.557952582836151123e-01
4.551847577095031738e-01
4.548223316669464111e-01
4.557694494724273682e-01
4.551925361156463623e-01
4.556462764739990234e-01
4.543482065200805664e-01
4.571444094181060791e-01
4.557946324348449707e-01
4.566915333271026611e-01
4.574915468692779541e-01
4.565631449222564697e-01
4.567198455333709717e-01
4.553159773349761963e-01
4.564592242240905762e-01
4.563934803009033203e-01
4.557069242000579834e-01
4.555416405200958252e-01
4.557034373283386230e-01
4.553752839565277100e-01
4.543505907058715820e-01
4.558779895305633545e-01
4.548994302749633789e-01
4.580410420894622803e-01
4.566352963447570801e-01
4.552474915981292725e-01
4.545680880546569824e-01
4.538489580154418945e-01
4.530153274536132812e-01
4.559555947780609131e-01
4.538795053958892822e-01
4.535609483718872070e-01
4.541708230972290039e-01
4.538314044475555420e-01
4.563276469707489014e-01
4.542220234870910645e-01
4.551447629928588867e-01
4.543332755565643311e-01
4.543810188770294189e-01
4.545980393886566162e-01
4.545902013778686523e-01
4.548583328723907471e-01
4.546893835067749023e-01
4.555994570255279541e-01
4.557448923587799072e-01
4.548456370830535889e-01
4.558875262737274170e-01
4.548698365688323975e-01
4.555771946907043457e-01
4.564220905303955078e-01
4.569229781627655029e-01
4.553518593311309814e-01
4.549469649791717529e-01
4.551481604576110840e-01
4.573774337768554688e-01
4.547379612922668457e-01
4.574172496795654297e-01
4.552828669548034668e-01
4.596222937107086182e-01
4.549265503883361816e-01
4.559071958065032959e-01
4.616089165210723877e-01
4.565216898918151855e-01
4.578208327293395996e-01
4.561229944229125977e-01
4.568344354629516602e-01
4.560034871101379395e-01
4.571109116077423096e-01
4.559541344642639160e-01
4.551782011985778809e-01
4.563424587249755859e-01
4.542047679424285889e-01
4.557642340660095215e-01
4.553418755531311035e-01
4.555636942386627197e-01
4.549021422863006592e-01
4.541099071502685547e-01
4.551963210105895996e-01
4.544773399829864502e-01
4.549416899681091309e-01
4.550768435001373291e-01
4.545871317386627197e-01
4.547188282012939453e-01
4.548789858818054199e-01
4.543887376785278320e-01
4.546425342559814453e-01
4.542323648929595947e-01
4.542406201362609863e-01
4.552785456180572510e-01
4.545198976993560791e-01
4.547311961650848389e-01
4.547461271286010742e-01
4.544436633586883545e-01
4.552388191223144531e-01
4.545111954212188721e-01
4.553524851799011230e-01
0.000000000000000000e+00
4.542947411537170410e-01
4.536660015583038330e-01
4.551198184490203857e-01
4.550803303718566895e-01
4.554260075092315674e-01
4.546225070953369141e-01
4.547599554061889648e-01
4.544960260391235352e-01
4.554696977138519287e-01
4.567131102085113525e-01
4.571098685264587402e-01
4.552083015441894531e-01
4.574245512485504150e-01
4.552617073059082031e-01
4.553853869438171387e-01
4.580003619194030762e-01
4.563772082328796387e-01
4.569591283798217773e-01
4.562346935272216797e-01
4.569768309593200684e-01
4.573980867862701416e-01
4.568712115287780762e-01
4.561526775360107422e-01
4.545322358608245850e-01
4.558860957622528076e-01
4.543018639087677002e-01
4.564734101295471191e-01
4.562122523784637451e-01
4.559787809848785400e-01
4.572200775146484375e-01
4.562241137027740479e-01
4.559034109115600586e-01
4.568287134170532227e-01
4.553211629390716553e-01
4.569751918315887451e-01
4.547297954559326172e-01
4.541296660900115967e-01
4.546270966529846191e-01
4.549174308776855469e-01
4.552467763423919678e-01
4.578075706958770752e-01
4.531285464763641357e-01
4.324235022068023682e-01
4.413728713989257812e-01
4.461283385753631592e-01
4.472321271896362305e-01
4.448907375335693359e-01
4.471905529499053955e-01
4.472032785415649414e-01
4.494397342205047607e-01
4.490201473236083984e-01
4.506247043609619141e-01
4.500806629657745361e-01
4.495923817157745361e-01
4.502836167812347412e-01
4.491056799888610840e-01
4.491139650344848633e-01
4.491522014141082764e-01
4.532829225063323975e-01
4.511784315109252930e-01
4.493999183177947998e-01
4.541718363761901855e-01
4.548690617084503174e-01
4.539399147033691406e-01
4.543908238410949707e-01
4.532011449337005615e-01
4.515644311904907227e-01
4.520458281040191650e-01
4.527820050716400146e-01
4.545216262340545654e-01
4.546744823455810547e-01
4.554519057273864746e-01
4.550938010215759277e-01
4.546312391757965088e-01
4.556160271167755127e-01
4.552835226058959961e-01
4.544771611690521240e-01
4.544205665588378906e-01
4.553288817405700684e-01
0.000000000000000000e+00
4.555574953556060791e-01
4.557993113994598389e-01
4.557777345180511475e-01
4.555490911006927490e-01
4.556618332862854004e-01
4.562755525112152100e-01
4.562362134456634521e-01
4.559397697448730469e-01
4.553487896919250488e-01
4.653898477554321289e-01
4.544717371463775635e-01
4.562498331069946289e-01
4.557968974113464355e-01
4.558575749397277832e-01
4.554494321346282959e-01
4.546364247798919678e-01
4.546177983283996582e-01
4.543797373771667480e-01
4.553566873073577881e-01
4.545482993125915527e-01
4.547725617885589600e-01
4.547678828239440918e-01
4.573723971843719482e-01
4.572074711322784424e-01
4.554938077926635742e-01
4.556098580360412598e-01
4.552560150623321533e-01
4.558378159999847412e-01
4.544517397880554199e-01
4.554479122161865234e-01
4.554331898689270020e-01
4.550916552543640137e-01
4.542157053947448730e-01
4.543589055538177490e-01
4.553467035293579102e-01
4.556529521942138672e-01
4.546537399291992188e-01
4.545273184776306152e-01
4.551591575145721436e-01
4.553087353706359863e-01
4.551016390323638916e-01
4.551755487918853760e-01
4.552615284919738770e-01
4.541659951210021973e-01
4.542312622070312500e-01
4.554696083068847656e-01
4.545353353023529053e-01
4.557612240314483643e-01
4.542483389377593994e-01
4.554392993450164795e-01
4.543070793151855469e-01
4.551547765731811523e-01
4.553163945674896240e-01
4.555685222148895264e-01
4.550752639770507812e-01
4.564976692199707031e-01
4.548184871673583984e-01
4.551574587821960449e-01
4.559071660041809082e-01
4.551595151424407959e-01
4.539495110511779785e-01
4.549407362937927246e-01
4.557937383651733398e-01
4.574875235557556152e-01
4.547587633132934570e-01
4.575234055519104004e-01
4.558397531509399414e-01
4.532940983772277832e-01
4.549418985843658447e-01
4.534478485584259033e-01
4.544947743415832520e-01
4.544268250465393066e-01
4.544909894466400146e-01
4.546629190444946289e-01
4.549316763877868652e-01
4.548607468605041504e-01
4.547418951988220215e-01
4.551207125186920166e-01
4.550347626209259033e-01
4.549532234668731689e-01
4.547758698463439941e-01
4.545630216598510742e-01
4.548414349555969238e-01
4.542471170425415039e-01
4.509482383728027344e-01
4.501655399799346924e-01
4.540465474128723145e-01
4.542205631732940674e-01
4.507963359355926514e-01
4.543801248073577881e-01
0.000000000000000000e+00
4.519050121307373047e-01
4.474436342716217041e-01
4.535798430442810059e-01
4.543436765670776367e-01
4.551401138305664062e-01
4.549694657325744629e-01
4.544960260391235352e-01
4.537639617919921875e-01
4.543494880199432373e-01
4.543324410915374756e-01
4.547478854656219482e-01
4.550583660602569580e-01
4.543002247810363770e-01
4.551078677177429199e-01
4.548637866973876953e-01
4.575251340866088867e-01
4.449390470981597900e-01
4.492196738719940186e-01
4.525445997714996338e-01
4.555558860301971436e-01
4.513926804065704346e-01
4.501914680004119873e-01
4.483501613140106201e-01
4.491921961307525635e-01
4.496439397335052490e-01
4.501524567604064941e-01
4.492177963256835938e-01
4.223527014255523682e-01
4.523816406726837158e-01
4.524526596069335938e-01
4.535235166549682617e-01
4.496515989303588867e-01
4.527206420898437500e-01
0.000000000000000000e+00
4.523665010929107666e-01
4.537620246410369873e-01
4.535310268402099609e-01
4.548935890197753906e-01
4.546925425529479980e-01
4.333042502403259277e-01
4.521935582160949707e-01
4.186242222785949707e-01
0.000000000000000000e+00
0.000000000000000000e+00
0.000000000000000000e+00
0.000000000000000000e+00
0.000000000000000000e+00
0.000000000000000000e+00
0.000000000000000000e+00
0.000000000000000000e+00
0.000000000000000000e+00
0.000000000000000000e+00
0.000000000000000000e+00
4.466483294963836670e-01
0.000000000000000000e+00
4.475232958793640137e-01
0.000000000000000000e+00
4.452890753746032715e-01
0.000000000000000000e+00
0.000000000000000000e+00
4.524226486682891846e-01
4.539438784122467041e-01
4.504626691341400146e-01
4.516339004039764404e-01
4.547128975391387939e-01
4.538540542125701904e-01
4.539393186569213867e-01
4.544842839241027832e-01
4.542498886585235596e-01
4.546690285205841064e-01
4.545189738273620605e-01
4.542655050754547119e-01
4.545688033103942871e-01
4.550748169422149658e-01
4.554691314697265625e-01
4.541275501251220703e-01
4.549813270568847656e-01
4.554557204246520996e-01
4.502635002136230469e-01
4.550444185733795166e-01
4.551540315151214600e-01
4.545481801033020020e-01
4.550482034683227539e-01
4.543953835964202881e-01
4.542388319969177246e-01
4.543419480323791504e-01
4.546126723289489746e-01
4.542869925498962402e-01
4.547207057476043701e-01
4.553790092468261719e-01
4.551718831062316895e-01
4.546537697315216064e-01
4.543892145156860352e-01
4.552016258239746094e-01
4.541585445404052734e-01
4.544834196567535400e-01
4.542502760887145996e-01
4.544782042503356934e-01
4.550606310367584229e-01
4.551576673984527588e-01
4.541691839694976807e-01
4.551539421081542969e-01
4.540560543537139893e-01
4.538482725620269775e-01
4.537107348442077637e-01
4.546088576316833496e-01
4.547420144081115723e-01
4.537670016288757324e-01
4.554834365844726562e-01
4.534627497196197510e-01
4.549096822738647461e-01
4.553340971469879150e-01
0.000000000000000000e+00
4.571248888969421387e-01
4.540887176990509033e-01
4.546965062618255615e-01
4.544226527214050293e-01
4.533711075782775879e-01
4.547446072101593018e-01
4.544511735439300537e-01
4.557166695594787598e-01
4.550854563713073730e-01
4.555791020393371582e-01
4.572744965553283691e-01
4.550470411777496338e-01
4.545387625694274902e-01
4.553852677345275879e-01
4.554709792137145996e-01
4.552128016948699951e-01
4.551646411418914795e-01
4.551947414875030518e-01
4.552205801010131836e-01
4.551367163658142090e-01
4.554915726184844971e-01
4.546365737915039062e-01
4.547314643859863281e-01
4.546999931335449219e-01
4.547086656093597412e-01
4.545471966266632080e-01
4.550377428531646729e-01
4.554469585418701172e-01
4.558969140052795410e-01
4.557405412197113037e-01
4.549964964389801025e-01
4.545261859893798828e-01
4.553277194499969482e-01
4.542084038257598877e-01
4.556519091129302979e-01
4.548225998878479004e-01
4.563687145709991455e-01
4.549618661403656006e-01
4.564493894577026367e-01
4.558226466178894043e-01
4.570073485374450684e-01
4.555705785751342773e-01
4.554800093173980713e-01
4.556753039360046387e-01
4.553846716880798340e-01
4.555788338184356689e-01
4.557038843631744385e-01
4.545878469944000244e-01
4.550260305404663086e-01
4.543123543262481689e-01
4.547978937625885010e-01
4.544801115989685059e-01
4.546419978141784668e-01
4.550438523292541504e-01
4.551627635955810547e-01
4.545712769031524658e-01
4.549312591552734375e-01
4.545115530490875244e-01
4.545005261898040771e-01
4.546554386615753174e-01
4.550175964832305908e-01
4.541546702384948730e-01
4.546192586421966553e-01
4.544045031070709229e-01
4.539457261562347412e-01
4.539681673049926758e-01
4.544862806797027588e-01
4.534918665885925293e-01
4.538958370685577393e-01
4.543526768684387207e-01
4.548404514789581299e-01
4.545180797576904297e-01
4.536859095096588135e-01
4.539125859737396240e-01
4.546494781970977783e-01
4.537688791751861572e-01
4.538662433624267578e-01
4.537809491157531738e-01
4.538783133029937744e-01
4.543870687484741211e-01
4.552450776100158691e-01
4.545935988426208496e-01
4.554375410079956055e-01
4.546290636062622070e-01
4.553846418857574463e-01
4.550341069698333740e-01
4.555937349796295166e-01
4.543120265007019043e-01
4.548578858375549316e-01
4.541433751583099365e-01
4.543460011482238770e-01
4.543428122997283936e-01
4.551874399185180664e-01
4.540930986404418945e-01
4.542474150657653809e-01
4.546236693859100342e-01
4.542785584926605225e-01
4.544811546802520752e-01
4.546467661857604980e-01
4.545453190803527832e-01
4.544310271739959717e-01
4.544801115989685059e-01
4.548872411251068115e-01
4.543235599994659424e-01
4.542897343635559082e-01
4.548862576484680176e-01
4.555659294128417969e-01
4.548593163490295410e-01
4.544982016086578369e-01
4.570458829402923584e-01
4.551448523998260498e-01
4.543356001377105713e-01
4.543949365615844727e-01
4.543217420578002930e-01
4.540995359420776367e-01
4.542023837566375732e-01
4.541564881801605225e-01
4.474697411060333252e-01
4.547793269157409668e-01
4.560540914535522461e-01
4.541443288326263428e-01
4.556581079959869385e-01
4.546144008636474609e-01
4.553917050361633301e-01
4.546042978763580322e-01
4.543979763984680176e-01
4.547049403190612793e-01
4.547106623649597168e-01
4.546764492988586426e-01
4.551453590393066406e-01
4.546247124671936035e-01
4.544134736061096191e-01
4.552621245384216309e-01
4.556818306446075439e-01
4.542116522789001465e-01
4.540727138519287109e-01
4.541663527488708496e-01
4.538733363151550293e-01
4.558104276657104492e-01
4.538468122482299805e-01
4.547617137432098389e-01
4.492764472961425781e-01
4.577119052410125732e-01
0.000000000000000000e+00
0.000000000000000000e+00
0.000000000000000000e+00
0.000000000000000000e+00
0.000000000000000000e+00
0.000000000000000000e+00
0.000000000000000000e+00
0.000000000000000000e+00
0.000000000000000000e+00
0.000000000000000000e+00
0.000000000000000000e+00
0.000000000000000000e+00
0.000000000000000000e+00
0.000000000000000000e+00
0.000000000000000000e+00
0.000000000000000000e+00
0.000000000000000000e+00
0.000000000000000000e+00
0.000000000000000000e+00
0.000000000000000000e+00
4.531131684780120850e-01
0.000000000000000000e+00
0.000000000000000000e+00
0.000000000000000000e+00
0.000000000000000000e+00
0.000000000000000000e+00
0.000000000000000000e+00
4.543922543525695801e-01
4.517713189125061035e-01
0.000000000000000000e+00
0.000000000000000000e+00
4.541729092597961426e-01
4.543269276618957520e-01
4.536112546920776367e-01
4.543023407459259033e-01
4.537801146507263184e-01
4.539763033390045166e-01
4.544843137264251709e-01
4.541492164134979248e-01
4.541490674018859863e-01
4.542495906352996826e-01
4.546179473400115967e-01
4.555594921112060547e-01
4.549881219863891602e-01
4.547737836837768555e-01
4.550808966159820557e-01
4.563684761524200439e-01
4.557382464408874512e-01
4.531683027744293213e-01
4.533411264419555664e-01
4.529269933700561523e-01
4.498633146286010742e-01
4.523920118808746338e-01
4.498693645000457764e-01
4.264032840728759766e-01
4.375056624412536621e-01
4.277162253856658936e-01
4.433661401271820068e-01
0.000000000000000000e+00
0.000000000000000000e+00
0.000000000000000000e+00
0.000000000000000000e+00
0.000000000000000000e+00
0.000000000000000000e+00
0.000000000000000000e+00
4.505398571491241455e-01
4.512509405612945557e-01
4.524034857749938965e-01
4.262715280055999756e-01
0.000000000000000000e+00
0.000000000000000000e+00
0.000000000000000000e+00
0.000000000000000000e+00
0.000000000000000000e+00
0.000000000000000000e+00
0.000000000000000000e+00
0.000000000000000000e+00
0.000000000000000000e+00
0.000000000000000000e+00
0.000000000000000000e+00
0.000000000000000000e+00
0.000000000000000000e+00
0.000000000000000000e+00
0.000000000000000000e+00
0.000000000000000000e+00
0.000000000000000000e+00
0.000000000000000000e+00
0.000000000000000000e+00
4.551640748977661133e-01
4.553251266479492188e-01
4.519129693508148193e-01
4.512233436107635498e-01
4.556061327457427979e-01
4.549621045589447021e-01
4.551850557327270508e-01
4.549778103828430176e-01
4.560812711715698242e-01
4.545939564704895020e-01
4.548426568508148193e-01
4.554943144321441650e-01
4.549180567264556885e-01
4.549113512039184570e-01
4.556810557842254639e-01
4.558504223823547363e-01
4.549986422061920166e-01
4.543557465076446533e-01
4.544283747673034668e-01
4.543747305870056152e-01
4.541010260581970215e-01
4.549418985843658447e-01
4.553985297679901123e-01
4.541273415088653564e-01
4.551542699337005615e-01
4.547682106494903564e-01
4.549505114555358887e-01
4.548056125640869141e-01
4.550529122352600098e-01
4.542170166969299316e-01
4.550364315509796143e-01
4.540637433528900146e-01
4.550959467887878418e-01
4.541095495223999023e-01
4.557245373725891113e-01
4.544079303741455078e-01
4.544055759906768799e-01
4.549767076969146729e-01
4.540274739265441895e-01
4.543831944465637207e-01
4.545077681541442871e-01
4.543890357017517090e-01
4.543258547782897949e-01
4.556533098220825195e-01
4.555825889110565186e-01
4.552903771400451660e-01
4.546998739242553711e-01
4.543658792972564697e-01
4.550503492355346680e-01
4.542402327060699463e-01
4.537532925605773926e-01
4.540422558784484863e-01
4.547036588191986084e-01
4.549041092395782471e-01
4.535634517669677734e-01
4.531292319297790527e-01
4.547337889671325684e-01
4.536848366260528564e-01
4.558346569538116455e-01
4.564311504364013672e-01
4.555973112583160400e-01
4.557443261146545410e-01
4.547545611858367920e-01
4.551527500152587891e-01
4.552972316741943359e-01
4.552645087242126465e-01
4.547634422779083252e-01
4.548743367195129395e-01
4.540795385837554932e-01
4.548281729221343994e-01
4.548432826995849609e-01
4.552624225616455078e-01
4.550411403179168701e-01
4.546436667442321777e-01
4.549707472324371338e-01
4.541946351528167725e-01
4.544461071491241455e-01
4.549686908721923828e-01
4.544733762741088867e-01
4.543446600437164307e-01
4.548365771770477295e-01
4.557483196258544922e-01
4.552851617336273193e-01
4.545876681804656982e-01
4.540266990661621094e-01
4.550208747386932373e-01
4.554637670516967773e-01
4.550023972988128662e-01
4.544765949249267578e-01
4.541289508342742920e-01
4.543118476867675781e-01
4.542873799800872803e-01
4.543845057487487793e-01
4.546888470649719238e-01
4.543519914150238037e-01
4.542846381664276123e-01
4.547224044799804688e-01
4.541034996509552002e-01
4.545026719570159912e-01
4.543328285217285156e-01
4.543740749359130859e-01
4.543586969375610352e-01
4.545987546443939209e-01
4.541558623313903809e-01
4.542175233364105225e-01
4.540227353572845459e-01
4.538119733333587646e-01
0.000000000000000000e+00
0.000000000000000000e+00
0.000000000000000000e+00
4.541096389293670654e-01
4.540485739707946777e-01
4.535759091377258301e-01
4.531891644001007080e-01
0.000000000000000000e+00
4.541288018226623535e-01
4.535323977470397949e-01
4.539048969745635986e-01
4.543998539447784424e-01
4.532124400138854980e-01
4.540774524211883545e-01
4.546395838260650635e-01
4.542763829231262207e-01
4.545475840568542480e-01
4.546888768672943115e-01
4.543825089931488037e-01
4.543813467025756836e-01
4.544914066791534424e-01
4.549009501934051514e-01
4.536795020103454590e-01
0.000000000000000000e+00
0.000000000000000000e+00
4.530826508998870850e-01
4.519738852977752686e-01
0.000000000000000000e+00
4.472201764583587646e-01
0.000000000000000000e+00
0.000000000000000000e+00
4.545894563198089600e-01
4.514106810092926025e-01
4.521582126617431641e-01
4.525546133518218994e-01
4.527912437915802002e-01
0.000000000000000000e+00
4.536999762058258057e-01
4.525769650936126709e-01
4.527752399444580078e-01
0.000000000000000000e+00
0.000000000000000000e+00
4.510332942008972168e-01
4.520545303821563721e-01
4.432267248630523682e-01
4.545280039310455322e-01
4.562383294105529785e-01
4.561133980751037598e-01
4.547251462936401367e-01
4.556244313716888428e-01
4.556373059749603271e-01
4.548040926456451416e-01
4.557777047157287598e-01
4.554006457328796387e-01
4.553496837615966797e-01
4.555570185184478760e-01
4.547140896320343018e-01
4.552286565303802490e-01
4.548310637474060059e-01
4.552393853664398193e-01
4.547178745269775391e-01
4.552237391471862793e-01
4.519463479518890381e-01
4.557237327098846436e-01
4.552133083343505859e-01
4.554316103458404541e-01
4.542949199676513672e-01
4.544014930725097656e-01
4.546685218811035156e-01
4.542920589447021484e-01
4.547709822654724121e-01
4.541866481304168701e-01
4.541736841201782227e-01
4.547860920429229736e-01
4.546229243278503418e-01
4.543194472789764404e-01
4.544469714164733887e-01
4.540031850337982178e-01
4.541923403739929199e-01
4.541433751583099365e-01
4.540581107139587402e-01
4.541531205177307129e-01
4.541237950325012207e-01
4.545670747756958008e-01
4.487531185150146484e-01
4.547132253646850586e-01
4.536440372467041016e-01
4.539406597614288330e-01
4.543247222900390625e-01
4.548347294330596924e-01
4.541677236557006836e-01
4.547799527645111084e-01
4.552165865898132324e-01
4.542796611785888672e-01
4.541995525360107422e-01
4.550070762634277344e-01
4.547672271728515625e-01
4.556334316730499268e-01
4.539899230003356934e-01
4.547626972198486328e-01
4.551239907741546631e-01
4.546840190887451172e-01
4.548339545726776123e-01
4.541468918323516846e-01
4.543729722499847412e-01
4.552792012691497803e-01
4.544419348239898682e-01
4.534945189952850342e-01
0.000000000000000000e+00
0.000000000000000000e+00
0.000000000000000000e+00
0.000000000000000000e+00
4.548389613628387451e-01
4.548519849777221680e-01
4.545277357101440430e-01
4.544213712215423584e-01
4.530194997787475586e-01
4.559087753295898438e-01
4.546575546264648438e-01
4.543057680130004883e-01
4.546743929386138916e-01
4.544635117053985596e-01
4.545376598834991455e-01
4.543224871158599854e-01
4.541792571544647217e-01
4.542787969112396240e-01
4.542271196842193604e-01
4.542590081691741943e-01
4.541873931884765625e-01
4.546360075473785400e-01
4.545941352844238281e-01
4.544444084167480469e-01
4.572713971138000488e-01
4.564459025859832764e-01
4.542875587940216064e-01
4.550242722034454346e-01
4.542900025844573975e-01
4.552832245826721191e-01
4.555627107620239258e-01
4.536190330982208252e-01
4.527891576290130615e-01
4.524547159671783447e-01
0.000000000000000000e+00
4.544328749179840088e-01
4.512319862842559814e-01
4.544035494327545166e-01
4.544362127780914307e-01
4.541158974170684814e-01
4.544650912284851074e-01
4.539884030818939209e-01
4.545077383518218994e-01
4.548872113227844238e-01
4.545986950397491455e-01
4.550223946571350098e-01
4.540868401527404785e-01
4.555442929267883301e-01
4.549859762191772461e-01
4.551170766353607178e-01
4.540153145790100098e-01
4.543355405330657959e-01
4.549032449722290039e-01
4.548586308956146240e-01
4.563500285148620605e-01
4.534404277801513672e-01
4.539989829063415527e-01
4.533751308917999268e-01
4.535838663578033447e-01
4.546368718147277832e-01
4.545837342739105225e-01
4.545438587665557861e-01
4.545524716377258301e-01
4.546102881431579590e-01
4.545227885246276855e-01
4.546536803245544434e-01
4.545188248157501221e-01
4.541397690773010254e-01
4.549072086811065674e-01
4.542835354804992676e-01
4.542769789695739746e-01
4.544352591037750244e-01
0.000000000000000000e+00
4.550355076789855957e-01
0.000000000000000000e+00
4.526202082633972168e-01
4.540800750255584717e-01
4.541729092597961426e-01
4.475429058074951172e-01
4.547308981418609619e-01
4.497587680816650391e-01
4.549152851104736328e-01
4.542248249053955078e-01
4.539757370948791504e-01
4.539711475372314453e-01
4.538770318031311035e-01
4.542474150657653809e-01
4.545582830905914307e-01
4.543682336807250977e-01
4.547347128391265869e-01
4.545470774173736572e-01
4.553658962249755859e-01
4.544950425624847412e-01
4.542334079742431641e-01
4.549894928932189941e-01
4.545755386352539062e-01
4.538218975067138672e-01
4.543223381042480469e-01
4.552730917930603027e-01
4.541380107402801514e-01
4.543495774269104004e-01
4.551142752170562744e-01
4.552689790725708008e-01
4.560240507125854492e-01
4.570018053054809570e-01
4.564741551876068115e-01
4.552873373031616211e-01
4.551897943019866943e-01
4.549194574356079102e-01
4.540920853614807129e-01
4.550704956054687500e-01
4.541998803615570068e-01
4.543299078941345215e-01
4.541209042072296143e-01
4.549799263477325439e-01
4.541971087455749512e-01
4.544165432453155518e-01
4.547027647495269775e-01
4.553951025009155273e-01
4.548747837543487549e-01
4.547844529151916504e-01
4.551214873790740967e-01
4.560092389583587646e-01
4.539957940578460693e-01
4.543035626411437988e-01
4.529603123664855957e-01
4.540451467037200928e-01
4.539952576160430908e-01
4.543203711509704590e-01
4.560788273811340332e-01
4.555988013744354248e-01
4.560540318489074707e-01
4.550547003746032715e-01
4.560488760471343994e-01
4.559145867824554443e-01
4.553414583206176758e-01
4.545962512493133545e-01
4.578813910484313965e-01
4.565367698669433594e-01
4.551501572132110596e-01
4.542498290538787842e-01
4.533173441886901855e-01
4.531432390213012695e-01
4.537016749382019043e-01
4.524856805801391602e-01
4.520036578178405762e-01
4.523210227489471436e-01
4.529252052307128906e-01
4.541573226451873779e-01
4.523008465766906738e-01
4.521019160747528076e-01
4.523939192295074463e-01
4.540356695652008057e-01
4.525675773620605469e-01
4.534048140048980713e-01
4.519100189208984375e-01
4.558922946453094482e-01
4.547003507614135742e-01
4.558313488960266113e-01
4.561015963554382324e-01
4.558210372924804688e-01
4.546658396720886230e-01
4.566073119640350342e-01
4.552910923957824707e-01
4.553107917308807373e-01
4.564987123012542725e-01
4.541440904140472412e-01
4.553931951522827148e-01
4.553146958351135254e-01
4.551967978477478027e-01
4.552134871482849121e-01
4.545336663722991943e-01
4.566146731376647949e-01
4.548676609992980957e-01
4.547642767429351807e-01
4.547535479068756104e-01
4.551182389259338379e-01
4.551298022270202637e-01
4.543523192405700684e-01
4.547326862812042236e-01
4.549976885318756104e-01
4.560306668281555176e-01
4.552970528602600098e-01
4.551339745521545410e-01
4.555799663066864014e-01
4.550015032291412354e-01
4.553112983703613281e-01
4.558220207691192627e-01
4.546889960765838623e-01
4.537746310234069824e-01
4.534614384174346924e-01
4.530896842479705811e-01
4.526479840278625488e-01
4.537289142608642578e-01
4.531447887420654297e-01
4.523183405399322510e-01
4.532060921192169189e-01
4.550440609455108643e-01
4.556400477886199951e-01
4.548927247524261475e-01
4.560019075870513916e-01
4.548779726028442383e-01
4.544067680835723877e-01
4.549554586410522461e-01
4.554127156734466553e-01
4.555991888046264648e-01
4.572861492633819580e-01
4.549593627452850342e-01
4.555103182792663574e-01
4.557005763053894043e-01
4.555073380470275879e-01
4.536133408546447754e-01
4.515905976295471191e-01
4.534722566604614258e-01
4.540143013000488281e-01
4.540646672248840332e-01
4.538055658340454102e-01
4.553645849227905273e-01
0.000000000000000000e+00
0.000000000000000000e+00
4.533437490463256836e-01
4.538030624389648438e-01
4.539882540702819824e-01
4.468429386615753174e-01
4.531663060188293457e-01
4.529774188995361328e-01
4.531920552253723145e-01
0.000000000000000000e+00
4.494221210479736328e-01
4.527702629566192627e-01
4.502572417259216309e-01
0.000000000000000000e+00
4.486147761344909668e-01
4.510751366615295410e-01
0.000000000000000000e+00
0.000000000000000000e+00
0.000000000000000000e+00
0.000000000000000000e+00
0.000000000000000000e+00
0.000000000000000000e+00
0.000000000000000000e+00
4.539282917976379395e-01
4.545495808124542236e-01
4.540718495845794678e-01
4.544392824172973633e-01
4.564475119113922119e-01
4.520441293716430664e-01
4.592406749725341797e-01
4.546934962272644043e-01
4.544833898544311523e-01
4.541104137897491455e-01
4.551903009414672852e-01
4.549128711223602295e-01
4.541632831096649170e-01
4.547094106674194336e-01
4.552992284297943115e-01
4.552119672298431396e-01
4.550142884254455566e-01
4.544708430767059326e-01
4.540633559226989746e-01
4.555812180042266846e-01
4.550998508930206299e-01
4.552569985389709473e-01
4.553537964820861816e-01
4.550145268440246582e-01
4.551815390586853027e-01
4.549585580825805664e-01
4.551904797554016113e-01
4.549844563007354736e-01
4.552194178104400635e-01
4.546407759189605713e-01
4.575521945953369141e-01
4.569740593433380127e-01
4.610031843185424805e-01
4.565333127975463867e-01
4.553643465042114258e-01
4.559408128261566162e-01
4.574641585350036621e-01
4.583081603050231934e-01
4.593183398246765137e-01
4.575123786926269531e-01
4.573163092136383057e-01
4.587133228778839111e-01
4.600182175636291504e-01
4.579480290412902832e-01
4.577867388725280762e-01
4.563769698143005371e-01
4.535623192787170410e-01
4.569762945175170898e-01
4.536738693714141846e-01
4.536354243755340576e-01
4.546647667884826660e-01
4.564697742462158203e-01
4.559428393840789795e-01
4.546066522598266602e-01
4.530076384544372559e-01
4.539490044116973877e-01
4.554772675037384033e-01
4.563370347023010254e-01
4.558152258396148682e-01
4.540259242057800293e-01
4.588359594345092773e-01
4.534496068954467773e-01
4.540686905384063721e-01
4.547520875930786133e-01
4.555685818195343018e-01
4.547571539878845215e-01
4.548265337944030762e-01
4.548569619655609131e-01
4.546610116958618164e-01
4.550835788249969482e-01
4.631775617599487305e-01
0.000000000000000000e+00
4.546090066432952881e-01
4.545636475086212158e-01
4.552927911281585693e-01
0.000000000000000000e+00
4.597326517105102539e-01
4.583597481250762939e-01
0.000000000000000000e+00
4.552025198936462402e-01
4.550775885581970215e-01
4.552396833896636963e-01
4.545119702816009521e-01
4.559629261493682861e-01
4.554478526115417480e-01
4.565503597259521484e-01
4.554211199283599854e-01
4.551598727703094482e-01
4.556053280830383301e-01
4.553879499435424805e-01
4.557694494724273682e-01
4.568221271038055420e-01
4.573021829128265381e-01
4.540948867797851562e-01
4.549750983715057373e-01
4.552644789218902588e-01
4.544704556465148926e-01
4.550841450691223145e-01
4.556017518043518066e-01
4.574898183345794678e-01
4.549803137779235840e-01
4.560897946357727051e-01
4.561114609241485596e-01
4.564334750175476074e-01
4.564205706119537354e-01
4.554773271083831787e-01
4.557916522026062012e-01
4.552823901176452637e-01
4.555269479751586914e-01
4.512236118316650391e-01
4.423944354057312012e-01
0.000000000000000000e+00
0.000000000000000000e+00
0.000000000000000000e+00
0.000000000000000000e+00
0.000000000000000000e+00
0.000000000000000000e+00
0.000000000000000000e+00
0.000000000000000000e+00
0.000000000000000000e+00
3.599349260330200195e-01
0.000000000000000000e+00
0.000000000000000000e+00
0.000000000000000000e+00
0.000000000000000000e+00
0.000000000000000000e+00
0.000000000000000000e+00
0.000000000000000000e+00
0.000000000000000000e+00
0.000000000000000000e+00
0.000000000000000000e+00
0.000000000000000000e+00
0.000000000000000000e+00
0.000000000000000000e+00
0.000000000000000000e+00
0.000000000000000000e+00
0.000000000000000000e+00
0.000000000000000000e+00
0.000000000000000000e+00
0.000000000000000000e+00
0.000000000000000000e+00
0.000000000000000000e+00
0.000000000000000000e+00
0.000000000000000000e+00
0.000000000000000000e+00
0.000000000000000000e+00
0.000000000000000000e+00
0.000000000000000000e+00
0.000000000000000000e+00
0.000000000000000000e+00
0.000000000000000000e+00
0.000000000000000000e+00
4.565462470054626465e-01
0.000000000000000000e+00
0.000000000000000000e+00
4.559933245182037354e-01
4.551652371883392334e-01
4.546138048171997070e-01
4.549459218978881836e-01
4.549877047538757324e-01
4.547723531723022461e-01
4.551544785499572754e-01
4.555123448371887207e-01
4.558071792125701904e-01
4.567334651947021484e-01
4.558626413345336914e-01
4.553169310092926025e-01
4.543358683586120605e-01
4.544970691204071045e-01
4.543192982673645020e-01
4.545849263668060303e-01
4.547154009342193604e-01
4.544779062271118164e-01
4.541159868240356445e-01
4.549404382705688477e-01
4.543036818504333496e-01
4.551919698715209961e-01
4.552118182182312012e-01
4.545600116252899170e-01
4.549987018108367920e-01
4.543792605400085449e-01
4.552167952060699463e-01
4.555863440036773682e-01
4.546863734722137451e-01
4.532228410243988037e-01
4.548214077949523926e-01
0.000000000000000000e+00
4.543205499649047852e-01
4.554101824760437012e-01
4.545041322708129883e-01
0.000000000000000000e+00
4.544248282909393311e-01
0.000000000000000000e+00
0.000000000000000000e+00
0.000000000000000000e+00
0.000000000000000000e+00
0.000000000000000000e+00
0.000000000000000000e+00
4.554531574249267578e-01
0.000000000000000000e+00
4.549623429775238037e-01
4.552730321884155273e-01
4.553924798965454102e-01
4.547200500965118408e-01
4.548736810684204102e-01
4.548417627811431885e-01
4.546072781085968018e-01
4.559340775012969971e-01
4.564503431320190430e-01
4.527460932731628418e-01
4.504647254943847656e-01
4.536664783954620361e-01
4.524971842765808105e-01
4.534450769424438477e-01
4.533241689205169678e-01
4.540879726409912109e-01
4.564270675182342529e-01
4.552459716796875000e-01
4.553296566009521484e-01
4.545705914497375488e-01
4.553593397140502930e-01
4.560374021530151367e-01
4.542622268199920654e-01
4.541963040828704834e-01
4.539617598056793213e-01
4.538399279117584229e-01
4.537021219730377197e-01
4.546890258789062500e-01
4.544180035591125488e-01
4.538498818874359131e-01
4.538670182228088379e-01
4.539932608604431152e-01
4.537806212902069092e-01
4.590286612510681152e-01
4.592335522174835205e-01
4.540899395942687988e-01
4.570345878601074219e-01
4.540682435035705566e-01
4.544017016887664795e-01
4.544934332370758057e-01
4.566907584667205811e-01
4.556967020034790039e-01
4.588373303413391113e-01
4.546522498130798340e-01
4.551665782928466797e-01
4.544515609741210938e-01
4.545772373676300049e-01
4.545235633850097656e-01
4.544128477573394775e-01
4.567182958126068115e-01
4.553075134754180908e-01
4.593924582004547119e-01
4.548758268356323242e-01
4.551137387752532959e-01
4.544122815132141113e-01
4.546998739242553711e-01
4.551690220832824707e-01
4.547198414802551270e-01
4.558417797088623047e-01
4.563777446746826172e-01
4.579492807388305664e-01
4.546706080436706543e-01
4.556410014629364014e-01
4.554719030857086182e-01
4.555476903915405273e-01
4.558639824390411377e-01
4.552872478961944580e-01
4.546523094177246094e-01
4.555859565734863281e-01
4.550420343875885010e-01
4.550465941429138184e-01
0.000000000000000000e+00
4.561984837055206299e-01
4.546320140361785889e-01
4.552756547927856445e-01
4.549789428710937500e-01
4.544601142406463623e-01
4.553773403167724609e-01
4.549403190612792969e-01
4.556273519992828369e-01
4.548415243625640869e-01
4.552119076251983643e-01
4.548633992671966553e-01
4.549041390419006348e-01
4.557666182518005371e-01
4.554885327816009521e-01
4.549018442630767822e-01
4.553287923336029053e-01
4.549316167831420898e-01
4.555426836013793945e-01
4.542488157749176025e-01
4.554699957370758057e-01
4.550457000732421875e-01
4.547110199928283691e-01
4.549338817596435547e-01
4.553779363632202148e-01
4.560599029064178467e-01
4.553467929363250732e-01
4.551295936107635498e-01
4.552078247070312500e-01
4.548000991344451904e-01
4.554589986801147461e-01
4.543823897838592529e-01
4.542585611343383789e-01
4.550482630729675293e-01
4.550511837005615234e-01
4.548566341400146484e-01
4.542482793331146240e-01
4.541887938976287842e-01
4.550989568233489990e-01
4.549929499626159668e-01
4.537839591503143311e-01
4.545078873634338379e-01
4.540629386901855469e-01
4.551087021827697754e-01
4.540027081966400146e-01
4.551855325698852539e-01
0.000000000000000000e+00
4.519933760166168213e-01
4.550973474979400635e-01
4.486216306686401367e-01
0.000000000000000000e+00
4.553360044956207275e-01
4.553169012069702148e-01
0.000000000000000000e+00
0.000000000000000000e+00
0.000000000000000000e+00
4.554408788681030273e-01
0.000000000000000000e+00
0.000000000000000000e+00
0.000000000000000000e+00
0.000000000000000000e+00
4.548734426498413086e-01
4.553772509098052979e-01
4.547664821147918701e-01
4.552208781242370605e-01
4.551393091678619385e-01
4.513585567474365234e-01
4.823572933673858643e-01
4.554018080234527588e-01
4.547961354255676270e-01
4.552910923957824707e-01
4.551798105239868164e-01
4.558177590370178223e-01
4.548764228820800781e-01
4.554291367530822754e-01
4.558768868446350098e-01
4.555240273475646973e-01
4.544990658760070801e-01
4.560705125331878662e-01
4.549918472766876221e-01
4.545024037361145020e-01
4.541297852993011475e-01
4.549184143543243408e-01
4.550051093101501465e-01
4.560086131095886230e-01
4.552138447761535645e-01
4.549964666366577148e-01
4.554312229156494141e-01
4.554361999034881592e-01
4.547672867774963379e-01
4.547114670276641846e-01
4.550398588180541992e-01
4.553938806056976318e-01
4.550990164279937744e-01
4.558126926422119141e-01
4.561471641063690186e-01
4.542983174324035645e-01
4.548154771327972412e-01
4.538524448871612549e-01
4.554409384727478027e-01
4.554766118526458740e-01
4.544255137443542480e-01
4.541851580142974854e-01
4.574363529682159424e-01
4.563335180282592773e-01
4.549748897552490234e-01
4.550843238830566406e-01
4.535136818885803223e-01
4.502107203006744385e-01
4.577466845512390137e-01
4.556032121181488037e-01
4.541870355606079102e-01
4.551205933094024658e-01
4.550767540931701660e-01
4.546123147010803223e-01
4.546603262424468994e-01
4.560771882534027100e-01
4.558746218681335449e-01
4.562749266624450684e-01
4.553271234035491943e-01
4.560446143150329590e-01
4.556517899036407471e-01
4.560272395610809326e-01
4.547097086906433105e-01
4.550020694732666016e-01
4.546027481555938721e-01
4.548352360725402832e-01
4.554213881492614746e-01
4.553970694541931152e-01
4.544278085231781006e-01
4.546863138675689697e-01
4.532846212387084961e-01
4.572469294071197510e-01
4.542510807514190674e-01
4.542712569236755371e-01
4.542089402675628662e-01
4.547304213047027588e-01
4.537348151206970215e-01
4.583713710308074951e-01
4.539844989776611328e-01
4.547762870788574219e-01
4.548354744911193848e-01
4.549192488193511963e-01
4.550930857658386230e-01
4.547392725944519043e-01
4.551340639591217041e-01
4.565288126468658447e-01
4.555245041847229004e-01
4.554390311241149902e-01
4.553315341472625732e-01
4.549665451049804688e-01
4.549750387668609619e-01
4.544922709465026855e-01
4.547102451324462891e-01
4.546073377132415771e-01
4.554014205932617188e-01
4.546895623207092285e-01
4.555505812168121338e-01
4.543492794036865234e-01
4.550725221633911133e-01
4.566586017608642578e-01
4.555103778839111328e-01
4.561885893344879150e-01
4.552037119865417480e-01
4.567574560642242432e-01
4.544301331043243408e-01
4.551896154880523682e-01
4.555417597293853760e-01
4.548976719379425049e-01
4.546525180339813232e-01
4.565751254558563232e-01
4.548521935939788818e-01
4.549247324466705322e-01
4.547415077686309814e-01
4.548070430755615234e-01
4.572703838348388672e-01
4.560551643371582031e-01
4.557757079601287842e-01
4.549354016780853271e-01
4.548768401145935059e-01
4.544678330421447754e-01
4.549506008625030518e-01
4.547438621520996094e-01
4.555516839027404785e-01
4.546983838081359863e-01
4.549156725406646729e-01
4.549672603607177734e-01
0.000000000000000000e+00
0.000000000000000000e+00
0.000000000000000000e+00
4.407596886157989502e-01
0.000000000000000000e+00
0.000000000000000000e+00
0.000000000000000000e+00
0.000000000000000000e+00
0.000000000000000000e+00
0.000000000000000000e+00
0.000000000000000000e+00
0.000000000000000000e+00
0.000000000000000000e+00
0.000000000000000000e+00
0.000000000000000000e+00
4.534031450748443604e-01
4.529641270637512207e-01
4.533490240573883057e-01
0.000000000000000000e+00
0.000000000000000000e+00
0.000000000000000000e+00
4.541411101818084717e-01
4.536600708961486816e-01
0.000000000000000000e+00
0.000000000000000000e+00
0.000000000000000000e+00
4.535595178604125977e-01
4.530733227729797363e-01
4.543951451778411865e-01
4.542188048362731934e-01
4.545915424823760986e-01
4.529977142810821533e-01
0.000000000000000000e+00
4.529856145381927490e-01
0.000000000000000000e+00
0.000000000000000000e+00
4.539290070533752441e-01
4.543856680393218994e-01
4.544548690319061279e-01
4.539155960083007812e-01
4.543752968311309814e-01
4.544435441493988037e-01
4.443476200103759766e-01
4.546816647052764893e-01
4.561528265476226807e-01
4.555424153804779053e-01
4.538159966468811035e-01
4.538698494434356689e-01
4.542369544506072998e-01
4.543093740940093994e-01
4.546961784362792969e-01
4.544451236724853516e-01
4.544689357280731201e-01
4.536058902740478516e-01
4.548729658126831055e-01
4.549652934074401855e-01
4.549071490764617920e-01
4.558470249176025391e-01
4.554345607757568359e-01
4.552625715732574463e-01
4.546554684638977051e-01
4.549754261970520020e-01
4.544158875942230225e-01
4.546194374561309814e-01
4.544251561164855957e-01
4.547450244426727295e-01
4.543970525264739990e-01
0.000000000000000000e+00
4.504808783531188965e-01
4.225606620311737061e-01
4.551081657409667969e-01
4.552893638610839844e-01
4.547469615936279297e-01
4.555222094058990479e-01
4.547340273857116699e-01
4.551534354686737061e-01
4.548844695091247559e-01
4.550399780273437500e-01
4.543640017509460449e-01
4.554874598979949951e-01
4.552923142910003662e-01
4.558459818363189697e-01
4.553866386413574219e-01
4.552057683467864990e-01
4.578225612640380859e-01
4.555526971817016602e-01
4.554296731948852539e-01
4.557769298553466797e-01
4.561364352703094482e-01
4.569130241870880127e-01
4.557307958602905273e-01
4.550334811210632324e-01
4.553927481174468994e-01
4.558936059474945068e-01
4.545473754405975342e-01
4.545389413833618164e-01
4.549580514430999756e-01
4.550039768218994141e-01
4.546867907047271729e-01
4.554992914199829102e-01
4.552470743656158447e-01
4.544292390346527100e-01
4.543513953685760498e-01
4.550906121730804443e-01
4.542254805564880371e-01
4.548491537570953369e-01
4.549336731433868408e-01
4.541833102703094482e-01
4.548127353191375732e-01
4.554433822631835938e-01
4.551642537117004395e-01
4.547363519668579102e-01
4.553935825824737549e-01
4.540827870368957520e-01
4.547135233879089355e-01
4.550432562828063965e-01
4.555177986621856689e-01
4.546266198158264160e-01
4.553479254245758057e-01
4.539785087108612061e-01
4.555665254592895508e-01
4.544675648212432861e-01
4.547144472599029541e-01
4.548354148864746094e-01
4.547305405139923096e-01
4.556834995746612549e-01
4.558221697807312012e-01
4.556014239788055420e-01
4.555993974208831787e-01
4.547251164913177490e-01
4.567835032939910889e-01
4.544610977172851562e-01
4.545258283615112305e-01
4.541013240814208984e-01
4.540911614894866943e-01
4.544527232646942139e-01
4.536877274513244629e-01
4.542928934097290039e-01
4.544469714164733887e-01
4.512318670749664307e-01
4.442339539527893066e-01
4.534727334976196289e-01
4.535863399505615234e-01
4.535171389579772949e-01
4.537446498870849609e-01
4.532975852489471436e-01
4.530764520168304443e-01
4.536891579627990723e-01
4.539868831634521484e-01
4.538524448871612549e-01
4.536933302879333496e-01
4.535385966300964355e-01
4.537547528743743896e-01
4.533801674842834473e-01
4.536050260066986084e-01
4.538643062114715576e-01
4.546446502208709717e-01
4.533027410507202148e-01
4.534580111503601074e-01
4.527555406093597412e-01
0.000000000000000000e+00
4.538548290729522705e-01
4.543664753437042236e-01
4.541952013969421387e-01
4.546626806259155273e-01
4.556891620159149170e-01
4.549318552017211914e-01
4.570997059345245361e-01
4.546955823898315430e-01
4.548546969890594482e-01
4.551641643047332764e-01
4.540579020977020264e-01
4.547491669654846191e-01
4.548082649707794189e-01
4.537574946880340576e-01
4.549821913242340088e-01
4.544749557971954346e-01
4.545771777629852295e-01
4.542962908744812012e-01
4.548122882843017578e-01
4.547978937625885010e-01
4.549118578433990479e-01
4.563390314579010010e-01
4.561766982078552246e-01
4.557408392429351807e-01
4.558097124099731445e-01
4.546553790569305420e-01
4.561102688312530518e-01
4.568784534931182861e-01
4.548362493515014648e-01
4.544138312339782715e-01
4.555973112583160400e-01
4.543718993663787842e-01
4.574800431728363037e-01
4.556644260883331299e-01
4.553525149822235107e-01
4.550512433052062988e-01
4.543731212615966797e-01
4.547763764858245850e-01
4.543906152248382568e-01
4.553940296173095703e-01
4.555318653583526611e-01
4.549795687198638916e-01
4.542906284332275391e-01
4.555074274539947510e-01
4.539542794227600098e-01
4.544275403022766113e-01
4.525686204433441162e-01
4.543299376964569092e-01
4.496449828147888184e-01
4.537786245346069336e-01
4.542604386806488037e-01
4.540851414203643799e-01
4.544122219085693359e-01
4.538122117519378662e-01
4.539017081260681152e-01
4.539748132228851318e-01
4.544663131237030029e-01
4.538379013538360596e-01
4.547051489353179932e-01
4.535582959651947021e-01
4.540317952632904053e-01
4.549763202667236328e-01
4.544294178485870361e-01
4.551385045051574707e-01
4.546463191509246826e-01
4.545899033546447754e-01
4.542885422706604004e-01
4.541363418102264404e-01
4.549366235733032227e-01
4.553893804550170898e-01
4.542077481746673584e-01
4.542626142501831055e-01
4.543451666831970215e-01
4.542893767356872559e-01
4.546250700950622559e-01
4.544824063777923584e-01
4.541394710540771484e-01
4.554216265678405762e-01
4.543688595294952393e-01
4.541859030723571777e-01
0.000000000000000000e+00
4.550358951091766357e-01
4.490832984447479248e-01
4.545382857322692871e-01
4.524503648281097412e-01
0.000000000000000000e+00
0.000000000000000000e+00
0.000000000000000000e+00
4.557960033416748047e-01
4.547632336616516113e-01
4.546158611774444580e-01
4.545596837997436523e-01
4.545139372348785400e-01
4.544028341770172119e-01
4.567896127700805664e-01
4.548659324645996094e-01
4.565103948116302490e-01
4.552932381629943848e-01
4.584308564662933350e-01
4.549461603164672852e-01
4.543878436088562012e-01
4.524882137775421143e-01
4.524559974670410156e-01
4.519125521183013916e-01
4.510557651519775391e-01
4.511380791664123535e-01
4.524678289890289307e-01
4.528077244758605957e-01
4.535436928272247314e-01
4.529777169227600098e-01
4.538301527500152588e-01
4.536384642124176025e-01
4.536998271942138672e-01
4.552009105682373047e-01
4.537476599216461182e-01
4.540411233901977539e-01
4.536864459514617920e-01
4.542878568172454834e-01
4.537890255451202393e-01
4.545259773731231689e-01
4.543520510196685791e-01
4.540661871433258057e-01
4.543587565422058105e-01
4.547688961029052734e-01
4.541512727737426758e-01
4.540343880653381348e-01
4.541984498500823975e-01
4.548331797122955322e-01
4.544170498847961426e-01
4.549069404602050781e-01
4.550406634807586670e-01
4.544073641300201416e-01
4.542099833488464355e-01
4.543935954570770264e-01
4.549180865287780762e-01
4.543538093566894531e-01
4.541573822498321533e-01
4.544173181056976318e-01
4.545172750949859619e-01
4.546669423580169678e-01
4.550384283065795898e-01
4.552983045578002930e-01
4.556023180484771729e-01
4.557275474071502686e-01
4.559635519981384277e-01
4.560801386833190918e-01
4.556911885738372803e-01
4.556100070476531982e-01
4.549199640750885010e-01
4.551418721675872803e-01
4.556519389152526855e-01
4.552902877330780029e-01
4.552130699157714844e-01
4.560272097587585449e-01
4.550885260105133057e-01
4.554846286773681641e-01
4.553722441196441650e-01
4.560423195362091064e-01
4.550808072090148926e-01
4.548184871673583984e-01
4.555895924568176270e-01
4.549238681793212891e-01
4.545037150382995605e-01
4.562636315822601318e-01
4.557547569274902344e-01
4.552769958972930908e-01
4.549105763435363770e-01
4.553754925727844238e-01
4.556012153625488281e-01
4.552949965000152588e-01
4.554831981658935547e-01
4.546646475791931152e-01
4.537801444530487061e-01
4.546240270137786865e-01
4.538865685462951660e-01
4.543922543525695801e-01
4.540253579616546631e-01
4.541737437248229980e-01
4.543394148349761963e-01
4.552308320999145508e-01
4.543061554431915283e-01
4.540641903877258301e-01
4.534980356693267822e-01
0.000000000000000000e+00
4.545799493789672852e-01
0.000000000000000000e+00
4.539271295070648193e-01
4.541947543621063232e-01
4.539798498153686523e-01
0.000000000000000000e+00
4.538038671016693115e-01
4.536447823047637939e-01
4.541365206241607666e-01
4.542597234249114990e-01
0.000000000000000000e+00
0.000000000000000000e+00
0.000000000000000000e+00
0.000000000000000000e+00
4.549743235111236572e-01
4.549463689327239990e-01
4.544238448143005371e-01
4.552281200885772705e-01
4.555834233760833740e-01
4.553861021995544434e-01
4.551059603691101074e-01
4.557845294475555420e-01
4.541164040565490723e-01
4.541661143302917480e-01
4.545777440071105957e-01
4.552756547927856445e-01
4.547099471092224121e-01
4.554741382598876953e-01
4.545301198959350586e-01
4.534124732017517090e-01
4.506455063819885254e-01
4.529994130134582520e-01
4.515642821788787842e-01
4.519493579864501953e-01
4.529582262039184570e-01
4.529593884944915771e-01
0.000000000000000000e+00
4.539828896522521973e-01
4.541021883487701416e-01
4.523579776287078857e-01
4.424748420715332031e-01
4.542406201362609863e-01
4.536298215389251709e-01
4.542637169361114502e-01
4.540453553199768066e-01
4.541149735450744629e-01
4.539930820465087891e-01
0.000000000000000000e+00
4.541065692901611328e-01
0.000000000000000000e+00
0.000000000000000000e+00
0.000000000000000000e+00
0.000000000000000000e+00
4.460393190383911133e-01
0.000000000000000000e+00
0.000000000000000000e+00
4.562956690788269043e-01
4.556583464145660400e-01
4.558681547641754150e-01
4.556641578674316406e-01
4.550812840461730957e-01
4.559428691864013672e-01
4.554647803306579590e-01
4.559596180915832520e-01
4.543187320232391357e-01
4.546631872653961182e-01
4.541079103946685791e-01
4.546959698200225830e-01
4.549788534641265869e-01
4.551320970058441162e-01
4.553661346435546875e-01
4.549834728240966797e-01
4.540359675884246826e-01
4.540760815143585205e-01
4.545315504074096680e-01
4.542377293109893799e-01
4.542858898639678955e-01
4.541172683238983154e-01
4.546943306922912598e-01
4.548512399196624756e-01
4.550434052944183350e-01
4.540446996688842773e-01
4.542007148265838623e-01
4.545359313488006592e-01
4.542443752288818359e-01
4.544836282730102539e-01
4.545893967151641846e-01
4.539838433265686035e-01
4.544934630393981934e-01
4.545813202857971191e-01
4.549568593502044678e-01
4.550304710865020752e-01
4.554895460605621338e-01
4.552387893199920654e-01
4.553086757659912109e-01
4.541519880294799805e-01
4.550914764404296875e-01
4.547995626926422119e-01
4.555287659168243408e-01
4.549215734004974365e-01
4.552685022354125977e-01
4.557150602340698242e-01
4.556614458560943604e-01
4.561540782451629639e-01
4.556891322135925293e-01
4.551702141761779785e-01
4.545539617538452148e-01
4.547023177146911621e-01
4.545259773731231689e-01
4.546227455139160156e-01
4.553787112236022949e-01
4.550684988498687744e-01
4.553195238113403320e-01
4.542517364025115967e-01
4.544335007667541504e-01
4.552482366561889648e-01
4.554493427276611328e-01
4.546322524547576904e-01
4.551097154617309570e-01
4.553538262844085693e-01
4.572933912277221680e-01
4.562140107154846191e-01
4.559082686901092529e-01
4.557060301303863525e-01
4.555811285972595215e-01
4.553111493587493896e-01
4.550734162330627441e-01
4.548613131046295166e-01
4.549641013145446777e-01
4.544476866722106934e-01
4.544207453727722168e-01
4.544289112091064453e-01
4.550924003124237061e-01
4.546390771865844727e-01
4.555365443229675293e-01
4.552822709083557129e-01
4.549948275089263916e-01
4.553244113922119141e-01
4.545278549194335938e-01
4.541965723037719727e-01
4.545858800411224365e-01
4.558133780956268311e-01
4.554249644279479980e-01
4.550800621509552002e-01
4.546588957309722900e-01
4.549647867679595947e-01
4.550461173057556152e-01
4.554657936096191406e-01
0.000000000000000000e+00
4.540098309516906738e-01
4.549805521965026855e-01
4.543812274932861328e-01
4.546120762825012207e-01
4.544062614440917969e-01
4.549970924854278564e-01
4.484520256519317627e-01
4.550796151161193848e-01
4.544886648654937744e-01
4.544408917427062988e-01
4.542976617813110352e-01
4.546275138854980469e-01
4.546050727367401123e-01
4.548561871051788330e-01
4.544565379619598389e-01
4.562478363513946533e-01
4.553396105766296387e-01
4.562479853630065918e-01
4.563437700271606445e-01
4.565928280353546143e-01
4.549505412578582764e-01
4.551771581172943115e-01
4.585665166378021240e-01
4.566432535648345947e-01
4.559533298015594482e-01
4.557589292526245117e-01
4.558433890342712402e-01
4.550519585609436035e-01
4.544887542724609375e-01
4.540810286998748779e-01
4.543875455856323242e-01
4.566771090030670166e-01
4.542120695114135742e-01
4.547196626663208008e-01
4.542243182659149170e-01
4.567438066005706787e-01
4.562012851238250732e-01
4.556930661201477051e-01
4.552612006664276123e-01
4.571427702903747559e-01
4.550087153911590576e-01
4.555794298648834229e-01
4.534904956817626953e-01
4.537045955657958984e-01
4.547702372074127197e-01
4.548179805278778076e-01
4.554077386856079102e-01
4.549153447151184082e-01
4.545831978321075439e-01
4.545422494411468506e-01
4.556870758533477783e-01
4.554967582225799561e-01
4.543628394603729248e-01
4.554853737354278564e-01
4.547992050647735596e-01
4.555828273296356201e-01
4.560890495777130127e-01
4.591114521026611328e-01
4.537625014781951904e-01
4.408267736434936523e-01
4.766640961170196533e-01
0.000000000000000000e+00
0.000000000000000000e+00
0.000000000000000000e+00
4.520824551582336426e-01
4.503325819969177246e-01
4.560127556324005127e-01
4.570355415344238281e-01
4.552666246891021729e-01
4.549782574176788330e-01
4.530963003635406494e-01
0.000000000000000000e+00
4.503939449787139893e-01
4.533269405364990234e-01
4.547079503536224365e-01
4.551947414875030518e-01
4.553450345993041992e-01
4.557894468307495117e-01
4.551084339618682861e-01
4.550953507423400879e-01
4.551977217197418213e-01
4.551970660686492920e-01
4.553848803043365479e-01
4.555274248123168945e-01
4.546679258346557617e-01
4.551549255847930908e-01
4.553017914295196533e-01
4.543802142143249512e-01
4.545986056327819824e-01
4.544171392917633057e-01
4.552179872989654541e-01
4.547378718852996826e-01
4.548054933547973633e-01
4.547271430492401123e-01
4.563131332397460938e-01
4.549582004547119141e-01
4.545394778251647949e-01
4.544882476329803467e-01
4.548184275627136230e-01
4.548100531101226807e-01
4.549976587295532227e-01
4.549394845962524414e-01
4.544249773025512695e-01
4.539630711078643799e-01
4.547216892242431641e-01
4.539962708950042725e-01
4.546137154102325439e-01
4.548169374465942383e-01
4.554433226585388184e-01
4.553627073764801025e-01
4.545671045780181885e-01
4.542580544948577881e-01
4.544779360294342041e-01
4.578033983707427979e-01
4.569046199321746826e-01
4.548860788345336914e-01
4.547814428806304932e-01
4.551782906055450439e-01
4.569081962108612061e-01
4.565321505069732666e-01
4.547742605209350586e-01
4.541009366512298584e-01
4.555169939994812012e-01
4.537703990936279297e-01
4.552047550678253174e-01
4.546651840209960938e-01
4.544249475002288818e-01
4.539300799369812012e-01
4.541665315628051758e-01
4.543003439903259277e-01
4.543042778968811035e-01
4.544731676578521729e-01
4.554129838943481445e-01
4.539346694946289062e-01
4.555566906929016113e-01
4.541974365711212158e-01
4.540808200836181641e-01
4.550309181213378906e-01
4.553754329681396484e-01
4.542956054210662842e-01
4.538902938365936279e-01
4.539107680320739746e-01
4.553226232528686523e-01
4.546349942684173584e-01
4.553113877773284912e-01
4.544610381126403809e-01
4.551150798797607422e-01
4.542786180973052979e-01
4.542683959007263184e-01
4.551865756511688232e-01
4.540371596813201904e-01
4.545262753963470459e-01
4.545359909534454346e-01
4.542649090290069580e-01
4.550554454326629639e-01
4.545523822307586670e-01
4.546273946762084961e-01
4.557732045650482178e-01
4.555568397045135498e-01
4.543234705924987793e-01
4.554959237575531006e-01
4.544245302677154541e-01
4.561319649219512939e-01
4.547118842601776123e-01
4.563522338867187500e-01
4.547368586063385010e-01
4.545572400093078613e-01
4.546767473220825195e-01
4.552900791168212891e-01
4.565537571907043457e-01
4.577544629573822021e-01
4.555597901344299316e-01
4.579395949840545654e-01
4.564313888549804688e-01
4.566479623317718506e-01
4.538318216800689697e-01
4.536356031894683838e-01
4.535614848136901855e-01
4.525904655456542969e-01
4.582164585590362549e-01
4.574031233787536621e-01
4.558495879173278809e-01
4.555606245994567871e-01
4.540745913982391357e-01
4.580033421516418457e-01
4.547363519668579102e-01
4.546143114566802979e-01
4.535672962665557861e-01
4.543023109436035156e-01
4.548397064208984375e-01
3.236285150051116943e-01
4.555614292621612549e-01
4.551483392715454102e-01
4.553953707218170166e-01
4.547785818576812744e-01
4.548403322696685791e-01
4.540169239044189453e-01
4.543357491493225098e-01
4.550525546073913574e-01
4.543441534042358398e-01
4.545217454433441162e-01
4.540287256240844727e-01
4.547333121299743652e-01
4.570579826831817627e-01
4.568716883659362793e-01
4.555175304412841797e-01
4.550537467002868652e-01
4.548764526844024658e-01
4.553959965705871582e-01
4.542337656021118164e-01
4.546430706977844238e-01
4.549205005168914795e-01
4.552795290946960449e-01
4.561710059642791748e-01
4.549207985401153564e-01
4.543377459049224854e-01
4.555070996284484863e-01
4.542654454708099365e-01
4.545248448848724365e-01
4.574722051620483398e-01
4.561719000339508057e-01
4.550721347332000732e-01
4.549446702003479004e-01
4.547212123870849609e-01
4.546899497509002686e-01
4.536888003349304199e-01
4.539526402950286865e-01
4.549439251422882080e-01
4.549132585525512695e-01
4.538068473339080811e-01
4.538429081439971924e-01
4.544754922389984131e-01
4.541670382022857666e-01
4.547452032566070557e-01
4.541558325290679932e-01
4.540998339653015137e-01
4.547373652458190918e-01
4.545758962631225586e-01
4.536428153514862061e-01
4.545686841011047363e-01
4.550519287586212158e-01
4.536020755767822266e-01
4.548144042491912842e-01
4.546489119529724121e-01
4.550982117652893066e-01
4.539149105548858643e-01
4.544548392295837402e-01
4.546640813350677490e-01
4.545179307460784912e-01
4.539969563484191895e-01
4.538363516330718994e-01
4.544228911399841309e-01
4.544479548931121826e-01
4.543849229812622070e-01
4.537292718887329102e-01
4.541788101196289062e-01
4.551035463809967041e-01
4.543295502662658691e-01
4.543210864067077637e-01
4.548688232898712158e-01
4.544651508331298828e-01
4.553138315677642822e-01
4.545192420482635498e-01
4.560086131095886230e-01
4.553737044334411621e-01
4.555217921733856201e-01
4.545789062976837158e-01
4.552874863147735596e-01
4.550397694110870361e-01
4.545251429080963135e-01
4.546063840389251709e-01
4.541939496994018555e-01
4.544789791107177734e-01
4.542866647243499756e-01
4.544526338577270508e-01
4.539209902286529541e-01
4.546544551849365234e-01
4.545111954212188721e-01
4.546267390251159668e-01
4.547050595283508301e-01
4.548290371894836426e-01
4.548732042312622070e-01
4.552489817142486572e-01
4.553980529308319092e-01
4.543162286281585693e-01
4.540282189846038818e-01
4.547657370567321777e-01
4.540249407291412354e-01
4.547075629234313965e-01
4.546954333782196045e-01
4.546957910060882568e-01
4.545387327671051025e-01
4.499711096286773682e-01
4.491522312164306641e-01
4.544591903686523438e-01
4.545499980449676514e-01
4.542988836765289307e-01
4.550740122795104980e-01
3.097342252731323242e-01
4.539921581745147705e-01
4.573944509029388428e-01
4.551010727882385254e-01
4.560509920120239258e-01
4.549033939838409424e-01
4.544209539890289307e-01
4.558427631855010986e-01
4.548254907131195068e-01
4.553918540477752686e-01
4.542821645736694336e-01
4.545632898807525635e-01
4.548158049583435059e-01
4.547047913074493408e-01
4.560662806034088135e-01
4.558199346065521240e-01
4.559820294380187988e-01
4.548916518688201904e-01
4.555372297763824463e-01
4.549139440059661865e-01
4.563011527061462402e-01
4.551416039466857910e-01
4.555981457233428955e-01
4.548332989215850830e-01
4.541423022747039795e-01
4.547378718852996826e-01
4.556285738945007324e-01
4.545429944992065430e-01
4.548476338386535645e-01
4.558799266815185547e-01
4.556656479835510254e-01
4.549801945686340332e-01
4.543792307376861572e-01
4.559192955493927002e-01
4.544676542282104492e-01
4.556121528148651123e-01
4.551919698715209961e-01
4.555451869964599609e-01
4.563746452331542969e-01
4.554996192455291748e-01
4.544257819652557373e-01
4.556191563606262207e-01
4.545741975307464600e-01
4.545808732509613037e-01
4.547713398933410645e-01
4.547125399112701416e-01
4.543500840663909912e-01
4.544251561164855957e-01
4.546541869640350342e-01
4.550086259841918945e-01
4.542278051376342773e-01
4.545141756534576416e-01
4.545736610889434814e-01
0.000000000000000000e+00
0.000000000000000000e+00
0.000000000000000000e+00
0.000000000000000000e+00
0.000000000000000000e+00
0.000000000000000000e+00
0.000000000000000000e+00
0.000000000000000000e+00
0.000000000000000000e+00
0.000000000000000000e+00
0.000000000000000000e+00
0.000000000000000000e+00
4.450716972351074219e-01
4.403572082519531250e-01
4.453137516975402832e-01
0.000000000000000000e+00
0.000000000000000000e+00
0.000000000000000000e+00
0.000000000000000000e+00
0.000000000000000000e+00
0.000000000000000000e+00
0.000000000000000000e+00
0.000000000000000000e+00
0.000000000000000000e+00
0.000000000000000000e+00
0.000000000000000000e+00
0.000000000000000000e+00
0.000000000000000000e+00
0.000000000000000000e+00
0.000000000000000000e+00
0.000000000000000000e+00
0.000000000000000000e+00
0.000000000000000000e+00
0.000000000000000000e+00
0.000000000000000000e+00
0.000000000000000000e+00
0.000000000000000000e+00
0.000000000000000000e+00
0.000000000000000000e+00
0.000000000000000000e+00
0.000000000000000000e+00
0.000000000000000000e+00
0.000000000000000000e+00
0.000000000000000000e+00
0.000000000000000000e+00
0.000000000000000000e+00
0.000000000000000000e+00
0.000000000000000000e+00
0.000000000000000000e+00
0.000000000000000000e+00
0.000000000000000000e+00
0.000000000000000000e+00
0.000000000000000000e+00
0.000000000000000000e+00
0.000000000000000000e+00
0.000000000000000000e+00
0.000000000000000000e+00
0.000000000000000000e+00
0.000000000000000000e+00
0.000000000000000000e+00
0.000000000000000000e+00
0.000000000000000000e+00
0.000000000000000000e+00
0.000000000000000000e+00
0.000000000000000000e+00
0.000000000000000000e+00
0.000000000000000000e+00
0.000000000000000000e+00
0.000000000000000000e+00
0.000000000000000000e+00
0.000000000000000000e+00
0.000000000000000000e+00
4.568307697772979736e-01
4.555069208145141602e-01
4.516541063785552979e-01
0.000000000000000000e+00
4.558332860469818115e-01
4.566266834735870361e-01
0.000000000000000000e+00
4.565013647079467773e-01
4.591764211654663086e-01
4.582705795764923096e-01
4.578591883182525635e-01
4.576812088489532471e-01
4.571434855461120605e-01
4.561299085617065430e-01
4.561433494091033936e-01
4.573514163494110107e-01
4.554292857646942139e-01
4.557960629463195801e-01
4.556220471858978271e-01
4.539657235145568848e-01
4.540680944919586182e-01
4.544282555580139160e-01
4.544745981693267822e-01
4.543732106685638428e-01
4.540784657001495361e-01
4.542852342128753662e-01
4.597853720188140869e-01
4.557021558284759521e-01
4.588030576705932617e-01
4.543525874614715576e-01
4.541725516319274902e-01
4.551256895065307617e-01
4.542734324932098389e-01
4.551794528961181641e-01
4.561169147491455078e-01
4.587972760200500488e-01
4.552632868289947510e-01
4.558032751083374023e-01
4.548317790031433105e-01
4.555089473724365234e-01
4.541069269180297852e-01
4.556267261505126953e-01
4.560842514038085938e-01
4.554665684700012207e-01
4.550500810146331787e-01
4.550922513008117676e-01
4.551190435886383057e-01
4.546058475971221924e-01
4.547950625419616699e-01
4.581328928470611572e-01
4.561987519264221191e-01
4.547696709632873535e-01
4.543849229812622070e-01
4.547464251518249512e-01
4.503236114978790283e-01
4.542140066623687744e-01
4.559487700462341309e-01
0.000000000000000000e+00
4.542178213596343994e-01
4.544946551322937012e-01
0.000000000000000000e+00
0.000000000000000000e+00
0.000000000000000000e+00
4.550439715385437012e-01
4.541161358356475830e-01
4.549491107463836670e-01
4.552392363548278809e-01
4.518129527568817139e-01
4.549668431282043457e-01
4.533996880054473877e-01
4.539882540702819824e-01
4.546737372875213623e-01
4.554240405559539795e-01
4.508943855762481689e-01
4.551257491111755371e-01
4.545477926731109619e-01
4.547323286533355713e-01
4.544555246829986572e-01
4.547554254531860352e-01
4.557940363883972168e-01
4.549153745174407959e-01
4.546230435371398926e-01
4.543627500534057617e-01
4.540860354900360107e-01
4.541552662849426270e-01
4.540175497531890869e-01
4.539512395858764648e-01
4.554562270641326904e-01
4.539720416069030762e-01
4.539205431938171387e-01
4.543982744216918945e-01
4.540227651596069336e-01
4.541285336017608643e-01
4.552097320556640625e-01
4.540742039680480957e-01
4.545007050037384033e-01
4.543134868144989014e-01
4.550799131393432617e-01
4.542873501777648926e-01
4.553021192550659180e-01
4.551413059234619141e-01
4.542081654071807861e-01
4.539516568183898926e-01
4.544013440608978271e-01
4.539606273174285889e-01
4.540642201900482178e-01
4.244621694087982178e-01
4.547791182994842529e-01
4.554568231105804443e-01
4.560363292694091797e-01
4.571138024330139160e-01
4.569133222103118896e-01
4.564105272293090820e-01
4.557454288005828857e-01
4.563220739364624023e-01
4.549406170845031738e-01
4.557336270809173584e-01
4.549764692783355713e-01
4.552256166934967041e-01
4.550269842147827148e-01
4.556939005851745605e-01
4.555850028991699219e-01
4.565396308898925781e-01
4.553284049034118652e-01
4.552530646324157715e-01
4.551447629928588867e-01
4.534700214862823486e-01
4.548643529415130615e-01
4.544613361358642578e-01
4.553087651729583740e-01
4.551883637905120850e-01
4.548512101173400879e-01
4.554557800292968750e-01
4.547644257545471191e-01
4.313445091247558594e-01
0.000000000000000000e+00
4.549284577369689941e-01
4.553613066673278809e-01
4.551085829734802246e-01
4.552142024040222168e-01
4.468651413917541504e-01
4.554698467254638672e-01
4.553911089897155762e-01
4.550611078739166260e-01
0.000000000000000000e+00
4.550338685512542725e-01
0.000000000000000000e+00
4.546750485897064209e-01
4.548870921134948730e-01
4.547053277492523193e-01
4.548338651657104492e-01
4.545705616474151611e-01
4.541578292846679688e-01
4.548008441925048828e-01
4.564914405345916748e-01
4.550673067569732666e-01
4.547471106052398682e-01
4.554925560951232910e-01
4.558743238449096680e-01
4.540998339653015137e-01
4.555457532405853271e-01
4.564545452594757080e-01
4.570499658584594727e-01
4.553785026073455811e-01
4.565227031707763672e-01
4.550935328006744385e-01
4.547186493873596191e-01
4.546298980712890625e-01
4.552510976791381836e-01
4.548904001712799072e-01
4.553346335887908936e-01
4.554807245731353760e-01
4.564252793788909912e-01
4.546523094177246094e-01
4.554399847984313965e-01
4.553233981132507324e-01
4.554425477981567383e-01
4.549617171287536621e-01
4.556859135627746582e-01
4.580571353435516357e-01
4.569224715232849121e-01
4.560428261756896973e-01
4.564946591854095459e-01
4.552358090877532959e-01
4.564349353313446045e-01
4.557302594184875488e-01
4.550853073596954346e-01
4.549623727798461914e-01
4.551730155944824219e-01
4.541697204113006592e-01
4.541918635368347168e-01
4.553939402103424072e-01
4.550391435623168945e-01
4.552077651023864746e-01
4.547485411167144775e-01
4.543571472167968750e-01
4.569596648216247559e-01
4.560619890689849854e-01
4.559846818447113037e-01
4.564328789710998535e-01
4.549055993556976318e-01
4.554253220558166504e-01
4.538767039775848389e-01
4.538851082324981689e-01
4.561446309089660645e-01
4.548970162868499756e-01
4.545463323593139648e-01
4.542593359947204590e-01
4.538198709487915039e-01
4.548115432262420654e-01
4.538190364837646484e-01
4.542499482631683350e-01
4.543150067329406738e-01
4.539628028869628906e-01
4.537546038627624512e-01
4.538126885890960693e-01
4.538155496120452881e-01
0.000000000000000000e+00
4.542483389377593994e-01
4.541817903518676758e-01
4.549784362316131592e-01
4.550890326499938965e-01
4.544233381748199463e-01
4.456633329391479492e-01
4.538283646106719971e-01
4.542529881000518799e-01
4.551334083080291748e-01
4.553464353084564209e-01
4.546398818492889404e-01
0.000000000000000000e+00
4.539491236209869385e-01
0.000000000000000000e+00
0.000000000000000000e+00
4.551945030689239502e-01
4.554567039012908936e-01
4.548824131488800049e-01
0.000000000000000000e+00
0.000000000000000000e+00
0.000000000000000000e+00
0.000000000000000000e+00
0.000000000000000000e+00
4.432698190212249756e-01
4.547419250011444092e-01
4.552691876888275146e-01
4.538895487785339355e-01
4.533588588237762451e-01
4.532693028450012207e-01
4.544354975223541260e-01
4.541629850864410400e-01
4.550329744815826416e-01
4.540978074073791504e-01
4.550338983535766602e-01
4.542512297630310059e-01
4.545320272445678711e-01
4.541787207126617432e-01
4.541804790496826172e-01
4.544526338577270508e-01
4.542229473590850830e-01
4.540892541408538818e-01
4.541807174682617188e-01
4.541067183017730713e-01
4.539548158645629883e-01
4.538199901580810547e-01
4.542832672595977783e-01
4.538136720657348633e-01
4.537566602230072021e-01
4.539286792278289795e-01
4.539097845554351807e-01
4.536885917186737061e-01
4.541284739971160889e-01
4.540458619594573975e-01
4.537208974361419678e-01
4.542122781276702881e-01
4.542745947837829590e-01
4.544993638992309570e-01
4.537701904773712158e-01
4.543415009975433350e-01
4.548347294330596924e-01
4.540511369705200195e-01
4.538896381855010986e-01
4.548094272613525391e-01
4.478989541530609131e-01
4.544748067855834961e-01
4.538086354732513428e-01
4.549360573291778564e-01
4.542695283889770508e-01
4.891123473644256592e-01
4.546816051006317139e-01
4.555007219314575195e-01
4.550554454326629639e-01
4.553782939910888672e-01
4.557983875274658203e-01
4.557800889015197754e-01
4.549417197704315186e-01
4.549652040004730225e-01
4.562024176120758057e-01
4.560305178165435791e-01
4.551609158515930176e-01
4.549596309661865234e-01
4.551559984683990479e-01
4.544793367385864258e-01
4.552733600139617920e-01
4.545598030090332031e-01
4.565002620220184326e-01
4.548285603523254395e-01
4.548258483409881592e-01
4.552215337753295898e-01
4.543919861316680908e-01
4.552155435085296631e-01
4.549911320209503174e-01
4.553978741168975830e-01
4.549252688884735107e-01
4.552008509635925293e-01
4.544229209423065186e-01
4.553696513175964355e-01
4.547121524810791016e-01
4.559046030044555664e-01
4.542081952095031738e-01
4.553017616271972656e-01
4.551148116588592529e-01
4.548529386520385742e-01
4.547300338745117188e-01
4.546951353549957275e-01
4.547392129898071289e-01
4.544170498847961426e-01
4.547385871410369873e-01
4.494368433952331543e-01
0.000000000000000000e+00
4.539835155010223389e-01
0.000000000000000000e+00
0.000000000000000000e+00
0.000000000000000000e+00
0.000000000000000000e+00
0.000000000000000000e+00
0.000000000000000000e+00
0.000000000000000000e+00
0.000000000000000000e+00
0.000000000000000000e+00
0.000000000000000000e+00
0.000000000000000000e+00
0.000000000000000000e+00
0.000000000000000000e+00
0.000000000000000000e+00
0.000000000000000000e+00
0.000000000000000000e+00
0.000000000000000000e+00
0.000000000000000000e+00
0.000000000000000000e+00
0.000000000000000000e+00
0.000000000000000000e+00
0.000000000000000000e+00
0.000000000000000000e+00
0.000000000000000000e+00
0.000000000000000000e+00
0.000000000000000000e+00
0.000000000000000000e+00
0.000000000000000000e+00
0.000000000000000000e+00
0.000000000000000000e+00
0.000000000000000000e+00
0.000000000000000000e+00
0.000000000000000000e+00
4.475117623805999756e-01
0.000000000000000000e+00
4.521538317203521729e-01
4.550252854824066162e-01
4.549253582954406738e-01
4.548240602016448975e-01
4.543806612491607666e-01
4.547764062881469727e-01
4.558530449867248535e-01
4.511653482913970947e-01
4.503806829452514648e-01
0.000000000000000000e+00
0.000000000000000000e+00
0.000000000000000000e+00
0.000000000000000000e+00
0.000000000000000000e+00
0.000000000000000000e+00
0.000000000000000000e+00
0.000000000000000000e+00
0.000000000000000000e+00
0.000000000000000000e+00
0.000000000000000000e+00
0.000000000000000000e+00
0.000000000000000000e+00
0.000000000000000000e+00
0.000000000000000000e+00
0.000000000000000000e+00
0.000000000000000000e+00
0.000000000000000000e+00
0.000000000000000000e+00
0.000000000000000000e+00
0.000000000000000000e+00
0.000000000000000000e+00
0.000000000000000000e+00
0.000000000000000000e+00
0.000000000000000000e+00
0.000000000000000000e+00
0.000000000000000000e+00
0.000000000000000000e+00
0.000000000000000000e+00
0.000000000000000000e+00
4.556547105312347412e-01
4.555248320102691650e-01
4.565100669860839844e-01
4.566336274147033691e-01
4.518991708755493164e-01
4.548169076442718506e-01
4.546276926994323730e-01
4.543456733226776123e-01
4.544389843940734863e-01
4.541050493717193604e-01
4.553221762180328369e-01
4.543440341949462891e-01
4.542237818241119385e-01
4.541264176368713379e-01
4.554147422313690186e-01
4.537732005119323730e-01
4.548023343086242676e-01
4.540916979312896729e-01
4.542838931083679199e-01
4.544676244258880615e-01
4.562173187732696533e-01
4.548552930355072021e-01
4.548847079277038574e-01
4.554824531078338623e-01
4.544036388397216797e-01
4.548988640308380127e-01
4.555716216564178467e-01
4.549369513988494873e-01
4.548769295215606689e-01
4.538824260234832764e-01
4.548516273498535156e-01
4.540674984455108643e-01
4.537995755672454834e-01
4.537903964519500732e-01
4.549885988235473633e-01
4.539163708686828613e-01
4.547785818576812744e-01
4.546078145503997803e-01
4.542531073093414307e-01
4.539468586444854736e-01
4.555164277553558350e-01
4.544411301612854004e-01
4.546182155609130859e-01
4.545539915561676025e-01
4.549664855003356934e-01
4.547554254531860352e-01
4.551805853843688965e-01
4.552915394306182861e-01
4.546476602554321289e-01
4.578973948955535889e-01
4.559896588325500488e-01
4.555776119232177734e-01
4.552471637725830078e-01
4.554252922534942627e-01
4.588236808776855469e-01
4.576435685157775879e-01
4.602556526660919189e-01
4.547213017940521240e-01
4.548270404338836670e-01
4.586710035800933838e-01
4.557270407676696777e-01
4.534477591514587402e-01
4.525560736656188965e-01
4.521750509738922119e-01
4.527817070484161377e-01
4.518525898456573486e-01
4.521128833293914795e-01
4.519679844379425049e-01
4.517423212528228760e-01
4.518211483955383301e-01
4.519503414630889893e-01
4.517427086830139160e-01
4.519352912902832031e-01
4.521263539791107178e-01
4.523127973079681396e-01
4.537685811519622803e-01
4.530549049377441406e-01
4.536338746547698975e-01
4.536455571651458740e-01
4.537650346755981445e-01
4.546170532703399658e-01
4.537839293479919434e-01
4.546935558319091797e-01
4.542038738727569580e-01
4.543146193027496338e-01
4.541604518890380859e-01
4.543212950229644775e-01
4.540250897407531738e-01
4.543363451957702637e-01
4.539556503295898438e-01
4.541490077972412109e-01
4.542070329189300537e-01
4.539345502853393555e-01
4.547246098518371582e-01
4.541905820369720459e-01
4.541890025138854980e-01
4.538816809654235840e-01
4.539566338062286377e-01
4.546962380409240723e-01
4.545272886753082275e-01
4.538287818431854248e-01
4.546429514884948730e-01
4.558263421058654785e-01
4.554066061973571777e-01
4.565802514553070068e-01
4.552760124206542969e-01
4.551993608474731445e-01
4.545340538024902344e-01
4.553568363189697266e-01
4.555428624153137207e-01
4.546044468879699707e-01
4.551171660423278809e-01
4.549798667430877686e-01
4.542931616306304932e-01
4.550554156303405762e-01
4.546588063240051270e-01
4.542354345321655273e-01
4.546743333339691162e-01
4.539807736873626709e-01
4.540969431400299072e-01
4.547445476055145264e-01
4.540701210498809814e-01
4.542320072650909424e-01
4.546017348766326904e-01
4.541975855827331543e-01
4.543223977088928223e-01
4.548298716545104980e-01
4.551939070224761963e-01
4.549077749252319336e-01
4.550563097000122070e-01
4.552627205848693848e-01
4.548673629760742188e-01
4.561464786529541016e-01
4.557419121265411377e-01
4.549180269241333008e-01
4.543986618518829346e-01
4.544262290000915527e-01
4.545431137084960938e-01
4.547692239284515381e-01
4.548757970333099365e-01
4.550483226776123047e-01
4.545605182647705078e-01
4.541092514991760254e-01
4.548285305500030518e-01
4.545551240444183350e-01
4.538234472274780273e-01
4.545466601848602295e-01
4.547641575336456299e-01
4.545106887817382812e-01
4.548496305942535400e-01
4.547028243541717529e-01
4.548049867153167725e-01
4.556720852851867676e-01
4.555259943008422852e-01
4.568511843681335449e-01
4.561404585838317871e-01
4.568006992340087891e-01
4.556819498538970947e-01
4.556287527084350586e-01
4.571248292922973633e-01
4.553717970848083496e-01
4.587905406951904297e-01
4.552040100097656250e-01
4.518993496894836426e-01
4.468132257461547852e-01
4.513036310672760010e-01
4.524773359298706055e-01
4.534601271152496338e-01
4.501010477542877197e-01
4.534457623958587646e-01
4.530832767486572266e-01
4.552744626998901367e-01
4.550834894180297852e-01
4.538229405879974365e-01
4.547330141067504883e-01
4.565959274768829346e-01
4.555152058601379395e-01
4.557897448539733887e-01
4.560234248638153076e-01
4.554362297058105469e-01
4.557700157165527344e-01
4.555706977844238281e-01
4.549771547317504883e-01
4.552754163742065430e-01
4.549377858638763428e-01
4.544448852539062500e-01
4.545729458332061768e-01
4.548641145229339600e-01
4.524253308773040771e-01
4.546300768852233887e-01
4.543034434318542480e-01
4.551844000816345215e-01
4.542748630046844482e-01
4.542428255081176758e-01
4.553364217281341553e-01
4.546667337417602539e-01
4.549800157546997070e-01
4.545410871505737305e-01
4.543962180614471436e-01
4.543734490871429443e-01
4.549843370914459229e-01
4.551124572753906250e-01
4.549129009246826172e-01
4.541599452495574951e-01
4.550221562385559082e-01
4.552427232265472412e-01
4.539564549922943115e-01
4.540187716484069824e-01
4.544291794300079346e-01
4.540949165821075439e-01
4.550583958625793457e-01
4.550895690917968750e-01
0.000000000000000000e+00
0.000000000000000000e+00
4.548989236354827881e-01
4.940715134143829346e-01
4.537501335144042969e-01
4.545247554779052734e-01
4.562820494174957275e-01
4.552188515663146973e-01
4.553244411945343018e-01
4.537318050861358643e-01
4.543139338493347168e-01
4.550673067569732666e-01
4.531858861446380615e-01
4.546819329261779785e-01
4.535457193851470947e-01
4.541260302066802979e-01
4.546514451503753662e-01
4.538866579532623291e-01
4.543148875236511230e-01
4.545506834983825684e-01
4.546317160129547119e-01
4.549279510974884033e-01
4.543680250644683838e-01
4.552991390228271484e-01
4.545942544937133789e-01
4.562490582466125488e-01
4.557781219482421875e-01
4.549063146114349365e-01
4.546560645103454590e-01
4.537301957607269287e-01
4.541190266609191895e-01
4.546798765659332275e-01
4.539707601070404053e-01
4.542978405952453613e-01
4.549752473831176758e-01
4.540358185768127441e-01
4.539714157581329346e-01
4.546513259410858154e-01
4.543353319168090820e-01
4.546761810779571533e-01
4.537616670131683350e-01
4.545246362686157227e-01
4.541178345680236816e-01
4.561776220798492432e-01
4.539727568626403809e-01
4.546351432800292969e-01
4.544754922389984131e-01
4.544981420040130615e-01
4.541604518890380859e-01
4.549801051616668701e-01
4.541570544242858887e-01
4.554332792758941650e-01
4.540439546108245850e-01
4.547280371189117432e-01
4.546560645103454590e-01
4.545290768146514893e-01
4.544115066528320312e-01
4.550311565399169922e-01
4.569787681102752686e-01
4.563798308372497559e-01
4.557514190673828125e-01
4.549835920333862305e-01
4.564931690692901611e-01
4.566394388675689697e-01
4.543681144714355469e-01
4.579544663429260254e-01
4.556732773780822754e-01
4.468537867069244385e-01
4.544656276702880859e-01
4.533493518829345703e-01
4.536733627319335938e-01
4.537630081176757812e-01
4.534513354301452637e-01
4.534774124622344971e-01
4.535700976848602295e-01
4.538027048110961914e-01
4.535374045372009277e-01
4.535737931728363037e-01
4.535143077373504639e-01
4.536697566509246826e-01
4.542234539985656738e-01
4.538148343563079834e-01
4.539251625537872314e-01
4.537884294986724854e-01
4.544461965560913086e-01
4.539707303047180176e-01
4.542783498764038086e-01
4.540163576602935791e-01
4.543047547340393066e-01
4.538260996341705322e-01
4.539818167686462402e-01
4.538187086582183838e-01
4.547491073608398438e-01
4.542922079563140869e-01
4.539982676506042480e-01
4.548488855361938477e-01
4.539158642292022705e-01
4.545445144176483154e-01
4.542416036128997803e-01
4.536801278591156006e-01
4.543699920177459717e-01
4.540184140205383301e-01
4.558168053627014160e-01
4.551228880882263184e-01
4.547505676746368408e-01
4.540300369262695312e-01
4.540682435035705566e-01
4.539699554443359375e-01
4.542660117149353027e-01
4.556398391723632812e-01
4.554250240325927734e-01
4.561789929866790771e-01
4.577270746231079102e-01
4.570165276527404785e-01
4.562172889709472656e-01
4.572773277759552002e-01
4.565750360488891602e-01
4.560779929161071777e-01
4.555591046810150146e-01
4.558188915252685547e-01
4.556607306003570557e-01
4.562287330627441406e-01
4.549202620983123779e-01
4.547656476497650146e-01
4.545719325542449951e-01
4.547239542007446289e-01
4.547845125198364258e-01
4.551293849945068359e-01
4.556146562099456787e-01
4.541223943233489990e-01
4.547037184238433838e-01
4.543386101722717285e-01
4.544602632522583008e-01
4.541509151458740234e-01
4.543501138687133789e-01
4.541127681732177734e-01
4.545043110847473145e-01
4.543682932853698730e-01
4.549281299114227295e-01
4.544026851654052734e-01
4.539705812931060791e-01
4.537758529186248779e-01
4.541167020797729492e-01
4.540703296661376953e-01
4.541499018669128418e-01
4.541783332824707031e-01
4.539433419704437256e-01
4.541928172111511230e-01
4.542501866817474365e-01
4.545923173427581787e-01
4.541986882686614990e-01
4.545757472515106201e-01
4.547957181930541992e-01
4.548834264278411865e-01
4.545210599899291992e-01
4.556358456611633301e-01
4.540952146053314209e-01
4.544750452041625977e-01
4.550972282886505127e-01
4.543619155883789062e-01
4.540444612503051758e-01
4.546889364719390869e-01
4.541327655315399170e-01
4.541946053504943848e-01
4.540806710720062256e-01
4.549216926097869873e-01
4.543411731719970703e-01
4.540156424045562744e-01
4.538814723491668701e-01
4.545274674892425537e-01
4.544693827629089355e-01
4.547236561775207520e-01
4.542909264564514160e-01
4.545247554779052734e-01
4.546158909797668457e-01
4.543433189392089844e-01
4.539038836956024170e-01
4.549603760242462158e-01
4.551190435886383057e-01
4.542391896247863770e-01
4.554345607757568359e-01
4.547902047634124756e-01
4.550675451755523682e-01
4.576564431190490723e-01
4.568326473236083984e-01
4.547473490238189697e-01
4.560701847076416016e-01
4.578254818916320801e-01
4.546101987361907959e-01
4.547987282276153564e-01
4.550986588001251221e-01
4.546934664249420166e-01
4.550571739673614502e-01
4.555639922618865967e-01
4.545597434043884277e-01
4.547593295574188232e-01
4.552192091941833496e-01
4.545968770980834961e-01
4.555853307247161865e-01
4.554584324359893799e-01
4.537176489830017090e-01
4.552761912345886230e-01
4.555149972438812256e-01
4.540544748306274414e-01
4.546171426773071289e-01
4.554879367351531982e-01
4.549064934253692627e-01
4.552276730537414551e-01
4.546720087528228760e-01
4.539994299411773682e-01
4.550502002239227295e-01
4.543579220771789551e-01
4.552546143531799316e-01
4.553325474262237549e-01
4.543930590152740479e-01
4.545728862285614014e-01
4.544762372970581055e-01
4.549316167831420898e-01
4.544475674629211426e-01
4.550421833992004395e-01
4.564898610115051270e-01
4.547085464000701904e-01
4.555214941501617432e-01
4.578382074832916260e-01
4.561602473258972168e-01
4.558472335338592529e-01
4.535779356956481934e-01
4.548455774784088135e-01
4.543977677822113037e-01
4.543186426162719727e-01
4.545872509479522705e-01
4.550266861915588379e-01
4.618424177169799805e-01
4.547833204269409180e-01
4.562931656837463379e-01
4.552037715911865234e-01
4.544354081153869629e-01
4.543092548847198486e-01
4.549153447151184082e-01
4.545693695545196533e-01
4.546732008457183838e-01
4.541540741920471191e-01
4.543199837207794189e-01
4.552657902240753174e-01
4.544800221920013428e-01
4.548456966876983643e-01
4.545843899250030518e-01
4.555693864822387695e-01
4.544059634208679199e-01
4.556975662708282471e-01
4.544614553451538086e-01
4.541668593883514404e-01
4.553561210632324219e-01
4.550368189811706543e-01
4.551473557949066162e-01
4.545877873897552490e-01
4.543595612049102783e-01
4.546211957931518555e-01
4.552500844001770020e-01
4.546451270580291748e-01
4.549317955970764160e-01
4.554308950901031494e-01
4.553827941417694092e-01
4.549923539161682129e-01
4.547710418701171875e-01
4.553889632225036621e-01
4.538877308368682861e-01
4.555589854717254639e-01
4.546673297882080078e-01
4.550835788249969482e-01
4.542413949966430664e-01
4.560993909835815430e-01
4.556786417961120605e-01
4.561690986156463623e-01
4.551892876625061035e-01
4.544191956520080566e-01
4.547708332538604736e-01
4.542388617992401123e-01
4.537605345249176025e-01
4.538390040397644043e-01
4.538230895996093750e-01
4.540289640426635742e-01
4.536648094654083252e-01
4.551331102848052979e-01
4.546313285827636719e-01
4.544951319694519043e-01
4.542428851127624512e-01
4.557055830955505371e-01
4.542931318283081055e-01
4.544588327407836914e-01
4.545091986656188965e-01
4.499568939208984375e-01
4.510127604007720947e-01
0.000000000000000000e+00
0.000000000000000000e+00
0.000000000000000000e+00
4.557552933692932129e-01
4.484596550464630127e-01
4.554511010646820068e-01
4.566081464290618896e-01
4.487609267234802246e-01
4.554806947708129883e-01
4.543035328388214111e-01
4.553039073944091797e-01
4.549273252487182617e-01
4.547872245311737061e-01
4.546166360378265381e-01
4.544161558151245117e-01
4.547285139560699463e-01
4.544023275375366211e-01
4.552119076251983643e-01
4.550073146820068359e-01
4.553621113300323486e-01
4.549637734889984131e-01
4.551993906497955322e-01
4.555293321609497070e-01
4.554775655269622803e-01
4.560039937496185303e-01
4.548354744911193848e-01
4.555803835391998291e-01
4.553843438625335693e-01
4.552181661128997803e-01
4.549810290336608887e-01
4.546494185924530029e-01
4.542792141437530518e-01
4.543958306312561035e-01
4.543419480323791504e-01
4.578467905521392822e-01
4.557664990425109863e-01
4.554554820060729980e-01
4.547291696071624756e-01
4.552369117736816406e-01
4.544599950313568115e-01
4.548837244510650635e-01
4.548182785511016846e-01
4.551705420017242432e-01
4.552460610866546631e-01
4.554655253887176514e-01
4.556045532226562500e-01
4.554422199726104736e-01
4.554446041584014893e-01
4.550342857837677002e-01
4.556388556957244873e-01
4.574498832225799561e-01
4.562376439571380615e-01
4.549305438995361328e-01
4.558530449867248535e-01
4.550333619117736816e-01
4.554818570613861084e-01
4.548829197883605957e-01
4.555675089359283447e-01
4.549387991428375244e-01
4.549100995063781738e-01
4.546910822391510010e-01
4.553361833095550537e-01
4.556290209293365479e-01
0.000000000000000000e+00
4.557739496231079102e-01
4.539889395236968994e-01
4.553842246532440186e-01
4.546364843845367432e-01
4.553723633289337158e-01
4.547168910503387451e-01
4.549139142036437988e-01
4.540138840675354004e-01
4.540042877197265625e-01
4.539318680763244629e-01
4.538573622703552246e-01
4.547486305236816406e-01
4.542089104652404785e-01
4.544908702373504639e-01
4.545580744743347168e-01
4.538485407829284668e-01
4.543138742446899414e-01
4.541811347007751465e-01
4.540084302425384521e-01
4.553353190422058105e-01
4.541119337081909180e-01
4.552072882652282715e-01
4.544860422611236572e-01
4.552474915981292725e-01
4.552663564682006836e-01
4.542716443538665771e-01
4.544572234153747559e-01
4.547996819019317627e-01
4.547223150730133057e-01
4.559259414672851562e-01
4.551796317100524902e-01
4.541547596454620361e-01
4.550746977329254150e-01
4.546563625335693359e-01
4.551706016063690186e-01
4.554677009582519531e-01
4.550923109054565430e-01
4.543258249759674072e-01
4.545373916625976562e-01
4.548378884792327881e-01
4.553193747997283936e-01
4.552995264530181885e-01
4.550690650939941406e-01
4.546696543693542480e-01
4.549169540405273438e-01
4.554434716701507568e-01
4.557591080665588379e-01
4.543460309505462646e-01
4.544114470481872559e-01
4.552466273307800293e-01
4.547561109066009521e-01
4.546816051006317139e-01
4.540832638740539551e-01
4.545634686946868896e-01
4.539530575275421143e-01
4.553186297416687012e-01
4.549206495285034180e-01
4.551815986633300781e-01
4.546670317649841309e-01
4.545241296291351318e-01
4.549450576305389404e-01
4.555006325244903564e-01
4.560743868350982666e-01
4.572115838527679443e-01
4.545022845268249512e-01
4.578265249729156494e-01
4.553827047348022461e-01
4.582066535949707031e-01
4.561423957347869873e-01
4.553680419921875000e-01
4.554911255836486816e-01
4.532678127288818359e-01
4.546014368534088135e-01
4.530305564403533936e-01
4.592790007591247559e-01
4.565542936325073242e-01
4.549846053123474121e-01
4.550916850566864014e-01
4.547243118286132812e-01
4.528572559356689453e-01
4.538229107856750488e-01
4.532800018787384033e-01
4.540059268474578857e-01
4.529154896736145020e-01
4.588840603828430176e-01
4.582489132881164551e-01
4.576047658920288086e-01
4.570778012275695801e-01
4.562522172927856445e-01
4.557164311408996582e-01
4.556512832641601562e-01
4.563384354114532471e-01
4.552793204784393311e-01
4.554482996463775635e-01
4.543201029300689697e-01
4.549771547317504883e-01
4.540903866291046143e-01
4.554710984230041504e-01
4.548652470111846924e-01
4.542775750160217285e-01
4.546540975570678711e-01
4.543349146842956543e-01
4.556655585765838623e-01
4.524376094341278076e-01
4.547362923622131348e-01
4.547303318977355957e-01
4.560696780681610107e-01
0.000000000000000000e+00
4.587052464485168457e-01
4.573758542537689209e-01
4.541220963001251221e-01
4.539937078952789307e-01
4.531535208225250244e-01
4.527001976966857910e-01
4.526267945766448975e-01
4.528885185718536377e-01
4.531912207603454590e-01
4.536786377429962158e-01
4.535887837409973145e-01
4.538063704967498779e-01
4.543849527835845947e-01
4.540042281150817871e-01
4.540123343467712402e-01
4.540194869041442871e-01
4.541998505592346191e-01
4.540424644947052002e-01
4.543483257293701172e-01
4.542738497257232666e-01
4.542681872844696045e-01
4.541767537593841553e-01
4.542489051818847656e-01
4.540028274059295654e-01
4.542310237884521484e-01
4.541547596454620361e-01
4.542112052440643311e-01
4.542159140110015869e-01
4.543085694313049316e-01
4.546178877353668213e-01
4.544011056423187256e-01
4.541610181331634521e-01
4.544776380062103271e-01
4.544005095958709717e-01
4.551069736480712891e-01
4.545380771160125732e-01
4.552904665470123291e-01
4.549163281917572021e-01
4.551706910133361816e-01
4.550918042659759521e-01
4.552313685417175293e-01
4.551286399364471436e-01
4.554670155048370361e-01
4.572789371013641357e-01
4.564560651779174805e-01
4.552268087863922119e-01
4.560773074626922607e-01
4.564894139766693115e-01
4.540913403034210205e-01
4.536687731742858887e-01
4.539670646190643311e-01
4.545319378376007080e-01
4.543798565864562988e-01
4.547712802886962891e-01
4.547958076000213623e-01
4.549217820167541504e-01
4.551802277565002441e-01
4.551442563533782959e-01
4.550347924232482910e-01
4.553785324096679688e-01
4.553603529930114746e-01
4.552034139633178711e-01
4.547237157821655273e-01
4.549077451229095459e-01
4.546587765216827393e-01
4.547227025032043457e-01
4.546900391578674316e-01
4.547072350978851318e-01
4.544722437858581543e-01
4.546185433864593506e-01
4.538919031620025635e-01
4.540995061397552490e-01
4.541552364826202393e-01
4.546064734458923340e-01
4.548362493515014648e-01
4.546212553977966309e-01
4.548204541206359863e-01
4.542449414730072021e-01
4.553673863410949707e-01
4.552499949932098389e-01
4.546204209327697754e-01
4.575930833816528320e-01
4.553778469562530518e-01
4.556349217891693115e-01
4.557105898857116699e-01
4.565475881099700928e-01
4.555924236774444580e-01
4.548383653163909912e-01
4.546711742877960205e-01
4.542866945266723633e-01
4.551278650760650635e-01
4.546344280242919922e-01
4.551818668842315674e-01
4.547243714332580566e-01
4.546260237693786621e-01
4.554325044155120850e-01
4.554617702960968018e-01
4.553895890712738037e-01
4.551745951175689697e-01
4.544923007488250732e-01
4.554526209831237793e-01
4.571264982223510742e-01
4.554215371608734131e-01
4.549158215522766113e-01
4.549449682235717773e-01
4.544766545295715332e-01
4.545394182205200195e-01
4.544499516487121582e-01
4.544794261455535889e-01
4.541701972484588623e-01
4.545884728431701660e-01
4.549211859703063965e-01
4.553835988044738770e-01
4.535701274871826172e-01
4.536256492137908936e-01
4.545373618602752686e-01
4.543297588825225830e-01
4.543687701225280762e-01
4.557923078536987305e-01
4.545451402664184570e-01
4.542211592197418213e-01
4.545057713985443115e-01
4.542763531208038330e-01
4.543888866901397705e-01
4.543312191963195801e-01
4.539479613304138184e-01
4.542769193649291992e-01
4.543876051902770996e-01
4.549883604049682617e-01
4.537466764450073242e-01
4.539852440357208252e-01
4.538624882698059082e-01
4.544171094894409180e-01
4.540284574031829834e-01
4.539453089237213135e-01
4.539586305618286133e-01
4.540766179561614990e-01
4.537602961063385010e-01
4.545268118381500244e-01
4.542142748832702637e-01
4.563727676868438721e-01
4.542507827281951904e-01
4.552237987518310547e-01
4.538855552673339844e-01
4.549375176429748535e-01
4.555847644805908203e-01
4.545235633850097656e-01
4.544389247894287109e-01
4.546666443347930908e-01
4.548060894012451172e-01
4.547909796237945557e-01
4.544660747051239014e-01
4.543027877807617188e-01
4.553907215595245361e-01
4.550719559192657471e-01
4.544940888881683350e-01
4.552601873874664307e-01
4.550713002681732178e-01
4.553325772285461426e-01
4.550556242465972900e-01
4.552233219146728516e-01
4.548221230506896973e-01
4.546536803245544434e-01
4.554706513881683350e-01
4.603763818740844727e-01
4.555403590202331543e-01
4.554557502269744873e-01
4.557325839996337891e-01
4.581882059574127197e-01
4.574838876724243164e-01
4.563015103340148926e-01
4.559951424598693848e-01
4.565894603729248047e-01
4.564673602581024170e-01
4.558437764644622803e-01
4.550799727439880371e-01
4.553790092468261719e-01
4.548169672489166260e-01
4.555299282073974609e-01
4.552430510520935059e-01
4.561604559421539307e-01
4.555832147598266602e-01
4.585033953189849854e-01
4.557710289955139160e-01
4.582864940166473389e-01
4.553099274635314941e-01
4.576370716094970703e-01
4.551597237586975098e-01
4.578896760940551758e-01
4.553407728672027588e-01
4.556060433387756348e-01
4.550772607326507568e-01
4.577679932117462158e-01
4.549718201160430908e-01
4.584117829799652100e-01
4.552208781242370605e-01
4.589404463768005371e-01
4.562225937843322754e-01
4.558448791503906250e-01
4.568480849266052246e-01
4.606725275516510010e-01
4.559317529201507568e-01
4.540042579174041748e-01
4.662428200244903564e-01
4.524575471878051758e-01
0.000000000000000000e+00
4.526072442531585693e-01
0.000000000000000000e+00
0.000000000000000000e+00
0.000000000000000000e+00
7.150754332542419434e-02
0.000000000000000000e+00
2.605746388435363770e-01
0.000000000000000000e+00
0.000000000000000000e+00
0.000000000000000000e+00
4.477203488349914551e-01
4.519331157207489014e-01
4.530184566974639893e-01
4.551669061183929443e-01
4.551502466201782227e-01
4.554578065872192383e-01
4.547016024589538574e-01
4.596488773822784424e-01
4.573149085044860840e-01
4.577232301235198975e-01
4.550645351409912109e-01
4.544324278831481934e-01
4.553061127662658691e-01
4.545339047908782959e-01
4.544793367385864258e-01
4.558006823062896729e-01
4.552126824855804443e-01
4.560070931911468506e-01
4.562617838382720947e-01
4.552311599254608154e-01
4.563034772872924805e-01
4.559945464134216309e-01
4.557667672634124756e-01
4.551552832126617432e-01
4.554522633552551270e-01
4.556847512722015381e-01
4.558265507221221924e-01
4.555889070034027100e-01
4.551891088485717773e-01
4.560717046260833740e-01
4.602918326854705811e-01
4.551623165607452393e-01
4.550259411334991455e-01
4.548025429248809814e-01
4.545049965381622314e-01
4.554453790187835693e-01
4.544928073883056641e-01
4.552198946475982666e-01
4.551752507686614990e-01
4.549919366836547852e-01
4.544019997119903564e-01
4.544409513473510742e-01
4.546090960502624512e-01
4.544627070426940918e-01
4.547633826732635498e-01
4.550004601478576660e-01
4.549305140972137451e-01
4.552323818206787109e-01
4.553503394126892090e-01
4.551869034767150879e-01
4.552513957023620605e-01
4.557998478412628174e-01
4.550597369670867920e-01
4.568555057048797607e-01
4.555140137672424316e-01
4.549176394939422607e-01
4.550777077674865723e-01
4.546525776386260986e-01
4.553882181644439697e-01
4.552694261074066162e-01
4.566105604171752930e-01
4.542139470577239990e-01
4.553552865982055664e-01
4.551445245742797852e-01
4.539772570133209229e-01
4.554297924041748047e-01
4.546570777893066406e-01
4.556196928024291992e-01
4.563722312450408936e-01
4.550102353096008301e-01
4.557156860828399658e-01
4.550829529762268066e-01
4.551509916782379150e-01
4.555576145648956299e-01
4.549086093902587891e-01
4.547433257102966309e-01
4.549712836742401123e-01
4.542924761772155762e-01
4.551686048507690430e-01
4.550042748451232910e-01
4.554583430290222168e-01
4.542156457901000977e-01
4.548460543155670166e-01
4.541245400905609131e-01
4.550533890724182129e-01
4.537903070449829102e-01
4.544365704059600830e-01
4.543552696704864502e-01
4.547784328460693359e-01
4.549657404422760010e-01
4.542188346385955811e-01
4.549316167831420898e-01
4.548639655113220215e-01
4.546869397163391113e-01
4.552710950374603271e-01
4.547710120677947998e-01
4.554780423641204834e-01
4.553044140338897705e-01
4.555395543575286865e-01
4.586599767208099365e-01
4.562972784042358398e-01
4.555216729640960693e-01
4.553874731063842773e-01
4.556532204151153564e-01
4.550863206386566162e-01
4.556376338005065918e-01
4.543598592281341553e-01
4.555161595344543457e-01
4.548592269420623779e-01
4.549451768398284912e-01
4.561932086944580078e-01
4.556827247142791748e-01
4.558719694614410400e-01
4.552021622657775879e-01
4.569932818412780762e-01
4.557771086692810059e-01
4.557091593742370605e-01
4.555059671401977539e-01
4.549002945423126221e-01
4.547234177589416504e-01
4.546250104904174805e-01
4.547158181667327881e-01
4.545337855815887451e-01
4.550328254699707031e-01
4.542194902896881104e-01
4.543127119541168213e-01
4.540988802909851074e-01
4.541705250740051270e-01
4.539814293384552002e-01
4.543044269084930420e-01
4.541570544242858887e-01
4.549703598022460938e-01
4.541358947753906250e-01
4.540773332118988037e-01
4.541770517826080322e-01
4.545107781887054443e-01
4.543327987194061279e-01
4.547630250453948975e-01
4.542730450630187988e-01
4.550354480743408203e-01
4.551686942577362061e-01
4.552009105682373047e-01
4.546417295932769775e-01
4.546254277229309082e-01
4.544770717620849609e-01
4.559185504913330078e-01
4.544574618339538574e-01
4.544919431209564209e-01
4.547084569931030273e-01
4.543650448322296143e-01
4.549826979637145996e-01
4.540657997131347656e-01
4.541991353034973145e-01
4.552405178546905518e-01
4.551066458225250244e-01
4.547241628170013428e-01
4.557210206985473633e-01
