4.264918863773345947e-01
4.261941313743591309e-01
4.258346557617187500e-01
4.261198639869689941e-01
4.257448017597198486e-01
4.261680245399475098e-01
4.260938465595245361e-01
4.264554977416992188e-01
4.264922738075256348e-01
4.265434443950653076e-01
4.265351295471191406e-01
4.265404343605041504e-01
4.261327087879180908e-01
4.257073402404785156e-01
4.257178008556365967e-01
4.256132841110229492e-01
4.218673706054687500e-01
4.257191121578216553e-01
4.256132841110229492e-01
4.256132841110229492e-01
4.256628751754760742e-01
4.257066249847412109e-01
4.256132841110229492e-01
4.256132841110229492e-01
4.261207878589630127e-01
4.256132841110229492e-01
4.256426095962524414e-01
4.256552159786224365e-01
4.074044227600097656e-01
4.072509407997131348e-01
4.037913084030151367e-01
4.116773009300231934e-01
4.158725738525390625e-01
4.046346247196197510e-01
4.066533446311950684e-01
4.084804356098175049e-01
4.142696261405944824e-01
4.201679229736328125e-01
4.248882234096527100e-01
4.145701825618743896e-01
4.205975830554962158e-01
4.240346550941467285e-01
4.227158427238464355e-01
4.248207807540893555e-01
4.268320798873901367e-01
4.260901212692260742e-01
4.268090724945068359e-01
4.268161058425903320e-01
4.269273579120635986e-01
4.201879799365997314e-01
4.245923161506652832e-01
4.186618924140930176e-01
4.237876236438751221e-01
4.261118769645690918e-01
4.261392056941986084e-01
4.239934682846069336e-01
4.259889423847198486e-01
4.259760677814483643e-01
4.230301976203918457e-01
4.256132841110229492e-01
4.166435599327087402e-01
4.242739975452423096e-01
4.182206094264984131e-01
4.057489037513732910e-01
4.145738184452056885e-01
3.960763514041900635e-01
3.873367011547088623e-01
3.372710347175598145e-01
3.544206321239471436e-01
3.723118305206298828e-01
3.733858764171600342e-01
3.771891295909881592e-01
3.751436173915863037e-01
3.758035600185394287e-01
3.627410531044006348e-01
3.742631077766418457e-01
3.777641057968139648e-01
3.790845274925231934e-01
3.857512176036834717e-01
3.894155323505401611e-01
3.840554952621459961e-01
3.699595332145690918e-01
4.217360615730285645e-01
4.264807105064392090e-01
4.265196621417999268e-01
4.267933964729309082e-01
4.271199703216552734e-01
4.273326396942138672e-01
4.273919165134429932e-01
4.274057745933532715e-01
4.263631999492645264e-01
4.265899360179901123e-01
4.263047575950622559e-01
3.762909770011901855e-01
3.837854862213134766e-01
3.928133547306060791e-01
4.022657871246337891e-01
4.097320139408111572e-01
4.136599898338317871e-01
4.177608788013458252e-01
4.210018813610076904e-01
4.251435697078704834e-01
4.261185526847839355e-01
4.262011051177978516e-01
4.260871410369873047e-01
4.258337318897247314e-01
4.256816506385803223e-01
4.256132841110229492e-01
4.257485270500183105e-01
4.256713986396789551e-01
4.257900714874267578e-01
4.241711795330047607e-01
3.830655217170715332e-01
4.256132841110229492e-01
4.256132841110229492e-01
4.256132841110229492e-01
3.893621265888214111e-01
3.759578466415405273e-01
3.776663243770599365e-01
4.258963167667388916e-01
3.797922134399414062e-01
3.801649510860443115e-01
3.812480568885803223e-01
3.749383389949798584e-01
4.242766201496124268e-01
4.260872602462768555e-01
3.351446986198425293e-01
3.340458869934082031e-01
3.341896235942840576e-01
3.314332365989685059e-01
4.210747778415679932e-01
4.221968948841094971e-01
4.243701994419097900e-01
4.211546778678894043e-01
4.190559089183807373e-01
4.194689989089965820e-01
4.233098626136779785e-01
3.302983045578002930e-01
3.235539197921752930e-01
3.290670812129974365e-01
4.246245920658111572e-01
3.556889295578002930e-01
3.592115044593811035e-01
3.709724843502044678e-01
3.746646642684936523e-01
3.947225213050842285e-01
4.079612493515014648e-01
4.126133322715759277e-01
3.843827843666076660e-01
3.895381987094879150e-01
3.950483500957489014e-01
3.917037844657897949e-01
3.866219520568847656e-01
3.813891410827636719e-01
3.574841618537902832e-01
3.425207138061523438e-01
3.214327991008758545e-01
3.158787190914154053e-01
3.177829980850219727e-01
3.274677991867065430e-01
3.388599753379821777e-01
3.480761945247650146e-01
3.424843251705169678e-01
3.420575559139251709e-01
3.325362205505371094e-01
3.245034217834472656e-01
3.201264142990112305e-01
3.255291879177093506e-01
3.335728645324707031e-01
3.362751603126525879e-01
3.297836482524871826e-01
3.149729371070861816e-01
3.111161887645721436e-01
3.062513768672943115e-01
3.149591088294982910e-01
3.229195475578308105e-01
3.150787949562072754e-01
3.125873804092407227e-01
3.079853057861328125e-01
3.055984675884246826e-01
3.083038032054901123e-01
3.069349527359008789e-01
3.105176687240600586e-01
3.056331872940063477e-01
3.222038745880126953e-01
3.352641463279724121e-01
3.295247554779052734e-01
3.267606496810913086e-01
3.089430332183837891e-01
3.062230944633483887e-01
3.259584605693817139e-01
3.181519210338592529e-01
3.194802701473236084e-01
4.017831087112426758e-01
3.744494318962097168e-01
3.639415502548217773e-01
3.535701632499694824e-01
3.489015698432922363e-01
3.540295064449310303e-01
3.579284548759460449e-01
4.153713285923004150e-01
4.198186993598937988e-01
4.241742491722106934e-01
4.268470406532287598e-01
4.269916713237762451e-01
4.270098507404327393e-01
4.271745085716247559e-01
4.270421862602233887e-01
4.266154468059539795e-01
4.268386960029602051e-01
4.256132841110229492e-01
4.256132841110229492e-01
4.256132841110229492e-01
4.256814718246459961e-01
4.260650873184204102e-01
4.256132841110229492e-01
4.264724850654602051e-01
4.265740513801574707e-01
4.268549680709838867e-01
4.158817529678344727e-01
4.190394282341003418e-01
4.234690070152282715e-01
4.267158210277557373e-01
4.269951879978179932e-01
4.269753992557525635e-01
4.273037910461425781e-01
4.273041784763336182e-01
4.246242642402648926e-01
4.272750616073608398e-01
4.258817434310913086e-01
4.262408614158630371e-01
4.265601634979248047e-01
4.264982640743255615e-01
4.256132841110229492e-01
4.262515604496002197e-01
4.265179634094238281e-01
4.263478517532348633e-01
4.262079298496246338e-01
4.259241223335266113e-01
4.258449673652648926e-01
4.167416095733642578e-01
4.216134548187255859e-01
4.257843196392059326e-01
4.270930886268615723e-01
4.267571568489074707e-01
4.276437759399414062e-01
4.276196360588073730e-01
4.267515540122985840e-01
4.256132841110229492e-01
3.810685575008392334e-01
3.786660432815551758e-01
4.264479875564575195e-01
4.272266030311584473e-01
4.269743561744689941e-01
4.276717305183410645e-01
4.200676083564758301e-01
3.491023480892181396e-01
3.521856069564819336e-01
3.381050825119018555e-01
3.512951731681823730e-01
3.488151431083679199e-01
3.519915044307708740e-01
3.503499031066894531e-01
3.525218665599822998e-01
4.267356395721435547e-01
4.275696873664855957e-01
4.275800585746765137e-01
3.594462871551513672e-01
3.612592220306396484e-01
3.662858605384826660e-01
4.275978803634643555e-01
4.274218678474426270e-01
4.273851811885833740e-01
3.613808155059814453e-01
4.256981015205383301e-01
4.255416691303253174e-01
4.221162796020507812e-01
4.186772406101226807e-01
4.191029071807861328e-01
4.184306263923645020e-01
4.216507077217102051e-01
4.225984513759613037e-01
4.226576089859008789e-01
4.222077429294586182e-01
4.216352999210357666e-01
4.207119941711425781e-01
4.251079261302947998e-01
4.222571849822998047e-01
4.254663288593292236e-01
4.244408309459686279e-01
4.214082360267639160e-01
3.481191992759704590e-01
4.063833355903625488e-01
4.257146418094635010e-01
4.258330166339874268e-01
4.259461164474487305e-01
4.260036051273345947e-01
4.258284270763397217e-01
4.256681799888610840e-01
4.256132841110229492e-01
4.256132841110229492e-01
4.259108901023864746e-01
4.258970022201538086e-01
4.260422885417938232e-01
4.270206987857818604e-01
4.269080162048339844e-01
4.259517192840576172e-01
4.261057674884796143e-01
4.262659251689910889e-01
4.265767931938171387e-01
4.267837703227996826e-01
4.271337091922760010e-01
4.272797107696533203e-01
4.269552826881408691e-01
4.271379113197326660e-01
4.274120628833770752e-01
4.273512661457061768e-01
4.270248413085937500e-01
4.276097416877746582e-01
4.262114465236663818e-01
4.152305126190185547e-01
4.069278240203857422e-01
4.163384735584259033e-01
4.157258868217468262e-01
4.214275181293487549e-01
4.262086749076843262e-01
4.262070059776306152e-01
4.271489679813385010e-01
4.218280613422393799e-01
4.266909658908843994e-01
4.268961548805236816e-01
4.265431761741638184e-01
4.272346794605255127e-01
4.266635179519653320e-01
4.265823960304260254e-01
4.266813993453979492e-01
4.257825016975402832e-01
4.260075688362121582e-01
4.256132841110229492e-01
4.257911145687103271e-01
4.257745742797851562e-01
4.258447289466857910e-01
4.259246885776519775e-01
4.258645474910736084e-01
4.241520166397094727e-01
4.256132841110229492e-01
4.256132841110229492e-01
4.256132841110229492e-01
4.256132841110229492e-01
4.256132841110229492e-01
4.256132841110229492e-01
4.256132841110229492e-01
4.256132841110229492e-01
4.256132841110229492e-01
4.259003698825836182e-01
4.258684515953063965e-01
4.263024032115936279e-01
4.260118603706359863e-01
4.234185516834259033e-01
4.260094463825225830e-01
4.225077927112579346e-01
4.257594645023345947e-01
4.256132841110229492e-01
4.256132841110229492e-01
4.257815480232238770e-01
4.260624051094055176e-01
4.256555438041687012e-01
4.258335530757904053e-01
4.256132841110229492e-01
4.257056117057800293e-01
4.258942902088165283e-01
4.258235096931457520e-01
4.261182546615600586e-01
4.258697628974914551e-01
4.256132841110229492e-01
4.258711040019989014e-01
4.256132841110229492e-01
4.256876409053802490e-01
4.260984361171722412e-01
4.258543550968170166e-01
4.259445369243621826e-01
4.266374111175537109e-01
4.269660115242004395e-01
4.266070127487182617e-01
4.263688921928405762e-01
4.265702366828918457e-01
4.266237616539001465e-01
4.264172315597534180e-01
4.257737994194030762e-01
4.262036085128784180e-01
4.261854290962219238e-01
4.245650470256805420e-01
4.236370623111724854e-01
4.268909394741058350e-01
4.265913963317871094e-01
4.269649088382720947e-01
4.268022775650024414e-01
4.269858002662658691e-01
4.263181984424591064e-01
4.270798265933990479e-01
4.268370866775512695e-01
4.271466135978698730e-01
4.270533621311187744e-01
4.272962510585784912e-01
4.272322356700897217e-01
4.207151532173156738e-01
4.108479022979736328e-01
3.958132266998291016e-01
3.916284739971160889e-01
3.837726116180419922e-01
3.739826083183288574e-01
3.791421949863433838e-01
3.605843186378479004e-01
4.178357720375061035e-01
4.204664826393127441e-01
4.209208488464355469e-01
3.850680887699127197e-01
4.051459133625030518e-01
4.250608086585998535e-01
4.265761375427246094e-01
4.264990091323852539e-01
4.264938533306121826e-01
4.269950091838836670e-01
3.798663020133972168e-01
3.897875249385833740e-01
3.995991647243499756e-01
4.088337123394012451e-01
4.151656627655029297e-01
4.143009781837463379e-01
4.014554917812347412e-01
3.858533799648284912e-01
3.808245658874511719e-01
3.909399807453155518e-01
3.874182403087615967e-01
3.851948082447052002e-01
4.047503471374511719e-01
3.819790780544281006e-01
4.172455966472625732e-01
4.167116880416870117e-01
3.955736756324768066e-01
4.037955105304718018e-01
4.268379211425781250e-01
4.112662672996520996e-01
4.181809425354003906e-01
4.200320839881896973e-01
4.118140935897827148e-01
4.145074784755706787e-01
4.031059145927429199e-01
3.888303339481353760e-01
3.894124627113342285e-01
3.855787515640258789e-01
3.524433374404907227e-01
3.441033959388732910e-01
3.479090929031372070e-01
3.482362627983093262e-01
3.472959995269775391e-01
3.492873311042785645e-01
3.478955924510955811e-01
3.502610623836517334e-01
3.366555571556091309e-01
3.429505228996276855e-01
3.489586114883422852e-01
3.680285215377807617e-01
3.624731302261352539e-01
3.581728339195251465e-01
3.437613844871520996e-01
3.393163681030273438e-01
3.339977860450744629e-01
3.439374566078186035e-01
3.494967818260192871e-01
4.237930178642272949e-01
4.249565601348876953e-01
4.271901547908782959e-01
4.273404181003570557e-01
4.261542260646820068e-01
4.073385298252105713e-01
4.006013870239257812e-01
4.111992418766021729e-01
4.207116067409515381e-01
4.269422292709350586e-01
4.268824458122253418e-01
4.266959428787231445e-01
4.269049763679504395e-01
4.272840321063995361e-01
4.276845157146453857e-01
4.270834028720855713e-01
4.274443089962005615e-01
4.272960424423217773e-01
4.270953536033630371e-01
4.270968139171600342e-01
4.266131222248077393e-01
4.271954894065856934e-01
4.272601604461669922e-01
4.136038422584533691e-01
4.066685736179351807e-01
4.138060212135314941e-01
4.186360538005828857e-01
4.221957921981811523e-01
4.264974892139434814e-01
4.205522537231445312e-01
4.233215153217315674e-01
4.274127483367919922e-01
4.257771372795104980e-01
4.260569810867309570e-01
4.261076450347900391e-01
4.260069131851196289e-01
4.261809587478637695e-01
4.257548451423645020e-01
4.258064031600952148e-01
4.260315299034118652e-01
4.256535172462463379e-01
4.257172048091888428e-01
4.256132841110229492e-01
4.256132841110229492e-01
4.256132841110229492e-01
4.256132841110229492e-01
4.256132841110229492e-01
3.836776316165924072e-01
4.256132841110229492e-01
4.256132841110229492e-01
4.258143901824951172e-01
4.256132841110229492e-01
4.256132841110229492e-01
4.256132841110229492e-01
4.262730777263641357e-01
4.260778427124023438e-01
4.264153242111206055e-01
4.233012199401855469e-01
4.264686107635498047e-01
3.626344799995422363e-01
3.620429635047912598e-01
3.631608188152313232e-01
3.633507192134857178e-01
3.674380183219909668e-01
3.596048057079315186e-01
3.623142242431640625e-01
4.259873330593109131e-01
4.265127778053283691e-01
3.600013852119445801e-01
3.472195565700531006e-01
3.507031202316284180e-01
3.565504550933837891e-01
4.270548224449157715e-01
3.585624694824218750e-01
3.646689653396606445e-01
3.643540143966674805e-01
3.725413084030151367e-01
4.268455505371093750e-01
4.259253740310668945e-01
4.256132841110229492e-01
4.037483930587768555e-01
3.646961152553558350e-01
3.068468570709228516e-01
3.076960742473602295e-01
3.072430491447448730e-01
3.070072531700134277e-01
3.102699220180511475e-01
3.261659145355224609e-01
3.473966121673583984e-01
3.458001017570495605e-01
3.414058685302734375e-01
3.565834164619445801e-01
3.590879440307617188e-01
3.200048804283142090e-01
3.572967648506164551e-01
3.629696369171142578e-01
3.661791980266571045e-01
3.725509047508239746e-01
3.814053535461425781e-01
3.912334740161895752e-01
3.982535302639007568e-01
3.880592882633209229e-01
3.981197178363800049e-01
3.789053559303283691e-01
3.746730089187622070e-01
3.744214475154876709e-01
3.744946420192718506e-01
3.775041401386260986e-01
3.886851668357849121e-01
3.964039385318756104e-01
4.060992598533630371e-01
3.975218534469604492e-01
4.080223143100738525e-01
4.159127175807952881e-01
4.264352917671203613e-01
4.265787601470947266e-01
4.265430867671966553e-01
4.266496300697326660e-01
4.271747171878814697e-01
4.272669553756713867e-01
4.273917675018310547e-01
4.273064732551574707e-01
4.256132841110229492e-01
4.256588816642761230e-01
4.256476163864135742e-01
4.261486828327178955e-01
4.258072972297668457e-01
4.257497191429138184e-01
4.256132841110229492e-01
4.256324470043182373e-01
4.259788393974304199e-01
4.260983467102050781e-01
4.259813129901885986e-01
4.239180088043212891e-01
4.257795214653015137e-01
4.206028878688812256e-01
4.257172346115112305e-01
4.260510206222534180e-01
4.207421243190765381e-01
4.211018979549407959e-01
4.207456409931182861e-01
4.224729835987091064e-01
4.168888330459594727e-01
4.213266968727111816e-01
4.227705001831054688e-01
4.264933466911315918e-01
4.071656763553619385e-01
4.160180985927581787e-01
4.162245988845825195e-01
3.347555398941040039e-01
3.502368927001953125e-01
3.459866642951965332e-01
3.346711099147796631e-01
3.417472243309020996e-01
3.440910577774047852e-01
3.439945578575134277e-01
3.389263153076171875e-01
3.249542117118835449e-01
3.462026119232177734e-01
3.229027688503265381e-01
3.114320039749145508e-01
3.217213153839111328e-01
3.288223445415496826e-01
3.272690176963806152e-01
3.281800150871276855e-01
3.217921257019042969e-01
3.129398822784423828e-01
3.223599195480346680e-01
3.111661076545715332e-01
3.129914700984954834e-01
3.075868785381317139e-01
3.149920105934143066e-01
3.094844222068786621e-01
3.059553503990173340e-01
3.547736406326293945e-01
3.643776774406433105e-01
3.730899691581726074e-01
3.718768358230590820e-01
3.540936410427093506e-01
3.513920903205871582e-01
3.582717776298522949e-01
3.639266490936279297e-01
3.494755029678344727e-01
3.377559185028076172e-01
3.253793120384216309e-01
3.224956691265106201e-01
3.111264109611511230e-01
3.088673949241638184e-01
3.138738870620727539e-01
3.087573051452636719e-01
3.075119853019714355e-01
3.071619868278503418e-01
3.093721866607666016e-01
3.079981207847595215e-01
4.226455092430114746e-01
4.249999523162841797e-01
4.264518320560455322e-01
4.214080274105072021e-01
4.173367321491241455e-01
4.186434745788574219e-01
4.198150932788848877e-01
4.199691116809844971e-01
4.164137244224548340e-01
4.052905142307281494e-01
3.989086747169494629e-01
3.760908246040344238e-01
3.791366517543792725e-01
3.908392190933227539e-01
3.735001087188720703e-01
3.815805315971374512e-01
4.114135503768920898e-01
3.902619183063507080e-01
3.988910913467407227e-01
3.679122924804687500e-01
3.762245774269104004e-01
3.870268762111663818e-01
3.968682587146759033e-01
3.894117176532745361e-01
4.002825617790222168e-01
4.090634584426879883e-01
4.026091098785400391e-01
4.119978249073028564e-01
4.100552201271057129e-01
4.083723425865173340e-01
4.256132841110229492e-01
4.256528615951538086e-01
4.247381985187530518e-01
4.260542988777160645e-01
4.159989953041076660e-01
4.219300150871276855e-01
4.256132841110229492e-01
4.261320829391479492e-01
4.260278940200805664e-01
4.258162975311279297e-01
4.261812567710876465e-01
4.256561398506164551e-01
4.256339967250823975e-01
4.255008697509765625e-01
4.229333400726318359e-01
4.262080490589141846e-01
4.230830967426300049e-01
4.261383414268493652e-01
4.225328862667083740e-01
4.236447811126708984e-01
4.216713011264801025e-01
4.218414425849914551e-01
4.232635498046875000e-01
4.233676493167877197e-01
4.218530654907226562e-01
4.191576242446899414e-01
4.045580327510833740e-01
3.824858069419860840e-01
3.620207309722900391e-01
3.560048043727874756e-01
3.636533021926879883e-01
3.646947145462036133e-01
3.638786077499389648e-01
3.561537265777587891e-01
3.466862440109252930e-01
3.452874422073364258e-01
3.498538136482238770e-01
3.533591032028198242e-01
3.554071784019470215e-01
3.486570715904235840e-01
3.292983770370483398e-01
3.272454142570495605e-01
3.161129653453826904e-01
3.298664093017578125e-01
3.372779786586761475e-01
4.150410294532775879e-01
4.260473847389221191e-01
4.266757369041442871e-01
4.264229238033294678e-01
4.269389212131500244e-01
4.271431267261505127e-01
4.247127175331115723e-01
4.255559742450714111e-01
4.266631603240966797e-01
4.189240634441375732e-01
4.217919409275054932e-01
4.203831255435943604e-01
4.247233867645263672e-01
4.264269471168518066e-01
4.205898642539978027e-01
4.234195351600646973e-01
4.265049099922180176e-01
4.265403747558593750e-01
4.241461753845214844e-01
4.256132841110229492e-01
4.245963692665100098e-01
4.256132841110229492e-01
4.260946214199066162e-01
4.216618537902832031e-01
4.259293675422668457e-01
4.260186553001403809e-01
4.259514510631561279e-01
4.262943267822265625e-01
4.265256822109222412e-01
4.258451759815216064e-01
4.275890290737152100e-01
4.222193658351898193e-01
4.182125031948089600e-01
4.214731454849243164e-01
4.253694713115692139e-01
3.248655498027801514e-01
3.289732933044433594e-01
3.348837494850158691e-01
4.247051477432250977e-01
4.271502792835235596e-01
4.272504746913909912e-01
3.461280465126037598e-01
3.761293590068817139e-01
3.541566729545593262e-01
3.469948768615722656e-01
3.658838272094726562e-01
3.681381344795227051e-01
4.203708469867706299e-01
4.111604690551757812e-01
4.188530445098876953e-01
4.206931293010711670e-01
4.133427441120147705e-01
4.172283411026000977e-01
4.181796908378601074e-01
3.673146069049835205e-01
3.503288924694061279e-01
3.407819271087646484e-01
3.480011224746704102e-01
3.754260540008544922e-01
3.883609473705291748e-01
3.845013082027435303e-01
3.645625114440917969e-01
3.643912672996520996e-01
3.568361997604370117e-01
3.808504641056060791e-01
3.916124999523162842e-01
3.922450840473175049e-01
4.074524343013763428e-01
4.121430814266204834e-01
4.146912097930908203e-01
4.161293506622314453e-01
4.181476831436157227e-01
4.210465252399444580e-01
4.238631129264831543e-01
4.266179800033569336e-01
4.261235296726226807e-01
4.234181046485900879e-01
4.241227507591247559e-01
4.228200018405914307e-01
4.185379445552825928e-01
4.218133091926574707e-01
4.225385785102844238e-01
4.248358607292175293e-01
4.251529872417449951e-01
4.256258010864257812e-01
4.236735999584197998e-01
4.248782992362976074e-01
4.268627464771270752e-01
4.257587194442749023e-01
4.162832796573638916e-01
4.036500155925750732e-01
4.091968536376953125e-01
4.125233292579650879e-01
4.152798652648925781e-01
4.174724817276000977e-01
4.199902415275573730e-01
4.189330339431762695e-01
4.162268638610839844e-01
4.169148802757263184e-01
4.216173589229583740e-01
4.193596243858337402e-01
3.515836000442504883e-01
3.462844491004943848e-01
4.201050102710723877e-01
4.212464690208435059e-01
4.202268719673156738e-01
4.193922281265258789e-01
4.248134493827819824e-01
4.258384108543395996e-01
4.274680614471435547e-01
4.228127002716064453e-01
4.203031957149505615e-01
4.067332744598388672e-01
3.637644052505493164e-01
3.738988637924194336e-01
3.426630198955535889e-01
3.335934281349182129e-01
3.585429787635803223e-01
3.636226654052734375e-01
4.275755882263183594e-01
4.273189306259155273e-01
4.193519055843353271e-01
4.185289740562438965e-01
4.183414280414581299e-01
3.971849977970123291e-01
3.859904110431671143e-01
3.916017413139343262e-01
3.979298472404479980e-01
4.089881777763366699e-01
4.226168990135192871e-01
4.275115430355072021e-01
4.258693456649780273e-01
4.266185462474822998e-01
4.270989298820495605e-01
4.260736107826232910e-01
4.261123239994049072e-01
4.270451366901397705e-01
4.258827567100524902e-01
4.265113472938537598e-01
4.270531237125396729e-01
4.262566864490509033e-01
4.265568554401397705e-01
4.264360666275024414e-01
4.264804124832153320e-01
4.264468848705291748e-01
4.275976121425628662e-01
4.267827272415161133e-01
4.211218655109405518e-01
4.231218993663787842e-01
4.272722005844116211e-01
4.272099137306213379e-01
4.269689619541168213e-01
4.269964098930358887e-01
4.273231625556945801e-01
4.272161722183227539e-01
4.273937046527862549e-01
4.226329326629638672e-01
4.256884455680847168e-01
4.256439805030822754e-01
4.256352782249450684e-01
4.258268177509307861e-01
4.256898164749145508e-01
4.256356954574584961e-01
4.256730079650878906e-01
4.256547391414642334e-01
4.256132841110229492e-01
4.259424805641174316e-01
4.259482920169830322e-01
4.257247447967529297e-01
4.257150888442993164e-01
4.257315993309020996e-01
4.263981282711029053e-01
4.256517589092254639e-01
4.256132841110229492e-01
4.260167479515075684e-01
4.235930442810058594e-01
4.250237345695495605e-01
4.257740378379821777e-01
4.263893961906433105e-01
4.258568882942199707e-01
4.262400865554809570e-01
4.256132841110229492e-01
4.258018732070922852e-01
4.233997464179992676e-01
4.260594248771667480e-01
4.260846078395843506e-01
4.260776340961456299e-01
4.261735677719116211e-01
4.261952936649322510e-01
4.257797002792358398e-01
4.244396984577178955e-01
4.265500009059906006e-01
4.202970862388610840e-01
4.252855181694030762e-01
4.264235496520996094e-01
4.258373081684112549e-01
4.215775430202484131e-01
4.261526763439178467e-01
4.191584289073944092e-01
4.260251224040985107e-01
4.264722466468811035e-01
4.268576502799987793e-01
3.881142139434814453e-01
3.987871408462524414e-01
4.080391228199005127e-01
4.145041704177856445e-01
4.181361198425292969e-01
4.043990075588226318e-01
4.117063283920288086e-01
4.169489145278930664e-01
4.261360168457031250e-01
4.191098809242248535e-01
4.196026325225830078e-01
4.139510989189147949e-01
4.175716340541839600e-01
4.186651110649108887e-01
4.034707844257354736e-01
4.023871421813964844e-01
4.117147326469421387e-01
4.129531085491180420e-01
4.178538024425506592e-01
4.193086922168731689e-01
4.249770343303680420e-01
4.269993901252746582e-01
4.267961382865905762e-01
4.269035756587982178e-01
4.264966547489166260e-01
4.265429377555847168e-01
4.266577959060668945e-01
4.265035986900329590e-01
4.265393316745758057e-01
4.265351295471191406e-01
4.266766011714935303e-01
4.269585609436035156e-01
4.267852008342742920e-01
4.266785979270935059e-01
4.268637895584106445e-01
4.262874424457550049e-01
4.204467535018920898e-01
4.261861145496368408e-01
4.264171719551086426e-01
4.269667267799377441e-01
4.263651967048645020e-01
4.270617961883544922e-01
4.268379211425781250e-01
4.267744123935699463e-01
4.266484379768371582e-01
4.261278808116912842e-01
4.265375733375549316e-01
4.265069067478179932e-01
4.262077212333679199e-01
4.264421463012695312e-01
4.266639351844787598e-01
4.242905378341674805e-01
4.261824488639831543e-01
4.258401691913604736e-01
4.261885881423950195e-01
4.256962537765502930e-01
4.258374571800231934e-01
4.259485006332397461e-01
4.260381758213043213e-01
4.262253046035766602e-01
4.262392520904541016e-01
4.228784143924713135e-01
4.258517622947692871e-01
4.261228442192077637e-01
3.944799900054931641e-01
4.023419022560119629e-01
3.887683451175689697e-01
3.966585993766784668e-01
4.044275283813476562e-01
4.078568816184997559e-01
4.123205244541168213e-01
4.127639532089233398e-01
4.115397632122039795e-01
4.098901748657226562e-01
4.137207567691802979e-01
4.154542684555053711e-01
4.154992401599884033e-01
4.168166816234588623e-01
4.172039330005645752e-01
4.185364842414855957e-01
4.245815277099609375e-01
3.824259638786315918e-01
3.882812857627868652e-01
3.901066184043884277e-01
3.691813349723815918e-01
3.762553930282592773e-01
3.770658075809478760e-01
3.651329278945922852e-01
3.684813976287841797e-01
3.691253066062927246e-01
3.756300508975982666e-01
3.636388480663299561e-01
3.827658891677856445e-01
3.877178728580474854e-01
3.903173804283142090e-01
3.960281610488891602e-01
3.920321166515350342e-01
3.333224654197692871e-01
3.548740148544311523e-01
3.755395412445068359e-01
3.756533265113830566e-01
3.815001845359802246e-01
4.033250808715820312e-01
4.066789150238037109e-01
4.034381508827209473e-01
3.862951993942260742e-01
4.152083992958068848e-01
4.097975194454193115e-01
3.985799849033355713e-01
3.581031262874603271e-01
4.260509312152862549e-01
4.262662529945373535e-01
4.187017977237701416e-01
3.400698900222778320e-01
4.192495644092559814e-01
4.237687289714813232e-01
4.184160232543945312e-01
3.418466746807098389e-01
4.242722690105438232e-01
3.318610191345214844e-01
3.290152549743652344e-01
3.327552676200866699e-01
3.450551033020019531e-01
3.506529331207275391e-01
3.548585772514343262e-01
3.490227162837982178e-01
4.218108057975769043e-01
4.253543913364410400e-01
4.218748211860656738e-01
4.244935214519500732e-01
4.243339896202087402e-01
4.227695465087890625e-01
4.230116605758666992e-01
4.222806394100189209e-01
4.213502109050750732e-01
4.225558638572692871e-01
4.234244823455810547e-01
3.361020982265472412e-01
3.362494707107543945e-01
4.263660907745361328e-01
4.242585301399230957e-01
4.255930185317993164e-01
4.253327250480651855e-01
4.268728494644165039e-01
4.271482229232788086e-01
4.263741374015808105e-01
4.256132841110229492e-01
4.205335378646850586e-01
4.223164916038513184e-01
4.256132841110229492e-01
4.259096384048461914e-01
4.256132841110229492e-01
4.256132841110229492e-01
4.256132841110229492e-01
4.256132841110229492e-01
4.256132841110229492e-01
4.256132841110229492e-01
4.257174134254455566e-01
4.261907041072845459e-01
4.256132841110229492e-01
4.258253872394561768e-01
4.256636798381805420e-01
4.256132841110229492e-01
4.256132841110229492e-01
4.256132841110229492e-01
4.256132841110229492e-01
4.256132841110229492e-01
4.256132841110229492e-01
4.256132841110229492e-01
4.256132841110229492e-01
4.256132841110229492e-01
4.260119199752807617e-01
4.258422851562500000e-01
4.261005222797393799e-01
4.263002574443817139e-01
4.262251853942871094e-01
4.262185692787170410e-01
4.266812503337860107e-01
4.263272583484649658e-01
4.264804124832153320e-01
4.264013469219207764e-01
3.681392073631286621e-01
3.380867838859558105e-01
3.147482275962829590e-01
3.078956604003906250e-01
3.084436357021331787e-01
3.062166571617126465e-01
3.103986978530883789e-01
3.130881190299987793e-01
3.078325390815734863e-01
3.076866269111633301e-01
3.168060779571533203e-01
3.139134049415588379e-01
3.077642917633056641e-01
3.104289770126342773e-01
3.139277398586273193e-01
3.168693780899047852e-01
3.054075241088867188e-01
3.120747208595275879e-01
3.169111609458923340e-01
3.100327253341674805e-01
3.077603578567504883e-01
3.048498034477233887e-01
3.150855302810668945e-01
3.001831173896789551e-01
2.969613671302795410e-01
3.090339303016662598e-01
3.092716336250305176e-01
3.317186534404754639e-01
3.446743190288543701e-01
3.346013426780700684e-01
3.284147977828979492e-01
3.496187329292297363e-01
3.490692377090454102e-01
3.408451676368713379e-01
3.308772444725036621e-01
3.246206045150756836e-01
3.169537186622619629e-01
3.086194694042205811e-01
3.218634724617004395e-01
3.227292299270629883e-01
3.295681476593017578e-01
3.293960690498352051e-01
3.215177953243255615e-01
3.209219574928283691e-01
3.086860179901123047e-01
4.266151189804077148e-01
4.264956116676330566e-01
4.265540540218353271e-01
4.270449280738830566e-01
4.272871613502502441e-01
4.269087612628936768e-01
4.263935685157775879e-01
4.260497093200683594e-01
4.258931577205657959e-01
4.260492026805877686e-01
4.264167547225952148e-01
4.265037178993225098e-01
4.265548288822174072e-01
4.266954362392425537e-01
4.266748726367950439e-01
4.264808893203735352e-01
4.265122413635253906e-01
4.256952106952667236e-01
4.261865019798278809e-01
4.262664914131164551e-01
4.261929392814636230e-01
4.260771274566650391e-01
4.258615374565124512e-01
4.257128834724426270e-01
4.264369904994964600e-01
4.257455468177795410e-01
4.261981844902038574e-01
4.262531399726867676e-01
4.259672164916992188e-01
4.262956678867340088e-01
4.213875532150268555e-01
4.262442290782928467e-01
4.202159047126770020e-01
4.256779253482818604e-01
4.265956878662109375e-01
4.260939955711364746e-01
4.262710809707641602e-01
4.199575781822204590e-01
4.247514605522155762e-01
4.236626625061035156e-01
4.259028136730194092e-01
4.256669580936431885e-01
4.256132841110229492e-01
4.256580173969268799e-01
4.257828891277313232e-01
4.257815182209014893e-01
4.256132841110229492e-01
4.256132841110229492e-01
4.255570471286773682e-01
4.256132841110229492e-01
4.256132841110229492e-01
4.256489872932434082e-01
4.256132841110229492e-01
4.258177280426025391e-01
4.259343743324279785e-01
4.096357524394989014e-01
4.102890193462371826e-01
4.256132841110229492e-01
4.256132841110229492e-01
4.256132841110229492e-01
4.257468283176422119e-01
4.257883131504058838e-01
4.257229864597320557e-01
4.268251955509185791e-01
4.269711673259735107e-01
4.263978600502014160e-01
4.271411299705505371e-01
4.259300827980041504e-01
4.267989993095397949e-01
4.267123341560363770e-01
4.212799072265625000e-01
4.240154325962066650e-01
4.260177314281463623e-01
4.265457093715667725e-01
4.271929860115051270e-01
4.265886545181274414e-01
4.271468520164489746e-01
4.263435304164886475e-01
4.238537847995758057e-01
4.262902438640594482e-01
4.254127740859985352e-01
4.256132841110229492e-01
4.070751368999481201e-01
4.156360328197479248e-01
4.207669794559478760e-01
4.156329631805419922e-01
4.077979624271392822e-01
4.185127913951873779e-01
4.241227507591247559e-01
4.164569973945617676e-01
4.212099611759185791e-01
4.266502261161804199e-01
4.212926030158996582e-01
4.119877517223358154e-01
4.118457436561584473e-01
4.139735698699951172e-01
4.221031963825225830e-01
4.264183342456817627e-01
4.269393682479858398e-01
4.269742667675018311e-01
4.268149137496948242e-01
4.224503934383392334e-01
4.236443936824798584e-01
4.272181689739227295e-01
4.245036244392395020e-01
4.271715581417083740e-01
4.269933998584747314e-01
4.265869855880737305e-01
4.264032244682312012e-01
4.264347255229949951e-01
4.262259006500244141e-01
4.265426993370056152e-01
4.176240265369415283e-01
4.205308854579925537e-01
4.244115650653839111e-01
4.151344001293182373e-01
4.210884273052215576e-01
4.242552518844604492e-01
4.210713207721710205e-01
4.063218235969543457e-01
4.261004328727722168e-01
4.259265661239624023e-01
4.180227816104888916e-01
4.188989996910095215e-01
4.256132841110229492e-01
4.238465130329132080e-01
4.266142249107360840e-01
4.260091483592987061e-01
4.262659251689910889e-01
4.264763593673706055e-01
4.268313944339752197e-01
4.264204204082489014e-01
4.264786541461944580e-01
4.265509247779846191e-01
4.265336096286773682e-01
4.264939129352569580e-01
4.271041154861450195e-01
4.256132841110229492e-01
4.256132841110229492e-01
4.256132841110229492e-01
4.263035953044891357e-01
4.120286107063293457e-01
3.882166743278503418e-01
4.207087159156799316e-01
4.267536699771881104e-01
4.256132841110229492e-01
4.256723523139953613e-01
4.256132841110229492e-01
4.259572327136993408e-01
4.256567060947418213e-01
4.118949770927429199e-01
4.256132841110229492e-01
4.256132841110229492e-01
4.256132841110229492e-01
4.256132841110229492e-01
4.258495271205902100e-01
4.260130822658538818e-01
4.257133007049560547e-01
4.261372685432434082e-01
4.260585904121398926e-01
4.263413548469543457e-01
4.261909723281860352e-01
4.261417984962463379e-01
4.260912835597991943e-01
3.456501960754394531e-01
4.265149235725402832e-01
4.263414144515991211e-01
4.262108206748962402e-01
4.263119101524353027e-01
4.261863827705383301e-01
4.262345433235168457e-01
4.256132841110229492e-01
4.261775612831115723e-01
4.247635006904602051e-01
4.264371991157531738e-01
4.256132841110229492e-01
4.256132841110229492e-01
4.256768822669982910e-01
4.263209104537963867e-01
0.000000000000000000e+00
0.000000000000000000e+00
0.000000000000000000e+00
2.977969050407409668e-01
2.782230377197265625e-01
3.241021037101745605e-01
3.500241041183471680e-01
2.908381819725036621e-01
2.968925833702087402e-01
3.378091454505920410e-01
2.930761575698852539e-01
2.930610179901123047e-01
3.107168078422546387e-01
3.329694271087646484e-01
3.394555449485778809e-01
3.586399555206298828e-01
3.599011301994323730e-01
3.571202754974365234e-01
3.524833619594573975e-01
3.555236756801605225e-01
3.565389513969421387e-01
3.448828160762786865e-01
3.564194142818450928e-01
3.584021329879760742e-01
3.665185570716857910e-01
3.551170825958251953e-01
3.571931719779968262e-01
3.762683570384979248e-01
3.385159373283386230e-01
3.286176919937133789e-01
3.284970521926879883e-01
3.305109143257141113e-01
3.296520411968231201e-01
3.236244916915893555e-01
3.279626369476318359e-01
3.426040410995483398e-01
3.540577888488769531e-01
3.500922918319702148e-01
3.532019853591918945e-01
3.607169389724731445e-01
3.520767688751220703e-01
3.512631058692932129e-01
3.412749469280242920e-01
3.582387864589691162e-01
3.631158471107482910e-01
3.825770020484924316e-01
3.883903622627258301e-01
3.922614753246307373e-01
3.948637843132019043e-01
3.998757898807525635e-01
4.019578397274017334e-01
3.867489397525787354e-01
3.748543262481689453e-01
3.651506304740905762e-01
4.052186310291290283e-01
4.127953052520751953e-01
4.224821925163269043e-01
4.242475926876068115e-01
4.200834929943084717e-01
4.230952858924865723e-01
4.216285347938537598e-01
4.191721975803375244e-01
4.135957956314086914e-01
4.165136814117431641e-01
4.192451536655426025e-01
4.197174310684204102e-01
4.144480526447296143e-01
4.152252078056335449e-01
4.185037612915039062e-01
4.216864407062530518e-01
3.494068980216979980e-01
3.464250564575195312e-01
4.266977012157440186e-01
4.272462725639343262e-01
4.267438948154449463e-01
4.199130833148956299e-01
4.238180220127105713e-01
4.268925786018371582e-01
4.263913333415985107e-01
4.265552163124084473e-01
4.265922307968139648e-01
4.271244108676910400e-01
4.268038272857666016e-01
4.271518588066101074e-01
4.262885749340057373e-01
4.269416034221649170e-01
4.262261986732482910e-01
4.256132841110229492e-01
4.256900846958160400e-01
4.256742298603057861e-01
4.256132841110229492e-01
4.256132841110229492e-01
4.256132841110229492e-01
4.256132841110229492e-01
4.256132841110229492e-01
4.256132841110229492e-01
4.256132841110229492e-01
4.256533980369567871e-01
4.256132841110229492e-01
4.256132841110229492e-01
4.256132841110229492e-01
4.265211224555969238e-01
4.259429574012756348e-01
4.258926212787628174e-01
4.261668920516967773e-01
4.266976118087768555e-01
4.268301427364349365e-01
4.270046055316925049e-01
4.269880354404449463e-01
4.265041351318359375e-01
4.272136688232421875e-01
4.201613366603851318e-01
4.189648926258087158e-01
4.110487699508666992e-01
3.909721374511718750e-01
3.805642127990722656e-01
3.520976901054382324e-01
3.574747443199157715e-01
3.636560440063476562e-01
3.732431828975677490e-01
3.476397991180419922e-01
3.492025732994079590e-01
3.638579547405242920e-01
3.508706986904144287e-01
3.507199287414550781e-01
3.637719750404357910e-01
3.578331172466278076e-01
3.664537668228149414e-01
3.630340695381164551e-01
3.587242364883422852e-01
3.560125529766082764e-01
3.550972342491149902e-01
3.468832373619079590e-01
3.313664197921752930e-01
3.370978832244873047e-01
3.424246311187744141e-01
3.524638414382934570e-01
3.540664613246917725e-01
3.551202714443206787e-01
3.681250214576721191e-01
3.691402077674865723e-01
3.564962744712829590e-01
3.633956611156463623e-01
3.669000267982482910e-01
4.263171553611755371e-01
4.269308149814605713e-01
4.264526367187500000e-01
4.265550374984741211e-01
4.269901216030120850e-01
4.262790977954864502e-01
4.219108223915100098e-01
4.263495206832885742e-01
4.262180924415588379e-01
4.266662299633026123e-01
4.267678856849670410e-01
4.268578588962554932e-01
4.267822206020355225e-01
4.264692962169647217e-01
4.260902702808380127e-01
4.266917109489440918e-01
4.263469874858856201e-01
4.263615012168884277e-01
4.261749088764190674e-01
4.264144301414489746e-01
4.265692234039306641e-01
4.267765581607818604e-01
4.190832972526550293e-01
4.211181700229644775e-01
4.255006909370422363e-01
4.264793097972869873e-01
4.266503155231475830e-01
4.264432787895202637e-01
4.266943931579589844e-01
4.247847497463226318e-01
4.269726574420928955e-01
4.266479015350341797e-01
4.265749454498291016e-01
4.262938499450683594e-01
4.263691008090972900e-01
4.266854226589202881e-01
4.268586039543151855e-01
4.265850186347961426e-01
4.198579490184783936e-01
4.256132841110229492e-01
4.256132841110229492e-01
4.256540834903717041e-01
4.254338741302490234e-01
3.552717864513397217e-01
3.515107631683349609e-01
3.662357330322265625e-01
3.806780576705932617e-01
3.821341991424560547e-01
4.256132841110229492e-01
4.256132841110229492e-01
4.257616996765136719e-01
4.256132841110229492e-01
4.256132841110229492e-01
4.254456460475921631e-01
4.256132841110229492e-01
4.256859123706817627e-01
4.256132841110229492e-01
4.208072423934936523e-01
4.245209097862243652e-01
4.229558110237121582e-01
4.264031648635864258e-01
4.044114351272583008e-01
4.010750055313110352e-01
4.052447676658630371e-01
4.126203656196594238e-01
4.174817800521850586e-01
4.210318028926849365e-01
4.258514046669006348e-01
4.271129965782165527e-01
4.248659014701843262e-01
4.269997775554656982e-01
4.270275235176086426e-01
4.263697266578674316e-01
4.268656075000762939e-01
4.268199503421783447e-01
4.258860945701599121e-01
4.265633821487426758e-01
4.265683293342590332e-01
4.259823560714721680e-01
4.268022775650024414e-01
4.268317222595214844e-01
4.266899824142456055e-01
4.271325170993804932e-01
4.267730712890625000e-01
4.270942807197570801e-01
4.262136220932006836e-01
4.265082478523254395e-01
4.263035655021667480e-01
4.266118109226226807e-01
4.265990555286407471e-01
4.267504811286926270e-01
4.246741831302642822e-01
4.267033934593200684e-01
4.257215261459350586e-01
4.262366592884063721e-01
4.080085158348083496e-01
4.156447052955627441e-01
4.198107719421386719e-01
4.254487752914428711e-01
4.164879620075225830e-01
4.189673960208892822e-01
4.240241348743438721e-01
3.696759939193725586e-01
3.839287757873535156e-01
3.934920728206634521e-01
4.022870659828186035e-01
4.084064364433288574e-01
4.132383465766906738e-01
4.140589237213134766e-01
4.094101190567016602e-01
3.983030617237091064e-01
3.864027261734008789e-01
3.711944818496704102e-01
3.631093204021453857e-01
3.453485369682312012e-01
3.324255347251892090e-01
3.395533561706542969e-01
3.496940135955810547e-01
3.684918582439422607e-01
3.710038959980010986e-01
3.779257535934448242e-01
3.914929032325744629e-01
3.988019824028015137e-01
3.897721171379089355e-01
3.974960148334503174e-01
4.000980854034423828e-01
4.027371704578399658e-01
4.062896370887756348e-01
4.135958850383758545e-01
4.128638505935668945e-01
3.448020219802856445e-01
3.648726940155029297e-01
3.736441135406494141e-01
3.890157639980316162e-01
3.699822127819061279e-01
3.721580207347869873e-01
3.690794110298156738e-01
3.862979412078857422e-01
3.544623851776123047e-01
3.639647662639617920e-01
3.310793042182922363e-01
3.189595341682434082e-01
3.290154635906219482e-01
3.195353150367736816e-01
3.496006727218627930e-01
3.424040079116821289e-01
3.316243588924407959e-01
3.940283656120300293e-01
4.037805199623107910e-01
3.997632265090942383e-01
3.960567116737365723e-01
3.925723433494567871e-01
3.989332318305969238e-01
4.054395556449890137e-01
3.830957412719726562e-01
3.911150395870208740e-01
3.595147728919982910e-01
3.543559014797210693e-01
3.626891374588012695e-01
3.540585935115814209e-01
3.709133267402648926e-01
3.676534295082092285e-01
3.815719485282897949e-01
3.809544742107391357e-01
3.571528196334838867e-01
3.693482279777526855e-01
3.692167103290557861e-01
3.862673640251159668e-01
3.937382698059082031e-01
4.023713171482086182e-01
4.086948633193969727e-01
3.993508517742156982e-01
4.056464731693267822e-01
3.905795216560363770e-01
3.573583364486694336e-01
3.933838009834289551e-01
3.705236613750457764e-01
3.487976193428039551e-01
3.463423252105712891e-01
3.410221040248870850e-01
3.165539503097534180e-01
3.318726718425750732e-01
4.223873019218444824e-01
4.253914058208465576e-01
4.077929854393005371e-01
3.991263508796691895e-01
3.876293599605560303e-01
3.770370483398437500e-01
3.523419797420501709e-01
3.467233180999755859e-01
3.648741245269775391e-01
3.680970668792724609e-01
3.853988349437713623e-01
3.949629068374633789e-01
3.611200153827667236e-01
3.724301457405090332e-01
3.833722472190856934e-01
3.927108645439147949e-01
4.036018550395965576e-01
4.112513661384582520e-01
4.154648184776306152e-01
4.169938266277313232e-01
4.235205650329589844e-01
4.265760779380798340e-01
4.267278909683227539e-01
4.264605939388275146e-01
4.265432059764862061e-01
4.265410602092742920e-01
4.268160760402679443e-01
4.266693294048309326e-01
4.265025258064270020e-01
4.265496432781219482e-01
4.267931878566741943e-01
4.252334535121917725e-01
4.257552623748779297e-01
4.266673326492309570e-01
4.269250333309173584e-01
4.263432919979095459e-01
4.265934824943542480e-01
4.256132841110229492e-01
4.256132841110229492e-01
4.257176518440246582e-01
4.257687330245971680e-01
4.259411692619323730e-01
4.263741374015808105e-01
4.262856245040893555e-01
4.256132841110229492e-01
4.256132841110229492e-01
4.271865487098693848e-01
4.256132841110229492e-01
4.256132841110229492e-01
4.257079064846038818e-01
4.258455038070678711e-01
4.257468283176422119e-01
4.260520040988922119e-01
4.257254898548126221e-01
4.256132841110229492e-01
4.257436394691467285e-01
4.256283342838287354e-01
4.256132841110229492e-01
4.219416081905364990e-01
4.212156534194946289e-01
4.196421504020690918e-01
4.100482463836669922e-01
4.044106006622314453e-01
4.017749130725860596e-01
4.122894406318664551e-01
4.105679988861083984e-01
4.090484380722045898e-01
4.201641976833343506e-01
3.855785727500915527e-01
4.190147519111633301e-01
3.812907934188842773e-01
3.378535211086273193e-01
3.402109146118164062e-01
3.529204726219177246e-01
3.225533366203308105e-01
3.223018646240234375e-01
3.376379609107971191e-01
3.661539554595947266e-01
3.522279858589172363e-01
4.186819791793823242e-01
4.247269630432128906e-01
4.213297069072723389e-01
4.256530106067657471e-01
4.258064627647399902e-01
4.260285794734954834e-01
4.259463846683502197e-01
4.256132841110229492e-01
4.256132841110229492e-01
4.256132841110229492e-01
4.256165623664855957e-01
4.256606698036193848e-01
4.256132841110229492e-01
4.256132841110229492e-01
4.265333712100982666e-01
4.112622439861297607e-01
3.656060099601745605e-01
3.808057606220245361e-01
3.881656527519226074e-01
3.977794349193572998e-01
4.072914123535156250e-01
4.256573319435119629e-01
3.553508520126342773e-01
3.875762224197387695e-01
3.812018036842346191e-01
3.930470347404479980e-01
3.575733304023742676e-01
3.869605660438537598e-01
3.864784240722656250e-01
4.044216275215148926e-01
4.124116003513336182e-01
4.180294275283813477e-01
4.201175272464752197e-01
4.141500294208526611e-01
3.784286975860595703e-01
4.243303239345550537e-01
4.256132841110229492e-01
4.256707429885864258e-01
4.257825911045074463e-01
4.256132841110229492e-01
4.258341193199157715e-01
4.257741868495941162e-01
4.257872104644775391e-01
4.256132841110229492e-01
4.256132841110229492e-01
4.256132841110229492e-01
4.256132841110229492e-01
4.246211946010589600e-01
4.257081151008605957e-01
4.247593879699707031e-01
4.262443184852600098e-01
4.258424937725067139e-01
4.269301891326904297e-01
4.273824989795684814e-01
4.276328682899475098e-01
4.276003837585449219e-01
4.269359111785888672e-01
4.261865019798278809e-01
4.261053800582885742e-01
4.262737035751342773e-01
3.148514628410339355e-01
3.216521143913269043e-01
3.193314075469970703e-01
3.183752298355102539e-01
4.266907274723052979e-01
3.080772161483764648e-01
2.942407131195068359e-01
4.269260168075561523e-01
4.264046847820281982e-01
4.260431826114654541e-01
4.257407188415527344e-01
4.261503517627716064e-01
4.263385832309722900e-01
4.259588122367858887e-01
4.265060424804687500e-01
4.260020256042480469e-01
4.261324703693389893e-01
4.266364574432373047e-01
4.271518588066101074e-01
4.240927696228027344e-01
4.208934903144836426e-01
4.238457977771759033e-01
4.240749180316925049e-01
4.256699681282043457e-01
4.276319444179534912e-01
4.273688197135925293e-01
4.273102581501007080e-01
4.270807504653930664e-01
4.277493655681610107e-01
4.266658723354339600e-01
4.274742007255554199e-01
4.267665743827819824e-01
4.262032210826873779e-01
4.264806210994720459e-01
4.265066087245941162e-01
4.272208213806152344e-01
4.271025061607360840e-01
4.273942112922668457e-01
4.274869263172149658e-01
4.275867342948913574e-01
4.274415373802185059e-01
4.275815784931182861e-01
4.228115081787109375e-01
4.249942302703857422e-01
4.275379180908203125e-01
4.262463152408599854e-01
4.221165180206298828e-01
4.255691468715667725e-01
4.273715317249298096e-01
4.273453652858734131e-01
4.191975295543670654e-01
4.195431768894195557e-01
4.253274798393249512e-01
4.265093207359313965e-01
4.259744882583618164e-01
4.256132841110229492e-01
4.259406328201293945e-01
4.259776771068572998e-01
4.210742413997650146e-01
4.256132841110229492e-01
4.256199598312377930e-01
4.254165589809417725e-01
4.261200428009033203e-01
3.886760175228118896e-01
3.933580219745635986e-01
4.038706719875335693e-01
4.120975136756896973e-01
4.184230566024780273e-01
4.246455132961273193e-01
4.265219271183013916e-01
4.267324209213256836e-01
4.248107075691223145e-01
4.266360998153686523e-01
4.269860982894897461e-01
4.272409081459045410e-01
4.270628690719604492e-01
4.264123737812042236e-01
4.265697300434112549e-01
4.263212978839874268e-01
4.265414476394653320e-01
4.258887171745300293e-01
4.263350367546081543e-01
4.265829622745513916e-01
4.259428381919860840e-01
4.268748164176940918e-01
4.270380139350891113e-01
4.271853566169738770e-01
4.269618391990661621e-01
4.273580610752105713e-01
4.275365471839904785e-01
4.266744256019592285e-01
4.274134039878845215e-01
4.276073575019836426e-01
4.274853169918060303e-01
4.273912608623504639e-01
4.272899925708770752e-01
4.272853434085845947e-01
4.275858402252197266e-01
4.271442294120788574e-01
4.274962544441223145e-01
4.256468415260314941e-01
4.272182583808898926e-01
4.273354411125183105e-01
4.273489713668823242e-01
4.275104105472564697e-01
4.256584048271179199e-01
4.216578602790832520e-01
4.202871024608612061e-01
4.230116009712219238e-01
4.253932833671569824e-01
4.273793697357177734e-01
4.273591041564941406e-01
4.274185895919799805e-01
4.274046421051025391e-01
4.273568987846374512e-01
4.191268384456634521e-01
4.190225899219512939e-01
4.226202666759490967e-01
4.246355295181274414e-01
4.263820648193359375e-01
4.275569319725036621e-01
4.208365082740783691e-01
4.270521402359008789e-01
4.250094890594482422e-01
4.267133474349975586e-01
4.257825613021850586e-01
4.257048070430755615e-01
4.259026348590850830e-01
4.227988719940185547e-01
4.258369207382202148e-01
4.258236587047576904e-01
4.259467124938964844e-01
4.256132841110229492e-01
4.256132841110229492e-01
4.259666800498962402e-01
4.257696866989135742e-01
4.261415004730224609e-01
4.262712001800537109e-01
4.261560142040252686e-01
4.264612793922424316e-01
4.264093935489654541e-01
4.261571764945983887e-01
4.264963269233703613e-01
4.258713722229003906e-01
4.261392354965209961e-01
4.261601865291595459e-01
4.261900484561920166e-01
4.261509180068969727e-01
4.262116551399230957e-01
4.256132841110229492e-01
4.256636500358581543e-01
4.256132841110229492e-01
4.256132841110229492e-01
4.256132841110229492e-01
4.256132841110229492e-01
4.256132841110229492e-01
4.258683323860168457e-01
4.258541166782379150e-01
4.256132841110229492e-01
4.259520769119262695e-01
3.646795749664306641e-01
3.777085542678833008e-01
3.839895129203796387e-01
3.882273435592651367e-01
3.891817629337310791e-01
3.948493003845214844e-01
3.946267962455749512e-01
3.969819545745849609e-01
4.018417000770568848e-01
4.015507698059082031e-01
4.090443253517150879e-01
4.136722981929779053e-01
4.193357527256011963e-01
4.257690608501434326e-01
4.244986772537231445e-01
4.270662367343902588e-01
4.270792305469512939e-01
4.270395040512084961e-01
4.255442321300506592e-01
4.249793887138366699e-01
4.274771511554718018e-01
4.271382689476013184e-01
4.269916713237762451e-01
4.270881414413452148e-01
4.269697368144989014e-01
4.272381961345672607e-01
4.271669983863830566e-01
4.269173741340637207e-01
4.263695776462554932e-01
4.263246655464172363e-01
4.185347259044647217e-01
4.189251363277435303e-01
3.995754122734069824e-01
3.827307224273681641e-01
3.659359216690063477e-01
3.476860523223876953e-01
3.486060798168182373e-01
3.523747920989990234e-01
3.654080331325531006e-01
3.670136928558349609e-01
3.740165829658508301e-01
3.735958933830261230e-01
3.750106990337371826e-01
3.747627735137939453e-01
3.763358891010284424e-01
4.163434505462646484e-01
4.222657978534698486e-01
4.273727536201477051e-01
4.270074367523193359e-01
4.272706806659698486e-01
4.272325634956359863e-01
4.274762570858001709e-01
4.274261891841888428e-01
4.274293482303619385e-01
4.275049269199371338e-01
4.270361065864562988e-01
4.277247190475463867e-01
4.268175959587097168e-01
4.182291030883789062e-01
4.157362878322601318e-01
3.951615989208221436e-01
3.955107331275939941e-01
3.748211860656738281e-01
3.671227693557739258e-01
3.648844957351684570e-01
3.656566143035888672e-01
3.916327059268951416e-01
3.598541617393493652e-01
3.320099711418151855e-01
3.194570541381835938e-01
3.242736458778381348e-01
3.335625529289245605e-01
3.333727717399597168e-01
3.169528245925903320e-01
4.035645723342895508e-01
4.103760123252868652e-01
4.076521396636962891e-01
4.154074192047119141e-01
4.197504818439483643e-01
4.226868450641632080e-01
4.262337684631347656e-01
4.276810586452484131e-01
4.264454841613769531e-01
4.263814091682434082e-01
4.265622794628143311e-01
4.270050525665283203e-01
4.273945689201354980e-01
4.276704788208007812e-01
4.260239601135253906e-01
4.265438020229339600e-01
4.266274869441986084e-01
4.267174899578094482e-01
4.272514879703521729e-01
4.268065690994262695e-01
4.273121953010559082e-01
4.263284206390380859e-01
4.265940189361572266e-01
4.267129302024841309e-01
4.262156784534454346e-01
4.265541434288024902e-01
4.263188838958740234e-01
4.266018569469451904e-01
4.193683862686157227e-01
4.230040311813354492e-01
4.263629913330078125e-01
4.260390996932983398e-01
4.267067015171051025e-01
4.262885153293609619e-01
4.268074333667755127e-01
4.267019927501678467e-01
4.264670908451080322e-01
4.263036251068115234e-01
4.268966913223266602e-01
4.269019365310668945e-01
4.203575849533081055e-01
4.251006841659545898e-01
4.264884591102600098e-01
4.259411096572875977e-01
4.254874289035797119e-01
4.267807304859161377e-01
4.270155727863311768e-01
4.263811409473419189e-01
4.269154667854309082e-01
4.256132841110229492e-01
4.256132841110229492e-01
4.257178008556365967e-01
4.258379638195037842e-01
4.259528517723083496e-01
4.256132841110229492e-01
4.256878793239593506e-01
4.257985353469848633e-01
4.256132841110229492e-01
4.257318079471588135e-01
4.250331521034240723e-01
4.246307313442230225e-01
4.260985851287841797e-01
4.257545471191406250e-01
4.256132841110229492e-01
4.257593452930450439e-01
3.866257965564727783e-01
3.898291289806365967e-01
3.955811560153961182e-01
4.144673943519592285e-01
4.257928133010864258e-01
4.144073128700256348e-01
4.259284734725952148e-01
4.257770180702209473e-01
4.264163970947265625e-01
4.266403019428253174e-01
4.259995818138122559e-01
4.264331161975860596e-01
4.265493750572204590e-01
4.263129830360412598e-01
4.259203076362609863e-01
4.261361658573150635e-01
4.260384142398834229e-01
4.260082244873046875e-01
4.256132841110229492e-01
4.256132841110229492e-01
4.259264469146728516e-01
4.258302450180053711e-01
4.260206818580627441e-01
4.261102080345153809e-01
4.231135547161102295e-01
4.262822866439819336e-01
4.255252480506896973e-01
4.263550341129302979e-01
4.235760569572448730e-01
4.185983240604400635e-01
4.236842989921569824e-01
4.208537340164184570e-01
4.235632419586181641e-01
4.188908934593200684e-01
4.233897924423217773e-01
4.226185083389282227e-01
4.200392961502075195e-01
4.238387048244476318e-01
4.261856675148010254e-01
4.265624582767486572e-01
3.710066676139831543e-01
3.260775506496429443e-01
3.100124597549438477e-01
3.504539132118225098e-01
4.182427823543548584e-01
4.208680391311645508e-01
4.263369739055633545e-01
4.259990751743316650e-01
4.265814423561096191e-01
4.270492196083068848e-01
4.275755882263183594e-01
4.271069765090942383e-01
4.272902309894561768e-01
4.190534949302673340e-01
3.976151347160339355e-01
3.939016461372375488e-01
3.470673561096191406e-01
3.574519753456115723e-01
3.682551383972167969e-01
3.745946884155273438e-01
3.741758763790130615e-01
3.753717839717864990e-01
3.832452297210693359e-01
3.960940539836883545e-01
4.123340845108032227e-01
4.271475672721862793e-01
4.236381351947784424e-01
4.270544350147247314e-01
4.273964464664459229e-01
4.273137450218200684e-01
4.273970723152160645e-01
4.271643757820129395e-01
4.272031188011169434e-01
4.270967841148376465e-01
4.271443486213684082e-01
4.275285303592681885e-01
4.262613952159881592e-01
4.265520572662353516e-01
4.271457791328430176e-01
4.273591041564941406e-01
4.275505244731903076e-01
4.271778762340545654e-01
4.274368286132812500e-01
4.272388219833374023e-01
4.270514547824859619e-01
4.274996519088745117e-01
4.263954758644104004e-01
4.271340966224670410e-01
4.271333813667297363e-01
4.261271953582763672e-01
3.904106318950653076e-01
4.262465536594390869e-01
4.264338016510009766e-01
4.269279837608337402e-01
4.270014166831970215e-01
4.269007146358489990e-01
4.266618788242340088e-01
4.268907606601715088e-01
4.265530705451965332e-01
4.265321493148803711e-01
4.266418814659118652e-01
4.261401891708374023e-01
4.265374839305877686e-01
4.266498386859893799e-01
4.266730248928070068e-01
4.263674020767211914e-01
4.268031716346740723e-01
4.265899062156677246e-01
4.267958402633666992e-01
4.265336394309997559e-01
4.265773892402648926e-01
4.260329604148864746e-01
4.263504743576049805e-01
4.263897538185119629e-01
4.233300685882568359e-01
4.235048890113830566e-01
4.260685741901397705e-01
4.260936379432678223e-01
4.260907471179962158e-01
4.208648800849914551e-01
4.256804287433624268e-01
4.261192977428436279e-01
4.261552691459655762e-01
4.190846085548400879e-01
4.100944995880126953e-01
4.135629534721374512e-01
4.095670580863952637e-01
4.176961481571197510e-01
4.237715303897857666e-01
4.261751472949981689e-01
4.265623688697814941e-01
4.269971847534179688e-01
4.269362092018127441e-01
4.267918467521667480e-01
4.264841079711914062e-01
4.267364144325256348e-01
4.265312254428863525e-01
4.265448749065399170e-01
4.265375137329101562e-01
4.265293776988983154e-01
4.262599349021911621e-01
4.262716472148895264e-01
4.263561964035034180e-01
4.256132841110229492e-01
4.256346523761749268e-01
4.234406352043151855e-01
4.256132841110229492e-01
4.256132841110229492e-01
4.262985587120056152e-01
4.266154766082763672e-01
4.259276688098907471e-01
4.265421926975250244e-01
4.262228906154632568e-01
4.259865283966064453e-01
4.259369373321533203e-01
4.257098436355590820e-01
4.257154762744903564e-01
4.256132841110229492e-01
4.256132841110229492e-01
4.256132841110229492e-01
4.256132841110229492e-01
4.256132841110229492e-01
4.256132841110229492e-01
4.256132841110229492e-01
4.256132841110229492e-01
4.256132841110229492e-01
4.256132841110229492e-01
4.258221089839935303e-01
4.256132841110229492e-01
4.256132841110229492e-01
4.256132841110229492e-01
4.256132841110229492e-01
4.256132841110229492e-01
4.256132841110229492e-01
4.256132841110229492e-01
4.258396923542022705e-01
4.259881973266601562e-01
4.258971214294433594e-01
4.262363016605377197e-01
4.262585341930389404e-01
4.258954524993896484e-01
4.264759421348571777e-01
4.265430569648742676e-01
4.265207648277282715e-01
4.267089068889617920e-01
4.268451035022735596e-01
4.267176985740661621e-01
4.268104434013366699e-01
4.265227317810058594e-01
4.266693890094757080e-01
4.266266822814941406e-01
4.267133474349975586e-01
4.261746406555175781e-01
4.264729619026184082e-01
4.265305399894714355e-01
4.257211983203887939e-01
4.256425201892852783e-01
4.256132841110229492e-01
4.257875084877014160e-01
4.250241518020629883e-01
4.257851839065551758e-01
4.256132841110229492e-01
4.256132841110229492e-01
4.256234765052795410e-01
4.258235096931457520e-01
4.259598851203918457e-01
4.258209168910980225e-01
4.256676733493804932e-01
4.256132841110229492e-01
4.258953928947448730e-01
4.257863759994506836e-01
4.256132841110229492e-01
4.256132841110229492e-01
4.256132841110229492e-01
4.256132841110229492e-01
4.257184565067291260e-01
4.256132841110229492e-01
4.258190989494323730e-01
4.256132841110229492e-01
4.256132841110229492e-01
4.257117509841918945e-01
4.256607890129089355e-01
4.258175790309906006e-01
4.256132841110229492e-01
4.258223474025726318e-01
4.257871508598327637e-01
4.258773922920227051e-01
4.257555603981018066e-01
4.255769252777099609e-01
4.260989427566528320e-01
4.234385192394256592e-01
4.258367419242858887e-01
4.256132841110229492e-01
4.260261952877044678e-01
4.258814752101898193e-01
4.256132841110229492e-01
4.258756935596466064e-01
4.258558452129364014e-01
4.258965253829956055e-01
4.258928298950195312e-01
4.260975420475006104e-01
4.217502474784851074e-01
4.201191067695617676e-01
4.239510297775268555e-01
4.257165789604187012e-01
4.265986382961273193e-01
4.234112501144409180e-01
4.264498651027679443e-01
4.262253642082214355e-01
4.265347123146057129e-01
4.264740645885467529e-01
4.264653921127319336e-01
4.265564084053039551e-01
4.272179901599884033e-01
4.273406267166137695e-01
4.275422692298889160e-01
4.212227165699005127e-01
4.233378767967224121e-01
4.259626567363739014e-01
4.274352192878723145e-01
4.274446070194244385e-01
4.272845685482025146e-01
4.260525405406951904e-01
4.159254431724548340e-01
3.971312642097473145e-01
3.996383845806121826e-01
4.209314584732055664e-01
4.266193509101867676e-01
4.264757037162780762e-01
4.265221655368804932e-01
4.264240264892578125e-01
4.273114800453186035e-01
4.264560043811798096e-01
4.270361065864562988e-01
4.266318380832672119e-01
4.096518754959106445e-01
4.222564995288848877e-01
4.226697087287902832e-01
4.257377088069915771e-01
4.264639317989349365e-01
4.177383184432983398e-01
4.196888208389282227e-01
4.240283071994781494e-01
4.271999299526214600e-01
4.251453280448913574e-01
4.267015457153320312e-01
4.216891825199127197e-01
4.181160032749176025e-01
4.202724099159240723e-01
4.113315641880035400e-01
4.067167043685913086e-01
3.939459919929504395e-01
3.818313777446746826e-01
3.696540594100952148e-01
3.832349181175231934e-01
3.912447094917297363e-01
4.006531834602355957e-01
4.083986282348632812e-01
4.113090038299560547e-01
4.163036644458770752e-01
4.125857651233673096e-01
4.127312898635864258e-01
4.128389656543731689e-01
4.144839346408843994e-01
4.190768301486968994e-01
4.194770753383636475e-01
4.231290817260742188e-01
4.259116351604461670e-01
4.186527729034423828e-01
4.214852154254913330e-01
4.034189581871032715e-01
3.537363708019256592e-01
3.520365357398986816e-01
3.936386406421661377e-01
3.394157290458679199e-01
3.541649580001831055e-01
3.363705277442932129e-01
3.531484007835388184e-01
3.685081005096435547e-01
3.475688695907592773e-01
3.466877639293670654e-01
3.662317991256713867e-01
3.717988729476928711e-01
3.701025545597076416e-01
3.910832405090332031e-01
4.043800234794616699e-01
4.065764546394348145e-01
4.117178320884704590e-01
4.166440665721893311e-01
4.177955985069274902e-01
4.217242300510406494e-01
4.259800314903259277e-01
4.268977642059326172e-01
4.270395040512084961e-01
4.267742633819580078e-01
4.264816045761108398e-01
4.268012046813964844e-01
4.272176325321197510e-01
4.267441034317016602e-01
4.265650510787963867e-01
4.271531701087951660e-01
4.271540641784667969e-01
4.272632002830505371e-01
4.268068075180053711e-01
4.269491136074066162e-01
4.270895719528198242e-01
4.272139668464660645e-01
4.276121258735656738e-01
4.275445342063903809e-01
4.274487495422363281e-01
4.276813864707946777e-01
4.168399572372436523e-01
4.170907735824584961e-01
3.992010951042175293e-01
3.927737772464752197e-01
4.108635187149047852e-01
3.931182324886322021e-01
3.925592303276062012e-01
4.134133756160736084e-01
4.165466725826263428e-01
4.064019620418548584e-01
3.733932971954345703e-01
3.866081833839416504e-01
3.950809240341186523e-01
4.056901335716247559e-01
4.121820032596588135e-01
4.262368083000183105e-01
4.267491102218627930e-01
4.264999032020568848e-01
4.265690743923187256e-01
4.267447292804718018e-01
4.269401133060455322e-01
4.273307025432586670e-01
4.274037778377532959e-01
4.270752072334289551e-01
4.249588549137115479e-01
4.271792173385620117e-01
4.218572974205017090e-01
4.254682660102844238e-01
4.268850088119506836e-01
4.263967275619506836e-01
4.267666339874267578e-01
4.270160496234893799e-01
4.269726276397705078e-01
4.271863400936126709e-01
4.263409376144409180e-01
4.266977608203887939e-01
4.270885288715362549e-01
4.263751804828643799e-01
4.265876114368438721e-01
4.265324771404266357e-01
4.263682961463928223e-01
4.021526873111724854e-01
4.105123877525329590e-01
4.146330356597900391e-01
4.158456325531005859e-01
4.195309877395629883e-01
4.230318367481231689e-01
4.217267632484436035e-01
4.258226454257965088e-01
4.230975508689880371e-01
4.239453077316284180e-01
4.269536137580871582e-01
4.272097945213317871e-01
4.259091913700103760e-01
4.272716939449310303e-01
3.600847423076629639e-01
3.733916878700256348e-01
3.626056909561157227e-01
3.413376808166503906e-01
3.377405405044555664e-01
3.467723131179809570e-01
3.348223567008972168e-01
3.238528668880462646e-01
3.160401582717895508e-01
3.085989952087402344e-01
3.084745109081268311e-01
3.370013833045959473e-01
3.337539136409759521e-01
3.252003192901611328e-01
3.207520246505737305e-01
3.295139074325561523e-01
3.437480628490447998e-01
3.511688113212585449e-01
3.469654917716979980e-01
3.434957861900329590e-01
3.348101079463958740e-01
3.269091248512268066e-01
3.099499642848968506e-01
3.084315955638885498e-01
3.087707161903381348e-01
3.084371089935302734e-01
3.174254298210144043e-01
3.193969428539276123e-01
3.142415881156921387e-01
3.158279359340667725e-01
3.154104948043823242e-01
4.180124104022979736e-01
4.237192869186401367e-01
4.265137016773223877e-01
4.259639978408813477e-01
4.265685379505157471e-01
4.268554449081420898e-01
4.266848266124725342e-01
4.270804524421691895e-01
4.195654690265655518e-01
4.238932430744171143e-01
4.265816509723663330e-01
4.270563721656799316e-01
4.266538023948669434e-01
4.271828532218933105e-01
4.270379841327667236e-01
4.271258711814880371e-01
4.267484545707702637e-01
4.268369674682617188e-01
4.270748496055603027e-01
4.268290698528289795e-01
4.251539111137390137e-01
4.267683029174804688e-01
4.265689253807067871e-01
4.229974448680877686e-01
4.208183288574218750e-01
4.142414927482604980e-01
4.264750480651855469e-01
4.268224835395812988e-01
4.271272420883178711e-01
4.270311594009399414e-01
4.263402223587036133e-01
4.263256788253784180e-01
4.270350933074951172e-01
4.264672994613647461e-01
4.264259040355682373e-01
4.269662797451019287e-01
4.270280599594116211e-01
4.259969592094421387e-01
4.269163608551025391e-01
4.266670346260070801e-01
4.252055287361145020e-01
4.261679649353027344e-01
4.266811311244964600e-01
4.267506897449493408e-01
3.590018153190612793e-01
3.648882508277893066e-01
3.509934544563293457e-01
3.510424792766571045e-01
4.258808195590972900e-01
4.262874126434326172e-01
4.262092411518096924e-01
4.219447374343872070e-01
4.227944016456604004e-01
4.191200733184814453e-01
4.238510727882385254e-01
4.269479513168334961e-01
4.269086718559265137e-01
4.264317154884338379e-01
4.271174967288970947e-01
4.211502969264984131e-01
4.256765842437744141e-01
4.127388894557952881e-01
4.059491753578186035e-01
4.152345061302185059e-01
4.188813865184783936e-01
4.229724109172821045e-01
4.266652762889862061e-01
4.262432157993316650e-01
4.256132841110229492e-01
4.256132841110229492e-01
4.256132841110229492e-01
4.256132841110229492e-01
4.256132841110229492e-01
4.256439208984375000e-01
4.256132841110229492e-01
4.131810367107391357e-01
4.256132841110229492e-01
4.222921133041381836e-01
4.256132841110229492e-01
4.256132841110229492e-01
4.257037341594696045e-01
4.259780347347259521e-01
4.256132841110229492e-01
4.256132841110229492e-01
4.256132841110229492e-01
4.256132841110229492e-01
4.256132841110229492e-01
4.256132841110229492e-01
4.256132841110229492e-01
4.256486892700195312e-01
4.258962273597717285e-01
4.256132841110229492e-01
4.256132841110229492e-01
4.256691932678222656e-01
4.256132841110229492e-01
4.256132841110229492e-01
4.256143867969512939e-01
4.256479442119598389e-01
4.256132841110229492e-01
4.256132841110229492e-01
4.256132841110229492e-01
4.256132841110229492e-01
4.256132841110229492e-01
4.256132841110229492e-01
4.258153736591339111e-01
4.256132841110229492e-01
4.256132841110229492e-01
4.256132841110229492e-01
4.257306158542633057e-01
4.257313907146453857e-01
4.257223904132843018e-01
4.258134365081787109e-01
4.256132841110229492e-01
4.256132841110229492e-01
4.256132841110229492e-01
4.261704683303833008e-01
4.260300993919372559e-01
4.258383512496948242e-01
4.260427653789520264e-01
4.259085655212402344e-01
4.259218573570251465e-01
4.262192547321319580e-01
4.272623360157012939e-01
4.265708327293395996e-01
4.268574416637420654e-01
4.272038936614990234e-01
4.201270341873168945e-01
4.152951538562774658e-01
4.199902713298797607e-01
4.236262142658233643e-01
4.232242405414581299e-01
4.256232082843780518e-01
4.243257045745849609e-01
4.269157052040100098e-01
4.265162646770477295e-01
4.057080745697021484e-01
4.117980599403381348e-01
4.171487092971801758e-01
4.210866689682006836e-01
4.269593060016632080e-01
4.262334406375885010e-01
4.263169467449188232e-01
4.256132841110229492e-01
4.257971048355102539e-01
4.256132841110229492e-01
4.256132841110229492e-01
4.257120192050933838e-01
4.259614944458007812e-01
4.265217185020446777e-01
4.260513484477996826e-01
4.256376326084136963e-01
4.260135293006896973e-01
4.256132841110229492e-01
4.259660840034484863e-01
4.261753857135772705e-01
4.264398217201232910e-01
4.262577295303344727e-01
4.268002510070800781e-01
4.269662499427795410e-01
4.268200993537902832e-01
4.266662001609802246e-01
4.264877140522003174e-01
4.264874160289764404e-01
4.263598322868347168e-01
4.261087775230407715e-01
4.209111928939819336e-01
4.259205460548400879e-01
4.259520173072814941e-01
4.207436442375183105e-01
4.231476783752441406e-01
4.245185256004333496e-01
4.257213473320007324e-01
4.257805347442626953e-01
4.256155490875244141e-01
4.256132841110229492e-01
4.256132841110229492e-01
3.830444812774658203e-01
3.905417025089263916e-01
3.958144783973693848e-01
3.992906212806701660e-01
4.020675718784332275e-01
4.072643816471099854e-01
4.108538925647735596e-01
4.174404144287109375e-01
4.201109111309051514e-01
4.236686825752258301e-01
4.263198077678680420e-01
4.273682832717895508e-01
4.215868711471557617e-01
4.130773246288299561e-01
4.163244366645812988e-01
4.014575481414794922e-01
3.902969956398010254e-01
3.921123147010803223e-01
3.997345268726348877e-01
3.777048885822296143e-01
3.898012042045593262e-01
3.972678780555725098e-01
4.062771499156951904e-01
4.051455855369567871e-01
4.109309911727905273e-01
3.990814387798309326e-01
3.657420873641967773e-01
3.319300115108489990e-01
3.182099461555480957e-01
3.308771550655364990e-01
3.498690128326416016e-01
3.238692879676818848e-01
3.304517269134521484e-01
3.346310853958129883e-01
3.547968864440917969e-01
3.472678065299987793e-01
3.186838030815124512e-01
3.100839853286743164e-01
2.958146929740905762e-01
3.059167861938476562e-01
3.204271495342254639e-01
3.470627069473266602e-01
3.669244050979614258e-01
3.726640045642852783e-01
3.898080587387084961e-01
4.270436763763427734e-01
4.265516400337219238e-01
4.267086982727050781e-01
4.266279041767120361e-01
4.265226721763610840e-01
4.265209436416625977e-01
4.265530407428741455e-01
4.267339408397674561e-01
4.266187548637390137e-01
4.270991981029510498e-01
4.270469844341278076e-01
4.267648756504058838e-01
4.268308877944946289e-01
4.266379475593566895e-01
4.209390878677368164e-01
4.259484410285949707e-01
4.265029430389404297e-01
4.265896975994110107e-01
4.262398481369018555e-01
4.259860813617706299e-01
4.265230298042297363e-01
4.265539050102233887e-01
4.263543188571929932e-01
4.262127876281738281e-01
4.261497855186462402e-01
4.190890789031982422e-01
4.203961789608001709e-01
4.177815616130828857e-01
4.155102670192718506e-01
4.177924990653991699e-01
4.207406640052795410e-01
4.205751419067382812e-01
4.151315689086914062e-01
4.187784790992736816e-01
4.194520711898803711e-01
4.226981103420257568e-01
4.258996844291687012e-01
4.264058470726013184e-01
4.264646172523498535e-01
4.268077611923217773e-01
4.266687333583831787e-01
4.267644286155700684e-01
4.264425039291381836e-01
4.264654815196990967e-01
4.261495769023895264e-01
4.262900650501251221e-01
4.257418811321258545e-01
4.268463551998138428e-01
4.266037046909332275e-01
4.266639351844787598e-01
4.265556335449218750e-01
4.262317419052124023e-01
4.263549745082855225e-01
4.263697564601898193e-01
4.261402487754821777e-01
4.260778427124023438e-01
4.259981513023376465e-01
4.258679747581481934e-01
4.261036515235900879e-01
4.263527691364288330e-01
4.256132841110229492e-01
4.260964989662170410e-01
4.261872768402099609e-01
4.230799376964569092e-01
4.264117181301116943e-01
4.265626072883605957e-01
4.264521896839141846e-01
4.262480735778808594e-01
4.263373911380767822e-01
4.262511134147644043e-01
4.263821244239807129e-01
4.264009594917297363e-01
4.264637529850006104e-01
3.559920191764831543e-01
4.263094961643218994e-01
4.265102744102478027e-01
4.264577627182006836e-01
4.264538884162902832e-01
4.263796508312225342e-01
4.264087677001953125e-01
4.276109933853149414e-01
4.272161722183227539e-01
4.274950325489044189e-01
4.269776642322540283e-01
4.269703626632690430e-01
4.270568192005157471e-01
4.268099069595336914e-01
4.264705479145050049e-01
3.637351989746093750e-01
3.544880151748657227e-01
3.595262169837951660e-01
4.223853945732116699e-01
4.259156584739685059e-01
4.256132841110229492e-01
4.256132841110229492e-01
4.260084033012390137e-01
4.176534414291381836e-01
4.116554260253906250e-01
4.177429080009460449e-01
4.241948127746582031e-01
4.272417724132537842e-01
4.260094165802001953e-01
4.257988929748535156e-01
4.265899956226348877e-01
4.061799645423889160e-01
4.256132841110229492e-01
4.256132841110229492e-01
4.256132841110229492e-01
4.256132841110229492e-01
4.256132841110229492e-01
4.256132841110229492e-01
4.256132841110229492e-01
3.876736760139465332e-01
4.256132841110229492e-01
4.256132841110229492e-01
4.257113933563232422e-01
4.256132841110229492e-01
4.256132841110229492e-01
4.256346225738525391e-01
4.256132841110229492e-01
4.256657361984252930e-01
4.221688807010650635e-01
4.231733083724975586e-01
4.243327081203460693e-01
3.587918281555175781e-01
3.478785753250122070e-01
3.665819764137268066e-01
3.744055628776550293e-01
3.646521270275115967e-01
3.665469586849212646e-01
3.748817145824432373e-01
3.886408805847167969e-01
3.986846804618835449e-01
4.037545919418334961e-01
4.096869230270385742e-01
4.160473942756652832e-01
4.200123548507690430e-01
4.267932772636413574e-01
4.274587929248809814e-01
4.275866746902465820e-01
4.272258281707763672e-01
4.268331825733184814e-01
3.687263131141662598e-01
3.688293099403381348e-01
3.705154657363891602e-01
3.747093081474304199e-01
4.263851940631866455e-01
4.260267317295074463e-01
4.263857603073120117e-01
4.263559877872467041e-01
3.946788311004638672e-01
3.677397966384887695e-01
3.738102912902832031e-01
3.771072924137115479e-01
3.756999969482421875e-01
3.648517727851867676e-01
3.631881177425384521e-01
4.256516396999359131e-01
3.622807264328002930e-01
4.258354008197784424e-01
3.303668200969696045e-01
3.418993949890136719e-01
3.329351544380187988e-01
3.309346437454223633e-01
3.310866057872772217e-01
3.292759656906127930e-01
3.231865167617797852e-01
3.220630586147308350e-01
3.246088922023773193e-01
3.197980821132659912e-01
3.232163786888122559e-01
3.225995004177093506e-01
3.077942132949829102e-01
4.238767623901367188e-01
4.129961133003234863e-01
2.940614819526672363e-01
4.271136522293090820e-01
2.856263518333435059e-01
2.862999141216278076e-01
2.891213297843933105e-01
3.203425109386444092e-01
4.274035990238189697e-01
4.268256425857543945e-01
4.262544512748718262e-01
4.246935248374938965e-01
4.257146120071411133e-01
4.236379265785217285e-01
4.270376265048980713e-01
4.268077015876770020e-01
4.266642034053802490e-01
4.269782006740570068e-01
3.977519869804382324e-01
4.270848631858825684e-01
4.275413155555725098e-01
4.225091636180877686e-01
4.231358170509338379e-01
4.269404411315917969e-01
4.274843335151672363e-01
4.275885820388793945e-01
4.275290071964263916e-01
4.275381267070770264e-01
4.268417954444885254e-01
4.268203973770141602e-01
4.267424643039703369e-01
4.267101883888244629e-01
4.263123869895935059e-01
4.266053438186645508e-01
4.265282154083251953e-01
4.265500307083129883e-01
4.270266592502593994e-01
4.268502891063690186e-01
4.268734753131866455e-01
4.268446266651153564e-01
4.269933700561523438e-01
4.262890517711639404e-01
4.264369904994964600e-01
4.264017343521118164e-01
4.266008138656616211e-01
4.272909462451934814e-01
4.271835386753082275e-01
4.082567393779754639e-01
3.907466232776641846e-01
3.865859210491180420e-01
3.970266580581665039e-01
4.083473384380340576e-01
4.074021875858306885e-01
4.085418581962585449e-01
4.173749089241027832e-01
4.225532412528991699e-01
4.268817007541656494e-01
4.269927144050598145e-01
4.273167550563812256e-01
4.268789887428283691e-01
4.270273447036743164e-01
4.270291924476623535e-01
4.264782667160034180e-01
4.269963800907135010e-01
4.271732270717620850e-01
4.268348813056945801e-01
4.271342158317565918e-01
4.262423217296600342e-01
4.228495657444000244e-01
4.265358150005340576e-01
4.273195266723632812e-01
4.274688959121704102e-01
4.272297322750091553e-01
4.241967499256134033e-01
4.266564548015594482e-01
4.272736012935638428e-01
4.271874427795410156e-01
4.273787736892700195e-01
4.272658824920654297e-01
4.215045571327209473e-01
4.239817261695861816e-01
4.274526238441467285e-01
4.271782636642456055e-01
4.273474812507629395e-01
4.273552894592285156e-01
4.270943105220794678e-01
4.274618327617645264e-01
4.268863797187805176e-01
4.274933040142059326e-01
4.273712038993835449e-01
4.256922304630279541e-01
4.275017976760864258e-01
4.265943467617034912e-01
4.273727536201477051e-01
4.274145960807800293e-01
4.192955791950225830e-01
4.072745442390441895e-01
3.818594515323638916e-01
4.207381606101989746e-01
4.218456745147705078e-01
4.221163988113403320e-01
4.255487322807312012e-01
4.269764423370361328e-01
4.263924360275268555e-01
4.266464114189147949e-01
4.265364706516265869e-01
4.266585707664489746e-01
4.264726638793945312e-01
4.256132841110229492e-01
4.256132841110229492e-01
4.256132841110229492e-01
4.256132841110229492e-01
3.908370137214660645e-01
4.006104469299316406e-01
4.052371382713317871e-01
4.075220525264739990e-01
4.123705625534057617e-01
4.153735935688018799e-01
4.144349694252014160e-01
4.160667955875396729e-01
4.038462936878204346e-01
3.793761432170867920e-01
3.567961156368255615e-01
3.643605113029479980e-01
3.414837718009948730e-01
3.302531242370605469e-01
3.249880075454711914e-01
3.096893429756164551e-01
3.225736021995544434e-01
3.110062777996063232e-01
3.080130219459533691e-01
3.062912225723266602e-01
3.033484816551208496e-01
3.050187230110168457e-01
3.067193627357482910e-01
3.088740110397338867e-01
3.046465814113616943e-01
2.974174022674560547e-01
3.116763234138488770e-01
3.332600295543670654e-01
3.380867838859558105e-01
3.357802629470825195e-01
3.429672122001647949e-01
3.534434437751770020e-01
3.465440273284912109e-01
3.288629055023193359e-01
3.388487100601196289e-01
3.515041470527648926e-01
3.370494544506072998e-01
3.544951677322387695e-01
3.572622239589691162e-01
3.461534678936004639e-01
3.625154495239257812e-01
3.461210429668426514e-01
3.601042032241821289e-01
3.817456066608428955e-01
3.980485796928405762e-01
4.265146553516387939e-01
4.265287220478057861e-01
4.269248843193054199e-01
4.269388318061828613e-01
4.269699156284332275e-01
4.269189536571502686e-01
4.271951317787170410e-01
4.270869791507720947e-01
4.271826744079589844e-01
4.273301362991333008e-01
4.240232706069946289e-01
4.231525659561157227e-01
4.174769818782806396e-01
4.100674092769622803e-01
4.154080748558044434e-01
4.145846962928771973e-01
4.121345579624176025e-01
4.150842428207397461e-01
4.053206145763397217e-01
4.119217395782470703e-01
4.161497652530670166e-01
4.148883223533630371e-01
4.186521172523498535e-01
4.207573533058166504e-01
4.234759211540222168e-01
4.266273975372314453e-01
4.275993108749389648e-01
4.272728264331817627e-01
4.267961084842681885e-01
4.271948039531707764e-01
4.159603714942932129e-01
4.172246456146240234e-01
4.230828881263732910e-01
4.270917773246765137e-01
4.267278909683227539e-01
4.272738695144653320e-01
4.270581305027008057e-01
4.265741109848022461e-01
4.270032346248626709e-01
4.263199269771575928e-01
4.273137450218200684e-01
4.264690279960632324e-01
4.112720787525177002e-01
4.210737347602844238e-01
4.268245100975036621e-01
3.853569626808166504e-01
3.925929069519042969e-01
3.983071446418762207e-01
4.047196209430694580e-01
4.095260500907897949e-01
4.137003719806671143e-01
4.181767404079437256e-01
4.218234419822692871e-01
3.925157785415649414e-01
4.256132841110229492e-01
4.256132841110229492e-01
4.256335496902465820e-01
4.251403808593750000e-01
4.256132841110229492e-01
4.257427752017974854e-01
4.256132841110229492e-01
3.778313994407653809e-01
