4.216973781585693359e-01
4.055867195129394531e-01
4.138635396957397461e-01
4.161837697029113770e-01
4.131029248237609863e-01
4.021340310573577881e-01
4.191621243953704834e-01
4.183799028396606445e-01
4.186832308769226074e-01
4.188873469829559326e-01
4.183144867420196533e-01
4.183511734008789062e-01
4.067245721817016602e-01
3.981603384017944336e-01
3.591562509536743164e-01
3.352325558662414551e-01
3.625052869319915771e-01
3.742475211620330811e-01
3.783783912658691406e-01
3.835837543010711670e-01
3.597120642662048340e-01
3.774798810482025146e-01
3.551556468009948730e-01
3.781449794769287109e-01
3.720532059669494629e-01
3.786105513572692871e-01
3.721381425857543945e-01
3.769534826278686523e-01
3.683503270149230957e-01
3.739656805992126465e-01
3.567746877670288086e-01
3.566564321517944336e-01
3.654331564903259277e-01
3.751085996627807617e-01
3.649787902832031250e-01
3.730825185775756836e-01
3.535772264003753662e-01
3.463524281978607178e-01
3.764759302139282227e-01
3.656874895095825195e-01
3.806045055389404297e-01
3.702430427074432373e-01
3.784213662147521973e-01
3.705005645751953125e-01
3.732539415359497070e-01
3.604463934898376465e-01
3.803981542587280273e-01
4.002027809619903564e-01
4.017447233200073242e-01
4.015016555786132812e-01
4.024482965469360352e-01
3.864294588565826416e-01
3.927896022796630859e-01
3.895477652549743652e-01
3.965591788291931152e-01
3.990620970726013184e-01
3.819563984870910645e-01
3.938887417316436768e-01
3.951481580734252930e-01
3.842235207557678223e-01
3.665084242820739746e-01
3.402349948883056641e-01
3.823541402816772461e-01
3.887287974357604980e-01
3.922690749168395996e-01
3.852701783180236816e-01
3.737594485282897949e-01
3.834822475910186768e-01
3.937103748321533203e-01
3.733518123626708984e-01
3.839611411094665527e-01
3.876949846744537354e-01
3.881628811359405518e-01
3.815996646881103516e-01
3.779922127723693848e-01
3.935197293758392334e-01
3.958992660045623779e-01
3.976160883903503418e-01
3.962720930576324463e-01
3.985767662525177002e-01
3.993839621543884277e-01
3.900164365768432617e-01
3.860648274421691895e-01
3.907822072505950928e-01
3.782375454902648926e-01
3.881838917732238770e-01
3.849321007728576660e-01
3.573496937751770020e-01
3.430737257003784180e-01
3.195506930351257324e-01
3.098518252372741699e-01
3.098782300949096680e-01
3.077659010887145996e-01
3.063779771327972412e-01
3.077263832092285156e-01
3.122629523277282715e-01
3.185650706291198730e-01
3.108927011489868164e-01
3.103650808334350586e-01
3.096817731857299805e-01
3.308059573173522949e-01
3.354998230934143066e-01
3.641216754913330078e-01
3.480226397514343262e-01
3.632371127605438232e-01
3.626839518547058105e-01
3.724811077117919922e-01
3.645855188369750977e-01
3.703221678733825684e-01
3.591356873512268066e-01
3.704105615615844727e-01
3.632962703704833984e-01
3.610842227935791016e-01
3.528353869915008545e-01
3.689250349998474121e-01
3.596574962139129639e-01
3.712383508682250977e-01
3.655406832695007324e-01
3.736472129821777344e-01
3.650470376014709473e-01
3.745627403259277344e-01
3.591648340225219727e-01
3.699810504913330078e-01
3.568175733089447021e-01
3.694344758987426758e-01
3.607888817787170410e-01
3.733917176723480225e-01
3.475893735885620117e-01
3.596412539482116699e-01
3.656997680664062500e-01
3.690939843654632568e-01
3.584524393081665039e-01
3.669160306453704834e-01
3.571717739105224609e-01
3.700338006019592285e-01
3.550606966018676758e-01
3.690611720085144043e-01
3.613654971122741699e-01
3.717190921306610107e-01
3.595997095108032227e-01
3.700402379035949707e-01
3.679379224777221680e-01
3.742437958717346191e-01
3.677157163619995117e-01
3.745609521865844727e-01
3.667556047439575195e-01
3.556779026985168457e-01
3.576686978340148926e-01
3.754124343395233154e-01
3.745453059673309326e-01
3.698581159114837646e-01
3.591179847717285156e-01
3.747680187225341797e-01
3.567366302013397217e-01
3.803150951862335205e-01
3.629685640335083008e-01
3.659924864768981934e-01
3.692484796047210693e-01
3.781964778900146484e-01
3.687083125114440918e-01
3.691167831420898438e-01
3.699124455451965332e-01
3.688973784446716309e-01
3.713661432266235352e-01
3.702594637870788574e-01
3.745287060737609863e-01
3.736087083816528320e-01
3.809159100055694580e-01
3.608803749084472656e-01
3.733708858489990234e-01
3.808534443378448486e-01
3.804959654808044434e-01
3.695799708366394043e-01
3.870737254619598389e-01
3.780690133571624756e-01
3.877542614936828613e-01
3.849629461765289307e-01
3.828747272491455078e-01
3.925604820251464844e-01
3.482097089290618896e-01
3.494521379470825195e-01
3.806373775005340576e-01
3.484141826629638672e-01
3.823163211345672607e-01
3.768699765205383301e-01
3.824028074741363525e-01
3.566115498542785645e-01
3.617190122604370117e-01
3.721049427986145020e-01
3.327150940895080566e-01
3.191181421279907227e-01
3.081752061843872070e-01
3.405815958976745605e-01
3.087096810340881348e-01
3.364337682723999023e-01
3.346636891365051270e-01
3.068434596061706543e-01
3.581343591213226318e-01
3.593267202377319336e-01
3.509644865989685059e-01
3.586244583129882812e-01
3.442816138267517090e-01
3.604162931442260742e-01
3.485834002494812012e-01
3.513644337654113770e-01
3.408068418502807617e-01
3.538640141487121582e-01
3.291053175926208496e-01
2.652038037776947021e-01
3.266779780387878418e-01
0.000000000000000000e+00
2.831159234046936035e-01
0.000000000000000000e+00
0.000000000000000000e+00
3.555386662483215332e-01
3.502839505672454834e-01
3.166243433952331543e-01
2.949749231338500977e-01
3.781961798667907715e-01
2.883525788784027100e-01
0.000000000000000000e+00
3.559014201164245605e-01
3.366574645042419434e-01
0.000000000000000000e+00
0.000000000000000000e+00
0.000000000000000000e+00
0.000000000000000000e+00
0.000000000000000000e+00
0.000000000000000000e+00
3.459447324275970459e-01
2.460617423057556152e-01
2.334337532520294189e-01
1.627110242843627930e-01
0.000000000000000000e+00
0.000000000000000000e+00
0.000000000000000000e+00
3.653572201728820801e-01
3.278417289257049561e-01
3.841189742088317871e-01
3.799953162670135498e-01
3.913347721099853516e-01
3.631977438926696777e-01
3.599954843521118164e-01
3.564474284648895264e-01
3.357319235801696777e-01
3.351366519927978516e-01
3.273183107376098633e-01
3.293297290802001953e-01
3.277131915092468262e-01
3.272610902786254883e-01
3.299840390682220459e-01
3.572549223899841309e-01
3.513451218605041504e-01
3.308826088905334473e-01
3.380411565303802490e-01
3.302631974220275879e-01
3.512795865535736084e-01
3.546159267425537109e-01
3.734906613826751709e-01
3.564780950546264648e-01
3.696493506431579590e-01
3.609463572502136230e-01
3.746477365493774414e-01
3.619802594184875488e-01
3.704741001129150391e-01
3.633296489715576172e-01
3.746182918548583984e-01
3.542636334896087646e-01
3.752957880496978760e-01
3.620875477790832520e-01
3.713222146034240723e-01
3.677182197570800781e-01
3.557484149932861328e-01
3.588398993015289307e-01
3.681872487068176270e-01
3.681112229824066162e-01
3.649268746376037598e-01
3.706629276275634766e-01
3.568126559257507324e-01
3.702836334705352783e-01
3.571238219738006592e-01
3.516819477081298828e-01
3.682113289833068848e-01
3.746489882469177246e-01
3.665621876716613770e-01
3.636594414710998535e-01
3.457486629486083984e-01
3.109387755393981934e-01
3.287606239318847656e-01
3.014085888862609863e-01
3.047812581062316895e-01
1.306577026844024658e-01
1.088271439075469971e-01
1.796514093875885010e-01
1.762235462665557861e-01
2.321572899818420410e-01
1.920791566371917725e-01
2.129840552806854248e-01
2.041982710361480713e-01
2.028661072254180908e-01
2.564112842082977295e-01
2.535672783851623535e-01
2.222674489021301270e-01
2.473658621311187744e-01
2.453172206878662109e-01
2.259736955165863037e-01
2.785568237304687500e-01
2.664419412612915039e-01
3.085865974426269531e-01
2.766796946525573730e-01
3.002903461456298828e-01
2.391773164272308350e-01
2.452380955219268799e-01
3.213083148002624512e-01
3.147635161876678467e-01
3.604298830032348633e-01
3.415048122406005859e-04
2.173004448413848877e-01
1.912654936313629150e-01
3.587825298309326172e-01
3.514148890972137451e-01
3.563375473022460938e-01
3.664157986640930176e-01
3.574083447456359863e-01
3.642798066139221191e-01
2.563732862472534180e-01
3.369484543800354004e-01
3.462745845317840576e-01
3.783938586711883545e-01
3.789837956428527832e-01
3.621573150157928467e-01
3.731573522090911865e-01
3.696164488792419434e-01
3.689238429069519043e-01
3.648100793361663818e-01
3.776027560234069824e-01
3.621905446052551270e-01
3.757752776145935059e-01
3.680067062377929688e-01
3.779269158840179443e-01
3.666983544826507568e-01
3.768301010131835938e-01
3.655369281768798828e-01
3.764556348323822021e-01
3.631748855113983154e-01
3.771373629570007324e-01
3.654873073101043701e-01
3.698134422302246094e-01
3.605497479438781738e-01
3.748785555362701416e-01
3.599789142608642578e-01
3.658931255340576172e-01
3.783127963542938232e-01
3.638536930084228516e-01
3.735093474388122559e-01
3.626535236835479736e-01
3.723006248474121094e-01
3.644745945930480957e-01
3.718874454498291016e-01
3.632766604423522949e-01
3.759257197380065918e-01
3.610644936561584473e-01
3.730231523513793945e-01
3.600951433181762695e-01
3.434145152568817139e-01
3.701257109642028809e-01
3.401417732238769531e-01
3.637875318527221680e-01
2.861520051956176758e-01
3.570339679718017578e-01
3.260316550731658936e-01
3.259899616241455078e-01
3.550818562507629395e-01
3.658450245857238770e-01
3.515971899032592773e-01
3.619849085807800293e-01
3.517106175422668457e-01
3.631864190101623535e-01
3.512995839118957520e-01
1.629710495471954346e-01
3.592053055763244629e-01
3.698218464851379395e-01
3.598216176033020020e-01
3.803008794784545898e-01
2.248692214488983154e-01
3.631561994552612305e-01
3.622629642486572266e-01
3.410527110099792480e-01
3.478906750679016113e-01
3.453198671340942383e-01
3.588448762893676758e-01
3.664907813072204590e-01
2.789977490901947021e-01
3.472976088523864746e-01
3.438273072242736816e-01
3.398750424385070801e-01
2.654244303703308105e-01
2.665726542472839355e-01
3.542438745498657227e-01
3.577024340629577637e-01
3.694406449794769287e-01
3.644536733627319336e-01
3.643920123577117920e-01
3.632723987102508545e-01
3.475725650787353516e-01
3.547403216361999512e-01
3.463022410869598389e-01
3.348423838615417480e-01
3.508017659187316895e-01
2.703954577445983887e-01
3.711912035942077637e-01
3.667204380035400391e-01
3.013312220573425293e-01
1.392364203929901123e-01
3.308613896369934082e-01
2.956627607345581055e-01
3.123448789119720459e-01
3.200968205928802490e-01
3.179667592048645020e-01
3.280645608901977539e-01
3.234417438507080078e-01
2.330842018127441406e-01
3.445159196853637695e-01
3.167288005352020264e-01
3.214505314826965332e-01
3.459013700485229492e-01
3.499530255794525146e-01
3.351411521434783936e-01
0.000000000000000000e+00
3.709800839424133301e-01
3.743544816970825195e-01
3.586186170578002930e-01
3.733043074607849121e-01
3.528591394424438477e-01
3.615648150444030762e-01
3.665773272514343262e-01
3.811925351619720459e-01
3.833608031272888184e-01
3.865661025047302246e-01
3.568898439407348633e-01
3.540692925453186035e-01
3.415179848670959473e-01
3.533306717872619629e-01
3.574314713478088379e-01
3.566339015960693359e-01
3.452028632164001465e-01
3.556632399559020996e-01
3.467030525207519531e-01
3.498501777648925781e-01
3.788931369781494141e-01
3.773405551910400391e-01
3.420169353485107422e-01
3.447600305080413818e-01
3.378790020942687988e-01
3.573617637157440186e-01
3.324226737022399902e-01
3.430535793304443359e-01
3.528988361358642578e-01
3.465241193771362305e-01
3.485495448112487793e-01
3.415018320083618164e-01
3.478137254714965820e-01
3.623028397560119629e-01
3.155654668807983398e-01
3.515935838222503662e-01
3.493136465549468994e-01
3.300885558128356934e-01
3.309635519981384277e-01
3.283345103263854980e-01
3.409298658370971680e-01
3.624149262905120850e-01
0.000000000000000000e+00
0.000000000000000000e+00
0.000000000000000000e+00
0.000000000000000000e+00
0.000000000000000000e+00
0.000000000000000000e+00
3.554576337337493896e-01
3.630319237709045410e-01
3.685361146926879883e-01
3.834180533885955811e-01
3.692949414253234863e-01
3.775528967380523682e-01
3.416286706924438477e-01
3.335449397563934326e-01
3.281336724758148193e-01
3.273292779922485352e-01
3.199336528778076172e-01
3.316211700439453125e-01
3.077012896537780762e-01
3.301467597484588623e-01
3.489987254142761230e-01
3.677282333374023438e-01
3.659485280513763428e-01
3.671672940254211426e-01
3.811334669589996338e-01
3.747911155223846436e-01
3.806112408638000488e-01
3.589068055152893066e-01
3.618641495704650879e-01
3.691465258598327637e-01
3.656597733497619629e-01
3.727405667304992676e-01
3.754021227359771729e-01
3.599140346050262451e-01
3.723228573799133301e-01
3.817052245140075684e-01
3.813699483871459961e-01
3.760554194450378418e-01
3.792629837989807129e-01
3.812457621097564697e-01
3.867600262165069580e-01
3.806960582733154297e-01
3.764218986034393311e-01
3.877860903739929199e-01
3.714568614959716797e-01
3.884538412094116211e-01
3.824300765991210938e-01
3.890719413757324219e-01
3.810204267501831055e-01
3.843225836753845215e-01
3.814743161201477051e-01
3.681901395320892334e-01
3.550802171230316162e-01
3.591203093528747559e-01
3.862405419349670410e-01
3.781343102455139160e-01
3.801902532577514648e-01
3.584108352661132812e-01
3.802838921546936035e-01
3.755300641059875488e-01
3.693269789218902588e-01
3.798829615116119385e-01
3.885869085788726807e-01
3.919501304626464844e-01
3.924108743667602539e-01
3.926959931850433350e-01
3.975602686405181885e-01
4.021450281143188477e-01
4.045569896697998047e-01
4.104498624801635742e-01
4.108493626117706299e-01
4.030728936195373535e-01
4.070388376712799072e-01
4.040834903717041016e-01
3.996213972568511963e-01
4.069808125495910645e-01
3.987526893615722656e-01
4.148232340812683105e-01
4.163731932640075684e-01
4.007376134395599365e-01
4.116380214691162109e-01
4.162093102931976318e-01
4.173276424407958984e-01
3.967748284339904785e-01
4.258016943931579590e-01
4.118303656578063965e-01
4.191836118698120117e-01
4.107362627983093262e-01
4.024839699268341064e-01
4.087952971458435059e-01
3.782696127891540527e-01
3.663536310195922852e-01
3.884007632732391357e-01
3.889203965663909912e-01
3.900327384471893311e-01
3.874429762363433838e-01
3.681232929229736328e-01
3.980374932289123535e-01
3.819732367992401123e-01
3.677349090576171875e-01
3.567260503768920898e-01
3.344613015651702881e-01
3.654649853706359863e-01
3.788985311985015869e-01
3.849541246891021729e-01
3.575748205184936523e-01
3.859605193138122559e-01
4.080602228641510010e-01
3.785605430603027344e-01
3.774135708808898926e-01
3.382453918457031250e-01
3.820165097713470459e-01
3.540024757385253906e-01
3.612574338912963867e-01
3.619749546051025391e-01
3.669524788856506348e-01
3.649090528488159180e-01
3.648633360862731934e-01
3.679773211479187012e-01
3.627765774726867676e-01
3.517163991928100586e-01
3.676489591598510742e-01
3.561369180679321289e-01
3.288063406944274902e-01
3.604582548141479492e-01
3.689175844192504883e-01
3.761195540428161621e-01
3.706580400466918945e-01
3.770559728145599365e-01
3.673521280288696289e-01
3.741970658302307129e-01
3.668448925018310547e-01
3.529745340347290039e-01
3.720924258232116699e-01
3.666049242019653320e-01
3.546115756034851074e-01
3.448305726051330566e-01
3.675915598869323730e-01
3.683443665504455566e-01
3.791694641113281250e-01
3.749169707298278809e-01
3.740860223770141602e-01
3.689532876014709473e-01
3.779814839363098145e-01
3.705953359603881836e-01
3.808079063892364502e-01
3.594661355018615723e-01
3.653017878532409668e-01
3.685299456119537354e-01
3.766699135303497314e-01
3.724944591522216797e-01
3.723563849925994873e-01
3.686357736587524414e-01
3.805875778198242188e-01
3.740260303020477295e-01
3.914314806461334229e-01
3.916027545928955078e-01
3.924550116062164307e-01
3.944234251976013184e-01
3.944166600704193115e-01
4.025668203830718994e-01
4.054835736751556396e-01
4.038210213184356689e-01
4.048974215984344482e-01
3.924616873264312744e-01
3.996673822402954102e-01
4.096027910709381104e-01
4.057976007461547852e-01
3.871886134147644043e-01
4.271955788135528564e-01
3.803926408290863037e-01
3.599135279655456543e-01
3.792410492897033691e-01
3.867028951644897461e-01
3.903361260890960693e-01
3.715295195579528809e-01
3.910510838031768799e-01
3.920752406120300293e-01
3.930146396160125732e-01
3.942503035068511963e-01
3.951320648193359375e-01
3.930015265941619873e-01
4.203135669231414795e-01
3.960037231445312500e-01
3.801048099994659424e-01
3.693732619285583496e-01
3.425305485725402832e-01
3.824968039989471436e-01
3.620221018791198730e-01
3.820430040359497070e-01
3.805482089519500732e-01
3.730288743972778320e-01
3.548959195613861084e-01
3.516433835029602051e-01
3.621824681758880615e-01
3.564025163650512695e-01
3.662224709987640381e-01
3.721081614494323730e-01
3.645118176937103271e-01
3.729838728904724121e-01
3.650135993957519531e-01
3.697760701179504395e-01
3.649145364761352539e-01
3.714002370834350586e-01
3.604830503463745117e-01
3.676860034465789795e-01
3.660870492458343506e-01
3.701220452785491943e-01
3.646964430809020996e-01
3.650712072849273682e-01
3.642432689666748047e-01
3.519331812858581543e-01
3.625330328941345215e-01
3.502365946769714355e-01
3.698992133140563965e-01
3.507589697837829590e-01
3.612510561943054199e-01
3.510523438453674316e-01
3.590653836727142334e-01
3.518892228603363037e-01
3.698534369468688965e-01
3.729731440544128418e-01
3.690751791000366211e-01
3.642842471599578857e-01
3.646088838577270508e-01
3.594275712966918945e-01
3.686072528362274170e-01
3.598352670669555664e-01
3.452694416046142578e-01
3.286517560482025146e-01
3.107747435569763184e-01
3.481246232986450195e-01
3.397810161113739014e-01
3.766085505485534668e-01
3.648680150508880615e-01
3.700455129146575928e-01
3.732548952102661133e-01
3.755397498607635498e-01
3.767646849155426025e-01
3.785323500633239746e-01
3.362409472465515137e-01
3.760381340980529785e-01
3.752826154232025146e-01
3.566890954971313477e-01
3.470540940761566162e-01
3.507243394851684570e-01
3.799266219139099121e-01
3.710526823997497559e-01
3.608105182647705078e-01
3.520727753639221191e-01
3.610232472419738770e-01
3.512808382511138916e-01
3.647412657737731934e-01
3.503475189208984375e-01
3.532897830009460449e-01
3.654450178146362305e-01
3.610525727272033691e-01
3.505288958549499512e-01
3.721407055854797363e-01
3.595311343669891357e-01
3.639483451843261719e-01
3.492776155471801758e-01
3.829573094844818115e-01
3.918202221393585205e-01
3.941105604171752930e-01
3.763615190982818604e-01
3.923449516296386719e-01
3.925143182277679443e-01
4.029915928840637207e-01
3.895122110843658447e-01
4.147404730319976807e-01
4.114975929260253906e-01
4.216304421424865723e-01
4.172134995460510254e-01
4.009140431880950928e-01
3.963760733604431152e-01
3.752041757106781006e-01
3.972108960151672363e-01
3.886050581932067871e-01
4.021458923816680908e-01
4.000239670276641846e-01
3.970109224319458008e-01
4.020830690860748291e-01
4.014406800270080566e-01
4.040889143943786621e-01
3.958256244659423828e-01
3.952265977859497070e-01
3.996098637580871582e-01
3.943666815757751465e-01
3.943791389465332031e-01
3.771810829639434814e-01
3.897468745708465576e-01
3.925136327743530273e-01
3.945494294166564941e-01
3.952748179435729980e-01
3.967792987823486328e-01
3.907960653305053711e-01
3.757056891918182373e-01
3.537730574607849121e-01
3.382761478424072266e-01
3.785754442214965820e-01
3.559519946575164795e-01
3.623927235603332520e-01
3.394886851310729980e-01
3.752878308296203613e-01
3.666965961456298828e-01
3.769046962261199951e-01
3.699136674404144287e-01
3.758155703544616699e-01
3.674088716506958008e-01
3.759590685367584229e-01
3.695439100265502930e-01
3.795557618141174316e-01
3.723337054252624512e-01
3.661410808563232422e-01
3.718377351760864258e-01
3.636569380760192871e-01
3.654808700084686279e-01
3.561096787452697754e-01
3.546603918075561523e-01
3.686140179634094238e-01
3.627318739891052246e-01
3.569300174713134766e-01
3.684573173522949219e-01
3.578830361366271973e-01
3.597433567047119141e-01
3.592901229858398438e-01
3.643646240234375000e-01
3.713238239288330078e-01
3.713530302047729492e-01
3.787288665771484375e-01
3.587175011634826660e-01
3.816849887371063232e-01
3.497602343559265137e-01
3.504869341850280762e-01
3.560848236083984375e-01
3.605927228927612305e-01
3.784870803356170654e-01
3.913469910621643066e-01
3.756105303764343262e-01
3.961959481239318848e-01
4.003216028213500977e-01
4.014200568199157715e-01
3.964676558971405029e-01
3.945960998535156250e-01
4.040657281875610352e-01
3.934989869594573975e-01
4.046226143836975098e-01
4.100500643253326416e-01
4.074692428112030029e-01
4.222191870212554932e-01
4.184315204620361328e-01
4.156428873538970947e-01
3.993046879768371582e-01
3.990796506404876709e-01
3.932495117187500000e-01
3.900765180587768555e-01
3.735953271389007568e-01
3.898682892322540283e-01
3.671040236949920654e-01
3.835543990135192871e-01
3.858901560306549072e-01
3.639795780181884766e-01
3.926108181476593018e-01
4.327828884124755859e-01
4.252496659755706787e-01
4.345221519470214844e-01
4.198368787765502930e-01
4.221166968345642090e-01
4.271586537361145020e-01
4.281993508338928223e-01
4.220962822437286377e-01
4.283768832683563232e-01
4.247571825981140137e-01
3.827744126319885254e-01
4.172576367855072021e-01
4.374920129776000977e-01
4.284092485904693604e-01
4.330660104751586914e-01
3.780402541160583496e-01
4.008569717407226562e-01
3.936991393566131592e-01
3.929727971553802490e-01
3.956401646137237549e-01
4.005980491638183594e-01
3.959992527961730957e-01
4.004819095134735107e-01
3.876134157180786133e-01
3.848339319229125977e-01
3.491067588329315186e-01
3.467402458190917969e-01
3.484512269496917725e-01
3.655196428298950195e-01
3.627872467041015625e-01
3.713210821151733398e-01
3.611356019973754883e-01
3.731971681118011475e-01
3.828343749046325684e-01
3.696500062942504883e-01
3.822905123233795166e-01
3.564068675041198730e-01
3.741313219070434570e-01
3.591465353965759277e-01
3.629517257213592529e-01
3.643324971199035645e-01
3.663196265697479248e-01
3.672628998756408691e-01
3.737503886222839355e-01
3.646311163902282715e-01
3.617684245109558105e-01
3.541821837425231934e-01
3.486372828483581543e-01
3.558027148246765137e-01
3.475049734115600586e-01
3.629261851310729980e-01
3.503856360912322998e-01
3.592651784420013428e-01
3.491283059120178223e-01
3.574500381946563721e-01
3.505079150199890137e-01
3.620101809501647949e-01
3.513534069061279297e-01
3.602649569511413574e-01
3.542821407318115234e-01
0.000000000000000000e+00
0.000000000000000000e+00
0.000000000000000000e+00
0.000000000000000000e+00
0.000000000000000000e+00
3.511474728584289551e-01
3.680843114852905273e-01
3.576686084270477295e-01
3.642396628856658936e-01
3.754198551177978516e-01
3.668126463890075684e-01
3.834401071071624756e-01
3.651524484157562256e-01
3.738922774791717529e-01
3.676670789718627930e-01
3.805195987224578857e-01
3.601785302162170410e-01
3.833282589912414551e-01
3.613542318344116211e-01
3.731048107147216797e-01
3.671243190765380859e-01
3.818264603614807129e-01
3.799006938934326172e-01
3.851171135902404785e-01
3.819162845611572266e-01
3.913452327251434326e-01
3.833125829696655273e-01
3.764010369777679443e-01
3.691952824592590332e-01
3.906649053096771240e-01
3.855776786804199219e-01
3.894449770450592041e-01
3.835842907428741455e-01
3.847658038139343262e-01
3.426072001457214355e-01
3.924665153026580811e-01
3.921796083450317383e-01
4.267175793647766113e-01
3.938502967357635498e-01
3.660554885864257812e-01
3.891572356224060059e-01
3.929582536220550537e-01
3.837755024433135986e-01
3.906648159027099609e-01
3.657620549201965332e-01
3.705626130104064941e-01
3.399442434310913086e-01
3.397174775600433350e-01
4.061571359634399414e-01
4.149353206157684326e-01
3.975071012973785400e-01
3.822486996650695801e-01
3.610299825668334961e-01
3.420768976211547852e-01
3.731735944747924805e-01
3.693759441375732422e-01
3.516730070114135742e-01
3.411664366722106934e-01
3.545991778373718262e-01
